10bis.co.il
1debit.com
3lateral.com
5nine.com
9lives.be
acronis.com
ad.nl
aips-internal.com
aips-services.com
airbnb-aws.com
airbnb.com
airbnbcitizen.com
airtable.com
algolia.net
algolianet.com
aolpublishers.com
artstation.com
asana.biz
asana.com
asana.plus
astaro.com
atairbnb.com
atl-paas.net
atlastunnel.com
av.ru
avito.ru
ayco.com
azbukavkusa.ru
base.be
berush.com
betfair.com
betfair.es
betfair.it
betfair.ro
betfair.se
binance.com
binance.org
binary.com
binaryws.com
bingo.com
bitdefender.com
bitdefender.net
bitmex.com
blockfi.com
bol.com
bol.io
braintree-api.com
braintree.tools
braintreegateway.com
braintreepayments.com
buildseries.com
builtbygirls.com
byairbnb.com
caffeine.tv
canva.cn
canva.com
cash.app
cashstaging.app
casinohuone.com
cbhq.net
certsy.com
certsynonprod.com
chime.com
chimebank.com
chimecard.com
cineramabios.nl
citymeal.com
clubhouse.com
clubhouseapi.com
cobinhood.com
coda.io
code.gov
codebig2.net
coindcx.com
comcast.com
comcast.net
compuserve.com
contact-sys.com
creditkarma.com
cubicmotion.com
cyberoam.com
cynical.com.np
cynicaltechnology.com
cynicaltechnology.com.np
dailymotion.com
dailymotionadvertising.com
das.eu
demorgen.be
devicelock.com
dh-commerce.com
dmcdn.net
dns.eu
dynoquant.com
easy.ac
eat.ch
engadget.com
eops.nl
epicgames.com
epicgames.dev
eurid.eu
exodus.com
exodus.io
fallguys.com
fanduel.com
fetlife.com
flickr.com
flocktory.com
flurry.com
fortnite.com
found.io
fullcinemas.com
gamma.be
gamma.nl
genesiscapital.com
goldman.com
goldmansachs.com
gotinder.com
grab.co
grab.com
grabpay.com
grabtaxi.com
grammarly.com
grammarly.io
grammarly.net
grammarlyaws.com
gs.com
gs.de
gsam.com
gsmarkets.at
gsmarkets.be
gsmarkets.de
gsmarkets.nl
gspublishing.com
gsselect.com
hardware.info
hitmanpro.com
honestdollar.com
hoteltonight-test.com
hr-semrush.com
huffingtonpost.ca
huffingtonpost.co.uk
huffingtonpost.co.za
huffingtonpost.com
huffingtonpost.com.au
huffingtonpost.com.mx
huffingtonpost.de
huffingtonpost.es
huffingtonpost.fr
huffingtonpost.gr
huffingtonpost.in
huffingtonpost.it
huffingtonpost.jp
huffingtonpost.kr
huffpo.net
huffpost.ca
huffpost.co.uk
huffpost.co.za
huffpost.com
huffpost.com.au
huffpost.com.mx
huffpost.de
huffpost.es
huffpost.fr
huffpost.gr
huffpost.in
huffpost.it
huffpost.jp
huffpost.kr
huffpost.net
huffpostarabi.com
huffpostbrasil.com
huffpostmaghreb.com
humo.be
hwigroup.com
hyperpure.com
hyperwallet.com
ibood.com
ibood.io
iconjob.co
igame.com
igpayment.com
ikarem.io
indeed.com
indiehackers.com
innogames.com
innogames.de
instacart.com
instacart.tools
intercomassets.com
intercomcdn.com
intergamma-test.nl
intergamma.cloud
intergamma.nl
intigriti.com
irccloud-cdn.com
irccloud.com
jellychat.com
jobapi.io
jobapi.net
joinclubhouse.com
joinverse.com
jora.com
jora.xyz
just-eat.dk
just-eat.fr
just-eat.no
justeattakeaway.com
karwei.nl
kb4compliance.com
kindredext.net
kinepolis.be
kinepolis.ch
kinepolis.com
kinepolis.fr
kinepolis.lu
kinepolis.nl
klubcinema.fr
kolikkopelit.com
krisp.ai
lahitapiola.fi
lahitapiolarahoitus.fi
landmarkcinemas.com
lazada-seller.cn
lazada.co.id
lazada.co.th
lazada.com
lazada.com.my
lazada.com.ph
lazada.sg
lazada.vn
lel.asia
lel.global
lex.co.id
lex.com.my
lex.in.th
lex.ph
lex.vn
lieferando.at
lieferando.de
lifeomic.com
lime.bike
limeinternal.com
line-apps.com
line.me
livestream.com
login.gov
lululemon.co.uk
lululemon.com
luxuryretreats.com
lyst.co
lyst.com
lystit.com
mackeeper.com
magisto.com
mail.ru
makers.com
marcus.co.uk
marcus.com
mariacasino.com
mcssl.com
mediatonic.co.uk
megatix.be
meraki.com
mi.com
miui.com
miwifi.com
mjrtheatres.com
mobilevikings.be
muscache.com
muslimpro.com
my.com
my.games
myonlinedata.net
myteksi.com
myteksi.net
napoleoncasino.be
napoleondice.be
napoleongames.be
napoleonsports.be
naver.jp
netflix.com
network-auth.com
newrelic.com
nflxext.com
nflximg.net
nflxso.net
nic.eu
nkstatic.com
nr-data.net
nr-ops.net
ok.ru
oncatapult.com
opensea.io
opera.com
opera.software
opsgeni.us
ottokasino.com
paddypower.com
paddypower.it
parool.nl
payable.com
paydiant.com
paylution.com
payoneer.com
paypal.cn
paypal.com
paypalcorp.com
periscope.tv
pexels.com
pixabay.com
platfoo.com
playmaster.gg
playstation.net
popjam.com
protrade.com
pscp.tv
psynet.gg
psyonix.com
qiwi.com
qiwi.kz
qiwi.me
quantopian.com
quantshack.com
quixel.com
quora.com
rapida.ru
rbx.com
reddit.com
redditblog.com
redditgifts.com
reddithelp.com
redditinc.com
redditmedia.com
redmart.com
reflexion.net
registry.eu
repostnetwork.com
restintergamma.nl
rivals.com
roblox.com
rocketleague.com
rockstargames.com
rockstarnorth.com
rukkaz.com
runnr.in
runpanther.com
runpanther.io
ryot.org
s-bol.com
scatec.io
scoober.com
scopely.com
scopely.io
search.gov
sec-tunnel.com
secnews.gr
seek.com
seek.com.au
sellerly.com
sellzone.com
semrush.com
semrush.net
semrushchina.cn
sentiance.com
seoab.io
seoquake.com
shipt.com
shopify.com
shopifycloud.com
shopifykloud.com
sketchfab.com
skinfra.xyz
skyscanner.net
smartmockups.com
snooguts.net
sol-data.com
solarcity.com
sonyentertainmentnetwork.com
sophos.com
soundcloud.com
soundcloud.org
spotify.com
spotify.net
spotifyforbrands.com
sqills.com
square.com
squareup.com
staging-airtableblocks.com
starlink.com
starlinkisp.net
storspelare.se
storspiller.com
streamlabs.com
stripe.com
superawesome.com
superawesome.tv
supertms.com
swiftype.com
takeaway.com
takeawayriders.com
tapiola.fi
techcrunch.com
telenet.be
telenethotspot.be
tesla.cn
tesla.com
tesla.services
teslainsuranceservices.com
teslamotors.com
thuisbezorgd.nl
tiktok.com
tiktokv.com
tinder.com
tinderops.net
tinderwebstaging.com
tochka-tech.com
tochka.com
touchtechpayments.com
trafficfactory.biz
trello.com
trello.services
trouw.nl
tstaging.com
tstaging.tools
twilio.com
twimg.com
twitter.com
twitterflightschool.com
uber.com
ubnt.com
ui.com
unibet.com
unrealengine.com
unrealtournament.com
uphold.com
usa.gov
venmo.com
verizondigitalmedia.com
verse.events
verse.me
vine.co
vladcazino.ro
volkskrant.nl
vtm.be
vtmgo.be
whois.eu
withairbnb.com
withbuddies.com
worki.ru
xfinity.com
xfiplatform.com
xiaomi.com
xiaomiyoupin.com
xoom.com
xvservice.net
xvtest.net
yadifa.eu
yahoo.com
yahooapis.com
yelo.be
yeloplay.be
yourdelivery.de
yoyogames.com
zdev.net
zomans.com
zomato.com
