https://app.bugv.io/researcher/program/0000006/detail
https://app.intigriti.com/researcher/programs/Uphold/upholdcom/detail
https://app.intigriti.com/researcher/programs/dpgm/algemeendagblad/detail
https://app.intigriti.com/researcher/programs/dpgm/demorgen/detail
https://app.intigriti.com/researcher/programs/dpgm/devolkskrant/detail
https://app.intigriti.com/researcher/programs/dpgm/hardwareinfo/detail
https://app.intigriti.com/researcher/programs/dpgm/hetparool/detail
https://app.intigriti.com/researcher/programs/dpgm/humo/detail
https://app.intigriti.com/researcher/programs/dpgm/trouw/detail
https://app.intigriti.com/researcher/programs/dpgm/vtmgo/detail
https://app.intigriti.com/researcher/programs/eurid/eurid/detail
https://app.intigriti.com/researcher/programs/hucklu/napoleongames/detail
https://app.intigriti.com/researcher/programs/iboodcom/iboodcom/detail
https://app.intigriti.com/researcher/programs/innogames/innogames/detail
https://app.intigriti.com/researcher/programs/intergamma/intergamma/detail
https://app.intigriti.com/researcher/programs/kinepolis/website/detail
https://app.intigriti.com/researcher/programs/mv/mobilevikings/detail
https://app.intigriti.com/researcher/programs/sentiance/sentiance/detail
https://app.intigriti.com/researcher/programs/sqills/sqillscorporatewebsite/detail
https://bugcrowd.com/asana
https://bugcrowd.com/atlassian
https://bugcrowd.com/avito
https://bugcrowd.com/backblaze
https://bugcrowd.com/binance
https://bugcrowd.com/bitdefender
https://bugcrowd.com/caffeine
https://bugcrowd.com/canva
https://bugcrowd.com/cashapp
https://bugcrowd.com/ciscomeraki
https://bugcrowd.com/coindcx-og
https://bugcrowd.com/comcastvdp
https://bugcrowd.com/expressvpn
https://bugcrowd.com/indeed
https://bugcrowd.com/intercom
https://bugcrowd.com/jora
https://bugcrowd.com/lime
https://bugcrowd.com/lululemon
https://bugcrowd.com/netflix
https://bugcrowd.com/opera
https://bugcrowd.com/opsgenie
https://bugcrowd.com/pexels
https://bugcrowd.com/pixabay
https://bugcrowd.com/seek
https://bugcrowd.com/shoppingcart
https://bugcrowd.com/skyscanner
https://bugcrowd.com/smartmockups
https://bugcrowd.com/sophos
https://bugcrowd.com/soundcloud
https://bugcrowd.com/spacex
https://bugcrowd.com/square
https://bugcrowd.com/takeaway
https://bugcrowd.com/tesla
https://bugcrowd.com/trello
https://bugcrowd.com/twilio
https://bugcrowd.com/xfinity-home
https://hackerone.com/acronis
https://hackerone.com/airbnb
https://hackerone.com/airtable
https://hackerone.com/algolia
https://hackerone.com/av
https://hackerone.com/binary
https://hackerone.com/bitmex
https://hackerone.com/blockfi
https://hackerone.com/chime
https://hackerone.com/clario
https://hackerone.com/clubhouse
https://hackerone.com/cobinhood
https://hackerone.com/coda_bbp
https://hackerone.com/coinbase
https://hackerone.com/creditkarma
https://hackerone.com/elastic
https://hackerone.com/epicgames
https://hackerone.com/exodus
https://hackerone.com/fanduel
https://hackerone.com/fetlife
https://hackerone.com/flickr
https://hackerone.com/goldmansachs
https://hackerone.com/grab
https://hackerone.com/grammarly
https://hackerone.com/gsa_bbp
https://hackerone.com/instacart_bbp
https://hackerone.com/irccloud
https://hackerone.com/kindred_group
https://hackerone.com/krisp
https://hackerone.com/lifeomic
https://hackerone.com/line
https://hackerone.com/livestream
https://hackerone.com/localtapiola
https://hackerone.com/logitech
https://hackerone.com/lyst
https://hackerone.com/magisto
https://hackerone.com/mailru
https://hackerone.com/newrelic
https://hackerone.com/ninja-kiwi
https://hackerone.com/ok
https://hackerone.com/opensea
https://hackerone.com/paddypowerbetfair
https://hackerone.com/panther_labs
https://hackerone.com/payoneer
https://hackerone.com/paypal
https://hackerone.com/playstation
https://hackerone.com/qiwi
https://hackerone.com/quantopian
https://hackerone.com/quora
https://hackerone.com/racing
https://hackerone.com/reddit
https://hackerone.com/roblox
https://hackerone.com/rockstargames
https://hackerone.com/scopely
https://hackerone.com/secnews
https://hackerone.com/semrush
https://hackerone.com/shipt
https://hackerone.com/shopify
https://hackerone.com/showmax
https://hackerone.com/spotify
https://hackerone.com/stripe
https://hackerone.com/tiktok
https://hackerone.com/tinder
https://hackerone.com/trafficfactory
https://hackerone.com/tts
https://hackerone.com/twitter
https://hackerone.com/uber
https://hackerone.com/ui
https://hackerone.com/verizonmedia
https://hackerone.com/xiaomi
https://hackerone.com/zomato
https://www.intigriti.com/programs/intigriti/intigriti/detail
https://www.intigriti.com/researcher/programs/telenet/telenetgroup/detail
https://yeswehack.com/programs/dailymotion-public-bug-bounty
https://yeswehack.com/programs/lazada
https://yeswehack.com/programs/muslim-pro
