0	zero byte favicon	https://bsc-dataseed.binance.org:443/
0	zero byte favicon	https://bsc-dataseed1.binance.org:443/
0	zero byte favicon	https://bsc-dataseed2.binance.org:443/
0	zero byte favicon	https://bsc-dataseed3.binance.org:443/
0	zero byte favicon	https://bsc-dataseed4.binance.org/
0	zero byte favicon	https://bsc-dataseed4.binance.org:443/
0	zero byte favicon	https://bsc-test.binance.org:443/
116323821	springboot	http://testnet-ud.binance.org:80/
116323821	springboot	http://ud.binance.org:80/
116323821	springboot	https://testnet-ud.binance.org:443/
116323821	springboot	https://ud.binance.org:443/
d41d8cd98f00b204e9800998ecf8427e	zero byte favicon	https://bsc-dataseed.binance.org:443/
d41d8cd98f00b204e9800998ecf8427e	zero byte favicon	https://bsc-dataseed1.binance.org:443/
d41d8cd98f00b204e9800998ecf8427e	zero byte favicon	https://bsc-dataseed2.binance.org:443/
d41d8cd98f00b204e9800998ecf8427e	zero byte favicon	https://bsc-dataseed3.binance.org:443/
d41d8cd98f00b204e9800998ecf8427e	zero byte favicon	https://bsc-dataseed4.binance.org/
d41d8cd98f00b204e9800998ecf8427e	zero byte favicon	https://bsc-dataseed4.binance.org:443/
d41d8cd98f00b204e9800998ecf8427e	zero byte favicon	https://bsc-test.binance.org:443/
e71ed563d9c0742ee87ad93ec1a22238	springboot	http://testnet-ud.binance.org:80/
e71ed563d9c0742ee87ad93ec1a22238	springboot	http://ud.binance.org:80/
e71ed563d9c0742ee87ad93ec1a22238	springboot	https://testnet-ud.binance.org:443/
e71ed563d9c0742ee87ad93ec1a22238	springboot	https://ud.binance.org:443/
