0	zero byte favicon	https://analytics-prod-ap-southeast-2.production.braintree-api.com:443/
0	zero byte favicon	https://analytics-prod-eu-central-1.production.braintree-api.com:443/
0	zero byte favicon	https://analytics-prod-us-east-2.production.braintree-api.com:443/
0	zero byte favicon	https://analytics-prod-us-west-2.production.braintree-api.com:443/
0	zero byte favicon	https://analytics-qa-eu-central-1.dev.braintree-api.com:443/
0	zero byte favicon	https://application-inventory-qa-us-east-2.dev.braintree-api.com:443/
0	zero byte favicon	https://application-inventory-qa-us-west-2.dev.braintree-api.com:443/
0	zero byte favicon	https://arbiter-kubernetes-qa-us-west-2.dev.braintree-api.com/
0	zero byte favicon	https://arbiter-kubernetes-qa-us-west-2.dev.braintree-api.com:443/
0	zero byte favicon	https://arbiter-kubernetes-sand-us-west-2.sandbox.braintree-api.com/
0	zero byte favicon	https://arbiter-kubernetes-sand-us-west-2.sandbox.braintree-api.com:443/
0	zero byte favicon	https://billing-registration-prod-us-west-2.production.braintree-api.com:443/
0	zero byte favicon	https://disputes-panel-prod-us-west-2.production.braintree-api.com:443/
0	zero byte favicon	https://disputes-panel-sand-us-west-2.sandbox.braintree-api.com:443/
0	zero byte favicon	https://localpay-checkout-test.sandbox.braintree-api.com/
0	zero byte favicon	https://localpay-checkout-test.sandbox.braintree-api.com:443/
0	zero byte favicon	https://localpay-checkout.sandbox.braintree-api.com/
0	zero byte favicon	https://localpay-checkout.sandbox.braintree-api.com:443/
0	zero byte favicon	https://login-qa-us-east-1.dev.braintree-api.com:443/
0	zero byte favicon	https://login-qa.dev.braintree-api.com:443/
0	zero byte favicon	https://origin-analytics-prod.production.braintree-api.com/
0	zero byte favicon	https://origin-analytics-prod.production.braintree-api.com:443/
0	zero byte favicon	https://origin-analytics-qa.dev.braintree-api.com:443/
0	zero byte favicon	https://origin-analytics-sand.sandbox.braintree-api.com:443/
d41d8cd98f00b204e9800998ecf8427e	zero byte favicon	https://analytics-prod-ap-southeast-2.production.braintree-api.com:443/
d41d8cd98f00b204e9800998ecf8427e	zero byte favicon	https://analytics-prod-eu-central-1.production.braintree-api.com:443/
d41d8cd98f00b204e9800998ecf8427e	zero byte favicon	https://analytics-prod-us-east-2.production.braintree-api.com:443/
d41d8cd98f00b204e9800998ecf8427e	zero byte favicon	https://analytics-prod-us-west-2.production.braintree-api.com:443/
d41d8cd98f00b204e9800998ecf8427e	zero byte favicon	https://analytics-qa-eu-central-1.dev.braintree-api.com:443/
d41d8cd98f00b204e9800998ecf8427e	zero byte favicon	https://application-inventory-qa-us-east-2.dev.braintree-api.com:443/
d41d8cd98f00b204e9800998ecf8427e	zero byte favicon	https://application-inventory-qa-us-west-2.dev.braintree-api.com:443/
d41d8cd98f00b204e9800998ecf8427e	zero byte favicon	https://arbiter-kubernetes-qa-us-west-2.dev.braintree-api.com/
d41d8cd98f00b204e9800998ecf8427e	zero byte favicon	https://arbiter-kubernetes-qa-us-west-2.dev.braintree-api.com:443/
d41d8cd98f00b204e9800998ecf8427e	zero byte favicon	https://arbiter-kubernetes-sand-us-west-2.sandbox.braintree-api.com/
d41d8cd98f00b204e9800998ecf8427e	zero byte favicon	https://arbiter-kubernetes-sand-us-west-2.sandbox.braintree-api.com:443/
d41d8cd98f00b204e9800998ecf8427e	zero byte favicon	https://billing-registration-prod-us-west-2.production.braintree-api.com:443/
d41d8cd98f00b204e9800998ecf8427e	zero byte favicon	https://disputes-panel-prod-us-west-2.production.braintree-api.com:443/
d41d8cd98f00b204e9800998ecf8427e	zero byte favicon	https://disputes-panel-sand-us-west-2.sandbox.braintree-api.com:443/
d41d8cd98f00b204e9800998ecf8427e	zero byte favicon	https://localpay-checkout-test.sandbox.braintree-api.com/
d41d8cd98f00b204e9800998ecf8427e	zero byte favicon	https://localpay-checkout-test.sandbox.braintree-api.com:443/
d41d8cd98f00b204e9800998ecf8427e	zero byte favicon	https://localpay-checkout.sandbox.braintree-api.com/
d41d8cd98f00b204e9800998ecf8427e	zero byte favicon	https://localpay-checkout.sandbox.braintree-api.com:443/
d41d8cd98f00b204e9800998ecf8427e	zero byte favicon	https://login-prod.production.braintree-api.com:443/
d41d8cd98f00b204e9800998ecf8427e	zero byte favicon	https://login-qa-us-east-1.dev.braintree-api.com:443/
d41d8cd98f00b204e9800998ecf8427e	zero byte favicon	https://login-qa.dev.braintree-api.com:443/
d41d8cd98f00b204e9800998ecf8427e	zero byte favicon	https://origin-analytics-prod.production.braintree-api.com/
d41d8cd98f00b204e9800998ecf8427e	zero byte favicon	https://origin-analytics-prod.production.braintree-api.com:443/
d41d8cd98f00b204e9800998ecf8427e	zero byte favicon	https://origin-analytics-qa.dev.braintree-api.com:443/
d41d8cd98f00b204e9800998ecf8427e	zero byte favicon	https://origin-analytics-sand.sandbox.braintree-api.com:443/
