-1249852061	microsoft outlook	http://autodiscover.dailymotion.com:80/
-1249852061	microsoft outlook	http://autodiscover.service.dailymotion.com:80/
-1279294674	zendesk-support	http://faq.dailymotion.com/
-1279294674	zendesk-support	http://faq.dailymotion.com:80/
-1279294674	zendesk-support	https://faq.dailymotion.com/
-1279294674	zendesk-support	https://faq.dailymotion.com:443/
0	zero byte favicon	http://am-01.dc3.dailymotion.com/
0	zero byte favicon	http://am-01.dc3.dailymotion.com:80/
0	zero byte favicon	http://am-01.ix7.dailymotion.com/
0	zero byte favicon	http://am-01.ix7.dailymotion.com:80/
0	zero byte favicon	http://am-02.dc3.dailymotion.com/
0	zero byte favicon	http://am-02.dc3.dailymotion.com:80/
0	zero byte favicon	http://am-02.ix7.dailymotion.com/
0	zero byte favicon	http://am-02.ix7.dailymotion.com:80/
0	zero byte favicon	http://o.update.dailymotion.com/
0	zero byte favicon	http://o.update.dailymotion.com:80/
0	zero byte favicon	http://p.update.dailymotion.com/
0	zero byte favicon	http://p.update.dailymotion.com:80/
0	zero byte favicon	http://post.update.dailymotion.com/
0	zero byte favicon	http://post.update.dailymotion.com:80/
0	zero byte favicon	http://s.update.dailymotion.com/
0	zero byte favicon	http://s.update.dailymotion.com:80/
0	zero byte favicon	http://u.update.dailymotion.com/
0	zero byte favicon	http://u.update.dailymotion.com:80/
0	zero byte favicon	http://update.dailymotion.com/
0	zero byte favicon	http://update.dailymotion.com:80/
0	zero byte favicon	https://am-01.dc3.dailymotion.com/
0	zero byte favicon	https://am-01.dc3.dailymotion.com:443/
0	zero byte favicon	https://am-01.dc3.dailymotion.com:4443/
0	zero byte favicon	https://am-01.ix7.dailymotion.com/
0	zero byte favicon	https://am-01.ix7.dailymotion.com:443/
0	zero byte favicon	https://am-01.ix7.dailymotion.com:4443/
0	zero byte favicon	https://am-02.dc3.dailymotion.com/
0	zero byte favicon	https://am-02.dc3.dailymotion.com:443/
0	zero byte favicon	https://am-02.dc3.dailymotion.com:4443/
0	zero byte favicon	https://am-02.ix7.dailymotion.com/
0	zero byte favicon	https://am-02.ix7.dailymotion.com:443/
0	zero byte favicon	https://am-02.ix7.dailymotion.com:4443/
0	zero byte favicon	https://dmxleo.dailymotion.com/
0	zero byte favicon	https://dmxleo.dailymotion.com:443/
0	zero byte favicon	https://geoip.dc3.dailymotion.com:443/
0	zero byte favicon	https://grafana.gcp.dailymotion.com:443/
0	zero byte favicon	https://o.update.dailymotion.com/
0	zero byte favicon	https://o.update.dailymotion.com:443/
0	zero byte favicon	https://p.update.dailymotion.com/
0	zero byte favicon	https://p.update.dailymotion.com:443/
0	zero byte favicon	https://post.update.dailymotion.com/
0	zero byte favicon	https://post.update.dailymotion.com:443/
0	zero byte favicon	https://s.update.dailymotion.com/
0	zero byte favicon	https://s.update.dailymotion.com:443/
0	zero byte favicon	https://u.update.dailymotion.com/
0	zero byte favicon	https://u.update.dailymotion.com:443/
0	zero byte favicon	https://update.dailymotion.com/
0	zero byte favicon	https://update.dailymotion.com:443/
1f2804bd63515db219aeea50f61df277	zendesk-support	http://faq.dailymotion.com/
1f2804bd63515db219aeea50f61df277	zendesk-support	http://faq.dailymotion.com:80/
1f2804bd63515db219aeea50f61df277	zendesk-support	https://faq.dailymotion.com/
1f2804bd63515db219aeea50f61df277	zendesk-support	https://faq.dailymotion.com:443/
d41d8cd98f00b204e9800998ecf8427e	zero byte favicon	http://am-01.dc3.dailymotion.com/
d41d8cd98f00b204e9800998ecf8427e	zero byte favicon	http://am-01.dc3.dailymotion.com:80/
d41d8cd98f00b204e9800998ecf8427e	zero byte favicon	http://am-01.ix7.dailymotion.com/
d41d8cd98f00b204e9800998ecf8427e	zero byte favicon	http://am-01.ix7.dailymotion.com:80/
d41d8cd98f00b204e9800998ecf8427e	zero byte favicon	http://am-02.dc3.dailymotion.com/
d41d8cd98f00b204e9800998ecf8427e	zero byte favicon	http://am-02.dc3.dailymotion.com:80/
d41d8cd98f00b204e9800998ecf8427e	zero byte favicon	http://am-02.ix7.dailymotion.com/
d41d8cd98f00b204e9800998ecf8427e	zero byte favicon	http://am-02.ix7.dailymotion.com:80/
d41d8cd98f00b204e9800998ecf8427e	zero byte favicon	http://o.update.dailymotion.com/
d41d8cd98f00b204e9800998ecf8427e	zero byte favicon	http://o.update.dailymotion.com:80/
d41d8cd98f00b204e9800998ecf8427e	zero byte favicon	http://p.update.dailymotion.com/
d41d8cd98f00b204e9800998ecf8427e	zero byte favicon	http://p.update.dailymotion.com:80/
d41d8cd98f00b204e9800998ecf8427e	zero byte favicon	http://post.update.dailymotion.com/
d41d8cd98f00b204e9800998ecf8427e	zero byte favicon	http://post.update.dailymotion.com:80/
d41d8cd98f00b204e9800998ecf8427e	zero byte favicon	http://s.update.dailymotion.com/
d41d8cd98f00b204e9800998ecf8427e	zero byte favicon	http://s.update.dailymotion.com:80/
d41d8cd98f00b204e9800998ecf8427e	zero byte favicon	http://u.update.dailymotion.com/
d41d8cd98f00b204e9800998ecf8427e	zero byte favicon	http://u.update.dailymotion.com:80/
d41d8cd98f00b204e9800998ecf8427e	zero byte favicon	http://update.dailymotion.com/
d41d8cd98f00b204e9800998ecf8427e	zero byte favicon	http://update.dailymotion.com:80/
d41d8cd98f00b204e9800998ecf8427e	zero byte favicon	https://am-01.dc3.dailymotion.com/
d41d8cd98f00b204e9800998ecf8427e	zero byte favicon	https://am-01.dc3.dailymotion.com:443/
d41d8cd98f00b204e9800998ecf8427e	zero byte favicon	https://am-01.dc3.dailymotion.com:4443/
d41d8cd98f00b204e9800998ecf8427e	zero byte favicon	https://am-01.ix7.dailymotion.com/
d41d8cd98f00b204e9800998ecf8427e	zero byte favicon	https://am-01.ix7.dailymotion.com:443/
d41d8cd98f00b204e9800998ecf8427e	zero byte favicon	https://am-01.ix7.dailymotion.com:4443/
d41d8cd98f00b204e9800998ecf8427e	zero byte favicon	https://am-02.dc3.dailymotion.com/
d41d8cd98f00b204e9800998ecf8427e	zero byte favicon	https://am-02.dc3.dailymotion.com:443/
d41d8cd98f00b204e9800998ecf8427e	zero byte favicon	https://am-02.dc3.dailymotion.com:4443/
d41d8cd98f00b204e9800998ecf8427e	zero byte favicon	https://am-02.ix7.dailymotion.com/
d41d8cd98f00b204e9800998ecf8427e	zero byte favicon	https://am-02.ix7.dailymotion.com:443/
d41d8cd98f00b204e9800998ecf8427e	zero byte favicon	https://am-02.ix7.dailymotion.com:4443/
d41d8cd98f00b204e9800998ecf8427e	zero byte favicon	https://dmxleo.dailymotion.com/
d41d8cd98f00b204e9800998ecf8427e	zero byte favicon	https://dmxleo.dailymotion.com:443/
d41d8cd98f00b204e9800998ecf8427e	zero byte favicon	https://geoip.dc3.dailymotion.com:443/
d41d8cd98f00b204e9800998ecf8427e	zero byte favicon	https://grafana.gcp.dailymotion.com:443/
d41d8cd98f00b204e9800998ecf8427e	zero byte favicon	https://o.update.dailymotion.com/
d41d8cd98f00b204e9800998ecf8427e	zero byte favicon	https://o.update.dailymotion.com:443/
d41d8cd98f00b204e9800998ecf8427e	zero byte favicon	https://p.update.dailymotion.com/
d41d8cd98f00b204e9800998ecf8427e	zero byte favicon	https://p.update.dailymotion.com:443/
d41d8cd98f00b204e9800998ecf8427e	zero byte favicon	https://post.update.dailymotion.com/
d41d8cd98f00b204e9800998ecf8427e	zero byte favicon	https://post.update.dailymotion.com:443/
d41d8cd98f00b204e9800998ecf8427e	zero byte favicon	https://s.update.dailymotion.com/
d41d8cd98f00b204e9800998ecf8427e	zero byte favicon	https://s.update.dailymotion.com:443/
d41d8cd98f00b204e9800998ecf8427e	zero byte favicon	https://u.update.dailymotion.com/
d41d8cd98f00b204e9800998ecf8427e	zero byte favicon	https://u.update.dailymotion.com:443/
d41d8cd98f00b204e9800998ecf8427e	zero byte favicon	https://update.dailymotion.com/
d41d8cd98f00b204e9800998ecf8427e	zero byte favicon	https://update.dailymotion.com:443/
