-1279294674	zendesk-support	http://food-merchant-help.grab.com/
-1279294674	zendesk-support	http://food-merchant-help.grab.com:80/
-1279294674	zendesk-support	https://food-merchant-help.grab.com/
-1279294674	zendesk-support	https://food-merchant-help.grab.com:443/
-305179312	atlassian – confluence	http://wiki.grab.com/
-305179312	atlassian – confluence	http://wiki.grab.com:80/
-305179312	atlassian – confluence	https://wiki.grab.com/
-305179312	atlassian – confluence	https://wiki.grab.com:443/
0	zero byte favicon	http://dax.grab.com:80/
0	zero byte favicon	http://enterprise.grab.com/
0	zero byte favicon	http://enterprise.grab.com:80/
0	zero byte favicon	http://pax.grab.com:80/
0	zero byte favicon	https://dax.grab.com:443/
0	zero byte favicon	https://enterprise.grab.com/
0	zero byte favicon	https://enterprise.grab.com:443/
0	zero byte favicon	https://pax.grab.com:443/
1433417005	salesforce	http://grabcentral.grab.com/
1433417005	salesforce	https://grabcentral.grab.com/
1772087922	asp.net favicon	http://vn.invoice.grab.com:80/
1772087922	asp.net favicon	http://vninvoice.ext.grab.com:80/
1772087922	asp.net favicon	https://vn.invoice.grab.com:443/
1772087922	asp.net favicon	https://vninvoice.ext.grab.com:443/
1f2804bd63515db219aeea50f61df277	zendesk-support	http://food-merchant-help.grab.com/
1f2804bd63515db219aeea50f61df277	zendesk-support	http://food-merchant-help.grab.com:80/
1f2804bd63515db219aeea50f61df277	zendesk-support	https://food-merchant-help.grab.com/
1f2804bd63515db219aeea50f61df277	zendesk-support	https://food-merchant-help.grab.com:443/
855273746	jira	http://jira.grab.com/
855273746	jira	http://jira.grab.com:80/
855273746	jira	https://jira.grab.com/
855273746	jira	https://jira.grab.com:443/
b0d1844949fe7dcdf210983feb285241	aspnet	http://vn.invoice.grab.com:80/
b0d1844949fe7dcdf210983feb285241	aspnet	http://vninvoice.ext.grab.com:80/
b0d1844949fe7dcdf210983feb285241	aspnet	https://vn.invoice.grab.com:443/
b0d1844949fe7dcdf210983feb285241	aspnet	https://vninvoice.ext.grab.com:443/
d41d8cd98f00b204e9800998ecf8427e	zero byte favicon	http://dax.grab.com:80/
d41d8cd98f00b204e9800998ecf8427e	zero byte favicon	http://enterprise.grab.com/
d41d8cd98f00b204e9800998ecf8427e	zero byte favicon	http://enterprise.grab.com:80/
d41d8cd98f00b204e9800998ecf8427e	zero byte favicon	http://pax.grab.com:80/
d41d8cd98f00b204e9800998ecf8427e	zero byte favicon	https://dax.grab.com:443/
d41d8cd98f00b204e9800998ecf8427e	zero byte favicon	https://enterprise.grab.com/
d41d8cd98f00b204e9800998ecf8427e	zero byte favicon	https://enterprise.grab.com:443/
d41d8cd98f00b204e9800998ecf8427e	zero byte favicon	https://pax.grab.com:443/
