-1590483069	huffpost	http://huffingtonpost.es/
-1590483069	huffpost	http://m.huffingtonpost.es/
-1590483069	huffpost	http://qa.m.huffingtonpost.es/
-1590483069	huffpost	http://qa.www.huffingtonpost.es/
-1590483069	huffpost	http://staging.m.huffingtonpost.es/
-1590483069	huffpost	http://staging.www.huffingtonpost.es/
-1590483069	huffpost	http://www.huffingtonpost.es/
-1590483069	huffpost	https://beta.www.huffingtonpost.es/
-1590483069	huffpost	https://chaski.huffingtonpost.es/
-1590483069	huffpost	https://huffingtonpost.es/
-1590483069	huffpost	https://m.beta.www.huffingtonpost.es/
-1590483069	huffpost	https://m.huffingtonpost.es/
-1590483069	huffpost	https://qa.m.huffingtonpost.es/
-1590483069	huffpost	https://qa.www.huffingtonpost.es/
-1590483069	huffpost	https://staging.m.huffingtonpost.es/
-1590483069	huffpost	https://staging.www.huffingtonpost.es/
-1590483069	huffpost	https://www.huffingtonpost.es/
124c65dc7ab3ab8d814fbcfd6fc68fc6	huffpost	http://huffingtonpost.es/
124c65dc7ab3ab8d814fbcfd6fc68fc6	huffpost	http://m.huffingtonpost.es/
124c65dc7ab3ab8d814fbcfd6fc68fc6	huffpost	http://qa.m.huffingtonpost.es/
124c65dc7ab3ab8d814fbcfd6fc68fc6	huffpost	http://qa.www.huffingtonpost.es/
124c65dc7ab3ab8d814fbcfd6fc68fc6	huffpost	http://staging.m.huffingtonpost.es/
124c65dc7ab3ab8d814fbcfd6fc68fc6	huffpost	http://staging.www.huffingtonpost.es/
124c65dc7ab3ab8d814fbcfd6fc68fc6	huffpost	http://www.huffingtonpost.es/
124c65dc7ab3ab8d814fbcfd6fc68fc6	huffpost	https://beta.www.huffingtonpost.es/
124c65dc7ab3ab8d814fbcfd6fc68fc6	huffpost	https://chaski.huffingtonpost.es/
124c65dc7ab3ab8d814fbcfd6fc68fc6	huffpost	https://huffingtonpost.es/
124c65dc7ab3ab8d814fbcfd6fc68fc6	huffpost	https://m.beta.www.huffingtonpost.es/
124c65dc7ab3ab8d814fbcfd6fc68fc6	huffpost	https://m.huffingtonpost.es/
124c65dc7ab3ab8d814fbcfd6fc68fc6	huffpost	https://qa.m.huffingtonpost.es/
124c65dc7ab3ab8d814fbcfd6fc68fc6	huffpost	https://qa.www.huffingtonpost.es/
124c65dc7ab3ab8d814fbcfd6fc68fc6	huffpost	https://staging.m.huffingtonpost.es/
124c65dc7ab3ab8d814fbcfd6fc68fc6	huffpost	https://staging.www.huffingtonpost.es/
124c65dc7ab3ab8d814fbcfd6fc68fc6	huffpost	https://www.huffingtonpost.es/
