-1279294674	zendesk-support	http://help.indeed.com/
-1279294674	zendesk-support	http://indeedhire-employer.indeed.com/
-1279294674	zendesk-support	http://indeedhire-jobseeker.indeed.com/
-1279294674	zendesk-support	http://support.indeed.com/
-1279294674	zendesk-support	https://help.indeed.com/
-1279294674	zendesk-support	https://indeedhire-employer.indeed.com/
-1279294674	zendesk-support	https://indeedhire-jobseeker.indeed.com/
-1279294674	zendesk-support	https://support.indeed.com/
-1441956789	tableau	http://tableau-stage.corp.indeed.com/
-1441956789	tableau	https://tableau-stage.corp.indeed.com/
0	zero byte favicon	http://refer.indeed.com/
0	zero byte favicon	https://refer.indeed.com/
1f2804bd63515db219aeea50f61df277	zendesk-support	http://help.indeed.com/
1f2804bd63515db219aeea50f61df277	zendesk-support	http://indeedhire-employer.indeed.com/
1f2804bd63515db219aeea50f61df277	zendesk-support	http://indeedhire-jobseeker.indeed.com/
1f2804bd63515db219aeea50f61df277	zendesk-support	http://support.indeed.com/
1f2804bd63515db219aeea50f61df277	zendesk-support	https://help.indeed.com/
1f2804bd63515db219aeea50f61df277	zendesk-support	https://indeedhire-employer.indeed.com/
1f2804bd63515db219aeea50f61df277	zendesk-support	https://indeedhire-jobseeker.indeed.com/
1f2804bd63515db219aeea50f61df277	zendesk-support	https://support.indeed.com/
d41d8cd98f00b204e9800998ecf8427e	zero byte favicon	http://refer.indeed.com/
d41d8cd98f00b204e9800998ecf8427e	zero byte favicon	https://refer.indeed.com/
