-903707947	instacart	http://cfalternate.customers.dev.instacart.tools/
-903707947	instacart	http://customers.dev.instacart.tools:80/
-903707947	instacart	http://pbis.dev.instacart.tools:80/
-903707947	instacart	https://cfalternate.customers.dev.instacart.tools/
-903707947	instacart	https://customers.dev.instacart.tools:443/
-903707947	instacart	https://pbis.dev.instacart.tools:443/
0	zero byte favicon	http://experiments.instacart.tools:80/
0	zero byte favicon	http://tools-auth.instacart.tools/
0	zero byte favicon	http://tux.instacart.tools:80/
0	zero byte favicon	https://experiments.instacart.tools:443/
0	zero byte favicon	https://tools-auth.instacart.tools/
0	zero byte favicon	https://tux.instacart.tools:443/
396533629	openvpn	https://node0.vpn.instacart.tools:443/
396533629	openvpn	https://node1.vpn.instacart.tools:443/
396533629	openvpn	https://node2.vpn.instacart.tools:443/
396533629	openvpn	https://node3.vpn.instacart.tools:443/
396533629	openvpn	https://node4.vpn.instacart.tools:443/
396533629	openvpn	https://vpn-beta.instacart.tools/
396533629	openvpn	https://vpn-beta.instacart.tools:443/
396533629	openvpn	https://vpn.instacart.tools/
396533629	openvpn	https://vpn.instacart.tools:443/
66fb14c8d3fbf1e749b5121f9730a885	instacart	http://cfalternate.customers.dev.instacart.tools/
66fb14c8d3fbf1e749b5121f9730a885	instacart	http://customers.dev.instacart.tools:80/
66fb14c8d3fbf1e749b5121f9730a885	instacart	http://pbis.dev.instacart.tools:80/
66fb14c8d3fbf1e749b5121f9730a885	instacart	https://cfalternate.customers.dev.instacart.tools/
66fb14c8d3fbf1e749b5121f9730a885	instacart	https://customers.dev.instacart.tools:443/
66fb14c8d3fbf1e749b5121f9730a885	instacart	https://pbis.dev.instacart.tools:443/
d41d8cd98f00b204e9800998ecf8427e	zero byte favicon	http://experiments.instacart.tools:80/
d41d8cd98f00b204e9800998ecf8427e	zero byte favicon	http://tools-auth.instacart.tools/
d41d8cd98f00b204e9800998ecf8427e	zero byte favicon	http://tux.instacart.tools:80/
d41d8cd98f00b204e9800998ecf8427e	zero byte favicon	https://experiments.instacart.tools:443/
d41d8cd98f00b204e9800998ecf8427e	zero byte favicon	https://tools-auth.instacart.tools/
d41d8cd98f00b204e9800998ecf8427e	zero byte favicon	https://tux.instacart.tools:443/
