0	zero byte favicon	http://booking-id.lazada.com/
0	zero byte favicon	http://booking-my.lazada.com/
0	zero byte favicon	http://booking-ph.lazada.com/
0	zero byte favicon	http://booking-sg.lazada.com/
0	zero byte favicon	http://booking-th.lazada.com/
0	zero byte favicon	http://booking-vn.lazada.com/
0	zero byte favicon	http://openaccount.lazada.com/
0	zero byte favicon	http://watch.lazada.com/
0	zero byte favicon	http://watch.lazada.com:88/
0	zero byte favicon	https://booking-id.lazada.com/
0	zero byte favicon	https://booking-my.lazada.com/
0	zero byte favicon	https://booking-ph.lazada.com/
0	zero byte favicon	https://booking-sg.lazada.com/
0	zero byte favicon	https://booking-th.lazada.com/
0	zero byte favicon	https://booking-vn.lazada.com/
0	zero byte favicon	https://openaccount.lazada.com/
0	zero byte favicon	https://watch.lazada.com/
116323821	springboot	http://ascp-optimize.lazada.com/
116323821	springboot	http://flow.lazada.com/
116323821	springboot	http://id-live.lazada.com/
116323821	springboot	http://id-log-emagzal.lazada.com/
116323821	springboot	http://idm-gpcb.lazada.com/
116323821	springboot	http://ids-gpcb.lazada.com/
116323821	springboot	http://lazada-sg.payment.lazada.com/
116323821	springboot	http://live.lazada.com/
116323821	springboot	http://m-gpcb.lazada.com/
116323821	springboot	http://member.lazada.com/
116323821	springboot	http://msgx-space.lazada.com/
116323821	springboot	http://my-log-emagzal.lazada.com/
116323821	springboot	http://ph-log-emagzal.lazada.com/
116323821	springboot	http://s-gpcb-daraz.lazada.com/
116323821	springboot	http://sg-log-emagzal.lazada.com/
116323821	springboot	http://socialx.lazada.com/
116323821	springboot	http://th-log-emagzal.lazada.com/
116323821	springboot	http://webim.lazada.com/
116323821	springboot	https://ascp-optimize.lazada.com/
116323821	springboot	https://flow.lazada.com/
116323821	springboot	https://id-live.lazada.com/
116323821	springboot	https://id-log-emagzal.lazada.com/
116323821	springboot	https://idm-gpcb.lazada.com/
116323821	springboot	https://ids-gpcb.lazada.com/
116323821	springboot	https://lazada-sg.payment.lazada.com/
116323821	springboot	https://live.lazada.com/
116323821	springboot	https://m-gpcb.lazada.com/
116323821	springboot	https://member.lazada.com/
116323821	springboot	https://msgx-space.lazada.com/
116323821	springboot	https://my-log-emagzal.lazada.com/
116323821	springboot	https://ph-log-emagzal.lazada.com/
116323821	springboot	https://s-gpcb-daraz.lazada.com/
116323821	springboot	https://sg-log-emagzal.lazada.com/
116323821	springboot	https://socialx.lazada.com/
116323821	springboot	https://th-log-emagzal.lazada.com/
116323821	springboot	https://webim.lazada.com/
d41d8cd98f00b204e9800998ecf8427e	zero byte favicon	http://booking-id.lazada.com/
d41d8cd98f00b204e9800998ecf8427e	zero byte favicon	http://booking-my.lazada.com/
d41d8cd98f00b204e9800998ecf8427e	zero byte favicon	http://booking-ph.lazada.com/
d41d8cd98f00b204e9800998ecf8427e	zero byte favicon	http://booking-sg.lazada.com/
d41d8cd98f00b204e9800998ecf8427e	zero byte favicon	http://booking-th.lazada.com/
d41d8cd98f00b204e9800998ecf8427e	zero byte favicon	http://booking-vn.lazada.com/
d41d8cd98f00b204e9800998ecf8427e	zero byte favicon	http://openaccount.lazada.com/
d41d8cd98f00b204e9800998ecf8427e	zero byte favicon	http://watch.lazada.com/
d41d8cd98f00b204e9800998ecf8427e	zero byte favicon	http://watch.lazada.com:88/
d41d8cd98f00b204e9800998ecf8427e	zero byte favicon	https://booking-id.lazada.com/
d41d8cd98f00b204e9800998ecf8427e	zero byte favicon	https://booking-my.lazada.com/
d41d8cd98f00b204e9800998ecf8427e	zero byte favicon	https://booking-ph.lazada.com/
d41d8cd98f00b204e9800998ecf8427e	zero byte favicon	https://booking-sg.lazada.com/
d41d8cd98f00b204e9800998ecf8427e	zero byte favicon	https://booking-th.lazada.com/
d41d8cd98f00b204e9800998ecf8427e	zero byte favicon	https://booking-vn.lazada.com/
d41d8cd98f00b204e9800998ecf8427e	zero byte favicon	https://openaccount.lazada.com/
d41d8cd98f00b204e9800998ecf8427e	zero byte favicon	https://watch.lazada.com/
e71ed563d9c0742ee87ad93ec1a22238	springboot	http://ascp-optimize.lazada.com/
e71ed563d9c0742ee87ad93ec1a22238	springboot	http://flow.lazada.com/
e71ed563d9c0742ee87ad93ec1a22238	springboot	http://id-live.lazada.com/
e71ed563d9c0742ee87ad93ec1a22238	springboot	http://id-log-emagzal.lazada.com/
e71ed563d9c0742ee87ad93ec1a22238	springboot	http://idm-gpcb.lazada.com/
e71ed563d9c0742ee87ad93ec1a22238	springboot	http://ids-gpcb.lazada.com/
e71ed563d9c0742ee87ad93ec1a22238	springboot	http://lazada-sg.payment.lazada.com/
e71ed563d9c0742ee87ad93ec1a22238	springboot	http://live.lazada.com/
e71ed563d9c0742ee87ad93ec1a22238	springboot	http://m-gpcb.lazada.com/
e71ed563d9c0742ee87ad93ec1a22238	springboot	http://member.lazada.com/
e71ed563d9c0742ee87ad93ec1a22238	springboot	http://msgx-space.lazada.com/
e71ed563d9c0742ee87ad93ec1a22238	springboot	http://my-log-emagzal.lazada.com/
e71ed563d9c0742ee87ad93ec1a22238	springboot	http://ph-log-emagzal.lazada.com/
e71ed563d9c0742ee87ad93ec1a22238	springboot	http://s-gpcb-daraz.lazada.com/
e71ed563d9c0742ee87ad93ec1a22238	springboot	http://sg-log-emagzal.lazada.com/
e71ed563d9c0742ee87ad93ec1a22238	springboot	http://socialx.lazada.com/
e71ed563d9c0742ee87ad93ec1a22238	springboot	http://th-log-emagzal.lazada.com/
e71ed563d9c0742ee87ad93ec1a22238	springboot	http://webim.lazada.com/
e71ed563d9c0742ee87ad93ec1a22238	springboot	https://ascp-optimize.lazada.com/
e71ed563d9c0742ee87ad93ec1a22238	springboot	https://flow.lazada.com/
e71ed563d9c0742ee87ad93ec1a22238	springboot	https://id-live.lazada.com/
e71ed563d9c0742ee87ad93ec1a22238	springboot	https://id-log-emagzal.lazada.com/
e71ed563d9c0742ee87ad93ec1a22238	springboot	https://idm-gpcb.lazada.com/
e71ed563d9c0742ee87ad93ec1a22238	springboot	https://ids-gpcb.lazada.com/
e71ed563d9c0742ee87ad93ec1a22238	springboot	https://lazada-sg.payment.lazada.com/
e71ed563d9c0742ee87ad93ec1a22238	springboot	https://live.lazada.com/
e71ed563d9c0742ee87ad93ec1a22238	springboot	https://m-gpcb.lazada.com/
e71ed563d9c0742ee87ad93ec1a22238	springboot	https://member.lazada.com/
e71ed563d9c0742ee87ad93ec1a22238	springboot	https://msgx-space.lazada.com/
e71ed563d9c0742ee87ad93ec1a22238	springboot	https://my-log-emagzal.lazada.com/
e71ed563d9c0742ee87ad93ec1a22238	springboot	https://ph-log-emagzal.lazada.com/
e71ed563d9c0742ee87ad93ec1a22238	springboot	https://s-gpcb-daraz.lazada.com/
e71ed563d9c0742ee87ad93ec1a22238	springboot	https://sg-log-emagzal.lazada.com/
e71ed563d9c0742ee87ad93ec1a22238	springboot	https://socialx.lazada.com/
e71ed563d9c0742ee87ad93ec1a22238	springboot	https://th-log-emagzal.lazada.com/
e71ed563d9c0742ee87ad93ec1a22238	springboot	https://webim.lazada.com/
