116323821	springboot	http://cs.lazada.vn/
116323821	springboot	http://datafeeds.lazada.vn/
116323821	springboot	http://filebroker.lazada.vn/
116323821	springboot	http://ifs.lazada.vn/
116323821	springboot	http://pdpdesc-m.lazada.vn/
116323821	springboot	http://s.lazada.vn/
116323821	springboot	http://shop-alimebot.lazada.vn/
116323821	springboot	http://station.lazada.vn/
116323821	springboot	http://topup.lazada.vn/
116323821	springboot	http://union.lazada.vn/
116323821	springboot	https://creative.lazada.vn/
116323821	springboot	https://cs.lazada.vn/
116323821	springboot	https://datafeeds.lazada.vn/
116323821	springboot	https://filebroker.lazada.vn/
116323821	springboot	https://pdpdesc-m.lazada.vn/
116323821	springboot	https://s.lazada.vn/
116323821	springboot	https://shop-alimebot.lazada.vn/
116323821	springboot	https://station.lazada.vn/
116323821	springboot	https://topup.lazada.vn/
116323821	springboot	https://union.lazada.vn/
e71ed563d9c0742ee87ad93ec1a22238	springboot	http://cs.lazada.vn/
e71ed563d9c0742ee87ad93ec1a22238	springboot	http://datafeeds.lazada.vn/
e71ed563d9c0742ee87ad93ec1a22238	springboot	http://filebroker.lazada.vn/
e71ed563d9c0742ee87ad93ec1a22238	springboot	http://ifs.lazada.vn/
e71ed563d9c0742ee87ad93ec1a22238	springboot	http://pdpdesc-m.lazada.vn/
e71ed563d9c0742ee87ad93ec1a22238	springboot	http://s.lazada.vn/
e71ed563d9c0742ee87ad93ec1a22238	springboot	http://station.lazada.vn/
e71ed563d9c0742ee87ad93ec1a22238	springboot	http://topup.lazada.vn/
e71ed563d9c0742ee87ad93ec1a22238	springboot	http://union.lazada.vn/
e71ed563d9c0742ee87ad93ec1a22238	springboot	https://creative.lazada.vn/
e71ed563d9c0742ee87ad93ec1a22238	springboot	https://cs.lazada.vn/
e71ed563d9c0742ee87ad93ec1a22238	springboot	https://datafeeds.lazada.vn/
e71ed563d9c0742ee87ad93ec1a22238	springboot	https://filebroker.lazada.vn/
e71ed563d9c0742ee87ad93ec1a22238	springboot	https://ifs.lazada.vn/
e71ed563d9c0742ee87ad93ec1a22238	springboot	https://pdpdesc-m.lazada.vn/
e71ed563d9c0742ee87ad93ec1a22238	springboot	https://s.lazada.vn/
e71ed563d9c0742ee87ad93ec1a22238	springboot	https://shop-alimebot.lazada.vn/
e71ed563d9c0742ee87ad93ec1a22238	springboot	https://station.lazada.vn/
e71ed563d9c0742ee87ad93ec1a22238	springboot	https://topup.lazada.vn/
e71ed563d9c0742ee87ad93ec1a22238	springboot	https://union.lazada.vn/
