116323821	springboot	http://api.sellercenter.lazada.com.ph/
116323821	springboot	http://cart.lazada.com.ph/
116323821	springboot	http://creative.lazada.com.ph/
116323821	springboot	http://cs.lazada.com.ph/
116323821	springboot	http://lighthouse.lazada.com.ph/
116323821	springboot	http://member.lazada.com.ph/
116323821	springboot	http://my.lazada.com.ph/
116323821	springboot	http://topup.lazada.com.ph/
116323821	springboot	http://union.lazada.com.ph/
116323821	springboot	https://api.sellercenter.lazada.com.ph/
116323821	springboot	https://cart.lazada.com.ph/
116323821	springboot	https://creative.lazada.com.ph/
116323821	springboot	https://cs.lazada.com.ph/
116323821	springboot	https://lighthouse.lazada.com.ph/
116323821	springboot	https://member.lazada.com.ph/
116323821	springboot	https://my.lazada.com.ph/
116323821	springboot	https://pdpdesc-m.lazada.com.ph/
116323821	springboot	https://topup.lazada.com.ph/
116323821	springboot	https://union.lazada.com.ph/
e71ed563d9c0742ee87ad93ec1a22238	springboot	http://api.sellercenter.lazada.com.ph/
e71ed563d9c0742ee87ad93ec1a22238	springboot	http://cart.lazada.com.ph/
e71ed563d9c0742ee87ad93ec1a22238	springboot	http://creative.lazada.com.ph/
e71ed563d9c0742ee87ad93ec1a22238	springboot	http://cs.lazada.com.ph/
e71ed563d9c0742ee87ad93ec1a22238	springboot	http://lighthouse.lazada.com.ph/
e71ed563d9c0742ee87ad93ec1a22238	springboot	http://member.lazada.com.ph/
e71ed563d9c0742ee87ad93ec1a22238	springboot	http://my.lazada.com.ph/
e71ed563d9c0742ee87ad93ec1a22238	springboot	http://pdpdesc-m.lazada.com.ph/
e71ed563d9c0742ee87ad93ec1a22238	springboot	http://topup.lazada.com.ph/
e71ed563d9c0742ee87ad93ec1a22238	springboot	http://union.lazada.com.ph/
e71ed563d9c0742ee87ad93ec1a22238	springboot	https://api.sellercenter.lazada.com.ph/
e71ed563d9c0742ee87ad93ec1a22238	springboot	https://cart.lazada.com.ph/
e71ed563d9c0742ee87ad93ec1a22238	springboot	https://creative.lazada.com.ph/
e71ed563d9c0742ee87ad93ec1a22238	springboot	https://cs.lazada.com.ph/
e71ed563d9c0742ee87ad93ec1a22238	springboot	https://lighthouse.lazada.com.ph/
e71ed563d9c0742ee87ad93ec1a22238	springboot	https://member.lazada.com.ph/
e71ed563d9c0742ee87ad93ec1a22238	springboot	https://my.lazada.com.ph/
e71ed563d9c0742ee87ad93ec1a22238	springboot	https://pdpdesc-m.lazada.com.ph/
e71ed563d9c0742ee87ad93ec1a22238	springboot	https://topup.lazada.com.ph/
e71ed563d9c0742ee87ad93ec1a22238	springboot	https://union.lazada.com.ph/
