116323821	springboot	http://ba-buyer.lazada.com.my/
116323821	springboot	http://creative.lazada.com.my/
116323821	springboot	http://crossborder.lazada.com.my/
116323821	springboot	http://cs.lazada.com.my/
116323821	springboot	http://datafeeds.lazada.com.my/
116323821	springboot	http://filebroker.lazada.com.my/
116323821	springboot	http://ifs.lazada.com.my/
116323821	springboot	http://lighthouse.lazada.com.my/
116323821	springboot	http://login.sellercenter.lazada.com.my/
116323821	springboot	http://msgx-space.lazada.com.my/
116323821	springboot	http://pdpdesc-m.lazada.com.my/
116323821	springboot	http://s.lazada.com.my/
116323821	springboot	http://shop-alimebot.lazada.com.my/
116323821	springboot	http://social-xspace.lazada.com.my/
116323821	springboot	http://station.lazada.com.my/
116323821	springboot	http://topup.lazada.com.my/
116323821	springboot	http://union.lazada.com.my/
116323821	springboot	http://webim.lazada.com.my/
116323821	springboot	https://ba-buyer.lazada.com.my/
116323821	springboot	https://creative.lazada.com.my/
116323821	springboot	https://crossborder.lazada.com.my/
116323821	springboot	https://cs.lazada.com.my/
116323821	springboot	https://datafeeds.lazada.com.my/
116323821	springboot	https://filebroker.lazada.com.my/
116323821	springboot	https://ifs.lazada.com.my/
116323821	springboot	https://lighthouse.lazada.com.my/
116323821	springboot	https://login.sellercenter.lazada.com.my/
116323821	springboot	https://msgx-space.lazada.com.my/
116323821	springboot	https://pdpdesc-m.lazada.com.my/
116323821	springboot	https://s.lazada.com.my/
116323821	springboot	https://shop-alimebot.lazada.com.my/
116323821	springboot	https://social-xspace.lazada.com.my/
116323821	springboot	https://station.lazada.com.my/
116323821	springboot	https://topup.lazada.com.my/
116323821	springboot	https://union.lazada.com.my/
116323821	springboot	https://webim.lazada.com.my/
1601194732	sophos cyberoam (appliance)	https://voip.lazada.com.my/
1601194732	sophos cyberoam (appliance)	https://voip.lazada.com.my:8443/
e71ed563d9c0742ee87ad93ec1a22238	springboot	http://ba-buyer.lazada.com.my/
e71ed563d9c0742ee87ad93ec1a22238	springboot	http://creative.lazada.com.my/
e71ed563d9c0742ee87ad93ec1a22238	springboot	http://crossborder.lazada.com.my/
e71ed563d9c0742ee87ad93ec1a22238	springboot	http://cs.lazada.com.my/
e71ed563d9c0742ee87ad93ec1a22238	springboot	http://datafeeds.lazada.com.my/
e71ed563d9c0742ee87ad93ec1a22238	springboot	http://filebroker.lazada.com.my/
e71ed563d9c0742ee87ad93ec1a22238	springboot	http://ifs.lazada.com.my/
e71ed563d9c0742ee87ad93ec1a22238	springboot	http://lighthouse.lazada.com.my/
e71ed563d9c0742ee87ad93ec1a22238	springboot	http://login.sellercenter.lazada.com.my/
e71ed563d9c0742ee87ad93ec1a22238	springboot	http://msgx-space.lazada.com.my/
e71ed563d9c0742ee87ad93ec1a22238	springboot	http://pdpdesc-m.lazada.com.my/
e71ed563d9c0742ee87ad93ec1a22238	springboot	http://s.lazada.com.my/
e71ed563d9c0742ee87ad93ec1a22238	springboot	http://shop-alimebot.lazada.com.my/
e71ed563d9c0742ee87ad93ec1a22238	springboot	http://social-xspace.lazada.com.my/
e71ed563d9c0742ee87ad93ec1a22238	springboot	http://station.lazada.com.my/
e71ed563d9c0742ee87ad93ec1a22238	springboot	http://topup.lazada.com.my/
e71ed563d9c0742ee87ad93ec1a22238	springboot	http://union.lazada.com.my/
e71ed563d9c0742ee87ad93ec1a22238	springboot	http://webim.lazada.com.my/
e71ed563d9c0742ee87ad93ec1a22238	springboot	https://ba-buyer.lazada.com.my/
e71ed563d9c0742ee87ad93ec1a22238	springboot	https://creative.lazada.com.my/
e71ed563d9c0742ee87ad93ec1a22238	springboot	https://crossborder.lazada.com.my/
e71ed563d9c0742ee87ad93ec1a22238	springboot	https://cs.lazada.com.my/
e71ed563d9c0742ee87ad93ec1a22238	springboot	https://datafeeds.lazada.com.my/
e71ed563d9c0742ee87ad93ec1a22238	springboot	https://filebroker.lazada.com.my/
e71ed563d9c0742ee87ad93ec1a22238	springboot	https://ifs.lazada.com.my/
e71ed563d9c0742ee87ad93ec1a22238	springboot	https://lighthouse.lazada.com.my/
e71ed563d9c0742ee87ad93ec1a22238	springboot	https://login.sellercenter.lazada.com.my/
e71ed563d9c0742ee87ad93ec1a22238	springboot	https://msgx-space.lazada.com.my/
e71ed563d9c0742ee87ad93ec1a22238	springboot	https://pdpdesc-m.lazada.com.my/
e71ed563d9c0742ee87ad93ec1a22238	springboot	https://s.lazada.com.my/
e71ed563d9c0742ee87ad93ec1a22238	springboot	https://shop-alimebot.lazada.com.my/
e71ed563d9c0742ee87ad93ec1a22238	springboot	https://social-xspace.lazada.com.my/
e71ed563d9c0742ee87ad93ec1a22238	springboot	https://station.lazada.com.my/
e71ed563d9c0742ee87ad93ec1a22238	springboot	https://topup.lazada.com.my/
e71ed563d9c0742ee87ad93ec1a22238	springboot	https://union.lazada.com.my/
e71ed563d9c0742ee87ad93ec1a22238	springboot	https://webim.lazada.com.my/
