-1252041730	vue.js	https://fact-checker.line.me:443/
-1442789563	nuxt js	https://protostar.line.me:443/
0	zero byte favicon	http://aillis.line.me:80/
0	zero byte favicon	http://api-rangers.line.me:80/
0	zero byte favicon	http://bcrm-admin.line.me:80/
0	zero byte favicon	http://bcrm-manager.line.me:80/
0	zero byte favicon	http://bcrm-sandbox.line.me:80/
0	zero byte favicon	http://bcrm.line.me:80/
0	zero byte favicon	http://bridgepage.game.line.me:80/
0	zero byte favicon	http://camera.line.me:80/
0	zero byte favicon	http://d.line.me:80/
0	zero byte favicon	http://foodie.line.me:80/
0	zero byte favicon	http://help-o.line.me:80/
0	zero byte favicon	http://help.line.me/
0	zero byte favicon	http://help.line.me:80/
0	zero byte favicon	http://help2-o.line.me:80/
0	zero byte favicon	http://help2.line.me/
0	zero byte favicon	http://help2.line.me:80/
0	zero byte favicon	http://keygen-sdbx.line.me:80/
0	zero byte favicon	http://lan-o.line.me:80/
0	zero byte favicon	http://lan.line.me/
0	zero byte favicon	http://lan.line.me:80/
0	zero byte favicon	http://lan3rd-o.line.me:80/
0	zero byte favicon	http://lan3rd.line.me/
0	zero byte favicon	http://lan3rd.line.me:80/
0	zero byte favicon	http://lgurl.line.me:80/
0	zero byte favicon	http://music-jp-coupon.line.me:80/
0	zero byte favicon	http://music.line.me:80/
0	zero byte favicon	http://notice-o.line.me:80/
0	zero byte favicon	http://notice.line.me/
0	zero byte favicon	http://notice.line.me:80/
0	zero byte favicon	http://notice2-o.line.me:80/
0	zero byte favicon	http://notice2.line.me/
0	zero byte favicon	http://notice2.line.me:80/
0	zero byte favicon	http://oa.tr.line.me:80/
0	zero byte favicon	http://qrcodepay.line.me:80/
0	zero byte favicon	http://rangers.line.me:80/
0	zero byte favicon	http://store-rc.line.me:80/
0	zero byte favicon	http://store.line.me:80/
0	zero byte favicon	http://terms-o.line.me:80/
0	zero byte favicon	http://terms.line.me/
0	zero byte favicon	http://terms.line.me:80/
0	zero byte favicon	http://terms2-o.line.me:80/
0	zero byte favicon	http://terms2.line.me/
0	zero byte favicon	http://terms2.line.me:80/
0	zero byte favicon	http://u.line.me:80/
0	zero byte favicon	http://webpos.line.me:80/
0	zero byte favicon	https://api-rangers.line.me:443/
0	zero byte favicon	https://bcrm-admin.line.me:443/
0	zero byte favicon	https://bcrm-manager.line.me:443/
0	zero byte favicon	https://bcrm-sandbox.line.me:443/
0	zero byte favicon	https://bcrm.line.me:443/
0	zero byte favicon	https://bridgepage.game.line.me:443/
0	zero byte favicon	https://crs-event.line.me:443/
0	zero byte favicon	https://crs-hometab-event.line.me:443/
0	zero byte favicon	https://d.line.me:443/
0	zero byte favicon	https://explorer.blockchain.line.me:443/
0	zero byte favicon	https://foodie.line.me:443/
0	zero byte favicon	https://help-o.line.me:443/
0	zero byte favicon	https://help.line.me/
0	zero byte favicon	https://help.line.me:443/
0	zero byte favicon	https://help2-o.line.me:443/
0	zero byte favicon	https://help2.line.me/
0	zero byte favicon	https://help2.line.me:443/
0	zero byte favicon	https://lan-o.line.me:443/
0	zero byte favicon	https://lan.line.me/
0	zero byte favicon	https://lan.line.me:443/
0	zero byte favicon	https://lan3rd-o.line.me:443/
0	zero byte favicon	https://lan3rd.line.me/
0	zero byte favicon	https://lan3rd.line.me:443/
0	zero byte favicon	https://music-jp-cms.line.me:443/
0	zero byte favicon	https://music-jp-coupon.line.me:443/
0	zero byte favicon	https://music.line.me:443/
0	zero byte favicon	https://notice-o.line.me:443/
0	zero byte favicon	https://notice.line.me/
0	zero byte favicon	https://notice.line.me:443/
0	zero byte favicon	https://notice2-o.line.me:443/
0	zero byte favicon	https://notice2.line.me/
0	zero byte favicon	https://notice2.line.me:443/
0	zero byte favicon	https://oa.tr.line.me:443/
0	zero byte favicon	https://rangers.line.me:443/
0	zero byte favicon	https://reward.line.me:443/
0	zero byte favicon	https://store-rc.line.me:443/
0	zero byte favicon	https://store.line.me:443/
0	zero byte favicon	https://terms-o.line.me:443/
0	zero byte favicon	https://terms.line.me/
0	zero byte favicon	https://terms.line.me:443/
0	zero byte favicon	https://terms2-o.line.me:443/
0	zero byte favicon	https://terms2.line.me/
0	zero byte favicon	https://terms2.line.me:443/
0	zero byte favicon	https://u.line.me:443/
116323821	springboot	http://avatar.line.me:80/
116323821	springboot	http://growthy-analytics.game.line.me:80/
116323821	springboot	http://growthy-eis.game.line.me:80/
116323821	springboot	http://growthy-probe.game.line.me:80/
116323821	springboot	http://mkt-tool.game.line.me:80/
116323821	springboot	http://talk-care-cms.line.me:80/
116323821	springboot	https://avatar.line.me:443/
116323821	springboot	https://growthy-analytics.game.line.me:443/
116323821	springboot	https://growthy-eis.game.line.me:443/
116323821	springboot	https://growthy-probe.game.line.me:443/
116323821	springboot	https://lush.game.line.me:443/
116323821	springboot	https://mkt-tool.game.line.me:443/
116323821	springboot	https://optout-api.tr.line.me:443/
116323821	springboot	https://scc.line.me:443/
116323821	springboot	https://talk-care-cms.line.me:443/
116323821	springboot	https://wallet-coupon-api-thailand.line.me:443/
116323821	springboot	https://wallet-coupon-ogp.line.me:443/
d41d8cd98f00b204e9800998ecf8427e	zero byte favicon	http://aillis.line.me:80/
d41d8cd98f00b204e9800998ecf8427e	zero byte favicon	http://api-rangers.line.me:80/
d41d8cd98f00b204e9800998ecf8427e	zero byte favicon	http://bcrm-admin.line.me:80/
d41d8cd98f00b204e9800998ecf8427e	zero byte favicon	http://bcrm-manager.line.me:80/
d41d8cd98f00b204e9800998ecf8427e	zero byte favicon	http://bcrm-sandbox.line.me:80/
d41d8cd98f00b204e9800998ecf8427e	zero byte favicon	http://bcrm.line.me:80/
d41d8cd98f00b204e9800998ecf8427e	zero byte favicon	http://bridgepage.game.line.me:80/
d41d8cd98f00b204e9800998ecf8427e	zero byte favicon	http://camera.line.me:80/
d41d8cd98f00b204e9800998ecf8427e	zero byte favicon	http://d.line.me:80/
d41d8cd98f00b204e9800998ecf8427e	zero byte favicon	http://foodie.line.me:80/
d41d8cd98f00b204e9800998ecf8427e	zero byte favicon	http://help-o.line.me:80/
d41d8cd98f00b204e9800998ecf8427e	zero byte favicon	http://help.line.me/
d41d8cd98f00b204e9800998ecf8427e	zero byte favicon	http://help.line.me:80/
d41d8cd98f00b204e9800998ecf8427e	zero byte favicon	http://help2-o.line.me:80/
d41d8cd98f00b204e9800998ecf8427e	zero byte favicon	http://help2.line.me/
d41d8cd98f00b204e9800998ecf8427e	zero byte favicon	http://help2.line.me:80/
d41d8cd98f00b204e9800998ecf8427e	zero byte favicon	http://keygen-sdbx.line.me:80/
d41d8cd98f00b204e9800998ecf8427e	zero byte favicon	http://lan-o.line.me:80/
d41d8cd98f00b204e9800998ecf8427e	zero byte favicon	http://lan.line.me/
d41d8cd98f00b204e9800998ecf8427e	zero byte favicon	http://lan.line.me:80/
d41d8cd98f00b204e9800998ecf8427e	zero byte favicon	http://lan3rd-o.line.me:80/
d41d8cd98f00b204e9800998ecf8427e	zero byte favicon	http://lan3rd.line.me/
d41d8cd98f00b204e9800998ecf8427e	zero byte favicon	http://lan3rd.line.me:80/
d41d8cd98f00b204e9800998ecf8427e	zero byte favicon	http://lgurl.line.me:80/
d41d8cd98f00b204e9800998ecf8427e	zero byte favicon	http://music-jp-coupon.line.me:80/
d41d8cd98f00b204e9800998ecf8427e	zero byte favicon	http://music.line.me:80/
d41d8cd98f00b204e9800998ecf8427e	zero byte favicon	http://notice-o.line.me:80/
d41d8cd98f00b204e9800998ecf8427e	zero byte favicon	http://notice.line.me/
d41d8cd98f00b204e9800998ecf8427e	zero byte favicon	http://notice.line.me:80/
d41d8cd98f00b204e9800998ecf8427e	zero byte favicon	http://notice2-o.line.me:80/
d41d8cd98f00b204e9800998ecf8427e	zero byte favicon	http://notice2.line.me/
d41d8cd98f00b204e9800998ecf8427e	zero byte favicon	http://notice2.line.me:80/
d41d8cd98f00b204e9800998ecf8427e	zero byte favicon	http://oa.tr.line.me:80/
d41d8cd98f00b204e9800998ecf8427e	zero byte favicon	http://qrcodepay.line.me:80/
d41d8cd98f00b204e9800998ecf8427e	zero byte favicon	http://rangers.line.me:80/
d41d8cd98f00b204e9800998ecf8427e	zero byte favicon	http://store-rc.line.me:80/
d41d8cd98f00b204e9800998ecf8427e	zero byte favicon	http://store.line.me:80/
d41d8cd98f00b204e9800998ecf8427e	zero byte favicon	http://terms.line.me/
d41d8cd98f00b204e9800998ecf8427e	zero byte favicon	http://terms.line.me:80/
d41d8cd98f00b204e9800998ecf8427e	zero byte favicon	http://terms2-o.line.me:80/
d41d8cd98f00b204e9800998ecf8427e	zero byte favicon	http://terms2.line.me/
d41d8cd98f00b204e9800998ecf8427e	zero byte favicon	http://terms2.line.me:80/
d41d8cd98f00b204e9800998ecf8427e	zero byte favicon	http://u.line.me:80/
d41d8cd98f00b204e9800998ecf8427e	zero byte favicon	http://webpos.line.me:80/
d41d8cd98f00b204e9800998ecf8427e	zero byte favicon	https://api-rangers.line.me:443/
d41d8cd98f00b204e9800998ecf8427e	zero byte favicon	https://bcrm-admin.line.me:443/
d41d8cd98f00b204e9800998ecf8427e	zero byte favicon	https://bcrm-manager.line.me:443/
d41d8cd98f00b204e9800998ecf8427e	zero byte favicon	https://bcrm-sandbox.line.me:443/
d41d8cd98f00b204e9800998ecf8427e	zero byte favicon	https://bcrm.line.me:443/
d41d8cd98f00b204e9800998ecf8427e	zero byte favicon	https://bridgepage.game.line.me:443/
d41d8cd98f00b204e9800998ecf8427e	zero byte favicon	https://crs-event.line.me:443/
d41d8cd98f00b204e9800998ecf8427e	zero byte favicon	https://crs-hometab-event.line.me:443/
d41d8cd98f00b204e9800998ecf8427e	zero byte favicon	https://d.line.me:443/
d41d8cd98f00b204e9800998ecf8427e	zero byte favicon	https://explorer.blockchain.line.me:443/
d41d8cd98f00b204e9800998ecf8427e	zero byte favicon	https://foodie.line.me:443/
d41d8cd98f00b204e9800998ecf8427e	zero byte favicon	https://help-o.line.me:443/
d41d8cd98f00b204e9800998ecf8427e	zero byte favicon	https://help.line.me/
d41d8cd98f00b204e9800998ecf8427e	zero byte favicon	https://help.line.me:443/
d41d8cd98f00b204e9800998ecf8427e	zero byte favicon	https://help2-o.line.me:443/
d41d8cd98f00b204e9800998ecf8427e	zero byte favicon	https://help2.line.me/
d41d8cd98f00b204e9800998ecf8427e	zero byte favicon	https://help2.line.me:443/
d41d8cd98f00b204e9800998ecf8427e	zero byte favicon	https://lan.line.me/
d41d8cd98f00b204e9800998ecf8427e	zero byte favicon	https://lan.line.me:443/
d41d8cd98f00b204e9800998ecf8427e	zero byte favicon	https://lan3rd-o.line.me:443/
d41d8cd98f00b204e9800998ecf8427e	zero byte favicon	https://lan3rd.line.me/
d41d8cd98f00b204e9800998ecf8427e	zero byte favicon	https://lan3rd.line.me:443/
d41d8cd98f00b204e9800998ecf8427e	zero byte favicon	https://music-jp-cms.line.me:443/
d41d8cd98f00b204e9800998ecf8427e	zero byte favicon	https://music-jp-coupon.line.me:443/
d41d8cd98f00b204e9800998ecf8427e	zero byte favicon	https://music.line.me:443/
d41d8cd98f00b204e9800998ecf8427e	zero byte favicon	https://notice-o.line.me:443/
d41d8cd98f00b204e9800998ecf8427e	zero byte favicon	https://notice.line.me/
d41d8cd98f00b204e9800998ecf8427e	zero byte favicon	https://notice.line.me:443/
d41d8cd98f00b204e9800998ecf8427e	zero byte favicon	https://notice2-o.line.me:443/
d41d8cd98f00b204e9800998ecf8427e	zero byte favicon	https://notice2.line.me/
d41d8cd98f00b204e9800998ecf8427e	zero byte favicon	https://notice2.line.me:443/
d41d8cd98f00b204e9800998ecf8427e	zero byte favicon	https://oa.tr.line.me:443/
d41d8cd98f00b204e9800998ecf8427e	zero byte favicon	https://rangers.line.me:443/
d41d8cd98f00b204e9800998ecf8427e	zero byte favicon	https://reward.line.me:443/
d41d8cd98f00b204e9800998ecf8427e	zero byte favicon	https://store-rc.line.me:443/
d41d8cd98f00b204e9800998ecf8427e	zero byte favicon	https://store.line.me:443/
d41d8cd98f00b204e9800998ecf8427e	zero byte favicon	https://terms-o.line.me:443/
d41d8cd98f00b204e9800998ecf8427e	zero byte favicon	https://terms.line.me/
d41d8cd98f00b204e9800998ecf8427e	zero byte favicon	https://terms.line.me:443/
d41d8cd98f00b204e9800998ecf8427e	zero byte favicon	https://terms2-o.line.me:443/
d41d8cd98f00b204e9800998ecf8427e	zero byte favicon	https://terms2.line.me/
d41d8cd98f00b204e9800998ecf8427e	zero byte favicon	https://terms2.line.me:443/
d41d8cd98f00b204e9800998ecf8427e	zero byte favicon	https://u.line.me:443/
e71ed563d9c0742ee87ad93ec1a22238	springboot	http://avatar.line.me:80/
e71ed563d9c0742ee87ad93ec1a22238	springboot	http://growthy-analytics.game.line.me:80/
e71ed563d9c0742ee87ad93ec1a22238	springboot	http://growthy-eis.game.line.me:80/
e71ed563d9c0742ee87ad93ec1a22238	springboot	http://growthy-probe.game.line.me:80/
e71ed563d9c0742ee87ad93ec1a22238	springboot	http://mkt-tool.game.line.me:80/
e71ed563d9c0742ee87ad93ec1a22238	springboot	http://talk-care-cms.line.me:80/
e71ed563d9c0742ee87ad93ec1a22238	springboot	https://avatar.line.me:443/
e71ed563d9c0742ee87ad93ec1a22238	springboot	https://growthy-analytics.game.line.me:443/
e71ed563d9c0742ee87ad93ec1a22238	springboot	https://growthy-eis.game.line.me:443/
e71ed563d9c0742ee87ad93ec1a22238	springboot	https://growthy-probe.game.line.me:443/
e71ed563d9c0742ee87ad93ec1a22238	springboot	https://lush.game.line.me:443/
e71ed563d9c0742ee87ad93ec1a22238	springboot	https://mkt-tool.game.line.me:443/
e71ed563d9c0742ee87ad93ec1a22238	springboot	https://optout-api.tr.line.me:443/
e71ed563d9c0742ee87ad93ec1a22238	springboot	https://scc.line.me:443/
e71ed563d9c0742ee87ad93ec1a22238	springboot	https://talk-care-cms.line.me:443/
e71ed563d9c0742ee87ad93ec1a22238	springboot	https://wallet-coupon-api-thailand.line.me:443/
e71ed563d9c0742ee87ad93ec1a22238	springboot	https://wallet-coupon-ogp.line.me:443/
