0	zero byte favicon	http://api-camera.line-apps.com:80/
0	zero byte favicon	http://b612-api.line-apps.com:80/
0	zero byte favicon	http://camera-log.line-apps.com:80/
0	zero byte favicon	http://cdn-lg.line-apps.com/
0	zero byte favicon	http://cdn-lg.line-apps.com:80/
0	zero byte favicon	http://cdn.line-apps.com/
0	zero byte favicon	http://cdn.line-apps.com:80/
0	zero byte favicon	http://cnts-pay.line-apps.com:80/
0	zero byte favicon	http://design-org.line-apps.com:80/
0	zero byte favicon	http://foodie-api.line-apps.com:80/
0	zero byte favicon	http://img-pay.line-apps.com:80/
0	zero byte favicon	http://lanimg-beta.line-apps.com:80/
0	zero byte favicon	http://lanimg.line-apps.com:80/
0	zero byte favicon	http://lg-scdn.line-apps.com:80/
0	zero byte favicon	http://looks-api.line-apps.com:80/
0	zero byte favicon	http://org-scdn.line-apps.com:80/
0	zero byte favicon	http://play.line-apps.com:80/
0	zero byte favicon	http://sdbx-help3rd.line-apps.com:80/
0	zero byte favicon	http://sdbx-terms3rd.line-apps.com:80/
0	zero byte favicon	http://shopcard.line-apps.com:80/
0	zero byte favicon	http://sstatic-cbox.line-apps.com/
0	zero byte favicon	http://sstatic-cbox.line-apps.com:80/
0	zero byte favicon	http://tv-rmcnmv.line-apps.com:80/
0	zero byte favicon	http://web-th-pay.line-apps.com:80/
0	zero byte favicon	http://yuki.line-apps.com:80/
0	zero byte favicon	https://ad-feedback.line-apps.com:443/
0	zero byte favicon	https://api-camera.line-apps.com:443/
0	zero byte favicon	https://b612-api.line-apps.com:443/
0	zero byte favicon	https://camera-log.line-apps.com:443/
0	zero byte favicon	https://cdn-lg.line-apps.com/
0	zero byte favicon	https://cdn-lg.line-apps.com:443/
0	zero byte favicon	https://cdn.line-apps.com/
0	zero byte favicon	https://cdn.line-apps.com:443/
0	zero byte favicon	https://channel-schedule.line-apps.com:443/
0	zero byte favicon	https://cnts-pay.line-apps.com:443/
0	zero byte favicon	https://design-org.line-apps.com:443/
0	zero byte favicon	https://foodie-api.line-apps.com:443/
0	zero byte favicon	https://foodie-org.line-apps.com:443/
0	zero byte favicon	https://img-pay.line-apps.com:443/
0	zero byte favicon	https://lanimg-beta.line-apps.com:443/
0	zero byte favicon	https://lanimg.line-apps.com:443/
0	zero byte favicon	https://lg-push-web.line-apps.com:443/
0	zero byte favicon	https://lg-scdn.line-apps.com:443/
0	zero byte favicon	https://line-bot-cms-app-web.line-apps.com:443/
0	zero byte favicon	https://linechef-api.line-apps.com:443/
0	zero byte favicon	https://music-jp-api.line-apps.com:443/
0	zero byte favicon	https://music-jp-billing.line-apps.com:443/
0	zero byte favicon	https://music-jp-coupon.line-apps.com:443/
0	zero byte favicon	https://music-jp-sgproxy.line-apps.com:443/
0	zero byte favicon	https://org-scdn.line-apps.com:443/
0	zero byte favicon	https://scdn.line-apps.com:443/
0	zero byte favicon	https://sdbx-help3rd.line-apps.com:443/
0	zero byte favicon	https://sdbx-terms3rd.line-apps.com:443/
0	zero byte favicon	https://shopcard.line-apps.com:443/
0	zero byte favicon	https://sstatic-cbox.line-apps.com/
0	zero byte favicon	https://sstatic-cbox.line-apps.com:443/
0	zero byte favicon	https://web-th-pay.line-apps.com:443/
0	zero byte favicon	https://yuki-cdn.line-apps.com:443/
0	zero byte favicon	https://yuki.line-apps.com:443/
116323821	springboot	http://censor.line-apps.com:80/
116323821	springboot	http://growthy-sandbox-growthywebcollector-80.line-apps.com:80/
116323821	springboot	http://growthy-staging-growthywebcollector-80.line-apps.com:80/
116323821	springboot	http://lg-config-staging.line-apps.com:80/
116323821	springboot	http://lg-config.line-apps.com:80/
116323821	springboot	http://lg-growthy-sdbx.line-apps.com:80/
116323821	springboot	http://lg-growthy.line-apps.com:80/
116323821	springboot	http://lg-internal-growthy-sdbx.line-apps.com:80/
116323821	springboot	http://pty-web.line-apps.com:80/
116323821	springboot	https://categoryweb.line-apps.com:443/
116323821	springboot	https://cwa-front.line-apps.com/
116323821	springboot	https://cwa-front.line-apps.com:443/
116323821	springboot	https://fido-rp-pay.line-apps.com:443/
116323821	springboot	https://growthy-sandbox-growthywebcollector-80.line-apps.com:443/
116323821	springboot	https://growthy-staging-growthywebcollector-80.line-apps.com:443/
116323821	springboot	https://lg-config-sdbx.line-apps.com:443/
116323821	springboot	https://lg-config-staging.line-apps.com:443/
116323821	springboot	https://lg-config.line-apps.com:443/
116323821	springboot	https://linetvl-utm-bundle-api.line-apps.com:443/
116323821	springboot	https://lm-partner-uob.line-apps.com/
116323821	springboot	https://pty-web.line-apps.com:443/
116323821	springboot	https://wallet-coupon-api.line-apps.com:443/
d41d8cd98f00b204e9800998ecf8427e	zero byte favicon	http://api-camera.line-apps.com:80/
d41d8cd98f00b204e9800998ecf8427e	zero byte favicon	http://b612-api.line-apps.com:80/
d41d8cd98f00b204e9800998ecf8427e	zero byte favicon	http://camera-log.line-apps.com:80/
d41d8cd98f00b204e9800998ecf8427e	zero byte favicon	http://cdn-lg.line-apps.com/
d41d8cd98f00b204e9800998ecf8427e	zero byte favicon	http://cdn-lg.line-apps.com:80/
d41d8cd98f00b204e9800998ecf8427e	zero byte favicon	http://cdn.line-apps.com/
d41d8cd98f00b204e9800998ecf8427e	zero byte favicon	http://cdn.line-apps.com:80/
d41d8cd98f00b204e9800998ecf8427e	zero byte favicon	http://cnts-pay.line-apps.com:80/
d41d8cd98f00b204e9800998ecf8427e	zero byte favicon	http://design-org.line-apps.com:80/
d41d8cd98f00b204e9800998ecf8427e	zero byte favicon	http://foodie-api.line-apps.com:80/
d41d8cd98f00b204e9800998ecf8427e	zero byte favicon	http://img-pay.line-apps.com:80/
d41d8cd98f00b204e9800998ecf8427e	zero byte favicon	http://lanimg-beta.line-apps.com:80/
d41d8cd98f00b204e9800998ecf8427e	zero byte favicon	http://lanimg.line-apps.com:80/
d41d8cd98f00b204e9800998ecf8427e	zero byte favicon	http://lg-scdn.line-apps.com:80/
d41d8cd98f00b204e9800998ecf8427e	zero byte favicon	http://looks-api.line-apps.com:80/
d41d8cd98f00b204e9800998ecf8427e	zero byte favicon	http://org-scdn.line-apps.com:80/
d41d8cd98f00b204e9800998ecf8427e	zero byte favicon	http://play.line-apps.com:80/
d41d8cd98f00b204e9800998ecf8427e	zero byte favicon	http://sdbx-help3rd.line-apps.com:80/
d41d8cd98f00b204e9800998ecf8427e	zero byte favicon	http://sdbx-terms3rd.line-apps.com:80/
d41d8cd98f00b204e9800998ecf8427e	zero byte favicon	http://shopcard.line-apps.com:80/
d41d8cd98f00b204e9800998ecf8427e	zero byte favicon	http://sstatic-cbox.line-apps.com/
d41d8cd98f00b204e9800998ecf8427e	zero byte favicon	http://sstatic-cbox.line-apps.com:80/
d41d8cd98f00b204e9800998ecf8427e	zero byte favicon	http://tv-rmcnmv.line-apps.com:80/
d41d8cd98f00b204e9800998ecf8427e	zero byte favicon	http://web-th-pay.line-apps.com:80/
d41d8cd98f00b204e9800998ecf8427e	zero byte favicon	http://yuki.line-apps.com:80/
d41d8cd98f00b204e9800998ecf8427e	zero byte favicon	https://ad-feedback.line-apps.com:443/
d41d8cd98f00b204e9800998ecf8427e	zero byte favicon	https://api-camera.line-apps.com:443/
d41d8cd98f00b204e9800998ecf8427e	zero byte favicon	https://b612-api.line-apps.com:443/
d41d8cd98f00b204e9800998ecf8427e	zero byte favicon	https://camera-log.line-apps.com:443/
d41d8cd98f00b204e9800998ecf8427e	zero byte favicon	https://cdn-lg.line-apps.com/
d41d8cd98f00b204e9800998ecf8427e	zero byte favicon	https://cdn-lg.line-apps.com:443/
d41d8cd98f00b204e9800998ecf8427e	zero byte favicon	https://cdn.line-apps.com/
d41d8cd98f00b204e9800998ecf8427e	zero byte favicon	https://cdn.line-apps.com:443/
d41d8cd98f00b204e9800998ecf8427e	zero byte favicon	https://channel-schedule.line-apps.com:443/
d41d8cd98f00b204e9800998ecf8427e	zero byte favicon	https://cnts-pay.line-apps.com:443/
d41d8cd98f00b204e9800998ecf8427e	zero byte favicon	https://design-org.line-apps.com:443/
d41d8cd98f00b204e9800998ecf8427e	zero byte favicon	https://foodie-api.line-apps.com:443/
d41d8cd98f00b204e9800998ecf8427e	zero byte favicon	https://foodie-org.line-apps.com:443/
d41d8cd98f00b204e9800998ecf8427e	zero byte favicon	https://img-pay.line-apps.com:443/
d41d8cd98f00b204e9800998ecf8427e	zero byte favicon	https://lanimg-beta.line-apps.com:443/
d41d8cd98f00b204e9800998ecf8427e	zero byte favicon	https://lanimg.line-apps.com:443/
d41d8cd98f00b204e9800998ecf8427e	zero byte favicon	https://lg-push-web.line-apps.com:443/
d41d8cd98f00b204e9800998ecf8427e	zero byte favicon	https://lg-scdn.line-apps.com:443/
d41d8cd98f00b204e9800998ecf8427e	zero byte favicon	https://line-bot-cms-app-web.line-apps.com:443/
d41d8cd98f00b204e9800998ecf8427e	zero byte favicon	https://linechef-api.line-apps.com:443/
d41d8cd98f00b204e9800998ecf8427e	zero byte favicon	https://music-jp-api.line-apps.com:443/
d41d8cd98f00b204e9800998ecf8427e	zero byte favicon	https://music-jp-billing.line-apps.com:443/
d41d8cd98f00b204e9800998ecf8427e	zero byte favicon	https://music-jp-coupon.line-apps.com:443/
d41d8cd98f00b204e9800998ecf8427e	zero byte favicon	https://music-jp-sgproxy.line-apps.com:443/
d41d8cd98f00b204e9800998ecf8427e	zero byte favicon	https://scdn.line-apps.com:443/
d41d8cd98f00b204e9800998ecf8427e	zero byte favicon	https://sdbx-help3rd.line-apps.com:443/
d41d8cd98f00b204e9800998ecf8427e	zero byte favicon	https://sdbx-terms3rd.line-apps.com:443/
d41d8cd98f00b204e9800998ecf8427e	zero byte favicon	https://shopcard.line-apps.com:443/
d41d8cd98f00b204e9800998ecf8427e	zero byte favicon	https://sstatic-cbox.line-apps.com/
d41d8cd98f00b204e9800998ecf8427e	zero byte favicon	https://sstatic-cbox.line-apps.com:443/
d41d8cd98f00b204e9800998ecf8427e	zero byte favicon	https://web-th-pay.line-apps.com:443/
d41d8cd98f00b204e9800998ecf8427e	zero byte favicon	https://yuki-cdn.line-apps.com:443/
d41d8cd98f00b204e9800998ecf8427e	zero byte favicon	https://yuki.line-apps.com:443/
e71ed563d9c0742ee87ad93ec1a22238	springboot	http://censor.line-apps.com:80/
e71ed563d9c0742ee87ad93ec1a22238	springboot	http://growthy-sandbox-growthywebcollector-80.line-apps.com:80/
e71ed563d9c0742ee87ad93ec1a22238	springboot	http://growthy-staging-growthywebcollector-80.line-apps.com:80/
e71ed563d9c0742ee87ad93ec1a22238	springboot	http://lg-config-staging.line-apps.com:80/
e71ed563d9c0742ee87ad93ec1a22238	springboot	http://lg-config.line-apps.com:80/
e71ed563d9c0742ee87ad93ec1a22238	springboot	http://lg-growthy-sdbx.line-apps.com:80/
e71ed563d9c0742ee87ad93ec1a22238	springboot	http://lg-growthy.line-apps.com:80/
e71ed563d9c0742ee87ad93ec1a22238	springboot	http://lg-internal-growthy-sdbx.line-apps.com:80/
e71ed563d9c0742ee87ad93ec1a22238	springboot	http://pty-web.line-apps.com:80/
e71ed563d9c0742ee87ad93ec1a22238	springboot	https://categoryweb.line-apps.com:443/
e71ed563d9c0742ee87ad93ec1a22238	springboot	https://cwa-front.line-apps.com/
e71ed563d9c0742ee87ad93ec1a22238	springboot	https://cwa-front.line-apps.com:443/
e71ed563d9c0742ee87ad93ec1a22238	springboot	https://fido-rp-pay.line-apps.com:443/
e71ed563d9c0742ee87ad93ec1a22238	springboot	https://growthy-sandbox-growthywebcollector-80.line-apps.com:443/
e71ed563d9c0742ee87ad93ec1a22238	springboot	https://growthy-staging-growthywebcollector-80.line-apps.com:443/
e71ed563d9c0742ee87ad93ec1a22238	springboot	https://lg-config-sdbx.line-apps.com:443/
e71ed563d9c0742ee87ad93ec1a22238	springboot	https://lg-config-staging.line-apps.com:443/
e71ed563d9c0742ee87ad93ec1a22238	springboot	https://lg-config.line-apps.com:443/
e71ed563d9c0742ee87ad93ec1a22238	springboot	https://linetvl-utm-bundle-api.line-apps.com:443/
e71ed563d9c0742ee87ad93ec1a22238	springboot	https://lm-partner-uob.line-apps.com/
e71ed563d9c0742ee87ad93ec1a22238	springboot	https://pty-web.line-apps.com:443/
e71ed563d9c0742ee87ad93ec1a22238	springboot	https://wallet-coupon-api.line-apps.com:443/
