0	zero byte favicon	http://o.tw.marcus.com/
0	zero byte favicon	http://o.tw.marcus.com:80/
0	zero byte favicon	http://p.tw.marcus.com/
0	zero byte favicon	http://p.tw.marcus.com:80/
0	zero byte favicon	http://post.tw.marcus.com/
0	zero byte favicon	http://post.tw.marcus.com:80/
0	zero byte favicon	http://s.tw.marcus.com/
0	zero byte favicon	http://s.tw.marcus.com:80/
0	zero byte favicon	http://tw.marcus.com/
0	zero byte favicon	http://tw.marcus.com:80/
0	zero byte favicon	http://u.tw.marcus.com/
0	zero byte favicon	http://u.tw.marcus.com:80/
0	zero byte favicon	http://v.marcus.com:80/
0	zero byte favicon	http://view.e.marcus.com/
0	zero byte favicon	http://view.e.marcus.com:80/
0	zero byte favicon	https://o.tw.marcus.com/
0	zero byte favicon	https://o.tw.marcus.com:443/
0	zero byte favicon	https://p.tw.marcus.com/
0	zero byte favicon	https://p.tw.marcus.com:443/
0	zero byte favicon	https://post.tw.marcus.com/
0	zero byte favicon	https://post.tw.marcus.com:443/
0	zero byte favicon	https://s.tw.marcus.com/
0	zero byte favicon	https://s.tw.marcus.com:443/
0	zero byte favicon	https://tw.marcus.com/
0	zero byte favicon	https://tw.marcus.com:443/
0	zero byte favicon	https://u.tw.marcus.com/
0	zero byte favicon	https://u.tw.marcus.com:443/
0	zero byte favicon	https://v.marcus.com:443/
0	zero byte favicon	https://view.e.marcus.com/
0	zero byte favicon	https://view.e.marcus.com:443/
d41d8cd98f00b204e9800998ecf8427e	zero byte favicon	http://o.tw.marcus.com/
d41d8cd98f00b204e9800998ecf8427e	zero byte favicon	http://o.tw.marcus.com:80/
d41d8cd98f00b204e9800998ecf8427e	zero byte favicon	http://p.tw.marcus.com/
d41d8cd98f00b204e9800998ecf8427e	zero byte favicon	http://p.tw.marcus.com:80/
d41d8cd98f00b204e9800998ecf8427e	zero byte favicon	http://post.tw.marcus.com/
d41d8cd98f00b204e9800998ecf8427e	zero byte favicon	http://post.tw.marcus.com:80/
d41d8cd98f00b204e9800998ecf8427e	zero byte favicon	http://s.tw.marcus.com/
d41d8cd98f00b204e9800998ecf8427e	zero byte favicon	http://s.tw.marcus.com:80/
d41d8cd98f00b204e9800998ecf8427e	zero byte favicon	http://tw.marcus.com/
d41d8cd98f00b204e9800998ecf8427e	zero byte favicon	http://tw.marcus.com:80/
d41d8cd98f00b204e9800998ecf8427e	zero byte favicon	http://u.tw.marcus.com/
d41d8cd98f00b204e9800998ecf8427e	zero byte favicon	http://u.tw.marcus.com:80/
d41d8cd98f00b204e9800998ecf8427e	zero byte favicon	http://v.marcus.com:80/
d41d8cd98f00b204e9800998ecf8427e	zero byte favicon	http://view.e.marcus.com/
d41d8cd98f00b204e9800998ecf8427e	zero byte favicon	http://view.e.marcus.com:80/
d41d8cd98f00b204e9800998ecf8427e	zero byte favicon	https://o.tw.marcus.com/
d41d8cd98f00b204e9800998ecf8427e	zero byte favicon	https://o.tw.marcus.com:443/
d41d8cd98f00b204e9800998ecf8427e	zero byte favicon	https://p.tw.marcus.com/
d41d8cd98f00b204e9800998ecf8427e	zero byte favicon	https://p.tw.marcus.com:443/
d41d8cd98f00b204e9800998ecf8427e	zero byte favicon	https://post.tw.marcus.com/
d41d8cd98f00b204e9800998ecf8427e	zero byte favicon	https://post.tw.marcus.com:443/
d41d8cd98f00b204e9800998ecf8427e	zero byte favicon	https://s.tw.marcus.com/
d41d8cd98f00b204e9800998ecf8427e	zero byte favicon	https://s.tw.marcus.com:443/
d41d8cd98f00b204e9800998ecf8427e	zero byte favicon	https://tw.marcus.com/
d41d8cd98f00b204e9800998ecf8427e	zero byte favicon	https://tw.marcus.com:443/
d41d8cd98f00b204e9800998ecf8427e	zero byte favicon	https://u.tw.marcus.com/
d41d8cd98f00b204e9800998ecf8427e	zero byte favicon	https://u.tw.marcus.com:443/
d41d8cd98f00b204e9800998ecf8427e	zero byte favicon	https://v.marcus.com:443/
d41d8cd98f00b204e9800998ecf8427e	zero byte favicon	https://view.e.marcus.com/
d41d8cd98f00b204e9800998ecf8427e	zero byte favicon	https://view.e.marcus.com:443/
