-1298108480	yii php framework (default favicon)	http://report.hr.mi.com/
-1298108480	yii php framework (default favicon)	https://report.hr.mi.com/
-1414475558	microsoft iis	http://icrm.be.mi.com/
-1414475558	microsoft iis	https://icrm.be.mi.com/
-1414475558	microsoft iis	https://icrm.be.test.mi.com/
-927895498	xiaomi	http://app.men.mi.com/
-927895498	xiaomi	http://live.mi.com/
-927895498	xiaomi	http://mi.com/
-927895498	xiaomi	http://service.order.mi.com/
-927895498	xiaomi	http://www.mi.com/
-927895498	xiaomi	https://app.men.mi.com/
-927895498	xiaomi	https://live.mi.com/
-927895498	xiaomi	https://mi.com/
-927895498	xiaomi	https://service.order.mi.com/
-927895498	xiaomi	https://tv.mi.com/
-927895498	xiaomi	https://www.mi.com/
0	zero byte favicon	http://ai.mi.com/
0	zero byte favicon	http://api.jr.mi.com/
0	zero byte favicon	http://carwith.link.mi.com/
0	zero byte favicon	http://hk.mibi.mi.com/
0	zero byte favicon	http://jr.mi.com/
0	zero byte favicon	http://m.hk.mibi.mi.com/
0	zero byte favicon	http://notify.insurance.jr.mi.com/
0	zero byte favicon	http://staging.open.scf.mi.com/
0	zero byte favicon	http://testing-hksdk.mgp.mi.com/
0	zero byte favicon	http://upgrade.miglass.mi.com/
0	zero byte favicon	http://upload.dev.mi.com/
0	zero byte favicon	https://ai.mi.com/
0	zero byte favicon	https://api.jr.mi.com/
0	zero byte favicon	https://api.miot.10046.mi.com/
0	zero byte favicon	https://carwith.link.mi.com/
0	zero byte favicon	https://hk.mibi.mi.com/
0	zero byte favicon	https://jr.mi.com/
0	zero byte favicon	https://m.hk.mibi.mi.com/
0	zero byte favicon	https://notify.insurance.jr.mi.com/
0	zero byte favicon	https://staging.open.scf.mi.com/
0	zero byte favicon	https://testing-hksdk.mgp.mi.com/
0	zero byte favicon	https://upload.dev.mi.com/
116323821	springboot	http://callback.mier.mi.com/
116323821	springboot	http://camera.api.io.mi.com/
116323821	springboot	http://in.mismart.mi.com/
116323821	springboot	http://in.mismart.pre.mi.com/
116323821	springboot	http://watch-appstore.iot.mi.com/
116323821	springboot	https://access.b.iot.mi.com/
116323821	springboot	https://business.smartcamera.api.io.mi.com/
116323821	springboot	https://callback.mier.mi.com/
116323821	springboot	https://camera.api.io.mi.com/
116323821	springboot	https://in.mismart.mi.com/
116323821	springboot	https://in.mismart.pre.mi.com/
116323821	springboot	https://processor.smartcamera.api.io.mi.com/
116323821	springboot	https://sg.business.smartcamera.api.io.mi.com/
116323821	springboot	https://watch-appstore.iot.mi.com/
5c86ac7d198a3f67f96e859f58cd1b51	xiaomi	http://app.men.mi.com/
5c86ac7d198a3f67f96e859f58cd1b51	xiaomi	http://live.mi.com/
5c86ac7d198a3f67f96e859f58cd1b51	xiaomi	http://mi.com/
5c86ac7d198a3f67f96e859f58cd1b51	xiaomi	http://service.order.mi.com/
5c86ac7d198a3f67f96e859f58cd1b51	xiaomi	http://www.mi.com/
5c86ac7d198a3f67f96e859f58cd1b51	xiaomi	https://app.men.mi.com/
5c86ac7d198a3f67f96e859f58cd1b51	xiaomi	https://live.mi.com/
5c86ac7d198a3f67f96e859f58cd1b51	xiaomi	https://mi.com/
5c86ac7d198a3f67f96e859f58cd1b51	xiaomi	https://service.order.mi.com/
5c86ac7d198a3f67f96e859f58cd1b51	xiaomi	https://tv.mi.com/
5c86ac7d198a3f67f96e859f58cd1b51	xiaomi	https://www.mi.com/
d41d8cd98f00b204e9800998ecf8427e	zero byte favicon	http://ai.mi.com/
d41d8cd98f00b204e9800998ecf8427e	zero byte favicon	http://api.jr.mi.com/
d41d8cd98f00b204e9800998ecf8427e	zero byte favicon	http://carwith.link.mi.com/
d41d8cd98f00b204e9800998ecf8427e	zero byte favicon	http://hk.mibi.mi.com/
d41d8cd98f00b204e9800998ecf8427e	zero byte favicon	http://jr.mi.com/
d41d8cd98f00b204e9800998ecf8427e	zero byte favicon	http://m.hk.mibi.mi.com/
d41d8cd98f00b204e9800998ecf8427e	zero byte favicon	http://notify.insurance.jr.mi.com/
d41d8cd98f00b204e9800998ecf8427e	zero byte favicon	http://staging.open.scf.mi.com/
d41d8cd98f00b204e9800998ecf8427e	zero byte favicon	http://testing-hksdk.mgp.mi.com/
d41d8cd98f00b204e9800998ecf8427e	zero byte favicon	http://upgrade.miglass.mi.com/
d41d8cd98f00b204e9800998ecf8427e	zero byte favicon	http://upload.dev.mi.com/
d41d8cd98f00b204e9800998ecf8427e	zero byte favicon	https://ai.mi.com/
d41d8cd98f00b204e9800998ecf8427e	zero byte favicon	https://api.jr.mi.com/
d41d8cd98f00b204e9800998ecf8427e	zero byte favicon	https://api.miot.10046.mi.com/
d41d8cd98f00b204e9800998ecf8427e	zero byte favicon	https://carwith.link.mi.com/
d41d8cd98f00b204e9800998ecf8427e	zero byte favicon	https://hk.mibi.mi.com/
d41d8cd98f00b204e9800998ecf8427e	zero byte favicon	https://jr.mi.com/
d41d8cd98f00b204e9800998ecf8427e	zero byte favicon	https://m.hk.mibi.mi.com/
d41d8cd98f00b204e9800998ecf8427e	zero byte favicon	https://notify.insurance.jr.mi.com/
d41d8cd98f00b204e9800998ecf8427e	zero byte favicon	https://staging.open.scf.mi.com/
d41d8cd98f00b204e9800998ecf8427e	zero byte favicon	https://testing-hksdk.mgp.mi.com/
d41d8cd98f00b204e9800998ecf8427e	zero byte favicon	https://upgrade.miglass.mi.com/
d41d8cd98f00b204e9800998ecf8427e	zero byte favicon	https://upload.dev.mi.com/
e71ed563d9c0742ee87ad93ec1a22238	springboot	http://callback.mier.mi.com/
e71ed563d9c0742ee87ad93ec1a22238	springboot	http://camera.api.io.mi.com/
e71ed563d9c0742ee87ad93ec1a22238	springboot	http://in.mismart.mi.com/
e71ed563d9c0742ee87ad93ec1a22238	springboot	http://in.mismart.pre.mi.com/
e71ed563d9c0742ee87ad93ec1a22238	springboot	http://watch-appstore.iot.mi.com/
e71ed563d9c0742ee87ad93ec1a22238	springboot	https://access.b.iot.mi.com/
e71ed563d9c0742ee87ad93ec1a22238	springboot	https://business.smartcamera.api.io.mi.com/
e71ed563d9c0742ee87ad93ec1a22238	springboot	https://callback.mier.mi.com/
e71ed563d9c0742ee87ad93ec1a22238	springboot	https://camera.api.io.mi.com/
e71ed563d9c0742ee87ad93ec1a22238	springboot	https://in.mismart.mi.com/
e71ed563d9c0742ee87ad93ec1a22238	springboot	https://in.mismart.pre.mi.com/
e71ed563d9c0742ee87ad93ec1a22238	springboot	https://processor.smartcamera.api.io.mi.com/
e71ed563d9c0742ee87ad93ec1a22238	springboot	https://sg.business.smartcamera.api.io.mi.com/
e71ed563d9c0742ee87ad93ec1a22238	springboot	https://watch-appstore.iot.mi.com/
