-927895498	xiaomi	http://adv.l7.34.sec.miui.com:80/
-927895498	xiaomi	http://adv.sec.intl.miui.com:80/
-927895498	xiaomi	http://adv.sec.miui.com:80/
-927895498	xiaomi	http://flash.sec.intl.miui.com:80/
-927895498	xiaomi	http://flash.sec.miui.com/
-927895498	xiaomi	http://flash.sec.miui.com:80/
-927895498	xiaomi	http://in-protect-dev.sec.intl.miui.com:80/
-927895498	xiaomi	http://in-unlock.update.intl.miui.com:80/
-927895498	xiaomi	http://mcc.india.inf.miui.com:80/
-927895498	xiaomi	http://mcc.intl.inf.miui.com:80/
-927895498	xiaomi	http://mcc.russia.inf.miui.com:80/
-927895498	xiaomi	http://misys.api.comm.miui.com:80/
-927895498	xiaomi	http://orig.attach.bbs.miui.com:80/
-927895498	xiaomi	http://orig.static.bbs.miui.com:80/
-927895498	xiaomi	http://protect.dev.sec.intl.miui.com:80/
-927895498	xiaomi	http://protect.dev.sec.miui.com/
-927895498	xiaomi	http://protect.dev.sec.miui.com:80/
-927895498	xiaomi	http://ru-unlock.update.intl.miui.com:80/
-927895498	xiaomi	http://unlock.update.intl.miui.com:80/
-927895498	xiaomi	http://web.comm.miui.com:80/
-927895498	xiaomi	http://web.huangye.miui.com/
-927895498	xiaomi	http://web.huangye.miui.com:80/
-927895498	xiaomi	https://adv.l7.34.sec.miui.com:443/
-927895498	xiaomi	https://adv.sec.intl.miui.com:443/
-927895498	xiaomi	https://adv.sec.miui.com:443/
-927895498	xiaomi	https://flash.sec.intl.miui.com:443/
-927895498	xiaomi	https://flash.sec.miui.com/
-927895498	xiaomi	https://flash.sec.miui.com:443/
-927895498	xiaomi	https://in-protect-dev.sec.intl.miui.com:443/
-927895498	xiaomi	https://in-unlock.update.intl.miui.com:443/
-927895498	xiaomi	https://mcc.india.inf.miui.com:443/
-927895498	xiaomi	https://mcc.intl.inf.miui.com:443/
-927895498	xiaomi	https://mcc.russia.inf.miui.com:443/
-927895498	xiaomi	https://protect.dev.sec.intl.miui.com:443/
-927895498	xiaomi	https://protect.dev.sec.miui.com/
-927895498	xiaomi	https://protect.dev.sec.miui.com:443/
-927895498	xiaomi	https://ru-unlock.update.intl.miui.com:443/
-927895498	xiaomi	https://unlock.update.intl.miui.com:443/
-927895498	xiaomi	https://unlock.update.miui.com:443/
-927895498	xiaomi	https://web.huangye.miui.com/
-927895498	xiaomi	https://web.huangye.miui.com:443/
0	zero byte favicon	http://account-alpha.vip.miui.com:80/
0	zero byte favicon	http://account.vip.miui.com:80/
0	zero byte favicon	http://act.browser.intl.miui.com:80/
0	zero byte favicon	http://activity.browser.intl.miui.com:80/
0	zero byte favicon	http://admin.browser.miui.com:80/
0	zero byte favicon	http://api-alpha.vip.miui.com:80/
0	zero byte favicon	http://api.aurogon.intl.miui.com:80/
0	zero byte favicon	http://api.comm.miui.com/
0	zero byte favicon	http://api.comm.miui.com:80/
0	zero byte favicon	http://api.game.intl.miui.com:80/
0	zero byte favicon	http://api.health.comm.miui.com:80/
0	zero byte favicon	http://api.ru.miui.com:80/
0	zero byte favicon	http://api.smartrip.comm.miui.com:80/
0	zero byte favicon	http://api.vip.miui.com:80/
0	zero byte favicon	http://bbs.miui.com:80/
0	zero byte favicon	http://ccc.sys.miui.com:80/
0	zero byte favicon	http://chong.sec.miui.com:80/
0	zero byte favicon	http://cname-hot.browser.miui.com:80/
0	zero byte favicon	http://cname2ip.browser.miui.com:80/
0	zero byte favicon	http://hot.browser.intl.miui.com:80/
0	zero byte favicon	http://india.activity.browser.intl.miui.com:80/
0	zero byte favicon	http://jupiter.intl.sys.miui.com:80/
0	zero byte favicon	http://jupiter.rus.sys.miui.com/
0	zero byte favicon	http://jupiter.rus.sys.miui.com:80/
0	zero byte favicon	http://jupiter.sys.miui.com:80/
0	zero byte favicon	http://l7.c3.vip.miui.com:80/
0	zero byte favicon	http://ncname-middle.browser.miui.com:80/
0	zero byte favicon	http://open.mp.huangye.miui.com:80/
0	zero byte favicon	http://providers.sec.miui.com:80/
0	zero byte favicon	http://rs.vip.miui.com:80/
0	zero byte favicon	http://tongji-alpha.vip.miui.com:80/
0	zero byte favicon	http://tongji.vip.miui.com:80/
0	zero byte favicon	http://web-alpha.vip.miui.com:80/
0	zero byte favicon	http://wnoise.vip.miui.com:80/
0	zero byte favicon	http://x.vip.miui.com:80/
0	zero byte favicon	https://account-alpha.vip.miui.com:443/
0	zero byte favicon	https://act.browser.intl.miui.com:443/
0	zero byte favicon	https://activity.browser.intl.miui.com:443/
0	zero byte favicon	https://admin.browser.miui.com:443/
0	zero byte favicon	https://api-alpha.vip.miui.com:443/
0	zero byte favicon	https://api.aurogon.intl.miui.com:443/
0	zero byte favicon	https://api.comm.miui.com/
0	zero byte favicon	https://api.comm.miui.com:443/
0	zero byte favicon	https://api.game.intl.miui.com:443/
0	zero byte favicon	https://api.health.comm.miui.com:443/
0	zero byte favicon	https://api.mcc.miui.com:443/
0	zero byte favicon	https://api.ru.miui.com:443/
0	zero byte favicon	https://api.smartrip.comm.miui.com:443/
0	zero byte favicon	https://api.vip.miui.com:443/
0	zero byte favicon	https://ccc.sys.miui.com:443/
0	zero byte favicon	https://chong.sec.miui.com:443/
0	zero byte favicon	https://cname-hot.browser.miui.com:443/
0	zero byte favicon	https://cname2ip.browser.miui.com:443/
0	zero byte favicon	https://exp.search.miui.com/
0	zero byte favicon	https://exp.search.miui.com:443/
0	zero byte favicon	https://exp.sug.browser.miui.com/
0	zero byte favicon	https://exp.sug.browser.miui.com:443/
0	zero byte favicon	https://hot.browser.intl.miui.com:443/
0	zero byte favicon	https://india.activity.browser.intl.miui.com:443/
0	zero byte favicon	https://jupiter.intl.sys.miui.com:443/
0	zero byte favicon	https://jupiter.rus.sys.miui.com/
0	zero byte favicon	https://jupiter.rus.sys.miui.com:443/
0	zero byte favicon	https://jupiter.sys.miui.com:443/
0	zero byte favicon	https://l7.c3.vip.miui.com:443/
0	zero byte favicon	https://ncname-middle.browser.miui.com:443/
0	zero byte favicon	https://open.mp.huangye.miui.com:443/
0	zero byte favicon	https://preview.cp.assistant.miui.com:443/
0	zero byte favicon	https://providers.sec.miui.com:443/
0	zero byte favicon	https://rs.vip.miui.com:443/
0	zero byte favicon	https://sug.browser.miui.com:443/
0	zero byte favicon	https://taplus.mcc.miui.com:443/
0	zero byte favicon	https://tongji-alpha.vip.miui.com:443/
0	zero byte favicon	https://tongji.vip.miui.com:443/
0	zero byte favicon	https://track.mcc.miui.com:443/
0	zero byte favicon	https://vip.miui.com:443/
0	zero byte favicon	https://web-alpha.vip.miui.com:443/
0	zero byte favicon	https://wnoise.vip.miui.com:443/
0	zero byte favicon	https://x.vip.miui.com:443/
116323821	springboot	http://api.browser.miui.com:80/
116323821	springboot	http://data.sec.intl.miui.com:80/
116323821	springboot	http://data.sec.miui.com:80/
116323821	springboot	http://preview.cp.assistant.miui.com:80/
116323821	springboot	http://preview.trading.assistant.miui.com/
116323821	springboot	http://preview.trading.assistant.miui.com:80/
116323821	springboot	http://r.bd.sec.miui.com:80/
116323821	springboot	http://r.browser.miui.com:80/
116323821	springboot	http://r.sg.sec.miui.com:80/
116323821	springboot	https://api.browser.miui.com:443/
116323821	springboot	https://data.sec.intl.miui.com:443/
116323821	springboot	https://data.sec.miui.com:443/
116323821	springboot	https://preview.trading.assistant.miui.com/
116323821	springboot	https://preview.trading.assistant.miui.com:443/
116323821	springboot	https://r.browser.miui.com:443/
5c86ac7d198a3f67f96e859f58cd1b51	xiaomi	http://adv.l7.34.sec.miui.com:80/
5c86ac7d198a3f67f96e859f58cd1b51	xiaomi	http://adv.sec.intl.miui.com:80/
5c86ac7d198a3f67f96e859f58cd1b51	xiaomi	http://adv.sec.miui.com:80/
5c86ac7d198a3f67f96e859f58cd1b51	xiaomi	http://flash.sec.intl.miui.com:80/
5c86ac7d198a3f67f96e859f58cd1b51	xiaomi	http://flash.sec.miui.com/
5c86ac7d198a3f67f96e859f58cd1b51	xiaomi	http://flash.sec.miui.com:80/
5c86ac7d198a3f67f96e859f58cd1b51	xiaomi	http://in-protect-dev.sec.intl.miui.com:80/
5c86ac7d198a3f67f96e859f58cd1b51	xiaomi	http://in-unlock.update.intl.miui.com:80/
5c86ac7d198a3f67f96e859f58cd1b51	xiaomi	http://mcc.india.inf.miui.com:80/
5c86ac7d198a3f67f96e859f58cd1b51	xiaomi	http://mcc.russia.inf.miui.com:80/
5c86ac7d198a3f67f96e859f58cd1b51	xiaomi	http://misys.api.comm.miui.com:80/
5c86ac7d198a3f67f96e859f58cd1b51	xiaomi	http://orig.attach.bbs.miui.com:80/
5c86ac7d198a3f67f96e859f58cd1b51	xiaomi	http://orig.static.bbs.miui.com:80/
5c86ac7d198a3f67f96e859f58cd1b51	xiaomi	http://protect.dev.sec.intl.miui.com:80/
5c86ac7d198a3f67f96e859f58cd1b51	xiaomi	http://protect.dev.sec.miui.com/
5c86ac7d198a3f67f96e859f58cd1b51	xiaomi	http://protect.dev.sec.miui.com:80/
5c86ac7d198a3f67f96e859f58cd1b51	xiaomi	http://ru-unlock.update.intl.miui.com:80/
5c86ac7d198a3f67f96e859f58cd1b51	xiaomi	http://unlock.update.intl.miui.com:80/
5c86ac7d198a3f67f96e859f58cd1b51	xiaomi	http://web.comm.miui.com:80/
5c86ac7d198a3f67f96e859f58cd1b51	xiaomi	http://web.huangye.miui.com/
5c86ac7d198a3f67f96e859f58cd1b51	xiaomi	http://web.huangye.miui.com:80/
5c86ac7d198a3f67f96e859f58cd1b51	xiaomi	https://adv.l7.34.sec.miui.com:443/
5c86ac7d198a3f67f96e859f58cd1b51	xiaomi	https://adv.sec.intl.miui.com:443/
5c86ac7d198a3f67f96e859f58cd1b51	xiaomi	https://adv.sec.miui.com:443/
5c86ac7d198a3f67f96e859f58cd1b51	xiaomi	https://flash.sec.intl.miui.com:443/
5c86ac7d198a3f67f96e859f58cd1b51	xiaomi	https://flash.sec.miui.com:443/
5c86ac7d198a3f67f96e859f58cd1b51	xiaomi	https://in-protect-dev.sec.intl.miui.com:443/
5c86ac7d198a3f67f96e859f58cd1b51	xiaomi	https://in-unlock.update.intl.miui.com:443/
5c86ac7d198a3f67f96e859f58cd1b51	xiaomi	https://mcc.india.inf.miui.com:443/
5c86ac7d198a3f67f96e859f58cd1b51	xiaomi	https://mcc.intl.inf.miui.com:443/
5c86ac7d198a3f67f96e859f58cd1b51	xiaomi	https://mcc.russia.inf.miui.com:443/
5c86ac7d198a3f67f96e859f58cd1b51	xiaomi	https://protect.dev.sec.intl.miui.com:443/
5c86ac7d198a3f67f96e859f58cd1b51	xiaomi	https://protect.dev.sec.miui.com/
5c86ac7d198a3f67f96e859f58cd1b51	xiaomi	https://protect.dev.sec.miui.com:443/
5c86ac7d198a3f67f96e859f58cd1b51	xiaomi	https://ru-unlock.update.intl.miui.com:443/
5c86ac7d198a3f67f96e859f58cd1b51	xiaomi	https://unlock.update.intl.miui.com:443/
5c86ac7d198a3f67f96e859f58cd1b51	xiaomi	https://unlock.update.miui.com:443/
5c86ac7d198a3f67f96e859f58cd1b51	xiaomi	https://web.huangye.miui.com/
5c86ac7d198a3f67f96e859f58cd1b51	xiaomi	https://web.huangye.miui.com:443/
d41d8cd98f00b204e9800998ecf8427e	zero byte favicon	http://account-alpha.vip.miui.com:80/
d41d8cd98f00b204e9800998ecf8427e	zero byte favicon	http://account.vip.miui.com:80/
d41d8cd98f00b204e9800998ecf8427e	zero byte favicon	http://act.browser.intl.miui.com:80/
d41d8cd98f00b204e9800998ecf8427e	zero byte favicon	http://activity.browser.intl.miui.com:80/
d41d8cd98f00b204e9800998ecf8427e	zero byte favicon	http://admin.browser.miui.com:80/
d41d8cd98f00b204e9800998ecf8427e	zero byte favicon	http://api-alpha.vip.miui.com:80/
d41d8cd98f00b204e9800998ecf8427e	zero byte favicon	http://api.aurogon.intl.miui.com:80/
d41d8cd98f00b204e9800998ecf8427e	zero byte favicon	http://api.comm.miui.com/
d41d8cd98f00b204e9800998ecf8427e	zero byte favicon	http://api.comm.miui.com:80/
d41d8cd98f00b204e9800998ecf8427e	zero byte favicon	http://api.game.intl.miui.com:80/
d41d8cd98f00b204e9800998ecf8427e	zero byte favicon	http://api.health.comm.miui.com:80/
d41d8cd98f00b204e9800998ecf8427e	zero byte favicon	http://api.ru.miui.com:80/
d41d8cd98f00b204e9800998ecf8427e	zero byte favicon	http://api.smartrip.comm.miui.com:80/
d41d8cd98f00b204e9800998ecf8427e	zero byte favicon	http://api.vip.miui.com:80/
d41d8cd98f00b204e9800998ecf8427e	zero byte favicon	http://bbs.miui.com:80/
d41d8cd98f00b204e9800998ecf8427e	zero byte favicon	http://ccc.sys.miui.com:80/
d41d8cd98f00b204e9800998ecf8427e	zero byte favicon	http://chong.sec.miui.com:80/
d41d8cd98f00b204e9800998ecf8427e	zero byte favicon	http://cname-hot.browser.miui.com:80/
d41d8cd98f00b204e9800998ecf8427e	zero byte favicon	http://cname2ip.browser.miui.com:80/
d41d8cd98f00b204e9800998ecf8427e	zero byte favicon	http://hot.browser.intl.miui.com:80/
d41d8cd98f00b204e9800998ecf8427e	zero byte favicon	http://india.activity.browser.intl.miui.com:80/
d41d8cd98f00b204e9800998ecf8427e	zero byte favicon	http://jupiter.intl.sys.miui.com:80/
d41d8cd98f00b204e9800998ecf8427e	zero byte favicon	http://jupiter.rus.sys.miui.com/
d41d8cd98f00b204e9800998ecf8427e	zero byte favicon	http://jupiter.rus.sys.miui.com:80/
d41d8cd98f00b204e9800998ecf8427e	zero byte favicon	http://jupiter.sys.miui.com:80/
d41d8cd98f00b204e9800998ecf8427e	zero byte favicon	http://l7.c3.vip.miui.com:80/
d41d8cd98f00b204e9800998ecf8427e	zero byte favicon	http://ncname-middle.browser.miui.com:80/
d41d8cd98f00b204e9800998ecf8427e	zero byte favicon	http://open.mp.huangye.miui.com:80/
d41d8cd98f00b204e9800998ecf8427e	zero byte favicon	http://providers.sec.miui.com:80/
d41d8cd98f00b204e9800998ecf8427e	zero byte favicon	http://rs.vip.miui.com:80/
d41d8cd98f00b204e9800998ecf8427e	zero byte favicon	http://tongji-alpha.vip.miui.com:80/
d41d8cd98f00b204e9800998ecf8427e	zero byte favicon	http://tongji.vip.miui.com:80/
d41d8cd98f00b204e9800998ecf8427e	zero byte favicon	http://web-alpha.vip.miui.com:80/
d41d8cd98f00b204e9800998ecf8427e	zero byte favicon	http://wnoise.vip.miui.com:80/
d41d8cd98f00b204e9800998ecf8427e	zero byte favicon	http://x.vip.miui.com:80/
d41d8cd98f00b204e9800998ecf8427e	zero byte favicon	https://account-alpha.vip.miui.com:443/
d41d8cd98f00b204e9800998ecf8427e	zero byte favicon	https://act.browser.intl.miui.com:443/
d41d8cd98f00b204e9800998ecf8427e	zero byte favicon	https://activity.browser.intl.miui.com:443/
d41d8cd98f00b204e9800998ecf8427e	zero byte favicon	https://admin.browser.miui.com:443/
d41d8cd98f00b204e9800998ecf8427e	zero byte favicon	https://api-alpha.vip.miui.com:443/
d41d8cd98f00b204e9800998ecf8427e	zero byte favicon	https://api.aurogon.intl.miui.com:443/
d41d8cd98f00b204e9800998ecf8427e	zero byte favicon	https://api.comm.miui.com/
d41d8cd98f00b204e9800998ecf8427e	zero byte favicon	https://api.comm.miui.com:443/
d41d8cd98f00b204e9800998ecf8427e	zero byte favicon	https://api.game.intl.miui.com:443/
d41d8cd98f00b204e9800998ecf8427e	zero byte favicon	https://api.health.comm.miui.com:443/
d41d8cd98f00b204e9800998ecf8427e	zero byte favicon	https://api.mcc.miui.com:443/
d41d8cd98f00b204e9800998ecf8427e	zero byte favicon	https://api.ru.miui.com:443/
d41d8cd98f00b204e9800998ecf8427e	zero byte favicon	https://api.smartrip.comm.miui.com:443/
d41d8cd98f00b204e9800998ecf8427e	zero byte favicon	https://api.vip.miui.com:443/
d41d8cd98f00b204e9800998ecf8427e	zero byte favicon	https://ccc.sys.miui.com:443/
d41d8cd98f00b204e9800998ecf8427e	zero byte favicon	https://chong.sec.miui.com:443/
d41d8cd98f00b204e9800998ecf8427e	zero byte favicon	https://cname-hot.browser.miui.com:443/
d41d8cd98f00b204e9800998ecf8427e	zero byte favicon	https://cname2ip.browser.miui.com:443/
d41d8cd98f00b204e9800998ecf8427e	zero byte favicon	https://exp.search.miui.com/
d41d8cd98f00b204e9800998ecf8427e	zero byte favicon	https://exp.search.miui.com:443/
d41d8cd98f00b204e9800998ecf8427e	zero byte favicon	https://exp.sug.browser.miui.com/
d41d8cd98f00b204e9800998ecf8427e	zero byte favicon	https://exp.sug.browser.miui.com:443/
d41d8cd98f00b204e9800998ecf8427e	zero byte favicon	https://hot.browser.intl.miui.com:443/
d41d8cd98f00b204e9800998ecf8427e	zero byte favicon	https://india.activity.browser.intl.miui.com:443/
d41d8cd98f00b204e9800998ecf8427e	zero byte favicon	https://jupiter.intl.sys.miui.com:443/
d41d8cd98f00b204e9800998ecf8427e	zero byte favicon	https://jupiter.rus.sys.miui.com/
d41d8cd98f00b204e9800998ecf8427e	zero byte favicon	https://jupiter.rus.sys.miui.com:443/
d41d8cd98f00b204e9800998ecf8427e	zero byte favicon	https://jupiter.sys.miui.com:443/
d41d8cd98f00b204e9800998ecf8427e	zero byte favicon	https://l7.c3.vip.miui.com:443/
d41d8cd98f00b204e9800998ecf8427e	zero byte favicon	https://ncname-middle.browser.miui.com:443/
d41d8cd98f00b204e9800998ecf8427e	zero byte favicon	https://open.mp.huangye.miui.com:443/
d41d8cd98f00b204e9800998ecf8427e	zero byte favicon	https://preview.cp.assistant.miui.com:443/
d41d8cd98f00b204e9800998ecf8427e	zero byte favicon	https://providers.sec.miui.com:443/
d41d8cd98f00b204e9800998ecf8427e	zero byte favicon	https://rs.vip.miui.com:443/
d41d8cd98f00b204e9800998ecf8427e	zero byte favicon	https://sug.browser.miui.com:443/
d41d8cd98f00b204e9800998ecf8427e	zero byte favicon	https://taplus.mcc.miui.com:443/
d41d8cd98f00b204e9800998ecf8427e	zero byte favicon	https://tongji-alpha.vip.miui.com:443/
d41d8cd98f00b204e9800998ecf8427e	zero byte favicon	https://tongji.vip.miui.com:443/
d41d8cd98f00b204e9800998ecf8427e	zero byte favicon	https://track.mcc.miui.com:443/
d41d8cd98f00b204e9800998ecf8427e	zero byte favicon	https://vip.miui.com:443/
d41d8cd98f00b204e9800998ecf8427e	zero byte favicon	https://web-alpha.vip.miui.com:443/
d41d8cd98f00b204e9800998ecf8427e	zero byte favicon	https://wnoise.vip.miui.com:443/
d41d8cd98f00b204e9800998ecf8427e	zero byte favicon	https://x.vip.miui.com:443/
e71ed563d9c0742ee87ad93ec1a22238	springboot	http://api.browser.miui.com:80/
e71ed563d9c0742ee87ad93ec1a22238	springboot	http://data.sec.intl.miui.com:80/
e71ed563d9c0742ee87ad93ec1a22238	springboot	http://data.sec.miui.com:80/
e71ed563d9c0742ee87ad93ec1a22238	springboot	http://preview.cp.assistant.miui.com:80/
e71ed563d9c0742ee87ad93ec1a22238	springboot	http://preview.trading.assistant.miui.com/
e71ed563d9c0742ee87ad93ec1a22238	springboot	http://preview.trading.assistant.miui.com:80/
e71ed563d9c0742ee87ad93ec1a22238	springboot	http://r.bd.sec.miui.com:80/
e71ed563d9c0742ee87ad93ec1a22238	springboot	http://r.browser.miui.com:80/
e71ed563d9c0742ee87ad93ec1a22238	springboot	http://r.sg.sec.miui.com:80/
e71ed563d9c0742ee87ad93ec1a22238	springboot	https://api.browser.miui.com:443/
e71ed563d9c0742ee87ad93ec1a22238	springboot	https://data.sec.intl.miui.com:443/
e71ed563d9c0742ee87ad93ec1a22238	springboot	https://data.sec.miui.com:443/
e71ed563d9c0742ee87ad93ec1a22238	springboot	https://preview.trading.assistant.miui.com/
e71ed563d9c0742ee87ad93ec1a22238	springboot	https://preview.trading.assistant.miui.com:443/
e71ed563d9c0742ee87ad93ec1a22238	springboot	https://r.browser.miui.com:443/
