0	zero byte favicon	http://api-bonus-new.qiwi.com:80/
0	zero byte favicon	http://bonus.qiwi.com:80/
0	zero byte favicon	http://share-bonus.qiwi.com:80/
0	zero byte favicon	http://www.bonus.qiwi.com:80/
0	zero byte favicon	https://api-bonus.qiwi.com:443/
0	zero byte favicon	https://bonus.qiwi.com:443/
0	zero byte favicon	https://www.bonus.qiwi.com:443/
116323821	springboot	http://client-self-service.qiwi.com:80/
116323821	springboot	http://oplata.qiwi.com:80/
116323821	springboot	https://client-self-service.qiwi.com:443/
116323821	springboot	https://oplata.qiwi.com:443/
116323821	springboot	https://rate.qiwi.com:443/
d41d8cd98f00b204e9800998ecf8427e	zero byte favicon	http://api-bonus-new.qiwi.com:80/
d41d8cd98f00b204e9800998ecf8427e	zero byte favicon	http://bonus.qiwi.com:80/
d41d8cd98f00b204e9800998ecf8427e	zero byte favicon	http://share-bonus.qiwi.com:80/
d41d8cd98f00b204e9800998ecf8427e	zero byte favicon	http://www.bonus.qiwi.com:80/
d41d8cd98f00b204e9800998ecf8427e	zero byte favicon	https://api-bonus-new.qiwi.com:443/
d41d8cd98f00b204e9800998ecf8427e	zero byte favicon	https://api-bonus.qiwi.com:443/
d41d8cd98f00b204e9800998ecf8427e	zero byte favicon	https://bonus.qiwi.com:443/
d41d8cd98f00b204e9800998ecf8427e	zero byte favicon	https://www.bonus.qiwi.com:443/
e71ed563d9c0742ee87ad93ec1a22238	springboot	http://client-self-service.qiwi.com:80/
e71ed563d9c0742ee87ad93ec1a22238	springboot	http://oplata.qiwi.com:80/
e71ed563d9c0742ee87ad93ec1a22238	springboot	https://client-self-service.qiwi.com:443/
e71ed563d9c0742ee87ad93ec1a22238	springboot	https://oplata.qiwi.com:443/
e71ed563d9c0742ee87ad93ec1a22238	springboot	https://rate.qiwi.com:443/
