-1132923558	ok-status	http://admin.shopify.com/
-1132923558	ok-status	https://admin.shopify.com/
0	zero byte favicon	http://acceleration.shopify.com/
0	zero byte favicon	http://acceleration.shopify.com:80/
0	zero byte favicon	http://adaywithshopify.shopify.com/
0	zero byte favicon	http://adws.shopify.com/
0	zero byte favicon	http://adws.shopify.com:80/
0	zero byte favicon	http://app.shopify.com:80/
0	zero byte favicon	http://auth.data.shopify.com/
0	zero byte favicon	http://auth.data.shopify.com:80/
0	zero byte favicon	http://brochure.shopify.com/
0	zero byte favicon	http://brochure.shopify.com:2082/
0	zero byte favicon	http://brochure.shopify.com:2086/
0	zero byte favicon	http://brochure.shopify.com:80/
0	zero byte favicon	http://brochure.shopify.com:8080/
0	zero byte favicon	http://brochure.shopify.com:8880/
0	zero byte favicon	http://burst.shopify.com/
0	zero byte favicon	http://checkout.shopify.com:80/
0	zero byte favicon	http://cla.shopify.com/
0	zero byte favicon	http://cla.shopify.com:80/
0	zero byte favicon	http://classifieds.shopify.com/
0	zero byte favicon	http://classifieds.shopify.com:80/
0	zero byte favicon	http://community-stage.shopify.com/
0	zero byte favicon	http://community-stage.shopify.com:80/
0	zero byte favicon	http://datastories.shopify.com/
0	zero byte favicon	http://datastories.shopify.com:80/
0	zero byte favicon	http://ecommerce.shopify.com/
0	zero byte favicon	http://ecommerce.shopify.com:80/
0	zero byte favicon	http://engineering.shopify.com/
0	zero byte favicon	http://engineering.shopify.com:80/
0	zero byte favicon	http://es.shopify.com/
0	zero byte favicon	http://es.shopify.com:2082/
0	zero byte favicon	http://es.shopify.com:80/
0	zero byte favicon	http://es.shopify.com:8080/
0	zero byte favicon	http://es.shopify.com:8880/
0	zero byte favicon	http://forums.shopify.com/
0	zero byte favicon	http://forums.shopify.com:80/
0	zero byte favicon	http://fr.shopify.com/
0	zero byte favicon	http://fr.shopify.com:2082/
0	zero byte favicon	http://fr.shopify.com:80/
0	zero byte favicon	http://fr.shopify.com:8080/
0	zero byte favicon	http://fr.shopify.com:8880/
0	zero byte favicon	http://hatchful.shopify.com/
0	zero byte favicon	http://hatchful.shopify.com:80/
0	zero byte favicon	http://hatchful.shopify.com:8080/
0	zero byte favicon	http://hi.shopify.com/
0	zero byte favicon	http://hi.shopify.com:2052/
0	zero byte favicon	http://hi.shopify.com:2082/
0	zero byte favicon	http://hi.shopify.com:2086/
0	zero byte favicon	http://hi.shopify.com:80/
0	zero byte favicon	http://hi.shopify.com:8080/
0	zero byte favicon	http://hi.shopify.com:8880/
0	zero byte favicon	http://in.shopify.com/
0	zero byte favicon	http://in.shopify.com:80/
0	zero byte favicon	http://it.shopify.com/
0	zero byte favicon	http://it.shopify.com:2082/
0	zero byte favicon	http://it.shopify.com:80/
0	zero byte favicon	http://it.shopify.com:8080/
0	zero byte favicon	http://it.shopify.com:8880/
0	zero byte favicon	http://login.community-stage.shopify.com/
0	zero byte favicon	http://login.community-stage.shopify.com:80/
0	zero byte favicon	http://next.shopify.com/
0	zero byte favicon	http://next.shopify.com:2082/
0	zero byte favicon	http://next.shopify.com:2086/
0	zero byte favicon	http://next.shopify.com:80/
0	zero byte favicon	http://next.shopify.com:8080/
0	zero byte favicon	http://next.shopify.com:8880/
0	zero byte favicon	http://pay.shopify.com/
0	zero byte favicon	http://pay.shopify.com:80/
0	zero byte favicon	http://pt.shopify.com/
0	zero byte favicon	http://pt.shopify.com:80/
0	zero byte favicon	http://pursuit.shopify.com/
0	zero byte favicon	http://pursuit.shopify.com:80/
0	zero byte favicon	http://qr.shopify.com/
0	zero byte favicon	http://qr.shopify.com:80/
0	zero byte favicon	http://ru.shopify.com/
0	zero byte favicon	http://ru.shopify.com:80/
0	zero byte favicon	http://sessions.shopify.com/
0	zero byte favicon	http://sessions.shopify.com:80/
0	zero byte favicon	http://shopify.com/
0	zero byte favicon	http://shopify.com:80/
0	zero byte favicon	http://smiley.shopify.com/
0	zero byte favicon	http://smiley.shopify.com:80/
0	zero byte favicon	http://static0.shopify.com/
0	zero byte favicon	http://static1.shopify.com/
0	zero byte favicon	http://static2.shopify.com/
0	zero byte favicon	http://static4.shopify.com/
0	zero byte favicon	http://status.shopify.com/
0	zero byte favicon	http://unite2021.shopify.com/
0	zero byte favicon	http://ww.shopify.com/
0	zero byte favicon	http://ww.shopify.com:2082/
0	zero byte favicon	http://ww.shopify.com:2086/
0	zero byte favicon	http://ww.shopify.com:80/
0	zero byte favicon	http://ww.shopify.com:8080/
0	zero byte favicon	http://ww.shopify.com:8880/
0	zero byte favicon	http://www.burst.shopify.com/
0	zero byte favicon	http://www.burst.shopify.com:80/
0	zero byte favicon	http://www.shopify.com/
0	zero byte favicon	http://www.shopify.com:2082/
0	zero byte favicon	http://www.shopify.com:80/
0	zero byte favicon	http://www.shopify.com:8080/
0	zero byte favicon	http://www.shopify.com:8880/
0	zero byte favicon	http://zh.shopify.com/
0	zero byte favicon	http://zh.shopify.com:2082/
0	zero byte favicon	http://zh.shopify.com:80/
0	zero byte favicon	http://zh.shopify.com:8080/
0	zero byte favicon	http://zh.shopify.com:8880/
0	zero byte favicon	https://acceleration.shopify.com/
0	zero byte favicon	https://acceleration.shopify.com:443/
0	zero byte favicon	https://adaywithshopify.shopify.com/
0	zero byte favicon	https://adaywithshopify.shopify.com:443/
0	zero byte favicon	https://adws.shopify.com/
0	zero byte favicon	https://adws.shopify.com:443/
0	zero byte favicon	https://app.shopify.com:443/
0	zero byte favicon	https://auth.data.shopify.com/
0	zero byte favicon	https://auth.data.shopify.com:443/
0	zero byte favicon	https://brochure.shopify.com/
0	zero byte favicon	https://brochure.shopify.com:443/
0	zero byte favicon	https://burst.shopify.com/
0	zero byte favicon	https://checkout.shopify.com:443/
0	zero byte favicon	https://cla.shopify.com/
0	zero byte favicon	https://cla.shopify.com:443/
0	zero byte favicon	https://classifieds.shopify.com/
0	zero byte favicon	https://classifieds.shopify.com:443/
0	zero byte favicon	https://community-stage.shopify.com/
0	zero byte favicon	https://community-stage.shopify.com:443/
0	zero byte favicon	https://datastories.shopify.com/
0	zero byte favicon	https://datastories.shopify.com:443/
0	zero byte favicon	https://ecommerce.shopify.com/
0	zero byte favicon	https://ecommerce.shopify.com:443/
0	zero byte favicon	https://engineering.shopify.com/
0	zero byte favicon	https://engineering.shopify.com:443/
0	zero byte favicon	https://es.shopify.com/
0	zero byte favicon	https://es.shopify.com:443/
0	zero byte favicon	https://forums.shopify.com/
0	zero byte favicon	https://forums.shopify.com:443/
0	zero byte favicon	https://fr.shopify.com/
0	zero byte favicon	https://fr.shopify.com:443/
0	zero byte favicon	https://hatchful.shopify.com/
0	zero byte favicon	https://hatchful.shopify.com:443/
0	zero byte favicon	https://hi.shopify.com/
0	zero byte favicon	https://hi.shopify.com:443/
0	zero byte favicon	https://in.shopify.com/
0	zero byte favicon	https://in.shopify.com:443/
0	zero byte favicon	https://it.shopify.com/
0	zero byte favicon	https://it.shopify.com:443/
0	zero byte favicon	https://login.community-stage.shopify.com/
0	zero byte favicon	https://login.community-stage.shopify.com:443/
0	zero byte favicon	https://next.shopify.com/
0	zero byte favicon	https://next.shopify.com:443/
0	zero byte favicon	https://pay.shopify.com/
0	zero byte favicon	https://pay.shopify.com:443/
0	zero byte favicon	https://pt.shopify.com/
0	zero byte favicon	https://pt.shopify.com:443/
0	zero byte favicon	https://pursuit.shopify.com/
0	zero byte favicon	https://pursuit.shopify.com:443/
0	zero byte favicon	https://qr.shopify.com/
0	zero byte favicon	https://qr.shopify.com:443/
0	zero byte favicon	https://ru.shopify.com/
0	zero byte favicon	https://ru.shopify.com:443/
0	zero byte favicon	https://sessions.shopify.com/
0	zero byte favicon	https://sessions.shopify.com:443/
0	zero byte favicon	https://shopify.com/
0	zero byte favicon	https://shopify.com:443/
0	zero byte favicon	https://sl.shopify.com/
0	zero byte favicon	https://sl.shopify.com:443/
0	zero byte favicon	https://sl2.shopify.com/
0	zero byte favicon	https://sl2.shopify.com:443/
0	zero byte favicon	https://smiley.shopify.com/
0	zero byte favicon	https://smiley.shopify.com:443/
0	zero byte favicon	https://static0.shopify.com/
0	zero byte favicon	https://static1.shopify.com/
0	zero byte favicon	https://static2.shopify.com/
0	zero byte favicon	https://static4.shopify.com/
0	zero byte favicon	https://status.shopify.com/
0	zero byte favicon	https://unite2021.shopify.com/
0	zero byte favicon	https://ww.shopify.com/
0	zero byte favicon	https://ww.shopify.com:443/
0	zero byte favicon	https://www.burst.shopify.com/
0	zero byte favicon	https://www.burst.shopify.com:443/
0	zero byte favicon	https://www.shopify.com/
0	zero byte favicon	https://www.shopify.com:443/
0	zero byte favicon	https://zh.shopify.com/
0	zero byte favicon	https://zh.shopify.com:443/
1274734426	blankwhite	http://mobile.shopify.com/
1274734426	blankwhite	http://mobile.shopify.com:80/
1274734426	blankwhite	http://pointofsale.shopify.com/
1274734426	blankwhite	http://pointofsale.shopify.com:80/
1274734426	blankwhite	https://mobile.shopify.com/
1274734426	blankwhite	https://mobile.shopify.com:443/
1274734426	blankwhite	https://pointofsale.shopify.com/
1274734426	blankwhite	https://pointofsale.shopify.com:443/
7128409f34cb89e74edeec0ae7a39a0e	ok-status	http://admin.shopify.com/
7128409f34cb89e74edeec0ae7a39a0e	ok-status	https://admin.shopify.com/
8b5a97b687b1fb900d94bc7b1187438f	blankwhite	http://mobile.shopify.com/
8b5a97b687b1fb900d94bc7b1187438f	blankwhite	http://mobile.shopify.com:80/
8b5a97b687b1fb900d94bc7b1187438f	blankwhite	http://pointofsale.shopify.com/
8b5a97b687b1fb900d94bc7b1187438f	blankwhite	http://pointofsale.shopify.com:80/
8b5a97b687b1fb900d94bc7b1187438f	blankwhite	https://mobile.shopify.com/
8b5a97b687b1fb900d94bc7b1187438f	blankwhite	https://mobile.shopify.com:443/
8b5a97b687b1fb900d94bc7b1187438f	blankwhite	https://pointofsale.shopify.com/
8b5a97b687b1fb900d94bc7b1187438f	blankwhite	https://pointofsale.shopify.com:443/
d41d8cd98f00b204e9800998ecf8427e	zero byte favicon	http://acceleration.shopify.com/
d41d8cd98f00b204e9800998ecf8427e	zero byte favicon	http://acceleration.shopify.com:80/
d41d8cd98f00b204e9800998ecf8427e	zero byte favicon	http://adaywithshopify.shopify.com/
d41d8cd98f00b204e9800998ecf8427e	zero byte favicon	http://adaywithshopify.shopify.com:80/
d41d8cd98f00b204e9800998ecf8427e	zero byte favicon	http://adws.shopify.com/
d41d8cd98f00b204e9800998ecf8427e	zero byte favicon	http://adws.shopify.com:80/
d41d8cd98f00b204e9800998ecf8427e	zero byte favicon	http://app.shopify.com:80/
d41d8cd98f00b204e9800998ecf8427e	zero byte favicon	http://auth.data.shopify.com/
d41d8cd98f00b204e9800998ecf8427e	zero byte favicon	http://auth.data.shopify.com:80/
d41d8cd98f00b204e9800998ecf8427e	zero byte favicon	http://brochure.shopify.com/
d41d8cd98f00b204e9800998ecf8427e	zero byte favicon	http://brochure.shopify.com:2082/
d41d8cd98f00b204e9800998ecf8427e	zero byte favicon	http://brochure.shopify.com:2086/
d41d8cd98f00b204e9800998ecf8427e	zero byte favicon	http://brochure.shopify.com:80/
d41d8cd98f00b204e9800998ecf8427e	zero byte favicon	http://brochure.shopify.com:8080/
d41d8cd98f00b204e9800998ecf8427e	zero byte favicon	http://brochure.shopify.com:8880/
d41d8cd98f00b204e9800998ecf8427e	zero byte favicon	http://burst.shopify.com/
d41d8cd98f00b204e9800998ecf8427e	zero byte favicon	http://checkout.shopify.com:80/
d41d8cd98f00b204e9800998ecf8427e	zero byte favicon	http://cla.shopify.com/
d41d8cd98f00b204e9800998ecf8427e	zero byte favicon	http://cla.shopify.com:80/
d41d8cd98f00b204e9800998ecf8427e	zero byte favicon	http://classifieds.shopify.com/
d41d8cd98f00b204e9800998ecf8427e	zero byte favicon	http://classifieds.shopify.com:80/
d41d8cd98f00b204e9800998ecf8427e	zero byte favicon	http://community-stage.shopify.com/
d41d8cd98f00b204e9800998ecf8427e	zero byte favicon	http://community-stage.shopify.com:80/
d41d8cd98f00b204e9800998ecf8427e	zero byte favicon	http://datastories.shopify.com/
d41d8cd98f00b204e9800998ecf8427e	zero byte favicon	http://datastories.shopify.com:80/
d41d8cd98f00b204e9800998ecf8427e	zero byte favicon	http://ecommerce.shopify.com/
d41d8cd98f00b204e9800998ecf8427e	zero byte favicon	http://ecommerce.shopify.com:80/
d41d8cd98f00b204e9800998ecf8427e	zero byte favicon	http://engineering.shopify.com/
d41d8cd98f00b204e9800998ecf8427e	zero byte favicon	http://engineering.shopify.com:80/
d41d8cd98f00b204e9800998ecf8427e	zero byte favicon	http://es.shopify.com/
d41d8cd98f00b204e9800998ecf8427e	zero byte favicon	http://es.shopify.com:2082/
d41d8cd98f00b204e9800998ecf8427e	zero byte favicon	http://es.shopify.com:80/
d41d8cd98f00b204e9800998ecf8427e	zero byte favicon	http://es.shopify.com:8080/
d41d8cd98f00b204e9800998ecf8427e	zero byte favicon	http://es.shopify.com:8880/
d41d8cd98f00b204e9800998ecf8427e	zero byte favicon	http://forums.shopify.com/
d41d8cd98f00b204e9800998ecf8427e	zero byte favicon	http://forums.shopify.com:80/
d41d8cd98f00b204e9800998ecf8427e	zero byte favicon	http://fr.shopify.com/
d41d8cd98f00b204e9800998ecf8427e	zero byte favicon	http://fr.shopify.com:2082/
d41d8cd98f00b204e9800998ecf8427e	zero byte favicon	http://fr.shopify.com:80/
d41d8cd98f00b204e9800998ecf8427e	zero byte favicon	http://fr.shopify.com:8080/
d41d8cd98f00b204e9800998ecf8427e	zero byte favicon	http://fr.shopify.com:8880/
d41d8cd98f00b204e9800998ecf8427e	zero byte favicon	http://hatchful.shopify.com/
d41d8cd98f00b204e9800998ecf8427e	zero byte favicon	http://hatchful.shopify.com:80/
d41d8cd98f00b204e9800998ecf8427e	zero byte favicon	http://hatchful.shopify.com:8080/
d41d8cd98f00b204e9800998ecf8427e	zero byte favicon	http://hi.shopify.com/
d41d8cd98f00b204e9800998ecf8427e	zero byte favicon	http://hi.shopify.com:2052/
d41d8cd98f00b204e9800998ecf8427e	zero byte favicon	http://hi.shopify.com:2082/
d41d8cd98f00b204e9800998ecf8427e	zero byte favicon	http://hi.shopify.com:2086/
d41d8cd98f00b204e9800998ecf8427e	zero byte favicon	http://hi.shopify.com:80/
d41d8cd98f00b204e9800998ecf8427e	zero byte favicon	http://hi.shopify.com:8080/
d41d8cd98f00b204e9800998ecf8427e	zero byte favicon	http://hi.shopify.com:8880/
d41d8cd98f00b204e9800998ecf8427e	zero byte favicon	http://in.shopify.com/
d41d8cd98f00b204e9800998ecf8427e	zero byte favicon	http://in.shopify.com:80/
d41d8cd98f00b204e9800998ecf8427e	zero byte favicon	http://it.shopify.com/
d41d8cd98f00b204e9800998ecf8427e	zero byte favicon	http://it.shopify.com:2082/
d41d8cd98f00b204e9800998ecf8427e	zero byte favicon	http://it.shopify.com:80/
d41d8cd98f00b204e9800998ecf8427e	zero byte favicon	http://it.shopify.com:8080/
d41d8cd98f00b204e9800998ecf8427e	zero byte favicon	http://login.community-stage.shopify.com/
d41d8cd98f00b204e9800998ecf8427e	zero byte favicon	http://login.community-stage.shopify.com:80/
d41d8cd98f00b204e9800998ecf8427e	zero byte favicon	http://next.shopify.com/
d41d8cd98f00b204e9800998ecf8427e	zero byte favicon	http://next.shopify.com:2082/
d41d8cd98f00b204e9800998ecf8427e	zero byte favicon	http://next.shopify.com:2086/
d41d8cd98f00b204e9800998ecf8427e	zero byte favicon	http://next.shopify.com:80/
d41d8cd98f00b204e9800998ecf8427e	zero byte favicon	http://next.shopify.com:8080/
d41d8cd98f00b204e9800998ecf8427e	zero byte favicon	http://next.shopify.com:8880/
d41d8cd98f00b204e9800998ecf8427e	zero byte favicon	http://pay.shopify.com/
d41d8cd98f00b204e9800998ecf8427e	zero byte favicon	http://pay.shopify.com:80/
d41d8cd98f00b204e9800998ecf8427e	zero byte favicon	http://pt.shopify.com/
d41d8cd98f00b204e9800998ecf8427e	zero byte favicon	http://pt.shopify.com:80/
d41d8cd98f00b204e9800998ecf8427e	zero byte favicon	http://pursuit.shopify.com/
d41d8cd98f00b204e9800998ecf8427e	zero byte favicon	http://qr.shopify.com/
d41d8cd98f00b204e9800998ecf8427e	zero byte favicon	http://qr.shopify.com:80/
d41d8cd98f00b204e9800998ecf8427e	zero byte favicon	http://ru.shopify.com/
d41d8cd98f00b204e9800998ecf8427e	zero byte favicon	http://ru.shopify.com:80/
d41d8cd98f00b204e9800998ecf8427e	zero byte favicon	http://sessions.shopify.com/
d41d8cd98f00b204e9800998ecf8427e	zero byte favicon	http://sessions.shopify.com:80/
d41d8cd98f00b204e9800998ecf8427e	zero byte favicon	http://shopify.com/
d41d8cd98f00b204e9800998ecf8427e	zero byte favicon	http://shopify.com:80/
d41d8cd98f00b204e9800998ecf8427e	zero byte favicon	http://smiley.shopify.com/
d41d8cd98f00b204e9800998ecf8427e	zero byte favicon	http://smiley.shopify.com:80/
d41d8cd98f00b204e9800998ecf8427e	zero byte favicon	http://static0.shopify.com/
d41d8cd98f00b204e9800998ecf8427e	zero byte favicon	http://static1.shopify.com/
d41d8cd98f00b204e9800998ecf8427e	zero byte favicon	http://static2.shopify.com/
d41d8cd98f00b204e9800998ecf8427e	zero byte favicon	http://static4.shopify.com/
d41d8cd98f00b204e9800998ecf8427e	zero byte favicon	http://status.shopify.com/
d41d8cd98f00b204e9800998ecf8427e	zero byte favicon	http://unite2021.shopify.com/
d41d8cd98f00b204e9800998ecf8427e	zero byte favicon	http://ww.shopify.com/
d41d8cd98f00b204e9800998ecf8427e	zero byte favicon	http://ww.shopify.com:2082/
d41d8cd98f00b204e9800998ecf8427e	zero byte favicon	http://ww.shopify.com:2086/
d41d8cd98f00b204e9800998ecf8427e	zero byte favicon	http://ww.shopify.com:80/
d41d8cd98f00b204e9800998ecf8427e	zero byte favicon	http://ww.shopify.com:8080/
d41d8cd98f00b204e9800998ecf8427e	zero byte favicon	http://ww.shopify.com:8880/
d41d8cd98f00b204e9800998ecf8427e	zero byte favicon	http://www.burst.shopify.com/
d41d8cd98f00b204e9800998ecf8427e	zero byte favicon	http://www.burst.shopify.com:80/
d41d8cd98f00b204e9800998ecf8427e	zero byte favicon	http://www.shopify.com/
d41d8cd98f00b204e9800998ecf8427e	zero byte favicon	http://www.shopify.com:2082/
d41d8cd98f00b204e9800998ecf8427e	zero byte favicon	http://www.shopify.com:80/
d41d8cd98f00b204e9800998ecf8427e	zero byte favicon	http://www.shopify.com:8080/
d41d8cd98f00b204e9800998ecf8427e	zero byte favicon	http://www.shopify.com:8880/
d41d8cd98f00b204e9800998ecf8427e	zero byte favicon	http://zh.shopify.com/
d41d8cd98f00b204e9800998ecf8427e	zero byte favicon	http://zh.shopify.com:2082/
d41d8cd98f00b204e9800998ecf8427e	zero byte favicon	http://zh.shopify.com:80/
d41d8cd98f00b204e9800998ecf8427e	zero byte favicon	http://zh.shopify.com:8080/
d41d8cd98f00b204e9800998ecf8427e	zero byte favicon	http://zh.shopify.com:8880/
d41d8cd98f00b204e9800998ecf8427e	zero byte favicon	https://acceleration.shopify.com/
d41d8cd98f00b204e9800998ecf8427e	zero byte favicon	https://acceleration.shopify.com:443/
d41d8cd98f00b204e9800998ecf8427e	zero byte favicon	https://adaywithshopify.shopify.com/
d41d8cd98f00b204e9800998ecf8427e	zero byte favicon	https://adaywithshopify.shopify.com:443/
d41d8cd98f00b204e9800998ecf8427e	zero byte favicon	https://adws.shopify.com/
d41d8cd98f00b204e9800998ecf8427e	zero byte favicon	https://adws.shopify.com:443/
d41d8cd98f00b204e9800998ecf8427e	zero byte favicon	https://app.shopify.com:443/
d41d8cd98f00b204e9800998ecf8427e	zero byte favicon	https://auth.data.shopify.com/
d41d8cd98f00b204e9800998ecf8427e	zero byte favicon	https://auth.data.shopify.com:443/
d41d8cd98f00b204e9800998ecf8427e	zero byte favicon	https://brochure.shopify.com/
d41d8cd98f00b204e9800998ecf8427e	zero byte favicon	https://brochure.shopify.com:443/
d41d8cd98f00b204e9800998ecf8427e	zero byte favicon	https://burst.shopify.com/
d41d8cd98f00b204e9800998ecf8427e	zero byte favicon	https://checkout.shopify.com:443/
d41d8cd98f00b204e9800998ecf8427e	zero byte favicon	https://cla.shopify.com/
d41d8cd98f00b204e9800998ecf8427e	zero byte favicon	https://cla.shopify.com:443/
d41d8cd98f00b204e9800998ecf8427e	zero byte favicon	https://classifieds.shopify.com/
d41d8cd98f00b204e9800998ecf8427e	zero byte favicon	https://classifieds.shopify.com:443/
d41d8cd98f00b204e9800998ecf8427e	zero byte favicon	https://community-stage.shopify.com/
d41d8cd98f00b204e9800998ecf8427e	zero byte favicon	https://community-stage.shopify.com:443/
d41d8cd98f00b204e9800998ecf8427e	zero byte favicon	https://datastories.shopify.com/
d41d8cd98f00b204e9800998ecf8427e	zero byte favicon	https://datastories.shopify.com:443/
d41d8cd98f00b204e9800998ecf8427e	zero byte favicon	https://ecommerce.shopify.com/
d41d8cd98f00b204e9800998ecf8427e	zero byte favicon	https://ecommerce.shopify.com:443/
d41d8cd98f00b204e9800998ecf8427e	zero byte favicon	https://engineering.shopify.com/
d41d8cd98f00b204e9800998ecf8427e	zero byte favicon	https://engineering.shopify.com:443/
d41d8cd98f00b204e9800998ecf8427e	zero byte favicon	https://es.shopify.com/
d41d8cd98f00b204e9800998ecf8427e	zero byte favicon	https://es.shopify.com:443/
d41d8cd98f00b204e9800998ecf8427e	zero byte favicon	https://forums.shopify.com/
d41d8cd98f00b204e9800998ecf8427e	zero byte favicon	https://forums.shopify.com:443/
d41d8cd98f00b204e9800998ecf8427e	zero byte favicon	https://fr.shopify.com/
d41d8cd98f00b204e9800998ecf8427e	zero byte favicon	https://fr.shopify.com:443/
d41d8cd98f00b204e9800998ecf8427e	zero byte favicon	https://hatchful.shopify.com/
d41d8cd98f00b204e9800998ecf8427e	zero byte favicon	https://hatchful.shopify.com:443/
d41d8cd98f00b204e9800998ecf8427e	zero byte favicon	https://hi.shopify.com/
d41d8cd98f00b204e9800998ecf8427e	zero byte favicon	https://hi.shopify.com:443/
d41d8cd98f00b204e9800998ecf8427e	zero byte favicon	https://in.shopify.com/
d41d8cd98f00b204e9800998ecf8427e	zero byte favicon	https://in.shopify.com:443/
d41d8cd98f00b204e9800998ecf8427e	zero byte favicon	https://it.shopify.com/
d41d8cd98f00b204e9800998ecf8427e	zero byte favicon	https://it.shopify.com:443/
d41d8cd98f00b204e9800998ecf8427e	zero byte favicon	https://login.community-stage.shopify.com/
d41d8cd98f00b204e9800998ecf8427e	zero byte favicon	https://login.community-stage.shopify.com:443/
d41d8cd98f00b204e9800998ecf8427e	zero byte favicon	https://next.shopify.com/
d41d8cd98f00b204e9800998ecf8427e	zero byte favicon	https://next.shopify.com:443/
d41d8cd98f00b204e9800998ecf8427e	zero byte favicon	https://pay.shopify.com/
d41d8cd98f00b204e9800998ecf8427e	zero byte favicon	https://pay.shopify.com:443/
d41d8cd98f00b204e9800998ecf8427e	zero byte favicon	https://pt.shopify.com/
d41d8cd98f00b204e9800998ecf8427e	zero byte favicon	https://pt.shopify.com:443/
d41d8cd98f00b204e9800998ecf8427e	zero byte favicon	https://pursuit.shopify.com/
d41d8cd98f00b204e9800998ecf8427e	zero byte favicon	https://pursuit.shopify.com:443/
d41d8cd98f00b204e9800998ecf8427e	zero byte favicon	https://qr.shopify.com/
d41d8cd98f00b204e9800998ecf8427e	zero byte favicon	https://qr.shopify.com:443/
d41d8cd98f00b204e9800998ecf8427e	zero byte favicon	https://ru.shopify.com/
d41d8cd98f00b204e9800998ecf8427e	zero byte favicon	https://ru.shopify.com:443/
d41d8cd98f00b204e9800998ecf8427e	zero byte favicon	https://sessions.shopify.com/
d41d8cd98f00b204e9800998ecf8427e	zero byte favicon	https://sessions.shopify.com:443/
d41d8cd98f00b204e9800998ecf8427e	zero byte favicon	https://shopify.com/
d41d8cd98f00b204e9800998ecf8427e	zero byte favicon	https://shopify.com:443/
d41d8cd98f00b204e9800998ecf8427e	zero byte favicon	https://sl.shopify.com/
d41d8cd98f00b204e9800998ecf8427e	zero byte favicon	https://sl.shopify.com:443/
d41d8cd98f00b204e9800998ecf8427e	zero byte favicon	https://sl2.shopify.com/
d41d8cd98f00b204e9800998ecf8427e	zero byte favicon	https://sl2.shopify.com:443/
d41d8cd98f00b204e9800998ecf8427e	zero byte favicon	https://smiley.shopify.com/
d41d8cd98f00b204e9800998ecf8427e	zero byte favicon	https://smiley.shopify.com:443/
d41d8cd98f00b204e9800998ecf8427e	zero byte favicon	https://static0.shopify.com/
d41d8cd98f00b204e9800998ecf8427e	zero byte favicon	https://static1.shopify.com/
d41d8cd98f00b204e9800998ecf8427e	zero byte favicon	https://static2.shopify.com/
d41d8cd98f00b204e9800998ecf8427e	zero byte favicon	https://static4.shopify.com/
d41d8cd98f00b204e9800998ecf8427e	zero byte favicon	https://status.shopify.com/
d41d8cd98f00b204e9800998ecf8427e	zero byte favicon	https://unite2021.shopify.com/
d41d8cd98f00b204e9800998ecf8427e	zero byte favicon	https://ww.shopify.com/
d41d8cd98f00b204e9800998ecf8427e	zero byte favicon	https://ww.shopify.com:443/
d41d8cd98f00b204e9800998ecf8427e	zero byte favicon	https://www.burst.shopify.com/
d41d8cd98f00b204e9800998ecf8427e	zero byte favicon	https://www.burst.shopify.com:443/
d41d8cd98f00b204e9800998ecf8427e	zero byte favicon	https://www.shopify.com/
d41d8cd98f00b204e9800998ecf8427e	zero byte favicon	https://www.shopify.com:443/
d41d8cd98f00b204e9800998ecf8427e	zero byte favicon	https://zh.shopify.com/
d41d8cd98f00b204e9800998ecf8427e	zero byte favicon	https://zh.shopify.com:443/
