0	zero byte favicon	http://asia.spotifyforbrands.com/
0	zero byte favicon	http://asia.spotifyforbrands.com:80/
0	zero byte favicon	http://creativeportal.spotifyforbrands.com/
0	zero byte favicon	http://creativeportal.spotifyforbrands.com:80/
0	zero byte favicon	http://creativeportfolio.spotifyforbrands.com/
0	zero byte favicon	http://creativeportfolio.spotifyforbrands.com:80/
0	zero byte favicon	http://demo.spotifyforbrands.com:80/
0	zero byte favicon	http://ipg.spotifyforbrands.com:80/
0	zero byte favicon	http://playlist-staging.spotifyforbrands.com:80/
0	zero byte favicon	http://playlist.spotifyforbrands.com:80/
0	zero byte favicon	http://sales-staging.spotifyforbrands.com:80/
0	zero byte favicon	http://sales.spotifyforbrands.com:80/
0	zero byte favicon	http://www.creativeportal.spotifyforbrands.com/
0	zero byte favicon	http://www.creativeportfolio.spotifyforbrands.com/
0	zero byte favicon	http://www.creativeportfolio.spotifyforbrands.com:80/
0	zero byte favicon	https://asia.spotifyforbrands.com/
0	zero byte favicon	https://asia.spotifyforbrands.com:443/
0	zero byte favicon	https://creativeportal.spotifyforbrands.com/
0	zero byte favicon	https://creativeportal.spotifyforbrands.com:443/
0	zero byte favicon	https://creativeportfolio.spotifyforbrands.com/
0	zero byte favicon	https://creativeportfolio.spotifyforbrands.com:443/
0	zero byte favicon	https://demo.spotifyforbrands.com:443/
0	zero byte favicon	https://ipg.spotifyforbrands.com:443/
0	zero byte favicon	https://playlist-staging.spotifyforbrands.com:443/
0	zero byte favicon	https://playlist.spotifyforbrands.com:443/
0	zero byte favicon	https://sales-staging.spotifyforbrands.com:443/
0	zero byte favicon	https://sales.spotifyforbrands.com:443/
0	zero byte favicon	https://www.creativeportal.spotifyforbrands.com/
0	zero byte favicon	https://www.creativeportfolio.spotifyforbrands.com/
0	zero byte favicon	https://www.creativeportfolio.spotifyforbrands.com:443/
d41d8cd98f00b204e9800998ecf8427e	zero byte favicon	http://asia.spotifyforbrands.com/
d41d8cd98f00b204e9800998ecf8427e	zero byte favicon	http://asia.spotifyforbrands.com:80/
d41d8cd98f00b204e9800998ecf8427e	zero byte favicon	http://creativeportal.spotifyforbrands.com/
d41d8cd98f00b204e9800998ecf8427e	zero byte favicon	http://creativeportal.spotifyforbrands.com:80/
d41d8cd98f00b204e9800998ecf8427e	zero byte favicon	http://creativeportfolio.spotifyforbrands.com/
d41d8cd98f00b204e9800998ecf8427e	zero byte favicon	http://creativeportfolio.spotifyforbrands.com:80/
d41d8cd98f00b204e9800998ecf8427e	zero byte favicon	http://demo.spotifyforbrands.com:80/
d41d8cd98f00b204e9800998ecf8427e	zero byte favicon	http://ipg.spotifyforbrands.com:80/
d41d8cd98f00b204e9800998ecf8427e	zero byte favicon	http://playlist-staging.spotifyforbrands.com:80/
d41d8cd98f00b204e9800998ecf8427e	zero byte favicon	http://playlist.spotifyforbrands.com:80/
d41d8cd98f00b204e9800998ecf8427e	zero byte favicon	http://sales-staging.spotifyforbrands.com:80/
d41d8cd98f00b204e9800998ecf8427e	zero byte favicon	http://sales.spotifyforbrands.com:80/
d41d8cd98f00b204e9800998ecf8427e	zero byte favicon	http://www.creativeportal.spotifyforbrands.com/
d41d8cd98f00b204e9800998ecf8427e	zero byte favicon	http://www.creativeportfolio.spotifyforbrands.com/
d41d8cd98f00b204e9800998ecf8427e	zero byte favicon	http://www.creativeportfolio.spotifyforbrands.com:80/
d41d8cd98f00b204e9800998ecf8427e	zero byte favicon	https://asia.spotifyforbrands.com/
d41d8cd98f00b204e9800998ecf8427e	zero byte favicon	https://asia.spotifyforbrands.com:443/
d41d8cd98f00b204e9800998ecf8427e	zero byte favicon	https://creativeportal.spotifyforbrands.com/
d41d8cd98f00b204e9800998ecf8427e	zero byte favicon	https://creativeportal.spotifyforbrands.com:443/
d41d8cd98f00b204e9800998ecf8427e	zero byte favicon	https://creativeportfolio.spotifyforbrands.com/
d41d8cd98f00b204e9800998ecf8427e	zero byte favicon	https://creativeportfolio.spotifyforbrands.com:443/
d41d8cd98f00b204e9800998ecf8427e	zero byte favicon	https://demo.spotifyforbrands.com:443/
d41d8cd98f00b204e9800998ecf8427e	zero byte favicon	https://ipg.spotifyforbrands.com:443/
d41d8cd98f00b204e9800998ecf8427e	zero byte favicon	https://playlist-staging.spotifyforbrands.com:443/
d41d8cd98f00b204e9800998ecf8427e	zero byte favicon	https://playlist.spotifyforbrands.com:443/
d41d8cd98f00b204e9800998ecf8427e	zero byte favicon	https://sales-staging.spotifyforbrands.com:443/
d41d8cd98f00b204e9800998ecf8427e	zero byte favicon	https://sales.spotifyforbrands.com:443/
d41d8cd98f00b204e9800998ecf8427e	zero byte favicon	https://www.creativeportal.spotifyforbrands.com/
d41d8cd98f00b204e9800998ecf8427e	zero byte favicon	https://www.creativeportfolio.spotifyforbrands.com/
d41d8cd98f00b204e9800998ecf8427e	zero byte favicon	https://www.creativeportfolio.spotifyforbrands.com:443/
