0	zero byte favicon	http://assets.spotify.com:80/
0	zero byte favicon	http://backstage-licensing.spotify.com/
0	zero byte favicon	http://community-stage.spotify.com/
0	zero byte favicon	http://community-stage.spotify.com:80/
0	zero byte favicon	http://community.spotify.com/
0	zero byte favicon	http://community.spotify.com:80/
0	zero byte favicon	http://log.spotify.com:80/
0	zero byte favicon	https://assets.spotify.com:443/
0	zero byte favicon	https://backstage-licensing.spotify.com/
0	zero byte favicon	https://community-stage.spotify.com/
0	zero byte favicon	https://community-stage.spotify.com:443/
0	zero byte favicon	https://community.spotify.com/
0	zero byte favicon	https://community.spotify.com:443/
0	zero byte favicon	https://log.spotify.com:443/
1274734426	blankwhite	http://a1live.withspotify.com:80/
1274734426	blankwhite	http://frontleftlive.withspotify.com:80/
1274734426	blankwhite	https://a1live.withspotify.com:443/
1274734426	blankwhite	https://frontleftlive.withspotify.com:443/
8b5a97b687b1fb900d94bc7b1187438f	blankwhite	http://a1live.withspotify.com:80/
8b5a97b687b1fb900d94bc7b1187438f	blankwhite	http://frontleftlive.withspotify.com:80/
8b5a97b687b1fb900d94bc7b1187438f	blankwhite	https://a1live.withspotify.com:443/
8b5a97b687b1fb900d94bc7b1187438f	blankwhite	https://frontleftlive.withspotify.com:443/
945408572	fortinet – forticlient	https://clientvpn.gslb.spotify.com:443/
945408572	fortinet – forticlient	https://vpnpartner.dual-gslb.spotify.com:443/
d41d8cd98f00b204e9800998ecf8427e	zero byte favicon	http://assets.spotify.com:80/
d41d8cd98f00b204e9800998ecf8427e	zero byte favicon	http://backstage-licensing.spotify.com/
d41d8cd98f00b204e9800998ecf8427e	zero byte favicon	http://community-stage.spotify.com/
d41d8cd98f00b204e9800998ecf8427e	zero byte favicon	http://community-stage.spotify.com:80/
d41d8cd98f00b204e9800998ecf8427e	zero byte favicon	http://community.spotify.com/
d41d8cd98f00b204e9800998ecf8427e	zero byte favicon	http://community.spotify.com:80/
d41d8cd98f00b204e9800998ecf8427e	zero byte favicon	http://log.spotify.com:80/
d41d8cd98f00b204e9800998ecf8427e	zero byte favicon	https://assets.spotify.com:443/
d41d8cd98f00b204e9800998ecf8427e	zero byte favicon	https://backstage-licensing.spotify.com/
d41d8cd98f00b204e9800998ecf8427e	zero byte favicon	https://community-stage.spotify.com/
d41d8cd98f00b204e9800998ecf8427e	zero byte favicon	https://community-stage.spotify.com:443/
d41d8cd98f00b204e9800998ecf8427e	zero byte favicon	https://community.spotify.com/
d41d8cd98f00b204e9800998ecf8427e	zero byte favicon	https://community.spotify.com:443/
d41d8cd98f00b204e9800998ecf8427e	zero byte favicon	https://log.spotify.com:443/
