-1831547740	twitter	http://P.twimg.com:80/
-1831547740	twitter	http://abs-0.twimg.com:80/
-1831547740	twitter	http://abs-ft.twimg.com:80/
-1831547740	twitter	http://abs-o.twimg.com:80/
-1831547740	twitter	http://abs-t-1.twimg.com/
-1831547740	twitter	http://abs-t-1.twimg.com:80/
-1831547740	twitter	http://abs-t-2.twimg.com/
-1831547740	twitter	http://abs-t-2.twimg.com:80/
-1831547740	twitter	http://abs-t-3.twimg.com/
-1831547740	twitter	http://abs-t-3.twimg.com:80/
-1831547740	twitter	http://abs-t-4.twimg.com/
-1831547740	twitter	http://abs-t-4.twimg.com:80/
-1831547740	twitter	http://abs-t-5.twimg.com/
-1831547740	twitter	http://abs-t-5.twimg.com:80/
-1831547740	twitter	http://amp-o.twimg.com:80/
-1831547740	twitter	http://cdn.syndication.twimg.com/
-1831547740	twitter	http://cdn.syndication.twimg.com:80/
-1831547740	twitter	http://dnt-o.twimg.com:80/
-1831547740	twitter	http://dnt.twimg.com:80/
-1831547740	twitter	http://ea-o.twimg.com:80/
-1831547740	twitter	http://ea.twimg.com:80/
-1831547740	twitter	http://g-o.twimg.com:80/
-1831547740	twitter	http://g.twimg.com:80/
-1831547740	twitter	http://g2.twimg.com:80/
-1831547740	twitter	http://l.twimg.com:80/
-1831547740	twitter	http://ma-0.twimg.com:80/
-1831547740	twitter	http://ma-ft.twimg.com:80/
-1831547740	twitter	http://ma-o.twimg.com:80/
-1831547740	twitter	http://p.twimg.com:80/
-1831547740	twitter	http://pbs-0.twimg.com:80/
-1831547740	twitter	http://pbs-ak.twimg.com/
-1831547740	twitter	http://pbs-ak.twimg.com:80/
-1831547740	twitter	http://pbs-eb.twimg.com:80/
-1831547740	twitter	http://pbs-ec.twimg.com:80/
-1831547740	twitter	http://pbs-ft.twimg.com:80/
-1831547740	twitter	http://pbs-gc.twimg.com/
-1831547740	twitter	http://pbs-h2.twimg.com/
-1831547740	twitter	http://pbs-h2.twimg.com:80/
-1831547740	twitter	http://pbs-o.twimg.com/
-1831547740	twitter	http://pbs-o.twimg.com:80/
-1831547740	twitter	http://pbs-t-1.twimg.com/
-1831547740	twitter	http://pbs-t-1.twimg.com:80/
-1831547740	twitter	http://pbs-t-2.twimg.com/
-1831547740	twitter	http://pbs-t-2.twimg.com:80/
-1831547740	twitter	http://pbs-t-3.twimg.com/
-1831547740	twitter	http://pbs-t-3.twimg.com:80/
-1831547740	twitter	http://pbs-t-4.twimg.com/
-1831547740	twitter	http://pbs-t-4.twimg.com:80/
-1831547740	twitter	http://pbs-t-5.twimg.com/
-1831547740	twitter	http://pbs-v6.twimg.com:80/
-1831547740	twitter	http://pbs.twimg.com/
-1831547740	twitter	http://pbs.twimg.com:80/
-1831547740	twitter	http://r.twimg.com/
-1831547740	twitter	http://r.twimg.com:80/
-1831547740	twitter	http://syndication-o.twimg.com/
-1831547740	twitter	http://syndication-o.twimg.com:80/
-1831547740	twitter	http://syndication.twimg.com/
-1831547740	twitter	http://syndication.twimg.com:80/
-1831547740	twitter	http://t.lv.twimg.com/
-1831547740	twitter	http://t.lv.twimg.com:80/
-1831547740	twitter	http://ton-0.twimg.com:80/
-1831547740	twitter	http://ton-ft.twimg.com:80/
-1831547740	twitter	http://ton-o.twimg.com:80/
-1831547740	twitter	http://ttc.twimg.com:80/
-1831547740	twitter	http://video-0.twimg.com:80/
-1831547740	twitter	http://video-ak.twimg.com/
-1831547740	twitter	http://video-ak.twimg.com:80/
-1831547740	twitter	http://video-eb.twimg.com:80/
-1831547740	twitter	http://video-ec.twimg.com:80/
-1831547740	twitter	http://video-ft.twimg.com:80/
-1831547740	twitter	http://video-o.twimg.com:80/
-1831547740	twitter	http://video-t-1.twimg.com/
-1831547740	twitter	http://video-t-1.twimg.com:80/
-1831547740	twitter	http://video-t-2.twimg.com/
-1831547740	twitter	http://video-t-2.twimg.com:80/
-1831547740	twitter	http://video-t-3.twimg.com/
-1831547740	twitter	http://video-t-3.twimg.com:80/
-1831547740	twitter	http://video-t-4.twimg.com/
-1831547740	twitter	http://video-t-4.twimg.com:80/
-1831547740	twitter	http://video-t-5.twimg.com/
-1831547740	twitter	http://video-t-5.twimg.com:80/
-1831547740	twitter	http://video.twimg.com/
-1831547740	twitter	http://video.twimg.com:80/
-1831547740	twitter	https://P.twimg.com:443/
-1831547740	twitter	https://abs-0.twimg.com:443/
-1831547740	twitter	https://abs-ft.twimg.com:443/
-1831547740	twitter	https://abs-o.twimg.com:443/
-1831547740	twitter	https://abs-t-1.twimg.com/
-1831547740	twitter	https://abs-t-1.twimg.com:443/
-1831547740	twitter	https://abs-t-2.twimg.com/
-1831547740	twitter	https://abs-t-2.twimg.com:443/
-1831547740	twitter	https://abs-t-3.twimg.com/
-1831547740	twitter	https://abs-t-3.twimg.com:443/
-1831547740	twitter	https://abs-t-4.twimg.com/
-1831547740	twitter	https://abs-t-4.twimg.com:443/
-1831547740	twitter	https://abs-t-5.twimg.com/
-1831547740	twitter	https://abs-t-5.twimg.com:443/
-1831547740	twitter	https://abs.twimg.com/
-1831547740	twitter	https://abs.twimg.com:443/
-1831547740	twitter	https://amp-o.twimg.com:443/
-1831547740	twitter	https://cdn.syndication.twimg.com/
-1831547740	twitter	https://cdn.syndication.twimg.com:443/
-1831547740	twitter	https://dnt-o.twimg.com:443/
-1831547740	twitter	https://dnt.twimg.com:443/
-1831547740	twitter	https://ea-o.twimg.com:443/
-1831547740	twitter	https://ea.twimg.com:443/
-1831547740	twitter	https://g-o.twimg.com:443/
-1831547740	twitter	https://g.twimg.com:443/
-1831547740	twitter	https://g2.twimg.com:443/
-1831547740	twitter	https://hca.twimg.com:443/
-1831547740	twitter	https://l.twimg.com:443/
-1831547740	twitter	https://ma-0.twimg.com:443/
-1831547740	twitter	https://ma-ft.twimg.com:443/
-1831547740	twitter	https://ma-o.twimg.com:443/
-1831547740	twitter	https://ma.twimg.com:443/
-1831547740	twitter	https://p.twimg.com:443/
-1831547740	twitter	https://pbs-0.twimg.com:443/
-1831547740	twitter	https://pbs-ak.twimg.com/
-1831547740	twitter	https://pbs-ak.twimg.com:443/
-1831547740	twitter	https://pbs-eb.twimg.com:443/
-1831547740	twitter	https://pbs-ec.twimg.com:443/
-1831547740	twitter	https://pbs-ft.twimg.com:443/
-1831547740	twitter	https://pbs-h2.twimg.com/
-1831547740	twitter	https://pbs-h2.twimg.com:443/
-1831547740	twitter	https://pbs-o.twimg.com/
-1831547740	twitter	https://pbs-o.twimg.com:443/
-1831547740	twitter	https://pbs-t-1.twimg.com/
-1831547740	twitter	https://pbs-t-1.twimg.com:443/
-1831547740	twitter	https://pbs-t-2.twimg.com/
-1831547740	twitter	https://pbs-t-2.twimg.com:443/
-1831547740	twitter	https://pbs-t-3.twimg.com/
-1831547740	twitter	https://pbs-t-3.twimg.com:443/
-1831547740	twitter	https://pbs-t-4.twimg.com/
-1831547740	twitter	https://pbs-t-4.twimg.com:443/
-1831547740	twitter	https://pbs-t-5.twimg.com/
-1831547740	twitter	https://pbs-v6.twimg.com:443/
-1831547740	twitter	https://pbs.twimg.com/
-1831547740	twitter	https://pbs.twimg.com:443/
-1831547740	twitter	https://r.twimg.com/
-1831547740	twitter	https://r.twimg.com:443/
-1831547740	twitter	https://syndication-o.twimg.com/
-1831547740	twitter	https://syndication-o.twimg.com:443/
-1831547740	twitter	https://syndication.twimg.com/
-1831547740	twitter	https://syndication.twimg.com:443/
-1831547740	twitter	https://t.lv.twimg.com/
-1831547740	twitter	https://t.lv.twimg.com:443/
-1831547740	twitter	https://ton-0.twimg.com:443/
-1831547740	twitter	https://ton-ft.twimg.com:443/
-1831547740	twitter	https://ton-o.twimg.com:443/
-1831547740	twitter	https://ton.twimg.com:443/
-1831547740	twitter	https://ttc.twimg.com:443/
-1831547740	twitter	https://video-0.twimg.com:443/
-1831547740	twitter	https://video-ak.twimg.com/
-1831547740	twitter	https://video-ak.twimg.com:443/
-1831547740	twitter	https://video-eb.twimg.com:443/
-1831547740	twitter	https://video-ec.twimg.com:443/
-1831547740	twitter	https://video-ft.twimg.com:443/
-1831547740	twitter	https://video-o.twimg.com:443/
-1831547740	twitter	https://video-t-1.twimg.com/
-1831547740	twitter	https://video-t-1.twimg.com:443/
-1831547740	twitter	https://video-t-2.twimg.com/
-1831547740	twitter	https://video-t-2.twimg.com:443/
-1831547740	twitter	https://video-t-3.twimg.com/
-1831547740	twitter	https://video-t-3.twimg.com:443/
-1831547740	twitter	https://video-t-4.twimg.com/
-1831547740	twitter	https://video-t-4.twimg.com:443/
-1831547740	twitter	https://video-t-5.twimg.com/
-1831547740	twitter	https://video-t-5.twimg.com:443/
-1831547740	twitter	https://video.twimg.com/
-1831547740	twitter	https://video.twimg.com:443/
9f51fd640088904309551a473cbc525e	twitter	http://P.twimg.com:80/
9f51fd640088904309551a473cbc525e	twitter	http://abs-0.twimg.com:80/
9f51fd640088904309551a473cbc525e	twitter	http://abs-ft.twimg.com:80/
9f51fd640088904309551a473cbc525e	twitter	http://abs-o.twimg.com:80/
9f51fd640088904309551a473cbc525e	twitter	http://abs-t-1.twimg.com/
9f51fd640088904309551a473cbc525e	twitter	http://abs-t-1.twimg.com:80/
9f51fd640088904309551a473cbc525e	twitter	http://abs-t-2.twimg.com/
9f51fd640088904309551a473cbc525e	twitter	http://abs-t-2.twimg.com:80/
9f51fd640088904309551a473cbc525e	twitter	http://abs-t-3.twimg.com/
9f51fd640088904309551a473cbc525e	twitter	http://abs-t-3.twimg.com:80/
9f51fd640088904309551a473cbc525e	twitter	http://abs-t-4.twimg.com/
9f51fd640088904309551a473cbc525e	twitter	http://abs-t-4.twimg.com:80/
9f51fd640088904309551a473cbc525e	twitter	http://abs-t-5.twimg.com/
9f51fd640088904309551a473cbc525e	twitter	http://abs-t-5.twimg.com:80/
9f51fd640088904309551a473cbc525e	twitter	http://amp-o.twimg.com:80/
9f51fd640088904309551a473cbc525e	twitter	http://cdn.syndication.twimg.com/
9f51fd640088904309551a473cbc525e	twitter	http://cdn.syndication.twimg.com:80/
9f51fd640088904309551a473cbc525e	twitter	http://dnt-o.twimg.com:80/
9f51fd640088904309551a473cbc525e	twitter	http://dnt.twimg.com:80/
9f51fd640088904309551a473cbc525e	twitter	http://ea-o.twimg.com:80/
9f51fd640088904309551a473cbc525e	twitter	http://ea.twimg.com:80/
9f51fd640088904309551a473cbc525e	twitter	http://g-o.twimg.com:80/
9f51fd640088904309551a473cbc525e	twitter	http://g.twimg.com:80/
9f51fd640088904309551a473cbc525e	twitter	http://g2.twimg.com:80/
9f51fd640088904309551a473cbc525e	twitter	http://l.twimg.com:80/
9f51fd640088904309551a473cbc525e	twitter	http://ma-0.twimg.com:80/
9f51fd640088904309551a473cbc525e	twitter	http://ma-ft.twimg.com:80/
9f51fd640088904309551a473cbc525e	twitter	http://ma-o.twimg.com:80/
9f51fd640088904309551a473cbc525e	twitter	http://pbs-0.twimg.com:80/
9f51fd640088904309551a473cbc525e	twitter	http://pbs-ak.twimg.com/
9f51fd640088904309551a473cbc525e	twitter	http://pbs-ak.twimg.com:80/
9f51fd640088904309551a473cbc525e	twitter	http://pbs-eb.twimg.com:80/
9f51fd640088904309551a473cbc525e	twitter	http://pbs-ec.twimg.com:80/
9f51fd640088904309551a473cbc525e	twitter	http://pbs-h2.twimg.com/
9f51fd640088904309551a473cbc525e	twitter	http://pbs-o.twimg.com/
9f51fd640088904309551a473cbc525e	twitter	http://pbs-o.twimg.com:80/
9f51fd640088904309551a473cbc525e	twitter	http://pbs-t-1.twimg.com/
9f51fd640088904309551a473cbc525e	twitter	http://pbs-t-1.twimg.com:80/
9f51fd640088904309551a473cbc525e	twitter	http://pbs-t-2.twimg.com/
9f51fd640088904309551a473cbc525e	twitter	http://pbs-t-2.twimg.com:80/
9f51fd640088904309551a473cbc525e	twitter	http://pbs-t-3.twimg.com/
9f51fd640088904309551a473cbc525e	twitter	http://pbs-t-3.twimg.com:80/
9f51fd640088904309551a473cbc525e	twitter	http://pbs-t-4.twimg.com/
9f51fd640088904309551a473cbc525e	twitter	http://pbs-t-4.twimg.com:80/
9f51fd640088904309551a473cbc525e	twitter	http://pbs-t-5.twimg.com/
9f51fd640088904309551a473cbc525e	twitter	http://pbs-v6.twimg.com:80/
9f51fd640088904309551a473cbc525e	twitter	http://pbs.twimg.com/
9f51fd640088904309551a473cbc525e	twitter	http://pbs.twimg.com:80/
9f51fd640088904309551a473cbc525e	twitter	http://r.twimg.com/
9f51fd640088904309551a473cbc525e	twitter	http://r.twimg.com:80/
9f51fd640088904309551a473cbc525e	twitter	http://syndication-o.twimg.com/
9f51fd640088904309551a473cbc525e	twitter	http://syndication-o.twimg.com:80/
9f51fd640088904309551a473cbc525e	twitter	http://syndication.twimg.com/
9f51fd640088904309551a473cbc525e	twitter	http://syndication.twimg.com:80/
9f51fd640088904309551a473cbc525e	twitter	http://t.lv.twimg.com/
9f51fd640088904309551a473cbc525e	twitter	http://t.lv.twimg.com:80/
9f51fd640088904309551a473cbc525e	twitter	http://ton-0.twimg.com:80/
9f51fd640088904309551a473cbc525e	twitter	http://ton-ft.twimg.com:80/
9f51fd640088904309551a473cbc525e	twitter	http://ton-o.twimg.com:80/
9f51fd640088904309551a473cbc525e	twitter	http://ttc.twimg.com:80/
9f51fd640088904309551a473cbc525e	twitter	http://video-0.twimg.com:80/
9f51fd640088904309551a473cbc525e	twitter	http://video-ak.twimg.com/
9f51fd640088904309551a473cbc525e	twitter	http://video-ak.twimg.com:80/
9f51fd640088904309551a473cbc525e	twitter	http://video-eb.twimg.com:80/
9f51fd640088904309551a473cbc525e	twitter	http://video-ec.twimg.com:80/
9f51fd640088904309551a473cbc525e	twitter	http://video-ft.twimg.com:80/
9f51fd640088904309551a473cbc525e	twitter	http://video-o.twimg.com:80/
9f51fd640088904309551a473cbc525e	twitter	http://video-t-1.twimg.com/
9f51fd640088904309551a473cbc525e	twitter	http://video-t-1.twimg.com:80/
9f51fd640088904309551a473cbc525e	twitter	http://video-t-2.twimg.com/
9f51fd640088904309551a473cbc525e	twitter	http://video-t-2.twimg.com:80/
9f51fd640088904309551a473cbc525e	twitter	http://video-t-3.twimg.com/
9f51fd640088904309551a473cbc525e	twitter	http://video-t-3.twimg.com:80/
9f51fd640088904309551a473cbc525e	twitter	http://video-t-4.twimg.com/
9f51fd640088904309551a473cbc525e	twitter	http://video-t-4.twimg.com:80/
9f51fd640088904309551a473cbc525e	twitter	http://video-t-5.twimg.com/
9f51fd640088904309551a473cbc525e	twitter	http://video-t-5.twimg.com:80/
9f51fd640088904309551a473cbc525e	twitter	http://video.twimg.com/
9f51fd640088904309551a473cbc525e	twitter	http://video.twimg.com:80/
9f51fd640088904309551a473cbc525e	twitter	https://P.twimg.com:443/
9f51fd640088904309551a473cbc525e	twitter	https://abs-0.twimg.com:443/
9f51fd640088904309551a473cbc525e	twitter	https://abs-ft.twimg.com:443/
9f51fd640088904309551a473cbc525e	twitter	https://abs-o.twimg.com:443/
9f51fd640088904309551a473cbc525e	twitter	https://abs-t-1.twimg.com/
9f51fd640088904309551a473cbc525e	twitter	https://abs-t-1.twimg.com:443/
9f51fd640088904309551a473cbc525e	twitter	https://abs-t-2.twimg.com/
9f51fd640088904309551a473cbc525e	twitter	https://abs-t-2.twimg.com:443/
9f51fd640088904309551a473cbc525e	twitter	https://abs-t-3.twimg.com/
9f51fd640088904309551a473cbc525e	twitter	https://abs-t-3.twimg.com:443/
9f51fd640088904309551a473cbc525e	twitter	https://abs-t-4.twimg.com/
9f51fd640088904309551a473cbc525e	twitter	https://abs-t-4.twimg.com:443/
9f51fd640088904309551a473cbc525e	twitter	https://abs-t-5.twimg.com/
9f51fd640088904309551a473cbc525e	twitter	https://abs-t-5.twimg.com:443/
9f51fd640088904309551a473cbc525e	twitter	https://abs.twimg.com/
9f51fd640088904309551a473cbc525e	twitter	https://abs.twimg.com:443/
9f51fd640088904309551a473cbc525e	twitter	https://amp-o.twimg.com:443/
9f51fd640088904309551a473cbc525e	twitter	https://cdn.syndication.twimg.com/
9f51fd640088904309551a473cbc525e	twitter	https://cdn.syndication.twimg.com:443/
9f51fd640088904309551a473cbc525e	twitter	https://dnt-o.twimg.com:443/
9f51fd640088904309551a473cbc525e	twitter	https://dnt.twimg.com:443/
9f51fd640088904309551a473cbc525e	twitter	https://ea-o.twimg.com:443/
9f51fd640088904309551a473cbc525e	twitter	https://ea.twimg.com:443/
9f51fd640088904309551a473cbc525e	twitter	https://g-o.twimg.com:443/
9f51fd640088904309551a473cbc525e	twitter	https://g.twimg.com:443/
9f51fd640088904309551a473cbc525e	twitter	https://g2.twimg.com:443/
9f51fd640088904309551a473cbc525e	twitter	https://hca.twimg.com:443/
9f51fd640088904309551a473cbc525e	twitter	https://l.twimg.com:443/
9f51fd640088904309551a473cbc525e	twitter	https://ma-0.twimg.com:443/
9f51fd640088904309551a473cbc525e	twitter	https://ma-ft.twimg.com:443/
9f51fd640088904309551a473cbc525e	twitter	https://ma-o.twimg.com:443/
9f51fd640088904309551a473cbc525e	twitter	https://ma.twimg.com:443/
9f51fd640088904309551a473cbc525e	twitter	https://p.twimg.com:443/
9f51fd640088904309551a473cbc525e	twitter	https://pbs-0.twimg.com:443/
9f51fd640088904309551a473cbc525e	twitter	https://pbs-ak.twimg.com/
9f51fd640088904309551a473cbc525e	twitter	https://pbs-ak.twimg.com:443/
9f51fd640088904309551a473cbc525e	twitter	https://pbs-eb.twimg.com:443/
9f51fd640088904309551a473cbc525e	twitter	https://pbs-ec.twimg.com:443/
9f51fd640088904309551a473cbc525e	twitter	https://pbs-ft.twimg.com:443/
9f51fd640088904309551a473cbc525e	twitter	https://pbs-h2.twimg.com/
9f51fd640088904309551a473cbc525e	twitter	https://pbs-h2.twimg.com:443/
9f51fd640088904309551a473cbc525e	twitter	https://pbs-o.twimg.com/
9f51fd640088904309551a473cbc525e	twitter	https://pbs-o.twimg.com:443/
9f51fd640088904309551a473cbc525e	twitter	https://pbs-t-1.twimg.com/
9f51fd640088904309551a473cbc525e	twitter	https://pbs-t-1.twimg.com:443/
9f51fd640088904309551a473cbc525e	twitter	https://pbs-t-2.twimg.com/
9f51fd640088904309551a473cbc525e	twitter	https://pbs-t-2.twimg.com:443/
9f51fd640088904309551a473cbc525e	twitter	https://pbs-t-3.twimg.com/
9f51fd640088904309551a473cbc525e	twitter	https://pbs-t-3.twimg.com:443/
9f51fd640088904309551a473cbc525e	twitter	https://pbs-t-4.twimg.com/
9f51fd640088904309551a473cbc525e	twitter	https://pbs-t-4.twimg.com:443/
9f51fd640088904309551a473cbc525e	twitter	https://pbs-t-5.twimg.com/
9f51fd640088904309551a473cbc525e	twitter	https://pbs-v6.twimg.com:443/
9f51fd640088904309551a473cbc525e	twitter	https://pbs.twimg.com/
9f51fd640088904309551a473cbc525e	twitter	https://pbs.twimg.com:443/
9f51fd640088904309551a473cbc525e	twitter	https://r.twimg.com/
9f51fd640088904309551a473cbc525e	twitter	https://r.twimg.com:443/
9f51fd640088904309551a473cbc525e	twitter	https://syndication-o.twimg.com/
9f51fd640088904309551a473cbc525e	twitter	https://syndication-o.twimg.com:443/
9f51fd640088904309551a473cbc525e	twitter	https://syndication.twimg.com/
9f51fd640088904309551a473cbc525e	twitter	https://syndication.twimg.com:443/
9f51fd640088904309551a473cbc525e	twitter	https://t.lv.twimg.com/
9f51fd640088904309551a473cbc525e	twitter	https://t.lv.twimg.com:443/
9f51fd640088904309551a473cbc525e	twitter	https://ton-0.twimg.com:443/
9f51fd640088904309551a473cbc525e	twitter	https://ton-ft.twimg.com:443/
9f51fd640088904309551a473cbc525e	twitter	https://ton-o.twimg.com:443/
9f51fd640088904309551a473cbc525e	twitter	https://ton.twimg.com:443/
9f51fd640088904309551a473cbc525e	twitter	https://ttc.twimg.com:443/
9f51fd640088904309551a473cbc525e	twitter	https://video-0.twimg.com:443/
9f51fd640088904309551a473cbc525e	twitter	https://video-ak.twimg.com/
9f51fd640088904309551a473cbc525e	twitter	https://video-ak.twimg.com:443/
9f51fd640088904309551a473cbc525e	twitter	https://video-eb.twimg.com:443/
9f51fd640088904309551a473cbc525e	twitter	https://video-ec.twimg.com:443/
9f51fd640088904309551a473cbc525e	twitter	https://video-ft.twimg.com:443/
9f51fd640088904309551a473cbc525e	twitter	https://video-o.twimg.com:443/
9f51fd640088904309551a473cbc525e	twitter	https://video-t-1.twimg.com/
9f51fd640088904309551a473cbc525e	twitter	https://video-t-1.twimg.com:443/
9f51fd640088904309551a473cbc525e	twitter	https://video-t-2.twimg.com/
9f51fd640088904309551a473cbc525e	twitter	https://video-t-2.twimg.com:443/
9f51fd640088904309551a473cbc525e	twitter	https://video-t-3.twimg.com/
9f51fd640088904309551a473cbc525e	twitter	https://video-t-3.twimg.com:443/
9f51fd640088904309551a473cbc525e	twitter	https://video-t-4.twimg.com/
9f51fd640088904309551a473cbc525e	twitter	https://video-t-4.twimg.com:443/
9f51fd640088904309551a473cbc525e	twitter	https://video-t-5.twimg.com/
9f51fd640088904309551a473cbc525e	twitter	https://video-t-5.twimg.com:443/
9f51fd640088904309551a473cbc525e	twitter	https://video.twimg.com/
9f51fd640088904309551a473cbc525e	twitter	https://video.twimg.com:443/
