0	zero byte favicon	http://community-staging.withairbnb.com/
0	zero byte favicon	http://community-staging.withairbnb.com:80/
0	zero byte favicon	http://community.withairbnb.com/
0	zero byte favicon	http://community.withairbnb.com:80/
0	zero byte favicon	https://community-staging.withairbnb.com/
0	zero byte favicon	https://community-staging.withairbnb.com:443/
0	zero byte favicon	https://community.withairbnb.com/
0	zero byte favicon	https://community.withairbnb.com:443/
1274734426	blankwhite	http://protools.withairbnb.com/
1274734426	blankwhite	http://protools.withairbnb.com:80/
1274734426	blankwhite	https://protools.withairbnb.com/
1274734426	blankwhite	https://protools.withairbnb.com:443/
8b5a97b687b1fb900d94bc7b1187438f	blankwhite	http://protools.withairbnb.com/
8b5a97b687b1fb900d94bc7b1187438f	blankwhite	http://protools.withairbnb.com:80/
8b5a97b687b1fb900d94bc7b1187438f	blankwhite	https://protools.withairbnb.com/
8b5a97b687b1fb900d94bc7b1187438f	blankwhite	https://protools.withairbnb.com:443/
d41d8cd98f00b204e9800998ecf8427e	zero byte favicon	http://community-staging.withairbnb.com/
d41d8cd98f00b204e9800998ecf8427e	zero byte favicon	http://community-staging.withairbnb.com:80/
d41d8cd98f00b204e9800998ecf8427e	zero byte favicon	http://community.withairbnb.com/
d41d8cd98f00b204e9800998ecf8427e	zero byte favicon	http://community.withairbnb.com:80/
d41d8cd98f00b204e9800998ecf8427e	zero byte favicon	https://community-staging.withairbnb.com/
d41d8cd98f00b204e9800998ecf8427e	zero byte favicon	https://community-staging.withairbnb.com:443/
d41d8cd98f00b204e9800998ecf8427e	zero byte favicon	https://community.withairbnb.com/
d41d8cd98f00b204e9800998ecf8427e	zero byte favicon	https://community.withairbnb.com:443/
