1523284537	yahoo	http://fantasysports.yahooapis.com/
1523284537	yahoo	http://tw.bid.yahooapis.com/
1523284537	yahoo	http://tw.cmsws.mall.yahooapis.com/
1523284537	yahoo	http://tw.scm.yahooapis.com/
1523284537	yahoo	http://tw.wh.yahooapis.com/
1523284537	yahoo	http://tw.ypauth.ec.yahooapis.com/
1523284537	yahoo	http://yahooapis.com/
1523284537	yahoo	https://fantasysports.yahooapis.com/
1523284537	yahoo	https://tw.bid.yahooapis.com/
1523284537	yahoo	https://tw.cmsws.mall.yahooapis.com/
1523284537	yahoo	https://tw.ypauth.ec.yahooapis.com/
1523284537	yahoo	https://yahooapis.com/
d76545e7b993723fb0c1d4b6eed1f5be	yahoo	http://fantasysports.yahooapis.com/
d76545e7b993723fb0c1d4b6eed1f5be	yahoo	http://tw.bid.yahooapis.com/
d76545e7b993723fb0c1d4b6eed1f5be	yahoo	http://tw.cmsws.mall.yahooapis.com/
d76545e7b993723fb0c1d4b6eed1f5be	yahoo	http://tw.scm.yahooapis.com/
d76545e7b993723fb0c1d4b6eed1f5be	yahoo	http://tw.wh.yahooapis.com/
d76545e7b993723fb0c1d4b6eed1f5be	yahoo	http://tw.ypauth.ec.yahooapis.com/
d76545e7b993723fb0c1d4b6eed1f5be	yahoo	http://yahooapis.com/
d76545e7b993723fb0c1d4b6eed1f5be	yahoo	https://fantasysports.yahooapis.com/
d76545e7b993723fb0c1d4b6eed1f5be	yahoo	https://tw.bid.yahooapis.com/
d76545e7b993723fb0c1d4b6eed1f5be	yahoo	https://tw.cmsws.mall.yahooapis.com/
d76545e7b993723fb0c1d4b6eed1f5be	yahoo	https://tw.ypauth.ec.yahooapis.com/
d76545e7b993723fb0c1d4b6eed1f5be	yahoo	https://yahooapis.com/
