http://acc-shop.10bis.co.il
http://api.10bis.co.il
http://click.update.10bis.co.il
http://cloud.update.10bis.co.il
http://image.update.10bis.co.il
http://pages.update.10bis.co.il
http://reshomeapi.10bis.co.il
http://shop.10bis.co.il
http://staging.10bis.co.il
http://storybook.10bis.co.il
http://test-shop.10bis.co.il
http://view.update.10bis.co.il
http://www.10bis.co.il
https://acc-shop.10bis.co.il
https://api.10bis.co.il
https://backoffice.10bis.co.il
https://click.update.10bis.co.il
https://cloud.update.10bis.co.il
https://image.update.10bis.co.il
https://pages.update.10bis.co.il
https://reshomeapi.10bis.co.il
https://shop.10bis.co.il
https://staging.10bis.co.il
https://storybook.10bis.co.il
https://test-shop.10bis.co.il
https://view.update.10bis.co.il
https://www.10bis.co.il
