http://1debit.com
http://admin-qa1.1debit.com
http://admin-qa1.1debit.com:8080
http://admin-qa1.1debit.com:8443
http://admin.1debit.com
http://admin.1debit.com:8080
http://admin.1debit.com:8443
http://ftp.1debit.com
http://oldadmin.1debit.com
http://oldadmin.1debit.com:8080
http://oldadmin.1debit.com:8443
http://pb.1debit.com
http://pb.1debit.com:8080
http://stage-admin.1debit.com
http://stage-api2.1debit.com
http://stage-api2.1debit.com:8080
http://stage-octave.1debit.com
http://stage2-admin.1debit.com
http://test-admin.1debit.com
http://test-consumer.1debit.com
http://test-octave.1debit.com
http://test.1debit.com
http://test.1debit.com:8080
http://test1.1debit.com
http://test2.1debit.com
http://test2.1debit.com:8080
http://test3.1debit.com
http://test3.1debit.com:8080
http://test4.1debit.com
http://test4.1debit.com:8080
http://test5.1debit.com
http://test5.1debit.com:8080
http://wh-v.ord.1debit.com
http://www.1debit.com
https://1debit.com
https://admin-qa1.1debit.com
https://admin.1debit.com
https://ftp.1debit.com
https://oldadmin.1debit.com
https://pb.1debit.com
https://pb.1debit.com:8443
https://processor.1debit.com
https://stage-api2.1debit.com
https://stage-api2.1debit.com:8443
https://test-consumer.1debit.com
https://test-processor.1debit.com
https://test.1debit.com
https://test.1debit.com:8443
https://test1.1debit.com
https://test2.1debit.com
https://test2.1debit.com:8443
https://test3.1debit.com
https://test3.1debit.com:8443
https://test4.1debit.com
https://test4.1debit.com:8443
https://test5.1debit.com
https://test5.1debit.com:8443
https://wh-v.ord.1debit.com
https://www.1debit.com
