http://acc.ad.nl
http://acc.voordeel.ad.nl
http://accounts.ad.nl
http://accounts.myaccount.ad.nl
http://accounts.nieuw-demo.ad.nl
http://actie.ad.nl
http://ad.nl
http://admobileapi-acc.ad.nl
http://advertorial.ad.nl
http://brandedcontent.ad.nl
http://caps-acc.ad.nl
http://caps.ad.nl
http://chronisch.ad.nl
http://club.ad.nl
http://cmp.ad.nl
http://dev-service.ad.nl
http://didata.ad.nl
http://digitalekrant.ad.nl
http://e.email.ad.nl
http://esales-test.ad.nl
http://esales.ad.nl
http://horoscoop.ad.nl
http://horoscoop.www.ad.nl
http://ims.ad.nl
http://kortingscodes.ad.nl
http://krant.ad.nl
http://landingpage.ad.nl
http://live.ad.nl
http://login.ad.nl
http://login2.ad.nl
http://marketingactie.ad.nl
http://mijn.ad.nl
http://mijnomgeving-acc.ad.nl
http://mijnomgeving.ad.nl
http://mobileapi-acc.ad.nl
http://mobileapi.ad.nl
http://myaccount.ad.nl
http://pmail.ad.nl
http://prikwijzer.ad.nl
http://profcoach.ad.nl
http://profcoach.ad.nl:8008
http://puzzels.ad.nl
http://secure-acc.ad.nl
http://shop.fotoactie.ad.nl
http://social.ad.nl
http://sportquiz.ad.nl
http://statics-acc.ad.nl
http://statics.ad.nl
http://stories.ad.nl
http://story.ad.nl
http://t.ad.nl
http://temptation.ad.nl
http://track-nieuwdemo.ad.nl
http://verzekeringen.ad.nl
http://verzekeringssite.ad.nl
http://video.ad.nl
http://voordeel.ad.nl
http://web.ad.nl
http://webshop.ad.nl
http://webshopredirect.ad.nl
http://webwinkel.ad.nl
http://wedstrijd.ad.nl
http://weer.ad.nl
http://weer.www.ad.nl
http://welkom.ad.nl
http://welkom.staging.ad.nl
http://winkel.ad.nl
http://www-demo.ad.nl
http://www.ad.nl
https://acc.ad.nl
https://acc.voordeel.ad.nl
https://accounts.ad.nl
https://accounts.myaccount.ad.nl
https://accounts.nieuw-demo.ad.nl
https://actie.ad.nl
https://ad.nl
https://admobileapi-acc.ad.nl
https://brandedcontent.ad.nl
https://caps-acc.ad.nl
https://chronisch.ad.nl
https://club.ad.nl
https://cmp.ad.nl
https://dev-service.ad.nl
https://didata.ad.nl
https://digitalekrant.ad.nl
https://e.email.ad.nl
https://esales-test.ad.nl
https://esales.ad.nl
https://horoscoop.ad.nl
https://horoscoop.ad.nl:2222
https://horoscoop.www.ad.nl
https://horoscoop.www.ad.nl:2222
https://ims.ad.nl
https://kortingscodes.ad.nl
https://krant.ad.nl
https://landingpage.ad.nl
https://live.ad.nl
https://login.ad.nl
https://login2.ad.nl
https://marketingactie.ad.nl
https://mijn.ad.nl
https://mijnomgeving-acc.ad.nl
https://mijnomgeving.ad.nl
https://mobileapi-acc.ad.nl
https://mobileapi.ad.nl
https://myaccount.ad.nl
https://pmail.ad.nl
https://prikwijzer.ad.nl
https://profcoach.ad.nl
https://puzzels.ad.nl
https://secure-acc.ad.nl
https://shop.fotoactie.ad.nl
https://social.ad.nl
https://sportquiz.ad.nl
https://statics-acc.ad.nl
https://statics.ad.nl
https://stories.ad.nl
https://story.ad.nl
https://t.ad.nl
https://temptation.ad.nl
https://track-nieuwdemo.ad.nl
https://verzekeringen.ad.nl
https://verzekeringssite.ad.nl
https://video.ad.nl
https://voordeel.ad.nl
https://web.ad.nl
https://webshop.ad.nl
https://webshopredirect.ad.nl
https://webwinkel.ad.nl
https://wedstrijd.ad.nl
https://welkom.ad.nl
https://welkom.staging.ad.nl
https://winkel.ad.nl
https://www-demo.ad.nl
https://www.ad.nl
