http://a.staging.airtable.com
http://api-staging.airtable.com
http://dl.staging.airtable.com
http://dl3.staging.airtable.com
http://sco-assets.support.staging.airtable.com
http://staging.airtable.com
http://static.staging.airtable.com
http://www.staging.airtable.com
https://a.staging.airtable.com
https://api-staging.airtable.com
https://api2-staging.airtable.com
https://dl.staging.airtable.com
https://dl3.staging.airtable.com
https://hooks.staging.airtable.com
https://lightstep.staging.airtable.com
https://rt-staging.airtable.com
https://rt3-staging.airtable.com
https://rt4-staging.airtable.com
https://rtb-staging.airtable.com
https://sco-assets.support.staging.airtable.com
https://staging.airtable.com
https://static.staging.airtable.com
https://www.staging.airtable.com
