http://acjsrefapp.atl-paas.net
http://acjsrefapp.us-west-1.prod.public.atl-paas.net
http://aes-artifacts--cdn--app.ap-southeast-2.dev.public.atl-paas.net
http://aes-artifacts--cdn.us-east-1.prod.public.atl-paas.net
http://aes-artifacts--cdn.us-east-1.staging.public.atl-paas.net
http://aid-auth0-app.dev.public.atl-paas.net
http://aid-auth0.dev.public.atl-paas.net
http://aid-auth0.prod.public.atl-paas.net
http://aid-auth0.staging.public.atl-paas.net
http://aid-avatar-cdn-app.dev.public.atl-paas.net
http://aid-avatar-cdn.dev.public.atl-paas.net
http://aid-avatar-cdn.prod.public.atl-paas.net
http://aid-avatar-cdn.staging.public.atl-paas.net
http://aid-frontend.prod.atl-paas.net
http://aid-frontend.us-east-1.prod.public.atl-paas.net
http://aid-static-assets.prod.atl-paas.net
http://aid-static-assets.us-east-1.prod.public.atl-paas.net
http://amkt-frontend-10.dev.atl-paas.net
http://amkt-frontend-11.dev.atl-paas.net
http://amkt-frontend-12.dev.atl-paas.net
http://amkt-frontend-13.dev.atl-paas.net
http://amkt-frontend-2.dev.atl-paas.net
http://amkt-frontend-3.dev.atl-paas.net
http://amkt-frontend-4.dev.atl-paas.net
http://amkt-frontend-5.dev.atl-paas.net
http://amkt-frontend-6.dev.atl-paas.net
http://amkt-frontend-7.dev.atl-paas.net
http://amkt-frontend-8.dev.atl-paas.net
http://amkt-frontend-dev-10.ap-southeast-2.dev.public.atl-paas.net
http://amkt-frontend-dev-11.ap-southeast-2.dev.public.atl-paas.net
http://amkt-frontend-dev-12.ap-southeast-2.dev.public.atl-paas.net
http://amkt-frontend-dev-13.ap-southeast-2.dev.public.atl-paas.net
http://amkt-frontend-dev-14.ap-southeast-2.dev.public.atl-paas.net
http://anchore-catalog--anchore-archive.us-west-2.prod.public.atl-paas.net
http://as.staging.atl-paas.net
http://atl-global-static--app.ap-southeast-2.dev.public.atl-paas.net
http://atl-global-static.us-east-1.prod.public.atl-paas.net
http://atl-global-static.us-east-1.staging.public.atl-paas.net
http://atl-link-static-test.dev.atl-paas.net
http://atl-link-static.ap-southeast-2.dev.public.atl-paas.net
http://atl-link-static.dev.atl-paas.net
http://atl-link-static.prod.atl-paas.net
http://atl-link-static.staging.atl-paas.net
http://atl-link-static.us-east-1.prod.public.atl-paas.net
http://atl-link-static.us-east-1.staging.public.atl-paas.net
http://atl-paas.net
http://atl-preferences-center--cdn.ap-southeast-2.dev.public.atl-paas.net
http://atl-preferences-center--cdn.us-east-1.prod.public.atl-paas.net
http://atl-preferences-center--cdn.us-east-1.staging.public.atl-paas.net
http://atl-preferences-center--cdn.us-west-1.prod.public.atl-paas.net
http://atl-preferences-center.ap-southeast-2.dev.public.atl-paas.net
http://atl-preferences-center.dev.atl-paas.net
http://atl-preferences-center.prod.atl-paas.net
http://atl-preferences-center.staging.atl-paas.net
http://atl-preferences-center.us-east-1.prod.public.atl-paas.net
http://atl-preferences-center.us-east-1.staging.public.atl-paas.net
http://atl-web-fallback--app.ap-southeast-2.dev.public.atl-paas.net
http://atl-web-fallback.ap-southeast-2.dev.public.atl-paas.net
http://atl-web-fallback.prod.atl-paas.net
http://atl-web-fallback.staging.atl-paas.net
http://atl-web-fallback.us-east-1.prod.public.atl-paas.net
http://atl-web-fallback.us-west-1.prod.public.atl-paas.net
http://atl-web-fallback.us-west-1.staging.public.atl-paas.net
http://atlas-cdn--app.us-west-2.dev.public.atl-paas.net
http://atlas-cdn.dev.atl-paas.net
http://atlas-cdn.us-west-2.dev.public.atl-paas.net
http://atlaskit-website.us-east-1.prod.public.atl-paas.net
http://atlassian-gapp.atl-paas.net
http://atlassian-gapp.us-east-1.prod.public.atl-paas.net
http://atlassian-gapp.us-west-2.dev.public.atl-paas.net
http://atlassian-integrations.atl-paas.net
http://atlassian-integrations.dev.atl-paas.net
http://atlassian-integrations.staging.atl-paas.net
http://atlassian-outlook-integration.prod.atl-paas.net
http://atlassian-public-ips.us-west-1.prod.public.atl-paas.net
http://atlassian-slack-integration.us-east-1.prod.public.atl-paas.net
http://atlassian-slack-integration.us-east-1.staging.public.atl-paas.net
http://atst-data--app.ap-southeast-2.dev.public.atl-paas.net
http://atst-data.atl-paas.net
http://atst-data.dev.atl-paas.net
http://atst-data.staging.atl-paas.net
http://atst-data.us-east-1.prod.public.atl-paas.net
http://atst-data.us-east-1.staging.public.atl-paas.net
http://aui-cdn.dev.atl-paas.net
http://aui-cdn.prod.atl-paas.net
http://aui-cdn.staging.atl-paas.net
http://aui-cdn.us-west-2.dev.public.atl-paas.net
http://aui-cdn.us-west-2.prod.public.atl-paas.net
http://aui-cdn.us-west-2.staging.public.atl-paas.net
http://aui-docs.ap-southeast-2.dev.public.atl-paas.net
http://aui-docs.us-east-1.prod.public.atl-paas.net
http://auth.prod.public.atl-paas.net
http://auth.staging.public.atl-paas.net
http://auth0-proxy--app.us-west-2.dev.public.atl-paas.net
http://auth0-proxy-app.dev.atl-paas.net
http://auth0-proxy.ap-southeast-2.dev.public.atl-paas.net
http://auth0-proxy.prod.atl-paas.net
http://auth0-proxy.staging.atl-paas.net
http://auth0-proxy.us-east-1.prod.public.atl-paas.net
http://auth0-proxy.us-east-1.staging.public.atl-paas.net
http://auth0-proxy.us-west-2.prod.public.atl-paas.net
http://auth0-proxy.us-west-2.staging.public.atl-paas.net
http://avatar-management--avatars--app.us-west-2.dev.public.atl-paas.net
http://avatar-management--avatars.us-east-1.staging.public.atl-paas.net
http://avatar-management--avatars.us-west-2.prod.public.atl-paas.net
http://avatar-management--avatars.us-west-2.staging.public.atl-paas.net
http://bannerman.ap-southeast-2.dev.public.atl-paas.net
http://bannerman.dev.atl-paas.net
http://bannerman.prod.atl-paas.net
http://bannerman.staging.atl-paas.net
http://bannerman.us-east-1.prod.public.atl-paas.net
http://bannerman.us-east-1.staging.public.atl-paas.net
http://bb-chats-integration.ap-southeast-2.dev.public.atl-paas.net
http://bb-chats-integration.us-east-1.prod.public.atl-paas.net
http://bb-search-dev-ingester.staging.public.atl-paas.net
http://bb-search-dev-ingester.us-east-1.staging.public.atl-paas.net
http://bb-search-prod-ingester.prod.public.atl-paas.net
http://bb-search-prod-ingester.us-east-1.prod.public.atl-paas.net
http://bbnbviewer.us-east-1.prod.public.atl-paas.net
http://bbnbviewer.us-west-1.prod.public.atl-paas.net
http://bello.dev.atl-paas.net
http://bello.prod.atl-paas.net
http://bento-workflows-connect.ap-southeast-2.dev.public.atl-paas.net
http://bh-static-alias-blitz-1.dev.atl-paas.net
http://bh-static-alias-blitz-2.dev.atl-paas.net
http://billing-ux-frontend--app.ap-southeast-2.dev.public.atl-paas.net
http://billing-ux-frontend.us-east-1.prod.public.atl-paas.net
http://billing-ux-frontend.us-east-1.staging.atl-paas.net
http://bitbucket-chats-integration.dev.atl-paas.net
http://bitbucket-chats-integration.dev.public.atl-paas.net
http://bitbucket-chats-integration.prod.atl-paas.net
http://bitbucket-pipelines.dev.public.atl-paas.net
http://bitbucket-pipelines.prod.public.atl-paas.net
http://bitbucket-pipelines.staging.public.atl-paas.net
http://bitbucket-prlinks.us-east-1.prod.public.atl-paas.net
http://bitbucket-prlinks.us-east-1.staging.public.atl-paas.net
http://bitbucket-trello-integration--site.us-east-1.prod.public.atl-paas.net
http://bitbucket-trello-integration--site.us-east-1.staging.public.atl-paas.net
http://bitbucket-trello-integration.prod.public.atl-paas.net
http://bitbucket-trello-integration.us-east-1.prod.public.atl-paas.net
http://bitbucket-trello-integration.us-east-1.staging.public.atl-paas.net
http://bitbucketci-rest-service.ap-southeast-2.dev.public.atl-paas.net
http://bitbucketci-rest-service.us-west-1.prod.public.atl-paas.net
http://bitbucketci-rest-service.us-west-1.staging.public.atl-paas.net
http://bitbucketci-ui-proxy.ap-southeast-2.dev.public.atl-paas.net
http://bitbucketci-ui-proxy.us-west-1.prod.public.atl-paas.net
http://bitbucketci-ui-proxy.us-west-1.staging.public.atl-paas.net
http://bitbucketci-ws-service.ap-southeast-2.dev.public.atl-paas.net
http://bitbucketci-ws-service.us-west-1.prod.public.atl-paas.net
http://bitbucketci-ws-service.us-west-1.staging.public.atl-paas.net
http://bootcamp-hello-integration.us-east-1.prod.public.atl-paas.net
http://bxp-content-static.dev.public.atl-paas.net
http://bxp-content-static.prod.public.atl-paas.net
http://bxp-content-static.staging.public.atl-paas.net
http://bxp-content-static.us-east-1.prod.public.atl-paas.net
http://bxp-content-static.us-east-1.staging.public.atl-paas.net
http://bxp-content-static.us-west-2.dev.public.atl-paas.net
http://bxp-trello-storybook.dev.public.atl-paas.net
http://bxp-trello-storybook.prod.public.atl-paas.net
http://bxp-trello-storybook.staging.public.atl-paas.net
http://bxp-trello-storybook.us-east-1.prod.public.atl-paas.net
http://bxp-trello-storybook.us-east-1.staging.public.atl-paas.net
http://bxp-trello-storybook.us-west-2.dev.public.atl-paas.net
http://bxp-trello-storybook.us-west-2.prod.public.atl-paas.net
http://bxp-trello-storybook.us-west-2.staging.public.atl-paas.net
http://canvas--app.us-west-2.dev.public.atl-paas.net
http://canvas.ap-southeast-2.dev.public.atl-paas.net
http://canvas.us-east-1.prod.public.atl-paas.net
http://canvas.us-east-1.staging.public.atl-paas.net
http://canvas.us-west-2.dev.public.atl-paas.net
http://cart-static.ap-southeast-2.dev.public.atl-paas.net
http://cart-static.us-east-1.prod.public.atl-paas.net
http://cart-static.us-east-1.staging.public.atl-paas.net
http://cc-analytics--cdn.ap-southeast-2.dev.public.atl-paas.net
http://cc-analytics--cdn.eu-central-1.prod.public.atl-paas.net
http://cc-analytics--cdn.eu-central-1.staging.public.atl-paas.net
http://cc-analytics--cdn.us-east-1.prod.public.atl-paas.net
http://cc-analytics--cdn.us-east-1.staging.public.atl-paas.net
http://cc-analytics.us-east-1.prod.public.atl-paas.net
http://cc-analytics.us-east-1.staging.public.atl-paas.net
http://cdn-cc-analytics.dev.atl-paas.net
http://cdn.dev.atl-paas.net
http://cdnfailo-ddev.dev.atl-paas.net
http://cdnfailo.ap-southeast-2.dev.public.atl-paas.net
http://cdnfailo.us-west-2.dev.public.atl-paas.net
http://cello.us-east-1.prod.public.atl-paas.net
http://cerebro--cdn.us-east-1.prod.public.atl-paas.net
http://cerebro-ui.ap-southeast-2.dev.public.atl-paas.net
http://changegateway.us-east-1.prod.public.atl-paas.net
http://changegateway.us-east-1.staging.public.atl-paas.net
http://clementine-gapp.atl-paas.net
http://clementine-gapp.us-east-1.prod.public.atl-paas.net
http://cli-3lo--app.ap-southeast-2.dev.public.atl-paas.net
http://cloud-deployments.ap-southeast-2.dev.public.atl-paas.net
http://cloud-deployments.dev.atl-paas.net
http://cloud-deployments.prod.atl-paas.net
http://cloud-deployments.staging.atl-paas.net
http://cloud-deployments.us-east-1.prod.public.atl-paas.net
http://cloud-deployments.us-east-1.staging.public.atl-paas.net
http://commerce-cdn-ddev.dev.atl-paas.net
http://commerce-cdn.prod.atl-paas.net
http://commerce-cdn.staging.atl-paas.net
http://commit-tracker-ux-react.us-east-1.staging.public.atl-paas.net
http://commit-tracker-ux-react.us-west-2.dev.public.atl-paas.net
http://companion-release-server--cdn--app.ap-southeast-2.dev.public.atl-paas.net
http://companion-release-server--cdn.us-west-1.prod.public.atl-paas.net
http://confluence-chats-integr.ap-southeast-2.dev.public.atl-paas.net
http://confluence-chats-integr.us-east-1.prod.public.atl-paas.net
http://confluence-chats-integration.dev.atl-paas.net
http://confluence-chats-integration.prod.atl-paas.net
http://confluence-frontend-next--app.ap-southeast-2.dev.public.atl-paas.net
http://confluence-frontend-next.us-east-1.prod.public.atl-paas.net
http://confluence-frontend-next.us-west-1.prod.public.atl-paas.net
http://confluence-frontend-next.us-west-1.staging.public.atl-paas.net
http://confluence-frontend-next.us-west-2.dev.public.atl-paas.net
http://confluence-frontend-next.us-west-2.staging.public.atl-paas.net
http://confluence-questions.prod.atl-paas.net
http://confluence-questions.us-east-1.prod.public.atl-paas.net
http://confluence-v1-0.prod.atl-paas.net
http://confluence-v1-0.staging.atl-paas.net
http://confluence-v1-1.prod.atl-paas.net
http://confluence-v1-1.staging.atl-paas.net
http://confluence-v1-2.prod.atl-paas.net
http://confluence-v1-2.staging.atl-paas.net
http://confluence-v1-3.prod.atl-paas.net
http://confluence-v1-3.staging.atl-paas.net
http://confluence-v1-4.prod.atl-paas.net
http://confluence-v1-4.staging.atl-paas.net
http://confluence-v1-canary-0.prod.atl-paas.net
http://confluence-v1-canary-1.prod.atl-paas.net
http://confluence-v1-canary-2.prod.atl-paas.net
http://confluence-v1-canary-3.prod.atl-paas.net
http://confluence-v1-canary-4.prod.atl-paas.net
http://confluence-v1-canary.prod.atl-paas.net
http://confluence-v1.prod.atl-paas.net
http://confluence-v1.staging.atl-paas.net
http://confluence-v2-test-prod.dev.atl-paas.net
http://confluence-v2.prod.atl-paas.net
http://confluence-v2.staging.atl-paas.net
http://confluencegd--app.ap-southeast-2.dev.public.atl-paas.net
http://confluencegd.us-west-1.prod.public.atl-paas.net
http://confluencegd.us-west-1.staging.public.atl-paas.net
http://connect-cdn-fallback.atl-paas.net
http://connect-cdn.atl-paas.net
http://contentful-workflow-plugin.ap-southeast-2.dev.public.atl-paas.net
http://contentful-workflow-plugin.dev.atl-paas.net
http://cs-gatekeeper.ap-southeast-1.prod.public.atl-paas.net
http://cs-gatekeeper.ap-southeast-2.prod.public.atl-paas.net
http://cs-gatekeeper.ap-southeast-2.staging.public.atl-paas.net
http://cs-gatekeeper.eu-central-1.prod.public.atl-paas.net
http://cs-gatekeeper.us-east-1.prod.public.atl-paas.net
http://cs-gatekeeper.us-west-1.staging.public.atl-paas.net
http://cs-gatekeeper.us-west-2.prod.public.atl-paas.net
http://cs-migrations--cdn.ap-southeast-2.dev.public.atl-paas.net
http://csp-ui.ap-southeast-2.dev.public.atl-paas.net
http://csp-ui.dev.atl-paas.net
http://csp-ui.prod.atl-paas.net
http://csp-ui.staging.atl-paas.net
http://csp-ui.us-east-1.prod.public.atl-paas.net
http://csp-ui.us-east-1.staging.public.atl-paas.net
http://csp-ui.us-west-1.staging.public.atl-paas.net
http://cst-static-forms-ui--app.ap-southeast-2.dev.public.atl-paas.net
http://cst-static-forms-ui.dev.atl-paas.net
http://cst-static-forms-ui.prod.atl-paas.net
http://cst-static-forms-ui.staging.atl-paas.net
http://cst-static-forms-ui.us-east-1.prod.public.atl-paas.net
http://cst-static-forms-ui.us-east-1.staging.public.atl-paas.net
http://cst-static-tags.ap-southeast-2.dev.public.atl-paas.net
http://cst-static-tags.dev.atl-paas.net
http://cst-static-tags.prod.atl-paas.net
http://cst-static-tags.staging.atl-paas.net
http://cst-static-tags.us-east-1.prod.public.atl-paas.net
http://cst-static-tags.us-east-1.staging.public.atl-paas.net
http://dac-lf.prod.atl-paas.net
http://dac-lf.us-west-2.prod.public.atl-paas.net
http://data-portal--app.ap-southeast-2.dev.public.atl-paas.net
http://data-portal.prod.atl-paas.net
http://data-portal.prod.public.atl-paas.net
http://data-portal.us-east-1.prod.public.atl-paas.net
http://data-portal.us-east-1.staging.public.atl-paas.net
http://docker.atl-paas.net
http://dss-webhook-receiver-ddev.dev.atl-paas.net
http://dss-webhook-receiver.ap-southeast-2.dev.public.atl-paas.net
http://dss-webhook-receiver.prod.atl-paas.net
http://dss-webhook-receiver.prod.public.atl-paas.net
http://dss-webhook-receiver.staging.public.atl-paas.net
http://dss-webhook-receiver.us-east-1.prod.public.atl-paas.net
http://dss-webhook-receiver.us-east-1.staging.public.atl-paas.net
http://emcee.dev.atl-paas.net
http://emcee.prod.atl-paas.net
http://emcee.staging.atl-paas.net
http://flag-measurement.dev.atl-paas.net
http://flag-measurement.prod.atl-paas.net
http://flag-measurement.staging.atl-paas.net
http://freis-fe-fragments.ap-southeast-2.dev.public.atl-paas.net
http://google-calendars-for-hipchat--cdn.us-east-1.prod.public.atl-paas.net
http://graphql-gateway-static--app.ap-southeast-2.dev.public.atl-paas.net
http://halp-ms-teams-frontend.us-east-1.prod.public.atl-paas.net
http://halp-ms-teams-frontend.us-east-1.staging.public.atl-paas.net
http://hamlet.prod.public.atl-paas.net
http://hamlet.us-east-1.prod.public.atl-paas.net
http://have-i-seen-it--app.ap-southeast-2.dev.public.atl-paas.net
http://have-i-seen-it.ap-southeast-2.dev.public.atl-paas.net
http://have-i-seen-it.us-east-1.prod.public.atl-paas.net
http://have-i-seen-it.us-east-1.staging.public.atl-paas.net
http://home-static.ap-southeast-2.dev.public.atl-paas.net
http://home-static.us-east-1.prod.public.atl-paas.net
http://home-static.us-east-1.staging.public.atl-paas.net
http://id-common-frontend--app.us-west-2.dev.public.atl-paas.net
http://id-common-frontend.ap-southeast-2.dev.public.atl-paas.net
http://id-common-frontend.prod.atl-paas.net
http://id-common-frontend.staging.atl-paas.net
http://id-common-frontend.us-west-2.prod.public.atl-paas.net
http://id-common-frontend.us-west-2.staging.public.atl-paas.net
http://id-mail-assets.prod.atl-paas.net
http://id-mail-assets.staging.atl-paas.net
http://idproxy--app.us-west-2.dev.public.atl-paas.net
http://idproxy-app.dev.atl-paas.net
http://idproxy.ap-southeast-2.dev.public.atl-paas.net
http://idproxy.dev.atl-paas.net
http://idproxy.prod.atl-paas.net
http://idproxy.prod.public.atl-paas.net
http://idproxy.staging.atl-paas.net
http://idproxy.us-east-1.prod.public.atl-paas.net
http://idproxy.us-west-2.prod.public.atl-paas.net
http://idproxy.us-west-2.staging.public.atl-paas.net
http://iframely.prod.atl-paas.net
http://iframely.staging.atl-paas.net
http://intellij-plugins.dev.atl-paas.net
http://javascript-charts.us-west-2.prod.public.atl-paas.net
http://jira-align-powerup.ap-southeast-2.dev.public.atl-paas.net
http://jira-crm-integration.us-east-1.prod.public.atl-paas.net
http://jira-crm.prod.public.atl-paas.net
http://jira-frontend-branch.us-east-1.staging.public.atl-paas.net
http://jira-frontend-dashboard.us-east-1.staging.public.atl-paas.net
http://jira-frontend-static.dev.public.atl-paas.net
http://jira-frontend-static.prod.public.atl-paas.net
http://jira-frontend-static.staging.public.atl-paas.net
http://jira-frontend-static.us-east-1.prod.public.atl-paas.net
http://jira-frontend-static.us-east-1.staging.public.atl-paas.net
http://jira-frontend-static.us-west-2.dev.public.atl-paas.net
http://jira-frontend-stg.us-east-1.staging.public.atl-paas.net
http://jira-frontend.ap-southeast-2.dev.public.atl-paas.net
http://jira-frontend.dev.public.atl-paas.net
http://jira-frontend.us-east-1.staging.public.atl-paas.net
http://jira-slack-integration.prod.atl-paas.net
http://jira-trello-integration--cdn.us-east-1.prod.public.atl-paas.net
http://jira-trello-integration--cdn.us-east-1.staging.public.atl-paas.net
http://jira-trello-integration.us-east-1.prod.public.atl-paas.net
http://jira-viz.ap-southeast-2.dev.public.atl-paas.net
http://jira-viz.dev.atl-paas.net
http://jsd-portal-frontend.us-east-1.prod.public.atl-paas.net
http://jsd-portal-frontend.us-east-1.staging.public.atl-paas.net
http://jsd-status-page.us-west-1.prod.public.atl-paas.net
http://jsd-status-page.us-west-1.staging.public.atl-paas.net
http://jsm-portal-frontend.us-east-1.prod.public.atl-paas.net
http://jsm-portal-frontend.us-east-1.staging.public.atl-paas.net
http://jsm-portal-frontend.us-west-2.dev.public.atl-paas.net
http://jspear-static.us-east-1.staging.public.atl-paas.net
http://luigi-ui.ap-southeast-2.dev.public.atl-paas.net
http://luigi-ui.dev.atl-paas.net
http://luigi-ui.prod.atl-paas.net
http://luigi-ui.staging.atl-paas.net
http://luigi-ui.us-west-2.prod.public.atl-paas.net
http://luigi-ui.us-west-2.staging.public.atl-paas.net
http://manager.dev.atl-paas.net
http://manager.prod.atl-paas.net
http://manager.staging.atl-paas.net
http://mario.dev.atl-paas.net
http://mario.prod.atl-paas.net
http://mario.staging.atl-paas.net
http://marketplace-athreos--cdn.us-east-1.prod.public.atl-paas.net
http://marketplace-athreos--cdn.us-west-1.prod.public.atl-paas.net
http://marketplace-athreos.us-east-1.prod.public.atl-paas.net
http://marketplace-cdn.prod.public.atl-paas.net
http://marketplace-emcee.ap-southeast-2.dev.public.atl-paas.net
http://marketplace-emcee.us-east-1.prod.public.atl-paas.net
http://marketplace-emcee.us-east-1.staging.public.atl-paas.net
http://marketplace-emcee.us-west-2.dev.public.atl-paas.net
http://marketplace.prod.public.atl-paas.net
http://metal.ap-southeast-2.dev.public.atl-paas.net
http://metal.dev.atl-paas.net
http://metal.prod.atl-paas.net
http://metal.staging.atl-paas.net
http://micros-cts-addon.ap-southeast-2.dev.public.atl-paas.net
http://micros-cts-addon.us-east-1.prod.public.atl-paas.net
http://micros-cts-addon.us-east-1.staging.public.atl-paas.net
http://micros-sce-adev-west2--s--app.us-west-2.dev.public.atl-paas.net
http://micros-sce-stg-apse--s.ap-southeast-1.staging.public.atl-paas.net
http://microscope.prod.atl-paas.net
http://microscope.staging.atl-paas.net
http://mr-rogers.dev.atl-paas.net
http://mr-rogers.staging.atl-paas.net
http://ms-push-notification--cloudfront-gev2.us-east-1.prod.public.atl-paas.net
http://ms-push-notification--cloudfront-gev2.us-east-1.staging.public.atl-paas.net
http://ms-push-notification.prod.public.atl-paas.net
http://ms-push-notification.staging.public.atl-paas.net
http://nucleus--store--app.ap-southeast-2.dev.public.atl-paas.net
http://nucleus--store.us-west-1.prod.public.atl-paas.net
http://nucleus--store.us-west-1.staging.public.atl-paas.net
http://oauth-2-authorization-server--app.ap-southeast-2.dev.public.atl-paas.net
http://oauth-2-authorization-server.ap-southeast-2.dev.public.atl-paas.net
http://oauth-2-authorization-server.us-east-1.prod.public.atl-paas.net
http://oauth-2-authorization-server.us-east-1.staging.public.atl-paas.net
http://oauth-2-authorization-server.us-west-1.prod.public.atl-paas.net
http://oauth-2-authorization-server.us-west-1.staging.public.atl-paas.net
http://obs-splunk-swilson-conf.us-east-1.staging.public.atl-paas.net
http://observatory.ap-southeast-2.dev.public.atl-paas.net
http://observatory.dev.atl-paas.net
http://observatory.prod.atl-paas.net
http://observatory.staging.atl-paas.net
http://observatory.us-west-2.prod.public.atl-paas.net
http://observatory.us-west-2.staging.public.atl-paas.net
http://og-frontend-static-admin.eu-central-1.prod.public.atl-paas.net
http://og-frontend-static-admin.us-west-2.prod.public.atl-paas.net
http://og-frontend-static.eu-central-1.prod.public.atl-paas.net
http://og-frontend-static.eu-west-1.prod.public.atl-paas.net
http://og-frontend-static.us-west-1.prod.public.atl-paas.net
http://og-frontend-static.us-west-1.staging.public.atl-paas.net
http://og-frontend-static.us-west-2.dev.public.atl-paas.net
http://og-frontend-static.us-west-2.prod.public.atl-paas.net
http://og-frontend-static.us-west-2.staging.public.atl-paas.net
http://ondemand-signup-form.ap-southeast-2.dev.public.atl-paas.net
http://ondemand-signup-form.us-east-1.prod.public.atl-paas.net
http://ondemand-signup-form.us-east-1.staging.public.atl-paas.net
http://optimizely-iframe.ap-southeast-2.dev.public.atl-paas.net
http://optimizely-iframe.us-west-1.prod.public.atl-paas.net
http://optimizely-iframe.us-west-1.staging.public.atl-paas.net
http://partner-engineering-cdn.atl-paas.net
http://perfhammer-ui.us-east-1.prod.public.atl-paas.net
http://perfhammer.dev.atl-paas.net
http://perfhammer.prod.atl-paas.net
http://perfhammer.staging.atl-paas.net
http://pf-emoji-service--cdn.ap-southeast-2.dev.public.atl-paas.net
http://pf-emoji-service--cdn.us-east-1.prod.public.atl-paas.net
http://pf-emoji-service--cdn.us-east-1.staging.public.atl-paas.net
http://pf-site-admin-ui.ap-southeast-2.dev.public.atl-paas.net
http://pf-site-admin-ui.dev.public.atl-paas.net
http://pf-site-admin-ui.prod.public.atl-paas.net
http://pf-site-admin-ui.staging.public.atl-paas.net
http://pf-site-admin-ui.us-east-1.prod.public.atl-paas.net
http://pf-site-admin-ui.us-east-1.staging.public.atl-paas.net
http://pi-cdn.atl-paas.net
http://pi-cdn.dev.atl-paas.net
http://pipelines-ui.ap-southeast-2.dev.public.atl-paas.net
http://play-ui--app.ap-southeast-2.dev.public.atl-paas.net
http://play-ui.ap-southeast-2.dev.public.atl-paas.net
http://play-ui.dev.atl-paas.net
http://pollinator-ui.ap-southeast-2.dev.public.atl-paas.net
http://posture.ap-southeast-2.dev.public.atl-paas.net
http://posture.dev.atl-paas.net
http://posture.prod.atl-paas.net
http://posture.staging.atl-paas.net
http://posture.us-east-1.prod.public.atl-paas.net
http://posture.us-east-1.staging.public.atl-paas.net
http://prod.atl-paas.net
http://prod.public.atl-paas.net
http://product-integrations-cdn.ap-southeast-2.dev.public.atl-paas.net
http://product-integrations-cdn.atl-paas.net
http://product-integrations-cdn.us-east-1.prod.public.atl-paas.net
http://ps-codestyle--app.us-west-2.dev.public.atl-paas.net
http://ps-codestyle-test.dev.atl-paas.net
http://ps-codestyle.ap-southeast-2.dev.public.atl-paas.net
http://ps-codestyle.dev.atl-paas.net
http://ps-codestyle.us-west-2.dev.public.atl-paas.net
http://ptc-directory-sited-static.ap-southeast-2.dev.public.atl-paas.net
http://ptc-directory-sited-static.us-east-1.prod.public.atl-paas.net
http://ptc-directory-sited-static.us-east-1.staging.public.atl-paas.net
http://ptc-directory-static.ap-southeast-2.dev.public.atl-paas.net
http://ptc-directory-static.us-east-1.prod.public.atl-paas.net
http://ptc-directory-static.us-east-1.staging.public.atl-paas.net
http://relist-static.us-east-1.staging.public.atl-paas.net
http://relist.dev.atl-paas.net
http://relist.prod.atl-paas.net
http://relist.staging.atl-paas.net
http://rich-text-gadget.us-west-2.prod.public.atl-paas.net
http://rsvp-connect-static--app.ap-southeast-2.dev.public.atl-paas.net
http://security-assistant-ui.dev.atl-paas.net
http://security-assistant-ui.prod.atl-paas.net
http://security-assistant-ui.staging.atl-paas.net
http://security-assistant.prod.atl-paas.net
http://security-static.prod.atl-paas.net
http://security-static.staging.atl-paas.net
http://security-static.us-west-2.prod.public.atl-paas.net
http://security-static.us-west-2.staging.public.atl-paas.net
http://servicequest.dev.atl-paas.net
http://servicequest.prod.atl-paas.net
http://servicequest.staging.atl-paas.net
http://servicequest.us-west-2.dev.public.atl-paas.net
http://servicequest.us-west-2.prod.public.atl-paas.net
http://servicequest.us-west-2.staging.public.atl-paas.net
http://shpxl-87-app.dev.atl-paas.net
http://shpxl-87-app.us-west-2.dev.public.atl-paas.net
http://site-admin-avatar-cdn.ap-southeast-2.dev.public.atl-paas.net
http://site-admin-avatar-cdn.dev.public.atl-paas.net
http://site-admin-avatar-cdn.prod.public.atl-paas.net
http://site-admin-avatar-cdn.staging.public.atl-paas.net
http://site-admin-avatar-cdn.us-east-1.prod.public.atl-paas.net
http://site-admin-avatar-cdn.us-east-1.staging.public.atl-paas.net
http://site-admin-avatar-cdn.us-west-2.prod.public.atl-paas.net
http://site-admin-avatar-cdn.us-west-2.staging.public.atl-paas.net
http://slo-ui--app.ap-southeast-2.dev.public.atl-paas.net
http://slo-ui.ap-southeast-2.dev.public.atl-paas.net
http://slo-ui.dev.atl-paas.net
http://slo-ui.prod.atl-paas.net
http://slo-ui.staging.atl-paas.net
http://slo-ui.us-west-2.prod.public.atl-paas.net
http://slo-ui.us-west-2.staging.public.atl-paas.net
http://smart-routing.dev.atl-paas.net
http://smart-routing.prod.atl-paas.net
http://smart-routing.staging.atl-paas.net
http://smartrouting.dev.atl-paas.net
http://smartrouting.prod.atl-paas.net
http://smartrouting.staging.atl-paas.net
http://spud.prod.atl-paas.net
http://spud.staging.atl-paas.net
http://standup-rooster-frontend.ap-southeast-2.dev.public.atl-paas.net
http://status-ui.us-east-1.prod.public.atl-paas.net
http://status-ui.us-east-1.staging.public.atl-paas.net
http://support-assistance-tuts.prod.atl-paas.net
http://support-assistance-tuts.us-west-2.prod.public.atl-paas.net
http://support-form-app--app.ap-southeast-2.dev.public.atl-paas.net
http://support-form-app.ap-southeast-2.dev.public.atl-paas.net
http://support-form-app.dev.atl-paas.net
http://support-form-app.prod.atl-paas.net
http://support-form-app.staging.atl-paas.net
http://support-form-app.us-east-1.prod.public.atl-paas.net
http://support-form-app.us-east-1.staging.public.atl-paas.net
http://synchrony-cdn.prod.atl-paas.net
http://synchrony-cdn.staging.atl-paas.net
http://trello-dev-docs-redirecter.ap-southeast-2.dev.public.atl-paas.net
http://trello-dev-docs-redirecter.us-east-1.prod.public.atl-paas.net
http://trello-readme.atl-paas.net
http://trello-report-builder.dev.atl-paas.net
http://trello-report-builder.us-west-2.dev.public.atl-paas.net
http://uchi-ui.us-east-1.prod.public.atl-paas.net
http://uchi-ui.us-east-1.staging.public.atl-paas.net
http://update.dev.atl-paas.net
http://user-segmentation.dev.atl-paas.net
http://user-segmentation.prod.atl-paas.net
http://user-segmentation.staging.atl-paas.net
http://user-segmentation.us-east-1.prod.public.atl-paas.net
http://user-segmentation.us-east-1.staging.public.atl-paas.net
http://user-segmentation.us-west-2.dev.public.atl-paas.net
http://vega-admin.ap-southeast-2.dev.public.atl-paas.net
http://vega-admin.dev.atl-paas.net
http://vega-admin.staging.atl-paas.net
http://vega-admin.us-east-1.staging.public.atl-paas.net
http://vega-calendar--app.ap-southeast-2.dev.public.atl-paas.net
http://vega-calendar.ap-southeast-2.dev.public.atl-paas.net
http://vega-calendar.dev.atl-paas.net
http://vega-calendar.prod.atl-paas.net
http://vega-calendar.staging.atl-paas.net
http://vega-calendar.us-east-1.prod.public.atl-paas.net
http://vega-calendar.us-east-1.staging.public.atl-paas.net
http://vega-routing.ap-southeast-2.dev.public.atl-paas.net
http://vega-routing.dev.atl-paas.net
http://vega-routing.staging.atl-paas.net
http://vega-routing.us-east-1.prod.public.atl-paas.net
http://vega-routing.us-east-1.staging.public.atl-paas.net
http://vtruong-test-portal.ap-southeast-2.dev.public.atl-paas.net
http://webstatsd-cdn.ap-southeast-2.dev.public.atl-paas.net
http://webstatsd-cdn.dev.atl-paas.net
http://webstatsd-cdn.prod.atl-paas.net
http://webstatsd-cdn.staging.atl-paas.net
http://webstatsd-cdn.us-west-2.prod.public.atl-paas.net
http://webstatsd-cdn.us-west-2.staging.public.atl-paas.net
http://wheaties-frontend--app.ap-southeast-2.dev.public.atl-paas.net
http://wheaties-frontend.ap-southeast-2.dev.public.atl-paas.net
http://wheaties-frontend.dev.atl-paas.net
http://wheaties-frontend.staging.atl-paas.net
http://wheaties-frontend.us-east-1.staging.public.atl-paas.net
http://whisper-gateway--app.us-west-2.dev.public.atl-paas.net
http://whisper-gateway.prod.public.atl-paas.net
http://whisper-gateway.us-west-2.prod.public.atl-paas.net
http://wikidocs--cdn--app.ap-southeast-2.dev.public.atl-paas.net
http://wikidocs--cdn.eu-west-1.staging.public.atl-paas.net
http://wikidocs--cdn.us-west-1.prod.public.atl-paas.net
http://wikidocs--cdn.us-west-1.staging.public.atl-paas.net
http://wikidocs--cdn.us-west-2.dev.public.atl-paas.net
http://wikidocs.us-west-1.prod.public.atl-paas.net
http://x-static.ap-southeast-2.dev.public.atl-paas.net
http://x-static.us-east-1.prod.public.atl-paas.net
http://x-static.us-east-1.staging.public.atl-paas.net
http://xxid.atl-paas.net
http://xxid.dev.atl-paas.net
http://xxid.staging.atl-paas.net
https://acjsrefapp.atl-paas.net
https://acjsrefapp.us-west-1.prod.public.atl-paas.net
https://aes-artifacts--cdn--app.ap-southeast-2.dev.public.atl-paas.net
https://aes-artifacts--cdn.us-east-1.prod.public.atl-paas.net
https://aes-artifacts--cdn.us-east-1.staging.public.atl-paas.net
https://aid-auth0-app.dev.public.atl-paas.net
https://aid-auth0.dev.public.atl-paas.net
https://aid-auth0.prod.public.atl-paas.net
https://aid-auth0.staging.public.atl-paas.net
https://aid-avatar-cdn-app.dev.public.atl-paas.net
https://aid-avatar-cdn.dev.public.atl-paas.net
https://aid-avatar-cdn.prod.public.atl-paas.net
https://aid-avatar-cdn.staging.public.atl-paas.net
https://aid-frontend.prod.atl-paas.net
https://aid-frontend.us-east-1.prod.public.atl-paas.net
https://aid-static-assets.prod.atl-paas.net
https://aid-static-assets.us-east-1.prod.public.atl-paas.net
https://amkt-frontend-10.dev.atl-paas.net
https://amkt-frontend-11.dev.atl-paas.net
https://amkt-frontend-12.dev.atl-paas.net
https://amkt-frontend-13.dev.atl-paas.net
https://amkt-frontend-2.dev.atl-paas.net
https://amkt-frontend-3.dev.atl-paas.net
https://amkt-frontend-4.dev.atl-paas.net
https://amkt-frontend-5.dev.atl-paas.net
https://amkt-frontend-6.dev.atl-paas.net
https://amkt-frontend-7.dev.atl-paas.net
https://amkt-frontend-8.dev.atl-paas.net
https://amkt-frontend-dev-10.ap-southeast-2.dev.public.atl-paas.net
https://amkt-frontend-dev-11.ap-southeast-2.dev.public.atl-paas.net
https://amkt-frontend-dev-12.ap-southeast-2.dev.public.atl-paas.net
https://amkt-frontend-dev-13.ap-southeast-2.dev.public.atl-paas.net
https://amkt-frontend-dev-14.ap-southeast-2.dev.public.atl-paas.net
https://anchore-catalog--anchore-archive.us-west-2.prod.public.atl-paas.net
https://as.staging.atl-paas.net
https://atl-global-static--app.ap-southeast-2.dev.public.atl-paas.net
https://atl-global-static.us-east-1.prod.public.atl-paas.net
https://atl-global-static.us-east-1.staging.public.atl-paas.net
https://atl-link-static-test.dev.atl-paas.net
https://atl-link-static.ap-southeast-2.dev.public.atl-paas.net
https://atl-link-static.dev.atl-paas.net
https://atl-link-static.prod.atl-paas.net
https://atl-link-static.staging.atl-paas.net
https://atl-link-static.us-east-1.prod.public.atl-paas.net
https://atl-link-static.us-east-1.staging.public.atl-paas.net
https://atl-paas.net
https://atl-preferences-center--cdn.ap-southeast-2.dev.public.atl-paas.net
https://atl-preferences-center--cdn.us-east-1.prod.public.atl-paas.net
https://atl-preferences-center--cdn.us-east-1.staging.public.atl-paas.net
https://atl-preferences-center--cdn.us-west-1.prod.public.atl-paas.net
https://atl-preferences-center.ap-southeast-2.dev.public.atl-paas.net
https://atl-preferences-center.dev.atl-paas.net
https://atl-preferences-center.prod.atl-paas.net
https://atl-preferences-center.staging.atl-paas.net
https://atl-preferences-center.us-east-1.prod.public.atl-paas.net
https://atl-preferences-center.us-east-1.staging.public.atl-paas.net
https://atl-web-fallback--app.ap-southeast-2.dev.public.atl-paas.net
https://atl-web-fallback.ap-southeast-2.dev.public.atl-paas.net
https://atl-web-fallback.prod.atl-paas.net
https://atl-web-fallback.staging.atl-paas.net
https://atl-web-fallback.us-east-1.prod.public.atl-paas.net
https://atl-web-fallback.us-west-1.prod.public.atl-paas.net
https://atl-web-fallback.us-west-1.staging.public.atl-paas.net
https://atlas-cdn--app.us-west-2.dev.public.atl-paas.net
https://atlas-cdn.dev.atl-paas.net
https://atlas-cdn.us-west-2.dev.public.atl-paas.net
https://atlaskit-website.us-east-1.prod.public.atl-paas.net
https://atlassian-gapp.atl-paas.net
https://atlassian-gapp.us-east-1.prod.public.atl-paas.net
https://atlassian-gapp.us-west-2.dev.public.atl-paas.net
https://atlassian-integrations.atl-paas.net
https://atlassian-integrations.dev.atl-paas.net
https://atlassian-integrations.staging.atl-paas.net
https://atlassian-outlook-integration.prod.atl-paas.net
https://atlassian-public-ips.us-west-1.prod.public.atl-paas.net
https://atlassian-slack-integration.us-east-1.prod.public.atl-paas.net
https://atlassian-slack-integration.us-east-1.staging.public.atl-paas.net
https://atst-data--app.ap-southeast-2.dev.public.atl-paas.net
https://atst-data.atl-paas.net
https://atst-data.dev.atl-paas.net
https://atst-data.staging.atl-paas.net
https://atst-data.us-east-1.prod.public.atl-paas.net
https://atst-data.us-east-1.staging.public.atl-paas.net
https://aui-cdn.dev.atl-paas.net
https://aui-cdn.prod.atl-paas.net
https://aui-cdn.staging.atl-paas.net
https://aui-cdn.us-west-2.dev.public.atl-paas.net
https://aui-cdn.us-west-2.prod.public.atl-paas.net
https://aui-cdn.us-west-2.staging.public.atl-paas.net
https://aui-docs.ap-southeast-2.dev.public.atl-paas.net
https://aui-docs.us-east-1.prod.public.atl-paas.net
https://auth.prod.public.atl-paas.net
https://auth.staging.public.atl-paas.net
https://auth0-proxy--app.us-west-2.dev.public.atl-paas.net
https://auth0-proxy-app.dev.atl-paas.net
https://auth0-proxy.ap-southeast-2.dev.public.atl-paas.net
https://auth0-proxy.prod.atl-paas.net
https://auth0-proxy.staging.atl-paas.net
https://auth0-proxy.us-east-1.prod.public.atl-paas.net
https://auth0-proxy.us-east-1.staging.public.atl-paas.net
https://auth0-proxy.us-west-2.prod.public.atl-paas.net
https://auth0-proxy.us-west-2.staging.public.atl-paas.net
https://avatar-management--avatars--app.us-west-2.dev.public.atl-paas.net
https://avatar-management--avatars.us-east-1.staging.public.atl-paas.net
https://avatar-management--avatars.us-west-2.prod.public.atl-paas.net
https://avatar-management--avatars.us-west-2.staging.public.atl-paas.net
https://bannerman.ap-southeast-2.dev.public.atl-paas.net
https://bannerman.dev.atl-paas.net
https://bannerman.prod.atl-paas.net
https://bannerman.staging.atl-paas.net
https://bannerman.us-east-1.prod.public.atl-paas.net
https://bannerman.us-east-1.staging.public.atl-paas.net
https://bb-chats-integration.ap-southeast-2.dev.public.atl-paas.net
https://bb-chats-integration.us-east-1.prod.public.atl-paas.net
https://bb-search-dev-ingester.staging.public.atl-paas.net
https://bb-search-dev-ingester.us-east-1.staging.public.atl-paas.net
https://bb-search-prod-ingester.prod.public.atl-paas.net
https://bb-search-prod-ingester.us-east-1.prod.public.atl-paas.net
https://bbnbviewer.us-east-1.prod.public.atl-paas.net
https://bbnbviewer.us-west-1.prod.public.atl-paas.net
https://bello.dev.atl-paas.net
https://bello.prod.atl-paas.net
https://bento-workflows-connect.ap-southeast-2.dev.public.atl-paas.net
https://bh-static-alias-blitz-1.dev.atl-paas.net
https://bh-static-alias-blitz-2.dev.atl-paas.net
https://billing-ux-frontend--app.ap-southeast-2.dev.public.atl-paas.net
https://billing-ux-frontend.us-east-1.prod.public.atl-paas.net
https://billing-ux-frontend.us-east-1.staging.atl-paas.net
https://bitbucket-chats-integration.dev.atl-paas.net
https://bitbucket-chats-integration.dev.public.atl-paas.net
https://bitbucket-chats-integration.prod.atl-paas.net
https://bitbucket-pipelines.dev.public.atl-paas.net
https://bitbucket-pipelines.prod.public.atl-paas.net
https://bitbucket-pipelines.staging.public.atl-paas.net
https://bitbucket-prlinks.us-east-1.prod.public.atl-paas.net
https://bitbucket-prlinks.us-east-1.staging.public.atl-paas.net
https://bitbucket-trello-integration--site.us-east-1.prod.public.atl-paas.net
https://bitbucket-trello-integration--site.us-east-1.staging.public.atl-paas.net
https://bitbucket-trello-integration.prod.public.atl-paas.net
https://bitbucket-trello-integration.us-east-1.prod.public.atl-paas.net
https://bitbucket-trello-integration.us-east-1.staging.public.atl-paas.net
https://bitbucketci-rest-service.ap-southeast-2.dev.public.atl-paas.net
https://bitbucketci-rest-service.us-west-1.prod.public.atl-paas.net
https://bitbucketci-rest-service.us-west-1.staging.public.atl-paas.net
https://bitbucketci-ui-proxy.ap-southeast-2.dev.public.atl-paas.net
https://bitbucketci-ui-proxy.us-west-1.prod.public.atl-paas.net
https://bitbucketci-ui-proxy.us-west-1.staging.public.atl-paas.net
https://bitbucketci-ws-service.ap-southeast-2.dev.public.atl-paas.net
https://bitbucketci-ws-service.us-west-1.prod.public.atl-paas.net
https://bitbucketci-ws-service.us-west-1.staging.public.atl-paas.net
https://bootcamp-hello-integration.us-east-1.prod.public.atl-paas.net
https://bxp-content-static.dev.public.atl-paas.net
https://bxp-content-static.prod.public.atl-paas.net
https://bxp-content-static.staging.public.atl-paas.net
https://bxp-content-static.us-east-1.prod.public.atl-paas.net
https://bxp-content-static.us-east-1.staging.public.atl-paas.net
https://bxp-content-static.us-west-2.dev.public.atl-paas.net
https://bxp-trello-storybook.dev.public.atl-paas.net
https://bxp-trello-storybook.prod.public.atl-paas.net
https://bxp-trello-storybook.staging.public.atl-paas.net
https://bxp-trello-storybook.us-east-1.prod.public.atl-paas.net
https://bxp-trello-storybook.us-east-1.staging.public.atl-paas.net
https://bxp-trello-storybook.us-west-2.dev.public.atl-paas.net
https://bxp-trello-storybook.us-west-2.prod.public.atl-paas.net
https://bxp-trello-storybook.us-west-2.staging.public.atl-paas.net
https://canvas--app.us-west-2.dev.public.atl-paas.net
https://canvas.ap-southeast-2.dev.public.atl-paas.net
https://canvas.us-east-1.prod.public.atl-paas.net
https://canvas.us-east-1.staging.public.atl-paas.net
https://canvas.us-west-2.dev.public.atl-paas.net
https://cart-static.ap-southeast-2.dev.public.atl-paas.net
https://cart-static.us-east-1.prod.public.atl-paas.net
https://cart-static.us-east-1.staging.public.atl-paas.net
https://cc-analytics--cdn.ap-southeast-2.dev.public.atl-paas.net
https://cc-analytics--cdn.eu-central-1.prod.public.atl-paas.net
https://cc-analytics--cdn.eu-central-1.staging.public.atl-paas.net
https://cc-analytics--cdn.us-east-1.prod.public.atl-paas.net
https://cc-analytics--cdn.us-east-1.staging.public.atl-paas.net
https://cc-analytics.us-east-1.prod.public.atl-paas.net
https://cc-analytics.us-east-1.staging.public.atl-paas.net
https://cdn.dev.atl-paas.net
https://cdnfailo-ddev.dev.atl-paas.net
https://cdnfailo.ap-southeast-2.dev.public.atl-paas.net
https://cdnfailo.us-west-2.dev.public.atl-paas.net
https://cello.us-east-1.prod.public.atl-paas.net
https://cerebro--cdn.us-east-1.prod.public.atl-paas.net
https://cerebro-ui.ap-southeast-2.dev.public.atl-paas.net
https://changegateway.us-east-1.prod.public.atl-paas.net
https://changegateway.us-east-1.staging.public.atl-paas.net
https://clementine-gapp.atl-paas.net
https://clementine-gapp.us-east-1.prod.public.atl-paas.net
https://cli-3lo--app.ap-southeast-2.dev.public.atl-paas.net
https://cloud-deployments.ap-southeast-2.dev.public.atl-paas.net
https://cloud-deployments.dev.atl-paas.net
https://cloud-deployments.prod.atl-paas.net
https://cloud-deployments.staging.atl-paas.net
https://cloud-deployments.us-east-1.prod.public.atl-paas.net
https://cloud-deployments.us-east-1.staging.public.atl-paas.net
https://commerce-cdn-ddev.dev.atl-paas.net
https://commerce-cdn.prod.atl-paas.net
https://commerce-cdn.staging.atl-paas.net
https://commit-tracker-ux-react.us-east-1.staging.public.atl-paas.net
https://commit-tracker-ux-react.us-west-2.dev.public.atl-paas.net
https://companion-release-server--cdn--app.ap-southeast-2.dev.public.atl-paas.net
https://companion-release-server--cdn.us-west-1.prod.public.atl-paas.net
https://confluence-chats-integr.ap-southeast-2.dev.public.atl-paas.net
https://confluence-chats-integr.us-east-1.prod.public.atl-paas.net
https://confluence-chats-integration.dev.atl-paas.net
https://confluence-chats-integration.prod.atl-paas.net
https://confluence-frontend-next--app.ap-southeast-2.dev.public.atl-paas.net
https://confluence-frontend-next.us-east-1.prod.public.atl-paas.net
https://confluence-frontend-next.us-west-1.prod.public.atl-paas.net
https://confluence-frontend-next.us-west-1.staging.public.atl-paas.net
https://confluence-frontend-next.us-west-2.dev.public.atl-paas.net
https://confluence-frontend-next.us-west-2.staging.public.atl-paas.net
https://confluence-questions.prod.atl-paas.net
https://confluence-questions.us-east-1.prod.public.atl-paas.net
https://confluence-v1-0.prod.atl-paas.net
https://confluence-v1-0.staging.atl-paas.net
https://confluence-v1-1.prod.atl-paas.net
https://confluence-v1-1.staging.atl-paas.net
https://confluence-v1-2.prod.atl-paas.net
https://confluence-v1-2.staging.atl-paas.net
https://confluence-v1-3.prod.atl-paas.net
https://confluence-v1-3.staging.atl-paas.net
https://confluence-v1-4.prod.atl-paas.net
https://confluence-v1-4.staging.atl-paas.net
https://confluence-v1-canary-0.prod.atl-paas.net
https://confluence-v1-canary-1.prod.atl-paas.net
https://confluence-v1-canary-2.prod.atl-paas.net
https://confluence-v1-canary-3.prod.atl-paas.net
https://confluence-v1-canary-4.prod.atl-paas.net
https://confluence-v1-canary.prod.atl-paas.net
https://confluence-v1.prod.atl-paas.net
https://confluence-v1.staging.atl-paas.net
https://confluence-v2-test-prod.dev.atl-paas.net
https://confluence-v2.prod.atl-paas.net
https://confluence-v2.staging.atl-paas.net
https://confluencegd--app.ap-southeast-2.dev.public.atl-paas.net
https://confluencegd.us-west-1.prod.public.atl-paas.net
https://confluencegd.us-west-1.staging.public.atl-paas.net
https://connect-cdn-fallback.atl-paas.net
https://connect-cdn.atl-paas.net
https://contentful-workflow-plugin.ap-southeast-2.dev.public.atl-paas.net
https://contentful-workflow-plugin.dev.atl-paas.net
https://cs-gatekeeper.ap-southeast-1.prod.public.atl-paas.net
https://cs-gatekeeper.ap-southeast-2.prod.public.atl-paas.net
https://cs-gatekeeper.ap-southeast-2.staging.public.atl-paas.net
https://cs-gatekeeper.eu-central-1.prod.public.atl-paas.net
https://cs-gatekeeper.us-east-1.prod.public.atl-paas.net
https://cs-gatekeeper.us-west-1.staging.public.atl-paas.net
https://cs-gatekeeper.us-west-2.prod.public.atl-paas.net
https://cs-migrations--cdn.ap-southeast-2.dev.public.atl-paas.net
https://csp-ui.ap-southeast-2.dev.public.atl-paas.net
https://csp-ui.dev.atl-paas.net
https://csp-ui.prod.atl-paas.net
https://csp-ui.staging.atl-paas.net
https://csp-ui.us-east-1.prod.public.atl-paas.net
https://csp-ui.us-east-1.staging.public.atl-paas.net
https://csp-ui.us-west-1.staging.public.atl-paas.net
https://cst-static-forms-ui--app.ap-southeast-2.dev.public.atl-paas.net
https://cst-static-forms-ui.dev.atl-paas.net
https://cst-static-forms-ui.prod.atl-paas.net
https://cst-static-forms-ui.staging.atl-paas.net
https://cst-static-forms-ui.us-east-1.prod.public.atl-paas.net
https://cst-static-forms-ui.us-east-1.staging.public.atl-paas.net
https://cst-static-tags.ap-southeast-2.dev.public.atl-paas.net
https://cst-static-tags.dev.atl-paas.net
https://cst-static-tags.prod.atl-paas.net
https://cst-static-tags.staging.atl-paas.net
https://cst-static-tags.us-east-1.prod.public.atl-paas.net
https://cst-static-tags.us-east-1.staging.public.atl-paas.net
https://dac-lf.prod.atl-paas.net
https://dac-lf.us-west-2.prod.public.atl-paas.net
https://data-portal--app.ap-southeast-2.dev.public.atl-paas.net
https://data-portal.prod.atl-paas.net
https://data-portal.prod.public.atl-paas.net
https://data-portal.us-east-1.prod.public.atl-paas.net
https://data-portal.us-east-1.staging.public.atl-paas.net
https://docker.atl-paas.net
https://dss-webhook-receiver-ddev.dev.atl-paas.net
https://dss-webhook-receiver.ap-southeast-2.dev.public.atl-paas.net
https://dss-webhook-receiver.prod.atl-paas.net
https://dss-webhook-receiver.prod.public.atl-paas.net
https://dss-webhook-receiver.staging.public.atl-paas.net
https://dss-webhook-receiver.us-east-1.prod.public.atl-paas.net
https://dss-webhook-receiver.us-east-1.staging.public.atl-paas.net
https://emcee.dev.atl-paas.net
https://emcee.prod.atl-paas.net
https://emcee.staging.atl-paas.net
https://flag-measurement.dev.atl-paas.net
https://flag-measurement.prod.atl-paas.net
https://flag-measurement.staging.atl-paas.net
https://freis-fe-fragments.ap-southeast-2.dev.public.atl-paas.net
https://google-calendars-for-hipchat--cdn.us-east-1.prod.public.atl-paas.net
https://graphql-gateway-static--app.ap-southeast-2.dev.public.atl-paas.net
https://halp-ms-teams-frontend.us-east-1.prod.public.atl-paas.net
https://halp-ms-teams-frontend.us-east-1.staging.public.atl-paas.net
https://hamlet.prod.public.atl-paas.net
https://hamlet.us-east-1.prod.public.atl-paas.net
https://have-i-seen-it--app.ap-southeast-2.dev.public.atl-paas.net
https://have-i-seen-it.ap-southeast-2.dev.public.atl-paas.net
https://have-i-seen-it.us-east-1.prod.public.atl-paas.net
https://have-i-seen-it.us-east-1.staging.public.atl-paas.net
https://home-static.ap-southeast-2.dev.public.atl-paas.net
https://home-static.us-east-1.prod.public.atl-paas.net
https://home-static.us-east-1.staging.public.atl-paas.net
https://id-common-frontend--app.us-west-2.dev.public.atl-paas.net
https://id-common-frontend.ap-southeast-2.dev.public.atl-paas.net
https://id-common-frontend.prod.atl-paas.net
https://id-common-frontend.staging.atl-paas.net
https://id-common-frontend.us-west-2.prod.public.atl-paas.net
https://id-common-frontend.us-west-2.staging.public.atl-paas.net
https://id-mail-assets.prod.atl-paas.net
https://id-mail-assets.staging.atl-paas.net
https://idproxy--app.us-west-2.dev.public.atl-paas.net
https://idproxy-app.dev.atl-paas.net
https://idproxy.ap-southeast-2.dev.public.atl-paas.net
https://idproxy.dev.atl-paas.net
https://idproxy.prod.atl-paas.net
https://idproxy.prod.public.atl-paas.net
https://idproxy.staging.atl-paas.net
https://idproxy.us-east-1.prod.public.atl-paas.net
https://idproxy.us-west-2.prod.public.atl-paas.net
https://idproxy.us-west-2.staging.public.atl-paas.net
https://iframely.prod.atl-paas.net
https://iframely.staging.atl-paas.net
https://intellij-plugins.dev.atl-paas.net
https://javascript-charts.us-west-2.prod.public.atl-paas.net
https://jira-align-powerup.ap-southeast-2.dev.public.atl-paas.net
https://jira-crm-integration.us-east-1.prod.public.atl-paas.net
https://jira-crm.prod.public.atl-paas.net
https://jira-frontend-branch.us-east-1.staging.public.atl-paas.net
https://jira-frontend-dashboard.us-east-1.staging.public.atl-paas.net
https://jira-frontend-static.dev.public.atl-paas.net
https://jira-frontend-static.prod.public.atl-paas.net
https://jira-frontend-static.staging.public.atl-paas.net
https://jira-frontend-static.us-east-1.prod.public.atl-paas.net
https://jira-frontend-static.us-east-1.staging.public.atl-paas.net
https://jira-frontend-static.us-west-2.dev.public.atl-paas.net
https://jira-frontend-stg.us-east-1.staging.public.atl-paas.net
https://jira-frontend.ap-southeast-2.dev.public.atl-paas.net
https://jira-frontend.dev.public.atl-paas.net
https://jira-frontend.us-east-1.staging.public.atl-paas.net
https://jira-slack-integration.prod.atl-paas.net
https://jira-trello-integration--cdn.us-east-1.prod.public.atl-paas.net
https://jira-trello-integration--cdn.us-east-1.staging.public.atl-paas.net
https://jira-trello-integration.us-east-1.prod.public.atl-paas.net
https://jira-viz.ap-southeast-2.dev.public.atl-paas.net
https://jira-viz.dev.atl-paas.net
https://jsd-portal-frontend.us-east-1.prod.public.atl-paas.net
https://jsd-portal-frontend.us-east-1.staging.public.atl-paas.net
https://jsd-status-page.us-west-1.prod.public.atl-paas.net
https://jsd-status-page.us-west-1.staging.public.atl-paas.net
https://jsm-portal-frontend.us-east-1.prod.public.atl-paas.net
https://jsm-portal-frontend.us-east-1.staging.public.atl-paas.net
https://jsm-portal-frontend.us-west-2.dev.public.atl-paas.net
https://jspear-static.us-east-1.staging.public.atl-paas.net
https://luigi-ui.ap-southeast-2.dev.public.atl-paas.net
https://luigi-ui.dev.atl-paas.net
https://luigi-ui.prod.atl-paas.net
https://luigi-ui.staging.atl-paas.net
https://luigi-ui.us-west-2.prod.public.atl-paas.net
https://luigi-ui.us-west-2.staging.public.atl-paas.net
https://manager.dev.atl-paas.net
https://manager.prod.atl-paas.net
https://manager.staging.atl-paas.net
https://mario.dev.atl-paas.net
https://mario.prod.atl-paas.net
https://mario.staging.atl-paas.net
https://marketplace-athreos--cdn.us-east-1.prod.public.atl-paas.net
https://marketplace-athreos--cdn.us-west-1.prod.public.atl-paas.net
https://marketplace-athreos.us-east-1.prod.public.atl-paas.net
https://marketplace-cdn.prod.public.atl-paas.net
https://marketplace-emcee.ap-southeast-2.dev.public.atl-paas.net
https://marketplace-emcee.us-east-1.prod.public.atl-paas.net
https://marketplace-emcee.us-east-1.staging.public.atl-paas.net
https://marketplace-emcee.us-west-2.dev.public.atl-paas.net
https://marketplace.prod.public.atl-paas.net
https://metal.ap-southeast-2.dev.public.atl-paas.net
https://metal.dev.atl-paas.net
https://metal.prod.atl-paas.net
https://metal.staging.atl-paas.net
https://micros-cts-addon.ap-southeast-2.dev.public.atl-paas.net
https://micros-cts-addon.us-east-1.prod.public.atl-paas.net
https://micros-cts-addon.us-east-1.staging.public.atl-paas.net
https://micros-sce-adev-west2--s--app.us-west-2.dev.public.atl-paas.net
https://micros-sce-stg-apse--s.ap-southeast-1.staging.public.atl-paas.net
https://microscope.prod.atl-paas.net
https://microscope.staging.atl-paas.net
https://mr-rogers.dev.atl-paas.net
https://mr-rogers.staging.atl-paas.net
https://ms-push-notification--cloudfront-gev2.us-east-1.prod.public.atl-paas.net
https://ms-push-notification--cloudfront-gev2.us-east-1.staging.public.atl-paas.net
https://ms-push-notification.prod.public.atl-paas.net
https://ms-push-notification.staging.public.atl-paas.net
https://nucleus--store--app.ap-southeast-2.dev.public.atl-paas.net
https://nucleus--store.us-west-1.prod.public.atl-paas.net
https://nucleus--store.us-west-1.staging.public.atl-paas.net
https://oauth-2-authorization-server--app.ap-southeast-2.dev.public.atl-paas.net
https://oauth-2-authorization-server.ap-southeast-2.dev.public.atl-paas.net
https://oauth-2-authorization-server.us-east-1.prod.public.atl-paas.net
https://oauth-2-authorization-server.us-east-1.staging.public.atl-paas.net
https://oauth-2-authorization-server.us-west-1.prod.public.atl-paas.net
https://oauth-2-authorization-server.us-west-1.staging.public.atl-paas.net
https://obs-splunk-swilson-conf.us-east-1.staging.public.atl-paas.net
https://observatory.ap-southeast-2.dev.public.atl-paas.net
https://observatory.dev.atl-paas.net
https://observatory.prod.atl-paas.net
https://observatory.staging.atl-paas.net
https://observatory.us-west-2.prod.public.atl-paas.net
https://observatory.us-west-2.staging.public.atl-paas.net
https://og-frontend-static-admin.eu-central-1.prod.public.atl-paas.net
https://og-frontend-static-admin.us-west-2.prod.public.atl-paas.net
https://og-frontend-static.eu-central-1.prod.public.atl-paas.net
https://og-frontend-static.eu-west-1.prod.public.atl-paas.net
https://og-frontend-static.us-west-1.prod.public.atl-paas.net
https://og-frontend-static.us-west-1.staging.public.atl-paas.net
https://og-frontend-static.us-west-2.dev.public.atl-paas.net
https://og-frontend-static.us-west-2.prod.public.atl-paas.net
https://og-frontend-static.us-west-2.staging.public.atl-paas.net
https://ondemand-signup-form.ap-southeast-2.dev.public.atl-paas.net
https://ondemand-signup-form.us-east-1.prod.public.atl-paas.net
https://ondemand-signup-form.us-east-1.staging.public.atl-paas.net
https://optimizely-iframe.ap-southeast-2.dev.public.atl-paas.net
https://optimizely-iframe.us-west-1.prod.public.atl-paas.net
https://optimizely-iframe.us-west-1.staging.public.atl-paas.net
https://partner-engineering-cdn.atl-paas.net
https://perfhammer-ui.us-east-1.prod.public.atl-paas.net
https://perfhammer.dev.atl-paas.net
https://perfhammer.prod.atl-paas.net
https://perfhammer.staging.atl-paas.net
https://pf-emoji-service--cdn.ap-southeast-2.dev.public.atl-paas.net
https://pf-emoji-service--cdn.us-east-1.prod.public.atl-paas.net
https://pf-emoji-service--cdn.us-east-1.staging.public.atl-paas.net
https://pf-site-admin-ui.ap-southeast-2.dev.public.atl-paas.net
https://pf-site-admin-ui.dev.public.atl-paas.net
https://pf-site-admin-ui.prod.public.atl-paas.net
https://pf-site-admin-ui.staging.public.atl-paas.net
https://pf-site-admin-ui.us-east-1.prod.public.atl-paas.net
https://pf-site-admin-ui.us-east-1.staging.public.atl-paas.net
https://pi-cdn.atl-paas.net
https://pi-cdn.dev.atl-paas.net
https://pipelines-ui.ap-southeast-2.dev.public.atl-paas.net
https://play-ui--app.ap-southeast-2.dev.public.atl-paas.net
https://play-ui.ap-southeast-2.dev.public.atl-paas.net
https://play-ui.dev.atl-paas.net
https://pollinator-ui.ap-southeast-2.dev.public.atl-paas.net
https://posture.ap-southeast-2.dev.public.atl-paas.net
https://posture.dev.atl-paas.net
https://posture.prod.atl-paas.net
https://posture.staging.atl-paas.net
https://posture.us-east-1.prod.public.atl-paas.net
https://posture.us-east-1.staging.public.atl-paas.net
https://prod.atl-paas.net
https://prod.public.atl-paas.net
https://product-integrations-cdn.ap-southeast-2.dev.public.atl-paas.net
https://product-integrations-cdn.atl-paas.net
https://product-integrations-cdn.us-east-1.prod.public.atl-paas.net
https://ps-codestyle--app.us-west-2.dev.public.atl-paas.net
https://ps-codestyle-test.dev.atl-paas.net
https://ps-codestyle.ap-southeast-2.dev.public.atl-paas.net
https://ps-codestyle.dev.atl-paas.net
https://ps-codestyle.us-west-2.dev.public.atl-paas.net
https://ptc-directory-sited-static.ap-southeast-2.dev.public.atl-paas.net
https://ptc-directory-sited-static.us-east-1.prod.public.atl-paas.net
https://ptc-directory-sited-static.us-east-1.staging.public.atl-paas.net
https://ptc-directory-static.ap-southeast-2.dev.public.atl-paas.net
https://ptc-directory-static.us-east-1.prod.public.atl-paas.net
https://ptc-directory-static.us-east-1.staging.public.atl-paas.net
https://relist-static.us-east-1.staging.public.atl-paas.net
https://relist.dev.atl-paas.net
https://relist.prod.atl-paas.net
https://relist.staging.atl-paas.net
https://rich-text-gadget.us-west-2.prod.public.atl-paas.net
https://rsvp-connect-static--app.ap-southeast-2.dev.public.atl-paas.net
https://security-assistant-ui.dev.atl-paas.net
https://security-assistant-ui.prod.atl-paas.net
https://security-assistant-ui.staging.atl-paas.net
https://security-assistant.prod.atl-paas.net
https://security-static.prod.atl-paas.net
https://security-static.staging.atl-paas.net
https://security-static.us-west-2.prod.public.atl-paas.net
https://security-static.us-west-2.staging.public.atl-paas.net
https://servicequest.dev.atl-paas.net
https://servicequest.prod.atl-paas.net
https://servicequest.staging.atl-paas.net
https://servicequest.us-west-2.dev.public.atl-paas.net
https://servicequest.us-west-2.prod.public.atl-paas.net
https://servicequest.us-west-2.staging.public.atl-paas.net
https://shpxl-87-app.dev.atl-paas.net
https://shpxl-87-app.us-west-2.dev.public.atl-paas.net
https://site-admin-avatar-cdn.ap-southeast-2.dev.public.atl-paas.net
https://site-admin-avatar-cdn.dev.public.atl-paas.net
https://site-admin-avatar-cdn.prod.public.atl-paas.net
https://site-admin-avatar-cdn.staging.public.atl-paas.net
https://site-admin-avatar-cdn.us-east-1.prod.public.atl-paas.net
https://site-admin-avatar-cdn.us-east-1.staging.public.atl-paas.net
https://site-admin-avatar-cdn.us-west-2.prod.public.atl-paas.net
https://site-admin-avatar-cdn.us-west-2.staging.public.atl-paas.net
https://slo-ui--app.ap-southeast-2.dev.public.atl-paas.net
https://slo-ui.ap-southeast-2.dev.public.atl-paas.net
https://slo-ui.dev.atl-paas.net
https://slo-ui.prod.atl-paas.net
https://slo-ui.staging.atl-paas.net
https://slo-ui.us-west-2.prod.public.atl-paas.net
https://slo-ui.us-west-2.staging.public.atl-paas.net
https://smart-routing.dev.atl-paas.net
https://smart-routing.prod.atl-paas.net
https://smart-routing.staging.atl-paas.net
https://smartrouting.dev.atl-paas.net
https://smartrouting.prod.atl-paas.net
https://smartrouting.staging.atl-paas.net
https://spud.prod.atl-paas.net
https://spud.staging.atl-paas.net
https://standup-rooster-frontend.ap-southeast-2.dev.public.atl-paas.net
https://status-ui.us-east-1.prod.public.atl-paas.net
https://status-ui.us-east-1.staging.public.atl-paas.net
https://support-assistance-tuts.prod.atl-paas.net
https://support-assistance-tuts.us-west-2.prod.public.atl-paas.net
https://support-form-app--app.ap-southeast-2.dev.public.atl-paas.net
https://support-form-app.ap-southeast-2.dev.public.atl-paas.net
https://support-form-app.dev.atl-paas.net
https://support-form-app.prod.atl-paas.net
https://support-form-app.staging.atl-paas.net
https://support-form-app.us-east-1.prod.public.atl-paas.net
https://support-form-app.us-east-1.staging.public.atl-paas.net
https://synchrony-cdn.prod.atl-paas.net
https://synchrony-cdn.staging.atl-paas.net
https://trello-dev-docs-redirecter.ap-southeast-2.dev.public.atl-paas.net
https://trello-dev-docs-redirecter.us-east-1.prod.public.atl-paas.net
https://trello-readme.atl-paas.net
https://trello-report-builder.dev.atl-paas.net
https://trello-report-builder.us-west-2.dev.public.atl-paas.net
https://uchi-ui.us-east-1.prod.public.atl-paas.net
https://uchi-ui.us-east-1.staging.public.atl-paas.net
https://update.dev.atl-paas.net
https://user-segmentation.dev.atl-paas.net
https://user-segmentation.prod.atl-paas.net
https://user-segmentation.staging.atl-paas.net
https://user-segmentation.us-east-1.prod.public.atl-paas.net
https://user-segmentation.us-east-1.staging.public.atl-paas.net
https://user-segmentation.us-west-2.dev.public.atl-paas.net
https://vega-admin.ap-southeast-2.dev.public.atl-paas.net
https://vega-admin.dev.atl-paas.net
https://vega-admin.staging.atl-paas.net
https://vega-admin.us-east-1.staging.public.atl-paas.net
https://vega-calendar--app.ap-southeast-2.dev.public.atl-paas.net
https://vega-calendar.ap-southeast-2.dev.public.atl-paas.net
https://vega-calendar.dev.atl-paas.net
https://vega-calendar.prod.atl-paas.net
https://vega-calendar.staging.atl-paas.net
https://vega-calendar.us-east-1.prod.public.atl-paas.net
https://vega-calendar.us-east-1.staging.public.atl-paas.net
https://vega-routing.ap-southeast-2.dev.public.atl-paas.net
https://vega-routing.dev.atl-paas.net
https://vega-routing.staging.atl-paas.net
https://vega-routing.us-east-1.prod.public.atl-paas.net
https://vega-routing.us-east-1.staging.public.atl-paas.net
https://vtruong-test-portal.ap-southeast-2.dev.public.atl-paas.net
https://webstatsd-cdn.ap-southeast-2.dev.public.atl-paas.net
https://webstatsd-cdn.dev.atl-paas.net
https://webstatsd-cdn.prod.atl-paas.net
https://webstatsd-cdn.staging.atl-paas.net
https://webstatsd-cdn.us-west-2.prod.public.atl-paas.net
https://webstatsd-cdn.us-west-2.staging.public.atl-paas.net
https://wheaties-frontend--app.ap-southeast-2.dev.public.atl-paas.net
https://wheaties-frontend.ap-southeast-2.dev.public.atl-paas.net
https://wheaties-frontend.dev.atl-paas.net
https://wheaties-frontend.staging.atl-paas.net
https://wheaties-frontend.us-east-1.staging.public.atl-paas.net
https://whisper-gateway--app.us-west-2.dev.public.atl-paas.net
https://whisper-gateway.prod.public.atl-paas.net
https://whisper-gateway.us-west-2.prod.public.atl-paas.net
https://wikidocs--cdn--app.ap-southeast-2.dev.public.atl-paas.net
https://wikidocs--cdn.eu-west-1.staging.public.atl-paas.net
https://wikidocs--cdn.us-west-1.prod.public.atl-paas.net
https://wikidocs--cdn.us-west-1.staging.public.atl-paas.net
https://wikidocs--cdn.us-west-2.dev.public.atl-paas.net
https://wikidocs.us-west-1.prod.public.atl-paas.net
https://x-static.ap-southeast-2.dev.public.atl-paas.net
https://x-static.us-east-1.prod.public.atl-paas.net
https://x-static.us-east-1.staging.public.atl-paas.net
https://xxid.atl-paas.net
https://xxid.dev.atl-paas.net
https://xxid.staging.atl-paas.net
