http://apai.private.atlastunnel.com
http://apai.public.atlastunnel.com
http://apai.restricted.atlastunnel.com
http://arowe.private.atlastunnel.com
http://arowe.public.atlastunnel.com
http://arowe.restricted.atlastunnel.com
http://bdo-test.private.atlastunnel.com
http://bdo-test.public.atlastunnel.com
http://bdo-test.restricted.atlastunnel.com
http://dkv.private.atlastunnel.com
http://dkv.public.atlastunnel.com
http://dkv.restricted.atlastunnel.com
http://dlau.private.atlastunnel.com
http://dlau.public.atlastunnel.com
http://dlau.restricted.atlastunnel.com
http://elea.private.atlastunnel.com
http://elea.public.atlastunnel.com
http://elea.restricted.atlastunnel.com
http://erho.private.atlastunnel.com
http://erho.public.atlastunnel.com
http://erho.restricted.atlastunnel.com
http://hsu.private.atlastunnel.com
http://hsu.public.atlastunnel.com
http://hsu.restricted.atlastunnel.com
http://iran.private.atlastunnel.com
http://iran.public.atlastunnel.com
http://iran.restricted.atlastunnel.com
http://jphoon.private.atlastunnel.com
http://jphoon.public.atlastunnel.com
http://jphoon.restricted.atlastunnel.com
http://kj.private.atlastunnel.com
http://kj.public.atlastunnel.com
http://kj.restricted.atlastunnel.com
http://klad.private.atlastunnel.com
http://klad.public.atlastunnel.com
http://klad.restricted.atlastunnel.com
http://kye.private.atlastunnel.com
http://kye.public.atlastunnel.com
http://kye.restricted.atlastunnel.com
http://kyu.private.atlastunnel.com
http://kyu.public.atlastunnel.com
http://kyu.restricted.atlastunnel.com
http://lma2.private.atlastunnel.com
http://lma2.public.atlastunnel.com
http://lma2.restricted.atlastunnel.com
http://mho.private.atlastunnel.com
http://mho.public.atlastunnel.com
http://mho.restricted.atlastunnel.com
http://mkim.private.atlastunnel.com
http://mkim.public.atlastunnel.com
http://mkim.restricted.atlastunnel.com
http://mkoptsov-msteams-trello.private.atlastunnel.com
http://mkoptsov-msteams-trello.public.atlastunnel.com
http://mkoptsov-msteams-trello.restricted.atlastunnel.com
http://mkoptsov-srv.public.atlastunnel.com
http://mlo.private.atlastunnel.com
http://mlo.public.atlastunnel.com
http://mlo.restricted.atlastunnel.com
http://msturm.private.atlastunnel.com
http://msturm.public.atlastunnel.com
http://msturm.restricted.atlastunnel.com
http://myokha.private.atlastunnel.com
http://myokha.public.atlastunnel.com
http://myokha.restricted.atlastunnel.com
http://nlee.private.atlastunnel.com
http://nlee.public.atlastunnel.com
http://nlee.restricted.atlastunnel.com
http://pkuo.private.atlastunnel.com
http://pkuo.public.atlastunnel.com
http://pkuo.restricted.atlastunnel.com
http://pmartin.private.atlastunnel.com
http://pmartin.public.atlastunnel.com
http://pmartin.restricted.atlastunnel.com
http://rdr.private.atlastunnel.com
http://rdr.public.atlastunnel.com
http://rdr.restricted.atlastunnel.com
http://rjha.private.atlastunnel.com
http://rjha.public.atlastunnel.com
http://rjha.restricted.atlastunnel.com
http://rpatil-halp.private.atlastunnel.com
http://rpatil-halp.public.atlastunnel.com
http://rpatil-halp.restricted.atlastunnel.com
http://rpatil-teams.private.atlastunnel.com
http://rpatil-teams.public.atlastunnel.com
http://rpatil-teams.restricted.atlastunnel.com
http://rx.private.atlastunnel.com
http://rx.public.atlastunnel.com
http://rx.restricted.atlastunnel.com
http://sethgho-halp.private.atlastunnel.com
http://sethgho-halp.public.atlastunnel.com
http://sethgho-halp.restricted.atlastunnel.com
http://sethgho-teams.private.atlastunnel.com
http://sethgho-teams.public.atlastunnel.com
http://sethgho-teams.restricted.atlastunnel.com
http://sraj8.private.atlastunnel.com
http://sraj8.public.atlastunnel.com
http://sraj8.restricted.atlastunnel.com
http://srathore.private.atlastunnel.com
http://srathore.public.atlastunnel.com
http://srathore.restricted.atlastunnel.com
http://tluo.private.atlastunnel.com
http://tluo.public.atlastunnel.com
http://tluo.restricted.atlastunnel.com
http://vbatrukh.private.atlastunnel.com
http://vbatrukh.public.atlastunnel.com
http://vbatrukh.restricted.atlastunnel.com
http://vchan.private.atlastunnel.com
http://vchan.public.atlastunnel.com
http://vchan.restricted.atlastunnel.com
http://vsaienko.private.atlastunnel.com
http://vsaienko.public.atlastunnel.com
http://vsaienko.restricted.atlastunnel.com
http://wloo.private.atlastunnel.com
http://wloo.public.atlastunnel.com
http://wloo.restricted.atlastunnel.com
http://xxu.private.atlastunnel.com
http://xxu.public.atlastunnel.com
http://xxu.restricted.atlastunnel.com
http://yqin.private.atlastunnel.com
http://yqin.public.atlastunnel.com
http://yqin.restricted.atlastunnel.com
https://apai.private.atlastunnel.com
https://apai.public.atlastunnel.com
https://apai.restricted.atlastunnel.com
https://arowe.private.atlastunnel.com
https://arowe.public.atlastunnel.com
https://arowe.restricted.atlastunnel.com
https://bdo-test.private.atlastunnel.com
https://bdo-test.public.atlastunnel.com
https://bdo-test.restricted.atlastunnel.com
https://dkv.private.atlastunnel.com
https://dkv.public.atlastunnel.com
https://dkv.restricted.atlastunnel.com
https://dlau.private.atlastunnel.com
https://dlau.public.atlastunnel.com
https://dlau.restricted.atlastunnel.com
https://elea.private.atlastunnel.com
https://elea.public.atlastunnel.com
https://elea.restricted.atlastunnel.com
https://erho.private.atlastunnel.com
https://erho.public.atlastunnel.com
https://erho.restricted.atlastunnel.com
https://hsu.private.atlastunnel.com
https://hsu.public.atlastunnel.com
https://hsu.restricted.atlastunnel.com
https://iran.private.atlastunnel.com
https://iran.public.atlastunnel.com
https://iran.restricted.atlastunnel.com
https://jphoon.private.atlastunnel.com
https://jphoon.public.atlastunnel.com
https://jphoon.restricted.atlastunnel.com
https://kj.private.atlastunnel.com
https://kj.public.atlastunnel.com
https://kj.restricted.atlastunnel.com
https://klad.private.atlastunnel.com
https://klad.public.atlastunnel.com
https://klad.restricted.atlastunnel.com
https://kye.private.atlastunnel.com
https://kye.public.atlastunnel.com
https://kye.restricted.atlastunnel.com
https://kyu.private.atlastunnel.com
https://kyu.public.atlastunnel.com
https://kyu.restricted.atlastunnel.com
https://lma2.private.atlastunnel.com
https://lma2.public.atlastunnel.com
https://lma2.restricted.atlastunnel.com
https://mho.private.atlastunnel.com
https://mho.public.atlastunnel.com
https://mho.restricted.atlastunnel.com
https://mkim.private.atlastunnel.com
https://mkim.public.atlastunnel.com
https://mkim.restricted.atlastunnel.com
https://mkoptsov-msteams-trello.private.atlastunnel.com
https://mkoptsov-msteams-trello.public.atlastunnel.com
https://mkoptsov-msteams-trello.restricted.atlastunnel.com
https://mkoptsov-srv.public.atlastunnel.com
https://mlo.private.atlastunnel.com
https://mlo.public.atlastunnel.com
https://mlo.restricted.atlastunnel.com
https://msturm.private.atlastunnel.com
https://msturm.public.atlastunnel.com
https://msturm.restricted.atlastunnel.com
https://myokha.private.atlastunnel.com
https://myokha.public.atlastunnel.com
https://myokha.restricted.atlastunnel.com
https://nlee.private.atlastunnel.com
https://nlee.public.atlastunnel.com
https://nlee.restricted.atlastunnel.com
https://pkuo.private.atlastunnel.com
https://pkuo.public.atlastunnel.com
https://pkuo.restricted.atlastunnel.com
https://pmartin.private.atlastunnel.com
https://pmartin.public.atlastunnel.com
https://pmartin.restricted.atlastunnel.com
https://rdr.private.atlastunnel.com
https://rdr.public.atlastunnel.com
https://rdr.restricted.atlastunnel.com
https://rjha.private.atlastunnel.com
https://rjha.public.atlastunnel.com
https://rjha.restricted.atlastunnel.com
https://rpatil-halp.private.atlastunnel.com
https://rpatil-halp.public.atlastunnel.com
https://rpatil-halp.restricted.atlastunnel.com
https://rpatil-teams.private.atlastunnel.com
https://rpatil-teams.public.atlastunnel.com
https://rpatil-teams.restricted.atlastunnel.com
https://rx.private.atlastunnel.com
https://rx.public.atlastunnel.com
https://rx.restricted.atlastunnel.com
https://sethgho-halp.private.atlastunnel.com
https://sethgho-halp.public.atlastunnel.com
https://sethgho-halp.restricted.atlastunnel.com
https://sethgho-teams.private.atlastunnel.com
https://sethgho-teams.public.atlastunnel.com
https://sethgho-teams.restricted.atlastunnel.com
https://sraj8.private.atlastunnel.com
https://sraj8.public.atlastunnel.com
https://sraj8.restricted.atlastunnel.com
https://srathore.private.atlastunnel.com
https://srathore.public.atlastunnel.com
https://srathore.restricted.atlastunnel.com
https://tluo.private.atlastunnel.com
https://tluo.public.atlastunnel.com
https://tluo.restricted.atlastunnel.com
https://vbatrukh.private.atlastunnel.com
https://vbatrukh.public.atlastunnel.com
https://vbatrukh.restricted.atlastunnel.com
https://vchan.private.atlastunnel.com
https://vchan.public.atlastunnel.com
https://vchan.restricted.atlastunnel.com
https://vsaienko.private.atlastunnel.com
https://vsaienko.public.atlastunnel.com
https://vsaienko.restricted.atlastunnel.com
https://wloo.private.atlastunnel.com
https://wloo.public.atlastunnel.com
https://wloo.restricted.atlastunnel.com
https://xxu.private.atlastunnel.com
https://xxu.public.atlastunnel.com
https://xxu.restricted.atlastunnel.com
https://yqin.private.atlastunnel.com
https://yqin.public.atlastunnel.com
https://yqin.restricted.atlastunnel.com
