http://365.av.ru
http://ams.av.ru
http://api.av.ru
http://ass.av.ru
http://av.ru
http://b2b.av.ru
http://b2c.av.ru
http://backend.vkusomania.av.ru
http://blog.av.ru
http://catering.av.ru
http://choice.av.ru
http://competition.av.ru
http://devlink.av.ru
http://dpdd-zabbix.av.ru
http://drive.av.ru
http://edm-soap.av.ru
http://educenter.av.ru
http://express.av.ru
http://feedback.av.ru
http://filecloud.av.ru
http://forms.av.ru
http://gitlab.av.ru
http://i.av.ru
http://images.av.ru
http://invest.av.ru
http://linkem.av.ru
http://lms.av.ru
http://lp.av.ru
http://market.av.ru
http://oauth.av.ru
http://oms-dev.av.ru
http://oms.av.ru
http://pa.av.ru
http://parol.av.ru
http://pay.av.ru
http://portal.av.ru
http://push.av.ru
http://push.express.av.ru
http://push.spb.av.ru
http://recipes.av.ru
http://sentry.av.ru
http://services-api.av.ru
http://shops.av.ru
http://soap-siebel.av.ru
http://spb.av.ru
http://stand.av.ru
http://tips.av.ru
http://ums.av.ru
http://vkusomania.av.ru
http://waste.av.ru
http://www.av.ru
http://www.lp.av.ru
http://zabbix.av.ru
https://365.av.ru
https://ams.av.ru
https://api.av.ru
https://ass.av.ru
https://av.ru
https://b2b.av.ru
https://b2c.av.ru
https://backend.vkusomania.av.ru
https://blog.av.ru
https://catering.av.ru
https://choice.av.ru
https://competition.av.ru
https://devlink.av.ru
https://dpdd-zabbix.av.ru
https://dpdd-zabbix.av.ru:3000
https://edm-soap.av.ru
https://educenter.av.ru
https://express.av.ru
https://feedback.av.ru
https://filecloud.av.ru
https://forms.av.ru
https://gitlab.av.ru
https://i.av.ru
https://images.av.ru
https://invest.av.ru
https://linkem.av.ru
https://lms.av.ru
https://lp.av.ru
https://market.av.ru
https://oauth.av.ru
https://oms-dev.av.ru
https://oms.av.ru
https://pa.av.ru
https://parol.av.ru
https://pay.av.ru
https://portal.av.ru
https://push.av.ru
https://push.express.av.ru
https://push.spb.av.ru
https://recipes.av.ru
https://sentry.av.ru
https://services-api.av.ru
https://shops.av.ru
https://soap-siebel.av.ru
https://spb.av.ru
https://stand.av.ru
https://tips.av.ru
https://ums.av.ru
https://vkusomania.av.ru
https://waste.av.ru
https://www.av.ru
https://www.lp.av.ru
https://zabbix.av.ru
