http://accounts.ayco.com
http://api.ayco.com
http://apipp.ayco.com
http://apippqa.ayco.com
http://apiqa.ayco.com
http://ayco.com
http://beta.ayco.com
http://beta.uat.ayco.com
http://click.e.ayco.com
http://click.e.ayco.com:9001
http://docs.ayco.com
http://docsqa.ayco.com
http://image.e.ayco.com
http://oauth-stag.appointments.ayco.com
http://oauth.appointments.ayco.com
http://origin.ayco.com
http://pages.e.ayco.com
http://pilot.ayco.com
http://pilot.uat.ayco.com
http://portal.ayco.com
http://protect.ayco.com
http://qa.accounts.ayco.com
http://qa.portal.ayco.com
http://qa.protect.ayco.com
http://qa.wellness.ayco.com
http://uat.accounts.ayco.com
http://uat.ayco.com
http://uat.protect.ayco.com
http://ui-stag.appointments.ayco.com
http://ui.appointments.ayco.com
http://v.ayco.com
http://view.e.ayco.com
http://wellness.ayco.com
http://www.ayco.com
http://wwwqa.ayco.com
https://accounts.ayco.com
https://api.ayco.com
https://apipp.ayco.com
https://apippqa.ayco.com
https://apiqa.ayco.com
https://ayco.com
https://beta.ayco.com
https://beta.uat.ayco.com
https://billpay.ayco.com
https://click.e.ayco.com
https://docs.ayco.com
https://docspp.ayco.com
https://docsqa.ayco.com
https://image.e.ayco.com
https://login-qa.ayco.com
https://login.ayco.com
https://oauth-stag.appointments.ayco.com
https://oauth.appointments.ayco.com
https://origin-qa.ayco.com
https://origin.ayco.com
https://pages.e.ayco.com
https://pilot.ayco.com
https://pilot.uat.ayco.com
https://portal.ayco.com
https://protect.ayco.com
https://qa.accounts.ayco.com
https://qa.portal.ayco.com
https://qa.protect.ayco.com
https://qa.wellness.ayco.com
https://uat.accounts.ayco.com
https://uat.ayco.com
https://uat.protect.ayco.com
https://ui-stag.appointments.ayco.com
https://ui.appointments.ayco.com
https://v.ayco.com
https://wellness.ayco.com
https://www.ayco.com
https://wwwqa.ayco.com
