http://api.base.be
http://api.dvp.base.be
http://api.edp.base.be
http://api.int.base.be
http://api.lat.base.be
http://api.mre.base.be
http://api.prd.base.be
http://api.sup.base.be
http://api.trg.base.be
http://api.uat.base.be
http://base.be
http://basecloud.base.be
http://basetest.base.be
http://chat.int.base.be
http://chat.lat.base.be
http://chat.prd.base.be
http://chat.trg.base.be
http://chat.uat.base.be
http://cloud.base.be
http://comm.int.base.be
http://comm.int.base.be:8080
http://comm.uat.base.be
http://comm.uat.base.be:8080
http://community.base.be
http://community.uat.base.be
http://customerzone.base.be
http://customerzone.dvp.base.be
http://customerzone.edp.base.be
http://customerzone.int.base.be
http://customerzone.lat.base.be
http://customerzone.mre.base.be
http://customerzone.prd.base.be
http://customerzone.sup.base.be
http://customerzone.trg.base.be
http://customerzone.uat.base.be
http://en-uk-help.base.be
http://fr-be-help.base.be
http://fr.community.base.be
http://fun.base.be
http://getoperator.base.be
http://login.base.be
http://login.dvp.base.be
http://login.edp.base.be
http://login.int.base.be
http://login.lat.base.be
http://login.mre.base.be
http://login.prd.base.be
http://login.sup.base.be
http://login.trg.base.be
http://login.uat.base.be
http://login2.dvp.base.be
http://login2.edp.base.be
http://login2.int.base.be
http://login2.lat.base.be
http://login2.mre.base.be
http://login2.sup.base.be
http://login2.trg.base.be
http://login2.uat.base.be
http://m.int.base.be
http://m.int.base.be:8080
http://m.prd.base.be
http://m.uat.base.be
http://m.uat.base.be:8080
http://metrics.base.be
http://metrics.prd.base.be
http://mkt.base.be
http://mms.base.be
http://nl-be-help.base.be
http://nl.community.base.be
http://old-site.base.be
http://pegacloud.base.be
http://pegacloud.uat.base.be
http://press.base.be
http://promotion.base.be
http://qrbcmc-stag.base.be
http://qrbcmc.base.be
http://repair.base.be
http://s.base.be
http://s.int.base.be
http://s.int.base.be:8080
http://s.prd.base.be
http://s.uat.base.be
http://s.uat.base.be:8080
http://shop.base.be
http://shop.dvp.base.be
http://shop.edp.base.be
http://shop.int.base.be
http://shop.lat.base.be
http://shop.mre.base.be
http://shop.prd.base.be
http://shop.sup.base.be
http://shop.trg.base.be
http://shop.uat.base.be
http://skyfire.base.be
http://smartphones.base.be
http://smetrics.base.be
http://smetrics.prd.base.be
http://tadaam.base.be
http://target.base.be
http://target.prd.base.be
http://turk.int.base.be
http://turk.prd.base.be
http://turk.stg.base.be
http://turk.trg.base.be
http://turk.uat.base.be
http://www-dev1.base.be
http://www-dev2.base.be
http://www-int1.base.be
http://www-int2.base.be
http://www-stg.base.be
http://www-uat.base.be
http://www.base.be
http://www.dvp.base.be
http://www.edp.base.be
http://www.int.base.be
http://www.lat.base.be
http://www.mre.base.be
http://www.prd.base.be
http://www.sup.base.be
http://www.trg.base.be
http://www.uat.base.be
https://api.base.be
https://api.base.be:8443
https://api.prd.base.be
https://api.prd.base.be:8443
https://base.be
https://basecloud.base.be
https://basetest.base.be
https://chat.prd.base.be
https://chat.prd.base.be:8443
https://cloud.base.be
https://comm.int.base.be
https://comm.uat.base.be
https://community.base.be
https://community.uat.base.be
https://customerzone.base.be
https://customerzone.prd.base.be
https://ecommerce.base.be
https://en-uk-help.base.be
https://extranet.base.be
https://fr-be-help.base.be
https://fr.community.base.be
https://fun.base.be
https://getoperator.base.be
https://login.base.be
https://login.base.be:8443
https://login.prd.base.be
https://login.prd.base.be:8443
https://m.int.base.be
https://m.uat.base.be
https://metrics.base.be
https://metrics.prd.base.be
https://mms.base.be
https://nl-be-help.base.be
https://nl.community.base.be
https://old-site.base.be
https://pegacloud.base.be
https://pegacloud.base.be:7443
https://pegacloud.base.be:8443
https://pegacloud.uat.base.be
https://pegacloud.uat.base.be:7443
https://pegacloud.uat.base.be:8443
https://press.base.be
https://promotion.base.be
https://qrbcmc-stag.base.be
https://qrbcmc.base.be
https://repair.base.be
https://s.int.base.be
https://s.uat.base.be
https://shop.base.be
https://shop.base.be:8443
https://shop.prd.base.be
https://shop.prd.base.be:8443
https://skyfire.base.be
https://smartphones.base.be
https://smetrics.base.be
https://smetrics.prd.base.be
https://tadaam.base.be
https://target.base.be
https://target.prd.base.be
https://turk.prd.base.be
https://www.base.be
https://www.prd.base.be
