http://accountservices.betfair.com
http://accountservices.betfair.com:8080
http://acwbf.lb.betfair.com
http://admin.affiliates.betfair.com
http://affiliates.betfair.com
http://alfred.betfair.com
http://alfred.betfair.com:8080
http://ang.betfair.com
http://ang.betfair.com:8080
http://ang.lb.betfair.com
http://ansvarligtspil.betfair.com
http://ansvarligtspil.betfair.com:8080
http://ansvarsfulltspelande.betfair.com
http://ansvarsfulltspelande.betfair.com:8080
http://apa.betfair.com
http://api.betfair.com
http://api.betfair.com:8080
http://api.developer.betfair.com
http://api.developer.betfair.com:8080
http://api.games.betfair.com
http://api.games.betfair.com:8080
http://apieds.betfair.com
http://apieds.betfair.com:8080
http://apismx.betfair.com
http://apismx.betfair.com:8080
http://apismx.lb.betfair.com
http://apismxios.betfair.com
http://apismxios.betfair.com:8080
http://apostas.betfair.com
http://apostas.betfair.com:8080
http://apps.betfair.com
http://apps.betfair.com:8080
http://apuestas.betfair.com
http://apuestas.betfair.com:8080
http://arsbf.lb.betfair.com
http://assets.betfair.com
http://assets.betfair.com:8080
http://autodiscover.betfair.com
http://bad.betfair.com
http://bad.betfair.com:8080
http://bad.lb.betfair.com
http://bahis.betfair.com
http://bahis.betfair.com:8080
http://bbf.betfair.com
http://bbf.betfair.com:8080
http://bbf.lb.betfair.com
http://beatthedrop.betfair.com
http://betcalculator.betfair.com
http://betfair.com
http://betfair.com:8080
http://betmon.betfair.com
http://betmon.betfair.com:8080
http://bgf.betfair.com
http://bgf.betfair.com:8080
http://bgf.lb.betfair.com
http://bgi.betfair.com
http://bgi.lb.betfair.com
http://bingo.betfair.com
http://bingo.betfair.com:8080
http://bsp.betfair.com
http://bsp.betfair.com:8080
http://bsp.lb.betfair.com
http://btg.betfair.com
http://btg.betfair.com:8080
http://bts.betfair.com
http://bts.betfair.com:8080
http://bts.lb.betfair.com
http://cache.betfair.com
http://cache.betfair.com:8080
http://cache.promotions.betfair.com
http://cache.promotions.betfair.com:8080
http://canada.betfair.com
http://canada.betfair.com:8080
http://cashout-exchange.betfair.com
http://cashout-exchange.betfair.com:8080
http://cashout-exchange.lb.betfair.com
http://cashout-service.betfair.com
http://cashout-service.betfair.com:8080
http://cashout-service.ie1.betfair.com
http://cashout-service.ie2.betfair.com
http://cashrace.betfair.com
http://cashrace.betfair.com:8080
http://casino.betfair.com
http://casino.betfair.com:8080
http://cbr.betfair.com
http://cbr.betfair.com:8080
http://cbs.betfair.com
http://cbs.betfair.com:8080
http://cdnorigin.betfair.com
http://cdnorigin.betfair.com:8080
http://cip.betfair.com
http://cip.betfair.com:8080
http://clientmetrics.betfair.com
http://clientmetrics.betfair.com:8080
http://clientmetricstst.betfair.com
http://clientmetricstst.betfair.com:8080
http://convert.betfair.com
http://convert.betfair.com:8080
http://corporate.betfair.com
http://cricket.abelson.partners.betfair.com
http://cricket.abelson.partners.betfair.com:8080
http://crl.betfair.com
http://cro.betfair.com
http://cro.betfair.com:8080
http://csl.betfair.com
http://csm.betfair.com
http://dadbf.betfair.com
http://dadbf.betfair.com:8080
http://dadbf.lb.betfair.com
http://darts.abelson.partners.betfair.com
http://developer.betfair.com
http://developers.betfair.com
http://developers.betfair.com:8080
http://docs.developer.betfair.com
http://docs.developer.betfair.com:8080
http://ebs-api.betfair.com
http://ebs-api.betfair.com:8080
http://ebs.betfair.com
http://ebs.betfair.com:8080
http://education.betfair.com
http://education.betfair.com:8080
http://efc.betfair.com
http://ero.betfair.com
http://ero.betfair.com:8080
http://ero.lb.betfair.com
http://etx.betfair.com
http://etx.betfair.com:8080
http://etx.lb.betfair.com
http://exchangegaming.betfair.com
http://exchangegaming.betfair.com:8080
http://fbdp.betfair.com
http://fbdp.betfair.com:8080
http://fbdp.lb.betfair.com
http://fcbarcelona.betfair.com
http://fcbarcelona.betfair.com:8080
http://fcq-service.betfair.com
http://fcq-service.betfair.com:8080
http://fogadas.betfair.com
http://fogadas.betfair.com:8080
http://form.greyhounds.betfair.com
http://form.tennis.betfair.com
http://formandresultsapiv2.betfair.com
http://formandresultsapiv2.ie1.betfair.com
http://formandresultsapiv2.ie2.betfair.com
http://forum.bdp.betfair.com
http://forum.bdp.betfair.com:8080
http://forum.developer.betfair.com
http://forum.developer.betfair.com:8080
http://frc.betfair.com
http://frc.betfair.com:8080
http://games.betfair.com
http://games.betfair.com:8080
http://gamesportal.betfair.com
http://gamesportal.betfair.com:8080
http://gap-prd.betfair.com
http://gap.betfair.com
http://gap.lb.betfair.com
http://gfe.betfair.com
http://gfe.betfair.com:8080
http://gfe.lb.betfair.com
http://gfs.betfair.com
http://gfs.betfair.com:8080
http://ghf.betfair.com
http://ghf.betfair.com:8080
http://ghf.lb.betfair.com
http://gmd.betfair.com
http://gmd.betfair.com:8080
http://gmw.betfair.com
http://gmw.betfair.com:8080
http://gost.betfair.com
http://gost.betfair.com:8080
http://graphs.betfair.com
http://graphs.betfair.com:8080
http://greyhoundsform.betfair.com
http://gwb.betfair.com
http://gwb.betfair.com:8080
http://gwb.lb.betfair.com
http://hattrickhero.betfair.com
http://hattrickhero.betfair.com:8080
http://helpdesk.betfair.com
http://helpdesk.betfair.com:8080
http://historicdata.betfair.com
http://historicdata.betfair.com:8080
http://historicdata.ie1.betfair.com
http://historicdata.lb.betfair.com
http://hlpbf.betfair.com
http://hlpbf.betfair.com:8080
http://hlpbf.lb.betfair.com
http://identitysso.betfair.com
http://identitysso.betfair.com:8080
http://ie1-acwbf.betfair.com
http://ie1-ang.betfair.com
http://ie1-apieds.betfair.com
http://ie1-apismx.betfair.com
http://ie1-bad.betfair.com
http://ie1-bbf.betfair.com
http://ie1-bgf.betfair.com
http://ie1-bgi.betfair.com
http://ie1-bsp.betfair.com
http://ie1-bts.betfair.com
http://ie1-cashout-exchange.betfair.com
http://ie1-cdnsbw.betfair.com
http://ie1-dadbf.betfair.com
http://ie1-ega.betfair.com
http://ie1-ero.betfair.com
http://ie1-fbdp.betfair.com
http://ie1-gap.betfair.com
http://ie1-gfe.betfair.com
http://ie1-ghf.betfair.com
http://ie1-gwb.betfair.com
http://ie1-historicdata.betfair.com
http://ie1-hlpbf.betfair.com
http://ie1-infogol.betfair.com
http://ie1-lbr.betfair.com
http://ie1-livevideo.betfair.com
http://ie1-mawbf.betfair.com
http://ie1-mgw.betfair.com
http://ie1-pacbf.betfair.com
http://ie1-pcmsbf.betfair.com
http://ie1-pmh.betfair.com
http://ie1-prx.betfair.com
http://ie1-pysbf.betfair.com
http://ie1-pywbf.betfair.com
http://ie1-rdr1.betfair.com
http://ie1-rgxbf.betfair.com
http://ie1-ser.betfair.com
http://ie1-shk.betfair.com
http://ie1-smdbf.betfair.com
http://ie1-smp.betfair.com
http://ie1-ssc.betfair.com
http://ie1-ssobf.betfair.com
http://ie1-swa.betfair.com
http://ie1-tmpregulatory.betfair.com
http://ie1-tus.betfair.com
http://ie1-tza.betfair.com
http://ie1-uktotezone.betfair.com
http://ie1-videoplayer.betfair.com
http://ie1-wasbf.betfair.com
http://ie1-wmsbf.betfair.com
http://ie1-wss.betfair.com
http://ie1-xdd.betfair.com
http://ie1-xga.betfair.com
http://ie2-acwbf.betfair.com
http://ie2-ang.betfair.com
http://ie2-apismx.betfair.com
http://ie2-arsbf.betfair.com
http://ie2-bad.betfair.com
http://ie2-bbf.betfair.com
http://ie2-bgf.betfair.com
http://ie2-bgi.betfair.com
http://ie2-bsp.betfair.com
http://ie2-bts.betfair.com
http://ie2-cashout-exchange.betfair.com
http://ie2-cdnsbw.betfair.com
http://ie2-dadbf.betfair.com
http://ie2-ero.betfair.com
http://ie2-etx.betfair.com
http://ie2-fbdp.betfair.com
http://ie2-gap.betfair.com
http://ie2-gfe.betfair.com
http://ie2-ghf.betfair.com
http://ie2-gwb.betfair.com
http://ie2-historicdata.betfair.com
http://ie2-hlpbf.betfair.com
http://ie2-infogol.betfair.com
http://ie2-lbr.betfair.com
http://ie2-livevideo.betfair.com
http://ie2-mawbf.betfair.com
http://ie2-mgw.betfair.com
http://ie2-pacbf.betfair.com
http://ie2-pcmsbf.betfair.com
http://ie2-pmh.betfair.com
http://ie2-prx.betfair.com
http://ie2-pysbf.betfair.com
http://ie2-pywbf.betfair.com
http://ie2-rdr1.betfair.com
http://ie2-rgxbf.betfair.com
http://ie2-ser.betfair.com
http://ie2-shk.betfair.com
http://ie2-smdbf.betfair.com
http://ie2-smp.betfair.com
http://ie2-ssc.betfair.com
http://ie2-ssobf.betfair.com
http://ie2-swa.betfair.com
http://ie2-tus.betfair.com
http://ie2-tza.betfair.com
http://ie2-uktotezone.betfair.com
http://ie2-videoplayer.betfair.com
http://ie2-wasbf.betfair.com
http://ie2-wmsbf.betfair.com
http://ie2-wss.betfair.com
http://ie2-xga.betfair.com
http://ie2-xtsd.betfair.com
http://imgmi.betfair.com
http://infogol.ie1.betfair.com
http://integrity.betfair.com
http://ips.betfair.com
http://ips.betfair.com:8080
http://jkm.betfair.com
http://jogoresponsavel.betfair.com
http://jogoresponsavel.betfair.com:8080
http://kladjenje.betfair.com
http://kladjenje.betfair.com:8080
http://launcher.betfair.com
http://launcher.betfair.com:8080
http://lbr.betfair.com
http://lbr.betfair.com:8080
http://lbr.lb.betfair.com
http://lite.betfair.com
http://lite.betfair.com:8080
http://livevideo.betfair.com
http://livevideo.betfair.com:8080
http://livevideo.ie1.betfair.com
http://livevideo.ie2.betfair.com
http://livevideo.lb.betfair.com
http://m.mail.betfair.com
http://maintenance.betfair.com
http://maintenance.betfair.com:8080
http://mawbf.lb.betfair.com
http://messaging.betfair.com
http://messaging.betfair.com:8080
http://mexchangeblackjack.betfair.com
http://mexchangeblackjack.betfair.com:8080
http://mgames.betfair.com
http://mgames.betfair.com:8080
http://mgw.betfair.com
http://mgw.betfair.com:8080
http://mgw.lb.betfair.com
http://movableink.betfair.com
http://mpoker.betfair.com
http://mpoker.betfair.com:8080
http://msoid.betfair.com
http://myacc.betfair.com
http://myacc.betfair.com:8080
http://myaccount.betfair.com
http://myaccount.betfair.com:8080
http://myactivity.betfair.com
http://myactivity.betfair.com:8080
http://mycards.betfair.com
http://myfunds.betfair.com
http://myfunds.betfair.com:8080
http://nav-sb.betfair.com
http://nav-sb.betfair.com:8080
http://ocsp.betfair.com
http://otgovorenkhazart.betfair.com
http://otgovorenkhazart.betfair.com:8080
http://otvetstvennayaigra.betfair.com
http://otvetstvennayaigra.betfair.com:8080
http://pacbf.betfair.com
http://pacbf.lb.betfair.com
http://pariuri.betfair.com
http://pariuri.betfair.com:8080
http://partners.betfair.com
http://partners.betfair.com:8080
http://partnerships.betfair.com
http://partnerships.betfair.com:8080
http://pcmsbf.betfair.com
http://pcmsbf.betfair.com:8080
http://pcmsbf.lb.betfair.com
http://play.betfair.com
http://play.betfair.com:8080
http://playerprotection.betfair.com
http://playerprotection.betfair.com:8080
http://pmh.betfair.com
http://pmh.betfair.com:8080
http://pmh.lb.betfair.com
http://poker.betfair.com
http://poker.betfair.com:8080
http://pro.betfair.com
http://pro.betfair.com:8080
http://promo.betfair.com
http://promo.betfair.com:8080
http://promotions.betfair.com
http://promotions.betfair.com:8080
http://prx.betfair.com
http://prx.betfair.com:8080
http://prx.lb.betfair.com
http://push-subscription.betfair.com
http://push-subscription.betfair.com:8080
http://pysbf.betfair.com
http://pysbf.lb.betfair.com
http://pywbf.betfair.com
http://pywbf.betfair.com:8080
http://pywbf.lb.betfair.com
http://r106.mail.betfair.com
http://r107.mail.betfair.com
http://r108.mail.betfair.com
http://r109.mail.betfair.com
http://rdr1.lb.betfair.com
http://redirect1.betfair.com
http://reg.betfair.com
http://reg.betfair.com:8080
http://register.betfair.com
http://register.betfair.com:8080
http://regstat.betfair.com
http://regulatory.betfair.com
http://regulatory.betfair.com:8080
http://resources.betfair.com
http://resources.betfair.com:8080
http://rewardchest.betfair.com
http://rewardchest.betfair.com:8080
http://rgi.betfair.com
http://rgx-cdn.betfair.com
http://rgx-cdn.betfair.com:8080
http://rgxbf.lb.betfair.com
http://rsatote.betfair.com
http://rsatote.betfair.com:8080
http://rss.betfair.com
http://rss.betfair.com:8080
http://rt1-t.auto.betfair.com
http://rt2-m.auto.betfair.com
http://rt2-t.auto.betfair.com
http://rt3-t.auto.betfair.com
http://rt4-m.auto.betfair.com
http://rt4-t.auto.betfair.com
http://rt5-t.auto.betfair.com
http://rt6-m.auto.betfair.com
http://rt6-t.auto.betfair.com
http://rus.betfair.com
http://rus.betfair.com:8080
http://safecharge-integration.betfair.com
http://satotezone.betfair.com
http://satotezone.betfair.com:8080
http://sazeni.betfair.com
http://sazeni.betfair.com:8080
http://sca.betfair.com
http://sca.betfair.com:8080
http://sco.betfair.com
http://sco.betfair.com:8080
http://scommesse.betfair.com
http://scommesse.betfair.com:8080
http://ser.betfair.com
http://ser.betfair.com:8080
http://ser.lb.betfair.com
http://shk.betfair.com
http://shk.betfair.com:8080
http://shk.lb.betfair.com
http://shl.betfair.com
http://shl.betfair.com:8080
http://sib.betfair.com
http://sib.betfair.com:8080
http://simulator.betfair.com
http://site-promotions.betfair.com
http://site-promotions.betfair.com:8080
http://site.promotions.betfair.com
http://site.promotions.betfair.com:8080
http://smd.betfair.com
http://smd.betfair.com:8080
http://smdbf.lb.betfair.com
http://smp.betfair.com
http://smp.betfair.com:8080
http://smp.lb.betfair.com
http://smt.betfair.com
http://smt.betfair.com:8080
http://snooker.abelson.partners.betfair.com
http://snooker.abelson.partners.betfair.com:8080
http://soccer.abelson.partners.betfair.com
http://soccer.abelson.partners.betfair.com:8080
http://spb.betfair.com
http://spb.betfair.com:8080
http://spela.betfair.com
http://spela.betfair.com:8080
http://spil.betfair.com
http://spil.betfair.com:8080
http://splash.betfair.com
http://splash.betfair.com:8080
http://splash.lb.betfair.com
http://sportsbook-api.betfair.com
http://sportsbook-api.betfair.com:8080
http://sportsgaming.betfair.com
http://sportsgaming.betfair.com:8080
http://ssc.betfair.com
http://ssc.betfair.com:8080
http://ssc.lb.betfair.com
http://sso.labs.betfair.com
http://ssobf.betfair.com
http://ssobf.betfair.com:8080
http://ssobf.lb.betfair.com
http://status.developer.betfair.com
http://status.developer.betfair.com:8080
http://stavki.betfair.com
http://stavki.betfair.com:8080
http://stoixima.betfair.com
http://stoixima.betfair.com:8080
http://strands.betfair.com
http://strands.betfair.com:8080
http://strandsaus.betfair.com
http://strandsaus.betfair.com:8080
http://strandstwine.betfair.com
http://strandstwine.betfair.com:8080
http://strandsweave.betfair.com
http://strandsweave.betfair.com:8080
http://support.betfair.com
http://support.betfair.com:8080
http://support.developer.betfair.com
http://support.developer.betfair.com:8080
http://swa.betfair.com
http://swa.betfair.com:8080
http://swa.lb.betfair.com
http://t.mail.betfair.com
http://tennis.abelson.partners.betfair.com
http://tennis.abelson.partners.betfair.com:8080
http://test.betfair.com
http://tote.betfair.com
http://tracking.betfair.com
http://tus.betfair.com
http://tus.betfair.com:8080
http://tus.lb.betfair.com
http://tvguide.betfair.com
http://tvguide.betfair.com:8080
http://tza.betfair.com
http://tza.betfair.com:8080
http://tza.lb.betfair.com
http://uag.betfair.com
http://uag.betfair.com:8080
http://uk-api.betfair.com
http://uk-api.betfair.com:8080
http://uktote.betfair.com
http://uktote.betfair.com:8080
http://uktotezone.betfair.com
http://uktotezone.betfair.com:8080
http://uktotezone.lb.betfair.com
http://upload.betfair.com
http://upload.betfair.com:8080
http://usatote.betfair.com
http://usatote.betfair.com:8080
http://usatotezone.betfair.com
http://usatotezone.betfair.com:8080
http://usp.betfair.com
http://usp.betfair.com:8080
http://ustotezone.betfair.com
http://ustotezone.betfair.com:8080
http://verantwortungsvoll.betfair.com
http://verantwortungsvoll.betfair.com:8080
http://video.betfair.com
http://video.betfair.com:8080
http://videoplayer.betfair.com
http://videoplayer.betfair.com:8080
http://videoplayer.ie1.betfair.com
http://videoplayer.ie2.betfair.com
http://videoplayer.lb.betfair.com
http://vip.betfair.com
http://vip.betfair.com:8080
http://vipcircle.betfair.com
http://vqa.betfair.com
http://vqa.betfair.com:8080
http://was.betfair.com
http://was.betfair.com:8080
http://wasbf.lb.betfair.com
http://web.emails.betfair.com
http://wetten.betfair.com
http://wetten.betfair.com:8080
http://wmsbf.betfair.com
http://wmsbf.betfair.com:8080
http://wmsbf.lb.betfair.com
http://wss.betfair.com
http://wss.betfair.com:8080
http://wss.lb.betfair.com
http://www.betfair.com
http://www.betfair.com:8080
http://www.developer.betfair.com
http://www.developer.betfair.com:8080
http://www.lite.betfair.com
http://xdd.lb.betfair.com
http://xga.betfair.com
http://xga.betfair.com:8080
http://xga.lb.betfair.com
http://xgs.betfair.com
http://xgs.betfair.com:8080
http://xtsd.betfair.com
http://xtsd.betfair.com:8080
http://xtsd.lb.betfair.com
http://zaklady.betfair.com
http://zaklady.betfair.com:8080
https://accountservices.betfair.com
https://accountservices.betfair.com:8443
https://admin.affiliates.betfair.com
https://affiliates.betfair.com
https://alfred.betfair.com
https://alfred.betfair.com:8443
https://ang.betfair.com
https://ang.betfair.com:8443
https://ang.lb.betfair.com
https://ansvarligtspil.betfair.com
https://ansvarligtspil.betfair.com:8443
https://ansvarsfulltspelande.betfair.com
https://ansvarsfulltspelande.betfair.com:8443
https://api.betfair.com
https://api.betfair.com:8443
https://api.developer.betfair.com
https://api.developer.betfair.com:8443
https://api.games.betfair.com
https://api.games.betfair.com:8443
https://apieds.betfair.com
https://apieds.betfair.com:8443
https://apismx.betfair.com
https://apismx.betfair.com:8443
https://apismxios.betfair.com
https://apismxios.betfair.com:8443
https://apostas.betfair.com
https://apostas.betfair.com:8443
https://apps.betfair.com
https://apps.betfair.com:8443
https://apuestas.betfair.com
https://apuestas.betfair.com:8443
https://assets.betfair.com
https://assets.betfair.com:8443
https://bad.betfair.com
https://bad.betfair.com:8443
https://bahis.betfair.com
https://bahis.betfair.com:8443
https://bbf.betfair.com
https://bbf.betfair.com:8443
https://beatthedrop.betfair.com
https://betcalculator.betfair.com
https://betfair.com
https://betfair.com:8443
https://betmon.betfair.com
https://betmon.betfair.com:8443
https://bgf.betfair.com
https://bgf.betfair.com:8443
https://bingo.betfair.com
https://bingo.betfair.com:8443
https://bsp.betfair.com
https://bsp.betfair.com:8443
https://btg.betfair.com
https://btg.betfair.com:8443
https://bts.betfair.com
https://bts.betfair.com:8443
https://bts.lb.betfair.com
https://cache.betfair.com
https://cache.betfair.com:8443
https://cache.promotions.betfair.com
https://cache.promotions.betfair.com:8443
https://canada.betfair.com
https://canada.betfair.com:8443
https://cashout-exchange.betfair.com
https://cashout-exchange.betfair.com:8443
https://cashout-service.betfair.com
https://cashout-service.betfair.com:8443
https://cashout-service.ie1.betfair.com
https://cashout-service.ie2.betfair.com
https://cashrace.betfair.com
https://cashrace.betfair.com:8443
https://casino.betfair.com
https://casino.betfair.com:8443
https://cbr.betfair.com
https://cbr.betfair.com:8443
https://cbs.betfair.com
https://cbs.betfair.com:8443
https://ccc.betfair.com
https://ccc.lb.betfair.com
https://cdnorigin.betfair.com
https://cdnorigin.betfair.com:8443
https://cip.betfair.com
https://cip.betfair.com:8443
https://clientmetrics.betfair.com
https://clientmetrics.betfair.com:8443
https://clientmetricstst.betfair.com
https://clientmetricstst.betfair.com:8443
https://connect.betfair.com
https://connect1.betfair.com
https://connect3.betfair.com
https://convert.betfair.com
https://convert.betfair.com:8443
https://cricket.abelson.partners.betfair.com
https://cricket.abelson.partners.betfair.com:8443
https://cro.betfair.com
https://cro.betfair.com:8443
https://csl.betfair.com
https://csm.betfair.com
https://dadbf.betfair.com
https://dadbf.betfair.com:8443
https://dadbf.lb.betfair.com
https://developer.betfair.com
https://developers.betfair.com
https://developers.betfair.com:8443
https://docs.developer.betfair.com
https://docs.developer.betfair.com:8443
https://ebs-api.betfair.com
https://ebs-api.betfair.com:8443
https://ebs.betfair.com
https://ebs.betfair.com:8443
https://education.betfair.com
https://education.betfair.com:8443
https://efc.betfair.com
https://ero.betfair.com
https://ero.betfair.com:8443
https://etx.betfair.com
https://etx.betfair.com:8443
https://exchangegaming.betfair.com
https://exchangegaming.betfair.com:8443
https://fbdp.betfair.com
https://fbdp.betfair.com:8443
https://fcbarcelona.betfair.com
https://fcbarcelona.betfair.com:8443
https://fcq-service.betfair.com
https://fcq-service.betfair.com:8443
https://fogadas.betfair.com
https://fogadas.betfair.com:8443
https://form.greyhounds.betfair.com
https://formandresultsapiv2.betfair.com
https://formandresultsapiv2.ie1.betfair.com
https://formandresultsapiv2.ie2.betfair.com
https://forum.bdp.betfair.com
https://forum.bdp.betfair.com:8443
https://forum.developer.betfair.com
https://forum.developer.betfair.com:8443
https://frc.betfair.com
https://frc.betfair.com:8443
https://games.betfair.com
https://games.betfair.com:8443
https://gamesportal.betfair.com
https://gamesportal.betfair.com:8443
https://gfe.betfair.com
https://gfe.betfair.com:8443
https://gfs.betfair.com
https://gfs.betfair.com:8443
https://ghf.betfair.com
https://ghf.betfair.com:8443
https://ghf.lb.betfair.com
https://gmd.betfair.com
https://gmd.betfair.com:8443
https://gmw.betfair.com
https://gmw.betfair.com:8443
https://gost.betfair.com
https://gost.betfair.com:8443
https://graphs.betfair.com
https://graphs.betfair.com:8443
https://greyhoundsform.betfair.com
https://gwb.betfair.com
https://gwb.betfair.com:8443
https://hattrickhero.betfair.com
https://hattrickhero.betfair.com:8443
https://helpdesk.betfair.com
https://helpdesk.betfair.com:8443
https://historicdata.betfair.com
https://historicdata.betfair.com:8443
https://historicdata.ie1.betfair.com
https://hlpbf.betfair.com
https://hlpbf.betfair.com:8443
https://identitysso-cert.betfair.com
https://identitysso.betfair.com
https://identitysso.betfair.com:8443
https://ie1-ang.betfair.com
https://ie1-bts.betfair.com
https://ie1-ccc.betfair.com
https://ie1-dadbf.betfair.com
https://ie1-ghf.betfair.com
https://ie1-infogol.betfair.com
https://ie1-pacbf.betfair.com
https://ie1-rdr1.betfair.com
https://ie1-ser.betfair.com
https://ie1-smdbf.betfair.com
https://ie1-sso-cert.betfair.com
https://ie2-ang.betfair.com
https://ie2-bts.betfair.com
https://ie2-ccc.betfair.com
https://ie2-dadbf.betfair.com
https://ie2-ghf.betfair.com
https://ie2-infogol.betfair.com
https://ie2-pacbf.betfair.com
https://ie2-rdr1.betfair.com
https://ie2-ser.betfair.com
https://ie2-smdbf.betfair.com
https://ie2-sso-cert.betfair.com
https://imgmi.betfair.com
https://infogol.ie1.betfair.com
https://integrity.betfair.com
https://ips.betfair.com
https://ips.betfair.com:8443
https://jogoresponsavel.betfair.com
https://jogoresponsavel.betfair.com:8443
https://kladjenje.betfair.com
https://kladjenje.betfair.com:8443
https://launcher.betfair.com
https://launcher.betfair.com:8443
https://lbr.betfair.com
https://lbr.betfair.com:8443
https://lite.betfair.com
https://lite.betfair.com:8443
https://livevideo.betfair.com
https://livevideo.betfair.com:8443
https://livevideo.ie1.betfair.com
https://livevideo.ie2.betfair.com
https://m.mail.betfair.com
https://maintenance.betfair.com
https://maintenance.betfair.com:8443
https://messaging.betfair.com
https://messaging.betfair.com:8443
https://mexchangeblackjack.betfair.com
https://mexchangeblackjack.betfair.com:8443
https://mgames.betfair.com
https://mgames.betfair.com:8443
https://mgw.betfair.com
https://mgw.betfair.com:8443
https://movableink.betfair.com
https://mpoker.betfair.com
https://mpoker.betfair.com:8443
https://msoid.betfair.com
https://myacc.betfair.com
https://myacc.betfair.com:8443
https://myaccount.betfair.com
https://myaccount.betfair.com:8443
https://myactivity.betfair.com
https://myactivity.betfair.com:8443
https://mycards.betfair.com
https://myfunds.betfair.com
https://myfunds.betfair.com:8443
https://nav-sb.betfair.com
https://nav-sb.betfair.com:8443
https://otgovorenkhazart.betfair.com
https://otgovorenkhazart.betfair.com:8443
https://otvetstvennayaigra.betfair.com
https://otvetstvennayaigra.betfair.com:8443
https://pacbf.betfair.com
https://pacbf.lb.betfair.com
https://pariuri.betfair.com
https://pariuri.betfair.com:8443
https://partners.betfair.com
https://partners.betfair.com:8443
https://partnerships.betfair.com
https://partnerships.betfair.com:8443
https://partnervpn.betfair.com
https://pcmsbf.betfair.com
https://pcmsbf.betfair.com:8443
https://play.betfair.com
https://play.betfair.com:8443
https://playerprotection.betfair.com
https://playerprotection.betfair.com:8443
https://pmh.betfair.com
https://pmh.betfair.com:8443
https://poker.betfair.com
https://poker.betfair.com:8443
https://pro.betfair.com
https://pro.betfair.com:8443
https://promo.betfair.com
https://promo.betfair.com:8443
https://promotions.betfair.com
https://promotions.betfair.com:8443
https://prx.betfair.com
https://prx.betfair.com:8443
https://push-subscription.betfair.com
https://push-subscription.betfair.com:8443
https://pywbf.betfair.com
https://pywbf.betfair.com:8443
https://r106.mail.betfair.com
https://r107.mail.betfair.com
https://r108.mail.betfair.com
https://r109.mail.betfair.com
https://rdr1.lb.betfair.com
https://redirect1.betfair.com
https://reg.betfair.com
https://reg.betfair.com:8443
https://register.betfair.com
https://register.betfair.com:8443
https://regstat.betfair.com
https://regulatory.betfair.com
https://regulatory.betfair.com:8443
https://resources.betfair.com
https://resources.betfair.com:8443
https://rewardchest.betfair.com
https://rewardchest.betfair.com:8443
https://rgx-cdn.betfair.com
https://rgx-cdn.betfair.com:8443
https://rsatote.betfair.com
https://rsatote.betfair.com:8443
https://rss.betfair.com
https://rss.betfair.com:8443
https://rt1-t.auto.betfair.com
https://rt2-m.auto.betfair.com
https://rt2-t.auto.betfair.com
https://rt3-t.auto.betfair.com
https://rt4-m.auto.betfair.com
https://rt4-t.auto.betfair.com
https://rt5-t.auto.betfair.com
https://rt6-m.auto.betfair.com
https://rt6-t.auto.betfair.com
https://rus.betfair.com:8443
https://satotezone.betfair.com
https://satotezone.betfair.com:8443
https://sazeni.betfair.com
https://sazeni.betfair.com:8443
https://sca.betfair.com
https://sca.betfair.com:8443
https://sco.betfair.com
https://sco.betfair.com:8443
https://scommesse.betfair.com
https://scommesse.betfair.com:8443
https://ser.betfair.com
https://ser.betfair.com:8443
https://ser.lb.betfair.com
https://shk.betfair.com
https://shk.betfair.com:8443
https://shl.betfair.com
https://shl.betfair.com:8443
https://sib.betfair.com
https://sib.betfair.com:8443
https://simulator.betfair.com
https://site-promotions.betfair.com
https://site-promotions.betfair.com:8443
https://site.promotions.betfair.com
https://site.promotions.betfair.com:8443
https://smd.betfair.com
https://smd.betfair.com:8443
https://smdbf.lb.betfair.com
https://smp.betfair.com
https://smp.betfair.com:8443
https://smt.betfair.com:8443
https://snooker.abelson.partners.betfair.com
https://snooker.abelson.partners.betfair.com:8443
https://soccer.abelson.partners.betfair.com
https://soccer.abelson.partners.betfair.com:8443
https://spb.betfair.com
https://spb.betfair.com:8443
https://spela.betfair.com
https://spela.betfair.com:8443
https://spil.betfair.com
https://spil.betfair.com:8443
https://splash.betfair.com
https://splash.betfair.com:8443
https://sportsbook-api.betfair.com
https://sportsbook-api.betfair.com:8443
https://sportsgaming.betfair.com
https://sportsgaming.betfair.com:8443
https://ssc.betfair.com
https://ssc.betfair.com:8443
https://sso-cert.betfair.com
https://sso-cert.lb.betfair.com
https://ssobf.betfair.com
https://ssobf.betfair.com:8443
https://status.developer.betfair.com
https://status.developer.betfair.com:8443
https://stavki.betfair.com
https://stavki.betfair.com:8443
https://stoixima.betfair.com
https://stoixima.betfair.com:8443
https://strands.betfair.com
https://strands.betfair.com:8443
https://strandsaus.betfair.com
https://strandsaus.betfair.com:8443
https://strandstwine.betfair.com
https://strandstwine.betfair.com:8443
https://strandsweave.betfair.com
https://strandsweave.betfair.com:8443
https://support.betfair.com
https://support.betfair.com:8443
https://support.developer.betfair.com
https://support.developer.betfair.com:8443
https://swa.betfair.com
https://swa.betfair.com:8443
https://t.mail.betfair.com
https://tennis.abelson.partners.betfair.com
https://tennis.abelson.partners.betfair.com:8443
https://test.betfair.com
https://tote.betfair.com
https://tracking.betfair.com
https://tus.betfair.com
https://tus.betfair.com:8443
https://tvguide.betfair.com
https://tvguide.betfair.com:8443
https://tza.betfair.com
https://tza.betfair.com:8443
https://uag.betfair.com
https://uag.betfair.com:8443
https://uk-api.betfair.com
https://uk-api.betfair.com:8443
https://uktote.betfair.com
https://uktote.betfair.com:8443
https://uktotezone.betfair.com
https://uktotezone.betfair.com:8443
https://upload.betfair.com
https://upload.betfair.com:8443
https://usatote.betfair.com
https://usatote.betfair.com:8443
https://usatotezone.betfair.com
https://usatotezone.betfair.com:8443
https://usp.betfair.com
https://usp.betfair.com:8443
https://ustotezone.betfair.com
https://ustotezone.betfair.com:8443
https://verantwortungsvoll.betfair.com
https://verantwortungsvoll.betfair.com:8443
https://video.betfair.com
https://video.betfair.com:8443
https://videoplayer.betfair.com
https://videoplayer.betfair.com:8443
https://videoplayer.ie1.betfair.com
https://videoplayer.ie2.betfair.com
https://vip.betfair.com
https://vip.betfair.com:8443
https://vipcircle.betfair.com
https://vqa.betfair.com
https://vqa.betfair.com:8443
https://was.betfair.com
https://was.betfair.com:8443
https://web.emails.betfair.com
https://wetten.betfair.com
https://wetten.betfair.com:8443
https://wmsbf.betfair.com
https://wmsbf.betfair.com:8443
https://wss.betfair.com:8443
https://www.betfair.com
https://www.betfair.com:8443
https://www.developer.betfair.com
https://www.developer.betfair.com:8443
https://www.lite.betfair.com
https://xga.betfair.com
https://xga.betfair.com:8443
https://xgs.betfair.com
https://xgs.betfair.com:8443
https://xtsd.betfair.com
https://xtsd.betfair.com:8443
https://zaklady.betfair.com
https://zaklady.betfair.com:8443
