http://account-messaging.betfair.se
http://account-messaging.betfair.se:8080
http://apieds.betfair.se
http://apieds.betfair.se:8080
http://apiems.betfair.se
http://apiems.betfair.se:8080
http://apiemsios.betfair.se
http://apiemsios.betfair.se:8080
http://apismx.betfair.se
http://apismx.betfair.se:8080
http://apismxios.betfair.se
http://apismxios.betfair.se:8080
http://arcade.betfair.se
http://arcade.betfair.se:8080
http://assets.betfair.se
http://assets.betfair.se:8080
http://beatthedrop.betfair.se
http://betfair.se
http://betfair.se:8080
http://cashout-exchange.betfair.se
http://cashout-exchange.betfair.se:8080
http://cashout-service.betfair.se
http://cashout-service.betfair.se:8080
http://casino.betfair.se
http://casino.betfair.se:8080
http://cbs.betfair.se
http://cbs.betfair.se:8080
http://cro.betfair.se
http://cro.betfair.se:8080
http://ero.betfair.se
http://ero.betfair.se:8080
http://etx.betfair.se
http://etx.betfair.se:8080
http://exchangegaming.betfair.se
http://exchangegaming.betfair.se:8080
http://fcq-service.betfair.se
http://fcq-service.betfair.se:8080
http://fcq.betfair.se
http://gfe.betfair.se
http://gfe.betfair.se:8080
http://gmd.betfair.se
http://gmd.betfair.se:8080
http://graphs.betfair.se
http://graphs.betfair.se:8080
http://grouting.betfair.se
http://grouting.betfair.se:8080
http://identitysso.betfair.se
http://identitysso.betfair.se:8080
http://ie1-account-messaging.betfair.se
http://ie1-apiems.betfair.se
http://ie1-graphs.betfair.se
http://ie1-promotions.betfair.se
http://ie1-smd.betfair.se
http://ie2-account-messaging.betfair.se
http://ie2-apiems.betfair.se
http://ie2-graphs.betfair.se
http://ie2-promotions.betfair.se
http://ie2-smd.betfair.se
http://ips.betfair.se
http://ips.betfair.se:8080
http://launcher.betfair.se
http://launcher.betfair.se:8080
http://lbr.betfair.se
http://lbr.betfair.se:8080
http://m.mail.betfair.se
http://maintenance.betfair.se
http://maintenance.betfair.se:8080
http://mcasino.betfair.se
http://messaging.betfair.se
http://messaging.betfair.se:8080
http://myacc.betfair.se
http://myacc.betfair.se:8080
http://myaccount.betfair.se
http://myaccount.betfair.se:8080
http://myactivity.betfair.se
http://myactivity.betfair.se:8080
http://mycards.betfair.se
http://myfunds.betfair.se
http://myfunds.betfair.se:8080
http://mypromos.betfair.se
http://mypromos.betfair.se:8080
http://play.betfair.se
http://play.betfair.se:8080
http://playerprotection.betfair.se
http://playerprotection.betfair.se:8080
http://promotions.betfair.se
http://promotions.betfair.se:8080
http://push-subscription.betfair.se
http://push-subscription.betfair.se:8080
http://redirect.betfair.se
http://register.betfair.se
http://register.betfair.se:8080
http://sco.betfair.se
http://sco.betfair.se:8080
http://sib.betfair.se
http://sib.betfair.se:8080
http://simulator.betfair.se
http://smd.betfair.se
http://smd.betfair.se:8080
http://smp.betfair.se
http://smp.betfair.se:8080
http://spb.betfair.se
http://spb.betfair.se:8080
http://splash.betfair.se
http://sportsgaming.betfair.se
http://sportsgaming.betfair.se:8080
http://ssc.betfair.se
http://ssc.betfair.se:8080
http://strands.betfair.se
http://strands.betfair.se:8080
http://strandstwine.betfair.se
http://strandstwine.betfair.se:8080
http://strandsweave.betfair.se
http://strandsweave.betfair.se:8080
http://support.betfair.se
http://support.betfair.se:8080
http://t.mail.betfair.se
http://uk-api.betfair.se
http://uk-api.betfair.se:8080
http://videoplayer.betfair.se
http://videoplayer.betfair.se:8080
http://vqa.betfair.se
http://vqa.betfair.se:8080
http://was.betfair.se
http://was.betfair.se:8080
http://wss.betfair.se
http://wss.betfair.se:8080
http://www.betfair.se
http://www.betfair.se:8080
https://account-messaging.betfair.se
https://account-messaging.betfair.se:8443
https://apieds.betfair.se
https://apieds.betfair.se:8443
https://apiems.betfair.se
https://apiems.betfair.se:8443
https://apiemsios.betfair.se
https://apiemsios.betfair.se:8443
https://apismx.betfair.se
https://apismx.betfair.se:8443
https://apismxios.betfair.se
https://apismxios.betfair.se:8443
https://arcade.betfair.se
https://arcade.betfair.se:8443
https://assets.betfair.se
https://assets.betfair.se:8443
https://beatthedrop.betfair.se
https://betfair.se
https://betfair.se:8443
https://cashout-exchange.betfair.se
https://cashout-exchange.betfair.se:8443
https://cashout-service.betfair.se
https://cashout-service.betfair.se:8443
https://casino.betfair.se
https://casino.betfair.se:8443
https://cbs.betfair.se
https://cbs.betfair.se:8443
https://ccc.betfair.se
https://cro.betfair.se
https://cro.betfair.se:8443
https://ero.betfair.se
https://ero.betfair.se:8443
https://etx.betfair.se
https://etx.betfair.se:8443
https://exchangegaming.betfair.se
https://exchangegaming.betfair.se:8443
https://fcq-service.betfair.se
https://fcq-service.betfair.se:8443
https://fcq.betfair.se
https://gfe.betfair.se
https://gfe.betfair.se:8443
https://gmd.betfair.se
https://gmd.betfair.se:8443
https://graphs.betfair.se
https://graphs.betfair.se:8443
https://grouting.betfair.se
https://grouting.betfair.se:8443
https://identitysso-cert.betfair.se
https://identitysso.betfair.se
https://identitysso.betfair.se:8443
https://ie1-apiems.betfair.se
https://ie1-smd.betfair.se
https://ie2-apiems.betfair.se
https://ie2-smd.betfair.se
https://ips.betfair.se
https://ips.betfair.se:8443
https://launcher.betfair.se
https://launcher.betfair.se:8443
https://lbr.betfair.se
https://lbr.betfair.se:8443
https://m.mail.betfair.se
https://maintenance.betfair.se
https://maintenance.betfair.se:8443
https://mcasino.betfair.se
https://messaging.betfair.se
https://messaging.betfair.se:8443
https://myacc.betfair.se
https://myacc.betfair.se:8443
https://myaccount.betfair.se
https://myaccount.betfair.se:8443
https://myactivity.betfair.se
https://myactivity.betfair.se:8443
https://mycards.betfair.se
https://myfunds.betfair.se
https://myfunds.betfair.se:8443
https://mypromos.betfair.se
https://mypromos.betfair.se:8443
https://play.betfair.se
https://play.betfair.se:8443
https://playerprotection.betfair.se
https://playerprotection.betfair.se:8443
https://promotions.betfair.se
https://promotions.betfair.se:8443
https://push-subscription.betfair.se
https://push-subscription.betfair.se:8443
https://redirect.betfair.se
https://register.betfair.se
https://register.betfair.se:8443
https://sco.betfair.se
https://sco.betfair.se:8443
https://sib.betfair.se
https://sib.betfair.se:8443
https://simulator.betfair.se
https://smd.betfair.se
https://smd.betfair.se:8443
https://smp.betfair.se
https://smp.betfair.se:8443
https://spb.betfair.se
https://spb.betfair.se:8443
https://splash.betfair.se
https://sportsgaming.betfair.se
https://sportsgaming.betfair.se:8443
https://ssc.betfair.se
https://ssc.betfair.se:8443
https://strands.betfair.se
https://strands.betfair.se:8443
https://strandstwine.betfair.se
https://strandstwine.betfair.se:8443
https://strandsweave.betfair.se
https://strandsweave.betfair.se:8443
https://support.betfair.se
https://support.betfair.se:8443
https://t.mail.betfair.se
https://uk-api.betfair.se
https://uk-api.betfair.se:8443
https://videoplayer.betfair.se
https://videoplayer.betfair.se:8443
https://vqa.betfair.se
https://vqa.betfair.se:8443
https://was.betfair.se
https://was.betfair.se:8443
https://wss.betfair.se:8443
https://www.betfair.se
https://www.betfair.se:8443
