http://account-messaging.betfair.it
http://account-messaging.betfair.it:8080
http://accountservices.betfair.it
http://accountservices.betfair.it:8080
http://acwbf.betfair.it
http://acwbf.betfair.it:8080
http://affiliates.betfair.it
http://affiliates.betfair.it:8080
http://api.betfair.it
http://api.betfair.it:8080
http://apieds.betfair.it
http://apieds.betfair.it:8080
http://apiems.betfair.it
http://apiems.betfair.it:8080
http://apiemsios.betfair.it
http://apiemsios.betfair.it:8080
http://apismx.betfair.it
http://apismx.betfair.it:8080
http://assets.betfair.it
http://assets.betfair.it:8080
http://betfair.it
http://betfair.it:8080
http://cache.download.betfair.it
http://cashout-exchange.betfair.it
http://cashout-exchange.betfair.it:8080
http://cashout-service.betfair.it
http://cashout-service.betfair.it:8080
http://cashrace.betfair.it
http://cashrace.betfair.it:8080
http://casino.betfair.it
http://casino.betfair.it:8080
http://cbs.betfair.it
http://cbs.betfair.it:8080
http://cro.betfair.it
http://cro.betfair.it:8080
http://ebs-api.betfair.it
http://ebs-api.betfair.it:8080
http://ero.betfair.it
http://ero.betfair.it:8080
http://etx.betfair.it
http://etx.betfair.it:8080
http://fcq-service.betfair.it
http://fcq-service.betfair.it:8080
http://foebf.betfair.it
http://foebf.betfair.it:8080
http://gfe.betfair.it
http://gfe.betfair.it:8080
http://giocoresponsabile.betfair.it
http://giocoresponsabile.betfair.it:8080
http://gmd.betfair.it
http://gmd.betfair.it:8080
http://graphs.betfair.it
http://graphs.betfair.it:8080
http://grouting.betfair.it
http://grouting.betfair.it:8080
http://guidachat.betfair.it
http://identitysso.betfair.it
http://identitysso.betfair.it:8080
http://ie1-account-messaging.betfair.it
http://ie1-apiems.betfair.it
http://ie1-cashrace.betfair.it
http://ie1-etx.betfair.it
http://ie1-gmd.betfair.it
http://ie1-graphs.betfair.it
http://ie1-launcher.betfair.it
http://ie1-myactivity-cdn.betfair.it
http://ie1-poker.betfair.it
http://ie1-pphbf.betfair.it
http://ie1-promotions.betfair.it
http://ie1-promozioni.betfair.it
http://ie1-rewardchest.betfair.it
http://ie1-sco.betfair.it
http://ie1-smd.betfair.it
http://ie1-smt.betfair.it
http://ie1-vqa.betfair.it
http://ie2-account-messaging.betfair.it
http://ie2-apieds.betfair.it
http://ie2-apiems.betfair.it
http://ie2-cashrace.betfair.it
http://ie2-gmd.betfair.it
http://ie2-graphs.betfair.it
http://ie2-myactivity-cdn.betfair.it
http://ie2-poker.betfair.it
http://ie2-pphbf.betfair.it
http://ie2-promotions.betfair.it
http://ie2-promozioni.betfair.it
http://ie2-rewardchest.betfair.it
http://ie2-sco.betfair.it
http://ie2-sib.betfair.it
http://ie2-smd.betfair.it
http://ie2-smt.betfair.it
http://ie2-vqa.betfair.it
http://ips.betfair.it
http://ips.betfair.it:8080
http://launcher.betfair.it
http://launcher.betfair.it:8080
http://lbr.betfair.it
http://lbr.betfair.it:8080
http://m.mails.betfair.it
http://maintenance.betfair.it
http://maintenance.betfair.it:8080
http://mcasino.betfair.it
http://messaging.betfair.it
http://messaging.betfair.it:8080
http://msoid.betfair.it
http://mvegas.betfair.it
http://myacc.betfair.it
http://myacc.betfair.it:8080
http://myaccount.betfair.it
http://myaccount.betfair.it:8080
http://myactivity-cdn.betfair.it
http://myactivity-cdn.betfair.it:8080
http://myactivity.betfair.it
http://myactivity.betfair.it:8080
http://mycards.betfair.it
http://myfunds.betfair.it
http://myfunds.betfair.it:8080
http://nssbf.betfair.it
http://nssbf.betfair.it:8080
http://partnerships.betfair.it
http://partnerships.betfair.it:8080
http://play.betfair.it
http://play.betfair.it:8080
http://playerprotection.betfair.it
http://playerprotection.betfair.it:8080
http://poker.betfair.it
http://poker.betfair.it:8080
http://pokersg.betfair.it
http://pokersg.betfair.it:8080
http://pphbf.betfair.it
http://pphbf.betfair.it:8080
http://promotions.betfair.it
http://promotions.betfair.it:8080
http://promozioni.betfair.it
http://promozioni.betfair.it:8080
http://register.betfair.it
http://register.betfair.it:8080
http://rewardchest.betfair.it
http://rewardchest.betfair.it:8080
http://sco.betfair.it
http://sco.betfair.it:8080
http://scommesse.betfair.it
http://scommesse.betfair.it:8080
http://scommesseonline.betfair.it
http://scommesseonline.betfair.it:8080
http://segnalaeguadagna.betfair.it
http://segnalaeguadagna.betfair.it:8080
http://sib.betfair.it
http://sib.betfair.it:8080
http://simulator.betfair.it
http://smd.betfair.it
http://smd.betfair.it:8080
http://smp.betfair.it
http://smp.betfair.it:8080
http://smt.betfair.it
http://smt.betfair.it:8080
http://spb.betfair.it
http://spb.betfair.it:8080
http://ssc.betfair.it
http://ssc.betfair.it:8080
http://strands.betfair.it
http://strands.betfair.it:8080
http://strandstwine.betfair.it
http://strandstwine.betfair.it:8080
http://strandsweave.betfair.it
http://strandsweave.betfair.it:8080
http://support.betfair.it
http://support.betfair.it:8080
http://t.mails.betfair.it
http://usp.betfair.it
http://usp.betfair.it:8080
http://vegas.betfair.it
http://vegas.betfair.it:8080
http://videoplayer.betfair.it
http://videoplayer.betfair.it:8080
http://vqa.betfair.it
http://vqa.betfair.it:8080
http://was.betfair.it
http://was.betfair.it:8080
http://wss.betfair.it
http://wss.betfair.it:8080
http://www.betfair.it
http://www.betfair.it:8080
https://account-messaging.betfair.it
https://account-messaging.betfair.it:8443
https://accountservices.betfair.it
https://accountservices.betfair.it:8443
https://acwbf.betfair.it
https://acwbf.betfair.it:8443
https://affiliates.betfair.it
https://affiliates.betfair.it:8443
https://api.betfair.it
https://api.betfair.it:8443
https://apieds.betfair.it
https://apieds.betfair.it:8443
https://apiems.betfair.it
https://apiems.betfair.it:8443
https://apiemsios.betfair.it
https://apiemsios.betfair.it:8443
https://apismx.betfair.it
https://apismx.betfair.it:8443
https://assets.betfair.it
https://assets.betfair.it:8443
https://betfair.it
https://betfair.it:8443
https://cache.download.betfair.it
https://cashout-exchange.betfair.it
https://cashout-exchange.betfair.it:8443
https://cashout-service.betfair.it
https://cashout-service.betfair.it:8443
https://cashrace.betfair.it
https://cashrace.betfair.it:8443
https://casino.betfair.it
https://casino.betfair.it:8443
https://cbs.betfair.it
https://cbs.betfair.it:8443
https://ccc.betfair.it
https://cro.betfair.it
https://cro.betfair.it:8443
https://ebs-api.betfair.it
https://ebs-api.betfair.it:8443
https://ero.betfair.it
https://ero.betfair.it:8443
https://etx.betfair.it
https://etx.betfair.it:8443
https://fcq-service.betfair.it
https://fcq-service.betfair.it:8443
https://foebf.betfair.it
https://foebf.betfair.it:8443
https://gfe.betfair.it
https://gfe.betfair.it:8443
https://giocoresponsabile.betfair.it
https://giocoresponsabile.betfair.it:8443
https://gmd.betfair.it
https://gmd.betfair.it:8443
https://graphs.betfair.it
https://graphs.betfair.it:8443
https://grouting.betfair.it
https://grouting.betfair.it:8443
https://guidachat.betfair.it
https://identitysso.betfair.it
https://identitysso.betfair.it:8443
https://ie1-apiems.betfair.it
https://ie1-launcher.betfair.it
https://ie1-pphbf.betfair.it
https://ie1-smd.betfair.it
https://ie2-apiems.betfair.it
https://ie2-pphbf.betfair.it
https://ie2-smd.betfair.it
https://ips.betfair.it
https://ips.betfair.it:8443
https://launcher.betfair.it
https://launcher.betfair.it:8443
https://lbr.betfair.it
https://lbr.betfair.it:8443
https://m.mails.betfair.it
https://maintenance.betfair.it
https://maintenance.betfair.it:8443
https://mcasino.betfair.it
https://messaging.betfair.it
https://messaging.betfair.it:8443
https://msoid.betfair.it
https://mvegas.betfair.it
https://myacc.betfair.it
https://myacc.betfair.it:8443
https://myaccount.betfair.it
https://myaccount.betfair.it:8443
https://myactivity-cdn.betfair.it
https://myactivity-cdn.betfair.it:8443
https://myactivity.betfair.it
https://myactivity.betfair.it:8443
https://mycards.betfair.it
https://myfunds.betfair.it
https://myfunds.betfair.it:8443
https://nssbf.betfair.it
https://nssbf.betfair.it:8443
https://partnerships.betfair.it
https://partnerships.betfair.it:8443
https://play.betfair.it
https://play.betfair.it:8443
https://playerprotection.betfair.it
https://playerprotection.betfair.it:8443
https://poker.betfair.it
https://poker.betfair.it:8443
https://pokersg.betfair.it
https://pokersg.betfair.it:8443
https://pphbf.betfair.it
https://pphbf.betfair.it:8443
https://promotions.betfair.it
https://promotions.betfair.it:8443
https://promozioni.betfair.it
https://promozioni.betfair.it:8443
https://register.betfair.it
https://register.betfair.it:8443
https://rewardchest.betfair.it
https://rewardchest.betfair.it:8443
https://sco.betfair.it
https://sco.betfair.it:8443
https://scommesse.betfair.it
https://scommesse.betfair.it:8443
https://scommesseonline.betfair.it
https://scommesseonline.betfair.it:8443
https://segnalaeguadagna.betfair.it
https://segnalaeguadagna.betfair.it:8443
https://sib.betfair.it
https://sib.betfair.it:8443
https://simulator.betfair.it
https://smd.betfair.it
https://smd.betfair.it:8443
https://smp.betfair.it
https://smp.betfair.it:8443
https://smt.betfair.it:8443
https://spb.betfair.it
https://spb.betfair.it:8443
https://ssc.betfair.it
https://ssc.betfair.it:8443
https://strands.betfair.it
https://strands.betfair.it:8443
https://strandstwine.betfair.it
https://strandstwine.betfair.it:8443
https://strandsweave.betfair.it
https://strandsweave.betfair.it:8443
https://support.betfair.it
https://support.betfair.it:8443
https://t.mails.betfair.it
https://usp.betfair.it
https://usp.betfair.it:8443
https://vegas.betfair.it
https://vegas.betfair.it:8443
https://videoplayer.betfair.it
https://videoplayer.betfair.it:8443
https://vqa.betfair.it
https://vqa.betfair.it:8443
https://was.betfair.it
https://was.betfair.it:8443
https://wss.betfair.it:8443
https://www.betfair.it
https://www.betfair.it:8443
