http://api.bingo.com
http://autodiscover.bingo.com
http://autodiscover.brand.bingo.com
http://bingo.com
http://brand.bingo.com
http://dog-qa1.bingo.com
http://eum.bingo.com
http://evolivecasino.bingo.com
http://fi.bingo.com
http://link.email.bingo.com
http://no-qa1.bingo.com
http://no-si1.bingo.com
http://no.bingo.com
http://online.bingo.com
http://payment.bingo.com
http://se-qa1.bingo.com
http://se-si1.bingo.com
http://se.bingo.com
http://uk-qa1.bingo.com
http://uk-si1.bingo.com
http://uk.bingo.com
http://valkommen.bingo.com
http://welcome.bingo.com
http://welcome.uk.bingo.com
http://www-qa1.bingo.com
http://www-si1.bingo.com
http://www.bingo.com
http://xns.bingo.com
https://api.bingo.com
https://bingo.com
https://brand.bingo.com
https://dog-qa1.bingo.com
https://eum.bingo.com
https://evolivecasino.bingo.com
https://fi.bingo.com
https://link.email.bingo.com
https://no-qa1.bingo.com
https://no-si1.bingo.com
https://no.bingo.com
https://online.bingo.com
https://payment.bingo.com
https://se-qa1.bingo.com
https://se-si1.bingo.com
https://se.bingo.com
https://uk-qa1.bingo.com
https://uk-si1.bingo.com
https://uk.bingo.com
https://valkommen.bingo.com
https://welcome.bingo.com
https://welcome.uk.bingo.com
https://www-qa1.bingo.com
https://www-si1.bingo.com
https://www.bingo.com
https://xns.bingo.com
