http://0down.bbu.gts.bitdefender.net
http://0down.fra.htz.bitdefender.net
http://0upmidg.cdn.bitdefender.net
http://a001.buc.gts.kdn.bitdefender.net
http://a001bucgts.kdn.bitdefender.net
http://a002bucgts.kdn.bitdefender.net
http://a003bucgts.kdn.bitdefender.net
http://a005bucgts.kdn.bitdefender.net
http://a020bucgts.kdn.bitdefender.net
http://adapter.bitdefender.net
http://api.ti.bitdefender.net
http://api.tip.bitdefender.net
http://bdquiz.bitdefender.net
http://beta-connect-lb.bitdefender.net
http://beta-connect.bitdefender.net
http://beta.connect.bitdefender.net
http://beta.console.bitdefender.net
http://beta.mdm-ios.bitdefender.net
http://beta.nimbus.bitdefender.net
http://bitdefender.net
http://blacklist-services.bitdefender.net
http://blacklist-services.bitdefender.net:2052
http://blacklist-services.bitdefender.net:2082
http://blacklist-services.bitdefender.net:2083
http://blacklist-services.bitdefender.net:2086
http://blacklist-services.bitdefender.net:2087
http://blacklist-services.bitdefender.net:8080
http://blacklist-services.bitdefender.net:8443
http://blacklist-services.bitdefender.net:8880
http://bluecoat-fe328ba7-3324-4ff1-ae6e-5f597c9d053e.2d7dd.cdn.bitdefender.net
http://boxsrv.bitdefender.net
http://catch-nimbus.bitdefender.net
http://catch-nimbus.bitdefender.net:8080
http://cdn-m3.buh.adn.vdc.bitdefender.net
http://cisco-081992ac-962e-4ef7-b909-7140f440b6ab.2d7dd.cdn.bitdefender.net
http://connect-lb.bitdefender.net
http://connect-nimbus.bitdefender.net
http://download.cdn.bitdefender.net
http://egosecure-4a20befb-46ed-4858-a44e-fb71dd753256.2d7dd.cdn.bitdefender.net
http://eicar.bitdefender.net
http://elb-nvi-gcp.nimbus.bitdefender.net
http://elb-nvi-gcp.nimbus.bitdefender.net:8080
http://elb-ore-gcp.nimbus.bitdefender.net
http://elb-ore-gcp.nimbus.bitdefender.net:8080
http://eugravityzone.bitdefender.net
http://f-secure-ad67cfff-824f-4345-b87b-93695805f675.2d7dd.cdn.bitdefender.net
http://feeds.ti.bitdefender.net
http://feeds.tip.bitdefender.net
http://flow.bitdefender.net
http://gravityzone.bitdefender.net
http://ipswitch-759594bd-57cf-4d10-811d-cf607fe24078.2d7dd.cdn.bitdefender.net
http://ivanti-60013e4c-1d97-4269-b5b7-625530f25c30.2d7dd.cdn.bitdefender.net
http://karma.bitdefender.net
http://login.bitdefender.net
http://logmein-49b66164-6e2e-475b-a860-2d728211586c.2d7dd.cdn.bitdefender.net
http://mdm-ios.bitdefender.net
http://microworld-24c34601-b5df-4e60-9465-592191c17dae.2d7dd.cdn.bitdefender.net
http://myacc.bbu.gts.bitdefender.net
http://myvpn.wdc1.vdc.bitdefender.net
http://ncon-down.bitdefender.net
http://netgear-07a2d5b3-0d1e-49d4-9038-f3e9ce19f9ce.2d7dd.cdn.bitdefender.net
http://nimbus-cf.bitdefender.net
http://nimbus.bitdefender.net
http://nimbus.bitdefender.net:8080
http://ninjarmm-3480aad7-7d04-4871-ab29-f5f44b394f1d.2d7dd.cdn.bitdefender.net
http://oemcloud.bitdefender.net
http://oemeval001-94027265-32ef-489b-ae6c-27b60ba758fd.2d7dd.cdn.bitdefender.net
http://orangenimbus.bbu.dsd.bitdefender.net
http://orangesecurity.bbu.dsd.bitdefender.net
http://orangesecurity.bbu.gts.bitdefender.net
http://part1.hq.vdc.bitdefender.net
http://patches-please-change-me.cdn.bitdefender.net
http://push.bitdefender.net
http://push.nimbus.bitdefender.net
http://rpvideotron-e93bc98b-1acb-4ac8-9f97-bb3b575b212c.2d7dd.cdn.bitdefender.net
http://sandbox-us.bitdefender.net
http://sbcentral.bitdefender.net
http://secupgr.cdn.bitdefender.net
http://soliton-bb424119-3e74-4347-865a-5c3c15057a6a.2d7dd.cdn.bitdefender.net
http://sourcenext-102b7e23-ec49-4e55-ac84-edc9fa134b22.2d7dd.cdn.bitdefender.net
http://spamtitan-3465a52b-11ab-4ed1-8bfc-89d93fe38877.2d7dd.cdn.bitdefender.net
http://strongdns-api.bitdefender.net
http://strongdns.bitdefender.net
http://stsc-b61f1b87-5b60-405f-a189-fb648e0919aa.2d7dd.cdn.bitdefender.net
http://ta.bitdefender.net
http://tencent-7edab91a-21d3-45ab-b0a1-c98dea9fd292.2d7dd.cdn.bitdefender.net
http://thirdwave-88a400dd-a66a-4a15-832a-911b9df533a3.2d7dd.cdn.bitdefender.net
http://trustwave-e6a168ba-133a-41dd-a1ab-0a59a31c2459.2d7dd.cdn.bitdefender.net
http://update-onprem.2d585.cdn.bitdefender.net
http://update-solarwinds-mav.2d585.cdn.bitdefender.net
http://update-solarwinds.2d585.cdn.bitdefender.net
http://update.cloud.2d585.cdn.bitdefender.net
http://upgr-avfree-2017-p.2d8cd.cdn.bitdefender.net
http://upgr-avfree-2017.2d8cd.cdn.bitdefender.net
http://upgr-midgress-02.fra.htz.bitdefender.net
http://upgr-midgress-02.htz.bitdefender.net
http://upgr-midgress-03.fra.htz.bitdefender.net
http://upgr-midgress-03.htz.bitdefender.net
http://upgr-midgress-04.fra.htz.bitdefender.net
http://upgr-midgress-04.htz.bitdefender.net
http://upgr-midgress-05.fra.htz.bitdefender.net
http://upgr-midgress-06.fra.htz.bitdefender.net
http://upgr-midgress-06.htz.bitdefender.net
http://upgr-midgress-07.fra.htz.bitdefender.net
http://upgr-midgress-07.htz.bitdefender.net
http://upgr-midgress-08.fra.htz.bitdefender.net
http://upgr-midgress-08.htz.bitdefender.net
http://upgr-midgress-09.fra.htz.bitdefender.net
http://upgr-midgress-10.fra.htz.bitdefender.net
http://upgr-midgress-11.fra.htz.bitdefender.net
http://upgr-midgress-12.fra.htz.bitdefender.net
http://upgr-midgress-13.fra.htz.bitdefender.net
http://upgr-midgress-14.fra.htz.bitdefender.net
http://upgr-midgress-15.fra.htz.bitdefender.net
http://upgr-midgress-16.fra.htz.bitdefender.net
http://upgr-midgress-21.fra.htz.bitdefender.net
http://upgr-midgress-21.fra.htz.bitdefender.net:8080
http://upgr-midgress-22.fra.htz.bitdefender.net
http://upgr-midgress-22.fra.htz.bitdefender.net:8080
http://upgr-mmxiii-p.cdn.bitdefender.net
http://upgr-mmxiii-rgr.bitdefender.net
http://upgr-mmxiii-rp.bitdefender.net
http://upgr-mmxiii.cdn.bitdefender.net
http://upgr-mmxiv-p.cdn.bitdefender.net
http://upgr-mmxiv.cdn.bitdefender.net
http://upgr-mmxix-cl-ts-p.2d8cd.cdn.bitdefender.net
http://upgr-mmxix-cl-ts.2d8cd.cdn.bitdefender.net
http://upgr-mmxv-p.cdn.bitdefender.net
http://upgr-mmxv.cdn.bitdefender.net
http://upgr-mmxvi-p.cdn.bitdefender.net
http://upgr-mmxvi.cdn.bitdefender.net
http://upgr-mmxvii-cl-ts-p.2d8cd.cdn.bitdefender.net
http://upgr-mmxvii-cl-ts.2d8cd.cdn.bitdefender.net
http://upgr-mmxviii-avfm.2d8cd.cdn.bitdefender.net
http://upgr-mmxviii-cl-ts-p.2d8cd.cdn.bitdefender.net
http://upgr-mmxviii-cl-ts.2d8cd.cdn.bitdefender.net
http://upgr-mmxx-cl-ts-p.2d8cd.cdn.bitdefender.net
http://upgr-mmxx-cl-ts.2d8cd.cdn.bitdefender.net
http://upgr-mmxxi-cl-ts-p.2d8cd.cdn.bitdefender.net
http://upgr-mmxxi-cl-ts.2d8cd.cdn.bitdefender.net
http://upgr-mmxxi-padv.2d8cd.cdn.bitdefender.net
http://upgr-rp-vtr-p.cdn.bitdefender.net
http://upgr-rp-vtr.cdn.bitdefender.net
http://upgrade-origin-bkp.fra.htz.bitdefender.net
http://upgrade-please-change-me.cdn.bitdefender.net
http://usgravityzone.bitdefender.net
http://www.bitdefender.net
http://zemana-2a56bdb2-17ce-4b85-b8f5-f756f21d8121.2d7dd.cdn.bitdefender.net
https://0upmidg.cdn.bitdefender.net
https://a001.buc.gts.kdn.bitdefender.net
https://a001bucgts.kdn.bitdefender.net
https://a001fraamz.kdn.bitdefender.net
https://a002bucgts.kdn.bitdefender.net
https://a002nviamz.kdn.bitdefender.net
https://a003bucgts.kdn.bitdefender.net
https://a004bucgts.kdn.bitdefender.net
https://a005bucgts.kdn.bitdefender.net
https://a020bucgts.kdn.bitdefender.net
https://a021bucgts.kdn.bitdefender.net
https://api.ti.bitdefender.net
https://api.tip.bitdefender.net
https://att-nca-push.bitdefender.net
https://att-nvi.nimbus.bitdefender.net
https://atts-nvi-push.bitdefender.net
https://bcl.bitdefender.net
https://bdquiz.bitdefender.net
https://beta-connect-lb.bitdefender.net
https://beta-connect.bitdefender.net
https://beta.connect.bitdefender.net
https://beta.mdm-ios.bitdefender.net
https://beta.nimbus.bitdefender.net
https://beta.push.bitdefender.net
https://bitdefender.net
https://blacklist-services.bitdefender.net
https://bluecoat-fe328ba7-3324-4ff1-ae6e-5f597c9d053e.2d7dd.cdn.bitdefender.net
https://catch-nimbus.bitdefender.net
https://cdn-m3.buh.adn.vdc.bitdefender.net
https://cisco-081992ac-962e-4ef7-b909-7140f440b6ab.2d7dd.cdn.bitdefender.net
https://connect-lb.bitdefender.net
https://connect-nimbus.bitdefender.net
https://connect.nimbus.bitdefender.net
https://dns.bitdefender.net
https://download.bitdefender.net
https://download.cdn.bitdefender.net
https://egosecure-4a20befb-46ed-4858-a44e-fb71dd753256.2d7dd.cdn.bitdefender.net
https://elb-fra-amz.nimbus.bitdefender.net
https://elb-irl-amz.nimbus.bitdefender.net
https://elb-nvi-gcp.nimbus.bitdefender.net
https://elb-ore-gcp.nimbus.bitdefender.net
https://elb-tky-amz.nimbus.bitdefender.net
https://eugravityzone.bitdefender.net
https://f-secure-ad67cfff-824f-4345-b87b-93695805f675.2d7dd.cdn.bitdefender.net
https://feeds.ti.bitdefender.net
https://feeds.tip.bitdefender.net
https://flow-lb.bitdefender.net
https://flow.bitdefender.net
https://fra-dns.bitdefender.net
https://gravityzone.bitdefender.net
https://hq.nimbus.bitdefender.net
https://ipswitch-759594bd-57cf-4d10-811d-cf607fe24078.2d7dd.cdn.bitdefender.net
https://irl-dns.bitdefender.net
https://ivanti-60013e4c-1d97-4269-b5b7-625530f25c30.2d7dd.cdn.bitdefender.net
https://karma.bitdefender.net
https://login.bitdefender.net
https://logmein-49b66164-6e2e-475b-a860-2d728211586c.2d7dd.cdn.bitdefender.net
https://lon-dns.bitdefender.net
https://mdm-ios.bitdefender.net
https://microworld-24c34601-b5df-4e60-9465-592191c17dae.2d7dd.cdn.bitdefender.net
https://myacc.bbu.gts.bitdefender.net
https://ncon-down.bitdefender.net
https://netgear-07a2d5b3-0d1e-49d4-9038-f3e9ce19f9ce.2d7dd.cdn.bitdefender.net
https://nimbus-cf.bitdefender.net
https://nimbus.bitdefender.net
https://ninjarmm-3480aad7-7d04-4871-ab29-f5f44b394f1d.2d7dd.cdn.bitdefender.net
https://nvi-dns.bitdefender.net
https://oemcloud.bitdefender.net
https://oemeval001-94027265-32ef-489b-ae6c-27b60ba758fd.2d7dd.cdn.bitdefender.net
https://orangenimbus.bbu.dsd.bitdefender.net
https://orangesecurity.bbu.dsd.bitdefender.net
https://orangesecurity.bbu.gts.bitdefender.net
https://ore-dns.bitdefender.net
https://part1.hq.vdc.bitdefender.net
https://patches-please-change-me.cdn.bitdefender.net
https://pool-fra-dns.bitdefender.net
https://pool-irl-dns.bitdefender.net
https://pool-tky-dns.bitdefender.net
https://push.bitdefender.net
https://push.nimbus.bitdefender.net
https://rpvideotron-e93bc98b-1acb-4ac8-9f97-bb3b575b212c.2d7dd.cdn.bitdefender.net
https://sandbox-us.bitdefender.net
https://sandbox.bitdefender.net
https://sba-update.bitdefender.net
https://sbcentral.bitdefender.net
https://secupgr.cdn.bitdefender.net
https://soliton-bb424119-3e74-4347-865a-5c3c15057a6a.2d7dd.cdn.bitdefender.net
https://sourcenext-102b7e23-ec49-4e55-ac84-edc9fa134b22.2d7dd.cdn.bitdefender.net
https://spamtitan-3465a52b-11ab-4ed1-8bfc-89d93fe38877.2d7dd.cdn.bitdefender.net
https://staging-tmo-ore-push.bitdefender.net
https://strongdns-api.bitdefender.net
https://strongdns.bitdefender.net
https://stsc-b61f1b87-5b60-405f-a189-fb648e0919aa.2d7dd.cdn.bitdefender.net
https://tencent-7edab91a-21d3-45ab-b0a1-c98dea9fd292.2d7dd.cdn.bitdefender.net
https://thirdwave-88a400dd-a66a-4a15-832a-911b9df533a3.2d7dd.cdn.bitdefender.net
https://tky-dns.bitdefender.net
https://tmo-ore-push.bitdefender.net
https://trustwave-e6a168ba-133a-41dd-a1ab-0a59a31c2459.2d7dd.cdn.bitdefender.net
https://update-onprem.2d585.cdn.bitdefender.net
https://update-solarwinds-mav.2d585.cdn.bitdefender.net
https://update-solarwinds.2d585.cdn.bitdefender.net
https://update.cloud.2d585.cdn.bitdefender.net
https://upgr-avfree-2017-p.2d8cd.cdn.bitdefender.net
https://upgr-avfree-2017.2d8cd.cdn.bitdefender.net
https://upgr-midgress-02.fra.htz.bitdefender.net
https://upgr-midgress-02.htz.bitdefender.net
https://upgr-midgress-03.fra.htz.bitdefender.net
https://upgr-midgress-03.htz.bitdefender.net
https://upgr-midgress-04.fra.htz.bitdefender.net
https://upgr-midgress-04.htz.bitdefender.net
https://upgr-midgress-05.fra.htz.bitdefender.net
https://upgr-midgress-06.fra.htz.bitdefender.net
https://upgr-midgress-06.htz.bitdefender.net
https://upgr-midgress-07.fra.htz.bitdefender.net
https://upgr-midgress-07.htz.bitdefender.net
https://upgr-midgress-08.fra.htz.bitdefender.net
https://upgr-midgress-08.htz.bitdefender.net
https://upgr-midgress-09.fra.htz.bitdefender.net
https://upgr-midgress-10.fra.htz.bitdefender.net
https://upgr-midgress-11.fra.htz.bitdefender.net
https://upgr-midgress-12.fra.htz.bitdefender.net
https://upgr-midgress-13.fra.htz.bitdefender.net
https://upgr-midgress-14.fra.htz.bitdefender.net
https://upgr-midgress-15.fra.htz.bitdefender.net
https://upgr-midgress-16.fra.htz.bitdefender.net
https://upgr-midgress-21.fra.htz.bitdefender.net
https://upgr-midgress-22.fra.htz.bitdefender.net
https://upgr-mmxiii-p.cdn.bitdefender.net
https://upgr-mmxiii-rgr.bitdefender.net
https://upgr-mmxiii-rp.bitdefender.net
https://upgr-mmxiii.cdn.bitdefender.net
https://upgr-mmxiv-p.cdn.bitdefender.net
https://upgr-mmxiv.cdn.bitdefender.net
https://upgr-mmxix-cl-ts-p.2d8cd.cdn.bitdefender.net
https://upgr-mmxix-cl-ts.2d8cd.cdn.bitdefender.net
https://upgr-mmxv-p.cdn.bitdefender.net
https://upgr-mmxv.cdn.bitdefender.net
https://upgr-mmxvi-p.cdn.bitdefender.net
https://upgr-mmxvi.cdn.bitdefender.net
https://upgr-mmxvii-cl-ts-p.2d8cd.cdn.bitdefender.net
https://upgr-mmxvii-cl-ts.2d8cd.cdn.bitdefender.net
https://upgr-mmxviii-avfm.2d8cd.cdn.bitdefender.net
https://upgr-mmxviii-cl-ts-p.2d8cd.cdn.bitdefender.net
https://upgr-mmxviii-cl-ts.2d8cd.cdn.bitdefender.net
https://upgr-mmxx-cl-ts-p.2d8cd.cdn.bitdefender.net
https://upgr-mmxx-cl-ts.2d8cd.cdn.bitdefender.net
https://upgr-mmxxi-cl-ts-p.2d8cd.cdn.bitdefender.net
https://upgr-mmxxi-cl-ts.2d8cd.cdn.bitdefender.net
https://upgr-mmxxi-padv.2d8cd.cdn.bitdefender.net
https://upgr-rp-vtr-p.cdn.bitdefender.net
https://upgr-rp-vtr.cdn.bitdefender.net
https://upgrade-please-change-me.cdn.bitdefender.net
https://usgravityzone.bitdefender.net
https://www.bitdefender.net
https://www.push.bitdefender.net
https://zemana-2a56bdb2-17ce-4b85-b8f5-f756f21d8121.2d7dd.cdn.bitdefender.net
