http://aai.bol.com
http://acc-cms.ontdekken.bol.com
http://acc-id2022.bol.com
http://acc-www.ontdekken.bol.com
http://acc.laptop-keuzehulp.bol.com
http://acc.speelgoedboek.bol.com
http://account.bol.com
http://addressvalidation.bol.com
http://admin.bol.com
http://adv.www.bol.com
http://adverteren.bol.com
http://affiliates.bol.com
http://affordablevaccines.www.bol.com
http://afrekenen.bol.com
http://api.bol.com
http://api.speelgoedboek.bol.com
http://app-api.stg.bol.com
http://app-api.stg.bol.com:8080
http://app.bol.com
http://app.stg.bol.com
http://app.stg.bol.com:8080
http://appdyn.bol.com
http://autodiscover.bol.com
http://banen.bol.com
http://beoordeling.bol.com
http://beta.bol.com
http://blog.bol.com
http://bltg.bol.com
http://boekenbingo.bol.com
http://busted.bol.com
http://ca.bol.com
http://cadeaukaart.bol.com
http://cadeaumachine.bol.com
http://careers.bol.com
http://chat2.bol.com
http://chatr.bol.com
http://cms.ontdekken.bol.com
http://cspreport.bol.com
http://cx.bol.com
http://deeljemeningmet.bol.com
http://dev-mst.stg.bol.com
http://dev-mst.stg.bol.com:8080
http://developers.bol.com
http://duurzaamheid.bol.com
http://ecosystem.bol.com
http://edge.bol.com
http://ee.bol.com
http://eee.bol.com
http://email.bol.com
http://events.bol.com
http://feedback.bol.com
http://firefly.bol.com
http://firefly.bol.com:8080
http://firefly.stg.bol.com
http://firefly.stg.bol.com:8080
http://goedmaker.bol.com
http://id2022.bol.com
http://id2022.bol.com:2083
http://id2022.bol.com:2087
http://id2022.bol.com:8443
http://image.nl.bol.com
http://img.bol.com
http://info.bol.com
http://internalcommunications.bol.com
http://intranet.amsterdam.www.bol.com
http://iphone.bol.com
http://jobs.bol.com
http://kersthuis.bol.com
http://kids.bol.com
http://klantreactie.bol.com
http://laptop-keuzehulp.bol.com
http://lees.bol.com
http://leveranciers.bol.com
http://leveranciersmail.bol.com
http://login.bol.com
http://m.bol.com
http://mailing.bol.com
http://medicinable.admin.bol.com
http://mmm.bol.com
http://mobiel.bol.com
http://mobile.bol.com
http://msp.bol.com
http://onsmerk.bol.com
http://ontdekken.bol.com
http://openapi.bol.com
http://partner.bol.com
http://partner.stg.bol.com
http://partner.stg.bol.com:8080
http://partneracademy-test.bol.com
http://partneracademy.1.bol.com
http://partneracademy.bol.com
http://partnerblog.bol.com
http://partnerevent.bol.com
http://partnerplatform.bol.com
http://partnerreactie.bol.com
http://pers.be.bol.com
http://pers.bol.com
http://plazaapi.bol.com
http://portal.bol.com
http://pro-api-proxy-vip.bol.com
http://pro-login-proxy-vip.bol.com
http://pro-web-proxy-vip.bol.com
http://prod-cms.ontdekken.bol.com
http://prod-www.ontdekken.bol.com
http://reader.bol.com
http://shop-api.stg.bol.com
http://shop-api.stg.bol.com:8080
http://shop-gateway.stg.bol.com
http://shop-gateway.stg.bol.com:8080
http://sitemap.bol.com
http://sitemap.bol.com:8080
http://sitemap.stg.bol.com
http://sitemap.stg.bol.com:8080
http://sneeuw.bol.com
http://sorry.bol.com
http://spacessummit.bol.com
http://spacessummit.bol.com:8080
http://speel.bol.com
http://speelgoedboek.bol.com
http://sponsoredproducts.bol.com
http://stag.speelgoedboek.bol.com
http://staging-cms.ontdekken.bol.com
http://staging-www.ontdekken.bol.com
http://staging.laptop-keuzehulp.bol.com
http://static.bol.com
http://static2.bol.com
http://staticbeta.bol.com
http://stijl.bol.com
http://suggestions.bol.com
http://suggestions.bol.com:8080
http://suggestions.stg.bol.com
http://suggestions.stg.bol.com:8080
http://supplierportal.bol.com
http://swa.bol.com
http://tech.bol.com
http://techlab.bol.com
http://test-cms.ontdekken.bol.com
http://test-id2022.bol.com
http://test-plazaapi.bol.com
http://test-www.ontdekken.bol.com
http://test.laptop-keuzehulp.bol.com
http://test.speelgoedboek.bol.com
http://thuis.bol.com
http://tracking.bol.com
http://verjaardag.acc01.proserve.bol.com
http://verjaardag.bol.com
http://verkoper.bol.com
http://virusxescape.www.bol.com
http://vm-wordpress-pro.gcp.bol.com
http://wa.bol.com
http://web-proxy.stg.bol.com
http://web-proxy.stg.bol.com:8080
http://web.stg.bol.com
http://web.stg.bol.com:8080
http://webadmin.bol.com
http://weblog.bol.com
http://webmail.bol.com
http://wereld.bol.com
http://winkelindebuurt.bol.com
http://wsp-assets.stg.bol.com
http://wsp-assets.stg.bol.com:8080
http://www.admin.bol.com
http://www.banen.bol.com
http://www.m.bol.com
http://www.mmm.bol.com
http://www.nl.bol.com
http://www.partnerprogramma.bol.com
http://www2.bol.com
http://wwww.bol.com
http://zakelijkverkopen.bol.com
https://aai.bol.com
https://acc-cms.ontdekken.bol.com
https://acc-id2022.bol.com
https://acc-www.ontdekken.bol.com
https://acc.laptop-keuzehulp.bol.com
https://acc.speelgoedboek.bol.com
https://access02.bol.com
https://account.bol.com
https://addressvalidation.bol.com
https://admin.bol.com
https://adv.www.bol.com
https://adverteren.bol.com
https://affiliates.bol.com
https://affordablevaccines.www.bol.com
https://afrekenen.bol.com
https://api.bol.com
https://api.speelgoedboek.bol.com
https://app-api.stg.bol.com
https://app.bol.com
https://app.stg.bol.com
https://appdyn.bol.com
https://banen.bol.com
https://beoordeling.bol.com
https://beta.bol.com
https://blog.bol.com
https://bltg.bol.com
https://boekenbingo.bol.com
https://bolcomsccmcloudmgw.bol.com
https://busted.bol.com
https://ca.bol.com
https://cadeaukaart.bol.com
https://cadeaumachine.bol.com
https://careers.bol.com
https://chat0.bol.com
https://chat1.bol.com
https://chat2.bol.com
https://chatr.bol.com
https://cms.ontdekken.bol.com
https://cspreport.bol.com
https://cx.bol.com
https://deeljemeningmet.bol.com
https://dev-mst.stg.bol.com
https://developers.bol.com
https://dialin.bol.com
https://duurzaamheid.bol.com
https://ecosystem.bol.com
https://edge.bol.com
https://ee.bol.com
https://eee.bol.com
https://email.bol.com
https://events.bol.com
https://feedback.bol.com
https://firefly.bol.com
https://firefly.stg.bol.com
https://goedmaker.bol.com
https://image.nl.bol.com
https://img.bol.com
https://info.bol.com
https://internalcommunications.bol.com
https://intranet.amsterdam.www.bol.com
https://iphone.bol.com
https://jobs.bol.com
https://jss.local.nl.bol.com
https://jss.local.nl.bol.com:8443
https://kersthuis.bol.com
https://kids.bol.com
https://klantreactie.bol.com
https://laptop-keuzehulp.bol.com
https://lees.bol.com
https://leveranciers.bol.com
https://leveranciersmail.bol.com
https://lyncdiscover.bol.com
https://m.bol.com
https://mailing.bol.com
https://medicinable.admin.bol.com
https://meet.bol.com
https://mmm.bol.com
https://mobiel.bol.com
https://mobile.bol.com
https://msp.bol.com
https://onsmerk.bol.com
https://ontdekken.bol.com
https://openapi.bol.com
https://partner.bol.com
https://partner.stg.bol.com
https://partneracademy-test.bol.com
https://partneracademy.1.bol.com
https://partneracademy.bol.com
https://partnerblog.bol.com
https://partnerevent.bol.com
https://partnerplatform.bol.com
https://partnerreactie.bol.com
https://pers.be.bol.com
https://pers.bol.com
https://plazaapi.bol.com
https://portal.bol.com
https://pro-api-proxy-vip.bol.com
https://pro-web-proxy-vip.bol.com
https://prod-cms.ontdekken.bol.com
https://prod-www.ontdekken.bol.com
https://rae-beta.bol.com
https://rae-beta.bol.com:8443
https://rae.bol.com
https://rae.bol.com:8443
https://reader.bol.com
https://remote-am5.bol.com
https://remote-ams4.bol.com
https://remote-beta.bol.com
https://remote-bfc.bol.com
https://remote.bol.com
https://shop-api.stg.bol.com
https://shop-gateway.stg.bol.com
https://sip.bol.com
https://sitemap.bol.com
https://sitemap.stg.bol.com
https://sneeuw.bol.com
https://sorry.bol.com
https://spacessummit.bol.com
https://speel.bol.com
https://speelgoedboek.bol.com
https://sponsoredproducts.bol.com
https://stag.speelgoedboek.bol.com
https://staging-cms.ontdekken.bol.com
https://staging-www.ontdekken.bol.com
https://staging.laptop-keuzehulp.bol.com
https://static.bol.com
https://static2.bol.com
https://staticbeta.bol.com
https://stijl.bol.com
https://suggestions.bol.com
https://suggestions.stg.bol.com
https://supplierportal.bol.com
https://swa.bol.com
https://tech.bol.com
https://techlab.bol.com
https://test-cms.ontdekken.bol.com
https://test-id2022.bol.com
https://test-plazaapi.bol.com
https://test-www.ontdekken.bol.com
https://test.laptop-keuzehulp.bol.com
https://test.speelgoedboek.bol.com
https://thuis.bol.com
https://tracking.bol.com
https://vdi.bol.com
https://vdi.bol.com:8443
https://verjaardag.acc01.proserve.bol.com
https://verjaardag.bol.com
https://verkoper.bol.com
https://virusxescape.www.bol.com
https://vm-wordpress-pro.gcp.bol.com
https://vpn-009-1.bol.com
https://vpn-009.bol.com
https://vpn-017.bol.com
https://vpn-019.bol.com
https://wa.bol.com
https://web-ext.bol.com
https://web-proxy.stg.bol.com
https://web.stg.bol.com
https://webadmin.bol.com
https://webext.bol.com
https://weblog.bol.com
https://wereld.bol.com
https://winkelindebuurt.bol.com
https://wsp-assets.stg.bol.com
https://www.admin.bol.com
https://www.banen.bol.com
https://www.m.bol.com
https://www.mmm.bol.com
https://www.nl.bol.com
https://www.partnerprogramma.bol.com
https://www2.bol.com
https://wwww.bol.com
https://zakelijkverkopen.bol.com
