http://ci.braintree.tools
http://ci.braintree.tools:50000
http://cidevtools.braintree.tools
http://cidevtools.braintree.tools:50000
http://jenkinsqa.braintree.tools
http://jenkinsqa.braintree.tools:50000
http://jira.braintree.tools
http://knowledge-test.braintree.tools
http://knowledge.braintree.tools
https://application-inventory.braintree.tools
https://brisk.braintree.tools
https://briskqa.braintree.tools
https://btufte.braintree.tools
https://ci.braintree.tools
https://cidevtools.braintree.tools
https://data-airflow.braintree.tools
https://disputes-panel.braintree.tools
https://disputes-panel.sandbox.braintree.tools
https://environmentalist.braintree.tools
https://ghost.braintree.tools
https://grafana-auth.braintree.tools
https://grafana.braintree.tools
https://graphite.chi.braintree.tools
https://graphite.produswest2.braintree.tools
https://graphite.qwt.braintree.tools
https://graphite.sand.braintree.tools
https://graphite.sav.braintree.tools
https://graphite.stc.braintree.tools
https://graphite.stq.braintree.tools
https://jenkinsqa.braintree.tools
https://jira.braintree.tools
https://knowledge-test.braintree.tools
https://knowledge.braintree.tools
https://luigi.braintree.tools
https://osquery-manager.braintree.tools
https://prodconf.braintree.tools
https://puppetdb.braintree.tools
https://puppetdb.braintree.tools:444
https://tugboat.braintree.tools
