http://assets.braintreegateway.com
http://gstatic.braintreegateway.com
http://gstatic.sandbox.braintreegateway.com
http://js.braintreegateway.com
http://venmosdk.braintreegateway.com
http://venmosdk.sandbox.braintreegateway.com
https://api.braintreegateway.com
https://api.braintreegateway.com:8443
https://api.sandbox.braintreegateway.com
https://api.sandbox.braintreegateway.com:8443
https://apply.braintreegateway.com
https://apply.braintreegateway.com:8443
https://assets.braintreegateway.com
https://braintreegateway.com
https://braintreegateway.com:8443
https://client-analytics.braintreegateway.com
https://forwarding.braintreegateway.com
https://forwarding.sandbox.braintreegateway.com
https://gstatic.braintreegateway.com
https://gstatic.sandbox.braintreegateway.com
https://id.braintreegateway.com
https://id.sandbox.braintreegateway.com
https://integrations.sandbox.braintreegateway.com
https://js.braintreegateway.com
https://login.braintreegateway.com
https://origin-assets.braintreegateway.com
https://origin-checkout.braintreegateway.com
https://origin-js.braintreegateway.com
https://origin-onboarding.braintreegateway.com
https://panel.braintreegateway.com
https://panel.qa.braintreegateway.com
https://panel.sandbox.braintreegateway.com
https://sandbox.braintreegateway.com
https://sandbox.braintreegateway.com:8443
https://venmosdk.braintreegateway.com
https://venmosdk.sandbox.braintreegateway.com
https://www.braintreegateway.com
https://www.braintreegateway.com:8443
