http://api.caffeine.tv
http://fremont-0-a1.staging.rtcdn.caffeine.tv
http://fremont-14-0.rtcdn.caffeine.tv
http://fremont-14-1.rtcdn.caffeine.tv
http://fremont-14-2.rtcdn.caffeine.tv
http://fremont-14-3.rtcdn.caffeine.tv
http://fremont-16-0.rtcdn.caffeine.tv
http://fremont-16-1.rtcdn.caffeine.tv
http://fremont-16-10.rtcdn.caffeine.tv
http://fremont-16-11.rtcdn.caffeine.tv
http://fremont-16-12.rtcdn.caffeine.tv
http://fremont-16-13.rtcdn.caffeine.tv
http://fremont-16-14.rtcdn.caffeine.tv
http://fremont-16-15.rtcdn.caffeine.tv
http://fremont-16-2.rtcdn.caffeine.tv
http://fremont-16-3.rtcdn.caffeine.tv
http://fremont-16-4.rtcdn.caffeine.tv
http://fremont-16-5.rtcdn.caffeine.tv
http://fremont-16-6.rtcdn.caffeine.tv
http://fremont-16-7.rtcdn.caffeine.tv
http://fremont-16-8.rtcdn.caffeine.tv
http://fremont-16-9.rtcdn.caffeine.tv
http://fremont-17-0.rtcdn.caffeine.tv
http://fremont-17-1.rtcdn.caffeine.tv
http://fremont-17-10.rtcdn.caffeine.tv
http://fremont-17-11.rtcdn.caffeine.tv
http://fremont-17-12.rtcdn.caffeine.tv
http://fremont-17-13.rtcdn.caffeine.tv
http://fremont-17-14.rtcdn.caffeine.tv
http://fremont-17-15.rtcdn.caffeine.tv
http://fremont-17-2.rtcdn.caffeine.tv
http://fremont-17-3.rtcdn.caffeine.tv
http://fremont-17-4.rtcdn.caffeine.tv
http://fremont-17-5.rtcdn.caffeine.tv
http://fremont-17-6.rtcdn.caffeine.tv
http://fremont-17-7.rtcdn.caffeine.tv
http://fremont-17-8.rtcdn.caffeine.tv
http://fremont-17-9.rtcdn.caffeine.tv
http://fremont-20-0.rtcdn.caffeine.tv
http://fremont-20-1.rtcdn.caffeine.tv
http://fremont-20-10.rtcdn.caffeine.tv
http://fremont-20-11.rtcdn.caffeine.tv
http://fremont-20-12.rtcdn.caffeine.tv
http://fremont-20-13.rtcdn.caffeine.tv
http://fremont-20-14.rtcdn.caffeine.tv
http://fremont-20-15.rtcdn.caffeine.tv
http://fremont-20-2.rtcdn.caffeine.tv
http://fremont-20-3.rtcdn.caffeine.tv
http://fremont-20-4.rtcdn.caffeine.tv
http://fremont-20-5.rtcdn.caffeine.tv
http://fremont-20-6.rtcdn.caffeine.tv
http://fremont-20-7.rtcdn.caffeine.tv
http://fremont-20-8.rtcdn.caffeine.tv
http://fremont-20-9.rtcdn.caffeine.tv
http://fremont-20.rtcdn.caffeine.tv
http://fremont-22-0.rtcdn.caffeine.tv
http://fremont-22-1.rtcdn.caffeine.tv
http://fremont-22-10.rtcdn.caffeine.tv
http://fremont-22-11.rtcdn.caffeine.tv
http://fremont-22-12.rtcdn.caffeine.tv
http://fremont-22-13.rtcdn.caffeine.tv
http://fremont-22-14.rtcdn.caffeine.tv
http://fremont-22-15.rtcdn.caffeine.tv
http://fremont-22-2.rtcdn.caffeine.tv
http://fremont-22-3.rtcdn.caffeine.tv
http://fremont-22-4.rtcdn.caffeine.tv
http://fremont-22-5.rtcdn.caffeine.tv
http://fremont-22-6.rtcdn.caffeine.tv
http://fremont-22-7.rtcdn.caffeine.tv
http://fremont-22-8.rtcdn.caffeine.tv
http://fremont-22-9.rtcdn.caffeine.tv
http://fremont-25-0.rtcdn.caffeine.tv
http://fremont-25-1.rtcdn.caffeine.tv
http://fremont-25-2.rtcdn.caffeine.tv
http://fremont-25-3.rtcdn.caffeine.tv
http://fremont-26-0.rtcdn.caffeine.tv
http://fremont-26-1.rtcdn.caffeine.tv
http://fremont-26-10.rtcdn.caffeine.tv
http://fremont-26-11.rtcdn.caffeine.tv
http://fremont-26-12.rtcdn.caffeine.tv
http://fremont-26-13.rtcdn.caffeine.tv
http://fremont-26-14.rtcdn.caffeine.tv
http://fremont-26-15.rtcdn.caffeine.tv
http://fremont-26-2.rtcdn.caffeine.tv
http://fremont-26-3.rtcdn.caffeine.tv
http://fremont-26-4.rtcdn.caffeine.tv
http://fremont-26-5.rtcdn.caffeine.tv
http://fremont-26-6.rtcdn.caffeine.tv
http://fremont-26-7.rtcdn.caffeine.tv
http://fremont-26-8.rtcdn.caffeine.tv
http://fremont-26-9.rtcdn.caffeine.tv
http://fremont-27-0.rtcdn.caffeine.tv
http://fremont-27-1.rtcdn.caffeine.tv
http://fremont-27-10.rtcdn.caffeine.tv
http://fremont-27-11.rtcdn.caffeine.tv
http://fremont-27-12.rtcdn.caffeine.tv
http://fremont-27-13.rtcdn.caffeine.tv
http://fremont-27-14.rtcdn.caffeine.tv
http://fremont-27-15.rtcdn.caffeine.tv
http://fremont-27-2.rtcdn.caffeine.tv
http://fremont-27-3.rtcdn.caffeine.tv
http://fremont-27-4.rtcdn.caffeine.tv
http://fremont-27-5.rtcdn.caffeine.tv
http://fremont-27-6.rtcdn.caffeine.tv
http://fremont-27-7.rtcdn.caffeine.tv
http://fremont-27-8.rtcdn.caffeine.tv
http://fremont-27-9.rtcdn.caffeine.tv
http://fremont-27.rtcdn.caffeine.tv
http://fremont-32-0.rtcdn.caffeine.tv
http://fremont-32-1.rtcdn.caffeine.tv
http://fremont-34-0.rtcdn.caffeine.tv
http://fremont-34-1.rtcdn.caffeine.tv
http://fremont-34-10.rtcdn.caffeine.tv
http://fremont-34-11.rtcdn.caffeine.tv
http://fremont-34-12.rtcdn.caffeine.tv
http://fremont-34-13.rtcdn.caffeine.tv
http://fremont-34-14.rtcdn.caffeine.tv
http://fremont-34-15.rtcdn.caffeine.tv
http://fremont-34-2.rtcdn.caffeine.tv
http://fremont-34-3.rtcdn.caffeine.tv
http://fremont-34-4.rtcdn.caffeine.tv
http://fremont-34-5.rtcdn.caffeine.tv
http://fremont-34-6.rtcdn.caffeine.tv
http://fremont-34-7.rtcdn.caffeine.tv
http://fremont-34-8.rtcdn.caffeine.tv
http://fremont-34-9.rtcdn.caffeine.tv
http://fremont-34.rtcdn.caffeine.tv
http://fremont-staging-14.rtcdn.caffeine.tv
http://fremont-staging-25.rtcdn.caffeine.tv
http://fremont-staging-32.rtcdn.caffeine.tv
http://fremont-staging.rtcdn.caffeine.tv
http://fremontv2.rtcdn.caffeine.tv
http://fremontv3.rtcdn.caffeine.tv
http://images.caffeine.tv
http://lakitu.rtcdn.caffeine.tv
http://new-www.caffeine.tv
http://preview.caffeine.tv
http://snappy-images.caffeine.tv
http://static.caffeine.tv
https://api.caffeine.tv
https://images.caffeine.tv
https://lakitu.rtcdn.caffeine.tv
https://new-www.caffeine.tv
https://payments.caffeine.tv
https://preview.caffeine.tv
https://realtime.caffeine.tv
https://snappy-images.caffeine.tv
https://static.caffeine.tv
