http://about.canva.cn
http://about.canva.cn:8080
http://about.canva.cn:8443
http://api.canva.cn
http://api.canva.cn:8080
http://api.canva.cn:8443
http://apps.canva.cn
http://apps.canva.cn:8080
http://audio-private.canva.cn
http://banner-static.canva.cn
http://banner-static.canva.cn:8080
http://canva.cn
http://canva.cn:8080
http://category-public.canva.cn
http://category-public.canva.cn:8080
http://cl.canva.cn
http://cl.canva.cn:8080
http://content-management-files.canva.cn
http://content-management-files.canva.cn:8080
http://design-automation-font-recommendations.canva.cn
http://design-automation-font-recommendations.canva.cn:8080
http://design-automation-preset-styles.canva.cn
http://design-automation-preset-styles.canva.cn:8080
http://document-export.canva.cn
http://experiments-static.canva.cn
http://experiments-static.canva.cn:8080
http://export-download.canva.cn
http://export-download.canva.cn:8080
http://font-private.canva.cn
http://font-private.canva.cn:8080
http://font-public.canva.cn
http://font-public.canva.cn:8080
http://font-subsets.canva.cn
http://font-subsets.canva.cn:8080
http://image-manipulation.canva.cn
http://image-manipulation.canva.cn:8080
http://image.canva.cn
http://image.canva.cn:8080
http://import.canva.cn
http://import.canva.cn:8080
http://inproductmarketing-static.canva.cn
http://inproductmarketing-static.canva.cn:8080
http://learn.canva.cn
http://learn.canva.cn:8443
http://live.canva.cn
http://live.canva.cn:8080
http://marketplace.canva.cn
http://media-private.canva.cn
http://media-private.canva.cn:8080
http://media-public.canva.cn
http://media-public.canva.cn:8080
http://phoenix-capi.canva.cn
http://phoenix.canva.cn
http://phoenix.canva.cn:8080
http://phoenix.canva.cn:8443
http://profile.canva.cn
http://profile.canva.cn:8080
http://sdk.canva.cn
http://sdk.canva.cn:8080
http://sfe.canva.cn
http://sfe.canva.cn:8080
http://sfe.canva.cn:8443
http://share-upload.canva.cn
http://share-upload.canva.cn:8080
http://share.canva.cn
http://share.canva.cn:8080
http://sitemap.canva.cn
http://sitemap.canva.cn:8080
http://static-cse.canva.cn
http://static-cse.canva.cn:8080
http://static.canva.cn
http://static.canva.cn:8080
http://status.canva.cn
http://status.canva.cn:8080
http://support.canva.cn
http://support.canva.cn:8080
http://template.canva.cn
http://thumbnail.canva.cn
http://thumbnail.canva.cn:8080
http://upload.canva.cn
http://upload.canva.cn:8080
http://video-placeholders.canva.cn
http://video-placeholders.canva.cn:8080
http://video-private.canva.cn
http://video-private.canva.cn:8080
http://video-public.canva.cn
http://video-public.canva.cn:8080
http://video-upload.canva.cn
http://video-upload.canva.cn:8080
http://webproxy.idc-lorien.azuredevs-65tpp0l-bh-arppofind.comssets.glategoryfronicsadnswildcardproducts.octcomssetssandbox.2.canva.cn
http://webproxy.idc-lorien.azuredevs-65tpp0l-bh-arppofind.php.comssets.communitys4272cse-catv-krypton.datauctswire.2.canva.cn
http://webproxy.idc-lorien.azuredevs-65tpp0l-bh-arppofind.php.comssets.communitys4272cse-catv-krypton.vpncloud-gitwire.2.canva.cn
http://webproxy.idc-lorien.bh-arppofind.comssets.anissa-cse1wwwe-machine.wire.api.z.canva.cn
http://webproxy.idc-lorienk48kjihgfedcba987658.bh-arppofind.comssets.video-csesas-alumni-0015-nginx.cse-redirectgw.wire.w.canva.cn
http://wire.combuckyrule-bitbucket-repo-east-6-rpcgw-sql.cse-z55i2kerisere10dvkv-june.z55i2kerisere10dvkv.1.canva.cn
http://wire.community-share-upload.budget.chef-h21-updated.inst.aws.cn-northwest-1.font-public.cnarearisersrvjpinsysail.s4devkhs-tur.ftpanva.cn.canva.cn
http://wire.community.19updated1tsrqpvdcbadocumenthgfe.cse-z55i2kerisere10dvkv.july.z55i2kerisere10dvkv.1.canva.cn
http://wire.community.cse-z55i2kerisere10dvkv-ftpvrimary.kr.z55i2kerisere10dvkv.1.canva.cn
http://wire.community.cse-z55i2kerisere10dvkv.marketplacecsestores.1.canva.cn
http://wire.community.cseyoun22ya2.canva.cn
http://wire.community.phoenix-capi-expsh1104umlkj.expsh1104umlkj.1.canva.cn
http://wire.community.rulegodosoft-ext-xsrvjpinsys-staging-origin.canva.cn
http://wire.community5av1nwmmyrhv69h.org-anissafe-dortmund-staginggg.nort-z55i2kerisere10dvkv.1.canva.cn
http://wire.communityidc-1phpdevs-arppofind.cseajtgm-info.gh.canva.cn
http://www.canva.cn
http://www.canva.cn:8080
http://www.google.combucky-machine.mail-33733.org-anissa-areariservata-cse-web65067.cmnlistmail.0393c-finion-public-service.canva.cn
http://www.google.combucky-netherlands.11603.k8s-prod-areariservata-machine.cmnlistmail.org-anissa-arearisayobh-arppofind-emc01.ag.canva.cn
http://www.google.combucky-staging.org-anissa-ar10zyxwvutsrq1db02dev-machine.anissa-areariservata-machine.cmnlistmail.api.altcses53.canva.cn
http://www.google.combucky.08083.k8s-csemobile94383-areariservata-machine.cmnlistmail-mail.cseaiv-emc01.ag.canva.cn
http://www.google.combucky.13943.k8s-prod-areariservata-machinepay.cv1ruletheearthjwxt1.cseaiv-emc01.ag.canva.cn
http://www.google.combucky.19143-swag.trialadminsanissa-areariservata-machine.cmnlistmail.cse.musicforum.canva.cn
http://www.google.combucky.2ectkeywordcmnlistmail.33733.org-anissa-areariservata-machine-2010.cmnlistmail.ruletheearthjwxt1-csestores.canva.cn
http://www.google.combucky.33733-a.ancomcomprivateeee-download68153issa-areariservata-machine.cmnlistmail.0393c-finion-public-service.canva.cn
http://www.google.combucky.33733.anissa-areariservata-022fengineering.cmnlistmailtrial.northamericak48csecseajtgm.csejongkim882agfedcbadocument-agfedcba.canva.cn
http://www.google.combucky.33733.devmobile98293-testing1.org-anissa-areariservata-machine.cmnlistmail.ruletheearthjwxt1-csestores.canva.cn
http://www.google.combucky.33733.elasticbeanstalk-org-anissa-areariservata-machine.15cmnlistmail.0393c-finion-public-service.canva.cn
http://www.google.combucky.33733.kr.org-anissa-areariservata-machine.cmnlistmail.csetwitchate-ruletheearthjwxt1-csestores.canva.cn
http://www.google.combucky.33733.l115181cse-org-anissa-arearcmnlistmailloadbalancer-machine.mail-cmnlistmail.0393c-finion-public-service.canva.cn
http://www.google.combucky.33733.ooid.cmnlistmail.ruletheearthjwxt1-csestores.canva.cn
http://www.google.combucky.33733.org-33733-elasticbeanstalk.ccky-staging.bucky.ruletheearthjwxt1-csestores.canva.cn
http://www.google.combucky.33733.org-aniscprodctnxsf-298facebookapp-xsrvjpinsys.cmnlistmail.0393c-finion-public-service.4.canva.cn
http://www.google.combucky.33733.org-anissa-areariservaauth-app.cmnlistmail.uat.ruletheearthjwxt1-csestores.canva.cn
http://www.google.combucky.33733.org-anissa-areariservata-machine.2020areariservate-x43213zyxwvutsrqp-1tieshort-download.web.csestores.canva.cn
http://www.google.combucky.33733.org-anissa-areariservata-machine.cmnlistmachinerestricted.0393c-finion-public-service.canva.cn
http://www.google.combucky.33733.org-anissa-areariservata-machine.cmnlistmail-5p5h249redir.0393c-finion-public-service.canva.cn
http://www.google.combucky.33733.org-anissa-areariservata-machine.cmnlistmail.ruletheearthjwxt1-csestores-privamobile33733.canva.cn
http://www.google.combucky.33733.org-anissa-areariservata-machine.confluence-pc.csestores.canva.cn
http://www.google.combucky.33733.org-anissa-areariservata-machine.csenfocmnlistmail.0393c-finion-public-service.canva.cn
http://www.google.combucky.33733.org-anissa-areariservata-machine.netcmnlistmail.renewal-0393c-finion-public-app-feb.canva.cn
http://www.google.combucky.33733.org-anissa-arearuletheearth.cmnlistmail.ruletheearthjwxt1-cmedia-prird-private.11.canva.cn
http://www.google.combucky.33733.org-anissa-csestoresvi-machine.febc242-hhd.0393c-finion-public-service.canva.cn
http://www.google.combucky.33733.org-anissa-virtual-yajama6ta-machine.cmnlistmail.ruletheearthjwxt1-csestores.3.canva.cn
http://www.google.combucky.33733.org-anissamobile50943.cmnlistmail.ruletheearthjwxt1-csestores.canva.cn
http://www.google.combucky.33733.org-anisscloudfrontcmnlistmail.cmnlistmail.0393c-finion-public-service.canva.cn
http://www.google.combucky.33733.v1-org-anissa-a1img181staging-machine.comcsky.cmnlistmail.ruletheearthjwxt1-csestores.canva.cn
http://www.google.combucky.33733.web18166cse-org-anissa-areariservata-machine.frontpagecmnlistmail.0393c-finion-public-service.canva.cn
http://www.google.combucky.33733internal.org-anissa-areariservata-mimponml4cse-z55i2kerisere10dvkv.cmnlistmail.0393c-finion-public-service.canva.cn
http://www.google.combucky.33733staff.org-anissa-areariservata-machine.cmn61533gw.ruletheearthjwxt1-csestores.canva.cn
http://www.google.combucky.33733wtmedia-publiccse.org-anissa-areariservata-machine.cmnlistmail.ruletheearthjwxt1-csestores.canva.cn
http://www.google.combucky.58163.stage.anissa-areariservata-machine.cmnlistmailext.v1-cmnlistmailext.cse.net-cllyncowa.canva.cn
http://www.google.combucky.box-33733.org-anissa-areariservata-machine.cmnlistmail.anissa-are58263jwxt1-csestores.canva.cn
http://www.google.combucky.devmobile33733.docs-anissa-areariservata-machine.ops.font-privatefont-private.dublincse.cseajtgm.canva.cn
http://www.google.combucky.mobile33733.video-upload-anissa-areariservata-machine.cmnlistmail16.cse-gi379admin.na.canva.cn
http://www.google.combucky.stats-48583.iad.anissa-areariservata-machineserver.cmnlistmail-cms.cse.h21-bh-arppofind.canva.cn
https://about.canva.cn
https://api.canva.cn
https://apps.canva.cn
https://apps.canva.cn:8443
https://audio-private.canva.cn
https://audio-private.canva.cn:8443
https://banner-static.canva.cn
https://banner-static.canva.cn:8443
https://canva.cn
https://canva.cn:8443
https://category-public.canva.cn
https://category-public.canva.cn:8443
https://cl.canva.cn
https://cl.canva.cn:8443
https://content-management-files.canva.cn
https://content-management-files.canva.cn:8443
https://design-automation-font-recommendations.canva.cn
https://design-automation-font-recommendations.canva.cn:8443
https://design-automation-preset-styles.canva.cn
https://design-automation-preset-styles.canva.cn:8443
https://document-export.canva.cn
https://document-export.canva.cn:8443
https://experiments-static.canva.cn
https://experiments-static.canva.cn:8443
https://export-download.canva.cn
https://export-download.canva.cn:8443
https://font-private.canva.cn
https://font-private.canva.cn:8443
https://font-public.canva.cn
https://font-public.canva.cn:8443
https://font-subsets.canva.cn
https://font-subsets.canva.cn:8443
https://image-manipulation.canva.cn
https://image-manipulation.canva.cn:8443
https://image.canva.cn
https://image.canva.cn:8443
https://import.canva.cn
https://import.canva.cn:8443
https://inproductmarketing-static.canva.cn
https://inproductmarketing-static.canva.cn:8443
https://learn.canva.cn
https://live.canva.cn
https://live.canva.cn:8443
https://marketplace.canva.cn
https://marketplace.canva.cn:8443
https://media-private.canva.cn
https://media-private.canva.cn:8443
https://media-public.canva.cn
https://media-public.canva.cn:8443
https://phoenix-capi.canva.cn
https://phoenix.canva.cn
https://profile.canva.cn
https://profile.canva.cn:8443
https://sdk.canva.cn
https://sdk.canva.cn:8443
https://sfe.canva.cn
https://share-upload.canva.cn
https://share-upload.canva.cn:8443
https://share.canva.cn
https://share.canva.cn:8443
https://sitemap.canva.cn
https://sitemap.canva.cn:8443
https://static-cse.canva.cn
https://static-cse.canva.cn:8443
https://static.canva.cn
https://static.canva.cn:8443
https://status.canva.cn
https://status.canva.cn:8443
https://support.canva.cn
https://support.canva.cn:8443
https://template.canva.cn
https://template.canva.cn:8443
https://thumbnail.canva.cn
https://thumbnail.canva.cn:8443
https://upload.canva.cn
https://upload.canva.cn:8443
https://video-placeholders.canva.cn
https://video-placeholders.canva.cn:8443
https://video-private.canva.cn
https://video-private.canva.cn:8443
https://video-public.canva.cn
https://video-public.canva.cn:8443
https://video-upload.canva.cn
https://video-upload.canva.cn:8443
https://webproxy.idc-lorien.azuredevs-65tpp0l-bh-arppofind.comssets.glategoryfronicsadnswildcardproducts.octcomssetssandbox.2.canva.cn
https://webproxy.idc-lorien.azuredevs-65tpp0l-bh-arppofind.php.comssets.communitys4272cse-catv-krypton.datauctswire.2.canva.cn
https://webproxy.idc-lorien.bh-arppofind.5.comssets.glategoryfronicsadnswildcardproducts.wiremobilogin-97553tmail-apps-19updated-east-6-rpcjune.h.canva.cn
https://webproxy.idc-lorien.bh-arppofind.comssets.anissa-cse1wwwe-machine.wire.api.z.canva.cn
https://webproxy.idc-lorien.ruletheearthjwxt1-csestores-turk.bh-arppofind-2021.comssets.glategoryfronicsadnswildcardproducts.wire.z55i2kerisere10dvkv.2.canva.cn
https://webproxy.idc-lorienanalytics-xn--line-tk4c0cf2ooiyhod-jp-mvm-ri-d067072.bh-arppofind.comssets.lax1-video-publicl3216zyxwvutsrqponml4.org-anissa-areariscsegcument.wire.w.canva.cn
https://webproxy.idc-lorienk48kjihgfedcba987658.bh-arppofind.comssets.video-csesas-alumni-0015-nginx.cse-redirectgw.wire.w.canva.cn
https://wire.combuckyrule-bitbucket-repo-east-6-rpcgw-sql.cse-z55i2kerisere10dvkv-june.z55i2kerisere10dvkv.1.canva.cn
https://wire.community-org-anissa-areariscsesa-areariservata.budget.h21-updated.inst.aws.cn-northwest-1.font-public.cnprod.s4devkhs-tur.ftpanva.cn.canva.cn
https://wire.community-share-upload.budget.chef-h21-updated.inst.aws.cn-northwest-1.font-public.cnarearisersrvjpinsysail.s4devkhs-tur.ftpanva.cn.canva.cn
https://wire.community.0393c-finion-public-service-forum-apac.apac.1.canva.cn
https://wire.community.19updated1tsrqpvdcbadocumenthgfe.cse-z55i2kerisere10dvkv.july.z55i2kerisere10dvkv.1.canva.cn
https://wire.community.cse-z55i2kerisere10dvkv-ftpvrimary.kr.z55i2kerisere10dvkv.1.canva.cn
https://wire.community.cse-z55i2kerisere10dvkv.marketplacecsestores.1.canva.cn
https://wire.community.cseyoun22ya2.canva.cn
https://wire.community.mobile75383.cseajtgm-info.canva.cn
https://wire.community.phoenix-capi-expsh1104umlkj.expsh1104umlkj.1.canva.cn
https://wire.community.rulegodosoft-ext-xsrvjpinsys-staging-origin.canva.cn
https://wire.community.turkjunive-a43216zy-cse-z55i2kerisere10dvkv.z55i2kerisere10dvkv.1.canva.cn
https://wire.communityidc-1phpdevs-arppofind.cseajtgm-info.gh.canva.cn
https://www.canva.cn
https://www.canva.cn:8443
https://www.google.combel23staticate.33733.lovehope.cmnlistmail.csestores.c.canva.cn
https://www.google.combucky-machine.mail-33733.org-anissa-areariservata-cse-web65067.cmnlistmail.0393c-finion-public-service.canva.cn
https://www.google.combucky-staging.org-anissa-ar10zyxwvutsrq1db02dev-machine.anissa-areariservata-machine.cmnlistmail.api.altcses53.canva.cn
https://www.google.combucky.08083.k8s-csemobile94383-areariservata-machine.cmnlistmail-mail.cseaiv-emc01.ag.canva.cn
https://www.google.combucky.12833.k8s-prod-madnswildcardproducts-machine.cmnlistmailloadbalancer.cseaiv-emc01.ag.canva.cn
https://www.google.combucky.13943.k8s-prod-areariservata-machinepay.cv1ruletheearthjwxt1.cseaiv-emc01.ag.canva.cn
https://www.google.combucky.15383.k8s-prod-areariservata-machine.cmnlistmail.18.cseip177.canva.cn
https://www.google.combucky.19143-swag.trialadminsanissa-areariservata-machine.cmnlistmail.cse.musicforum.canva.cn
https://www.google.combucky.32193.k8s-prod-areariservata-machine.cmnlistmail.cseaiv-emc01.org-anissa-areariservata-machine0uts4rqponmg.ag.canva.cn
https://www.google.combucky.33733-a.ancomcomprivateeee-download68153issa-areariservata-machine.cmnlistmail.0393c-finion-public-service.canva.cn
https://www.google.combucky.33733-login.anissa-areariservata-machine.iad.communitsvc1m-u.cseelisenv-1.pp.canva.cn
https://www.google.combucky.33733.anissa-areariservata-022fengineering.cmnlistmailtrial.northamericak48csecseajtgm.csejongkim882agfedcbadocument-agfedcba.canva.cn
https://www.google.combucky.33733.anissa-areariservata-k48kjihgfedcba987658ruletheearthjwxt1.pc-cmnlistmail.import.cse.hr-hr.eu.lite.canva.cn
https://www.google.combucky.33733.cseajtgm-org-anissa-aredashboardadms-machine.cmnlistmail.ionublic.canva.cn
https://www.google.combucky.33733.devmobile98293-testing1.org-anissa-areariservata-machine.cmnlistmail.ruletheearthjwxt1-csestores.canva.cn
https://www.google.combucky.33733.elasticbeanstalk-org-anissa-areariservata-machine.15cmnlistmail.0393c-finion-public-service.canva.cn
https://www.google.combucky.33733.kr.org-anissa-areariservata-machine.cmnlistmail.csetwitchate-ruletheearthjwxt1-csestores.canva.cn
https://www.google.combucky.33733.l115181cse-org-anissa-arearcmnlistmailloadbalancer-machine.mail-cmnlistmail.0393c-finion-public-service.canva.cn
https://www.google.combucky.33733.o5p5jama6.areariscomsl78d.0393c-finion-public-service.com.canva.cn
https://www.google.combucky.33733.ooid.cmnlistmail.ruletheearthjwxt1-csestores.canva.cn
https://www.google.combucky.33733.org-33733-elasticbeanstalk.ccky-staging.bucky.ruletheearthjwxt1-csestores.canva.cn
https://www.google.combucky.33733.org-aniscprodctnxsf-298facebookapp-xsrvjpinsys.cmnlistmail.0393c-finion-public-service.4.canva.cn
https://www.google.combucky.33733.org-anissa-adevmobile09233-machine.org-anissa-areariservata-machine0uts4rqponmg.ruletheearthjwxt1-csestores.canva.cn
https://www.google.combucky.33733.org-anissa-apublic-areariservata-machine-admin-machine.chef.crulegodosoft-084facebookapp-xsrvjpinsys-privatescm.ruletheearthjwxt1-csestores.canva.cn
https://www.google.combucky.33733.org-anissa-areae210vaughnagfed.cmnlistmail.ruletheearthjwxt1-csestores.canva.cn
https://www.google.combucky.33733.org-anissa-arearisecanvvkhs-assets.cmnlistmail.0393c-finion-public-service.11.canva.cn
https://www.google.combucky.33733.org-anissa-areariservata-machine.2020areariservate-x43213zyxwvutsrqp-1tieshort-download.web.csestores.canva.cn
https://www.google.combucky.33733.org-anissa-areariservata-machine.brand-cmnlistmail.0393c-finion-public-serviceeurolinesa88.canva.cn
https://www.google.combucky.33733.org-anissa-areariservata-machine.cmnlistmail-5p5h249redir.0393c-finion-public-service.canva.cn
https://www.google.combucky.33733.org-anissa-areariservata-machine.cmnlistmail.0393c-finion-public-service.merch-sslrule-k48kjihgfedcba987658.canva.cn
https://www.google.combucky.33733.org-anissa-areariservata-machine.cmnlistmail.ruletheearthjwxt1-c5fcbd5zkupelmnlistmail.canva.cn
https://www.google.combucky.33733.org-anissa-areariservata-machine.cmnlistmail.ruletheearthjwxt1-csestores-privamobile33733.canva.cn
https://www.google.combucky.33733.org-anissa-areariservata-machine.confluence-pc.csestores.canva.cn
https://www.google.combucky.33733.org-anissa-areariservata-machine.csenfocmnlistmail.0393c-finion-public-service.canva.cn
https://www.google.combucky.33733.org-anissa-areariservata-machine.netcmnlistmail.renewal-0393c-finion-public-app-feb.canva.cn
https://www.google.combucky.33733.org-anissa-areariservatacombucky-staging-cloud.akali.cmnlistmail.servicecn.canva.cn
https://www.google.combucky.33733.org-anissa-arearuletheearth.cmnlistmail.ruletheearthjwxt1-cmedia-prird-private.11.canva.cn
https://www.google.combucky.33733.org-anissa-csestoresvi-machine.febc242-hhd.0393c-finion-public-service.canva.cn
https://www.google.combucky.33733.org-anissa-virtual-yajama6ta-machine.cmnlistmail.ruletheearthjwxt1-csestores.3.canva.cn
https://www.google.combucky.33733.org-anissamobile50943.cmnlistmail.ruletheearthjwxt1-csestores.canva.cn
https://www.google.combucky.33733.org-anisscloudfrontcmnlistmail.cmnlistmail.0393c-finion-public-service.canva.cn
https://www.google.combucky.33733.v1-org-anissa-a1img181staging-machine.comcsky.cmnlistmail.ruletheearthjwxt1-csestores.canva.cn
https://www.google.combucky.33733.web18166cse-org-anissa-areariservata-machine.frontpagecmnlistmail.0393c-finion-public-service.canva.cn
https://www.google.combucky.3373320.org-anissa-areariservata-machine.cvpnk8s-dev.0393c-finion-public-service.canva.cn
https://www.google.combucky.33733areariservata.org-anissa-aremembershipmediacmnlistmail.cmnlistmail.ruletheearthjwxt1-csestores.canva.cn
https://www.google.combucky.33733cpanel.org-anissa-areariservata-machine.cmnlistmail.ruletheearthjwxt1-csestores.canva.cn
https://www.google.combucky.33733internal.org-anissa-areariservata-mimponml4cse-z55i2kerisere10dvkv.cmnlistmail.0393c-finion-public-service.canva.cn
https://www.google.combucky.33733staff.org-anissa-areariservata-machine.cmn61533gw.ruletheearthjwxt1-csestores.canva.cn
https://www.google.combucky.33733wtmedia-publiccse.org-anissa-areariservata-machine.cmnlistmail.ruletheearthjwxt1-csestores.canva.cn
https://www.google.combucky.58163.stage.anissa-areariservata-machine.cmnlistmailext.v1-cmnlistmailext.cse.net-cllyncowa.canva.cn
https://www.google.combucky.58163.stage.anissa-areariservata-machine.cmnlistmailext.v1-cmnlistmailext.csecommunitsvc1mmonclhks0610n36304.canva.cn
https://www.google.combucky.58163.stagena.anissa-areariservata-machine.cmnlistmailext.v1-cmnlistmailext.csecmnlistmse.canva.cn
https://www.google.combucky.66083.anissa-areariservata-machine.cmnlistmail.import.cse-road.shearerp-apmp.19.canva.cn
https://www.google.combucky.97963.k8s-prod-areariservata-machine.cmnlistmail2010.csetwitchate-cloud.registry.canva.cn
https://www.google.combucky.anispantheonanissaws.org-anissa-areariservata-machine.webapp-anissecmnlistmail.ruletheearthjwxt1-csestores.canva.cn
https://www.google.combucky.box-33733.org-anissa-areariservata-machine.cmnlistmail.anissa-are58263jwxt1-csestores.canva.cn
https://www.google.combucky.devmobile10683.anissa-areariservata-machine.10.ops.cmnlistmailcmnlistmail.authentication.cse.17.canva.cn
https://www.google.combucky.devmobile33733.docs-anissa-areariservata-machine.ops.font-privatefont-private.dublincse.cseajtgm.canva.cn
https://www.google.combucky.mobile33733.video-upload-anissa-areariservata-machine.cmnlistmail16.cse-gi379admin.na.canva.cn
https://www.google.combucky.stats-48583.iad.anissa-areariservata-machineserver.cmnlistmail-cms.cse.h21-bh-arppofind.canva.cn
