http://admin.taxes.cash.app
http://admin.taxes.cash.app:8080
http://admin.usc1.taxes.cash.app
http://admin.usc1.taxes.cash.app:8080
http://api.cash.app
http://api.preflight.taxes.cash.app
http://api.preflight.taxes.cash.app:8080
http://api.preflight.usc1.taxes.cash.app
http://api.preflight.usc1.taxes.cash.app:8080
http://api.taxes.cash.app
http://api.taxes.cash.app:8080
http://api.usc1.taxes.cash.app
http://api.usc1.taxes.cash.app:8080
http://apparel-supporter.cash.app
http://assets.taxes.cash.app
http://assets.taxes.cash.app:8080
http://cash.app
http://click.cash.app
http://code.cash.app
http://collector.usc1.taxes.cash.app
http://collector.usc1.taxes.cash.app:8080
http://developers.cash.app
http://email.taxes-notifications.cash.app
http://email.taxes1-notifications.cash.app
http://email.taxes2-notifications.cash.app
http://email.taxes3-notifications.cash.app
http://email.taxes4-notifications.cash.app
http://email.taxes5-notifications.cash.app
http://help.cash.app
http://help.cash.app:8080
http://internal.cash.app
http://kit.cash.app
http://preflight.taxes.cash.app
http://preflight.taxes.cash.app:8080
http://sandbox.api.cash.app
http://sandbox.global-network-api.cash.app
http://sandbox.kit.cash.app
http://status.cash.app
http://taxes.cash.app
http://taxes.cash.app:8080
http://taxeshelp.cash.app
http://web-cdn.cash.app
http://web.preflight.usc1.taxes.cash.app
http://web.preflight.usc1.taxes.cash.app:8080
http://web.taxes.cash.app
http://web.taxes.cash.app:8080
http://web.usc1.taxes.cash.app
http://web.usc1.taxes.cash.app:8080
http://www.cash.app
http://zendesk1.cash.app
http://zendesk2.cash.app
http://zendesk3.cash.app
http://zendesk4.cash.app
https://admin.taxes.cash.app
https://admin.usc1.taxes.cash.app
https://api-validation.cash.app
https://api.cash.app
https://api.taxes.cash.app
https://api.usc1.taxes.cash.app
https://apparel-supporter.cash.app
https://assets.taxes.cash.app
https://cash.app
https://click.cash.app
https://code.cash.app
https://developers.cash.app
https://email.taxes-notifications.cash.app
https://email.taxes1-notifications.cash.app
https://email.taxes2-notifications.cash.app
https://email.taxes3-notifications.cash.app
https://email.taxes4-notifications.cash.app
https://email.taxes5-notifications.cash.app
https://help.cash.app
https://internal.cash.app
https://kit.cash.app
https://preflight.taxes.cash.app
https://sandbox.api.cash.app
https://sandbox.global-network-api.cash.app
https://sandbox.kit.cash.app
https://status.cash.app
https://taxes.cash.app
https://taxeshelp.cash.app
https://web-cdn.cash.app
https://web.preflight.usc1.taxes.cash.app
https://web.taxes.cash.app
https://web.usc1.taxes.cash.app
https://www.cash.app
