http://api-dev1.chimebank.com
http://api-dev1.chimebank.com:8080
http://api-dev1.chimebank.com:8443
http://api-qa.chimebank.com
http://api-qa.chimebank.com:8080
http://api-qa.chimebank.com:8443
http://api-qa1.chimebank.com
http://api-qa1.chimebank.com:8080
http://api-qa1.chimebank.com:8443
http://api-v2-dev1.chimebank.com
http://api-v2-dev1.chimebank.com:8080
http://api-v2-dev1.chimebank.com:8443
http://api-v2-qa.chimebank.com
http://api-v2-qa.chimebank.com:8080
http://api-v2-qa.chimebank.com:8443
http://api-v2-qa1.chimebank.com
http://api-v2-qa1.chimebank.com:8080
http://api-v2-qa1.chimebank.com:8443
http://api-v2.chimebank.com
http://api-v2.chimebank.com:8080
http://api-v2.chimebank.com:8443
http://api.chimebank.com
http://api.chimebank.com:8080
http://api.chimebank.com:8443
http://bot-admin.chimebank.com
http://chimebank.com
http://client-dev1.chimebank.com
http://client-dev1.chimebank.com:8080
http://client-dev1.chimebank.com:8443
http://client-qa.chimebank.com
http://client-qa.chimebank.com:8080
http://client-qa.chimebank.com:8443
http://client-qa1.chimebank.com
http://client-qa1.chimebank.com:8080
http://client-qa1.chimebank.com:8443
http://client.chimebank.com
http://client.chimebank.com:8080
http://client.chimebank.com:8443
http://developer.chimebank.com
http://developer.chimebank.com:8080
http://developer.chimebank.com:8443
http://email.mg.chimebank.com
http://email.mg.chimebank.com:8080
http://email.mg.chimebank.com:8443
http://links.chimebank.com
http://member-qa.chimebank.com
http://member-qa.chimebank.com:8080
http://member-qa.chimebank.com:8443
http://member.chimebank.com
http://member.chimebank.com:8080
http://member.chimebank.com:8443
http://securelinks.chimebank.com
http://securelinks.chimebank.com:8080
http://securelinks.chimebank.com:8443
http://stage.chimebank.com
http://stage.chimebank.com:8080
http://stage2.chimebank.com
http://stage2.chimebank.com:8080
http://status.chimebank.com
http://status.chimebank.com:8080
http://test-api.chimebank.com
http://test-api.chimebank.com:8080
http://test-wh2.chimebank.com
http://test.chimebank.com
http://test.chimebank.com:8080
http://test2.chimebank.com
http://test2.chimebank.com:8080
http://webhook-dev1.chimebank.com
http://webhook-dev1.chimebank.com:8080
http://webhook-dev1.chimebank.com:8443
http://webhook-qa.chimebank.com
http://webhook-qa.chimebank.com:8080
http://webhook-qa.chimebank.com:8443
http://webhook-qa1.chimebank.com
http://webhook-qa1.chimebank.com:8080
http://webhook-qa1.chimebank.com:8443
http://webhook.chimebank.com
http://webhook.chimebank.com:8080
http://webhook.chimebank.com:8443
http://www-off.chimebank.com
http://www-off.chimebank.com:8080
http://www-off.chimebank.com:8443
http://www.chimebank.com
https://api-dev1.chimebank.com
https://api-qa.chimebank.com
https://api-qa1.chimebank.com
https://api-v2-dev1.chimebank.com
https://api-v2-qa.chimebank.com
https://api-v2-qa1.chimebank.com
https://api-v2.chimebank.com
https://api.chimebank.com
https://chimebank.com
https://client-dev1.chimebank.com
https://client-qa.chimebank.com
https://client-qa1.chimebank.com
https://client.chimebank.com
https://developer.chimebank.com
https://email.mg.chimebank.com
https://links.chimebank.com
https://member-qa.chimebank.com
https://member.chimebank.com
https://securelinks.chimebank.com
https://stage.chimebank.com
https://stage.chimebank.com:8443
https://stage2.chimebank.com
https://stage2.chimebank.com:8443
https://status.chimebank.com
https://status.chimebank.com:8443
https://test-api.chimebank.com
https://test-api.chimebank.com:8443
https://test-wh.chimebank.com
https://test-wh2.chimebank.com
https://test.chimebank.com
https://test.chimebank.com:8443
https://test2.chimebank.com
https://test2.chimebank.com:8443
https://webhook-dev1.chimebank.com
https://webhook-qa.chimebank.com
https://webhook-qa1.chimebank.com
https://webhook.chimebank.com
https://www-off.chimebank.com
https://www.chimebank.com
