http://authsmtp.cineramabios.nl
http://box.cineramabios.nl
http://cineramabios.nl
http://comune.cineramabios.nl
http://correo.cineramabios.nl
http://ct-cinerama-1151-www.cineramabios.nl
http://email.cineramabios.nl
http://exchange.cineramabios.nl
http://ftp.cineramabios.nl
http://gate.cineramabios.nl
http://gw.cineramabios.nl
http://hermes.cineramabios.nl
http://home.cineramabios.nl
http://imap.cineramabios.nl
http://m.cineramabios.nl
http://mail.cineramabios.nl
http://mail01.cineramabios.nl
http://mail02.cineramabios.nl
http://mail1.cineramabios.nl
http://mail11.cineramabios.nl
http://mail3.cineramabios.nl
http://mail6.cineramabios.nl
http://mail7.cineramabios.nl
http://mail9.cineramabios.nl
http://mailgate.cineramabios.nl
http://mails.cineramabios.nl
http://mailx.cineramabios.nl
http://mbox.cineramabios.nl
http://ms.cineramabios.nl
http://ms1.cineramabios.nl
http://mta.cineramabios.nl
http://mx.cineramabios.nl
http://mx02.cineramabios.nl
http://mx1.cineramabios.nl
http://mx10.cineramabios.nl
http://mx20.cineramabios.nl
http://mx4.cineramabios.nl
http://mx7.cineramabios.nl
http://mxs.cineramabios.nl
http://new.cineramabios.nl
http://ns1.cineramabios.nl
http://out.cineramabios.nl
http://po.cineramabios.nl
http://poczta.cineramabios.nl
http://pop3.cineramabios.nl
http://post.cineramabios.nl
http://postmaster.cineramabios.nl
http://relay.cineramabios.nl
http://relay2.cineramabios.nl
http://root.cineramabios.nl
http://server1.cineramabios.nl
http://server2.cineramabios.nl
http://smtp.cineramabios.nl
http://smtp2.cineramabios.nl
http://smtps.cineramabios.nl
http://srv.cineramabios.nl
http://vmail.cineramabios.nl
http://webmail.cineramabios.nl
http://www.cineramabios.nl
http://wwww.cineramabios.nl
http://zimbra.cineramabios.nl
https://authsmtp.cineramabios.nl
https://box.cineramabios.nl
https://cineramabios.nl
https://comune.cineramabios.nl
https://correo.cineramabios.nl
https://ct-cinerama-1151-www.cineramabios.nl
https://email.cineramabios.nl
https://exchange.cineramabios.nl
https://ftp.cineramabios.nl
https://gate.cineramabios.nl
https://gw.cineramabios.nl
https://hermes.cineramabios.nl
https://home.cineramabios.nl
https://imap.cineramabios.nl
https://m.cineramabios.nl
https://mail.cineramabios.nl
https://mail01.cineramabios.nl
https://mail02.cineramabios.nl
https://mail1.cineramabios.nl
https://mail11.cineramabios.nl
https://mail3.cineramabios.nl
https://mail6.cineramabios.nl
https://mail7.cineramabios.nl
https://mail9.cineramabios.nl
https://mailgate.cineramabios.nl
https://mails.cineramabios.nl
https://mailx.cineramabios.nl
https://mbox.cineramabios.nl
https://ms.cineramabios.nl
https://ms1.cineramabios.nl
https://mta.cineramabios.nl
https://mx.cineramabios.nl
https://mx02.cineramabios.nl
https://mx1.cineramabios.nl
https://mx10.cineramabios.nl
https://mx20.cineramabios.nl
https://mx4.cineramabios.nl
https://mx7.cineramabios.nl
https://mxs.cineramabios.nl
https://new.cineramabios.nl
https://ns1.cineramabios.nl
https://out.cineramabios.nl
https://po.cineramabios.nl
https://poczta.cineramabios.nl
https://pop3.cineramabios.nl
https://post.cineramabios.nl
https://postmaster.cineramabios.nl
https://relay.cineramabios.nl
https://relay2.cineramabios.nl
https://root.cineramabios.nl
https://server1.cineramabios.nl
https://server2.cineramabios.nl
https://smtp.cineramabios.nl
https://smtp2.cineramabios.nl
https://smtps.cineramabios.nl
https://srv.cineramabios.nl
https://vmail.cineramabios.nl
https://webmail.cineramabios.nl
https://www.cineramabios.nl
https://wwww.cineramabios.nl
https://zimbra.cineramabios.nl
