http://abcappsdl1-ch2-01p.sys.comcast.net
http://artiproxyb-ho-a2p.sys.comcast.net
http://cgc-ch2-web01.sys.comcast.net
http://cgc-ch2-web03.sys.comcast.net
http://cgc-ch2-web2.sys.comcast.net
http://cgc-po-dev.sys.comcast.net
http://cgc-wc-web01.sys.comcast.net
http://cgc-wc-web02.sys.comcast.net
http://cgc-wc-web03.sys.comcast.net
http://dvcp-po-vip.sys.comcast.net
http://ebipublic-ch2-dna.sys.comcast.net
http://etwiki.sys.comcast.net
http://exlaspc-ch2-a2d.sys.comcast.net
http://haproxystage-hoc-02.sys.comcast.net
http://pevinet-ch2-01p.sys.comcast.net
http://pevinet-po-01p.sys.comcast.net
http://proxy-wdp-as.sys.comcast.net
http://spacaptive-as-a1p.sys.comcast.net
http://spacaptive-ch2-a1p.sys.comcast.net
http://vodfp-cmc-a1p.sys.comcast.net
http://vodfp-cmc-a2p.sys.comcast.net
http://vodfp-cmc-b1p.sys.comcast.net
http://vodfp-cmc-b2p.sys.comcast.net
http://wssapx-as-a1p.sys.comcast.net
http://wssapx-as-a2p.sys.comcast.net
https://aamail.sys.comcast.net
https://abcappsdl1-ch2-01p.sys.comcast.net
https://accessibility-cms-c2q-068359.sys.comcast.net:8005
https://accessibility-cms-c2q-068359.sys.comcast.net:8010
https://accessibility-cms-h2q-036602.sys.comcast.net:8005
https://accessibility-cms-h2q-036602.sys.comcast.net:8010
https://accessibility-prv-a2q-086237.sys.comcast.net
https://accessibility-prv-h2q-036627.sys.comcast.net
https://accessibility-web-a2q-085972.sys.comcast.net
https://accessibility-web-c2q-030853.sys.comcast.net
https://artiproxyb-as-a1p.sys.comcast.net
https://artiproxyb-ho-a1p.sys.comcast.net
https://artiproxyb-ho-a2p.sys.comcast.net
https://bigid-prod-collibra-connector.sys.comcast.net
https://cgc-ch2-web01.sys.comcast.net
https://cgc-ch2-web03.sys.comcast.net
https://cgc-ch2-web2.sys.comcast.net
https://cgc-po-dev.sys.comcast.net
https://cgc-wc-web01.sys.comcast.net
https://cgc-wc-web02.sys.comcast.net
https://cgc-wc-web03.sys.comcast.net
https://config-beta-cvr-aws-eu1.sys.comcast.net
https://config-cvr-aws-eu1.sys.comcast.net
https://ebipublic-ch2-dna.sys.comcast.net
https://emcngx-wc-c2u.sys.comcast.net
https://etwiki.sys.comcast.net
https://exlaspc-ch2-a2d.sys.comcast.net
https://haproxystage-hoc-02.sys.comcast.net
https://hitsportal-dev.sys.comcast.net
https://hitsproxy-ch2-lab-019927.sys.comcast.net
https://ilex-qa.sys.comcast.net
https://livecache-read-cvr-aws-eu1.sys.comcast.net
https://livecache-read-qa-cvr-aws-eu1.sys.comcast.net
https://mdpapp-wc-b1s.sys.comcast.net
https://mdpapp-wc-b2s.sys.comcast.net
https://mdpapp-wc-b3s.sys.comcast.net
https://mdpoc-ch2-b1s.sys.comcast.net
https://mdpoc-wc-b1s.sys.comcast.net
https://merkong-ho-01.sys.comcast.net
https://merkong-ho-02.sys.comcast.net
https://merkong-wc-2s.sys.comcast.net
https://mernex-ho-b1.sys.comcast.net
https://msapp-mdp-ch2.sys.comcast.net
https://msapp-mdp-po.sys.comcast.net
https://mueller-api.go.sys.comcast.net
https://orbital-dev-lb.sys.comcast.net
https://orbital-lb.sys.comcast.net
https://pevinet-ch2-01p.sys.comcast.net
https://pevinet-po-01p.sys.comcast.net
https://pivot-qa.sys.comcast.net
https://playback-qa-cvr-aws-eu1.sys.comcast.net
https://proxy-wdp-as.sys.comcast.net
https://proxy-wdp-as.sys.comcast.net:8443
https://spacaptive-as-a1p.sys.comcast.net
https://spacaptive-ch2-a1p.sys.comcast.net
https://streamacs-ch2-e02p.sys.comcast.net
https://upload-beta-cvr-aws-eu1.sys.comcast.net
https://upload-cvr-aws-eu1.sys.comcast.net
https://upload-qa-cvr-aws-eu1.sys.comcast.net
https://vodfp-cmc-a1p.sys.comcast.net
https://vodfp-cmc-a2p.sys.comcast.net
https://vodfp-cmc-b1p.sys.comcast.net
https://vodfp-cmc-b2p.sys.comcast.net
https://wssapx-as-a1p.sys.comcast.net
https://wssapx-as-a1p.sys.comcast.net:8443
https://wssapx-as-a2p.sys.comcast.net
https://wssapx-as-a2p.sys.comcast.net:8443
https://wssapx-as-a2p.sys.comcast.net:9092
https://xfwdapi-ch2-web-vip.sys.comcast.net
https://xfwdapi-po-web-vip.sys.comcast.net
https://xhswss-po-1s-vip.sys.comcast.net
https://xhswss-wc-1s-vip.sys.comcast.net
