http://airline.compuserve.com
http://aoltvlistings.compuserve.com
http://bill.compuserve.com
http://billupdate.compuserve.com
http://cancel.compuserve.com
http://changeplan.compuserve.com
http://compuserve.com
http://cqcompanynews.compuserve.com
http://csmail.compuserve.com
http://free-qa.compuserve.com
http://free.compuserve.com
http://go-qa.compuserve.com
http://go.compuserve.com
http://help.compuserve.com
http://images-qa.compuserve.com
http://images.compuserve.com
http://love.compuserve.com
http://member-qa.compuserve.com
http://member.compuserve.com
http://mp.compuserve.com
http://myaccount.compuserve.com
http://mybenefits.compuserve.com
http://netscape-qa.compuserve.com
http://newsroom.compuserve.com
http://oidc.compuserve.com
http://oidc.member.compuserve.com
http://oidc.myaccount.compuserve.com
http://oidc.payments.compuserve.com
http://oidc.publishing.compuserve.com
http://oidc.wmconnect.compuserve.com
http://orders.compuserve.com
http://origin.www-qa.compuserve.com
http://origin.www.compuserve.com
http://password.compuserve.com
http://payments.compuserve.com
http://people.compuserve.com
http://qa.help.compuserve.com
http://qa.myaccount.compuserve.com
http://qa.origin.help.compuserve.com
http://qa.payments.compuserve.com
http://search.compuserve.com
http://shopping.compuserve.com
http://shopping.search.compuserve.com
http://shoppinglist.compuserve.com
http://stage.help.compuserve.com
http://stage.myaccount.compuserve.com
http://stage.oidc.compuserve.com
http://stage.oidc.member.compuserve.com
http://stage.oidc.myaccount.compuserve.com
http://stage.oidc.payments.compuserve.com
http://stage.oidc.publishing.compuserve.com
http://stage.oidc.wmconnect.compuserve.com
http://stage.origin.help.compuserve.com
http://stage.payments.compuserve.com
http://updatemybill.compuserve.com
http://webmail.compuserve.com
http://wmconnect-qa.compuserve.com
http://www-qa.compuserve.com
http://www.compuserve.com
http://www.shopping.compuserve.com
http://yp.compuserve.com
http://ypnb.compuserve.com
https://airline.compuserve.com
https://aoltvlistings.compuserve.com
https://bill.compuserve.com
https://billupdate.compuserve.com
https://cancel.compuserve.com
https://changeplan.compuserve.com
https://compuserve.com
https://cqcompanynews.compuserve.com
https://csmail.compuserve.com
https://free-qa.compuserve.com
https://free.compuserve.com
https://go-qa.compuserve.com
https://go.compuserve.com
https://guce.compuserve.com
https://guce.compuserve.com:4443
https://help.compuserve.com
https://images-qa.compuserve.com
https://images.compuserve.com
https://love.compuserve.com
https://member-qa.compuserve.com
https://member.compuserve.com
https://mp.compuserve.com
https://myaccount.compuserve.com
https://mybenefits.compuserve.com
https://netscape-qa.compuserve.com
https://newsroom.compuserve.com
https://oidc.compuserve.com
https://oidc.member.compuserve.com
https://oidc.myaccount.compuserve.com
https://oidc.payments.compuserve.com
https://oidc.publishing.compuserve.com
https://oidc.wmconnect.compuserve.com
https://orders.compuserve.com
https://origin.www-qa.compuserve.com
https://origin.www.compuserve.com
https://password.compuserve.com
https://payments.compuserve.com
https://people.compuserve.com
https://qa.help.compuserve.com
https://qa.myaccount.compuserve.com
https://qa.origin.help.compuserve.com
https://qa.payments.compuserve.com
https://search.compuserve.com
https://shopping.compuserve.com
https://shopping.search.compuserve.com
https://shoppinglist.compuserve.com
https://stage.guce.compuserve.com
https://stage.guce.compuserve.com:4443
https://stage.help.compuserve.com
https://stage.myaccount.compuserve.com
https://stage.oidc.compuserve.com
https://stage.oidc.member.compuserve.com
https://stage.oidc.myaccount.compuserve.com
https://stage.oidc.payments.compuserve.com
https://stage.oidc.publishing.compuserve.com
https://stage.oidc.wmconnect.compuserve.com
https://stage.origin.help.compuserve.com
https://stage.payments.compuserve.com
https://trunk.guce.compuserve.com
https://trunk.guce.compuserve.com:4443
https://updatemybill.compuserve.com
https://webmail.compuserve.com
https://wmconnect-qa.compuserve.com
https://www-qa.compuserve.com
https://www.compuserve.com
https://www.shopping.compuserve.com
https://yp.compuserve.com
https://ypnb.compuserve.com
