http://ablink.partner.dailymotion.com
http://about.dailymotion.com
http://acme.dailymotion.com
http://addir-stage01.dailymotion.com
http://addir-stage01.dailymotion.com:8080
http://adtester.dailymotion.com
http://advertisers.dailymotion.com
http://advertising.dailymotion.com
http://airflow.data-kub.dev.gcp.dailymotion.com
http://airflow.data-kub.gcp.dailymotion.com
http://airflow.data-kub.stage.gcp.dailymotion.com
http://am-01.dc3.dailymotion.com
http://am-01.ix7.dailymotion.com
http://am-02.dc3.dailymotion.com
http://am-02.ix7.dailymotion.com
http://api-dc3.dailymotion.com
http://api-ix7.dailymotion.com
http://api-origin.dailymotion.com
http://api-ro.dailymotion.com
http://api-sg1.dailymotion.com
http://api-stage-01.dailymotion.com
http://api-stage-02.dailymotion.com
http://api-stage-03.dailymotion.com
http://api-stage-04.dailymotion.com
http://api-stage-05.dailymotion.com
http://api-stage-06.dailymotion.com
http://api-stage-07.dailymotion.com
http://api-stage-09.dailymotion.com
http://api-stage-10.dailymotion.com
http://api-stage-11.dailymotion.com
http://api-stage-12.dailymotion.com
http://api-stage-13.dailymotion.com
http://api-stage-14.dailymotion.com
http://api-stage-15.dailymotion.com
http://api-stage-16.dailymotion.com
http://api-stage-17.dailymotion.com
http://api-stage-18.dailymotion.com
http://api-stage-19.dailymotion.com
http://api-stage-20.dailymotion.com
http://api-stage-21.dailymotion.com
http://api-stage-22.dailymotion.com
http://api-stage-23.dailymotion.com
http://api-stage-24.dailymotion.com
http://api-stage-25.dailymotion.com
http://api-stage-26.dailymotion.com
http://api-stage-27.dailymotion.com
http://api-stage-28.dailymotion.com
http://api-stage-29.dailymotion.com
http://api-stage-30.dailymotion.com
http://api-stage-31.dailymotion.com
http://api-stage-32.dailymotion.com
http://api-stage-33.dailymotion.com
http://api-stage-34.dailymotion.com
http://api-stage-35.dailymotion.com
http://api-stage-36.dailymotion.com
http://api-stage-37.dailymotion.com
http://api-stage-38.dailymotion.com
http://api-stage-39.dailymotion.com
http://api-stage-40.dailymotion.com
http://api-stage-41.dailymotion.com
http://api-stage-42.dailymotion.com
http://api-stage-43.dailymotion.com
http://api-stage-44.dailymotion.com
http://api-stage-45.dailymotion.com
http://api-stage-46.dailymotion.com
http://api-stage-47.dailymotion.com
http://api-stage-48.dailymotion.com
http://api-stage-49.dailymotion.com
http://api-stage-50.dailymotion.com
http://api-stage-51.dailymotion.com
http://api-stage-52.dailymotion.com
http://api-stage-53.dailymotion.com
http://api-stage-54.dailymotion.com
http://api-stage-55.dailymotion.com
http://api-stage-56.dailymotion.com
http://api-stage-57.dailymotion.com
http://api-stage-58.dailymotion.com
http://api-stage-59.dailymotion.com
http://api-stage-60.dailymotion.com
http://api-stage-61.dailymotion.com
http://api-stage-62.dailymotion.com
http://api-stage-63.dailymotion.com
http://api-stage-64.dailymotion.com
http://api-stage-65.dailymotion.com
http://api-stage-66.dailymotion.com
http://api-stage-67.dailymotion.com
http://api-stage-68.dailymotion.com
http://api-stage-69.dailymotion.com
http://api-stage-70.dailymotion.com
http://api-staging.pxl.dailymotion.com
http://api-sv4.dailymotion.com
http://api.dailymotion.com
http://api.pxl.dailymotion.com
http://api.revenues.dailymotion.com
http://api.stage-01.dailymotion.com
http://api.stage-02.dailymotion.com
http://api.stage-03.dailymotion.com
http://api.stage-04.dailymotion.com
http://api.stage-05.dailymotion.com
http://api.stage-06.dailymotion.com
http://api.stage-07.dailymotion.com
http://api.stage-08.dailymotion.com
http://api.stage-09.dailymotion.com
http://api.stage-10.dailymotion.com
http://api.stage-11.dailymotion.com
http://api.stage-12.dailymotion.com
http://api.stage-13.dailymotion.com
http://api.stage-14.dailymotion.com
http://api.stage-15.dailymotion.com
http://api.stage-16.dailymotion.com
http://api.stage-17.dailymotion.com
http://api.stage-18.dailymotion.com
http://api.stage-19.dailymotion.com
http://api.stage-20.dailymotion.com
http://api.stage-21.dailymotion.com
http://api.stage-22.dailymotion.com
http://api.stage-23.dailymotion.com
http://api.stage-24.dailymotion.com
http://api.stage-25.dailymotion.com
http://api.stage-26.dailymotion.com
http://api.stage-27.dailymotion.com
http://api.stage-28.dailymotion.com
http://api.stage-29.dailymotion.com
http://api.stage-30.dailymotion.com
http://api.stage-31.dailymotion.com
http://api.stage-32.dailymotion.com
http://api.stage-33.dailymotion.com
http://api.stage-34.dailymotion.com
http://api.stage-35.dailymotion.com
http://api.stage-36.dailymotion.com
http://api.stage-37.dailymotion.com
http://api.stage-38.dailymotion.com
http://api.stage-39.dailymotion.com
http://api.stage-40.dailymotion.com
http://api.stage-41.dailymotion.com
http://api.stage-42.dailymotion.com
http://api.stage-43.dailymotion.com
http://api.stage-44.dailymotion.com
http://api.stage-45.dailymotion.com
http://api.stage-46.dailymotion.com
http://api.stage-47.dailymotion.com
http://api.stage-48.dailymotion.com
http://api.stage-49.dailymotion.com
http://api.stage-50.dailymotion.com
http://api.stage-51.dailymotion.com
http://api.stage-52.dailymotion.com
http://api.stage-53.dailymotion.com
http://api.stage-54.dailymotion.com
http://api.stage-55.dailymotion.com
http://api.stage-56.dailymotion.com
http://api.stage-57.dailymotion.com
http://api.stage-58.dailymotion.com
http://api.stage-59.dailymotion.com
http://api.stage-60.dailymotion.com
http://api.stage-61.dailymotion.com
http://api.stage-62.dailymotion.com
http://api.stage-63.dailymotion.com
http://api.stage-64.dailymotion.com
http://api.stage-65.dailymotion.com
http://api.stage-66.dailymotion.com
http://api.stage-67.dailymotion.com
http://api.stage-68.dailymotion.com
http://api.stage-69.dailymotion.com
http://api.stage-70.dailymotion.com
http://apu.dailymotion.com
http://autodiscover.dailymotion.com
http://autodiscover.service.dailymotion.com
http://available-vip-zxtm-136.dailymotion.com
http://available-vip-zxtm-158.dailymotion.com
http://available-vip-zxtm-159.dailymotion.com
http://available-vip-zxtm-166.dailymotion.com
http://available-vip-zxtm-171.dailymotion.com
http://available-vip-zxtm-177.dailymotion.com
http://available-vip-zxtm-179.dailymotion.com:8080
http://backup.publish.dailymotion.com
http://bahamax.dailymotion.com
http://bahamax.ondailymotion.com
http://bahamazingexperiences.dailymotion.com
http://bahamazingexperiences.ondailymotion.com
http://careers.dailymotion.com
http://cast-dev.dailymotion.com
http://cast.dailymotion.com
http://cdn-feed-dc3.vip.dailymotion.com
http://cdn-feed-dc3.vip.dailymotion.com:8008
http://cdn-feed-dc3.vip.dailymotion.com:8009
http://cdn-feed-ix7.vip.dailymotion.com
http://cdn-feed-ix7.vip.dailymotion.com:8008
http://cdn-feed-ix7.vip.dailymotion.com:8009
http://cdn-feed.vip.dailymotion.com
http://cdn-feed.vip.dailymotion.com:8008
http://cdn-feed.vip.dailymotion.com:8009
http://cdn.dailymotion.com
http://cdnlb-01.dc3.dailymotion.com
http://cdnlb-01.dc3.dailymotion.com:8008
http://cdnlb-01.dc3.dailymotion.com:8009
http://cdnlb-01.ix7.dailymotion.com
http://cdnlb-01.ix7.dailymotion.com:8008
http://cdnlb-01.ix7.dailymotion.com:8009
http://cdnlb-02.ix7.dailymotion.com
http://cdnlb-02.ix7.dailymotion.com:8008
http://cdnlb-03.dc3.dailymotion.com
http://cdnlb-03.dc3.dailymotion.com:8008
http://cdnlb-03.dc3.dailymotion.com:8009
http://corpostatic.dailymotion.com
http://corpsvc.dailymotion.com
http://crproxy.dailymotion.com
http://dailymotion.com
http://data-analysts-tools.data-kub.dev.gcp.dailymotion.com
http://data-analysts-tools.data-kub.gcp.dailymotion.com
http://data-analysts-tools.data-kub.stage.gcp.dailymotion.com
http://data-analytics-ssl.data-kub.gcp.dailymotion.com
http://data-analytics-ssl.data-kub.stage.gcp.dailymotion.com
http://data-analytics.data-kub.gcp.dailymotion.com
http://data-analytics.data-kub.stage.gcp.dailymotion.com
http://data-iab-interface.data-kub.dev.gcp.dailymotion.com
http://data-iab-interface.data-kub.gcp.dailymotion.com
http://data-iab-interface.data-kub.stage.gcp.dailymotion.com
http://data-kub.dev.gcp.dailymotion.com
http://data-kub.gcp.dailymotion.com
http://data-mlflow.data-kub.dev.gcp.dailymotion.com
http://data-tagme-rest-api.data-kub.dev.gcp.dailymotion.com
http://data-tagme-rest-api.data-kub.stage.gcp.dailymotion.com
http://daysoff.dailymotion.com
http://developer.dailymotion.com
http://developer.stage-01.dailymotion.com
http://developer.stage-02.dailymotion.com
http://developer.stage-03.dailymotion.com
http://developer.stage-04.dailymotion.com
http://developer.stage-05.dailymotion.com
http://developer.stage-06.dailymotion.com
http://developer.stage-07.dailymotion.com
http://developer.stage-08.dailymotion.com
http://developer.stage-09.dailymotion.com
http://developer.stage-10.dailymotion.com
http://developer.stage-11.dailymotion.com
http://developer.stage-12.dailymotion.com
http://developer.stage-13.dailymotion.com
http://developer.stage-14.dailymotion.com
http://developer.stage-15.dailymotion.com
http://developer.stage-16.dailymotion.com
http://developer.stage-17.dailymotion.com
http://developer.stage-18.dailymotion.com
http://developer.stage-19.dailymotion.com
http://developer.stage-20.dailymotion.com
http://developer.stage-21.dailymotion.com
http://developer.stage-22.dailymotion.com
http://developer.stage-23.dailymotion.com
http://developer.stage-24.dailymotion.com
http://developer.stage-25.dailymotion.com
http://developer.stage-26.dailymotion.com
http://developer.stage-27.dailymotion.com
http://developer.stage-28.dailymotion.com
http://developer.stage-29.dailymotion.com
http://developer.stage-30.dailymotion.com
http://developer.stage-31.dailymotion.com
http://developer.stage-32.dailymotion.com
http://developer.stage-33.dailymotion.com
http://developer.stage-34.dailymotion.com
http://developer.stage-35.dailymotion.com
http://developer.stage-36.dailymotion.com
http://developer.stage-37.dailymotion.com
http://developer.stage-38.dailymotion.com
http://developer.stage-39.dailymotion.com
http://developer.stage-40.dailymotion.com
http://developer.stage-41.dailymotion.com
http://developer.stage-42.dailymotion.com
http://developer.stage-43.dailymotion.com
http://developer.stage-44.dailymotion.com
http://developer.stage-45.dailymotion.com
http://developer.stage-46.dailymotion.com
http://developer.stage-47.dailymotion.com
http://developer.stage-48.dailymotion.com
http://developer.stage-49.dailymotion.com
http://developer.stage-50.dailymotion.com
http://developer.stage-51.dailymotion.com
http://developer.stage-52.dailymotion.com
http://developer.stage-53.dailymotion.com
http://developer.stage-54.dailymotion.com
http://developer.stage-55.dailymotion.com
http://developer.stage-56.dailymotion.com
http://developer.stage-57.dailymotion.com
http://developer.stage-58.dailymotion.com
http://developer.stage-59.dailymotion.com
http://developer.stage-60.dailymotion.com
http://developer.stage-61.dailymotion.com
http://developer.stage-62.dailymotion.com
http://developer.stage-63.dailymotion.com
http://developer.stage-64.dailymotion.com
http://developer.stage-65.dailymotion.com
http://developer.stage-66.dailymotion.com
http://developer.stage-67.dailymotion.com
http://developer.stage-68.dailymotion.com
http://developer.stage-69.dailymotion.com
http://developer.stage-70.dailymotion.com
http://developers.dailymotion.com
http://dmapi-sv4.api-aws.dailymotion.com
http://dmapi.api-aws.dailymotion.com
http://dmwww-test.api-aws.dailymotion.com
http://dmwww.api-aws.dailymotion.com
http://dmxleo.dailymotion.com
http://dmxleo.dailymotion.com:8080
http://dorne-legacy.stage-01.dailymotion.com
http://drmtoken.dailymotion.com
http://druid-broker-partner-stats.data-kub.stage.gcp.dailymotion.com
http://druid-partner-stats-oauth.data-kub.gcp.dailymotion.com
http://druid-partner-stats-oauth.data-kub.stage.gcp.dailymotion.com
http://druid-partner-stats.data-kub.gcp.dailymotion.com
http://druid-partner-stats.data-kub.stage.gcp.dailymotion.com
http://dv.dailymotion.com
http://dv.dailymotion.com:8080
http://email.dailymotion.com
http://engineering.dailymotion.com
http://family-filter.dailymotion.com
http://family-filter.stage-01.dailymotion.com
http://family-filter.stage-02.dailymotion.com
http://family-filter.stage-03.dailymotion.com
http://family-filter.stage-04.dailymotion.com
http://family-filter.stage-05.dailymotion.com
http://family-filter.stage-06.dailymotion.com
http://family-filter.stage-07.dailymotion.com
http://family-filter.stage-08.dailymotion.com
http://family-filter.stage-09.dailymotion.com
http://family-filter.stage-10.dailymotion.com
http://family-filter.stage-11.dailymotion.com
http://family-filter.stage-12.dailymotion.com
http://family-filter.stage-13.dailymotion.com
http://family-filter.stage-14.dailymotion.com
http://family-filter.stage-15.dailymotion.com
http://family-filter.stage-16.dailymotion.com
http://family-filter.stage-17.dailymotion.com
http://family-filter.stage-18.dailymotion.com
http://family-filter.stage-19.dailymotion.com
http://family-filter.stage-20.dailymotion.com
http://family-filter.stage-21.dailymotion.com
http://family-filter.stage-22.dailymotion.com
http://family-filter.stage-23.dailymotion.com
http://family-filter.stage-24.dailymotion.com
http://family-filter.stage-25.dailymotion.com
http://family-filter.stage-26.dailymotion.com
http://family-filter.stage-27.dailymotion.com
http://family-filter.stage-28.dailymotion.com
http://family-filter.stage-29.dailymotion.com
http://family-filter.stage-30.dailymotion.com
http://family-filter.stage-31.dailymotion.com
http://family-filter.stage-32.dailymotion.com
http://family-filter.stage-33.dailymotion.com
http://family-filter.stage-34.dailymotion.com
http://family-filter.stage-35.dailymotion.com
http://family-filter.stage-36.dailymotion.com
http://family-filter.stage-37.dailymotion.com
http://family-filter.stage-38.dailymotion.com
http://family-filter.stage-39.dailymotion.com
http://family-filter.stage-40.dailymotion.com
http://family-filter.stage-41.dailymotion.com
http://family-filter.stage-42.dailymotion.com
http://family-filter.stage-43.dailymotion.com
http://family-filter.stage-44.dailymotion.com
http://family-filter.stage-45.dailymotion.com
http://family-filter.stage-46.dailymotion.com
http://family-filter.stage-47.dailymotion.com
http://family-filter.stage-48.dailymotion.com
http://family-filter.stage-49.dailymotion.com
http://family-filter.stage-50.dailymotion.com
http://family-filter.stage-51.dailymotion.com
http://family-filter.stage-52.dailymotion.com
http://family-filter.stage-53.dailymotion.com
http://family-filter.stage-54.dailymotion.com
http://family-filter.stage-55.dailymotion.com
http://family-filter.stage-56.dailymotion.com
http://family-filter.stage-57.dailymotion.com
http://family-filter.stage-58.dailymotion.com
http://family-filter.stage-59.dailymotion.com
http://family-filter.stage-60.dailymotion.com
http://family-filter.stage-61.dailymotion.com
http://family-filter.stage-62.dailymotion.com
http://family-filter.stage-63.dailymotion.com
http://family-filter.stage-64.dailymotion.com
http://family-filter.stage-65.dailymotion.com
http://family-filter.stage-66.dailymotion.com
http://family-filter.stage-67.dailymotion.com
http://family-filter.stage-68.dailymotion.com
http://family-filter.stage-69.dailymotion.com
http://family-filter.stage-70.dailymotion.com
http://faq.dailymotion.com
http://faq.dailymotion.com:8443
http://feed.dc3.dailymotion.com
http://feed.ix7.dailymotion.com
http://feed.nyc.dailymotion.com
http://feed.sg1.dailymotion.com
http://feed.sv4.dailymotion.com
http://flex.dailymotion.com
http://fp.dc3.dailymotion.com
http://fp.ix7.dailymotion.com
http://fp.nyc.dailymotion.com
http://fp.sg1.dailymotion.com
http://fp.sv4.dailymotion.com
http://fr.advertising.dailymotion.com
http://frames-features.data-kub.gcp.dailymotion.com
http://frames-features.data-kub.stage.gcp.dailymotion.com
http://frames.data-kub.gcp.dailymotion.com
http://frames.data-kub.stage.gcp.dailymotion.com
http://france24.dailymotion.com
http://games.dailymotion.com
http://geo.dailymotion.com
http://grafana.data-kub.gcp.dailymotion.com
http://grafana.gcp.dailymotion.com
http://grafana.gcp.dailymotion.com:8080
http://graphql-cache.gcp.dailymotion.com
http://graphql-cache.gcp.dailymotion.com:8080
http://graphql-dc3.api.dailymotion.com
http://graphql-ix7.api.dailymotion.com
http://graphql-lrp.api.dailymotion.com
http://graphql-new.api.dailymotion.com
http://graphql-new.api.dailymotion.com:8080
http://graphql-new.gcp.dailymotion.com
http://graphql-new.gcp.dailymotion.com:8080
http://graphql-sg1.api.dailymotion.com
http://graphql-stage.api.dailymotion.com
http://graphql-stage.gcp.dailymotion.com
http://graphql-stage.gcp.dailymotion.com:8080
http://graphql-sv4.api.dailymotion.com
http://graphql.api-aws.dailymotion.com
http://graphql.api.dailymotion.com
http://graphql.gcp.dailymotion.com
http://helmcharts-stage.gcp.dailymotion.com
http://helmcharts-stage.gcp.dailymotion.com:8080
http://helmcharts.gcp.dailymotion.com
http://helmcharts.gcp.dailymotion.com:8080
http://hermes-stage.api.dailymotion.com
http://hermes.api.dailymotion.com
http://hub-playground.api.dailymotion.com
http://hub-playground.api.dailymotion.com:8080
http://hub-stage.api.dailymotion.com
http://hub-stage.api.dailymotion.com:8080
http://hub.api.dailymotion.com
http://hub.api.dailymotion.com:8080
http://hub.gcp.dailymotion.com
http://hub.gcp.dailymotion.com:8080
http://humble.dailymotion.com:8080
http://icinfra-01-pub.vip.dailymotion.com
http://icscale-01-pub-dc3-fb.vip.dailymotion.com
http://icscale-01-pub-dc3.vip.dailymotion.com
http://icscale-01-pub-ix7-fb.vip.dailymotion.com
http://icscale-01-pub-ix7.vip.dailymotion.com
http://icscale-01-pub-sg1.vip.dailymotion.com
http://icscale-01-pub-stg.vip.dailymotion.com
http://icscale-01-pub-sv4.vip.dailymotion.com
http://icscale-01-pub.vip.dailymotion.com
http://ingest-01.nyc.dailymotion.com
http://ingest-01.sg1.dailymotion.com
http://ingest-01.sv4.dailymotion.com
http://ingest-02.nyc.dailymotion.com
http://ingest-02.sg1.dailymotion.com
http://ingest-02.sv4.dailymotion.com
http://insidethetour.ondailymotion.com
http://iphone.dailymotion.com
http://iphoneapp.dailymotion.com
http://iptv.dailymotion.com
http://jira.dailymotion.com
http://jobs.dailymotion.com
http://keycloak-stage.api.dailymotion.com
http://keycloak.api.dailymotion.com
http://kibana.data-kub.dev.gcp.dailymotion.com
http://kibana.data-kub.gcp.dailymotion.com
http://kibana.data-kub.stage.gcp.dailymotion.com
http://kids.dailymotion.com
http://links.alerts.dailymotion.com
http://links.notifications.dailymotion.com
http://lrp.dailymotion.com
http://lrpapi.dailymotion.com
http://lrpgql.api-aws.dailymotion.com
http://lrpwww.dailymotion.com
http://lyncdiscover.dailymotion.com
http://lyncdiscoverinternal.dailymotion.com
http://m.dailymotion.com
http://marocinmotion.dailymotion.com
http://marocinmotion.ondailymotion.com
http://mespiresentretiens.dailymotion.com
http://mespiresentretiens.ondailymotion.com
http://mobile.dailymotion.com
http://moderation-dev.dailymotion.com
http://moderation-static.dailymotion.com:8080
http://moderation.dailymotion.com
http://msoid.dailymotion.com
http://msoid.service.dailymotion.com
http://neon-playground.dailymotion.com
http://neon-preprod.dailymotion.com
http://neon-stage.gcp.dailymotion.com
http://neon-stage.gcp.dailymotion.com:8080
http://neon.gcp.dailymotion.com
http://neon.gcp.dailymotion.com:8080
http://nextvlad.data-kub.gcp.dailymotion.com
http://nextvlad.data-kub.stage.gcp.dailymotion.com
http://nrolldailymotion.com
http://o.update.dailymotion.com
http://p.update.dailymotion.com
http://packages.dailymotion.com
http://partner-notifications-stage.api.dailymotion.com
http://partner-notifications.api.dailymotion.com
http://partner-stats.data-kub.gcp.dailymotion.com
http://partner-stats.data-kub.stage.gcp.dailymotion.com
http://partner.api.dailymotion.com
http://player.api-aws.dailymotion.com
http://player.api-aws.dailymotion.com:8080
http://post.update.dailymotion.com
http://preprod.dailymotion.com
http://prometheus-prod-ae1.gcp.dailymotion.com
http://prometheus-prod-ae1.gcp.dailymotion.com:8080
http://prometheus-prod-ew1.gcp.dailymotion.com
http://prometheus-prod-ew1.gcp.dailymotion.com:8080
http://prometheus-staging-ew1.gcp.dailymotion.com
http://prometheus-staging-ew1.gcp.dailymotion.com:8080
http://prometheus.data-kub.dev.gcp.dailymotion.com
http://prometheus.data-kub.gcp.dailymotion.com
http://prometheus.data-kub.stage.gcp.dailymotion.com
http://proxy-001.dc3.dailymotion.com
http://proxy-001.ix7.dailymotion.com
http://proxy-002.dc3.dailymotion.com
http://proxy-002.ix7.dailymotion.com
http://proxy-003.dc3.dailymotion.com
http://proxy-003.ix7.dailymotion.com
http://proxy-004.dc3.dailymotion.com
http://proxy-004.ix7.dailymotion.com
http://proxy-005.dc3.dailymotion.com
http://proxy-005.ix7.dailymotion.com
http://proxy-006.dc3.dailymotion.com
http://proxy-006.ix7.dailymotion.com
http://proxy-007.dc3.dailymotion.com
http://proxy-007.ix7.dailymotion.com
http://proxy-008.dc3.dailymotion.com
http://proxy-008.ix7.dailymotion.com
http://proxy-009.dc3.dailymotion.com
http://proxy-009.ix7.dailymotion.com
http://proxy-01.nc.dailymotion.com
http://proxy-01.nyc.dailymotion.com
http://proxy-01.sg1.dailymotion.com
http://proxy-01.sv4.dailymotion.com
http://proxy-010.dc3.dailymotion.com
http://proxy-010.ix7.dailymotion.com
http://proxy-011.dc3.dailymotion.com
http://proxy-011.ix7.dailymotion.com
http://proxy-012.dc3.dailymotion.com
http://proxy-012.ix7.dailymotion.com
http://proxy-013.dc3.dailymotion.com
http://proxy-013.ix7.dailymotion.com
http://proxy-014.dc3.dailymotion.com
http://proxy-014.ix7.dailymotion.com
http://proxy-015.dc3.dailymotion.com
http://proxy-015.ix7.dailymotion.com
http://proxy-016.dc3.dailymotion.com
http://proxy-016.ix7.dailymotion.com
http://proxy-017.dc3.dailymotion.com
http://proxy-017.ix7.dailymotion.com
http://proxy-018.dc3.dailymotion.com
http://proxy-018.ix7.dailymotion.com
http://proxy-019.dc3.dailymotion.com
http://proxy-019.ix7.dailymotion.com
http://proxy-02.nyc.dailymotion.com
http://proxy-02.sg1.dailymotion.com
http://proxy-02.sv4.dailymotion.com
http://proxy-020.dc3.dailymotion.com
http://proxy-020.ix7.dailymotion.com
http://proxy-021.dc3.dailymotion.com
http://proxy-021.ix7.dailymotion.com
http://proxy-022.dc3.dailymotion.com
http://proxy-022.ix7.dailymotion.com
http://proxy-023.dc3.dailymotion.com
http://proxy-023.ix7.dailymotion.com
http://proxy-024.dc3.dailymotion.com
http://proxy-024.ix7.dailymotion.com
http://proxy-025.dc3.dailymotion.com
http://proxy-025.ix7.dailymotion.com
http://proxy-026.dc3.dailymotion.com
http://proxy-026.ix7.dailymotion.com
http://proxy-027.dc3.dailymotion.com
http://proxy-027.ix7.dailymotion.com
http://proxy-028.dc3.dailymotion.com
http://proxy-028.ix7.dailymotion.com
http://proxy-029.dc3.dailymotion.com
http://proxy-029.ix7.dailymotion.com
http://proxy-03.nyc.dailymotion.com
http://proxy-03.sg1.dailymotion.com
http://proxy-03.sv4.dailymotion.com
http://proxy-030.dc3.dailymotion.com
http://proxy-030.ix7.dailymotion.com
http://proxy-031.dc3.dailymotion.com
http://proxy-031.ix7.dailymotion.com
http://proxy-032.dc3.dailymotion.com
http://proxy-032.ix7.dailymotion.com
http://proxy-033.dc3.dailymotion.com
http://proxy-033.ix7.dailymotion.com
http://proxy-034.dc3.dailymotion.com
http://proxy-034.ix7.dailymotion.com
http://proxy-035.dc3.dailymotion.com
http://proxy-035.ix7.dailymotion.com
http://proxy-036.dc3.dailymotion.com
http://proxy-036.ix7.dailymotion.com
http://proxy-037.dc3.dailymotion.com
http://proxy-037.ix7.dailymotion.com
http://proxy-038.dc3.dailymotion.com
http://proxy-038.ix7.dailymotion.com
http://proxy-039.dc3.dailymotion.com
http://proxy-039.ix7.dailymotion.com
http://proxy-04.nyc.dailymotion.com
http://proxy-04.sg1.dailymotion.com
http://proxy-04.sv4.dailymotion.com
http://proxy-040.dc3.dailymotion.com
http://proxy-040.ix7.dailymotion.com
http://proxy-041.dc3.dailymotion.com
http://proxy-041.ix7.dailymotion.com
http://proxy-042.dc3.dailymotion.com
http://proxy-042.ix7.dailymotion.com
http://proxy-043.dc3.dailymotion.com
http://proxy-043.ix7.dailymotion.com
http://proxy-044.dc3.dailymotion.com
http://proxy-044.ix7.dailymotion.com
http://proxy-045.dc3.dailymotion.com
http://proxy-045.ix7.dailymotion.com
http://proxy-046.dc3.dailymotion.com
http://proxy-046.ix7.dailymotion.com
http://proxy-047.dc3.dailymotion.com
http://proxy-047.ix7.dailymotion.com
http://proxy-048.dc3.dailymotion.com
http://proxy-048.ix7.dailymotion.com
http://proxy-05.nyc.dailymotion.com
http://proxy-05.sg1.dailymotion.com
http://proxy-05.sv4.dailymotion.com
http://proxy-06.nyc.dailymotion.com
http://proxy-06.sg1.dailymotion.com
http://proxy-06.sv4.dailymotion.com
http://proxy-07.nyc.dailymotion.com
http://proxy-07.sv4.dailymotion.com
http://proxy-08.nyc.dailymotion.com
http://proxy-08.sg1.dailymotion.com
http://proxy-08.sv4.dailymotion.com
http://proxy-09.nyc.dailymotion.com
http://proxy-09.sg1.dailymotion.com
http://proxy-09.sv4.dailymotion.com
http://proxy-10.nyc.dailymotion.com
http://proxy-10.sg1.dailymotion.com
http://proxy-10.sv4.dailymotion.com
http://proxy-11.nyc.dailymotion.com
http://proxy-11.sg1.dailymotion.com
http://proxy-11.sv4.dailymotion.com
http://proxy-12.nyc.dailymotion.com
http://proxy-12.sg1.dailymotion.com
http://proxy-12.sv4.dailymotion.com
http://proxy-13.nyc.dailymotion.com
http://proxy-13.sv4.dailymotion.com
http://proxy-14.nyc.dailymotion.com
http://proxy-14.sg1.dailymotion.com
http://proxy-14.sv4.dailymotion.com
http://proxy-15.nyc.dailymotion.com
http://proxy-15.sg1.dailymotion.com
http://proxy-15.sv4.dailymotion.com
http://proxy-16.nyc.dailymotion.com
http://proxy-16.sg1.dailymotion.com
http://proxy-16.sv4.dailymotion.com
http://proxy-17.nyc.dailymotion.com
http://proxy-17.sg1.dailymotion.com
http://proxy-17.sv4.dailymotion.com
http://proxy-18.nyc.dailymotion.com
http://proxy-18.sg1.dailymotion.com
http://proxy-18.sv4.dailymotion.com
http://proxy-19.nyc.dailymotion.com
http://proxy-19.sg1.dailymotion.com
http://proxy-19.sv4.dailymotion.com
http://proxy-20.nyc.dailymotion.com
http://proxy-20.sg1.dailymotion.com
http://proxy-20.sv4.dailymotion.com
http://proxy-21.nyc.dailymotion.com
http://proxy-21.sg1.dailymotion.com
http://proxy-21.sv4.dailymotion.com
http://proxy-22.nyc.dailymotion.com
http://proxy-22.sg1.dailymotion.com
http://proxy-22.sv4.dailymotion.com
http://proxy-23.sg1.dailymotion.com
http://proxy-23.sv4.dailymotion.com
http://proxy-24.sg1.dailymotion.com
http://proxy-24.sv4.dailymotion.com
http://proxy-25.sg1.dailymotion.com
http://proxy-25.sv4.dailymotion.com
http://proxy-26.sg1.dailymotion.com
http://proxy-26.sv4.dailymotion.com
http://proxy-27.sg1.dailymotion.com
http://proxy-27.sv4.dailymotion.com
http://proxy-28.sg1.dailymotion.com
http://proxy-28.sv4.dailymotion.com
http://proxy-29.sg1.dailymotion.com
http://proxy-29.sv4.dailymotion.com
http://proxy-30.sg1.dailymotion.com
http://proxy-30.sv4.dailymotion.com
http://proxy-31.sg1.dailymotion.com
http://proxy-31.sv4.dailymotion.com
http://proxy-32.sg1.dailymotion.com
http://proxy-32.sv4.dailymotion.com
http://proxy-33.sg1.dailymotion.com
http://proxy-33.sv4.dailymotion.com
http://proxy-34.sg1.dailymotion.com
http://proxy-34.sv4.dailymotion.com
http://proxy-35.sg1.dailymotion.com
http://proxy-36.sg1.dailymotion.com
http://proxy-37.sg1.dailymotion.com
http://prproxy.dailymotion.com
http://publish.dailymotion.com
http://publisher.dailymotion.com
http://publishers.dailymotion.com
http://pxl.api-aws.dailymotion.com
http://recommender-minio-ew1.gcp.dailymotion.com
http://recommender-minio-ew1.gcp.dailymotion.com:8080
http://recommender-minio-staging-ew1.gcp.dailymotion.com
http://recommender-minio-staging-ew1.gcp.dailymotion.com:8080
http://recommender-stage.gcp.dailymotion.com
http://recommender-stage.gcp.dailymotion.com:8080
http://recommender.gcp.dailymotion.com
http://recommender.gcp.dailymotion.com:8080
http://release-saas.api.dailymotion.com
http://release-saas.api.dailymotion.com:8080
http://release-saas.gcp.dailymotion.com
http://release-saas.gcp.dailymotion.com:8080
http://revenues.api-aws.dailymotion.com
http://revshare.dailymotion.com
http://s.update.dailymotion.com
http://search-playground.api.dailymotion.com
http://search-playground.api.dailymotion.com:8080
http://search-stage.api.dailymotion.com
http://search-temp.api.dailymotion.com
http://search-temp.api.dailymotion.com:8080
http://search.api-aws.dailymotion.com
http://search.api-aws.dailymotion.com:8080
http://sg.publish.dailymotion.com
http://statics.dailymotion.com
http://stream-01.dc3.dailymotion.com
http://stream-01.ix7.dailymotion.com
http://stream-01.nyc.dailymotion.com
http://stream-01.sg1.dailymotion.com
http://stream-01.sv4.dailymotion.com
http://stream-02.dc3.dailymotion.com
http://stream-02.ix7.dailymotion.com
http://stream-02.nyc.dailymotion.com
http://stream-02.sg1.dailymotion.com
http://stream-02.sv4.dailymotion.com
http://stream-03.dc3.dailymotion.com
http://stream-03.ix7.dailymotion.com
http://stream-03.nyc.dailymotion.com
http://stream-03.sg1.dailymotion.com
http://stream-03.sv4.dailymotion.com
http://stream-04.dc3.dailymotion.com
http://stream-04.ix7.dailymotion.com
http://stream-04.nyc.dailymotion.com
http://stream-04.sg1.dailymotion.com
http://stream-04.sv4.dailymotion.com
http://stream-05.dc3.dailymotion.com
http://stream-05.ix7.dailymotion.com
http://stream-05.sg1.dailymotion.com
http://stream-06.dc3.dailymotion.com
http://stream-06.ix7.dailymotion.com
http://stream-07.dc3.dailymotion.com
http://stream-07.ix7.dailymotion.com
http://stream-08.dc3.dailymotion.com
http://stream-08.ix7.dailymotion.com
http://stream-09.dc3.dailymotion.com
http://stream-09.ix7.dailymotion.com
http://stream-10.dc3.dailymotion.com
http://stream-10.ix7.dailymotion.com
http://stream-11.dc3.dailymotion.com
http://stream-11.ix7.dailymotion.com
http://stream-12.dc3.dailymotion.com
http://stream-feed.nyc.dailymotion.com
http://stream-feed.sg1.dailymotion.com
http://stream-feed.sv4.dailymotion.com
http://stream-feed.vip.dailymotion.com
http://studio.dailymotion.com
http://style.dailymotion.com
http://style.stage-01.dailymotion.com
http://style.stage-02.dailymotion.com
http://style.stage-03.dailymotion.com
http://style.stage-04.dailymotion.com
http://style.stage-05.dailymotion.com
http://style.stage-06.dailymotion.com
http://style.stage-07.dailymotion.com
http://style.stage-08.dailymotion.com
http://style.stage-09.dailymotion.com
http://style.stage-10.dailymotion.com
http://style.stage-11.dailymotion.com
http://style.stage-12.dailymotion.com
http://style.stage-13.dailymotion.com
http://style.stage-14.dailymotion.com
http://style.stage-15.dailymotion.com
http://style.stage-16.dailymotion.com
http://style.stage-17.dailymotion.com
http://style.stage-18.dailymotion.com
http://style.stage-19.dailymotion.com
http://style.stage-20.dailymotion.com
http://style.stage-21.dailymotion.com
http://style.stage-22.dailymotion.com
http://style.stage-23.dailymotion.com
http://style.stage-24.dailymotion.com
http://style.stage-25.dailymotion.com
http://style.stage-26.dailymotion.com
http://style.stage-27.dailymotion.com
http://style.stage-28.dailymotion.com
http://style.stage-29.dailymotion.com
http://style.stage-30.dailymotion.com
http://style.stage-31.dailymotion.com
http://style.stage-32.dailymotion.com
http://style.stage-33.dailymotion.com
http://style.stage-34.dailymotion.com
http://style.stage-35.dailymotion.com
http://style.stage-36.dailymotion.com
http://style.stage-37.dailymotion.com
http://style.stage-38.dailymotion.com
http://style.stage-39.dailymotion.com
http://style.stage-40.dailymotion.com
http://style.stage-41.dailymotion.com
http://style.stage-42.dailymotion.com
http://style.stage-43.dailymotion.com
http://style.stage-44.dailymotion.com
http://style.stage-45.dailymotion.com
http://style.stage-46.dailymotion.com
http://style.stage-47.dailymotion.com
http://style.stage-48.dailymotion.com
http://style.stage-49.dailymotion.com
http://style.stage-50.dailymotion.com
http://style.stage-51.dailymotion.com
http://style.stage-52.dailymotion.com
http://style.stage-53.dailymotion.com
http://style.stage-54.dailymotion.com
http://style.stage-55.dailymotion.com
http://style.stage-56.dailymotion.com
http://style.stage-57.dailymotion.com
http://style.stage-58.dailymotion.com
http://style.stage-59.dailymotion.com
http://style.stage-60.dailymotion.com
http://style.stage-61.dailymotion.com
http://style.stage-62.dailymotion.com
http://style.stage-63.dailymotion.com
http://style.stage-64.dailymotion.com
http://style.stage-65.dailymotion.com
http://style.stage-66.dailymotion.com
http://style.stage-67.dailymotion.com
http://style.stage-68.dailymotion.com
http://style.stage-69.dailymotion.com
http://style.stage-70.dailymotion.com
http://touch.dailymotion.com
http://translate.dailymotion.com
http://tvsam-01.ext.dc3.dailymotion.com
http://tvsam-02.ext.dc3.dailymotion.com
http://tvsam.dailymotion.com
http://u.update.dailymotion.com
http://uf-batch-ew1-staging.gcp.dailymotion.com
http://uf-batch-ew1-staging.gcp.dailymotion.com:8080
http://uf-batch-ew1.gcp.dailymotion.com
http://uf-batch-ew1.gcp.dailymotion.com:8080
http://uf-realtime-ew1-staging.gcp.dailymotion.com
http://uf-realtime-ew1-staging.gcp.dailymotion.com:8080
http://uf-realtime-ew1.gcp.dailymotion.com
http://uf-realtime-ew1.gcp.dailymotion.com:8080
http://update.dailymotion.com
http://upload-01.dc3.dailymotion.com
http://upload-01.nyc.dailymotion.com
http://upload-01.sg1.dailymotion.com
http://upload-01.sv4.dailymotion.com
http://upload-02.nyc.dailymotion.com
http://upload-02.sg1.dailymotion.com
http://upload-02.sv4.dailymotion.com
http://upload-10.dc3.dailymotion.com
http://upload-11.dc3.dailymotion.com
http://upload-12.dc3.dailymotion.com
http://use.publish.dailymotion.com
http://usw.publish.dailymotion.com
http://vc-batch-ew1-staging.gcp.dailymotion.com
http://vc-batch-ew1-staging.gcp.dailymotion.com:8080
http://vc-batch-ew1.gcp.dailymotion.com
http://vc-batch-ew1.gcp.dailymotion.com:8080
http://vc-realtime-ew1-staging.gcp.dailymotion.com
http://vc-realtime-ew1-staging.gcp.dailymotion.com:8080
http://vc-realtime-ew1.gcp.dailymotion.com
http://vc-realtime-ew1.gcp.dailymotion.com:8080
http://vouch.dailymotion.com
http://web.vip.dailymotion.com
http://webmail.dailymotion.com
http://wiki-01.dc3.dailymotion.com
http://wiki.dailymotion.com
http://www-dc3.dailymotion.com
http://www-ix7.dailymotion.com
http://www-origin.dailymotion.com
http://www-sg1.dailymotion.com
http://www-sv4.dailymotion.com
http://www.bahamax.dailymotion.com
http://www.dailymotion.com
http://www.fr.dailymotion.com
http://www.inrs2019.ondailymotion.com
http://www.insidethetour.ondailymotion.com
http://www.lemeilleurdelacoupedumonde.ondailymotion.com
http://www.mespiresentretiens.dailymotion.com
http://www.studio.dailymotion.com
http://wwwcf.dailymotion.com
http://wwwcname.dailymotion.com
http://xbased-new.api.dailymotion.com
http://xbased-new.api.dailymotion.com:8080
http://xbased-new.gcp.dailymotion.com
http://xbased-new.gcp.dailymotion.com:8080
http://xbased-playground.gcp.dailymotion.com
http://xbased-playground.gcp.dailymotion.com:8080
http://xbased-preprod.api.dailymotion.com
http://xbased-preprod.api.dailymotion.com:8080
http://xbased-stage.api.dailymotion.com
http://xbased-temp.api.dailymotion.com
http://xbased-temp.api.dailymotion.com:8080
https://ablink.partner.dailymotion.com
https://about.dailymotion.com
https://addir-stage01.dailymotion.com
https://adtester.dailymotion.com
https://advertisers.dailymotion.com
https://advertising.dailymotion.com
https://airflow.data-kub.dev.gcp.dailymotion.com
https://airflow.data-kub.gcp.dailymotion.com
https://airflow.data-kub.stage.gcp.dailymotion.com
https://am-01.dc3.dailymotion.com
https://am-01.dc3.dailymotion.com:4443
https://am-01.ix7.dailymotion.com
https://am-01.ix7.dailymotion.com:4443
https://am-02.dc3.dailymotion.com
https://am-02.dc3.dailymotion.com:4443
https://am-02.ix7.dailymotion.com
https://am-02.ix7.dailymotion.com:4443
https://api-dc3.dailymotion.com
https://api-ix7.dailymotion.com
https://api-origin.dailymotion.com
https://api-ro.dailymotion.com
https://api-sg1.dailymotion.com
https://api-stage-01.dailymotion.com
https://api-stage-02.dailymotion.com
https://api-stage-03.dailymotion.com
https://api-stage-04.dailymotion.com
https://api-stage-05.dailymotion.com
https://api-stage-06.dailymotion.com
https://api-stage-07.dailymotion.com
https://api-stage-09.dailymotion.com
https://api-stage-10.dailymotion.com
https://api-stage-11.dailymotion.com
https://api-stage-12.dailymotion.com
https://api-stage-13.dailymotion.com
https://api-stage-14.dailymotion.com
https://api-stage-15.dailymotion.com
https://api-stage-16.dailymotion.com
https://api-stage-17.dailymotion.com
https://api-stage-18.dailymotion.com
https://api-stage-19.dailymotion.com
https://api-stage-20.dailymotion.com
https://api-stage-21.dailymotion.com
https://api-stage-22.dailymotion.com
https://api-stage-23.dailymotion.com
https://api-stage-24.dailymotion.com
https://api-stage-25.dailymotion.com
https://api-stage-26.dailymotion.com
https://api-stage-27.dailymotion.com
https://api-stage-28.dailymotion.com
https://api-stage-29.dailymotion.com
https://api-stage-30.dailymotion.com
https://api-stage-31.dailymotion.com
https://api-stage-32.dailymotion.com
https://api-stage-33.dailymotion.com
https://api-stage-34.dailymotion.com
https://api-stage-35.dailymotion.com
https://api-stage-36.dailymotion.com
https://api-stage-37.dailymotion.com
https://api-stage-38.dailymotion.com
https://api-stage-39.dailymotion.com
https://api-stage-40.dailymotion.com
https://api-stage-41.dailymotion.com
https://api-stage-42.dailymotion.com
https://api-stage-43.dailymotion.com
https://api-stage-44.dailymotion.com
https://api-stage-45.dailymotion.com
https://api-stage-46.dailymotion.com
https://api-stage-47.dailymotion.com
https://api-stage-48.dailymotion.com
https://api-stage-49.dailymotion.com
https://api-stage-50.dailymotion.com
https://api-stage-51.dailymotion.com
https://api-stage-52.dailymotion.com
https://api-stage-53.dailymotion.com
https://api-stage-54.dailymotion.com
https://api-stage-55.dailymotion.com
https://api-stage-56.dailymotion.com
https://api-stage-57.dailymotion.com
https://api-stage-58.dailymotion.com
https://api-stage-59.dailymotion.com
https://api-stage-60.dailymotion.com
https://api-stage-61.dailymotion.com
https://api-stage-62.dailymotion.com
https://api-stage-63.dailymotion.com
https://api-stage-64.dailymotion.com
https://api-stage-65.dailymotion.com
https://api-stage-66.dailymotion.com
https://api-stage-67.dailymotion.com
https://api-stage-68.dailymotion.com
https://api-stage-69.dailymotion.com
https://api-stage-70.dailymotion.com
https://api-staging.pxl.dailymotion.com
https://api-sv4.dailymotion.com
https://api.dailymotion.com
https://api.pxl.dailymotion.com
https://api.revenues.dailymotion.com
https://api.stage-01.dailymotion.com
https://api.stage-02.dailymotion.com
https://api.stage-03.dailymotion.com
https://api.stage-04.dailymotion.com
https://api.stage-05.dailymotion.com
https://api.stage-06.dailymotion.com
https://api.stage-07.dailymotion.com
https://api.stage-08.dailymotion.com
https://api.stage-09.dailymotion.com
https://api.stage-10.dailymotion.com
https://api.stage-11.dailymotion.com
https://api.stage-12.dailymotion.com
https://api.stage-13.dailymotion.com
https://api.stage-14.dailymotion.com
https://api.stage-15.dailymotion.com
https://api.stage-16.dailymotion.com
https://api.stage-17.dailymotion.com
https://api.stage-18.dailymotion.com
https://api.stage-19.dailymotion.com
https://api.stage-20.dailymotion.com
https://api.stage-21.dailymotion.com
https://api.stage-22.dailymotion.com
https://api.stage-23.dailymotion.com
https://api.stage-24.dailymotion.com
https://api.stage-25.dailymotion.com
https://api.stage-26.dailymotion.com
https://api.stage-27.dailymotion.com
https://api.stage-28.dailymotion.com
https://api.stage-29.dailymotion.com
https://api.stage-30.dailymotion.com
https://api.stage-31.dailymotion.com
https://api.stage-32.dailymotion.com
https://api.stage-33.dailymotion.com
https://api.stage-34.dailymotion.com
https://api.stage-35.dailymotion.com
https://api.stage-36.dailymotion.com
https://api.stage-37.dailymotion.com
https://api.stage-38.dailymotion.com
https://api.stage-39.dailymotion.com
https://api.stage-40.dailymotion.com
https://api.stage-41.dailymotion.com
https://api.stage-42.dailymotion.com
https://api.stage-43.dailymotion.com
https://api.stage-44.dailymotion.com
https://api.stage-45.dailymotion.com
https://api.stage-46.dailymotion.com
https://api.stage-47.dailymotion.com
https://api.stage-48.dailymotion.com
https://api.stage-49.dailymotion.com
https://api.stage-50.dailymotion.com
https://api.stage-51.dailymotion.com
https://api.stage-52.dailymotion.com
https://api.stage-53.dailymotion.com
https://api.stage-54.dailymotion.com
https://api.stage-55.dailymotion.com
https://api.stage-56.dailymotion.com
https://api.stage-57.dailymotion.com
https://api.stage-58.dailymotion.com
https://api.stage-59.dailymotion.com
https://api.stage-60.dailymotion.com
https://api.stage-61.dailymotion.com
https://api.stage-62.dailymotion.com
https://api.stage-63.dailymotion.com
https://api.stage-64.dailymotion.com
https://api.stage-65.dailymotion.com
https://api.stage-66.dailymotion.com
https://api.stage-67.dailymotion.com
https://api.stage-68.dailymotion.com
https://api.stage-69.dailymotion.com
https://api.stage-70.dailymotion.com
https://apu.dailymotion.com
https://available-vip-zxtm-136.dailymotion.com
https://available-vip-zxtm-143.dailymotion.com
https://available-vip-zxtm-158.dailymotion.com
https://available-vip-zxtm-159.dailymotion.com
https://available-vip-zxtm-166.dailymotion.com
https://available-vip-zxtm-171.dailymotion.com
https://available-vip-zxtm-177.dailymotion.com
https://available-vip-zxtm-178.dailymotion.com
https://available-vip-zxtm-179.dailymotion.com
https://available-vip-zxtm-180.dailymotion.com
https://bahamax.dailymotion.com
https://bahamax.ondailymotion.com
https://bahamazingexperiences.dailymotion.com
https://bahamazingexperiences.ondailymotion.com
https://careers.dailymotion.com
https://cast.dailymotion.com
https://cdn-feed-dc3.vip.dailymotion.com
https://cdn-feed-ix7.vip.dailymotion.com
https://cdn-feed.vip.dailymotion.com
https://cdn.dailymotion.com
https://cdnlb-01.dc3.dailymotion.com
https://cdnlb-01.ix7.dailymotion.com
https://cdnlb-02.ix7.dailymotion.com
https://cdnlb-03.dc3.dailymotion.com
https://corpostatic.dailymotion.com
https://crproxy.dailymotion.com
https://dailymotion.com
https://data-analysts-tools.data-kub.dev.gcp.dailymotion.com
https://data-analysts-tools.data-kub.gcp.dailymotion.com
https://data-analysts-tools.data-kub.stage.gcp.dailymotion.com
https://data-analytics-ssl.data-kub.gcp.dailymotion.com
https://data-analytics-ssl.data-kub.stage.gcp.dailymotion.com
https://data-analytics.data-kub.gcp.dailymotion.com
https://data-analytics.data-kub.stage.gcp.dailymotion.com
https://data-iab-interface.data-kub.dev.gcp.dailymotion.com
https://data-iab-interface.data-kub.gcp.dailymotion.com
https://data-iab-interface.data-kub.stage.gcp.dailymotion.com
https://data-kub.dev.gcp.dailymotion.com
https://data-kub.gcp.dailymotion.com
https://data-mlflow.data-kub.dev.gcp.dailymotion.com
https://data-tagme-rest-api.data-kub.dev.gcp.dailymotion.com
https://data-tagme-rest-api.data-kub.stage.gcp.dailymotion.com
https://daysoff.dailymotion.com
https://developer.dailymotion.com
https://developer.stage-01.dailymotion.com
https://developer.stage-02.dailymotion.com
https://developer.stage-03.dailymotion.com
https://developer.stage-04.dailymotion.com
https://developer.stage-05.dailymotion.com
https://developer.stage-06.dailymotion.com
https://developer.stage-07.dailymotion.com
https://developer.stage-08.dailymotion.com
https://developer.stage-09.dailymotion.com
https://developer.stage-10.dailymotion.com
https://developer.stage-11.dailymotion.com
https://developer.stage-12.dailymotion.com
https://developer.stage-13.dailymotion.com
https://developer.stage-14.dailymotion.com
https://developer.stage-15.dailymotion.com
https://developer.stage-16.dailymotion.com
https://developer.stage-17.dailymotion.com
https://developer.stage-18.dailymotion.com
https://developer.stage-19.dailymotion.com
https://developer.stage-20.dailymotion.com
https://developer.stage-21.dailymotion.com
https://developer.stage-22.dailymotion.com
https://developer.stage-23.dailymotion.com
https://developer.stage-24.dailymotion.com
https://developer.stage-25.dailymotion.com
https://developer.stage-26.dailymotion.com
https://developer.stage-27.dailymotion.com
https://developer.stage-28.dailymotion.com
https://developer.stage-29.dailymotion.com
https://developer.stage-30.dailymotion.com
https://developer.stage-31.dailymotion.com
https://developer.stage-32.dailymotion.com
https://developer.stage-33.dailymotion.com
https://developer.stage-34.dailymotion.com
https://developer.stage-35.dailymotion.com
https://developer.stage-36.dailymotion.com
https://developer.stage-37.dailymotion.com
https://developer.stage-38.dailymotion.com
https://developer.stage-39.dailymotion.com
https://developer.stage-40.dailymotion.com
https://developer.stage-41.dailymotion.com
https://developer.stage-42.dailymotion.com
https://developer.stage-43.dailymotion.com
https://developer.stage-44.dailymotion.com
https://developer.stage-45.dailymotion.com
https://developer.stage-46.dailymotion.com
https://developer.stage-47.dailymotion.com
https://developer.stage-48.dailymotion.com
https://developer.stage-49.dailymotion.com
https://developer.stage-50.dailymotion.com
https://developer.stage-51.dailymotion.com
https://developer.stage-52.dailymotion.com
https://developer.stage-53.dailymotion.com
https://developer.stage-54.dailymotion.com
https://developer.stage-55.dailymotion.com
https://developer.stage-56.dailymotion.com
https://developer.stage-57.dailymotion.com
https://developer.stage-58.dailymotion.com
https://developer.stage-59.dailymotion.com
https://developer.stage-60.dailymotion.com
https://developer.stage-61.dailymotion.com
https://developer.stage-62.dailymotion.com
https://developer.stage-63.dailymotion.com
https://developer.stage-64.dailymotion.com
https://developer.stage-65.dailymotion.com
https://developer.stage-66.dailymotion.com
https://developer.stage-67.dailymotion.com
https://developer.stage-68.dailymotion.com
https://developer.stage-69.dailymotion.com
https://developer.stage-70.dailymotion.com
https://developers.dailymotion.com
https://dmapi-sv4.api-aws.dailymotion.com
https://dmapi.api-aws.dailymotion.com
https://dmwww-test.api-aws.dailymotion.com
https://dmwww.api-aws.dailymotion.com
https://dmxleo.dailymotion.com
https://dorne-legacy.stage-01.dailymotion.com
https://drmtoken.dailymotion.com
https://druid-broker-partner-stats.data-kub.stage.gcp.dailymotion.com
https://druid-partner-stats-oauth.data-kub.gcp.dailymotion.com
https://druid-partner-stats-oauth.data-kub.stage.gcp.dailymotion.com
https://druid-partner-stats.data-kub.gcp.dailymotion.com
https://druid-partner-stats.data-kub.stage.gcp.dailymotion.com
https://dv.dailymotion.com
https://dv.dailymotion.com:8443
https://email.dailymotion.com
https://engineering.dailymotion.com
https://ext.dailymotion.com
https://family-filter.dailymotion.com
https://family-filter.stage-01.dailymotion.com
https://family-filter.stage-02.dailymotion.com
https://family-filter.stage-03.dailymotion.com
https://family-filter.stage-04.dailymotion.com
https://family-filter.stage-05.dailymotion.com
https://family-filter.stage-06.dailymotion.com
https://family-filter.stage-07.dailymotion.com
https://family-filter.stage-08.dailymotion.com
https://family-filter.stage-09.dailymotion.com
https://family-filter.stage-10.dailymotion.com
https://family-filter.stage-11.dailymotion.com
https://family-filter.stage-12.dailymotion.com
https://family-filter.stage-13.dailymotion.com
https://family-filter.stage-14.dailymotion.com
https://family-filter.stage-15.dailymotion.com
https://family-filter.stage-16.dailymotion.com
https://family-filter.stage-17.dailymotion.com
https://family-filter.stage-18.dailymotion.com
https://family-filter.stage-19.dailymotion.com
https://family-filter.stage-20.dailymotion.com
https://family-filter.stage-21.dailymotion.com
https://family-filter.stage-22.dailymotion.com
https://family-filter.stage-23.dailymotion.com
https://family-filter.stage-24.dailymotion.com
https://family-filter.stage-25.dailymotion.com
https://family-filter.stage-26.dailymotion.com
https://family-filter.stage-27.dailymotion.com
https://family-filter.stage-28.dailymotion.com
https://family-filter.stage-29.dailymotion.com
https://family-filter.stage-30.dailymotion.com
https://family-filter.stage-31.dailymotion.com
https://family-filter.stage-32.dailymotion.com
https://family-filter.stage-33.dailymotion.com
https://family-filter.stage-34.dailymotion.com
https://family-filter.stage-35.dailymotion.com
https://family-filter.stage-36.dailymotion.com
https://family-filter.stage-37.dailymotion.com
https://family-filter.stage-38.dailymotion.com
https://family-filter.stage-39.dailymotion.com
https://family-filter.stage-40.dailymotion.com
https://family-filter.stage-41.dailymotion.com
https://family-filter.stage-42.dailymotion.com
https://family-filter.stage-43.dailymotion.com
https://family-filter.stage-44.dailymotion.com
https://family-filter.stage-45.dailymotion.com
https://family-filter.stage-46.dailymotion.com
https://family-filter.stage-47.dailymotion.com
https://family-filter.stage-48.dailymotion.com
https://family-filter.stage-49.dailymotion.com
https://family-filter.stage-50.dailymotion.com
https://family-filter.stage-51.dailymotion.com
https://family-filter.stage-52.dailymotion.com
https://family-filter.stage-53.dailymotion.com
https://family-filter.stage-54.dailymotion.com
https://family-filter.stage-55.dailymotion.com
https://family-filter.stage-56.dailymotion.com
https://family-filter.stage-57.dailymotion.com
https://family-filter.stage-58.dailymotion.com
https://family-filter.stage-59.dailymotion.com
https://family-filter.stage-60.dailymotion.com
https://family-filter.stage-61.dailymotion.com
https://family-filter.stage-62.dailymotion.com
https://family-filter.stage-63.dailymotion.com
https://family-filter.stage-64.dailymotion.com
https://family-filter.stage-65.dailymotion.com
https://family-filter.stage-66.dailymotion.com
https://family-filter.stage-67.dailymotion.com
https://family-filter.stage-68.dailymotion.com
https://family-filter.stage-69.dailymotion.com
https://family-filter.stage-70.dailymotion.com
https://faq.dailymotion.com
https://feed.dc3.dailymotion.com
https://feed.ix7.dailymotion.com
https://feed.nyc.dailymotion.com
https://feed.sg1.dailymotion.com
https://feed.sv4.dailymotion.com
https://flex.dailymotion.com
https://fp.dc3.dailymotion.com
https://fp.ix7.dailymotion.com
https://fp.nyc.dailymotion.com
https://fp.sg1.dailymotion.com
https://fp.sv4.dailymotion.com
https://fr.advertising.dailymotion.com
https://frames-features.data-kub.gcp.dailymotion.com
https://frames-features.data-kub.stage.gcp.dailymotion.com
https://frames.data-kub.gcp.dailymotion.com
https://frames.data-kub.stage.gcp.dailymotion.com
https://france24.dailymotion.com
https://games.dailymotion.com
https://geo.dailymotion.com
https://geoip.dc3.dailymotion.com
https://grafana.data-kub.gcp.dailymotion.com
https://grafana.gcp.dailymotion.com
https://graphql-cache.gcp.dailymotion.com
https://graphql-dc3.api.dailymotion.com
https://graphql-ix7.api.dailymotion.com
https://graphql-lrp.api.dailymotion.com
https://graphql-new.api.dailymotion.com
https://graphql-new.gcp.dailymotion.com
https://graphql-sg1.api.dailymotion.com
https://graphql-stage.api.dailymotion.com
https://graphql-stage.gcp.dailymotion.com
https://graphql-sv4.api.dailymotion.com
https://graphql.api-aws.dailymotion.com
https://graphql.api.dailymotion.com
https://graphql.gcp.dailymotion.com
https://helmcharts.gcp.dailymotion.com
https://hermes.api.dailymotion.com
https://hub.api.dailymotion.com
https://hub.gcp.dailymotion.com
https://humble.dailymotion.com
https://icinfra-01-pub.vip.dailymotion.com
https://icscale-01-pub-dc3-fb.vip.dailymotion.com
https://icscale-01-pub-dc3.vip.dailymotion.com
https://icscale-01-pub-ix7-fb.vip.dailymotion.com
https://icscale-01-pub-ix7.vip.dailymotion.com
https://icscale-01-pub-sg1.vip.dailymotion.com
https://icscale-01-pub-stg.vip.dailymotion.com
https://icscale-01-pub-sv4.vip.dailymotion.com
https://icscale-01-pub.vip.dailymotion.com
https://insidethetour.ondailymotion.com
https://iphone.dailymotion.com
https://iphoneapp.dailymotion.com
https://iptv.dailymotion.com
https://jira.dailymotion.com
https://jobs.dailymotion.com
https://keycloak-stage.api.dailymotion.com
https://keycloak.api.dailymotion.com
https://kibana.data-kub.dev.gcp.dailymotion.com
https://kibana.data-kub.gcp.dailymotion.com
https://kibana.data-kub.stage.gcp.dailymotion.com
https://kids.dailymotion.com
https://links.alerts.dailymotion.com
https://links.notifications.dailymotion.com
https://lrp.dailymotion.com
https://lrpapi.dailymotion.com
https://lrpgql.api-aws.dailymotion.com
https://lrpwww.dailymotion.com
https://lyncdiscover.dailymotion.com
https://lyncdiscoverinternal.dailymotion.com
https://m.dailymotion.com
https://marocinmotion.dailymotion.com
https://marocinmotion.ondailymotion.com
https://mespiresentretiens.dailymotion.com
https://mespiresentretiens.ondailymotion.com
https://mobile.dailymotion.com
https://moderation-dev.dailymotion.com
https://moderation-static.dailymotion.com
https://moderation.dailymotion.com
https://msoid.dailymotion.com
https://msoid.service.dailymotion.com
https://neon-playground.dailymotion.com
https://neon-preprod.dailymotion.com
https://neon-stage.gcp.dailymotion.com
https://neon.gcp.dailymotion.com
https://nextvlad.data-kub.gcp.dailymotion.com
https://nextvlad.data-kub.stage.gcp.dailymotion.com
https://nrolldailymotion.com
https://o.update.dailymotion.com
https://p.update.dailymotion.com
https://packages.dailymotion.com
https://partner-notifications-stage.api.dailymotion.com
https://partner-notifications.api.dailymotion.com
https://partner-stats.data-kub.gcp.dailymotion.com
https://partner-stats.data-kub.stage.gcp.dailymotion.com
https://partner.api.dailymotion.com
https://post.update.dailymotion.com
https://preprod.dailymotion.com
https://probe-01.dc3.dailymotion.com
https://prometheus-prod-ae1.gcp.dailymotion.com
https://prometheus-prod-ew1.gcp.dailymotion.com
https://prometheus-staging-ew1.gcp.dailymotion.com
https://prometheus.data-kub.dev.gcp.dailymotion.com
https://prometheus.data-kub.gcp.dailymotion.com
https://prometheus.data-kub.stage.gcp.dailymotion.com
https://proxy-001.dc3.dailymotion.com
https://proxy-001.ix7.dailymotion.com
https://proxy-002.dc3.dailymotion.com
https://proxy-002.ix7.dailymotion.com
https://proxy-003.dc3.dailymotion.com
https://proxy-003.ix7.dailymotion.com
https://proxy-004.dc3.dailymotion.com
https://proxy-004.ix7.dailymotion.com
https://proxy-005.dc3.dailymotion.com
https://proxy-005.ix7.dailymotion.com
https://proxy-006.dc3.dailymotion.com
https://proxy-006.ix7.dailymotion.com
https://proxy-007.dc3.dailymotion.com
https://proxy-007.ix7.dailymotion.com
https://proxy-008.dc3.dailymotion.com
https://proxy-008.ix7.dailymotion.com
https://proxy-009.dc3.dailymotion.com
https://proxy-009.ix7.dailymotion.com
https://proxy-01.nc.dailymotion.com
https://proxy-01.nyc.dailymotion.com
https://proxy-01.sg1.dailymotion.com
https://proxy-01.sv4.dailymotion.com
https://proxy-010.dc3.dailymotion.com
https://proxy-010.ix7.dailymotion.com
https://proxy-011.dc3.dailymotion.com
https://proxy-011.ix7.dailymotion.com
https://proxy-012.dc3.dailymotion.com
https://proxy-012.ix7.dailymotion.com
https://proxy-013.dc3.dailymotion.com
https://proxy-013.ix7.dailymotion.com
https://proxy-014.dc3.dailymotion.com
https://proxy-014.ix7.dailymotion.com
https://proxy-015.dc3.dailymotion.com
https://proxy-015.ix7.dailymotion.com
https://proxy-016.dc3.dailymotion.com
https://proxy-016.ix7.dailymotion.com
https://proxy-017.dc3.dailymotion.com
https://proxy-017.ix7.dailymotion.com
https://proxy-018.dc3.dailymotion.com
https://proxy-018.ix7.dailymotion.com
https://proxy-019.dc3.dailymotion.com
https://proxy-019.ix7.dailymotion.com
https://proxy-02.nyc.dailymotion.com
https://proxy-02.sg1.dailymotion.com
https://proxy-02.sv4.dailymotion.com
https://proxy-020.dc3.dailymotion.com
https://proxy-020.ix7.dailymotion.com
https://proxy-021.dc3.dailymotion.com
https://proxy-021.ix7.dailymotion.com
https://proxy-022.dc3.dailymotion.com
https://proxy-022.ix7.dailymotion.com
https://proxy-023.dc3.dailymotion.com
https://proxy-023.ix7.dailymotion.com
https://proxy-024.dc3.dailymotion.com
https://proxy-024.ix7.dailymotion.com
https://proxy-025.dc3.dailymotion.com
https://proxy-025.ix7.dailymotion.com
https://proxy-026.dc3.dailymotion.com
https://proxy-026.ix7.dailymotion.com
https://proxy-027.dc3.dailymotion.com
https://proxy-027.ix7.dailymotion.com
https://proxy-028.dc3.dailymotion.com
https://proxy-028.ix7.dailymotion.com
https://proxy-029.dc3.dailymotion.com
https://proxy-029.ix7.dailymotion.com
https://proxy-03.nyc.dailymotion.com
https://proxy-03.sg1.dailymotion.com
https://proxy-03.sv4.dailymotion.com
https://proxy-030.dc3.dailymotion.com
https://proxy-030.ix7.dailymotion.com
https://proxy-031.dc3.dailymotion.com
https://proxy-031.ix7.dailymotion.com
https://proxy-032.dc3.dailymotion.com
https://proxy-032.ix7.dailymotion.com
https://proxy-033.dc3.dailymotion.com
https://proxy-033.ix7.dailymotion.com
https://proxy-034.dc3.dailymotion.com
https://proxy-034.ix7.dailymotion.com
https://proxy-035.dc3.dailymotion.com
https://proxy-035.ix7.dailymotion.com
https://proxy-036.dc3.dailymotion.com
https://proxy-036.ix7.dailymotion.com
https://proxy-037.dc3.dailymotion.com
https://proxy-037.ix7.dailymotion.com
https://proxy-038.dc3.dailymotion.com
https://proxy-038.ix7.dailymotion.com
https://proxy-039.dc3.dailymotion.com
https://proxy-039.ix7.dailymotion.com
https://proxy-04.nyc.dailymotion.com
https://proxy-04.sg1.dailymotion.com
https://proxy-04.sv4.dailymotion.com
https://proxy-040.dc3.dailymotion.com
https://proxy-040.ix7.dailymotion.com
https://proxy-041.dc3.dailymotion.com
https://proxy-041.ix7.dailymotion.com
https://proxy-042.dc3.dailymotion.com
https://proxy-042.ix7.dailymotion.com
https://proxy-043.dc3.dailymotion.com
https://proxy-043.ix7.dailymotion.com
https://proxy-044.dc3.dailymotion.com
https://proxy-044.ix7.dailymotion.com
https://proxy-045.dc3.dailymotion.com
https://proxy-045.ix7.dailymotion.com
https://proxy-046.dc3.dailymotion.com
https://proxy-046.ix7.dailymotion.com
https://proxy-047.dc3.dailymotion.com
https://proxy-047.ix7.dailymotion.com
https://proxy-048.dc3.dailymotion.com
https://proxy-048.ix7.dailymotion.com
https://proxy-05.nyc.dailymotion.com
https://proxy-05.sg1.dailymotion.com
https://proxy-05.sv4.dailymotion.com
https://proxy-06.nyc.dailymotion.com
https://proxy-06.sg1.dailymotion.com
https://proxy-06.sv4.dailymotion.com
https://proxy-07.nyc.dailymotion.com
https://proxy-07.sv4.dailymotion.com
https://proxy-08.nyc.dailymotion.com
https://proxy-08.sg1.dailymotion.com
https://proxy-08.sv4.dailymotion.com
https://proxy-09.nyc.dailymotion.com
https://proxy-09.sg1.dailymotion.com
https://proxy-09.sv4.dailymotion.com
https://proxy-10.nyc.dailymotion.com
https://proxy-10.sg1.dailymotion.com
https://proxy-10.sv4.dailymotion.com
https://proxy-11.nyc.dailymotion.com
https://proxy-11.sg1.dailymotion.com
https://proxy-11.sv4.dailymotion.com
https://proxy-12.nyc.dailymotion.com
https://proxy-12.sg1.dailymotion.com
https://proxy-12.sv4.dailymotion.com
https://proxy-13.nyc.dailymotion.com
https://proxy-13.sv4.dailymotion.com
https://proxy-14.nyc.dailymotion.com
https://proxy-14.sg1.dailymotion.com
https://proxy-14.sv4.dailymotion.com
https://proxy-15.nyc.dailymotion.com
https://proxy-15.sg1.dailymotion.com
https://proxy-15.sv4.dailymotion.com
https://proxy-16.nyc.dailymotion.com
https://proxy-16.sg1.dailymotion.com
https://proxy-16.sv4.dailymotion.com
https://proxy-17.nyc.dailymotion.com
https://proxy-17.sg1.dailymotion.com
https://proxy-17.sv4.dailymotion.com
https://proxy-18.nyc.dailymotion.com
https://proxy-18.sg1.dailymotion.com
https://proxy-18.sv4.dailymotion.com
https://proxy-19.nyc.dailymotion.com
https://proxy-19.sg1.dailymotion.com
https://proxy-19.sv4.dailymotion.com
https://proxy-20.nyc.dailymotion.com
https://proxy-20.sg1.dailymotion.com
https://proxy-20.sv4.dailymotion.com
https://proxy-21.nyc.dailymotion.com
https://proxy-21.sg1.dailymotion.com
https://proxy-21.sv4.dailymotion.com
https://proxy-22.nyc.dailymotion.com
https://proxy-22.sg1.dailymotion.com
https://proxy-22.sv4.dailymotion.com
https://proxy-23.sg1.dailymotion.com
https://proxy-23.sv4.dailymotion.com
https://proxy-24.sg1.dailymotion.com
https://proxy-24.sv4.dailymotion.com
https://proxy-25.sg1.dailymotion.com
https://proxy-25.sv4.dailymotion.com
https://proxy-26.sg1.dailymotion.com
https://proxy-26.sv4.dailymotion.com
https://proxy-27.sg1.dailymotion.com
https://proxy-27.sv4.dailymotion.com
https://proxy-28.sg1.dailymotion.com
https://proxy-28.sv4.dailymotion.com
https://proxy-29.sg1.dailymotion.com
https://proxy-29.sv4.dailymotion.com
https://proxy-30.sg1.dailymotion.com
https://proxy-30.sv4.dailymotion.com
https://proxy-31.sg1.dailymotion.com
https://proxy-31.sv4.dailymotion.com
https://proxy-32.sg1.dailymotion.com
https://proxy-32.sv4.dailymotion.com
https://proxy-33.sg1.dailymotion.com
https://proxy-33.sv4.dailymotion.com
https://proxy-34.sg1.dailymotion.com
https://proxy-34.sv4.dailymotion.com
https://proxy-35.sg1.dailymotion.com
https://proxy-36.sg1.dailymotion.com
https://proxy-37.sg1.dailymotion.com
https://prproxy.dailymotion.com
https://publisher.dailymotion.com
https://publishers.dailymotion.com
https://pxl.api-aws.dailymotion.com
https://recommender-minio-ew1.gcp.dailymotion.com
https://recommender-minio-staging-ew1.gcp.dailymotion.com
https://recommender-stage.gcp.dailymotion.com
https://recommender.gcp.dailymotion.com
https://revenues.api-aws.dailymotion.com
https://revshare.dailymotion.com
https://s.update.dailymotion.com
https://search-stage.api.dailymotion.com
https://sip.dailymotion.com
https://speedtest.dailymotion.com
https://sso.dailymotion.com
https://st.dc3.dailymotion.com
https://st.nyc.dailymotion.com
https://st.sg1.dailymotion.com
https://st.sv4.dailymotion.com
https://statics.dailymotion.com
https://stream-01.dc3.dailymotion.com
https://stream-01.ix7.dailymotion.com
https://stream-01.nyc.dailymotion.com
https://stream-01.sg1.dailymotion.com
https://stream-01.sv4.dailymotion.com
https://stream-02.dc3.dailymotion.com
https://stream-02.ix7.dailymotion.com
https://stream-02.nyc.dailymotion.com
https://stream-02.sg1.dailymotion.com
https://stream-02.sv4.dailymotion.com
https://stream-03.dc3.dailymotion.com
https://stream-03.ix7.dailymotion.com
https://stream-03.nyc.dailymotion.com
https://stream-03.sg1.dailymotion.com
https://stream-03.sv4.dailymotion.com
https://stream-04.dc3.dailymotion.com
https://stream-04.ix7.dailymotion.com
https://stream-04.nyc.dailymotion.com
https://stream-04.sg1.dailymotion.com
https://stream-04.sv4.dailymotion.com
https://stream-05.dc3.dailymotion.com
https://stream-05.ix7.dailymotion.com
https://stream-05.sg1.dailymotion.com
https://stream-06.dc3.dailymotion.com
https://stream-06.ix7.dailymotion.com
https://stream-07.dc3.dailymotion.com
https://stream-07.ix7.dailymotion.com
https://stream-08.dc3.dailymotion.com
https://stream-08.ix7.dailymotion.com
https://stream-09.dc3.dailymotion.com
https://stream-09.ix7.dailymotion.com
https://stream-10.dc3.dailymotion.com
https://stream-10.ix7.dailymotion.com
https://stream-11.dc3.dailymotion.com
https://stream-11.ix7.dailymotion.com
https://stream-12.dc3.dailymotion.com
https://stream-feed.nyc.dailymotion.com
https://stream-feed.sg1.dailymotion.com
https://stream-feed.sv4.dailymotion.com
https://stream-feed.vip.dailymotion.com
https://studio.dailymotion.com
https://style.dailymotion.com
https://style.stage-01.dailymotion.com
https://style.stage-02.dailymotion.com
https://style.stage-03.dailymotion.com
https://style.stage-04.dailymotion.com
https://style.stage-05.dailymotion.com
https://style.stage-06.dailymotion.com
https://style.stage-07.dailymotion.com
https://style.stage-08.dailymotion.com
https://style.stage-09.dailymotion.com
https://style.stage-10.dailymotion.com
https://style.stage-11.dailymotion.com
https://style.stage-12.dailymotion.com
https://style.stage-13.dailymotion.com
https://style.stage-14.dailymotion.com
https://style.stage-15.dailymotion.com
https://style.stage-16.dailymotion.com
https://style.stage-17.dailymotion.com
https://style.stage-18.dailymotion.com
https://style.stage-19.dailymotion.com
https://style.stage-20.dailymotion.com
https://style.stage-21.dailymotion.com
https://style.stage-22.dailymotion.com
https://style.stage-23.dailymotion.com
https://style.stage-24.dailymotion.com
https://style.stage-25.dailymotion.com
https://style.stage-26.dailymotion.com
https://style.stage-27.dailymotion.com
https://style.stage-28.dailymotion.com
https://style.stage-29.dailymotion.com
https://style.stage-30.dailymotion.com
https://style.stage-31.dailymotion.com
https://style.stage-32.dailymotion.com
https://style.stage-33.dailymotion.com
https://style.stage-34.dailymotion.com
https://style.stage-35.dailymotion.com
https://style.stage-36.dailymotion.com
https://style.stage-37.dailymotion.com
https://style.stage-38.dailymotion.com
https://style.stage-39.dailymotion.com
https://style.stage-40.dailymotion.com
https://style.stage-41.dailymotion.com
https://style.stage-42.dailymotion.com
https://style.stage-43.dailymotion.com
https://style.stage-44.dailymotion.com
https://style.stage-45.dailymotion.com
https://style.stage-46.dailymotion.com
https://style.stage-47.dailymotion.com
https://style.stage-48.dailymotion.com
https://style.stage-49.dailymotion.com
https://style.stage-50.dailymotion.com
https://style.stage-51.dailymotion.com
https://style.stage-52.dailymotion.com
https://style.stage-53.dailymotion.com
https://style.stage-54.dailymotion.com
https://style.stage-55.dailymotion.com
https://style.stage-56.dailymotion.com
https://style.stage-57.dailymotion.com
https://style.stage-58.dailymotion.com
https://style.stage-59.dailymotion.com
https://style.stage-60.dailymotion.com
https://style.stage-61.dailymotion.com
https://style.stage-62.dailymotion.com
https://style.stage-63.dailymotion.com
https://style.stage-64.dailymotion.com
https://style.stage-65.dailymotion.com
https://style.stage-66.dailymotion.com
https://style.stage-67.dailymotion.com
https://style.stage-68.dailymotion.com
https://style.stage-69.dailymotion.com
https://style.stage-70.dailymotion.com
https://telemetry.dailymotion.com
https://test.dailymotion.com
https://tm.dc3.dailymotion.com
https://tm.nyc.dailymotion.com
https://tm.sg1.dailymotion.com
https://tm.sv4.dailymotion.com
https://touch.dailymotion.com
https://tvsam.dailymotion.com
https://u.update.dailymotion.com
https://uf-realtime-ew1-staging.gcp.dailymotion.com
https://uf-realtime-ew1.gcp.dailymotion.com
https://update.dailymotion.com
https://upload-01.dc3.dailymotion.com
https://upload-01.nyc.dailymotion.com
https://upload-01.sg1.dailymotion.com
https://upload-01.sv4.dailymotion.com
https://upload-02.nyc.dailymotion.com
https://upload-02.sg1.dailymotion.com
https://upload-02.sv4.dailymotion.com
https://upload-10.dc3.dailymotion.com
https://upload-11.dc3.dailymotion.com
https://upload-12.dc3.dailymotion.com
https://vc-batch-ew1-staging.gcp.dailymotion.com
https://vc-batch-ew1.gcp.dailymotion.com
https://vc-realtime-ew1-staging.gcp.dailymotion.com
https://vc-realtime-ew1.gcp.dailymotion.com
https://vouch.dailymotion.com
https://web.vip.dailymotion.com
https://webmail.dailymotion.com
https://wiki-01.dc3.dailymotion.com
https://wiki.dailymotion.com
https://www-dc3.dailymotion.com
https://www-ix7.dailymotion.com
https://www-origin.dailymotion.com
https://www-sg1.dailymotion.com
https://www-sv4.dailymotion.com
https://www.bahamax.dailymotion.com
https://www.dailymotion.com
https://www.fr.dailymotion.com
https://www.inrs2019.ondailymotion.com
https://www.insidethetour.ondailymotion.com
https://www.lemeilleurdelacoupedumonde.ondailymotion.com
https://www.mespiresentretiens.dailymotion.com
https://www.studio.dailymotion.com
https://wwwcf.dailymotion.com
https://wwwcname.dailymotion.com
https://xbased-playground.gcp.dailymotion.com
https://xbased-stage.api.dailymotion.com
