http://2020.demorgen.be
http://2021.demorgen.be
http://acc-mobilebackend.demorgen.be
http://acc-static.demorgen.be
http://acc-voordelen.demorgen.be
http://acc.demorgen.be
http://accounts.acc-voordelen.demorgen.be
http://accounts.demorgen.be
http://actie.demorgen.be
http://beta.demorgen.be
http://bouwjestad.demorgen.be
http://brandedcontent.demorgen.be
http://brandedcontentbe.demorgen.be
http://caps-acc.demorgen.be
http://caps.demorgen.be
http://click.klantacties.demorgen.be
http://click.klantacties.demorgen.be:8080
http://cmp.demorgen.be
http://dev.bouwjestad.demorgen.be
http://digitalekrant.demorgen.be
http://dossiers.demorgen.be
http://e.email.demorgen.be
http://e.mail.demorgen.be
http://ebike-non-prod.demorgen.be
http://esales.demorgen.be
http://ims.demorgen.be
http://klantacties.demorgen.be
http://krant.demorgen.be
http://live.demorgen.be
http://login.demorgen.be
http://login2.demorgen.be
http://mobile-acc.demorgen.be
http://mobile-beta.demorgen.be
http://mobile2.demorgen.be
http://mobilebackend.demorgen.be
http://myaccount.demorgen.be
http://oa-track.klantacties.demorgen.be
http://oa-track.klantacties.demorgen.be:8080
http://secure-acc.demorgen.be
http://secure.demorgen.be
http://shop.demorgen.be
http://social.demorgen.be
http://static.demorgen.be
http://t.klantacties.demorgen.be
http://t.klantacties.demorgen.be:8080
http://t2.klantacties.demorgen.be
http://t2.klantacties.demorgen.be:8080
http://temptation.demorgen.be
http://video.demorgen.be
http://voordelen.demorgen.be
http://webmail.demorgen.be
http://welkom.demorgen.be
http://welkom.staging.demorgen.be
http://www.click.klantacties.demorgen.be
http://www.click.klantacties.demorgen.be:8080
http://www.demorgen.be
http://www.klantacties.demorgen.be
http://www2.demorgen.be
http://zalm.demorgen.be
https://2020.demorgen.be
https://2021.demorgen.be
https://acc-mobilebackend.demorgen.be
https://acc-static.demorgen.be
https://acc-voordelen.demorgen.be
https://acc.demorgen.be
https://accounts.acc-voordelen.demorgen.be
https://accounts.demorgen.be
https://actie.demorgen.be
https://beta.demorgen.be
https://bouwjestad.demorgen.be
https://brandedcontent.demorgen.be
https://brandedcontentbe.demorgen.be
https://caps-acc.demorgen.be
https://click.klantacties.demorgen.be
https://cmp.demorgen.be
https://dev.bouwjestad.demorgen.be
https://digitalekrant.demorgen.be
https://dossiers.demorgen.be
https://e.email.demorgen.be
https://e.mail.demorgen.be
https://ebike-non-prod.demorgen.be
https://esales.demorgen.be
https://ims.demorgen.be
https://klantacties.demorgen.be
https://krant.demorgen.be
https://live.demorgen.be
https://login.demorgen.be
https://login2.demorgen.be
https://mobile-acc.demorgen.be
https://mobile-beta.demorgen.be
https://mobile2.demorgen.be
https://mobilebackend.demorgen.be
https://myaccount.demorgen.be
https://oa-track.klantacties.demorgen.be
https://secure-acc.demorgen.be
https://secure.demorgen.be
https://shop.demorgen.be
https://social.demorgen.be
https://static.demorgen.be
https://t.klantacties.demorgen.be
https://t2.klantacties.demorgen.be
https://temptation.demorgen.be
https://video.demorgen.be
https://voordelen.demorgen.be
https://webmail.demorgen.be
https://welkom.demorgen.be
https://welkom.staging.demorgen.be
https://www.click.klantacties.demorgen.be
https://www.demorgen.be
https://www.klantacties.demorgen.be
https://www2.demorgen.be
https://zalm.demorgen.be
