http://design.devicelock.com
http://dlpt.devicelock.com
http://download.devicelock.com
http://ext.office.devicelock.com
http://ftp.devicelock.com
http://lander.devicelock.com
http://licserv.devicelock.com
http://m.design.devicelock.com
http://m.devicelock.com
http://mail.devicelock.com
http://mx1.devicelock.com
http://noleaks.devicelock.com
http://office.devicelock.com
http://ru.ftp.devicelock.com
http://vpn.devicelock.com
http://www.devicelock.com
https://design.devicelock.com
https://licserv.devicelock.com:2000
https://m.design.devicelock.com
https://m.devicelock.com
https://mail.office.devicelock.com
https://mx.office.devicelock.com
https://noleaks.devicelock.com
https://www.devicelock.com
