http://ambitionhasanaddress.eurid.eu
http://centr.eurid.eu
http://eidas.eurid.eu
http://enduser.beta.eurid.eu
http://enduser.eurid.eu
http://enduser.tryout.eurid.eu
http://euridwishesyouamerrychristmas.eurid.eu
http://events.eurid.eu
http://labs.eurid.eu
http://labs.eurid.eu:2052
http://labs.eurid.eu:2082
http://labs.eurid.eu:2083
http://labs.eurid.eu:2086
http://labs.eurid.eu:2087
http://labs.eurid.eu:8080
http://labs.eurid.eu:8443
http://labs.eurid.eu:8880
http://link.eurid.eu
http://mail.eurid.eu
http://mail.lux.eurid.eu
http://mail2.eurid.eu
http://members.eurid.eu
http://mm.eurid.eu
http://mrz.beta.eurid.eu
http://mrz.eurid.eu
http://mrz.eurid.eu:2052
http://mrz.eurid.eu:2082
http://mrz.eurid.eu:2083
http://mrz.eurid.eu:2086
http://mrz.eurid.eu:2087
http://mrz.eurid.eu:8080
http://mrz.eurid.eu:8443
http://mrz.eurid.eu:8880
http://my.beta.eurid.eu
http://my.eurid.eu
http://my.tryout.eurid.eu
http://nic.eurid.eu
http://reachcustomers.eurid.eu
http://registrar.eurid.eu
http://signup.eurid.eu
http://stats.eurid.eu
http://status.eurid.eu
http://trust.eurid.eu
http://webawards.eurid.eu
http://webcat.eurid.eu
http://weblate-test.eurid.eu
http://weblate.eurid.eu
http://webstats.eurid.eu
http://whois.beta.eurid.eu
http://whois.eurid.eu
http://www.eurid.eu
http://www.webawards.eurid.eu
http://www.whois.eurid.eu
https://access1.eurid.eu
https://access2.eurid.eu
https://centr.eurid.eu
https://cryptshare.eurid.eu
https://cs.eurid.eu
https://dialin.eurid.eu
https://dialin2.eurid.eu
https://eidas.eurid.eu
https://enduser.beta.eurid.eu
https://enduser.eurid.eu
https://enduser.tryout.eurid.eu
https://euridwishesyouamerrychristmas.eurid.eu
https://events.eurid.eu
https://labs.eurid.eu
https://link.eurid.eu
https://lyncdiscover.eurid.eu
https://meet.eurid.eu
https://meet2.eurid.eu
https://members.eurid.eu
https://mm.eurid.eu
https://mrz.beta.eurid.eu
https://mrz.eurid.eu
https://my.beta.eurid.eu
https://my.eurid.eu
https://my.tryout.eurid.eu
https://nic.eurid.eu
https://reachcustomers.eurid.eu
https://registrar.eurid.eu
https://rpout.eurid.eu
https://rpout2.eurid.eu
https://signup.eurid.eu
https://sip.eurid.eu
https://stats.eurid.eu
https://status.eurid.eu
https://trust.eurid.eu
https://vpn-lu.eurid.eu
https://vpn-nl.eurid.eu
https://webawards.eurid.eu
https://webcat.eurid.eu
https://weblate-test.eurid.eu
https://weblate.eurid.eu
https://whois.beta.eurid.eu
https://whois.eurid.eu
https://www.eurid.eu
https://www.whois.eurid.eu
