http://account.flickr.com
http://apiv2.flickr.com
http://appletv-production.flickr.com
http://appletv-real.flickr.com
http://ats-rw.www.flickr.com
http://auto-up-resume.flickr.com
http://auto-up.flickr.com
http://bf1-www.flickr.com
http://bots.flickr.com
http://bup-resume.flickr.com
http://bup.flickr.com
http://dagobah.flickr.com
http://downloadr.flickr.com
http://downloads.flickr.com
http://embedr-production.flickr.com
http://embedr.flickr.com
http://extbeta1.flickr.com
http://farm1.static.flickr.com
http://farm2.static.flickr.com
http://farm3.static.flickr.com
http://farm4.static.flickr.com
http://farm5.static.flickr.com
http://farm6.static.flickr.com
http://farm66.static.flickr.com
http://farm7.static.flickr.com
http://farm8.static.flickr.com
http://farm9.static.flickr.com
http://flickr.com
http://flimg.flickr.com
http://flipv6.flickr.com
http://gq1-www.flickr.com
http://groups.flickr.com
http://heartbeat.flickr.com
http://hero.flickr.com
http://identity-api.flickr.com
http://identity-production.flickr.com
http://identity.flickr.com
http://jubilee-live.flickr.com
http://lightup.flickr.com
http://links1.flickr.com
http://live-cf.flickr.com
http://live-embedr.flickr.com
http://live-fts.flickr.com
http://live-haproxy.flickr.com
http://live-jubilee.flickr.com
http://login-dev-west.flickr.com
http://m.flickr.com
http://pc-relay-gq1.flickr.com
http://pc-relay.flickr.com
http://real-embedr.flickr.com
http://real-www.flickr.com
http://real.www.flickr.com
http://rw-api.flickr.com
http://rw-www.flickr.com
http://rw.api.flickr.com
http://rw.www.flickr.com
http://secure.flickr.com
http://static.flickr.com
http://t.flickr.com
http://test-flickr.flickr.com
http://test-jubilee.flickr.com
http://uh-qa.flickr.com
http://uh.flickr.com
http://up-resume.flickr.com
http://up.flickr.com
http://uploadr.flickr.com
http://widgets.flickr.com
http://www.flickr.com
http://ycpi-api.flickr.com
https://account.flickr.com
https://apiv2.flickr.com
https://appletv-production.flickr.com
https://appletv-real.flickr.com
https://ats-rw.www.flickr.com
https://auto-up-resume.flickr.com
https://auto-up.flickr.com
https://bf1-www.flickr.com
https://bots.flickr.com
https://bup-resume.flickr.com
https://bup.flickr.com
https://dagobah.flickr.com
https://downloadr.flickr.com
https://downloads.flickr.com
https://embedr-production.flickr.com
https://embedr.flickr.com
https://extbeta1.flickr.com
https://farm1.static.flickr.com
https://farm2.static.flickr.com
https://farm3.static.flickr.com
https://farm4.static.flickr.com
https://farm5.static.flickr.com
https://farm6.static.flickr.com
https://farm66.static.flickr.com
https://farm7.static.flickr.com
https://farm8.static.flickr.com
https://farm9.static.flickr.com
https://flickr.com
https://flimg.flickr.com
https://flipv6.flickr.com
https://gq1-www.flickr.com
https://groups.flickr.com
https://heartbeat.flickr.com
https://hero.flickr.com
https://identity-api.flickr.com
https://identity-production.flickr.com
https://identity.flickr.com
https://jubilee-live.flickr.com
https://lightup.flickr.com
https://links1.flickr.com
https://live-cf.flickr.com
https://live-embedr.flickr.com
https://live-fts.flickr.com
https://live-haproxy.flickr.com
https://live-jubilee.flickr.com
https://login-dev-west.flickr.com
https://m.flickr.com
https://pc-relay-gq1.flickr.com
https://pc-relay.flickr.com
https://real-embedr.flickr.com
https://real-www.flickr.com
https://real.www.flickr.com
https://rw-api.flickr.com
https://rw-www.flickr.com
https://rw.api.flickr.com
https://rw.www.flickr.com
https://secure.flickr.com
https://static.flickr.com
https://t.flickr.com
https://test-flickr.flickr.com
https://test-jubilee.flickr.com
https://uh-qa.flickr.com
https://uh.flickr.com
https://up-resume.flickr.com
https://up.flickr.com
https://uploadr.flickr.com
https://widgets.flickr.com
https://www.flickr.com
https://ycpi-api.flickr.com
