http://220-volt.flocktory.com
http://access-cabinet.staging.flocktory.com
http://adamas.flocktory.com
http://adzerk-fix-cabinet.staging.flocktory.com
http://alerts-cabinet.staging.flocktory.com
http://alpinabook.flocktory.com
http://api-mm.flocktory.com
http://assets.flocktory.com
http://audiences-fix-cabinet.staging.flocktory.com
http://auth-fix-cabinet.staging.flocktory.com
http://auth.flocktory.com
http://av.flocktory.com
http://beta-cabinet.flocktory.com
http://beta-cabinet.staging.flocktory.com
http://beta-sp.flocktory.com
http://beta.flocktory.com
http://blog.flocktory.com
http://bork.flocktory.com
http://cabinet.15670-utm-tooltip-staging.staging.flocktory.com
http://cabinet.adzerk-staging.staging.flocktory.com
http://cabinet.app-exchange-staging.staging.flocktory.com
http://cabinet.application-name-staging.staging.flocktory.com
http://cabinet.banners-staging.staging.flocktory.com
http://cabinet.beta-staging.staging.flocktory.com
http://cabinet.blacklist-beta-staging.staging.flocktory.com
http://cabinet.bootstrap-staging.staging.flocktory.com
http://cabinet.campaigns-map-staging.staging.flocktory.com
http://cabinet.categories-staging-master.staging.flocktory.com
http://cabinet.categories-staging.staging.flocktory.com
http://cabinet.cookies-test-staging.staging.flocktory.com
http://cabinet.editro-dnd-staging.staging.flocktory.com
http://cabinet.email-staging.staging.flocktory.com
http://cabinet.exchange-staging.staging.flocktory.com
http://cabinet.exchange-workflow-staging.staging.flocktory.com
http://cabinet.exclusions-concept-staging.staging.flocktory.com
http://cabinet.faq-staging.staging.flocktory.com
http://cabinet.feed-staging.staging.flocktory.com
http://cabinet.fix-blur-staging.staging.flocktory.com
http://cabinet.flights-staging.staging.flocktory.com
http://cabinet.floc-12179-xpush-staging.staging.flocktory.com
http://cabinet.floc-12904-staging.staging.flocktory.com
http://cabinet.floc-14287-staging.staging.flocktory.com
http://cabinet.floc-15062-staging.staging.flocktory.com
http://cabinet.floc-15103-staging.staging.flocktory.com
http://cabinet.floc-15110-staging.staging.flocktory.com
http://cabinet.floc-15151-staging.staging.flocktory.com
http://cabinet.floc-15184-staging.staging.flocktory.com
http://cabinet.floc-15230-staging.staging.flocktory.com
http://cabinet.floc-15361-staging.staging.flocktory.com
http://cabinet.floc-15544-staging.staging.flocktory.com
http://cabinet.floc-15581-staging.staging.flocktory.com
http://cabinet.floc-15600-staging.staging.flocktory.com
http://cabinet.floc-15615-staging.staging.flocktory.com
http://cabinet.floc-15616-staging.staging.flocktory.com
http://cabinet.floc-15623-staging.staging.flocktory.com
http://cabinet.floc-15672-staging.staging.flocktory.com
http://cabinet.floc-15693-staging.staging.flocktory.com
http://cabinet.floc-15710-staging.staging.flocktory.com
http://cabinet.floc-15747-staging.staging.flocktory.com
http://cabinet.floc-15759-staging.staging.flocktory.com
http://cabinet.floc-15778-staging.staging.flocktory.com
http://cabinet.floc-15938-staging.staging.flocktory.com
http://cabinet.floc-15944-staging.staging.flocktory.com
http://cabinet.floc-15947-staging.staging.flocktory.com
http://cabinet.floc-15960-staging.staging.flocktory.com
http://cabinet.floc-15974-staging.staging.flocktory.com
http://cabinet.floc-16018-staging.staging.flocktory.com
http://cabinet.floc-16024-hotkeys-staging.staging.flocktory.com
http://cabinet.floc-16027-staging.staging.flocktory.com
http://cabinet.floc-16039-staging.staging.flocktory.com
http://cabinet.floc-16116-staging.staging.flocktory.com
http://cabinet.floc-16133-staging.staging.flocktory.com
http://cabinet.floc-16135-staging.staging.flocktory.com
http://cabinet.floc-16148-staging.staging.flocktory.com
http://cabinet.floc-16224-staging.staging.flocktory.com
http://cabinet.floc-16233-staging.staging.flocktory.com
http://cabinet.floc-16252-16253-staging.staging.flocktory.com
http://cabinet.floc-16364-hotfix-staging.staging.flocktory.com
http://cabinet.floc-16471-staging.staging.flocktory.com
http://cabinet.floc-16522-staging.staging.flocktory.com
http://cabinet.floc-16551-staging.staging.flocktory.com
http://cabinet.floc-16599-staging.staging.flocktory.com
http://cabinet.floc-16742-staging.staging.flocktory.com
http://cabinet.floc-16814-staging.staging.flocktory.com
http://cabinet.floc-16823-staging.staging.flocktory.com
http://cabinet.floc-16882-staging.staging.flocktory.com
http://cabinet.floc-16995-staging.staging.flocktory.com
http://cabinet.floc-17106-staging.staging.flocktory.com
http://cabinet.floc-17111-staging.staging.flocktory.com
http://cabinet.floc-17237-staging.staging.flocktory.com
http://cabinet.floc-17424-staging.staging.flocktory.com
http://cabinet.floc-17462-staging.staging.flocktory.com
http://cabinet.floc-17463-staging.staging.flocktory.com
http://cabinet.floc-17539-staging.staging.flocktory.com
http://cabinet.floc-17633-staging.staging.flocktory.com
http://cabinet.floc-17706-staging.staging.flocktory.com
http://cabinet.floc-17840-staging.staging.flocktory.com
http://cabinet.floc-17898-staging.staging.flocktory.com
http://cabinet.floc-17911-staging.staging.flocktory.com
http://cabinet.floc-18066-staging.staging.flocktory.com
http://cabinet.floc-18111-staging.staging.flocktory.com
http://cabinet.floc-18160-staging.staging.flocktory.com
http://cabinet.floc-18432-staging.staging.flocktory.com
http://cabinet.floc-18459-staging.staging.flocktory.com
http://cabinet.floc-19293-staging.staging.flocktory.com
http://cabinet.floc-19294-staging.staging.flocktory.com
http://cabinet.floc-19300-staging.staging.flocktory.com
http://cabinet.floc-19350-staging.staging.flocktory.com
http://cabinet.floc-19969-staging.staging.flocktory.com
http://cabinet.floc-19999-staging.staging.flocktory.com
http://cabinet.floc-20508-staging.staging.flocktory.com
http://cabinet.floc-20832-staging.staging.flocktory.com
http://cabinet.flocktory.com
http://cabinet.geo-overhead-staging.staging.flocktory.com
http://cabinet.integration-staging.staging.flocktory.com
http://cabinet.integrity-ui-staging.staging.flocktory.com
http://cabinet.library-staging.staging.flocktory.com
http://cabinet.me-bug-staging.staging.flocktory.com
http://cabinet.me-staging.staging.flocktory.com
http://cabinet.menu-staging.staging.flocktory.com
http://cabinet.mm-segments-staging.staging.flocktory.com
http://cabinet.mm-staging.staging.flocktory.com
http://cabinet.new-login-staging.staging.flocktory.com
http://cabinet.nginx-staging.staging.flocktory.com
http://cabinet.no-task-error-staging.staging.flocktory.com
http://cabinet.offline-billing-staging.staging.flocktory.com
http://cabinet.ops-237-staging.staging.flocktory.com
http://cabinet.optin-trigger-staging.staging.flocktory.com
http://cabinet.percent-staging.staging.flocktory.com
http://cabinet.picasso-staging.staging.flocktory.com
http://cabinet.postcheckout-staging.staging.flocktory.com
http://cabinet.postcheckout-tracking-logs-staging.staging.flocktory.com
http://cabinet.precheckout-staging.staging.flocktory.com
http://cabinet.preview-editor-staging.staging.flocktory.com
http://cabinet.push-email-hint-staging.staging.flocktory.com
http://cabinet.r-staging.staging.flocktory.com
http://cabinet.react-staging.staging.flocktory.com
http://cabinet.request-staging.staging.flocktory.com
http://cabinet.ruby-staging.staging.flocktory.com
http://cabinet.send-new-account-email-staging.staging.flocktory.com
http://cabinet.sequence-templates-staging.staging.flocktory.com
http://cabinet.service-emails-via-mailjet-staging.staging.flocktory.com
http://cabinet.spn-staging.staging.flocktory.com
http://cabinet.sponsored-emails-workflow-staging.staging.flocktory.com
http://cabinet.sponsored-xmail-staging.staging.flocktory.com
http://cabinet.spp-staging.staging.flocktory.com
http://cabinet.temp-staging.staging.flocktory.com
http://cabinet.templates-staging.staging.flocktory.com
http://cabinet.titles-staging.staging.flocktory.com
http://cabinet.tooltip-hotfix-staging.staging.flocktory.com
http://cabinet.traffic-staging.staging.flocktory.com
http://cabinet.try-log-staging.staging.flocktory.com
http://cabinet.wc-access-staging.staging.flocktory.com
http://cabinet.webpack-staging.staging.flocktory.com
http://cabinet.xmail-reminder-staging.staging.flocktory.com
http://cabinet.xmail-staging.staging.flocktory.com
http://calendar-cabinet.staging.flocktory.com
http://calendar-fix-cabinet.staging.flocktory.com
http://calendar-hotfix-cabinet.staging.flocktory.com
http://campaign-map-fix-cabinet.staging.flocktory.com
http://cdn.flocktory.com
http://client.flocktory.com
http://components-ui-cabinet.staging.flocktory.com
http://conditional-report-cabinet.staging.flocktory.com
http://demoshop.flocktory.com
http://dochkisinochki.flocktory.com
http://eapteka.flocktory.com
http://editro-ace-cabinet.staging.flocktory.com
http://editro-ace-new-cabinet.staging.flocktory.com
http://editro-bug-cabinet.staging.flocktory.com
http://em.flocktory.com
http://emails.flocktory.com
http://esky.flocktory.com
http://exchange-emails-fix-cabinet.staging.flocktory.com
http://exchange.flocktory.com
http://fetch-segment-schema-hotfix-cabinet.staging.flocktory.com
http://fixes-cabinet.staging.flocktory.com
http://floc-17428-cabinet.staging.flocktory.com
http://floc-17834-cabinet.staging.flocktory.com
http://floc-17932-cabinet.staging.flocktory.com
http://floc-18228-cabinet.staging.flocktory.com
http://floc-18229-staging-cabinet.staging.flocktory.com
http://floc-18255-cabinet.staging.flocktory.com
http://floc-18370-cabinet.staging.flocktory.com
http://floc-18386-cabinet.staging.flocktory.com
http://floc-18390-cabinet.staging.flocktory.com
http://floc-18471-cabinet.staging.flocktory.com
http://floc-18524-cabinet.staging.flocktory.com
http://floc-18561-cabinet.staging.flocktory.com
http://floc-18574-cabinet.staging.flocktory.com
http://floc-18608-cabinet.staging.flocktory.com
http://floc-18657-cabinet.staging.flocktory.com
http://floc-18658-cabinet.staging.flocktory.com
http://floc-18692-cabinet.staging.flocktory.com
http://floc-18718-cabinet.staging.flocktory.com
http://floc-18719-cabinet.staging.flocktory.com
http://floc-18752-cabinet.staging.flocktory.com
http://floc-18814-cabinet.staging.flocktory.com
http://floc-18945-cabinet.staging.flocktory.com
http://floc-18946-cabinet.staging.flocktory.com
http://floc-18981-cabinet.staging.flocktory.com
http://floc-19140-cabinet.staging.flocktory.com
http://floc-19167-cabinet.staging.flocktory.com
http://floc-19177-cabinet.staging.flocktory.com
http://floc-19187-cabinet.staging.flocktory.com
http://floc-19281-cabinet.staging.flocktory.com
http://floc-19307-cabinet.staging.flocktory.com
http://floc-19329-cabinet.staging.flocktory.com
http://floc-19335-cabinet.staging.flocktory.com
http://floc-19431-cabinet.staging.flocktory.com
http://floc-19438-cabinet.staging.flocktory.com
http://floc-19524-cabinet.staging.flocktory.com
http://floc-19535-cabinet.staging.flocktory.com
http://floc-19552-cabinet.staging.flocktory.com
http://floc-19555-cabinet.staging.flocktory.com
http://floc-19599-cabinet.staging.flocktory.com
http://floc-19675-cabinet.staging.flocktory.com
http://floc-19744-cabinet.staging.flocktory.com
http://floc-19746-cabinet.staging.flocktory.com
http://floc-19817-cabinet.staging.flocktory.com
http://floc-19825-cabinet.staging.flocktory.com
http://floc-19855-cabinet.staging.flocktory.com
http://floc-19956-cabinet.staging.flocktory.com
http://floc-19956-hotfix-cabinet.staging.flocktory.com
http://floc-19961-cabinet.staging.flocktory.com
http://floc-20059-cabinet.staging.flocktory.com
http://floc-20124-cabinet.staging.flocktory.com
http://floc-20125-cabinet.staging.flocktory.com
http://floc-20183-cabinet.staging.flocktory.com
http://floc-20203-cabinet.staging.flocktory.com
http://floc-20237-cabinet.staging.flocktory.com
http://floc-20387-cabinet.staging.flocktory.com
http://floc-20389-cabinet.staging.flocktory.com
http://floc-20438-cabinet.staging.flocktory.com
http://floc-20458-cabinet.staging.flocktory.com
http://floc-20471-cabinet.staging.flocktory.com
http://floc-20514-cabinet.staging.flocktory.com
http://floc-20563-cabinet.staging.flocktory.com
http://floc-20619-cabinet.staging.flocktory.com
http://floc-20620-cabinet.staging.flocktory.com
http://floc-20633-cabinet.staging.flocktory.com
http://floc-20682-cabinet.staging.flocktory.com
http://floc-20693-cabinet.staging.flocktory.com
http://floc-20717-cabinet.staging.flocktory.com
http://floc-20723-cabinet.staging.flocktory.com
http://floc-20741-cabinet.staging.flocktory.com
http://floc-20776-cabinet.staging.flocktory.com
http://flocktory.com
http://gitleaks-cabinet.staging.flocktory.com
http://gold.flocktory.com
http://gold24.flocktory.com
http://gosso.flocktory.com
http://groupon.flocktory.com
http://help-cabinet.staging.flocktory.com
http://help-link-extended-cabinet.staging.flocktory.com
http://help-new-cabinet.staging.flocktory.com
http://hotfix-exchange-extra-cabinet.staging.flocktory.com
http://hotfix-exchange-fields-cabinet.staging.flocktory.com
http://hotfix-image-preview-cabinet.staging.flocktory.com
http://hotfix-nameless-campaigns-cabinet.staging.flocktory.com
http://hq.flocktory.com
http://img.sib.flocktory.com
http://integrity-backfill-hotfix-cabinet.staging.flocktory.com
http://integrity.flocktory.com
http://jquery-validation-cabinet.staging.flocktory.com
http://just.flocktory.com
http://laredoute.flocktory.com
http://list-cabinet.staging.flocktory.com
http://loccitane.flocktory.com
http://main-page-cabinet.staging.flocktory.com
http://menu-fixes-cabinet.staging.flocktory.com
http://menu-items-fix-cabinet.staging.flocktory.com
http://mgm-cabinet.staging.flocktory.com
http://mm-fail-cabinet.staging.flocktory.com
http://mm-segments-cabinet.staging.flocktory.com
http://mm.flocktory.com
http://mosigra.flocktory.com
http://mutual-exclusions-cabinet.staging.flocktory.com
http://mytoys.flocktory.com
http://new-ui-cabinet.staging.flocktory.com
http://no-task-bracketsameline-cabinet.staging.flocktory.com
http://no-task-consent-cabinet.staging.flocktory.com
http://no-task-tests-cabinet.staging.flocktory.com
http://no-task-textarea-fixes-cabinet.staging.flocktory.com
http://no-user-voice-cabinet.staging.flocktory.com
http://not-task-cabinet.staging.flocktory.com
http://ops-173-cabinet.staging.flocktory.com
http://orders-fix-cabinet.staging.flocktory.com
http://orders-state-cabinet.staging.flocktory.com
http://paper-shop.flocktory.com
http://petshop.flocktory.com
http://picasso-cabinet.staging.flocktory.com
http://ponominalu.flocktory.com
http://postcheckout-variation-fix-cabinet.staging.flocktory.com
http://precheckout-shows-cabinet.staging.flocktory.com
http://proskater.flocktory.com
http://push.flocktory.com
http://qlean.flocktory.com
http://r.sib.flocktory.com
http://read.flocktory.com
http://redken.flocktory.com
http://reports-hotfix-cabinet.staging.flocktory.com
http://reports.flocktory.com
http://revert-63-floc-18814-cabinet.staging.flocktory.com
http://s7.flocktory.com
http://search-link-hotfix-cabinet.staging.flocktory.com
http://sephora.api.flocktory.com
http://sephora.api.flocktory.com:8080
http://sephora.flocktory.com
http://sephora.flocktory.com:8080
http://servers.flocktory.com
http://servers.flocktory.com:8080
http://shophair.flocktory.com
http://sonar-cabinet.staging.flocktory.com
http://sp.flocktory.com
http://sup-16162-cabinet.staging.flocktory.com
http://support.flocktory.com
http://svyaznoy.flocktory.com
http://technopark.flocktory.com
http://templates-cabinet.staging.flocktory.com
http://templates-list-fix-cabinet.staging.flocktory.com
http://test-cabinet.staging.flocktory.com
http://theoutlet.flocktory.com
http://tom-tailor-online.flocktory.com
http://toy.flocktory.com
http://ui-cabinet.staging.flocktory.com
http://ui-refactor-cabinet.staging.flocktory.com
http://vapid-test-cabinet.staging.flocktory.com
http://vpn.flocktory.com
http://wizard-errors-cabinet.staging.flocktory.com
http://workflow-clone-fix-cabinet.staging.flocktory.com
http://workflow-fix-cabinet.staging.flocktory.com
http://workflow-interactions-cabinet.staging.flocktory.com
http://www.cabinet.flocktory.com
http://www.sp.flocktory.com
http://yves-rocher.flocktory.com
https://220-volt.flocktory.com
https://access-cabinet.staging.flocktory.com
https://adamas.flocktory.com
https://adzerk-fix-cabinet.staging.flocktory.com
https://alerts-cabinet.staging.flocktory.com
https://alpinabook.flocktory.com
https://api-mm.flocktory.com
https://assets.flocktory.com
https://audiences-fix-cabinet.staging.flocktory.com
https://auth-fix-cabinet.staging.flocktory.com
https://auth.flocktory.com
https://av.flocktory.com
https://beta-cabinet.flocktory.com
https://beta-cabinet.staging.flocktory.com
https://beta-sp.flocktory.com
https://beta.flocktory.com
https://blog.flocktory.com
https://bork.flocktory.com
https://cabinet.15670-utm-tooltip-staging.staging.flocktory.com
https://cabinet.adzerk-staging.staging.flocktory.com
https://cabinet.app-exchange-staging.staging.flocktory.com
https://cabinet.application-name-staging.staging.flocktory.com
https://cabinet.banners-staging.staging.flocktory.com
https://cabinet.beta-staging.staging.flocktory.com
https://cabinet.blacklist-beta-staging.staging.flocktory.com
https://cabinet.bootstrap-staging.staging.flocktory.com
https://cabinet.campaigns-map-staging.staging.flocktory.com
https://cabinet.categories-staging-master.staging.flocktory.com
https://cabinet.categories-staging.staging.flocktory.com
https://cabinet.cookies-test-staging.staging.flocktory.com
https://cabinet.editro-dnd-staging.staging.flocktory.com
https://cabinet.email-staging.staging.flocktory.com
https://cabinet.exchange-staging.staging.flocktory.com
https://cabinet.exchange-workflow-staging.staging.flocktory.com
https://cabinet.exclusions-concept-staging.staging.flocktory.com
https://cabinet.faq-staging.staging.flocktory.com
https://cabinet.feed-staging.staging.flocktory.com
https://cabinet.fix-blur-staging.staging.flocktory.com
https://cabinet.flights-staging.staging.flocktory.com
https://cabinet.floc-12179-xpush-staging.staging.flocktory.com
https://cabinet.floc-12904-staging.staging.flocktory.com
https://cabinet.floc-14287-staging.staging.flocktory.com
https://cabinet.floc-15062-staging.staging.flocktory.com
https://cabinet.floc-15103-staging.staging.flocktory.com
https://cabinet.floc-15110-staging.staging.flocktory.com
https://cabinet.floc-15151-staging.staging.flocktory.com
https://cabinet.floc-15184-staging.staging.flocktory.com
https://cabinet.floc-15230-staging.staging.flocktory.com
https://cabinet.floc-15361-staging.staging.flocktory.com
https://cabinet.floc-15544-staging.staging.flocktory.com
https://cabinet.floc-15581-staging.staging.flocktory.com
https://cabinet.floc-15600-staging.staging.flocktory.com
https://cabinet.floc-15615-staging.staging.flocktory.com
https://cabinet.floc-15616-staging.staging.flocktory.com
https://cabinet.floc-15623-staging.staging.flocktory.com
https://cabinet.floc-15672-staging.staging.flocktory.com
https://cabinet.floc-15693-staging.staging.flocktory.com
https://cabinet.floc-15710-staging.staging.flocktory.com
https://cabinet.floc-15747-staging.staging.flocktory.com
https://cabinet.floc-15759-staging.staging.flocktory.com
https://cabinet.floc-15778-staging.staging.flocktory.com
https://cabinet.floc-15938-staging.staging.flocktory.com
https://cabinet.floc-15944-staging.staging.flocktory.com
https://cabinet.floc-15947-staging.staging.flocktory.com
https://cabinet.floc-15960-staging.staging.flocktory.com
https://cabinet.floc-15974-staging.staging.flocktory.com
https://cabinet.floc-16018-staging.staging.flocktory.com
https://cabinet.floc-16024-hotkeys-staging.staging.flocktory.com
https://cabinet.floc-16027-staging.staging.flocktory.com
https://cabinet.floc-16039-staging.staging.flocktory.com
https://cabinet.floc-16116-staging.staging.flocktory.com
https://cabinet.floc-16133-staging.staging.flocktory.com
https://cabinet.floc-16135-staging.staging.flocktory.com
https://cabinet.floc-16148-staging.staging.flocktory.com
https://cabinet.floc-16224-staging.staging.flocktory.com
https://cabinet.floc-16233-staging.staging.flocktory.com
https://cabinet.floc-16252-16253-staging.staging.flocktory.com
https://cabinet.floc-16364-hotfix-staging.staging.flocktory.com
https://cabinet.floc-16471-staging.staging.flocktory.com
https://cabinet.floc-16522-staging.staging.flocktory.com
https://cabinet.floc-16551-staging.staging.flocktory.com
https://cabinet.floc-16599-staging.staging.flocktory.com
https://cabinet.floc-16742-staging.staging.flocktory.com
https://cabinet.floc-16814-staging.staging.flocktory.com
https://cabinet.floc-16823-staging.staging.flocktory.com
https://cabinet.floc-16882-staging.staging.flocktory.com
https://cabinet.floc-16995-staging.staging.flocktory.com
https://cabinet.floc-17106-staging.staging.flocktory.com
https://cabinet.floc-17111-staging.staging.flocktory.com
https://cabinet.floc-17237-staging.staging.flocktory.com
https://cabinet.floc-17424-staging.staging.flocktory.com
https://cabinet.floc-17462-staging.staging.flocktory.com
https://cabinet.floc-17463-staging.staging.flocktory.com
https://cabinet.floc-17539-staging.staging.flocktory.com
https://cabinet.floc-17633-staging.staging.flocktory.com
https://cabinet.floc-17706-staging.staging.flocktory.com
https://cabinet.floc-17840-staging.staging.flocktory.com
https://cabinet.floc-17898-staging.staging.flocktory.com
https://cabinet.floc-17911-staging.staging.flocktory.com
https://cabinet.floc-18066-staging.staging.flocktory.com
https://cabinet.floc-18111-staging.staging.flocktory.com
https://cabinet.floc-18160-staging.staging.flocktory.com
https://cabinet.floc-18432-staging.staging.flocktory.com
https://cabinet.floc-18459-staging.staging.flocktory.com
https://cabinet.floc-19293-staging.staging.flocktory.com
https://cabinet.floc-19294-staging.staging.flocktory.com
https://cabinet.floc-19300-staging.staging.flocktory.com
https://cabinet.floc-19350-staging.staging.flocktory.com
https://cabinet.floc-19969-staging.staging.flocktory.com
https://cabinet.floc-19999-staging.staging.flocktory.com
https://cabinet.floc-20508-staging.staging.flocktory.com
https://cabinet.floc-20832-staging.staging.flocktory.com
https://cabinet.flocktory.com
https://cabinet.geo-overhead-staging.staging.flocktory.com
https://cabinet.integration-staging.staging.flocktory.com
https://cabinet.integrity-ui-staging.staging.flocktory.com
https://cabinet.library-staging.staging.flocktory.com
https://cabinet.me-bug-staging.staging.flocktory.com
https://cabinet.me-staging.staging.flocktory.com
https://cabinet.menu-staging.staging.flocktory.com
https://cabinet.mm-segments-staging.staging.flocktory.com
https://cabinet.mm-staging.staging.flocktory.com
https://cabinet.new-login-staging.staging.flocktory.com
https://cabinet.nginx-staging.staging.flocktory.com
https://cabinet.no-task-error-staging.staging.flocktory.com
https://cabinet.offline-billing-staging.staging.flocktory.com
https://cabinet.ops-237-staging.staging.flocktory.com
https://cabinet.optin-trigger-staging.staging.flocktory.com
https://cabinet.percent-staging.staging.flocktory.com
https://cabinet.picasso-staging.staging.flocktory.com
https://cabinet.postcheckout-staging.staging.flocktory.com
https://cabinet.postcheckout-tracking-logs-staging.staging.flocktory.com
https://cabinet.precheckout-staging.staging.flocktory.com
https://cabinet.preview-editor-staging.staging.flocktory.com
https://cabinet.push-email-hint-staging.staging.flocktory.com
https://cabinet.r-staging.staging.flocktory.com
https://cabinet.react-staging.staging.flocktory.com
https://cabinet.request-staging.staging.flocktory.com
https://cabinet.ruby-staging.staging.flocktory.com
https://cabinet.send-new-account-email-staging.staging.flocktory.com
https://cabinet.sequence-templates-staging.staging.flocktory.com
https://cabinet.service-emails-via-mailjet-staging.staging.flocktory.com
https://cabinet.spn-staging.staging.flocktory.com
https://cabinet.sponsored-emails-workflow-staging.staging.flocktory.com
https://cabinet.sponsored-xmail-staging.staging.flocktory.com
https://cabinet.spp-staging.staging.flocktory.com
https://cabinet.temp-staging.staging.flocktory.com
https://cabinet.templates-staging.staging.flocktory.com
https://cabinet.titles-staging.staging.flocktory.com
https://cabinet.tooltip-hotfix-staging.staging.flocktory.com
https://cabinet.traffic-staging.staging.flocktory.com
https://cabinet.try-log-staging.staging.flocktory.com
https://cabinet.wc-access-staging.staging.flocktory.com
https://cabinet.webpack-staging.staging.flocktory.com
https://cabinet.xmail-reminder-staging.staging.flocktory.com
https://cabinet.xmail-staging.staging.flocktory.com
https://calendar-cabinet.staging.flocktory.com
https://calendar-fix-cabinet.staging.flocktory.com
https://calendar-hotfix-cabinet.staging.flocktory.com
https://campaign-map-fix-cabinet.staging.flocktory.com
https://cdn.flocktory.com
https://client.flocktory.com
https://components-ui-cabinet.staging.flocktory.com
https://conditional-report-cabinet.staging.flocktory.com
https://demoshop.flocktory.com
https://dochkisinochki.flocktory.com
https://eapteka.flocktory.com
https://editro-ace-cabinet.staging.flocktory.com
https://editro-ace-new-cabinet.staging.flocktory.com
https://editro-bug-cabinet.staging.flocktory.com
https://em.flocktory.com
https://emails.flocktory.com
https://esky.flocktory.com
https://exchange-emails-fix-cabinet.staging.flocktory.com
https://fetch-segment-schema-hotfix-cabinet.staging.flocktory.com
https://fixes-cabinet.staging.flocktory.com
https://floc-17428-cabinet.staging.flocktory.com
https://floc-17834-cabinet.staging.flocktory.com
https://floc-17932-cabinet.staging.flocktory.com
https://floc-18228-cabinet.staging.flocktory.com
https://floc-18229-staging-cabinet.staging.flocktory.com
https://floc-18255-cabinet.staging.flocktory.com
https://floc-18370-cabinet.staging.flocktory.com
https://floc-18386-cabinet.staging.flocktory.com
https://floc-18390-cabinet.staging.flocktory.com
https://floc-18471-cabinet.staging.flocktory.com
https://floc-18524-cabinet.staging.flocktory.com
https://floc-18561-cabinet.staging.flocktory.com
https://floc-18574-cabinet.staging.flocktory.com
https://floc-18608-cabinet.staging.flocktory.com
https://floc-18657-cabinet.staging.flocktory.com
https://floc-18658-cabinet.staging.flocktory.com
https://floc-18692-cabinet.staging.flocktory.com
https://floc-18718-cabinet.staging.flocktory.com
https://floc-18719-cabinet.staging.flocktory.com
https://floc-18752-cabinet.staging.flocktory.com
https://floc-18814-cabinet.staging.flocktory.com
https://floc-18945-cabinet.staging.flocktory.com
https://floc-18946-cabinet.staging.flocktory.com
https://floc-18981-cabinet.staging.flocktory.com
https://floc-19140-cabinet.staging.flocktory.com
https://floc-19167-cabinet.staging.flocktory.com
https://floc-19177-cabinet.staging.flocktory.com
https://floc-19187-cabinet.staging.flocktory.com
https://floc-19281-cabinet.staging.flocktory.com
https://floc-19307-cabinet.staging.flocktory.com
https://floc-19329-cabinet.staging.flocktory.com
https://floc-19335-cabinet.staging.flocktory.com
https://floc-19431-cabinet.staging.flocktory.com
https://floc-19438-cabinet.staging.flocktory.com
https://floc-19524-cabinet.staging.flocktory.com
https://floc-19535-cabinet.staging.flocktory.com
https://floc-19552-cabinet.staging.flocktory.com
https://floc-19555-cabinet.staging.flocktory.com
https://floc-19599-cabinet.staging.flocktory.com
https://floc-19675-cabinet.staging.flocktory.com
https://floc-19744-cabinet.staging.flocktory.com
https://floc-19746-cabinet.staging.flocktory.com
https://floc-19817-cabinet.staging.flocktory.com
https://floc-19825-cabinet.staging.flocktory.com
https://floc-19855-cabinet.staging.flocktory.com
https://floc-19956-cabinet.staging.flocktory.com
https://floc-19956-hotfix-cabinet.staging.flocktory.com
https://floc-19961-cabinet.staging.flocktory.com
https://floc-20059-cabinet.staging.flocktory.com
https://floc-20124-cabinet.staging.flocktory.com
https://floc-20125-cabinet.staging.flocktory.com
https://floc-20183-cabinet.staging.flocktory.com
https://floc-20203-cabinet.staging.flocktory.com
https://floc-20237-cabinet.staging.flocktory.com
https://floc-20387-cabinet.staging.flocktory.com
https://floc-20389-cabinet.staging.flocktory.com
https://floc-20438-cabinet.staging.flocktory.com
https://floc-20458-cabinet.staging.flocktory.com
https://floc-20471-cabinet.staging.flocktory.com
https://floc-20514-cabinet.staging.flocktory.com
https://floc-20563-cabinet.staging.flocktory.com
https://floc-20619-cabinet.staging.flocktory.com
https://floc-20620-cabinet.staging.flocktory.com
https://floc-20633-cabinet.staging.flocktory.com
https://floc-20682-cabinet.staging.flocktory.com
https://floc-20693-cabinet.staging.flocktory.com
https://floc-20717-cabinet.staging.flocktory.com
https://floc-20723-cabinet.staging.flocktory.com
https://floc-20741-cabinet.staging.flocktory.com
https://floc-20776-cabinet.staging.flocktory.com
https://flocktory.com
https://gitleaks-cabinet.staging.flocktory.com
https://gold.flocktory.com
https://gold24.flocktory.com
https://gosso.flocktory.com
https://groupon.flocktory.com
https://help-cabinet.staging.flocktory.com
https://help-link-extended-cabinet.staging.flocktory.com
https://help-new-cabinet.staging.flocktory.com
https://hotfix-exchange-extra-cabinet.staging.flocktory.com
https://hotfix-exchange-fields-cabinet.staging.flocktory.com
https://hotfix-image-preview-cabinet.staging.flocktory.com
https://hotfix-nameless-campaigns-cabinet.staging.flocktory.com
https://hq.flocktory.com
https://img.sib.flocktory.com
https://integrity-backfill-hotfix-cabinet.staging.flocktory.com
https://integrity.flocktory.com
https://jquery-validation-cabinet.staging.flocktory.com
https://just.flocktory.com
https://laredoute.flocktory.com
https://list-cabinet.staging.flocktory.com
https://loccitane.flocktory.com
https://main-page-cabinet.staging.flocktory.com
https://menu-fixes-cabinet.staging.flocktory.com
https://menu-items-fix-cabinet.staging.flocktory.com
https://mgm-cabinet.staging.flocktory.com
https://mm-fail-cabinet.staging.flocktory.com
https://mm-segments-cabinet.staging.flocktory.com
https://mm.flocktory.com
https://mosigra.flocktory.com
https://mutual-exclusions-cabinet.staging.flocktory.com
https://mytoys.flocktory.com
https://new-ui-cabinet.staging.flocktory.com
https://no-task-bracketsameline-cabinet.staging.flocktory.com
https://no-task-consent-cabinet.staging.flocktory.com
https://no-task-tests-cabinet.staging.flocktory.com
https://no-task-textarea-fixes-cabinet.staging.flocktory.com
https://no-user-voice-cabinet.staging.flocktory.com
https://not-task-cabinet.staging.flocktory.com
https://ops-173-cabinet.staging.flocktory.com
https://orders-fix-cabinet.staging.flocktory.com
https://orders-state-cabinet.staging.flocktory.com
https://paper-shop.flocktory.com
https://petshop.flocktory.com
https://picasso-cabinet.staging.flocktory.com
https://ponominalu.flocktory.com
https://postcheckout-variation-fix-cabinet.staging.flocktory.com
https://precheckout-shows-cabinet.staging.flocktory.com
https://proskater.flocktory.com
https://push.flocktory.com
https://qlean.flocktory.com
https://r.sib.flocktory.com
https://r.sib.flocktory.com:4443
https://read.flocktory.com
https://redken.flocktory.com
https://reports-hotfix-cabinet.staging.flocktory.com
https://revert-63-floc-18814-cabinet.staging.flocktory.com
https://s7.flocktory.com
https://search-link-hotfix-cabinet.staging.flocktory.com
https://sephora.api.flocktory.com
https://sephora.flocktory.com
https://servers.flocktory.com
https://shophair.flocktory.com
https://sonar-cabinet.staging.flocktory.com
https://sp.flocktory.com
https://sup-16162-cabinet.staging.flocktory.com
https://support.flocktory.com
https://support.flocktory.com:8443
https://svyaznoy.flocktory.com
https://technopark.flocktory.com
https://templates-cabinet.staging.flocktory.com
https://templates-list-fix-cabinet.staging.flocktory.com
https://test-cabinet.staging.flocktory.com
https://theoutlet.flocktory.com
https://tom-tailor-online.flocktory.com
https://toy.flocktory.com
https://ui-cabinet.staging.flocktory.com
https://ui-refactor-cabinet.staging.flocktory.com
https://vapid-test-cabinet.staging.flocktory.com
https://vpn.flocktory.com
https://wizard-errors-cabinet.staging.flocktory.com
https://workflow-clone-fix-cabinet.staging.flocktory.com
https://workflow-fix-cabinet.staging.flocktory.com
https://workflow-interactions-cabinet.staging.flocktory.com
https://www.cabinet.flocktory.com
https://www.sp.flocktory.com
https://yves-rocher.flocktory.com
