http://afspraakmaken.gamma.nl
http://api.acc.gamma.nl
http://api.acceptatie.gamma.nl
http://api.afspraakmaken.gamma.nl
http://api.gamma.nl
http://chatapp.gamma.nl
http://cloudfront.dev.gamma.nl
http://data.email.gamma.nl
http://duurzaamheidszuil.gamma.nl
http://feedback.gamma.nl
http://folder.gamma.nl
http://gamma.nl
http://kassa.acceptatie.gamma.nl
http://kassa.dev.gamma.nl
http://kassa.gamma.nl
http://kassa2.acceptatie.gamma.nl
http://kassa2.gamma.nl
http://keuzehulp.gamma.nl
http://kiosk.acceptatie.gamma.nl
http://kiosk.gamma.nl
http://kioskadmin.acceptatie.gamma.nl
http://kioskadmin.gamma.nl
http://mail.gamma.nl
http://mijn.acceptatie.gamma.nl
http://mijn.gamma.nl
http://mijn2.acceptatie.gamma.nl
http://mijn2.gamma.nl
http://origin.checkout.acc.gamma.nl
http://origin.checkout.prd.gamma.nl
http://origin.myaccount.acc.gamma.nl
http://origin.myaccount.prd.gamma.nl
http://origin.shopfront.acc.gamma.nl
http://origin.shopfront.prd.gamma.nl
http://raamdecoratieconfigurator.gamma.nl
http://shopfront.acceptatie.gamma.nl
http://shopfront.gamma.nl
http://sitemap.acceptatie.gamma.nl
http://sitemap.gamma.nl
http://sorry.gamma.nl
http://static-acceptatie.gamma.nl
http://static.gamma.nl
http://subsidie-admin.gamma.nl
http://www.acceptatie.gamma.nl
http://www.dev.gamma.nl
http://www.gamma.nl
https://afspraakmaken.gamma.nl
https://api.acc.gamma.nl
https://api.acceptatie.gamma.nl
https://api.afspraakmaken.gamma.nl
https://api.gamma.nl
https://chatapp.gamma.nl
https://data.email.gamma.nl
https://duurzaamheidszuil.gamma.nl
https://duurzaamheidszuil.gamma.nl:8443
https://feedback.gamma.nl
https://folder.gamma.nl
https://gamma.nl
https://kassa.acceptatie.gamma.nl
https://kassa.dev.gamma.nl
https://kassa.gamma.nl
https://kassa2.acceptatie.gamma.nl
https://kassa2.gamma.nl
https://keuzehulp.gamma.nl
https://kiosk.acceptatie.gamma.nl
https://kiosk.gamma.nl
https://kioskadmin.acceptatie.gamma.nl
https://kioskadmin.gamma.nl
https://mail.gamma.nl
https://mijn.acceptatie.gamma.nl
https://mijn.gamma.nl
https://mijn2.acceptatie.gamma.nl
https://mijn2.gamma.nl
https://origin.checkout.acc.gamma.nl
https://origin.checkout.prd.gamma.nl
https://origin.myaccount.acc.gamma.nl
https://origin.myaccount.prd.gamma.nl
https://origin.shopfront.acc.gamma.nl
https://origin.shopfront.prd.gamma.nl
https://raamdecoratieconfigurator.gamma.nl
https://shopfront.acceptatie.gamma.nl
https://shopfront.gamma.nl
https://sitemap.acceptatie.gamma.nl
https://sitemap.gamma.nl
https://sorry.gamma.nl
https://static-acceptatie.gamma.nl
https://static.gamma.nl
https://subsidie-admin.gamma.nl
https://subsidie-admin.gamma.nl:2222
https://www.acceptatie.gamma.nl
https://www.dev.gamma.nl
https://www.gamma.nl
