http://akamai-qa-test.goldman.com
http://akamai-test.goldman.com
http://api.ayco.goldman.com
http://api.aycouat.goldman.com
http://api.xs2a.goldman.com
http://auth.xs2a.goldman.com
http://beta.invest.goldman.com
http://cbr.pilot.goldman.com
http://cbr.prod.goldman.com
http://content-qa.goldman.com
http://content.goldman.com
http://developer.xs2a.goldman.com
http://goldman.com
http://help.invest.goldman.com
http://help.invest.goldman.com:8443
http://help.uat.invest.goldman.com
http://help.uat.invest.goldman.com:8443
http://invest.goldman.com
http://kpmg.beta.invest.goldman.com
http://kpmg.beta.uat.invest.goldman.com
http://kpmg.invest.goldman.com
http://kpmg.pilot.invest.goldman.com
http://kpmg.pilot.uat.invest.goldman.com
http://kpmg.uat.invest.goldman.com
http://login.mfa.goldman.com
http://m.goldman.com
http://m.pilot.goldman.com
http://m.qa.goldman.com
http://mfa.qa.goldman.com
http://mobile.qa.goldman.com
http://ofx.goldman.com
http://ofx.qa.goldman.com
http://pilot.goldman.com
http://pilot.invest.goldman.com
http://pilot.mfa.goldman.com
http://preview-mobile.qa.goldman.com
http://qa.goldman.com
http://resources-qa.goldman.com
http://resources.goldman.com
http://sandbox.xs2a.goldman.com
http://sports.goldman.com
http://uat.sports.goldman.com
http://v.goldman.com
http://v.invest.goldman.com
http://wealth.goldman.com
http://www.beta.invest.goldman.com
http://www.beta.uat.invest.goldman.com
http://www.goldman.com
http://www.invest.goldman.com
http://www.kpmg.beta.invest.goldman.com
http://www.kpmg.beta.uat.invest.goldman.com
http://www.kpmg.invest.goldman.com
http://www.kpmg.pilot.invest.goldman.com
http://www.kpmg.pilot.uat.invest.goldman.com
http://www.kpmg.uat.invest.goldman.com
http://www.pilot.invest.goldman.com
http://www.pilot.uat.invest.goldman.com
http://www.sports.goldman.com
http://www.uat.invest.goldman.com
http://www.wealth.goldman.com
https://akamai-qa-test.goldman.com
https://akamai-test.goldman.com
https://api.ayco.goldman.com
https://api.aycouat.goldman.com
https://auth.xs2a.goldman.com
https://beta.invest.goldman.com
https://beta.uat.invest.goldman.com
https://cbr.pilot.goldman.com
https://cbr.prod.goldman.com
https://content-qa.goldman.com
https://content.goldman.com
https://cwm-qa.goldman.com
https://cwm.goldman.com
https://cwm1.goldman.com
https://developer.xs2a.goldman.com
https://ext-qa.goldman.com
https://ext.goldman.com
https://ext1.goldman.com
https://fastlink.goldman.com
https://fastlinkqa.goldman.com
https://help.invest.goldman.com
https://help.uat.invest.goldman.com
https://invest.goldman.com
https://kpmg.beta.invest.goldman.com
https://kpmg.beta.uat.invest.goldman.com
https://kpmg.invest.goldman.com
https://kpmg.pilot.invest.goldman.com
https://kpmg.pilot.uat.invest.goldman.com
https://kpmg.uat.invest.goldman.com
https://login-qa.goldman.com
https://login-qa.psd.goldman.com
https://login.goldman.com
https://login.mfa.goldman.com
https://m.goldman.com
https://m.pilot.goldman.com
https://m.qa.goldman.com
https://mfa.qa.goldman.com
https://mobile.goldman.com
https://mobile.pilot.goldman.com
https://mobile.qa.goldman.com
https://ofx.goldman.com
https://ofx.qa.goldman.com
https://pilot.goldman.com
https://pilot.invest.goldman.com
https://pilot.mfa.goldman.com
https://pilot.uat.invest.goldman.com
https://preview-mobile.qa.goldman.com
https://qa.finologee.goldman.com
https://qa.goldman.com
https://resources-qa.goldman.com
https://resources.goldman.com
https://sandbox.xs2a.goldman.com
https://sports.goldman.com
https://uat.invest.goldman.com
https://uat.sports.goldman.com
https://v.goldman.com
https://v.invest.goldman.com
https://wealth.goldman.com
https://www.beta.invest.goldman.com
https://www.beta.uat.invest.goldman.com
https://www.goldman.com
https://www.invest.goldman.com
https://www.kpmg.beta.invest.goldman.com
https://www.kpmg.beta.uat.invest.goldman.com
https://www.kpmg.invest.goldman.com
https://www.kpmg.pilot.invest.goldman.com
https://www.kpmg.pilot.uat.invest.goldman.com
https://www.kpmg.uat.invest.goldman.com
https://www.pilot.invest.goldman.com
https://www.pilot.uat.invest.goldman.com
https://www.sports.goldman.com
https://www.uat.invest.goldman.com
https://www.wealth.goldman.com
