http://1712052.gotinder.com
http://account.gotinder.com
http://api-africa.gotinder.com
http://api-antartica.gotinder.com
http://api-asia.gotinder.com
http://api-brazil.gotinder.com
http://api-cloudfront-failover.gotinder.com
http://api-europe.gotinder.com
http://api-india.gotinder.com
http://api-indonesia.gotinder.com
http://api-north-america.gotinder.com
http://api-oceania.gotinder.com
http://api-south-america.gotinder.com
http://api-spain.gotinder.com
http://api.as1.gotinder.com
http://api.gotinder.com
http://api2.staging-membership.gotinder.com
http://assets-ssl.gotinder.com
http://blog.gotinder.com
http://blogtest.gotinder.com
http://confluence.gotinder.com
http://datarequests.gotinder.com
http://demo.gotinder.com
http://email.gotinder.com
http://email.gotinder.com:8080
http://email03.gotinder.com
http://failover-test.staging-membership.gotinder.com
http://geoapi.staging3.gotinder.com
http://gotinder.com
http://gp.gotinder.com
http://images-ssl-arg.gotinder.com
http://images-ssl-aus.gotinder.com
http://images-ssl-aut.gotinder.com
http://images-ssl-brazil.gotinder.com
http://images-ssl-can.gotinder.com
http://images-ssl-che.gotinder.com
http://images-ssl-col.gotinder.com
http://images-ssl-cze.gotinder.com
http://images-ssl-deu.gotinder.com
http://images-ssl-dnk.gotinder.com
http://images-ssl-ecu.gotinder.com
http://images-ssl-esp.gotinder.com
http://images-ssl-europe.gotinder.com
http://images-ssl-fin.gotinder.com
http://images-ssl-fra.gotinder.com
http://images-ssl-gbr.gotinder.com
http://images-ssl-hkg.gotinder.com
http://images-ssl-india.gotinder.com
http://images-ssl-indonesia.gotinder.com
http://images-ssl-ireland.gotinder.com
http://images-ssl-ita.gotinder.com
http://images-ssl-jpn.gotinder.com
http://images-ssl-mexico.gotinder.com
http://images-ssl-mys.gotinder.com
http://images-ssl-nld.gotinder.com
http://images-ssl-nor.gotinder.com
http://images-ssl-north-carolina.gotinder.com
http://images-ssl-nz.gotinder.com
http://images-ssl-ore.gotinder.com
http://images-ssl-per.gotinder.com
http://images-ssl-phl.gotinder.com
http://images-ssl-poland.gotinder.com
http://images-ssl-prt.gotinder.com
http://images-ssl-rus.gotinder.com
http://images-ssl-sau.gotinder.com
http://images-ssl-sgp.gotinder.com
http://images-ssl-sk.gotinder.com
http://images-ssl-south-america.gotinder.com
http://images-ssl-swe.gotinder.com
http://images-ssl-texas.gotinder.com
http://images-ssl-twn.gotinder.com
http://images-ssl-uae.gotinder.com
http://images-ssl-usa.gotinder.com
http://images-ssl-v2.gotinder.com
http://images-ssl-world.gotinder.com
http://images-ssl-zaf.gotinder.com
http://images-ssl.gotinder.com
http://images.gotinder.com
http://imageupload-africa.gotinder.com
http://imageupload-asia.gotinder.com
http://imageupload-brazil.gotinder.com
http://imageupload-europe.gotinder.com
http://imageupload-india.gotinder.com
http://imageupload-indonesia.gotinder.com
http://imageupload-north-america.gotinder.com
http://imageupload-oceania.gotinder.com
http://imageupload-south-america.gotinder.com
http://imageupload-spain.gotinder.com
http://imageupload.gotinder.com
http://inboxcrm-ssl.gotinder.com
http://insendio-videos.gotinder.com
http://jira.gotinder.com
http://keepalive.gotinder.com
http://marketing-images.gotinder.com
http://origin.images.gotinder.com
http://origin.static.gotinder.com
http://pagp.gotinder.com
http://preview-global.gotinder.com
http://preview-spain.gotinder.com
http://preview.gotinder.com
http://rapidfirepublish.svc.a.ue1az.gotinder.com
http://rapidfirepublish.svc.b.ue1az.gotinder.com
http://rapidfirepublish.svc.c.ue1az.gotinder.com
http://rapidfirepublish.svc.d.ue1az.gotinder.com
http://select.gotinder.com
http://sp.gotinder.com
http://static-assets.gotinder.com
http://story-assets.gotinder.com
http://story-assets.staging1.gotinder.com
http://story-assets.staging3.gotinder.com
http://swipedright.gotinder.com
http://tech.gotinder.com
http://test081719.gotinder.com
http://testing-utk.staging1.gotinder.com
http://testing.staging1.gotinder.com
http://tspdemo.gotinder.com
http://utkarsh-global-test.staging-membership.gotinder.com
http://web.a.ue1az.gotinder.com
http://web.b.ue1az.gotinder.com
http://web.c.ue1az.gotinder.com
http://web.d.ue1az.gotinder.com
http://webpxy.gotinder.com
http://website-api.gotinder.com
http://www.gotinder.com
https://1712052.gotinder.com
https://accoint.gotinder.com
https://account.gotinder.com
https://api-cf.as1.gotinder.com
https://api-cloudfront.gotinder.com
https://api-geo.as1.gotinder.com
https://api-geo.gotinder.com
https://api-mr.as1.gotinder.com
https://api-split.as1.gotinder.com
https://api-traffic.as1.gotinder.com
https://api-traffic.gotinder.com
https://api-trafficsplit.as1.gotinder.com
https://api-trafficsplit.gotinder.com
https://api-ue1az.gotinder.com
https://api.a.as1.gotinder.com
https://api.a.ue1az.gotinder.com
https://api.as1.gotinder.com
https://api.b.as1.gotinder.com
https://api.b.ue1az.gotinder.com
https://api.c.as1.gotinder.com
https://api.c.ue1az.gotinder.com
https://api.d.ue1az.gotinder.com
https://api.gotinder.com
https://api.ue1az.gotinder.com
https://api2.staging-membership.gotinder.com
https://assets-ssl.gotinder.com
https://blogtest.gotinder.com
https://confluence.gotinder.com
https://data.gotinder.com
https://datarequests.gotinder.com
https://demo.gotinder.com
https://email.gotinder.com
https://email03.gotinder.com
https://failover-test.staging-membership.gotinder.com
https://gotinder.com
https://gp.gotinder.com
https://images-ssl-can.gotinder.com
https://images-ssl-fra.gotinder.com
https://images-ssl-gbr.gotinder.com
https://images-ssl-v2.gotinder.com
https://images-ssl.gotinder.com
https://images.gotinder.com
https://imageupload-cloudfront.gotinder.com
https://imageupload.gotinder.com
https://inboxcrm-ssl.gotinder.com
https://insendio-videos.gotinder.com
https://jira.gotinder.com
https://keepalive.a.as1.gotinder.com
https://keepalive.as1.gotinder.com
https://keepalive.b.as1.gotinder.com
https://keepalive.c.as1.gotinder.com
https://keepalive.gotinder.com
https://marketing-images.gotinder.com
https://origin.images.gotinder.com
https://pagp.gotinder.com
https://polls.a.ue1az.gotinder.com
https://polls.b.ue1az.gotinder.com
https://polls.c.ue1az.gotinder.com
https://polls.d.ue1az.gotinder.com
https://preview.gotinder.com
https://rapidfireingestionpxy.svc.a.ue1az.gotinder.com
https://rapidfireingestionpxy.svc.b.ue1az.gotinder.com
https://rapidfireingestionpxy.svc.c.ue1az.gotinder.com
https://rapidfireingestionpxy.svc.d.ue1az.gotinder.com
https://rapidfireingestionpxy.ue1az.gotinder.com
https://rapidfirepublish.svc.a.ue1az.gotinder.com
https://rapidfirepublish.svc.b.ue1az.gotinder.com
https://rapidfirepublish.svc.c.ue1az.gotinder.com
https://rapidfirepublish.svc.d.ue1az.gotinder.com
https://rapidfirepublishpxy.svc.a.ue1az.gotinder.com
https://rapidfirepublishpxy.svc.b.ue1az.gotinder.com
https://rapidfirepublishpxy.svc.c.ue1az.gotinder.com
https://rapidfirepublishpxy.svc.d.ue1az.gotinder.com
https://rapidfirepublishpxy.ue1az.gotinder.com
https://select.gotinder.com
https://sp.gotinder.com
https://static-assets.gotinder.com
https://story-assets.gotinder.com
https://story-assets.staging1.gotinder.com
https://story-assets.staging3.gotinder.com
https://superlikeable.gotinder.com
https://swipedright.gotinder.com
https://tech.gotinder.com
https://test081719.gotinder.com
https://testing-utk.staging1.gotinder.com
https://tspdemo.gotinder.com
https://utkarsh-global-test.staging-membership.gotinder.com
https://web.a.ue1az.gotinder.com
https://web.b.ue1az.gotinder.com
https://web.c.ue1az.gotinder.com
https://web.d.ue1az.gotinder.com
https://webpxy.gotinder.com
https://website-api.gotinder.com
https://www.gotinder.com
