http://ad-manager-ui.grab.com
http://admiral.grab.com
http://ads-cdn.grab.com
http://analytics-merchant.grab.com
http://api-restricted.grab.com
http://aries.grab.com
http://assets-mobile.grab.com
http://assets-staging.grab.com
http://assets.gifts.grab.com
http://assets.grab.com
http://b2b-waypoint-portal.grab.com
http://bangkok.qms.grab.com
http://bolt.grab.com
http://brand.grab.com
http://business-profile.grab.com
http://business.grab.com
http://cancellah-cdn.grab.com
http://casestudy.grab.com
http://category-tile-images.grab.com
http://cdn.ads.grab.com
http://central-service-dashboard-fe.grab.com
http://click.id.mkt.grab.com
http://click.kh.mkt.grab.com
http://click.mkt.grab.com
http://click.mm.mkt.grab.com
http://click.my.mkt.grab.com
http://click.ph.mkt.grab.com
http://click.sg.mkt.grab.com
http://click.th.mkt.grab.com
http://click.vn.mkt.grab.com
http://cloud.id.mkt.grab.com
http://cloud.kh.mkt.grab.com
http://cloud.mkt.grab.com
http://cloud.mm.mkt.grab.com
http://cloud.my.mkt.grab.com
http://cloud.ph.mkt.grab.com
http://cloud.sg.mkt.grab.com
http://cloud.th.mkt.grab.com
http://cloud.vn.mkt.grab.com
http://commerce.grab.com
http://concedo-ams-ui.grab.com
http://concedo.grab.com
http://concierge.grab.com
http://conqueryoureveryday.grab.com
http://cradle.grab.com
http://csat.grab.com
http://csd.grab.com
http://dax-feedback-img.grab.com
http://dax.grab.com
http://daxexp.grab.com
http://defence.grab.com
http://design.grab.com
http://developer-admin.grab.com
http://developer.grab.com
http://developers.grab.com
http://dexter.grab.com
http://discovery-ds-public.grab.com
http://doc.grab.com
http://earlyaccess.grab.com
http://engineering.grab.com
http://enterprise.grab.com
http://experiments.grab.com
http://express-dash.grab.com
http://express.grab.com
http://finance.grab.com
http://food-merchant-help.grab.com
http://food-merchant-help.grab.com:8443
http://food-partner-api-img.grab.com
http://food-zeus.grab.com
http://food.grab.com
http://gamma-cx.grab.com
http://gamma-daxexp-public.grab.com
http://gamma-daxexp.grab.com
http://gamma-econs.grab.com
http://gamma-financial.grab.com
http://gamma-ge-dashboard.grab.com
http://gamma-geo.grab.com
http://gamma-payments.grab.com
http://gamma-public.grab.com
http://gamma-transport.grab.com
http://gamma-ut.grab.com
http://gamma.grab.com
http://gdcappt.qms.grab.com
http://geo-dashboard-ui.grab.com
http://geo-tools-ui.grab.com
http://geo-tools.grab.com
http://geotools.grab.com
http://gfb-webapp-modules.grab.com
http://gifts-media.grab.com
http://gifts.grab.com
http://go.grab.com
http://grab.com
http://grab360.grab.com
http://grabacademy.grab.com
http://grabcentral.grab.com
http://grabtaxi-grab-express.grab.com
http://grfmslive.grab.com
http://growth-public.grab.com
http://growth.grab.com
http://hackathon.grab.com
http://hawkeye-v.grab.com
http://hawkeye.grab.com
http://hc-doc.grab.com
http://hedwig-dash.grab.com
http://hedwig.grab.com
http://help.grab.com
http://hitch.grab.com
http://hodor-api.grab.com
http://hodor-assets.grab.com
http://hodor.grab.com
http://hub.grab.com
http://iam-manage.grab.com
http://icons.grab.com
http://image.id.mkt.grab.com
http://image.kh.mkt.grab.com
http://image.mkt.grab.com
http://image.mm.mkt.grab.com
http://image.my.mkt.grab.com
http://image.ph.mkt.grab.com
http://image.sg.mkt.grab.com
http://image.th.mkt.grab.com
http://image.vn.mkt.grab.com
http://imageview.grab.com
http://ims-fe.grab.com
http://incidents.grab.com
http://investors.grab.com
http://ipoh.qms.grab.com
http://jaya.grab.com
http://jira.ext.grab.com
http://jira.grab.com
http://johor.qms.grab.com
http://kh2.qms.grab.com
http://kota.qms.grab.com
http://kuantan2.qms.grab.com
http://kuching2.qms.grab.com
http://link-stg.grab.com
http://link.grab.com
http://lite.grab.com
http://localization.grab.com
http://m.grab.com
http://map.grab.com
http://maps.grab.com
http://maptiles.grab.com
http://media.grab.com
http://melaka2.qms.grab.com
http://merchant.grab.com
http://mercury.grab.com
http://modernoffice.edit.store.grab.com
http://modules.business.grab.com
http://movement.grab.com
http://mygdc1.qms.grab.com
http://mygdc2.qms.grab.com
http://object-ar-prd.grab.com
http://offers-discovery-media.grab.com
http://offers-discovery-web.grab.com
http://offers.grab.com
http://omega-loyalty.grab.com
http://omega-marketplace.grab.com
http://omega-rtc.grab.com
http://omega.grab.com
http://oncall-cradle.grab.com
http://partners.grab.com
http://pax.grab.com
http://pay-campaign-view.grab.com
http://pay-project-k.grab.com
http://pay.grab.com
http://penang.qms.grab.com
http://permissions.engineering.grab.com
http://phoenix.grab.com
http://prima.qms.grab.com
http://quest-media.grab.com
http://register.grab.com
http://reward-omega-cdn.grab.com
http://rewards.grab.com
http://rides-api-s3.grab.com
http://rudra.grab.com
http://saarthi-s3.grab.com
http://sandbox-cms.grab.com
http://sandbox-dax.grab.com
http://sandbox.grab.com
http://segmentation-platform.grab.com
http://segments-ui.grab.com
http://seller.grab.com
http://sg.finance.grab.com
http://share.grab.com
http://sharelocation.grab.com
http://signup.grab.com
http://sinming3.qms.grab.com
http://smart-city.grab.com
http://smartcity-ext.grab.com
http://smartcity.grab.com
http://sso.grab.com
http://static.grab.com
http://stellar.grab.com
http://streetview.grab.com
http://subscription-media.grab.com
http://swag.grab.com
http://sweb.grab.com
http://taxi.grab.com
http://techtraining.grab.com
http://thailand.store.grab.com
http://tmap.grab.com
http://training-portal.grab.com
http://transit.grab.com
http://trx.grab.com
http://uat.qms.grab.com
http://uat2.qms.grab.com
http://unduhspt.grab.com
http://unicorn.grab.com
http://vendor-portal.grab.com
http://video.grab.com
http://view.id.mkt.grab.com
http://view.kh.mkt.grab.com
http://view.mkt.grab.com
http://view.mm.mkt.grab.com
http://view.my.mkt.grab.com
http://view.ph.mkt.grab.com
http://view.sg.mkt.grab.com
http://view.th.mkt.grab.com
http://view.vn.mkt.grab.com
http://vn.invoice.grab.com
http://vninvoice.ext.grab.com
http://walter.grab.com
http://watchtower-api.grab.com
http://watchtower.grab.com
http://web.grab.com
http://webauth.grab.com
http://weblogin.grab.com
http://wheels.grab.com
http://wiki.grab.com
http://workday.grab.com
http://www.business.grab.com
http://www.grab.com
http://www.hub.grab.com
http://zeus.grab.com
https://ad-manager-ui.grab.com
https://admiral.grab.com
https://ads-cdn.grab.com
https://analytics-merchant.grab.com
https://api-restricted.grab.com
https://api.grab.com
https://api.jr.grab.com
https://aries.grab.com
https://assets-mobile.grab.com
https://assets-staging.grab.com
https://assets.gifts.grab.com
https://assets.grab.com
https://b2b-waypoint-portal.grab.com
https://bangkok.qms.grab.com
https://blackhole.ext.grab.com
https://bolt.grab.com
https://brand.grab.com
https://business-profile.grab.com
https://business.grab.com
https://cancellah-cdn.grab.com
https://casestudy.grab.com
https://category-tile-images.grab.com
https://central-service-dashboard-fe.grab.com
https://click.id.mkt.grab.com
https://click.kh.mkt.grab.com
https://click.mkt.grab.com
https://click.mm.mkt.grab.com
https://click.my.mkt.grab.com
https://click.ph.mkt.grab.com
https://click.sg.mkt.grab.com
https://click.th.mkt.grab.com
https://click.vn.mkt.grab.com
https://cloud.id.mkt.grab.com
https://cloud.kh.mkt.grab.com
https://cloud.mkt.grab.com
https://cloud.mm.mkt.grab.com
https://cloud.my.mkt.grab.com
https://cloud.ph.mkt.grab.com
https://cloud.sg.mkt.grab.com
https://cloud.th.mkt.grab.com
https://cloud.vn.mkt.grab.com
https://commerce.grab.com
https://concedo-ams-ui.grab.com
https://concedo.grab.com
https://concierge.grab.com
https://conqueryoureveryday.grab.com
https://cradle.grab.com
https://csat.grab.com
https://csd.grab.com
https://dax-feedback-img.grab.com
https://dax.grab.com
https://daxexp.grab.com
https://defence.grab.com
https://design.grab.com
https://developer-admin.grab.com
https://developer.grab.com
https://developers.grab.com
https://dexter.grab.com
https://discovery-ds-public.grab.com
https://doc.grab.com
https://earlyaccess.grab.com
https://engineering.grab.com
https://enterprise.grab.com
https://experiments.grab.com
https://express-dash.grab.com
https://express.grab.com
https://finance.grab.com
https://food-cms-upload2.grab.com
https://food-merchant-help.grab.com
https://food-partner-api-img.grab.com
https://food-zeus.grab.com
https://food.grab.com
https://gamma-cx.grab.com
https://gamma-daxexp-public.grab.com
https://gamma-daxexp.grab.com
https://gamma-econs.grab.com
https://gamma-financial.grab.com
https://gamma-ge-dashboard.grab.com
https://gamma-geo.grab.com
https://gamma-payments.grab.com
https://gamma-public.grab.com
https://gamma-transport.grab.com
https://gamma-ut.grab.com
https://gamma.grab.com
https://gdcappt.qms.grab.com
https://geo-dashboard-ui.grab.com
https://geo-tools-ui.grab.com
https://geo-tools.grab.com
https://geotools.grab.com
https://gfb-webapp-modules.grab.com
https://gifts-media.grab.com
https://gifts.grab.com
https://go.grab.com
https://grab.com
https://grab360.grab.com
https://grabacademy.grab.com
https://grabcentral.grab.com
https://grabtaxi-grab-express.grab.com
https://growth-public.grab.com
https://growth.grab.com
https://hackathon.grab.com
https://hawkeye-v.grab.com
https://hawkeye.grab.com
https://hc-doc.grab.com
https://hedwig-dash.grab.com
https://hedwig.grab.com
https://help.grab.com
https://hitch.grab.com
https://hodor-api.grab.com
https://hodor-assets.grab.com
https://hodor.grab.com
https://hub.grab.com
https://iam-manage.grab.com
https://icons.grab.com
https://image.id.mkt.grab.com
https://image.kh.mkt.grab.com
https://image.mkt.grab.com
https://image.mm.mkt.grab.com
https://image.my.mkt.grab.com
https://image.ph.mkt.grab.com
https://image.sg.mkt.grab.com
https://image.th.mkt.grab.com
https://image.vn.mkt.grab.com
https://imageview.grab.com
https://ims-fe.grab.com
https://incidents.grab.com
https://investors.grab.com
https://ipoh.qms.grab.com
https://jaya.grab.com
https://jira.ext.grab.com
https://jira.grab.com
https://johor.qms.grab.com
https://kh2.qms.grab.com
https://kota.qms.grab.com
https://kuantan2.qms.grab.com
https://kuching2.qms.grab.com
https://link-stg.grab.com
https://link.grab.com
https://lite.grab.com
https://localization.grab.com
https://m.grab.com
https://map.grab.com
https://maps.grab.com
https://maptiles.grab.com
https://media.grab.com
https://melaka2.qms.grab.com
https://merchant.grab.com
https://mercury.grab.com
https://modules.business.grab.com
https://movement.grab.com
https://mygdc1.qms.grab.com
https://mygdc2.qms.grab.com
https://object-ar-prd.grab.com
https://offers-discovery-media.grab.com
https://offers-discovery-web.grab.com
https://offers.grab.com
https://omega-loyalty.grab.com
https://omega-marketplace.grab.com
https://omega-rtc.grab.com
https://omega.grab.com
https://oncall-cradle.grab.com
https://open.grab.com
https://partner-api.grab.com
https://partner-api3.grab.com
https://partner-gateway.grab.com
https://partners-api.grab.com
https://pax.grab.com
https://pay-campaign-view.grab.com
https://pay-project-k.grab.com
https://pay.grab.com
https://penang.qms.grab.com
https://permissions.engineering.grab.com
https://phoenix.grab.com
https://portal.grab.com
https://prima.qms.grab.com
https://public.grab.com
https://quest-media.grab.com
https://register.grab.com
https://reward-omega-cdn.grab.com
https://rewards.grab.com
https://rides-api-s3.grab.com
https://rudra.grab.com
https://s3.permissions.engineering.grab.com
https://saarthi-s3.grab.com
https://sandbox-cms.grab.com
https://sandbox-dax.grab.com
https://sandbox.grab.com
https://segmentation-platform.grab.com
https://segments-ui.grab.com
https://seller.grab.com
https://sg.finance.grab.com
https://share.grab.com
https://sharelocation.grab.com
https://signup.grab.com
https://sinming3.qms.grab.com
https://smart-city.grab.com
https://smartcity-ext.grab.com
https://smartcity.grab.com
https://spacetime.ext.grab.com
https://sso.grab.com
https://static.grab.com
https://stellar.grab.com
https://streetview.grab.com
https://subscription-media.grab.com
https://supernova.ext.grab.com
https://swag.grab.com
https://sweb.grab.com
https://taxi.grab.com
https://techtraining.grab.com
https://training-portal.grab.com
https://transit.grab.com
https://trx.grab.com
https://uat.qms.grab.com
https://uat2.qms.grab.com
https://unduhspt.grab.com
https://unicorn.grab.com
https://vendor-portal.grab.com
https://video.grab.com
https://view.id.mkt.grab.com
https://view.kh.mkt.grab.com
https://view.mkt.grab.com
https://view.mm.mkt.grab.com
https://view.my.mkt.grab.com
https://view.ph.mkt.grab.com
https://view.sg.mkt.grab.com
https://view.th.mkt.grab.com
https://view.vn.mkt.grab.com
https://vn.invoice.grab.com
https://vninvoice.ext.grab.com
https://walter.grab.com
https://watchtower-api.grab.com
https://watchtower.grab.com
https://web.grab.com
https://webauth.grab.com
https://weblogin.grab.com
https://wheels.grab.com
https://wiki.grab.com
https://workday.grab.com
https://www.business.grab.com
https://www.grab.com
https://www.hub.grab.com
https://zeus.grab.com
