http://account.grammarly.com
http://answers.grammarly.com
http://app.grammarly.com
http://apps-public.grammarly.com
http://assets.grammarly.com
http://autodiscover.ool.grammarly.com
http://autoreport.grammarly.com
http://blog.grammarly.com
http://contenthub-static.grammarly.com
http://demo.grammarly.com
http://denali-static.grammarly.com
http://developer.grammarly.com
http://developers.grammarly.com
http://download-bundle.grammarly.com
http://download-editor.grammarly.com
http://download-mac.grammarly.com
http://download-office.grammarly.com
http://download-windows.grammarly.com
http://ed.grammarly.com
http://extension-popup-editor.grammarly.com
http://go.grammarly.com
http://handbook.grammarly.com
http://hello.grammarly.com
http://iosapp-beta.grammarly.com
http://iosapp.grammarly.com
http://js.grammarly.com
http://knots.grammarly.com
http://m.grammarly.com
http://mail.grammarly.com
http://nspl.grammarly.com
http://officeaddin.grammarly.com
http://rwsgfy.grammarly.com
http://static-v2.institution.grammarly.com
http://static-web.grammarly.com
http://static.fridge.grammarly.com
http://static.grammarly.com
http://subscription.grammarly.com
http://tech.grammarly.com
http://ua-gec-dataset.grammarly.com
http://update-officeaddin.grammarly.com
http://update-windows.grammarly.com
http://update.grammarly.com
http://www.autoreport.grammarly.com
http://www.blog.grammarly.com
http://www.grammarly.com
http://www.nspl.grammarly.com
http://zoommarly.grammarly.com
https://account.grammarly.com
https://answers.grammarly.com
https://app.grammarly.com
https://apps-public.grammarly.com
https://assets.grammarly.com
https://auth.grammarly.com
https://autoreport.grammarly.com
https://blog.grammarly.com
https://capi-msdk.grammarly.com
https://capi.grammarly.com
https://chipmunk.grammarly.com
https://contenthub-static.grammarly.com
https://data.grammarly.com
https://datareport.grammarly.com
https://demo.grammarly.com
https://denali-static.grammarly.com
https://developer.grammarly.com
https://developers.grammarly.com
https://download-bundle.grammarly.com
https://download-editor.grammarly.com
https://download-mac.grammarly.com
https://download-office.grammarly.com
https://download-windows.grammarly.com
https://dox.grammarly.com
https://ed.grammarly.com
https://extension-popup-editor.grammarly.com
https://fridge.grammarly.com
https://g-mail.grammarly.com
https://gates.grammarly.com
https://gnar.grammarly.com
https://go.grammarly.com
https://goldengate.grammarly.com
https://handbook.grammarly.com
https://hello.grammarly.com
https://institution.grammarly.com
https://iosapp-beta.grammarly.com
https://iosapp.grammarly.com
https://irbis.grammarly.com
https://js.grammarly.com
https://knots.grammarly.com
https://m.grammarly.com
https://msync.grammarly.com
https://nspl.grammarly.com
https://officeaddin.grammarly.com
https://redirect.grammarly.com
https://rwsgfy.grammarly.com
https://sso.grammarly.com
https://static-v2.institution.grammarly.com
https://static-web.grammarly.com
https://static.fridge.grammarly.com
https://static.grammarly.com
https://subscription.grammarly.com
https://tech.grammarly.com
https://tokens.grammarly.com
https://treatment.grammarly.com
https://ua-gec-dataset.grammarly.com
https://update-officeaddin.grammarly.com
https://update-windows.grammarly.com
https://update.grammarly.com
https://wstest.grammarly.com
https://www.autoreport.grammarly.com
https://www.blog.grammarly.com
https://www.grammarly.com
https://www.nspl.grammarly.com
https://zoommarly.grammarly.com
