http://360-qa.gs.com
http://360.gs.com
http://accelerate.gs.com
http://accounts.gs.com
http://activealpha.gs.com
http://aec.prod.marcus-connect.gs.com
http://aec.qa.marcus-connect.gs.com
http://aej-login.gs.com
http://aej1-login.gs.com
http://aej2-login.gs.com
http://akamai-test.stablevalue.gs.com
http://alternatives.analytics.gs.com
http://americas-login.gs.com
http://americas.site1.sitehostingdemo.gs.com
http://americas.site2.sitehostingdemo.gs.com
http://americas1-login.gs.com
http://americas2-login.gs.com
http://ampf.ppselect.gs.com
http://ampf.select.gs.com
http://ampf.sitselect.gs.com
http://aon.gs.com
http://apac-login.gs.com
http://apac1-login.gs.com
http://apac2-login.gs.com
http://apac3-login.gs.com
http://api-global.marquee.gs.com
http://api.gs-mosaic.gs.com
http://api.gs-mosaic.qa.gs.com
http://api.gs.com
http://api.gsmosaic.gs.com
http://api.gsmosaic.qa.gs.com
http://api.marquee-qa.gs.com
http://api.marquee.gs.com
http://api.platform-dev.txb.gs.com
http://api2.qa.txb.gs.com
http://api2.txb.gs.com
http://api3.dev.txb.gs.com
http://api3.qa.txb.gs.com
http://api3.sit.txb.gs.com
http://api3.uat.txb.gs.com
http://apis.txb.gs.com
http://apitest.marquee-qa.gs.com
http://assetmanagement-qa.gs.com
http://assetmanagement.gs.com
http://atlas-mfa.uat.gs.com
http://atlassian.devcollab.gs.com
http://beta.api.clearfactr.gs.com
http://beta.app.clearfactr.gs.com
http://beta.dsp.gs.com
http://beta.global-liquidity.gs.com
http://beta.qaglobal-liquidity.gs.com
http://beta.uat.dsp.gs.com
http://bmo-mfa.uat.lp.gs.com
http://careers.gs.com
http://careersa.gs.com
http://cdn.gs.com
http://cdn.marquee-qa.gs.com
http://cdn.marquee.gs.com
http://checkinvest.funds.gs.com
http://china-login.gs.com
http://china1-login.gs.com
http://china2-login.gs.com
http://click.gs.com
http://confluence.devcollab.gs.com
http://ctw.gs.com
http://derivativesuniversity.gs.com
http://design.gs.com
http://dev-login-higher.gs.com
http://dev.accounts.gs.com
http://dev.atlassian.devcollab.gs.com
http://dev.confluence.devcollab.gs.com
http://dev.jira.devcollab.gs.com
http://dev.jira2.devcollab.gs.com
http://dev.jira3.devcollab.gs.com
http://dev.marcus.jira.devcollab.gs.com
http://dev.site1.sitehostingdemo.gs.com
http://dev.site2.sitehostingdemo.gs.com
http://dev.zoom.workplace.gs.com
http://developer.gs.com
http://developer.txb.gs.com
http://docs.gsmarkets-qa.gs.com
http://docs.gsmarkets.gs.com
http://dsp.gs.com
http://edwardjones.funds.gs.com
http://emea-login.gs.com
http://emea1-login.gs.com
http://emea2-login.gs.com
http://emob-qa.fx.gs.com
http://emob.fx.gs.com
http://ext-select.gs.com
http://funds.gs.com
http://fx.gs.com
http://fx2.gs.com
http://global-liquidity.gs.com
http://gls.services.gs.com
http://growth.gs.com
http://gs-mosaic.gs.com
http://gs-mosaic.qa.gs.com
http://gsamsymposium-qa.gs.com
http://gsamsymposium.gs.com
http://gsec.gs.com
http://gsmosaic.gs.com
http://gsmosaic.qa.gs.com
http://gstransact.gs.com
http://gstransact2.gs.com
http://gstransactqa.gs.com
http://gstransactqa2.gs.com
http://help.dsp.gs.com
http://help.gs-mosaic.qa.gs.com
http://help.gsmosaic.qa.gs.com
http://help.gsmosaic.qa.gs.com:8443
http://help.uat.gs.com
http://hk.fx.gs.com
http://huntington-mfa.uat.liquidityportal.gs.com
http://i.gs.com
http://ias.gs.com
http://institutionaladvisoryservices.gs.com
http://jira.devcollab.gs.com
http://jira2.devcollab.gs.com
http://jira3.devcollab.gs.com
http://lebenthal.funds.gs.com
http://link.gs.com
http://ln.fx.gs.com
http://lockbox-qa.gs.com
http://lockbox.gs.com
http://login.ap-southeast-1.idfs-qa.gs.com
http://login.gs.com
http://login.idfs-dev.gs.com
http://login.mfa.select.gs.com
http://login.qa.mfa.select.gs.com
http://login.us-east-1.idfs-qa.gs.com
http://login.us-west-2.idfs-qa.gs.com
http://logintest.gs.com
http://mail1uat.uk.enotifications.gs.com
http://managedaccounts.gs.com
http://marcus.jira.devcollab.gs.com
http://marquee-qa.gs.com
http://marquee.gs.com
http://mbd-qa.gs.com
http://mbd.gs.com
http://mfa-ayco.gs.com
http://mfa-aycocom.gs.com
http://mfa-aycodirect.gs.com
http://mfa-aycofc.gs.com
http://mfa.aon.gs.com
http://mfa.bmo.gs.com
http://mfa.global-liquidity.gs.com
http://mfa.gsmosaic.gs.com
http://mfa.qaaon.gs.com
http://mfa.qabmo.gs.com
http://mfa.qaglobal-liquidity.gs.com
http://mfa.qagsmosaic.gs.com
http://mfa.qasuntrust.gs.com
http://mfa.qatruist.gs.com
http://mfa.suntrust.gs.com
http://mfa.truist.gs.com
http://mfa.uat.atlas.gs.com
http://mfa.uat.bmo.lp.gs.com
http://mfa.uat.huntington.liquidityportal.gs.com
http://mfa.uat.truist.liquidity.gs.com
http://mfaaycocomqa.gs.com
http://mfaaycodirectqa.gs.com
http://mfaaycofcqa.gs.com
http://mortgagecredituniversity.gs.com
http://ny.fx.gs.com
http://origin.gsam.gs.com
http://origin.lockbox.gs.com
http://ose-warrant.gs.com
http://pbmobile.gs.com
http://pilot.dsp.gs.com
http://pilot.global-liquidity.gs.com
http://pilot.qaglobal-liquidity.gs.com
http://pilot.uat.dsp.gs.com
http://pki.gs.com
http://pki2.gs.com
http://portal-qa.gs.com
http://portal.gs.com
http://portal.valueaccelerator.gs.com
http://portfolio.gs.com
http://pp-ext-select.gs.com
http://ppselect.gs.com
http://pre-prod.360.gs.com
http://pre-prod.portal.gs.com
http://prod-360.gs.com
http://projx.api.clearfactr.gs.com
http://projx.app.clearfactr.gs.com
http://publishing-qa.gs.com
http://publishing.gs.com
http://qa-360.gs.com
http://qa-portal.valueaccelerator.gs.com
http://qa.accounts.gs.com
http://qa.confluence.devcollab.gs.com
http://qa.developer.gs.com
http://qa.growth.gs.com
http://qa.jira.devcollab.gs.com
http://qa.jira3.devcollab.gs.com
http://qa.marcus.jira.devcollab.gs.com
http://qa.marketing.gs.com
http://qa.site1.sitehostingdemo.gs.com
http://qa.site2.sitehostingdemo.gs.com
http://qa.tracking.gs.com
http://qa.valueaccelerator.gs.com
http://qa1-login.gs.com
http://qa2-login.gs.com
http://qaaon.gs.com
http://qaderivativesuniversity.gs.com
http://qafx.gs.com
http://qaglobal-liquidity.gs.com
http://qagtam-external-vendor-srp.gs.com
http://qaias.gs.com
http://qainstitutionaladvisoryservices.gs.com
http://qalogin.gs.com
http://qamortgagecredituniversity.gs.com
http://qasecurities.mobile.gs.com
http://qasocialcontent.gs.com
http://qastablevalue.gs.com
http://qasuntrust.gs.com
http://qatruist.gs.com
http://qavitfunds.web.gs.com
http://qawww.bmo.gs.com
http://research-poc.gs.com
http://research-qa-upgrade.gs.com
http://research-qa.gs.com
http://research-test-qa.gs.com
http://research-test.gs.com
http://research-upgrade.gs.com
http://research.gs.com
http://sdruat.uk.enotifications.gs.com
http://securemail.gs.com
http://securemail2.gs.com
http://select-staging.gs.com
http://select.gs.com
http://sitselect.gs.com
http://skylab.gs.com
http://socialcontent.gs.com
http://stablevalue.gs.com
http://staging.sitselect.gs.com
http://status.developer.gs.com
http://suntrust.gs.com
http://swiss-login.gs.com
http://swiss1-login.gs.com
http://swiss2-login.gs.com
http://test.accounts.gs.com
http://track.uk.enotifications.gs.com
http://tracking.gs.com
http://trackuat.uk.enotifications.gs.com
http://truist-mfa.uat.liquidity.gs.com
http://truist.gs.com
http://txb.gs.com
http://txbdev.gs.com
http://txbqa.gs.com
http://txbqa2.gs.com
http://txbsit.gs.com
http://uat.atlas.gs.com
http://uat.bmo.lp.gs.com
http://uat.confluence.devcollab.gs.com
http://uat.huntington.liquidityportal.gs.com
http://uat.jira.devcollab.gs.com
http://uat.jira2.devcollab.gs.com
http://uat.jira3.devcollab.gs.com
http://uat.marcus.jira.devcollab.gs.com
http://uat.relda.devdesk.gs.com
http://uat.truist.liquidity.gs.com
http://uat.zoom.workplace.gs.com
http://v.gs.com
http://valueaccelerator.gs.com
http://vitfunds.gs.com
http://warrants.gs.com
http://web-global.marquee-qa.gs.com
http://web-global.marquee.gs.com
http://www.360.gs.com
http://www.beta.dsp.gs.com
http://www.beta.global-liquidity.gs.com
http://www.beta.qaglobal-liquidity.gs.com
http://www.beta.uat.dsp.gs.com
http://www.blackinbusiness.gs.com
http://www.bmo.gs.com
http://www.derivativesuniversity.gs.com
http://www.developer.gs.com
http://www.dsp.gs.com
http://www.fx.gs.com
http://www.global-liquidity.gs.com
http://www.growth.gs.com
http://www.gs-mosaic.gs.com
http://www.gs-mosaic.qa.gs.com
http://www.gs.com
http://www.gsamccs.gs.com
http://www.gsamldi.gs.com
http://www.gsmosaic.gs.com
http://www.gsmosaic.qa.gs.com
http://www.help.gs-mosaic.qa.gs.com
http://www.help.gsmosaic.gs.com
http://www.help.gsmosaic.gs.com:8443
http://www.help.gsmosaic.qa.gs.com
http://www.ias.gs.com
http://www.institutionaladvisoryservices.gs.com
http://www.marquee.gs.com
http://www.pilot.dsp.gs.com
http://www.pilot.global-liquidity.gs.com
http://www.pilot.qaglobal-liquidity.gs.com
http://www.pilot.uat.dsp.gs.com
http://www.portal.gs.com
http://www.portfolio.gs.com
http://www.qa.alternatives.analytics.gs.com
http://www.qa.developer.gs.com
http://www.qa.growth.gs.com
http://www.qa.valueaccelerator.gs.com
http://www.qaglobal-liquidity.gs.com
http://www.qalogin.gs.com
http://www.valueaccelerator.gs.com
http://www2.gs.com
http://wwwqa.gs.com
http://wwwqa.gsamldi.gs.com
http://wwwqa.ias.gs.com
http://wwwqa.institutionaladvisoryservices.gs.com
http://wwwqa.redir.web.gs.com
https://10000smallbusinessesme.gs.com
https://10000smallbusinessesmeqa.gs.com
https://10000womenme.gs.com
https://10000womenmeqa.gs.com
https://360-qa.gs.com
https://360.gs.com
https://42vumud4ayhjowy7hhwz.login.publishing.gs.com
https://55yllqovde2qd1kckh1y.login.publishing-qa.gs.com
https://accelerate.gs.com
https://accounts.gs.com
https://activealpha.gs.com
https://aec.prod.marcus-connect.gs.com
https://aec.qa.marcus-connect.gs.com
https://aej-login.gs.com
https://aej1-login.gs.com
https://aej2-login.gs.com
https://akamai-test.stablevalue.gs.com
https://alternatives.analytics.gs.com
https://americas-login.gs.com
https://americas.site1.sitehostingdemo.gs.com
https://americas.site2.sitehostingdemo.gs.com
https://americas1-login.gs.com
https://americas2-login.gs.com
https://ampf.ppselect.gs.com
https://ampf.select.gs.com
https://ampf.sitselect.gs.com
https://aon.gs.com
https://apac-login.gs.com
https://apac1-login.gs.com
https://apac1.gw-login.gs.com
https://apac2-login.gs.com
https://apac2.gw-login.gs.com
https://apac3-login.gs.com
https://api-global.marquee.gs.com
https://api.gs-mosaic.gs.com
https://api.gs-mosaic.qa.gs.com
https://api.gs.com
https://api.gsmosaic.gs.com
https://api.gsmosaic.qa.gs.com
https://api.marquee-qa.gs.com
https://api.marquee.gs.com
https://api.platform-dev.txb.gs.com
https://api2.txb.gs.com
https://api3.dev.txb.gs.com
https://api3.qa.txb.gs.com
https://api3.sit.txb.gs.com
https://api3.uat.txb.gs.com
https://apis.txb.gs.com
https://apitest.marquee-qa.gs.com
https://as2.txb.gs.com
https://assetmanagement-email-qa.gs.com
https://assetmanagement-email.gs.com
https://assetmanagement-qa.gs.com
https://assetmanagement.gs.com
https://atlas-mfa.uat.gs.com
https://atlassian.devcollab.gs.com
https://bdcexp01edge01.jabber.gs.com:8443
https://bdcexp01edge02.jabber.gs.com:8443
https://beta.api.clearfactr.gs.com
https://beta.app.clearfactr.gs.com
https://beta.dsp.gs.com
https://beta.global-liquidity.gs.com
https://beta.qaglobal-liquidity.gs.com
https://beta.uat.dsp.gs.com
https://bmo-mfa.uat.lp.gs.com
https://bwext-qa.gs.com
https://careersa.gs.com
https://cdcexp01edge01.jabber.gs.com:8443
https://cdcexp01edge02.jabber.gs.com:8443
https://cdn.gs.com
https://cdn.marquee-qa.gs.com
https://cdn.marquee.gs.com
https://checkinvest.funds.gs.com
https://china-login.gs.com
https://china1-login.gs.com
https://china2-login.gs.com
https://click.gs.com
https://clientreporting-srp.tech-qa.gs.com
https://clientreporting-srp.tech.gs.com
https://confluence.devcollab.gs.com
https://cwm-qa.ic.gs.com
https://derivativesuniversity.gs.com
https://design.gs.com
https://dev-login-higher.gs.com
https://dev.accounts.gs.com
https://dev.atlassian.devcollab.gs.com
https://dev.confluence.devcollab.gs.com
https://dev.jira.devcollab.gs.com
https://dev.jira2.devcollab.gs.com
https://dev.jira3.devcollab.gs.com
https://dev.marcus.jira.devcollab.gs.com
https://dev.site1.sitehostingdemo.gs.com
https://dev.site2.sitehostingdemo.gs.com
https://dev.zoom.workplace.gs.com
https://developer.gs.com
https://developer.txb.gs.com
https://docs.gsmarkets-qa.gs.com
https://docs.gsmarkets.gs.com
https://dsp.gs.com
https://edwardjones.funds.gs.com
https://emea-login.gs.com
https://emea1-login.gs.com
https://emea1.gw-login.gs.com
https://emea2-login.gs.com
https://emea2.gw-login.gs.com
https://emob-qa.fx.gs.com
https://emob.fx.gs.com
https://exp01qaedge01.net.gs.com:8443
https://exp02qaedge01.net.gs.com:8443
https://expedge.jabber.gs.com:8443
https://ext-select.gs.com
https://fp-bdc-ext.gs.com
https://fp-cdc-ext.gs.com
https://fp-ha-asia.prod.vpn.gs.com
https://fp-ha-emea.gs.com
https://fp-ha-hksdc2.prod.vpn.gs.com
https://fp-ha-qa.gs.com
https://fp-ha-sgadc.prod.vpn.gs.com
https://fp-ha.gs.com
https://fp-ldceg-ext.gs.com
https://fp-lhr-ext.gs.com
https://fp-poc1-ext.gs.com
https://fp-qa1-ext.gs.com
https://ftp.gs.com
https://ftp2.gs.com
https://ftpserver.gs.com
https://funds.gs.com
https://fx.gs.com
https://fx2.gs.com
https://global-liquidity.gs.com
https://gls.services.gs.com
https://growth.gs.com
https://gs-mosaic.gs.com
https://gs-mosaic.qa.gs.com
https://gsam-email-prod.gs.com
https://gsam-email-qa.gs.com
https://gsam-litorder.gs.com
https://gsamsymposium-qa.gs.com
https://gsamsymposium.gs.com
https://gsec.gs.com
https://gsmarkets.gs.com
https://gsmosaic.gs.com
https://gsmosaic.qa.gs.com
https://gstransact.gs.com
https://gstransact2.gs.com
https://gstransactqa.gs.com
https://gstransactqa2.gs.com
https://gw1.qa-login.gs.com
https://gw1.qalogin.gs.com
https://gw2.qa-login.gs.com
https://gw3.qa-login.gs.com
https://help.dsp.gs.com
https://help.dsp.gs.com:8443
https://help.gs-mosaic.qa.gs.com
https://help.gs-mosaic.qa.gs.com:8443
https://help.gsmosaic.qa.gs.com
https://help.uat.gs.com
https://help.uat.gs.com:8443
https://hk.fx.gs.com
https://hksdcexp01edge01.jabber.gs.com:8443
https://huntington-mfa.uat.liquidityportal.gs.com
https://i.gs.com
https://ias.gs.com
https://idfs-asia.gs.com
https://idfs-qa-emea.gs.com
https://idfs-qa.gs.com
https://idfs-qa2.gs.com
https://idfs.gs.com
https://institutionaladvisoryservices.gs.com
https://jira.devcollab.gs.com
https://jira2.devcollab.gs.com
https://jira3.devcollab.gs.com
https://ldcegexp01edge01.jabber.gs.com:8443
https://ldcegexp01edge02.jabber.gs.com:8443
https://lebenthal.funds.gs.com
https://lhrexp01edge01.jabber.gs.com:8443
https://lhrexp01edge02.jabber.gs.com:8443
https://link.gs.com
https://ln.fx.gs.com
https://lockbox-qa.gs.com
https://lockbox.gs.com
https://login.gs.com
https://login.idfs-dev.gs.com
https://login.mfa.select.gs.com
https://login.qa.mfa.select.gs.com
https://logintest.gs.com
https://managedaccounts.gs.com
https://marcus.jira.devcollab.gs.com
https://marketing.gs.com
https://marquee-qa.gs.com
https://marquee.gs.com
https://mbd-qa.gs.com
https://mbd.gs.com
https://mdm.gs.com
https://mfa-ayco.gs.com
https://mfa-aycocom.gs.com
https://mfa-aycodirect.gs.com
https://mfa-aycofc.gs.com
https://mfa.aon.gs.com
https://mfa.bmo.gs.com
https://mfa.global-liquidity.gs.com
https://mfa.gsmosaic.gs.com
https://mfa.qaaon.gs.com
https://mfa.qabmo.gs.com
https://mfa.qaglobal-liquidity.gs.com
https://mfa.qagsmosaic.gs.com
https://mfa.qasuntrust.gs.com
https://mfa.qatruist.gs.com
https://mfa.suntrust.gs.com
https://mfa.truist.gs.com
https://mfa.uat.atlas.gs.com
https://mfa.uat.bmo.lp.gs.com
https://mfa.uat.huntington.liquidityportal.gs.com
https://mfa.uat.truist.liquidity.gs.com
https://mfaaycocomqa.gs.com
https://mfaaycodirectqa.gs.com
https://mfaaycofcqa.gs.com
https://mfaaycoqa.gs.com
https://mfseft.gs.com
https://mft.gs.com
https://mortgagecredituniversity.gs.com
https://nonprod.eum.appd.gs.com
https://ny.fx.gs.com
https://origin-qa.gsam.gs.com
https://origin-qa.tracking.gs.com
https://origin.gsam.gs.com
https://origin.lockbox-qa.gs.com
https://origin.lockbox.gs.com
https://ose-warrant.gs.com
https://pilot.dsp.gs.com
https://pilot.global-liquidity.gs.com
https://pilot.qaglobal-liquidity.gs.com
https://pilot.uat.dsp.gs.com
https://portal-qa.gs.com
https://portal.gs.com
https://portal.valueaccelerator.gs.com
https://portfolio.gs.com
https://pp-ext-select.gs.com
https://ppselect.gs.com
https://pre-prod.360.gs.com
https://pre-prod.portal.gs.com
https://prod-360.gs.com
https://prod-commod-ng-edi.gs.com
https://prod-visr.gs.com
https://prod.eum.appd.gs.com
https://prod.mdm.gs.com
https://projx.api.clearfactr.gs.com
https://projx.app.clearfactr.gs.com
https://publishing-qa.gs.com
https://publishing.gs.com
https://qa-360.gs.com
https://qa-commod-ng-edi.gs.com
https://qa-portal.valueaccelerator.gs.com
https://qa-twilio-ext.gs.com
https://qa.accounts.gs.com
https://qa.confluence.devcollab.gs.com
https://qa.developer.gs.com
https://qa.growth.gs.com
https://qa.jira.devcollab.gs.com
https://qa.jira3.devcollab.gs.com
https://qa.marcus.jira.devcollab.gs.com
https://qa.marketing.gs.com
https://qa.marqueetrader.gs.com
https://qa.mdm.gs.com
https://qa.site1.sitehostingdemo.gs.com
https://qa.site2.sitehostingdemo.gs.com
https://qa.subscription.eo.gs.com
https://qa.tracking.gs.com
https://qa.valueaccelerator.gs.com
https://qa1-login.gs.com
https://qa2-login.gs.com
https://qaaon.gs.com
https://qacommod-ng-edi.gs.com
https://qafx.gs.com
https://qaglobal-liquidity.gs.com
https://qagsmarkets.gs.com
https://qagtam-external-vendor-srp.gs.com
https://qalogin.gs.com
https://qamdm.acoe.gs.com:8443
https://qamdm.gs.com
https://qareditrader.gs.com
https://qasecurities.mobile.gs.com
https://qasocialcontent.gs.com
https://qastablevalue.gs.com
https://qasuntrust.gs.com
https://qathemarkets2.gs.com
https://qatruist.gs.com
https://qawebid2.gs.com
https://qawww.bmo.gs.com
https://redifx.gs.com
https://redifx.hk.gs.com
https://redifx.uk.gs.com
https://reditrader.gs.com
https://research-poc.gs.com
https://research-qa-upgrade.gs.com
https://research-qa.gs.com
https://research-test-qa.gs.com
https://research-test.gs.com
https://research-upgrade.gs.com
https://research.gs.com
https://sdr.uk.enotifications.gs.com
https://securemail.gs.com
https://securemail2.gs.com
https://securities.mobile.gs.com
https://seft.gs.com
https://select-staging.gs.com
https://select.gs.com
https://service.jabber.gs.com:8443
https://sfx.gs.com
https://sfxqa.gs.com
https://sgadcexp01edge01.jabber.gs.com:8443
https://sitselect.gs.com
https://skylab.gs.com
https://socialcontent.gs.com
https://sparkgate-prod-hkg.gs.com
https://sparkgate-prod-ldn.gs.com
https://sparkgate-prod.gs.com
https://sparkgate-qa.gs.com
https://stablevalue.gs.com
https://staging.sitselect.gs.com
https://status.developer.gs.com
https://subscription.eo.gs.com
https://suntrust.gs.com
https://swiss-login.gs.com
https://swiss.gw-login.gs.com
https://swiss1-login.gs.com
https://swiss1.gw-login.gs.com
https://swiss2-login.gs.com
https://swiss2.gw-login.gs.com
https://test.accounts.gs.com
https://themarkets2.gs.com
https://track.uk.enotifications.gs.com
https://tracking.gs.com
https://trackuat.uk.enotifications.gs.com
https://truist-mfa.uat.liquidity.gs.com
https://truist.gs.com
https://txb.gs.com
https://txbdev.gs.com
https://txbqa.gs.com
https://txbqa2.gs.com
https://txbsit.gs.com
https://uat.atlas.gs.com
https://uat.bmo.lp.gs.com
https://uat.confluence.devcollab.gs.com
https://uat.huntington.liquidityportal.gs.com
https://uat.jira.devcollab.gs.com
https://uat.jira2.devcollab.gs.com
https://uat.jira3.devcollab.gs.com
https://uat.marcus.jira.devcollab.gs.com
https://uat.relda.devdesk.gs.com
https://uat.truist.liquidity.gs.com
https://uat.zoom.workplace.gs.com
https://v.gs.com
https://valueaccelerator.gs.com
https://visr.gs.com
https://visruat.gs.com
https://vitfunds.gs.com
https://warrants.gs.com
https://web-global.marquee-qa.gs.com
https://web-global.marquee.gs.com
https://webid.gs.com
https://webid2.gs.com
https://www.beta.dsp.gs.com
https://www.beta.global-liquidity.gs.com
https://www.beta.qaglobal-liquidity.gs.com
https://www.beta.uat.dsp.gs.com
https://www.blackinbusiness.gs.com
https://www.bmo.gs.com
https://www.derivativesuniversity.gs.com
https://www.developer.gs.com
https://www.dsp.gs.com
https://www.fx.gs.com
https://www.global-liquidity.gs.com
https://www.growth.gs.com
https://www.gs-mosaic.gs.com
https://www.gs-mosaic.qa.gs.com
https://www.gs.com
https://www.gsamccs.gs.com
https://www.gsamldi.gs.com
https://www.gsmosaic.gs.com
https://www.gsmosaic.qa.gs.com
https://www.help.gs-mosaic.qa.gs.com
https://www.help.gs-mosaic.qa.gs.com:8443
https://www.help.gsmosaic.gs.com
https://www.help.gsmosaic.qa.gs.com
https://www.help.gsmosaic.qa.gs.com:8443
https://www.ias.gs.com
https://www.institutionaladvisoryservices.gs.com
https://www.marquee.gs.com
https://www.pilot.dsp.gs.com
https://www.pilot.global-liquidity.gs.com
https://www.pilot.qaglobal-liquidity.gs.com
https://www.pilot.uat.dsp.gs.com
https://www.portal.gs.com
https://www.portfolio.gs.com
https://www.qa.alternatives.analytics.gs.com
https://www.qa.developer.gs.com
https://www.qa.growth.gs.com
https://www.qa.valueaccelerator.gs.com
https://www.qaglobal-liquidity.gs.com
https://www.qalogin.gs.com
https://www.valueaccelerator.gs.com
https://www2.gs.com
https://wwwqa.gs.com
https://wwwqa.redir.web.gs.com
