http://ampf.apply.gsselect.com
http://ampf.apply.pp.gsselect.com
http://ampf.apply.sit.gsselect.com
http://ampf.gsselect.com
http://ampf.pp.gsselect.com
http://ampf.sit.gsselect.com
http://apply.gsselect.com
http://apply.pp.gsselect.com
http://apply.sit.gsselect.com
http://gsselect.com
http://login.mfa.gsselect.com
http://login.qa.mfa.gsselect.com
http://pp.gsselect.com
http://sit.gsselect.com
http://uat.gsselect.com
http://v.gsselect.com
http://welcome.gsselect.com
http://www.gsselect.com
http://www.qa-welcome.gsselect.com
http://www.stage.gsselect.com
http://www.welcome.gsselect.com
https://ampf.apply.gsselect.com
https://ampf.apply.pp.gsselect.com
https://ampf.apply.sit.gsselect.com
https://ampf.gsselect.com
https://ampf.pp.gsselect.com
https://ampf.sit.gsselect.com
https://apply.gsselect.com
https://apply.pp.gsselect.com
https://apply.sit.gsselect.com
https://login.mfa.gsselect.com
https://login.qa.mfa.gsselect.com
https://pp.gsselect.com
https://qa-welcome.gsselect.com
https://sit.gsselect.com
https://uat.gsselect.com
https://v.gsselect.com
https://welcome.gsselect.com
https://www.gsselect.com
https://www.qa-welcome.gsselect.com
https://www.stage.gsselect.com
https://www.welcome.gsselect.com
