http://admin.honestdollar.com
http://admin.uat.honestdollar.com
http://api-uat.honestdollar.com
http://api.honestdollar.com
http://api.uat.honestdollar.com
http://b2b.honestdollar.com
http://b2b.uat.honestdollar.com
http://beta.honestdollar.com
http://beta.uat.honestdollar.com
http://help.honestdollar.com
http://help.honestdollar.com:8443
http://honestdollar.com
http://my.honestdollar.com
http://my.uat.honestdollar.com
http://origin.honestdollar.com
http://pilot.honestdollar.com
http://pilot.uat.honestdollar.com
http://services.honestdollar.com
http://services.uat.honestdollar.com
http://site.honestdollar.com
http://site.uat.honestdollar.com
http://uat.help.honestdollar.com
http://uat.help.honestdollar.com:8443
http://uat.honestdollar.com
http://v.honestdollar.com
http://welcome.honestdollar.com
http://welcome.uat.honestdollar.com
http://www.honestdollar.com
http://www.uat.honestdollar.com
https://admin.honestdollar.com
https://admin.uat.honestdollar.com
https://api-uat.honestdollar.com
https://api.honestdollar.com
https://api.uat.honestdollar.com
https://b2b.honestdollar.com
https://b2b.uat.honestdollar.com
https://beta.honestdollar.com
https://beta.uat.honestdollar.com
https://help.honestdollar.com
https://honestdollar.com
https://login-qa.honestdollar.com
https://login.honestdollar.com
https://my.honestdollar.com
https://my.uat.honestdollar.com
https://origin.honestdollar.com
https://origin.uat.honestdollar.com
https://pilot.honestdollar.com
https://pilot.uat.honestdollar.com
https://services.honestdollar.com
https://services.uat.honestdollar.com
https://site.honestdollar.com
https://site.uat.honestdollar.com
https://uat.help.honestdollar.com
https://uat.honestdollar.com
https://v.honestdollar.com
https://welcome.honestdollar.com
https://welcome.uat.honestdollar.com
https://www.honestdollar.com
https://www.uat.honestdollar.com
