http://ceros.huffingtonpost.ca
http://horizon.huffingtonpost.ca
http://huffingtonpost.ca
http://link.huffingtonpost.ca
http://link.quebec.huffingtonpost.ca
http://m.huffingtonpost.ca
http://m.quebec.huffingtonpost.ca
http://projects.huffingtonpost.ca
http://qa.m.quebec.huffingtonpost.ca
http://qa.quebec.huffingtonpost.ca
http://qa.www.huffingtonpost.ca
http://quebec.huffingtonpost.ca
http://search.huffingtonpost.ca
http://search.quebec.huffingtonpost.ca
http://staging.m.huffingtonpost.ca
http://staging.quebec.huffingtonpost.ca
http://staging.www.huffingtonpost.ca
http://www.huffingtonpost.ca
http://www.quebec.huffingtonpost.ca
https://ceros.huffingtonpost.ca
https://chaski.huffingtonpost.ca
https://chaski.quebec.huffingtonpost.ca
https://horizon.huffingtonpost.ca
https://huffingtonpost.ca
https://link.huffingtonpost.ca
https://link.quebec.huffingtonpost.ca
https://m.huffingtonpost.ca
https://m.quebec.huffingtonpost.ca
https://preview.www.huffingtonpost.ca
https://projects.huffingtonpost.ca
https://qa.m.quebec.huffingtonpost.ca
https://qa.quebec.huffingtonpost.ca
https://qa.www.huffingtonpost.ca
https://quebec.huffingtonpost.ca
https://search.huffingtonpost.ca
https://search.quebec.huffingtonpost.ca
https://staging.m.huffingtonpost.ca
https://staging.quebec.huffingtonpost.ca
https://staging.www.huffingtonpost.ca
https://www.huffingtonpost.ca
https://www.quebec.huffingtonpost.ca
