http://athena.huffpost.net
http://edit.widget.tools.huffpost.net
http://grafana.huffpost.net
http://graphite.huffpost.net
http://huffpost.net
http://it-athena.huffpost.net
http://jenkins.huffpost.net
http://modulous.huffpost.net
http://nagios.huffpost.net
http://origin-identifiers.huffpost.net
http://production-securedrop.huffpost.net
http://secrets.huffpost.net
http://staging-edit.widget.tools.huffpost.net
http://staging-widget.tools.huffpost.net
http://widget.tools.huffpost.net
http://www.huffpost.net
https://athena.huffpost.net
https://edit.widget.tools.huffpost.net
https://grafana.huffpost.net
https://graphite.huffpost.net
https://huffpost.net
https://it-athena.huffpost.net
https://jenkins.huffpost.net
https://modulous.huffpost.net
https://nagios.huffpost.net
https://origin-identifiers.huffpost.net
https://production-securedrop.huffpost.net
https://secrets.huffpost.net
https://staging-edit.widget.tools.huffpost.net
https://staging-elections.huffpost.net
https://staging-securedrop.huffpost.net
https://staging-widget.tools.huffpost.net
https://widget.tools.huffpost.net
https://www.huffpost.net
