http://horizon.huffingtonpost.es
http://huffingtonpost.es
http://link.huffingtonpost.es
http://m.huffingtonpost.es
http://projects.huffingtonpost.es
http://qa.m.huffingtonpost.es
http://qa.search.huffingtonpost.es
http://qa.www.huffingtonpost.es
http://search.huffingtonpost.es
http://staging.m.huffingtonpost.es
http://staging.search.huffingtonpost.es
http://staging.www.huffingtonpost.es
http://www.huffingtonpost.es
https://beta.www.huffingtonpost.es
https://chaski.huffingtonpost.es
https://horizon.huffingtonpost.es
https://huffingtonpost.es
https://link.huffingtonpost.es
https://m.beta.www.huffingtonpost.es
https://m.huffingtonpost.es
https://projects.huffingtonpost.es
https://qa.m.huffingtonpost.es
https://qa.search.huffingtonpost.es
https://qa.www.huffingtonpost.es
https://search.huffingtonpost.es
https://staging.m.huffingtonpost.es
https://staging.search.huffingtonpost.es
https://staging.www.huffingtonpost.es
https://www.huffingtonpost.es
