http://eulogin.huffingtonpost.it
http://eulogin.shop.huffingtonpost.it
http://horizon.huffingtonpost.it
http://huffingtonpost.it
http://link.huffingtonpost.it
http://m.huffingtonpost.it
http://origin-video.huffingtonpost.it
http://projects.huffingtonpost.it
http://qa.m.huffingtonpost.it
http://qa.search.huffingtonpost.it
http://qa.www.huffingtonpost.it
http://search.huffingtonpost.it
http://servizi.huffingtonpost.it
http://shop.huffingtonpost.it
http://speciali.huffingtonpost.it
http://staging.m.huffingtonpost.it
http://staging.search.huffingtonpost.it
http://staging.www.huffingtonpost.it
http://test-servizi.huffingtonpost.it
http://test-shop.huffingtonpost.it
http://test.huffingtonpost.it
http://video.huffingtonpost.it
http://www.huffingtonpost.it
http://zephr-origin.test.huffingtonpost.it
https://beta.www.huffingtonpost.it
https://chaski.huffingtonpost.it
https://eulogin.huffingtonpost.it
https://eulogin.shop.huffingtonpost.it
https://horizon.huffingtonpost.it
https://huffingtonpost.it
https://link.huffingtonpost.it
https://m.huffingtonpost.it
https://origin-video.huffingtonpost.it
https://projects.huffingtonpost.it
https://qa.m.huffingtonpost.it
https://qa.search.huffingtonpost.it
https://qa.www.huffingtonpost.it
https://search.huffingtonpost.it
https://servizi.huffingtonpost.it
https://shop.huffingtonpost.it
https://speciali.huffingtonpost.it
https://staging.search.huffingtonpost.it
https://test-servizi.huffingtonpost.it
https://test-shop.huffingtonpost.it
https://test.huffingtonpost.it
https://video.huffingtonpost.it
https://www.huffingtonpost.it
https://zephr-origin.test.huffingtonpost.it
