http://acc.humo.be
http://accounts.humo.be
http://actie.humo.be
http://beta.humo.be
http://brandedcontent.humo.be
http://brandedcontentbe.humo.be
http://castor-forum.humo.be
http://click.klantacties.humo.be
http://click.klantacties.humo.be:8080
http://cmp.humo.be
http://dev-service.humo.be
http://digitalemagazine.humo.be
http://docu.humo.be
http://dpt.humo.be
http://durex.humo.be
http://e.email.humo.be
http://ebike-non-prod.humo.be
http://ebike.humo.be
http://esales-test.humo.be
http://esales.humo.be
http://ims.humo.be
http://interactief.humo.be
http://kijkt.humo.be
http://klantacties.humo.be
http://landingpage.humo.be
http://login.humo.be
http://login2.humo.be
http://magazine.humo.be
http://mijn.humo.be
http://mijnomgeving-acc.humo.be
http://mijnomgeving.humo.be
http://mobile-acc.humo.be
http://mobile2.humo.be
http://myaccount.humo.be
http://projecten.humo.be
http://rock-rally.humo.be
http://rockrally.humo.be
http://seat.humo.be
http://secure-acc.humo.be
http://secure.humo.be
http://servicepagina.humo.be
http://shop.humo.be
http://social.humo.be
http://t.klantacties.humo.be
http://t.klantacties.humo.be:8080
http://t2.klantacties.humo.be
http://t2.klantacties.humo.be:8080
http://voordelen.humo.be
http://www.click.klantacties.humo.be
http://www.click.klantacties.humo.be:8080
http://www.humo.be
http://www.klantacties.humo.be
https://acc.humo.be
https://accounts.humo.be
https://actie.humo.be
https://beta.humo.be
https://brandedcontent.humo.be
https://brandedcontentbe.humo.be
https://castor-forum.humo.be
https://click.klantacties.humo.be
https://cmp.humo.be
https://dev-service.humo.be
https://digitalemagazine.humo.be
https://docu.humo.be
https://dpt.humo.be
https://durex.humo.be
https://e.email.humo.be
https://ebike-non-prod.humo.be
https://ebike.humo.be
https://esales-test.humo.be
https://esales.humo.be
https://ims.humo.be
https://interactief.humo.be
https://kijkt.humo.be
https://klantacties.humo.be
https://landingpage.humo.be
https://login.humo.be
https://login2.humo.be
https://magazine.humo.be
https://mijn.humo.be
https://mijnomgeving-acc.humo.be
https://mijnomgeving.humo.be
https://mobile-acc.humo.be
https://mobile2.humo.be
https://myaccount.humo.be
https://projecten.humo.be
https://rock-rally.humo.be
https://rockrally.humo.be
https://seat.humo.be
https://secure-acc.humo.be
https://secure.humo.be
https://servicepagina.humo.be
https://shop.humo.be
https://social.humo.be
https://t.klantacties.humo.be
https://t2.klantacties.humo.be
https://voordelen.humo.be
https://www.click.klantacties.humo.be
https://www.humo.be
https://www.klantacties.humo.be
