http://at-de.forum.ibood.com
http://at-de.forum.ibood.com:8080
http://be-nl.forum.ibood.com
http://be-nl.forum.ibood.com:8080
http://consumables-at-de.forum.ibood.com
http://consumables-at-de.forum.ibood.com:8080
http://consumables-be-nl.forum.ibood.com
http://consumables-be-nl.forum.ibood.com:8080
http://consumables-de-de.forum.ibood.com
http://consumables-de-de.forum.ibood.com:8080
http://consumables-nl-nl.forum.ibood.com
http://consumables-nl-nl.forum.ibood.com:8080
http://consumables-pl-pl.forum.ibood.com
http://consumables-pl-pl.forum.ibood.com:8080
http://csg.forum.ibood.com
http://csg.forum.ibood.com:8080
http://diy-at-de.forum.ibood.com
http://diy-at-de.forum.ibood.com:8080
http://diy-be-nl.forum.ibood.com
http://diy-be-nl.forum.ibood.com:8080
http://diy-de-de.forum.ibood.com
http://diy-de-de.forum.ibood.com:8080
http://diy-nl-nl.forum.ibood.com
http://diy-nl-nl.forum.ibood.com:8080
http://diy-pl-pl.forum.ibood.com
http://diy-pl-pl.forum.ibood.com:8080
http://electronics-at-de.forum.ibood.com
http://electronics-at-de.forum.ibood.com:8080
http://electronics-be-nl.forum.ibood.com
http://electronics-be-nl.forum.ibood.com:8080
http://electronics-de-de.forum.ibood.com
http://electronics-de-de.forum.ibood.com:8080
http://electronics-nl-nl.00.forum.ibood.com
http://electronics-nl-nl.00.forum.ibood.com:8080
http://electronics-nl-nl.forum.ibood.com
http://electronics-nl-nl.forum.ibood.com:8080
http://electronics-pl-pl.forum.ibood.com
http://electronics-pl-pl.forum.ibood.com:8080
http://eshiboyulechengxianshangdubo.forum.ibood.com
http://eshiboyulechengxianshangdubo.forum.ibood.com:8080
http://experiences-at-de.forum.ibood.com
http://experiences-at-de.forum.ibood.com:8080
http://experiences-be-nl.forum.ibood.com
http://experiences-be-nl.forum.ibood.com:8080
http://experiences-de-de.forum.ibood.com
http://experiences-de-de.forum.ibood.com:8080
http://experiences-nl-nl.forum.ibood.com
http://experiences-nl-nl.forum.ibood.com:8080
http://experiences-pl-pl.forum.ibood.com
http://experiences-pl-pl.forum.ibood.com:8080
http://extra-at-de.forum.ibood.com
http://extra-at-de.forum.ibood.com:8080
http://extra-be-nl.forum.ibood.com
http://extra-be-nl.forum.ibood.com:8080
http://extra-de-de.forum.ibood.com
http://extra-de-de.forum.ibood.com:8080
http://extra-nl-nl.forum.ibood.com
http://extra-nl-nl.forum.ibood.com:8080
http://extra-pl-pl.forum.ibood.com
http://extra-pl-pl.forum.ibood.com:8080
http://fashion-accessories-at-de.forum.ibood.com
http://fashion-accessories-at-de.forum.ibood.com:8080
http://fashion-accessories-be-nl.forum.ibood.com
http://fashion-accessories-be-nl.forum.ibood.com:8080
http://fashion-accessories-de-de.forum.ibood.com
http://fashion-accessories-de-de.forum.ibood.com:8080
http://fashion-accessories-nl-nl.forum.ibood.com
http://fashion-accessories-nl-nl.forum.ibood.com:8080
http://fashion-accessories-pl-pl.forum.ibood.com
http://fashion-accessories-pl-pl.forum.ibood.com:8080
http://fashion-accessories-pl-pl.northamerica.forum.ibood.com
http://fashion-accessories-pl-pl.northamerica.forum.ibood.com:8080
http://health-beauty-at-de.forum.ibood.com
http://health-beauty-at-de.forum.ibood.com:8080
http://health-beauty-be-nl.forum.ibood.com
http://health-beauty-be-nl.forum.ibood.com:8080
http://health-beauty-de-de.forum.ibood.com
http://health-beauty-de-de.forum.ibood.com:8080
http://health-beauty-nl-nl.forum.ibood.com
http://health-beauty-nl-nl.forum.ibood.com:8080
http://health-beauty-pl-pl.forum.ibood.com
http://health-beauty-pl-pl.forum.ibood.com:8080
http://home-living-at-de.forum.ibood.com
http://home-living-at-de.forum.ibood.com:8080
http://home-living-be-nl.forum.ibood.com
http://home-living-be-nl.forum.ibood.com:8080
http://home-living-de-de.forum.ibood.com
http://home-living-de-de.forum.ibood.com:8080
http://home-living-nl-nl.forum.ibood.com
http://home-living-nl-nl.forum.ibood.com:8080
http://home-living-pl-pl.forum.ibood.com
http://home-living-pl-pl.forum.ibood.com:8080
http://ie-en.forum.ibood.com
http://ie-en.forum.ibood.com:8080
http://interior-at-de.forum.ibood.com
http://interior-at-de.forum.ibood.com:8080
http://interior-be-nl.forum.ibood.com
http://interior-be-nl.forum.ibood.com:8080
http://interior-de-de.forum.ibood.com
http://interior-de-de.forum.ibood.com:8080
http://interior-nl-nl.forum.ibood.com
http://interior-nl-nl.forum.ibood.com:8080
http://interior-pl-pl.forum.ibood.com
http://interior-pl-pl.forum.ibood.com:8080
http://kids-toys-at-de.forum.ibood.com
http://kids-toys-at-de.forum.ibood.com:8080
http://kids-toys-be-nl.forum.ibood.com
http://kids-toys-be-nl.forum.ibood.com:8080
http://kids-toys-de-de.forum.ibood.com
http://kids-toys-de-de.forum.ibood.com:8080
http://kids-toys-nl-nl.forum.ibood.com
http://kids-toys-nl-nl.forum.ibood.com:8080
http://kids-toys-pl-pl.forum.ibood.com
http://kids-toys-pl-pl.forum.ibood.com:8080
http://owa-auth.forum.ibood.com
http://owa-auth.forum.ibood.com:8080
http://sports-fashion-at-de.forum.ibood.com
http://sports-fashion-at-de.forum.ibood.com:8080
http://sports-fashion-be-nl.forum.ibood.com
http://sports-fashion-be-nl.forum.ibood.com:8080
http://sports-fashion-de-de.forum.ibood.com
http://sports-fashion-de-de.forum.ibood.com:8080
http://sports-fashion-nl-nl.forum.ibood.com
http://sports-fashion-nl-nl.forum.ibood.com:8080
http://sports-fashion-pl-pl.forum.ibood.com
http://sports-fashion-pl-pl.forum.ibood.com:8080
http://sports-outdoor-at-de.forum.ibood.com
http://sports-outdoor-at-de.forum.ibood.com:8080
http://sports-outdoor-be-nl.forum.ibood.com
http://sports-outdoor-be-nl.forum.ibood.com:8080
http://sports-outdoor-de-de.forum.ibood.com
http://sports-outdoor-de-de.forum.ibood.com:8080
http://sports-outdoor-nl-nl.forum.ibood.com
http://sports-outdoor-nl-nl.forum.ibood.com:8080
http://sports-outdoor-pl-pl.forum.ibood.com
http://sports-outdoor-pl-pl.forum.ibood.com:8080
http://travel-be-nl.forum.ibood.com
http://travel-be-nl.forum.ibood.com:8080
http://travel-nl-nl.forum.ibood.com
http://travel-nl-nl.forum.ibood.com:8080
http://uk-en.forum.ibood.com
http://uk-en.forum.ibood.com:8080
http://vouchers-at-de.forum.ibood.com
http://vouchers-at-de.forum.ibood.com:8080
http://vouchers-be-nl.forum.ibood.com
http://vouchers-be-nl.forum.ibood.com:8080
http://vouchers-de-de.forum.ibood.com
http://vouchers-de-de.forum.ibood.com:8080
http://vouchers-nl-nl.forum.ibood.com
http://vouchers-nl-nl.forum.ibood.com:8080
http://vouchers-pl-pl.forum.ibood.com
http://vouchers-pl-pl.forum.ibood.com:8080
http://wines-at-de.forum.ibood.com
http://wines-at-de.forum.ibood.com:8080
http://wines-be-nl.forum.ibood.com
http://wines-be-nl.forum.ibood.com:8080
http://wines-de-de.forum.ibood.com
http://wines-de-de.forum.ibood.com:8080
http://wines-nl-nl.forum.ibood.com
http://wines-nl-nl.forum.ibood.com:8080
http://wines-pl-pl.forum.ibood.com
http://wines-pl-pl.forum.ibood.com:8080
https://at-de.forum.ibood.com
https://be-nl.forum.ibood.com
https://consumables-at-de.forum.ibood.com
https://consumables-be-nl.forum.ibood.com
https://consumables-de-de.forum.ibood.com
https://consumables-nl-nl.forum.ibood.com
https://consumables-pl-pl.forum.ibood.com
https://csg.forum.ibood.com
https://diy-at-de.forum.ibood.com
https://diy-be-nl.forum.ibood.com
https://diy-de-de.forum.ibood.com
https://diy-nl-nl.forum.ibood.com
https://diy-pl-pl.forum.ibood.com
https://electronics-at-de.forum.ibood.com
https://electronics-be-nl.forum.ibood.com
https://electronics-de-de.forum.ibood.com
https://electronics-nl-nl.00.forum.ibood.com
https://electronics-nl-nl.forum.ibood.com
https://electronics-pl-pl.forum.ibood.com
https://eshiboyulechengxianshangdubo.forum.ibood.com
https://experiences-at-de.forum.ibood.com
https://experiences-be-nl.forum.ibood.com
https://experiences-de-de.forum.ibood.com
https://experiences-nl-nl.forum.ibood.com
https://experiences-pl-pl.forum.ibood.com
https://extra-at-de.forum.ibood.com
https://extra-be-nl.forum.ibood.com
https://extra-de-de.forum.ibood.com
https://extra-nl-nl.forum.ibood.com
https://extra-pl-pl.forum.ibood.com
https://fashion-accessories-at-de.forum.ibood.com
https://fashion-accessories-be-nl.forum.ibood.com
https://fashion-accessories-de-de.forum.ibood.com
https://fashion-accessories-nl-nl.forum.ibood.com
https://fashion-accessories-pl-pl.forum.ibood.com
https://fashion-accessories-pl-pl.northamerica.forum.ibood.com
https://health-beauty-at-de.forum.ibood.com
https://health-beauty-be-nl.forum.ibood.com
https://health-beauty-de-de.forum.ibood.com
https://health-beauty-nl-nl.forum.ibood.com
https://health-beauty-pl-pl.forum.ibood.com
https://home-living-at-de.forum.ibood.com
https://home-living-be-nl.forum.ibood.com
https://home-living-de-de.forum.ibood.com
https://home-living-nl-nl.forum.ibood.com
https://home-living-pl-pl.forum.ibood.com
https://ie-en.forum.ibood.com
https://interior-at-de.forum.ibood.com
https://interior-be-nl.forum.ibood.com
https://interior-de-de.forum.ibood.com
https://interior-nl-nl.forum.ibood.com
https://interior-pl-pl.forum.ibood.com
https://kids-toys-at-de.forum.ibood.com
https://kids-toys-be-nl.forum.ibood.com
https://kids-toys-de-de.forum.ibood.com
https://kids-toys-nl-nl.forum.ibood.com
https://kids-toys-pl-pl.forum.ibood.com
https://owa-auth.forum.ibood.com
https://sports-fashion-at-de.forum.ibood.com
https://sports-fashion-be-nl.forum.ibood.com
https://sports-fashion-de-de.forum.ibood.com
https://sports-fashion-nl-nl.forum.ibood.com
https://sports-fashion-pl-pl.forum.ibood.com
https://sports-outdoor-at-de.forum.ibood.com
https://sports-outdoor-be-nl.forum.ibood.com
https://sports-outdoor-de-de.forum.ibood.com
https://sports-outdoor-nl-nl.forum.ibood.com
https://sports-outdoor-pl-pl.forum.ibood.com
https://travel-be-nl.forum.ibood.com
https://travel-nl-nl.forum.ibood.com
https://uk-en.forum.ibood.com
https://vouchers-at-de.forum.ibood.com
https://vouchers-be-nl.forum.ibood.com
https://vouchers-de-de.forum.ibood.com
https://vouchers-nl-nl.forum.ibood.com
https://vouchers-pl-pl.forum.ibood.com
https://wines-at-de.forum.ibood.com
https://wines-be-nl.forum.ibood.com
https://wines-de-de.forum.ibood.com
https://wines-nl-nl.forum.ibood.com
https://wines-pl-pl.forum.ibood.com
