http://ads.instacart.tools
http://atlantis.dev.instacart.tools
http://atlantis.instacart.tools
http://atlas.dev.instacart.tools
http://atlas.instacart.tools
http://blazer-backend.instacart.tools
http://blazer-beta.instacart.tools
http://blazer.instacart.tools
http://catalog.instacart.tools
http://cf.customers.dev.instacart.tools
http://cf.customers.dev.instacart.tools:2082
http://cf.customers.dev.instacart.tools:2086
http://cf.customers.dev.instacart.tools:8080
http://cf.customers.dev.instacart.tools:8880
http://cfalt.customers.dev.instacart.tools
http://cfalt.customers.dev.instacart.tools:2052
http://cfalt.customers.dev.instacart.tools:2082
http://cfalt.customers.dev.instacart.tools:2083
http://cfalt.customers.dev.instacart.tools:2086
http://cfalt.customers.dev.instacart.tools:2087
http://cfalt.customers.dev.instacart.tools:2095
http://cfalt.customers.dev.instacart.tools:8080
http://cfalt.customers.dev.instacart.tools:8443
http://cfalt.customers.dev.instacart.tools:8880
http://cfalternate.customers.dev.instacart.tools
http://connect.dev.instacart.tools
http://costcous.dev.instacart.tools
http://costcous.pbis-cf-dev.instacart.tools
http://costcous.pbis-cf-dev.instacart.tools:2082
http://costcous.pbis-cf-dev.instacart.tools:2086
http://costcous.pbis-cf-dev.instacart.tools:8080
http://costcous.pbis-cf-dev.instacart.tools:8880
http://customers.dev.instacart.tools
http://data-ingestion.instacart.tools
http://display.dev.instacart.tools
http://experiments.instacart.tools
http://foodlion.dev.instacart.tools
http://go.instacart.tools
http://heinens-onecart.dev.instacart.tools
http://mypricechopperdelivers-onecart.dev.instacart.tools
http://pbis.dev.instacart.tools
http://portal.instacart.tools
http://preview.ads.dev.instacart.tools
http://sproutspbi.dev.instacart.tools
http://sproutspbi.pbis-cf-dev.instacart.tools
http://sproutspbi.pbis-cf-dev.instacart.tools:2082
http://sproutspbi.pbis-cf-dev.instacart.tools:2086
http://sproutspbi.pbis-cf-dev.instacart.tools:8080
http://sre.instacart.tools
http://test.pbis-cf-dev.instacart.tools
http://test.pbis-cf-dev.instacart.tools:2082
http://test.pbis-cf-dev.instacart.tools:2086
http://test.pbis-cf-dev.instacart.tools:2095
http://test.pbis-cf-dev.instacart.tools:8080
http://test.pbis-cf-dev.instacart.tools:8880
http://test.pbis-cf.dev.instacart.tools
http://test.pbis-cf.dev.instacart.tools:2082
http://test.pbis-cf.dev.instacart.tools:2086
http://test.pbis-cf.dev.instacart.tools:8080
http://test.pbis-cf.dev.instacart.tools:8880
http://thefreshmarket-onecart.dev.instacart.tools
http://tools-auth.instacart.tools
http://tops-onecart.dev.instacart.tools
http://tux.instacart.tools
http://weglegacy.dev.instacart.tools
http://wiki.instacart.tools
http://www.instacart.tools
https://ads.instacart.tools
https://atlantis.dev.instacart.tools
https://atlantis.instacart.tools
https://atlas.dev.instacart.tools
https://atlas.instacart.tools
https://blazer-backend.instacart.tools
https://blazer-beta.instacart.tools
https://blazer.instacart.tools
https://catalog.instacart.tools
https://cf.customers.dev.instacart.tools
https://cf.customers.dev.instacart.tools:2083
https://cf.customers.dev.instacart.tools:2087
https://cf.customers.dev.instacart.tools:8443
https://cfalternate.customers.dev.instacart.tools
https://connect.dev.instacart.tools
https://costcous.dev.instacart.tools
https://costcous.pbis-cf-dev.instacart.tools
https://costcous.pbis-cf-dev.instacart.tools:2053
https://costcous.pbis-cf-dev.instacart.tools:2083
https://costcous.pbis-cf-dev.instacart.tools:2087
https://costcous.pbis-cf-dev.instacart.tools:8443
https://customers.dev.instacart.tools
https://data-ingestion.instacart.tools
https://display.dev.instacart.tools
https://experiments.instacart.tools
https://foodlion.dev.instacart.tools
https://go.instacart.tools
https://heinens-onecart.dev.instacart.tools
https://mypricechopperdelivers-onecart.dev.instacart.tools
https://node0.vpn.instacart.tools
https://node1.vpn.instacart.tools
https://node2.vpn.instacart.tools
https://node3.vpn.instacart.tools
https://node4.vpn.instacart.tools
https://pbis.dev.instacart.tools
https://portal.instacart.tools
https://preview.ads.dev.instacart.tools
https://reset.sftp-catalog.dev.instacart.tools
https://reset.sftp-customers.dev.instacart.tools
https://reset.sftp-dataeng.dev.instacart.tools
https://reset.sftp-demo.dev.instacart.tools
https://reset.sftp-infra.dev.instacart.tools
https://reset.sftp-payments.dev.instacart.tools
https://snowplow.dev.instacart.tools
https://sproutspbi.dev.instacart.tools
https://sproutspbi.pbis-cf-dev.instacart.tools
https://sproutspbi.pbis-cf-dev.instacart.tools:2083
https://sproutspbi.pbis-cf-dev.instacart.tools:2087
https://sre.instacart.tools
https://test.pbis-cf-dev.instacart.tools
https://test.pbis-cf-dev.instacart.tools:2083
https://test.pbis-cf-dev.instacart.tools:2087
https://test.pbis-cf-dev.instacart.tools:8443
https://test.pbis-cf.dev.instacart.tools
https://test.pbis-cf.dev.instacart.tools:2083
https://test.pbis-cf.dev.instacart.tools:2087
https://test.pbis-cf.dev.instacart.tools:8443
https://thefreshmarket-onecart.dev.instacart.tools
https://tools-auth.instacart.tools
https://tops-onecart.dev.instacart.tools
https://tux.instacart.tools
https://vpn-beta.instacart.tools
https://vpn.instacart.tools
https://weglegacy.dev.instacart.tools
https://wiki.instacart.tools
https://www.instacart.tools
