http://ad-tools-mgs.instacart.com
http://admin.instacart.com
http://ads-blog.instacart.com
http://ads-blog.instacart.com:2052
http://ads-blog.instacart.com:2082
http://ads-blog.instacart.com:2086
http://ads-blog.instacart.com:8080
http://ads-blog.instacart.com:8443
http://ads-blog.instacart.com:8880
http://ads.instacart.com
http://affiliate.instacart.com
http://ajsfinefoods.instacart.com
http://albertsons.instacart.com
http://albertsonsmarketstreet.instacart.com
http://aldi.instacart.com
http://amundsen-beta.instacart.com
http://amundsen-proxy-beta.instacart.com
http://amundsen-proxy.instacart.com
http://api-catalog.instacart.com
http://api.ads.instacart.com
http://api.instacart.com
http://api.instacart.com:2053
http://api.instacart.com:2082
http://api.instacart.com:2083
http://api.instacart.com:2086
http://api.instacart.com:2087
http://api.instacart.com:8080
http://api.instacart.com:8443
http://api.instacart.com:8880
http://assets.ads.ads.instacart.com
http://assets.ads.instacart.com
http://assets.instacart.com
http://atlas.instacart.com
http://balduccis.instacart.com
http://banners.keyfood.instacart.com
http://basha.instacart.com
http://bashas.instacart.com
http://beta-image-server.instacart.com
http://beta-mgs.instacart.com
http://beta-shopper-api.instacart.com
http://beta-shoppers-mgs.instacart.com
http://beta.ads.instacart.com
http://beta.api.ads.instacart.com
http://beta.connect.instacart.com
http://beta.instacart.com
http://binnys.instacart.com
http://biritemarket.instacart.com
http://blazer.instacart.com
http://brooklynharvest.instacart.com
http://brooklynmarket.instacart.com
http://buehlers.instacart.com
http://bug-bounty-guide.instacart.com
http://bugs.instacart.com
http://catalog-api.instacart.com
http://catalog.instacart.com
http://cms.uat.hei.cf.enterprise.instacart.com
http://cms.uat.hei.cf.enterprise.instacart.com:2082
http://cms.uat.hei.cf.enterprise.instacart.com:2083
http://cms.uat.hei.cf.enterprise.instacart.com:2086
http://cms.uat.hei.cf.enterprise.instacart.com:2087
http://cms.uat.hei.cf.enterprise.instacart.com:8080
http://cms.uat.hei.cf.enterprise.instacart.com:8443
http://cms.uat.hei.cf.enterprise.instacart.com:8880
http://cms.uat.pch.cf.enterprise.instacart.com
http://cms.uat.pch.cf.enterprise.instacart.com:2052
http://cms.uat.pch.cf.enterprise.instacart.com:2082
http://cms.uat.pch.cf.enterprise.instacart.com:2083
http://cms.uat.pch.cf.enterprise.instacart.com:2086
http://cms.uat.pch.cf.enterprise.instacart.com:2087
http://cms.uat.pch.cf.enterprise.instacart.com:2095
http://cms.uat.pch.cf.enterprise.instacart.com:8080
http://cms.uat.pch.cf.enterprise.instacart.com:8443
http://cms.uat.pch.cf.enterprise.instacart.com:8880
http://comms-service.instacart.com
http://connect-docs.instacart.com
http://connect-ian.instacart.com
http://connect-ian.instacart.com:2052
http://connect-ian.instacart.com:2083
http://connect-ian.instacart.com:2086
http://connect-ian.instacart.com:2087
http://connect-ian.instacart.com:2095
http://connect-ian.instacart.com:8080
http://connect-ian.instacart.com:8443
http://connect-status.instacart.com
http://connect-stg.instacart.com
http://connect.instacart.com
http://content2.instacart.com
http://coopportunity.instacart.com
http://cosentinosmarket.instacart.com
http://costco.instacart.com
http://cub.instacart.com
http://dagnyc.instacart.com
http://dashboard-api.instacart.com
http://dashboard.instacart.com
http://data-ingestion.instacart.com
http://davesmarkets.instacart.com
http://dc.instacart.com
http://developers.instacart.com
http://dicks-sporting-goods.instacart.com
http://disney-store.instacart.com
http://display.instacart.com
http://dominion.instacart.com
http://edge4.instacart.com
http://elsuper.instacart.com
http://email.checkr-mail.instacart.com
http://enterprise-api.instacart.com
http://erewhon.instacart.com
http://ex.instacart.com
http://fairway-market.instacart.com
http://fairway.instacart.com
http://farmfreshsupermarkets.instacart.com
http://festfoods.instacart.com
http://file-ingestion.instacart.com
http://flowers.instacart.com
http://food-4-less-kroger.instacart.com
http://food-bazaar.instacart.com
http://food-city.instacart.com
http://food-lion.instacart.com
http://food4less.instacart.com
http://foodcity.instacart.com
http://fooddynasty.instacart.com
http://foodemporium.instacart.com
http://foodking.instacart.com
http://foodmaxx.instacart.com
http://foodtown.instacart.com
http://fooduniverse.instacart.com
http://foodway.instacart.com
http://fr.instacart.com
http://galafresh.instacart.com
http://gardentest.instacart.com
http://gelsons.instacart.com
http://gfs.instacart.com
http://go.retailers.instacart.com
http://greenvalleymarketplace.instacart.com
http://greers.instacart.com
http://gristedes.instacart.com
http://harrisonmarket.instacart.com
http://heinens.instacart.com
http://henhouse.instacart.com
http://holidayfarms.instacart.com
http://homeland.instacart.com
http://image-server.instacart.com
http://incoming.instacart.com
http://instacart.com
http://jewelosco.instacart.com
http://jjfarms.instacart.com
http://joerandazzos.instacart.com
http://keyfood.instacart.com
http://keyfoodurbanmarketplace.instacart.com
http://keyfreshnatural.instacart.com
http://kfmarketplace.instacart.com
http://kingsfood.instacart.com
http://kroger-stg.instacart.com
http://kroger.instacart.com
http://lamichoacanameatmarket.instacart.com
http://linkp2a.instacart.com
http://loblaws-market.instacart.com
http://loblaws.instacart.com
http://locations-api.instacart.com
http://locustvalleymarket.instacart.com
http://login-stg.instacart.com
http://login.instacart.com
http://logistics.instacart.com
http://luckysupermarkets.instacart.com
http://manormarket.instacart.com
http://marianos-stg.instacart.com
http://marianos.instacart.com
http://market5-one-5.instacart.com
http://martins-super-markets.instacart.com
http://mattituckmarketplace.instacart.com
http://metropolitan-market.instacart.com
http://mgs-edge.instacart.com
http://mgs.instacart.com
http://milams.instacart.com
http://mothers-market.instacart.com
http://mp.instacart.com
http://mycountymarket.instacart.com
http://myfoodcity.instacart.com
http://naturalgrocers.instacart.com
http://o.assets.instacart.com
http://origin.instacart.com
http://p.assets.instacart.com
http://partner-docs.instacart.com
http://partners.instacart.com
http://pbi-stg.instacart.com
http://pbi.instacart.com
http://pbi2.instacart.com
http://pbis.instacart.com
http://philly.instacart.com
http://post.assets.instacart.com
http://prd-cub-platform-master-api.enterprise.instacart.com
http://prd-cub-platform-master-api.enterprise.instacart.com:8080
http://prd-cub-platform-master-dashboard-v2.enterprise.instacart.com
http://prd-cub-platform-master-dashboard-v2.enterprise.instacart.com:8080
http://prd-cub-platform-master-dashboard.enterprise.instacart.com
http://prd-cub-platform-master-dashboard.enterprise.instacart.com:8080
http://prd-cub-platform-master-web.enterprise.instacart.com
http://prd-cub-platform-master-web.enterprise.instacart.com:8080
http://prd-cub-platform-preview-api.enterprise.instacart.com
http://prd-cub-platform-preview-api.enterprise.instacart.com:8080
http://prd-cub-platform-preview-web.enterprise.instacart.com
http://prd-cub-platform-preview-web.enterprise.instacart.com:8080
http://prd-tfm-platform-master-api.enterprise.instacart.com
http://prd-tfm-platform-master-api.enterprise.instacart.com:8080
http://prd-tfm-platform-master-dashboard-v2.enterprise.instacart.com
http://prd-tfm-platform-master-dashboard-v2.enterprise.instacart.com:8080
http://prd-tfm-platform-master-dashboard.enterprise.instacart.com
http://prd-tfm-platform-master-dashboard.enterprise.instacart.com:8080
http://prd-tfm-platform-master-web.enterprise.instacart.com
http://prd-tfm-platform-master-web.enterprise.instacart.com:8080
http://prd-tfm-platform-preview-api.enterprise.instacart.com
http://prd-tfm-platform-preview-api.enterprise.instacart.com:8080
http://prd-tfm-platform-preview-web.enterprise.instacart.com
http://prd-tfm-platform-preview-web.enterprise.instacart.com:8080
http://preview.ads.instacart.com
http://pricechopper.instacart.com
http://pricechopperny.instacart.com
http://pricerite.instacart.com
http://publix.instacart.com
http://publixtest.instacart.com
http://rainbow.instacart.com
http://retailer-platform-mesh.instacart.com
http://retailers.instacart.com
http://rite-aid.instacart.com
http://s.assets.instacart.com
http://samsclub.instacart.com
http://savealot.instacart.com
http://savemart.instacart.com
http://schnucks.instacart.com
http://secure.instacart.com
http://sftp.stg.instacart.com
http://shop.instacart.com
http://shopper-api.instacart.com
http://shopper.instacart.com
http://shoppers-admin-edge.instacart.com
http://shoppers-admin.instacart.com
http://shoppers-applicants.instacart.com
http://shoppers-assets.instacart.com
http://shoppers-edge.instacart.com
http://shoppers-mgs.instacart.com
http://shoppers.instacart.com
http://shoppers.mgs.instacart.com
http://shoppersfood.instacart.com
http://shopthepig.instacart.com
http://smartandfinal.instacart.com
http://speakup.instacart.com
http://specs.instacart.com
http://spirit-halloween.instacart.com
http://sports-basement.instacart.com
http://staples.instacart.com
http://stater-bros.pbis-cf.instacart.com
http://stater-bros.pbis-cf.instacart.com:2082
http://stater-bros.pbis-cf.instacart.com:2083
http://stater-bros.pbis-cf.instacart.com:2086
http://stater-bros.pbis-cf.instacart.com:2087
http://stater-bros.pbis-cf.instacart.com:8080
http://stater-bros.pbis-cf.instacart.com:8443
http://stater-bros.pbis-cf.instacart.com:8880
http://staterbros.instacart.com
http://staterbros.pbis-cf.instacart.com
http://staterbros.pbis-cf.instacart.com:2082
http://staterbros.pbis-cf.instacart.com:2083
http://staterbros.pbis-cf.instacart.com:2086
http://staterbros.pbis-cf.instacart.com:2087
http://staterbros.pbis-cf.instacart.com:8080
http://staterbros.pbis-cf.instacart.com:8443
http://staterbros.pbis-cf.instacart.com:8880
http://static-secure.instacart.com
http://stew-leonards-wine.instacart.com
http://stewleonards.instacart.com
http://stopandshop.instacart.com
http://sunsetfoods.instacart.com
http://superfresh.instacart.com
http://superiorgrocers.instacart.com
http://superking.instacart.com
http://t.ads.instacart.com
http://t.instacart.com
http://thefoodemporiumshoppe.instacart.com
http://tomlinsons.instacart.com
http://topsmarkets.instacart.com
http://u.assets.instacart.com
http://uat-cub-platform-master-api.enterprise.instacart.com
http://uat-cub-platform-master-api.enterprise.instacart.com:8080
http://uat-cub-platform-master-dashboard-v2.enterprise.instacart.com
http://uat-cub-platform-master-dashboard-v2.enterprise.instacart.com:8080
http://uat-cub-platform-master-dashboard.enterprise.instacart.com
http://uat-cub-platform-master-dashboard.enterprise.instacart.com:8080
http://uat-cub-platform-master-web.enterprise.instacart.com
http://uat-cub-platform-master-web.enterprise.instacart.com:8080
http://uat-cub-platform-preview-api.enterprise.instacart.com
http://uat-cub-platform-preview-api.enterprise.instacart.com:8080
http://uat-cub-platform-preview-web.enterprise.instacart.com
http://uat-cub-platform-preview-web.enterprise.instacart.com:8080
http://uat-pch-platform-master-web.enterprise.instacart.com
http://uat-tfm-platform-master-api.enterprise.instacart.com
http://uat-tfm-platform-master-api.enterprise.instacart.com:8080
http://uat-tfm-platform-master-dashboard-v2.enterprise.instacart.com
http://uat-tfm-platform-master-dashboard-v2.enterprise.instacart.com:8080
http://uat-tfm-platform-master-dashboard.enterprise.instacart.com
http://uat-tfm-platform-master-dashboard.enterprise.instacart.com:8080
http://uat-tfm-platform-master-web.enterprise.instacart.com
http://uat-tfm-platform-master-web.enterprise.instacart.com:8080
http://uat-tfm-platform-preview-api.enterprise.instacart.com
http://uat-tfm-platform-preview-api.enterprise.instacart.com:8080
http://uat-tfm-platform-preview-web.enterprise.instacart.com
http://uat-tfm-platform-preview-web.enterprise.instacart.com:8080
http://uat.cus.cf.enterprise.instacart.com
http://uat.cus.cf.enterprise.instacart.com:2082
http://uat.cus.cf.enterprise.instacart.com:2086
http://uat.cus.cf.enterprise.instacart.com:2087
http://uat.cus.cf.enterprise.instacart.com:8080
http://uat.cus.cf.enterprise.instacart.com:8443
http://uat.cus.cf.enterprise.instacart.com:8880
http://uat.fbz.cf.enterprise.instacart.com
http://uat.fbz.cf.enterprise.instacart.com:2082
http://uat.fbz.cf.enterprise.instacart.com:2083
http://uat.fbz.cf.enterprise.instacart.com:2086
http://uat.fbz.cf.enterprise.instacart.com:2087
http://uat.fbz.cf.enterprise.instacart.com:8080
http://uat.fbz.cf.enterprise.instacart.com:8443
http://uat.fbz.cf.enterprise.instacart.com:8880
http://uat.fdl.cf.enterprise.instacart.com
http://uat.fdl.cf.enterprise.instacart.com:2082
http://uat.fdl.cf.enterprise.instacart.com:2083
http://uat.fdl.cf.enterprise.instacart.com:2086
http://uat.fdl.cf.enterprise.instacart.com:2087
http://uat.fdl.cf.enterprise.instacart.com:2096
http://uat.fdl.cf.enterprise.instacart.com:8080
http://uat.fdl.cf.enterprise.instacart.com:8443
http://uat.fdl.cf.enterprise.instacart.com:8880
http://uat.ftm.cf.enterprise.instacart.com
http://uat.ftm.cf.enterprise.instacart.com:2053
http://uat.ftm.cf.enterprise.instacart.com:2082
http://uat.ftm.cf.enterprise.instacart.com:2083
http://uat.ftm.cf.enterprise.instacart.com:2086
http://uat.ftm.cf.enterprise.instacart.com:2087
http://uat.ftm.cf.enterprise.instacart.com:8080
http://uat.ftm.cf.enterprise.instacart.com:8443
http://uat.ftm.cf.enterprise.instacart.com:8880
http://uat.gar.cf.enterprise.instacart.com
http://uat.gar.cf.enterprise.instacart.com:2052
http://uat.gar.cf.enterprise.instacart.com:2082
http://uat.gar.cf.enterprise.instacart.com:2083
http://uat.gar.cf.enterprise.instacart.com:2086
http://uat.gar.cf.enterprise.instacart.com:2087
http://uat.gar.cf.enterprise.instacart.com:8080
http://uat.gar.cf.enterprise.instacart.com:8443
http://uat.gar.cf.enterprise.instacart.com:8880
http://uat.har.cf.enterprise.instacart.com
http://uat.har.cf.enterprise.instacart.com:2053
http://uat.har.cf.enterprise.instacart.com:2082
http://uat.har.cf.enterprise.instacart.com:2083
http://uat.har.cf.enterprise.instacart.com:2086
http://uat.har.cf.enterprise.instacart.com:2087
http://uat.har.cf.enterprise.instacart.com:8080
http://uat.har.cf.enterprise.instacart.com:8443
http://uat.har.cf.enterprise.instacart.com:8880
http://uat.hei.cf.enterprise.instacart.com
http://uat.hei.cf.enterprise.instacart.com:2053
http://uat.hei.cf.enterprise.instacart.com:2082
http://uat.hei.cf.enterprise.instacart.com:2083
http://uat.hei.cf.enterprise.instacart.com:2086
http://uat.hei.cf.enterprise.instacart.com:2087
http://uat.hei.cf.enterprise.instacart.com:2095
http://uat.hei.cf.enterprise.instacart.com:8080
http://uat.hei.cf.enterprise.instacart.com:8443
http://uat.hei.cf.enterprise.instacart.com:8880
http://uat.lnb.cf.enterprise.instacart.com
http://uat.lnb.cf.enterprise.instacart.com:2082
http://uat.lnb.cf.enterprise.instacart.com:2083
http://uat.lnb.cf.enterprise.instacart.com:2086
http://uat.lnb.cf.enterprise.instacart.com:2087
http://uat.lnb.cf.enterprise.instacart.com:2095
http://uat.lnb.cf.enterprise.instacart.com:8080
http://uat.lnb.cf.enterprise.instacart.com:8443
http://uat.low.cf.enterprise.instacart.com
http://uat.low.cf.enterprise.instacart.com:2053
http://uat.low.cf.enterprise.instacart.com:2082
http://uat.low.cf.enterprise.instacart.com:2083
http://uat.low.cf.enterprise.instacart.com:2086
http://uat.low.cf.enterprise.instacart.com:2087
http://uat.low.cf.enterprise.instacart.com:2096
http://uat.low.cf.enterprise.instacart.com:8080
http://uat.low.cf.enterprise.instacart.com:8443
http://uat.low.cf.enterprise.instacart.com:8880
http://uat.pch.cf.enterprise.instacart.com
http://uat.pch.cf.enterprise.instacart.com:2082
http://uat.pch.cf.enterprise.instacart.com:2083
http://uat.pch.cf.enterprise.instacart.com:2086
http://uat.pch.cf.enterprise.instacart.com:2087
http://uat.pch.cf.enterprise.instacart.com:8080
http://uat.pch.cf.enterprise.instacart.com:8443
http://uat.pch.cf.enterprise.instacart.com:8880
http://uat.plm.cf.enterprise.instacart.com
http://uat.plm.cf.enterprise.instacart.com:2082
http://uat.plm.cf.enterprise.instacart.com:2083
http://uat.plm.cf.enterprise.instacart.com:2086
http://uat.plm.cf.enterprise.instacart.com:2087
http://uat.plm.cf.enterprise.instacart.com:8080
http://uat.plm.cf.enterprise.instacart.com:8443
http://uat.plm.cf.enterprise.instacart.com:8880
http://uat.rbr.cf.enterprise.instacart.com
http://uat.rbr.cf.enterprise.instacart.com:2053
http://uat.rbr.cf.enterprise.instacart.com:2082
http://uat.rbr.cf.enterprise.instacart.com:2083
http://uat.rbr.cf.enterprise.instacart.com:2087
http://uat.rbr.cf.enterprise.instacart.com:8080
http://uat.rbr.cf.enterprise.instacart.com:8443
http://uat.rbr.cf.enterprise.instacart.com:8880
http://uat.sna.cf.enterprise.instacart.com
http://uat.sna.cf.enterprise.instacart.com:2082
http://uat.sna.cf.enterprise.instacart.com:2083
http://uat.sna.cf.enterprise.instacart.com:2086
http://uat.sna.cf.enterprise.instacart.com:2087
http://uat.sna.cf.enterprise.instacart.com:8080
http://uat.sna.cf.enterprise.instacart.com:8443
http://uat.sna.cf.enterprise.instacart.com:8880
http://uat.spr.cf.enterprise.instacart.com
http://uat.spr.cf.enterprise.instacart.com:2052
http://uat.spr.cf.enterprise.instacart.com:2082
http://uat.spr.cf.enterprise.instacart.com:2083
http://uat.spr.cf.enterprise.instacart.com:2086
http://uat.spr.cf.enterprise.instacart.com:2087
http://uat.spr.cf.enterprise.instacart.com:8080
http://uat.spr.cf.enterprise.instacart.com:8880
http://uat.stl.cf.enterprise.instacart.com
http://uat.stl.cf.enterprise.instacart.com:2082
http://uat.stl.cf.enterprise.instacart.com:2083
http://uat.stl.cf.enterprise.instacart.com:2086
http://uat.stl.cf.enterprise.instacart.com:2087
http://uat.stl.cf.enterprise.instacart.com:8080
http://uat.stl.cf.enterprise.instacart.com:8443
http://uat.stl.cf.enterprise.instacart.com:8880
http://uat.tfm.cf.enterprise.instacart.com
http://uat.tfm.cf.enterprise.instacart.com:2052
http://uat.tfm.cf.enterprise.instacart.com:2083
http://uat.tfm.cf.enterprise.instacart.com:2087
http://uat.tfm.cf.enterprise.instacart.com:8080
http://uat.tfm.cf.enterprise.instacart.com:8880
http://uat.top.cf.enterprise.instacart.com
http://uat.top.cf.enterprise.instacart.com:2082
http://uat.top.cf.enterprise.instacart.com:2083
http://uat.top.cf.enterprise.instacart.com:2086
http://uat.top.cf.enterprise.instacart.com:2087
http://uat.top.cf.enterprise.instacart.com:2095
http://uat.top.cf.enterprise.instacart.com:8080
http://uat.top.cf.enterprise.instacart.com:8443
http://uat.top.cf.enterprise.instacart.com:8880
http://uat.weg.cf.enterprise.instacart.com
http://uat.weg.cf.enterprise.instacart.com:2053
http://uat.weg.cf.enterprise.instacart.com:2082
http://uat.weg.cf.enterprise.instacart.com:2083
http://uat.weg.cf.enterprise.instacart.com:2086
http://uat.weg.cf.enterprise.instacart.com:2087
http://uat.weg.cf.enterprise.instacart.com:8080
http://uat.weg.cf.enterprise.instacart.com:8443
http://uat.weg.cf.enterprise.instacart.com:8880
http://united-supermarkets-ok.instacart.com
http://urbanmarket.instacart.com
http://webhooks-shoppers.instacart.com
http://webhooks.shoppers.instacart.com
http://wegmans.instacart.com
http://westernbeef.instacart.com
http://wfm.instacart.com
http://widgets.instacart.com
http://wildbynature.instacart.com
http://windsorfarms.instacart.com
http://winndixie.instacart.com
http://www-cdn.instacart.com
http://www.instacart.com
http://www.instacart.com:2082
http://www.instacart.com:2083
http://www.instacart.com:2086
http://www.instacart.com:2087
http://www.instacart.com:8080
http://www.instacart.com:8443
http://www.instacart.com:8880
http://your-independent-grocer.instacart.com
https://ad-tools-mgs.instacart.com
https://admin.instacart.com
https://ads-blog.instacart.com
https://ads-blog.instacart.com:2053
https://ads-blog.instacart.com:2083
https://ads-blog.instacart.com:2087
https://ads-blog.instacart.com:2096
https://ads-blog.instacart.com:8443
https://ads.instacart.com
https://affiliate.instacart.com
https://ajsfinefoods.instacart.com
https://albertsons.instacart.com
https://albertsonsmarketstreet.instacart.com
https://aldi.instacart.com
https://amundsen-beta.instacart.com
https://amundsen-proxy-beta.instacart.com
https://amundsen-proxy.instacart.com
https://api-catalog.instacart.com
https://api.ads.instacart.com
https://api.instacart.com
https://assets.ads.ads.instacart.com
https://assets.ads.instacart.com
https://assets.instacart.com
https://atlas.instacart.com
https://balduccis.instacart.com
https://banners.keyfood.instacart.com
https://basha.instacart.com
https://bashas.instacart.com
https://beta-image-server.instacart.com
https://beta-mgs.instacart.com
https://beta-shopper-api.instacart.com
https://beta-shoppers-mgs.instacart.com
https://beta.ads.instacart.com
https://beta.api.ads.instacart.com
https://beta.connect.instacart.com
https://beta.instacart.com
https://binnys.instacart.com
https://biritemarket.instacart.com
https://blazer.instacart.com
https://brooklynharvest.instacart.com
https://brooklynmarket.instacart.com
https://buehlers.instacart.com
https://bug-bounty-guide.instacart.com
https://bugs.instacart.com
https://catalog-api.instacart.com
https://catalog.instacart.com
https://cms.uat.hei.cf.enterprise.instacart.com
https://cms.uat.pch.cf.enterprise.instacart.com
https://comms-service.instacart.com
https://connect-docs.instacart.com
https://connect-ian.instacart.com
https://connect-status.instacart.com
https://connect-stg.instacart.com
https://connect.instacart.com
https://content2.instacart.com
https://coopportunity.instacart.com
https://cosentinosmarket.instacart.com
https://costco.instacart.com
https://cub.instacart.com
https://dagnyc.instacart.com
https://dashboard-api.instacart.com
https://dashboard.instacart.com
https://data-ingestion.instacart.com
https://davesmarkets.instacart.com
https://dc.instacart.com
https://developers.instacart.com
https://dicks-sporting-goods.instacart.com
https://disney-store.instacart.com
https://display.instacart.com
https://dominion.instacart.com
https://edge4.instacart.com
https://elsuper.instacart.com
https://email.checkr-mail.instacart.com
https://enterprise-api.instacart.com
https://envoy-gateway.instacart.com:14000
https://erewhon.instacart.com
https://ex.instacart.com
https://fairway-market.instacart.com
https://fairway.instacart.com
https://farmfreshsupermarkets.instacart.com
https://festfoods.instacart.com
https://file-ingestion.instacart.com
https://flowers.instacart.com
https://food-4-less-kroger.instacart.com
https://food-bazaar.instacart.com
https://food-city.instacart.com
https://food-lion.instacart.com
https://food4less.instacart.com
https://foodcity.instacart.com
https://fooddynasty.instacart.com
https://foodemporium.instacart.com
https://foodking.instacart.com
https://foodmaxx.instacart.com
https://foodtown.instacart.com
https://fooduniverse.instacart.com
https://foodway.instacart.com
https://fr.instacart.com
https://galafresh.instacart.com
https://gardentest.instacart.com
https://gelsons.instacart.com
https://gfs.instacart.com
https://go.retailers.instacart.com
https://grapevine.instacart.com
https://greenvalleymarketplace.instacart.com
https://greers.instacart.com
https://gristedes.instacart.com
https://harrisonmarket.instacart.com
https://heinens.instacart.com
https://henhouse.instacart.com
https://holidayfarms.instacart.com
https://homeland.instacart.com
https://image-server.instacart.com
https://incoming.instacart.com
https://instacart.com
https://jewelosco.instacart.com
https://jjfarms.instacart.com
https://joerandazzos.instacart.com
https://keyfood.instacart.com
https://keyfoodurbanmarketplace.instacart.com
https://keyfreshnatural.instacart.com
https://kfmarketplace.instacart.com
https://kingsfood.instacart.com
https://kroger-stg.instacart.com
https://kroger.instacart.com
https://lamichoacanameatmarket.instacart.com
https://linkp2a.instacart.com
https://loblaws-market.instacart.com
https://loblaws.instacart.com
https://locations-api.instacart.com
https://locustvalleymarket.instacart.com
https://login-stg.instacart.com
https://login.instacart.com
https://logistics.instacart.com
https://luckysupermarkets.instacart.com
https://manormarket.instacart.com
https://marianos-stg.instacart.com
https://marianos.instacart.com
https://market5-one-5.instacart.com
https://martins-super-markets.instacart.com
https://mattituckmarketplace.instacart.com
https://metropolitan-market.instacart.com
https://mgs-edge.instacart.com
https://mgs.instacart.com
https://milams.instacart.com
https://mothers-market.instacart.com
https://mp.instacart.com
https://mycountymarket.instacart.com
https://myfoodcity.instacart.com
https://naturalgrocers.instacart.com
https://o.assets.instacart.com
https://origin.instacart.com
https://p.assets.instacart.com
https://partner-docs.instacart.com
https://partners.instacart.com
https://pbi-stg.instacart.com
https://pbi.instacart.com
https://pbi2.instacart.com
https://pbis.instacart.com
https://philly.instacart.com
https://post.assets.instacart.com
https://prd-cub-platform-master-api.enterprise.instacart.com
https://prd-cub-platform-master-dashboard-v2.enterprise.instacart.com
https://prd-cub-platform-master-dashboard.enterprise.instacart.com
https://prd-cub-platform-master-web.enterprise.instacart.com
https://prd-cub-platform-preview-api.enterprise.instacart.com
https://prd-cub-platform-preview-web.enterprise.instacart.com
https://prd-tfm-platform-master-api.enterprise.instacart.com
https://prd-tfm-platform-master-dashboard-v2.enterprise.instacart.com
https://prd-tfm-platform-master-dashboard.enterprise.instacart.com
https://prd-tfm-platform-master-web.enterprise.instacart.com
https://prd-tfm-platform-preview-api.enterprise.instacart.com
https://prd-tfm-platform-preview-web.enterprise.instacart.com
https://preview.ads.instacart.com
https://pricechopper.instacart.com
https://pricechopperny.instacart.com
https://pricerite.instacart.com
https://publix.instacart.com
https://publixtest.instacart.com
https://rainbow.instacart.com
https://reset.sftp-catalog.instacart.com
https://reset.sftp-customers.instacart.com
https://reset.sftp-dataeng.instacart.com
https://reset.sftp-payments.instacart.com
https://retailer-platform-mesh.instacart.com
https://retailers.instacart.com
https://rite-aid.instacart.com
https://s.assets.instacart.com
https://samsclub.instacart.com
https://savealot.instacart.com
https://savemart.instacart.com
https://schnucks.instacart.com
https://secure.instacart.com
https://shop.instacart.com
https://shopper-api.instacart.com
https://shopper.instacart.com
https://shoppers-admin-edge.instacart.com
https://shoppers-admin.instacart.com
https://shoppers-applicants.instacart.com
https://shoppers-assets.instacart.com
https://shoppers-edge.instacart.com
https://shoppers-mgs.instacart.com
https://shoppers.instacart.com
https://shoppers.mgs.instacart.com
https://shoppersfood.instacart.com
https://shopthepig.instacart.com
https://smartandfinal.instacart.com
https://speakup.instacart.com
https://specs.instacart.com
https://spirit-halloween.instacart.com
https://sports-basement.instacart.com
https://staples.instacart.com
https://stater-bros.pbis-cf.instacart.com
https://staterbros.instacart.com
https://staterbros.pbis-cf.instacart.com
https://static-secure.instacart.com
https://stew-leonards-wine.instacart.com
https://stewleonards.instacart.com
https://stopandshop.instacart.com
https://sunsetfoods.instacart.com
https://superfresh.instacart.com
https://superiorgrocers.instacart.com
https://superking.instacart.com
https://t.ads.instacart.com
https://t.instacart.com
https://temp.envoy-gateway.instacart.com:14000
https://thefoodemporiumshoppe.instacart.com
https://tomlinsons.instacart.com
https://topsmarkets.instacart.com
https://u.assets.instacart.com
https://uat-cub-platform-master-api.enterprise.instacart.com
https://uat-cub-platform-master-dashboard-v2.enterprise.instacart.com
https://uat-cub-platform-master-dashboard.enterprise.instacart.com
https://uat-cub-platform-master-web.enterprise.instacart.com
https://uat-cub-platform-preview-api.enterprise.instacart.com
https://uat-cub-platform-preview-web.enterprise.instacart.com
https://uat-pch-platform-master-web.enterprise.instacart.com
https://uat-tfm-platform-master-api.enterprise.instacart.com
https://uat-tfm-platform-master-dashboard-v2.enterprise.instacart.com
https://uat-tfm-platform-master-dashboard.enterprise.instacart.com
https://uat-tfm-platform-master-web.enterprise.instacart.com
https://uat-tfm-platform-preview-api.enterprise.instacart.com
https://uat-tfm-platform-preview-web.enterprise.instacart.com
https://uat.cus.cf.enterprise.instacart.com
https://uat.fbz.cf.enterprise.instacart.com
https://uat.fdl.cf.enterprise.instacart.com
https://uat.ftm.cf.enterprise.instacart.com
https://uat.gar.cf.enterprise.instacart.com
https://uat.har.cf.enterprise.instacart.com
https://uat.hei.cf.enterprise.instacart.com
https://uat.lnb.cf.enterprise.instacart.com
https://uat.low.cf.enterprise.instacart.com
https://uat.pch.cf.enterprise.instacart.com
https://uat.plm.cf.enterprise.instacart.com
https://uat.rbr.cf.enterprise.instacart.com
https://uat.sna.cf.enterprise.instacart.com
https://uat.spr.cf.enterprise.instacart.com
https://uat.stl.cf.enterprise.instacart.com
https://uat.tfm.cf.enterprise.instacart.com
https://uat.top.cf.enterprise.instacart.com
https://uat.weg.cf.enterprise.instacart.com
https://united-supermarkets-ok.instacart.com
https://urbanmarket.instacart.com
https://webhooks-shoppers.instacart.com
https://webhooks.shoppers.instacart.com
https://wegmans.instacart.com
https://westernbeef.instacart.com
https://wfm.instacart.com
https://widgets.instacart.com
https://wildbynature.instacart.com
https://windsorfarms.instacart.com
https://winndixie.instacart.com
https://www-cdn.instacart.com
https://www.instacart.com
https://your-independent-grocer.instacart.com
