http://billing-internal.intercomcdn.com
http://blog.intercomcdn.com
http://build.intercomcdn.com
http://customer-videos.intercomcdn.com
http://downloads-beta.intercomcdn.com
http://downloads.intercomcdn.com
http://external-themes.intercomcdn.com
http://fonts.intercomcdn.com
http://gifs.intercomcdn.com
http://image-uploads-test.intercomcdn.com
http://image-uploads.intercomcdn.com
http://js-test.intercomcdn.com
http://js.intercomcdn.com
http://marketing.intercomcdn.com
http://mobile.intercomcdn.com
http://static.intercomcdn.com
http://uploads-cdn.intercomcdn.com
http://uploads-test.intercomcdn.com
http://uploads.intercomcdn.com
http://video-messages.intercomcdn.com
https://billing-internal.intercomcdn.com
https://blog.intercomcdn.com
https://build.intercomcdn.com
https://customer-videos.intercomcdn.com
https://downloads-beta.intercomcdn.com
https://downloads.intercomcdn.com
https://external-themes.intercomcdn.com
https://fonts.intercomcdn.com
https://gifs.intercomcdn.com
https://image-uploads-test.intercomcdn.com
https://image-uploads.intercomcdn.com
https://js-test.intercomcdn.com
https://js.intercomcdn.com
https://marketing.intercomcdn.com
https://mobile.intercomcdn.com
https://static.intercomcdn.com
https://uploads-cdn.intercomcdn.com
https://uploads-test.intercomcdn.com
https://uploads.intercomcdn.com
https://video-messages.intercomcdn.com
