http://acceptatie.rest.intergamma.nl
http://acceptatie.topdesk.intergamma.nl
http://dam.intergamma.nl
http://damtest.intergamma.nl
http://enterpriseenrollment.intergamma.nl
http://enterpriseregistration.intergamma.nl
http://franchise.intergamma.nl
http://iam.intergamma.nl
http://intergamma.nl
http://lyncdiscover.intergamma.nl
http://msoid.intergamma.nl
http://nieuws.intergamma.nl
http://recruitment.intergamma.nl
http://rest.intergamma.nl
http://topdesk.intergamma.nl
http://tracking.intergamma.nl
http://www.intergamma.nl
https://acceptatie.rest.intergamma.nl
https://acceptatie.topdesk.intergamma.nl
https://bamboo.intergamma.nl
https://confluence.intergamma.nl
https://dam.intergamma.nl
https://damtest.intergamma.nl
https://enterpriseenrollment.intergamma.nl
https://enterpriseregistration.intergamma.nl
https://franchise.intergamma.nl
https://iam.intergamma.nl
https://intergamma.nl
https://jira.intergamma.nl
https://levportal.intergamma.nl
https://lyncdiscover.intergamma.nl
https://msoid.intergamma.nl
https://nexus.intergamma.nl
https://nieuws.intergamma.nl
https://recruitment.intergamma.nl
https://rest.intergamma.nl
https://sip.intergamma.nl
https://topdesk.intergamma.nl
https://tracking.intergamma.nl
https://vpn.intergamma.nl
https://vpnbackup.intergamma.nl
https://www.intergamma.nl
https://zabbix.intergamma.nl
