http://api-company-v1.intigriti.com
http://api-company-v1.intigriti.com:8080
http://api-demo.intigriti.com
http://api-external-v1.intigriti.com
http://api-external-v1.intigriti.com:8080
http://api-public-v1.intigriti.com
http://api-public-v1.intigriti.com:8080
http://api-stage.intigriti.com
http://api-uat.intigriti.com
http://api-v1.intigriti.com
http://api-v1.intigriti.com:8080
http://api.intigriti.com
http://app-demo.intigriti.com
http://app-stage.intigriti.com
http://app-uat.intigriti.com
http://app.intigriti.com
http://click-demo.intigriti.com
http://click-stage.intigriti.com
http://click-uat.intigriti.com
http://communication-demo.intigriti.com
http://communication-stage.intigriti.com
http://communication-uat.intigriti.com
http://communication.intigriti.com
http://intigriti.com
http://jobs-demo.intigriti.com
http://jobs-stage.intigriti.com
http://jobs-uat.intigriti.com
http://jobs.intigriti.com
http://login-demo.intigriti.com
http://login-stage.intigriti.com
http://login-uat.intigriti.com
http://login.intigriti.com
http://www-demo.intigriti.com
http://www-stage.intigriti.com
http://www-uat.intigriti.com
http://www-v1.intigriti.com
http://www-v1.intigriti.com:8080
http://www.intigriti.com
https://api-demo.intigriti.com
https://api-stage.intigriti.com
https://api-uat.intigriti.com
https://api.intigriti.com
https://app-demo.intigriti.com
https://app-stage.intigriti.com
https://app-uat.intigriti.com
https://app.intigriti.com
https://click-demo.intigriti.com
https://click-stage.intigriti.com
https://click-uat.intigriti.com
https://communication-demo.intigriti.com
https://communication-stage.intigriti.com
https://communication-uat.intigriti.com
https://communication.intigriti.com
https://intigriti.com
https://jobs-demo.intigriti.com
https://jobs-stage.intigriti.com
https://jobs-uat.intigriti.com
https://jobs.intigriti.com
https://login-demo.intigriti.com
https://login-stage.intigriti.com
https://login-uat.intigriti.com
https://login.intigriti.com
https://www-demo.intigriti.com
https://www-stage.intigriti.com
https://www-uat.intigriti.com
https://www.intigriti.com
