http://ambassadors.joinverse.com
http://ambassadors.joinverse.com:8080
http://app.joinverse.com
http://app.joinverse.com:8080
http://globalx.joinverse.com
http://globalx.joinverse.com:8080
http://joinverse.com
http://joinverse.com:8080
http://multiverse.joinverse.com
http://multiverse.joinverse.com:8080
http://pics.joinverse.com
http://pics.joinverse.com:8080
http://webhooks.api.joinverse.com
http://webhooks.api.joinverse.com:8080
http://www.ambassadors.joinverse.com
http://www.ambassadors.joinverse.com:8080
http://www.joinverse.com
http://www.joinverse.com:8080
https://ambassadors.joinverse.com
https://app.joinverse.com
https://globalx.joinverse.com
https://joinverse.com
https://multiverse.joinverse.com
https://pics.joinverse.com
https://webhooks.api.joinverse.com
https://www.ambassadors.joinverse.com
https://www.joinverse.com
