http://ablink.emails.just-eat.no
http://ablink.orders.just-eat.no
http://acc-shop.just-eat.no
http://beta.just-eat.no
http://cloud.update.just-eat.no
http://just-eat.no
http://live-orders.just-eat.no
http://restaurant.just-eat.no
http://restaurants.just-eat.no
http://shop.just-eat.no
http://subfolder-proxy-deals.just-eat.no
http://subfolder-proxy-drivers.just-eat.no
http://subfolder-proxy-foodwiki.just-eat.no
http://test-shop.just-eat.no
http://www.just-eat.no
https://ablink.emails.just-eat.no
https://ablink.orders.just-eat.no
https://acc-shop.just-eat.no
https://beta.just-eat.no
https://cloud.update.just-eat.no
https://just-eat.no
https://live-orders.just-eat.no
https://restaurant.just-eat.no
https://restaurants.just-eat.no
https://shop.just-eat.no
https://subfolder-proxy-deals.just-eat.no
https://subfolder-proxy-drivers.just-eat.no
https://subfolder-proxy-foodwiki.just-eat.no
https://test-shop.just-eat.no
https://www.just-eat.no
