http://ablink.emails.just-eat.fr
http://acc-shop.just-eat.fr
http://acc-shop.just-eat.fr:2082
http://acc-shop.just-eat.fr:2083
http://acc-shop.just-eat.fr:2086
http://acc-shop.just-eat.fr:2087
http://acc-shop.just-eat.fr:8080
http://acc-shop.just-eat.fr:8880
http://api.just-eat.fr
http://awards.just-eat.fr
http://beta.just-eat.fr
http://click.email.just-eat.fr
http://click.update.just-eat.fr
http://cloud.email.just-eat.fr
http://cloud.update.just-eat.fr
http://commandes.just-eat.fr
http://corporate.just-eat.fr
http://image.email.just-eat.fr
http://image.update.just-eat.fr
http://just-eat.fr
http://m.just-eat.fr
http://orders.just-eat.fr
http://partner.just-eat.fr
http://restaurant.just-eat.fr
http://restaurants.just-eat.fr
http://restaurateurs.just-eat.fr
http://shop.just-eat.fr
http://subfolder-proxy-awards.just-eat.fr
http://subfolder-proxy-deals.just-eat.fr
http://subfolder-proxy-drivers.just-eat.fr
http://subfolder-proxy-foodwiki.just-eat.fr
http://subfolder-proxy-lb.just-eat.fr
http://subfolder-proxy-takeawaypay.just-eat.fr
http://test-shop.just-eat.fr
http://tv.just-eat.fr
http://view.email.just-eat.fr
http://view.update.just-eat.fr
http://www.just-eat.fr
https://ablink.emails.just-eat.fr
https://acc-shop.just-eat.fr
https://api.just-eat.fr
https://awards.just-eat.fr
https://beta.just-eat.fr
https://click.email.just-eat.fr
https://click.update.just-eat.fr
https://cloud.email.just-eat.fr
https://cloud.update.just-eat.fr
https://commandes.just-eat.fr
https://corporate.just-eat.fr
https://image.email.just-eat.fr
https://image.update.just-eat.fr
https://just-eat.fr
https://m.just-eat.fr
https://orders.just-eat.fr
https://partner.just-eat.fr
https://restaurant.just-eat.fr
https://restaurants.just-eat.fr
https://restaurateurs.just-eat.fr
https://shop.just-eat.fr
https://subfolder-proxy-awards.just-eat.fr
https://subfolder-proxy-deals.just-eat.fr
https://subfolder-proxy-drivers.just-eat.fr
https://subfolder-proxy-foodwiki.just-eat.fr
https://subfolder-proxy-lb.just-eat.fr
https://subfolder-proxy-takeawaypay.just-eat.fr
https://test-shop.just-eat.fr
https://tv.just-eat.fr
https://view.email.just-eat.fr
https://view.update.just-eat.fr
https://www.just-eat.fr
