http://api.acc.karwei.nl
http://api.acceptatie.karwei.nl
http://api.karwei.nl
http://api.maakafspraak.karwei.nl
http://blog.karwei.nl
http://cdn.email.karwei.nl
http://chatapp.karwei.nl
http://data.email.karwei.nl
http://feedback.karwei.nl
http://folder.karwei.nl
http://game.karwei.nl
http://inspiratie.karwei.nl
http://inspiratietool.karwei.nl
http://karwei.nl
http://kassa.acceptatie.karwei.nl
http://kassa.karwei.nl
http://kassa2.acceptatie.karwei.nl
http://kassa2.karwei.nl
http://keuzehulp.karwei.nl
http://kiosk.acceptatie.karwei.nl
http://kiosk.karwei.nl
http://kioskadmin.acceptatie.karwei.nl
http://kioskadmin.karwei.nl
http://maakafspraak.karwei.nl
http://mijn.acceptatie.karwei.nl
http://mijn.karwei.nl
http://mijn2.acceptatie.karwei.nl
http://mijn2.karwei.nl
http://origin.checkout.acc.karwei.nl
http://origin.checkout.prd.karwei.nl
http://origin.inspiratie.karwei.nl
http://origin.myaccount.acc.karwei.nl
http://origin.myaccount.prd.karwei.nl
http://origin.shopfront.acc.karwei.nl
http://origin.shopfront.prd.karwei.nl
http://shopfront.acceptatie.karwei.nl
http://shopfront.karwei.nl
http://sitemap.acceptatie.karwei.nl
http://sitemap.karwei.nl
http://sorry.karwei.nl
http://static-acceptatie.karwei.nl
http://static.karwei.nl
http://winactie.karwei.nl
http://www.acceptatie.karwei.nl
http://www.dev.karwei.nl
http://www.karwei.nl
https://api.acc.karwei.nl
https://api.acceptatie.karwei.nl
https://api.karwei.nl
https://api.maakafspraak.karwei.nl
https://blog.karwei.nl
https://cdn.email.karwei.nl
https://chatapp.karwei.nl
https://data.email.karwei.nl
https://feedback.karwei.nl
https://folder.karwei.nl
https://game.karwei.nl
https://inspiratie.karwei.nl
https://inspiratietool.karwei.nl
https://karwei.nl
https://kassa.acceptatie.karwei.nl
https://kassa.karwei.nl
https://kassa2.acceptatie.karwei.nl
https://kassa2.karwei.nl
https://keuzehulp.karwei.nl
https://kiosk.acceptatie.karwei.nl
https://kiosk.karwei.nl
https://kioskadmin.acceptatie.karwei.nl
https://kioskadmin.karwei.nl
https://maakafspraak.karwei.nl
https://mijn.acceptatie.karwei.nl
https://mijn.karwei.nl
https://mijn2.acceptatie.karwei.nl
https://mijn2.karwei.nl
https://origin.checkout.acc.karwei.nl
https://origin.checkout.prd.karwei.nl
https://origin.inspiratie.karwei.nl
https://origin.myaccount.acc.karwei.nl
https://origin.myaccount.prd.karwei.nl
https://origin.shopfront.acc.karwei.nl
https://origin.shopfront.prd.karwei.nl
https://shopfront.acceptatie.karwei.nl
https://shopfront.karwei.nl
https://sitemap.acceptatie.karwei.nl
https://sitemap.karwei.nl
https://sorry.karwei.nl
https://static-acceptatie.karwei.nl
https://static.karwei.nl
https://winactie.karwei.nl
https://www.acceptatie.karwei.nl
https://www.dev.karwei.nl
https://www.karwei.nl
