http://kb4compliance.com
http://od-awesome-sauce-01.kb4compliance.com
http://od-bad-cf.kb4compliance.com
http://od-bank-account.kb4compliance.com
http://od-bav-test-sdheduling.kb4compliance.com
http://od-browser-evidence.kb4compliance.com
http://od-csv-exports-like-prod.kb4compliance.com
http://od-csv-exports-rc3.kb4compliance.com
http://od-csv-exports-rc4.kb4compliance.com
http://od-csv-exports.kb4compliance.com
http://od-data-exports.kb4compliance.com
http://od-demofortemasoft1.kb4compliance.com
http://od-dep-test.kb4compliance.com
http://od-dimitrim-3837.kb4compliance.com
http://od-dimitrim-4086.kb4compliance.com
http://od-dimitrim-4087-1.kb4compliance.com
http://od-dimitrim-5024.kb4compliance.com
http://od-dimitrim-5309-1.kb4compliance.com
http://od-dimitrim-5309.kb4compliance.com
http://od-dimitrim-5821-1.kb4compliance.com
http://od-dimitrim-5821.kb4compliance.com
http://od-dimitrim-5823.kb4compliance.com
http://od-dimitrim-5919.kb4compliance.com
http://od-dimitrim-6064.kb4compliance.com
http://od-dimitrim-6440.kb4compliance.com
http://od-dimitrim-7168-1.kb4compliance.com
http://od-dimitrim-7168.kb4compliance.com
http://od-dimitrim-kcms-7168.kb4compliance.com
http://od-dimitrim-master.kb4compliance.com
http://od-dimitrim-rc3.kb4compliance.com
http://od-embargoed-emails.kb4compliance.com
http://od-erikh-01.kb4compliance.com
http://od-erikh-02.kb4compliance.com
http://od-erikh-clickwrap.kb4compliance.com
http://od-erikh-pendo.kb4compliance.com
http://od-erikh01.kb4compliance.com
http://od-feature-bulk-controls-req.kb4compliance.com
http://od-feature-integrations.kb4compliance.com
http://od-feature-notes-epic-5914.kb4compliance.com
http://od-feature-pendo.kb4compliance.com
http://od-feature-vendor-epic-5937.kb4compliance.com
http://od-jsmith-721.kb4compliance.com
http://od-jsmith-backup.kb4compliance.com
http://od-jsmith-main.kb4compliance.com
http://od-kbreton.kb4compliance.com
http://od-kevinw-anothapublicbucket.kb4compliance.com
http://od-kevinw-bucketmovefinal.kb4compliance.com
http://od-kevinw-publicbucketstill.kb4compliance.com
http://od-kevinw-sre4705.kb4compliance.com
http://od-kevinw-sre4705b.kb4compliance.com
http://od-kevinw-sre4705c.kb4compliance.com
http://od-kevinw-sre4705d.kb4compliance.com
http://od-kevinw-sre4705e.kb4compliance.com
http://od-kevinw-sredeletefix.kb4compliance.com
http://od-kevinw-sretest123.kb4compliance.com
http://od-kevinw-sretest234.kb4compliance.com
http://od-kreeves-1.kb4compliance.com
http://od-kreeves-2599.kb4compliance.com
http://od-kreeves-5994.kb4compliance.com
http://od-kreeves-6004.kb4compliance.com
http://od-kreeves-6096.kb4compliance.com
http://od-kreeves-6428.kb4compliance.com
http://od-kreeves-6559.kb4compliance.com
http://od-kreeves-7034.kb4compliance.com
http://od-kreeves-7159.kb4compliance.com
http://od-main1.kb4compliance.com
http://od-miker-3.kb4compliance.com
http://od-miker-8.kb4compliance.com
http://od-pendo-feature.kb4compliance.com
http://od-risk-owner-epic-3617.kb4compliance.com
http://od-risk-owner-mv-3617.kb4compliance.com
http://od-risk-owner-mvp-3617.kb4compliance.com
http://od-rolando-main-od.kb4compliance.com
http://od-rolandog-feature.kb4compliance.com
http://od-rolandog-main.kb4compliance.com
http://od-rolandog-master-od.kb4compliance.com
http://od-rolandog-test-new-od.kb4compliance.com
http://od-rolandog-test.kb4compliance.com
http://od-sdet-auto.kb4compliance.com
http://od-sdet-main.kb4compliance.com
http://od-sns-events.kb4compliance.com
http://od-vin-apps-test.kb4compliance.com
http://od-wilsonw-7270.kb4compliance.com
http://od-wilsonw-main1.kb4compliance.com
http://od-wilsonw-main3.kb4compliance.com
http://od-wilsonw-main5.kb4compliance.com
http://od-wilsonw-user-form.kb4compliance.com
https://kb4compliance.com
https://od-awesome-sauce-01.kb4compliance.com
https://od-bad-cf.kb4compliance.com
https://od-bank-account.kb4compliance.com
https://od-bav-test-sdheduling.kb4compliance.com
https://od-browser-evidence.kb4compliance.com
https://od-csv-exports-like-prod.kb4compliance.com
https://od-csv-exports-rc3.kb4compliance.com
https://od-csv-exports-rc4.kb4compliance.com
https://od-csv-exports.kb4compliance.com
https://od-data-exports.kb4compliance.com
https://od-demofortemasoft1.kb4compliance.com
https://od-dep-test.kb4compliance.com
https://od-dimitrim-3837.kb4compliance.com
https://od-dimitrim-4086.kb4compliance.com
https://od-dimitrim-4087-1.kb4compliance.com
https://od-dimitrim-5024.kb4compliance.com
https://od-dimitrim-5309-1.kb4compliance.com
https://od-dimitrim-5309.kb4compliance.com
https://od-dimitrim-5821-1.kb4compliance.com
https://od-dimitrim-5821.kb4compliance.com
https://od-dimitrim-5823.kb4compliance.com
https://od-dimitrim-5919.kb4compliance.com
https://od-dimitrim-6064.kb4compliance.com
https://od-dimitrim-6440.kb4compliance.com
https://od-dimitrim-7168-1.kb4compliance.com
https://od-dimitrim-7168.kb4compliance.com
https://od-dimitrim-kcms-7168.kb4compliance.com
https://od-dimitrim-master.kb4compliance.com
https://od-dimitrim-rc3.kb4compliance.com
https://od-embargoed-emails.kb4compliance.com
https://od-erikh-01.kb4compliance.com
https://od-erikh-02.kb4compliance.com
https://od-erikh-clickwrap.kb4compliance.com
https://od-erikh-pendo.kb4compliance.com
https://od-erikh01.kb4compliance.com
https://od-feature-bulk-controls-req.kb4compliance.com
https://od-feature-integrations.kb4compliance.com
https://od-feature-notes-epic-5914.kb4compliance.com
https://od-feature-pendo.kb4compliance.com
https://od-feature-vendor-epic-5937.kb4compliance.com
https://od-jsmith-721.kb4compliance.com
https://od-jsmith-backup.kb4compliance.com
https://od-jsmith-main.kb4compliance.com
https://od-kbreton.kb4compliance.com
https://od-kevinw-anothapublicbucket.kb4compliance.com
https://od-kevinw-bucketmovefinal.kb4compliance.com
https://od-kevinw-publicbucketstill.kb4compliance.com
https://od-kevinw-sre4705.kb4compliance.com
https://od-kevinw-sre4705b.kb4compliance.com
https://od-kevinw-sre4705c.kb4compliance.com
https://od-kevinw-sre4705d.kb4compliance.com
https://od-kevinw-sre4705e.kb4compliance.com
https://od-kevinw-sredeletefix.kb4compliance.com
https://od-kevinw-sretest123.kb4compliance.com
https://od-kevinw-sretest234.kb4compliance.com
https://od-kreeves-1.kb4compliance.com
https://od-kreeves-2599.kb4compliance.com
https://od-kreeves-5994.kb4compliance.com
https://od-kreeves-6004.kb4compliance.com
https://od-kreeves-6096.kb4compliance.com
https://od-kreeves-6428.kb4compliance.com
https://od-kreeves-6559.kb4compliance.com
https://od-kreeves-7034.kb4compliance.com
https://od-kreeves-7159.kb4compliance.com
https://od-main1.kb4compliance.com
https://od-miker-3.kb4compliance.com
https://od-miker-8.kb4compliance.com
https://od-pendo-feature.kb4compliance.com
https://od-risk-owner-epic-3617.kb4compliance.com
https://od-risk-owner-mv-3617.kb4compliance.com
https://od-risk-owner-mvp-3617.kb4compliance.com
https://od-rolando-main-od.kb4compliance.com
https://od-rolandog-feature.kb4compliance.com
https://od-rolandog-main.kb4compliance.com
https://od-rolandog-master-od.kb4compliance.com
https://od-rolandog-test-new-od.kb4compliance.com
https://od-rolandog-test.kb4compliance.com
https://od-sdet-auto.kb4compliance.com
https://od-sdet-main.kb4compliance.com
https://od-sns-events.kb4compliance.com
https://od-vin-apps-test.kb4compliance.com
https://od-wilsonw-7270.kb4compliance.com
https://od-wilsonw-main1.kb4compliance.com
https://od-wilsonw-main3.kb4compliance.com
https://od-wilsonw-main5.kb4compliance.com
https://od-wilsonw-user-form.kb4compliance.com
