http://api.kinepolis.com
http://atv.kinepolis.com
http://autodiscover.kinepolis.com
http://be-fr-acc.kinepolis.com
http://be-fr-cdn.kinepolis.com
http://be-fr-dev.kinepolis.com
http://be-nl-acc.kinepolis.com
http://be-nl-cdn-acc.kinepolis.com
http://be-nl-cdn-dev.kinepolis.com
http://be-nl-cdn.kinepolis.com
http://be-nl-dev.kinepolis.com
http://cd1.kinepolis.com
http://cd2.kinepolis.com
http://cd3.kinepolis.com
http://cd4.kinepolis.com
http://cdn-web-statics.kinepolis.com
http://ch-cdn.kinepolis.com
http://com-cdn.kinepolis.com
http://corporate.kinepolis.com
http://customersupport.kinepolis.com
http://enterpriseenrollment.kinepolis.com
http://es-cdn-dev.kinepolis.com
http://es-cdn.kinepolis.com
http://filmdepot.kinepolis.com
http://fr-cdn.kinepolis.com
http://full-cat-cdn.kinepolis.com
http://full-es-cdn-dev.kinepolis.com
http://full-es-cdn.kinepolis.com
http://identityserver-acc.kinepolis.com
http://identityserver-int.kinepolis.com
http://identityserver.kinepolis.com
http://investors.kinepolis.com
http://jobs.kinepolis.com
http://kbc.kinepolis.com
http://kfd.kinepolis.com
http://kl-acc.kinepolis.com
http://kl-dev.kinepolis.com
http://l.kinepolis.com
http://lu-en-cdn.kinepolis.com
http://lu-fr-cdn-dev.kinepolis.com
http://lu-fr-cdn.kinepolis.com
http://lu-fr-dev.kinepolis.com
http://lyncdiscover.kinepolis.com
http://mail.kinepolis.com
http://meetmeserver.kinepolis.com
http://msoid.kinepolis.com
http://nl-cdn.kinepolis.com
http://partners.kinepolis.com
http://partners.kinepolis.com:8080
http://planning.kinepolis.com
http://r.kinepolis.com
http://r.kinepolis.com:81
http://realestate.kinepolis.com
http://rvb.kinepolis.com
http://shop.kinepolis.com
http://ticket.kinepolis.com
http://training.kinepolis.com
http://wallet-acc.kinepolis.com
http://wallet.kinepolis.com
http://webmail.kinepolis.com
http://www.kinepolis.com
https://api.kinepolis.com
https://atv.kinepolis.com
https://be-fr-acc.kinepolis.com
https://be-fr-cdn.kinepolis.com
https://be-fr-dev.kinepolis.com
https://be-nl-acc.kinepolis.com
https://be-nl-cdn-acc.kinepolis.com
https://be-nl-cdn-dev.kinepolis.com
https://be-nl-cdn.kinepolis.com
https://be-nl-dev.kinepolis.com
https://cd1.kinepolis.com
https://cd2.kinepolis.com
https://cd3.kinepolis.com
https://cd4.kinepolis.com
https://cdn-web-statics.kinepolis.com
https://ch-cdn.kinepolis.com
https://com-cdn.kinepolis.com
https://corporate.kinepolis.com
https://customersupport.kinepolis.com
https://enterpriseenrollment.kinepolis.com
https://es-cdn-dev.kinepolis.com
https://es-cdn.kinepolis.com
https://filmdepot.kinepolis.com
https://fr-cdn.kinepolis.com
https://full-cat-cdn.kinepolis.com
https://full-es-cdn-dev.kinepolis.com
https://full-es-cdn.kinepolis.com
https://identityserver-acc.kinepolis.com
https://identityserver-int.kinepolis.com
https://identityserver.kinepolis.com
https://investors.kinepolis.com
https://jobs.kinepolis.com
https://kbc.kinepolis.com
https://kfd.kinepolis.com
https://kl-acc.kinepolis.com
https://kl-dev.kinepolis.com
https://l.kinepolis.com
https://lu-en-cdn.kinepolis.com
https://lu-fr-cdn-dev.kinepolis.com
https://lu-fr-cdn.kinepolis.com
https://lu-fr-dev.kinepolis.com
https://lyncdiscover.kinepolis.com
https://mail.kinepolis.com
https://meetmeserver.kinepolis.com
https://msoid.kinepolis.com
https://nl-cdn.kinepolis.com
https://partners.kinepolis.com
https://partners.kinepolis.com:8081
https://r.kinepolis.com
https://realestate.kinepolis.com
https://rvb.kinepolis.com
https://shop.kinepolis.com
https://ticket.kinepolis.com
https://training.kinepolis.com
https://training.kinepolis.com:5001
https://wallet-acc.kinepolis.com
https://wallet.kinepolis.com
https://webmail.kinepolis.com
https://www.kinepolis.com
