http://10-9.kinepolis.ch
http://11.kinepolis.ch
http://19.kinepolis.ch
http://1www.kinepolis.ch
http://20.kinepolis.ch
http://36.kinepolis.ch
http://6-232.kinepolis.ch
http://9.kinepolis.ch
http://96.kinepolis.ch
http://a.kinepolis.ch
http://a1.kinepolis.ch
http://ac.kinepolis.ch
http://access.kinepolis.ch
http://acp.kinepolis.ch
http://admin.kinepolis.ch
http://ae.kinepolis.ch
http://af.myrioctx.kinepolis.ch
http://agent.kinepolis.ch
http://ai.kinepolis.ch
http://ak.kinepolis.ch
http://apotonickrangqiuma.kinepolis.ch
http://app.kinepolis.ch
http://argentina.kinepolis.ch
http://autodiscover.kinepolis.ch
http://autodiscoveroid.kinepolis.ch
http://b01.kinepolis.ch
http://baidu.kinepolis.ch
http://banuba-live-selfie-filters-and-face-masks-camera.kinepolis.ch
http://bip.kinepolis.ch
http://blogs.kinepolis.ch
http://bookmarks.kinepolis.ch
http://boy.kinepolis.ch
http://broadcast.kinepolis.ch
http://bsd01.kinepolis.ch
http://bsd02.kinepolis.ch
http://bsd73.kinepolis.ch
http://burner-1.kinepolis.ch
http://burner.kinepolis.ch
http://buy.kinepolis.ch
http://bv.kinepolis.ch
http://cache.kinepolis.ch
http://cancancommunity.kinepolis.ch
http://cc.kinepolis.ch
http://class.kinepolis.ch
http://club.kinepolis.ch
http://clusters.kinepolis.ch
http://cn.kinepolis.ch
http://com.kinepolis.ch
http://comprignet2.kinepolis.ch
http://computer-virus-verwijderen.kinepolis.ch
http://comune.kinepolis.ch
http://corona-canary-production-manhattan-gq.kinepolis.ch
http://corona.kinepolis.ch
http://corp.kinepolis.ch
http://couronne.kinepolis.ch
http://cp.kinepolis.ch
http://crm.kinepolis.ch
http://cs.kinepolis.ch
http://cse.kinepolis.ch
http://cust114.kinepolis.ch
http://cust212.kinepolis.ch
http://cust25.kinepolis.ch
http://cust614.kinepolis.ch
http://database2.kinepolis.ch
http://dd.kinepolis.ch
http://de.kinepolis.ch
http://dev.kinepolis.ch
http://dialup.kinepolis.ch
http://digilander.kinepolis.ch
http://distancelearnpre.kinepolis.ch
http://distancepilot.kinepolis.ch
http://e.kinepolis.ch
http://en.kinepolis.ch
http://enterpriseenrollment.kinepolis.ch
http://es.kinepolis.ch
http://external.kinepolis.ch
http://feeds.kinepolis.ch
http://ff.kinepolis.ch
http://focaccine.kinepolis.ch
http://forum.kinepolis.ch
http://forums.kinepolis.ch
http://fr.kinepolis.ch
http://games.kinepolis.ch
http://glittering-stars-com.kinepolis.ch
http://grc2go.kinepolis.ch
http://groups.kinepolis.ch
http://h1virusradarv.kinepolis.ch
http://h2.kinepolis.ch
http://h3.kinepolis.ch
http://h4.kinepolis.ch
http://h6.kinepolis.ch
http://h7.kinepolis.ch
http://help.kinepolis.ch
http://hh.kinepolis.ch
http://home.kinepolis.ch
http://homepage.kinepolis.ch
http://homepage1.kinepolis.ch
http://homepage2.kinepolis.ch
http://homepage3.kinepolis.ch
http://host.kinepolis.ch
http://hotaruvirus.kinepolis.ch
http://iakovidis.kinepolis.ch
http://iimahd.kinepolis.ch
http://info.kinepolis.ch
http://infolab.kinepolis.ch
http://informatik.kinepolis.ch
http://inst.kinepolis.ch
http://ism.kinepolis.ch
http://k2.kinepolis.ch
http://k3.kinepolis.ch
http://k4.kinepolis.ch
http://k5.kinepolis.ch
http://kaviruspnet.kinepolis.ch
http://kk.kinepolis.ch
http://korona-na-monetach.kinepolis.ch
http://ku1720.kinepolis.ch
http://kw.kinepolis.ch
http://local.kinepolis.ch
http://lock-corona.kinepolis.ch
http://losvirus.kinepolis.ch
http://lyncdiscover.kinepolis.ch
http://manager.kinepolis.ch
http://mascara.kinepolis.ch
http://maska.kinepolis.ch
http://maskan.kinepolis.ch
http://maskerkulit.kinepolis.ch
http://maskindg.kinepolis.ch
http://maskxapas02.kinepolis.ch
http://master.kinepolis.ch
http://math.kinepolis.ch
http://maven.kinepolis.ch
http://members.kinepolis.ch
http://merckvaccinesbackoffice.kinepolis.ch
http://mpk.kinepolis.ch
http://msoid.kinepolis.ch
http://muhunupothamuluthange.kinepolis.ch
http://music.kinepolis.ch
http://mvn.kinepolis.ch
http://my.kinepolis.ch
http://myhome.kinepolis.ch
http://new.kinepolis.ch
http://news.kinepolis.ch
http://ng4.kinepolis.ch
http://nn.kinepolis.ch
http://ns01.kinepolis.ch
http://ops2.kinepolis.ch
http://order.kinepolis.ch
http://passport.kinepolis.ch
http://pay.kinepolis.ch
http://people.kinepolis.ch
http://pink.kinepolis.ch
http://postentryquarantine.kinepolis.ch
http://pp.kinepolis.ch
http://ppp.kinepolis.ch
http://prive.kinepolis.ch
http://privetickets.kinepolis.ch
http://prof.kinepolis.ch
http://provincia.kinepolis.ch
http://ptp128.kinepolis.ch
http://ptr09.kinepolis.ch
http://publicstaticvoid.kinepolis.ch
http://pup.kinepolis.ch
http://quarantinetco.kinepolis.ch
http://regione.kinepolis.ch
http://restricted.kinepolis.ch
http://resume.kinepolis.ch
http://rootsweb.kinepolis.ch
http://search.kinepolis.ch
http://secure.kinepolis.ch
http://server.kinepolis.ch
http://server1.kinepolis.ch
http://shop.kinepolis.ch
http://sites.kinepolis.ch
http://slovari.kinepolis.ch
http://sql1-8.kinepolis.ch
http://sql18.kinepolis.ch
http://ss.kinepolis.ch
http://staging.kinepolis.ch
http://storefront.kinepolis.ch
http://streamscrolls.kinepolis.ch
http://stromectole.kinepolis.ch
http://sub-97-206-232.kinepolis.ch
http://support.kinepolis.ch
http://sv.kinepolis.ch
http://sweden.kinepolis.ch
http://sybase.kinepolis.ch
http://symposium.kinepolis.ch
http://t-virus.kinepolis.ch
http://tango-8.kinepolis.ch
http://teachernet.kinepolis.ch
http://telnet.kinepolis.ch
http://tickets.kinepolis.ch
http://tlwquarantine1.kinepolis.ch
http://top100.kinepolis.ch
http://tribunale.kinepolis.ch
http://trinidad7.kinepolis.ch
http://uni.kinepolis.ch
http://union.kinepolis.ch
http://univ.kinepolis.ch
http://up.kinepolis.ch
http://user.kinepolis.ch
http://users.kinepolis.ch
http://vaccine.kinepolis.ch
http://varnish.kinepolis.ch
http://venetianmaskticino.kinepolis.ch
http://virus-20.kinepolis.ch
http://virus0316.kinepolis.ch
http://viruswall.kinepolis.ch
http://vpn1.kinepolis.ch
http://wallet-acc.kinepolis.ch
http://wallet.kinepolis.ch
http://webcache.kinepolis.ch
http://webhelp.kinepolis.ch
http://webhelp2.kinepolis.ch
http://webmail.kinepolis.ch
http://wililiam.kinepolis.ch
http://win1.kinepolis.ch
http://win2k3.kinepolis.ch
http://win2k4.kinepolis.ch
http://ws11.kinepolis.ch
http://ww5.kinepolis.ch
http://www-02.kinepolis.ch
http://www-int.kinepolis.ch
http://www-mask.kinepolis.ch
http://www.blog123.kinepolis.ch
http://www.tb3.kinepolis.ch
http://www.w2d.kinepolis.ch
http://www.weblhe.kinepolis.ch
http://www2s.kinepolis.ch
http://www2u.kinepolis.ch
http://www4b.kinepolis.ch
http://www5-6.kinepolis.ch
http://www5-7.kinepolis.ch
http://www5a.kinepolis.ch
http://www5b.kinepolis.ch
http://www5c.kinepolis.ch
http://www5d.kinepolis.ch
http://www5f.kinepolis.ch
http://www7a.kinepolis.ch
http://www7b.kinepolis.ch
http://xroads.kinepolis.ch
http://yellowfevervaccine.kinepolis.ch
http://zw.kinepolis.ch
https://10-9.kinepolis.ch
https://11.kinepolis.ch
https://19.kinepolis.ch
https://1www.kinepolis.ch
https://20.kinepolis.ch
https://36.kinepolis.ch
https://6-232.kinepolis.ch
https://9.kinepolis.ch
https://96.kinepolis.ch
https://a.kinepolis.ch
https://a1.kinepolis.ch
https://ac.kinepolis.ch
https://access.kinepolis.ch
https://acp.kinepolis.ch
https://admin.kinepolis.ch
https://ae.kinepolis.ch
https://af.myrioctx.kinepolis.ch
https://agent.kinepolis.ch
https://ai.kinepolis.ch
https://ak.kinepolis.ch
https://apotonickrangqiuma.kinepolis.ch
https://app.kinepolis.ch
https://argentina.kinepolis.ch
https://autodiscoveroid.kinepolis.ch
https://b01.kinepolis.ch
https://baidu.kinepolis.ch
https://banuba-live-selfie-filters-and-face-masks-camera.kinepolis.ch
https://bip.kinepolis.ch
https://blogs.kinepolis.ch
https://bookmarks.kinepolis.ch
https://boy.kinepolis.ch
https://broadcast.kinepolis.ch
https://bsd01.kinepolis.ch
https://bsd02.kinepolis.ch
https://bsd73.kinepolis.ch
https://burner-1.kinepolis.ch
https://burner.kinepolis.ch
https://buy.kinepolis.ch
https://bv.kinepolis.ch
https://cache.kinepolis.ch
https://cancancommunity.kinepolis.ch
https://cc.kinepolis.ch
https://class.kinepolis.ch
https://club.kinepolis.ch
https://clusters.kinepolis.ch
https://cn.kinepolis.ch
https://com.kinepolis.ch
https://comprignet2.kinepolis.ch
https://computer-virus-verwijderen.kinepolis.ch
https://comune.kinepolis.ch
https://corona-canary-production-manhattan-gq.kinepolis.ch
https://corona.kinepolis.ch
https://corp.kinepolis.ch
https://couronne.kinepolis.ch
https://cp.kinepolis.ch
https://crm.kinepolis.ch
https://cs.kinepolis.ch
https://cse.kinepolis.ch
https://cust114.kinepolis.ch
https://cust212.kinepolis.ch
https://cust25.kinepolis.ch
https://cust614.kinepolis.ch
https://database2.kinepolis.ch
https://dd.kinepolis.ch
https://de.kinepolis.ch
https://dev.kinepolis.ch
https://dialup.kinepolis.ch
https://digilander.kinepolis.ch
https://distancelearnpre.kinepolis.ch
https://distancepilot.kinepolis.ch
https://e.kinepolis.ch
https://en.kinepolis.ch
https://enterpriseenrollment.kinepolis.ch
https://es.kinepolis.ch
https://external.kinepolis.ch
https://feeds.kinepolis.ch
https://ff.kinepolis.ch
https://focaccine.kinepolis.ch
https://forum.kinepolis.ch
https://forums.kinepolis.ch
https://fr.kinepolis.ch
https://games.kinepolis.ch
https://glittering-stars-com.kinepolis.ch
https://grc2go.kinepolis.ch
https://groups.kinepolis.ch
https://h1virusradarv.kinepolis.ch
https://h2.kinepolis.ch
https://h3.kinepolis.ch
https://h4.kinepolis.ch
https://h6.kinepolis.ch
https://h7.kinepolis.ch
https://help.kinepolis.ch
https://hh.kinepolis.ch
https://home.kinepolis.ch
https://homepage.kinepolis.ch
https://homepage1.kinepolis.ch
https://homepage2.kinepolis.ch
https://homepage3.kinepolis.ch
https://host.kinepolis.ch
https://hotaruvirus.kinepolis.ch
https://iakovidis.kinepolis.ch
https://iimahd.kinepolis.ch
https://info.kinepolis.ch
https://infolab.kinepolis.ch
https://informatik.kinepolis.ch
https://inst.kinepolis.ch
https://ism.kinepolis.ch
https://k2.kinepolis.ch
https://k3.kinepolis.ch
https://k4.kinepolis.ch
https://k5.kinepolis.ch
https://kaviruspnet.kinepolis.ch
https://kk.kinepolis.ch
https://korona-na-monetach.kinepolis.ch
https://ku1720.kinepolis.ch
https://kw.kinepolis.ch
https://local.kinepolis.ch
https://lock-corona.kinepolis.ch
https://losvirus.kinepolis.ch
https://lyncdiscover.kinepolis.ch
https://manager.kinepolis.ch
https://mascara.kinepolis.ch
https://maska.kinepolis.ch
https://maskan.kinepolis.ch
https://maskerkulit.kinepolis.ch
https://maskindg.kinepolis.ch
https://maskxapas02.kinepolis.ch
https://master.kinepolis.ch
https://math.kinepolis.ch
https://maven.kinepolis.ch
https://members.kinepolis.ch
https://merckvaccinesbackoffice.kinepolis.ch
https://mpk.kinepolis.ch
https://msoid.kinepolis.ch
https://muhunupothamuluthange.kinepolis.ch
https://music.kinepolis.ch
https://mvn.kinepolis.ch
https://my.kinepolis.ch
https://myhome.kinepolis.ch
https://new.kinepolis.ch
https://news.kinepolis.ch
https://ng4.kinepolis.ch
https://nn.kinepolis.ch
https://ns01.kinepolis.ch
https://ops2.kinepolis.ch
https://order.kinepolis.ch
https://passport.kinepolis.ch
https://pay.kinepolis.ch
https://people.kinepolis.ch
https://pink.kinepolis.ch
https://postentryquarantine.kinepolis.ch
https://pp.kinepolis.ch
https://ppp.kinepolis.ch
https://prive.kinepolis.ch
https://privetickets.kinepolis.ch
https://prof.kinepolis.ch
https://provincia.kinepolis.ch
https://ptp128.kinepolis.ch
https://ptr09.kinepolis.ch
https://publicstaticvoid.kinepolis.ch
https://pup.kinepolis.ch
https://quarantinetco.kinepolis.ch
https://regione.kinepolis.ch
https://restricted.kinepolis.ch
https://resume.kinepolis.ch
https://rootsweb.kinepolis.ch
https://search.kinepolis.ch
https://secure.kinepolis.ch
https://server.kinepolis.ch
https://server1.kinepolis.ch
https://shop.kinepolis.ch
https://sites.kinepolis.ch
https://slovari.kinepolis.ch
https://sql1-8.kinepolis.ch
https://sql18.kinepolis.ch
https://ss.kinepolis.ch
https://staging.kinepolis.ch
https://storefront.kinepolis.ch
https://streamscrolls.kinepolis.ch
https://stromectole.kinepolis.ch
https://sub-97-206-232.kinepolis.ch
https://support.kinepolis.ch
https://sv.kinepolis.ch
https://sweden.kinepolis.ch
https://sybase.kinepolis.ch
https://symposium.kinepolis.ch
https://t-virus.kinepolis.ch
https://tango-8.kinepolis.ch
https://teachernet.kinepolis.ch
https://telnet.kinepolis.ch
https://tickets.kinepolis.ch
https://tlwquarantine1.kinepolis.ch
https://top100.kinepolis.ch
https://tribunale.kinepolis.ch
https://trinidad7.kinepolis.ch
https://uni.kinepolis.ch
https://union.kinepolis.ch
https://univ.kinepolis.ch
https://up.kinepolis.ch
https://user.kinepolis.ch
https://users.kinepolis.ch
https://vaccine.kinepolis.ch
https://varnish.kinepolis.ch
https://venetianmaskticino.kinepolis.ch
https://virus-20.kinepolis.ch
https://virus0316.kinepolis.ch
https://viruswall.kinepolis.ch
https://vpn1.kinepolis.ch
https://wallet-acc.kinepolis.ch
https://wallet.kinepolis.ch
https://webcache.kinepolis.ch
https://webhelp.kinepolis.ch
https://webhelp2.kinepolis.ch
https://webmail.kinepolis.ch
https://wililiam.kinepolis.ch
https://win1.kinepolis.ch
https://win2k3.kinepolis.ch
https://win2k4.kinepolis.ch
https://ws11.kinepolis.ch
https://ww5.kinepolis.ch
https://www-02.kinepolis.ch
https://www-int.kinepolis.ch
https://www-mask.kinepolis.ch
https://www.blog123.kinepolis.ch
https://www.tb3.kinepolis.ch
https://www.w2d.kinepolis.ch
https://www.weblhe.kinepolis.ch
https://www2s.kinepolis.ch
https://www2u.kinepolis.ch
https://www4b.kinepolis.ch
https://www5-6.kinepolis.ch
https://www5-7.kinepolis.ch
https://www5a.kinepolis.ch
https://www5b.kinepolis.ch
https://www5c.kinepolis.ch
https://www5d.kinepolis.ch
https://www5f.kinepolis.ch
https://www7a.kinepolis.ch
https://www7b.kinepolis.ch
https://xroads.kinepolis.ch
https://yellowfevervaccine.kinepolis.ch
https://zw.kinepolis.ch
