http://api.lemmikkihelppi.lahitapiola.fi
http://api.lhvetapp.lahitapiola.fi
http://api.terveyshelppi.lahitapiola.fi
http://asunnot.lahitapiola.fi
http://atlassian.lahitapiola.fi
http://autodiscover.lahitapiola.fi
http://beta.lahitapiola.fi
http://ccaasdev.service.lahitapiola.fi
http://dcstunnistus.lahitapiola.fi
http://dcstunnistusdev.lahitapiola.fi
http://dcstunnistustest.lahitapiola.fi
http://elamanturva.lahitapiola.fi
http://extwebfarm.lahitapiola.fi
http://huolenpito.lahitapiola.fi
http://huolenpitoa.lahitapiola.fi
http://hybridsmtp.lahitapiola.fi
http://internal.toimitilat.lahitapiola.fi
http://investmentsummit.lahitapiola.fi
http://kumppani.lahitapiola.fi
http://kumppanihallinta.lahitapiola.fi
http://kumppanitunnistus.lahitapiola.fi
http://lahiliikunta.lahitapiola.fi
http://lahitapiola.fi
http://lemmikkihelppi.lahitapiola.fi
http://lhvetapp.lahitapiola.fi
http://lyncdiscover.lahitapiola.fi
http://m.info.lahitapiola.fi
http://m.info2.lahitapiola.fi
http://meet.lahitapiola.fi
http://mobile.lahitapiola.fi
http://oa.lahitapiola.fi
http://partner.lahitapiola.fi
http://remote.lahitapiola.fi
http://res.info.lahitapiola.fi
http://res.info2.lahitapiola.fi
http://suunnannayttajat.lahitapiola.fi
http://t.info.lahitapiola.fi
http://t.info2.lahitapiola.fi
http://talous.lahitapiola.fi
http://tandem.lahitapiola.fi
http://tapahtumat.lahitapiola.fi
http://teams.lahitapiola.fi
http://terveyshelppi.lahitapiola.fi
http://test.api.lemmikkihelppi.lahitapiola.fi
http://test.api.lhvetapp.lahitapiola.fi
http://test.api.terveyshelppi.lahitapiola.fi
http://test.beta.lahitapiola.fi
http://test.lhvetapp.lahitapiola.fi
http://testi-elamanturva.lahitapiola.fi
http://testi.kumppani.lahitapiola.fi
http://testi.kumppanihallinta.lahitapiola.fi
http://testi.kumppanitunnistus.lahitapiola.fi
http://testi.lemmikkihelppi.lahitapiola.fi
http://testi.terveyshelppi.lahitapiola.fi
http://tilaisuudet.lahitapiola.fi
http://toimitilat.lahitapiola.fi
http://turvallisuuspoikkeamat.lahitapiola.fi
http://uat.beta.lahitapiola.fi
http://vuokra-asunnot.lahitapiola.fi
http://www.lahitapiola.fi
http://www.lemmikkihelppi.lahitapiola.fi
http://www.toimitilat.lahitapiola.fi
http://yrittajaniltakoulu.lahitapiola.fi
http://yrityksenomatalous.lahitapiola.fi
http://yrityspalvelu.lahitapiola.fi
https://ajanvaraus.lahitapiola.fi
https://api.lahitapiola.fi
https://api.lemmikkihelppi.lahitapiola.fi
https://api.lhvetapp.lahitapiola.fi
https://api.terveyshelppi.lahitapiola.fi
https://apim-mgmt.lahitapiola.fi
https://app.lahitapiola.fi
https://asiointi.lahitapiola.fi
https://asunnot.lahitapiola.fi
https://atlassian.lahitapiola.fi
https://authcrm16.lahitapiola.fi
https://authcrm16test.lahitapiola.fi
https://authenticate.lahitapiola.fi
https://authmigrate.lahitapiola.fi
https://autodiscover.lahitapiola.fi
https://beta.lahitapiola.fi
https://dcstunnistus.lahitapiola.fi
https://depcrm16.lahitapiola.fi
https://depcrm16test.lahitapiola.fi
https://developers.lahitapiola.fi
https://devsecops.lahitapiola.fi
https://elamanturva.lahitapiola.fi
https://ext-gw.lahitapiola.fi:7000
https://helppiservices.lahitapiola.fi
https://huolenpito.lahitapiola.fi
https://huolenpitoa.lahitapiola.fi
https://hybridsmtp.lahitapiola.fi
https://internal.toimitilat.lahitapiola.fi
https://investmentsummit.lahitapiola.fi
https://kivi.lahitapiola.fi
https://kumppani.lahitapiola.fi
https://kumppanihallinta.lahitapiola.fi
https://kumppanitunnistus.lahitapiola.fi
https://lahiliikunta.lahitapiola.fi
https://lahitapiola.fi
https://lemmikkihelppi.lahitapiola.fi
https://lhvetapp.lahitapiola.fi
https://ltcrm16.lahitapiola.fi
https://ltcrm16test.lahitapiola.fi
https://lyncdiscover.lahitapiola.fi
https://m.info.lahitapiola.fi
https://m.info2.lahitapiola.fi
https://meet.lahitapiola.fi
https://mobile.lahitapiola.fi
https://note.lahitapiola.fi
https://oa.lahitapiola.fi
https://partner.lahitapiola.fi
https://paymentwall.lahitapiola.fi
https://pulssi.lahitapiola.fi
https://qap.lahitapiola.fi
https://remote.lahitapiola.fi
https://res.info.lahitapiola.fi
https://res.info2.lahitapiola.fi
https://secdevops.lahitapiola.fi
https://secure.lahitapiola.fi
https://sip.lahitapiola.fi
https://sitapim-api.lahitapiola.fi
https://sitapim-mgmt.lahitapiola.fi
https://sitdevelopers.lahitapiola.fi
https://sts.lahitapiola.fi
https://suunnannayttajat.lahitapiola.fi
https://t.info.lahitapiola.fi
https://t.info2.lahitapiola.fi
https://tandem.lahitapiola.fi
https://teams.lahitapiola.fi
https://terveyshelppi.lahitapiola.fi
https://test.api.lemmikkihelppi.lahitapiola.fi
https://test.api.lhvetapp.lahitapiola.fi
https://test.api.terveyshelppi.lahitapiola.fi
https://test.beta.lahitapiola.fi
https://test.lhvetapp.lahitapiola.fi
https://testi-elamanturva.lahitapiola.fi
https://testi.kumppani.lahitapiola.fi
https://testi.kumppanihallinta.lahitapiola.fi
https://testi.kumppanitunnistus.lahitapiola.fi
https://testi.lemmikkihelppi.lahitapiola.fi
https://testi.terveyshelppi.lahitapiola.fi
https://tilaisuudet.lahitapiola.fi
https://toimitilat.lahitapiola.fi
https://tunnistus.lahitapiola.fi
https://turvacrm16.lahitapiola.fi
https://turvacrm16test.lahitapiola.fi
https://turvallisuuspoikkeamat.lahitapiola.fi
https://uat-ext-gw.lahitapiola.fi:7000
https://uat.beta.lahitapiola.fi
https://verkkopalvelu.lahitapiola.fi
https://vhcrm16.lahitapiola.fi
https://vhcrm16test.lahitapiola.fi
https://www.lahitapiola.fi
https://www.lemmikkihelppi.lahitapiola.fi
https://www.toimitilat.lahitapiola.fi
https://yrittajaniltakoulu.lahitapiola.fi
https://yrityksenomatalous.lahitapiola.fi
https://yrityspalvelu.lahitapiola.fi
