http://as.landmarkcinemas.com
http://autodiscover.landmarkcinemas.com
http://birthdays.landmarkcinemas.com
http://booking.landmarkcinemas.com
http://bookingapi.landmarkcinemas.com
http://bookingapistage.landmarkcinemas.com
http://branding.landmarkcinemas.com
http://cms.landmarkcinemas.com
http://contest.landmarkcinemas.com
http://extras.landmarkcinemas.com
http://filmdb.landmarkcinemas.com
http://filmdbstage.landmarkcinemas.com
http://globalization-api.landmarkcinemas.com
http://go.landmarkcinemas.com
http://identityserver-acc.landmarkcinemas.com
http://identityserver.landmarkcinemas.com
http://infomail.landmarkcinemas.com
http://innovation.landmarkcinemas.com
http://loyaltycard-api.landmarkcinemas.com
http://m.landmarkcinemas.com
http://mail.landmarkcinemas.com
http://movieapi.landmarkcinemas.com
http://moviecard-connection.landmarkcinemas.com
http://moviecard.landmarkcinemas.com
http://pc.landmarkcinemas.com
http://peach.landmarkcinemas.com
http://portal.landmarkcinemas.com
http://portal.landmarkcinemas.com:2082
http://portal.landmarkcinemas.com:2086
http://r.landmarkcinemas.com
http://stage.landmarkcinemas.com
http://survey.landmarkcinemas.com
http://tickets.landmarkcinemas.com
http://userprofile-api.landmarkcinemas.com
http://userprofile-ui-acc.landmarkcinemas.com
http://userprofile-ui.landmarkcinemas.com
http://wallet.landmarkcinemas.com
http://web1.landmarkcinemas.com
http://web2.landmarkcinemas.com
http://web3.landmarkcinemas.com
http://webmail.landmarkcinemas.com
http://www.landmarkcinemas.com
http://wwwstage.landmarkcinemas.com
https://as.landmarkcinemas.com
https://autodiscover.landmarkcinemas.com
https://birthdays.landmarkcinemas.com
https://booking.landmarkcinemas.com
https://bookingapi.landmarkcinemas.com
https://bookingapistage.landmarkcinemas.com
https://branding.landmarkcinemas.com
https://cms.landmarkcinemas.com
https://contest.landmarkcinemas.com
https://extras.landmarkcinemas.com
https://filmdb.landmarkcinemas.com
https://filmdbstage.landmarkcinemas.com
https://globalization-api.landmarkcinemas.com
https://go.landmarkcinemas.com
https://identityserver-acc.landmarkcinemas.com
https://identityserver.landmarkcinemas.com
https://infomail.landmarkcinemas.com
https://innovation.landmarkcinemas.com
https://loyaltycard-api.landmarkcinemas.com
https://m.landmarkcinemas.com
https://mail.landmarkcinemas.com
https://movieapi.landmarkcinemas.com
https://moviecard-connection.landmarkcinemas.com
https://moviecard.landmarkcinemas.com
https://pc.landmarkcinemas.com
https://peach.landmarkcinemas.com
https://portal.landmarkcinemas.com
https://portal.landmarkcinemas.com:2083
https://portal.landmarkcinemas.com:2087
https://r.landmarkcinemas.com
https://stage.landmarkcinemas.com
https://survey.landmarkcinemas.com
https://tickets.landmarkcinemas.com
https://userprofile-api.landmarkcinemas.com
https://userprofile-ui-acc.landmarkcinemas.com
https://userprofile-ui.landmarkcinemas.com
https://wallet.landmarkcinemas.com
https://web1.landmarkcinemas.com
https://web2.landmarkcinemas.com
https://web3.landmarkcinemas.com
https://webmail.landmarkcinemas.com
https://www.landmarkcinemas.com
https://wwwstage.landmarkcinemas.com
