http://acs-m.lazada.sg
http://acs-wapa.lazada.sg
http://admin-m.lazada.sg
http://admin-p.lazada.sg
http://admin-staging.education.lazada.sg
http://admin.education.lazada.sg
http://admin.lazada.sg
http://adsense.lazada.sg
http://affiliate.lazada.sg
http://ali.lazada.sg
http://api-pre.lazada.sg
http://api-redmart-pre.lazada.sg
http://api.lazada.sg
http://aplus-atm.lazada.sg
http://asc-hub.lazada.sg
http://ba-buyer-staging.lazada.sg
http://ba-buyer.lazada.sg
http://brand.adsense.lazada.sg
http://c.lazada.sg
http://cart-m.lazada.sg
http://cart-p.lazada.sg
http://cart-rm.lazada.sg
http://chameleon-pre.lazada.sg
http://chameleon.lazada.sg
http://checkout-m.lazada.sg
http://checkout-p.lazada.sg
http://checkout-rm-p.lazada.sg
http://checkout-rm.lazada.sg
http://checkout.lazada.sg
http://community-staging.lazada.sg
http://cs.lazada.sg
http://dmtrace.support.lazada.sg
http://eco-acc.lazada.sg
http://eco-device.lazada.sg
http://eco-ueba.lazada.sg
http://eco.lazada.sg
http://education-staging.lazada.sg
http://education.lazada.sg
http://email.lazada.sg
http://enterpriseenrollment.lazada.sg
http://enterpriseregistration.lazada.sg
http://er-p.lazada.sg
http://er-search.lazada.sg
http://er.lazada.sg
http://fc.lazada.sg
http://filebroker-cdn.lazada.sg
http://filebroker-staging.lazada.sg
http://filebroker.lazada.sg
http://gcp-er.lazada.sg
http://gmcp.lazada.sg
http://h5-alimebot.lazada.sg
http://helpcenter-pre.lazada.sg
http://ho.lazada.sg
http://i.lazada.sg
http://ifs.lazada.sg
http://jmacs-wapa.lazada.sg
http://ju.lazada.sg
http://lazada.sg
http://lighthouse.lazada.sg
http://liveup.lazada.sg
http://locker.lazada.sg
http://m.lazada.sg
http://m.sellercenter-staging-redmart.lazada.sg
http://media.lazada.sg
http://member-m.lazada.sg
http://member-p.lazada.sg
http://member-rm-p.lazada.sg
http://member-rm.lazada.sg
http://ms.adsense.lazada.sg
http://msgacs-wapa.lazada.sg
http://msoid.lazada.sg
http://my-m.lazada.sg
http://my-pre.lazada.sg
http://my-rm-p.lazada.sg
http://my-rm.lazada.sg
http://my.lazada.sg
http://openapi.lazada.sg
http://orders.lazada.sg
http://pages.lazada.sg
http://partners.lazada.sg
http://pdp-beta.lazada.sg
http://pdp-p.lazada.sg
http://pdp-pre.lazada.sg
http://pdp.lazada.sg
http://pdpdesc-m.lazada.sg
http://pdpdesc-p.lazada.sg
http://pdpdesc.lazada.sg
http://pform.lazada.sg
http://pre-ab.lazada.sg
http://pre-adsence.lazada.sg
http://pre-c.lazada.sg
http://pre-clickserver.lazada.sg
http://pre-creative.lazada.sg
http://pre-gcp-er.lazada.sg
http://pre-gmcp.lazada.sg
http://pre-h5-alimebot.lazada.sg
http://pre-lazgame-dashboard.lazada.sg
http://pre-lighthouse.lazada.sg
http://pre-psc-alimebot.lazada.sg
http://pre-s.lazada.sg
http://pre-shop-alimebot.lazada.sg
http://pre-store.lazada.sg
http://pre-stp.lazada.sg
http://pre-u.lazada.sg
http://pre-wallet.lazada.sg
http://pre.lazada.sg
http://psc-alimebot.lazada.sg
http://redmart-delivery-schedule.lazada.sg
http://redmart.lazada.sg
http://rest.lazada.sg
http://s.lazada.sg
http://search-beta.lazada.sg
http://search-p.lazada.sg
http://sellercenter-staging-redmart.lazada.sg
http://sellercenter-staging.lazada.sg
http://sellers.lazada.sg
http://shop-alimebot.lazada.sg
http://sofp.lazada.sg
http://solution.lazada.sg
http://ssc-staging.lazada.sg
http://ssc.lazada.sg
http://ssr-std.lazada.sg
http://static-file.lazada.sg
http://station-api.lazada.sg
http://station.lazada.sg
http://store.lazada.sg
http://sug.lazada.sg
http://survey.lazada.sg
http://tao.lazada.sg
http://taobao.lazada.sg
http://tbaldb.lazada.sg
http://tbassets.lazada.sg
http://tbimg.lazada.sg
http://tbpage.lazada.sg
http://topup.lazada.sg
http://u.lazada.sg
http://uni-wormhole.lazada.sg
http://union.lazada.sg
http://university.lazada.sg
http://wallet.lazada.sg
http://www.lazada.sg
http://www.locker.lazada.sg
http://xform.lazada.sg
https://acs-m.lazada.sg
https://acs-wapa.lazada.sg
https://admin-m.lazada.sg
https://admin-p.lazada.sg
https://admin-staging.education.lazada.sg
https://admin.education.lazada.sg
https://admin.lazada.sg
https://adsense.lazada.sg
https://affiliate.lazada.sg
https://ali.lazada.sg
https://api-pre.lazada.sg
https://api-redmart-pre.lazada.sg
https://api.lazada.sg
https://aplus-atm.lazada.sg
https://asc-hub.lazada.sg
https://ba-buyer-staging.lazada.sg
https://ba-buyer.lazada.sg
https://brand.adsense.lazada.sg
https://c.lazada.sg
https://cart-m.lazada.sg
https://cart-p.lazada.sg
https://cart-rm.lazada.sg
https://chameleon-pre.lazada.sg
https://chameleon.lazada.sg
https://checkout-m.lazada.sg
https://checkout-p.lazada.sg
https://checkout-rm-p.lazada.sg
https://checkout-rm.lazada.sg
https://checkout.lazada.sg
https://community-staging.lazada.sg
https://cs.lazada.sg
https://eco-acc.lazada.sg
https://eco-device.lazada.sg
https://eco-ueba.lazada.sg
https://eco.lazada.sg
https://education-staging.lazada.sg
https://education.lazada.sg
https://email.lazada.sg
https://enterpriseenrollment.lazada.sg
https://enterpriseregistration.lazada.sg
https://er-p.lazada.sg
https://er.lazada.sg
https://fc.lazada.sg
https://filebroker-cdn.lazada.sg
https://filebroker-staging.lazada.sg
https://filebroker.lazada.sg
https://gcp-er.lazada.sg
https://gmcp.lazada.sg
https://h5-alimebot.lazada.sg
https://helpcenter-pre.lazada.sg
https://ho.lazada.sg
https://i.lazada.sg
https://ifs.lazada.sg
https://jmacs-m.lazada.sg
https://jmacs-wapa.lazada.sg
https://ju.lazada.sg
https://lazada.sg
https://lighthouse.lazada.sg
https://liveup.lazada.sg
https://locker.lazada.sg
https://m.lazada.sg
https://m.sellercenter-staging-redmart.lazada.sg
https://media.lazada.sg
https://member-m.lazada.sg
https://member-p.lazada.sg
https://member-rm-p.lazada.sg
https://member-rm.lazada.sg
https://ms.adsense.lazada.sg
https://msgacs-m.lazada.sg
https://msgacs-wapa.lazada.sg
https://msoid.lazada.sg
https://my-m.lazada.sg
https://my-pre.lazada.sg
https://my-rm-p.lazada.sg
https://my-rm.lazada.sg
https://my.lazada.sg
https://openapi.lazada.sg
https://orders.lazada.sg
https://pages.lazada.sg
https://partners.lazada.sg
https://pdp-beta.lazada.sg
https://pdp-p.lazada.sg
https://pdp-pre.lazada.sg
https://pdp.lazada.sg
https://pdpdesc-m.lazada.sg
https://pdpdesc-p.lazada.sg
https://pdpdesc.lazada.sg
https://pform.lazada.sg
https://pre-ab.lazada.sg
https://pre-adsence.lazada.sg
https://pre-c.lazada.sg
https://pre-clickserver.lazada.sg
https://pre-creative.lazada.sg
https://pre-gcp-er.lazada.sg
https://pre-gmcp.lazada.sg
https://pre-h5-alimebot.lazada.sg
https://pre-lazgame-dashboard.lazada.sg
https://pre-lighthouse.lazada.sg
https://pre-psc-alimebot.lazada.sg
https://pre-s.lazada.sg
https://pre-shop-alimebot.lazada.sg
https://pre-store.lazada.sg
https://pre-stp.lazada.sg
https://pre-u.lazada.sg
https://pre-wallet.lazada.sg
https://pre.lazada.sg
https://psc-alimebot.lazada.sg
https://redirectionsole.r0.ruledmin.sellercenter-zac.opusmobilea7.funnkids1.lazada.sg
https://redmart-delivery-schedule.lazada.sg
https://redmart.lazada.sg
https://rest.lazada.sg
https://s.lazada.sg
https://search-beta.lazada.sg
https://search-p.lazada.sg
https://sellercenter-staging-redmart.lazada.sg
https://sellercenter-staging.lazada.sg
https://sellers.lazada.sg
https://shop-alimebot.lazada.sg
https://sofp.lazada.sg
https://solution.lazada.sg
https://ssc-staging.lazada.sg
https://ssc.lazada.sg
https://ssr-std.lazada.sg
https://static-file.lazada.sg
https://station-api.lazada.sg
https://station.lazada.sg
https://store.lazada.sg
https://sug.lazada.sg
https://survey.lazada.sg
https://tao.lazada.sg
https://taobao.lazada.sg
https://topup.lazada.sg
https://u.lazada.sg
https://uni-wormhole.lazada.sg
https://union.lazada.sg
https://university.lazada.sg
https://wallet.lazada.sg
https://www.lazada.sg
https://www.locker.lazada.sg
https://xform.lazada.sg
