http://api-id.lazada-seller.cn
http://api-my.lazada-seller.cn
http://api-ph.lazada-seller.cn
http://api-sg.lazada-seller.cn
http://api-th.lazada-seller.cn
http://api-vn.lazada-seller.cn
http://api.lazada-seller.cn
http://cn-pull-rts.lazada-seller.cn
http://cn-pull.lazada-seller.cn
http://gmcp-my.lazada-seller.cn
http://gmcp-ph.lazada-seller.cn
http://gmcp-sg.lazada-seller.cn
http://gsp-alimebot.lazada-seller.cn
http://gsp-stg.lazada-seller.cn
http://gsp.lazada-seller.cn
http://id-pull-akamai.lazada-seller.cn
http://id-pull-rts.lazada-seller.cn
http://id-replay.lazada-seller.cn
http://m-id-staging.lazada-seller.cn
http://m-id.lazada-seller.cn
http://m-my-staging.lazada-seller.cn
http://m-my.lazada-seller.cn
http://m-ph-staging.lazada-seller.cn
http://m-ph.lazada-seller.cn
http://m-sg-staging.lazada-seller.cn
http://m-sg.lazada-seller.cn
http://m-th-staging.lazada-seller.cn
http://m-th.lazada-seller.cn
http://m-vn-staging.lazada-seller.cn
http://m-vn.lazada-seller.cn
http://m.sellercenter-id-staging.lazada-seller.cn
http://m.sellercenter-ph-staging.lazada-seller.cn
http://m.sellercenter-sg-staging.lazada-seller.cn
http://m.sellercenter-th-staging.lazada-seller.cn
http://m.sellercenter-vn-staging.lazada-seller.cn
http://pages.lazada-seller.cn
http://pre-id-pull-akamai.lazada-seller.cn
http://pre-sg-pull-akamai.lazada-seller.cn
http://pre-sg-pull.lazada-seller.cn
http://sellercenter-id-staging.lazada-seller.cn
http://sellercenter-id.lazada-seller.cn
http://sellercenter-my-staging.lazada-seller.cn
http://sellercenter-my.lazada-seller.cn
http://sellercenter-ph-staging.lazada-seller.cn
http://sellercenter-ph.lazada-seller.cn
http://sellercenter-sg-staging.lazada-seller.cn
http://sellercenter-sg.lazada-seller.cn
http://sellercenter-th-staging.lazada-seller.cn
http://sellercenter-th.lazada-seller.cn
http://sellercenter-vn-staging.lazada-seller.cn
http://sellercenter-vn.lazada-seller.cn
http://sg-pull-akamai.lazada-seller.cn
http://sg-pull-rts.lazada-seller.cn
http://sg-pull.lazada-seller.cn
http://sg-replay.lazada-seller.cn
http://uac.lazada-seller.cn
http://www.lazada-seller.cn
https://api-id.lazada-seller.cn
https://api-my.lazada-seller.cn
https://api-ph.lazada-seller.cn
https://api-sg.lazada-seller.cn
https://api-th.lazada-seller.cn
https://api-vn.lazada-seller.cn
https://api.lazada-seller.cn
https://cn-pull.lazada-seller.cn
https://gmcp-my.lazada-seller.cn
https://gmcp-ph.lazada-seller.cn
https://gmcp-sg.lazada-seller.cn
https://gsp-alimebot.lazada-seller.cn
https://gsp-stg.lazada-seller.cn
https://gsp.lazada-seller.cn
https://id-pull-akamai.lazada-seller.cn
https://id-pull-rts.lazada-seller.cn
https://id-replay.lazada-seller.cn
https://m-id-staging.lazada-seller.cn
https://m-id.lazada-seller.cn
https://m-my-staging.lazada-seller.cn
https://m-my.lazada-seller.cn
https://m-ph-staging.lazada-seller.cn
https://m-ph.lazada-seller.cn
https://m-sg-staging.lazada-seller.cn
https://m-sg.lazada-seller.cn
https://m-th-staging.lazada-seller.cn
https://m-th.lazada-seller.cn
https://m-vn-staging.lazada-seller.cn
https://m-vn.lazada-seller.cn
https://m.sellercenter-id-staging.lazada-seller.cn
https://m.sellercenter-ph-staging.lazada-seller.cn
https://m.sellercenter-sg-staging.lazada-seller.cn
https://m.sellercenter-th-staging.lazada-seller.cn
https://m.sellercenter-vn-staging.lazada-seller.cn
https://pages.lazada-seller.cn
https://pre-id-pull-akamai.lazada-seller.cn
https://pre-sg-pull-akamai.lazada-seller.cn
https://pre-sg-pull.lazada-seller.cn
https://sellercenter-id-staging.lazada-seller.cn
https://sellercenter-id.lazada-seller.cn
https://sellercenter-my-staging.lazada-seller.cn
https://sellercenter-my.lazada-seller.cn
https://sellercenter-ph-staging.lazada-seller.cn
https://sellercenter-ph.lazada-seller.cn
https://sellercenter-sg-staging.lazada-seller.cn
https://sellercenter-sg.lazada-seller.cn
https://sellercenter-th-staging.lazada-seller.cn
https://sellercenter-th.lazada-seller.cn
https://sellercenter-vn-staging.lazada-seller.cn
https://sellercenter-vn.lazada-seller.cn
https://sg-pull-akamai.lazada-seller.cn
https://sg-pull-rts.lazada-seller.cn
https://sg-pull.lazada-seller.cn
https://sg-replay.lazada-seller.cn
https://uac.lazada-seller.cn
https://www.lazada-seller.cn
