http://ab.lazada.co.th
http://acs-m.lazada.co.th
http://acs-wapa.lazada.co.th
http://admin-m.lazada.co.th
http://admin-p.lazada.co.th
http://admin-staging.education.lazada.co.th
http://admin.education.lazada.co.th
http://admin.lazada.co.th
http://adsense.lazada.co.th
http://affiliate.lazada.co.th
http://ali.lazada.co.th
http://api.lazada.co.th
http://asc-hub.lazada.co.th
http://ba-buyer-staging.lazada.co.th
http://ba-buyer.lazada.co.th
http://ba-p.zal.lazada.co.th
http://brand.adsense.lazada.co.th
http://c.lazada.co.th
http://calendar.lazada.co.th
http://cart-m.lazada.co.th
http://cart-p.lazada.co.th
http://cart.lazada.co.th
http://cb-customs.lazada.co.th
http://checkout-m.lazada.co.th
http://checkout-p.lazada.co.th
http://checkout.lazada.co.th
http://creative.lazada.co.th
http://cs.lazada.co.th
http://datafeeds.lazada.co.th
http://digital.lazada.co.th
http://dmtrace.support.lazada.co.th
http://docs.lazada.co.th
http://eco-acc.lazada.co.th
http://eco-device.lazada.co.th
http://eco-ueba.lazada.co.th
http://eco.lazada.co.th
http://education-staging.lazada.co.th
http://education.lazada.co.th
http://email.lazada.co.th
http://enterpriseenrollment.lazada.co.th
http://enterpriseregistration.lazada.co.th
http://er-p.lazada.co.th
http://er-search.lazada.co.th
http://er.lazada.co.th
http://filebroker-cdn.lazada.co.th
http://filebroker-p.zal.lazada.co.th
http://filebroker-staging.lazada.co.th
http://filebroker.lazada.co.th
http://gmcp.lazada.co.th
http://h5-alimebot.lazada.co.th
http://ho.lazada.co.th
http://homer-lel-th-stg.lazada.co.th
http://i.lazada.co.th
http://ifs.lazada.co.th
http://ju.lazada.co.th
http://lazada.co.th
http://lighthouse.lazada.co.th
http://locker.lazada.co.th
http://m.lazada.co.th
http://mail.lazada.co.th
http://media.lazada.co.th
http://member-m.lazada.co.th
http://member-p.lazada.co.th
http://member.lazada.co.th
http://mobapi-lel-th-stg.lazada.co.th
http://msoid.lazada.co.th
http://my-m.lazada.co.th
http://my.lazada.co.th
http://oms-lel-th-stg.lazada.co.th
http://open.lazada.co.th
http://openapi.lazada.co.th
http://orders.lazada.co.th
http://pages.lazada.co.th
http://partners.lazada.co.th
http://pdp-p.lazada.co.th
http://pdp.lazada.co.th
http://pdpdesc-m.lazada.co.th
http://pdpdesc-p.lazada.co.th
http://pre-adsence.lazada.co.th
http://pre-adsense.lazada.co.th
http://pre-allinone.lazada.co.th
http://pre-s.lazada.co.th
http://pre-solution.lazada.co.th
http://pre-u.lazada.co.th
http://pre-wallet.lazada.co.th
http://pre.lazada.co.th
http://psc-alimebot.lazada.co.th
http://rest.lazada.co.th
http://s.lazada.co.th
http://search-beta.lazada.co.th
http://search-p.lazada.co.th
http://sellercenter-staging.lazada.co.th
http://shop-p.zal.lazada.co.th
http://sofp.lazada.co.th
http://solution.lazada.co.th
http://ssc-staging.lazada.co.th
http://ssc.lazada.co.th
http://ssr-std.lazada.co.th
http://static-file.lazada.co.th
http://station.lazada.co.th
http://store.lazada.co.th
http://sug.lazada.co.th
http://survey.lazada.co.th
http://taobao.lazada.co.th
http://th.locker.lazada.co.th
http://topup.lazada.co.th
http://u.lazada.co.th
http://uapi-xspace.lazada.co.th
http://union.lazada.co.th
http://university.lazada.co.th
http://wallet.lazada.co.th
http://www.lazada.co.th
http://www.locker.lazada.co.th
http://www.th.locker.lazada.co.th
http://xform.lazada.co.th
http://zal.lazada.co.th
https://ab.lazada.co.th
https://acs-m.lazada.co.th
https://acs-wapa.lazada.co.th
https://admin-m.lazada.co.th
https://admin-p.lazada.co.th
https://admin-staging.education.lazada.co.th
https://admin.education.lazada.co.th
https://admin.lazada.co.th
https://adsense.lazada.co.th
https://affiliate.lazada.co.th
https://ali.lazada.co.th
https://api.lazada.co.th
https://asc-hub.lazada.co.th
https://ba-buyer-staging.lazada.co.th
https://ba-buyer.lazada.co.th
https://ba-p.zal.lazada.co.th
https://brand.adsense.lazada.co.th
https://c.lazada.co.th
https://cart-m.lazada.co.th
https://cart-p.lazada.co.th
https://cart.lazada.co.th
https://cb-customs.lazada.co.th
https://checkout-m.lazada.co.th
https://checkout-p.lazada.co.th
https://checkout.lazada.co.th
https://creative.lazada.co.th
https://cs.lazada.co.th
https://datafeeds.lazada.co.th
https://digital.lazada.co.th
https://eco-acc.lazada.co.th
https://eco-device.lazada.co.th
https://eco-ueba.lazada.co.th
https://eco.lazada.co.th
https://education-staging.lazada.co.th
https://education.lazada.co.th
https://email.lazada.co.th
https://enterpriseenrollment.lazada.co.th
https://enterpriseregistration.lazada.co.th
https://er-p.lazada.co.th
https://er.lazada.co.th
https://filebroker-cdn.lazada.co.th
https://filebroker-p.zal.lazada.co.th
https://filebroker-staging.lazada.co.th
https://filebroker.lazada.co.th
https://gmcp.lazada.co.th
https://h5-alimebot.lazada.co.th
https://ho.lazada.co.th
https://i.lazada.co.th
https://ifs.lazada.co.th
https://jmacs-m.lazada.co.th
https://ju.lazada.co.th
https://lazada.co.th
https://lighthouse.lazada.co.th
https://locker.lazada.co.th
https://m.lazada.co.th
https://media.lazada.co.th
https://member-m.lazada.co.th
https://member-p.lazada.co.th
https://member.lazada.co.th
https://msgacs-m.lazada.co.th
https://msoid.lazada.co.th
https://my-m.lazada.co.th
https://my.lazada.co.th
https://open.lazada.co.th
https://openapi.lazada.co.th
https://orders.lazada.co.th
https://pages.lazada.co.th
https://partners.lazada.co.th
https://pdp-p.lazada.co.th
https://pdp.lazada.co.th
https://pdpdesc-m.lazada.co.th
https://pdpdesc-p.lazada.co.th
https://pre-adsence.lazada.co.th
https://pre-adsense.lazada.co.th
https://pre-allinone.lazada.co.th
https://pre-s.lazada.co.th
https://pre-solution.lazada.co.th
https://pre-u.lazada.co.th
https://pre-wallet.lazada.co.th
https://pre.lazada.co.th
https://psc-alimebot.lazada.co.th
https://rc.lazada.co.th
https://rest.lazada.co.th
https://s.lazada.co.th
https://search-beta.lazada.co.th
https://search-p.lazada.co.th
https://sellercenter-staging.lazada.co.th
https://shop-p.zal.lazada.co.th
https://sofp.lazada.co.th
https://solution.lazada.co.th
https://ssc-staging.lazada.co.th
https://ssc.lazada.co.th
https://ssr-std.lazada.co.th
https://static-file.lazada.co.th
https://station.lazada.co.th
https://store.lazada.co.th
https://sug.lazada.co.th
https://survey.lazada.co.th
https://taobao.lazada.co.th
https://th.locker.lazada.co.th
https://topup.lazada.co.th
https://u.lazada.co.th
https://uapi-xspace.lazada.co.th
https://union.lazada.co.th
https://university.lazada.co.th
https://wallet.lazada.co.th
https://www.lazada.co.th
https://www.locker.lazada.co.th
https://www.th.locker.lazada.co.th
https://xform.lazada.co.th
https://zal.lazada.co.th
