http://acc-shop.lieferando.de
http://acc-shop.lieferando.de:2082
http://acc-shop.lieferando.de:2086
http://acc-shop.lieferando.de:2087
http://acc-shop.lieferando.de:8080
http://admin.lieferando.de
http://api.lieferando.de
http://beta-foodora.lieferando.de
http://beta.lieferando.de
http://beta.shop.lieferando.de
http://beta.shop.lieferando.de:8888
http://blog.lieferando.de
http://click.update.lieferando.de
http://cloud.update.lieferando.de
http://colin.lieferando.de
http://company.lieferando.de
http://companyadmin.lieferando.de
http://creatives.lieferando.de
http://dining.lieferando.de
http://emails.restaurants.lieferando.de
http://fastly.lieferando.de
http://join.lieferando.de
http://kemp.lieferando.de
http://lieferando.de
http://loyaltyshop.lieferando.de
http://m.lieferando.de
http://my.lieferando.de
http://oldservice.lieferando.de
http://oldservice2.lieferando.de
http://orders.lieferando.de
http://partner.lieferando.de
http://pics.lieferando.de
http://portal.lieferando.de
http://praemienshop.lieferando.de
http://restaurant.lieferando.de
http://restaurants.lieferando.de
http://shop.lieferando.de
http://stage-colin.lieferando.de
http://stage.lieferando.de
http://static.lieferando.de
http://tealium.lieferando.de
http://test-shop.lieferando.de
http://test.shop.lieferando.de
http://test.shop.lieferando.de:8888
http://tv.lieferando.de
http://view.update.lieferando.de
http://www.lieferando.de
https://acc-shop.lieferando.de
https://beta-foodora.lieferando.de
https://beta.lieferando.de
https://beta.shop.lieferando.de
https://beta.shop.lieferando.de:8443
https://blog.lieferando.de
https://click.update.lieferando.de
https://cloud.update.lieferando.de
https://dining.lieferando.de
https://emails.restaurants.lieferando.de
https://fastly.lieferando.de
https://join.lieferando.de
https://kemp.lieferando.de
https://lieferando.de
https://loyaltyshop.lieferando.de
https://m.lieferando.de
https://orders.lieferando.de
https://pics.lieferando.de
https://portal.lieferando.de
https://praemienshop.lieferando.de
https://restaurant.lieferando.de
https://restaurants.lieferando.de
https://shop.lieferando.de
https://static.lieferando.de
https://test-shop.lieferando.de
https://test.shop.lieferando.de
https://test.shop.lieferando.de:8443
https://tv.lieferando.de
https://view.update.lieferando.de
https://www.lieferando.de
