http://0068-b76d0949-local.lieferando.at
http://007243.lieferando.at
http://02-express-nano.lieferando.at
http://08ex01.ivemsamxl.lieferando.at
http://10b.lieferando.at
http://12.lieferando.at
http://121018.lieferando.at
http://12covidien.lieferando.at
http://152.7.lieferando.at
http://16-49b1d41c.lieferando.at
http://16.lieferando.at
http://178.sbg.ovh.lieferando.at
http://1apporovaccine.lieferando.at
http://1www.lieferando.at
http://2.66.lieferando.at
http://20121018.lieferando.at
http://21-test.lieferando.at
http://21.lieferando.at
http://3.ppp.lieferando.at
http://38b65.avira-free-antivirus.lieferando.at
http://38b65losvirus.lieferando.at
http://4.lieferando.at
http://4e.lieferando.at
http://4testlav-essential-antivirus.en.lieferando.at
http://75.lieferando.at
http://827.lieferando.at
http://88.lieferando.at
http://_antivirus.en.lieferando.at
http://a.lieferando.at
http://a9a-local.lieferando.at
http://acc-shop-14016.lieferando.at
http://acc-shop-tour6.lieferando.at
http://acc-shop.lieferando.at
http://acc-shop.lieferando.at:2083
http://acc-shop.lieferando.at:2086
http://acc-shop.lieferando.at:2087
http://acc-shop.lieferando.at:2095
http://acc-shop.lieferando.at:8080
http://acc-shop.lieferando.at:8443
http://acc-shop.lieferando.at:8880
http://accounts-rtb-qydc.lieferando.at
http://acp.lieferando.at
http://admin.lieferando.at
http://admincomputer-virus-verwijderen.lieferando.at
http://aeevents.lieferando.at
http://afforda10levaccines.lieferando.at
http://affordablevaccines.lieferando.at
http://affordablevaccinespull-posapi.lieferando.at
http://affordablevaccinessecret.lieferando.at
http://ajax.quarter-virus-restaurant.lieferando.at
http://alpha-quarter-virus-restaurant.lieferando.at
http://anti-virus.lieferando.at
http://antivirus-38b65.cloud.lieferando.at
http://antivirus-38b65.lieferando.at
http://antivirus-38b6538b65.lieferando.at
http://antivirus-security-free.lieferando.at
http://antivirus.static.lieferando.at
http://antivirus1.lieferando.at
http://apache-zeroviruses.lieferando.at
http://apache-zerovirusescust119.lieferando.at
http://app.frontend.computer-virus-verwijderen.clops.lieferando.at
http://app.frontend.prod.avgantiviruscustcust38ersupportnumber.clops.lieferando.at
http://app.frontend.prod.avgantiviruscustomersupportnumber.clops.lieferando.at
http://app.frontend.prod.avgantiviruscustomersupportnumops0er.clops.lieferando.at
http://app.frontend.prod.awww-02gantiwww-02iruscustomersupportnumber.clops.lieferando.at
http://app.lieferando.at
http://apparel-de.almarket.demo.lieferando.at
http://authyellowfevervaccine.lieferando.at
http://avgantiviruscustomersupportnumber.lieferando.at
http://avira-free-antivirus-clops-demo.lieferando.at
http://avira-free-antivirus-clops.lieferando.at
http://avivamiento.lieferando.at
http://avr-remote.lieferando.at
http://b084-local.lieferando.at
http://baidu.lieferando.at
http://beta-quick-heal-anti-virus.lieferando.at
http://beta.lieferando.at
http://beta.mcafee-antivirus-plus.lieferando.at
http://bg-cdncomfluvaccines.lieferando.at
http://bip.lieferando.at
http://blog.lieferando.at
http://blogs.lieferando.at
http://bni-marcq.lieferando.at
http://bookmarks.lieferando.at
http://br.lieferando.at
http://carini.lieferando.at
http://chote.lieferando.at
http://cl215-097.lieferando.at
http://click.update.lieferando.at
http://cloud.update.lieferando.at
http://club.lieferando.at
http://cn.lieferando.at
http://co.uk.online.banking.nwolb.lieferando.at
http://coaffordablevaccinesideo.lieferando.at
http://col-xch-vpca1a.corp.lieferando.at
http://com-open-source-cloud-computing-services-distribution.lieferando.at
http://com.lieferando.at
http://comfluvaccinescourier-app.lieferando.at
http://comfluvaccinesovid1996.lieferando.at
http://comfluvaccinespull-posapi.lieferando.at
http://comfluvaccinesscm.lieferando.at
http://companyadmin.lieferando.at
http://computer-virus-engineering.lieferando.at
http://computer-virus-verwijderen.freeantivirus.lieferando.at
http://computer-virus-verwijderenavira.lieferando.at
http://computer-virus-verwijderencomputer-virus-verwijderen.lieferando.at
http://computer-virus-verwijderentv.lieferando.at
http://comune.lieferando.at
http://confluencequick-heal-anti-virus.lieferando.at
http://content.lieferando.at
http://coronanachrichten.lieferando.at
http://cos-us-ironman03.cos.lieferando.at
http://courier-app-affordablevaccines.lieferando.at
http://courier-appapporovaccine.lieferando.at
http://courier-appyellowfevervaccine.lieferando.at
http://covid19.clops.lieferando.at
http://covid19.lieferando.at
http://covid1996.lieferando.at
http://covideo.lieferando.at
http://covidhhsvaccines96.lieferando.at
http://cpeb4-254.lieferando.at
http://cpg14x-computer-virus-verwijderencomputer-virus-verwijderen.lieferando.at
http://cs.lieferando.at
http://cw-api-losvirus.lieferando.at
http://cw-api.covid19.clops.lieferando.at
http://cw-quarter-virus.lieferando.at
http://darklady.lieferando.at
http://dd.lieferando.at
http://decoapp4.lieferando.at
http://delep.lieferando.at
http://depmail.dep.lieferando.at
http://designer.software.lieferando.at
http://dev.lieferando.at
http://device1154291-6b54cc56-local.lieferando.at
http://device1460461-69659ebe-local.lieferando.at
http://device1585474-8ee2ec7d.lieferando.at
http://device1606447-6967a9b0-local.lieferando.at
http://device1799377-f50f736b-local.lieferando.at
http://device1875782-e5dd392b-local.lieferando.at
http://device2119576-373fb1b7-local.lieferando.at
http://device2396589-e140b084-local.lieferando.at
http://device2616357-6bc2173b.lieferando.at
http://device2752716-49b1d41c.lieferando.at
http://device2783534-50dd224e.lieferando.at
http://device2936709-caf5bb3e-local.lieferando.at
http://device2986520-e003aa9a-local.lieferando.at
http://device3170979-27382af1-local.lieferando.at
http://device3220068-b76d0949-local.lieferando.at
http://digilander.lieferando.at
http://dns1.banking.nwolb.lieferando.at
http://dt-recs.lieferando.at
http://ducm.cloud.lieferando.at
http://e2010b.lieferando.at
http://ebscovideos-38b65.lieferando.at
http://ebscovideos.lieferando.at
http://ecovaccine-bc-huangda.lieferando.at
http://ecovida.lieferando.at
http://eicauat-cb-bas-1.lieferando.at
http://elevare.lieferando.at
http://emails.restaurants.lieferando.at
http://emkt-ip01.lieferando.at
http://en-prepageit.lieferando.at
http://en-vaccine.lieferando.at
http://en-vaccine.raspunde.lieferando.at
http://en-vaccine.zbin.lieferando.at
http://en-vacmyrabota.lieferando.at
http://enoc.lieferando.at
http://ensgiweb.lieferando.at
http://eset-nod32-antivirus.en.lieferando.at
http://eset-nod32-antivirus.th.lieferando.at
http://eset-nod32-antivirus.tr.lieferando.at
http://euw-staging-hhsvaccines.lieferando.at
http://events.lieferando.at
http://evomela-splash-plain.com.lieferando.at
http://exampletwitter.lieferando.at
http://exchangecas.lucsus.lieferando.at
http://febrestaurant.lieferando.at
http://feedbackgrouphhsvaccines.lieferando.at
http://feeds.lieferando.at
http://firewallcovidien.lieferando.at
http://fluvaccines-cloud.lieferando.at
http://fluvaccines-service.lieferando.at
http://flwyd.lieferando.at
http://fooxx.lieferando.at
http://forum.lieferando.at
http://forums.lieferando.at
http://foundation-2015-9-17.lieferando.at
http://fr.lieferando.at
http://freeofvirus.lieferando.at
http://frontend.office.stacluster.avira-free-antivirus-clops.lieferando.at
http://frontend.office.stag.avira-free-antivirus-clops.lieferando.at
http://frontend.office.stag.avira-free-antivirus-clopsrepo.lieferando.at
http://frontend.office.stag.avira-free-fo-clops.lieferando.at
http://futbol137.lieferando.at
http://games.lieferando.at
http://getavirus-com.lieferando.at
http://gothedistance.lieferando.at
http://grc2go.lieferando.at
http://groups.lieferando.at
http://guestportal-6.lieferando.at
http://h2.lieferando.at
http://h3.lieferando.at
http://h6.lieferando.at
http://ha3virus.lieferando.at
http://halifax-online.lieferando.at
http://help.lieferando.at
http://helponline-antivirus-38b65.lieferando.at
http://helpstopthevirus.lieferando.at
http://hh.lieferando.at
http://hhpull-posapivaccinepull-posapi.lieferando.at
http://hhsvaccines-beta.lieferando.at
http://hhsvaccines-betacmail.lieferando.at
http://hhsvaccines.cust39.hhsvaccines.lieferando.at
http://hhsvaccines.hhsvaccines.lieferando.at
http://home.lieferando.at
http://homepage.lieferando.at
http://homepage1.lieferando.at
http://homepage2.lieferando.at
http://homepage3.lieferando.at
http://host.lieferando.at
http://idc.lieferando.at
http://ilogwebpay-test-netstorage.lieferando.at
http://info.lieferando.at
http://informatik.lieferando.at
http://inst.lieferando.at
http://internal.quarter-virus.lieferando.at
http://internalquarter-virus.lieferando.at
http://ip-51-118.lieferando.at
http://ip-73-234.lieferando.at
http://ip12-239.lieferando.at
http://ip35-247.lieferando.at
http://iphoneapp.lieferando.at
http://k2.lieferando.at
http://k3.lieferando.at
http://k4.lieferando.at
http://k5.lieferando.at
http://kaspersky-anti-virus.en.lieferando.at
http://kaspersky-free-antivirus.en.lieferando.at
http://kemp.lieferando.at
http://kepek-totalav-essential-antivirus.en.lieferando.at
http://kk.lieferando.at
http://knowledge-base.en.lieferando.at
http://ku1720.lieferando.at
http://l.euw-staging-hhsvaccines.lieferando.at
http://lieferando.at
http://liveherpesvaccine.files.lieferando.at
http://loncov5.lieferando.at
http://losvirus-server.lieferando.at
http://losvirus.clops.lieferando.at
http://losvirusrestaurant.lieferando.at
http://losvirusupdate.lieferando.at
http://loyaltyshop.lieferando.at
http://lynadmin.global.lieferando.at
http://lyncwebconf-il.lieferando.at
http://m.sapporovaccine.lieferando.at
http://m1-br9.lieferando.at
http://m48fofhb98zopyz.lieferando.at
http://mail-accounts.lieferando.at
http://mail.pharmacyaus.lieferando.at
http://mailgwex.lieferando.at
http://mailhub139a.lieferando.at
http://maskingbodysuits.lieferando.at
http://masteruniversitario.lieferando.at
http://maven.lieferando.at
http://mavgantiviruscustomersupportnumber.lieferando.at
http://mavgantiviruscustomeryellowfevervaccinenumber.lieferando.at
http://max1.lieferando.at
http://max2.lieferando.at
http://max3.lieferando.at
http://max4.lieferando.at
http://mcafee-antivirus-plus.antivirus-38b65.lieferando.at
http://mcafee-antivirus-plus.en.lieferando.at
http://mcafee.lieferando.at
http://mdsp-cmc-vip.lieferando.at
http://melhor-antivirus.br.lieferando.at
http://members.lieferando.at
http://mezhvencovij-uplotnitel.lieferando.at
http://mobile-help.lieferando.at
http://monitoryellowfevervaccine.lieferando.at
http://mta.covid19.lieferando.at
http://mtbaker.lieferando.at
http://music.lieferando.at
http://mvn.lieferando.at
http://my.lieferando.at
http://mygasservicesqa.lieferando.at
http://myhome.lieferando.at
http://nano-1.lieferando.at
http://nb-119.lieferando.at
http://new.lieferando.at
http://news.lieferando.at
http://newsletter.lieferando.at
http://newvaccineletter.lieferando.at
http://nn.lieferando.at
http://norton-antivirus.lieferando.at
http://norton_antivirus.en.lieferando.at
http://notesapporovaccine.lieferando.at
http://odincovo.lieferando.at
http://oe.totalav-essential-antivirus.en.lieferando.at
http://office.staclustermaint.avira-free-antivirus-clops.lieferando.at
http://office.stag.norton.clops.lieferando.at
http://office3.lieferando.at
http://oldstore.lieferando.at
http://orders.lieferando.at
http://origin-cw.lieferando.at
http://origin.lieferando.at
http://overlap-computer-virus-verwijderencomputer-virus-verwijderen.lieferando.at
http://oxley.lieferando.at
http://page.mobile-help.lieferando.at
http://panda-free-antivirus.lieferando.at
http://pandemic0105.blog.lieferando.at
http://partner.lieferando.at
http://passport.lieferando.at
http://payfluvaccines.lieferando.at
http://pc03106.lieferando.at
http://people.lieferando.at
http://perfectiohost.lieferando.at
http://perillat.lieferando.at
http://piesse.lieferando.at
http://piratecloud.lieferando.at
http://plus-computer-virus-verwijderen.lieferando.at
http://plus.fluvaccines.lieferando.at
http://pondokcerdaswarga.lieferando.at
http://portaldho.lieferando.at
http://praemienshop.lieferando.at
http://princetonresearch.lieferando.at
http://productdelivery.lieferando.at
http://productionapporovaccine.lieferando.at
http://provincia.lieferando.at
http://psql04.fish4brand.lieferando.at
http://pull-posapi-affordablevaccines.lieferando.at
http://pull-posapi-sapporovaccine.lieferando.at
http://pull-posapiaffordablevaccines.lieferando.at
http://pull-posapiaffordablevaccineseuw-staging-hhsvaccines.lieferando.at
http://pup.lieferando.at
http://quarter-antivirus-38b65.lieferando.at
http://quarter-antstaging-hhsvaccinesvstaging-hhsvaccinesrus-38b65.lieferando.at
http://quarter-virus-restaurant-pipex-gw.lieferando.at
http://quarter-viruscomputer-virus-verwijderen.lieferando.at
http://quarter-viruswest-7.lieferando.at
http://quick-heal-anti-virus.en.lieferando.at
http://randallreillysalestool.lieferando.at
http://randomword.affordablevaccines.lieferando.at
http://refinancovani.lieferando.at
http://regione.lieferando.at
http://restaurants.lieferando.at
http://restricted-02.p05cd03.lieferando.at
http://runjtrekwindows.lieferando.at
http://s4orovaccine.lieferando.at
http://sapporovaccine-de-cdn.lieferando.at
http://sapporovaccineagentmail.lieferando.at
http://sapporovaccinecourier-app.lieferando.at
http://sapporovaccinemanager.lieferando.at
http://sc-enoc.lieferando.at
http://scisyd01.scitek.lieferando.at
http://scompanyorovaccine.lieferando.at
http://scotland.antivirus-38b65.lieferando.at
http://secretapporovaccine.lieferando.at
http://secure.lieferando.at
http://securemailserviceprovider.lieferando.at
http://serveitnowusa.lieferando.at
http://server1.dev3.apprentissagedelaproprete.fr.lieferando.at
http://server1.lieferando.at
http://shop.lieferando.at
http://shopcovidien.lieferando.at
http://shortcut-virus-remover.software.lieferando.at
http://sites.lieferando.at
http://sl-gaming.lieferando.at
http://slovari.lieferando.at
http://smartstate.lieferando.at
http://smezhvencovijorovaccine.lieferando.at
http://smtp-vircomfluvaccines.lieferando.at
http://smtp-virus-tv.lieferando.at
http://smtp-virus.lieferando.at
http://smtp-virusa.lieferando.at
http://smtp-viruseast-2-2.lieferando.at
http://smtp.topupzone-com-pl.lieferando.at
http://smtp2088.lieferando.at
http://so.prod.avgantiviruscustcust38ersupportnumber.clops.lieferando.at
http://sotravo-demenagement.fr.lieferando.at
http://sprod-authorovaccine.lieferando.at
http://ssaporestefanodiaz.lieferando.at
http://ssecretorovaccine.lieferando.at
http://ssl122827.lieferando.at
http://ssl303215.lieferando.at
http://staging.lieferando.at
http://static.lieferando.at
http://subfolder-proxy-awards.lieferando.at
http://subfolder-proxy-awards2021-test.lieferando.at
http://subfolder-proxy-awards2021.lieferando.at
http://subfolder-proxy-blog.lieferando.at
http://subfolder-proxy-cloud-update-lieferando-at.lieferando.at
http://subfolder-proxy-deals.lieferando.at
http://subfolder-proxy-drivers.lieferando.at
http://subfolder-proxy-foodwiki.lieferando.at
http://subfolder-proxy-interactive-data-at.lieferando.at
http://subfolder-proxy-loyaltyshop-at.lieferando.at
http://subfolder-proxy-multisite-blog.lieferando.at
http://subfolder-proxy-partnerblog.lieferando.at
http://subfolder-proxy-signup.lieferando.at
http://subfolder-proxy-takeawaypay-blog.lieferando.at
http://subfolder-proxy-takeawaypay.lieferando.at
http://suna.lieferando.at
http://symposium.lieferando.at
http://sytthanhhoa.lieferando.at
http://tags.lieferando.at
http://tarim2.lieferando.at
http://tc.fo-currys.fo.test07.lieferando.at
http://test-shop.lieferando.at
http://tkaji2012.lieferando.at
http://top100.lieferando.at
http://topchoicecentral.lieferando.at
http://totalav-essential-antivirus.h-4en.lieferando.at
http://totalav-essential-antivirus.logonen.lieferando.at
http://tsmc1.lieferando.at
http://tv-smtp-virus.lieferando.at
http://ualpassuat.lieferando.at
http://uatwindscreencover.lieferando.at
http://uncovered.lieferando.at
http://uncovered.mcafee.lieferando.at
http://uncoveredincoming.mcafee.lieferando.at
http://union.lieferando.at
http://univ.lieferando.at
http://unknown-20-75.lieferando.at
http://updateavgantiviruscustomersupportnumber.lieferando.at
http://updatekey-antivirus.lieferando.at
http://user.lieferando.at
http://users.lieferando.at
http://vaccine-bc-huang.lieferando.at
http://varnish.lieferando.at
http://verwijdertvirusspyware.lieferando.at
http://view.update.lieferando.at
http://view.virus-update.lieferando.at
http://virtuallearning-qualcomm-com.lieferando.at
http://virus-consola.lieferando.at
http://virus-design.lieferando.at
http://virusbot.lieferando.at
http://virusfacts.lieferando.at
http://virusinc.lieferando.at
http://viruslex.lieferando.at
http://virust.lieferando.at
http://viruswriter.lieferando.at
http://virusyellowfevervaccine.lieferando.at
http://vmail1.mail.lieferando.at
http://vw2008ex01.ivemsamxl.lieferando.at
http://w244203.ppp.lieferando.at
http://webmail.lieferando.at
http://wenku.lieferando.at
http://westeuropehhsvaccines.lieferando.at
http://windowsample.lieferando.at
http://wsh161.lieferando.at
http://www.anti-virus.lieferando.at
http://www.antivirus1.lieferando.at
http://www.backsoon.lieferando.at
http://www.bbgr5.lieferando.at
http://www.cvs.portali-dir.lieferando.at
http://www.cvs.portali.lieferando.at
http://www.glencove.fooxx.lieferando.at
http://www.notes.lieferando.at
http://www.portali.lieferando.at
http://www.raphaelserra.lieferando.at
http://www.sbe3.lieferando.at
http://www.session-bass-player.lieferando.at
http://www.ssg-heap.als.lieferando.at
http://www.tutarotlatino.lieferando.at
http://www.updatekey-antivirus.lieferando.at
http://www.vaccines.lieferando.at
http://www.veeda.lieferando.at
http://www.verwijdertvirusspyware.lieferando.at
http://www.virusbot.lieferando.at
http://www.welcome.develop.lieferando.at
http://www2s.lieferando.at
http://www2u.lieferando.at
http://www4b.lieferando.at
http://www5a.lieferando.at
http://www5b.lieferando.at
http://www5c.lieferando.at
http://www5d.lieferando.at
http://www5f.lieferando.at
http://www7a.lieferando.at
http://www7b.lieferando.at
http://xmaskaradax.lieferando.at
http://xn--80aa5alfu.lieferando.at
http://xroads.lieferando.at
http://yellowfevervaccine-courier-app.lieferando.at
http://yellowfevervaccine-lb.lieferando.at
http://zerovirus-east-22s.lieferando.at
http://zeroviruses2019.lieferando.at
http://zerovirusescovideo-vaccine.lieferando.at
http://zerovirusescovideo.lieferando.at
http://zerovirusteast-16s.lieferando.at
https://0068-b76d0949-local.lieferando.at
https://007243.lieferando.at
https://02-express-nano.lieferando.at
https://10b.lieferando.at
https://12.lieferando.at
https://121018.lieferando.at
https://12covidien.lieferando.at
https://16-49b1d41c.lieferando.at
https://16.lieferando.at
https://1apporovaccine.lieferando.at
https://1www.lieferando.at
https://20121018.lieferando.at
https://21-test.lieferando.at
https://21.lieferando.at
https://38b65losvirus.lieferando.at
https://4.lieferando.at
https://4e.lieferando.at
https://75.lieferando.at
https://827.lieferando.at
https://88.lieferando.at
https://a.lieferando.at
https://a9a-local.lieferando.at
https://acc-shop-14016.lieferando.at
https://acc-shop-tour6.lieferando.at
https://acc-shop.lieferando.at
https://accounts-rtb-qydc.lieferando.at
https://acp.lieferando.at
https://admin.lieferando.at
https://admincomputer-virus-verwijderen.lieferando.at
https://aeevents.lieferando.at
https://afforda10levaccines.lieferando.at
https://affordablevaccines.lieferando.at
https://affordablevaccinespull-posapi.lieferando.at
https://affordablevaccinessecret.lieferando.at
https://alpha-quarter-virus-restaurant.lieferando.at
https://anti-virus.lieferando.at
https://antivirus-38b65.lieferando.at
https://antivirus-38b6538b65.lieferando.at
https://antivirus-security-free.lieferando.at
https://antivirus1.lieferando.at
https://apache-zeroviruses.lieferando.at
https://apache-zerovirusescust119.lieferando.at
https://app.lieferando.at
https://authyellowfevervaccine.lieferando.at
https://avgantiviruscustomersupportnumber.lieferando.at
https://avira-free-antivirus-clops-demo.lieferando.at
https://avira-free-antivirus-clops.lieferando.at
https://avivamiento.lieferando.at
https://avr-remote.lieferando.at
https://b084-local.lieferando.at
https://baidu.lieferando.at
https://beta-quick-heal-anti-virus.lieferando.at
https://beta.lieferando.at
https://bg-cdncomfluvaccines.lieferando.at
https://bip.lieferando.at
https://blog.lieferando.at
https://blogs.lieferando.at
https://bni-marcq.lieferando.at
https://bookmarks.lieferando.at
https://br.lieferando.at
https://carini.lieferando.at
https://chote.lieferando.at
https://cl215-097.lieferando.at
https://click.update.lieferando.at
https://cloud.update.lieferando.at
https://club.lieferando.at
https://cn.lieferando.at
https://coaffordablevaccinesideo.lieferando.at
https://com-open-source-cloud-computing-services-distribution.lieferando.at
https://com.lieferando.at
https://comfluvaccinescourier-app.lieferando.at
https://comfluvaccinesovid1996.lieferando.at
https://comfluvaccinespull-posapi.lieferando.at
https://comfluvaccinesscm.lieferando.at
https://companyadmin.lieferando.at
https://computer-virus-engineering.lieferando.at
https://computer-virus-verwijderenavira.lieferando.at
https://computer-virus-verwijderencomputer-virus-verwijderen.lieferando.at
https://computer-virus-verwijderentv.lieferando.at
https://comune.lieferando.at
https://confluencequick-heal-anti-virus.lieferando.at
https://content.lieferando.at
https://coronanachrichten.lieferando.at
https://courier-app-affordablevaccines.lieferando.at
https://courier-appapporovaccine.lieferando.at
https://courier-appyellowfevervaccine.lieferando.at
https://covid19.lieferando.at
https://covid1996.lieferando.at
https://covideo.lieferando.at
https://covidhhsvaccines96.lieferando.at
https://cpeb4-254.lieferando.at
https://cpg14x-computer-virus-verwijderencomputer-virus-verwijderen.lieferando.at
https://cs.lieferando.at
https://cw-api-losvirus.lieferando.at
https://cw-quarter-virus.lieferando.at
https://darklady.lieferando.at
https://dd.lieferando.at
https://decoapp4.lieferando.at
https://delep.lieferando.at
https://dev.lieferando.at
https://device1154291-6b54cc56-local.lieferando.at
https://device1460461-69659ebe-local.lieferando.at
https://device1585474-8ee2ec7d.lieferando.at
https://device1606447-6967a9b0-local.lieferando.at
https://device1799377-f50f736b-local.lieferando.at
https://device1875782-e5dd392b-local.lieferando.at
https://device2119576-373fb1b7-local.lieferando.at
https://device2396589-e140b084-local.lieferando.at
https://device2616357-6bc2173b.lieferando.at
https://device2752716-49b1d41c.lieferando.at
https://device2783534-50dd224e.lieferando.at
https://device2936709-caf5bb3e-local.lieferando.at
https://device2986520-e003aa9a-local.lieferando.at
https://device3170979-27382af1-local.lieferando.at
https://device3220068-b76d0949-local.lieferando.at
https://digilander.lieferando.at
https://dt-recs.lieferando.at
https://e2010b.lieferando.at
https://ebscovideos-38b65.lieferando.at
https://ebscovideos.lieferando.at
https://ecovaccine-bc-huangda.lieferando.at
https://ecovida.lieferando.at
https://eicauat-cb-bas-1.lieferando.at
https://elevare.lieferando.at
https://emails.restaurants.lieferando.at
https://emkt-ip01.lieferando.at
https://en-prepageit.lieferando.at
https://en-vaccine.lieferando.at
https://en-vacmyrabota.lieferando.at
https://enoc.lieferando.at
https://ensgiweb.lieferando.at
https://euw-staging-hhsvaccines.lieferando.at
https://events.lieferando.at
https://exampletwitter.lieferando.at
https://febrestaurant.lieferando.at
https://feedbackgrouphhsvaccines.lieferando.at
https://feeds.lieferando.at
https://firewallcovidien.lieferando.at
https://fluvaccines-cloud.lieferando.at
https://fluvaccines-service.lieferando.at
https://flwyd.lieferando.at
https://fooxx.lieferando.at
https://forum.lieferando.at
https://forums.lieferando.at
https://foundation-2015-9-17.lieferando.at
https://fr.lieferando.at
https://freeofvirus.lieferando.at
https://futbol137.lieferando.at
https://games.lieferando.at
https://getavirus-com.lieferando.at
https://gothedistance.lieferando.at
https://grc2go.lieferando.at
https://groups.lieferando.at
https://guestportal-6.lieferando.at
https://h2.lieferando.at
https://h3.lieferando.at
https://h6.lieferando.at
https://ha3virus.lieferando.at
https://halifax-online.lieferando.at
https://help.lieferando.at
https://helponline-antivirus-38b65.lieferando.at
https://helpstopthevirus.lieferando.at
https://hh.lieferando.at
https://hhpull-posapivaccinepull-posapi.lieferando.at
https://hhsvaccines-beta.lieferando.at
https://hhsvaccines-betacmail.lieferando.at
https://home.lieferando.at
https://homepage.lieferando.at
https://homepage1.lieferando.at
https://homepage2.lieferando.at
https://homepage3.lieferando.at
https://host.lieferando.at
https://idc.lieferando.at
https://ilogwebpay-test-netstorage.lieferando.at
https://info.lieferando.at
https://informatik.lieferando.at
https://inst.lieferando.at
https://internalquarter-virus.lieferando.at
https://ip-51-118.lieferando.at
https://ip-73-234.lieferando.at
https://ip12-239.lieferando.at
https://ip35-247.lieferando.at
https://iphoneapp.lieferando.at
https://k2.lieferando.at
https://k3.lieferando.at
https://k4.lieferando.at
https://k5.lieferando.at
https://kemp.lieferando.at
https://kk.lieferando.at
https://ku1720.lieferando.at
https://lieferando.at
https://loncov5.lieferando.at
https://losvirus-server.lieferando.at
https://losvirusrestaurant.lieferando.at
https://losvirusupdate.lieferando.at
https://loyaltyshop.lieferando.at
https://lyncwebconf-il.lieferando.at
https://m1-br9.lieferando.at
https://m48fofhb98zopyz.lieferando.at
https://mail-accounts.lieferando.at
https://mailgwex.lieferando.at
https://mailhub139a.lieferando.at
https://maskingbodysuits.lieferando.at
https://masteruniversitario.lieferando.at
https://maven.lieferando.at
https://mavgantiviruscustomersupportnumber.lieferando.at
https://mavgantiviruscustomeryellowfevervaccinenumber.lieferando.at
https://max1.lieferando.at
https://max2.lieferando.at
https://max3.lieferando.at
https://max4.lieferando.at
https://mcafee.lieferando.at
https://mdsp-cmc-vip.lieferando.at
https://members.lieferando.at
https://mezhvencovij-uplotnitel.lieferando.at
https://mobile-help.lieferando.at
https://monitoryellowfevervaccine.lieferando.at
https://mtbaker.lieferando.at
https://music.lieferando.at
https://mvn.lieferando.at
https://my.lieferando.at
https://mygasservicesqa.lieferando.at
https://myhome.lieferando.at
https://nano-1.lieferando.at
https://nb-119.lieferando.at
https://new.lieferando.at
https://news.lieferando.at
https://newsletter.lieferando.at
https://newvaccineletter.lieferando.at
https://nn.lieferando.at
https://norton-antivirus.lieferando.at
https://notesapporovaccine.lieferando.at
https://odincovo.lieferando.at
https://office3.lieferando.at
https://oldstore.lieferando.at
https://orders.lieferando.at
https://origin-cw.lieferando.at
https://origin.lieferando.at
https://overlap-computer-virus-verwijderencomputer-virus-verwijderen.lieferando.at
https://oxley.lieferando.at
https://panda-free-antivirus.lieferando.at
https://partner.lieferando.at
https://passport.lieferando.at
https://payfluvaccines.lieferando.at
https://pc03106.lieferando.at
https://people.lieferando.at
https://perfectiohost.lieferando.at
https://perillat.lieferando.at
https://piesse.lieferando.at
https://piratecloud.lieferando.at
https://plus-computer-virus-verwijderen.lieferando.at
https://pondokcerdaswarga.lieferando.at
https://portaldho.lieferando.at
https://praemienshop.lieferando.at
https://princetonresearch.lieferando.at
https://productdelivery.lieferando.at
https://productionapporovaccine.lieferando.at
https://provincia.lieferando.at
https://pull-posapi-affordablevaccines.lieferando.at
https://pull-posapi-sapporovaccine.lieferando.at
https://pull-posapiaffordablevaccines.lieferando.at
https://pull-posapiaffordablevaccineseuw-staging-hhsvaccines.lieferando.at
https://pup.lieferando.at
https://quarter-antivirus-38b65.lieferando.at
https://quarter-antstaging-hhsvaccinesvstaging-hhsvaccinesrus-38b65.lieferando.at
https://quarter-virus-restaurant-pipex-gw.lieferando.at
https://quarter-viruscomputer-virus-verwijderen.lieferando.at
https://quarter-viruswest-7.lieferando.at
https://randallreillysalestool.lieferando.at
https://refinancovani.lieferando.at
https://regione.lieferando.at
https://restaurants.lieferando.at
https://runjtrekwindows.lieferando.at
https://s4orovaccine.lieferando.at
https://sapporovaccine-de-cdn.lieferando.at
https://sapporovaccineagentmail.lieferando.at
https://sapporovaccinecourier-app.lieferando.at
https://sapporovaccinemanager.lieferando.at
https://sc-enoc.lieferando.at
https://scompanyorovaccine.lieferando.at
https://secretapporovaccine.lieferando.at
https://secure.lieferando.at
https://securemailserviceprovider.lieferando.at
https://serveitnowusa.lieferando.at
https://server1.lieferando.at
https://shop.lieferando.at
https://shopcovidien.lieferando.at
https://sites.lieferando.at
https://sl-gaming.lieferando.at
https://slovari.lieferando.at
https://smartstate.lieferando.at
https://smezhvencovijorovaccine.lieferando.at
https://smtp-vircomfluvaccines.lieferando.at
https://smtp-virus-tv.lieferando.at
https://smtp-virus.lieferando.at
https://smtp-virusa.lieferando.at
https://smtp-viruseast-2-2.lieferando.at
https://smtp2088.lieferando.at
https://sprod-authorovaccine.lieferando.at
https://ssaporestefanodiaz.lieferando.at
https://ssecretorovaccine.lieferando.at
https://ssl122827.lieferando.at
https://ssl303215.lieferando.at
https://staging.lieferando.at
https://static.lieferando.at
https://subfolder-proxy-awards.lieferando.at
https://subfolder-proxy-awards2021-test.lieferando.at
https://subfolder-proxy-awards2021.lieferando.at
https://subfolder-proxy-blog.lieferando.at
https://subfolder-proxy-cloud-update-lieferando-at.lieferando.at
https://subfolder-proxy-deals.lieferando.at
https://subfolder-proxy-drivers.lieferando.at
https://subfolder-proxy-foodwiki.lieferando.at
https://subfolder-proxy-interactive-data-at.lieferando.at
https://subfolder-proxy-loyaltyshop-at.lieferando.at
https://subfolder-proxy-multisite-blog.lieferando.at
https://subfolder-proxy-partnerblog.lieferando.at
https://subfolder-proxy-signup.lieferando.at
https://subfolder-proxy-takeawaypay-blog.lieferando.at
https://subfolder-proxy-takeawaypay.lieferando.at
https://suna.lieferando.at
https://symposium.lieferando.at
https://sytthanhhoa.lieferando.at
https://tags.lieferando.at
https://tarim2.lieferando.at
https://test-shop.lieferando.at
https://tkaji2012.lieferando.at
https://top100.lieferando.at
https://topchoicecentral.lieferando.at
https://tsmc1.lieferando.at
https://tv-smtp-virus.lieferando.at
https://ualpassuat.lieferando.at
https://uatwindscreencover.lieferando.at
https://uncovered.lieferando.at
https://union.lieferando.at
https://univ.lieferando.at
https://unknown-20-75.lieferando.at
https://updateavgantiviruscustomersupportnumber.lieferando.at
https://updatekey-antivirus.lieferando.at
https://user.lieferando.at
https://users.lieferando.at
https://vaccine-bc-huang.lieferando.at
https://varnish.lieferando.at
https://verwijdertvirusspyware.lieferando.at
https://view.update.lieferando.at
https://virtuallearning-qualcomm-com.lieferando.at
https://virus-consola.lieferando.at
https://virus-design.lieferando.at
https://virusbot.lieferando.at
https://virusfacts.lieferando.at
https://virusinc.lieferando.at
https://viruslex.lieferando.at
https://virust.lieferando.at
https://viruswriter.lieferando.at
https://virusyellowfevervaccine.lieferando.at
https://webmail.lieferando.at
https://wenku.lieferando.at
https://westeuropehhsvaccines.lieferando.at
https://windowsample.lieferando.at
https://wsh161.lieferando.at
https://www2s.lieferando.at
https://www2u.lieferando.at
https://www4b.lieferando.at
https://www5a.lieferando.at
https://www5b.lieferando.at
https://www5c.lieferando.at
https://www5d.lieferando.at
https://www5f.lieferando.at
https://www7a.lieferando.at
https://www7b.lieferando.at
https://xmaskaradax.lieferando.at
https://xn--80aa5alfu.lieferando.at
https://xroads.lieferando.at
https://yellowfevervaccine-courier-app.lieferando.at
https://yellowfevervaccine-lb.lieferando.at
https://zerovirus-east-22s.lieferando.at
https://zeroviruses2019.lieferando.at
https://zerovirusescovideo-vaccine.lieferando.at
https://zerovirusescovideo.lieferando.at
https://zerovirusteast-16s.lieferando.at
