http://7thanniversary.game.line.me
http://access-auto.line.me
http://access-test.line.me
http://access.line.me
http://access2.line.me
http://account.line.me
http://accountpage.line.me
http://ace.line.me
http://ad-center.line.me
http://admanager.line.me
http://agecheck-rc.line.me
http://agecheck.line.me
http://aillis.line.me
http://air.line.me
http://airarmor.line.me
http://airgo.line.me
http://alpha-ace.line.me
http://alpha-ace.line.me:8080
http://alpha-lcs.line.me
http://alpha-lcs.line.me:8080
http://alpha-nc.line.me
http://alpha-nc.line.me:8080
http://api-data.line.me
http://api-rangers.line.me
http://api-test.line.me
http://api.line.me
http://api.today.line.me
http://api2.line.me
http://app-manga.line.me
http://ask-lawyer-mag.line.me
http://askme.line.me
http://at.line.me
http://atshop.line.me
http://audition.line.me
http://avatar.line.me
http://baito-biz-blog.line.me
http://baito-biz-manual-blog.line.me
http://baito-mag-ja.line.me
http://baito-mag.line.me
http://baito.line.me
http://bcrm-admin.line.me
http://bcrm-doc.line.me
http://bcrm-i-manager.line.me
http://bcrm-i.line.me
http://bcrm-manager.line.me
http://bcrm-sandbox.line.me
http://bcrm.line.me
http://bitmax-mag.line.me
http://bjlinks.game.line.me
http://blockchain.line.me
http://blog-at.line.me
http://blog.clova.line.me
http://blog.clova.line.me:8080
http://blog.line.me
http://bnms.game.line.me
http://bridgepage.game.line.me
http://brownfarm.game.line.me
http://bubble2.game.line.me
http://buy-partner.line.me
http://buy.line.me
http://callback.line.me
http://camera-official-blog.line.me
http://camera.line.me
http://campaign.line.me
http://care-mag.line.me
http://career-mag.line.me
http://career.line.me
http://cc.line.me
http://charmmy.line.me
http://chef.game.line.me
http://chirashi.line.me
http://chocolat.game.line.me
http://clova-blog-ja.line.me
http://clova-blog.line.me
http://codelab.line.me
http://collection-blog.line.me
http://conomi.line.me
http://contact-cc.line.me
http://contact.line.me
http://contact.pockeo.line.me
http://creative.line.me
http://creator-mag-ja.line.me
http://creator-mag-tw.line.me
http://creator-mag.line.me
http://creator-manual-en.line.me
http://creator-manual-ja.line.me
http://creator-manual-th.line.me
http://creator-manual-tw.line.me
http://creator-manual.line.me
http://creator-static.line.me
http://creator.line.me
http://cs-cb.clova.line.me
http://cs-cb.clova.line.me:8080
http://cs-ocr.clova.line.me
http://cs-ocr.clova.line.me:8080
http://cube.line.me
http://d.line.me
http://deal.line.me
http://deals.line.me
http://delima.line.me
http://design.line.me
http://destiny-child-blog.line.me
http://destiny-child-kr-blog.line.me
http://dev.blockchain.line.me
http://devdocs.line.me
http://developers-admin.game.line.me
http://developers.game.line.me
http://developers.line.me
http://dict.line.me
http://docs.blockchain.line.me
http://drpk.game.line.me
http://ec.line.me
http://ecbiz-blog.line.me
http://entameoa-manual.line.me
http://entry-at.line.me
http://entry.line.me
http://event-pay.line.me
http://event-web.line.me
http://events.line.me
http://ex-atshop.line.me
http://ezstore.line.me
http://fanwiki.line.me
http://feedback.line.me
http://foodie.line.me
http://fortune-mag-ja.line.me
http://fortune-mag.line.me
http://fortune-manager.line.me
http://fortune.line.me
http://friends.line.me
http://game-blog-th.line.me
http://game-blog.line.me
http://game-yoyaku-campaign.game.line.me
http://game-yoyaku.line.me
http://game.line.me
http://gdc.game.line.me
http://gift-blog-ja.line.me
http://gift-blog.line.me
http://gift.line.me
http://giftshop-tw.line.me
http://giftshop.line.me
http://godtamazeiya.game.line.me
http://growthy-analytics.game.line.me
http://growthy-eis.game.line.me
http://growthy-probe.game.line.me
http://guide.line.me
http://gundamwars-blog.line.me
http://hackth.line.me
http://healthcare-blog.line.me
http://healthcare-cms.line.me
http://hello-bt21.game.line.me
http://help-o.line.me
http://help.line.me
http://help2-o.line.me
http://help2.line.me
http://hoken-blog.line.me
http://home.game.line.me
http://hr-blog.line.me
http://hrcon-lp.line.me
http://hrcon.line.me
http://insurance.line.me
http://invest.line.me
http://itemget.game.line.me
http://jumputi-heroes-blog-ja.line.me
http://jumputi-heroes-blog-tw.line.me
http://jumputi-heroes-blog.line.me
http://jumputi.game.line.me
http://jumputiglobal.game.line.me
http://kakeibo-blog.line.me
http://keep.line.me
http://keygen-sdbx.line.me
http://lan-click.tr.line.me
http://lan-o.line.me
http://lan.line.me
http://lan3rd-o.line.me
http://lan3rd.line.me
http://lap-blog.line.me
http://lap-click.tr.line.me
http://lb.clova.line.me
http://lb.clova.line.me:8080
http://lbc.line.me
http://lbw-jp.line.me
http://lbw.line.me
http://lcs.line.me
http://lg-cs.line.me
http://lgurl.line.me
http://line-entry-blog.line.me
http://line-research.line.me
http://line.me
http://lineat-partnercenter.line.me
http://linecarnavi-blog.line.me
http://linefriends.line.me
http://linefriendsth.line.me
http://lineit.line.me
http://lineman.line.me
http://linepay.line.me
http://linescore-blog.line.me
http://linevoom-blog.line.me
http://littleknights-blog.line.me
http://live.line.me
http://lp.play.line.me
http://lqg.game.line.me
http://lt-click.tr.line.me
http://m-at-blog.line.me
http://m-baito-mag.line.me
http://m-camera-official-blog.line.me
http://m-clova-blog.line.me
http://m-creator-mag.line.me
http://m-creator-manual.line.me
http://m-gift-blog.line.me
http://m-mall-official-blog.line.me
http://m-manga-blog.line.me
http://m-music-mag.line.me
http://m-now-blog.line.me
http://m-official-blog.line.me
http://makepositive.game.line.me
http://mall-official-blog.line.me
http://mall.line.me
http://man.line.me
http://manga-blog-ja.line.me
http://manga-blog.line.me
http://manga.line.me
http://manual-at.line.me
http://market.line.me
http://media.line.me
http://melody.line.me
http://mkt-tool.game.line.me
http://mobile-blog.line.me
http://mobile.line.me
http://music-jp-coupon.line.me
http://music-mag-ja.line.me
http://music-mag.line.me
http://music.line.me
http://mypage-mobile.line.me
http://nc.line.me
http://news.line.me
http://noble-blog.line.me
http://noble.game.line.me
http://notice-o.line.me
http://notice.line.me
http://notice2-o.line.me
http://notice2.line.me
http://notify-api.line.me
http://notify-bot.line.me
http://novel-blog.line.me
http://novel.line.me
http://now-blog.line.me
http://now.line.me
http://oa.tr.line.me
http://obs.line.me
http://official-blog-cn.line.me
http://official-blog-en.line.me
http://official-blog-id.line.me
http://official-blog-ja.line.me
http://official-blog-tw.line.me
http://official-blog.line.me
http://openchat-blog.line.me
http://openchat.line.me
http://optrecru.game.line.me
http://org-w.line.me
http://page-api.line.me
http://partner.line.me
http://partnercenter-pay.line.me
http://partners.line.me
http://pasha.line.me
http://pay-blog.line.me
http://pay-merchant-blog.line.me
http://pay.line.me
http://payshop.line.me
http://pazfre-blog.line.me
http://play.game.line.me
http://play.line.me
http://playnow7.game.line.me
http://pockeo.line.me
http://pockeobiz.line.me
http://pod-payment.game.line.me
http://pod-store.game.line.me
http://pod.game.line.me
http://point-blog.line.me
http://pointclub.line.me
http://points.line.me
http://poko.game.line.me
http://pokopangtown.game.line.me
http://pop2.game.line.me
http://pr.line.me
http://proxy-sdbx.line.me
http://qr-official.line.me
http://qrcodepay.line.me
http://quick.game.line.me
http://rabbitlinepay-blog-th.line.me
http://rangers.game.line.me
http://rangers.line.me
http://reaction.line.me
http://research-platform.line.me
http://research.line.me
http://sandbox-api-pay.line.me
http://sandbox-pay.line.me
http://sandbox-web-pay.line.me
http://scaleup.line.me
http://scdn.line.me
http://search.line.me
http://seller.line.me
http://shop-mall.line.me
http://shop.line.me
http://shopping-mag.line.me
http://shopping-th.line.me
http://shopping.line.me
http://siaga.line.me
http://sign.game.line.me
http://smart-invest.line.me
http://social-plugins.line.me
http://specialcampaign.line.me
http://spot.line.me
http://square-api.line.me
http://stickershop.line.me
http://store-rc.line.me
http://store.line.me
http://studyroom.line.me
http://sukimani.line.me
http://survey-blog.line.me
http://talk-care-cms.line.me
http://talk-care.line.me
http://talkconsult.line.me
http://tantan.game.line.me
http://tapas.line.me
http://tdlp.game.line.me
http://teller-mag.line.me
http://tenpo-keiri-blog.line.me
http://tenpo-keiri.line.me
http://terms-o.line.me
http://terms.line.me
http://terms2-o.line.me
http://terms2.line.me
http://themeshop.line.me
http://ticket-blog.line.me
http://ticket-st.line.me
http://ticket.line.me
http://timeline-blog.line.me
http://timeline-creator.line.me
http://timeline.line.me
http://today.line.me
http://tower.game.line.me
http://tr.line.me
http://tsumtsum.game.line.me
http://ttstadium.game.line.me
http://tv-ac.line.me
http://tv-api.line.me
http://tv-dev.line.me
http://tv-kr.line.me
http://tv-qa.line.me
http://tv-sg.line.me
http://tv-stage.line.me
http://tv-usw.line.me
http://tv.line.me
http://tw-partner.line.me
http://u.line.me
http://viewing.live.line.me
http://w-jp.line.me
http://w.line.me
http://web-api-oaplus.line.me
http://web-ec.line.me
http://web-oaplus.line.me
http://webpos.line.me
http://wow-blog.line.me
http://wow.line.me
http://www.line.me
https://7thanniversary.game.line.me
https://a.line.me
https://access-auto.line.me
https://access-test.line.me
https://access.line.me
https://access2.line.me
https://account.line.me
https://accountpage.line.me
https://ace.line.me
https://ad-center.line.me
https://admanager.line.me
https://ads.line.me
https://agecheck-rc.line.me
https://agecheck.line.me
https://air-aws.line.me
https://air.line.me
https://air.line.me:10180
https://airarmor.line.me
https://airarmor.line.me:10180
https://airgo.line.me
https://airgo.line.me:10180
https://alpha-ace.line.me
https://alpha-lcs.line.me
https://alpha-nc.line.me
https://api-data.line.me
https://api-pay.line.me
https://api-rangers.line.me
https://api-tapas.line.me
https://api-test.line.me
https://api.line.me
https://api.today.line.me
https://api2.line.me
https://app-manga.line.me
https://appier-mobile.line.me
https://ask-lawyer-mag.line.me
https://askme.line.me
https://at.line.me
https://atshop.line.me
https://audition.line.me
https://avatar.line.me
https://baito-biz-blog.line.me
https://baito-biz-manual-blog.line.me
https://baito-mag-ja.line.me
https://baito-mag.line.me
https://baito.line.me
https://bcrm-admin.line.me
https://bcrm-doc.line.me
https://bcrm-i-manager.line.me
https://bcrm-i.line.me
https://bcrm-manager.line.me
https://bcrm-sandbox.line.me
https://bcrm.line.me
https://bitmax-mag.line.me
https://bjlinks.game.line.me
https://blockchain.line.me
https://blog-at.line.me
https://blog-cms.line.me
https://blog.clova.line.me
https://blog.clova.line.me:8443
https://blog.line.me
https://bnms.game.line.me
https://bridgepage.game.line.me
https://brownfarm.game.line.me
https://bubble2.game.line.me
https://buy-partner.line.me
https://buy.line.me
https://callback.line.me
https://camera-official-blog.line.me
https://campaign.line.me
https://care-mag.line.me
https://career-mag.line.me
https://career.line.me
https://carnavi.line.me
https://cc.line.me
https://charmmy.line.me
https://chef.game.line.me
https://chirashi.line.me
https://chocolat.game.line.me
https://clova-blog-ja.line.me
https://clova-blog.line.me
https://clova-cek-requests.line.me
https://clova-developers.line.me
https://clova-skill-store.line.me
https://clova.line.me
https://codelab.line.me
https://collection-blog.line.me
https://conomi.line.me
https://contact-cc.line.me
https://contact.line.me
https://contact.pockeo.line.me
https://coupon.line.me
https://creative.line.me
https://creator-mag-ja.line.me
https://creator-mag-tw.line.me
https://creator-mag.line.me
https://creator-manual-en.line.me
https://creator-manual-ja.line.me
https://creator-manual-th.line.me
https://creator-manual-tw.line.me
https://creator-manual.line.me
https://creator-static.line.me
https://creator.line.me
https://crs-event.line.me
https://crs-hometab-event.line.me
https://cs-cb.clova.line.me
https://cs-cb.clova.line.me:8443
https://cs-ocr.clova.line.me
https://cs-ocr.clova.line.me:8443
https://cube.line.me
https://d.line.me
https://deal.line.me
https://deals.line.me
https://delima.line.me
https://design.line.me
https://destiny-child-blog.line.me
https://destiny-child-kr-blog.line.me
https://dev.blockchain.line.me
https://devdocs.line.me
https://developers-admin.game.line.me
https://developers.game.line.me
https://developers.line.me
https://dict.line.me
https://docs.blockchain.line.me
https://dpos-pay.line.me
https://drpk.game.line.me
https://ec-bot-web.line.me
https://ec.line.me
https://ecbiz-blog.line.me
https://eiyu-ranbu.game.line.me
https://entameoa-manual.line.me
https://entry-at.line.me
https://entry.game.line.me
https://entry.line.me
https://event-pay.line.me
https://event-web.line.me
https://event.line.me
https://events.line.me
https://ex-atshop.line.me
https://explorer.blockchain.line.me
https://ezstore.line.me
https://fact-checker.line.me
https://fanwiki.line.me
https://feedback.line.me
https://foodie.line.me
https://fortune-mag-ja.line.me
https://fortune-mag.line.me
https://fortune-manager.line.me
https://fortune.line.me
https://friends.line.me
https://fweb-jp-pay.line.me
https://fweb-tw-pay.line.me
https://game-blog-th.line.me
https://game-blog.line.me
https://game-oa.line.me
https://game-yoyaku-campaign.game.line.me
https://game-yoyaku.line.me
https://game.line.me
https://gdc.game.line.me
https://gift-blog-ja.line.me
https://gift-blog.line.me
https://gift.line.me
https://giftshop-tw.line.me
https://giftshop.line.me
https://godtamazeiya.game.line.me
https://growthy-analytics.game.line.me
https://growthy-eis.game.line.me
https://growthy-probe.game.line.me
https://guide.line.me
https://gum.game.line.me
https://gundamwars-blog.line.me
https://hackth.line.me
https://healthcare-blog.line.me
https://healthcare-cms.line.me
https://hello-bt21.game.line.me
https://help-o.line.me
https://help.line.me
https://help2-o.line.me
https://help2.line.me
https://hoken-blog.line.me
https://home.game.line.me
https://horoscope.line.me
https://hr-blog.line.me
https://hrcon-lp.line.me
https://hrcon.line.me
https://hub-gql-vks.line.me
https://hub-gql.line.me
https://hub.line.me
https://insurance.line.me
https://invest.line.me
https://itemget.game.line.me
https://jobs.line.me
https://jumputi-heroes-blog-ja.line.me
https://jumputi-heroes-blog-tw.line.me
https://jumputi-heroes-blog.line.me
https://jumputi.game.line.me
https://jumputiglobal.game.line.me
https://kakeibo-blog.line.me
https://keep.line.me
https://keygen-sdbx.line.me
https://keygen.line.me
https://lacore.line.me
https://lan-click.tr.line.me
https://lan-o.line.me
https://lan.line.me
https://lan3rd-o.line.me
https://lan3rd.line.me
https://lap-blog.line.me
https://lap-click.tr.line.me
https://lb.clova.line.me
https://lb.clova.line.me:8443
https://lbc.line.me
https://lbw-jp.line.me
https://lbw.line.me
https://lcp-checkout.line.me
https://lcp-order-external.line.me
https://lcs.line.me
https://lg-cs.line.me
https://liff.line.me
https://line-entry-blog.line.me
https://line-research.line.me
https://line.me
https://lineat-partnercenter.line.me
https://linecarnavi-blog.line.me
https://linefriends.line.me
https://linefriendsth.line.me
https://lineit.line.me
https://lineman.line.me
https://linepay.line.me
https://linescore-blog.line.me
https://linevoom-blog.line.me
https://littleknights-blog.line.me
https://live.line.me
https://lqg.game.line.me
https://lsp-tw.line.me
https://lt-click.tr.line.me
https://lush.game.line.me
https://m-at-blog.line.me
https://m-baito-mag.line.me
https://m-camera-official-blog.line.me
https://m-clova-blog.line.me
https://m-creator-mag.line.me
https://m-creator-manual.line.me
https://m-gift-blog.line.me
https://m-mall-official-blog.line.me
https://m-manga-blog.line.me
https://m-music-mag.line.me
https://m-now-blog.line.me
https://m-official-blog.line.me
https://makepositive.game.line.me
https://mall-official-blog.line.me
https://mall.line.me
https://man.line.me
https://manga-blog-ja.line.me
https://manga-blog.line.me
https://manga.line.me
https://manual-at.line.me
https://market.line.me
https://media.line.me
https://melody.line.me
https://midas.game.line.me
https://mkt-tool.game.line.me
https://mobile-blog.line.me
https://mobile.line.me
https://monitoring.game.line.me
https://music-jp-cms.line.me
https://music-jp-coupon.line.me
https://music-mag-ja.line.me
https://music-mag.line.me
https://music-tw.line.me
https://music.line.me
https://mypage-mobile.line.me
https://nc.line.me
https://news.line.me
https://noble-blog.line.me
https://noble.game.line.me
https://notice-o.line.me
https://notice.line.me
https://notice2-o.line.me
https://notice2.line.me
https://notify-api.line.me
https://notify-bot.line.me
https://novel-blog.line.me
https://novel.line.me
https://now-blog.line.me
https://now.line.me
https://oa.tr.line.me
https://obs.line.me
https://official-blog-cn.line.me
https://official-blog-en.line.me
https://official-blog-id.line.me
https://official-blog-ja.line.me
https://official-blog-tw.line.me
https://openchat-blog.line.me
https://openchat.line.me
https://optout-api.tr.line.me
https://optout.tr.line.me
https://optrecru.game.line.me
https://order-mobile.line.me
https://org-media.line.me
https://org-w.line.me
https://page-api.line.me
https://page.line.me
https://partner.line.me
https://partnercenter-pay.line.me
https://partners.line.me
https://pasha.line.me
https://pay-blog.line.me
https://pay-merchant-blog.line.me
https://pay.line.me
https://payshop.line.me
https://pazfre-blog.line.me
https://pion-sandbox.game.line.me
https://pion-staging.game.line.me
https://planner.line.me
https://play.game.line.me
https://playnow7.game.line.me
https://pockeo.line.me
https://pockeobiz.line.me
https://pod-payment.game.line.me
https://pod-store.game.line.me
https://pod.game.line.me
https://poi.line.me
https://point-blog.line.me
https://pointclub.line.me
https://points.line.me
https://poko.game.line.me
https://pokopangtown.game.line.me
https://pop2.game.line.me
https://pr.line.me
https://protostar.line.me
https://proxy-sdbx.line.me
https://qr-official.line.me
https://qrcodepay.line.me
https://quick.game.line.me
https://rabbitlinepay-blog-th.line.me
https://rangers.game.line.me
https://rangers.line.me
https://reaction.line.me
https://refund.line.me
https://research-platform.line.me
https://research.line.me
https://reservation.line.me
https://reward.line.me
https://rssreader.game.line.me
https://sandbox-api-pay.line.me
https://sandbox-pay.line.me
https://sandbox-web-pay.line.me
https://scaleup.line.me
https://scc.line.me
https://scdn.line.me
https://sch.line.me
https://schedule.line.me
https://score.line.me
https://search.line.me
https://seller.line.me
https://shop-mall.line.me
https://shop.line.me
https://shopping-mag.line.me
https://shopping-th.line.me
https://shopping.line.me
https://siaga.line.me
https://sign-rehearsal.game.line.me
https://sign.game.line.me
https://smart-invest.line.me
https://social-plugins.line.me
https://specialcampaign.line.me
https://spot.line.me
https://square-api.line.me
https://stickershop.line.me
https://store-bill.line.me
https://store-rc-bill.line.me
https://store-rc.line.me
https://store.line.me
https://studyroom.line.me
https://sukimani.line.me
https://survey-blog.line.me
https://talk-care-cms.line.me
https://talk-care.line.me
https://talkconsult.line.me
https://tantan.game.line.me
https://tapas.line.me
https://tdlp.game.line.me
https://techpulse.line.me
https://teller-mag.line.me
https://tenpo-keiri-blog.line.me
https://tenpo-keiri.line.me
https://terms-o.line.me
https://terms.line.me
https://terms2-o.line.me
https://terms2.line.me
https://themeshop.line.me
https://ticket-blog.line.me
https://ticket-mypage.line.me
https://ticket-st.line.me
https://ticket.line.me
https://timeline-blog.line.me
https://timeline-creator.line.me
https://timeline.line.me
https://today.line.me
https://tower.game.line.me
https://tr.line.me
https://travel.line.me
https://tsumtsum.game.line.me
https://ttstadium.game.line.me
https://tv-ac.line.me
https://tv-api.line.me
https://tv-dev.line.me
https://tv-kr.line.me
https://tv-qa.line.me
https://tv-sg.line.me
https://tv-stage.line.me
https://tv-usw.line.me
https://tv.line.me
https://tw-partner.line.me
https://u.line.me
https://utility-charge-pay.line.me
https://viewing.live.line.me
https://voice-monitor.line.me
https://w-jp.line.me
https://w.line.me
https://wallet-coupon-api-thailand.line.me
https://wallet-coupon-ogp.line.me
https://web-api-oaplus.line.me
https://web-ec.line.me
https://web-oaplus.line.me
https://web-pay.line.me
https://web-tw-pay.line.me
https://webpos.line.me
https://wow-blog.line.me
https://wow.line.me
https://www.line.me
https://z.line.me
