http://data.login.gov
http://design.login.gov
http://developer.login.gov
http://developers.login.gov
http://dm.login.gov
http://handbook.login.gov
http://idp.dm.login.gov
http://idp.staging.login.gov
http://mta-sts.login.gov
http://partners.login.gov
http://public-reporting-data.dm.login.gov
http://public-reporting-data.staging.login.gov
http://sam-landing.login.gov
http://secure.login.gov
http://staging.login.gov
http://static.idp.dm.login.gov
http://static.secure.login.gov
http://status.login.gov
http://www.login.gov
https://data.login.gov
https://design.login.gov
https://developer.login.gov
https://developers.login.gov
https://dm.login.gov
https://handbook.login.gov
https://idp.dm.login.gov
https://idp.staging.login.gov
https://mta-sts.login.gov
https://partners.login.gov
https://public-reporting-data.dm.login.gov
https://public-reporting-data.staging.login.gov
https://sam-landing.login.gov
https://secure.login.gov
https://staging.login.gov
https://static.idp.dm.login.gov
https://static.secure.login.gov
https://status.login.gov
https://www.login.gov
