http://analytics.lululemon.com
http://api.lululemon.com
http://apis-dev-np.lululemon.com
http://apis-sandbox-dev-np.lululemon.com
http://apis-sandbox-np.lululemon.com
http://apis-stage-np.lululemon.com
http://apis-test-np.lululemon.com
http://apis.lululemon.com
http://app-youlu.lululemon.com
http://apps-youlu.lululemon.com
http://apps.youlu.lululemon.com
http://autodiscover.likenew.lululemon.com
http://autodiscover.lululemon.com
http://autodiscover.service.lululemon.com
http://blog.lululemon.com
http://careers.lululemon.com
http://cdn-contentful.lululemon.com
http://cdn.lululemon.com
http://cl.info.lululemon.com
http://click.e.lululemon.com
http://click.info.lululemon.com
http://cloud.e.lululemon.com
http://dev.preprod-apis.lululemon.com
http://developers-dev.lululemon.com
http://developers-dev.lululemon.com:8080
http://developers.lululemon.com
http://developers.lululemon.com:8080
http://digcore-store-stage.lululemon.com
http://digcore-store.lululemon.com
http://ehc-dev.lululemon.com
http://ehc.lululemon.com
http://enterpriseenrollment.lululemon.com
http://enterpriseregistration.lululemon.com
http://eu.lululemon.com
http://failover.lululemon.com
http://fakeprod.preprod.lululemon.com
http://fr-blog.lululemon.com
http://fr-qa-info.lululemon.com
http://fr-qa2-info.lululemon.com
http://fr-qa21.lululemon.com
http://fr-stage62-info.lululemon.com
http://fr-test-shop.lululemon.com
http://fr.lululemon.com
http://fr.qa2.info.lululemon.com
http://fr.shop.lululemon.com
http://fr.stage.lululemon.com
http://fr.stage10.lululemon.com
http://fr.sustainability.lululemon.com
http://globalfamily.lululemon.com
http://globalrunningday.lululemon.com
http://globalstaticassets.lululemon.com
http://grants.lululemon.com
http://grants.stage.lululemon.com
http://graphql-contentful.lululemon.com
http://howwewearit.lululemon.com
http://identity.lululemon.com
http://iexpense.lululemon.com
http://image.e.lululemon.com
http://image.info.lululemon.com
http://images.eu.lululemon.com
http://images.info.lululemon.com
http://images.lululemon.com
http://info.lululemon.com
http://instoreideas.lululemon.com
http://investor.lululemon.com
http://ir.lululemon.com
http://leadershipconference.lululemon.com
http://likenew-staging.lululemon.com
http://likenew.lululemon.com
http://links.em.lululemon.com
http://lllandme.preprod.lululemon.com
http://lyncdiscover.lululemon.com
http://media.lululemon.com
http://metrics.lululemon.com
http://minisites.lululemon.com
http://mobileideas.lululemon.com
http://mock.preprod-apis.lululemon.com
http://msoid.lululemon.com
http://myapps.lululemon.com
http://office365.lululemon.com
http://owa.lululemon.com
http://pages.e.lululemon.com
http://password.lululemon.com
http://perform.lululemon.com
http://perform.preprod.lululemon.com
http://pnimages.lululemon.com
http://pp.lululemon.com
http://pr1023-gl.preprod.lululemon.com
http://pr1056-gl.preprod.lululemon.com
http://pr1057-gl.preprod.lululemon.com
http://pr1079-gl.preprod.lululemon.com
http://pr1103-gl.preprod.lululemon.com
http://pr1111-gl.preprod.lululemon.com
http://pr1121-gl.preprod.lululemon.com
http://pr1128-gl.preprod.lululemon.com
http://pr1133-gl.preprod.lululemon.com
http://pr1136-gl.preprod.lululemon.com
http://pr1139-gl.preprod.lululemon.com
http://pr1140-gl.preprod.lululemon.com
http://pr1143-gl.preprod.lululemon.com
http://pr1144-gl.preprod.lululemon.com
http://pr1157-gl.preprod.lululemon.com
http://pr1159-gl.preprod.lululemon.com
http://pr1165-gl.preprod.lululemon.com
http://pr1166-gl.preprod.lululemon.com
http://pr1173-gl.preprod.lululemon.com
http://pr1174-gl.preprod.lululemon.com
http://pr1175-gl.preprod.lululemon.com
http://pr1176-gl.preprod.lululemon.com
http://pr1177-gl.preprod.lululemon.com
http://pr1182-gl.preprod.lululemon.com
http://pr1183-gl.preprod.lululemon.com
http://pr1184-gl.preprod.lululemon.com
http://pr1186-gl.preprod.lululemon.com
http://pr1188-gl.preprod.lululemon.com
http://pr1189-gl.preprod.lululemon.com
http://pr1190-gl.preprod.lululemon.com
http://pr1191-gl.preprod.lululemon.com
http://pr123.preprod.lululemon.com
http://pr134.preprod.lululemon.com
http://pr14.preprod.lululemon.com
http://pr144.preprod.lululemon.com
http://pr146.preprod.lululemon.com
http://pr148.preprod.lululemon.com
http://pr151.preprod.lululemon.com
http://pr153.preprod.lululemon.com
http://pr158.preprod.lululemon.com
http://pr161.preprod.lululemon.com
http://pr167.preprod.lululemon.com
http://pr168.preprod.lululemon.com
http://pr169.preprod.lululemon.com
http://pr170.preprod.lululemon.com
http://pr171.preprod.lululemon.com
http://pr172.preprod.lululemon.com
http://pr173.preprod.lululemon.com
http://pr174.preprod.lululemon.com
http://pr179.preprod.lululemon.com
http://pr185.preprod.lululemon.com
http://pr186.preprod.lululemon.com
http://pr188.preprod.lululemon.com
http://pr189.preprod.lululemon.com
http://pr191.preprod.lululemon.com
http://pr192.preprod.lululemon.com
http://pr193.preprod.lululemon.com
http://pr194.preprod.lululemon.com
http://pr195.preprod.lululemon.com
http://pr196.preprod.lululemon.com
http://pr197.preprod.lululemon.com
http://pr198.preprod.lululemon.com
http://pr201.preprod.lululemon.com
http://pr205.preprod.lululemon.com
http://pr206.preprod.lululemon.com
http://pr208.preprod.lululemon.com
http://pr209.preprod.lululemon.com
http://pr210.preprod.lululemon.com
http://pr213.preprod.lululemon.com
http://pr214.preprod.lululemon.com
http://pr216.preprod.lululemon.com
http://pr219.preprod.lululemon.com
http://pr220.preprod.lululemon.com
http://pr221.preprod.lululemon.com
http://pr222.preprod.lululemon.com
http://pr223.preprod.lululemon.com
http://pr225.preprod.lululemon.com
http://pr23.preprod.lululemon.com
http://pr234.preprod.lululemon.com
http://pr235.preprod.lululemon.com
http://pr237.preprod.lululemon.com
http://pr239.preprod.lululemon.com
http://pr240.preprod.lululemon.com
http://pr241.preprod.lululemon.com
http://pr242.preprod.lululemon.com
http://pr243.preprod.lululemon.com
http://pr245.preprod.lululemon.com
http://pr249.preprod.lululemon.com
http://pr251.preprod.lululemon.com
http://pr256.preprod.lululemon.com
http://pr259.preprod.lululemon.com
http://pr260.preprod.lululemon.com
http://pr261.preprod.lululemon.com
http://pr262.preprod.lululemon.com
http://pr263.preprod.lululemon.com
http://pr264.preprod.lululemon.com
http://pr265.preprod.lululemon.com
http://pr266.preprod.lululemon.com
http://pr267.preprod.lululemon.com
http://pr273.preprod.lululemon.com
http://pr274.preprod.lululemon.com
http://pr275.preprod.lululemon.com
http://pr276.preprod.lululemon.com
http://pr277.preprod.lululemon.com
http://pr278.preprod.lululemon.com
http://pr279.preprod.lululemon.com
http://pr280.preprod.lululemon.com
http://pr281.preprod.lululemon.com
http://pr282.preprod.lululemon.com
http://pr283.preprod.lululemon.com
http://pr284.preprod.lululemon.com
http://pr285.preprod.lululemon.com
http://pr286.preprod.lululemon.com
http://pr287.preprod.lululemon.com
http://pr288.preprod.lululemon.com
http://pr289.preprod.lululemon.com
http://pr29.preprod.lululemon.com
http://pr290.preprod.lululemon.com
http://pr291.preprod.lululemon.com
http://pr292.preprod.lululemon.com
http://pr293.preprod.lululemon.com
http://pr294.preprod.lululemon.com
http://pr295.preprod.lululemon.com
http://pr296.preprod.lululemon.com
http://pr299.preprod.lululemon.com
http://pr300.preprod.lululemon.com
http://pr302.preprod.lululemon.com
http://pr304.preprod.lululemon.com
http://pr305.preprod.lululemon.com
http://pr306.preprod.lululemon.com
http://pr308.preprod.lululemon.com
http://pr313.preprod.lululemon.com
http://pr315.preprod.lululemon.com
http://pr316.preprod.lululemon.com
http://pr351.preprod.lululemon.com
http://pr358.preprod.lululemon.com
http://pr359.preprod.lululemon.com
http://pr363.preprod.lululemon.com
http://pr364.preprod.lululemon.com
http://pr368.preprod.lululemon.com
http://pr37.preprod.lululemon.com
http://pr371.preprod.lululemon.com
http://pr373.preprod.lululemon.com
http://pr374.preprod.lululemon.com
http://pr38.preprod.lululemon.com
http://pr385.preprod.lululemon.com
http://pr39.preprod.lululemon.com
http://pr390.preprod.lululemon.com
http://pr391.preprod.lululemon.com
http://pr395.preprod.lululemon.com
http://pr396.preprod.lululemon.com
http://pr397.preprod.lululemon.com
http://pr399.preprod.lululemon.com
http://pr40.preprod.lululemon.com
http://pr401.preprod.lululemon.com
http://pr404.preprod.lululemon.com
http://pr406.preprod.lululemon.com
http://pr412.preprod.lululemon.com
http://pr414.preprod.lululemon.com
http://pr415.preprod.lululemon.com
http://pr418.preprod.lululemon.com
http://pr419.preprod.lululemon.com
http://pr424.preprod.lululemon.com
http://pr426.preprod.lululemon.com
http://pr427.preprod.lululemon.com
http://pr428.preprod.lululemon.com
http://pr43.preprod.lululemon.com
http://pr433.preprod.lululemon.com
http://pr434.preprod.lululemon.com
http://pr437.preprod.lululemon.com
http://pr438.preprod.lululemon.com
http://pr439.preprod.lululemon.com
http://pr440.preprod.lululemon.com
http://pr441.preprod.lululemon.com
http://pr442.preprod.lululemon.com
http://pr443.preprod.lululemon.com
http://pr444.preprod.lululemon.com
http://pr445.preprod.lululemon.com
http://pr446.preprod.lululemon.com
http://pr447.preprod.lululemon.com
http://pr4483.preprod.lululemon.com
http://pr45.preprod.lululemon.com
http://pr451.preprod.lululemon.com
http://pr454.preprod.lululemon.com
http://pr457.preprod.lululemon.com
http://pr459.preprod.lululemon.com
http://pr46.preprod.lululemon.com
http://pr461.preprod.lululemon.com
http://pr462.preprod.lululemon.com
http://pr463.preprod.lululemon.com
http://pr465.preprod.lululemon.com
http://pr467.preprod.lululemon.com
http://pr468.preprod.lululemon.com
http://pr47.preprod.lululemon.com
http://pr48.preprod.lululemon.com
http://pr480.preprod.lululemon.com
http://pr481.preprod.lululemon.com
http://pr484.preprod.lululemon.com
http://pr485.preprod.lululemon.com
http://pr487.preprod.lululemon.com
http://pr488.preprod.lululemon.com
http://pr49.preprod.lululemon.com
http://pr492.preprod.lululemon.com
http://pr493.preprod.lululemon.com
http://pr494.preprod.lululemon.com
http://pr495.preprod.lululemon.com
http://pr496.preprod.lululemon.com
http://pr497.preprod.lululemon.com
http://pr502.preprod.lululemon.com
http://pr503.preprod.lululemon.com
http://pr504.preprod.lululemon.com
http://pr505.preprod.lululemon.com
http://pr506.preprod.lululemon.com
http://pr507.preprod.lululemon.com
http://pr512.preprod.lululemon.com
http://pr514.preprod.lululemon.com
http://pr52.preprod.lululemon.com
http://pr520.preprod.lululemon.com
http://pr521.preprod.lululemon.com
http://pr522.preprod.lululemon.com
http://pr523.preprod.lululemon.com
http://pr53.preprod.lululemon.com
http://pr534.preprod.lululemon.com
http://pr536.preprod.lululemon.com
http://pr54.preprod.lululemon.com
http://pr544.preprod.lululemon.com
http://pr546.preprod.lululemon.com
http://pr550.preprod.lululemon.com
http://pr552.preprod.lululemon.com
http://pr553.preprod.lululemon.com
http://pr554.preprod.lululemon.com
http://pr555.preprod.lululemon.com
http://pr556.preprod.lululemon.com
http://pr558.preprod.lululemon.com
http://pr559.preprod.lululemon.com
http://pr560.preprod.lululemon.com
http://pr564.preprod.lululemon.com
http://pr566.preprod.lululemon.com
http://pr570.preprod.lululemon.com
http://pr573.preprod.lululemon.com
http://pr574.preprod.lululemon.com
http://pr575.preprod.lululemon.com
http://pr578.preprod.lululemon.com
http://pr58.preprod.lululemon.com
http://pr581.preprod.lululemon.com
http://pr582.preprod.lululemon.com
http://pr584.preprod.lululemon.com
http://pr587.preprod.lululemon.com
http://pr588.preprod.lululemon.com
http://pr589.preprod.lululemon.com
http://pr590.preprod.lululemon.com
http://pr593.preprod.lululemon.com
http://pr604.preprod.lululemon.com
http://pr605.preprod.lululemon.com
http://pr606.preprod.lululemon.com
http://pr607.preprod.lululemon.com
http://pr613.preprod.lululemon.com
http://pr614.preprod.lululemon.com
http://pr615.preprod.lululemon.com
http://pr616.preprod.lululemon.com
http://pr619.preprod.lululemon.com
http://pr624.preprod.lululemon.com
http://pr625.preprod.lululemon.com
http://pr626.preprod.lululemon.com
http://pr627.preprod.lululemon.com
http://pr628.preprod.lululemon.com
http://pr629.preprod.lululemon.com
http://pr630.preprod.lululemon.com
http://pr637.preprod.lululemon.com
http://pr638.preprod.lululemon.com
http://pr639.preprod.lululemon.com
http://pr64.preprod.lululemon.com
http://pr640.preprod.lululemon.com
http://pr641.preprod.lululemon.com
http://pr642.preprod.lululemon.com
http://pr644.preprod.lululemon.com
http://pr645.preprod.lululemon.com
http://pr646.preprod.lululemon.com
http://pr647.preprod.lululemon.com
http://pr648.preprod.lululemon.com
http://pr649.preprod.lululemon.com
http://pr650.preprod.lululemon.com
http://pr651.preprod.lululemon.com
http://pr652.preprod.lululemon.com
http://pr654.preprod.lululemon.com
http://pr655.preprod.lululemon.com
http://pr656.preprod.lululemon.com
http://pr662.preprod.lululemon.com
http://pr664.preprod.lululemon.com
http://pr665.preprod.lululemon.com
http://pr671.preprod.lululemon.com
http://pr673.preprod.lululemon.com
http://pr676.preprod.lululemon.com
http://pr686.preprod.lululemon.com
http://pr687.preprod.lululemon.com
http://pr690.preprod.lululemon.com
http://pr691.preprod.lululemon.com
http://pr693.preprod.lululemon.com
http://pr694.preprod.lululemon.com
http://pr695.preprod.lululemon.com
http://pr696.preprod.lululemon.com
http://pr697.preprod.lululemon.com
http://pr698.preprod.lululemon.com
http://pr702.preprod.lululemon.com
http://pr704.preprod.lululemon.com
http://pr705.preprod.lululemon.com
http://pr707.preprod.lululemon.com
http://pr709.preprod.lululemon.com
http://pr710.preprod.lululemon.com
http://pr712.preprod.lululemon.com
http://pr714.preprod.lululemon.com
http://pr715.preprod.lululemon.com
http://pr716.preprod.lululemon.com
http://pr717.preprod.lululemon.com
http://pr718.preprod.lululemon.com
http://pr719.preprod.lululemon.com
http://pr720.preprod.lululemon.com
http://pr721.preprod.lululemon.com
http://pr731.preprod.lululemon.com
http://pr733.preprod.lululemon.com
http://pr734.preprod.lululemon.com
http://pr735.preprod.lululemon.com
http://pr741.preprod.lululemon.com
http://pr747.preprod.lululemon.com
http://pr748.preprod.lululemon.com
http://pr749.preprod.lululemon.com
http://pr750.preprod.lululemon.com
http://pr751.preprod.lululemon.com
http://pr752.preprod.lululemon.com
http://pr753.preprod.lululemon.com
http://pr754.preprod.lululemon.com
http://pr755.preprod.lululemon.com
http://pr759.preprod.lululemon.com
http://pr762.preprod.lululemon.com
http://pr764.preprod.lululemon.com
http://pr770.preprod.lululemon.com
http://pr771.preprod.lululemon.com
http://pr772.preprod.lululemon.com
http://pr773.preprod.lululemon.com
http://pr774.preprod.lululemon.com
http://pr775.preprod.lululemon.com
http://pr778.preprod.lululemon.com
http://pr781.preprod.lululemon.com
http://pr783.preprod.lululemon.com
http://pr784.preprod.lululemon.com
http://pr786.preprod.lululemon.com
http://pr787.preprod.lululemon.com
http://pr792.preprod.lululemon.com
http://pr793.preprod.lululemon.com
http://pr796.preprod.lululemon.com
http://pr799.preprod.lululemon.com
http://pr800.preprod.lululemon.com
http://pr801.preprod.lululemon.com
http://pr817.preprod.lululemon.com
http://pr818.preprod.lululemon.com
http://pr820.preprod.lululemon.com
http://pr821.preprod.lululemon.com
http://pr822.preprod.lululemon.com
http://pr828.preprod.lululemon.com
http://pr830.preprod.lululemon.com
http://pr832.preprod.lululemon.com
http://pr833.preprod.lululemon.com
http://pr835.preprod.lululemon.com
http://pr837.preprod.lululemon.com
http://pr838.preprod.lululemon.com
http://pr840.preprod.lululemon.com
http://pr841.preprod.lululemon.com
http://pr844.preprod.lululemon.com
http://pr845.preprod.lululemon.com
http://pr846.preprod.lululemon.com
http://pr847.preprod.lululemon.com
http://pr848.preprod.lululemon.com
http://pr849.preprod.lululemon.com
http://pr850.preprod.lululemon.com
http://pr851.preprod.lululemon.com
http://pr852.preprod.lululemon.com
http://pr853.preprod.lululemon.com
http://pr854.preprod.lululemon.com
http://pr856.preprod.lululemon.com
http://pr857.preprod.lululemon.com
http://pr858.preprod.lululemon.com
http://pr859.preprod.lululemon.com
http://pr860.preprod.lululemon.com
http://pr861.preprod.lululemon.com
http://pr862.preprod.lululemon.com
http://pr863.preprod.lululemon.com
http://pr865.preprod.lululemon.com
http://pr866.preprod.lululemon.com
http://pr869.preprod.lululemon.com
http://pr872.preprod.lululemon.com
http://pr873.preprod.lululemon.com
http://pr875.preprod.lululemon.com
http://pr878.preprod.lululemon.com
http://pr879.preprod.lululemon.com
http://pr883.preprod.lululemon.com
http://pr885.preprod.lululemon.com
http://pr886.preprod.lululemon.com
http://pr887.preprod.lululemon.com
http://pr888.preprod.lululemon.com
http://pr889.preprod.lululemon.com
http://pr890.preprod.lululemon.com
http://pr891.preprod.lululemon.com
http://pr893.preprod.lululemon.com
http://pr894.preprod.lululemon.com
http://pr898.preprod.lululemon.com
http://pr925.preprod.lululemon.com
http://pr930.preprod.lululemon.com
http://pr931.preprod.lululemon.com
http://pr936.preprod.lululemon.com
http://pr970-gl.preprod.lululemon.com
http://preview-apis.lululemon.com
http://preview-contentful.lululemon.com
http://preview-qa20.preprod.lululemon.com
http://preview-qa21.preprod.lululemon.com
http://preview-qa22.preprod.lululemon.com
http://preview-qa23.preprod.lululemon.com
http://preview-qa24.preprod.lululemon.com
http://preview-qa25.preprod.lululemon.com
http://preview-qa26.preprod.lululemon.com
http://preview-qa27.preprod.lululemon.com
http://preview-qa28.preprod.lululemon.com
http://preview-qa29.preprod.lululemon.com
http://preview-qa30.preprod.lululemon.com
http://preview-qa31.preprod.lululemon.com
http://preview-qa32.preprod.lululemon.com
http://preview-qa33.preprod.lululemon.com
http://preview-services.lululemon.com
http://preview.lululemon.com
http://prod-plm.lululemon.com
http://qa-identity.lululemon.com
http://qa-info.eu.lululemon.com
http://qa-info.lululemon.com
http://qa-plm.lululemon.com
http://qa-pnimages.lululemon.com
http://qa14.preprod.lululemon.com
http://qa2-info.eu.lululemon.com
http://qa2-info.lululemon.com
http://qa2-pnimages.lululemon.com
http://qa2.info.eu.lululemon.com
http://qa2.info.lululemon.com
http://qa20.preprod.lululemon.com
http://qa22.preprod.lululemon.com
http://qa23.preprod.lululemon.com
http://qa24.preprod.lululemon.com
http://qa26.preprod.lululemon.com
http://qa27.preprod.lululemon.com
http://reportfort.lululemon.com
http://sandbox-dev.preprod-apis.lululemon.com
http://sandbox.preprod-apis.lululemon.com
http://secure.lululemon.com
http://services.lululemon.com
http://shop.lululemon.com
http://smetrics.lululemon.com
http://stage-ambassador.lululemon.com
http://stage-ambassadors.lululemon.com
http://stage-globalstaticassets.lululemon.com
http://stage-identity.lululemon.com
http://stage-images.lululemon.com
http://stage-partners.lululemon.com
http://stage-preprod.lululemon.com
http://stage-preview.lululemon.com
http://stage-search-gsr.lululemon.com
http://stage-search.eu.lululemon.com
http://stage-services.lululemon.com
http://stage-strategicsales.lululemon.com
http://stage-svcs.lululemon.com
http://stage.apis.lululemon.com
http://stage.info.lululemon.com
http://stage.lululemon.com
http://stage62-info.eu.lululemon.com
http://stage62-info.lululemon.com
http://stage62-pnimages.lululemon.com
http://stageb.preprod.lululemon.com
http://static-global.eu.lululemon.com
http://static.eu.lululemon.com
http://static.lululemon.com
http://stg-api.lululemon.com
http://stg-plm.lululemon.com
http://strategicsales.lululemon.com
http://sustainability.eu.lululemon.com
http://sustainability.lululemon.com
http://test-shop.lululemon.com
http://test.preprod-apis.lululemon.com
http://thesweatlife.lululemon.com
http://view.e.lululemon.com
http://view.info.lululemon.com
http://webideas.lululemon.com
http://westandtogether.lululemon.com
http://whatwelove-eu.lululemon.com
http://whatwelove-test.lululemon.com
http://whatwelove.lululemon.com
http://whatwelove2.lululemon.com
http://www.eu.lululemon.com
http://www.lululemon.com
http://youlu.lululemon.com
https://analytics.lululemon.com
https://api.lululemon.com
https://apis.lululemon.com
https://app-youlu.lululemon.com
https://apps-youlu.lululemon.com
https://apps.youlu.lululemon.com
https://bandha.lululemon.com:7443
https://blog.lululemon.com
https://careers.lululemon.com
https://cdn-contentful.lululemon.com
https://cdn.lululemon.com
https://click.e.lululemon.com
https://cloud.e.lululemon.com
https://dev-iexpense.lululemon.com
https://dev.preprod-apis.lululemon.com
https://developers-dev.lululemon.com
https://developers.lululemon.com
https://digcore-store-stage.lululemon.com
https://digcore-store.lululemon.com
https://ehc-dev.lululemon.com
https://ehc.lululemon.com
https://enterpriseenrollment.lululemon.com
https://enterpriseregistration.lululemon.com
https://eu.lululemon.com
https://failover.lululemon.com
https://fakeprod.preprod.lululemon.com
https://fr-blog.lululemon.com
https://fr-qa-info.lululemon.com
https://fr-qa2-info.lululemon.com
https://fr-qa21.lululemon.com
https://fr-stage62-info.lululemon.com
https://fr-test-shop.lululemon.com
https://fr.lululemon.com
https://fr.qa2.info.lululemon.com
https://fr.shop.lululemon.com
https://fr.stage.lululemon.com
https://fr.stage10.lululemon.com
https://fr.sustainability.lululemon.com
https://globalfamily.lululemon.com
https://globalrunningday.lululemon.com
https://globalstaticassets.lululemon.com
https://grants.lululemon.com
https://grants.stage.lululemon.com
https://graphql-contentful.lululemon.com
https://howwewearit.lululemon.com
https://identity.lululemon.com
https://iexpense.lululemon.com
https://image.e.lululemon.com
https://image.info.lululemon.com
https://images.eu.lululemon.com
https://images.info.lululemon.com
https://images.lululemon.com
https://info.lululemon.com
https://instoreideas.lululemon.com
https://investor.lululemon.com
https://leadershipconference.lululemon.com
https://likenew-staging.lululemon.com
https://likenew.lululemon.com
https://links.em.lululemon.com
https://lllandme.preprod.lululemon.com
https://login.lululemon.com
https://lululemon.com
https://lyncdiscover.lululemon.com
https://media.lululemon.com
https://metrics.lululemon.com
https://mobileideas.lululemon.com
https://mock.preprod-apis.lululemon.com
https://msoid.lululemon.com
https://myapps.lululemon.com
https://office365.lululemon.com
https://oraclefindev.lululemon.com
https://oraclefinqa.lululemon.com
https://oraclefinstg.lululemon.com
https://owa.lululemon.com
https://pages.e.lululemon.com
https://password.lululemon.com
https://perform.lululemon.com
https://perform.preprod.lululemon.com
https://pnimages.lululemon.com
https://pp.lululemon.com
https://pr1023-gl.preprod.lululemon.com
https://pr1056-gl.preprod.lululemon.com
https://pr1057-gl.preprod.lululemon.com
https://pr1079-gl.preprod.lululemon.com
https://pr1103-gl.preprod.lululemon.com
https://pr1111-gl.preprod.lululemon.com
https://pr1121-gl.preprod.lululemon.com
https://pr1128-gl.preprod.lululemon.com
https://pr1133-gl.preprod.lululemon.com
https://pr1136-gl.preprod.lululemon.com
https://pr1139-gl.preprod.lululemon.com
https://pr1140-gl.preprod.lululemon.com
https://pr1143-gl.preprod.lululemon.com
https://pr1144-gl.preprod.lululemon.com
https://pr1157-gl.preprod.lululemon.com
https://pr1159-gl.preprod.lululemon.com
https://pr1165-gl.preprod.lululemon.com
https://pr1166-gl.preprod.lululemon.com
https://pr1173-gl.preprod.lululemon.com
https://pr1174-gl.preprod.lululemon.com
https://pr1175-gl.preprod.lululemon.com
https://pr1176-gl.preprod.lululemon.com
https://pr1177-gl.preprod.lululemon.com
https://pr1182-gl.preprod.lululemon.com
https://pr1183-gl.preprod.lululemon.com
https://pr1184-gl.preprod.lululemon.com
https://pr1186-gl.preprod.lululemon.com
https://pr1188-gl.preprod.lululemon.com
https://pr1189-gl.preprod.lululemon.com
https://pr1190-gl.preprod.lululemon.com
https://pr1191-gl.preprod.lululemon.com
https://pr123.preprod.lululemon.com
https://pr134.preprod.lululemon.com
https://pr14.preprod.lululemon.com
https://pr144.preprod.lululemon.com
https://pr146.preprod.lululemon.com
https://pr148.preprod.lululemon.com
https://pr151.preprod.lululemon.com
https://pr153.preprod.lululemon.com
https://pr158.preprod.lululemon.com
https://pr161.preprod.lululemon.com
https://pr167.preprod.lululemon.com
https://pr168.preprod.lululemon.com
https://pr169.preprod.lululemon.com
https://pr170.preprod.lululemon.com
https://pr171.preprod.lululemon.com
https://pr172.preprod.lululemon.com
https://pr173.preprod.lululemon.com
https://pr174.preprod.lululemon.com
https://pr179.preprod.lululemon.com
https://pr185.preprod.lululemon.com
https://pr186.preprod.lululemon.com
https://pr188.preprod.lululemon.com
https://pr189.preprod.lululemon.com
https://pr191.preprod.lululemon.com
https://pr192.preprod.lululemon.com
https://pr193.preprod.lululemon.com
https://pr194.preprod.lululemon.com
https://pr195.preprod.lululemon.com
https://pr196.preprod.lululemon.com
https://pr197.preprod.lululemon.com
https://pr198.preprod.lululemon.com
https://pr201.preprod.lululemon.com
https://pr205.preprod.lululemon.com
https://pr206.preprod.lululemon.com
https://pr208.preprod.lululemon.com
https://pr209.preprod.lululemon.com
https://pr210.preprod.lululemon.com
https://pr213.preprod.lululemon.com
https://pr214.preprod.lululemon.com
https://pr216.preprod.lululemon.com
https://pr219.preprod.lululemon.com
https://pr220.preprod.lululemon.com
https://pr221.preprod.lululemon.com
https://pr222.preprod.lululemon.com
https://pr223.preprod.lululemon.com
https://pr225.preprod.lululemon.com
https://pr23.preprod.lululemon.com
https://pr234.preprod.lululemon.com
https://pr235.preprod.lululemon.com
https://pr237.preprod.lululemon.com
https://pr239.preprod.lululemon.com
https://pr240.preprod.lululemon.com
https://pr241.preprod.lululemon.com
https://pr242.preprod.lululemon.com
https://pr243.preprod.lululemon.com
https://pr245.preprod.lululemon.com
https://pr249.preprod.lululemon.com
https://pr251.preprod.lululemon.com
https://pr256.preprod.lululemon.com
https://pr259.preprod.lululemon.com
https://pr260.preprod.lululemon.com
https://pr261.preprod.lululemon.com
https://pr262.preprod.lululemon.com
https://pr263.preprod.lululemon.com
https://pr264.preprod.lululemon.com
https://pr265.preprod.lululemon.com
https://pr266.preprod.lululemon.com
https://pr267.preprod.lululemon.com
https://pr273.preprod.lululemon.com
https://pr274.preprod.lululemon.com
https://pr275.preprod.lululemon.com
https://pr276.preprod.lululemon.com
https://pr277.preprod.lululemon.com
https://pr278.preprod.lululemon.com
https://pr279.preprod.lululemon.com
https://pr280.preprod.lululemon.com
https://pr281.preprod.lululemon.com
https://pr282.preprod.lululemon.com
https://pr283.preprod.lululemon.com
https://pr284.preprod.lululemon.com
https://pr285.preprod.lululemon.com
https://pr286.preprod.lululemon.com
https://pr287.preprod.lululemon.com
https://pr288.preprod.lululemon.com
https://pr289.preprod.lululemon.com
https://pr29.preprod.lululemon.com
https://pr290.preprod.lululemon.com
https://pr291.preprod.lululemon.com
https://pr292.preprod.lululemon.com
https://pr293.preprod.lululemon.com
https://pr294.preprod.lululemon.com
https://pr295.preprod.lululemon.com
https://pr296.preprod.lululemon.com
https://pr299.preprod.lululemon.com
https://pr300.preprod.lululemon.com
https://pr302.preprod.lululemon.com
https://pr304.preprod.lululemon.com
https://pr305.preprod.lululemon.com
https://pr306.preprod.lululemon.com
https://pr308.preprod.lululemon.com
https://pr313.preprod.lululemon.com
https://pr315.preprod.lululemon.com
https://pr316.preprod.lululemon.com
https://pr351.preprod.lululemon.com
https://pr358.preprod.lululemon.com
https://pr359.preprod.lululemon.com
https://pr363.preprod.lululemon.com
https://pr364.preprod.lululemon.com
https://pr368.preprod.lululemon.com
https://pr37.preprod.lululemon.com
https://pr371.preprod.lululemon.com
https://pr373.preprod.lululemon.com
https://pr374.preprod.lululemon.com
https://pr38.preprod.lululemon.com
https://pr385.preprod.lululemon.com
https://pr39.preprod.lululemon.com
https://pr390.preprod.lululemon.com
https://pr391.preprod.lululemon.com
https://pr395.preprod.lululemon.com
https://pr396.preprod.lululemon.com
https://pr397.preprod.lululemon.com
https://pr399.preprod.lululemon.com
https://pr40.preprod.lululemon.com
https://pr401.preprod.lululemon.com
https://pr404.preprod.lululemon.com
https://pr406.preprod.lululemon.com
https://pr412.preprod.lululemon.com
https://pr414.preprod.lululemon.com
https://pr415.preprod.lululemon.com
https://pr418.preprod.lululemon.com
https://pr419.preprod.lululemon.com
https://pr424.preprod.lululemon.com
https://pr426.preprod.lululemon.com
https://pr427.preprod.lululemon.com
https://pr428.preprod.lululemon.com
https://pr43.preprod.lululemon.com
https://pr433.preprod.lululemon.com
https://pr434.preprod.lululemon.com
https://pr437.preprod.lululemon.com
https://pr438.preprod.lululemon.com
https://pr439.preprod.lululemon.com
https://pr440.preprod.lululemon.com
https://pr441.preprod.lululemon.com
https://pr442.preprod.lululemon.com
https://pr443.preprod.lululemon.com
https://pr444.preprod.lululemon.com
https://pr445.preprod.lululemon.com
https://pr446.preprod.lululemon.com
https://pr447.preprod.lululemon.com
https://pr4483.preprod.lululemon.com
https://pr45.preprod.lululemon.com
https://pr451.preprod.lululemon.com
https://pr454.preprod.lululemon.com
https://pr457.preprod.lululemon.com
https://pr459.preprod.lululemon.com
https://pr46.preprod.lululemon.com
https://pr461.preprod.lululemon.com
https://pr462.preprod.lululemon.com
https://pr463.preprod.lululemon.com
https://pr465.preprod.lululemon.com
https://pr467.preprod.lululemon.com
https://pr468.preprod.lululemon.com
https://pr47.preprod.lululemon.com
https://pr48.preprod.lululemon.com
https://pr480.preprod.lululemon.com
https://pr481.preprod.lululemon.com
https://pr484.preprod.lululemon.com
https://pr485.preprod.lululemon.com
https://pr487.preprod.lululemon.com
https://pr488.preprod.lululemon.com
https://pr49.preprod.lululemon.com
https://pr492.preprod.lululemon.com
https://pr493.preprod.lululemon.com
https://pr494.preprod.lululemon.com
https://pr495.preprod.lululemon.com
https://pr496.preprod.lululemon.com
https://pr497.preprod.lululemon.com
https://pr502.preprod.lululemon.com
https://pr503.preprod.lululemon.com
https://pr504.preprod.lululemon.com
https://pr505.preprod.lululemon.com
https://pr506.preprod.lululemon.com
https://pr507.preprod.lululemon.com
https://pr512.preprod.lululemon.com
https://pr514.preprod.lululemon.com
https://pr52.preprod.lululemon.com
https://pr520.preprod.lululemon.com
https://pr521.preprod.lululemon.com
https://pr522.preprod.lululemon.com
https://pr523.preprod.lululemon.com
https://pr53.preprod.lululemon.com
https://pr534.preprod.lululemon.com
https://pr536.preprod.lululemon.com
https://pr54.preprod.lululemon.com
https://pr544.preprod.lululemon.com
https://pr546.preprod.lululemon.com
https://pr550.preprod.lululemon.com
https://pr552.preprod.lululemon.com
https://pr553.preprod.lululemon.com
https://pr554.preprod.lululemon.com
https://pr555.preprod.lululemon.com
https://pr556.preprod.lululemon.com
https://pr558.preprod.lululemon.com
https://pr559.preprod.lululemon.com
https://pr560.preprod.lululemon.com
https://pr564.preprod.lululemon.com
https://pr566.preprod.lululemon.com
https://pr570.preprod.lululemon.com
https://pr573.preprod.lululemon.com
https://pr574.preprod.lululemon.com
https://pr575.preprod.lululemon.com
https://pr578.preprod.lululemon.com
https://pr58.preprod.lululemon.com
https://pr581.preprod.lululemon.com
https://pr582.preprod.lululemon.com
https://pr584.preprod.lululemon.com
https://pr587.preprod.lululemon.com
https://pr588.preprod.lululemon.com
https://pr589.preprod.lululemon.com
https://pr590.preprod.lululemon.com
https://pr593.preprod.lululemon.com
https://pr604.preprod.lululemon.com
https://pr605.preprod.lululemon.com
https://pr606.preprod.lululemon.com
https://pr607.preprod.lululemon.com
https://pr613.preprod.lululemon.com
https://pr614.preprod.lululemon.com
https://pr615.preprod.lululemon.com
https://pr616.preprod.lululemon.com
https://pr619.preprod.lululemon.com
https://pr624.preprod.lululemon.com
https://pr625.preprod.lululemon.com
https://pr626.preprod.lululemon.com
https://pr627.preprod.lululemon.com
https://pr628.preprod.lululemon.com
https://pr629.preprod.lululemon.com
https://pr630.preprod.lululemon.com
https://pr637.preprod.lululemon.com
https://pr638.preprod.lululemon.com
https://pr639.preprod.lululemon.com
https://pr64.preprod.lululemon.com
https://pr640.preprod.lululemon.com
https://pr641.preprod.lululemon.com
https://pr642.preprod.lululemon.com
https://pr644.preprod.lululemon.com
https://pr645.preprod.lululemon.com
https://pr646.preprod.lululemon.com
https://pr647.preprod.lululemon.com
https://pr648.preprod.lululemon.com
https://pr649.preprod.lululemon.com
https://pr650.preprod.lululemon.com
https://pr651.preprod.lululemon.com
https://pr652.preprod.lululemon.com
https://pr654.preprod.lululemon.com
https://pr655.preprod.lululemon.com
https://pr656.preprod.lululemon.com
https://pr662.preprod.lululemon.com
https://pr664.preprod.lululemon.com
https://pr665.preprod.lululemon.com
https://pr671.preprod.lululemon.com
https://pr673.preprod.lululemon.com
https://pr676.preprod.lululemon.com
https://pr686.preprod.lululemon.com
https://pr687.preprod.lululemon.com
https://pr690.preprod.lululemon.com
https://pr691.preprod.lululemon.com
https://pr693.preprod.lululemon.com
https://pr694.preprod.lululemon.com
https://pr695.preprod.lululemon.com
https://pr696.preprod.lululemon.com
https://pr697.preprod.lululemon.com
https://pr698.preprod.lululemon.com
https://pr702.preprod.lululemon.com
https://pr704.preprod.lululemon.com
https://pr705.preprod.lululemon.com
https://pr707.preprod.lululemon.com
https://pr709.preprod.lululemon.com
https://pr710.preprod.lululemon.com
https://pr712.preprod.lululemon.com
https://pr714.preprod.lululemon.com
https://pr715.preprod.lululemon.com
https://pr716.preprod.lululemon.com
https://pr717.preprod.lululemon.com
https://pr718.preprod.lululemon.com
https://pr719.preprod.lululemon.com
https://pr720.preprod.lululemon.com
https://pr721.preprod.lululemon.com
https://pr731.preprod.lululemon.com
https://pr733.preprod.lululemon.com
https://pr734.preprod.lululemon.com
https://pr735.preprod.lululemon.com
https://pr741.preprod.lululemon.com
https://pr747.preprod.lululemon.com
https://pr748.preprod.lululemon.com
https://pr749.preprod.lululemon.com
https://pr750.preprod.lululemon.com
https://pr751.preprod.lululemon.com
https://pr752.preprod.lululemon.com
https://pr753.preprod.lululemon.com
https://pr754.preprod.lululemon.com
https://pr755.preprod.lululemon.com
https://pr759.preprod.lululemon.com
https://pr762.preprod.lululemon.com
https://pr764.preprod.lululemon.com
https://pr770.preprod.lululemon.com
https://pr771.preprod.lululemon.com
https://pr772.preprod.lululemon.com
https://pr773.preprod.lululemon.com
https://pr774.preprod.lululemon.com
https://pr775.preprod.lululemon.com
https://pr778.preprod.lululemon.com
https://pr781.preprod.lululemon.com
https://pr783.preprod.lululemon.com
https://pr784.preprod.lululemon.com
https://pr786.preprod.lululemon.com
https://pr787.preprod.lululemon.com
https://pr792.preprod.lululemon.com
https://pr793.preprod.lululemon.com
https://pr796.preprod.lululemon.com
https://pr799.preprod.lululemon.com
https://pr800.preprod.lululemon.com
https://pr801.preprod.lululemon.com
https://pr817.preprod.lululemon.com
https://pr818.preprod.lululemon.com
https://pr820.preprod.lululemon.com
https://pr821.preprod.lululemon.com
https://pr822.preprod.lululemon.com
https://pr828.preprod.lululemon.com
https://pr830.preprod.lululemon.com
https://pr832.preprod.lululemon.com
https://pr833.preprod.lululemon.com
https://pr835.preprod.lululemon.com
https://pr837.preprod.lululemon.com
https://pr838.preprod.lululemon.com
https://pr840.preprod.lululemon.com
https://pr841.preprod.lululemon.com
https://pr844.preprod.lululemon.com
https://pr845.preprod.lululemon.com
https://pr846.preprod.lululemon.com
https://pr847.preprod.lululemon.com
https://pr848.preprod.lululemon.com
https://pr849.preprod.lululemon.com
https://pr850.preprod.lululemon.com
https://pr851.preprod.lululemon.com
https://pr852.preprod.lululemon.com
https://pr853.preprod.lululemon.com
https://pr854.preprod.lululemon.com
https://pr856.preprod.lululemon.com
https://pr857.preprod.lululemon.com
https://pr858.preprod.lululemon.com
https://pr859.preprod.lululemon.com
https://pr860.preprod.lululemon.com
https://pr861.preprod.lululemon.com
https://pr862.preprod.lululemon.com
https://pr863.preprod.lululemon.com
https://pr865.preprod.lululemon.com
https://pr866.preprod.lululemon.com
https://pr869.preprod.lululemon.com
https://pr872.preprod.lululemon.com
https://pr873.preprod.lululemon.com
https://pr875.preprod.lululemon.com
https://pr878.preprod.lululemon.com
https://pr879.preprod.lululemon.com
https://pr883.preprod.lululemon.com
https://pr885.preprod.lululemon.com
https://pr886.preprod.lululemon.com
https://pr887.preprod.lululemon.com
https://pr888.preprod.lululemon.com
https://pr889.preprod.lululemon.com
https://pr890.preprod.lululemon.com
https://pr891.preprod.lululemon.com
https://pr893.preprod.lululemon.com
https://pr894.preprod.lululemon.com
https://pr898.preprod.lululemon.com
https://pr925.preprod.lululemon.com
https://pr930.preprod.lululemon.com
https://pr931.preprod.lululemon.com
https://pr936.preprod.lululemon.com
https://pr970-gl.preprod.lululemon.com
https://preview-apis.lululemon.com
https://preview-contentful.lululemon.com
https://preview-qa20.preprod.lululemon.com
https://preview-qa21.preprod.lululemon.com
https://preview-qa22.preprod.lululemon.com
https://preview-qa23.preprod.lululemon.com
https://preview-qa24.preprod.lululemon.com
https://preview-qa25.preprod.lululemon.com
https://preview-qa26.preprod.lululemon.com
https://preview-qa27.preprod.lululemon.com
https://preview-qa28.preprod.lululemon.com
https://preview-qa29.preprod.lululemon.com
https://preview-qa30.preprod.lululemon.com
https://preview-qa31.preprod.lululemon.com
https://preview-qa32.preprod.lululemon.com
https://preview-qa33.preprod.lululemon.com
https://preview-services.lululemon.com
https://preview.lululemon.com
https://prod-plm.lululemon.com
https://qa-identity.lululemon.com
https://qa-iexpense.lululemon.com
https://qa-info.eu.lululemon.com
https://qa-info.lululemon.com
https://qa-plm.lululemon.com
https://qa-pnimages.lululemon.com
https://qa14.preprod.lululemon.com
https://qa2-info.eu.lululemon.com
https://qa2-info.lululemon.com
https://qa2-pnimages.lululemon.com
https://qa2.info.eu.lululemon.com
https://qa2.info.lululemon.com
https://qa20.preprod.lululemon.com
https://qa22.preprod.lululemon.com
https://qa23.preprod.lululemon.com
https://qa24.preprod.lululemon.com
https://qa26.preprod.lululemon.com
https://qa27.preprod.lululemon.com
https://remote.lululemon.com
https://sandbox-dev.preprod-apis.lululemon.com
https://sandbox.preprod-apis.lululemon.com
https://secure.lululemon.com
https://services.lululemon.com
https://shop.lululemon.com
https://sip.lululemon.com
https://smetrics.lululemon.com
https://stage-ambassador.lululemon.com
https://stage-ambassadors.lululemon.com
https://stage-globalstaticassets.lululemon.com
https://stage-identity.lululemon.com
https://stage-images.lululemon.com
https://stage-partners.lululemon.com
https://stage-preprod.lululemon.com
https://stage-preview.lululemon.com
https://stage-search-gsr.lululemon.com
https://stage-services.lululemon.com
https://stage-strategicsales.lululemon.com
https://stage-svcs.lululemon.com
https://stage.apis.lululemon.com
https://stage.info.lululemon.com
https://stage.lululemon.com
https://stage62-info.eu.lululemon.com
https://stage62-info.lululemon.com
https://stage62-pnimages.lululemon.com
https://stageb.preprod.lululemon.com
https://static-global.eu.lululemon.com
https://static.eu.lululemon.com
https://static.lululemon.com
https://stg-api.lululemon.com
https://stg-iexpense.lululemon.com
https://stg-plm.lululemon.com
https://strategicsales.lululemon.com
https://sustainability.eu.lululemon.com
https://sustainability.lululemon.com
https://test-shop.lululemon.com
https://test.preprod-apis.lululemon.com
https://thesweatlife.lululemon.com
https://tradestone.lululemon.com
https://view.e.lululemon.com
https://webideas.lululemon.com
https://westandtogether.lululemon.com
https://whatwelove-eu.lululemon.com
https://whatwelove-test.lululemon.com
https://whatwelove.lululemon.com
https://whatwelove2.lululemon.com
https://www.eu.lululemon.com
https://www.lululemon.com
https://youlu.lululemon.com
