http://analytics.lululemon.co.uk
http://autodiscover.lululemon.co.uk
http://blog.lululemon.co.uk
http://cdn.lululemon.co.uk
http://enterpriseenrollment.lululemon.co.uk
http://enterpriseregistration.lululemon.co.uk
http://images.lululemon.co.uk
http://info.lululemon.co.uk
http://lyncdiscover.lululemon.co.uk
http://metrics.lululemon.co.uk
http://msoid.lululemon.co.uk
http://search.lululemon.co.uk
http://smetrics.lululemon.co.uk
http://stage62-info.lululemon.co.uk
http://static-global.lululemon.co.uk
http://static.lululemon.co.uk
http://sustainability.lululemon.co.uk
http://whatwelove.lululemon.co.uk
http://www.lululemon.co.uk
https://analytics.lululemon.co.uk
https://blog.lululemon.co.uk
https://cdn.lululemon.co.uk
https://enterpriseenrollment.lululemon.co.uk
https://enterpriseregistration.lululemon.co.uk
https://images.lululemon.co.uk
https://info.lululemon.co.uk
https://lyncdiscover.lululemon.co.uk
https://metrics.lululemon.co.uk
https://msoid.lululemon.co.uk
https://search.lululemon.co.uk
https://sip.lululemon.co.uk
https://smetrics.lululemon.co.uk
https://stage62-info.lululemon.co.uk
https://static-global.lululemon.co.uk
https://static.lululemon.co.uk
https://sustainability.lululemon.co.uk
https://whatwelove.lululemon.co.uk
https://www.lululemon.co.uk
