http://akamai-staging.luxuryretreats.com
http://akamai.luxuryretreats.com
http://autodiscover.luxuryretreats.com
http://blog.luxuryretreats.com
http://blog.luxuryretreats.com:8080
http://click.mail.luxuryretreats.com
http://cloud.mail.luxuryretreats.com
http://data.luxuryretreats.com
http://enterpriseenrollment.luxuryretreats.com
http://enterpriseregistration.luxuryretreats.com
http://es.luxuryretreats.com
http://feature-branch.luxuryretreats.com
http://fr.luxuryretreats.com
http://helpdesk.luxuryretreats.com
http://holidayparty.luxuryretreats.com
http://image.mail.luxuryretreats.com
http://intranetone.luxuryretreats.com
http://intranetone.luxuryretreats.com:8080
http://luxuryretreats.com
http://lyncdiscover.luxuryretreats.com
http://m.luxuryretreats.com
http://m2.luxuryretreats.com
http://msoid.luxuryretreats.com
http://news.luxuryretreats.com
http://pages.mail.luxuryretreats.com
http://privateviewing.luxuryretreats.com
http://privateviewing.luxuryretreats.com:8080
http://salesforce.luxuryretreats.com
http://tv.luxuryretreats.com
http://view.mail.luxuryretreats.com
http://webserver01.luxuryretreats.com
http://www.luxuryretreats.com
http://www2.luxuryretreats.com
http://xx.luxuryretreats.com
http://xxkey.luxuryretreats.com
http://xxlong.luxuryretreats.com
https://akamai-staging.luxuryretreats.com
https://akamai.luxuryretreats.com
https://blog.luxuryretreats.com
https://click.mail.luxuryretreats.com
https://cloud.mail.luxuryretreats.com
https://data.luxuryretreats.com
https://enterpriseenrollment.luxuryretreats.com
https://enterpriseregistration.luxuryretreats.com
https://es.luxuryretreats.com
https://feature-branch.luxuryretreats.com
https://fr.luxuryretreats.com
https://helpdesk.luxuryretreats.com
https://holidayparty.luxuryretreats.com
https://image.mail.luxuryretreats.com
https://intranetone.luxuryretreats.com
https://luxuryretreats.com
https://lyncdiscover.luxuryretreats.com
https://m.luxuryretreats.com
https://m2.luxuryretreats.com
https://msoid.luxuryretreats.com
https://news.luxuryretreats.com
https://pages.mail.luxuryretreats.com
https://privateviewing.luxuryretreats.com
https://salesforce.luxuryretreats.com
https://tv.luxuryretreats.com
https://view.mail.luxuryretreats.com
https://webserver01.luxuryretreats.com
https://www.luxuryretreats.com
https://www2.luxuryretreats.com
https://xx.luxuryretreats.com
https://xxkey.luxuryretreats.com
https://xxlong.luxuryretreats.com
