http://agif.lystit.com
http://agif.lystit.com:8080
http://argocd.lystit.com
http://argocd.lystit.com:8080
http://boomerang.lystit.com
http://branch-io-feed-web.lystit.com
http://braze-api.lystit.com
http://cdn.lystit.com
http://cdn.lystit.com:8080
http://cdna.lystit.com
http://cdna.lystit.com:8080
http://cdnb.lystit.com
http://cdnb.lystit.com:8080
http://cdnc.lystit.com
http://cdnc.lystit.com:8080
http://cdnd.lystit.com
http://cdnd.lystit.com:8080
http://cdntest.lystit.com
http://cdntest.lystit.com:8080
http://checkout-admin.lystit.com
http://checkout-admin.lystit.com:8080
http://ci3-beta.lystit.com
http://ci3-beta.lystit.com:8080
http://circleci.lystit.com
http://circleci.lystit.com:8080
http://cloudflare-logs.lystit.com
http://cloudflare-logs.lystit.com:8080
http://cms.lystit.com
http://cms.lystit.com:8080
http://codecov.lystit.com
http://codecov.lystit.com:8080
http://confluence.lystit.com
http://confluence.lystit.com:8080
http://data-dictionary.lystit.com
http://data-dictionary.lystit.com:8080
http://dbt-docs.lystit.com
http://dbt-docs.lystit.com:8080
http://docs.lystit.com
http://docs.lystit.com:8080
http://git.lystit.com
http://grafana.lystit.com
http://grafana.lystit.com:8080
http://hamster-tunnel.lystit.com
http://hamster-tunnel.lystit.com:2082
http://hamster-tunnel.lystit.com:8080
http://hamster-tunnel.lystit.com:8880
http://hr-sync.lystit.com
http://jenkins-2019.lystit.com
http://jenkins-2019.lystit.com:8080
http://jenkins-pr.lystit.com
http://jenkins-pr.lystit.com:8080
http://jira.lystit.com
http://jira.lystit.com:8080
http://logs-direct.lystit.com
http://logs.lystit.com
http://logs.lystit.com:8080
http://lystit.com
http://mailchimp-gdpr.lystit.com
http://mobileapi.lystit.com
http://mobileapi.lystit.com:8080
http://os.lystit.com
http://os.lystit.com:8080
http://packages.lystit.com
http://pes.lystit.com
http://pes.lystit.com:8080
http://problemsets.lystit.com
http://problemsets.lystit.com:8080
http://quarantine.lystit.com
http://queen.lystit.com
http://queen.lystit.com:8080
http://reply.git.lystit.com
http://retailer-x-website-public.microservices.srv.lystit.com
http://saka.lystit.com
http://shipper.lystit.com
http://shipper.lystit.com:8080
http://static.lystit.com
http://static.lystit.com:8080
http://tag.lystit.com
http://watchtower.lystit.com
http://watchtower.lystit.com:8080
http://web.retailer-x-website-public.microservices.srv.lystit.com
http://web.web-frontend-redirect-public.website-201710.srv.lystit.com
http://www.lystit.com
https://agif.lystit.com
https://agif.lystit.com:8443
https://argocd.lystit.com
https://argocd.lystit.com:8443
https://boomerang.lystit.com
https://branch-io-feed-web.lystit.com
https://braze-api.lystit.com
https://cdn.lystit.com
https://cdn.lystit.com:8443
https://cdna.lystit.com
https://cdna.lystit.com:8443
https://cdnb.lystit.com
https://cdnb.lystit.com:8443
https://cdnc.lystit.com
https://cdnc.lystit.com:8443
https://cdnd.lystit.com
https://cdnd.lystit.com:8443
https://cdntest.lystit.com
https://cdntest.lystit.com:8443
https://checkout-admin.lystit.com
https://checkout-admin.lystit.com:8443
https://ci3-beta.lystit.com
https://ci3-beta.lystit.com:8443
https://circleci.lystit.com
https://circleci.lystit.com:8443
https://cloudflare-logs.lystit.com
https://cloudflare-logs.lystit.com:8443
https://cms.lystit.com
https://cms.lystit.com:8443
https://codecov.lystit.com
https://codecov.lystit.com:8443
https://confluence.lystit.com
https://confluence.lystit.com:8443
https://connect.lystit.com
https://data-dictionary.lystit.com
https://data-dictionary.lystit.com:8443
https://dbt-docs.lystit.com
https://dbt-docs.lystit.com:8443
https://docs.lystit.com
https://docs.lystit.com:8443
https://git.lystit.com
https://grafana.lystit.com
https://grafana.lystit.com:8443
https://hamster-tunnel.lystit.com
https://hamster-tunnel.lystit.com:2083
https://hamster-tunnel.lystit.com:2087
https://hamster-tunnel.lystit.com:8443
https://hr-sync.lystit.com
https://jenkins-2019.lystit.com
https://jenkins-2019.lystit.com:8443
https://jenkins-pr.lystit.com
https://jenkins-pr.lystit.com:8443
https://jira.lystit.com
https://jira.lystit.com:8443
https://logs-direct.lystit.com
https://logs.lystit.com
https://logs.lystit.com:8443
https://lystit.com
https://mailchimp-gdpr.lystit.com
https://mobileapi.lystit.com
https://mobileapi.lystit.com:8443
https://openvpn-access.lystit.com
https://os.lystit.com
https://os.lystit.com:8443
https://packages.lystit.com
https://pes.lystit.com
https://pes.lystit.com:8443
https://problemsets.lystit.com
https://problemsets.lystit.com:8443
https://quarantine.lystit.com
https://queen.lystit.com
https://queen.lystit.com:8443
https://reply.git.lystit.com
https://retailer-x-website-public.microservices.srv.lystit.com
https://saka.lystit.com
https://shipper.lystit.com
https://shipper.lystit.com:8443
https://static.lystit.com
https://static.lystit.com:8443
https://tag.lystit.com
https://watchtower.lystit.com
https://watchtower.lystit.com:8443
https://web.lyst-connect-public.microservices.srv.lystit.com
https://web.retailer-x-website-public.microservices.srv.lystit.com
https://web.web-frontend-redirect-public.website-201710.srv.lystit.com
https://www.lystit.com
