http://api.mariacasino.com
http://autodiscover.brand.mariacasino.com
http://autodiscover.mariacasino.com
http://brand.mariacasino.com
http://eu-qa1.mariacasino.com
http://eu-si1.mariacasino.com
http://eu.mariacasino.com
http://eum.mariacasino.com
http://evolivecasino.mariacasino.com
http://fi.mariacasino.com
http://link.email.mariacasino.com
http://m.mariacasino.com
http://mariacasino.com
http://no-qa1.mariacasino.com
http://no.mariacasino.com
http://payment.mariacasino.com
http://se.mariacasino.com
http://welcome.mariacasino.com
http://www-qa1.mariacasino.com
http://www-si1.mariacasino.com
http://www.mariacasino.com
http://xns.mariacasino.com
https://api.mariacasino.com
https://brand.mariacasino.com
https://eu-qa1.mariacasino.com
https://eu-si1.mariacasino.com
https://eu.mariacasino.com
https://eum.mariacasino.com
https://evolivecasino.mariacasino.com
https://fi.mariacasino.com
https://link.email.mariacasino.com
https://m.mariacasino.com
https://mariacasino.com
https://no-qa1.mariacasino.com
https://no.mariacasino.com
https://payment.mariacasino.com
https://se.mariacasino.com
https://welcome.mariacasino.com
https://www-qa1.mariacasino.com
https://www-si1.mariacasino.com
https://www.mariacasino.com
https://xns.mariacasino.com
