http://abroad.api.comm.intl.miui.com
http://accessibility.miui.com
http://account-alpha.vip.miui.com
http://account.vip.miui.com
http://act.browser.india.miui.com
http://act.browser.intl.miui.com
http://act.browser.miui.com
http://activity.browser.intl.miui.com
http://admin.browser.miui.com
http://admin.review.inf.pt.miui.com
http://admin.search.miui.com
http://adv.l7.34.sec.miui.com
http://adv.sec.intl.miui.com
http://adv.sec.miui.com
http://airtel.bigota.d.miui.com
http://airtel.bigota.d.miui.com:1088
http://airtel.bigota.d.miui.com:1089
http://airtel.bigota.d.miui.com:2323
http://airtel.bigota.d.miui.com:4003
http://airtel.bigota.d.miui.com:5566
http://airtel.bigota.d.miui.com:7443
http://airtel.bigota.d.miui.com:8000
http://airtel.bigota.d.miui.com:801
http://airtel.bigota.d.miui.com:8080
http://airtel.bigota.d.miui.com:8082
http://airtel.bigota.d.miui.com:8088
http://airtel.bigota.d.miui.com:88
http://airtel.bigota.d.miui.com:9080
http://airtel.bigota.d.miui.com:9090
http://airtel.bigota.d.miui.com:9101
http://airtel.bigota.d.miui.com:9200
http://alarm.comm.miui.com
http://analytics.ff.avast.sec.miui.com
http://api-alpha.vip.miui.com
http://api-rec.stellar.intl.miui.com
http://api.accelerator.intl.miui.com
http://api.aurogon.intl.miui.com
http://api.bbs.miui.com
http://api.browser.miui.com
http://api.brs.intl.miui.com
http://api.calendar.intl.miui.com
http://api.cn.sec.miui.com
http://api.collect.data.intl.miui.com
http://api.comm.miui.com
http://api.competition.intl.miui.com
http://api.content.intl.miui.com
http://api.gallery.intl.miui.com
http://api.game.intl.miui.com
http://api.health.comm.miui.com
http://api.huangye.miui.com
http://api.input.intl.miui.com
http://api.joyose.miui.com
http://api.launcher.intl.miui.com
http://api.mcc.miui.com
http://api.mintbrs.intl.miui.com
http://api.muc.intl.miui.com
http://api.newsfeed.intl.miui.com
http://api.ru.miui.com
http://api.sec.intl.miui.com
http://api.sec.miui.com
http://api.setting.intl.miui.com
http://api.smartrip.comm.miui.com
http://api.sms.intl.miui.com
http://api.tw06.xlmc.sec.miui.com
http://api.vip.miui.com
http://apkrep.ff.avast.sec.miui.com
http://apkupdate.miui.com
http://apkupdate.miui.com:10012
http://apkupdate.miui.com:1066
http://apkupdate.miui.com:1086
http://apkupdate.miui.com:1443
http://apkupdate.miui.com:15000
http://apkupdate.miui.com:20005
http://apkupdate.miui.com:2323
http://apkupdate.miui.com:3000
http://apkupdate.miui.com:3306
http://apkupdate.miui.com:4000
http://apkupdate.miui.com:4279
http://apkupdate.miui.com:444
http://apkupdate.miui.com:4443
http://apkupdate.miui.com:4445
http://apkupdate.miui.com:4446
http://apkupdate.miui.com:50003
http://apkupdate.miui.com:5002
http://apkupdate.miui.com:5030
http://apkupdate.miui.com:6003
http://apkupdate.miui.com:6101
http://apkupdate.miui.com:7100
http://apkupdate.miui.com:7999
http://apkupdate.miui.com:8000
http://apkupdate.miui.com:8002
http://apkupdate.miui.com:801
http://apkupdate.miui.com:8010
http://apkupdate.miui.com:8042
http://apkupdate.miui.com:8080
http://apkupdate.miui.com:8081
http://apkupdate.miui.com:8082
http://apkupdate.miui.com:8084
http://apkupdate.miui.com:8085
http://apkupdate.miui.com:8086
http://apkupdate.miui.com:8088
http://apkupdate.miui.com:8090
http://apkupdate.miui.com:81
http://apkupdate.miui.com:8383
http://apkupdate.miui.com:88
http://apkupdate.miui.com:8800
http://apkupdate.miui.com:9001
http://apkupdate.miui.com:9002
http://apkupdate.miui.com:9009
http://apkupdate.miui.com:9091
http://apkupdate.miui.com:9099
http://apkupdate.miui.com:9100
http://apkupdate.miui.com:9101
http://apkupdate.miui.com:9103
http://apkupdate.miui.com:9900
http://apkupdate.miui.com:9917
http://apkupdate.miui.com:9929
http://apkupdate.miui.com:9944
http://apkupdate.miui.com:999
http://apm-rum-ind.inf.miui.com
http://apm-rum.inf.miui.com
http://app.greengurad.sec.miui.com
http://app.miui.com
http://attach.bbs.miui.com
http://au.ff.avast.sec.miui.com
http://auth.be.sec.miui.com
http://auth.ff.avast.sec.miui.com
http://authbe.sec.intl.miui.com
http://auto.tracking.miui.com
http://bbs.miui.com
http://bgp.slb.sp.miui.com
http://bigapex.d.miui.com
http://bigota.d.miui.com
http://bigota.d.miui.com:1935
http://bigota.d.miui.com:8080
http://blog.en.miui.com
http://bn.d.miui.com
http://bonus.comm.miui.com
http://browser.cdn.intl.miui.com
http://brs.api.intl.miui.com
http://cc.sys.miui.com
http://cc2.sys.miui.com
http://ccc.sys.miui.com
http://cdn1.static.home.miui.com
http://cdna.sec.miui.com
http://child.sec.miui.com
http://chong.sec.miui.com
http://client.sp.miui.com
http://cmccln.sos.sec.miui.com
http://cms.sec.miui.com
http://cname-hd.browser.miui.com
http://cname-hot.browser.miui.com
http://cname2ip.browser.miui.com
http://collect.content.intl.miui.com
http://comment-russia.intl.inf.miui.com
http://connect.intl.rom.miui.com
http://connect.rom.miui.com
http://content.browser.miui.com
http://cp.assistant.miui.com
http://cse.avlyun.sec.miui.com
http://data.bank.hexun.sec.miui.com
http://data.sec.intl.miui.com
http://data.sec.miui.com
http://data.tool.hexun.sec.miui.com
http://default.mcc.inf.miui.com
http://default.tracking.miui.com
http://dl.cm.sec.miui.com
http://dl.cm.sec.miui.com:8080
http://dl.cm.sec.miui.com:8180
http://dl.w.wg.miui.com
http://dl.w.wg.miui.com:1088
http://dl.w.wg.miui.com:1089
http://dl.w.wg.miui.com:2323
http://dl.w.wg.miui.com:4003
http://dl.w.wg.miui.com:5566
http://dl.w.wg.miui.com:7443
http://dl.w.wg.miui.com:8000
http://dl.w.wg.miui.com:801
http://dl.w.wg.miui.com:8080
http://dl.w.wg.miui.com:8082
http://dl.w.wg.miui.com:8088
http://dl.w.wg.miui.com:88
http://dl.w.wg.miui.com:9080
http://dl.w.wg.miui.com:9090
http://dl.w.wg.miui.com:9101
http://dl.w.wg.miui.com:9200
http://dl.w.xk.miui.com
http://dl.w.xk.miui.com:1088
http://dl.w.xk.miui.com:1089
http://dl.w.xk.miui.com:2323
http://dl.w.xk.miui.com:4003
http://dl.w.xk.miui.com:5566
http://dl.w.xk.miui.com:7443
http://dl.w.xk.miui.com:8000
http://dl.w.xk.miui.com:801
http://dl.w.xk.miui.com:8080
http://dl.w.xk.miui.com:8082
http://dl.w.xk.miui.com:8088
http://dl.w.xk.miui.com:88
http://dl.w.xk.miui.com:9080
http://dl.w.xk.miui.com:9090
http://dl.w.xk.miui.com:9101
http://dl.w.xk.miui.com:9200
http://embed.bbs.miui.com
http://en.miui.com
http://enbigota.d.miui.com
http://enbigota.d.miui.com:1088
http://enbigota.d.miui.com:1089
http://enbigota.d.miui.com:2323
http://enbigota.d.miui.com:4003
http://enbigota.d.miui.com:5566
http://enbigota.d.miui.com:7443
http://enbigota.d.miui.com:8000
http://enbigota.d.miui.com:801
http://enbigota.d.miui.com:8080
http://enbigota.d.miui.com:8082
http://enbigota.d.miui.com:8088
http://enbigota.d.miui.com:88
http://enbigota.d.miui.com:9080
http://enbigota.d.miui.com:9090
http://enbigota.d.miui.com:9101
http://enbigota.d.miui.com:9200
http://es.miui.com
http://etl.xlmc.sec.miui.com
http://exp.search.miui.com
http://exp.sug.browser.miui.com
http://fcanr.tracking.miui.com
http://feedback.india.miui.com
http://feedback.intl.miui.com
http://feedback.miui.com
http://feedback.rus.miui.com
http://feeds.content.browser.miui.com
http://file.browser.intl.miui.com
http://file.browser.intl.miui.com:10012
http://file.browser.intl.miui.com:1066
http://file.browser.intl.miui.com:1086
http://file.browser.intl.miui.com:1443
http://file.browser.intl.miui.com:15000
http://file.browser.intl.miui.com:20005
http://file.browser.intl.miui.com:2323
http://file.browser.intl.miui.com:3000
http://file.browser.intl.miui.com:3306
http://file.browser.intl.miui.com:4000
http://file.browser.intl.miui.com:4279
http://file.browser.intl.miui.com:444
http://file.browser.intl.miui.com:4443
http://file.browser.intl.miui.com:4445
http://file.browser.intl.miui.com:4446
http://file.browser.intl.miui.com:50003
http://file.browser.intl.miui.com:5002
http://file.browser.intl.miui.com:5030
http://file.browser.intl.miui.com:6003
http://file.browser.intl.miui.com:6101
http://file.browser.intl.miui.com:7100
http://file.browser.intl.miui.com:7999
http://file.browser.intl.miui.com:8000
http://file.browser.intl.miui.com:8002
http://file.browser.intl.miui.com:801
http://file.browser.intl.miui.com:8010
http://file.browser.intl.miui.com:8042
http://file.browser.intl.miui.com:8080
http://file.browser.intl.miui.com:8081
http://file.browser.intl.miui.com:8082
http://file.browser.intl.miui.com:8084
http://file.browser.intl.miui.com:8085
http://file.browser.intl.miui.com:8086
http://file.browser.intl.miui.com:8088
http://file.browser.intl.miui.com:8090
http://file.browser.intl.miui.com:8383
http://file.browser.intl.miui.com:88
http://file.browser.intl.miui.com:8800
http://file.browser.intl.miui.com:8888
http://file.browser.intl.miui.com:9001
http://file.browser.intl.miui.com:9002
http://file.browser.intl.miui.com:9009
http://file.browser.intl.miui.com:9091
http://file.browser.intl.miui.com:9099
http://file.browser.intl.miui.com:9100
http://file.browser.intl.miui.com:9101
http://file.browser.intl.miui.com:9103
http://file.browser.intl.miui.com:9900
http://file.browser.intl.miui.com:9917
http://file.browser.intl.miui.com:9929
http://file.browser.intl.miui.com:9944
http://file.browser.intl.miui.com:999
http://file.update.miui.com
http://flash.sec.intl.miui.com
http://flash.sec.miui.com
http://flow.sec.miui.com
http://font.sec.miui.com
http://font.sec.miui.com:8001
http://font.sec.miui.com:8080
http://font.sec.miui.com:8081
http://font.sec.miui.com:8088
http://font.sec.miui.com:8089
http://font.sec.miui.com:8090
http://font.sec.miui.com:8099
http://gamebox.sec.intl.miui.com
http://gamebox.sec.intl.miui.com:8080
http://gamebox.sec.intl.miui.com:8090
http://gamebox.sec.miui.com
http://gamebox.sec.miui.com:10000
http://gamebox.sec.miui.com:8000
http://gamebox.sec.miui.com:8008
http://gamebox.sec.miui.com:8009
http://gamebox.sec.miui.com:8010
http://gamebox.sec.miui.com:8080
http://gamebox.sec.miui.com:8081
http://gamebox.sec.miui.com:8082
http://gamebox.sec.miui.com:8083
http://gamebox.sec.miui.com:8085
http://gamebox.sec.miui.com:8087
http://gamebox.sec.miui.com:8090
http://gamebox.sec.miui.com:8099
http://gamebox.sec.miui.com:81
http://gamebox.sec.miui.com:8180
http://gamebox.sec.miui.com:82
http://gamebox.sec.miui.com:88
http://gamebox.sec.miui.com:90
http://gamebox.sec.miui.com:9000
http://gamebox.sec.miui.com:9001
http://gamebox.sec.miui.com:9002
http://gamebox.sec.miui.com:9003
http://gamebox.sec.miui.com:9009
http://gamebox.sec.miui.com:9011
http://gamebox.sec.miui.com:9090
http://gamebox.sec.miui.com:9999
http://geek.miui.com
http://geofence.sys.miui.com
http://gitlab.pt.intl.miui.com
http://global-shop.inf.miui.com
http://global-shop.inf.miui.com:1088
http://global-shop.inf.miui.com:1089
http://global-shop.inf.miui.com:2323
http://global-shop.inf.miui.com:4003
http://global-shop.inf.miui.com:5566
http://global-shop.inf.miui.com:7443
http://global-shop.inf.miui.com:8000
http://global-shop.inf.miui.com:801
http://global-shop.inf.miui.com:8080
http://global-shop.inf.miui.com:8082
http://global-shop.inf.miui.com:8088
http://global-shop.inf.miui.com:88
http://global-shop.inf.miui.com:9080
http://global-shop.inf.miui.com:9090
http://global-shop.inf.miui.com:9101
http://global-shop.inf.miui.com:9200
http://global.api.huangye.miui.com
http://h.sec.miui.com
http://h5.app.intl.miui.com
http://hd.browser.miui.com
http://heimdall.assistant.miui.com
http://hk-file.intl.miui.com
http://hk.miui.com
http://home.miui.com
http://home.miui.com:8001
http://home.miui.com:8080
http://home.miui.com:8081
http://home.miui.com:8088
http://home.miui.com:8089
http://home.miui.com:8090
http://home.miui.com:8099
http://hot.browser.intl.miui.com
http://hot.browser.miui.com
http://hot.newsfeed.intl.miui.com
http://httpdns.browser.miui.com
http://hugeota.d.miui.com
http://hugeota.d.miui.com:8001
http://hugeota.d.miui.com:8080
http://hugeota.d.miui.com:8081
http://hugeota.d.miui.com:8088
http://hugeota.d.miui.com:8089
http://hugeota.d.miui.com:8090
http://hugeota.d.miui.com:8099
http://hybrid.miui.com
http://id.miui.com
http://img.w.wg.miui.com
http://img.w.wg.miui.com:10002
http://img.w.wg.miui.com:10012
http://img.w.wg.miui.com:1066
http://img.w.wg.miui.com:1080
http://img.w.wg.miui.com:1086
http://img.w.wg.miui.com:1443
http://img.w.wg.miui.com:15000
http://img.w.wg.miui.com:20000
http://img.w.wg.miui.com:20005
http://img.w.wg.miui.com:2020
http://img.w.wg.miui.com:2323
http://img.w.wg.miui.com:3000
http://img.w.wg.miui.com:33
http://img.w.wg.miui.com:3306
http://img.w.wg.miui.com:4000
http://img.w.wg.miui.com:4279
http://img.w.wg.miui.com:444
http://img.w.wg.miui.com:4443
http://img.w.wg.miui.com:4445
http://img.w.wg.miui.com:4446
http://img.w.wg.miui.com:4899
http://img.w.wg.miui.com:4900
http://img.w.wg.miui.com:50003
http://img.w.wg.miui.com:5002
http://img.w.wg.miui.com:5030
http://img.w.wg.miui.com:6003
http://img.w.wg.miui.com:6101
http://img.w.wg.miui.com:7000
http://img.w.wg.miui.com:7001
http://img.w.wg.miui.com:7070
http://img.w.wg.miui.com:7100
http://img.w.wg.miui.com:7777
http://img.w.wg.miui.com:7999
http://img.w.wg.miui.com:8000
http://img.w.wg.miui.com:8001
http://img.w.wg.miui.com:8002
http://img.w.wg.miui.com:8009
http://img.w.wg.miui.com:8011
http://img.w.wg.miui.com:8022
http://img.w.wg.miui.com:8042
http://img.w.wg.miui.com:8080
http://img.w.wg.miui.com:8081
http://img.w.wg.miui.com:8084
http://img.w.wg.miui.com:8085
http://img.w.wg.miui.com:8086
http://img.w.wg.miui.com:8088
http://img.w.wg.miui.com:81
http://img.w.wg.miui.com:8383
http://img.w.wg.miui.com:88
http://img.w.wg.miui.com:8800
http://img.w.wg.miui.com:8888
http://img.w.wg.miui.com:9002
http://img.w.wg.miui.com:9009
http://img.w.wg.miui.com:9010
http://img.w.wg.miui.com:9080
http://img.w.wg.miui.com:9090
http://img.w.wg.miui.com:9091
http://img.w.wg.miui.com:9099
http://img.w.wg.miui.com:9100
http://img.w.wg.miui.com:9103
http://img.w.wg.miui.com:9917
http://img.w.wg.miui.com:9929
http://img.w.wg.miui.com:9944
http://img.w.wg.miui.com:999
http://img.w.xk.miui.com
http://img.w.xk.miui.com:10002
http://img.w.xk.miui.com:10012
http://img.w.xk.miui.com:1066
http://img.w.xk.miui.com:1080
http://img.w.xk.miui.com:1086
http://img.w.xk.miui.com:1443
http://img.w.xk.miui.com:15000
http://img.w.xk.miui.com:20000
http://img.w.xk.miui.com:20005
http://img.w.xk.miui.com:2020
http://img.w.xk.miui.com:2323
http://img.w.xk.miui.com:3000
http://img.w.xk.miui.com:33
http://img.w.xk.miui.com:3306
http://img.w.xk.miui.com:4000
http://img.w.xk.miui.com:4279
http://img.w.xk.miui.com:444
http://img.w.xk.miui.com:4443
http://img.w.xk.miui.com:4445
http://img.w.xk.miui.com:4446
http://img.w.xk.miui.com:4899
http://img.w.xk.miui.com:4900
http://img.w.xk.miui.com:50003
http://img.w.xk.miui.com:5002
http://img.w.xk.miui.com:5030
http://img.w.xk.miui.com:6003
http://img.w.xk.miui.com:6101
http://img.w.xk.miui.com:7000
http://img.w.xk.miui.com:7001
http://img.w.xk.miui.com:7070
http://img.w.xk.miui.com:7100
http://img.w.xk.miui.com:7777
http://img.w.xk.miui.com:7999
http://img.w.xk.miui.com:8000
http://img.w.xk.miui.com:8001
http://img.w.xk.miui.com:8002
http://img.w.xk.miui.com:8009
http://img.w.xk.miui.com:8011
http://img.w.xk.miui.com:8022
http://img.w.xk.miui.com:8042
http://img.w.xk.miui.com:8080
http://img.w.xk.miui.com:8081
http://img.w.xk.miui.com:8084
http://img.w.xk.miui.com:8085
http://img.w.xk.miui.com:8086
http://img.w.xk.miui.com:8088
http://img.w.xk.miui.com:81
http://img.w.xk.miui.com:8383
http://img.w.xk.miui.com:88
http://img.w.xk.miui.com:8800
http://img.w.xk.miui.com:8888
http://img.w.xk.miui.com:9002
http://img.w.xk.miui.com:9009
http://img.w.xk.miui.com:9010
http://img.w.xk.miui.com:9080
http://img.w.xk.miui.com:9090
http://img.w.xk.miui.com:9091
http://img.w.xk.miui.com:9099
http://img.w.xk.miui.com:9100
http://img.w.xk.miui.com:9103
http://img.w.xk.miui.com:9917
http://img.w.xk.miui.com:9929
http://img.w.xk.miui.com:9944
http://img.w.xk.miui.com:999
http://in-protect-dev.sec.intl.miui.com
http://in-unlock.update.intl.miui.com
http://in.miui.com
http://india.activity.browser.intl.miui.com
http://info.sec.miui.com
http://intercom-service.comm.miui.com
http://intl.up.w.xk.miui.com
http://intl.up.w.xk.miui.com:10001
http://intl.up.w.xk.miui.com:10002
http://intl.up.w.xk.miui.com:10003
http://intl.up.w.xk.miui.com:1080
http://intl.up.w.xk.miui.com:1088
http://intl.up.w.xk.miui.com:1300
http://intl.up.w.xk.miui.com:1311
http://intl.up.w.xk.miui.com:16000
http://intl.up.w.xk.miui.com:1688
http://intl.up.w.xk.miui.com:18101
http://intl.up.w.xk.miui.com:2200
http://intl.up.w.xk.miui.com:2323
http://intl.up.w.xk.miui.com:4279
http://intl.up.w.xk.miui.com:4445
http://intl.up.w.xk.miui.com:5555
http://intl.up.w.xk.miui.com:5850
http://intl.up.w.xk.miui.com:6000
http://intl.up.w.xk.miui.com:6001
http://intl.up.w.xk.miui.com:6002
http://intl.up.w.xk.miui.com:6901
http://intl.up.w.xk.miui.com:8001
http://intl.up.w.xk.miui.com:8002
http://intl.up.w.xk.miui.com:8007
http://intl.up.w.xk.miui.com:8008
http://intl.up.w.xk.miui.com:8009
http://intl.up.w.xk.miui.com:8010
http://intl.up.w.xk.miui.com:8011
http://intl.up.w.xk.miui.com:8021
http://intl.up.w.xk.miui.com:8022
http://intl.up.w.xk.miui.com:8031
http://intl.up.w.xk.miui.com:8080
http://intl.up.w.xk.miui.com:8081
http://intl.up.w.xk.miui.com:8082
http://intl.up.w.xk.miui.com:8083
http://intl.up.w.xk.miui.com:8085
http://intl.up.w.xk.miui.com:8086
http://intl.up.w.xk.miui.com:8088
http://intl.up.w.xk.miui.com:8089
http://intl.up.w.xk.miui.com:8090
http://intl.up.w.xk.miui.com:8093
http://intl.up.w.xk.miui.com:8180
http://intl.up.w.xk.miui.com:8200
http://intl.up.w.xk.miui.com:8333
http://intl.up.w.xk.miui.com:88
http://intl.up.w.xk.miui.com:9001
http://intl.up.w.xk.miui.com:9002
http://intl.up.w.xk.miui.com:9003
http://intl.up.w.xk.miui.com:9009
http://intl.up.w.xk.miui.com:9102
http://intl.up.w.xk.miui.com:9900
http://ip-info.ff.avast.sec.miui.com
http://jupiter.intl.sys.miui.com
http://jupiter.rus.sys.miui.com
http://jupiter.sys.miui.com
http://ks3orig.bigota.d.miui.com
http://l7.34.sec.miui.com
http://l7.c3.vip.miui.com
http://l7.miui.sec.miui.com
http://l7.transfer.sec.miui.com
http://landing-page.intl.miui.com
http://log-abroad.avlyun.sec.miui.com
http://log.avlyun.sec.intl.miui.com
http://logout.miui.com
http://logupdate.avlyun.sec.miui.com
http://logupdate.avlyun.sec.miui.com:9100
http://mazu.sec.miui.com
http://mcc.india.inf.miui.com
http://mcc.inf.miui.com
http://mcc.intl.inf.miui.com
http://mcc.russia.inf.miui.com
http://metok.sys.miui.com
http://mi.wenjuan.miui.com
http://mib.w.xk.miui.com
http://mid.sys.miui.com
http://middle.browser.miui.com
http://middle.mcc.miui.com
http://middle.search.miui.com
http://miservice.comm.miui.com
http://misys.api.comm.miui.com
http://mitv.tracking.intl.miui.com
http://mitv.tracking.miui.com
http://miui.com
http://miui12.home.miui.com
http://my.browser.miui.com
http://native.feedback.miui.com
http://nav.browser.miui.com
http://nav.sec.miui.com
http://nav.sec.miui.com:10012
http://nav.sec.miui.com:1066
http://nav.sec.miui.com:1086
http://nav.sec.miui.com:1443
http://nav.sec.miui.com:15000
http://nav.sec.miui.com:20005
http://nav.sec.miui.com:2323
http://nav.sec.miui.com:3000
http://nav.sec.miui.com:3306
http://nav.sec.miui.com:4000
http://nav.sec.miui.com:4279
http://nav.sec.miui.com:444
http://nav.sec.miui.com:4443
http://nav.sec.miui.com:4445
http://nav.sec.miui.com:4446
http://nav.sec.miui.com:50003
http://nav.sec.miui.com:5002
http://nav.sec.miui.com:5030
http://nav.sec.miui.com:6003
http://nav.sec.miui.com:6101
http://nav.sec.miui.com:7100
http://nav.sec.miui.com:7999
http://nav.sec.miui.com:8000
http://nav.sec.miui.com:8002
http://nav.sec.miui.com:801
http://nav.sec.miui.com:8010
http://nav.sec.miui.com:8042
http://nav.sec.miui.com:8080
http://nav.sec.miui.com:8081
http://nav.sec.miui.com:8082
http://nav.sec.miui.com:8084
http://nav.sec.miui.com:8085
http://nav.sec.miui.com:8086
http://nav.sec.miui.com:8088
http://nav.sec.miui.com:8090
http://nav.sec.miui.com:8383
http://nav.sec.miui.com:88
http://nav.sec.miui.com:8800
http://nav.sec.miui.com:8888
http://nav.sec.miui.com:9001
http://nav.sec.miui.com:9002
http://nav.sec.miui.com:9009
http://nav.sec.miui.com:9091
http://nav.sec.miui.com:9099
http://nav.sec.miui.com:9100
http://nav.sec.miui.com:9101
http://nav.sec.miui.com:9103
http://nav.sec.miui.com:9900
http://nav.sec.miui.com:9917
http://nav.sec.miui.com:9929
http://nav.sec.miui.com:9944
http://nav.sec.miui.com:999
http://ncname-middle.browser.miui.com
http://newhome.w.xk.miui.com
http://newsfeed.api.intl.miui.com
http://nginx.34.sec.miui.com
http://open.mp.huangye.miui.com
http://orig.attach.bbs.miui.com
http://orig.bigota.d.miui.com
http://orig.cdn.static.browser.miui.com
http://orig.dl.proxy.sec.miui.com
http://orig.font.sec.miui.com
http://orig.gamebox.sec.intl.miui.com
http://orig.gamebox.sec.miui.com
http://orig.hk-file.intl.miui.com
http://orig.nav.sec.miui.com
http://orig.static.bbs.miui.com
http://orig.update.avlyun.sec.miui.com
http://other2ip.browser.miui.com
http://p.sec.miui.com
http://plus.miui.com
http://plus.miui.com:8080
http://plus.miui.com:8090
http://port.sec.intl.miui.com
http://port.sec.miui.com
http://preview.admin.cloudctl.intl.inf.miui.com
http://preview.api.assistant.miui.com
http://preview.api.gallery.intl.miui.com
http://preview.api.vip.miui.com
http://preview.cp.assistant.miui.com
http://preview.crm.sms.miui.com
http://preview.heimdall.assistant.miui.com
http://preview.jupiter.sys.miui.com
http://preview.store.assistant.miui.com
http://preview.trading.assistant.miui.com
http://preview.verca.xpa.assistant.miui.com
http://preview.xpa.assistant.miui.com
http://privacy.miui.com
http://protect.dev.sec.intl.miui.com
http://protect.dev.sec.miui.com
http://providers.sec.miui.com
http://proxy.sec.miui.com
http://qsb.browser.miui.com
http://quoteapi.webull.sec.intl.miui.com
http://quoteapi.webull.sec.miui.com
http://r.bd.sec.miui.com
http://r.browser.miui.com
http://r.sg.sec.miui.com
http://reader.browser.miui.com
http://rentdev.testit.miui.com
http://rommgr.miui.com
http://router.tracking.miui.com
http://rs.vip.miui.com
http://rs.vip.miui.com:10001
http://rs.vip.miui.com:10002
http://rs.vip.miui.com:10003
http://rs.vip.miui.com:10004
http://rs.vip.miui.com:1080
http://rs.vip.miui.com:1088
http://rs.vip.miui.com:1300
http://rs.vip.miui.com:1311
http://rs.vip.miui.com:1443
http://rs.vip.miui.com:16000
http://rs.vip.miui.com:1688
http://rs.vip.miui.com:18101
http://rs.vip.miui.com:20005
http://rs.vip.miui.com:2200
http://rs.vip.miui.com:2323
http://rs.vip.miui.com:3001
http://rs.vip.miui.com:4279
http://rs.vip.miui.com:444
http://rs.vip.miui.com:4443
http://rs.vip.miui.com:4445
http://rs.vip.miui.com:5002
http://rs.vip.miui.com:5030
http://rs.vip.miui.com:5555
http://rs.vip.miui.com:5850
http://rs.vip.miui.com:6000
http://rs.vip.miui.com:6001
http://rs.vip.miui.com:6002
http://rs.vip.miui.com:6901
http://rs.vip.miui.com:7443
http://rs.vip.miui.com:8002
http://rs.vip.miui.com:8007
http://rs.vip.miui.com:8008
http://rs.vip.miui.com:8011
http://rs.vip.miui.com:8021
http://rs.vip.miui.com:8022
http://rs.vip.miui.com:8031
http://rs.vip.miui.com:8042
http://rs.vip.miui.com:8081
http://rs.vip.miui.com:8082
http://rs.vip.miui.com:8083
http://rs.vip.miui.com:8085
http://rs.vip.miui.com:8086
http://rs.vip.miui.com:8088
http://rs.vip.miui.com:8089
http://rs.vip.miui.com:8090
http://rs.vip.miui.com:8100
http://rs.vip.miui.com:8180
http://rs.vip.miui.com:8200
http://rs.vip.miui.com:8333
http://rs.vip.miui.com:8383
http://rs.vip.miui.com:8443
http://rs.vip.miui.com:9000
http://rs.vip.miui.com:9001
http://rs.vip.miui.com:9002
http://rs.vip.miui.com:9003
http://rs.vip.miui.com:9009
http://rs.vip.miui.com:9011
http://rs.vip.miui.com:9101
http://rs.vip.miui.com:9102
http://rs.vip.miui.com:9900
http://rs.vip.miui.com:9944
http://ru-unlock.update.intl.miui.com
http://ru.m.beehive.miui.com
http://ru.miui.com
http://sa-api.api.intl.miui.com
http://sa.api.intl.miui.com
http://sa.mcc.miui.com
http://sandbox.api.mintbrs.intl.miui.com
http://search.browser.miui.com
http://security.browser.miui.com
http://sentry.sec.miui.com
http://service.miui.com
http://sharev1.browser.miui.com
http://shopping.browser.miui.com
http://slb.sp.miui.com
http://sound.miui.com
http://srv.greenguard.sec.miui.com
http://srv.sec.intl.miui.com
http://srv.sec.miui.com
http://st.w.xk.miui.com
http://st.w.xk.miui.com:8080
http://static.assistant.miui.com
http://static.bbs.miui.com
http://static.beehive.miui.com
http://static.beehive.miui.com:8001
http://static.beehive.miui.com:8080
http://static.beehive.miui.com:8081
http://static.beehive.miui.com:8088
http://static.beehive.miui.com:8089
http://static.beehive.miui.com:8090
http://static.beehive.miui.com:8099
http://static.browser.intl.miui.com
http://static.browser.miui.com
http://static.geek.miui.com
http://static.geek.miui.com:10012
http://static.geek.miui.com:1066
http://static.geek.miui.com:1086
http://static.geek.miui.com:1443
http://static.geek.miui.com:15000
http://static.geek.miui.com:20005
http://static.geek.miui.com:2323
http://static.geek.miui.com:3000
http://static.geek.miui.com:3306
http://static.geek.miui.com:4000
http://static.geek.miui.com:4279
http://static.geek.miui.com:444
http://static.geek.miui.com:4443
http://static.geek.miui.com:4445
http://static.geek.miui.com:4446
http://static.geek.miui.com:50003
http://static.geek.miui.com:5002
http://static.geek.miui.com:5030
http://static.geek.miui.com:6003
http://static.geek.miui.com:6101
http://static.geek.miui.com:7100
http://static.geek.miui.com:7999
http://static.geek.miui.com:8000
http://static.geek.miui.com:8002
http://static.geek.miui.com:801
http://static.geek.miui.com:8010
http://static.geek.miui.com:8042
http://static.geek.miui.com:8080
http://static.geek.miui.com:8081
http://static.geek.miui.com:8082
http://static.geek.miui.com:8084
http://static.geek.miui.com:8085
http://static.geek.miui.com:8086
http://static.geek.miui.com:8088
http://static.geek.miui.com:8090
http://static.geek.miui.com:8383
http://static.geek.miui.com:88
http://static.geek.miui.com:8800
http://static.geek.miui.com:8888
http://static.geek.miui.com:9001
http://static.geek.miui.com:9002
http://static.geek.miui.com:9009
http://static.geek.miui.com:9091
http://static.geek.miui.com:9099
http://static.geek.miui.com:9100
http://static.geek.miui.com:9101
http://static.geek.miui.com:9103
http://static.geek.miui.com:9900
http://static.geek.miui.com:9917
http://static.geek.miui.com:9929
http://static.geek.miui.com:9944
http://static.geek.miui.com:999
http://static.mcc.miui.com
http://static.mcc.miui.com:8001
http://static.mcc.miui.com:8080
http://streamback.ff.avast.sec.miui.com
http://sug.browser.miui.com
http://taplus.mcc.miui.com
http://temp1.d.miui.com
http://testit.miui.com
http://thm.w.xk.miui.com
http://tongji-alpha.vip.miui.com
http://tongji.vip.miui.com
http://track.mcc.miui.com
http://tracking.eu.miui.com
http://tracking.india.miui.com
http://tracking.intl.miui.com
http://tracking.miui.com
http://tracking.rus.miui.com
http://trading.assistant.miui.com
http://transfer.sec.miui.com
http://trial.api.comm.miui.com
http://trial.api.huangye.miui.com
http://tw.miui.com
http://ucenter.miui.com
http://unlock.update.intl.miui.com
http://unlock.update.miui.com
http://up.w.xk.miui.com
http://up.w.xk.miui.com:10001
http://up.w.xk.miui.com:10002
http://up.w.xk.miui.com:10003
http://up.w.xk.miui.com:1080
http://up.w.xk.miui.com:1088
http://up.w.xk.miui.com:1300
http://up.w.xk.miui.com:1311
http://up.w.xk.miui.com:16000
http://up.w.xk.miui.com:1688
http://up.w.xk.miui.com:18101
http://up.w.xk.miui.com:2200
http://up.w.xk.miui.com:2323
http://up.w.xk.miui.com:4279
http://up.w.xk.miui.com:4445
http://up.w.xk.miui.com:5555
http://up.w.xk.miui.com:5850
http://up.w.xk.miui.com:6000
http://up.w.xk.miui.com:6001
http://up.w.xk.miui.com:6002
http://up.w.xk.miui.com:6901
http://up.w.xk.miui.com:8001
http://up.w.xk.miui.com:8002
http://up.w.xk.miui.com:8007
http://up.w.xk.miui.com:8008
http://up.w.xk.miui.com:8009
http://up.w.xk.miui.com:8010
http://up.w.xk.miui.com:8011
http://up.w.xk.miui.com:8021
http://up.w.xk.miui.com:8022
http://up.w.xk.miui.com:8031
http://up.w.xk.miui.com:8080
http://up.w.xk.miui.com:8081
http://up.w.xk.miui.com:8082
http://up.w.xk.miui.com:8083
http://up.w.xk.miui.com:8085
http://up.w.xk.miui.com:8086
http://up.w.xk.miui.com:8088
http://up.w.xk.miui.com:8089
http://up.w.xk.miui.com:8090
http://up.w.xk.miui.com:8093
http://up.w.xk.miui.com:8180
http://up.w.xk.miui.com:8200
http://up.w.xk.miui.com:8333
http://up.w.xk.miui.com:88
http://up.w.xk.miui.com:9001
http://up.w.xk.miui.com:9002
http://up.w.xk.miui.com:9003
http://up.w.xk.miui.com:9009
http://up.w.xk.miui.com:9102
http://up.w.xk.miui.com:9900
http://update.avlyun.sec.miui.com
http://update.intl.miui.com
http://update.miui.com
http://verca.xpa.assistant.miui.com
http://video.browser.miui.com
http://vip.w.xk.miui.com
http://vip.w.xk.miui.com:1088
http://vip.w.xk.miui.com:1089
http://vip.w.xk.miui.com:2323
http://vip.w.xk.miui.com:4003
http://vip.w.xk.miui.com:5566
http://vip.w.xk.miui.com:7443
http://vip.w.xk.miui.com:8000
http://vip.w.xk.miui.com:801
http://vip.w.xk.miui.com:8080
http://vip.w.xk.miui.com:8082
http://vip.w.xk.miui.com:8088
http://vip.w.xk.miui.com:88
http://vip.w.xk.miui.com:9080
http://vip.w.xk.miui.com:9090
http://vip.w.xk.miui.com:9101
http://vip.w.xk.miui.com:9200
http://weather.browser.miui.com
http://web-alpha.vip.miui.com
http://web.comm.miui.com
http://web.huangye.miui.com
http://webapp.browser.miui.com
http://wiki.n.miui.com
http://wnoise.vip.miui.com
http://www.kp.sec.miui.com
http://www.miui.com
http://x.vip.miui.com
http://xpa.assistant.miui.com
http://zhushou.miui.com
https://abroad.api.comm.intl.miui.com
https://accessibility.miui.com
https://account-alpha.vip.miui.com
https://act.browser.india.miui.com
https://act.browser.intl.miui.com
https://act.browser.miui.com
https://activity.browser.intl.miui.com
https://admin.browser.miui.com
https://admin.review.inf.pt.miui.com
https://admin.search.miui.com
https://adv.l7.34.sec.miui.com
https://adv.sec.intl.miui.com
https://adv.sec.miui.com
https://airtel.bigota.d.miui.com
https://airtel.bigota.d.miui.com:8443
https://alarm.comm.miui.com
https://analytics.ff.avast.sec.miui.com
https://api-alpha.vip.miui.com
https://api-rec.stellar.intl.miui.com
https://api.accelerator.intl.miui.com
https://api.aurogon.intl.miui.com
https://api.bbs.miui.com
https://api.browser.miui.com
https://api.brs.intl.miui.com
https://api.calendar.intl.miui.com
https://api.cn.sec.miui.com
https://api.collect.data.intl.miui.com
https://api.comm.miui.com
https://api.competition.intl.miui.com
https://api.content.intl.miui.com
https://api.gallery.intl.miui.com
https://api.game.intl.miui.com
https://api.health.comm.miui.com
https://api.huangye.miui.com
https://api.input.intl.miui.com
https://api.joyose.miui.com
https://api.launcher.intl.miui.com
https://api.mcc.miui.com
https://api.middle.transfer.search.miui.com
https://api.mintbrs.intl.miui.com
https://api.muc.intl.miui.com
https://api.newsfeed.intl.miui.com
https://api.ru.miui.com
https://api.sec.intl.miui.com
https://api.sec.miui.com
https://api.setting.intl.miui.com
https://api.smartrip.comm.miui.com
https://api.sms.intl.miui.com
https://api.tw06.xlmc.sec.miui.com
https://api.vip.miui.com
https://apkrep.ff.avast.sec.miui.com
https://apkupdate.miui.com
https://apkupdate.miui.com:8443
https://apkupdate.miui.com:9000
https://apm-rum-ind.inf.miui.com
https://apm-rum.inf.miui.com
https://app.greengurad.sec.miui.com
https://app.intl.miui.com
https://app.miui.com
https://attach.bbs.miui.com
https://au.ff.avast.sec.miui.com
https://auth.be.sec.miui.com
https://auth.ff.avast.sec.miui.com
https://authbe.sec.intl.miui.com
https://auto.tracking.miui.com
https://bgp.slb.sp.miui.com
https://bigapex.d.miui.com
https://bigota.d.miui.com
https://blog.en.miui.com
https://bn.d.miui.com
https://bonus.comm.miui.com
https://browser.cdn.intl.miui.com
https://brs.api.intl.miui.com
https://cc.sys.miui.com
https://cc2.sys.miui.com
https://ccc.sys.miui.com
https://cdna.sec.miui.com
https://child.sec.miui.com
https://chong.sec.miui.com
https://client.sp.miui.com
https://cmccln.sos.sec.miui.com
https://cms.sec.miui.com
https://cname-hd.browser.miui.com
https://cname-hot.browser.miui.com
https://cname2ip.browser.miui.com
https://collect.content.intl.miui.com
https://comment-russia.intl.inf.miui.com
https://connect.intl.rom.miui.com
https://connect.rom.miui.com
https://content.browser.miui.com
https://cp.assistant.miui.com
https://cse.avlyun.sec.miui.com
https://data.bank.hexun.sec.miui.com
https://data.sec.intl.miui.com
https://data.sec.miui.com
https://data.tool.hexun.sec.miui.com
https://default.mcc.inf.miui.com
https://default.tracking.miui.com
https://dl.cm.sec.miui.com
https://dl.w.wg.miui.com
https://dl.w.wg.miui.com:8443
https://dl.w.xk.miui.com
https://dl.w.xk.miui.com:8443
https://embed.bbs.miui.com
https://en.miui.com
https://enbigota.d.miui.com
https://enbigota.d.miui.com:8443
https://es.miui.com
https://etl.xlmc.sec.miui.com
https://exp.search.miui.com
https://exp.sug.browser.miui.com
https://fcanr.tracking.miui.com
https://feedback.india.miui.com
https://feedback.intl.miui.com
https://feedback.miui.com
https://feedback.rus.miui.com
https://feeds.content.browser.miui.com
https://file.browser.intl.miui.com
https://file.browser.intl.miui.com:8443
https://file.browser.intl.miui.com:9000
https://file.update.miui.com
https://flash.sec.intl.miui.com
https://flash.sec.miui.com
https://flow.sec.miui.com
https://font.sec.miui.com
https://gamebox.sec.intl.miui.com
https://gamebox.sec.intl.miui.com:8088
https://gamebox.sec.miui.com
https://gamebox.sec.miui.com:10002
https://gamebox.sec.miui.com:2222
https://gamebox.sec.miui.com:444
https://gamebox.sec.miui.com:8088
https://gamebox.sec.miui.com:8443
https://gamebox.sec.miui.com:9200
https://geek.miui.com
https://geofence.sys.miui.com
https://global-shop.inf.miui.com
https://global-shop.inf.miui.com:8443
https://global.api.huangye.miui.com
https://h.sec.miui.com
https://h5.app.intl.miui.com
https://hd.browser.miui.com
https://heimdall.assistant.miui.com
https://hk-file.intl.miui.com
https://hk.miui.com
https://home.miui.com
https://hot.browser.intl.miui.com
https://hot.browser.miui.com
https://hot.newsfeed.intl.miui.com
https://httpdns.browser.miui.com
https://hugeota.d.miui.com
https://hybrid.miui.com
https://i.bd.sec.miui.com
https://i.sg.sec.miui.com
https://id.miui.com
https://img.w.wg.miui.com
https://img.w.wg.miui.com:801
https://img.w.wg.miui.com:8010
https://img.w.wg.miui.com:8082
https://img.w.wg.miui.com:8090
https://img.w.wg.miui.com:8443
https://img.w.wg.miui.com:9000
https://img.w.wg.miui.com:9001
https://img.w.wg.miui.com:9101
https://img.w.wg.miui.com:9900
https://img.w.xk.miui.com
https://img.w.xk.miui.com:801
https://img.w.xk.miui.com:8010
https://img.w.xk.miui.com:8082
https://img.w.xk.miui.com:8090
https://img.w.xk.miui.com:8443
https://img.w.xk.miui.com:9000
https://img.w.xk.miui.com:9001
https://img.w.xk.miui.com:9101
https://img.w.xk.miui.com:9900
https://in-protect-dev.sec.intl.miui.com
https://in-unlock.update.intl.miui.com
https://in.miui.com
https://india.activity.browser.intl.miui.com
https://info.sec.miui.com
https://intercom-service.comm.miui.com
https://intl.up.w.xk.miui.com
https://intl.up.w.xk.miui.com:10004
https://intl.up.w.xk.miui.com:1443
https://intl.up.w.xk.miui.com:20005
https://intl.up.w.xk.miui.com:3001
https://intl.up.w.xk.miui.com:444
https://intl.up.w.xk.miui.com:4443
https://intl.up.w.xk.miui.com:5002
https://intl.up.w.xk.miui.com:5030
https://intl.up.w.xk.miui.com:7443
https://intl.up.w.xk.miui.com:8042
https://intl.up.w.xk.miui.com:8100
https://intl.up.w.xk.miui.com:8383
https://intl.up.w.xk.miui.com:8443
https://intl.up.w.xk.miui.com:9000
https://intl.up.w.xk.miui.com:9011
https://intl.up.w.xk.miui.com:9101
https://intl.up.w.xk.miui.com:9944
https://ip-info.ff.avast.sec.miui.com
https://jupiter.intl.sys.miui.com
https://jupiter.rus.sys.miui.com
https://jupiter.sys.miui.com
https://ks3orig.bigota.d.miui.com
https://l7.34.sec.miui.com
https://l7.c3.vip.miui.com
https://l7.miui.sec.miui.com
https://l7.transfer.sec.miui.com
https://landing-page.intl.miui.com
https://log-abroad.avlyun.sec.miui.com
https://log.avlyun.sec.intl.miui.com
https://logout.miui.com
https://logupdate.avlyun.sec.miui.com
https://m.beehive.in.intl.miui.com
https://mcc.india.inf.miui.com
https://mcc.intl.inf.miui.com
https://mcc.russia.inf.miui.com
https://metok.sys.miui.com
https://mi.wenjuan.miui.com
https://mib.w.xk.miui.com
https://mid.sys.miui.com
https://middle.browser.miui.com
https://middle.mcc.miui.com
https://middle.search.miui.com
https://miservice.comm.miui.com
https://misys.api.comm.miui.com
https://mitv.tracking.india.miui.com
https://mitv.tracking.intl.miui.com
https://mitv.tracking.miui.com
https://mitv.tracking.rus.miui.com
https://miui.com
https://miui12.home.miui.com
https://my.browser.miui.com
https://native.feedback.miui.com
https://nav.browser.miui.com
https://nav.sec.miui.com
https://nav.sec.miui.com:8443
https://nav.sec.miui.com:9000
https://ncname-middle.browser.miui.com
https://newhome.w.xk.miui.com
https://newsfeed.api.intl.miui.com
https://nginx.34.sec.miui.com
https://open.mp.huangye.miui.com
https://orig.attach.bbs.miui.com
https://orig.bigota.d.miui.com
https://orig.cdn.static.browser.miui.com
https://orig.dl.proxy.sec.miui.com
https://orig.font.sec.miui.com
https://orig.gamebox.sec.intl.miui.com
https://orig.gamebox.sec.miui.com
https://orig.hk-file.intl.miui.com
https://orig.nav.sec.miui.com
https://orig.static.bbs.miui.com
https://orig.update.avlyun.sec.miui.com
https://other2ip.browser.miui.com
https://p.sec.miui.com
https://plus.miui.com
https://plus.miui.com:8088
https://port.sec.intl.miui.com
https://port.sec.miui.com
https://preview.admin.cloudctl.intl.inf.miui.com
https://preview.api.assistant.miui.com
https://preview.api.vip.miui.com
https://preview.cp.assistant.miui.com
https://preview.crm.sms.miui.com
https://preview.heimdall.assistant.miui.com
https://preview.jupiter.sys.miui.com
https://preview.store.assistant.miui.com
https://preview.trading.assistant.miui.com
https://preview.verca.xpa.assistant.miui.com
https://preview.xpa.assistant.miui.com
https://privacy.miui.com
https://protect.dev.sec.intl.miui.com
https://protect.dev.sec.miui.com
https://providers.sec.miui.com
https://proxy.sec.miui.com
https://qsb.browser.miui.com
https://r.bd.sec.miui.com
https://r.browser.miui.com
https://r.sg.sec.miui.com
https://reader.browser.miui.com
https://rentdev.testit.miui.com
https://rommgr.miui.com
https://router.tracking.miui.com
https://rs.vip.miui.com
https://ru-unlock.update.intl.miui.com
https://ru.m.beehive.miui.com
https://ru.miui.com
https://sa-api.api.intl.miui.com
https://sa.api.intl.miui.com
https://sa.mcc.miui.com
https://sandbox.api.mintbrs.intl.miui.com
https://search.browser.miui.com
https://security.browser.miui.com
https://sentry.sec.miui.com
https://service.miui.com
https://sharev1.browser.miui.com
https://shopping.browser.miui.com
https://slb.sp.miui.com
https://sound.miui.com
https://srv.greenguard.sec.miui.com
https://srv.sec.intl.miui.com
https://srv.sec.miui.com
https://st.w.xk.miui.com
https://static.assistant.miui.com
https://static.bbs.miui.com
https://static.beehive.miui.com
https://static.browser.intl.miui.com
https://static.browser.miui.com
https://static.geek.miui.com
https://static.geek.miui.com:8443
https://static.geek.miui.com:9000
https://static.mcc.miui.com
https://streamback.ff.avast.sec.miui.com
https://sug.browser.miui.com
https://taplus.mcc.miui.com
https://temp1.d.miui.com
https://testit.miui.com
https://thm.w.xk.miui.com
https://tongji-alpha.vip.miui.com
https://tongji.vip.miui.com
https://track.mcc.miui.com
https://tracking.eu.miui.com
https://tracking.india.miui.com
https://tracking.intl.miui.com
https://tracking.miui.com
https://tracking.rus.miui.com
https://trading.assistant.miui.com
https://transfer.sec.miui.com
https://trial.api.comm.miui.com
https://trial.api.huangye.miui.com
https://tw.miui.com
https://unlock.update.intl.miui.com
https://unlock.update.miui.com
https://up.w.xk.miui.com
https://up.w.xk.miui.com:10004
https://up.w.xk.miui.com:1443
https://up.w.xk.miui.com:20005
https://up.w.xk.miui.com:3001
https://up.w.xk.miui.com:444
https://up.w.xk.miui.com:4443
https://up.w.xk.miui.com:5002
https://up.w.xk.miui.com:5030
https://up.w.xk.miui.com:7443
https://up.w.xk.miui.com:8042
https://up.w.xk.miui.com:8100
https://up.w.xk.miui.com:8383
https://up.w.xk.miui.com:8443
https://up.w.xk.miui.com:9000
https://up.w.xk.miui.com:9011
https://up.w.xk.miui.com:9101
https://up.w.xk.miui.com:9944
https://update.avlyun.sec.miui.com
https://update.intl.miui.com
https://update.miui.com
https://verca.xpa.assistant.miui.com
https://video.browser.miui.com
https://vip.miui.com
https://vip.w.xk.miui.com
https://vip.w.xk.miui.com:8443
https://weather.browser.miui.com
https://web-alpha.vip.miui.com
https://web.comm.miui.com
https://web.huangye.miui.com
https://webapp.browser.miui.com
https://wiki.n.miui.com
https://wnoise.vip.miui.com
https://www.miui.com
https://x.vip.miui.com
https://xpa.assistant.miui.com
https://zhushou.miui.com
