http://1l-go.my.com
http://1l-hit.my.com
http://ads.my.com
http://api.wf.my.com
http://appscashout.my.com
http://art.my.com
http://awmobile.my.com
http://beta.ml.tracker.my.com
http://esports.my.com
http://eu.tracker-api.my.com
http://games.my.com
http://go.aw.my.com
http://go.cb.my.com
http://go.ro.my.com
http://go.sf.my.com
http://m.my.com
http://magicc.my.com
http://mlattach.my.com
http://mrb6.my.com
http://mrbdata1.my.com
http://mrf22.my.com
http://mrf28.my.com
http://mrf29.my.com
http://my.com
http://myua.my.com
http://omicron.my.com
http://omicron.my.com:2041
http://pay.my.com
http://portal.my.com
http://pre.mall.my.com
http://push-me.my.com
http://push-me.my.com:2041
http://pw.pay.my.com
http://ru.tracker-api.my.com
http://sms2.my.com
http://static.gc.my.com
http://static.wos.my.com
http://static.zc.my.com
http://storage.mall.my.com
http://streams.games.my.com
http://support.my.com
http://support.my.com:8001
http://support.my.com:8082
http://support.my.com:9100
http://test.wf.my.com
http://tracker-api.my.com
http://u.corp.my.com
http://warofdragons.my.com
http://wfgo.my.com
http://widget.support.my.com:9100
http://ws0.games.my.com
http://ws2.games.my.com
http://www.my.com
http://www.wf.my.com
https://1l-go.my.com
https://1l-hit.my.com
https://ads.my.com
https://api.wf.my.com
https://appscashout.my.com
https://awmobile.my.com
https://beta.ml.tracker.my.com
https://esports.my.com
https://eu.tracker-api.my.com
https://games.my.com
https://go.aw.my.com
https://go.cb.my.com
https://go.ro.my.com
https://go.sf.my.com
https://m.my.com
https://magicc.my.com
https://mlattach.my.com
https://mrb6.my.com
https://mrbdata1.my.com
https://mrf22.my.com
https://mrf28.my.com
https://mrf29.my.com
https://my.com
https://myua.my.com
https://omicron.my.com
https://pay.my.com
https://portal.my.com
https://pre.mall.my.com
https://push-me.my.com
https://pw.pay.my.com
https://ru.tracker-api.my.com
https://sms2.my.com
https://static.gc.my.com
https://static.wos.my.com
https://static.zc.my.com
https://storage.mall.my.com
https://streams.games.my.com
https://support.my.com
https://test.wf.my.com
https://tracker-api.my.com
https://u.corp.my.com
https://wa.ping.wf.my.com
https://warofdragons.my.com
https://wfgo.my.com
https://widget.support.my.com
https://ws0.games.my.com
https://ws2.games.my.com
https://www.my.com
https://www.wf.my.com
