http://2625a019b068474d8fdabb3e6868f582.es-kibana.myteksi.net
http://api.grabview.myteksi.net
http://audit.es-kibana.myteksi.net
http://autocall.myteksi.net
http://aws.myteksi.net
http://baru.myteksi.net
http://camera-management.grabview.myteksi.net
http://config-portal.myteksi.net
http://food-cms.azure.myteksi.net
http://geo-tools.myteksi.net
http://go.internal-tools.myteksi.net
http://jarvis.geo.azure.myteksi.net
http://jarvis.grabview.myteksi.net
http://map.myteksi.net
http://maps.myteksi.net
http://oncall.myteksi.net
http://partner-profile-pic.myteksi.net
http://pkcs7.myteksi.net
http://scim-bridge.foundation.azure.myteksi.net
http://stratus.myteksi.net
http://tawish.myteksi.net
http://tis-content.myteksi.net
http://ucm-gk.myteksi.net
https://api.grabview.myteksi.net
https://api.internal.waypoint.myteksi.net
https://api.us-east-2.internal.waypoint.myteksi.net
https://audit.es-kibana.myteksi.net
https://autocall.myteksi.net
https://aws.myteksi.net
https://baru.myteksi.net
https://camera-management.grabview.myteksi.net
https://config-portal.myteksi.net
https://enterprise-api.myteksi.net
https://enterprise-gfb-portal-api.myteksi.net
https://fish.myteksi.net
https://food-cms.azure.myteksi.net
https://geo-tools.myteksi.net
https://go.internal-tools.myteksi.net
https://juno.myteksi.net
https://kibana.myteksi.net
https://map.myteksi.net
https://maps.myteksi.net
https://oncall.myteksi.net
https://partner-profile-pic.myteksi.net
https://scim-bridge.foundation.azure.myteksi.net
https://slam.myteksi.net
https://stratus.myteksi.net
https://tawish.myteksi.net
https://tis-content.myteksi.net
https://ucm-gk.myteksi.net
