http://17sonybravia.dev.network-auth.com
http://18tqawww-harrisbank.dev.network-auth.com
http://19-tqavgn-harrisbank.dev.network-auth.com
http://account-staging.network-auth.com
http://account.network-auth.com
http://account.sandbox.network-auth.com
http://agsglobal.dev.network-auth.com
http://amex.dev.network-auth.com
http://aprilfcheung.dev.network-auth.com
http://autoconfig.dev.network-auth.com
http://autodiscover.dev.network-auth.com
http://blogx.dev.network-auth.com
http://cbreset.dev.network-auth.com
http://cftqavgn-harrisbank21.dev.network-auth.com
http://cionbase.dev.network-auth.com
http://circuitb.dev.network-auth.com
http://elan.dev.network-auth.com
http://ftp.dev.network-auth.com
http://internacc.dev.network-auth.com
http://itqavgn-bmo.dev.network-auth.com
http://jpmena-cdn.dev.network-auth.com
http://kchwcdn.dev.network-auth.com
http://kirby-update-mirror.dev.network-auth.com
http://loadbalancer-insignia.dev.network-auth.com
http://log-hwcdn.dev.network-auth.com
http://m.dev.network-auth.com
http://n1.network-auth.com
http://n10-spare.network-auth.com
http://n10.network-auth.com
http://n100.network-auth.com
http://n1001.network-auth.com
http://n1002.network-auth.com
http://n1003.network-auth.com
http://n101.network-auth.com
http://n102-spare.network-auth.com
http://n102.network-auth.com
http://n103.network-auth.com
http://n104-spare.network-auth.com
http://n104.network-auth.com
http://n105.network-auth.com
http://n106-spare.network-auth.com
http://n106.network-auth.com
http://n107-spare.network-auth.com
http://n107.network-auth.com
http://n108-spare.network-auth.com
http://n108.network-auth.com
http://n109.network-auth.com
http://n11.network-auth.com
http://n110-spare.network-auth.com
http://n110.network-auth.com
http://n111-spare.network-auth.com
http://n111.network-auth.com
http://n112-spare.network-auth.com
http://n112.network-auth.com
http://n113.network-auth.com
http://n114.network-auth.com
http://n115.network-auth.com
http://n116.network-auth.com
http://n117-spare.network-auth.com
http://n117.network-auth.com
http://n118-spare.network-auth.com
http://n118.network-auth.com
http://n119-spare.network-auth.com
http://n119.network-auth.com
http://n12-spare.network-auth.com
http://n12.network-auth.com
http://n120.network-auth.com
http://n121.network-auth.com
http://n122-spare.network-auth.com
http://n122.network-auth.com
http://n123.network-auth.com
http://n124-spare.network-auth.com
http://n124.network-auth.com
http://n125.network-auth.com
http://n126-spare.network-auth.com
http://n126.network-auth.com
http://n127-spare.network-auth.com
http://n127.network-auth.com
http://n128.network-auth.com
http://n129-spare.network-auth.com
http://n129.network-auth.com
http://n13.network-auth.com
http://n130.network-auth.com
http://n131-spare.network-auth.com
http://n131.network-auth.com
http://n132.network-auth.com
http://n133.network-auth.com
http://n134.network-auth.com
http://n135-spare.network-auth.com
http://n135.network-auth.com
http://n136-spare.network-auth.com
http://n136.network-auth.com
http://n137.network-auth.com
http://n138-spare.network-auth.com
http://n138.network-auth.com
http://n139.network-auth.com
http://n14-spare.network-auth.com
http://n14.network-auth.com
http://n140.network-auth.com
http://n141.network-auth.com
http://n142.network-auth.com
http://n143-spare.network-auth.com
http://n143.network-auth.com
http://n144-spare.network-auth.com
http://n144.network-auth.com
http://n145.network-auth.com
http://n146-spare.network-auth.com
http://n146.network-auth.com
http://n147.network-auth.com
http://n148.network-auth.com
http://n149.network-auth.com
http://n15-spare.network-auth.com
http://n15.network-auth.com
http://n150.network-auth.com
http://n151-spare.network-auth.com
http://n151.network-auth.com
http://n152.network-auth.com
http://n153-spare.network-auth.com
http://n153.network-auth.com
http://n154-spare.network-auth.com
http://n154.network-auth.com
http://n155-spare.network-auth.com
http://n155.network-auth.com
http://n156.network-auth.com
http://n157.network-auth.com
http://n158-spare.network-auth.com
http://n158.network-auth.com
http://n159-spare.network-auth.com
http://n159.network-auth.com
http://n16.network-auth.com
http://n160-spare.network-auth.com
http://n160.network-auth.com
http://n161.network-auth.com
http://n162.network-auth.com
http://n163.network-auth.com
http://n164-spare.network-auth.com
http://n164.network-auth.com
http://n165-spare.network-auth.com
http://n165.network-auth.com
http://n166.network-auth.com
http://n167.network-auth.com
http://n168.network-auth.com
http://n169-spare.network-auth.com
http://n169.network-auth.com
http://n17.network-auth.com
http://n170.network-auth.com
http://n171.network-auth.com
http://n172.network-auth.com
http://n173-spare.network-auth.com
http://n173.network-auth.com
http://n174-spare.network-auth.com
http://n174.network-auth.com
http://n175.network-auth.com
http://n176.network-auth.com
http://n177.network-auth.com
http://n178.network-auth.com
http://n179-spare.network-auth.com
http://n179.network-auth.com
http://n18.network-auth.com
http://n180.network-auth.com
http://n181.network-auth.com
http://n182.network-auth.com
http://n183.network-auth.com
http://n184.network-auth.com
http://n185-spare.network-auth.com
http://n185.network-auth.com
http://n186.network-auth.com
http://n187-spare.network-auth.com
http://n187.network-auth.com
http://n188.network-auth.com
http://n189-spare.network-auth.com
http://n189.network-auth.com
http://n19-spare.network-auth.com
http://n19.network-auth.com
http://n190.network-auth.com
http://n191.network-auth.com
http://n192.network-auth.com
http://n193.network-auth.com
http://n194.network-auth.com
http://n195-spare.network-auth.com
http://n195.network-auth.com
http://n196.network-auth.com
http://n197.network-auth.com
http://n198.network-auth.com
http://n199.network-auth.com
http://n2.network-auth.com
http://n20.network-auth.com
http://n200.network-auth.com
http://n201-spare.network-auth.com
http://n201.network-auth.com
http://n202.network-auth.com
http://n203.network-auth.com
http://n204-spare.network-auth.com
http://n204.network-auth.com
http://n205.network-auth.com
http://n206.network-auth.com
http://n207.network-auth.com
http://n208.network-auth.com
http://n209.network-auth.com
http://n21.network-auth.com
http://n210.network-auth.com
http://n211-spare.network-auth.com
http://n211.network-auth.com
http://n212.network-auth.com
http://n213.network-auth.com
http://n214-spare.network-auth.com
http://n214.network-auth.com
http://n215-spare.network-auth.com
http://n215.network-auth.com
http://n216.network-auth.com
http://n217.network-auth.com
http://n218.network-auth.com
http://n219-spare.network-auth.com
http://n219.network-auth.com
http://n22-spare.network-auth.com
http://n22.network-auth.com
http://n220-spare.network-auth.com
http://n220.network-auth.com
http://n221.network-auth.com
http://n222.network-auth.com
http://n223.network-auth.com
http://n224.network-auth.com
http://n225.network-auth.com
http://n226.network-auth.com
http://n227.network-auth.com
http://n228.network-auth.com
http://n229.network-auth.com
http://n23.network-auth.com
http://n230.network-auth.com
http://n231.network-auth.com
http://n232.network-auth.com
http://n233.network-auth.com
http://n234.network-auth.com
http://n235-spare.network-auth.com
http://n235.network-auth.com
http://n236-spare.network-auth.com
http://n236.network-auth.com
http://n237-spare.network-auth.com
http://n237.network-auth.com
http://n238-spare.network-auth.com
http://n238.network-auth.com
http://n239.network-auth.com
http://n24.network-auth.com
http://n240-spare.network-auth.com
http://n240.network-auth.com
http://n241-spare.network-auth.com
http://n241.network-auth.com
http://n242-spare.network-auth.com
http://n242.network-auth.com
http://n243-spare.network-auth.com
http://n243.network-auth.com
http://n244-spare.network-auth.com
http://n244.network-auth.com
http://n245-spare.network-auth.com
http://n245.network-auth.com
http://n246-spare.network-auth.com
http://n246.network-auth.com
http://n247-spare.network-auth.com
http://n247.network-auth.com
http://n248-spare.network-auth.com
http://n248.network-auth.com
http://n249-spare.network-auth.com
http://n249.network-auth.com
http://n25-spare.network-auth.com
http://n25.network-auth.com
http://n251-spare.network-auth.com
http://n251.network-auth.com
http://n252-spare.network-auth.com
http://n252.network-auth.com
http://n254.network-auth.com
http://n257.network-auth.com
http://n259.network-auth.com
http://n26-spare.network-auth.com
http://n26.network-auth.com
http://n262.network-auth.com
http://n263.network-auth.com
http://n264.network-auth.com
http://n265-spare.network-auth.com
http://n265.network-auth.com
http://n266-spare.network-auth.com
http://n266.network-auth.com
http://n267-spare.network-auth.com
http://n267.network-auth.com
http://n268-spare.network-auth.com
http://n268.network-auth.com
http://n269-spare.network-auth.com
http://n269.network-auth.com
http://n27-spare.network-auth.com
http://n27.network-auth.com
http://n270.network-auth.com
http://n271.network-auth.com
http://n272.network-auth.com
http://n273.network-auth.com
http://n274-spare.network-auth.com
http://n274.network-auth.com
http://n276-spare.network-auth.com
http://n276.network-auth.com
http://n277.network-auth.com
http://n278-spare.network-auth.com
http://n279.network-auth.com
http://n28-spare.network-auth.com
http://n28.network-auth.com
http://n280.network-auth.com
http://n281-spare.network-auth.com
http://n281.network-auth.com
http://n282-spare.network-auth.com
http://n282.network-auth.com
http://n283.network-auth.com
http://n284-spare.network-auth.com
http://n284.network-auth.com
http://n285.network-auth.com
http://n286.network-auth.com
http://n287.network-auth.com
http://n288.network-auth.com
http://n289.network-auth.com
http://n29.network-auth.com
http://n290-spare.network-auth.com
http://n290.network-auth.com
http://n292.network-auth.com
http://n294-spare.network-auth.com
http://n294.network-auth.com
http://n297-spare.network-auth.com
http://n297.network-auth.com
http://n298-spare.network-auth.com
http://n298.network-auth.com
http://n299-spare.network-auth.com
http://n299.network-auth.com
http://n3.network-auth.com
http://n30.network-auth.com
http://n301.network-auth.com
http://n302.network-auth.com
http://n304-spare.network-auth.com
http://n304.network-auth.com
http://n305-spare.network-auth.com
http://n305.network-auth.com
http://n306.network-auth.com
http://n307.network-auth.com
http://n308.network-auth.com
http://n309.network-auth.com
http://n31.network-auth.com
http://n311.network-auth.com
http://n312.network-auth.com
http://n313.network-auth.com
http://n314.network-auth.com
http://n315.network-auth.com
http://n317.network-auth.com
http://n318.network-auth.com
http://n319-spare.network-auth.com
http://n319.network-auth.com
http://n32.network-auth.com
http://n320-spare.network-auth.com
http://n320.network-auth.com
http://n321.network-auth.com
http://n322.network-auth.com
http://n323.network-auth.com
http://n324.network-auth.com
http://n325.network-auth.com
http://n326.network-auth.com
http://n327-spare.network-auth.com
http://n327.network-auth.com
http://n328.network-auth.com
http://n33.network-auth.com
http://n331.network-auth.com
http://n332.network-auth.com
http://n333.network-auth.com
http://n334.network-auth.com
http://n335-spare.network-auth.com
http://n335.network-auth.com
http://n337.network-auth.com
http://n339-spare.network-auth.com
http://n339.network-auth.com
http://n34-spare.network-auth.com
http://n34.network-auth.com
http://n340.network-auth.com
http://n341.network-auth.com
http://n342-spare.network-auth.com
http://n342.network-auth.com
http://n343-spare.network-auth.com
http://n343.network-auth.com
http://n344-spare.network-auth.com
http://n344.network-auth.com
http://n345.network-auth.com
http://n346.network-auth.com
http://n348-spare.network-auth.com
http://n348.network-auth.com
http://n349-spare.network-auth.com
http://n349.network-auth.com
http://n35.network-auth.com
http://n351-spare.network-auth.com
http://n351.network-auth.com
http://n353-spare.network-auth.com
http://n353.network-auth.com
http://n354.network-auth.com
http://n357-spare.network-auth.com
http://n358.network-auth.com
http://n359.network-auth.com
http://n36-spare.network-auth.com
http://n36.network-auth.com
http://n361-spare.network-auth.com
http://n361.network-auth.com
http://n363.network-auth.com
http://n364.network-auth.com
http://n365-spare.network-auth.com
http://n365.network-auth.com
http://n366-spare.network-auth.com
http://n366.network-auth.com
http://n367.network-auth.com
http://n368-spare.network-auth.com
http://n368.network-auth.com
http://n369.network-auth.com
http://n37.network-auth.com
http://n370.network-auth.com
http://n371.network-auth.com
http://n378.network-auth.com
http://n38-spare.network-auth.com
http://n38.network-auth.com
http://n380.network-auth.com
http://n384-spare.network-auth.com
http://n384.network-auth.com
http://n385.network-auth.com
http://n386-spare.network-auth.com
http://n386.network-auth.com
http://n388.network-auth.com
http://n389.network-auth.com
http://n39-spare.network-auth.com
http://n39.network-auth.com
http://n392.network-auth.com
http://n395-spare.network-auth.com
http://n395.network-auth.com
http://n397-spare.network-auth.com
http://n397.network-auth.com
http://n398.network-auth.com
http://n4.network-auth.com
http://n40-spare.network-auth.com
http://n40.network-auth.com
http://n400-spare.network-auth.com
http://n400.network-auth.com
http://n407.network-auth.com
http://n408.network-auth.com
http://n409-spare.network-auth.com
http://n409.network-auth.com
http://n41.network-auth.com
http://n414.network-auth.com
http://n417.network-auth.com
http://n42.network-auth.com
http://n421-spare.network-auth.com
http://n421.network-auth.com
http://n424.network-auth.com
http://n427.network-auth.com
http://n428.network-auth.com
http://n43.network-auth.com
http://n431.network-auth.com
http://n437-spare.network-auth.com
http://n437.network-auth.com
http://n438.network-auth.com
http://n44.network-auth.com
http://n443.network-auth.com
http://n444.network-auth.com
http://n448.network-auth.com
http://n449.network-auth.com
http://n45.network-auth.com
http://n451.network-auth.com
http://n459.network-auth.com
http://n46.network-auth.com
http://n461.network-auth.com
http://n47.network-auth.com
http://n48.network-auth.com
http://n49.network-auth.com
http://n5.network-auth.com
http://n50-spare.network-auth.com
http://n50.network-auth.com
http://n51-spare.network-auth.com
http://n51.network-auth.com
http://n52.network-auth.com
http://n53.network-auth.com
http://n54.network-auth.com
http://n55-spare.network-auth.com
http://n55.network-auth.com
http://n56-spare.network-auth.com
http://n56.network-auth.com
http://n57.network-auth.com
http://n58-spare.network-auth.com
http://n58.network-auth.com
http://n59.network-auth.com
http://n6-spare.network-auth.com
http://n6.network-auth.com
http://n60.network-auth.com
http://n61.network-auth.com
http://n62.network-auth.com
http://n63-spare.network-auth.com
http://n63.network-auth.com
http://n64.network-auth.com
http://n65.network-auth.com
http://n66-spare.network-auth.com
http://n66.network-auth.com
http://n67-spare.network-auth.com
http://n67.network-auth.com
http://n68.network-auth.com
http://n69.network-auth.com
http://n7.network-auth.com
http://n70-spare.network-auth.com
http://n70.network-auth.com
http://n71.network-auth.com
http://n72-spare-secure.dev.network-auth.com
http://n72.network-auth.com
http://n73.network-auth.com
http://n74-spare.network-auth.com
http://n74.network-auth.com
http://n75-spare.network-auth.com
http://n75.network-auth.com
http://n76.network-auth.com
http://n77.network-auth.com
http://n78.network-auth.com
http://n79-spare.network-auth.com
http://n79.network-auth.com
http://n8.network-auth.com
http://n80.network-auth.com
http://n81.network-auth.com
http://n82.network-auth.com
http://n83-spare.network-auth.com
http://n83.network-auth.com
http://n84-spare.network-auth.com
http://n84.network-auth.com
http://n85.network-auth.com
http://n86.network-auth.com
http://n87-spare.network-auth.com
http://n87.network-auth.com
http://n88-spare.network-auth.com
http://n88.network-auth.com
http://n89.network-auth.com
http://n9.network-auth.com
http://n90.network-auth.com
http://n91.network-auth.com
http://n92.network-auth.com
http://n93.network-auth.com
http://n94.network-auth.com
http://n95-spare.network-auth.com
http://n95.network-auth.com
http://n96.network-auth.com
http://n97.network-auth.com
http://n98-spare.network-auth.com
http://n98.network-auth.com
http://n99.network-auth.com
http://scout-las.dev.network-auth.com
http://tqavgn-bmoharris21api-docs.dev.network-auth.com
http://tqavgn-bmoharris22b.dev.network-auth.com
http://tqavgn2-bmo-origin.dev.network-auth.com
http://webdisk.dev.network-auth.com
https://account-staging.network-auth.com
https://account.network-auth.com
https://account.sandbox.network-auth.com
https://n1.network-auth.com
https://n10-spare.network-auth.com
https://n10.network-auth.com
https://n100.network-auth.com
https://n1001.network-auth.com
https://n1002.network-auth.com
https://n1003.network-auth.com
https://n101.network-auth.com
https://n102-spare.network-auth.com
https://n102.network-auth.com
https://n103.network-auth.com
https://n104-spare.network-auth.com
https://n104.network-auth.com
https://n105.network-auth.com
https://n106-spare.network-auth.com
https://n106.network-auth.com
https://n107-spare.network-auth.com
https://n107.network-auth.com
https://n108-spare.network-auth.com
https://n108.network-auth.com
https://n109.network-auth.com
https://n11.network-auth.com
https://n110-spare.network-auth.com
https://n110.network-auth.com
https://n111-spare.network-auth.com
https://n111.network-auth.com
https://n112-spare.network-auth.com
https://n112.network-auth.com
https://n113.network-auth.com
https://n114.network-auth.com
https://n115.network-auth.com
https://n116.network-auth.com
https://n117-spare.network-auth.com
https://n117.network-auth.com
https://n118-spare.network-auth.com
https://n118.network-auth.com
https://n119-spare.network-auth.com
https://n119.network-auth.com
https://n12-spare.network-auth.com
https://n12.network-auth.com
https://n120.network-auth.com
https://n121.network-auth.com
https://n122-spare.network-auth.com
https://n122.network-auth.com
https://n123.network-auth.com
https://n124-spare.network-auth.com
https://n124.network-auth.com
https://n125.network-auth.com
https://n126-spare.network-auth.com
https://n126.network-auth.com
https://n127-spare.network-auth.com
https://n127.network-auth.com
https://n128.network-auth.com
https://n129-spare.network-auth.com
https://n129.network-auth.com
https://n13.network-auth.com
https://n130.network-auth.com
https://n131-spare.network-auth.com
https://n131.network-auth.com
https://n132.network-auth.com
https://n133.network-auth.com
https://n134.network-auth.com
https://n135-spare.network-auth.com
https://n135.network-auth.com
https://n136-spare.network-auth.com
https://n136.network-auth.com
https://n137.network-auth.com
https://n138-spare.network-auth.com
https://n138.network-auth.com
https://n139.network-auth.com
https://n14-spare.network-auth.com
https://n14.network-auth.com
https://n140.network-auth.com
https://n141.network-auth.com
https://n142.network-auth.com
https://n143-spare.network-auth.com
https://n143.network-auth.com
https://n144-spare.network-auth.com
https://n144.network-auth.com
https://n145.network-auth.com
https://n146-spare.network-auth.com
https://n146.network-auth.com
https://n147.network-auth.com
https://n148.network-auth.com
https://n149.network-auth.com
https://n15-spare.network-auth.com
https://n15.network-auth.com
https://n150.network-auth.com
https://n151-spare.network-auth.com
https://n151.network-auth.com
https://n152.network-auth.com
https://n153-spare.network-auth.com
https://n153.network-auth.com
https://n154-spare.network-auth.com
https://n154.network-auth.com
https://n155-spare.network-auth.com
https://n155.network-auth.com
https://n156.network-auth.com
https://n157.network-auth.com
https://n158-spare.network-auth.com
https://n158.network-auth.com
https://n159-spare.network-auth.com
https://n159.network-auth.com
https://n16.network-auth.com
https://n160-spare.network-auth.com
https://n160.network-auth.com
https://n161.network-auth.com
https://n162.network-auth.com
https://n163.network-auth.com
https://n164-spare.network-auth.com
https://n164.network-auth.com
https://n165-spare.network-auth.com
https://n165.network-auth.com
https://n166.network-auth.com
https://n167.network-auth.com
https://n168.network-auth.com
https://n169-spare.network-auth.com
https://n169.network-auth.com
https://n17.network-auth.com
https://n170.network-auth.com
https://n171.network-auth.com
https://n172.network-auth.com
https://n173-spare.network-auth.com
https://n173.network-auth.com
https://n174-spare.network-auth.com
https://n174.network-auth.com
https://n175.network-auth.com
https://n176.network-auth.com
https://n177.network-auth.com
https://n178.network-auth.com
https://n179-spare.network-auth.com
https://n179.network-auth.com
https://n18.network-auth.com
https://n180.network-auth.com
https://n181.network-auth.com
https://n182.network-auth.com
https://n183.network-auth.com
https://n184.network-auth.com
https://n185-spare.network-auth.com
https://n185.network-auth.com
https://n186.network-auth.com
https://n187-spare.network-auth.com
https://n187.network-auth.com
https://n188.network-auth.com
https://n189-spare.network-auth.com
https://n189.network-auth.com
https://n19-spare.network-auth.com
https://n19.network-auth.com
https://n190.network-auth.com
https://n191.network-auth.com
https://n192.network-auth.com
https://n193.network-auth.com
https://n194.network-auth.com
https://n195-spare.network-auth.com
https://n195.network-auth.com
https://n196.network-auth.com
https://n197.network-auth.com
https://n198.network-auth.com
https://n199.network-auth.com
https://n2.network-auth.com
https://n20.network-auth.com
https://n200.network-auth.com
https://n201-spare.network-auth.com
https://n201.network-auth.com
https://n202.network-auth.com
https://n203.network-auth.com
https://n204-spare.network-auth.com
https://n204.network-auth.com
https://n205.network-auth.com
https://n206.network-auth.com
https://n207.network-auth.com
https://n208.network-auth.com
https://n209.network-auth.com
https://n21.network-auth.com
https://n210.network-auth.com
https://n211-spare.network-auth.com
https://n211.network-auth.com
https://n212.network-auth.com
https://n213.network-auth.com
https://n214-spare.network-auth.com
https://n214.network-auth.com
https://n215-spare.network-auth.com
https://n215.network-auth.com
https://n216.network-auth.com
https://n217.network-auth.com
https://n218.network-auth.com
https://n219-spare.network-auth.com
https://n219.network-auth.com
https://n22-spare.network-auth.com
https://n22.network-auth.com
https://n220-spare.network-auth.com
https://n220.network-auth.com
https://n221.network-auth.com
https://n222.network-auth.com
https://n223.network-auth.com
https://n224.network-auth.com
https://n225.network-auth.com
https://n226.network-auth.com
https://n227.network-auth.com
https://n228.network-auth.com
https://n229.network-auth.com
https://n23.network-auth.com
https://n230.network-auth.com
https://n231.network-auth.com
https://n232.network-auth.com
https://n233.network-auth.com
https://n234.network-auth.com
https://n235-spare.network-auth.com
https://n235.network-auth.com
https://n236-spare.network-auth.com
https://n236.network-auth.com
https://n237-spare.network-auth.com
https://n237.network-auth.com
https://n238-spare.network-auth.com
https://n238.network-auth.com
https://n239.network-auth.com
https://n24.network-auth.com
https://n240-spare.network-auth.com
https://n240.network-auth.com
https://n241-spare.network-auth.com
https://n241.network-auth.com
https://n242-spare.network-auth.com
https://n242.network-auth.com
https://n243-spare.network-auth.com
https://n243.network-auth.com
https://n244-spare.network-auth.com
https://n244.network-auth.com
https://n245-spare.network-auth.com
https://n245.network-auth.com
https://n246-spare.network-auth.com
https://n246.network-auth.com
https://n247-spare.network-auth.com
https://n247.network-auth.com
https://n248-spare.network-auth.com
https://n248.network-auth.com
https://n249-spare.network-auth.com
https://n249.network-auth.com
https://n25-spare.network-auth.com
https://n25.network-auth.com
https://n251-spare.network-auth.com
https://n251.network-auth.com
https://n252-spare.network-auth.com
https://n252.network-auth.com
https://n254.network-auth.com
https://n257.network-auth.com
https://n259.network-auth.com
https://n26-spare.network-auth.com
https://n26.network-auth.com
https://n262.network-auth.com
https://n263.network-auth.com
https://n264.network-auth.com
https://n265-spare.network-auth.com
https://n265.network-auth.com
https://n266-spare.network-auth.com
https://n266.network-auth.com
https://n267-spare.network-auth.com
https://n267.network-auth.com
https://n268-spare.network-auth.com
https://n268.network-auth.com
https://n269-spare.network-auth.com
https://n269.network-auth.com
https://n27-spare.network-auth.com
https://n27.network-auth.com
https://n270.network-auth.com
https://n271.network-auth.com
https://n272.network-auth.com
https://n273.network-auth.com
https://n274-spare.network-auth.com
https://n274.network-auth.com
https://n276-spare.network-auth.com
https://n276.network-auth.com
https://n277.network-auth.com
https://n278-spare.network-auth.com
https://n279.network-auth.com
https://n28-spare.network-auth.com
https://n28.network-auth.com
https://n280.network-auth.com
https://n281-spare.network-auth.com
https://n281.network-auth.com
https://n282-spare.network-auth.com
https://n282.network-auth.com
https://n283.network-auth.com
https://n284-spare.network-auth.com
https://n284.network-auth.com
https://n285.network-auth.com
https://n286.network-auth.com
https://n287.network-auth.com
https://n288.network-auth.com
https://n289.network-auth.com
https://n29.network-auth.com
https://n290-spare.network-auth.com
https://n290.network-auth.com
https://n292.network-auth.com
https://n294-spare.network-auth.com
https://n294.network-auth.com
https://n297-spare.network-auth.com
https://n297.network-auth.com
https://n298-spare.network-auth.com
https://n298.network-auth.com
https://n299-spare.network-auth.com
https://n299.network-auth.com
https://n3.network-auth.com
https://n30.network-auth.com
https://n301.network-auth.com
https://n302.network-auth.com
https://n304-spare.network-auth.com
https://n304.network-auth.com
https://n305-spare.network-auth.com
https://n305.network-auth.com
https://n306.network-auth.com
https://n307.network-auth.com
https://n308.network-auth.com
https://n309.network-auth.com
https://n31.network-auth.com
https://n311.network-auth.com
https://n312.network-auth.com
https://n313.network-auth.com
https://n314.network-auth.com
https://n315.network-auth.com
https://n317.network-auth.com
https://n318.network-auth.com
https://n319-spare.network-auth.com
https://n319.network-auth.com
https://n32.network-auth.com
https://n320-spare.network-auth.com
https://n320.network-auth.com
https://n321.network-auth.com
https://n322.network-auth.com
https://n323.network-auth.com
https://n324.network-auth.com
https://n325.network-auth.com
https://n326.network-auth.com
https://n327-spare.network-auth.com
https://n327.network-auth.com
https://n328.network-auth.com
https://n33.network-auth.com
https://n331.network-auth.com
https://n332.network-auth.com
https://n333.network-auth.com
https://n334.network-auth.com
https://n335-spare.network-auth.com
https://n335.network-auth.com
https://n337.network-auth.com
https://n339-spare.network-auth.com
https://n339.network-auth.com
https://n34-spare.network-auth.com
https://n34.network-auth.com
https://n340.network-auth.com
https://n341.network-auth.com
https://n342-spare.network-auth.com
https://n342.network-auth.com
https://n343-spare.network-auth.com
https://n343.network-auth.com
https://n344-spare.network-auth.com
https://n344.network-auth.com
https://n345.network-auth.com
https://n346.network-auth.com
https://n348-spare.network-auth.com
https://n348.network-auth.com
https://n349-spare.network-auth.com
https://n349.network-auth.com
https://n35.network-auth.com
https://n351-spare.network-auth.com
https://n351.network-auth.com
https://n353-spare.network-auth.com
https://n353.network-auth.com
https://n354.network-auth.com
https://n357-spare.network-auth.com
https://n358.network-auth.com
https://n359.network-auth.com
https://n36-spare.network-auth.com
https://n36.network-auth.com
https://n361-spare.network-auth.com
https://n361.network-auth.com
https://n363.network-auth.com
https://n364.network-auth.com
https://n365-spare.network-auth.com
https://n365.network-auth.com
https://n366-spare.network-auth.com
https://n366.network-auth.com
https://n367.network-auth.com
https://n368-spare.network-auth.com
https://n368.network-auth.com
https://n369.network-auth.com
https://n37.network-auth.com
https://n370.network-auth.com
https://n371.network-auth.com
https://n378.network-auth.com
https://n38-spare.network-auth.com
https://n38.network-auth.com
https://n380.network-auth.com
https://n384-spare.network-auth.com
https://n384.network-auth.com
https://n385.network-auth.com
https://n386-spare.network-auth.com
https://n386.network-auth.com
https://n388.network-auth.com
https://n389.network-auth.com
https://n39-spare.network-auth.com
https://n39.network-auth.com
https://n392.network-auth.com
https://n395-spare.network-auth.com
https://n395.network-auth.com
https://n397-spare.network-auth.com
https://n397.network-auth.com
https://n398.network-auth.com
https://n4.network-auth.com
https://n40-spare.network-auth.com
https://n40.network-auth.com
https://n400-spare.network-auth.com
https://n400.network-auth.com
https://n407.network-auth.com
https://n408.network-auth.com
https://n409-spare.network-auth.com
https://n409.network-auth.com
https://n41.network-auth.com
https://n414.network-auth.com
https://n417.network-auth.com
https://n42.network-auth.com
https://n421-spare.network-auth.com
https://n421.network-auth.com
https://n424.network-auth.com
https://n427.network-auth.com
https://n428.network-auth.com
https://n43.network-auth.com
https://n431.network-auth.com
https://n437-spare.network-auth.com
https://n437.network-auth.com
https://n438.network-auth.com
https://n44.network-auth.com
https://n443.network-auth.com
https://n444.network-auth.com
https://n448.network-auth.com
https://n449.network-auth.com
https://n45.network-auth.com
https://n451.network-auth.com
https://n459.network-auth.com
https://n46.network-auth.com
https://n461.network-auth.com
https://n47.network-auth.com
https://n48.network-auth.com
https://n49.network-auth.com
https://n5.network-auth.com
https://n50-spare.network-auth.com
https://n50.network-auth.com
https://n51-spare.network-auth.com
https://n51.network-auth.com
https://n52.network-auth.com
https://n53.network-auth.com
https://n54.network-auth.com
https://n55-spare.network-auth.com
https://n55.network-auth.com
https://n56-spare.network-auth.com
https://n56.network-auth.com
https://n57.network-auth.com
https://n58-spare.network-auth.com
https://n58.network-auth.com
https://n59.network-auth.com
https://n6-spare.network-auth.com
https://n6.network-auth.com
https://n60.network-auth.com
https://n61.network-auth.com
https://n62.network-auth.com
https://n63-spare.network-auth.com
https://n63.network-auth.com
https://n64.network-auth.com
https://n65.network-auth.com
https://n66-spare.network-auth.com
https://n66.network-auth.com
https://n67-spare.network-auth.com
https://n67.network-auth.com
https://n68.network-auth.com
https://n69.network-auth.com
https://n7.network-auth.com
https://n70-spare.network-auth.com
https://n70.network-auth.com
https://n71.network-auth.com
https://n72.network-auth.com
https://n73.network-auth.com
https://n74-spare.network-auth.com
https://n74.network-auth.com
https://n75-spare.network-auth.com
https://n75.network-auth.com
https://n76.network-auth.com
https://n77.network-auth.com
https://n78.network-auth.com
https://n79-spare.network-auth.com
https://n79.network-auth.com
https://n8.network-auth.com
https://n80.network-auth.com
https://n81.network-auth.com
https://n82.network-auth.com
https://n83-spare.network-auth.com
https://n83.network-auth.com
https://n84-spare.network-auth.com
https://n84.network-auth.com
https://n85.network-auth.com
https://n86.network-auth.com
https://n87-spare.network-auth.com
https://n87.network-auth.com
https://n88-spare.network-auth.com
https://n88.network-auth.com
https://n89.network-auth.com
https://n9.network-auth.com
https://n90.network-auth.com
https://n91.network-auth.com
https://n92.network-auth.com
https://n93.network-auth.com
https://n94.network-auth.com
https://n95-spare.network-auth.com
https://n95.network-auth.com
https://n96.network-auth.com
https://n97.network-auth.com
https://n98-spare.network-auth.com
https://n98.network-auth.com
https://n99.network-auth.com
