http://adtech.nflximg.net
http://ae.nflximg.net
http://art-0-s.nflximg.net
http://art-0.nflximg.net
http://art-1-s.nflximg.net
http://art-1.nflximg.net
http://art-2-s.nflximg.net
http://art-2.nflximg.net
http://art-cold-s.nflximg.net
http://art-cold.nflximg.net
http://art-s-test.nflximg.net
http://art-s.nflximg.net
http://art-test.nflximg.net
http://art.nflximg.net
http://artwork.akam.nflximg.net
http://cdn.nflximg.net
http://cdn0.nflximg.net
http://cdn1.nflximg.net
http://cdn2.nflximg.net
http://cdn3.nflximg.net
http://cdn4.nflximg.net
http://cdn5.nflximg.net
http://cdn6.nflximg.net
http://cdn7.nflximg.net
http://cdn8.nflximg.net
http://cdn9.nflximg.net
http://dnm-z.nflximg.net
http://dnm.nflximg.net
http://dnm.nflximg.net:4343
http://dnm0.nflximg.net
http://dnm1.nflximg.net
http://dnm2.nflximg.net
http://dnm3.nflximg.net
http://dnm4.nflximg.net
http://dnm5.nflximg.net
http://dnm6.nflximg.net
http://dnm7.nflximg.net
http://dnm8.nflximg.net
http://dnm9.nflximg.net
http://dnmt.nflximg.net
http://dnmt0.nflximg.net
http://dnmt1.nflximg.net
http://dnmt2.nflximg.net
http://dnmt3.nflximg.net
http://dnmt4.nflximg.net
http://dnmt5.nflximg.net
http://dnmt6.nflximg.net
http://dnmt7.nflximg.net
http://dnmt8.nflximg.net
http://dnmt9.nflximg.net
http://fast-com.nflximg.net
http://help.nflximg.net
http://iko.nflximg.net
http://jobs.nflximg.net
http://jobsite-staging.nflximg.net
http://oldsecure.nflximg.net
http://s-iko.nflximg.net
http://scdn.nflximg.net
http://secure-assets.nflximg.net
http://sha2.san.akam.nflximg.net
http://so-s-0.nflximg.net
http://so-s-1.nflximg.net
http://so-s-2.nflximg.net
http://so-s-3.nflximg.net
http://so-s-4.nflximg.net
http://so-s-5.nflximg.net
http://so-s-6.nflximg.net
http://so-s-7.nflximg.net
http://so-s-8.nflximg.net
http://so-s-9.nflximg.net
http://so-s.nflximg.net
http://tp-s.nflximg.net
http://www1-ext-s.nflximg.net
http://www1-ext.nflximg.net
http://www2-ext-s.nflximg.net
http://www2-ext.nflximg.net
http://www3-ext-s.nflximg.net
http://www3-ext.nflximg.net
https://adtech.nflximg.net
https://ae.nflximg.net
https://art-0-s.nflximg.net
https://art-0.nflximg.net
https://art-1-s.nflximg.net
https://art-1.nflximg.net
https://art-2-s.nflximg.net
https://art-2.nflximg.net
https://art-cold-s.nflximg.net
https://art-cold.nflximg.net
https://art-s-test.nflximg.net
https://art-s.nflximg.net
https://art-test.nflximg.net
https://art.nflximg.net
https://artwork.akam.nflximg.net
https://cdn.nflximg.net
https://cdn0.nflximg.net
https://cdn1.nflximg.net
https://cdn2.nflximg.net
https://cdn3.nflximg.net
https://cdn4.nflximg.net
https://cdn5.nflximg.net
https://cdn6.nflximg.net
https://cdn7.nflximg.net
https://cdn8.nflximg.net
https://cdn9.nflximg.net
https://dnm-z.nflximg.net
https://dnm.nflximg.net
https://dnm0.nflximg.net
https://dnm1.nflximg.net
https://dnm2.nflximg.net
https://dnm3.nflximg.net
https://dnm4.nflximg.net
https://dnm5.nflximg.net
https://dnm6.nflximg.net
https://dnm7.nflximg.net
https://dnm8.nflximg.net
https://dnm9.nflximg.net
https://dnmt.nflximg.net
https://dnmt0.nflximg.net
https://dnmt1.nflximg.net
https://dnmt2.nflximg.net
https://dnmt3.nflximg.net
https://dnmt4.nflximg.net
https://dnmt5.nflximg.net
https://dnmt6.nflximg.net
https://dnmt7.nflximg.net
https://dnmt8.nflximg.net
https://dnmt9.nflximg.net
https://fast-com.nflximg.net
https://help.nflximg.net
https://iko.nflximg.net
https://jobs.nflximg.net
https://jobsite-staging.nflximg.net
https://oldsecure.nflximg.net
https://s-iko.nflximg.net
https://scdn.nflximg.net
https://secure-assets.nflximg.net
https://sha2.san.akam.nflximg.net
https://so-s-0.nflximg.net
https://so-s-1.nflximg.net
https://so-s-2.nflximg.net
https://so-s-3.nflximg.net
https://so-s-4.nflximg.net
https://so-s-5.nflximg.net
https://so-s-6.nflximg.net
https://so-s-7.nflximg.net
https://so-s-8.nflximg.net
https://so-s-9.nflximg.net
https://so-s.nflximg.net
https://tp-s.nflximg.net
https://www1-ext-s.nflximg.net
https://www1-ext.nflximg.net
https://www2-ext-s.nflximg.net
https://www3-ext-s.nflximg.net
https://www3-ext.nflximg.net
