http://assets.nkstatic.com
http://avatars.nkstatic.com
http://btd6-assets.nkstatic.com
http://bundles.nkstatic.com
http://cdn.nkstatic.com
http://fast-static-api.nkstatic.com
http://games.nkstatic.com
http://monkeycity-dlc-staging.nkstatic.com
http://monkeycity-dlc.nkstatic.com
http://priority-static-api-staging.nkstatic.com
http://priority-static-api.nkstatic.com
http://replays-static-api-staging.nkstatic.com
http://replays-static-api.nkstatic.com
http://thumbs.nkstatic.com
https://assets.nkstatic.com
https://avatars.nkstatic.com
https://btd6-assets.nkstatic.com
https://bundles.nkstatic.com
https://cdn.nkstatic.com
https://fast-static-api.nkstatic.com
https://games.nkstatic.com
https://monkeycity-dlc-staging.nkstatic.com
https://monkeycity-dlc.nkstatic.com
https://priority-static-api-staging.nkstatic.com
https://priority-static-api.nkstatic.com
https://replays-static-api-staging.nkstatic.com
https://replays-static-api.nkstatic.com
https://thumbs.nkstatic.com
