http://ads.ok.ru
http://adv.ok.ru
http://amigo.api.ok.ru
http://amigo.www.ok.ru
http://api-messages.ok.ru
http://api-ws.ok.ru
http://api.ok.ru
http://apiijet.ok.ru
http://apimobile.ok.ru
http://apitest.ok.ru
http://apitest2.ok.ru
http://apitg.ok.ru
http://auth.ok.ru
http://autodiscover.ok.ru
http://canvas.ok.ru
http://cards.ok.ru
http://chronopay.ok.ru
http://click.ok.ru
http://connect.ok.ru
http://dg50.ok.ru
http://dg51.ok.ru
http://dg52.ok.ru
http://dg53.ok.ru
http://dg54.ok.ru
http://dg55.ok.ru
http://discounts.ok.ru
http://dmr.ok.ru
http://dp.ok.ru
http://dsm.ok.ru
http://dsp.ok.ru
http://email.ok.ru
http://fedchin.ok.ru
http://feedback.ok.ru
http://feedback2.ok.ru
http://games.ok.ru
http://gic0.ok.ru
http://gic1.ok.ru
http://gic2.ok.ru
http://gic3.ok.ru
http://gic4.ok.ru
http://gic5.ok.ru
http://gic6.ok.ru
http://gic7.ok.ru
http://gup.ok.ru
http://ia100.ok.ru
http://ia127.ok.ru
http://ic1.ok.ru
http://ic10.ok.ru
http://ic11.ok.ru
http://ic12.ok.ru
http://ic13.ok.ru
http://ic14.ok.ru
http://ic15.ok.ru
http://ic16.ok.ru
http://ic17.ok.ru
http://ic18.ok.ru
http://ic19.ok.ru
http://ic2.ok.ru
http://ic20.ok.ru
http://ic21.ok.ru
http://ic22.ok.ru
http://ic23.ok.ru
http://ic24.ok.ru
http://ic3.ok.ru
http://ic4.ok.ru
http://ic5.ok.ru
http://ic6.ok.ru
http://ic7.ok.ru
http://ic8.ok.ru
http://ic9.ok.ru
http://icq.ok.ru
http://ifree.ok.ru
http://igry.ok.ru
http://inform.ok.ru
http://itd0.ok.ru
http://itd1.ok.ru
http://itd2.ok.ru
http://itd3.ok.ru
http://m.ok.ru
http://mapi.ok.ru
http://mapitest.ok.ru
http://mapptest.ok.ru
http://maps.ok.ru
http://messages.ok.ru
http://mobile.ok.ru
http://mobile2.ok.ru
http://mobtest2.ok.ru
http://mpay.ok.ru
http://msg.ok.ru
http://mtest.ok.ru
http://mtest2.ok.ru
http://musicupload.ok.ru
http://official.ok.ru
http://ok.ru
http://okno.ok.ru
http://otrs1.ok.ru
http://otrs2.ok.ru
http://payment.ok.ru
http://paymentnew.ok.ru
http://paymenttg.ok.ru
http://plastic.ok.ru
http://play.ok.ru
http://playfon.ok.ru
http://playtest.ok.ru
http://polygon.ok.ru
http://qiwi.ok.ru
http://robox.ok.ru
http://shopping.ok.ru
http://smileup.ok.ru
http://smsdelivery.ok.ru
http://smsonline.ok.ru
http://soap.ok.ru
http://stgs.ok.ru
http://tamtam.ok.ru
http://target.ok.ru
http://test2.ok.ru
http://test3.ok.ru
http://testproxy.ok.ru
http://testproxy2.ok.ru
http://tgproxy2.ok.ru
http://uld1.ok.ru
http://uld11.ok.ru
http://uld13.ok.ru
http://uld15.ok.ru
http://uld3.ok.ru
http://uld5.ok.ru
http://uld7.ok.ru
http://uld9.ok.ru
http://usp.ok.ru
http://vasmedia.ok.ru
http://videoapi.ok.ru
http://videotest.ok.ru
http://videotestapi.ok.ru
http://videotgweb.ok.ru
http://wap.ok.ru
http://webmoney.ok.ru
http://webrtc-api-tg.ok.ru
http://wg1.ok.ru
http://wg10.ok.ru
http://wg101.ok.ru
http://wg106.ok.ru
http://wg11.ok.ru
http://wg12.ok.ru
http://wg13.ok.ru
http://wg131.ok.ru
http://wg14.ok.ru
http://wg144.ok.ru
http://wg148.ok.ru
http://wg15.ok.ru
http://wg16.ok.ru
http://wg17.ok.ru
http://wg18.ok.ru
http://wg19.ok.ru
http://wg2.ok.ru
http://wg20.ok.ru
http://wg21.ok.ru
http://wg216.ok.ru
http://wg22.ok.ru
http://wg227.ok.ru
http://wg228.ok.ru
http://wg23.ok.ru
http://wg236.ok.ru
http://wg24.ok.ru
http://wg25.ok.ru
http://wg26.ok.ru
http://wg27.ok.ru
http://wg28.ok.ru
http://wg29.ok.ru
http://wg3.ok.ru
http://wg30.ok.ru
http://wg31.ok.ru
http://wg32.ok.ru
http://wg33.ok.ru
http://wg34.ok.ru
http://wg35.ok.ru
http://wg36.ok.ru
http://wg37.ok.ru
http://wg38.ok.ru
http://wg39.ok.ru
http://wg4.ok.ru
http://wg40.ok.ru
http://wg41.ok.ru
http://wg42.ok.ru
http://wg43.ok.ru
http://wg44.ok.ru
http://wg45.ok.ru
http://wg46.ok.ru
http://wg47.ok.ru
http://wg48.ok.ru
http://wg49.ok.ru
http://wg5.ok.ru
http://wg50.ok.ru
http://wg51.ok.ru
http://wg52.ok.ru
http://wg53.ok.ru
http://wg54.ok.ru
http://wg55.ok.ru
http://wg56.ok.ru
http://wg58.ok.ru
http://wg59.ok.ru
http://wg6.ok.ru
http://wg60.ok.ru
http://wg63.ok.ru
http://wg64.ok.ru
http://wg65.ok.ru
http://wg66.ok.ru
http://wg67.ok.ru
http://wg68.ok.ru
http://wg69.ok.ru
http://wg7.ok.ru
http://wg70.ok.ru
http://wg71.ok.ru
http://wg72.ok.ru
http://wg73.ok.ru
http://wg74.ok.ru
http://wg75.ok.ru
http://wg77.ok.ru
http://wg8.ok.ru
http://wg80.ok.ru
http://wg81.ok.ru
http://wg82.ok.ru
http://wg83.ok.ru
http://wg84.ok.ru
http://wg85.ok.ru
http://wg86.ok.ru
http://wg87.ok.ru
http://wg88.ok.ru
http://wg89.ok.ru
http://wg9.ok.ru
http://wg90.ok.ru
http://wg91.ok.ru
http://wg92.ok.ru
http://wg93.ok.ru
http://wg94.ok.ru
http://wg95.ok.ru
http://wg96.ok.ru
http://wg97.ok.ru
http://wg98.ok.ru
http://wg99.ok.ru
http://wishlist.ok.ru
http://wmf.ok.ru
http://wmf1.ok.ru
http://wmft.ok.ru
http://wmftg.ok.ru
http://www.ok.ru
http://yandex.ok.ru
https://ads.ok.ru
https://adv.ok.ru
https://amigo.api.ok.ru
https://amigo.www.ok.ru
https://api-messages-ws.ok.ru
https://api-messages.ok.ru
https://api-ws.ok.ru
https://api.ok.ru
https://apiijet.ok.ru
https://apimobile.ok.ru
https://apitest.ok.ru
https://apitest2.ok.ru
https://apitg.ok.ru
https://auth.ok.ru
https://autodiscover.ok.ru
https://canvas.ok.ru
https://cards.ok.ru
https://chronopay.ok.ru
https://click.ok.ru
https://connect.ok.ru
https://dg50.ok.ru
https://dg51.ok.ru
https://dg52.ok.ru
https://dg53.ok.ru
https://dg54.ok.ru
https://dg55.ok.ru
https://discounts.ok.ru
https://dmr.ok.ru
https://dp.ok.ru
https://dsm.ok.ru
https://dsp.ok.ru
https://email.ok.ru
https://fedchin.ok.ru
https://games.ok.ru
https://gic0.ok.ru
https://gic1.ok.ru
https://gic2.ok.ru
https://gic3.ok.ru
https://gic4.ok.ru
https://gic5.ok.ru
https://gic6.ok.ru
https://gic7.ok.ru
https://gup.ok.ru
https://ia100.ok.ru
https://ia127.ok.ru
https://ic1.ok.ru
https://ic10.ok.ru
https://ic11.ok.ru
https://ic12.ok.ru
https://ic13.ok.ru
https://ic14.ok.ru
https://ic15.ok.ru
https://ic16.ok.ru
https://ic17.ok.ru
https://ic18.ok.ru
https://ic19.ok.ru
https://ic2.ok.ru
https://ic20.ok.ru
https://ic21.ok.ru
https://ic22.ok.ru
https://ic23.ok.ru
https://ic24.ok.ru
https://ic3.ok.ru
https://ic4.ok.ru
https://ic5.ok.ru
https://ic6.ok.ru
https://ic7.ok.ru
https://ic8.ok.ru
https://ic9.ok.ru
https://icq.ok.ru
https://ifree.ok.ru
https://igry.ok.ru
https://inform.ok.ru
https://itd0.ok.ru
https://itd1.ok.ru
https://itd2.ok.ru
https://itd3.ok.ru
https://m.ok.ru
https://mapi.ok.ru
https://mapitest.ok.ru
https://mapptest.ok.ru
https://maps.ok.ru
https://messages.ok.ru
https://mobile.ok.ru
https://mobile2.ok.ru
https://mobtest2.ok.ru
https://moderation-bot.ok.ru
https://mpay.ok.ru
https://mpaytg.ok.ru
https://msg.ok.ru
https://mtest.ok.ru
https://mtest2.ok.ru
https://musicupload.ok.ru
https://official.ok.ru
https://ok.ru
https://okno.ok.ru
https://payment.ok.ru
https://paymentnew.ok.ru
https://paymenttg.ok.ru
https://plastic.ok.ru
https://play.ok.ru
https://playfon.ok.ru
https://playtest.ok.ru
https://polygon.ok.ru
https://qiwi.ok.ru
https://robox.ok.ru
https://shopping.ok.ru
https://smileup.ok.ru
https://smsdelivery.ok.ru
https://smsonline.ok.ru
https://smstest.ok.ru
https://soap.ok.ru
https://stgs.ok.ru
https://tamtam-lp-dc1.ok.ru
https://tamtam-lp-dc2.ok.ru
https://tamtam-lp-kc1.ok.ru
https://tamtam-lp-kc2.ok.ru
https://tamtam-lp-pc1.ok.ru
https://tamtam-lp-pc2.ok.ru
https://tamtam-lp.ok.ru
https://tamtam-ws.ok.ru
https://tamtam.ok.ru
https://target.ok.ru
https://test2.ok.ru
https://test3.ok.ru
https://testproxy.ok.ru
https://testproxy2.ok.ru
https://tgproxy.ok.ru
https://tgproxy2.ok.ru
https://uld1.ok.ru
https://uld11.ok.ru
https://uld13.ok.ru
https://uld15.ok.ru
https://uld3.ok.ru
https://uld5.ok.ru
https://uld7.ok.ru
https://uld9.ok.ru
https://usp.ok.ru
https://vasmedia.ok.ru
https://videoapi.ok.ru
https://videotest.ok.ru
https://videotestapi.ok.ru
https://videotgweb.ok.ru
https://wap.ok.ru
https://webmoney.ok.ru
https://webrtc-api-tg.ok.ru
https://wg1.ok.ru
https://wg10.ok.ru
https://wg101.ok.ru
https://wg106.ok.ru
https://wg11.ok.ru
https://wg12.ok.ru
https://wg13.ok.ru
https://wg131.ok.ru
https://wg14.ok.ru
https://wg144.ok.ru
https://wg148.ok.ru
https://wg15.ok.ru
https://wg16.ok.ru
https://wg17.ok.ru
https://wg18.ok.ru
https://wg19.ok.ru
https://wg2.ok.ru
https://wg20.ok.ru
https://wg21.ok.ru
https://wg216.ok.ru
https://wg22.ok.ru
https://wg227.ok.ru
https://wg228.ok.ru
https://wg23.ok.ru
https://wg236.ok.ru
https://wg24.ok.ru
https://wg25.ok.ru
https://wg26.ok.ru
https://wg27.ok.ru
https://wg28.ok.ru
https://wg29.ok.ru
https://wg3.ok.ru
https://wg30.ok.ru
https://wg31.ok.ru
https://wg32.ok.ru
https://wg33.ok.ru
https://wg34.ok.ru
https://wg35.ok.ru
https://wg36.ok.ru
https://wg37.ok.ru
https://wg38.ok.ru
https://wg39.ok.ru
https://wg4.ok.ru
https://wg40.ok.ru
https://wg41.ok.ru
https://wg42.ok.ru
https://wg43.ok.ru
https://wg44.ok.ru
https://wg45.ok.ru
https://wg46.ok.ru
https://wg47.ok.ru
https://wg48.ok.ru
https://wg49.ok.ru
https://wg5.ok.ru
https://wg50.ok.ru
https://wg51.ok.ru
https://wg52.ok.ru
https://wg53.ok.ru
https://wg54.ok.ru
https://wg55.ok.ru
https://wg56.ok.ru
https://wg58.ok.ru
https://wg59.ok.ru
https://wg6.ok.ru
https://wg60.ok.ru
https://wg63.ok.ru
https://wg64.ok.ru
https://wg65.ok.ru
https://wg66.ok.ru
https://wg67.ok.ru
https://wg68.ok.ru
https://wg69.ok.ru
https://wg7.ok.ru
https://wg70.ok.ru
https://wg71.ok.ru
https://wg72.ok.ru
https://wg73.ok.ru
https://wg74.ok.ru
https://wg75.ok.ru
https://wg77.ok.ru
https://wg8.ok.ru
https://wg80.ok.ru
https://wg81.ok.ru
https://wg82.ok.ru
https://wg83.ok.ru
https://wg84.ok.ru
https://wg85.ok.ru
https://wg86.ok.ru
https://wg87.ok.ru
https://wg88.ok.ru
https://wg89.ok.ru
https://wg9.ok.ru
https://wg90.ok.ru
https://wg91.ok.ru
https://wg92.ok.ru
https://wg93.ok.ru
https://wg94.ok.ru
https://wg95.ok.ru
https://wg96.ok.ru
https://wg97.ok.ru
https://wg98.ok.ru
https://wg99.ok.ru
https://wishlist.ok.ru
https://wmf.ok.ru
https://wmf1.ok.ru
https://wmft.ok.ru
https://wmftg.ok.ru
https://www.ok.ru
https://yandex.ok.ru
