http://admin-loadtest2.fallguys-dev.oncatapult.com
http://buildlogsportal.tools.oncatapult.com
http://dev.cms-dev.oncatapult.com
http://docs-jon.catapult-dev.oncatapult.com
http://docs.catapult-dev.oncatapult.com
http://elasticsearch.catapult-dev.oncatapult.com
http://es-dev.fallguys-dev.oncatapult.com
http://es-loadtest.fallguys-dev.oncatapult.com
http://es-prod.fallguys.oncatapult.com
http://internal.cms.oncatapult.com
http://kibana-dev.fallguys-dev.oncatapult.com
http://kibana-loadtest.fallguys-dev.oncatapult.com
http://kibana-prod.fallguys.oncatapult.com
http://kibana.catapult-dev.oncatapult.com
http://loadtest-api-westeurope-0.fallguys-dev.oncatapult.com
http://mmbetaapi.fallguys-dev.oncatapult.com
http://prod.cms.oncatapult.com
http://serverstats.tools.oncatapult.com
http://service-analytics-testci.catapult-dev.oncatapult.com
http://stage.cms-dev.oncatapult.com
http://testhost-rest-testci.catapult-dev.oncatapult.com
https://admin-clientdev.fallguys-dev.oncatapult.com
https://admin-closedbeta.fallguys-dev.oncatapult.com
https://admin-compatqa.fallguys-dev.oncatapult.com
https://admin-complianceqa.fallguys-dev.oncatapult.com
https://admin-externalqa.fallguys-dev.oncatapult.com
https://admin-internalqa.fallguys-dev.oncatapult.com
https://admin-loadtest2.fallguys-dev.oncatapult.com
https://admin-mobileqa.fallguys-dev.oncatapult.com
https://admin-openbeta.fallguys-dev.oncatapult.com
https://admin-porting.fallguys-dev.oncatapult.com
https://admin-prod.fallguys.oncatapult.com
https://admin-prod3.fallguys.oncatapult.com
https://admin-staging.fallguys.oncatapult.com
https://admin-testci.fallguys-dev.oncatapult.com
https://admin-unstable.fallguys-dev.oncatapult.com
https://analytics-gateway-prod.fallguys.oncatapult.com
https://analytics-gateway.fallguys.oncatapult.com
https://buildlogsportal.tools.oncatapult.com
https://dev.cms-dev.oncatapult.com
https://docs-jon.catapult-dev.oncatapult.com
https://docs.catapult-dev.oncatapult.com
https://elasticsearch.catapult-dev.oncatapult.com
https://es-dev.fallguys-dev.oncatapult.com
https://es-loadtest.fallguys-dev.oncatapult.com
https://es-prod.fallguys.oncatapult.com
https://gateway-admin-clientdev.fallguys-dev.oncatapult.com
https://gateway-admin-closedbeta.fallguys-dev.oncatapult.com
https://gateway-admin-compatqa.fallguys-dev.oncatapult.com
https://gateway-admin-complianceqa.fallguys-dev.oncatapult.com
https://gateway-admin-externalqa.fallguys-dev.oncatapult.com
https://gateway-admin-internalqa.fallguys-dev.oncatapult.com
https://gateway-admin-loadtest2.fallguys-dev.oncatapult.com
https://gateway-admin-mobileqa.fallguys-dev.oncatapult.com
https://gateway-admin-openbeta.fallguys-dev.oncatapult.com
https://gateway-admin-porting.fallguys-dev.oncatapult.com
https://gateway-admin-prod3.fallguys.oncatapult.com
https://gateway-admin-staging.fallguys.oncatapult.com
https://gateway-admin-testci.fallguys-dev.oncatapult.com
https://gateway-admin-unstable.fallguys-dev.oncatapult.com
https://gateway-prod3.fallguys.oncatapult.com
https://gateway.fallguys.oncatapult.com
https://internal.cms.oncatapult.com
https://kibana-dev.fallguys-dev.oncatapult.com
https://kibana-loadtest.fallguys-dev.oncatapult.com
https://kibana-prod.fallguys.oncatapult.com
https://kibana.catapult-dev.oncatapult.com
https://level-gateway-loadtest2.fallguys-dev.oncatapult.com
https://level-gateway-testci.fallguys-dev.oncatapult.com
https://loadtest-api-westeurope-0.fallguys-dev.oncatapult.com
https://login-admin-clientdev.fallguys-dev.oncatapult.com
https://login-admin-closedbeta.fallguys-dev.oncatapult.com
https://login-admin-compatqa.fallguys-dev.oncatapult.com
https://login-admin-complianceqa.fallguys-dev.oncatapult.com
https://login-admin-externalqa.fallguys-dev.oncatapult.com
https://login-admin-internalqa.fallguys-dev.oncatapult.com
https://login-admin-loadtest2.fallguys-dev.oncatapult.com
https://login-admin-mobileqa.fallguys-dev.oncatapult.com
https://login-admin-openbeta.fallguys-dev.oncatapult.com
https://login-admin-porting.fallguys-dev.oncatapult.com
https://login-admin-prod3.fallguys.oncatapult.com
https://login-admin-staging.fallguys.oncatapult.com
https://login-admin-testci.fallguys-dev.oncatapult.com
https://login-admin-unstable.fallguys-dev.oncatapult.com
https://login-prod3.fallguys.oncatapult.com
https://login.fallguys.oncatapult.com
https://matchmaking-gateway-clientdev.fallguys-dev.oncatapult.com
https://matchmaking-gateway-closedbeta.fallguys-dev.oncatapult.com
https://matchmaking-gateway-compatqa.fallguys-dev.oncatapult.com
https://matchmaking-gateway-complianceqa.fallguys-dev.oncatapult.com
https://matchmaking-gateway-externalqa.fallguys-dev.oncatapult.com
https://matchmaking-gateway-internalqa.fallguys-dev.oncatapult.com
https://matchmaking-gateway-loadtest2.fallguys-dev.oncatapult.com
https://matchmaking-gateway-openbeta.fallguys-dev.oncatapult.com
https://matchmaking-gateway-porting.fallguys-dev.oncatapult.com
https://matchmaking-gateway-prod3.fallguys.oncatapult.com
https://matchmaking-gateway-staging.fallguys.oncatapult.com
https://matchmaking-gateway-testci.fallguys-dev.oncatapult.com
https://matchmaking-gateway-unstable.fallguys-dev.oncatapult.com
https://mmbetaapi.fallguys-dev.oncatapult.com
https://modules-gateway-testci.catapult-dev.oncatapult.com
https://nats-proxy-testci.catapult-dev.oncatapult.com
https://nats-proxy-testci.fallguys-dev.oncatapult.com
https://prod.cms.oncatapult.com
https://serverstats.tools.oncatapult.com
https://service-gateway-testci.catapult-dev.oncatapult.com
https://service-login-testci.catapult-dev.oncatapult.com
https://stage.cms-dev.oncatapult.com
https://testhost-rest-testci.catapult-dev.oncatapult.com
https://testhost-testci.catapult-dev.oncatapult.com
