http://api.opensea.io
http://api.opensea.io:2082
http://api.opensea.io:2083
http://api.opensea.io:2086
http://api.opensea.io:2087
http://api.opensea.io:8080
http://api.opensea.io:8443
http://api.opensea.io:8880
http://api2.opensea.io
http://api2.opensea.io:2052
http://api2.opensea.io:2082
http://api2.opensea.io:2086
http://api2.opensea.io:8080
http://api2.opensea.io:8880
http://atlantis.k8s.opensea.io
http://atlantis.k8s.opensea.io:8080
http://blog.opensea.io
http://blog.opensea.io:2082
http://blog.opensea.io:2086
http://blog.opensea.io:8080
http://blog.opensea.io:8880
http://castle.opensea.io
http://castle.opensea.io:2082
http://castle.opensea.io:2086
http://castle.opensea.io:8080
http://castle.opensea.io:8880
http://creatures-api.opensea.io
http://creatures-api.opensea.io:2082
http://creatures-api.opensea.io:2083
http://creatures-api.opensea.io:2086
http://creatures-api.opensea.io:2087
http://creatures-api.opensea.io:8080
http://creatures-api.opensea.io:8443
http://creatures-api.opensea.io:8880
http://csp.opensea.io
http://dev-storage.opensea.io
http://dev-storage.opensea.io:8080
http://developers.opensea.io
http://developers.opensea.io:2052
http://developers.opensea.io:2082
http://developers.opensea.io:2086
http://developers.opensea.io:8080
http://developers.opensea.io:8880
http://docs.opensea.io
http://docs.opensea.io:2082
http://docs.opensea.io:2083
http://docs.opensea.io:2086
http://docs.opensea.io:2087
http://docs.opensea.io:2095
http://docs.opensea.io:2096
http://docs.opensea.io:8080
http://docs.opensea.io:8443
http://docs.opensea.io:8880
http://email.opensea.io
http://email.opensea.io:2052
http://email.opensea.io:2082
http://email.opensea.io:2083
http://email.opensea.io:2086
http://email.opensea.io:2087
http://email.opensea.io:8080
http://email.opensea.io:8443
http://email.opensea.io:8880
http://features-proxy.opensea.io
http://features-proxy.opensea.io:2082
http://features-proxy.opensea.io:2083
http://features-proxy.opensea.io:2086
http://features-proxy.opensea.io:2087
http://features-proxy.opensea.io:8080
http://features-proxy.opensea.io:8443
http://features-proxy.opensea.io:8880
http://matic.opensea.io
http://matic.opensea.io:2082
http://matic.opensea.io:2086
http://matic.opensea.io:8080
http://matic.opensea.io:8880
http://opensea.io
http://opensea.io:2082
http://opensea.io:2086
http://opensea.io:8080
http://opensea.io:8880
http://rinkeby-api.opensea.io
http://rinkeby-api.opensea.io:2082
http://rinkeby-api.opensea.io:2086
http://rinkeby-api.opensea.io:8080
http://rinkeby-api.opensea.io:8880
http://rinkeby-storage.opensea.io
http://rinkeby-storage.opensea.io:2082
http://rinkeby-storage.opensea.io:2083
http://rinkeby-storage.opensea.io:2086
http://rinkeby-storage.opensea.io:2087
http://rinkeby-storage.opensea.io:8080
http://rinkeby-storage.opensea.io:8443
http://rinkeby-storage.opensea.io:8880
http://rinkeby.opensea.io
http://rinkeby.opensea.io:2052
http://rinkeby.opensea.io:2082
http://rinkeby.opensea.io:2086
http://rinkeby.opensea.io:8080
http://rinkeby.opensea.io:8880
http://static.opensea.io
http://static.opensea.io:2052
http://static.opensea.io:2082
http://static.opensea.io:2083
http://static.opensea.io:2086
http://static.opensea.io:2087
http://static.opensea.io:8080
http://static.opensea.io:8443
http://static.opensea.io:8880
http://status.opensea.io
http://storage.opensea.io
http://storage.opensea.io:2052
http://storage.opensea.io:2082
http://storage.opensea.io:2083
http://storage.opensea.io:2086
http://storage.opensea.io:2087
http://storage.opensea.io:8080
http://storage.opensea.io:8443
http://storage.opensea.io:8880
http://support.opensea.io
http://support.opensea.io:2083
http://support.opensea.io:2087
http://support.opensea.io:2096
http://support.opensea.io:8443
http://testnets-api.opensea.io
http://testnets-api.opensea.io:2082
http://testnets-api.opensea.io:2083
http://testnets-api.opensea.io:2086
http://testnets-api.opensea.io:2087
http://testnets-api.opensea.io:8080
http://testnets-api.opensea.io:8443
http://testnets-api.opensea.io:8880
http://testnets.opensea.io
http://testnets.opensea.io:2082
http://testnets.opensea.io:2086
http://testnets.opensea.io:8080
http://testnets.opensea.io:8880
http://www.atlantis.k8s.opensea.io
http://www.atlantis.k8s.opensea.io:8080
http://www.opensea.io
http://www.opensea.io:2082
http://www.opensea.io:2086
http://www.opensea.io:8080
http://www.opensea.io:8880
https://api.opensea.io
https://api2.opensea.io
https://api2.opensea.io:2083
https://api2.opensea.io:2087
https://api2.opensea.io:8443
https://atlantis.k8s.opensea.io
https://blog.opensea.io
https://blog.opensea.io:2083
https://blog.opensea.io:2087
https://blog.opensea.io:8443
https://castle.opensea.io
https://castle.opensea.io:2083
https://castle.opensea.io:2087
https://castle.opensea.io:8443
https://creatures-api.opensea.io
https://csp.opensea.io
https://dev-storage.opensea.io
https://developers.opensea.io
https://developers.opensea.io:2083
https://developers.opensea.io:2087
https://developers.opensea.io:8443
https://docs.opensea.io
https://email.opensea.io
https://features-proxy.opensea.io
https://matic.opensea.io
https://matic.opensea.io:2083
https://matic.opensea.io:2087
https://matic.opensea.io:8443
https://opensea.io
https://opensea.io:2083
https://opensea.io:2087
https://opensea.io:8443
https://rinkeby-api.opensea.io
https://rinkeby-api.opensea.io:2083
https://rinkeby-api.opensea.io:2087
https://rinkeby-api.opensea.io:8443
https://rinkeby-storage.opensea.io
https://rinkeby.opensea.io
https://rinkeby.opensea.io:2083
https://rinkeby.opensea.io:2087
https://rinkeby.opensea.io:8443
https://static.opensea.io
https://status.opensea.io
https://storage.opensea.io
https://support.opensea.io
https://testnets-api.opensea.io
https://testnets.opensea.io
https://testnets.opensea.io:2083
https://testnets.opensea.io:2087
https://testnets.opensea.io:8443
https://www.atlantis.k8s.opensea.io
https://www.opensea.io
https://www.opensea.io:2083
https://www.opensea.io:2087
https://www.opensea.io:8443
