http://admin.speeddials.opera.software
http://airflow-dev.osp.opera.software
http://airflow-legacy.osp.opera.software
http://airflow.osp.opera.software
http://am4.vpn.opera.software
http://amsterdam.vpn.opera.software
http://apt-internal.opera.software
http://aws.opera.software
http://bbui.android.opera.software
http://bream-dev.opera.software
http://bream.opera.software
http://buildbot-dev.opera.software
http://buildbot.opera.software
http://dns-ui.opera.software
http://era.opera.software
http://footer.opera.software
http://gitlab.opera.software
http://graylog.opera.software
http://hoardr.opera.software
http://install.opera.software
http://lati-otp.opera.software
http://mailing-list.opera.software
http://mobsf.opera.software
http://n-infra-affive.opera.software
http://nessus.opera.software
http://ofa.android.opera.software
http://otp.opera.software
http://password.opera.software
http://pns.opera.software
http://redash.opera.software
http://request.opera.software
http://sadb.opera.software
http://screw.opera.software
http://screw.opera.software:8080
http://secret.opera.software
http://security.opera.software
http://sg1.opera.software
http://sonarqube.opera.software
http://trial-ci-cdn.osp.opera.software
http://trial-ci-cdn.osp.opera.software:8080
http://usernames.opera.software
http://vault.opera.software
http://vpn.opera.software
http://wiki.opera.software
http://xenos.opera.software
https://admin.speeddials.opera.software
https://airflow-dev.osp.opera.software
https://airflow-legacy.osp.opera.software
https://airflow.osp.opera.software
https://am4.vpn.opera.software
https://amsterdam.vpn.opera.software
https://apt-internal.opera.software
https://aws.opera.software
https://bbui.android.opera.software
https://bream.opera.software
https://buildbot-dev.opera.software
https://buildbot.opera.software
https://desktop-assistant-sub.osp.opera.software
https://desktop-dna.osp.opera.software
https://desktop-netinstaller-sub.osp.opera.software
https://desktop-qualityclient-sub.osp.opera.software
https://desktop-sessions-sub.osp.opera.software
https://dns-ui.opera.software
https://era.opera.software
https://footer.opera.software
https://gitlab.opera.software
https://graylog.opera.software
https://h05-17-01.osp.opera.software
https://h05-17-02.osp.opera.software
https://h05-17-03.osp.opera.software
https://h05-17-04.osp.opera.software
https://h05-18-02.osp.opera.software
https://h05-18-03.osp.opera.software
https://h05-18-04.osp.opera.software
https://h05-19-01.osp.opera.software
https://h05-19-02.osp.opera.software
https://h05-19-03.osp.opera.software
https://h05-19-04.osp.opera.software
https://h06-18-02.osp.opera.software
https://h06-18-03.osp.opera.software
https://h06-18-04.osp.opera.software
https://h06-19-01.osp.opera.software
https://h06-19-02.osp.opera.software
https://h06-19-03.osp.opera.software
https://h06-19-04.osp.opera.software
https://h07-20-01.osp.opera.software
https://h07-20-02.osp.opera.software
https://h07-20-03.osp.opera.software
https://h07-20-04.osp.opera.software
https://h07-21-01.osp.opera.software
https://h07-21-02.osp.opera.software
https://h07-21-03.osp.opera.software
https://h07-21-04.osp.opera.software
https://hoardr.opera.software
https://icinga-01.osp.opera.software
https://lati-otp.opera.software
https://lvs-ash-test.osp.opera.software
https://mailing-list.opera.software
https://mobsf.opera.software
https://n-infra-affive.opera.software
https://nessus.opera.software
https://ofa-b-sub.osp.opera.software
https://ofa-r-sub.osp.opera.software
https://ofa-sub.osp.opera.software
https://ofa.android.opera.software
https://operamini-sub.osp.opera.software
https://operanews-lite-app-sub.osp.opera.software
https://operanews-sub.osp.opera.software
https://ospstatus.osp.opera.software
https://ospsubmit-ash-01.osp.opera.software
https://ospsubmit-ash-02.osp.opera.software
https://ospsubmit-ash-03.osp.opera.software
https://ospsubmit-ash-05.osp.opera.software
https://ospsubmit-ash-06.osp.opera.software
https://ospsubmit-ash-07.osp.opera.software
https://ospsubmit-ash-08.osp.opera.software
https://ospsubmit-ash-09.osp.opera.software
https://ospsubmit-ash-10.osp.opera.software
https://ospsubmit-ash-11.osp.opera.software
https://ospsubmit-ash-12.osp.opera.software
https://ospsubmit-ash-13.osp.opera.software
https://ospsubmit-ash-14.osp.opera.software
https://ospsubmit-ash-15.osp.opera.software
https://ospsubmit-ash-16.osp.opera.software
https://ospsubmit-ash-17.osp.opera.software
https://ospsubmit-ash-18.osp.opera.software
https://ospsubmit-ash-19.osp.opera.software
https://otp.opera.software
https://password.opera.software
https://pns.opera.software
https://redash.opera.software
https://request.opera.software
https://revenueapi-test.osp.opera.software
https://revenueapi.osp.opera.software
https://sadb.opera.software
https://schemaserver-04.osp.opera.software
https://schemaserver.osp.opera.software
https://screw.opera.software
https://secret.opera.software
https://security.opera.software
https://sentry-am3-01.osp.opera.software
https://sg1.opera.software
https://sonarqube.opera.software
https://submit-am4.osp.opera.software
https://submit-ash.osp.opera.software
https://submit-com-am4.osp.opera.software
https://submit-com-ash.osp.opera.software
https://submit-com-target.osp.opera.software
https://submit-target.osp.opera.software
https://trial-ci-cdn.osp.opera.software
https://usernames.opera.software
https://vault.opera.software
https://vpn.opera.software
https://wiki.opera.software
https://xenos.opera.software
