http://cdn-demo.paydiant.com
http://cdn-staging.paydiant.com
http://cdn.paydiant.com
http://e.paydiant.com
http://email.paydiant.com
http://eng.external.skybridge.paydiant.com:8080
http://engpki.paydiant.com
http://ftp.paydiant.com
http://paydiant.com
http://prodpki.paydiant.com
http://support.paydiant.com
http://webmail.paydiant.com
http://wifiguest.paydiant.com
https://apache1.eng.paydiant.com
https://api-b2b.certification.paydiant.com
https://api-b2b.paydiant.com
https://api-b2b.qa.paydiant.com
https://api-b2b.staging.paydiant.com
https://api-b2b.testing.paydiant.com
https://atm.paydiant.com
https://atmgateway-iso.certification.paydiant.com
https://atmgateway-iso.paydiant.com
https://atmgateway.certification.paydiant.com
https://atmgateway.paydiant.com
https://atmgateway.paydiant.com:445
https://atmgateway.staging.paydiant.com
https://auto.eng.paydiant.com
https://bmoharris-b2b.paydiant.com
https://bmoharris-b2b.paydiant.com:445
https://cdn-demo.paydiant.com
https://cdn-staging.paydiant.com
https://cdn.paydiant.com
https://certification-sitestatus.external.skybridge.paydiant.com
https://client-vpn.us-east-1.infnonprod.hub.paydiant.com
https://client-vpn.us-east-1.infprod.hub.paydiant.com
https://dc6-sslvpn.paydiant.com
https://dc6.sslvpn.paydiant.com
https://e.paydiant.com
https://email.paydiant.com
https://fis.eng.paydiant.com
https://lb-blue.us-east-1.certification.core.paydiant.com
https://lb-blue.us-east-1.engineering.core.paydiant.com
https://lb-blue.us-east-1.production.core.paydiant.com
https://lb-blue.us-east-1.staging.core.paydiant.com
https://lb-blue.us-east-1.testing.core.paydiant.com
https://lb-green.us-east-1.certification.core.paydiant.com
https://lb-green.us-east-1.engineering.core.paydiant.com
https://lb-green.us-east-1.production.core.paydiant.com
https://lb-green.us-east-1.staging.core.paydiant.com
https://lb-green.us-east-1.testing.core.paydiant.com
https://lb-sasi.us-east-1.certification.core.paydiant.com
https://lb-sasi.us-east-1.engineering.core.paydiant.com
https://lb-sasi.us-east-1.production.core.paydiant.com
https://lb-sasi.us-east-1.staging.core.paydiant.com
https://lb-sasi.us-east-1.testing.core.paydiant.com
https://lb.us-east-1.certification.core.paydiant.com
https://lb.us-east-1.engineering.core.paydiant.com
https://lb.us-east-1.production.core.paydiant.com
https://lb.us-east-1.staging.core.paydiant.com
https://lb.us-east-1.testing.core.paydiant.com
https://macys.eng.paydiant.com
https://mainapi-b2b.paydiant.com
https://prod-sitestatus.external.skybridge.paydiant.com
https://reports.paydiant.com
https://sasi.staging.paydiant.com
https://sasiapi-b2b.paydiant.com
https://sasiapi-b2b.staging.paydiant.com
https://sasiatmgateway.paydiant.com
https://sslvpn-test.paydiant.com
https://sslvpn.paydiant.com
https://staging-sitestatus.external.skybridge.paydiant.com
https://support.paydiant.com
https://webmail.paydiant.com
https://wifiguest.paydiant.com
