http://0cd20b6fe61233e4a24bf70f30c9ba46.paypal.com
http://16695532.paypal.com
http://SECURE.UNINITIALIZED.REAL.paypal.com
http://active-mobile.paypal.com
http://active-www.paypal.com
http://adjvendor.paypal.com
http://api-3t-v2.sandbox.paypal.com
http://api-3t.glb.paypal.com
http://api-3t.paypal.com
http://api-3t.sandbox.paypal.com
http://api-aa-3t-v2.sandbox.paypal.com
http://api-aa-3t.glb.paypal.com
http://api-aa-3t.paypal.com
http://api-aa-3t.sandbox.paypal.com
http://api-aa-v2.sandbox.paypal.com
http://api-aa.glb.paypal.com
http://api-aa.paypal.com
http://api-aa.sandbox.paypal.com
http://api-m-edge.glb.paypal.com
http://api-m-fastly.glb.paypal.com
http://api-m-v2.sandbox.paypal.com
http://api-m.glb.paypal.com
http://api-m.paypal.com
http://api-m.sandbox.paypal.com
http://api-s-v2.sandbox.paypal.com
http://api-s.paypal.com
http://api-s.sandbox.paypal.com
http://api-v2.sandbox.paypal.com
http://api.financing.paypal.com
http://api.glb.paypal.com
http://api.paypal.com
http://api.sandbox.paypal.com
http://arkose.paypal.com
http://arkose.paypal.com:8080
http://arkose.paypal.com:8443
http://autodiscover.paypal.com
http://autodiscover.tpa.paypal.com
http://balancepayout.paypal.com
http://business-cog.paypal.com
http://business-signup.paypal.com
http://business-v2.sandbox.paypal.com
http://business.paypal.com
http://business.sandbox.paypal.com
http://c-fastly.glb.paypal.com
http://c-v2.sandbox.paypal.com
http://c.glb.paypal.com
http://c.paypal.com
http://c.sandbox.paypal.com
http://c6.glb.paypal.com
http://c6.paypal.com
http://ccg11-origin-www-2.paypal.com
http://ccg12-origin-api-1.paypal.com
http://checkout.paypal.com
http://click.emails.paypal.com
http://click.mktg1.paypal.com
http://cloud.emails.paypal.com
http://cors.api-v2.sandbox.paypal.com
http://cors.api.paypal.com
http://cors.api.sandbox.paypal.com
http://credit.paypal.com
http://creditapply.paypal.com
http://creditcard.paypal.com
http://creditcenter.paypal.com
http://demo-cdn.glb.paypal.com
http://demo.glb.paypal.com
http://demo.paypal.com
http://developer.glb.paypal.com
http://developer.paypal.com
http://dme-origin-www-1.paypal.com
http://dme-origin-www-2.paypal.com
http://financing.paypal.com
http://fpdbs.paypal.com
http://github-global.paypal.com
http://history.paypal.com
http://hotspot.paypal.com
http://image.emails.paypal.com
http://ipnpb-v2.sandbox.paypal.com
http://ipnpb.paypal.com
http://ipnpb.sandbox.paypal.com
http://itsmail.paypal.com
http://lyncdiscover.paypal.com
http://m.paypal.com
http://mail.paypal.com
http://manager.payflow.edge.paypal.com
http://manager.paypal.com
http://merchant.paypal.com
http://misc-redirect.paypal.com
http://mobile.paypal.com
http://msoid.paypal.com
http://o365a.paypal.com
http://onboarding.paypal.com
http://origin-ad.paypal.com
http://origin-history.paypal.com
http://origin-processing.paypal.com
http://origin-t.paypal.com
http://p.paypal.com
http://partner-monitoring.paypal.com
http://partner-monitoring.paypal.com:8080
http://partnermanager.paypal.com
http://payflowlink.paypal.com
http://payments-reports.paypal.com
http://payouts.paypal.com
http://paypal.com
http://paypalmanager.paypal.com
http://paypalmanager.sandbox.paypal.com
http://pep.paypal.com
http://petition.paypal.com
http://phx-origin-history-1.paypal.com
http://phx-origin-history-2.paypal.com
http://phx-origin-history.paypal.com
http://phx-origin-pointofsale.paypal.com
http://phx-origin-t.paypal.com
http://pics-v2.sandbox.paypal.com
http://pics.paypal.com
http://pics.sandbox.paypal.com
http://pilot-payflowlink.paypal.com
http://pilot-payflowpro.paypal.com
http://pns.paypal.com
http://pointofsale-s.paypal.com
http://pointofsale.paypal.com
http://pointofsale.sandbox.paypal.com
http://postcollector.paypal.com
http://ppme-test.glb.paypal.com
http://ppme.glb.paypal.com
http://ppo-ru.glb.paypal.com
http://ppo.glb.paypal.com
http://qwac.paypal.com
http://registration.paypal.com
http://safebreach.paypal.com
http://safetyhub.paypal.com
http://sandbox.paypal.com
http://secure.uninitialized.real.paypal.com
http://securecards.paypal.com
http://securepayments-v2.sandbox.paypal.com
http://securepayments.paypal.com
http://securepayments.sandbox.paypal.com
http://shopping.paypal.com
http://slc-a-origin-history-1.paypal.com
http://slc-a-origin-history-2.paypal.com
http://slc-a-origin-history.paypal.com
http://slc-a-origin-t.paypal.com
http://slc-a-origin-www-2.paypal.com
http://slc-a-origin-www.paypal.com
http://slc-b-origin-history-1.paypal.com
http://slc-b-origin-history-2.paypal.com
http://slc-b-origin-history.paypal.com
http://slc-b-origin-t.paypal.com
http://stage-api-m.edge.paypal.com
http://stage-api.edge.paypal.com
http://stage-www.edge.paypal.com
http://status.paypal.com
http://svcs-v2.sandbox.paypal.com
http://svcs.glb.paypal.com
http://svcs.paypal.com
http://svcs.sandbox.paypal.com
http://t-fastly.glb.paypal.com
http://t.glb.paypal.com
http://t.paypal.com
http://uptycshon.paypal.com
http://uptycsize.paypal.com
http://uptycspay.paypal.com
http://uptycsven.paypal.com
http://view.emails.paypal.com
http://www-edge.glb.paypal.com
http://www-fastly.glb.paypal.com
http://www-ru.glb.paypal.com
http://www-v2.sandbox.paypal.com
http://www.glb.paypal.com
http://www.paypal.com
http://www.sandbox.paypal.com
http://www.sandbox.pilot.paypal.com
http://xml-reg.paypal.com
http://zettleintegrations.paypal.com
http://zootapi.paypal.com
https://0cd20b6fe61233e4a24bf70f30c9ba46.paypal.com
https://16695532.paypal.com
https://SECURE.UNINITIALIZED.REAL.paypal.com
https://active-c.paypal.com
https://active-c.sandbox.paypal.com
https://active-mobile.paypal.com
https://active-pics.paypal.com
https://active-www.paypal.com
https://adjvendor.paypal.com
https://api-3t-v2.sandbox.paypal.com
https://api-3t.glb.paypal.com
https://api-3t.paypal.com
https://api-3t.sandbox.paypal.com
https://api-3t.sandbox.pilot.paypal.com
https://api-aa-3t-v2.sandbox.paypal.com
https://api-aa-3t.glb.paypal.com
https://api-aa-3t.paypal.com
https://api-aa-3t.sandbox.paypal.com
https://api-aa-3t.sandbox.pilot.paypal.com
https://api-aa-v2.sandbox.paypal.com
https://api-aa.glb.paypal.com
https://api-aa.paypal.com
https://api-aa.sandbox.paypal.com
https://api-aa.sandbox.pilot.paypal.com
https://api-m-fastly.glb.paypal.com
https://api-m-v2.sandbox.paypal.com
https://api-m.glb.paypal.com
https://api-m.paypal.com
https://api-m.sandbox.paypal.com
https://api-s-v2.sandbox.paypal.com
https://api-s.paypal.com
https://api-s.sandbox.paypal.com
https://api-v2.sandbox.paypal.com
https://api.financing.paypal.com
https://api.paypal.com
https://api.sandbox.paypal.com
https://b.stats.paypal.com
https://balancepayout.paypal.com
https://blf.stats.paypal.com
https://business-cog.paypal.com
https://business-signup.paypal.com
https://business-v2.sandbox.paypal.com
https://business.paypal.com
https://business.sandbox.paypal.com
https://c-fastly.glb.paypal.com
https://c-v2.sandbox.paypal.com
https://c.glb.paypal.com
https://c.paypal.com
https://c.sandbox.paypal.com
https://c6.glb.paypal.com
https://c6.paypal.com
https://ccg01-origin-api-m-2.paypal.com
https://ccg12-origin-api-m-3.paypal.com
https://chd.stats.paypal.com
https://chd2.stats.paypal.com
https://checkout.paypal.com
https://click.emails.paypal.com
https://click.mktg1.paypal.com
https://cloud.emails.paypal.com
https://cloudmonitor1.paypal.com
https://cloudmonitor1.paypal.com:8088
https://cloudmonitor10.paypal.com
https://cloudmonitor10.paypal.com:8088
https://cloudmonitor11.paypal.com
https://cloudmonitor11.paypal.com:8088
https://cloudmonitor12.paypal.com
https://cloudmonitor12.paypal.com:8088
https://cloudmonitor13.paypal.com
https://cloudmonitor13.paypal.com:8088
https://cloudmonitor14.paypal.com
https://cloudmonitor14.paypal.com:8088
https://cloudmonitor15.paypal.com
https://cloudmonitor15.paypal.com:8088
https://cloudmonitor16.paypal.com
https://cloudmonitor16.paypal.com:8088
https://cloudmonitor17.paypal.com
https://cloudmonitor17.paypal.com:8088
https://cloudmonitor18.paypal.com
https://cloudmonitor18.paypal.com:8088
https://cloudmonitor19.paypal.com
https://cloudmonitor19.paypal.com:8088
https://cloudmonitor2.paypal.com
https://cloudmonitor2.paypal.com:8088
https://cloudmonitor20.paypal.com
https://cloudmonitor20.paypal.com:8088
https://cloudmonitor21.paypal.com
https://cloudmonitor21.paypal.com:8088
https://cloudmonitor3.paypal.com
https://cloudmonitor3.paypal.com:8088
https://cloudmonitor4.paypal.com
https://cloudmonitor4.paypal.com:8088
https://cloudmonitor5.paypal.com
https://cloudmonitor5.paypal.com:8088
https://cloudmonitor6.paypal.com
https://cloudmonitor6.paypal.com:8088
https://cloudmonitor7.paypal.com
https://cloudmonitor7.paypal.com:8088
https://cloudmonitor8.paypal.com
https://cloudmonitor8.paypal.com:8088
https://cloudmonitor9.paypal.com
https://cloudmonitor9.paypal.com:8088
https://commerce.paypal.com
https://commerce.paypal.com:8443
https://commerce.sandbox.paypal.com
https://commerce.sandbox.paypal.com:8443
https://cors.api-v2.sandbox.paypal.com
https://cors.api.paypal.com
https://cors.api.sandbox.paypal.com
https://credit.paypal.com
https://creditapply.paypal.com
https://creditcenter.paypal.com
https://demo-cdn.glb.paypal.com
https://demo.glb.paypal.com
https://demo.paypal.com
https://developer.glb.paypal.com
https://developer.paypal.com
https://dme-origin-www-1.paypal.com
https://dme-origin-www-2.paypal.com
https://dropzone.glb.paypal.com
https://dropzone.paypal.com
https://dub.stats.paypal.com
https://financing.paypal.com
https://fpdbs.paypal.com
https://fpdbs.sandbox.paypal.com
https://github-global.paypal.com
https://history.paypal.com
https://hnd.stats.paypal.com
https://image.emails.paypal.com
https://images-payflowlink.ppv.paypal.com
https://images.payflowlink.paypal.com
https://ipn.sandbox.pilot.paypal.com
https://ipnpb-v2.sandbox.paypal.com
https://ipnpb.paypal.com
https://ipnpb.sandbox.paypal.com
https://itsmail.paypal.com
https://lvs.stats.paypal.com
https://lyncdiscover.paypal.com
https://m.paypal.com
https://mail.paypal.com
https://manager.payflow.edge.paypal.com
https://manager.paypal.com
https://merchantapi.paypal.com
https://mftest5.test.paypal.com
https://misc-redirect.paypal.com
https://mobile.paypal.com
https://msoid.paypal.com
https://onboarding.paypal.com
https://origin-ad.paypal.com
https://origin-api-m.sandbox.paypal.com
https://origin-api-s.sandbox.paypal.com
https://origin-c.sandbox.paypal.com
https://origin-history.paypal.com
https://origin-t.paypal.com
https://p.paypal.com
https://partner-monitoring.paypal.com
https://partnermanager.paypal.com
https://payflowlink.payflow.edge.paypal.com
https://payflowlink.paypal.com
https://payflowpro.paypal.com
https://payments-reports.paypal.com
https://payouts.paypal.com
https://paypal.com
https://paypalmanager.paypal.com
https://paypalmanager.sandbox.paypal.com
https://pep.paypal.com
https://petition.paypal.com
https://phx-origin-api-m.paypal.com
https://phx-origin-api-s.paypal.com
https://phx-origin-c.paypal.com
https://phx-origin-demo.paypal.com
https://phx-origin-history-1.paypal.com
https://phx-origin-history-2.paypal.com
https://phx-origin-history.paypal.com
https://phx-origin-mediaproxyweb.paypal.com
https://phx-origin-pointofsale.paypal.com
https://phx-origin-posprivate-api-3t.paypal.com
https://phx-origin-posprivate-svcs.paypal.com
https://phx-origin-posprivatevpn-api-3t.paypal.com
https://phx-origin-posprivatevpn-svcs.paypal.com
https://phx-origin-t.paypal.com
https://pics-v2.sandbox.paypal.com
https://pics.paypal.com
https://pics.sandbox.paypal.com
https://pilot-payflowlink.payflow.edge.paypal.com
https://pilot-payflowlink.paypal.com
https://pilot-payflowpro.paypal.com
https://pns.paypal.com
https://pointofsale-s.paypal.com
https://pointofsale.paypal.com
https://pointofsale.sandbox.paypal.com
https://posprivate-svcs.paypal.com
https://posprivatevpn-svcs.paypal.com
https://postcollector.paypal.com
https://ppme-test.glb.paypal.com
https://ppme.glb.paypal.com
https://ppo-ru.glb.paypal.com
https://ppo.glb.paypal.com
https://qwac.paypal.com
https://registration.paypal.com
https://safebreach.paypal.com
https://safetyhub.paypal.com
https://sandbox.paypal.com
https://secure.paypal.com
https://secure.uninitialized.real.paypal.com
https://securecards.paypal.com
https://securepayments-v2.sandbox.paypal.com
https://securepayments.paypal.com
https://securepayments.sandbox.paypal.com
https://shopping.paypal.com
https://sip.paypal.com
https://slc-a-origin-api-m.paypal.com
https://slc-a-origin-api-s.paypal.com
https://slc-a-origin-c.paypal.com
https://slc-a-origin-demo.paypal.com
https://slc-a-origin-developer-1.slc.paypal.com
https://slc-a-origin-history-1.paypal.com
https://slc-a-origin-history-2.paypal.com
https://slc-a-origin-history.paypal.com
https://slc-a-origin-mediaproxyweb.paypal.com
https://slc-a-origin-posprivate-api-3t.paypal.com
https://slc-a-origin-posprivate-svcs.paypal.com
https://slc-a-origin-posprivatevpn-api-3t.paypal.com
https://slc-a-origin-posprivatevpn-svcs.paypal.com
https://slc-a-origin-t.paypal.com
https://slc-b-origin-api-m.paypal.com
https://slc-b-origin-api-s.paypal.com
https://slc-b-origin-c.paypal.com
https://slc-b-origin-demo.paypal.com
https://slc-b-origin-developer-1.slc.paypal.com
https://slc-b-origin-history-1.paypal.com
https://slc-b-origin-history-2.paypal.com
https://slc-b-origin-history.paypal.com
https://slc-b-origin-mediaproxyweb.paypal.com
https://slc-b-origin-posprivate-api-3t.paypal.com
https://slc-b-origin-posprivate-svcs.paypal.com
https://slc-b-origin-posprivatevpn-api-3t.paypal.com
https://slc-b-origin-posprivatevpn-svcs.paypal.com
https://slc-b-origin-t.paypal.com
https://slc2.stats.paypal.com
https://stage-www.edge.paypal.com
https://stats.glb.paypal.com
https://status.paypal.com
https://svcs-v2.sandbox.paypal.com
https://svcs.glb.paypal.com
https://svcs.paypal.com
https://svcs.sandbox.paypal.com
https://t-fastly.glb.paypal.com
https://t.glb.paypal.com
https://t.paypal.com
https://uptycshon.paypal.com
https://uptycsize.paypal.com
https://uptycspay.paypal.com
https://uptycsven.paypal.com
https://view.emails.paypal.com
https://www-edge.glb.paypal.com
https://www-fastly.glb.paypal.com
https://www-ru.glb.paypal.com
https://www-v2.sandbox.paypal.com
https://www.glb.paypal.com
https://www.paypal.com
https://www.sandbox.paypal.com
https://www.sandbox.pilot.paypal.com
https://xml-reg.paypal.com
https://xmlapi.paypal.com
https://zettleintegrations.paypal.com
https://zootapi.paypal.com
