http://api.periscope.tv
http://assets.periscope.tv
http://canary-api.periscope.tv
http://canary-transcode-proxy-us-east-1.periscope.tv
http://canary-transcode-us-east-1.periscope.tv
http://canary-web.periscope.tv
http://dev-ap-southeast-1.periscope.tv
http://dev-ap-southeast-2.periscope.tv
http://dev-api.periscope.tv
http://dev-assets.periscope.tv
http://dev-chatman-ancillary-eu-west-1.periscope.tv
http://dev-embed.periscope.tv
http://dev-eu-west-1.periscope.tv
http://dev-masks.periscope.tv
http://dev-profile.periscope.tv
http://dev-public-api-assets.periscope.tv
http://dev-replay.periscope.tv
http://dev-tn.periscope.tv
http://dev-transcode-eu-west-1.periscope.tv
http://dev-transcode-proxy-eu-west-1.periscope.tv
http://dev-transcode-proxy-us-west-2.periscope.tv
http://dev-transcode-us-west-2.periscope.tv
http://dev-video-us-west-2.periscope.tv
http://dev-vidman-eu-west-1.periscope.tv
http://dev-vidman-eu-west-1.periscope.tv:1935
http://embed.periscope.tv
http://help.periscope.tv
http://hls.periscope.tv
http://periscope.tv
http://prod-ap-northeast-1.periscope.tv
http://prod-ap-southeast-2.periscope.tv
http://prod-assets.periscope.tv
http://prod-ec-ap-northeast-1.video.periscope.tv
http://prod-ec-ap-southeast-1.video.periscope.tv
http://prod-ec-eu-central-1.video.periscope.tv
http://prod-ec-eu-west-1.video.periscope.tv
http://prod-ec-eu-west-3.video.periscope.tv
http://prod-ec-sa-east-1.video.periscope.tv
http://prod-ec-us-east-1.video.periscope.tv
http://prod-ec-us-west-1.video.periscope.tv
http://prod-ec-us-west-2.video.periscope.tv
http://prod-eu-central-1.periscope.tv
http://prod-fastly-ap-northeast-1.video.periscope.tv
http://prod-fastly-ap-northeast-2.video.periscope.tv
http://prod-fastly-ap-south-1.video.periscope.tv
http://prod-fastly-ap-southeast-1.video.periscope.tv
http://prod-fastly-ap-southeast-2.video.periscope.tv
http://prod-fastly-eu-central-1.video.periscope.tv
http://prod-fastly-eu-west-1.video.periscope.tv
http://prod-fastly-eu-west-3.video.periscope.tv
http://prod-fastly-sa-east-1.video.periscope.tv
http://prod-fastly-us-east-1.video.periscope.tv
http://prod-fastly-us-west-1.video.periscope.tv
http://prod-fastly-us-west-2.video.periscope.tv
http://prod-masks.periscope.tv
http://prod-profile.periscope.tv
http://prod-public-api-assets.periscope.tv
http://prod-sa-east-1.periscope.tv
http://prod-transcode-ap-northeast-2.periscope.tv
http://prod-transcode-ap-south-1.periscope.tv
http://prod-transcode-ap-southeast-1.periscope.tv
http://prod-transcode-ap-southeast-2.periscope.tv
http://prod-transcode-eu-central-1.periscope.tv
http://prod-transcode-eu-west-1.periscope.tv
http://prod-transcode-eu-west-3.periscope.tv
http://prod-transcode-proxy-ap-northeast-1.periscope.tv
http://prod-transcode-proxy-ap-south-1.periscope.tv
http://prod-transcode-proxy-ap-southeast-1.periscope.tv
http://prod-transcode-proxy-eu-west-3.periscope.tv
http://prod-transcode-proxy-us-east-1.periscope.tv
http://prod-transcode-sa-east-1.periscope.tv
http://prod-transcode-us-east-1.periscope.tv
http://prod-transcode-us-west-1.periscope.tv
http://prod-transcode-us-west-2.periscope.tv
http://prod-us-east-1.periscope.tv
http://prod-us-west-1.periscope.tv
http://prod-us-west-2.periscope.tv
http://prod-video-ap-northeast-1.periscope.tv
http://prod-video-ap-northeast-2.periscope.tv
http://prod-video-ap-south-1.periscope.tv
http://prod-video-ap-southeast-1.periscope.tv
http://prod-video-ap-southeast-2.periscope.tv
http://prod-video-eu-central-1.periscope.tv
http://prod-video-eu-west-1.periscope.tv
http://prod-video-eu-west-3.periscope.tv
http://prod-video-sa-east-1.periscope.tv
http://prod-video-us-east-1.periscope.tv
http://prod-video-us-west-1.periscope.tv
http://prod-video-us-west-2.periscope.tv
http://replay.periscope.tv
http://tn.periscope.tv
http://vidman-ap-northeast-1.periscope.tv
http://vidman-ap-northeast-1.periscope.tv:1935
http://vidman-ap-northeast-2.periscope.tv
http://vidman-ap-northeast-2.periscope.tv:1935
http://vidman-ap-southeast-1.periscope.tv
http://vidman-ap-southeast-1.periscope.tv:1935
http://vidman-ap-southeast-2.periscope.tv
http://vidman-ap-southeast-2.periscope.tv:1935
http://vidman-eu-central-1.periscope.tv
http://vidman-eu-central-1.periscope.tv:1935
http://vidman-eu-west-1.periscope.tv
http://vidman-eu-west-1.periscope.tv:1935
http://vidman-sa-east-1.periscope.tv
http://vidman-sa-east-1.periscope.tv:1935
http://vidman-us-east-1.periscope.tv
http://vidman-us-east-1.periscope.tv:1935
http://vidman-us-west-2.periscope.tv
http://vidman-us-west-2.periscope.tv:1935
http://web-ap-northeast-2.periscope.tv
http://web-ap-south-1.periscope.tv
http://web-ap-southeast-1.periscope.tv
http://web-ap-southeast-2.periscope.tv
http://web-eu-west-1.periscope.tv
http://web-sa-east-1.periscope.tv
http://web-us-east-1.periscope.tv
http://web-us-west-1.periscope.tv
http://web-us-west-2.periscope.tv
http://web.periscope.tv
http://www.periscope.tv
https://admin.periscope.tv
https://api.periscope.tv
https://assets.periscope.tv
https://canary-api.periscope.tv
https://canary-channels.periscope.tv
https://canary-guest.periscope.tv
https://canary-notification-service.periscope.tv
https://canary-payman.periscope.tv
https://canary-text-classification.periscope.tv
https://canary-transcode-proxy-us-east-1.periscope.tv
https://canary-transcode-us-east-1.periscope.tv
https://canary-web.periscope.tv
https://channels.periscope.tv
https://chatman-replay-us-east-1.periscope.tv
https://chatman-replay-us-west-2.periscope.tv
https://dev-ap-southeast-1.periscope.tv
https://dev-ap-southeast-2.periscope.tv
https://dev-api.periscope.tv
https://dev-assets.periscope.tv
https://dev-audit-trail.periscope.tv
https://dev-channels.periscope.tv
https://dev-chatman-ancillary-eu-west-1.periscope.tv
https://dev-chatman-replay-eu-west-1.periscope.tv
https://dev-chatman-replay-us-west-2.periscope.tv
https://dev-email.periscope.tv
https://dev-embed.periscope.tv
https://dev-eu-west-1.periscope.tv
https://dev-masks.periscope.tv
https://dev-notification-service.periscope.tv
https://dev-payman.periscope.tv
https://dev-profile.periscope.tv
https://dev-public-api-assets.periscope.tv
https://dev-public-api.periscope.tv
https://dev-replay.periscope.tv
https://dev-signer-eu-west-1.periscope.tv
https://dev-signer-us-west-2.periscope.tv
https://dev-signer.periscope.tv
https://dev-text-classification.periscope.tv
https://dev-tn.periscope.tv
https://dev-transcode-eu-west-1.periscope.tv
https://dev-transcode-proxy-eu-west-1.periscope.tv
https://dev-transcode-proxy-us-west-2.periscope.tv
https://dev-transcode-us-west-2.periscope.tv
https://dev-video-us-west-2.periscope.tv
https://dev-vidman-eu-west-1.periscope.tv
https://email.periscope.tv
https://embed.periscope.tv
https://guest.periscope.tv
https://help.periscope.tv
https://hls.periscope.tv
https://notification-service.periscope.tv
https://payman.periscope.tv
https://periscope.tv
https://prod-ap-northeast-1.periscope.tv
https://prod-ap-southeast-2.periscope.tv
https://prod-assets.periscope.tv
https://prod-chatman-ancillary-ap-northeast-1.periscope.tv
https://prod-chatman-ancillary-eu-central-1.periscope.tv
https://prod-chatman-ancillary-us-east-1.periscope.tv
https://prod-chatman-ancillary-us-west-2.periscope.tv
https://prod-ec-ap-northeast-1.video.periscope.tv
https://prod-ec-ap-southeast-1.video.periscope.tv
https://prod-ec-eu-central-1.video.periscope.tv
https://prod-ec-eu-west-1.video.periscope.tv
https://prod-ec-eu-west-3.video.periscope.tv
https://prod-ec-sa-east-1.video.periscope.tv
https://prod-ec-us-east-1.video.periscope.tv
https://prod-ec-us-west-1.video.periscope.tv
https://prod-ec-us-west-2.video.periscope.tv
https://prod-eu-central-1.periscope.tv
https://prod-fastly-ap-northeast-1.video.periscope.tv
https://prod-fastly-ap-northeast-2.video.periscope.tv
https://prod-fastly-ap-south-1.video.periscope.tv
https://prod-fastly-ap-southeast-1.video.periscope.tv
https://prod-fastly-ap-southeast-2.video.periscope.tv
https://prod-fastly-eu-central-1.video.periscope.tv
https://prod-fastly-eu-west-1.video.periscope.tv
https://prod-fastly-eu-west-3.video.periscope.tv
https://prod-fastly-sa-east-1.video.periscope.tv
https://prod-fastly-us-east-1.video.periscope.tv
https://prod-fastly-us-west-1.video.periscope.tv
https://prod-fastly-us-west-2.video.periscope.tv
https://prod-masks.periscope.tv
https://prod-profile.periscope.tv
https://prod-public-api-assets.periscope.tv
https://prod-sa-east-1.periscope.tv
https://prod-text-classification.periscope.tv
https://prod-transcode-ap-northeast-2.periscope.tv
https://prod-transcode-ap-south-1.periscope.tv
https://prod-transcode-ap-southeast-1.periscope.tv
https://prod-transcode-ap-southeast-2.periscope.tv
https://prod-transcode-eu-central-1.periscope.tv
https://prod-transcode-eu-west-1.periscope.tv
https://prod-transcode-eu-west-3.periscope.tv
https://prod-transcode-proxy-ap-northeast-1.periscope.tv
https://prod-transcode-proxy-ap-south-1.periscope.tv
https://prod-transcode-proxy-ap-southeast-1.periscope.tv
https://prod-transcode-proxy-eu-west-3.periscope.tv
https://prod-transcode-proxy-us-east-1.periscope.tv
https://prod-transcode-sa-east-1.periscope.tv
https://prod-transcode-us-east-1.periscope.tv
https://prod-transcode-us-west-1.periscope.tv
https://prod-transcode-us-west-2.periscope.tv
https://prod-us-east-1.periscope.tv
https://prod-us-west-1.periscope.tv
https://prod-us-west-2.periscope.tv
https://prod-video-ap-northeast-1.periscope.tv
https://prod-video-ap-northeast-2.periscope.tv
https://prod-video-ap-south-1.periscope.tv
https://prod-video-ap-southeast-1.periscope.tv
https://prod-video-ap-southeast-2.periscope.tv
https://prod-video-eu-central-1.periscope.tv
https://prod-video-eu-west-1.periscope.tv
https://prod-video-eu-west-3.periscope.tv
https://prod-video-sa-east-1.periscope.tv
https://prod-video-us-east-1.periscope.tv
https://prod-video-us-west-1.periscope.tv
https://prod-video-us-west-2.periscope.tv
https://public-api-ws.periscope.tv
https://public-api.periscope.tv
https://replay.periscope.tv
https://safety.periscope.tv
https://signer-ap-northeast-1.periscope.tv
https://signer-ap-northeast-2.periscope.tv
https://signer-ap-south-1.periscope.tv
https://signer-ap-southeast-2.periscope.tv
https://signer-eu-central-1.periscope.tv
https://signer-eu-west-1.periscope.tv
https://signer-sa-east-1.periscope.tv
https://signer-us-west-2.periscope.tv
https://signer.periscope.tv
https://tn.periscope.tv
https://vidman-ap-northeast-1.periscope.tv
https://vidman-ap-northeast-2.periscope.tv
https://vidman-ap-southeast-1.periscope.tv
https://vidman-ap-southeast-2.periscope.tv
https://vidman-eu-central-1.periscope.tv
https://vidman-eu-west-1.periscope.tv
https://vidman-sa-east-1.periscope.tv
https://vidman-us-east-1.periscope.tv
https://vidman-us-west-2.periscope.tv
https://web-ap-northeast-2.periscope.tv
https://web-ap-south-1.periscope.tv
https://web-ap-southeast-1.periscope.tv
https://web-ap-southeast-2.periscope.tv
https://web-eu-west-1.periscope.tv
https://web-sa-east-1.periscope.tv
https://web-us-east-1.periscope.tv
https://web-us-west-1.periscope.tv
https://web-us-west-2.periscope.tv
https://web.periscope.tv
https://www.periscope.tv
