http://api-server.pexels.com
http://api.pexels.com
http://blog.pexels.com
http://cat.pexels.com
http://e.community.pexels.com
http://elephant.pexels.com
http://email.pexels.com
http://flamingo.pexels.com
http://help.pexels.com
http://images.pexels.com
http://kibana.pexels.com
http://l.community.pexels.com
http://lion.pexels.com
http://mantis.pexels.com
http://mobius.pexels.com
http://newsletter.pexels.com
http://o2986.e.community.pexels.com
http://platypus.pexels.com
http://presets.pexels.com
http://react.pexels.com
http://reacta.pexels.com
http://reactb.pexels.com
http://sendy.pexels.com
http://staging.pexels.com
http://static-videos.pexels.com
http://static.pexels.com
http://www.pexels.com
http://zoomapp.pexels.com
https://api-server.pexels.com
https://api.pexels.com
https://blog.pexels.com
https://cat.pexels.com
https://e.community.pexels.com
https://elephant.pexels.com
https://email.pexels.com
https://flamingo.pexels.com
https://help.pexels.com
https://images.pexels.com
https://kibana.pexels.com
https://l.community.pexels.com
https://lion.pexels.com
https://mantis.pexels.com
https://newsletter.pexels.com
https://o2986.e.community.pexels.com
https://platypus.pexels.com
https://presets.pexels.com
https://react.pexels.com
https://reacta.pexels.com
https://reactb.pexels.com
https://sendy.pexels.com
https://staging.pexels.com
https://static-videos.pexels.com
https://static.pexels.com
https://www.pexels.com
https://zoomapp.pexels.com
