http://a.ad.playstation.net
http://a0.ww.np.dl.playstation.net
http://a0.ww.sp-int.dl.playstation.net
http://a01.cdn.update.playstation.net
http://a02.cdn.update.playstation.net
http://a03.cdn.update.playstation.net
http://a04.cdn.update.playstation.net
http://a1.ww.np.dl.playstation.net
http://account.d1-np.ac.playstation.net
http://account.d1-pmgt.ac.playstation.net
http://account.d1-pqa.ac.playstation.net
http://account.d1-spint.ac.playstation.net
http://account.e1-np.ac.playstation.net
http://account.e1-pmgt.ac.playstation.net
http://account.e1-pqa.ac.playstation.net
http://account.e1-spint.ac.playstation.net
http://account.mgmt.ac.playstation.net
http://account.np.ac.playstation.net
http://account.prod-qa.ac.playstation.net
http://account.q1-np.ac.playstation.net
http://account.q1-pmgt.ac.playstation.net
http://account.q1-pqa.ac.playstation.net
http://account.q1-spint.ac.playstation.net
http://account.sp-int.ac.playstation.net
http://activate.playstation.net
http://activity.api.np.km.playstation.net
http://activity.api.sp-int.km.playstation.net
http://activity01.ww.np.community.playstation.net
http://adrvdsstore.dl.playstation.net
http://adyen.d1-np.ac.playstation.net
http://adyen.np.ac.playstation.net
http://ae-gmsg.np.community.playstation.net
http://ae-prof.np.community.playstation.net
http://al01.dl.playstation.net
http://al02.cdn.update.playstation.net
http://al02.dl.playstation.net
http://amsprd.msys.playstation.net
http://amsprd.msys.playstation.net:8080
http://analytics.playstation.net
http://api.upro.playstation.net
http://apollo.dev.dl.playstation.net
http://apollo.dl.playstation.net
http://apollo2.dev.dl.playstation.net
http://apollo2.dl.playstation.net
http://appinfo.dl.playstation.net
http://apsnobj.non-prod.dl.playstation.net
http://apsnobj.stage.dl.playstation.net
http://ares.dl.playstation.net
http://as.dl.playstation.net
http://as01.dl.playstation.net
http://asm.e1-np.community.playstation.net
http://asm.np.community.playstation.net
http://athena.dl.playstation.net
http://au-gmsg.np.community.playstation.net
http://auth.api.d1-np.ac.playstation.net
http://auth.api.d1-pmgt.ac.playstation.net
http://auth.api.d1-spint.ac.playstation.net
http://auth.api.e1-np.ac.playstation.net
http://auth.api.e1-pmgt.ac.playstation.net
http://auth.api.e1-spint.ac.playstation.net
http://auth.api.mgmt.ac.playstation.net
http://auth.api.np.ac.playstation.net
http://auth.api.prod-qa.ac.playstation.net
http://auth.api.q1-np.ac.playstation.net
http://auth.api.q1-pmgt.ac.playstation.net
http://auth.api.q1-spint.ac.playstation.net
http://auth.api.sp-int.ac.playstation.net
http://auth.d1-np.ac.playstation.net
http://auth.d1-pmgt.ac.playstation.net
http://auth.d1-pqa.ac.playstation.net
http://auth.d1-spint.ac.playstation.net
http://auth.e1-np.ac.playstation.net
http://auth.e1-pmgt.ac.playstation.net
http://auth.e1-pqa.ac.playstation.net
http://auth.e1-spint.ac.playstation.net
http://auth.mgmt.ac.playstation.net
http://auth.np.ac.playstation.net
http://auth.prod-qa.ac.playstation.net
http://auth.q1-np.ac.playstation.net
http://auth.q1-pqa.ac.playstation.net
http://auth.q1-spint.ac.playstation.net
http://auth.sp-int.ac.playstation.net
http://b0.ww.np.dl.playstation.net
http://b0.ww.prod-qa.dl.playstation.net
http://b0.ww.sp-int.dl.playstation.net
http://bbc.dl.playstation.net
http://bclog.np.rds.s0.playstation.net
http://be-prof.np.community.playstation.net
http://bee-dev.epo.playstation.net
http://bee-i-dev.epo.playstation.net
http://bee-i.epo.playstation.net
http://bee.epo.playstation.net
http://bg-prof.np.community.playstation.net
http://bibit.d1-np.ac.playstation.net
http://bibit.mgmt.ac.playstation.net
http://bibit.np.ac.playstation.net
http://bibit.prod-qa.ac.playstation.net
http://bibit.q1-np.ac.playstation.net
http://bibit.sp-int.ac.playstation.net
http://bivl.e1-np.ac.playstation.net
http://bivl.e1-pmgt.ac.playstation.net
http://boku.d1-np.ac.playstation.net
http://boku.np.ac.playstation.net
http://book.dl.playstation.net
http://bravia-e.dl.playstation.net
http://bravia.dl.playstation.net
http://ca-gmsg.np.community.playstation.net
http://ca-gmsgp.np.community.playstation.net
http://ca-ntl.np.community.playstation.net
http://catalog.api.np.km.playstation.net
http://cdn.nonprod.crs.playstation.net
http://citrus-test.epo.playstation.net
http://citrus.epo.playstation.net
http://cma-e.np.dl.playstation.net
http://cma.dl.playstation.net
http://comic.dl.playstation.net
http://commerce.api.e1-np.km.playstation.net
http://commerce.api.mgmt.km.playstation.net
http://commerce.api.np.km.playstation.net
http://commerce.api.sp-int.km.playstation.net
http://commerce.d1-np.ac.playstation.net
http://commerce.d1-pmgt.ac.playstation.net
http://commerce.d1-pqa.ac.playstation.net
http://commerce.d1-spint.ac.playstation.net
http://commerce.e1-np.ac.playstation.net
http://commerce.e1-pmgt.ac.playstation.net
http://commerce.e1-pqa.ac.playstation.net
http://commerce.e1-spint.ac.playstation.net
http://commerce.mgmt.ac.playstation.net
http://commerce.np.ac.playstation.net
http://commerce.prod-qa.ac.playstation.net
http://commerce.q1-np.ac.playstation.net
http://commerce.q1-pmgt.ac.playstation.net
http://commerce.q1-pqa.ac.playstation.net
http://commerce.q1-spint.ac.playstation.net
http://commerce.q2-pmgt.ac.playstation.net
http://commerce.sp-int.ac.playstation.net
http://commerce1.api.np.km.playstation.net
http://commerce1.api.sp-int.km.playstation.net
http://compete-cdn.dl.playstation.net
http://controller.dl.playstation.net
http://crepo.ww.dl.playstation.net
http://crgw.ww.e1-np.rbt.playstation.net
http://csapi-ext.e1-np.tools.playstation.net
http://csapi-ext.np.tools.playstation.net
http://csapi.e1-np.tools.playstation.net
http://csapi.np.tools.playstation.net
http://csla.np.community.playstation.net
http://cx-api-dev.e1-np.tools.playstation.net
http://cx-api.np.tools.playstation.net
http://dashboard.playstation.net
http://dashboards.playstation.net
http://dau01.ps3.update.playstation.net
http://dau01.ps4.update.playstation.net
http://dau01.psp2.update.playstation.net
http://dau01.psv.update.playstation.net
http://dbr01.ps3.update.playstation.net
http://dbr01.ps4.update.playstation.net
http://dcn01.ps3.update.playstation.net
http://dcn01.ps4.update.playstation.net
http://dcn01.psp2.update.playstation.net
http://de-ivt.np.community.playstation.net
http://demome.mo.playstation.net
http://deu01.ps3.update.playstation.net
http://deu01.ps4.update.playstation.net
http://deu01.psp2.update.playstation.net
http://deu01.psv.update.playstation.net
http://dev-public-cn.playstation.net
http://devadmin.mgmt.tools.playstation.net
http://devadmin.prod-qa.tools.playstation.net
http://devadmin.sp-int.tools.playstation.net
http://develop.playstation.net
http://djp01.ps3.update.playstation.net
http://djp01.ps4.update.playstation.net
http://djp01.psp2.update.playstation.net
http://djp01.psv.update.playstation.net
http://dkr01.ps3.update.playstation.net
http://dkr01.ps4.update.playstation.net
http://dkr01.psp2.update.playstation.net
http://dmx01.ps3.update.playstation.net
http://dmx01.ps4.update.playstation.net
http://dmx01.psp2.update.playstation.net
http://dmx01.psv.update.playstation.net
http://doc-dev.dl.playstation.net
http://doc-prod.dl.playstation.net
http://doc-stg.dl.playstation.net
http://doc.dl.playstation.net
http://dru01.ps3.update.playstation.net
http://dru01.ps4.update.playstation.net
http://dru01.psp2.update.playstation.net
http://dru01.psv.update.playstation.net
http://dsa01.ps3.update.playstation.net
http://dsa01.ps4.update.playstation.net
http://dsa01.psp2.update.playstation.net
http://dsa01.psv.update.playstation.net
http://dtw01.ps3.update.playstation.net
http://dtw01.ps4.update.playstation.net
http://dtw01.psp2.update.playstation.net
http://duk01.ps3.update.playstation.net
http://duk01.ps4.update.playstation.net
http://duk01.psp2.update.playstation.net
http://duk01.psv.update.playstation.net
http://dus01.ps3.update.playstation.net
http://dus01.ps4.update.playstation.net
http://dus01.psp2.update.playstation.net
http://dus01.psv.update.playstation.net
http://e1.dl.playstation.net
http://ecode.dl.playstation.net
http://ecode.np.cs.playstation.net
http://elb001-stc-ft01.stc.usw2.e1-np.cy.s0.playstation.net
http://elb001-stc-ft01.stc.usw2.mgmt.cy.s0.playstation.net
http://elb001-stc-ft01.stc.usw2.prod-qa.cy.s0.playstation.net
http://elb003-stc-ft01.stc.usw2.e1-np.cy.s0.playstation.net
http://email.qa.pt.playstation.net
http://email.sit.pt.playstation.net
http://email.stg.pt.playstation.net
http://ena.net.playstation.net
http://ep0006-npeb02045-00.auth.np.ac.playstation.net
http://es-gmsg.np.community.playstation.net
http://es-ivt.np.community.playstation.net
http://escher-stg.epo.playstation.net
http://escher.epo.playstation.net
http://eu-vs.dl.playstation.net
http://event.api.e1-np.km.playstation.net
http://event.api.mgmt.km.playstation.net
http://event.api.np.km.playstation.net
http://event.api.prod-qa.km.playstation.net
http://event.api.sp-int.km.playstation.net
http://eventcom.api.e1-np.km.playstation.net
http://eventcom.api.mgmt.km.playstation.net
http://eventcom.api.np.km.playstation.net
http://extralife.playstation.net
http://fau01.psp2.update.playstation.net
http://fbr01.ps3.update.playstation.net
http://fbr01.ps4.update.playstation.net
http://fcn01.ps3.update.playstation.net
http://fcn01.ps4.update.playstation.net
http://fcn01.psp2.update.playstation.net
http://feu01.ps3.update.playstation.net
http://feu01.ps4.update.playstation.net
http://feu01.psp2.update.playstation.net
http://filter.br.np.community.playstation.net
http://filter.ca.np.community.playstation.net
http://filter.fr.np.community.playstation.net
http://filter.gb.np.community.playstation.net
http://filter.sa.np.community.playstation.net
http://filter.us.np.community.playstation.net
http://fjp01.ps3.update.playstation.net
http://fjp01.ps4.update.playstation.net
http://fjp01.psp2.update.playstation.net
http://fkr01.ps3.update.playstation.net
http://fkr01.ps4.update.playstation.net
http://fkr01.psp2.update.playstation.net
http://fmx01.ps3.update.playstation.net
http://fmx01.ps4.update.playstation.net
http://fr-fllw.np.community.playstation.net
http://friend-list-update.ww.e1-np.communication.playstation.net
http://friend-list-update.ww.np.communication.playstation.net
http://friend-list-view.ae.e1-np.communication.playstation.net
http://friend-list-view.ae.np.communication.playstation.net
http://friend-list-view.ar.e1-np.communication.playstation.net
http://friend-list-view.ar.np.communication.playstation.net
http://friend-list-view.at.e1-np.communication.playstation.net
http://friend-list-view.at.np.communication.playstation.net
http://friend-list-view.au.e1-np.communication.playstation.net
http://friend-list-view.au.np.communication.playstation.net
http://friend-list-view.be.e1-np.communication.playstation.net
http://friend-list-view.be.np.communication.playstation.net
http://friend-list-view.bg.e1-np.communication.playstation.net
http://friend-list-view.bg.np.communication.playstation.net
http://friend-list-view.bh.e1-np.communication.playstation.net
http://friend-list-view.bh.np.communication.playstation.net
http://friend-list-view.bo.e1-np.communication.playstation.net
http://friend-list-view.bo.np.communication.playstation.net
http://friend-list-view.br.e1-np.communication.playstation.net
http://friend-list-view.br.np.communication.playstation.net
http://friend-list-view.ca.e1-np.communication.playstation.net
http://friend-list-view.ca.np.communication.playstation.net
http://friend-list-view.ch.e1-np.communication.playstation.net
http://friend-list-view.ch.np.communication.playstation.net
http://friend-list-view.cl.e1-np.communication.playstation.net
http://friend-list-view.cl.np.communication.playstation.net
http://friend-list-view.cn.e1-np.communication.playstation.net
http://friend-list-view.cn.np.communication.playstation.net
http://friend-list-view.co.e1-np.communication.playstation.net
http://friend-list-view.co.np.communication.playstation.net
http://friend-list-view.cr.e1-np.communication.playstation.net
http://friend-list-view.cr.np.communication.playstation.net
http://friend-list-view.cy.e1-np.communication.playstation.net
http://friend-list-view.cy.np.communication.playstation.net
http://friend-list-view.cz.e1-np.communication.playstation.net
http://friend-list-view.cz.np.communication.playstation.net
http://friend-list-view.de.e1-np.communication.playstation.net
http://friend-list-view.de.np.communication.playstation.net
http://friend-list-view.dk.e1-np.communication.playstation.net
http://friend-list-view.dk.np.communication.playstation.net
http://friend-list-view.ec.e1-np.communication.playstation.net
http://friend-list-view.ec.np.communication.playstation.net
http://friend-list-view.es.e1-np.communication.playstation.net
http://friend-list-view.es.np.communication.playstation.net
http://friend-list-view.eu.e1-np.communication.playstation.net
http://friend-list-view.eu.np.communication.playstation.net
http://friend-list-view.fi.e1-np.communication.playstation.net
http://friend-list-view.fi.np.communication.playstation.net
http://friend-list-view.fr.e1-np.communication.playstation.net
http://friend-list-view.fr.np.communication.playstation.net
http://friend-list-view.gb.e1-np.communication.playstation.net
http://friend-list-view.gb.np.communication.playstation.net
http://friend-list-view.gr.e1-np.communication.playstation.net
http://friend-list-view.gr.np.communication.playstation.net
http://friend-list-view.gt.e1-np.communication.playstation.net
http://friend-list-view.gt.np.communication.playstation.net
http://friend-list-view.hk.e1-np.communication.playstation.net
http://friend-list-view.hk.np.communication.playstation.net
http://friend-list-view.hn.e1-np.communication.playstation.net
http://friend-list-view.hn.np.communication.playstation.net
http://friend-list-view.hr.e1-np.communication.playstation.net
http://friend-list-view.hr.np.communication.playstation.net
http://friend-list-view.hu.e1-np.communication.playstation.net
http://friend-list-view.hu.np.communication.playstation.net
http://friend-list-view.id.e1-np.communication.playstation.net
http://friend-list-view.id.np.communication.playstation.net
http://friend-list-view.ie.e1-np.communication.playstation.net
http://friend-list-view.ie.np.communication.playstation.net
http://friend-list-view.il.e1-np.communication.playstation.net
http://friend-list-view.il.np.communication.playstation.net
http://friend-list-view.in.e1-np.communication.playstation.net
http://friend-list-view.in.np.communication.playstation.net
http://friend-list-view.is.e1-np.communication.playstation.net
http://friend-list-view.is.np.communication.playstation.net
http://friend-list-view.it.e1-np.communication.playstation.net
http://friend-list-view.it.np.communication.playstation.net
http://friend-list-view.jp.e1-np.communication.playstation.net
http://friend-list-view.jp.np.communication.playstation.net
http://friend-list-view.kr.e1-np.communication.playstation.net
http://friend-list-view.kr.np.communication.playstation.net
http://friend-list-view.kw.e1-np.communication.playstation.net
http://friend-list-view.kw.np.communication.playstation.net
http://friend-list-view.lb.e1-np.communication.playstation.net
http://friend-list-view.lb.np.communication.playstation.net
http://friend-list-view.lu.e1-np.communication.playstation.net
http://friend-list-view.lu.np.communication.playstation.net
http://friend-list-view.mt.e1-np.communication.playstation.net
http://friend-list-view.mt.np.communication.playstation.net
http://friend-list-view.mx.e1-np.communication.playstation.net
http://friend-list-view.mx.np.communication.playstation.net
http://friend-list-view.my.e1-np.communication.playstation.net
http://friend-list-view.my.np.communication.playstation.net
http://friend-list-view.ni.e1-np.communication.playstation.net
http://friend-list-view.ni.np.communication.playstation.net
http://friend-list-view.nl.e1-np.communication.playstation.net
http://friend-list-view.nl.np.communication.playstation.net
http://friend-list-view.no.e1-np.communication.playstation.net
http://friend-list-view.no.np.communication.playstation.net
http://friend-list-view.nz.e1-np.communication.playstation.net
http://friend-list-view.nz.np.communication.playstation.net
http://friend-list-view.om.e1-np.communication.playstation.net
http://friend-list-view.om.np.communication.playstation.net
http://friend-list-view.pa.e1-np.communication.playstation.net
http://friend-list-view.pa.np.communication.playstation.net
http://friend-list-view.pe.e1-np.communication.playstation.net
http://friend-list-view.pe.np.communication.playstation.net
http://friend-list-view.pl.e1-np.communication.playstation.net
http://friend-list-view.pl.np.communication.playstation.net
http://friend-list-view.pt.e1-np.communication.playstation.net
http://friend-list-view.pt.np.communication.playstation.net
http://friend-list-view.py.e1-np.communication.playstation.net
http://friend-list-view.py.np.communication.playstation.net
http://friend-list-view.qa.e1-np.communication.playstation.net
http://friend-list-view.ro.e1-np.communication.playstation.net
http://friend-list-view.ro.np.communication.playstation.net
http://friend-list-view.ru.e1-np.communication.playstation.net
http://friend-list-view.ru.np.communication.playstation.net
http://friend-list-view.sa.e1-np.communication.playstation.net
http://friend-list-view.sa.np.communication.playstation.net
http://friend-list-view.se.e1-np.communication.playstation.net
http://friend-list-view.sg.e1-np.communication.playstation.net
http://friend-list-view.sg.np.communication.playstation.net
http://friend-list-view.si.e1-np.communication.playstation.net
http://friend-list-view.si.np.communication.playstation.net
http://friend-list-view.sk.e1-np.communication.playstation.net
http://friend-list-view.sk.np.communication.playstation.net
http://friend-list-view.sv.e1-np.communication.playstation.net
http://friend-list-view.sv.np.communication.playstation.net
http://friend-list-view.th.e1-np.communication.playstation.net
http://friend-list-view.th.np.communication.playstation.net
http://friend-list-view.tr.e1-np.communication.playstation.net
http://friend-list-view.tr.np.communication.playstation.net
http://friend-list-view.tw.e1-np.communication.playstation.net
http://friend-list-view.tw.np.communication.playstation.net
http://friend-list-view.ua.e1-np.communication.playstation.net
http://friend-list-view.ua.np.communication.playstation.net
http://friend-list-view.us.e1-np.communication.playstation.net
http://friend-list-view.us.np.communication.playstation.net
http://friend-list-view.uy.e1-np.communication.playstation.net
http://friend-list-view.uy.np.communication.playstation.net
http://friend-list-view.ww.e1-np.communication.playstation.net
http://friend-list-view.ww.np.communication.playstation.net
http://friend-list-view.za.e1-np.communication.playstation.net
http://friend-list-view.za.np.communication.playstation.net
http://friendfinder.api.np.km.playstation.net
http://fru01.ps3.update.playstation.net
http://fru01.ps4.update.playstation.net
http://fru01.psp2.update.playstation.net
http://fsa01.ps3.update.playstation.net
http://fsa01.ps4.update.playstation.net
http://fsa01.psp2.update.playstation.net
http://fshop01.ps3.update.playstation.net
http://fswitch.dl.playstation.net
http://ftw01.ps3.update.playstation.net
http://ftw01.ps4.update.playstation.net
http://ftw01.psp2.update.playstation.net
http://fuk01.ps3.update.playstation.net
http://fuk01.ps4.update.playstation.net
http://fuk01.psp2.update.playstation.net
http://fus01.ps3.update.playstation.net
http://fus01.ps4.update.playstation.net
http://fus01.psp2.update.playstation.net
http://galactica2.api.tools.playstation.net
http://gb-evnt-edge.np.community.playstation.net
http://gb-gmsg.np.community.playstation.net
http://gb-ivt.np.community.playstation.net
http://gb-ntl.np.community.playstation.net
http://gb-prof.np.community.playstation.net
http://get.net.playstation.net
http://getprof.ae.np.community.playstation.net
http://getprof.ar.np.community.playstation.net
http://getprof.at.np.community.playstation.net
http://getprof.au.np.community.playstation.net
http://getprof.be.np.community.playstation.net
http://getprof.bg.np.community.playstation.net
http://getprof.br.np.community.playstation.net
http://getprof.ca.np.community.playstation.net
http://getprof.ch.np.community.playstation.net
http://getprof.cl.np.community.playstation.net
http://getprof.cn.np.community.playstation.net
http://getprof.co.np.community.playstation.net
http://getprof.cr.np.community.playstation.net
http://getprof.cz.np.community.playstation.net
http://getprof.de.np.community.playstation.net
http://getprof.dk.np.community.playstation.net
http://getprof.ec.np.community.playstation.net
http://getprof.es.np.community.playstation.net
http://getprof.fi.np.community.playstation.net
http://getprof.fr.np.community.playstation.net
http://getprof.gb.np.community.playstation.net
http://getprof.gr.np.community.playstation.net
http://getprof.gt.np.community.playstation.net
http://getprof.hk.np.community.playstation.net
http://getprof.hn.np.community.playstation.net
http://getprof.hr.np.community.playstation.net
http://getprof.id.np.community.playstation.net
http://getprof.ie.np.community.playstation.net
http://getprof.il.np.community.playstation.net
http://getprof.in.np.community.playstation.net
http://getprof.it.np.community.playstation.net
http://getprof.jp.np.community.playstation.net
http://getprof.kw.np.community.playstation.net
http://getprof.mx.np.community.playstation.net
http://getprof.my.np.community.playstation.net
http://getprof.nl.np.community.playstation.net
http://getprof.no.np.community.playstation.net
http://getprof.nz.np.community.playstation.net
http://getprof.pa.np.community.playstation.net
http://getprof.pe.np.community.playstation.net
http://getprof.pl.np.community.playstation.net
http://getprof.pt.np.community.playstation.net
http://getprof.py.np.community.playstation.net
http://getprof.qa.np.community.playstation.net
http://getprof.ro.np.community.playstation.net
http://getprof.ru.np.community.playstation.net
http://getprof.sa.np.community.playstation.net
http://getprof.sa.sp-int.community.playstation.net
http://getprof.se.np.community.playstation.net
http://getprof.sg.np.community.playstation.net
http://getprof.sv.np.community.playstation.net
http://getprof.tr.np.community.playstation.net
http://getprof.tw.np.community.playstation.net
http://getprof.us.np.community.playstation.net
http://getprof.uy.np.community.playstation.net
http://getprof.za.np.community.playstation.net
http://gs-sec.ww.np.dl.playstation.net
http://gs-sec.ww.sp-int.dl.playstation.net
http://gs.ww.np.dl.playstation.net
http://gs2-sec.ww.e1.dl.playstation.net
http://gs2-sec.ww.prod.dl.playstation.net
http://gs2.ww.prod.dl.playstation.net
http://gst.prod.dl.playstation.net
http://hakoniwa.dl.playstation.net
http://hau01.ps4.update.playstation.net
http://hcn01.ps4.update.playstation.net
http://help-system-tools.kodama.e1-np.tools.playstation.net
http://help-system.tools.partners.playstation.net
http://heu01.ps4.update.playstation.net
http://hfs.dl.playstation.net
http://hjp01.ps4.update.playstation.net
http://hk-gmsg.np.community.playstation.net
http://hkr01.ps4.update.playstation.net
http://hmx01.ps4.update.playstation.net
http://homer.dl.playstation.net
http://hru01.ps4.update.playstation.net
http://hsa01.ps4.update.playstation.net
http://htw01.ps4.update.playstation.net
http://huk01.ps4.update.playstation.net
http://hus01.ps4.update.playstation.net
http://image.api.e1-np.km.playstation.net
http://image.api.np.km.playstation.net
http://in-gmsgp.np.community.playstation.net
http://infoboard.ww.dl.playstation.net
http://infoboard.xx.dl.playstation.net
http://ingester.e1.tools.playstation.net
http://ingester.mgmt.tools.playstation.net
http://ingester.q1.tools.playstation.net
http://iv0001-npxs01001-00.auth.np.ac.playstation.net
http://ivt.np.community.playstation.net
http://k.dl.playstation.net
http://kairos-3.dev.dl.playstation.net
http://kairos-73.dl.playstation.net
http://kairos.dl.playstation.net
http://kamajiwt.api.np.km.playstation.net
http://kfs.api.np.km.playstation.net
http://kfscdn.api.np.km.playstation.net
http://kiki-dev.biz.playstation.net
http://kiki-qa.biz.playstation.net
http://kiki-stage.biz.playstation.net
http://kiki.biz.playstation.net
http://killzone.dl.playstation.net
http://kr-prof.np.community.playstation.net
http://l02.cdn.update.playstation.net
http://legaldoc.dl.playstation.net
http://lfps-us.dl.playstation.net
http://lfps.dl.playstation.net
http://livearea.api.np.km.playstation.net
http://livearea.api.sp-int.km.playstation.net
http://livearea.mgmt.dl.playstation.net
http://livearea.np.dl.playstation.net
http://livearea.sp-int.dl.playstation.net
http://livegamer.d1-np.ac.playstation.net
http://livegamer.np.ac.playstation.net
http://livegamer.q1-np.ac.playstation.net
http://lovefilm.dl.playstation.net
http://ltip.auth.api.np.ac.playstation.net
http://ltip.commerce.np.ac.playstation.net
http://ltip.native-s2s.np.ac.playstation.net
http://ltip.native.np.ac.playstation.net
http://ltip.np.playstation.net
http://ltip.secure.api.np.ac.playstation.net
http://ltip01.np.playstation.net
http://ltip02.np.playstation.net
http://ltip03.np.playstation.net
http://ltip04.np.playstation.net
http://ltip05.np.playstation.net
http://ltip06.np.playstation.net
http://ltip07.np.playstation.net
http://ltip08.np.playstation.net
http://ltip09.np.playstation.net
http://ltip1.auth.api.np.ac.playstation.net
http://ltip10.np.playstation.net
http://ltip2.auth.api.np.ac.playstation.net
http://m.e1-np.playstation.net
http://m.mgmt.playstation.net
http://m.np.playstation.net
http://m.prod-qa.playstation.net
http://m.sp-int.playstation.net
http://manual.playstation.net
http://manuals.playstation.net
http://mds.d1-np.ac.playstation.net
http://mds.d1-pmgt.ac.playstation.net
http://mds.e1-np.ac.playstation.net
http://mds.e1-pmgt.ac.playstation.net
http://mds.mgmt.ac.playstation.net
http://mds.np.ac.playstation.net
http://mds.q1-np.ac.playstation.net
http://mds.q1-pmgt.ac.playstation.net
http://mercury.dl.playstation.net
http://native-ps3.d1-np.ac.playstation.net
http://native-ps3.e1-np.ac.playstation.net
http://native-ps3.np.ac.playstation.net
http://native-ps3.q1-np.ac.playstation.net
http://native-ps4.d1-np.ac.playstation.net
http://native-ps4.e1-np.ac.playstation.net
http://native-ps4.np.ac.playstation.net
http://native-ps4.q1-np.ac.playstation.net
http://native-s2s.e1-np.ac.playstation.net
http://native-s2s.e1-pmgt.ac.playstation.net
http://native-s2s.e1-pqa.ac.playstation.net
http://native-s2s.e1-spint.ac.playstation.net
http://native-s2s.mgmt.ac.playstation.net
http://native-s2s.np.ac.playstation.net
http://native-s2s.prod-qa.ac.playstation.net
http://native-s2s.q1-np.ac.playstation.net
http://native-s2s.sp-int.ac.playstation.net
http://native-vita.d1-np.ac.playstation.net
http://native-vita.e1-np.ac.playstation.net
http://native-vita.np.ac.playstation.net
http://native-vita.q1-np.ac.playstation.net
http://native.d1-np.ac.playstation.net
http://native.e1-np.ac.playstation.net
http://native.e1-pmgt.ac.playstation.net
http://native.e1-pqa.ac.playstation.net
http://native.e1-spint.ac.playstation.net
http://native.mgmt.ac.playstation.net
http://native.np.ac.playstation.net
http://native.prod-qa.ac.playstation.net
http://native.q1-np.ac.playstation.net
http://native.q2-np.ac.playstation.net
http://native.q2-pmgt.ac.playstation.net
http://native.q2-pqa.ac.playstation.net
http://native.sp-int.ac.playstation.net
http://ne01.dl.playstation.net
http://neardoc.dl.playstation.net
http://netflix.dl.playstation.net
http://niwadev-distributor.ace.msys.playstation.net
http://niwadev-distributor.ace.msys.playstation.net:8080
http://nl-gmsg.np.community.playstation.net
http://nl-prof.np.community.playstation.net
http://nowtv.dl.playstation.net
http://npam-e.np.dl.playstation.net
http://npam-test.etc.playstation.net
http://npam-wl.dl.playstation.net
http://npam.dl.playstation.net
http://npmt.e1-np.tools.playstation.net
http://npmt.e1-pmgt.tools.playstation.net
http://npmt.e1-pqa.tools.playstation.net
http://npmt.e1-spint.tools.playstation.net
http://npmt.mgmt.tools.playstation.net
http://npmt.np.tools.playstation.net
http://npmt.prod-qa.tools.playstation.net
http://npmt.q1-np.tools.playstation.net
http://npmt.q1-pmgt.tools.playstation.net
http://npmt.q1-pqa.tools.playstation.net
http://npmt.q1-spint.tools.playstation.net
http://npmt.sp-int.tools.playstation.net
http://nsx-e.np.dl.playstation.net
http://nsx-e.sec.np.dl.playstation.net
http://nsx.np.dl.playstation.net
http://nsx.np.grs.dl.playstation.net
http://nsx.sec.mgmt.dl.playstation.net
http://nsx.sec.np.dl.playstation.net
http://omsk-e.dl.playstation.net
http://oqesn.np.dl.playstation.net
http://p.e1-np.playstation.net
http://p.mgmt.playstation.net
http://p.np.playstation.net
http://p.prod-qa.playstation.net
http://p.sp-int.playstation.net
http://p0.dl.playstation.net
http://pacman.e1-np.tools.playstation.net
http://pacman.np.tools.playstation.net
http://panup-dev.epo.playstation.net
http://partnermanagement.playstation.net
http://partners.e1-np.playstation.net
http://partners.playstation.net
http://party.rnps.dl.playstation.net
http://paypal.d1-np.ac.playstation.net
http://paypal.np.ac.playstation.net
http://paypal.q1-np.ac.playstation.net
http://pc.ps5.update.playstation.net
http://pl-gmsgp.np.community.playstation.net
http://playroom.dl.playstation.net
http://pmcamera-apps.dl.playstation.net
http://poseidon.dl.playstation.net
http://post.net.playstation.net
http://profile.cn.np.community.playstation.net
http://profile.de.np.community.playstation.net
http://profile.gb.np.community.playstation.net
http://profile.hk.np.community.playstation.net
http://profile.jp.np.community.playstation.net
http://profile.us.np.community.playstation.net
http://ps4-eb.ww.np.dl.playstation.net
http://ps4-eb.xx.np.dl.playstation.net
http://ps4-system.sec.e1-np.dl.playstation.net
http://ps4-system.sec.np.dl.playstation.net
http://ps4.e1-np.playstation.net
http://ps4.mgmt.playstation.net
http://ps4.np.playstation.net
http://ps4.prod-qa.playstation.net
http://ps4.sp-int.playstation.net
http://ps4.updptl.np.community.playstation.net
http://ps5.d1-np.playstation.net
http://ps5.e1-np.playstation.net
http://ps5.mgmt.playstation.net
http://ps5.np.playstation.net
http://ps5.prod-qa.playstation.net
http://ps5.q1-np.playstation.net
http://ps5.sp-int.playstation.net
http://psapp-start.dl.playstation.net
http://psapp.dl.playstation.net
http://psapp.updptl.np.community.playstation.net
http://psn-rsc.e1.dl.playstation.net
http://psn-rsc.prod.dl.playstation.net
http://psnobj.non-prod.dl.playstation.net
http://psnobj.prod.dl.playstation.net
http://psnobj.stage.dl.playstation.net
http://psp2-e.np.dl.playstation.net
http://psp2-eb.ww.np.dl.playstation.net
http://psp2-eb.xx.np.dl.playstation.net
http://psp2.updptl.np.community.playstation.net
http://pss.dl.playstation.net
http://publish.playstation.net
http://qmusic.dl.playstation.net
http://radio.psp.dl.playstation.net
http://ranking-rec-e01.u0.np.community.playstation.net
http://ranking-rec-f01.u0.np.community.playstation.net
http://ranking-rec-h01.u0.np.community.playstation.net
http://ranking-rec-k01.u0.np.community.playstation.net
http://ranking-rec-l01.u0.np.community.playstation.net
http://ranking-view-e01.u0.np.community.playstation.net
http://ranking-view-f01.u0.np.community.playstation.net
http://ranking-view-g01.u0.np.community.playstation.net
http://ranking-view-h01.u0.np.community.playstation.net
http://ranking-view-k01.u0.np.community.playstation.net
http://ranking-view-l01.u0.np.community.playstation.net
http://recs.api.e1-np.km.playstation.net
http://recs.api.mgmt.km.playstation.net
http://recs.api.np.km.playstation.net
http://regcam.api.np.km.playstation.net
http://regcam.api.sp-int.km.playstation.net
http://register.playstation.net
http://remoteplay.dl.playstation.net
http://report.playstation.net
http://resource.d1-np.ac.playstation.net
http://resource.d1-pmgt.ac.playstation.net
http://resource.d1-pqa.ac.playstation.net
http://resource.d1-spint.ac.playstation.net
http://resource.e1-np.ac.playstation.net
http://resource.e1-pmgt.ac.playstation.net
http://resource.e1-pqa.ac.playstation.net
http://resource.e1-spint.ac.playstation.net
http://resource.mgmt.ac.playstation.net
http://resource.np.ac.playstation.net
http://resource.prod-qa.ac.playstation.net
http://resource.q1-np.ac.playstation.net
http://resource.q1-pmgt.ac.playstation.net
http://resource.q1-pqa.ac.playstation.net
http://resource.q1-spint.ac.playstation.net
http://resource.sp-int.ac.playstation.net
http://robyn.mo.playstation.net
http://roles.playstation.net
http://ru-evnt-edge.np.community.playstation.net
http://ru-prof.np.community.playstation.net
http://s2s.e1-np.playstation.net
http://s2s.mgmt.playstation.net
http://s2s.np.playstation.net
http://s2s.prod-qa.playstation.net
http://s2s.sp-int.playstation.net
http://sa-gmsg.np.community.playstation.net
http://sa-prof.np.community.playstation.net
http://sceerd.dl.playstation.net
http://sclock.ww.np.community.playstation.net
http://scp-iarc.prod.pt.playstation.net
http://searchjid.eu.np.community.playstation.net
http://searchjid.eu.sp-int.community.playstation.net
http://searchjid.jpn.np.community.playstation.net
http://searchjid.jpn.sp-int.community.playstation.net
http://searchjid.usa.np.community.playstation.net
http://secure.api.d1-np.ac.playstation.net
http://secure.api.d1-pmgt.ac.playstation.net
http://secure.api.e1-np.ac.playstation.net
http://secure.api.e1-pmgt.ac.playstation.net
http://secure.api.mgmt.ac.playstation.net
http://secure.api.np.ac.playstation.net
http://secure.api.q1-np.ac.playstation.net
http://secure.api.q1-pmgt.ac.playstation.net
http://sensme.dl.playstation.net
http://sf.api.np.km.playstation.net
http://sf.api.sp-int.km.playstation.net
http://sgs2.e1.scdn.dl.playstation.net
http://sgs2.prod.scdn.dl.playstation.net
http://sgst.prod.dl.playstation.net
http://signin.playstation.net
http://signin.sit.pt.playstation.net
http://singstar-2.dl.playstation.net
http://sn.api.np.km.playstation.net
http://sn.api.sp-int.km.playstation.net
http://sprite-test.epo.playstation.net
http://static-resource.e1-np.community.playstation.net
http://static-resource.mgmt.community.playstation.net
http://static-resource.np.community.playstation.net
http://static-resource.prod-qa.community.playstation.net
http://static-resource.sp-int.community.playstation.net
http://storage01.ww.np.community.playstation.net
http://store.d1-np.ac.playstation.net
http://store.d1-pmgt.ac.playstation.net
http://store.d1-pqa.ac.playstation.net
http://store.d1-spint.ac.playstation.net
http://store.e1-np.ac.playstation.net
http://store.e1-pmgt.ac.playstation.net
http://store.e1-pqa.ac.playstation.net
http://store.e1-spint.ac.playstation.net
http://store.mgmt.ac.playstation.net
http://store.np.ac.playstation.net
http://store.prod-qa.ac.playstation.net
http://store.q1-np.ac.playstation.net
http://store.q1-pmgt.ac.playstation.net
http://store.q1-pqa.ac.playstation.net
http://store.q1-spint.ac.playstation.net
http://store.sp-int.ac.playstation.net
http://theia.dl.playstation.net
http://theia.e1-np.dl.playstation.net
http://theia.mgmt.dl.playstation.net
http://theia.prod-qa.dl.playstation.net
http://theia.sp-int.dl.playstation.net
http://themis.dl.playstation.net
http://theplayroomvr.dl.playstation.net
http://tmdb.e1-np.dl.playstation.net
http://tmdb.mgmt.admin.playstation.net
http://tmdb.np.dl.playstation.net
http://tools.partners.playstation.net
http://tr-prof.np.community.playstation.net
http://trophy.ww.np.community.playstation.net
http://trophy01.np.community.playstation.net
http://tw-gmsgp.np.community.playstation.net
http://ua-gcd.np.community.playstation.net
http://ubstorage01.ww.np.community.playstation.net
http://ucltickets.playstation.net
http://up0002-blus30591-00.auth.np.ac.playstation.net
http://up0006-blus31162-00.auth.np.ac.playstation.net
http://update.jp.np.community.playstation.net
http://uploader.us.np.community.playstation.net
http://us-gcd.e1-np.community.playstation.net
http://us-gmsg.e1-np.community.playstation.net
http://us-gmsg.np.community.playstation.net
http://us-ivt.e1-np.community.playstation.net
http://us-ivt.np.community.playstation.net
http://us-prof.e1-np.community.playstation.net
http://us-prof.np.community.playstation.net
http://us01.dl.playstation.net
http://uvp-assets.e1-np.dl.playstation.net
http://v0001-npxs01001-00.auth.np.ac.playstation.net
http://venom.q1-mgmt.playstation.net
http://video.dl.playstation.net
http://view.eu.np.community.playstation.net
http://vitacl.ww.dl.playstation.net
http://vitacl.xx.dl.playstation.net
http://vl.api.np.ac.playstation.net
http://vl.api.np.km.playstation.net
http://vl.api.prod-qa.ac.playstation.net
http://vl.api.sp-int.ac.playstation.net
http://vl.api.sp-int.km.playstation.net
http://vouchers.mgmt.playstation.net
http://vouchers.playstation.net
http://vouchers.prod-qa.playstation.net
http://vouchers.sp-int.playstation.net
http://vshvideo.dl.playstation.net
http://vuabstest.dl.playstation.net
http://vulcan.dev.dl.playstation.net
http://vulcan.dl.playstation.net
http://vulcan.sp-int.dev.dl.playstation.net
http://vulcan.sp-int.dl.playstation.net
http://walkman-e.dl.playstation.net
http://wboard.ww.dl.playstation.net
http://web.e1-np.playstation.net
http://web.mgmt.playstation.net
http://web.np.playstation.net
http://web.prod-qa.playstation.net
http://web.sp-int.playstation.net
http://whatsnewj.dl.playstation.net
http://wildcard.auth.d1-np.ac.playstation.net
http://ww.dl.playstation.net
http://www-stg.upro.playstation.net
http://www.auth.np.ac.playstation.net
http://www.register.playstation.net
http://www.ucltickets.playstation.net
http://www.upro.playstation.net
http://xmb-e.dl.playstation.net
http://xmb.dl.playstation.net
http://za-prof.np.community.playstation.net
http://zeus.dl.playstation.net
https://35-166-27-184-pushcl.np.communication.playstation.net
https://a.ad.playstation.net
https://a0.ww.np.dl.playstation.net
https://a0.ww.sp-int.dl.playstation.net
https://a01.cdn.update.playstation.net
https://a02.cdn.update.playstation.net
https://a03.cdn.update.playstation.net
https://a04.cdn.update.playstation.net
https://a1.ww.np.dl.playstation.net
https://account.d1-np.ac.playstation.net
https://account.d1-pmgt.ac.playstation.net
https://account.d1-pqa.ac.playstation.net
https://account.d1-spint.ac.playstation.net
https://account.e1-np.ac.playstation.net
https://account.e1-pmgt.ac.playstation.net
https://account.e1-pqa.ac.playstation.net
https://account.e1-spint.ac.playstation.net
https://account.mgmt.ac.playstation.net
https://account.np.ac.playstation.net
https://account.prod-qa.ac.playstation.net
https://account.q1-np.ac.playstation.net
https://account.q1-pmgt.ac.playstation.net
https://account.q1-pqa.ac.playstation.net
https://account.q1-spint.ac.playstation.net
https://account.sp-int.ac.playstation.net
https://activate.playstation.net
https://activity.api.np.km.playstation.net
https://activity.api.sp-int.km.playstation.net
https://activity01.ww.np.community.playstation.net
https://adrvdsstore.dl.playstation.net
https://adyen.d1-np.ac.playstation.net
https://adyen.np.ac.playstation.net
https://ae-gmsg.np.community.playstation.net
https://ae-prof.np.community.playstation.net
https://al01.dl.playstation.net
https://al02.cdn.update.playstation.net
https://al02.dl.playstation.net
https://alb0001-apig-pffl01.usw2.01.np.cy.s0.playstation.net
https://alb001-ivt-edge01.ivt.usw2.np.cy.s0.playstation.net
https://alb001-push-cc2s01.push.usw2.np.cn.s0.playstation.net
https://alb001-pushcl.np.communication.playstation.net
https://amsprd.msys.playstation.net
https://analytics.playstation.net
https://api-stg.upro.playstation.net
https://api.upro.playstation.net
https://apollo.dev.dl.playstation.net
https://apollo.dl.playstation.net
https://apollo2.dev.dl.playstation.net
https://apollo2.dl.playstation.net
https://appinfo.dl.playstation.net
https://apsnobj.non-prod.dl.playstation.net
https://apsnobj.stage.dl.playstation.net
https://ares.dl.playstation.net
https://as.dl.playstation.net
https://asm.e1-np.community.playstation.net
https://asm.np.community.playstation.net
https://asm.prod-qa.community.playstation.net
https://asm.sp-int.community.playstation.net
https://athena.dl.playstation.net
https://au-gmsg.np.community.playstation.net
https://auth.api.d1-np.ac.playstation.net
https://auth.api.d1-pmgt.ac.playstation.net
https://auth.api.d1-spint.ac.playstation.net
https://auth.api.e1-np.ac.playstation.net
https://auth.api.e1-pmgt.ac.playstation.net
https://auth.api.e1-spint.ac.playstation.net
https://auth.api.mgmt.ac.playstation.net
https://auth.api.np.ac.playstation.net
https://auth.api.prod-qa.ac.playstation.net
https://auth.api.q1-np.ac.playstation.net
https://auth.api.q1-pmgt.ac.playstation.net
https://auth.api.q1-spint.ac.playstation.net
https://auth.api.sp-int.ac.playstation.net
https://auth.d1-np.ac.playstation.net
https://auth.d1-pmgt.ac.playstation.net
https://auth.d1-pqa.ac.playstation.net
https://auth.d1-spint.ac.playstation.net
https://auth.e1-np.ac.playstation.net
https://auth.e1-pmgt.ac.playstation.net
https://auth.e1-pqa.ac.playstation.net
https://auth.e1-spint.ac.playstation.net
https://auth.mgmt.ac.playstation.net
https://auth.np.ac.playstation.net
https://auth.prod-qa.ac.playstation.net
https://auth.q1-np.ac.playstation.net
https://auth.q1-pqa.ac.playstation.net
https://auth.q1-spint.ac.playstation.net
https://auth.sp-int.ac.playstation.net
https://b0.ww.np.dl.playstation.net
https://b0.ww.prod-qa.dl.playstation.net
https://b0.ww.sp-int.dl.playstation.net
https://bbc.dl.playstation.net
https://bclog.np.rds.s0.playstation.net
https://be-prof.np.community.playstation.net
https://bee-dev.epo.playstation.net
https://bee-i-dev.epo.playstation.net
https://bee-i.epo.playstation.net
https://bee.epo.playstation.net
https://bg-prof.np.community.playstation.net
https://bibit.d1-np.ac.playstation.net
https://bibit.mgmt.ac.playstation.net
https://bibit.np.ac.playstation.net
https://bibit.prod-qa.ac.playstation.net
https://bibit.q1-np.ac.playstation.net
https://bibit.sp-int.ac.playstation.net
https://bivl.e1-np.ac.playstation.net
https://bivl.e1-pmgt.ac.playstation.net
https://boku.d1-np.ac.playstation.net
https://boku.np.ac.playstation.net
https://book.dl.playstation.net
https://br-push.np.communication.playstation.net
https://bravia-e.dl.playstation.net
https://bravia.dl.playstation.net
https://ca-gmsg.np.community.playstation.net
https://ca-gmsgp.np.community.playstation.net
https://ca-ntl.np.community.playstation.net
https://catalog.api.np.km.playstation.net
https://cdn.nonprod.crs.playstation.net
https://cdnauth.prod-qa.scdn.dl.playstation.net
https://cdnauth.sp-int.scdn.dl.playstation.net
https://cfss.crs.playstation.net
https://cfss.nonprod.crs.playstation.net
https://citrus-test.epo.playstation.net
https://citrus.epo.playstation.net
https://cma-e.np.dl.playstation.net
https://cma.dl.playstation.net
https://cole.crs.playstation.net
https://comic.dl.playstation.net
https://commerce.api.e1-np.km.playstation.net
https://commerce.api.mgmt.km.playstation.net
https://commerce.api.np.km.playstation.net
https://commerce.api.sp-int.km.playstation.net
https://commerce.d1-np.ac.playstation.net
https://commerce.d1-pmgt.ac.playstation.net
https://commerce.d1-pqa.ac.playstation.net
https://commerce.d1-spint.ac.playstation.net
https://commerce.e1-np.ac.playstation.net
https://commerce.e1-pmgt.ac.playstation.net
https://commerce.e1-pqa.ac.playstation.net
https://commerce.e1-spint.ac.playstation.net
https://commerce.mgmt.ac.playstation.net
https://commerce.np.ac.playstation.net
https://commerce.prod-qa.ac.playstation.net
https://commerce.q1-np.ac.playstation.net
https://commerce.q1-pmgt.ac.playstation.net
https://commerce.q1-pqa.ac.playstation.net
https://commerce.q1-spint.ac.playstation.net
https://commerce.q2-pmgt.ac.playstation.net
https://commerce.sp-int.ac.playstation.net
https://commerce1-lv.api.np.km.playstation.net
https://commerce1.api.np.km.playstation.net
https://commerce1.api.sp-int.km.playstation.net
https://compete-cdn.dl.playstation.net
https://controller.dl.playstation.net
https://crepo.ww.dl.playstation.net
https://crgw.ww.e1-np.rbt.playstation.net
https://csapi-ext.e1-np.tools.playstation.net
https://csapi-ext.np.tools.playstation.net
https://csapi.np.tools.playstation.net
https://csla.np.community.playstation.net
https://cx-api-dev.e1-np.tools.playstation.net
https://cx-api.np.tools.playstation.net
https://dashboard.playstation.net
https://dau01.ps3.update.playstation.net
https://dau01.ps4.update.playstation.net
https://dau01.psp2.update.playstation.net
https://dau01.psv.update.playstation.net
https://dbr01.ps3.update.playstation.net
https://dbr01.ps4.update.playstation.net
https://dcn01.ps3.update.playstation.net
https://dcn01.ps4.update.playstation.net
https://dcn01.psp2.update.playstation.net
https://de-ivt.np.community.playstation.net
https://demome.mo.playstation.net
https://deu01.ps3.update.playstation.net
https://deu01.ps4.update.playstation.net
https://deu01.psp2.update.playstation.net
https://deu01.psv.update.playstation.net
https://dev-public-cn.playstation.net
https://devadmin.mgmt.tools.playstation.net
https://devadmin.prod-qa.tools.playstation.net
https://devadmin.sp-int.tools.playstation.net
https://develop.playstation.net
https://djp01.ps3.update.playstation.net
https://djp01.ps4.update.playstation.net
https://djp01.psp2.update.playstation.net
https://djp01.psv.update.playstation.net
https://dkr01.ps3.update.playstation.net
https://dkr01.ps4.update.playstation.net
https://dkr01.psp2.update.playstation.net
https://dmx01.ps3.update.playstation.net
https://dmx01.ps4.update.playstation.net
https://dmx01.psp2.update.playstation.net
https://dmx01.psv.update.playstation.net
https://doc-dev.dl.playstation.net
https://doc-prod.dl.playstation.net
https://doc-stg.dl.playstation.net
https://doc.dl.playstation.net
https://dru01.ps3.update.playstation.net
https://dru01.ps4.update.playstation.net
https://dru01.psp2.update.playstation.net
https://dru01.psv.update.playstation.net
https://dsa01.ps3.update.playstation.net
https://dsa01.ps4.update.playstation.net
https://dsa01.psp2.update.playstation.net
https://dsa01.psv.update.playstation.net
https://dtw01.ps3.update.playstation.net
https://dtw01.ps4.update.playstation.net
https://dtw01.psp2.update.playstation.net
https://duk01.ps3.update.playstation.net
https://duk01.ps4.update.playstation.net
https://duk01.psp2.update.playstation.net
https://duk01.psv.update.playstation.net
https://dus01.ps3.update.playstation.net
https://dus01.ps4.update.playstation.net
https://dus01.psp2.update.playstation.net
https://dus01.psv.update.playstation.net
https://e1.dl.playstation.net
https://ecode.dl.playstation.net
https://ecode.np.cs.playstation.net
https://elb001-actv01.actv.usw2.np.cy.s0.playstation.net
https://elb001-asm-edge01.asm.usw2.prod-qa.cy.s0.playstation.net
https://elb001-asm-edge01.asm.usw2.sp-int.cy.s0.playstation.net
https://elb001-gems-cdna01.gems.usw2.prod-qa.etc.s0.playstation.net
https://elb001-gems-cdna01.gems.usw2.sp-int.etc.s0.playstation.net
https://elb001-p4ci01.p4ci.usw2.np.cy.s0.playstation.net
https://elb001-push-c2s01.push.usw2.np.cn.s0.playstation.net
https://elb001-rnk-log-a03.rnk.usw2.np.cy.s0.playstation.net
https://elb001-rnk-log-b03.rnk.usw2.np.cy.s0.playstation.net
https://elb001-rnk-log-c03.rnk.usw2.np.cy.s0.playstation.net
https://elb001-rnk-log-d03.rnk.usw2.np.cy.s0.playstation.net
https://elb001-rnk-log-e03.rnk.usw2.np.cy.s0.playstation.net
https://elb001-rnk-log-f03.rnk.usw2.np.cy.s0.playstation.net
https://elb001-rnk-log-g03.rnk.usw2.np.cy.s0.playstation.net
https://elb001-rnk-log-h03.rnk.usw2.np.cy.s0.playstation.net
https://elb001-rnk-log-i03.rnk.usw2.np.cy.s0.playstation.net
https://elb001-rnk-log-k03.rnk.usw2.np.cy.s0.playstation.net
https://elb001-rnk-log-l03.rnk.usw2.np.cy.s0.playstation.net
https://elb001-rnk-log03.rnk.usw2.sp-int.cy.s0.playstation.net
https://elb001-stc-ft01.stc.usw2.e1-np.cy.s0.playstation.net
https://elb001-stc-ft01.stc.usw2.mgmt.cy.s0.playstation.net
https://elb001-stc-ft01.stc.usw2.prod-qa.cy.s0.playstation.net
https://elb001-stc-tool01.stc.usw2.e1-np.cy.s0.playstation.net
https://elb001-tus-ft02.tus.usw2.np.cy.s0.playstation.net
https://elb003-stc-ft01.stc.usw2.e1-np.cy.s0.playstation.net
https://email.qa.pt.playstation.net
https://email.sit.pt.playstation.net
https://email.stg.pt.playstation.net
https://ena.net.playstation.net
https://ep0006-npeb02045-00.auth.np.ac.playstation.net
https://es-gmsg.np.community.playstation.net
https://es-ivt.np.community.playstation.net
https://escher-stg.epo.playstation.net
https://escher.epo.playstation.net
https://eu-vs.dl.playstation.net
https://event.api.e1-np.km.playstation.net
https://event.api.mgmt.km.playstation.net
https://event.api.np.km.playstation.net
https://event.api.prod-qa.km.playstation.net
https://event.api.sp-int.km.playstation.net
https://eventcom.api.e1-np.km.playstation.net
https://eventcom.api.mgmt.km.playstation.net
https://eventcom.api.np.km.playstation.net
https://extralife.playstation.net
https://fau01.psp2.update.playstation.net
https://fbr01.ps3.update.playstation.net
https://fbr01.ps4.update.playstation.net
https://fcn01.ps3.update.playstation.net
https://fcn01.ps4.update.playstation.net
https://fcn01.psp2.update.playstation.net
https://feu01.ps3.update.playstation.net
https://feu01.ps4.update.playstation.net
https://feu01.psp2.update.playstation.net
https://filter.br.np.community.playstation.net
https://filter.ca.np.community.playstation.net
https://filter.fr.np.community.playstation.net
https://filter.gb.np.community.playstation.net
https://filter.sa.np.community.playstation.net
https://filter.us.np.community.playstation.net
https://fjp01.ps3.update.playstation.net
https://fjp01.ps4.update.playstation.net
https://fjp01.psp2.update.playstation.net
https://fkr01.ps3.update.playstation.net
https://fkr01.ps4.update.playstation.net
https://fkr01.psp2.update.playstation.net
https://fmx01.ps3.update.playstation.net
https://fmx01.ps4.update.playstation.net
https://fr-fllw.np.community.playstation.net
https://friend-list-kmj-update.ww.e1-np.communication.playstation.net
https://friend-list-kmj-update.ww.np.communication.playstation.net
https://friend-list-kmj-view.ww.e1-np.communication.playstation.net
https://friend-list-kmj-view.ww.np.communication.playstation.net
https://friend-list-update.ww.e1-np.communication.playstation.net
https://friend-list-update.ww.np.communication.playstation.net
https://friend-list-view.ae.e1-np.communication.playstation.net
https://friend-list-view.ae.np.communication.playstation.net
https://friend-list-view.ar.e1-np.communication.playstation.net
https://friend-list-view.ar.np.communication.playstation.net
https://friend-list-view.at.e1-np.communication.playstation.net
https://friend-list-view.at.np.communication.playstation.net
https://friend-list-view.au.e1-np.communication.playstation.net
https://friend-list-view.au.np.communication.playstation.net
https://friend-list-view.be.e1-np.communication.playstation.net
https://friend-list-view.be.np.communication.playstation.net
https://friend-list-view.bg.e1-np.communication.playstation.net
https://friend-list-view.bg.np.communication.playstation.net
https://friend-list-view.bh.e1-np.communication.playstation.net
https://friend-list-view.bh.np.communication.playstation.net
https://friend-list-view.bo.e1-np.communication.playstation.net
https://friend-list-view.bo.np.communication.playstation.net
https://friend-list-view.br.e1-np.communication.playstation.net
https://friend-list-view.br.np.communication.playstation.net
https://friend-list-view.ca.e1-np.communication.playstation.net
https://friend-list-view.ca.np.communication.playstation.net
https://friend-list-view.ch.e1-np.communication.playstation.net
https://friend-list-view.ch.np.communication.playstation.net
https://friend-list-view.cl.e1-np.communication.playstation.net
https://friend-list-view.cl.np.communication.playstation.net
https://friend-list-view.cn.e1-np.communication.playstation.net
https://friend-list-view.cn.np.communication.playstation.net
https://friend-list-view.co.e1-np.communication.playstation.net
https://friend-list-view.co.np.communication.playstation.net
https://friend-list-view.cr.e1-np.communication.playstation.net
https://friend-list-view.cr.np.communication.playstation.net
https://friend-list-view.cy.e1-np.communication.playstation.net
https://friend-list-view.cy.np.communication.playstation.net
https://friend-list-view.cz.e1-np.communication.playstation.net
https://friend-list-view.cz.np.communication.playstation.net
https://friend-list-view.de.e1-np.communication.playstation.net
https://friend-list-view.de.np.communication.playstation.net
https://friend-list-view.dk.e1-np.communication.playstation.net
https://friend-list-view.dk.np.communication.playstation.net
https://friend-list-view.ec.e1-np.communication.playstation.net
https://friend-list-view.ec.np.communication.playstation.net
https://friend-list-view.es.e1-np.communication.playstation.net
https://friend-list-view.es.np.communication.playstation.net
https://friend-list-view.eu.e1-np.communication.playstation.net
https://friend-list-view.eu.np.communication.playstation.net
https://friend-list-view.fi.e1-np.communication.playstation.net
https://friend-list-view.fi.np.communication.playstation.net
https://friend-list-view.fr.e1-np.communication.playstation.net
https://friend-list-view.fr.np.communication.playstation.net
https://friend-list-view.gb.e1-np.communication.playstation.net
https://friend-list-view.gb.np.communication.playstation.net
https://friend-list-view.gr.e1-np.communication.playstation.net
https://friend-list-view.gr.np.communication.playstation.net
https://friend-list-view.gt.e1-np.communication.playstation.net
https://friend-list-view.gt.np.communication.playstation.net
https://friend-list-view.hk.e1-np.communication.playstation.net
https://friend-list-view.hk.np.communication.playstation.net
https://friend-list-view.hn.e1-np.communication.playstation.net
https://friend-list-view.hn.np.communication.playstation.net
https://friend-list-view.hr.e1-np.communication.playstation.net
https://friend-list-view.hr.np.communication.playstation.net
https://friend-list-view.hu.e1-np.communication.playstation.net
https://friend-list-view.hu.np.communication.playstation.net
https://friend-list-view.id.e1-np.communication.playstation.net
https://friend-list-view.id.np.communication.playstation.net
https://friend-list-view.ie.e1-np.communication.playstation.net
https://friend-list-view.ie.np.communication.playstation.net
https://friend-list-view.il.e1-np.communication.playstation.net
https://friend-list-view.il.np.communication.playstation.net
https://friend-list-view.in.e1-np.communication.playstation.net
https://friend-list-view.in.np.communication.playstation.net
https://friend-list-view.is.e1-np.communication.playstation.net
https://friend-list-view.is.np.communication.playstation.net
https://friend-list-view.it.e1-np.communication.playstation.net
https://friend-list-view.it.np.communication.playstation.net
https://friend-list-view.jp.e1-np.communication.playstation.net
https://friend-list-view.jp.np.communication.playstation.net
https://friend-list-view.kr.e1-np.communication.playstation.net
https://friend-list-view.kr.np.communication.playstation.net
https://friend-list-view.kw.e1-np.communication.playstation.net
https://friend-list-view.kw.np.communication.playstation.net
https://friend-list-view.lb.e1-np.communication.playstation.net
https://friend-list-view.lb.np.communication.playstation.net
https://friend-list-view.lu.e1-np.communication.playstation.net
https://friend-list-view.lu.np.communication.playstation.net
https://friend-list-view.mt.e1-np.communication.playstation.net
https://friend-list-view.mt.np.communication.playstation.net
https://friend-list-view.mx.e1-np.communication.playstation.net
https://friend-list-view.mx.np.communication.playstation.net
https://friend-list-view.my.e1-np.communication.playstation.net
https://friend-list-view.my.np.communication.playstation.net
https://friend-list-view.ni.e1-np.communication.playstation.net
https://friend-list-view.ni.np.communication.playstation.net
https://friend-list-view.nl.e1-np.communication.playstation.net
https://friend-list-view.nl.np.communication.playstation.net
https://friend-list-view.no.e1-np.communication.playstation.net
https://friend-list-view.no.np.communication.playstation.net
https://friend-list-view.nz.e1-np.communication.playstation.net
https://friend-list-view.nz.np.communication.playstation.net
https://friend-list-view.om.e1-np.communication.playstation.net
https://friend-list-view.om.np.communication.playstation.net
https://friend-list-view.pa.e1-np.communication.playstation.net
https://friend-list-view.pa.np.communication.playstation.net
https://friend-list-view.pe.e1-np.communication.playstation.net
https://friend-list-view.pe.np.communication.playstation.net
https://friend-list-view.pl.e1-np.communication.playstation.net
https://friend-list-view.pl.np.communication.playstation.net
https://friend-list-view.pt.e1-np.communication.playstation.net
https://friend-list-view.pt.np.communication.playstation.net
https://friend-list-view.py.e1-np.communication.playstation.net
https://friend-list-view.py.np.communication.playstation.net
https://friend-list-view.qa.e1-np.communication.playstation.net
https://friend-list-view.ro.e1-np.communication.playstation.net
https://friend-list-view.ro.np.communication.playstation.net
https://friend-list-view.ru.e1-np.communication.playstation.net
https://friend-list-view.ru.np.communication.playstation.net
https://friend-list-view.sa.e1-np.communication.playstation.net
https://friend-list-view.sa.np.communication.playstation.net
https://friend-list-view.se.e1-np.communication.playstation.net
https://friend-list-view.sg.e1-np.communication.playstation.net
https://friend-list-view.sg.np.communication.playstation.net
https://friend-list-view.si.e1-np.communication.playstation.net
https://friend-list-view.si.np.communication.playstation.net
https://friend-list-view.sk.e1-np.communication.playstation.net
https://friend-list-view.sk.np.communication.playstation.net
https://friend-list-view.sv.e1-np.communication.playstation.net
https://friend-list-view.sv.np.communication.playstation.net
https://friend-list-view.th.e1-np.communication.playstation.net
https://friend-list-view.th.np.communication.playstation.net
https://friend-list-view.tr.e1-np.communication.playstation.net
https://friend-list-view.tr.np.communication.playstation.net
https://friend-list-view.tw.e1-np.communication.playstation.net
https://friend-list-view.tw.np.communication.playstation.net
https://friend-list-view.ua.e1-np.communication.playstation.net
https://friend-list-view.ua.np.communication.playstation.net
https://friend-list-view.us.e1-np.communication.playstation.net
https://friend-list-view.us.np.communication.playstation.net
https://friend-list-view.uy.e1-np.communication.playstation.net
https://friend-list-view.uy.np.communication.playstation.net
https://friend-list-view.ww.e1-np.communication.playstation.net
https://friend-list-view.ww.np.communication.playstation.net
https://friend-list-view.za.e1-np.communication.playstation.net
https://friend-list-view.za.np.communication.playstation.net
https://friendfinder.api.np.km.playstation.net
https://fru01.ps3.update.playstation.net
https://fru01.ps4.update.playstation.net
https://fru01.psp2.update.playstation.net
https://fsa01.ps3.update.playstation.net
https://fsa01.ps4.update.playstation.net
https://fsa01.psp2.update.playstation.net
https://fshop01.ps3.update.playstation.net
https://fswitch.dl.playstation.net
https://ftw01.ps3.update.playstation.net
https://ftw01.ps4.update.playstation.net
https://ftw01.psp2.update.playstation.net
https://fuk01.ps3.update.playstation.net
https://fuk01.ps4.update.playstation.net
https://fuk01.psp2.update.playstation.net
https://fus01.ps3.update.playstation.net
https://fus01.ps4.update.playstation.net
https://fus01.psp2.update.playstation.net
https://galactica2.api.tools.playstation.net
https://galactica2.tools.playstation.net
https://gb-evnt-edge.np.community.playstation.net
https://gb-gmsg.np.community.playstation.net
https://gb-ivt.np.community.playstation.net
https://gb-ntl.np.community.playstation.net
https://gb-prof.np.community.playstation.net
https://get.net.playstation.net
https://getprof.ae.np.community.playstation.net
https://getprof.ar.np.community.playstation.net
https://getprof.at.np.community.playstation.net
https://getprof.au.np.community.playstation.net
https://getprof.be.np.community.playstation.net
https://getprof.bg.np.community.playstation.net
https://getprof.br.np.community.playstation.net
https://getprof.ca.np.community.playstation.net
https://getprof.ch.np.community.playstation.net
https://getprof.cl.np.community.playstation.net
https://getprof.cn.np.community.playstation.net
https://getprof.co.np.community.playstation.net
https://getprof.cr.np.community.playstation.net
https://getprof.cz.np.community.playstation.net
https://getprof.de.np.community.playstation.net
https://getprof.dk.np.community.playstation.net
https://getprof.ec.np.community.playstation.net
https://getprof.es.np.community.playstation.net
https://getprof.fi.np.community.playstation.net
https://getprof.fr.np.community.playstation.net
https://getprof.gb.np.community.playstation.net
https://getprof.gr.np.community.playstation.net
https://getprof.gt.np.community.playstation.net
https://getprof.hk.np.community.playstation.net
https://getprof.hn.np.community.playstation.net
https://getprof.hr.np.community.playstation.net
https://getprof.id.np.community.playstation.net
https://getprof.ie.np.community.playstation.net
https://getprof.il.np.community.playstation.net
https://getprof.in.np.community.playstation.net
https://getprof.it.np.community.playstation.net
https://getprof.jp.np.community.playstation.net
https://getprof.kw.np.community.playstation.net
https://getprof.mx.np.community.playstation.net
https://getprof.my.np.community.playstation.net
https://getprof.nl.np.community.playstation.net
https://getprof.no.np.community.playstation.net
https://getprof.nz.np.community.playstation.net
https://getprof.pa.np.community.playstation.net
https://getprof.pe.np.community.playstation.net
https://getprof.pl.np.community.playstation.net
https://getprof.pt.np.community.playstation.net
https://getprof.py.np.community.playstation.net
https://getprof.qa.np.community.playstation.net
https://getprof.ro.np.community.playstation.net
https://getprof.ru.np.community.playstation.net
https://getprof.sa.np.community.playstation.net
https://getprof.sa.sp-int.community.playstation.net
https://getprof.se.np.community.playstation.net
https://getprof.sg.np.community.playstation.net
https://getprof.sv.np.community.playstation.net
https://getprof.tr.np.community.playstation.net
https://getprof.tw.np.community.playstation.net
https://getprof.us.np.community.playstation.net
https://getprof.uy.np.community.playstation.net
https://getprof.za.np.community.playstation.net
https://gs-sec.ww.np.dl.playstation.net
https://gs-sec.ww.sp-int.dl.playstation.net
https://gs.ww.np.dl.playstation.net
https://gs2-sec.ww.e1.dl.playstation.net
https://gs2-sec.ww.prod.dl.playstation.net
https://gs2.ww.prod.dl.playstation.net
https://gst.prod.dl.playstation.net
https://hakoniwa.dl.playstation.net
https://hau01.ps4.update.playstation.net
https://hcn01.ps4.update.playstation.net
https://help-system-tools.kodama.e1-np.tools.playstation.net
https://help-system.tools.partners.playstation.net
https://heu01.ps4.update.playstation.net
https://hfs.dl.playstation.net
https://hjp01.ps4.update.playstation.net
https://hk-gmsg.np.community.playstation.net
https://hkr01.ps4.update.playstation.net
https://hmx01.ps4.update.playstation.net
https://homer.dl.playstation.net
https://hru01.ps4.update.playstation.net
https://hsa01.ps4.update.playstation.net
https://htw01.ps4.update.playstation.net
https://huk01.ps4.update.playstation.net
https://hus01.ps4.update.playstation.net
https://image.api.e1-np.km.playstation.net
https://image.api.np.km.playstation.net
https://in-gmsgp.np.community.playstation.net
https://infoboard.ww.dl.playstation.net
https://infoboard.xx.dl.playstation.net
https://ingester.e1.tools.playstation.net
https://ingester.mgmt.tools.playstation.net
https://ingester.q1.tools.playstation.net
https://iv0001-npxs01001-00.auth.np.ac.playstation.net
https://ivt.np.community.playstation.net
https://k.dl.playstation.net
https://kairos-3.dev.dl.playstation.net
https://kairos-73.dl.playstation.net
https://kairos.dl.playstation.net
https://kamajiwt.api.np.km.playstation.net
https://kfs.api.np.km.playstation.net
https://kfscdn.api.np.km.playstation.net
https://kiki-dev.biz.playstation.net
https://kiki-qa.biz.playstation.net
https://kiki-stage.biz.playstation.net
https://kiki.biz.playstation.net
https://killzone.dl.playstation.net
https://kr-prof.np.community.playstation.net
https://l02.cdn.update.playstation.net
https://legaldoc.dl.playstation.net
https://lfps-us.dl.playstation.net
https://lfps.dl.playstation.net
https://livearea.api.np.km.playstation.net
https://livearea.api.sp-int.km.playstation.net
https://livearea.mgmt.dl.playstation.net
https://livearea.np.dl.playstation.net
https://livearea.sp-int.dl.playstation.net
https://livegamer.d1-np.ac.playstation.net
https://livegamer.np.ac.playstation.net
https://livegamer.q1-np.ac.playstation.net
https://lovefilm.dl.playstation.net
https://ltip.auth.api.np.ac.playstation.net
https://ltip.commerce.np.ac.playstation.net
https://ltip.native-s2s.np.ac.playstation.net
https://ltip.native.np.ac.playstation.net
https://ltip.np.playstation.net
https://ltip.secure.api.np.ac.playstation.net
https://ltip01.np.playstation.net
https://ltip02.np.playstation.net
https://ltip03.np.playstation.net
https://ltip04.np.playstation.net
https://ltip05.np.playstation.net
https://ltip06.np.playstation.net
https://ltip07.np.playstation.net
https://ltip08.np.playstation.net
https://ltip09.np.playstation.net
https://ltip1.auth.api.np.ac.playstation.net
https://ltip10.np.playstation.net
https://ltip2.auth.api.np.ac.playstation.net
https://m.e1-np.playstation.net
https://m.mgmt.playstation.net
https://m.np.playstation.net
https://m.prod-qa.playstation.net
https://m.sp-int.playstation.net
https://manual.playstation.net
https://manuals.playstation.net
https://mds.d1-np.ac.playstation.net
https://mds.d1-pmgt.ac.playstation.net
https://mds.e1-np.ac.playstation.net
https://mds.e1-pmgt.ac.playstation.net
https://mds.mgmt.ac.playstation.net
https://mds.np.ac.playstation.net
https://mds.q1-np.ac.playstation.net
https://mds.q1-pmgt.ac.playstation.net
https://mercury.dl.playstation.net
https://native-ps3.d1-np.ac.playstation.net
https://native-ps3.e1-np.ac.playstation.net
https://native-ps3.np.ac.playstation.net
https://native-ps3.q1-np.ac.playstation.net
https://native-ps4.d1-np.ac.playstation.net
https://native-ps4.e1-np.ac.playstation.net
https://native-ps4.np.ac.playstation.net
https://native-ps4.q1-np.ac.playstation.net
https://native-s2s.e1-np.ac.playstation.net
https://native-s2s.e1-pmgt.ac.playstation.net
https://native-s2s.e1-pqa.ac.playstation.net
https://native-s2s.e1-spint.ac.playstation.net
https://native-s2s.mgmt.ac.playstation.net
https://native-s2s.np.ac.playstation.net
https://native-s2s.prod-qa.ac.playstation.net
https://native-s2s.q1-np.ac.playstation.net
https://native-s2s.sp-int.ac.playstation.net
https://native-vita.d1-np.ac.playstation.net
https://native-vita.e1-np.ac.playstation.net
https://native-vita.np.ac.playstation.net
https://native-vita.q1-np.ac.playstation.net
https://native.d1-np.ac.playstation.net
https://native.e1-np.ac.playstation.net
https://native.e1-pmgt.ac.playstation.net
https://native.e1-pqa.ac.playstation.net
https://native.e1-spint.ac.playstation.net
https://native.mgmt.ac.playstation.net
https://native.np.ac.playstation.net
https://native.prod-qa.ac.playstation.net
https://native.q1-np.ac.playstation.net
https://native.q2-np.ac.playstation.net
https://native.q2-pmgt.ac.playstation.net
https://native.q2-pqa.ac.playstation.net
https://native.sp-int.ac.playstation.net
https://ne01.dl.playstation.net
https://neardoc.dl.playstation.net
https://netflix.dl.playstation.net
https://nl-gmsg.np.community.playstation.net
https://nl-prof.np.community.playstation.net
https://nowtv.dl.playstation.net
https://npam-e.np.dl.playstation.net
https://npam-test.etc.playstation.net
https://npam-wl.dl.playstation.net
https://npam.dl.playstation.net
https://npmt.e1-np.tools.playstation.net
https://npmt.e1-pmgt.tools.playstation.net
https://npmt.e1-pqa.tools.playstation.net
https://npmt.e1-spint.tools.playstation.net
https://npmt.mgmt.tools.playstation.net
https://npmt.np.tools.playstation.net
https://npmt.prod-qa.tools.playstation.net
https://npmt.q1-np.tools.playstation.net
https://npmt.q1-pmgt.tools.playstation.net
https://npmt.q1-pqa.tools.playstation.net
https://npmt.q1-spint.tools.playstation.net
https://npmt.sp-int.tools.playstation.net
https://nsx-e.np.dl.playstation.net
https://nsx-e.sec.np.dl.playstation.net
https://nsx-tv.sec.mgmt.dl.playstation.net
https://nsx.mgmt.admin.playstation.net
https://nsx.np.dl.playstation.net
https://nsx.np.grs.dl.playstation.net
https://nsx.sec.mgmt.dl.playstation.net
https://nsx.sec.np.dl.playstation.net
https://nsx.sec.prod-qa.dl.playstation.net
https://omsk-e.dl.playstation.net
https://oqesn.np.dl.playstation.net
https://p.e1-np.playstation.net
https://p.mgmt.playstation.net
https://p.np.playstation.net
https://p.prod-qa.playstation.net
https://p.sp-int.playstation.net
https://p0.dl.playstation.net
https://pacman.e1-np.tools.playstation.net
https://pacman.np.tools.playstation.net
https://panup-dev.epo.playstation.net
https://panup.epo.playstation.net
https://partnermanagement.playstation.net
https://partners.e1-np.playstation.net
https://partners.playstation.net
https://party.rnps.dl.playstation.net
https://paypal.d1-np.ac.playstation.net
https://paypal.np.ac.playstation.net
https://paypal.q1-np.ac.playstation.net
https://pc.ps5.update.playstation.net
https://pl-gmsgp.np.community.playstation.net
https://playroom.dl.playstation.net
https://pmcamera-apps.dl.playstation.net
https://poseidon.dl.playstation.net
https://post.net.playstation.net
https://prof.np.community.playstation.net
https://profile.cn.np.community.playstation.net
https://profile.de.np.community.playstation.net
https://profile.gb.np.community.playstation.net
https://profile.hk.np.community.playstation.net
https://profile.jp.np.community.playstation.net
https://profile.us.np.community.playstation.net
https://ps4-eb.ww.np.dl.playstation.net
https://ps4-eb.xx.np.dl.playstation.net
https://ps4-system.sec.e1-np.dl.playstation.net
https://ps4-system.sec.np.dl.playstation.net
https://ps4.e1-np.playstation.net
https://ps4.mgmt.playstation.net
https://ps4.np.playstation.net
https://ps4.prod-qa.playstation.net
https://ps4.sp-int.playstation.net
https://ps4.updptl.np.community.playstation.net
https://ps4updptl.au.np.community.playstation.net
https://ps4updptl.br.np.community.playstation.net
https://ps4updptl.eu.np.community.playstation.net
https://ps4updptl.jp.np.community.playstation.net
https://ps4updptl.kr.np.community.playstation.net
https://ps4updptl.mx.np.community.playstation.net
https://ps4updptl.ru.np.community.playstation.net
https://ps4updptl.sa.np.community.playstation.net
https://ps4updptl.tw.np.community.playstation.net
https://ps4updptl.uk.np.community.playstation.net
https://ps4updptl.us.np.community.playstation.net
https://ps5.d1-np.playstation.net
https://ps5.e1-np.playstation.net
https://ps5.mgmt.playstation.net
https://ps5.np.playstation.net
https://ps5.prod-qa.playstation.net
https://ps5.q1-np.playstation.net
https://ps5.sp-int.playstation.net
https://psapp-start.dl.playstation.net
https://psapp.dl.playstation.net
https://psapp.updptl.np.community.playstation.net
https://psn-rsc.e1.dl.playstation.net
https://psn-rsc.prod.dl.playstation.net
https://psnobj.non-prod.dl.playstation.net
https://psnobj.prod.dl.playstation.net
https://psnobj.stage.dl.playstation.net
https://psp2-e.np.dl.playstation.net
https://psp2-eb.ww.np.dl.playstation.net
https://psp2-eb.xx.np.dl.playstation.net
https://psp2.updptl.np.community.playstation.net
https://pss.dl.playstation.net
https://publish.playstation.net
https://push-w2s01.push.ww.np.cn.s0.playstation.net
https://qmusic.dl.playstation.net
https://radio.psp.dl.playstation.net
https://ranking-log-b02.ww.np.community.playstation.net
https://ranking-log-c02.ww.np.community.playstation.net
https://ranking-log-d02.ww.np.community.playstation.net
https://ranking-log-e02.ww.np.community.playstation.net
https://ranking-log-f02.ww.np.community.playstation.net
https://ranking-log-g02.ww.np.community.playstation.net
https://ranking-log-h02.ww.np.community.playstation.net
https://ranking-log-i02.ww.np.community.playstation.net
https://ranking-log-k02.ww.np.community.playstation.net
https://ranking-log-l02.ww.np.community.playstation.net
https://ranking-log02.ww.np.community.playstation.net
https://ranking-log02.ww.sp-int.community.playstation.net
https://ranking-rec-e01.u0.np.community.playstation.net
https://ranking-rec-f01.u0.np.community.playstation.net
https://ranking-rec-h01.u0.np.community.playstation.net
https://ranking-rec-k01.u0.np.community.playstation.net
https://ranking-rec-l01.u0.np.community.playstation.net
https://ranking-view-e01.u0.np.community.playstation.net
https://ranking-view-f01.u0.np.community.playstation.net
https://ranking-view-g01.u0.np.community.playstation.net
https://ranking-view-h01.u0.np.community.playstation.net
https://ranking-view-k01.u0.np.community.playstation.net
https://ranking-view-l01.u0.np.community.playstation.net
https://recap-ps3-product-lb.crs.playstation.net
https://recap-vita-product-lb.crs.playstation.net
https://recorder-clust01-lb.crs.playstation.net
https://recorder-clust02-lb.crs.playstation.net
https://recs.api.e1-np.km.playstation.net
https://recs.api.mgmt.km.playstation.net
https://recs.api.np.km.playstation.net
https://reg-mobile.ext.p1-np-usw2-01.h.km.playstation.net
https://reg.api.km.playstation.net
https://regcam.api.np.km.playstation.net
https://regcam.api.sp-int.km.playstation.net
https://register.playstation.net
https://remoteplay.dl.playstation.net
https://report.playstation.net
https://resource.d1-np.ac.playstation.net
https://resource.d1-pmgt.ac.playstation.net
https://resource.d1-pqa.ac.playstation.net
https://resource.d1-spint.ac.playstation.net
https://resource.e1-np.ac.playstation.net
https://resource.e1-pmgt.ac.playstation.net
https://resource.e1-pqa.ac.playstation.net
https://resource.e1-spint.ac.playstation.net
https://resource.mgmt.ac.playstation.net
https://resource.np.ac.playstation.net
https://resource.prod-qa.ac.playstation.net
https://resource.q1-np.ac.playstation.net
https://resource.q1-pmgt.ac.playstation.net
https://resource.q1-pqa.ac.playstation.net
https://resource.q1-spint.ac.playstation.net
https://resource.sp-int.ac.playstation.net
https://richprofile.ext.p1-np-usw2-01.h.km.playstation.net
https://robyn.mo.playstation.net
https://roles.playstation.net
https://ru-evnt-edge.np.community.playstation.net
https://ru-prof.np.community.playstation.net
https://s2s.e1-np.playstation.net
https://s2s.mgmt.playstation.net
https://s2s.np.playstation.net
https://s2s.prod-qa.playstation.net
https://s2s.sp-int.playstation.net
https://sa-gmsg.np.community.playstation.net
https://sa-prof.np.community.playstation.net
https://sceerd.dl.playstation.net
https://sclock.ww.np.community.playstation.net
https://scp-iarc.prod.pt.playstation.net
https://searchjid.eu.np.community.playstation.net
https://searchjid.eu.sp-int.community.playstation.net
https://searchjid.jpn.np.community.playstation.net
https://searchjid.jpn.sp-int.community.playstation.net
https://searchjid.usa.np.community.playstation.net
https://secure.api.d1-np.ac.playstation.net
https://secure.api.d1-pmgt.ac.playstation.net
https://secure.api.e1-np.ac.playstation.net
https://secure.api.e1-pmgt.ac.playstation.net
https://secure.api.mgmt.ac.playstation.net
https://secure.api.np.ac.playstation.net
https://secure.api.q1-np.ac.playstation.net
https://secure.api.q1-pmgt.ac.playstation.net
https://sensme.dl.playstation.net
https://sf.api.np.km.playstation.net
https://sf.api.sp-int.km.playstation.net
https://sgs2.e1.scdn.dl.playstation.net
https://sgs2.prod.scdn.dl.playstation.net
https://sgst.prod.dl.playstation.net
https://signin.playstation.net
https://signin.sit.pt.playstation.net
https://singstar-2.dl.playstation.net
https://sn.api.np.km.playstation.net
https://sn.api.sp-int.km.playstation.net
https://sprite-test.epo.playstation.net
https://sprite.epo.playstation.net
https://static-resource.e1-np.community.playstation.net
https://static-resource.mgmt.community.playstation.net
https://static-resource.np.community.playstation.net
https://static-resource.prod-qa.community.playstation.net
https://static-resource.sp-int.community.playstation.net
https://storage01.ww.np.community.playstation.net
https://store.d1-np.ac.playstation.net
https://store.d1-pmgt.ac.playstation.net
https://store.d1-pqa.ac.playstation.net
https://store.d1-spint.ac.playstation.net
https://store.e1-np.ac.playstation.net
https://store.e1-pmgt.ac.playstation.net
https://store.e1-pqa.ac.playstation.net
https://store.e1-spint.ac.playstation.net
https://store.mgmt.ac.playstation.net
https://store.np.ac.playstation.net
https://store.prod-qa.ac.playstation.net
https://store.q1-np.ac.playstation.net
https://store.q1-pmgt.ac.playstation.net
https://store.q1-pqa.ac.playstation.net
https://store.q1-spint.ac.playstation.net
https://store.sp-int.ac.playstation.net
https://theia.dl.playstation.net
https://theia.e1-np.dl.playstation.net
https://theia.mgmt.dl.playstation.net
https://theia.prod-qa.dl.playstation.net
https://theia.sp-int.dl.playstation.net
https://themis.dl.playstation.net
https://theplayroomvr.dl.playstation.net
https://tmdb.e1-np.dl.playstation.net
https://tmdb.mgmt.admin.playstation.net
https://tmdb.np.dl.playstation.net
https://tools.partners.playstation.net
https://tr-prof.np.community.playstation.net
https://tr-push.np.communication.playstation.net
https://trophy.ww.np.community.playstation.net
https://trophy01.np.community.playstation.net
https://tw-gmsgp.np.community.playstation.net
https://ua-gcd.np.community.playstation.net
https://ubstorage01.ww.np.community.playstation.net
https://ucltickets.playstation.net
https://up0002-blus30591-00.auth.np.ac.playstation.net
https://up0006-blus31162-00.auth.np.ac.playstation.net
https://update.jp.np.community.playstation.net
https://upload.crs.playstation.net
https://upload.nonprod.crs.playstation.net
https://uploader.us.np.community.playstation.net
https://us-gcd.e1-np.community.playstation.net
https://us-gmsg.e1-np.community.playstation.net
https://us-gmsg.np.community.playstation.net
https://us-ivt.e1-np.community.playstation.net
https://us-ivt.np.community.playstation.net
https://us-prof.e1-np.community.playstation.net
https://us-prof.np.community.playstation.net
https://us-push.e1-np.communication.playstation.net
https://us01.dl.playstation.net
https://uvp-assets.e1-np.dl.playstation.net
https://v0001-npxs01001-00.auth.np.ac.playstation.net
https://venom.q1-mgmt.playstation.net
https://video.dl.playstation.net
https://view.eu.np.community.playstation.net
https://vitacl.ww.dl.playstation.net
https://vitacl.xx.dl.playstation.net
https://vl.api.np.ac.playstation.net
https://vl.api.np.km.playstation.net
https://vl.api.prod-qa.ac.playstation.net
https://vl.api.sp-int.ac.playstation.net
https://vl.api.sp-int.km.playstation.net
https://vouchers.mgmt.playstation.net
https://vouchers.playstation.net
https://vouchers.prod-qa.playstation.net
https://vouchers.sp-int.playstation.net
https://vpn.jp.biz.playstation.net
https://vshvideo.dl.playstation.net
https://vuabstest.dl.playstation.net
https://vulcan.dev.dl.playstation.net
https://vulcan.dl.playstation.net
https://vulcan.sp-int.dev.dl.playstation.net
https://vulcan.sp-int.dl.playstation.net
https://walkman-e.dl.playstation.net
https://wboard.ww.dl.playstation.net
https://web.e1-np.playstation.net
https://web.mgmt.playstation.net
https://web.np.playstation.net
https://web.prod-qa.playstation.net
https://web.sp-int.playstation.net
https://whatsnewj.dl.playstation.net
https://wildcard.auth.d1-np.ac.playstation.net
https://ww.dl.playstation.net
https://www-stg.upro.playstation.net
https://www.auth.np.ac.playstation.net
https://www.register.playstation.net
https://www.ucltickets.playstation.net
https://www.upro.playstation.net
https://xmb-e.dl.playstation.net
https://xmb.dl.playstation.net
https://za-prof.np.community.playstation.net
https://zeus.dl.playstation.net
