http://admin2.popjam.com
http://admin2.staging.popjam.com
http://api.popjam.com
http://api.staging.popjam.com
http://app-reviews.popjam.com
http://blog.popjam.com
http://cms.apac.cdn.popjam.com
http://download.popjam.com
http://eu-west-1.api.popjam.com
http://events.popjam.com
http://events.staging.popjam.com
http://images.apac.cdn.popjam.com
http://origin-auth.popjam.com
http://origin-sdk.popjam.com
http://origin-video.popjam.com
http://parse.popjam.com
http://popjam.com
http://publishing-api.popjam.com
http://publishing-api.staging.popjam.com
http://publishing.popjam.com
http://publishing.staging.popjam.com
http://redash.popjam.com
http://richcontent.apac.cdn.popjam.com
http://sdk.popjam.com
http://sdk.staging.popjam.com
http://us-east-1.api.popjam.com
http://video.popjam.com
http://videos.apac.cdn.popjam.com
http://web-auth.popjam.com
http://web.popjam.com
http://web.staging.popjam.com
http://work.popjam.com
http://www.popjam.com
http://www.staging.popjam.com
https://admin2.popjam.com
https://admin2.staging.popjam.com
https://api.popjam.com
https://api.staging.popjam.com
https://blog.popjam.com
https://cms.apac.cdn.popjam.com
https://eu-west-1.api.popjam.com
https://events.popjam.com
https://events.staging.popjam.com
https://images.apac.cdn.popjam.com
https://origin-auth.popjam.com
https://origin-sdk.popjam.com
https://origin-video.popjam.com
https://parse.popjam.com
https://publishing-api.popjam.com
https://publishing-api.staging.popjam.com
https://publishing.popjam.com
https://publishing.staging.popjam.com
https://redash.popjam.com
https://richcontent.apac.cdn.popjam.com
https://sdk.popjam.com
https://sdk.staging.popjam.com
https://us-east-1.api.popjam.com
https://video.popjam.com
https://web-auth.popjam.com
https://web.popjam.com
https://web.staging.popjam.com
https://work.popjam.com
https://www.popjam.com
https://www.staging.popjam.com
