http://alerts-qa-gq1.protrade.com
http://alerts-stage-gq1.protrade.com
http://alerts.protrade.com
http://mrest-qa-gq1-test.protrade.com
http://mrest-qa-gq1.protrade.com
http://mrest-stage-gq1-test.protrade.com
http://mrest-stage-gq1.protrade.com
http://mrest-ycpi.protrade.com
http://smrest-ycpi.protrade.com
http://smrest.protrade.com
http://sportrest-qa-gq1.protrade.com
http://sportrest-stage-gq1.protrade.com
http://www.protrade.com
http://ymrest.protrade.com
https://alerts-qa-gq1.protrade.com
https://alerts-stage-gq1.protrade.com
https://alerts.protrade.com
https://mrest-qa-gq1-test.protrade.com
https://mrest-qa-gq1.protrade.com
https://mrest-stage-gq1-test.protrade.com
https://mrest-stage-gq1.protrade.com
https://mrest-ycpi.protrade.com
https://smrest-ycpi.protrade.com
https://smrest.protrade.com
https://sportrest-qa-gq1.protrade.com
https://sportrest-stage-gq1.protrade.com
https://www.protrade.com
https://ymrest.protrade.com
