http://assets.pscp.tv
http://au.pscp.tv
http://au.pscp.tv:1935
http://br.pscp.tv
http://br.pscp.tv:1935
http://ca.pscp.tv
http://ca.pscp.tv:1935
http://canary-exp-video-us-east-1.pscp.tv
http://canary-proxsee.pscp.tv
http://canary-transcode-proxy-us-east-1.pscp.tv
http://canary-transcode-us-east-1.pscp.tv
http://canary-video-us-east-1.pscp.tv
http://canary-web.pscp.tv
http://channel-thumbnails-dev.pscp.tv
http://channel-thumbnails-live.pscp.tv
http://dca.pscp.tv
http://dca.pscp.tv:1935
http://de.pscp.tv
http://de.pscp.tv:1935
http://dev-assets.pscp.tv
http://dev-channels-thumbnails.pscp.tv
http://dev-chatman-ancillary-us-west-2.pscp.tv
http://dev-embed.pscp.tv
http://dev-exp-video-eu-west-1.pscp.tv
http://dev-exp-video-us-west-2.pscp.tv
http://dev-hlspull.pscp.tv
http://dev-masks.pscp.tv
http://dev-profile.pscp.tv
http://dev-proxsee.pscp.tv
http://dev-public-api-assets.pscp.tv
http://dev-thumbnail.pscp.tv
http://dev-transcode-us-west-2.pscp.tv
http://dev-video-eu-west-1.pscp.tv
http://dev-video-us-west-2.pscp.tv
http://dev-vidman-eu-west-1.pscp.tv
http://dev-vidman-eu-west-1.pscp.tv:1935
http://dev-vidman-us-west-2.pscp.tv
http://dev-vidman-us-west-2.pscp.tv:1935
http://die.pscp.tv
http://die.pscp.tv:1935
http://embed.pscp.tv
http://fr.pscp.tv
http://fr.pscp.tv:1935
http://help.pscp.tv
http://hls.pscp.tv
http://hlspull.pscp.tv
http://ie.pscp.tv
http://ie.pscp.tv:1935
http://in.pscp.tv
http://in.pscp.tv:1935
http://jp.pscp.tv
http://jp.pscp.tv:1935
http://kr.pscp.tv
http://kr.pscp.tv:1935
http://metrics.pscp.tv
http://or.pscp.tv
http://or.pscp.tv:1935
http://prod-assets.pscp.tv
http://prod-channels-thumbnails.pscp.tv
http://prod-cloudfront-tn-ap-northeast-1-replay.video.pscp.tv
http://prod-cloudfront-tn-ap-southeast-1-replay.video.pscp.tv
http://prod-cloudfront-tn-eu-central-1-live.video.pscp.tv
http://prod-cloudfront-tn-eu-central-1-replay.video.pscp.tv
http://prod-cloudfront-tn-eu-west-1-live.video.pscp.tv
http://prod-cloudfront-tn-eu-west-1-replay.video.pscp.tv
http://prod-cloudfront-tn-eu-west-3-live.video.pscp.tv
http://prod-cloudfront-tn-eu-west-3-replay.video.pscp.tv
http://prod-cloudfront-tn-sa-east-1-live.video.pscp.tv
http://prod-cloudfront-tn-sa-east-1-replay.video.pscp.tv
http://prod-cloudfront-tn-us-east-1-live.video.pscp.tv
http://prod-cloudfront-tn-us-east-1-replay.video.pscp.tv
http://prod-cloudfront-tn-us-west-1-live.video.pscp.tv
http://prod-cloudfront-tn-us-west-1-replay.video.pscp.tv
http://prod-cloudfront-tn-us-west-2-live.video.pscp.tv
http://prod-cloudfront-tn-us-west-2-replay.video.pscp.tv
http://prod-ec-ap-northeast-1.video.pscp.tv
http://prod-ec-ap-northeast-2.video.pscp.tv
http://prod-ec-ap-south-1.video.pscp.tv
http://prod-ec-ap-southeast-1.video.pscp.tv
http://prod-ec-ap-southeast-2.video.pscp.tv
http://prod-ec-eu-central-1.video.pscp.tv
http://prod-ec-eu-west-1.video.pscp.tv
http://prod-ec-eu-west-3.video.pscp.tv
http://prod-ec-sa-east-1.video.pscp.tv
http://prod-ec-us-east-1.video.pscp.tv
http://prod-ec-us-west-1.video.pscp.tv
http://prod-ec-us-west-2.video.pscp.tv
http://prod-exp-video-ap-southeast-2.pscp.tv
http://prod-exp-video-eu-central-1.pscp.tv
http://prod-exp-video-eu-west-1.pscp.tv
http://prod-exp-video-sa-east-1.pscp.tv
http://prod-exp-video-us-east-1.pscp.tv
http://prod-fastly-ap-northeast-1.video.pscp.tv
http://prod-fastly-ap-northeast-2.video.pscp.tv
http://prod-fastly-ap-south-1.video.pscp.tv
http://prod-fastly-ap-southeast-1.video.pscp.tv
http://prod-fastly-ap-southeast-2.video.pscp.tv
http://prod-fastly-eu-central-1.video.pscp.tv
http://prod-fastly-eu-west-1.video.pscp.tv
http://prod-fastly-eu-west-3.video.pscp.tv
http://prod-fastly-sa-east-1.video.pscp.tv
http://prod-fastly-us-east-1.video.pscp.tv
http://prod-fastly-us-west-1.video.pscp.tv
http://prod-fastly-us-west-2.video.pscp.tv
http://prod-masks.pscp.tv
http://prod-profile.pscp.tv
http://prod-public-api-assets.pscp.tv
http://prod-thumbnail-small.pscp.tv
http://prod-thumbnail.pscp.tv
http://prod-transcode-ap-northeast-2.pscp.tv
http://prod-transcode-ap-south-1.pscp.tv
http://prod-transcode-ap-southeast-1.pscp.tv
http://prod-transcode-ap-southeast-2.pscp.tv
http://prod-transcode-eu-central-1.pscp.tv
http://prod-transcode-eu-west-1.pscp.tv
http://prod-transcode-eu-west-3.pscp.tv
http://prod-transcode-proxy-ap-south-1.pscp.tv
http://prod-transcode-proxy-ap-southeast-2.pscp.tv
http://prod-transcode-proxy-eu-central-1.pscp.tv
http://prod-transcode-proxy-eu-west-1.pscp.tv
http://prod-transcode-proxy-eu-west-3.pscp.tv
http://prod-transcode-proxy-sa-east-1.pscp.tv
http://prod-transcode-proxy-us-east-1.pscp.tv
http://prod-transcode-sa-east-1.pscp.tv
http://prod-transcode-us-east-1.pscp.tv
http://prod-transcode-us-west-2.pscp.tv
http://prod-video-ap-northeast-1.pscp.tv
http://prod-video-ap-northeast-2.pscp.tv
http://prod-video-ap-south-1.pscp.tv
http://prod-video-ap-southeast-1.pscp.tv
http://prod-video-ap-southeast-2.pscp.tv
http://prod-video-eu-central-1.pscp.tv
http://prod-video-eu-west-1.pscp.tv
http://prod-video-eu-west-3.pscp.tv
http://prod-video-sa-east-1.pscp.tv
http://prod-video-us-east-1.pscp.tv
http://prod-video-us-west-1.pscp.tv
http://prod-video-us-west-2.pscp.tv
http://proxsee.pscp.tv
http://pscp.tv
http://sg.pscp.tv
http://sg.pscp.tv:1935
http://test-help.pscp.tv
http://va.pscp.tv
http://va.pscp.tv:1935
http://vidman-ap-northeast-1.pscp.tv
http://vidman-ap-northeast-1.pscp.tv:1935
http://vidman-ap-northeast-2.pscp.tv
http://vidman-ap-northeast-2.pscp.tv:1935
http://vidman-ap-southeast-1.pscp.tv
http://vidman-ap-southeast-1.pscp.tv:1935
http://vidman-ap-southeast-2.pscp.tv
http://vidman-ap-southeast-2.pscp.tv:1935
http://vidman-eu-central-1.pscp.tv
http://vidman-eu-central-1.pscp.tv:1935
http://vidman-eu-west-1.pscp.tv
http://vidman-eu-west-1.pscp.tv:1935
http://vidman-eu-west-3.pscp.tv
http://vidman-eu-west-3.pscp.tv:1935
http://vidman-sa-east-1.pscp.tv
http://vidman-sa-east-1.pscp.tv:1935
http://vidman-us-east-1.pscp.tv
http://vidman-us-east-1.pscp.tv:1935
http://vidman-us-west-1.pscp.tv
http://vidman-us-west-1.pscp.tv:1935
http://vidman-us-west-2.pscp.tv
http://vidman-us-west-2.pscp.tv:1935
http://web-ap-northeast-1.pscp.tv
http://web-ap-northeast-2.pscp.tv
http://web-ap-south-1.pscp.tv
http://web-ap-southeast-1.pscp.tv
http://web-ap-southeast-2.pscp.tv
http://web-eu-central-1.pscp.tv
http://web-eu-west-1.pscp.tv
http://web-us-east-1.pscp.tv
http://web-us-west-2.pscp.tv
http://web.pscp.tv
http://www.pscp.tv
http://zz.pscp.tv
http://zz.pscp.tv:1935
https://a.pscp.tv
https://api-ws.pscp.tv
https://api.pscp.tv
https://assets.pscp.tv
https://au.pscp.tv
https://audit-trail.pscp.tv
https://br.pscp.tv
https://ca.pscp.tv
https://canary-channels.pscp.tv
https://canary-chatman-ancillary-us-west-2.pscp.tv
https://canary-exp-video-us-east-1.pscp.tv
https://canary-guest.pscp.tv
https://canary-proxsee.pscp.tv
https://canary-safety.pscp.tv
https://canary-text-classification.pscp.tv
https://canary-transcode-proxy-us-east-1.pscp.tv
https://canary-transcode-us-east-1.pscp.tv
https://canary-video-us-east-1.pscp.tv
https://canary-web.pscp.tv
https://channel-thumbnails-dev.pscp.tv
https://channel-thumbnails-live.pscp.tv
https://channels.pscp.tv
https://chatman-replay-ap-northeast-1.pscp.tv
https://chatman-replay-eu-central-1.pscp.tv
https://chatman-replay-us-east-1.pscp.tv
https://chatman-replay-us-west-2.pscp.tv
https://d.pscp.tv
https://dca.pscp.tv
https://de.pscp.tv
https://dev-api-ws.pscp.tv
https://dev-api.pscp.tv
https://dev-assets.pscp.tv
https://dev-audit-trail.pscp.tv
https://dev-channels-thumbnails.pscp.tv
https://dev-chatman-ancillary-us-west-2.pscp.tv
https://dev-chatman-replay-eu-west-1.pscp.tv
https://dev-chatman-replay-us-west-2.pscp.tv
https://dev-email.pscp.tv
https://dev-embed.pscp.tv
https://dev-exp-video-eu-west-1.pscp.tv
https://dev-exp-video-us-west-2.pscp.tv
https://dev-guest.pscp.tv
https://dev-hlspull.pscp.tv
https://dev-masks.pscp.tv
https://dev-profile.pscp.tv
https://dev-proxsee.pscp.tv
https://dev-public-api-assets.pscp.tv
https://dev-safety.pscp.tv
https://dev-signer-eu-west-1.pscp.tv
https://dev-signer.pscp.tv
https://dev-text-classification.pscp.tv
https://dev-thumbnail.pscp.tv
https://dev-transcode-us-west-2.pscp.tv
https://dev-video-eu-west-1.pscp.tv
https://dev-video-us-west-2.pscp.tv
https://dev-vidman-eu-west-1.pscp.tv
https://dev-vidman-us-west-2.pscp.tv
https://die.pscp.tv
https://email.pscp.tv
https://embed.pscp.tv
https://fr.pscp.tv
https://guest.pscp.tv
https://gw-canary-hydra-us-east-1.pscp.tv
https://gw-dev-hydra-eu-west-1.pscp.tv
https://gw-dev-hydra-us-west-2.pscp.tv
https://gw-prod-hydra-ap-south-1.pscp.tv
https://gw-prod-hydra-eu-central-1.pscp.tv
https://gw-prod-hydra-eu-west-3.pscp.tv
https://gw-prod-hydra-us-west-1.pscp.tv
https://gw-prod-hydra-us-west-2.pscp.tv
https://help.pscp.tv
https://hls.pscp.tv
https://hlspull.pscp.tv
https://ie.pscp.tv
https://in.pscp.tv
https://jp.pscp.tv
https://kr.pscp.tv
https://notification-service.pscp.tv
https://or.pscp.tv
https://payman.pscp.tv
https://prod-assets.pscp.tv
https://prod-channels-thumbnails.pscp.tv
https://prod-chatman-ancillary-ap-northeast-1.pscp.tv
https://prod-chatman-ancillary-eu-central-1.pscp.tv
https://prod-chatman-ancillary-us-east-1.pscp.tv
https://prod-chatman-ancillary-us-west-2.pscp.tv
https://prod-cloudfront-tn-ap-northeast-1-replay.video.pscp.tv
https://prod-cloudfront-tn-ap-southeast-1-replay.video.pscp.tv
https://prod-cloudfront-tn-eu-central-1-live.video.pscp.tv
https://prod-cloudfront-tn-eu-central-1-replay.video.pscp.tv
https://prod-cloudfront-tn-eu-west-1-live.video.pscp.tv
https://prod-cloudfront-tn-eu-west-1-replay.video.pscp.tv
https://prod-cloudfront-tn-eu-west-3-live.video.pscp.tv
https://prod-cloudfront-tn-eu-west-3-replay.video.pscp.tv
https://prod-cloudfront-tn-sa-east-1-live.video.pscp.tv
https://prod-cloudfront-tn-sa-east-1-replay.video.pscp.tv
https://prod-cloudfront-tn-us-east-1-live.video.pscp.tv
https://prod-cloudfront-tn-us-east-1-replay.video.pscp.tv
https://prod-cloudfront-tn-us-west-1-live.video.pscp.tv
https://prod-cloudfront-tn-us-west-1-replay.video.pscp.tv
https://prod-cloudfront-tn-us-west-2-live.video.pscp.tv
https://prod-cloudfront-tn-us-west-2-replay.video.pscp.tv
https://prod-ec-ap-northeast-1.video.pscp.tv
https://prod-ec-ap-northeast-2.video.pscp.tv
https://prod-ec-ap-south-1.video.pscp.tv
https://prod-ec-ap-southeast-1.video.pscp.tv
https://prod-ec-ap-southeast-2.video.pscp.tv
https://prod-ec-eu-central-1.video.pscp.tv
https://prod-ec-eu-west-1.video.pscp.tv
https://prod-ec-eu-west-3.video.pscp.tv
https://prod-ec-sa-east-1.video.pscp.tv
https://prod-ec-us-east-1.video.pscp.tv
https://prod-ec-us-west-1.video.pscp.tv
https://prod-ec-us-west-2.video.pscp.tv
https://prod-exp-video-ap-southeast-2.pscp.tv
https://prod-exp-video-eu-central-1.pscp.tv
https://prod-exp-video-eu-west-1.pscp.tv
https://prod-exp-video-sa-east-1.pscp.tv
https://prod-exp-video-us-east-1.pscp.tv
https://prod-fastly-ap-northeast-1.video.pscp.tv
https://prod-fastly-ap-northeast-2.video.pscp.tv
https://prod-fastly-ap-south-1.video.pscp.tv
https://prod-fastly-ap-southeast-1.video.pscp.tv
https://prod-fastly-ap-southeast-2.video.pscp.tv
https://prod-fastly-eu-central-1.video.pscp.tv
https://prod-fastly-eu-west-1.video.pscp.tv
https://prod-fastly-eu-west-3.video.pscp.tv
https://prod-fastly-sa-east-1.video.pscp.tv
https://prod-fastly-us-east-1.video.pscp.tv
https://prod-fastly-us-west-1.video.pscp.tv
https://prod-fastly-us-west-2.video.pscp.tv
https://prod-masks.pscp.tv
https://prod-profile.pscp.tv
https://prod-public-api-assets.pscp.tv
https://prod-text-classification.pscp.tv
https://prod-thumbnail-small.pscp.tv
https://prod-thumbnail.pscp.tv
https://prod-transcode-ap-northeast-2.pscp.tv
https://prod-transcode-ap-south-1.pscp.tv
https://prod-transcode-ap-southeast-1.pscp.tv
https://prod-transcode-ap-southeast-2.pscp.tv
https://prod-transcode-eu-central-1.pscp.tv
https://prod-transcode-eu-west-1.pscp.tv
https://prod-transcode-eu-west-3.pscp.tv
https://prod-transcode-proxy-ap-south-1.pscp.tv
https://prod-transcode-proxy-ap-southeast-2.pscp.tv
https://prod-transcode-proxy-eu-central-1.pscp.tv
https://prod-transcode-proxy-eu-west-1.pscp.tv
https://prod-transcode-proxy-eu-west-3.pscp.tv
https://prod-transcode-proxy-sa-east-1.pscp.tv
https://prod-transcode-proxy-us-east-1.pscp.tv
https://prod-transcode-sa-east-1.pscp.tv
https://prod-transcode-us-east-1.pscp.tv
https://prod-transcode-us-west-2.pscp.tv
https://prod-video-ap-northeast-1.pscp.tv
https://prod-video-ap-northeast-2.pscp.tv
https://prod-video-ap-south-1.pscp.tv
https://prod-video-ap-southeast-1.pscp.tv
https://prod-video-ap-southeast-2.pscp.tv
https://prod-video-eu-central-1.pscp.tv
https://prod-video-eu-west-1.pscp.tv
https://prod-video-eu-west-3.pscp.tv
https://prod-video-sa-east-1.pscp.tv
https://prod-video-us-east-1.pscp.tv
https://prod-video-us-west-1.pscp.tv
https://prod-video-us-west-2.pscp.tv
https://proxsee.pscp.tv
https://pscp.tv
https://safety.pscp.tv
https://sg.pscp.tv
https://signer-ap-northeast-1.pscp.tv
https://signer-ap-southeast-1.pscp.tv
https://signer-eu-west-1.pscp.tv
https://signer-sa-east-1.pscp.tv
https://signer-us-west-2.pscp.tv
https://signer.pscp.tv
https://test-help.pscp.tv
https://va.pscp.tv
https://vidman-ap-northeast-1.pscp.tv
https://vidman-ap-northeast-2.pscp.tv
https://vidman-ap-southeast-1.pscp.tv
https://vidman-ap-southeast-2.pscp.tv
https://vidman-eu-central-1.pscp.tv
https://vidman-eu-west-1.pscp.tv
https://vidman-eu-west-3.pscp.tv
https://vidman-sa-east-1.pscp.tv
https://vidman-us-east-1.pscp.tv
https://vidman-us-west-1.pscp.tv
https://vidman-us-west-2.pscp.tv
https://web-ap-northeast-1.pscp.tv
https://web-ap-northeast-2.pscp.tv
https://web-ap-south-1.pscp.tv
https://web-ap-southeast-1.pscp.tv
https://web-ap-southeast-2.pscp.tv
https://web-eu-central-1.pscp.tv
https://web-eu-west-1.pscp.tv
https://web-us-east-1.pscp.tv
https://web-us-west-2.pscp.tv
https://web.pscp.tv
https://www.pscp.tv
https://zz.pscp.tv
