http://blog.quantopian.com
http://calendar.quantopian.com
http://dataloader.quantopian.com
http://docs.quantopian.com
http://eks-proxy.quantopian.com
http://email2.quantopian.com
http://email3.quantopian.com
http://factset.quantopian.com
http://image-proxy.quantopian.com
http://mail.quantopian.com
http://media.quantopian.com
http://qf.quantopian.com
http://www.quantopian.com
https://blog.quantopian.com
https://eks-proxy.quantopian.com
https://email2.quantopian.com
https://email3.quantopian.com
https://factset.quantopian.com
https://image-proxy.quantopian.com
https://media.quantopian.com
https://qf.quantopian.com
https://www.quantopian.com
