http://agents.rapida.ru
http://contact.rapida.ru
http://lk.rapida.ru
http://new.rapida.ru
http://online.rapida.ru
http://paycard.rapida.ru
http://qpay.rapida.ru:444
http://qpaygost.rapida.ru:444
http://rapida.ru
http://service.rapida.ru
http://soft.rapida.ru
http://soup.rapida.ru
http://stat.rapida.ru
http://static.rapida.ru
http://tqpay.rapida.ru:444
http://tqpaygost.rapida.ru:444
http://wallet.rapida.ru
http://www.rapida.ru
https://agents.rapida.ru
https://autopay.rapida.ru
https://autopay.rapida.ru:8443
https://contact.rapida.ru
https://lk.rapida.ru
https://new.rapida.ru
https://online.rapida.ru
https://qpay.rapida.ru
https://qpaygost.rapida.ru
https://rapida.ru
https://service.rapida.ru
https://soft.rapida.ru
https://soup.rapida.ru
https://stat.rapida.ru
https://static.rapida.ru
https://thunder.rapida.ru
https://tqpay.rapida.ru
https://tqpaygost.rapida.ru
https://wallet.rapida.ru
https://www.rapida.ru
