http://a.thumbs.redditmedia.com
http://b.thumbs.redditmedia.com
http://c.thumbs.redditmedia.com
http://d.thumbs.redditmedia.com
http://e.thumbs.redditmedia.com
http://embed.redditmedia.com
http://emoji.redditmedia.com
http://f.thumbs.redditmedia.com
http://g.redditmedia.com
http://i.redditmedia.com
http://live.redditmedia.com
http://meta.redditmedia.com
http://rebed.redditmedia.com
http://redditmedia.com
http://styles.redditmedia.com
http://www.redditmedia.com
https://a.thumbs.redditmedia.com
https://b.thumbs.redditmedia.com
https://c.thumbs.redditmedia.com
https://d.thumbs.redditmedia.com
https://diagnostics.redditmedia.com
https://e.thumbs.redditmedia.com
https://embed.redditmedia.com
https://emoji.redditmedia.com
https://events-test-v2.redditmedia.com
https://events-test.redditmedia.com
https://events-v2.redditmedia.com
https://events.redditmedia.com
https://f.thumbs.redditmedia.com
https://g.redditmedia.com
https://i.redditmedia.com
https://live.redditmedia.com
https://meta.redditmedia.com
https://oops.redditmedia.com
https://rebed.redditmedia.com
https://redditmedia.com
https://sendbirdproxy.chat.redditmedia.com
https://sendbirdproxyk8s.chat.redditmedia.com
https://styles.redditmedia.com
https://ws-00bd5facfce0b76ac.wss.redditmedia.com
https://ws-050dfc90c26c1b964.wss.redditmedia.com
https://ws-06a9d4455a99e86c7.wss.redditmedia.com
https://ws-078adc7cb2099a9df.wss.redditmedia.com
https://ws-0c2fc51946b39365a.wss.redditmedia.com
https://ws-0c77c1e9cd565dd0f.wss.redditmedia.com
https://ws-0f6ba0a7a86f40302.wss.redditmedia.com
https://www.redditmedia.com
