http://ablink.em.redmart.com
http://about.redmart.com
http://abtest.em.redmart.com
http://abtest.redmart.com
http://auth.admin.alpha.redmart.com
http://auth.admin.redmart.com
http://authorizer.alpha.redmart.com
http://bi-test.console.redmart.com
http://careers.redmart.com
http://console-api.alpha.redmart.com
http://console-api.redmart.com
http://console.alpha.redmart.com
http://console.redmart.com
http://datainsight.redmart.com
http://links.redmart.com
http://media-test.redmart.com
http://media.redmart.com
http://mp-api.redmart.com
http://partners-api.alpha.redmart.com
http://partners-api.redmart.com
http://partners.alpha.redmart.com
http://partners.redmart.com
http://partnersupport.redmart.com
http://partnersupport.redmart.com:8080
http://partnersupport.redmart.com:8443
http://redmart.com
http://relay.redmart.com
http://relay.redmart.com:8080
http://tableau-console.redmart.com
http://timetravel.redmart.com
http://timetravel.redmart.com:8080
http://url1015.abtest.em.redmart.com
http://westfc-api.redmart.com
https://ablink.em.redmart.com
https://about.redmart.com
https://auth.admin.alpha.redmart.com
https://auth.admin.redmart.com
https://authorizer.alpha.redmart.com
https://bi-test.console.redmart.com
https://careers.redmart.com
https://console-api.alpha.redmart.com
https://console-api.redmart.com
https://console.alpha.redmart.com
https://console.redmart.com
https://datainsight.redmart.com
https://media-test.redmart.com
https://media.redmart.com
https://mg1.redmart.com
https://mp-api.redmart.com
https://nw.redmart.com:8899
https://openapi.alpha.redmart.com
https://openapi.redmart.com
https://partners-api.alpha.redmart.com
https://partners-api.redmart.com
https://partners.alpha.redmart.com
https://partners.redmart.com
https://redmart.com
https://tableau-console.redmart.com
https://westfc-api.redmart.com
