http://cdn.rivals.com
http://forums.rivals.com
http://images.rivals.com
http://mail.rivals.com
http://n.rivals.com
http://origin.rivals.com
http://rivals.com
http://stage.guce.rivals.com
http://status.rivals.com
http://trunk.guce.rivals.com
http://www.rivals.com
https://cdn.rivals.com
https://forums.rivals.com
https://guce.rivals.com
https://guce.rivals.com:4443
https://images.rivals.com
https://mail.rivals.com
https://n.rivals.com
https://origin.rivals.com
https://rivals.com
https://stage.guce.rivals.com
https://status.rivals.com
https://trunk.guce.rivals.com
https://www.rivals.com
