http://abtesting.roblox.com
http://accountinformation.roblox.com
http://accountsettings.roblox.com
http://adconfiguration.roblox.com
http://ads.roblox.com
http://affiliates.roblox.com
http://ams1-128-116-121-3.roblox.com
http://api.roblox.com
http://apis.rcs.roblox.com
http://apis.roblox.com
http://ash1-128-116-114-3.roblox.com
http://assetdelivery.roblox.com
http://assetgame.roblox.com
http://atl1-128-116-99-3.roblox.com
http://auth.roblox.com
http://authsite.roblox.com
http://autodiscover.cn.roblox.com
http://avatar.roblox.com
http://badges.roblox.com
http://billing.roblox.com
http://blog.roblox.com
http://bloxcon.roblox.com
http://bronze.roblox.com
http://c0.roblox.com
http://c0ak.roblox.com
http://c1-cf.roblox.com
http://c1.roblox.com
http://c1ak.roblox.com
http://c2-cf.roblox.com
http://c2.roblox.com
http://c2ak.roblox.com
http://c3-cf.roblox.com
http://c3.roblox.com
http://c3ak.roblox.com
http://c4.roblox.com
http://c4ak.roblox.com
http://c5-cf.roblox.com
http://c5.roblox.com
http://c5ak.roblox.com
http://c6-cf.roblox.com
http://c6.roblox.com
http://c6ak.roblox.com
http://c7-cf.roblox.com
http://c7.roblox.com
http://c7ak.roblox.com
http://captcha.roblox.com
http://career.roblox.com
http://careers.roblox.com
http://catalog.roblox.com
http://cdg1-128-116-122-3.roblox.com
http://cdnproviders.roblox.com
http://chat.roblox.com
http://chatmoderation.roblox.com
http://chi1-128-116-112-44.roblox.com
http://client-telemetry.roblox.com
http://clientsettings.api.roblox.com
http://clientsettings.roblox.com
http://clientsettingscdn.roblox.com
http://community.roblox.com
http://confluence.roblox.com
http://contacts.roblox.com
http://content.roblox.com
http://contentstore.roblox.com
http://corp.roblox.com
http://create.roblox.com
http://css.roblox.com
http://cssak.roblox.com
http://data.roblox.com
http://de.roblox.com
http://deploy.roblox.com
http://develop.roblox.com
http://developer.roblox.com
http://devforum.roblox.com
http://dfw1-128-116-125-3.roblox.com
http://discussions.roblox.com
http://dmp.roblox.com
http://dosarrest.rp-web4.corp.roblox.com
http://dosarrest.rp-web6.blog.roblox.com
http://dosarrest.rp-web8.corp.roblox.com
http://economy.roblox.com
http://economycreatorstats.roblox.com
http://ecsv2.roblox.com
http://education.roblox.com
http://eduforum.roblox.com
http://en.help.roblox.com
http://en.help.roblox.com:8443
http://engagementpayouts.roblox.com
http://ephemeralcounters.api.roblox.com
http://es.roblox.com
http://events.roblox.com
http://followings.roblox.com
http://fonts.roblox.com
http://forum.roblox.com
http://fr.roblox.com
http://fra1-128-116-123-3.roblox.com
http://friends.roblox.com
http://gameinstances.api.roblox.com
http://gameinternationalization.roblox.com
http://gamejoin.roblox.com
http://gamepersistence.roblox.com
http://games.api.roblox.com
http://games.roblox.com
http://go.roblox.com
http://gold.roblox.com
http://golden.roblox.com
http://groups.roblox.com
http://groupsmoderation.roblox.com
http://help.roblox.com
http://hkg1-128-116-118-3.roblox.com
http://iad4-128-116-102-3.roblox.com
http://images.roblox.com
http://imagesak.roblox.com
http://inventory.roblox.com
http://ir.roblox.com
http://ir.roblox.com:8080
http://itemconfiguration.roblox.com
http://jira.roblox.com
http://job.roblox.com
http://jobs.roblox.com
http://js.roblox.com
http://jsak.roblox.com
http://lax1-128-116-116-3.roblox.com
http://lbaas-gold.roblox.com
http://lbaas-platinum.roblox.com
http://lga1-128-116-126-3.roblox.com
http://lhr1-128-116-119-3.roblox.com
http://lhr2-128-116-119-3.roblox.com
http://lms.roblox.com
http://locale.roblox.com
http://localizationtables.roblox.com
http://m.roblox.com
http://mail.roblox.com
http://membershipsite.roblox.com
http://messagerouter.api.roblox.com
http://metrics.roblox.com
http://mia1-128-116-127-3.roblox.com
http://mia2-128-116-127-3.roblox.com
http://midas-android.roblox.com
http://midas.roblox.com
http://misc.roblox.com
http://ncs.roblox.com
http://news.roblox.com
http://nl.roblox.com
http://notifications.roblox.com
http://nrt1-128-116-120-3.roblox.com
http://nrt2-128-116-120-3.roblox.com
http://ord2-128-116-101-3.roblox.com
http://persist.roblox.com
http://platinum.roblox.com
http://points.roblox.com
http://premiumfeatures.roblox.com
http://presence.roblox.com
http://privatemessages.roblox.com
http://pt.roblox.com
http://public.ecs.roblox.com
http://publish.roblox.com
http://pulsar.roblox.com
http://punishments.roblox.com
http://rblxcdn.roblox.com
http://realtime.roblox.com
http://rjobs.roblox.com
http://roblox.com
http://sales.roblox.com
http://sea1-128-116-100-3.roblox.com
http://search.roblox.com
http://setup-ak.roblox.com
http://setup-cf.roblox.com
http://setup.roblox.com
http://share.roblox.com
http://silver.roblox.com
http://sin2-128-116-97-3.roblox.com
http://sjc1-128-116-117-3.roblox.com
http://staging.wiki.roblox.com
http://staging.wiki.roblox.com:4000
http://static.roblox.com
http://status.roblox.com
http://survey.roblox.com
http://t.email.roblox.com
http://t0-cf.roblox.com
http://t0.roblox.com
http://t0ak.roblox.com
http://t1-cf.roblox.com
http://t1.roblox.com
http://t1ak.roblox.com
http://t2-cf.roblox.com
http://t2.roblox.com
http://t2ak.roblox.com
http://t3-cf.roblox.com
http://t3.roblox.com
http://t3ak.roblox.com
http://t4-cf.roblox.com
http://t4.roblox.com
http://t4ak.roblox.com
http://t5-cf.roblox.com
http://t5.roblox.com
http://t5ak.roblox.com
http://t6-cf.roblox.com
http://t6.roblox.com
http://t6ak.roblox.com
http://t7-cf.roblox.com
http://t7.roblox.com
http://t7ak.roblox.com
http://talent.roblox.com
http://test.public.ecs.roblox.com
http://textfilter.roblox.com
http://tgf.roblox.com:8086
http://themes.roblox.com
http://thumbnails.roblox.com
http://thumbnailsresizer.roblox.com
http://trades.roblox.com
http://trak.roblox.com
http://translationroles.roblox.com
http://translations.roblox.com
http://twostepverification.roblox.com
http://uiblox.roblox.com
http://uk.roblox.com
http://upload.crashes.roblox.com
http://usermoderation.roblox.com
http://users.roblox.com
http://versioncompatibility.api.roblox.com
http://voice.roblox.com
http://waw1-128-116-124-3.roblox.com
http://web.roblox.com
http://web102.p1t.roblox.com
http://web104.p1t.roblox.com
http://web110.p1t.roblox.com
http://web17.sm.roblox.com
http://web202.ra.roblox.com
http://web204.ra.roblox.com
http://web206.ra.roblox.com
http://web208.ra.roblox.com
http://web212.ra.roblox.com
http://web229.ra.roblox.com
http://web256.ra.roblox.com
http://wiki.roblox.com
http://www-gold.roblox.com
http://www.corp.roblox.com
http://www.roblox.com
https://abtesting.roblox.com
https://accountinformation.roblox.com
https://accountsettings.roblox.com
https://adconfiguration.roblox.com
https://ads.roblox.com
https://affiliates.roblox.com
https://ams1-128-116-121-3.roblox.com
https://api.roblox.com
https://apis.rcs.roblox.com
https://apis.roblox.com
https://ash1-128-116-114-3.roblox.com
https://assetdelivery.roblox.com
https://assetgame.roblox.com
https://atl1-128-116-99-3.roblox.com
https://auth.roblox.com
https://authsite.roblox.com
https://avatar.roblox.com
https://badges.roblox.com
https://billing.roblox.com
https://blog.roblox.com
https://bloxcon.roblox.com
https://bronze.roblox.com
https://c0.roblox.com
https://c0ak.roblox.com
https://c1-cf.roblox.com
https://c1.roblox.com
https://c1ak.roblox.com
https://c2-cf.roblox.com
https://c2.roblox.com
https://c2ak.roblox.com
https://c3-cf.roblox.com
https://c3.roblox.com
https://c3ak.roblox.com
https://c4.roblox.com
https://c4ak.roblox.com
https://c5-cf.roblox.com
https://c5.roblox.com
https://c5ak.roblox.com
https://c6-cf.roblox.com
https://c6.roblox.com
https://c6ak.roblox.com
https://c7-cf.roblox.com
https://c7.roblox.com
https://c7ak.roblox.com
https://captcha.roblox.com
https://career.roblox.com
https://careers.roblox.com
https://catalog.roblox.com
https://cdg1-128-116-122-3.roblox.com
https://cdnproviders.roblox.com
https://chat.roblox.com
https://chatmoderation.roblox.com
https://chi1-128-116-112-44.roblox.com
https://client-telemetry.roblox.com
https://clientsettings.api.roblox.com
https://clientsettings.roblox.com
https://clientsettingscdn.roblox.com
https://community.roblox.com
https://confluence.roblox.com
https://contacts.roblox.com
https://content.roblox.com
https://contentstore.roblox.com
https://corp.roblox.com
https://create.roblox.com
https://css.roblox.com
https://cssak.roblox.com
https://data.roblox.com
https://de.roblox.com
https://deploy.roblox.com
https://develop.roblox.com
https://developer.roblox.com
https://devforum.roblox.com
https://dfw1-128-116-125-3.roblox.com
https://discussions.roblox.com
https://dmp.roblox.com
https://dosarrest.rp-web4.corp.roblox.com
https://dosarrest.rp-web6.blog.roblox.com
https://dosarrest.rp-web8.corp.roblox.com
https://economy.roblox.com
https://economycreatorstats.roblox.com
https://ecsv2.roblox.com
https://education.roblox.com
https://eduforum.roblox.com
https://en.help.roblox.com
https://engagementpayouts.roblox.com
https://ephemeralcounters.api.roblox.com
https://es.roblox.com
https://followings.roblox.com
https://fonts.roblox.com
https://forum.roblox.com
https://fr.roblox.com
https://fra1-128-116-123-3.roblox.com
https://friends.roblox.com
https://gameinstances.api.roblox.com
https://gameinternationalization.roblox.com
https://gamejoin.roblox.com
https://gamepersistence.roblox.com
https://games.api.roblox.com
https://games.roblox.com
https://go.roblox.com
https://gold.roblox.com
https://golden.roblox.com
https://groups.roblox.com
https://groupsmoderation.roblox.com
https://help.roblox.com
https://hkg1-128-116-118-3.roblox.com
https://iad4-128-116-102-3.roblox.com
https://images.roblox.com
https://imagesak.roblox.com
https://inventory.roblox.com
https://ir.roblox.com
https://ir.roblox.com:8443
https://itemconfiguration.roblox.com
https://jira.roblox.com
https://job.roblox.com
https://jobs.roblox.com
https://js.roblox.com
https://jsak.roblox.com
https://lax1-128-116-116-3.roblox.com
https://lbaas-gold.roblox.com
https://lbaas-platinum.roblox.com
https://lga1-128-116-126-3.roblox.com
https://lhr1-128-116-119-3.roblox.com
https://lhr2-128-116-119-3.roblox.com
https://lms.roblox.com
https://locale.roblox.com
https://localizationtables.roblox.com
https://m.roblox.com
https://membershipsite.roblox.com
https://messagerouter.api.roblox.com
https://metrics.roblox.com
https://mia1-128-116-127-3.roblox.com
https://mia2-128-116-127-3.roblox.com
https://midas-android.roblox.com
https://midas.roblox.com
https://misc.roblox.com
https://ncs.roblox.com
https://news.roblox.com
https://nl.roblox.com
https://notifications.roblox.com
https://nrt-gw.vpn.cn.roblox.com
https://nrt1-128-116-120-3.roblox.com
https://nrt2-128-116-120-3.roblox.com
https://ord2-128-116-101-3.roblox.com
https://persist.roblox.com
https://platinum.roblox.com
https://points.roblox.com
https://premiumfeatures.roblox.com
https://presence.roblox.com
https://privatemessages.roblox.com
https://pt.roblox.com
https://public.ecs.roblox.com
https://publish.roblox.com
https://pulsar.roblox.com
https://punishments.roblox.com
https://rblxcdn.roblox.com
https://realtime.roblox.com
https://rjobs.roblox.com
https://roblox.com
https://sales.roblox.com
https://sea1-128-116-100-3.roblox.com
https://search.roblox.com
https://setup-ak.roblox.com
https://setup-cf.roblox.com
https://setup.roblox.com
https://share.roblox.com
https://silver.roblox.com
https://sin2-128-116-97-3.roblox.com
https://sjc1-128-116-117-3.roblox.com
https://staging.wiki.roblox.com
https://static.roblox.com
https://status.roblox.com
https://survey.roblox.com
https://t.email.roblox.com
https://t0-cf.roblox.com
https://t0.roblox.com
https://t0ak.roblox.com
https://t1-cf.roblox.com
https://t1.roblox.com
https://t1ak.roblox.com
https://t2-cf.roblox.com
https://t2.roblox.com
https://t2ak.roblox.com
https://t3-cf.roblox.com
https://t3.roblox.com
https://t3ak.roblox.com
https://t4-cf.roblox.com
https://t4.roblox.com
https://t4ak.roblox.com
https://t5-cf.roblox.com
https://t5.roblox.com
https://t5ak.roblox.com
https://t6-cf.roblox.com
https://t6.roblox.com
https://t6ak.roblox.com
https://t7-cf.roblox.com
https://t7.roblox.com
https://t7ak.roblox.com
https://talent.roblox.com
https://test.public.ecs.roblox.com
https://textfilter.roblox.com
https://themes.roblox.com
https://thumbnails.roblox.com
https://thumbnailsresizer.roblox.com
https://trades.roblox.com
https://trak.roblox.com
https://translationroles.roblox.com
https://translations.roblox.com
https://twostepverification.roblox.com
https://uiblox.roblox.com
https://uk.roblox.com
https://upload.crashes.roblox.com
https://usermoderation.roblox.com
https://users.roblox.com
https://versioncompatibility.api.roblox.com
https://voice.roblox.com
https://vpn.cn.roblox.com
https://waw1-128-116-124-3.roblox.com
https://web.roblox.com
https://web102.p1t.roblox.com
https://web202.ra.roblox.com
https://web204.ra.roblox.com
https://web206.ra.roblox.com
https://web208.ra.roblox.com
https://web212.ra.roblox.com
https://web229.ra.roblox.com
https://web256.ra.roblox.com
https://wiki.roblox.com
https://www-gold.roblox.com
https://www.corp.roblox.com
https://www.roblox.com
