http://1p.adev.scopely.io
http://30-tsthyperion-default-euw-analytics.adev.scopely.io
http://489a19fa-d831-4954-858d-46436d5cdb20.event.collector.scopely.io
http://489a19fa-d831-4954-858d-46436d5cdb20.register.collector.scopely.io
http://4af7c20b-7646-4fb7-b64f-ae0a8c51c1f1.event.collector.scopely.io
http://4af7c20b-7646-4fb7-b64f-ae0a8c51c1f1.register.collector.scopely.io
http://58d677d4-37b9-4499-a28c-36043700aba3.event.collector.scopely.io
http://58d677d4-37b9-4499-a28c-36043700aba3.register.collector.scopely.io
http://6b73d00a-d4a1-4350-825a-cd3f49afa460.event.collector.scopely.io
http://6b73d00a-d4a1-4350-825a-cd3f49afa460.register.collector.scopely.io
http://8fd3b6aa-5aea-469d-96fb-2670cc379215.event.collector.scopely.io
http://a645ce61-6cce-4fed-9dba-0a20f53b9886.event.collector.scopely.io
http://a645ce61-6cce-4fed-9dba-0a20f53b9886.register.collector.scopely.io
http://airflow-flower.aprod.scopely.io
http://airflow.adev.scopely.io
http://airflow.aprod.scopely.io
http://alt-defaultfeb.adev.scopely.io
http://apollo.scopely.io
http://arche-abtest-dahtzee.aprod.scopely.io
http://arche-abtest-default.adev.scopely.io
http://arche-abtest-default.aprod.scopely.io
http://arche-abtest.adev.scopely.io
http://arche-abtest.aprod.scopely.io
http://arche-dahtzee.aprod.scopely.io
http://arche-default.adev.scopely.io
http://arche-default.aprod.scopely.io
http://arche.adev.scopely.io
http://arche.aprod.scopely.io
http://arche.scopely.io
http://ariel.scopely.io
http://artflow-dev.games.scopely.io
http://artflow.games.scopely.io
http://bamboo.scopely.io
http://bd13e7b5-16cb-41e3-ac8b-253f9700ae69.event.collector.scopely.io
http://bd13e7b5-16cb-41e3-ac8b-253f9700ae69.register.collector.scopely.io
http://callisto.scopely.io
http://catalog.adev.scopely.io
http://catalog.aprod.scopely.io
http://cde7f281-566c-496d-b025-a3c60cc3073c.event.collector.scopely.io
http://cde7f281-566c-496d-b025-a3c60cc3073c.register.collector.scopely.io
http://cerebro.adev.scopely.io
http://cerebro.aprod.scopely.io
http://chijyokikaku.adev.scopely.io
http://collector-dahtzee.aprod.scopely.io
http://collector-headshot.aprod.scopely.io
http://collector-scrabble.aprod.scopely.io
http://collector.logs.scopely.io
http://collector.scopely.io
http://config.sdk.scopely.io
http://confluence.scopely.io
http://d87bcf46-9411-4ac5-a79e-f8791357a7a6.event.collector.scopely.io
http://d87bcf46-9411-4ac5-a79e-f8791357a7a6.register.collector.scopely.io
http://dev-bamboo.scopely.io
http://dev-confluence.scopely.io
http://dev-jira.scopely.io
http://dione.scopely.io
http://eks-east-logs.games.scopely.io
http://elasticband.adev.scopely.io
http://elasticband.aprod.scopely.io
http://elasticband.games.scopely.io
http://email.adev.scopely.io
http://email.email.scopely.io
http://email.scopely.io
http://epicycle.adev.scopely.io
http://epicycle.aprod.scopely.io
http://epicycle.scopely.io
http://event.collector.scopely.io
http://falcon-dahtzee.aprod.scopely.io
http://falcon-scrabble.aprod.scopely.io
http://falcon.adev.scopely.io
http://falcon.aprod.scopely.io
http://fca3700d-51f3-4377-bf4a-2def366d439b.event.collector.scopely.io
http://fca3700d-51f3-4377-bf4a-2def366d439b.register.collector.scopely.io
http://flock-default.adev.scopely.io
http://flock-default.aprod.scopely.io
http://flock.adev.scopely.io
http://flock.aprod.scopely.io
http://forum-latin-tsthyperion-ssoeuwe.adev.scopely.io
http://ftp-tsthyperion-default-x.adev.scopely.io
http://gameplatform-jenkins.games.scopely.io
http://gammaray.aprod.scopely.io
http://github.scopely.io
http://hydra.scopely.io
http://hyperion.scopely.io
http://id.adev.scopely.io
http://infra.games.scopely.io
http://inside.scopely.io
http://iris.scopely.io
http://jira.scopely.io
http://k9.adev.scopely.io
http://k9.aprod.scopely.io
http://kisu-no-hi.adev.scopely.io
http://korwarehouse-loadbalancer.adev.scopely.io
http://kraken.scopely.io
http://loft.y.scopely.io
http://logs.amgmt.scopely.io
http://menura.adev.scopely.io
http://menura.aprod.scopely.io
http://metricscatalog.aprod.scopely.io
http://mimir.scopely.io
http://mneme.scopely.io
http://mock.adev.scopely.io
http://morty.adev.scopely.io
http://morty.aprod.scopely.io
http://morty.scopely.io
http://office.scopely.io
http://origin-dev-jira.scopely.io
http://perf.scopely.io
http://pigeon-default.adev.scopely.io
http://pigeon-default.aprod.scopely.io
http://pigeon.adev.scopely.io
http://pigeon.aprod.scopely.io
http://playgami.adev.scopely.io
http://pm1023.adev.scopely.io
http://portal.scopely.io
http://preview-arche.scopely.io
http://preview-ariel.scopely.io
http://preview-callisto.scopely.io
http://preview-dione.scopely.io
http://preview-epicycle.scopely.io
http://preview-hydra.scopely.io
http://preview-hyperion.scopely.io
http://preview-iris.scopely.io
http://preview-kraken.scopely.io
http://preview-mimir.scopely.io
http://preview-prometheus.scopely.io
http://preview-segments.scopely.io
http://preview-titan-admin.scopely.io
http://preview-umbriel.scopely.io
http://primary.github.scopely.io
http://prod-api.spinnaker.playgami.scopely.io:8443
http://prometheus.scopely.io
http://pub-logs.adev.scopely.io
http://pub-logs.aprod.scopely.io
http://puck.scopely.io
http://raven-dahtzee.aprod.scopely.io
http://raven-default.adev.scopely.io
http://raven-default.aprod.scopely.io
http://raven-pepe.aprod.scopely.io
http://raven-prime.aprod.scopely.io
http://raven-wwe.aprod.scopely.io
http://raven.adev.scopely.io
http://raven.aprod.scopely.io
http://register.collector.scopely.io
http://rooster-default.adev.scopely.io
http://rooster-default.aprod.scopely.io
http://rooster.adev.scopely.io
http://rooster.aprod.scopely.io
http://s53.b.scopely.io
http://sam.scopely.io
http://sandbox-api.spinnaker.playgami.scopely.io:8443
http://secondary.github.scopely.io
http://segments.scopely.io
http://spinnaker-gate.games.scopely.io
http://spinnaker-preprod-gate.games.scopely.io
http://spinnaker-preprod.games.scopely.io
http://spinnaker.adev.scopely.io
http://spinnaker.games.scopely.io
http://staging-apollo.scopely.io
http://staging-lake.adev.scopely.io
http://staging-starbase.voltron.scopely.io
http://staging.perf.scopely.io
http://starbase.voltron.scopely.io
http://static.adev.scopely.io
http://static.aprod.scopely.io
http://static.sdk.scopely.io
http://teamwork.games.scopely.io
http://test1-ssonl-europe.adev.scopely.io
http://titan-admin.scopely.io
http://tsthyperion-default-lax-uat.adev.scopely.io
http://ua.adev.scopely.io
http://umbriel.scopely.io
http://warehouse.adev.scopely.io
http://withboard.aprod.scopely.io
http://withboard.scopely.io
http://yellowjacket-automation.y.scopely.io
http://yellowjacket-dev.y.scopely.io
https://1p.adev.scopely.io
https://30-tsthyperion-default-euw-analytics.adev.scopely.io
https://489a19fa-d831-4954-858d-46436d5cdb20.event.collector.scopely.io
https://489a19fa-d831-4954-858d-46436d5cdb20.register.collector.scopely.io
https://4af7c20b-7646-4fb7-b64f-ae0a8c51c1f1.event.collector.scopely.io
https://4af7c20b-7646-4fb7-b64f-ae0a8c51c1f1.register.collector.scopely.io
https://58d677d4-37b9-4499-a28c-36043700aba3.event.collector.scopely.io
https://58d677d4-37b9-4499-a28c-36043700aba3.register.collector.scopely.io
https://6b73d00a-d4a1-4350-825a-cd3f49afa460.event.collector.scopely.io
https://6b73d00a-d4a1-4350-825a-cd3f49afa460.register.collector.scopely.io
https://8fd3b6aa-5aea-469d-96fb-2670cc379215.event.collector.scopely.io
https://a645ce61-6cce-4fed-9dba-0a20f53b9886.event.collector.scopely.io
https://a645ce61-6cce-4fed-9dba-0a20f53b9886.register.collector.scopely.io
https://adjust.adev.scopely.io
https://airflow-flower.aprod.scopely.io
https://airflow.adev.scopely.io
https://airflow.aprod.scopely.io
https://alt-defaultfeb.adev.scopely.io
https://apollo.scopely.io
https://arche-abtest-dahtzee.aprod.scopely.io
https://arche-abtest-default.adev.scopely.io
https://arche-abtest-default.aprod.scopely.io
https://arche-abtest.adev.scopely.io
https://arche-abtest.aprod.scopely.io
https://arche-dahtzee.aprod.scopely.io
https://arche-default.adev.scopely.io
https://arche-default.aprod.scopely.io
https://arche.adev.scopely.io
https://arche.aprod.scopely.io
https://arche.scopely.io
https://ariel.scopely.io
https://artflow-dev.games.scopely.io
https://artflow.games.scopely.io
https://bamboo.scopely.io
https://bd13e7b5-16cb-41e3-ac8b-253f9700ae69.event.collector.scopely.io
https://bd13e7b5-16cb-41e3-ac8b-253f9700ae69.register.collector.scopely.io
https://callisto.scopely.io
https://catalog.adev.scopely.io
https://catalog.aprod.scopely.io
https://cde7f281-566c-496d-b025-a3c60cc3073c.event.collector.scopely.io
https://cde7f281-566c-496d-b025-a3c60cc3073c.register.collector.scopely.io
https://cerebro.adev.scopely.io
https://cerebro.aprod.scopely.io
https://chijyokikaku.adev.scopely.io
https://collector-dahtzee.aprod.scopely.io
https://collector-headshot.aprod.scopely.io
https://collector-scrabble.aprod.scopely.io
https://collector.scopely.io
https://config.sdk.scopely.io
https://confluence.scopely.io
https://d87bcf46-9411-4ac5-a79e-f8791357a7a6.event.collector.scopely.io
https://d87bcf46-9411-4ac5-a79e-f8791357a7a6.register.collector.scopely.io
https://dev-bamboo.scopely.io
https://dev-confluence.scopely.io
https://dev-jira.scopely.io
https://dione.scopely.io
https://eks-east-logs.games.scopely.io
https://elasticband.adev.scopely.io
https://elasticband.aprod.scopely.io
https://elasticband.games.scopely.io
https://email.adev.scopely.io
https://email.email.scopely.io
https://email.scopely.io
https://epicycle.adev.scopely.io
https://epicycle.aprod.scopely.io
https://epicycle.scopely.io
https://event.collector.scopely.io
https://falcon-dahtzee.aprod.scopely.io
https://falcon-scrabble.aprod.scopely.io
https://falcon.adev.scopely.io
https://falcon.aprod.scopely.io
https://fca3700d-51f3-4377-bf4a-2def366d439b.event.collector.scopely.io
https://fca3700d-51f3-4377-bf4a-2def366d439b.register.collector.scopely.io
https://flock-default.adev.scopely.io
https://flock-default.aprod.scopely.io
https://flock.adev.scopely.io
https://flock.aprod.scopely.io
https://forum-latin-tsthyperion-ssoeuwe.adev.scopely.io
https://ftp-tsthyperion-default-x.adev.scopely.io
https://gameplatform-jenkins.games.scopely.io
https://gammaray.aprod.scopely.io
https://github.scopely.io
https://hydra.scopely.io
https://hyperion.scopely.io
https://id.adev.scopely.io
https://infra.games.scopely.io
https://inside.scopely.io
https://iris.scopely.io
https://jira.scopely.io
https://k9.adev.scopely.io
https://k9.aprod.scopely.io
https://kisu-no-hi.adev.scopely.io
https://korwarehouse-loadbalancer.adev.scopely.io
https://kraken.scopely.io
https://loft.y.scopely.io
https://logs.amgmt.scopely.io
https://menura.adev.scopely.io
https://menura.aprod.scopely.io
https://metricscatalog.aprod.scopely.io
https://mimir.scopely.io
https://mneme.scopely.io
https://morty.adev.scopely.io
https://morty.aprod.scopely.io
https://morty.scopely.io
https://origin-dev-jira.scopely.io
https://perf.scopely.io
https://pigeon-default.adev.scopely.io
https://pigeon-default.aprod.scopely.io
https://pigeon.adev.scopely.io
https://pigeon.aprod.scopely.io
https://playgami.adev.scopely.io
https://pm1023.adev.scopely.io
https://portal.scopely.io
https://porter-default.aprod.scopely.io
https://porter-wb.aprod.scopely.io
https://porter-withbuddies.scopely.io
https://porter.scopely.io
https://pr-apollo.scopely.io
https://preview-arche.scopely.io
https://preview-ariel.scopely.io
https://preview-callisto.scopely.io
https://preview-dione.scopely.io
https://preview-epicycle.scopely.io
https://preview-hydra.scopely.io
https://preview-hyperion.scopely.io
https://preview-iris.scopely.io
https://preview-kraken.scopely.io
https://preview-mimir.scopely.io
https://preview-mneme.scopely.io
https://preview-porter.scopely.io
https://preview-prometheus.scopely.io
https://preview-segments.scopely.io
https://preview-titan-admin.scopely.io
https://preview-umbriel.scopely.io
https://primary.github.scopely.io
https://prometheus.scopely.io
https://pub-logs.adev.scopely.io
https://pub-logs.aprod.scopely.io
https://puck.scopely.io
https://raven-dahtzee.aprod.scopely.io
https://raven-default.adev.scopely.io
https://raven-default.aprod.scopely.io
https://raven-pepe.aprod.scopely.io
https://raven-prime.aprod.scopely.io
https://raven-wwe.aprod.scopely.io
https://raven.adev.scopely.io
https://raven.aprod.scopely.io
https://register.collector.scopely.io
https://rooster-default.adev.scopely.io
https://rooster-default.aprod.scopely.io
https://rooster.adev.scopely.io
https://rooster.aprod.scopely.io
https://s53.b.scopely.io
https://sam.scopely.io
https://secondary.github.scopely.io
https://segments.scopely.io
https://spinnaker-gate.games.scopely.io
https://spinnaker-preprod-gate.games.scopely.io
https://spinnaker-preprod.games.scopely.io
https://spinnaker.adev.scopely.io
https://spinnaker.amgmt.scopely.io
https://spinnaker.amgmt.scopely.io:8084
https://spinnaker.games.scopely.io
https://staging-apollo.scopely.io
https://staging-lake.adev.scopely.io
https://staging-starbase.voltron.scopely.io
https://staging.perf.scopely.io
https://starbase.voltron.scopely.io
https://static.adev.scopely.io
https://static.aprod.scopely.io
https://static.sdk.scopely.io
https://teamwork.games.scopely.io
https://test1-ssonl-europe.adev.scopely.io
https://titan-admin.scopely.io
https://tsthyperion-default-lax-uat.adev.scopely.io
https://ua.adev.scopely.io
https://umbriel.scopely.io
https://unity-registry-url-auth.adev.scopely.io
https://unity-registry-url-auth.aprod.scopely.io
https://warehouse.adev.scopely.io
https://withboard.aprod.scopely.io
https://withboard.scopely.io
https://yellowjacket-automation.y.scopely.io
https://yellowjacket-dev.y.scopely.io
