http://amp.secnews.gr
http://amp.secnews.gr:8080
http://calendar.secnews.gr
http://cdn.secnews.gr
http://de.secnews.gr
http://docs.secnews.gr
http://en.secnews.gr
http://feeds.secnews.gr
http://fr.secnews.gr
http://groups.secnews.gr
http://hack.secnews.gr
http://img.secnews.gr
http://imgcdn.secnews.gr
http://imgcdn.secnews.gr:8080
http://ipv6.secnews.gr
http://ipv6.secnews.gr:8080
http://mail.secnews.gr
http://publish.secnews.gr
http://report.secnews.gr
http://ru.secnews.gr
http://secnews.gr
http://secnews.gr:8080
http://sites.secnews.gr
http://tr.secnews.gr
http://webmail.secnews.gr
http://www.publish.secnews.gr
http://www.secnews.gr
http://www.secnews.gr:8080
http://zh-cn.secnews.gr
http://zh-tw.secnews.gr
https://amp.secnews.gr
https://amp.secnews.gr:8443
https://cdn.secnews.gr
https://de.secnews.gr
https://en.secnews.gr
https://fr.secnews.gr
https://hack.secnews.gr
https://img.secnews.gr
https://imgcdn.secnews.gr
https://ipv6.secnews.gr
https://ipv6.secnews.gr:8443
https://publish.secnews.gr
https://report.secnews.gr
https://ru.secnews.gr
https://secnews.gr
https://secnews.gr:8443
https://tr.secnews.gr
https://www.publish.secnews.gr
https://www.secnews.gr
https://www.secnews.gr:8443
https://zh-cn.secnews.gr
https://zh-tw.secnews.gr
