http://15.home.index2git.staging.cloud.seek.com.au
http://1761656.s.seek.com.au
http://2786905.fin.seek.com.au
http://3531822.ga.seek.com.au
http://4-service.team2-pl.5gantryclassroom.staging.cloud.seek.com.au
http://5661519.hirer.s.seek.com.au
http://adm-certmanalstatustic-service-cdn-dev.apollo.staging.cloud.seek.com.au
http://adm-certmanalytic-service-cdn-dev.apollo.staging.cloud.seek.com.au
http://admin1-germany-service-cdn.staging.cloud.seek.com.au
http://adv-caja-x-api.staging.cloud.seek.com.au
http://advertiser.seek.com.au
http://akamai.alt-kafkainstall-prod-service-cdn.staging.cloud.seek.com.au
http://akureyri-service-cdn-dev.apollo.staging.cloud.seek.com.au
http://alt-apidocs-prod-service-cdn.staging.cloud.seek.com.au
http://alt-kafkainstall-prod-service-cdn.staging.cloud.seek.com.au
http://alt-kafkainstall-prod-service-cdnkorea.staging.cloud.seek.com.au
http://alt-kafkainstall-prod-service-d.staging.cloud.seek.com.au
http://alt-kanetherlandska3-prod-service-cdn.staging.cloud.seek.com.au
http://analytics.seek.com.au
http://api-docs-adm-certmanalstatustic-service-cdn-dev.apollo.staging.cloud.seek.com.au
http://api.incubator.seek.com.au
http://api.seek.com.au
http://api.staging.seek.com.au
http://api.talentsearch.seek.com.au
http://apple.corepo.index.staging.cloud.seek.com.au
http://appleidcom-fileirewall.home.index2.staging.cloud.seek.com.au
http://appleidcom-firewall.autodiscovedome.index2.staging.cloud.seek.com.au
http://appleidcom-firewall.cloudfront.document.home.index2.staging.cloud.seek.com.au
http://appleidcom-firewall.document.home.index2.staging.cloud.seek.com.au
http://appleidcom-firewall.document.home.index217.staging.cloud.seek.com.au
http://appleidcom-firewall.document.home.index2git.staging.cloud.seek.com.au
http://appleidcom-firewall.home.index2.staging.cloud.seek.com.au
http://appleidcom-firewall.pantheon-home.index2.staging.cloud.seek.com.au
http://apply-with-seek-button.seek.com.au
http://apps.staging.cloud.seek.com.au
http://authenticate.seek.com.au
http://authenticate.staging.seek.com.au
http://autodiscover.seek.com.au
http://belonging.seek.com.au
http://candidate-nudger-api.staging.cloud.seek.com.au
http://candidate-resource-api.staging.cloud.seek.com.au
http://career-guide-api.staging.cloud.seek.com.au
http://cdn-redirectorooking-service-cdn.staging.cloud.seek.com.au
http://certmanalytic-service-cdn-dev-sept.apollo.staging.cloud.seek.com.au
http://certmanalytic-service-cdn-dev.apollo.staging.cloud.seek.com.au
http://click.email.seek.com.au
http://clients.staging.cloud.seek.com.au
http://cloud.email.seek.com.au
http://cloudfront-northamerica-ir.staging.cloud.seek.com.au
http://company-profiles-cdn-dev.cloud.seek.com.au
http://company-profiles-cdn.cloud.seek.com.au
http://company-proxy-prod-staging-widge-service-cdnredirector.staging.cloud.seek.com.au
http://connected.talentsearch.seek.com.au
http://dev.pay.seek.com.au
http://devportal.seek.com.au
http://edge-cloudflare.staging.seek.com.au
http://edge-cloudfront.staging.seek.com.au
http://email.fin.seek.com.au
http://email.ga.seek.com.au
http://email.hirer.s.seek.com.au
http://email.s.seek.com.au
http://emails.incubator.seek.com.au
http://enterpriseenrollment.seek.com.au
http://enterpriseregistration.seek.com.au
http://f.staging.cloud.seek.com.au
http://gantryclassroom.staging.cloud.seek.com.au
http://gh-secure.restricted-mobile.nike.staging.cloud.seek.com.au
http://goldcoast2018.seek.com.au
http://graphql.incubator.seek.com.au
http://help.seek.com.au
http://home.staging.cloud.seek.com.au
http://httpbin.staging.cloud.seek.com.au
http://image-service-cdn.cloud.seek.com.au
http://image-service-cdn.seek.com.au
http://image-service-cdn.staging.cloud.seek.com.au
http://image-service-cdn.staging.seek.com.au
http://image-service-cdnebs.staging.cloud.seek.com.au
http://image.email.seek.com.au
http://images.seek.com.au
http://imap.staging.cloud.seek.com.au
http://info.m.seek.com.au
http://info.staging.cloud.seek.com.au
http://ingress-stag-waf-alb.staging.cloud.seek.com.au
http://insightsresources.seek.com.au
http://ir.seek.com.au
http://jobs.seek.com.au
http://jobsboard.seek.com.au
http://k8s-prodsecure-cdn-mobile-backend-staging.staging.cloud.seek.com.au
http://kb.staging.cloud.seek.com.au
http://labtomcat-stam.datauat-nautilus.staging.cloud.seek.com.au
http://locations.staging.cloud.seek.com.au
http://m.seek.com.au
http://mailtrap.labtomcat-stam.datauat.staging.cloud.seek.com.au
http://mailtrap.tomcat-stam.datauat-web5179.staging.cloud.seek.com.au
http://mailtrap.tomcat-stam.datauat.staging.cloud.seek.com.au
http://mapi.cloud.seek.com.au
http://mapi.dot.dot.staging.cloud.seek.com.au
http://mapi.override.staging.cloud.seek.com.au
http://mapi.staging.cloud.seek.com.au
http://mapitest.staging.cloud.seek.com.au
http://media.april.northamerica-ir.staging.cloud.seek.com.au
http://mi.seek.com.au
http://move-staging.cdn-secure.media.oscar.staging.cloud.seek.com.au
http://odisee-stam.datauat.staging.cloud.seek.com.au
http://pages.email.seek.com.au
http://pay.seek.com.au
http://pay.talent.seek.com.au
http://payments.staging.cloud.seek.com.au
http://pc3.staging.cloud.seek.com.au
http://pop.staging.cloud.seek.com.au
http://pp.aips.seek.com.au
http://prerelease.staging.cloud.seek.com.au
http://presto-bm.dds.aips.seek.com.au:8001
http://presto-bm.dds.aips.seek.com.au:8007
http://presto-bm.dds.aips.seek.com.au:8008
http://presto-bm.dds.aips.seek.com.au:8009
http://presto-bm.dds.aips.seek.com.au:8010
http://presto-bm.dds.aips.seek.com.au:8011
http://presto-bm.dds.aips.seek.com.au:8080
http://productblog.seek.com.au
http://profile-web-api.staging.cloud.seek.com.au
http://profile-web-experience-api.staging.cloud.seek.com.au
http://promotion-appleidcom-firewall.autodiscovedome.index2.staging.cloud.seek.com.au
http://redirect.seek.com.au
http://redirect.staging.seek.com.au
http://roleinsights.incubator.seek.com.au
http://rss.seek.com.au
http://secure.cdn-git.media.northamerica-ir.staging.cloud.seek.com.au
http://secure.cdn-login-version.media.northamerica-ir.staging.cloud.seek.com.au
http://secure.cdn-login.media.northamerica-ir.staging.cloud.seek.com.au
http://secure.cdn.media.northamerica-ir.staging.cloud.seek.com.au
http://secure.cms1mobile.nike.staging.cloud.seek.com.au
http://secure.graphql.nike.staging.cloud.seek.com.au
http://secure.info.m.seek.com.au
http://secure.restricted-mobile.nike.staging.cloud.seek.com.au
http://secure.staging.cdn-secure.media.oscar.staging.cloud.seek.com.au
http://secure.staging.cdn-secure.media.vpn-oscar.staging.cloud.seek.com.au
http://secure.staging.cdn-secure.web.media.oscar.staging.cloud.seek.com.au
http://secure.staging.cdnskins.media.oscar.staging.cloud.seek.com.au
http://skl-connections-api.staging.cloud.seek.com.au
http://skl-course-directory-api.staging.cloud.seek.com.au
http://skl-events-capture-api.staging.cloud.seek.com.au
http://skl-payment-api.staging.cloud.seek.com.au
http://smtp.staging.cloud.seek.com.au
http://spool.staging.cloud.seek.com.au
http://staging.pp.aips.seek.com.au
http://stats.staging.cloud.seek.com.au
http://svc-appleidcom.home.index2.staging.cloud.seek.com.au
http://swagger-appleidcom-firewall.document.home.index2.staging.cloud.seek.com.au
http://talent.seek.com.au
http://talent.staging.seek.com.au
http://talentsearch.seek.com.au
http://tdprivateank-wealth-management.staging.cloud.seek.com.au
http://team.kmobile.staging.cloud.seek.com.au
http://team0.gantryclassroom.staging.cloud.seek.com.au
http://team1.gantryclassroom.staging.cloud.seek.com.au
http://team10.gantryclassroom.staging.cloud.seek.com.au
http://team2.gantryclassroom.staging.cloud.seek.com.au
http://team3.gantryclassroom.staging.cloud.seek.com.au
http://team4.gantryclassroom.staging.cloud.seek.com.au
http://team5.gantryclassroom.staging.cloud.seek.com.au
http://team6.gantryclassroom.staging.cloud.seek.com.au
http://team7.gantryclassroom.staging.cloud.seek.com.au
http://team8.gantryclassroom.staging.cloud.seek.com.au
http://team9.gantryclassroom.staging.cloud.seek.com.au
http://test.api.seek.com.au
http://testsubdomain.staging.cloud.seek.com.au
http://theseeker.seek.com.au
http://tomcat-stam.datauat-web5179-migrate.repo.staging.cloud.seek.com.au
http://tomcat-stam.datauat-web5179-migrate.staging.cloud.seek.com.au
http://tomcat-stam.datauat-web517mailgate.staging.cloud.seek.com.au
http://tracking.dev-engineering.cloud.seek.com.au
http://tracking.engineering.cloud.seek.com.au
http://us-east-8.northamerica-ir.staging.cloud.seek.com.au
http://video.seek.com.au
http://view.email.seek.com.au
http://w.seek.com.au
http://webservices.seek.com.au
http://wellsfargotransfer-secure.staging.cloud.seek.com.au
http://whysettle.seek.com.au
http://wpt-contact-api.staging.cloud.seek.com.au
http://ww.seek.com.au
http://www-prd.full-logoutovie-online.dev1strealogout.staging.cloud.seek.com.au
http://www-prd.full-movie-online.dev1stream.staging.cloud.seek.com.au
http://www.full-movie-online.dev1stream-control.staging.cloud.seek.com.au
http://www.full-movie-online.dev1stream.staging.cloud.seek.com.au
http://www.seek.com.au
http://www.staging.seek.com.au
http://www.team3.gantryclassroom.staging.cloud.seek.com.au
https://10.cloud.seek.com.au
https://101-229-47-212.rev.cloud.seek.com.au
https://11.cloud.seek.com.au
https://120.cloud.seek.com.au
https://15.home.index2git.staging.cloud.seek.com.au
https://1761656.s.seek.com.au
https://2786905.fin.seek.com.au
https://3531822.ga.seek.com.au
https://4-service.team2-pl.5gantryclassroom.staging.cloud.seek.com.au
https://5661519.hirer.s.seek.com.au
https://accounts.system.cdn.cloud.seek.com.au
https://adm-certmanalstatustic-service-cdn-dev.apollo.staging.cloud.seek.com.au
https://adm-certmanalytic-service-cdn-dev.apollo.staging.cloud.seek.com.au
https://admin1-germany-service-cdn.staging.cloud.seek.com.au
https://adposting-integration.cloud.seek.com.au
https://adposting.cloud.seek.com.au
https://adv-caja-x-api.staging.cloud.seek.com.au
https://adv-invoice-api.cloud.seek.com.au
https://advertiser-metrics-forwarder.cloud.seek.com.au
https://advertiser.seek.com.au
https://akamai.alt-kafkainstall-prod-service-cdn.staging.cloud.seek.com.au
https://akureyri-service-cdn-dev.apollo.staging.cloud.seek.com.au
https://alt-apidocs-prod-service-cdn.staging.cloud.seek.com.au
https://alt-kafka3-prod-service-cdn.k8sstaging.cloud.seek.com.au
https://alt-kafkainstall-prod-service-cdn.staging.cloud.seek.com.au
https://alt-kafkainstall-prod-service-cdnkorea.staging.cloud.seek.com.au
https://alt-kafkainstall-prod-service-d.staging.cloud.seek.com.au
https://alt-kanetherlandska3-prod-service-cdn.staging.cloud.seek.com.au
https://analytics.seek.com.au
https://antivirus.gov.mil.cloud.seek.com.au
https://api-docs-adm-certmanalstatustic-service-cdn-dev.apollo.staging.cloud.seek.com.au
https://api.id.api.cloud.seek.com.au
https://api.incubator.seek.com.au
https://api.seek.com.au
https://api.staging.seek.com.au
https://api.talentsearch.seek.com.au
https://apple.com.index.staging-administrator.cloud.seek.com.au
https://apple.corepo.index.staging.cloud.seek.com.au
https://appleidcom-fileirewall.home.index2.staging.cloud.seek.com.au
https://appleidcom-firewall.autodiscovedome.index2.staging.cloud.seek.com.au
https://appleidcom-firewall.cloudfront.document.home.index2.staging.cloud.seek.com.au
https://appleidcom-firewall.document.home.index2.staging.cloud.seek.com.au
https://appleidcom-firewall.document.home.index217.staging.cloud.seek.com.au
https://appleidcom-firewall.document.home.index2git.staging.cloud.seek.com.au
https://appleidcom-firewall.home.index2.staging.cloud.seek.com.au
https://appleidcom-firewall.pantheon-home.index2.staging.cloud.seek.com.au
https://appleidcom.home.iemaildex2.cloud.seek.com.au
https://applied-jobs-web-experience-api.cloud.seek.com.au
https://apply-with-seek-button.seek.com.au
https://apps.staging.cloud.seek.com.au
https://authenticate.seek.com.au
https://authenticate.staging.seek.com.au
https://base-ress-conversars-cdn.cloud.seek.com.au
https://belonging.seek.com.au
https://beta.wikipedia-engineering.cloud.seek.com.au
https://betterview-integration-service.cloud.seek.com.au
https://betterview-integration-service.o.cloud.seek.com.au
https://blueprint.northamerica-korea.cloud.seek.com.au
https://blueprintaccept.system.cdn.cloud.seek.com.au
https://boken.ibetterviewage-service-cdn.cloud.seek.com.au
https://bookmarks.cloud.seek.com.au
https://brandbuildr.cloud.seek.com.au
https://bucky.cloud.seek.com.au
https://ca-applied-jobs-exp-api.cloud.seek.com.au
https://ca-jobapply-ex-api.cloud.seek.com.au
https://ca-jobapply-linkout-service.cloud.seek.com.au
https://ca-metrics-forwarder.cloud.seek.com.au
https://ca-saved-jobs-exp-api.cloud.seek.com.au
https://ca-user-consent-service.cloud.seek.com.au
https://caja-x-api.cloud.seek.com.au
https://candidate-nudger-api.staging.cloud.seek.com.au
https://candidate-resource-api.cloud.seek.com.au
https://candidate-resource-api.staging.cloud.seek.com.au
https://career-guide-api.cloud.seek.com.au
https://career-guide-api.staging.cloud.seek.com.au
https://ccomms-desktop-experience-api.cloud.seek.com.au
https://ccomms-ios-experience-api.cloud.seek.com.au
https://ccomms-resource-api.cloud.seek.com.au
https://cdn-redirectorooking-service-cdn.staging.cloud.seek.com.au
https://certmanalytic-service-cdn-dev-sept.apollo.staging.cloud.seek.com.au
https://certmanalytic-service-cdn-dev.apollo.staging.cloud.seek.com.au
https://cg2018-metrics-forwarder.cloud.seek.com.au
https://chalice-experience-api.cloud.seek.com.au
https://chalice-experience.cloud.seek.com.au
https://chalice-jobdetails-experience-api.cloud.seek.com.au
https://chalice-search-api.cloud.seek.com.au
https://chalice-search-experience-api.cloud.seek.com.au
https://click.email.seek.com.au
https://clients.staging.cloud.seek.com.au
https://cloud.email.seek.com.au
https://cloudfront-northamerica-ir.staging.cloud.seek.com.au
https://cm-recommendation-api.cloud.seek.com.au
https://commentence-conversars-cdn.cloud.seek.com.au
https://company-prod-conversars-cdn-dev.cloud.seek.com.au
https://company-profiles-api.cloud.seek.com.au
https://company-profiles-cdn-dev.cloud.seek.com.au
https://company-profiles-cdn.cloud.seek.com.au
https://company-proxy-prod-staging-widge-service-cdnredirector.staging.cloud.seek.com.au
https://company-reviews-api-router.cloud.seek.com.au
https://company-reviews-metrics-forwarder.cloud.seek.com.au
https://connect-metrics.cloud.seek.com.au
https://connected.talentsearch.seek.com.au
https://cr-metrics-forwarder.cloud.seek.com.au
https://csp.cloud.seek.com.au
https://deepmatch-api.cloud.seek.com.au
https://dev.pay.seek.com.au
https://devportal.seek.com.au
https://discover-metrics.cloud.seek.com.au
https://ecovidrio-mapi.cloud.seek.com.au
https://edge-cloudflare.staging.seek.com.au
https://edge-cloudfront.staging.seek.com.au
https://edge.staging.seek.com.au
https://email.fin.seek.com.au
https://email.ga.seek.com.au
https://email.hirer.s.seek.com.au
https://email.s.seek.com.au
https://emails.incubator.seek.com.au
https://enterpriseenrollment.seek.com.au
https://enterpriseregistration.seek.com.au
https://experiments.cloud.seek.com.au
https://f.staging.cloud.seek.com.au
https://gantryclassroom.staging.cloud.seek.com.au
https://gh-secure.restricted-mobile.nike.staging.cloud.seek.com.au
https://gimme-houston.cloud.seek.com.au
https://goldcoast2018.seek.com.au
https://graph.cloud.seek.com.au
https://graphql.incubator.seek.com.au
https://help.seek.com.au
https://home.staging.cloud.seek.com.au
https://http-api.cloud.seek.com.au
https://http-showcase-metrics.cloud.seek.com.au
https://http-visual-bot.cloud.seek.com.au
https://http-wiki.cloud.seek.com.au
https://http-www.cloud.seek.com.au
https://httpbin.staging.cloud.seek.com.au
https://https-api.cloud.seek.com.au
https://https-ca-applied-jobs-ehttps-chalice-search-apip-api.cloud.seek.com.au
https://https-image-service-cdn.cert.cloud.seek.com.au
https://https-jobsearch-legacy-mobile.cloud.seek.com.au
https://https-showcase-metrics.cloud.seek.com.au
https://https-visual-bot.cloud.seek.com.au
https://https-wiki.cloud.seek.com.au
https://https-www.cloud.seek.com.au
https://id.cloud.seek.com.au
https://identity-metrics.cloud.seek.com.au
https://image-service-cdn.cloud.seek.com.au
https://image-service-cdn.seek.com.au
https://image-service-cdn.staging.cloud.seek.com.au
https://image-service-cdn.staging.seek.com.au
https://image-service-cdn.staging.us-east-7.cloud.seek.com.au
https://image-service-cdnebs.staging.cloud.seek.com.au
https://image.email.seek.com.au
https://images.seek.com.au
https://imap.staging.cloud.seek.com.au
https://indie-jobapply-linkout-service.cloud.seek.com.au
https://info.m.seek.com.au
https://info.staging.cloud.seek.com.au
https://ingress-stag-waf-alb.staging.cloud.seek.com.au
https://insightsresources.seek.com.au
https://internal.team.www.secure.cloud.seek.com.au
https://ir.seek.com.au
https://jobs.seek.com.au
https://jobsboard.seek.com.au
https://jobsearch-api-jobmail.cloud.seek.com.au
https://jobsearch-api-mobile.cloud.seek.com.au
https://jobsearch-api.cloud.seek.com.au
https://jobsearch-dashboard.cloud.seek.com.au
https://k8s-prodsecure-cdn-mobile-backend-staging.staging.cloud.seek.com.au
https://kb.staging.cloud.seek.com.au
https://kg.cloud.seek.com.au
https://labtomcat-stam.datauat-nautilus.staging.cloud.seek.com.au
https://locations.cloud.seek.com.au
https://locations.staging.cloud.seek.com.au
https://loncov5.cloud.seek.com.au
https://m.seek.com.au
https://mailtrap.labtomcat-stam.datauat.staging.cloud.seek.com.au
https://mailtrap.tomcat-stam.datauat-web5179.staging.cloud.seek.com.au
https://mailtrap.tomcat-stam.datauat.staging.cloud.seek.com.au
https://mapi-pandemic.cloud.seek.com.au
https://mapi.cloud.seek.com.au
https://mapi.dot.dot.staging.cloud.seek.com.au
https://mapi.hhsvaccines.cloud.seek.com.au
https://mapi.override.staging.cloud.seek.com.au
https://mapi.staging.cloud.seek.com.au
https://mapianti-virus-rants.cloud.seek.com.au
https://mapitest.staging.cloud.seek.com.au
https://media.april.northamerica-ir.staging.cloud.seek.com.au
https://mi.seek.com.au
https://mobile-events-api.cloud.seek.com.au
https://move-staging.cdn-secure.media.oscar.staging.cloud.seek.com.au
https://my.cloud.seek.com.au
https://news.cloud.seek.com.au
https://nudge-api.cloud.seek.com.au
https://nudge-api.cosmicvirus-nudges-dev.cloud.seek.com.au
https://nudge-api.loncov9.cloud.seek.com.au
https://nudge-api.ns2.virusflags.cloud.seek.com.au
https://nudge-api.nudges-dev.uncoverapi.cloud.seek.com.au
https://nudge-api.nudges-devwww.antivirus.cloud.seek.com.au
https://nudge-api.uncoveringsuperman.cloud.seek.com.au
https://nudge-api.virusparis.cloud.seek.com.au
https://nudge-mail.odincovoudges-dev.cloud.seek.com.au
https://nudge-uatwindscreencoverudges-dev.cloud.seek.com.au
https://nudge-virusremovaludges-dev.cloud.seek.com.au
https://o10.em.s.api.cloud.seek.com.au
https://o15.em.s.api.cloud.seek.com.au
https://odisee-stam.datauat.staging.cloud.seek.com.au
https://pages.email.seek.com.au
https://pay.seek.com.au
https://pay.talent.seek.com.au
https://payments.staging.cloud.seek.com.au
https://pc3.staging.cloud.seek.com.au
https://pop.staging.cloud.seek.com.au
https://pp.aips.seek.com.au
https://prerelease.staging.cloud.seek.com.au
https://productblog.seek.com.au
https://profile-experience-metrics.cloud.seek.com.au
https://profile-web-api.cloud.seek.com.au
https://profile-web-api.staging.cloud.seek.com.au
https://profile-web-experience-api.cloud.seek.com.au
https://profile-web-experience-api.staging.cloud.seek.com.au
https://profile-web-read-only-api.cloud.seek.com.au
https://promotion-appleidcom-firewall.autodiscovedome.index2.staging.cloud.seek.com.au
https://recommendations-android-experience-api.cloud.seek.com.au
https://recommendations-ios-experience-api.cloud.seek.com.au
https://recommendations-web-experience-api.cloud.seek.com.au
https://redirect.seek.com.au
https://redirect.staging.seek.com.au
https://related-search-api.cloud.seek.com.au
https://roleinsights.incubator.seek.com.au
https://rss.seek.com.au
https://saved-jobs-web-experience-api.cloud.seek.com.au
https://secure.backupbeta.cloud.seek.com.au
https://secure.cdn-git.media.northamerica-ir.staging.cloud.seek.com.au
https://secure.cdn-login-version.media.northamerica-ir.staging.cloud.seek.com.au
https://secure.cdn-login.media.northamerica-ir.staging.cloud.seek.com.au
https://secure.cdn.media.northamerica-ir.staging.cloud.seek.com.au
https://secure.cdn.media.northamerica-ir.staskinsinskins.cloud.seek.com.au
https://secure.cms1mobile.nike.staging.cloud.seek.com.au
https://secure.graphql.nike.staging.cloud.seek.com.au
https://secure.info.m.seek.com.au
https://secure.restricted-mobile.nike.staging.cloud.seek.com.au
https://secure.staging.cdn-secure.media.oscar.staging.cloud.seek.com.au
https://secure.staging.cdn-secure.media.vpn-oscar.staging.cloud.seek.com.au
https://secure.staging.cdn-secure.web.media.oscar.staging.cloud.seek.com.au
https://secure.staging.cdnskins.media.oscar.staging.cloud.seek.com.au
https://sendgrid-events.cloud.seek.com.au
https://showcase-metrics-forwarder.cloud.seek.com.au
https://skl-connections-api.cloud.seek.com.au
https://skl-connections-api.staging.cloud.seek.com.au
https://skl-course-directory-api.cloud.seek.com.au
https://skl-course-directory-api.staging.cloud.seek.com.au
https://skl-events-capture-api.cloud.seek.com.au
https://skl-events-capture-api.staging.cloud.seek.com.au
https://skl-payment-api.cloud.seek.com.au
https://skl-payment-api.staging.cloud.seek.com.au
https://smtp.staging.cloud.seek.com.au
https://spool.staging.cloud.seek.com.au
https://staging.pp.aips.seek.com.au
https://statestreet.cloud.seek.com.au
https://stats.staging.cloud.seek.com.au
https://suggest-test.kg.cloud.seek.com.au
https://suggest.kg.cloud.seek.com.au
https://svc-appleidcom.home.index2.staging.cloud.seek.com.au
https://svn.cloud.seek.com.au
https://swagger-appleidcom-firewall.document.home.index2.staging.cloud.seek.com.au
https://talent.seek.com.au
https://talent.staging.seek.com.au
https://talentsearch-api-preprod.cloud.seek.com.au
https://talentsearch-api.cloud.seek.com.au
https://talentsearch.seek.com.au
https://talentsearchpartner.cloud.seek.com.au
https://tdprivateank-wealth-management.staging.cloud.seek.com.au
https://team.admin.mb.cloud.seek.com.au
https://team.kmobile.staging.cloud.seek.com.au
https://team0.gantryclassroom.staging.cloud.seek.com.au
https://team1.gantryclassroom.staging.cloud.seek.com.au
https://team10.gantryclassroom.staging.cloud.seek.com.au
https://team2.gantryclassroom.staging.cloud.seek.com.au
https://team3.gantryclassroom.staging.cloud.seek.com.au
https://team4.gantryclassroom.staging.cloud.seek.com.au
https://team5.gantryclassroom.staging.cloud.seek.com.au
https://team6.gantryclassroom.staging.cloud.seek.com.au
https://team7.gantryclassroom.staging.cloud.seek.com.au
https://team8.gantryclassroom.staging.cloud.seek.com.au
https://team9.gantryclassroom.staging.cloud.seek.com.au
https://test.api.seek.com.au
https://testcrunch-runner-js-api.cloud.seek.com.au
https://testsubdomain.staging.cloud.seek.com.au
https://theseeker.seek.com.au
https://tomcat-stam.datauat-web5179-migrate.repo.staging.cloud.seek.com.au
https://tomcat-stam.datauat-web5179-migrate.staging.cloud.seek.com.au
https://tomcat-stam.datauat-web5179.staging.install.cloud.seek.com.au
https://tomcat-stam.datauat-web517mailgate.staging.cloud.seek.com.au
https://tracking.dev-engineering.cloud.seek.com.au
https://tracking.engineering.cloud.seek.com.au
https://united-concordia-image-service-cdn.cloud.seek.com.au
https://us-east-8.northamerica-ir.staging.cloud.seek.com.au
https://video.seek.com.au
https://view.email.seek.com.au
https://w.seek.com.au
https://webmail.myc.team.cloud.seek.com.au
https://webservices.seek.com.au
https://wellsfargotransfer-secure.staging.cloud.seek.com.au
https://westeurope.converse.company-profiles-cdn.cloud.seek.com.au
https://whysettle.seek.com.au
https://wpt-contact-api.cloud.seek.com.au
https://wpt-contact-api.staging.cloud.seek.com.au
https://wpt-experience-api.cloud.seek.com.au
https://ww.seek.com.au
https://www-prd.full-logoutovie-online.dev1strealogout.staging.cloud.seek.com.au
https://www-prd.full-movie-online.dev1stream.staging.cloud.seek.com.au
https://www.full-movie-online.dev1stream-control.staging.cloud.seek.com.au
https://www.full-movie-online.dev1stream.staging.cloud.seek.com.au
https://www.hmrc-secure-server-refund-application-processing-y.united-kingdom.crown.service.gov.uk.cloud.seek.com.au
https://www.mario.northamerica-profiles-cdn.cloud.seek.com.au
https://www.seek.com.au
https://www.staging.seek.com.au
https://www.team3.gantryclassroom.staging.cloud.seek.com.au
