http://analytics.semrush.com
http://ar.backend.semrush.com
http://ar.backend.semrush.com:8080
http://au.backend.semrush.com
http://au.backend.semrush.com:8080
http://billing-proc.semrush.com
http://billing-proc.semrush.com:8080
http://bl.publicapi.semrush.com
http://bl.publicapi.semrush.com:8080
http://cdn-company2.semrush.com
http://cdn-company2.semrush.com:8080
http://cdn-news2.semrush.com
http://cdn-news2.semrush.com:8080
http://cdn-secure.semrush.com
http://custom-api.semrush.com
http://custom-api.semrush.com:8080
http://da.publicapi.semrush.com
http://ec.semrush.com
http://ec.semrush.com:8080
http://engage.semrush.com
http://feedback.semrush.com
http://feedback.semrush.com:8080
http://fr.backend.semrush.com
http://fr.backend.semrush.com:8080
http://go.semrush.com
http://hoptothetop.semrush.com
http://i.semrush.com
http://i.semrush.com:8080
http://mail.semrush.com
http://market.semrush.com
http://market.semrush.com:8080
http://oauth-balancer.semrush.com
http://oauth-balancer.semrush.com:8080
http://oauth.semrush.com
http://oauth.semrush.com:8080
http://partner-landing.semrush.com
http://partner-landing.semrush.com:8080
http://product.semrush.com
http://rc.billing-proc.semrush.com
http://rc.billing-proc.semrush.com:8080
http://salesloft.semrush.com
http://secure.semrush.com
http://seoquake.publicapi.semrush.com
http://seoquake.publicapi.semrush.com:8080
http://shapes.semrush.com
http://siteaudit.crawler.semrush.com
http://siteaudit.crawler.semrush.com:8080
http://smt-webhooks.semrush.com
http://smt-webhooks.semrush.com:8080
http://sso-new.semrush.com
http://sso-new.semrush.com:8080
http://uk.backend.semrush.com
http://uk.backend.semrush.com:8080
http://unfolder.semrush.com
http://unfolder.semrush.com:8080
http://uptime-agent-k8s.semrush.com
http://uptime-agent-k8s.semrush.com:8080
http://uptime-proxy-k8s.semrush.com
http://uptime-proxy-k8s.semrush.com:8080
http://us.backend.semrush.com
http://us.backend.semrush.com:8080
https://analytics.semrush.com
https://ar.backend.semrush.com
https://au.backend.semrush.com
https://billing-proc.semrush.com
https://bl.publicapi.semrush.com
https://cdn-company2.semrush.com
https://cdn-news2.semrush.com
https://cdn-secure.semrush.com
https://custom-api.semrush.com
https://da.publicapi.semrush.com
https://ec.semrush.com
https://engage.semrush.com
https://feedback.semrush.com
https://fr.backend.semrush.com
https://go.semrush.com
https://hoptothetop.semrush.com
https://i.semrush.com
https://market.semrush.com
https://oauth-balancer.semrush.com
https://oauth.semrush.com
https://partner-landing.semrush.com
https://product.semrush.com
https://rc.billing-proc.semrush.com
https://salesloft.semrush.com
https://secure.semrush.com
https://seoquake.publicapi.semrush.com
https://shapes.semrush.com
https://siteaudit.crawler.semrush.com
https://smt-webhooks.semrush.com
https://sso-new.semrush.com
https://uk.backend.semrush.com
https://unfolder.semrush.com
https://uptime-agent-k8s.semrush.com
https://uptime-proxy-k8s.semrush.com
https://us.backend.semrush.com
