http://audience.sentiance.com
http://developer.sentiance.com
http://developers.sentiance.com
http://docs.sentiance.com
http://drive.sentiance.com
http://firehose-sink.d4.sentiance.com
http://firehose-sink.p9.sentiance.com
http://firehose.d4.sentiance.com
http://firehose.h11.sentiance.com
http://firehose.p9.sentiance.com
http://firehose.sentiance.com
http://insights.d4.sentiance.com
http://insights.h11.sentiance.com
http://insights.p9.sentiance.com
http://insights.sentiance.com
http://insights.y13.sentiance.com
http://journeys-coaching-preprod.sentiance.com
http://journeys-coaching.d4.sentiance.com
http://journeys-coaching.sentiance.com
http://mtls-api.h11.sentiance.com
http://mtls-preprod-api.sentiance.com
http://preprod-firehose.sentiance.com
http://preprod-insights.sentiance.com
http://repository.sentiance.com
http://sentiance.com
http://staging3.sentiance.com
http://tiles-integration.sentiance.com
http://tiles.sentiance.com
http://track.sentiance.com
http://www.staging3.sentiance.com
https://api.d4.sentiance.com
https://api.h11.sentiance.com
https://api.p9.sentiance.com
https://api.sentiance.com
https://api.y13.sentiance.com
https://audience.sentiance.com
https://coaching-api-rac.r10.sentiance.com
https://developer.sentiance.com
https://developers.sentiance.com
https://docs.sentiance.com
https://firehose-sink.d4.sentiance.com
https://firehose-sink.h11.sentiance.com
https://firehose-sink.p9.sentiance.com
https://firehose-sink.sentiance.com
https://firehose.d4.sentiance.com
https://firehose.h11.sentiance.com
https://firehose.p9.sentiance.com
https://firehose.sentiance.com
https://insights.d4.sentiance.com
https://insights.h11.sentiance.com
https://insights.p9.sentiance.com
https://insights.sentiance.com
https://insights.y13.sentiance.com
https://journeys-coaching-preprod.sentiance.com
https://journeys-coaching.d4.sentiance.com
https://journeys-coaching.sentiance.com
https://journeysbe.sentiance.com
https://preprod-api.sentiance.com
https://preprod-coaching-api-rac.r10.sentiance.com
https://preprod-firehose-sink.sentiance.com
https://preprod-firehose.sentiance.com
https://preprod-insights.sentiance.com
https://repository.sentiance.com
https://sentiance.com
https://staging3.sentiance.com
https://tiles-integration.sentiance.com
https://tiles.sentiance.com
https://track.sentiance.com
