http://180.shopify.com
http://180.shopify.com:8080
http://academy.shopify.com
http://academy.shopify.com:2082
http://academy.shopify.com:8080
http://academy.shopify.com:8880
http://acceleration.shopify.com
http://accounts.shopify.com
http://adaywithshopify.shopify.com
http://admin.shopify.com
http://adws.shopify.com
http://alpha-polaris.shopify.com
http://alpha.experiences.shopify.com
http://alpha.polaris.shopify.com
http://alumni.shopify.com
http://alumni.shopify.com:8080
http://amazon-ads.shopify.com
http://amazon-ads.shopify.com:2052
http://amazon-ads.shopify.com:2082
http://amazon-ads.shopify.com:2086
http://amazon-ads.shopify.com:8080
http://amazon-ads.shopify.com:8880
http://amazon.shopify.com
http://amazon.shopify.com:2052
http://amazon.shopify.com:2082
http://amazon.shopify.com:2086
http://amazon.shopify.com:8080
http://amazon.shopify.com:8880
http://analytics.shopify.com
http://api.github.shopify.com
http://api.shopify.com
http://apm.shopify.com
http://apm.shopify.com:8080
http://app-store-staging.shopify.com
http://app-store-staging3.shopify.com
http://app.shopify.com
http://app.shopify.com:8080
http://apps.shopify.com
http://apps.shopify.com:8080
http://apt.shopify.com
http://auth.data.shopify.com
http://b.ssl.shopify.com
http://b.ssl.shopify.com:8080
http://babb-academy.shopify.com
http://babb-academy.shopify.com:2052
http://babb-academy.shopify.com:2082
http://babb-academy.shopify.com:2086
http://babb-academy.shopify.com:8080
http://babb-academy.shopify.com:8880
http://bcs.shopify.com
http://bcs.shopify.com:2082
http://bcs.shopify.com:2086
http://bcs.shopify.com:8080
http://bcs.shopify.com:8880
http://beamishbeverages.shopify.com
http://beamishbeverages.shopify.com:8080
http://beastmodeabusiness.shopify.com
http://beastmodeabusiness.shopify.com:8080
http://beta.help.shopify.com
http://beyondthebuild.shopify.com
http://beyondthebuild.shopify.com:2082
http://beyondthebuild.shopify.com:8080
http://beyondthebuild.shopify.com:8880
http://blog.shopify.com
http://brochure.shopify.com
http://brochure.shopify.com:2082
http://brochure.shopify.com:2086
http://brochure.shopify.com:8080
http://brochure.shopify.com:8880
http://burst.shopify.com
http://c.email.plus.shopify.com
http://c.email.plus.shopify.com:8443
http://c.ssl.shopify.com
http://c.ssl.shopify.com:8080
http://calendar.shopify.com
http://canada.analytics.shopify.com
http://cardreader.shopify.com
http://careers.shopify.com
http://careers.shopify.com:2082
http://careers.shopify.com:2086
http://careers.shopify.com:8080
http://careers.shopify.com:8880
http://cdn2.shopify.com
http://changelog.shopify.com
http://chat.shopify.com
http://checkout.shopify.com
http://checkout.shopify.com:8080
http://cla.shopify.com
http://classifieds.shopify.com
http://cname.shopify.com
http://cname.shopify.com:8080
http://codeload.github.shopify.com
http://commerceawards.shopify.com
http://commerceawards.shopify.com:2082
http://commerceawards.shopify.com:2086
http://commerceawards.shopify.com:8080
http://commerceawards.shopify.com:8880
http://commerceplus.shopify.com
http://commerceplus.shopify.com:2082
http://commerceplus.shopify.com:8080
http://commerceplus.shopify.com:8880
http://community-stage.shopify.com
http://compass.shopify.com
http://consultant-launch.shopify.com
http://consultant-launch.shopify.com:8080
http://contest.shopify.com
http://contest.shopify.com:2052
http://contest.shopify.com:2082
http://contest.shopify.com:2086
http://contest.shopify.com:8080
http://contest.shopify.com:8880
http://contracts.shopify.com
http://core.shopify.com
http://core.shopify.com:8080
http://counter.shopify.com
http://counter.shopify.com:2052
http://counter.shopify.com:2082
http://counter.shopify.com:2086
http://counter.shopify.com:2095
http://counter.shopify.com:8080
http://counter.shopify.com:8880
http://courier.shopify.com
http://cpanel.github.shopify.com
http://crafted.shopify.com
http://crafted.shopify.com:8080
http://customer.login.shopify.com
http://customer.login.shopify.com:2082
http://customer.login.shopify.com:2086
http://customer.login.shopify.com:8880
http://d.ssl.shopify.com
http://d.ssl.shopify.com:8080
http://data.shopify.com
http://datastories-staging.shopify.com
http://datastories.shopify.com
http://denver.shopify.com
http://dev.shopify.com
http://developer.shopify.com
http://developer.shopify.com:2052
http://developer.shopify.com:2082
http://developer.shopify.com:2086
http://developer.shopify.com:8080
http://developer.shopify.com:8880
http://developers.shopify.com
http://devs.shopify.com
http://dksonlineshoppe.shopify.com
http://dksonlineshoppe.shopify.com:8080
http://docs.shopify.com
http://drive.shopify.com
http://e.ssl.shopify.com
http://e.ssl.shopify.com:8080
http://ecommerce.shopify.com
http://egress-ips.shopify.com
http://egress-ips.shopify.com:8080
http://engineering.shopify.com
http://enterprise.plus.shopify.com
http://enterprise.plus.shopify.com:8443
http://es.shopify.com
http://es.shopify.com:2082
http://es.shopify.com:8080
http://es.shopify.com:8880
http://events.shopify.com
http://everest-staging1.shopify.com
http://everest-staging1.shopify.com:2086
http://everest-staging1.shopify.com:8880
http://exchange-help.shopify.com
http://exchange.shopify.com
http://experiments.shopify.com
http://expert.shopify.com
http://expert.shopify.com:2052
http://expert.shopify.com:2082
http://expert.shopify.com:2086
http://expert.shopify.com:8080
http://expert.shopify.com:8880
http://experts.shopify.com
http://experts.shopify.com:8080
http://f.ssl.shopify.com
http://f.ssl.shopify.com:8080
http://facebook.shopify.com
http://facebook.shopify.com:2082
http://facebook.shopify.com:2086
http://facebook.shopify.com:8080
http://facebook.shopify.com:8880
http://forums.shopify.com
http://fr.shopify.com
http://fr.shopify.com:2082
http://fr.shopify.com:8080
http://fr.shopify.com:8880
http://fund.shopify.com
http://fund.shopify.com:2052
http://fund.shopify.com:2082
http://fund.shopify.com:2086
http://fund.shopify.com:8080
http://fund.shopify.com:8880
http://g.ssl.shopify.com
http://g.ssl.shopify.com:8080
http://gap.shopify.com
http://gap.shopify.com:8080
http://gauntlet.shopify.com
http://gauntlet.shopify.com:8080
http://groups.shopify.com
http://growthcenter.shopify.com
http://h.ssl.shopify.com
http://h.ssl.shopify.com:8080
http://hardware.shopify.com
http://hardware.shopify.com:8080
http://hatchful.shopify.com
http://hatchful.shopify.com:8080
http://help.shopify.com
http://hi.shopify.com
http://hi.shopify.com:2052
http://hi.shopify.com:2082
http://hi.shopify.com:2086
http://hi.shopify.com:8080
http://hi.shopify.com:8880
http://i.ssl.shopify.com
http://i.ssl.shopify.com:8080
http://in.shopify.com
http://inbox.shopify.com
http://inbox.shopify.com:8080
http://incoming.shopify.com
http://incoming.shopify.com:2052
http://incoming.shopify.com:2082
http://incoming.shopify.com:2086
http://incoming.shopify.com:8080
http://incoming.shopify.com:8880
http://inspiringindependents.shopify.com
http://intern-launch.shopify.com
http://intern-launch.shopify.com:8080
http://investor.shopify.com
http://investor.shopify.com:2082
http://investor.shopify.com:2086
http://investor.shopify.com:8080
http://investor.shopify.com:8880
http://invoices.shopify.com
http://ipad-pos.shopify.com
http://ipad-pos.shopify.com:2052
http://ipad-pos.shopify.com:2082
http://ipad-pos.shopify.com:2086
http://ipad-pos.shopify.com:8080
http://ipad-pos.shopify.com:8880
http://ir.shopify.com
http://ir.shopify.com:2082
http://ir.shopify.com:2086
http://ir.shopify.com:8080
http://ir.shopify.com:8880
http://it.shopify.com
http://it.shopify.com:2082
http://it.shopify.com:8080
http://it.shopify.com:8880
http://j.ssl.shopify.com
http://j.ssl.shopify.com:8080
http://k.ssl.shopify.com
http://k.ssl.shopify.com:8080
http://kerwin.shopify.com
http://l.ssl.shopify.com
http://l.ssl.shopify.com:8080
http://la.shopify.com
http://la.shopify.com:8080
http://learn.shopify.com
http://legacy.polaris.shopify.com
http://legal.shopify.com
http://localabroad.shopify.com
http://localabroad.shopify.com:8080
http://login.community-stage.shopify.com
http://losangeles.shopify.com
http://m.shopify.com
http://m.shopify.com:2082
http://m.shopify.com:2086
http://m.shopify.com:8080
http://m.shopify.com:8880
http://m.ssl.shopify.com
http://m.ssl.shopify.com:8080
http://magazine.shopify.com
http://magazine.shopify.com:8080
http://mail.shopify.com
http://market.shopify.com
http://market.shopify.com:2082
http://market.shopify.com:2086
http://market.shopify.com:8080
http://market.shopify.com:8880
http://marketing.preferences-staging.shopify.com
http://marketing.preferences.shopify.com
http://marketplace.shopify.com
http://marketplace.shopify.com:2082
http://marketplace.shopify.com:2086
http://marketplace.shopify.com:8080
http://marketplace.shopify.com:8880
http://meetup.shopify.com
http://meetups.shopify.com
http://meetups.shopify.com:2086
http://meetups.shopify.com:8880
http://merch.shopify.com
http://merch.shopify.com:8080
http://merchandise.shopify.com
http://merchandise.shopify.com:8080
http://merchant-feedback.shopify.com
http://mobile.shopify.com
http://mystore.nikolas.shopify.com
http://mystore.nikolas.shopify.com:2082
http://mystore.nikolas.shopify.com:2086
http://mystore.nikolas.shopify.com:2095
http://mystore.nikolas.shopify.com:8080
http://mystore.nikolas.shopify.com:8880
http://n.ssl.shopify.com
http://n.ssl.shopify.com:8080
http://newhelp.shopify.com
http://news.shopify.com
http://newsroom.shopify.com
http://newsroom.shopify.com:2052
http://newsroom.shopify.com:2082
http://newsroom.shopify.com:2086
http://newsroom.shopify.com:8080
http://newsroom.shopify.com:8880
http://newyork.shopify.com
http://next.shopify.com
http://next.shopify.com:2082
http://next.shopify.com:2086
http://next.shopify.com:8080
http://next.shopify.com:8880
http://nicolle-closet-wardrobe.shopify.com
http://nicolle-closet-wardrobe.shopify.com:8080
http://notebooks-canada.data.shopify.com
http://notebooks.data.shopify.com
http://ny.shopify.com
http://o.ssl.shopify.com
http://o.ssl.shopify.com:8080
http://p.ssl.shopify.com
http://p.ssl.shopify.com:8080
http://partner.shopify.com
http://partners.shopify.com
http://pay.shopify.com
http://people-analytics.data.shopify.com
http://phoenix.shopify.com
http://photos.shopify.com
http://photos.shopify.com:8080
http://pin.shopify.com
http://pins.shopify.com
http://plus.shopify.com
http://plus.shopify.com:2082
http://plus.shopify.com:2086
http://plus.shopify.com:8080
http://plus.shopify.com:8880
http://plusinfo.shopify.com
http://pm.shopify.com
http://pm.shopify.com:2082
http://pm.shopify.com:2086
http://pm.shopify.com:2095
http://pm.shopify.com:8080
http://pm.shopify.com:8880
http://poi.shopify.com
http://poi.shopify.com:8080
http://pointofsale.shopify.com
http://polaris-icons.shopify.com
http://polaris-rails.shopify.com
http://polaris.shopify.com
http://portal.data.shopify.com
http://portal.shopify.com
http://portal.shopify.com:8080
http://portland.shopify.com
http://press.shopify.com
http://press.shopify.com:2082
http://press.shopify.com:2086
http://press.shopify.com:8080
http://press.shopify.com:8880
http://presto.data.shopify.com
http://projectruru.shopify.com
http://projectruru.shopify.com:8080
http://pt.shopify.com
http://pursuit.shopify.com
http://q.ssl.shopify.com
http://q.ssl.shopify.com:8080
http://qr.shopify.com
http://r.ssl.shopify.com
http://r.ssl.shopify.com:8080
http://redirectify.shopify.com
http://redirectify.shopify.com:2082
http://redirectify.shopify.com:2086
http://redirectify.shopify.com:8080
http://redirectify.shopify.com:8880
http://remember-me.shopify.com
http://reportcenter.shopify.com
http://reports-dashboard.shopify.com
http://reports.shopify.com
http://resilient.shopify.com
http://retail-partners.shopify.com
http://rndsummit.shopify.com
http://rndsummit.shopify.com:2052
http://rndsummit.shopify.com:2082
http://rndsummit.shopify.com:2086
http://rndsummit.shopify.com:8080
http://rndsummit.shopify.com:8880
http://ru.shopify.com
http://s.ssl.shopify.com
http://s.ssl.shopify.com:8080
http://sanfrancisco.shopify.com
http://sanfrancisco.shopify.com:2082
http://sanfrancisco.shopify.com:2086
http://sanfrancisco.shopify.com:2095
http://sanfrancisco.shopify.com:8080
http://sanfrancisco.shopify.com:8880
http://search.shopify.com
http://services.shopify.com
http://sessions.shopify.com
http://shopclass.shopify.com
http://shopify.com
http://sites.shopify.com
http://sizes-curves.shopify.com
http://sizes-curves.shopify.com:8080
http://sl.shopify.com
http://sl2.shopify.com
http://smiley.shopify.com
http://sourcing-admin.shopify.com
http://sourcing-core.shopify.com
http://sourcing-supplier.shopify.com
http://sourcing.shopify.com
http://static.shopify.com
http://static0.shopify.com
http://static1.shopify.com
http://static2.shopify.com
http://static3.shopify.com
http://static4.shopify.com
http://status.shopify.com
http://stockroom.shopify.com
http://store.shopify.com
http://storybook.polaris.shopify.com
http://storybook.polaris.shopify.com:8080
http://support.shopify.com
http://support.shopify.com:2082
http://support.shopify.com:8080
http://support.shopify.com:8880
http://supportapp.shopify.com
http://supportapp.shopify.com:2082
http://supportapp.shopify.com:8080
http://supportapp.shopify.com:8880
http://supporthiring.shopify.com
http://supporthiring.shopify.com:2082
http://supporthiring.shopify.com:2086
http://supporthiring.shopify.com:2095
http://supporthiring.shopify.com:8080
http://supporthiring.shopify.com:8880
http://talent.shopify.com
http://talent.shopify.com:2052
http://talent.shopify.com:2082
http://talent.shopify.com:2086
http://talent.shopify.com:8080
http://talent.shopify.com:8880
http://talkingshop.shopify.com
http://tashboard.shopify.com
http://tashboard.shopify.com:8080
http://themes.shopify.com
http://themes.shopify.com:2082
http://themes.shopify.com:8080
http://themes.shopify.com:8880
http://timber.shopify.com
http://timber.shopify.com:2052
http://timber.shopify.com:2082
http://timber.shopify.com:2086
http://timber.shopify.com:8080
http://timber.shopify.com:8880
http://unicorn.shopify.com
http://unionstation.shopify.com
http://unionstation.shopify.com:2052
http://unionstation.shopify.com:2082
http://unionstation.shopify.com:2086
http://unionstation.shopify.com:8080
http://unionstation.shopify.com:8880
http://unite-registration.shopify.com
http://unite-tickets.shopify.com
http://unite.shopify.com
http://unite2021.shopify.com
http://unitestore.shopify.com
http://unitestore.shopify.com:8080
http://upcoming-6f0o.shopify.com
http://upcoming-6f0o.shopify.com:2086
http://upcoming-6f0o.shopify.com:8880
http://upcoming-fxlv.shopify.com
http://upcoming-iu6v.shopify.com
http://upcoming-iu6v.shopify.com:2086
http://upcoming-iu6v.shopify.com:8880
http://upcoming-pi60.shopify.com
http://upcoming-pi60.shopify.com:2082
http://upcoming-pi60.shopify.com:8080
http://upcoming-pi60.shopify.com:8880
http://upcoming-qyx0.shopify.com
http://upcoming-w1tq.shopify.com
http://upcoming-w1tq.shopify.com:2086
http://upcoming-w1tq.shopify.com:8880
http://upcoming-we84.shopify.com
http://upcoming-we84.shopify.com:2082
http://upcoming-we84.shopify.com:8080
http://upcoming-we84.shopify.com:8880
http://upcoming.shopify.com
http://upcoming10.shopify.com
http://upcoming11.shopify.com
http://upcoming12.shopify.com
http://upcoming13.shopify.com
http://upcoming14.shopify.com
http://upcoming15.shopify.com
http://upcoming16.shopify.com
http://upcoming17.shopify.com
http://upcoming18.shopify.com
http://upcoming19.shopify.com
http://upcoming2.shopify.com
http://upcoming20.shopify.com
http://upcoming21.shopify.com
http://upcoming22.shopify.com
http://upcoming23.shopify.com
http://upcoming24.shopify.com
http://upcoming25.shopify.com
http://upcoming3.shopify.com
http://upcoming4.shopify.com
http://upcoming5.shopify.com
http://upcoming6.shopify.com
http://upcoming7.shopify.com
http://upcoming8.shopify.com
http://upcoming9.shopify.com
http://uploads.github.shopify.com
http://ux.shopify.com
http://vault.shopify.com
http://videobin.embedsonlydonotuseplease.shopify.com
http://videomaker.shopify.com
http://vision.shopify.com
http://vision.shopify.com:2082
http://vision.shopify.com:2086
http://vision.shopify.com:8080
http://vision.shopify.com:8880
http://webdisk.github.shopify.com
http://wholesale.shopify.com
http://wholesale.shopify.com:2082
http://wholesale.shopify.com:2086
http://wholesale.shopify.com:8880
http://wiki.shopify.com
http://win.shopify.com
http://win.shopify.com:2082
http://win.shopify.com:2086
http://win.shopify.com:8080
http://win.shopify.com:8880
http://wine-down-charms.shopify.com
http://wine-down-charms.shopify.com:8080
http://ww.shopify.com
http://ww.shopify.com:2082
http://ww.shopify.com:2086
http://ww.shopify.com:8080
http://ww.shopify.com:8880
http://www.burst.shopify.com
http://www.exchange.shopify.com
http://www.messybarefoot.shopify.com
http://www.messybarefoot.shopify.com:8080
http://www.shopify.com
http://www.shopify.com:2082
http://www.shopify.com:8080
http://www.shopify.com:8880
http://zh.shopify.com
http://zh.shopify.com:2082
http://zh.shopify.com:8080
http://zh.shopify.com:8880
https://180.shopify.com
https://180.shopify.com:8443
https://academy.shopify.com
https://academy.shopify.com:2083
https://academy.shopify.com:2087
https://academy.shopify.com:8443
https://acceleration.shopify.com
https://accounts.shopify.com
https://adaywithshopify.shopify.com
https://admin.shopify.com
https://adws.shopify.com
https://alpha-polaris.shopify.com
https://alpha.experiences.shopify.com
https://alpha.polaris.shopify.com
https://alumni.shopify.com
https://alumni.shopify.com:8443
https://amazon-ads.shopify.com
https://amazon-ads.shopify.com:2083
https://amazon-ads.shopify.com:2087
https://amazon-ads.shopify.com:8443
https://amazon.shopify.com
https://amazon.shopify.com:2083
https://amazon.shopify.com:2087
https://amazon.shopify.com:8443
https://analytics.shopify.com
https://api.github.shopify.com
https://api.shopify.com
https://apm.shopify.com
https://apm.shopify.com:8443
https://app-store-staging.shopify.com
https://app-store-staging3.shopify.com
https://app.shopify.com
https://app.shopify.com:8443
https://apps.shopify.com
https://apps.shopify.com:8443
https://auth.data.shopify.com
https://b.ssl.shopify.com
https://b.ssl.shopify.com:8443
https://babb-academy.shopify.com
https://babb-academy.shopify.com:2083
https://babb-academy.shopify.com:2087
https://babb-academy.shopify.com:8443
https://bcs.shopify.com
https://bcs.shopify.com:2053
https://bcs.shopify.com:2083
https://bcs.shopify.com:2087
https://bcs.shopify.com:8443
https://beamishbeverages.shopify.com
https://beamishbeverages.shopify.com:8443
https://beastmodeabusiness.shopify.com
https://beastmodeabusiness.shopify.com:8443
https://beta.help.shopify.com
https://beyondthebuild.shopify.com
https://beyondthebuild.shopify.com:2083
https://beyondthebuild.shopify.com:2087
https://beyondthebuild.shopify.com:8443
https://blog.shopify.com
https://brochure.shopify.com
https://brochure.shopify.com:2053
https://brochure.shopify.com:2083
https://brochure.shopify.com:2087
https://brochure.shopify.com:8443
https://burst.shopify.com
https://c.email.plus.shopify.com
https://c.ssl.shopify.com
https://c.ssl.shopify.com:8443
https://canada.analytics.shopify.com
https://cardreader.shopify.com
https://careers.shopify.com
https://careers.shopify.com:2053
https://careers.shopify.com:2083
https://careers.shopify.com:2087
https://careers.shopify.com:8443
https://cdn2.shopify.com
https://changelog.shopify.com
https://chat.shopify.com
https://checkout.shopify.com
https://checkout.shopify.com:8443
https://cla.shopify.com
https://classifieds.shopify.com
https://cname.shopify.com
https://cname.shopify.com:8443
https://codeload.github.shopify.com
https://commerceawards.shopify.com
https://commerceawards.shopify.com:2053
https://commerceawards.shopify.com:2083
https://commerceawards.shopify.com:2087
https://commerceawards.shopify.com:8443
https://commerceplus.shopify.com
https://commerceplus.shopify.com:2083
https://commerceplus.shopify.com:2087
https://commerceplus.shopify.com:8443
https://community-stage.shopify.com
https://compass.shopify.com
https://consultant-launch.shopify.com
https://consultant-launch.shopify.com:8443
https://contest.shopify.com
https://contest.shopify.com:2083
https://contest.shopify.com:2087
https://contest.shopify.com:8443
https://contracts.shopify.com
https://core.shopify.com
https://core.shopify.com:8443
https://counter.shopify.com
https://counter.shopify.com:2053
https://counter.shopify.com:2083
https://counter.shopify.com:2087
https://counter.shopify.com:8443
https://courier.shopify.com
https://cpanel.github.shopify.com
https://crafted.shopify.com
https://crafted.shopify.com:8443
https://customer.login.shopify.com
https://customer.login.shopify.com:2083
https://customer.login.shopify.com:2087
https://customer.login.shopify.com:8443
https://d.ssl.shopify.com
https://d.ssl.shopify.com:8443
https://data.shopify.com
https://datastories-staging.shopify.com
https://datastories.shopify.com
https://denver.shopify.com
https://dev.shopify.com
https://developer.shopify.com
https://developer.shopify.com:2083
https://developer.shopify.com:2087
https://developer.shopify.com:8443
https://developers.shopify.com
https://devs.shopify.com
https://dksonlineshoppe.shopify.com
https://dksonlineshoppe.shopify.com:8443
https://docs.shopify.com
https://e.ssl.shopify.com
https://e.ssl.shopify.com:8443
https://ecommerce.shopify.com
https://egress-ips.shopify.com
https://engineering.shopify.com
https://enterprise.plus.shopify.com
https://es.shopify.com
https://es.shopify.com:2083
https://es.shopify.com:2087
https://es.shopify.com:8443
https://events.shopify.com
https://everest-staging1.shopify.com
https://everest-staging1.shopify.com:2083
https://everest-staging1.shopify.com:2087
https://everest-staging1.shopify.com:8443
https://exchange-help.shopify.com
https://exchange.shopify.com
https://experiments.shopify.com
https://expert.shopify.com
https://expert.shopify.com:2083
https://expert.shopify.com:2087
https://expert.shopify.com:8443
https://experts.shopify.com
https://experts.shopify.com:8443
https://f.ssl.shopify.com
https://f.ssl.shopify.com:8443
https://facebook.shopify.com
https://facebook.shopify.com:2053
https://facebook.shopify.com:2083
https://facebook.shopify.com:2087
https://facebook.shopify.com:8443
https://forums.shopify.com
https://fr.shopify.com
https://fr.shopify.com:2083
https://fr.shopify.com:2087
https://fr.shopify.com:8443
https://fund.shopify.com
https://fund.shopify.com:2083
https://fund.shopify.com:2087
https://fund.shopify.com:8443
https://g.ssl.shopify.com
https://g.ssl.shopify.com:8443
https://gap.shopify.com
https://gap.shopify.com:8443
https://gauntlet.shopify.com
https://gauntlet.shopify.com:8443
https://growthcenter.shopify.com
https://h.ssl.shopify.com
https://h.ssl.shopify.com:8443
https://hardware.shopify.com
https://hardware.shopify.com:8443
https://hatchful.shopify.com
https://hatchful.shopify.com:8443
https://help.shopify.com
https://hi.shopify.com
https://hi.shopify.com:2083
https://hi.shopify.com:2087
https://hi.shopify.com:8443
https://i.ssl.shopify.com
https://i.ssl.shopify.com:8443
https://in.shopify.com
https://inbox.shopify.com
https://inbox.shopify.com:8443
https://incoming.shopify.com
https://incoming.shopify.com:2083
https://incoming.shopify.com:2087
https://incoming.shopify.com:8443
https://inspiringindependents.shopify.com
https://intern-launch.shopify.com
https://intern-launch.shopify.com:8443
https://investor.shopify.com
https://investor.shopify.com:2053
https://investor.shopify.com:2083
https://investor.shopify.com:2087
https://investor.shopify.com:8443
https://invoices.shopify.com
https://ipad-pos.shopify.com
https://ipad-pos.shopify.com:2083
https://ipad-pos.shopify.com:2087
https://ipad-pos.shopify.com:8443
https://ir.shopify.com
https://ir.shopify.com:2053
https://ir.shopify.com:2083
https://ir.shopify.com:2087
https://ir.shopify.com:8443
https://it.shopify.com
https://it.shopify.com:2083
https://it.shopify.com:2087
https://it.shopify.com:8443
https://j.ssl.shopify.com
https://j.ssl.shopify.com:8443
https://k.ssl.shopify.com
https://k.ssl.shopify.com:8443
https://kerwin.shopify.com
https://l.ssl.shopify.com
https://l.ssl.shopify.com:8443
https://la.shopify.com
https://la.shopify.com:8443
https://learn.shopify.com
https://legacy.polaris.shopify.com
https://legal.shopify.com
https://localabroad.shopify.com
https://localabroad.shopify.com:8443
https://login.community-stage.shopify.com
https://losangeles.shopify.com
https://m.shopify.com
https://m.shopify.com:2053
https://m.shopify.com:2083
https://m.shopify.com:2087
https://m.shopify.com:8443
https://m.ssl.shopify.com
https://m.ssl.shopify.com:8443
https://magazine.shopify.com
https://magazine.shopify.com:8443
https://market.shopify.com
https://market.shopify.com:2053
https://market.shopify.com:2083
https://market.shopify.com:2087
https://market.shopify.com:8443
https://marketing.preferences-staging.shopify.com
https://marketing.preferences.shopify.com
https://marketplace.shopify.com
https://marketplace.shopify.com:2053
https://marketplace.shopify.com:2083
https://marketplace.shopify.com:2087
https://marketplace.shopify.com:8443
https://meetup.shopify.com
https://meetups.shopify.com
https://meetups.shopify.com:2083
https://meetups.shopify.com:2087
https://meetups.shopify.com:8443
https://merch.shopify.com
https://merch.shopify.com:8443
https://merchandise.shopify.com
https://merchandise.shopify.com:8443
https://merchant-feedback.shopify.com
https://mobile.shopify.com
https://mystore.nikolas.shopify.com
https://mystore.nikolas.shopify.com:2053
https://mystore.nikolas.shopify.com:2083
https://mystore.nikolas.shopify.com:2087
https://mystore.nikolas.shopify.com:8443
https://n.ssl.shopify.com
https://n.ssl.shopify.com:8443
https://newhelp.shopify.com
https://news.shopify.com
https://newsroom.shopify.com
https://newsroom.shopify.com:2087
https://newsroom.shopify.com:8443
https://newyork.shopify.com
https://next.shopify.com
https://next.shopify.com:2053
https://next.shopify.com:2083
https://next.shopify.com:2087
https://next.shopify.com:8443
https://nicolle-closet-wardrobe.shopify.com
https://nicolle-closet-wardrobe.shopify.com:8443
https://notebooks-canada.data.shopify.com
https://notebooks.data.shopify.com
https://ny.shopify.com
https://o.ssl.shopify.com
https://o.ssl.shopify.com:8443
https://p.ssl.shopify.com
https://p.ssl.shopify.com:8443
https://partner.shopify.com
https://partners.shopify.com
https://pay.shopify.com
https://people-analytics-tableau.data.shopify.com
https://people-analytics.data.shopify.com
https://phoenix.shopify.com
https://photos.shopify.com
https://photos.shopify.com:8443
https://pin.shopify.com
https://pins.shopify.com
https://plus.shopify.com
https://plus.shopify.com:2053
https://plus.shopify.com:2083
https://plus.shopify.com:2087
https://plus.shopify.com:8443
https://plusinfo.shopify.com
https://pm.shopify.com
https://pm.shopify.com:2053
https://pm.shopify.com:2083
https://pm.shopify.com:2087
https://pm.shopify.com:8443
https://poi.shopify.com
https://poi.shopify.com:8443
https://pointofsale.shopify.com
https://polaris-icons.shopify.com
https://polaris-rails.shopify.com
https://polaris.shopify.com
https://portal.data.shopify.com
https://portal.shopify.com
https://portal.shopify.com:8443
https://portland.shopify.com
https://press.shopify.com
https://press.shopify.com:2053
https://press.shopify.com:2083
https://press.shopify.com:2087
https://press.shopify.com:8443
https://presto.data.shopify.com
https://projectruru.shopify.com
https://projectruru.shopify.com:8443
https://pt.shopify.com
https://pursuit.shopify.com
https://q.ssl.shopify.com
https://q.ssl.shopify.com:8443
https://qr.shopify.com
https://r.ssl.shopify.com
https://r.ssl.shopify.com:8443
https://redirectify.shopify.com
https://redirectify.shopify.com:2053
https://redirectify.shopify.com:2083
https://redirectify.shopify.com:2087
https://redirectify.shopify.com:8443
https://remember-me.shopify.com
https://reportcenter.shopify.com
https://reports-dashboard.shopify.com
https://reports.shopify.com
https://resilient.shopify.com
https://retail-partners.shopify.com
https://rndsummit.shopify.com
https://rndsummit.shopify.com:2083
https://rndsummit.shopify.com:2087
https://rndsummit.shopify.com:8443
https://ru.shopify.com
https://s.ssl.shopify.com
https://s.ssl.shopify.com:8443
https://sanfrancisco.shopify.com
https://sanfrancisco.shopify.com:2053
https://sanfrancisco.shopify.com:2083
https://sanfrancisco.shopify.com:2087
https://sanfrancisco.shopify.com:8443
https://search.shopify.com
https://services.shopify.com
https://sessions.shopify.com
https://shopclass.shopify.com
https://shopify.com
https://sizes-curves.shopify.com
https://sizes-curves.shopify.com:8443
https://sl.shopify.com
https://sl2.shopify.com
https://smiley.shopify.com
https://sourcing-admin.shopify.com
https://sourcing-core.shopify.com
https://sourcing-supplier.shopify.com
https://sourcing.shopify.com
https://static.shopify.com
https://static0.shopify.com
https://static1.shopify.com
https://static2.shopify.com
https://static3.shopify.com
https://static4.shopify.com
https://status.shopify.com
https://stockroom.shopify.com
https://store.shopify.com
https://storybook.polaris.shopify.com
https://support.shopify.com
https://support.shopify.com:2083
https://support.shopify.com:2087
https://support.shopify.com:8443
https://supportapp.shopify.com
https://supportapp.shopify.com:2083
https://supportapp.shopify.com:2087
https://supportapp.shopify.com:8443
https://supporthiring.shopify.com
https://supporthiring.shopify.com:2053
https://supporthiring.shopify.com:2083
https://supporthiring.shopify.com:2087
https://supporthiring.shopify.com:8443
https://tableau-staging.data.shopify.com
https://tableau.data.shopify.com
https://talent.shopify.com
https://talent.shopify.com:2083
https://talent.shopify.com:2087
https://talent.shopify.com:8443
https://talkingshop.shopify.com
https://tashboard.shopify.com
https://tashboard.shopify.com:8443
https://themes.shopify.com
https://themes.shopify.com:2083
https://themes.shopify.com:2087
https://themes.shopify.com:8443
https://timber.shopify.com
https://timber.shopify.com:2083
https://timber.shopify.com:2087
https://timber.shopify.com:8443
https://unicorn.shopify.com
https://unionstation.shopify.com
https://unionstation.shopify.com:2083
https://unionstation.shopify.com:2087
https://unionstation.shopify.com:8443
https://unite-registration.shopify.com
https://unite-tickets.shopify.com
https://unite.shopify.com
https://unite2021.shopify.com
https://unitestore.shopify.com
https://unitestore.shopify.com:8443
https://upcoming-6f0o.shopify.com
https://upcoming-6f0o.shopify.com:2083
https://upcoming-6f0o.shopify.com:2087
https://upcoming-6f0o.shopify.com:8443
https://upcoming-fxlv.shopify.com
https://upcoming-iu6v.shopify.com
https://upcoming-iu6v.shopify.com:2083
https://upcoming-iu6v.shopify.com:2087
https://upcoming-iu6v.shopify.com:8443
https://upcoming-pi60.shopify.com
https://upcoming-pi60.shopify.com:2083
https://upcoming-pi60.shopify.com:2087
https://upcoming-pi60.shopify.com:8443
https://upcoming-qyx0.shopify.com
https://upcoming-w1tq.shopify.com
https://upcoming-w1tq.shopify.com:2083
https://upcoming-w1tq.shopify.com:2087
https://upcoming-w1tq.shopify.com:8443
https://upcoming-we84.shopify.com
https://upcoming-we84.shopify.com:2083
https://upcoming-we84.shopify.com:2087
https://upcoming-we84.shopify.com:8443
https://upcoming.shopify.com
https://upcoming10.shopify.com
https://upcoming11.shopify.com
https://upcoming12.shopify.com
https://upcoming13.shopify.com
https://upcoming14.shopify.com
https://upcoming15.shopify.com
https://upcoming16.shopify.com
https://upcoming17.shopify.com
https://upcoming18.shopify.com
https://upcoming19.shopify.com
https://upcoming2.shopify.com
https://upcoming20.shopify.com
https://upcoming21.shopify.com
https://upcoming22.shopify.com
https://upcoming23.shopify.com
https://upcoming24.shopify.com
https://upcoming25.shopify.com
https://upcoming3.shopify.com
https://upcoming4.shopify.com
https://upcoming5.shopify.com
https://upcoming6.shopify.com
https://upcoming7.shopify.com
https://upcoming8.shopify.com
https://upcoming9.shopify.com
https://uploads.github.shopify.com
https://ux.shopify.com
https://vault.shopify.com
https://videobin.embedsonlydonotuseplease.shopify.com
https://videomaker.shopify.com
https://vision.shopify.com
https://vision.shopify.com:2053
https://vision.shopify.com:2083
https://vision.shopify.com:2087
https://vision.shopify.com:8443
https://vpnify.people-analytics-tableau.data.shopify.com
https://vpnify.tableau.data.shopify.com
https://webdisk.github.shopify.com
https://wholesale.shopify.com
https://wholesale.shopify.com:2053
https://wholesale.shopify.com:2083
https://wholesale.shopify.com:2087
https://wholesale.shopify.com:8443
https://wiki.shopify.com
https://win.shopify.com
https://win.shopify.com:2053
https://win.shopify.com:2083
https://win.shopify.com:2087
https://win.shopify.com:8443
https://wine-down-charms.shopify.com
https://wine-down-charms.shopify.com:8443
https://ww.shopify.com
https://ww.shopify.com:2053
https://ww.shopify.com:2083
https://ww.shopify.com:2087
https://ww.shopify.com:8443
https://www.burst.shopify.com
https://www.exchange.shopify.com
https://www.messybarefoot.shopify.com
https://www.messybarefoot.shopify.com:8443
https://www.shopify.com
https://www.shopify.com:2083
https://www.shopify.com:2087
https://www.shopify.com:8443
https://zh.shopify.com
https://zh.shopify.com:2083
https://zh.shopify.com:2087
https://zh.shopify.com:8443
