http://355777.skyscanner.net
http://9735476.sender.skyscanner.net
http://9735476.skyscanner.net
http://9735476.test.skyscanner.net
http://ablink.sender.skyscanner.net
http://ablink.test.skyscanner.net
http://amp.skyscanner.net
http://api.skyscanner.net
http://api2.skyscanner.net
http://autodiscover.skyscanner.net
http://bookings.skyscanner.net
http://business.skyscanner.net
http://carhirehelp.skyscanner.net
http://clicks.skyscanner.net
http://cn.skyscanner.net
http://conditions.travel.skyscanner.net
http://dk.skyscanner.net
http://e.skyscanner.net
http://email.travelpro.skyscanner.net
http://enterpriseenrollment.skyscanner.net
http://enterpriseregistration.skyscanner.net
http://facescanner.skyscanner.net
http://feedback.skyscanner.net
http://forum.skyscanner.net
http://ftp.b2b.skyscanner.net
http://futuretech.skyscanner.net
http://gateway.skyscanner.net
http://gr.skyscanner.net
http://gw-apac.skyscanner.net
http://gw-emea.skyscanner.net
http://gw-geo.skyscanner.net
http://gw51-verify.skyscanner.net
http://gw51.skyscanner.net
http://gw52.skyscanner.net
http://gw53.skyscanner.net
http://gw54.skyscanner.net
http://help.skyscanner.net
http://holidays.skyscanner.net
http://hotels.skyscanner.net
http://hotelshelp.skyscanner.net
http://kr.skyscanner.net
http://learning.skyscanner.net
http://lyncdiscover.skyscanner.net
http://maint.skyscanner.net
http://maint2.skyscanner.net
http://maint3.skyscanner.net
http://mini.skyscanner.net
http://mobile.ds.skyscanner.net
http://mobile.skyscanner.net
http://news.skyscanner.net
http://no.skyscanner.net
http://partnerportal.skyscanner.net
http://partners.api.skyscanner.net
http://partners.skyscanner.net
http://pgg13t.partners.skyscanner.net
http://pt.skyscanner.net
http://redirect.skyscanner.net
http://redirect2.skyscanner.net
http://ro.skyscanner.net
http://schedule-change.travel.skyscanner.net
http://se.skyscanner.net
http://secure-pay.travel.skyscanner.net
http://secure.skyscanner.net
http://securepay.skyscanner.net
http://skyscanner.net
http://slipstream.skyscanner.net
http://slipstream.skyscanner.net:4242
http://support.business.skyscanner.net
http://talent.skyscanner.net
http://tr.skyscanner.net
http://translate.skyscanner.net
http://travel.skyscanner.net
http://traveller-support.skyscanner.net
http://travelpro.skyscanner.net
http://url4728.skyscanner.net
http://vice01.skyscanner.net
http://vice02.skyscanner.net
http://vice03.skyscanner.net
http://vice04.skyscanner.net
http://vice05.skyscanner.net
http://w.skyscanner.net
http://widgets.skyscanner.net
http://ww.skyscanner.net
http://www.business.skyscanner.net
http://www.en.business.skyscanner.net
http://www.forum.skyscanner.net
http://www.futuretech.skyscanner.net
http://www.mailer.skyscanner.net
http://www.partners.skyscanner.net
http://www.partners.skyscanner.net:8080
http://www.skyscanner.net
http://www.travel.skyscanner.net
http://wwww.skyscanner.net
http://yj.partners.api.skyscanner.net
https://355777.skyscanner.net
https://9735476.sender.skyscanner.net
https://9735476.test.skyscanner.net
https://ablink.sender.skyscanner.net
https://ablink.test.skyscanner.net
https://adfs1.skyscanner.net
https://analytics.skyscanner.net
https://api.skyscanner.net
https://azuremfa.skyscanner.net
https://bookings.skyscanner.net
https://business.skyscanner.net
https://carhirehelp.skyscanner.net
https://clicks.skyscanner.net
https://cn.skyscanner.net
https://conditions.travel.skyscanner.net
https://dk.skyscanner.net
https://e.skyscanner.net
https://email.travelpro.skyscanner.net
https://enterpriseenrollment.skyscanner.net
https://enterpriseregistration.skyscanner.net
https://facescanner.skyscanner.net
https://forum.skyscanner.net
https://ftp.b2b.skyscanner.net
https://futuretech.skyscanner.net
https://gateway.skyscanner.net
https://gojira.skyscanner.net
https://gr.skyscanner.net
https://gw-apac.skyscanner.net
https://gw-emea.skyscanner.net
https://gw-geo.skyscanner.net
https://gw51-verify.skyscanner.net
https://gw51.skyscanner.net
https://gw52.skyscanner.net
https://gw53.skyscanner.net
https://gw54.skyscanner.net
https://help.skyscanner.net
https://holidays.skyscanner.net
https://hotels.skyscanner.net
https://hotelshelp.skyscanner.net
https://kr.skyscanner.net
https://lyncdiscover.skyscanner.net
https://maint.skyscanner.net
https://maint2.skyscanner.net
https://maint3.skyscanner.net
https://mini.skyscanner.net
https://mobile.ds.skyscanner.net
https://mobile.skyscanner.net
https://news.skyscanner.net
https://no.skyscanner.net
https://partnerportal.skyscanner.net
https://partners.api.skyscanner.net
https://partners.skyscanner.net
https://pgg13t.partners.skyscanner.net
https://pt.skyscanner.net
https://redirect.skyscanner.net
https://redirect2.skyscanner.net
https://ro.skyscanner.net
https://schedule-change.travel.skyscanner.net
https://se.skyscanner.net
https://secure-pay.travel.skyscanner.net
https://secure.skyscanner.net
https://securepay.skyscanner.net
https://sip.skyscanner.net
https://skyscanner.net
https://slipstream.skyscanner.net
https://support.business.skyscanner.net
https://talent.skyscanner.net
https://tr.skyscanner.net
https://translate.skyscanner.net
https://traveller-support.skyscanner.net
https://travelpro.skyscanner.net
https://vice01.skyscanner.net
https://vice02.skyscanner.net
https://vice03.skyscanner.net
https://vice04.skyscanner.net
https://vice05.skyscanner.net
https://w.skyscanner.net
https://widgets.skyscanner.net
https://ww.skyscanner.net
https://www.business.skyscanner.net
https://www.en.business.skyscanner.net
https://www.forum.skyscanner.net
https://www.futuretech.skyscanner.net
https://www.mailer.skyscanner.net
https://www.partners.skyscanner.net
https://www.partners.skyscanner.net:8443
https://www.skyscanner.net
https://wwww.skyscanner.net
https://yj.partners.api.skyscanner.net
