http://6055632.e.smartmockups.com
http://api.smartmockups.com
http://auth.smartmockups.com
http://beta.smartmockups.com
http://blog.smartmockups.com
http://dev-api.smartmockups.com
http://help.smartmockups.com
http://images-mockups-dev.smartmockups.com
http://images-mockups-private.smartmockups.com
http://images-mockups.smartmockups.com
http://images-public.smartmockups.com
http://l.e.smartmockups.com
http://smartmockups.com
http://staging-api.smartmockups.com
http://www.smartmockups.com
https://6055632.e.smartmockups.com
https://api.smartmockups.com
https://auth.smartmockups.com
https://beta.smartmockups.com
https://blog.smartmockups.com
https://dev-api.smartmockups.com
https://help.smartmockups.com
https://images-mockups-dev.smartmockups.com
https://images-mockups-private.smartmockups.com
https://images-mockups.smartmockups.com
https://images-public.smartmockups.com
https://l.e.smartmockups.com
https://smartmockups.com
https://staging-api.smartmockups.com
https://www.smartmockups.com
