http://abtesting.spotify.net
http://abtesting.spotify.net:8080
http://admin.staging.elastic.gew1.spotify.net
http://admin.staging.elastic.gew1.spotify.net:8080
http://adstudio-debugger.spotify.net
http://adstudio-debugger.spotify.net:8080
http://backstage.spotify.net
http://backstage.spotify.net:8080
http://backups-status.spotify.net
http://bandmanager-api.spotify.net
http://bandmanager-api.spotify.net:8080
http://bandmanager-dev-api.spotify.net
http://bandmanager-dev-api.spotify.net:8080
http://bettermau5-dev.spotify.net
http://bettermau5.spotify.net
http://booking.spotify.net
http://brand.spotify.net
http://brat-a-tat.spotify.net
http://brat-a-tat.spotify.net:8080
http://campaignadmin.spotify.net
http://campaignadmin.spotify.net:8080
http://canon.spotify.net
http://canon.spotify.net:8080
http://cases.feedzai-sandbox.spotify.net
http://cases.feedzai-sandbox.spotify.net:8080
http://cases.feedzai.spotify.net
http://cases.feedzai.spotify.net:8080
http://chordplayer.spotify.net
http://colors-hackweek.spotify.net
http://comet-cf.spotify.net
http://comet-cf.spotify.net:8080
http://community-stage.spotify.net
http://communityx.spotify.net
http://confluence-test.spotify.net
http://confluence-test.spotify.net:8080
http://confluence.spotify.net
http://confluence.spotify.net:8080
http://crema.spotify.net
http://crema.spotify.net:8080
http://cuepoints.spotify.net
http://cuepoints.spotify.net:8080
http://design.spotify.net
http://design.spotify.net:8080
http://dev.kubeflow-platform.spotify.net
http://dev.kubeflow-platform.spotify.net:8080
http://docportal.spotify.net
http://experimentation.spotify.net
http://experimentation.spotify.net:8080
http://facets-static.spotify.net
http://fleet-buildagents.spotify.net
http://fleet-buildagents.spotify.net:8080
http://fleet-endpoints.spotify.net
http://fleet-endpoints.spotify.net:8080
http://fleet.spotify.net
http://fleet.spotify.net:8080
http://foss.spotify.net
http://fuller.spotify.net
http://fuller.spotify.net:8080
http://globalprint.spotify.net
http://globalprint.spotify.net:8080
http://grafana.feedzai-sandbox.spotify.net
http://grafana.feedzai-sandbox.spotify.net:8080
http://grafana.feedzai.spotify.net
http://grafana.feedzai.spotify.net:8080
http://grafana.spotify.net
http://incident-status.spotify.net
http://inferno.spotify.net
http://infographictool.spotify.net
http://infographictool.spotify.net:8080
http://jira-dev.spotify.net
http://jira-dev.spotify.net:8080
http://jira-hackweek.spotify.net
http://jira-hackweek.spotify.net:8080
http://jira-stage.spotify.net
http://jira-stage.spotify.net:8080
http://jira-test.spotify.net
http://jira-test.spotify.net:8080
http://jira.spotify.net
http://jira.spotify.net:8080
http://jp-lbs-test.spotify.net
http://jp-lbs-test.spotify.net:8080
http://jp-lbs-test2.spotify.net
http://jp-lbs-test2.spotify.net:8080
http://librenms.spotify.net
http://librenms.spotify.net:8080
http://live.spotify.net
http://matchmaker.spotify.net
http://matchmaker.spotify.net:8080
http://missioncontrol.spotify.net
http://mrkt.spotify.net
http://mrkt.spotify.net:8080
http://native.spotify.net
http://old-personas.spotify.net
http://onetime.spotify.net
http://onetime.spotify.net:8080
http://pacman.spotify.net
http://pacman.spotify.net:8080
http://personas.spotify.net
http://playready-windows.spotify.net
http://playready-windows.spotify.net:8080
http://podcast-charts.spotify.net
http://podztools.spotify.net
http://premium-brand.spotify.net
http://prod.kubeflow-platform.spotify.net
http://prod.kubeflow-platform.spotify.net:8080
http://prometheus.feedzai-sandbox.spotify.net
http://prometheus.feedzai-sandbox.spotify.net:8080
http://prometheus.feedzai.spotify.net
http://prometheus.feedzai.spotify.net:8080
http://publish.spotify.net
http://publish.spotify.net:8080
http://pulse-ds.feedzai-sandbox.spotify.net
http://pulse-ds.feedzai-sandbox.spotify.net:8080
http://pulse-ds.feedzai.spotify.net
http://pulse-ds.feedzai.spotify.net:8080
http://pulse.feedzai-sandbox.spotify.net
http://pulse.feedzai-sandbox.spotify.net:8080
http://pulse.feedzai.spotify.net
http://pulse.feedzai.spotify.net:8080
http://python.spotify.net
http://real.divvycloud.spotify.net
http://real.divvycloud.spotify.net:8080
http://resetpassword-test.spotify.net
http://resetpassword-test.spotify.net:8080
http://resetpassword.spotify.net
http://resetpassword.spotify.net:8080
http://saml.feedzai-sandbox.spotify.net
http://saml.feedzai-sandbox.spotify.net:8080
http://saml.feedzai.spotify.net
http://saml.feedzai.spotify.net:8080
http://sense.spotify.net
http://sense.spotify.net:8080
http://sites.spotify.net
http://snow.spotify.net
http://sparta-admin-staging.spotify.net
http://sparta-admin-staging.spotify.net:8080
http://sparta-admin.spotify.net
http://sparta-admin.spotify.net:8080
http://spcloud-saver.spotify.net
http://spot.spotify.net
http://spot.spotify.net:8080
http://spotify.net
http://spotify.net:8080
http://sprinter.spotify.net
http://sso.spotify.net
http://sso.spotify.net:8080
http://stardust.spotify.net
http://stardust.spotify.net:8080
http://statements.spotify.net
http://statements.spotify.net:8080
http://status.spotify.net
http://streamon.spotify.net
http://sublime-platform.spotify.net
http://tableau-dashboards.spotify.net
http://tableau-dashboards.spotify.net:8080
http://tableau-dev.spotify.net
http://tableau-dev.spotify.net:8080
http://tag.spotify.net
http://tag.spotify.net:8080
http://tailor.spotify.net
http://tailor.spotify.net:8080
http://techdoc.spotify.net
http://techdoc.spotify.net:8080
http://telia.spotify.net
http://telia.spotify.net:8080
http://test.kubeflow-platform.spotify.net
http://test.kubeflow-platform.spotify.net:8080
http://thebandrehearsal.spotify.net
http://thebandreunion.spotify.net
http://tingle-console.spotify.net
http://tirage.spotify.net
http://tirage.spotify.net:8080
http://tycho.spotify.net
http://tycho.spotify.net:8080
http://uipath-prod.spotify.net
http://uipath-prod.spotify.net:8080
http://url4679.spotify.net
http://useradmin.spotify.net
http://useradmin.spotify.net:8080
http://useradmin2.spotify.net
http://useradmin2.spotify.net:8080
http://vantage.spotify.net
http://vantage.spotify.net:8080
http://vault.spotify.net
http://vault.spotify.net:8080
http://videos.spotify.net
http://walkme.spotify.net
http://walkme.spotify.net:8080
http://web-conf.spotify.net
http://web-infra.spotify.net
http://webgoldenpath-christinac-playlistss.spotify.net
http://webgoldenpath-christinac-playlistss.spotify.net:8080
http://webgoldenpath-emmai-playlist.spotify.net
http://webgoldenpath-emmai-playlist.spotify.net:8080
http://webgoldenpath-jamesl-playlist.spotify.net
http://webgoldenpath-jamesl-playlist.spotify.net:8080
http://webgoldenpath-lalela-playlist.spotify.net
http://webgoldenpath-lalela-playlist.spotify.net:8080
http://webgoldenpath-nickp-playlist.spotify.net
http://webgoldenpath-nickp-playlist.spotify.net:8080
http://webgoldenpath-playlist.spotify.net
http://webgoldenpath-playlist.spotify.net:8080
http://webgoldenpath-simonjohansson-playlist.spotify.net
http://webgoldenpath-simonjohansson-playlist.spotify.net:8080
http://women.spotify.net
http://women.spotify.net:8080
http://wordpress.spotify.net
http://wordpress.spotify.net:8080
http://workday.spotify.net
http://workday.spotify.net:8080
http://writing.spotify.net
http://writing.spotify.net:8080
http://www.brand.spotify.net
http://www.live.spotify.net
http://www.premium-brand.spotify.net
http://www.thebandrehearsal.spotify.net
http://yopass.spotify.net
http://yopass.spotify.net:8080
https://abtesting.spotify.net
https://admin.staging.elastic.gew1.spotify.net
https://adstudio-debugger.spotify.net
https://backstage.spotify.net
https://bandmanager-api.spotify.net
https://bandmanager-dev-api.spotify.net
https://bettermau5-dev.spotify.net
https://bettermau5.spotify.net
https://booking.spotify.net
https://boost-lighthouse.spotify.net
https://brand.spotify.net
https://brat-a-tat.spotify.net
https://campaignadmin.spotify.net
https://canon.spotify.net
https://cases.feedzai-sandbox.spotify.net
https://cases.feedzai.spotify.net
https://chordplayer.spotify.net
https://clientvpn-beuw1.spotify.net
https://clientvpn-busc1.spotify.net
https://clientvpn-duo-beuw1.spotify.net
https://clientvpn-duo-busc1.spotify.net
https://clientvpn-sto.spotify.net
https://comet-cf.spotify.net
https://communityx.spotify.net
https://confluence-test.spotify.net
https://confluence.spotify.net
https://crema.spotify.net
https://cuepoints.spotify.net
https://design.spotify.net
https://dev.kubeflow-platform.spotify.net
https://docportal.spotify.net
https://experimentation.spotify.net
https://facets-static.spotify.net
https://fleet-buildagents.spotify.net
https://fleet-endpoints.spotify.net
https://fleet.spotify.net
https://foss.spotify.net
https://fuller.spotify.net
https://gearbox.spotify.net
https://globalprint.spotify.net
https://grafana.feedzai-sandbox.spotify.net
https://grafana.feedzai.spotify.net
https://grafana.spotify.net
https://incident-status.spotify.net
https://infographictool.spotify.net
https://jamfpro.spotify.net
https://jira-aws.spotify.net
https://jira-dev.spotify.net
https://jira-hackweek.spotify.net
https://jira-stage.spotify.net
https://jira-test.spotify.net
https://jira-uat.spotify.net
https://jira.spotify.net
https://jira.staging.spotify.net
https://jp-lbs-test.spotify.net
https://jp-lbs-test2.spotify.net
https://librenms.spotify.net
https://live.spotify.net
https://matchmaker.spotify.net
https://missioncontrol.spotify.net
https://mrkt.spotify.net
https://old-personas.spotify.net
https://onetime.spotify.net
https://pacman.spotify.net
https://personas.spotify.net
https://playready-windows.spotify.net
https://podcast-charts.spotify.net
https://podztools.spotify.net
https://premium-brand.spotify.net
https://prod.kubeflow-platform.spotify.net
https://prometheus.feedzai-sandbox.spotify.net
https://prometheus.feedzai.spotify.net
https://publish.spotify.net
https://pulse-ds.feedzai-sandbox.spotify.net
https://pulse-ds.feedzai.spotify.net
https://pulse.feedzai-sandbox.spotify.net
https://pulse.feedzai.spotify.net
https://real.divvycloud.spotify.net
https://resetpassword-test.spotify.net
https://resetpassword.spotify.net
https://saml.feedzai-sandbox.spotify.net
https://saml.feedzai.spotify.net
https://sense.spotify.net
https://sites.spotify.net
https://snow.spotify.net
https://sparta-admin-staging.spotify.net
https://sparta-admin.spotify.net
https://spot.spotify.net
https://spotify.net
https://sprinter.spotify.net
https://sso.spotify.net
https://stardust.spotify.net
https://statements.spotify.net
https://status.spotify.net
https://streamon.spotify.net
https://sublime-platform.spotify.net
https://tableau-dashboards.spotify.net
https://tableau-dev.spotify.net
https://tag.spotify.net
https://tailor.spotify.net
https://techdoc.spotify.net
https://telia.spotify.net
https://test.kubeflow-platform.spotify.net
https://thebandrehearsal.spotify.net
https://thebandreunion.spotify.net
https://tingle-console.spotify.net
https://tirage.spotify.net
https://tycho.spotify.net
https://uipath-prod.spotify.net
https://url4679.spotify.net
https://useradmin.spotify.net
https://useradmin2.spotify.net
https://vantage.spotify.net
https://videos.spotify.net
https://vpn-partner01.spotify.net
https://vpn-test.spotify.net
https://vpn.spotify.net
https://walkme.spotify.net
https://web-infra.spotify.net
https://webgoldenpath-christinac-playlistss.spotify.net
https://webgoldenpath-emmai-playlist.spotify.net
https://webgoldenpath-jamesl-playlist.spotify.net
https://webgoldenpath-lalela-playlist.spotify.net
https://webgoldenpath-nickp-playlist.spotify.net
https://webgoldenpath-playlist.spotify.net
https://webgoldenpath-simonjohansson-playlist.spotify.net
https://women.spotify.net
https://wordpress.spotify.net
https://workday.spotify.net
https://writing.spotify.net
https://www.brand.spotify.net
https://www.live.spotify.net
https://www.premium-brand.spotify.net
https://www.thebandrehearsal.spotify.net
https://yopass.spotify.net
