http://128186363643e3o.xn--80aswg.xn--80aadem8adnnc1b3iwa.xn--p1ai.test.sqills.com
http://admin.eurostar-dev-test.cloud.sqills.com
http://admin.eurostar-uat-acc.cloud.sqills.com
http://admin.ouigo-acc.sqills.com
http://admin.test.sqills.com
http://alt-booking.ouigo-acc.sqills.com
http://antivirus.izy-acc.cloud.sqills.com
http://api.izy-prod.cloud.sqills.com
http://api.ouibus-prod.cloud.sqills.com
http://api.ouibus-prod.sqills.com
http://api.ouigo-acc.cloud.sqills.com
http://api.ouigo-acc.sqills.com
http://api.ouigo-prod.cloud.sqills.com
http://api.ouigo-prod.sqills.com
http://arriva-aap.mock.test.sqills.com
http://arriva-e-tickets.rest-mock.test.sqills.com
http://arriva-preference-registration.accept.sqills.com
http://arriva-xc-website.rest-mock.test.sqills.com
http://backoffice.izy-prod.cloud.sqills.com
http://backoffice.ouibus.prod.sqills.com
http://backoffice.ouigo-acc.sqills.com
http://backoffice.ouigo-prod.sqills.com
http://backoffice.test.sqills.com
http://bitbucket-ssh.sqills.com
http://bitbucket.sqills.com
http://booking-fargate.ouigo-acc.cloud.sqills.com
http://booking-vanilla.ouigo-acc.sqills.com
http://booking-vpn.ouigo-prod.cloud.sqills.com
http://booking.blablabus-prod.cloud.sqills.com
http://booking.izy-acc.cloud.sqills.com
http://booking.izy-prod.cloud.sqills.com
http://booking.juniorcie-prod.cloud.sqills.com
http://booking.ouibus-acc.cloud.sqills.com
http://booking.ouibus-prod.cloud.sqills.com
http://booking.ouibus-prod.sqills.com
http://booking.ouigo-acc.cloud.sqills.com
http://booking.ouigo-b-acc.cloud.sqills.com
http://booking.ouigo-preprod-acc.cloud.sqills.com
http://booking.ouigo-prod.cloud.sqills.com
http://booking.ouigo-prod.sqills.com
http://booking.ouigo-training-test.cloud.sqills.com
http://booking.shared.ouigo-acc.cloud.sqills.com
http://booking.sqills-integration-dev-test.cloud.sqills.com
http://booking.worldpay-mock.ouigo-preprod-acc.cloud.sqills.com
http://booking2.ouigo-acc.cloud.sqills.com
http://booking2.ouigo-b-acc.cloud.sqills.com
http://booking2.ouigo-training-test.cloud.sqills.com
http://ccommodation.accept.sqills.com
http://cnptia.r55.cf3.test.sqills.com
http://confluence.sqills.com
http://currencyofprogress.xn--80aswg.xn--80aadem8adnnc1b3iwa.xn--p1ai.test.sqills.com
http://cvs.test.sqills.com
http://d-cobs.prod.sqills.com
http://d3.c5.b7.a1.top.xn--80aswg.xn--80aadem8adnnc1b3iwa.xn--p1ai.test.sqills.com
http://dashboard.booking.ouigo-b-acc.cloud.sqills.com
http://dummy.izy-prod.cloud.sqills.com
http://dummy.ouibus-prod.cloud.sqills.com
http://dummy.ouigo-prod.cloud.sqills.com
http://eticket-arriva-c.test.sqills.com
http://eticket-arriva.accept.sqills.com
http://eticket-arriva.test.sqills.com
http://eticket-assist-arriva.test.sqills.com
http://ext-134.vdc.sqills.com
http://ext-135.vdc.sqills.com
http://ext-137.vdc.sqills.com
http://ext-138.vdc.sqills.com
http://ext-140.vdc.sqills.com
http://ext-143.vdc.sqills.com
http://ext-155.vdc.sqills.com
http://ext-158.vdc.sqills.com
http://greuling.r55.cf3.test.sqills.com
http://guard.sqills.com
http://heiset.r55.cf3.test.sqills.com
http://hkx-online.accept.sqills.com
http://hotink.r55.cf3.test.sqills.com
http://ingress-booking.ouibus-acc.cloud.sqills.com
http://jenkins.sqills.com
http://k8s-prdbooking.ouigo-preprod-acc.cloud.sqills.com
http://m.test.sqills.com
http://mafi.r55.cf3.test.sqills.com
http://maps.izy-prod.cloud.sqills.com
http://maps.ouigo-acc.sqills.com
http://mixx-backend.test.sqills.com
http://mocks.accept.sqills.com
http://msm-booking.accept.sqills.com
http://mta-sts.sqills.com
http://nessus.sqills.com
http://ocebo-api.test.sqills.com
http://ouibus-backoffice.test.sqills.com
http://ouibus-booking.test.sqills.com
http://ovidius-gvb.prod.sqills.com
http://ovidius-gvb.test.sqills.com
http://ovidius-htm.accept.sqills.com
http://ovidius-htm.prod.sqills.com
http://ovidius-htm.test.sqills.com
http://packages.sqills.com
http://payment.ouigo-acc.sqills.com
http://paypal-community.com.r55.cf3.test.sqills.com
http://prod-ui-los-sync1services.r55.cf3.test.sqills.com
http://proxy-22.ty4.r55.cf3.test.sqills.com
http://pure-energie.prod.sqills.com
http://qbuzz.accept.sqills.com
http://queenslandrail-api.test.sqills.com
http://queenslandrail-backoffice.test.sqills.com
http://queenslandrail-booking.test.sqills.com
http://s3-docs.sqills.com
http://s3-portal.ouibus-prod.cloud.sqills.com
http://s3-portal.ouibus-prod.sqills.com
http://s3-portal.ouigo-acc.sqills.com
http://s3a-backoffice.test.sqills.com
http://s3p-amplifier.ouigo-acc.sqills.com
http://s3p-care.ouigo-acc.sqills.com
http://s3p-cgi.ter-hno-prod.cloud.sqills.com
http://s3p-core.ouigo-acc.sqills.com
http://s3p-dashboard.cloud.sqills.com
http://s3p-jdarpo.ouigo-acc.sqills.com
http://s3p-jenkins.ouigo-acc.sqills.com
http://s3p-monitoring.cloud.sqills.com
http://s3p-orientation.ouigo-acc.sqills.com
http://s3p-sherman-test.cloud.sqills.com
http://s3p-ssim.ouigo-acc.sqills.com
http://s3passenger-backoffice.test.sqills.com
http://sanc.r55.cf3.test.sqills.com
http://satis.sqills.com
http://sni167749.r55.cf3.test.sqills.com
http://sni21411.r55.cf3.test.sqills.com
http://sni230758.r55.cf3.test.sqills.com
http://sni46139.r55.cf3.test.sqills.com
http://sonar.cloud.sqills.com
http://sonar.sqills.com
http://sonarqube.cloud.sqills.com
http://sono3pb7w7.execute-api.ap-southeast-1.r55.cf3.test.sqills.com
http://sqills.com
http://ssim.ouigo-acc.sqills.com
http://stash.sqills.com
http://statics.sqills.com
http://syntus.accept.sqills.com
http://syntus.test.sqills.com
http://template.izy-prod.cloud.sqills.com
http://template.ouigo-acc.sqills.com
http://tesowebsite.accept.sqills.com
http://ticket.izy-prod.cloud.sqills.com
http://ticket.ouigo-acc.sqills.com
http://todayisnew.eurostar-uat-acc.cloud.sqills.com
http://tutoriaisreckless.r55.cf3.test.sqills.com
http://tw.ss.r55.cf3.test.sqills.com
http://upgrade-xbooker.accept.sqills.com
http://ventes.ouigo-acc.cloud.sqills.com
http://vikispeaks.r55.cf3.test.sqills.com
http://webservice-proxy.prod.sqills.com
http://webshop-arriva-hotfix.test.sqills.com
http://webshop-arriva.accept.sqills.com
http://webshop-arriva.test.sqills.com
http://webshop-gvb.accept.sqills.com
http://webshop-gvb.test.sqills.com
http://webshop-htm.prod.sqills.com
http://webshop-qbuzz.prod.sqills.com
http://webshop-syntus.accept.sqills.com
http://websqills-team-rip-qbuzz.prod.sqills.com
http://worldpay-mock.cloud.sqills.com
http://wshom.r55.cf3.test.sqills.com
http://www.555.r55.cf3.test.sqills.com
http://www.baliseyh.r55.cf3.test.sqills.com
http://www.booking.izy-acc.cloud.sqills.com
http://www.d-cobs.prod.sqills.com
http://www.milesellis.r55.cf3.test.sqills.com
http://www.sqills.com
http://xbooker-s3accommodation.accept.sqills.com
http://zabbix-api.sqills.com
http://zabbix.sqills.com
http://zakelijk-arriva.accept.sqills.com
https://128186363643e3o.xn--80aswg.xn--80aadem8adnnc1b3iwa.xn--p1ai.test.sqills.com
https://admin.eurostar-dev-test.cloud.sqills.com
https://admin.eurostar-uat-acc.cloud.sqills.com
https://admin.ouigo-acc.sqills.com
https://admin.test.sqills.com
https://alt-booking.ouigo-acc.sqills.com
https://antivirus.izy-acc.cloud.sqills.com
https://api.izy-prod.cloud.sqills.com
https://api.ouibus-prod.cloud.sqills.com
https://api.ouibus-prod.sqills.com
https://api.ouigo-acc.cloud.sqills.com
https://api.ouigo-acc.sqills.com
https://api.ouigo-prod.cloud.sqills.com
https://api.ouigo-prod.sqills.com
https://arriva-aap.mock.test.sqills.com
https://arriva-e-tickets.rest-mock.test.sqills.com
https://arriva-preference-registration.accept.sqills.com
https://arriva-xc-website.rest-mock.test.sqills.com
https://backoffice.izy-prod.cloud.sqills.com
https://backoffice.ouibus.prod.sqills.com
https://backoffice.ouigo-acc.sqills.com
https://backoffice.ouigo-prod.sqills.com
https://backoffice.test.sqills.com
https://bitbucket-ssh.sqills.com
https://bitbucket.cloud.sqills.com
https://bitbucket.sqills.com
https://booking-fargate.ouigo-acc.cloud.sqills.com
https://booking-vanilla.ouigo-acc.sqills.com
https://booking-vpn.ouigo-prod.cloud.sqills.com
https://booking.blablabus-prod.cloud.sqills.com
https://booking.juniorcie-prod.cloud.sqills.com
https://booking.ouibus-prod.cloud.sqills.com
https://booking.ouibus-prod.sqills.com
https://booking.ouigo-acc.cloud.sqills.com
https://booking.ouigo-b-acc.cloud.sqills.com
https://booking.ouigo-preprod-acc.cloud.sqills.com
https://booking.ouigo-prod.sqills.com
https://booking.ouigo-training-test.cloud.sqills.com
https://booking.shared.ouigo-acc.cloud.sqills.com
https://booking.sqills-integration-dev-test.cloud.sqills.com
https://booking.worldpay-mock.ouigo-preprod-acc.cloud.sqills.com
https://booking2.ouigo-acc.cloud.sqills.com
https://booking2.ouigo-b-acc.cloud.sqills.com
https://booking2.ouigo-training-test.cloud.sqills.com
https://ccommodation.accept.sqills.com
https://cnptia.r55.cf3.test.sqills.com
https://confluence-archive.sqills.com
https://confluence.sqills.com
https://currencyofprogress.xn--80aswg.xn--80aadem8adnnc1b3iwa.xn--p1ai.test.sqills.com
https://cvs.test.sqills.com
https://d-cobs.prod.sqills.com
https://d3.c5.b7.a1.top.xn--80aswg.xn--80aadem8adnnc1b3iwa.xn--p1ai.test.sqills.com
https://dashboard.booking.ouigo-b-acc.cloud.sqills.com
https://dummy.izy-prod.cloud.sqills.com
https://dummy.ouibus-prod.cloud.sqills.com
https://dummy.ouigo-prod.cloud.sqills.com
https://eticket-arriva-c.test.sqills.com
https://eticket-arriva.accept.sqills.com
https://eticket-arriva.test.sqills.com
https://eticket-assist-arriva.test.sqills.com
https://ext-134.vdc.sqills.com
https://ext-135.vdc.sqills.com
https://ext-137.vdc.sqills.com
https://ext-138.vdc.sqills.com
https://ext-140.vdc.sqills.com
https://ext-143.vdc.sqills.com
https://ext-155.vdc.sqills.com
https://ext-158.vdc.sqills.com
https://greuling.r55.cf3.test.sqills.com
https://guard.sqills.com
https://heiset.r55.cf3.test.sqills.com
https://hkx-online.accept.sqills.com
https://hotink.r55.cf3.test.sqills.com
https://ingress-booking.ouibus-acc.cloud.sqills.com
https://jenkins.sqills.com
https://jira-account-manager.cloud.sqills.com
https://k8s-prdbooking.ouigo-preprod-acc.cloud.sqills.com
https://keyhub.sqills.com
https://m.test.sqills.com
https://mafi.r55.cf3.test.sqills.com
https://maps.izy-prod.cloud.sqills.com
https://maps.ouigo-acc.sqills.com
https://mixx-backend.test.sqills.com
https://mocks.accept.sqills.com
https://msm-booking.accept.sqills.com
https://mta-sts.sqills.com
https://nessus.sqills.com
https://ocebo-api.test.sqills.com
https://ouibus-backoffice.test.sqills.com
https://ouibus-booking.test.sqills.com
https://ovidius-gvb.prod.sqills.com
https://ovidius-gvb.test.sqills.com
https://ovidius-htm.accept.sqills.com
https://ovidius-htm.prod.sqills.com
https://ovidius-htm.test.sqills.com
https://packages.sqills.com
https://payment.ouigo-acc.sqills.com
https://paypal-community.com.r55.cf3.test.sqills.com
https://prod-ui-los-sync1services.r55.cf3.test.sqills.com
https://proxy-22.ty4.r55.cf3.test.sqills.com
https://pure-energie.prod.sqills.com
https://qbuzz.accept.sqills.com
https://queenslandrail-api.test.sqills.com
https://queenslandrail-backoffice.test.sqills.com
https://queenslandrail-booking.test.sqills.com
https://s3-docs.sqills.com
https://s3-portal.ouibus-prod.cloud.sqills.com
https://s3-portal.ouibus-prod.sqills.com
https://s3-portal.ouigo-acc.sqills.com
https://s3a-backoffice.test.sqills.com
https://s3p-abc.izy-acc.cloud.sqills.com
https://s3p-abc.izy-prod.cloud.sqills.com
https://s3p-amplifier.ouigo-acc.sqills.com
https://s3p-care.ouigo-acc.sqills.com
https://s3p-cgi.ter-hno-dev-test.cloud.sqills.com
https://s3p-cgi.ter-hno-preprod-acc.cloud.sqills.com
https://s3p-cgi.ter-hno-prod.cloud.sqills.com
https://s3p-cgi.ter-hno-training-test.cloud.sqills.com
https://s3p-core.ouigo-acc.sqills.com
https://s3p-dashboard.cloud.sqills.com
https://s3p-jdarpo.ouigo-acc.sqills.com
https://s3p-jenkins.ouigo-acc.sqills.com
https://s3p-monitoring.cloud.sqills.com
https://s3p-orientation.ouigo-acc.sqills.com
https://s3p-osdm.cloud.sqills.com
https://s3p-sbsg.falbala-dev-test.cloud.sqills.com
https://s3p-sbsg.falbala-preprod-test.cloud.sqills.com
https://s3p-sbsg.ouigoespana-prod.cloud.sqills.com
https://s3p-ssim.ouigo-acc.sqills.com
https://s3passenger-backoffice.test.sqills.com
https://sanc.r55.cf3.test.sqills.com
https://satis.sqills.com
https://sni167749.r55.cf3.test.sqills.com
https://sni21411.r55.cf3.test.sqills.com
https://sni230758.r55.cf3.test.sqills.com
https://sni46139.r55.cf3.test.sqills.com
https://sonar.cloud.sqills.com
https://sonar.sqills.com
https://sonarqube.cloud.sqills.com
https://sono3pb7w7.execute-api.ap-southeast-1.r55.cf3.test.sqills.com
https://sqills.com
https://ssim.ouigo-acc.sqills.com
https://stash.sqills.com
https://statics.sqills.com
https://support.sqills.com
https://syntus.accept.sqills.com
https://syntus.test.sqills.com
https://template.izy-prod.cloud.sqills.com
https://template.ouigo-acc.sqills.com
https://tesowebsite.accept.sqills.com
https://ticket.izy-prod.cloud.sqills.com
https://ticket.ouigo-acc.sqills.com
https://todayisnew.eurostar-uat-acc.cloud.sqills.com
https://tutoriaisreckless.r55.cf3.test.sqills.com
https://tw.ss.r55.cf3.test.sqills.com
https://upgrade-xbooker.accept.sqills.com
https://ventes.ouigo-acc.cloud.sqills.com
https://vikispeaks.r55.cf3.test.sqills.com
https://webservice-proxy.prod.sqills.com
https://webshop-arriva-hotfix.test.sqills.com
https://webshop-arriva.accept.sqills.com
https://webshop-arriva.test.sqills.com
https://webshop-gvb.accept.sqills.com
https://webshop-gvb.test.sqills.com
https://webshop-htm.prod.sqills.com
https://webshop-qbuzz.prod.sqills.com
https://webshop-syntus.accept.sqills.com
https://websqills-team-rip-qbuzz.prod.sqills.com
https://worldpay-mock.cloud.sqills.com
https://wshom.r55.cf3.test.sqills.com
https://www.555.r55.cf3.test.sqills.com
https://www.baliseyh.r55.cf3.test.sqills.com
https://www.booking.izy-acc.cloud.sqills.com
https://www.d-cobs.prod.sqills.com
https://www.milesellis.r55.cf3.test.sqills.com
https://www.sqills.com
https://xbooker-s3accommodation.accept.sqills.com
https://zabbix-api.sqills.com
https://zabbix.sqills.com
https://zakelijk-arriva.accept.sqills.com
