http://account.squareup.com
http://api-au.squareup.com
http://api-global.iad1.squareup.com
http://api-global.squareup.com
http://api.iad1.squareup.com
http://api.sjc1.squareup.com
http://api.squareup.com
http://app.squareup.com
http://capital.squareup.com
http://careers.squareup.com
http://corner.squareup.com
http://data-platform.squareup.com
http://data-platform.squareup.com:8080
http://design.squareup.com
http://docs.connect.squareup.com
http://docs.squareup.com
http://email.map.squareup.com
http://email.vms.squareup.com
http://enterpriseenrollment.squareup.com
http://enterpriseregistration.squareup.com
http://help.p.sjc1.squareup.com
http://help.squareup.com
http://ht.squareup.com
http://identity-tokens.squareup.com
http://investors.squareup.com
http://is.squareup.com
http://localizer.squareup.com
http://mail.squareup.com
http://market.squareup.com
http://msoid.squareup.com
http://my.squareup.com
http://origin-careers.squareup.com
http://origin.squareup.com
http://privacy.squareup.com
http://profile.squareup.com
http://sdk.squareup.com
http://sdk.squareup.com:8080
http://spiffe-oidc.squareup.com
http://squareup.com
http://status.squareup.com
http://store.squareup.com
http://www.squareup.com
http://xmstest.squareup.com
https://account.squareup.com
https://api-au.squareup.com
https://api-global.iad1.squareup.com
https://api-global.squareup.com
https://api-jp.nrt1.squareup.com
https://api-jp.squareup.com
https://api.iad1.squareup.com
https://api.nrt1.squareup.com
https://api.sjc1.squareup.com
https://api.squareup.com
https://app.squareup.com
https://blog.squareup.com
https://capital.squareup.com
https://careers.squareup.com
https://connect.squareup.com
https://corner.squareup.com
https://design.squareup.com
https://developer.squareup.com
https://developers.squareup.com
https://docs.connect.squareup.com
https://email.map.squareup.com
https://email.vms.squareup.com
https://enterpriseenrollment.squareup.com
https://enterpriseregistration.squareup.com
https://explorer-gateway.squareup.com
https://fulfillment.squareup.com
https://help.p.sjc1.squareup.com
https://help.squareup.com
https://ht.squareup.com
https://identity-tokens.squareup.com
https://images.squareup.com
https://imagestest.squareup.com
https://investors.squareup.com
https://is.squareup.com
https://jobs.squareup.com
https://js.squareup.com
https://keygen.p.sjc1.squareup.com
https://keygen.p.squareup.com
https://keygen.squareup.com
https://localizer.squareup.com
https://market.squareup.com
https://msoid.squareup.com
https://my.squareup.com
https://non-disclosure.corp.squareup.com
https://origin-careers.squareup.com
https://origin.squareup.com
https://pci-connect.squareup.com
https://privacy.squareup.com
https://profile.squareup.com
https://regulator.squareup.com
https://sa.squareup.com
https://sc-connect.squareup.com
https://sdk.squareup.com
https://sentry.squareup.com
https://shuttle-ext.corp.squareup.com
https://shuttle.squareup.com
https://spiffe-oidc.squareup.com
https://squareup.com
https://status.squareup.com
https://vpn.apac.corp.squareup.com
https://vpn.apac.squareup.com
https://vpn.east.corp.squareup.com
https://vpn.east.squareup.com
https://vpn.iad1.squareup.com
https://vpn.nrt1.squareup.com
https://vpn.sjc1.squareup.com
https://vpn.west.corp.squareup.com
https://vpn.west.squareup.com
https://www.squareup.com
https://xmstest.squareup.com
