http://ads.superawesome.tv
http://ap-southeast-1-innersloth.api.kws.superawesome.tv
http://api.dashboard.superawesome.tv
http://api.staging.superawesome.tv
http://api.superawesome.tv
http://api2.superawesome.tv
http://apm.superawesome.tv
http://app-mattel-inc-parents.kws.superawesome.tv
http://app-niantic-parents.kws.superawesome.tv
http://auth.staging.superawesome.tv
http://auth.superawesome.tv
http://beta.ads.superawesome.tv
http://blog.superawesome.tv
http://broker.cloud.staging.superawesome.tv
http://broker.cloud.superawesome.tv
http://calendar.superawesome.tv
http://confluence.superawesome.tv
http://cpanel.staging.superawesome.tv
http://cpanelapi.staging.superawesome.tv
http://dashboard.superawesome.tv
http://developer.superawesome.tv
http://developers.superawesome.tv
http://devportal.kws.staging.superawesome.tv
http://doc.superawesome.tv
http://domains.innersloth.kws.superawesome.tv
http://domains.niantic.kws.superawesome.tv
http://epic-games.parents.kws.superawesome.tv
http://eu-west-1-ads.superawesome.tv
http://eu-west-1-innersloth.api.kws.superawesome.tv
http://eu-west-1-prog-filter.superawesome.tv
http://events-v2.studio.superawesome.tv
http://hackday.superawesome.tv
http://hello-world.superawesome.tv
http://hub.superawesome.tv
http://innersloth-cpanel.kws.superawesome.tv
http://innersloth.api.kws.superawesome.tv
http://innersloth.cpapi.kws.superawesome.tv
http://innersloth.events.kws.superawesome.tv
http://innersloth.kws.superawesome.tv
http://innersloth.parents.kws.superawesome.tv
http://innersloth.parentsapi.kws.superawesome.tv
http://innersloth.parentsapp.kws.superawesome.tv
http://innersloth.sso.kws.superawesome.tv
http://jira.superawesome.tv
http://ksiq.superawesome.tv
http://kws.superawesome.tv
http://kwsapi.staging.superawesome.tv
http://mail.superawesome.tv
http://mattel-inc-parents.kws.superawesome.tv
http://mattel-inc-parentsapi.kws.superawesome.tv
http://mattel-inc-sso.kws.superawesome.tv
http://mattel-inc.api.kws.superawesome.tv
http://metabase.superawesome.tv
http://mlp.staging.superawesome.tv
http://niantic-events.kws.superawesome.tv
http://niantic-parents.kws.superawesome.tv
http://niantic-parentsapi.kws.superawesome.tv
http://niantic-sso.kws.superawesome.tv
http://niantic.api.kws.superawesome.tv
http://niantic.cpapi.kws.superawesome.tv
http://niantic.parentsapp.kws.superawesome.tv
http://niantic.websockets.kws.superawesome.tv
http://parents.staging.superawesome.tv
http://parentsapi.staging.superawesome.tv
http://parentsapp.staging.superawesome.tv
http://placement-links.dashboard.superawesome.tv
http://preview-v2.staging.superawesome.tv
http://preview-v2.superawesome.tv
http://preview.superawesome.tv
http://prog-filter.superawesome.tv
http://prog-renderer.superawesome.tv
http://reports.dashboard.superawesome.tv
http://sa-mobile-sdk-advertiser-android.superawesome.tv
http://sa-mobile-sdk-advertiser-ios.superawesome.tv
http://sa-mobile-sdk-android.superawesome.tv
http://sa-mobile-sdk-ios.superawesome.tv
http://sa-unity-sdk.superawesome.tv
http://sift-callbacks.superawesome.tv
http://sso.staging.superawesome.tv
http://staging.superawesome.tv
http://studio.superawesome.tv
http://superawesome.tv
http://support.superawesome.tv
http://take2.api.kws.superawesome.tv
http://take2.cdn.kws.superawesome.tv
http://take2.cpapi.kws.superawesome.tv
http://take2.events.kws.superawesome.tv
http://take2.parents.kws.superawesome.tv
http://take2.parentsapi.kws.superawesome.tv
http://take2.parentsapp.kws.superawesome.tv
http://take2.sso.kws.superawesome.tv
http://us-east-1-ads.superawesome.tv
http://us-east-1-innersloth.api.kws.superawesome.tv
http://us-east-1.prog-filter.superawesome.tv
http://vault.superawesome.tv
http://words.superawesome.tv
http://www.superawesome.tv
https://ads.superawesome.tv
https://ap-southeast-1-innersloth.api.kws.superawesome.tv
https://api.dashboard.superawesome.tv
https://api.staging.superawesome.tv
https://api.superawesome.tv
https://api2.superawesome.tv
https://apm.superawesome.tv
https://app-mattel-inc-parents.kws.superawesome.tv
https://auth.staging.superawesome.tv
https://auth.superawesome.tv
https://auth.superawesome.tv:8200
https://blog.superawesome.tv
https://broker.cloud.staging.superawesome.tv
https://broker.cloud.superawesome.tv
https://confluence.superawesome.tv
https://cpanel.staging.superawesome.tv
https://cpanelapi.staging.superawesome.tv
https://dashboard.superawesome.tv
https://developers.superawesome.tv
https://doc.superawesome.tv
https://domains.innersloth.kws.superawesome.tv
https://domains.niantic.kws.superawesome.tv
https://epic-games.parents.kws.superawesome.tv
https://eu-west-1-ads.superawesome.tv
https://eu-west-1-innersloth.api.kws.superawesome.tv
https://eu-west-1-prog-filter.superawesome.tv
https://events-v2.studio.superawesome.tv
https://hackday.superawesome.tv
https://hello-world.superawesome.tv
https://hub.superawesome.tv
https://innersloth-cpanel.kws.superawesome.tv
https://innersloth.api.kws.superawesome.tv
https://innersloth.cpapi.kws.superawesome.tv
https://innersloth.events.kws.superawesome.tv
https://innersloth.kws.superawesome.tv
https://innersloth.parents.kws.superawesome.tv
https://innersloth.parentsapi.kws.superawesome.tv
https://innersloth.parentsapp.kws.superawesome.tv
https://innersloth.sso.kws.superawesome.tv
https://jira.superawesome.tv
https://ksiq.superawesome.tv
https://kws.superawesome.tv
https://kwsapi.staging.superawesome.tv
https://mattel-inc-parents.kws.superawesome.tv
https://mattel-inc-parentsapi.kws.superawesome.tv
https://mattel-inc-sso.kws.superawesome.tv
https://mattel-inc.api.kws.superawesome.tv
https://metabase.superawesome.tv
https://niantic-events.kws.superawesome.tv
https://niantic-parentsapi.kws.superawesome.tv
https://niantic-sso.kws.superawesome.tv
https://niantic.api.kws.superawesome.tv
https://niantic.cpapi.kws.superawesome.tv
https://niantic.parentsapp.kws.superawesome.tv
https://niantic.websockets.kws.superawesome.tv
https://parents.staging.superawesome.tv
https://parentsapi.staging.superawesome.tv
https://parentsapp.staging.superawesome.tv
https://placement-links.dashboard.superawesome.tv
https://preview-v2.staging.superawesome.tv
https://preview-v2.superawesome.tv
https://preview.superawesome.tv
https://prog-filter.superawesome.tv
https://prog-renderer.superawesome.tv
https://reports.dashboard.superawesome.tv
https://sa-mobile-sdk-advertiser-android.superawesome.tv
https://sa-mobile-sdk-advertiser-ios.superawesome.tv
https://sa-mobile-sdk-android.superawesome.tv
https://sa-mobile-sdk-ios.superawesome.tv
https://sa-unity-sdk.superawesome.tv
https://sift-callbacks.superawesome.tv
https://sso.staging.superawesome.tv
https://staging.superawesome.tv
https://studio.superawesome.tv
https://superawesome.tv
https://support.superawesome.tv
https://take2.api.kws.superawesome.tv
https://take2.cdn.kws.superawesome.tv
https://take2.cpapi.kws.superawesome.tv
https://take2.events.kws.superawesome.tv
https://take2.parents.kws.superawesome.tv
https://take2.parentsapi.kws.superawesome.tv
https://take2.parentsapp.kws.superawesome.tv
https://take2.sso.kws.superawesome.tv
https://us-east-1-ads.superawesome.tv
https://us-east-1-innersloth.api.kws.superawesome.tv
https://us-east-1.prog-filter.superawesome.tv
https://vault.superawesome.tv
https://vault.superawesome.tv:8200
https://words.superawesome.tv
https://words.superawesome.tv:8200
https://www.superawesome.tv
