http://20.api.swiftype.com
http://admin.swiftype.com
http://afiseazacos.svc.api.swiftype.com
http://ams03-api.swiftype.com
http://api-cdn-legacy.swiftype.com
http://api-cdn.swiftype.com
http://api-netflix.swiftype.com
http://api.swiftype.com
http://app.swiftype.com
http://assets.swiftype.com
http://blog.swiftype.com
http://calendar.swiftype.com
http://canary-api.swiftype.com
http://cc.swiftype.com
http://community.swiftype.com
http://dal12-api.swiftype.com
http://docs.swiftype.com
http://download.swiftype.com
http://download.swiftype.com:2052
http://download.swiftype.com:2053
http://download.swiftype.com:2082
http://download.swiftype.com:2083
http://download.swiftype.com:2086
http://download.swiftype.com:2087
http://download.swiftype.com:2096
http://download.swiftype.com:8080
http://download.swiftype.com:8443
http://download.swiftype.com:8880
http://email.swiftype.com
http://ent.swiftype.com
http://hooks.swiftype.com
http://host-1r8dhi.api.swiftype.com
http://host-2376rb.api.swiftype.com
http://host-2if2o9.api.swiftype.com
http://host-2rqacf.api.swiftype.com
http://host-2v4v9v.api.swiftype.com
http://host-43ixck.api.swiftype.com
http://host-4p5qtb.api.swiftype.com
http://host-7g25jk.api.swiftype.com
http://host-8yuugk.api.swiftype.com
http://host-9ffeki.api.swiftype.com
http://host-asdf.api.swiftype.com
http://host-drz8hg.api.swiftype.com
http://host-emqce4.api.swiftype.com
http://host-eucj8i.api.swiftype.com
http://host-gbimj9.api.swiftype.com
http://host-hfgyun.api.swiftype.com
http://host-jmrkp2.api.swiftype.com
http://host-m356fs.api.swiftype.com
http://host-nm1h2z.api.swiftype.com
http://host-vdgrw7.api.swiftype.com
http://host-vsn7xo.api.swiftype.com
http://host-xxxx.api.swiftype.com
http://host-xxxxx.api.swiftype.com
http://local.api.swiftype.com
http://lp.swiftype.com
http://lp2.swiftype.com
http://mail.swiftype.com
http://search-api-latency.swiftype.com
http://search-api-tls12.swiftype.com
http://search-api.swiftype.com
http://search-cdn.swiftype.com
http://search-tls12.swiftype.com
http://search.swiftype.com
http://static.swiftype.com
http://status.swiftype.com
http://www.api.swiftype.com
http://www.swiftype.com
https://20.api.swiftype.com
https://admin.swiftype.com
https://afiseazacos.svc.api.swiftype.com
https://ams03-api.swiftype.com
https://api-cdn-legacy.swiftype.com
https://api-cdn.swiftype.com
https://api-netflix.swiftype.com
https://api.swiftype.com
https://app.swiftype.com
https://assets.swiftype.com
https://blog.swiftype.com
https://canary-api.swiftype.com
https://cc.swiftype.com
https://community.swiftype.com
https://dal12-api.swiftype.com
https://download.swiftype.com
https://email.swiftype.com
https://ent.swiftype.com
https://hooks.swiftype.com
https://host-1r8dhi.api.swiftype.com
https://host-2376rb.api.swiftype.com
https://host-2if2o9.api.swiftype.com
https://host-2rqacf.api.swiftype.com
https://host-2v4v9v.api.swiftype.com
https://host-43ixck.api.swiftype.com
https://host-4p5qtb.api.swiftype.com
https://host-7g25jk.api.swiftype.com
https://host-8yuugk.api.swiftype.com
https://host-9ffeki.api.swiftype.com
https://host-asdf.api.swiftype.com
https://host-drz8hg.api.swiftype.com
https://host-emqce4.api.swiftype.com
https://host-eucj8i.api.swiftype.com
https://host-gbimj9.api.swiftype.com
https://host-hfgyun.api.swiftype.com
https://host-jmrkp2.api.swiftype.com
https://host-m356fs.api.swiftype.com
https://host-nm1h2z.api.swiftype.com
https://host-vdgrw7.api.swiftype.com
https://host-vsn7xo.api.swiftype.com
https://host-xxxx.api.swiftype.com
https://host-xxxxx.api.swiftype.com
https://local.api.swiftype.com
https://lp.swiftype.com
https://lp2.swiftype.com
https://search-api-latency.swiftype.com
https://search-api-tls12.swiftype.com
https://search-api.swiftype.com
https://search-cdn.swiftype.com
https://search-tls12.swiftype.com
https://search.swiftype.com
https://static.swiftype.com
https://status.swiftype.com
https://www.api.swiftype.com
https://www.swiftype.com
