http://api.login.techcrunch.com
http://apply.techcrunch.com
http://beta.techcrunch.com
http://develop.techcrunch.com
http://eu.techcrunch.com
http://fr.techcrunch.com
http://future.techcrunch.com
http://horizon.techcrunch.com
http://info.techcrunch.com
http://info.techcrunch.com:8443
http://jp-preprod.techcrunch.com
http://jp.techcrunch.com
http://link.techcrunch.com
http://login.techcrunch.com
http://m.jp.techcrunch.com
http://m.techcrunch.com
http://madison.techcrunch.com
http://mailing.techcrunch.com
http://mailing.techcrunch.com:8443
http://networking.techcrunch.com
http://oidc.techcrunch.com
http://on.techcrunch.com
http://pixel.techcrunch.com
http://podcast.techcrunch.com
http://preprod.techcrunch.com
http://ryot.techcrunch.com
http://search.techcrunch.com
http://social.techcrunch.com
http://stage.api.login.techcrunch.com
http://stage.login.techcrunch.com
http://stage.oidc.techcrunch.com
http://techcrunch.com
http://video.techcrunch.com
http://www.techcrunch.com
https://api.login.techcrunch.com
https://apply.techcrunch.com
https://beta.techcrunch.com
https://develop.techcrunch.com
https://eu.techcrunch.com
https://fr.techcrunch.com
https://future.techcrunch.com
https://guce.login.techcrunch.com
https://guce.login.techcrunch.com:4443
https://guce.techcrunch.com
https://guce.techcrunch.com:4443
https://horizon.techcrunch.com
https://info.techcrunch.com
https://jp-preprod.techcrunch.com
https://jp.techcrunch.com
https://link.techcrunch.com
https://login.techcrunch.com
https://m.jp.techcrunch.com
https://m.techcrunch.com
https://madison.techcrunch.com
https://mailing.techcrunch.com
https://networking.techcrunch.com
https://oidc.techcrunch.com
https://on.techcrunch.com
https://pixel.techcrunch.com
https://podcast.techcrunch.com
https://preprod.techcrunch.com
https://ryot.techcrunch.com
https://search.techcrunch.com
https://social.techcrunch.com
https://stage.api.login.techcrunch.com
https://stage.guce.login.techcrunch.com
https://stage.guce.login.techcrunch.com:4443
https://stage.guce.techcrunch.com
https://stage.guce.techcrunch.com:4443
https://stage.login.techcrunch.com
https://stage.oidc.techcrunch.com
https://techcrunch.com
https://trunk.guce.login.techcrunch.com
https://trunk.guce.login.techcrunch.com:4443
https://trunk.guce.techcrunch.com
https://trunk.guce.techcrunch.com:4443
https://video.techcrunch.com
https://www.techcrunch.com
