http://3.tesla.cn
http://apm.tesla.cn
http://app.tesla.cn
http://auth-stage.tesla.cn
http://auth.tesla.cn
http://autodiscover.tesla.cn
http://community.tesla.cn
http://digitalassets-shop.tesla.cn
http://enterpriseenrollment.tesla.cn
http://enterpriseregistration.tesla.cn
http://events.tesla.cn
http://inside.tesla.cn
http://insurance.tesla.cn
http://livestream.tesla.cn
http://livestreamapi.tesla.cn
http://location-services-prd.tesla.cn
http://lyncdiscover.tesla.cn
http://media-server-me.tesla.cn
http://mfs-supplier-eng.mo.tesla.cn
http://mfs-supplier.mo.tesla.cn
http://model3.tesla.cn
http://msoid.tesla.cn
http://nav-prd-maps.tesla.cn
http://notifytest.tesla.cn
http://onboarding-pre-delivery.tesla.cn
http://origin-static-assets.tesla.cn
http://ownership.tesla.cn
http://partners.tesla.cn
http://profile.tesla.cn
http://service.tesla.cn
http://servicegateway.tesla.cn
http://shop.tesla.cn
http://static-assets-pay.tesla.cn
http://static-assets.tesla.cn
http://tesla.cn
http://tutorial.vn.cloud.tesla.cn
http://wechat-stg.tesla.cn
http://wechat.tesla.cn
http://www.tesla.cn
https://apm.tesla.cn
https://app.tesla.cn
https://auth-stage.tesla.cn
https://auth.tesla.cn
https://community.tesla.cn
https://digitalassets-shop.tesla.cn
https://enterpriseenrollment.tesla.cn
https://enterpriseregistration.tesla.cn
https://events.tesla.cn
https://inside.tesla.cn
https://insurance.tesla.cn
https://livestream.tesla.cn
https://livestreamapi.tesla.cn
https://location-services-prd.tesla.cn
https://lyncdiscover.tesla.cn
https://media-server-me.tesla.cn
https://mfs-supplier-eng.mo.tesla.cn
https://mfs-supplier.mo.tesla.cn
https://model3.tesla.cn
https://msoid.tesla.cn
https://nav-prd-maps.tesla.cn
https://onboarding-pre-delivery.tesla.cn
https://ownership.tesla.cn
https://partners.tesla.cn
https://profile.tesla.cn
https://service.tesla.cn
https://servicegateway.tesla.cn
https://shop.tesla.cn
https://sip.tesla.cn
https://sso.tesla.cn
https://static-assets-pay.tesla.cn
https://static-assets.tesla.cn
https://tutorial.vn.cloud.tesla.cn
https://wechat-stg.tesla.cn
https://wechat.tesla.cn
https://www.tesla.cn
