http://3.tesla.com
http://SimpleOrigin.tesla.com
http://akamai-apigateway-automation.tesla.com
http://akamai-apigateway-bender.tesla.com
http://akamai-apigateway-captiveunderwriting.tesla.com
http://akamai-apigateway-crawford-prd.tesla.com
http://akamai-apigateway-crawford-stg.tesla.com
http://akamai-apigateway-deliveryopsapi.tesla.com
http://akamai-apigateway-deliveryopsapi1.tesla.com
http://akamai-apigateway-deliveryopsvitu.tesla.com
http://akamai-apigateway-dev-captiveunderwriting.tesla.com
http://akamai-apigateway-dev-warptmsapiserver-upgrade.tesla.com
http://akamai-apigateway-dev-warptmsapiserver.tesla.com
http://akamai-apigateway-ehs-stg.tesla.com
http://akamai-apigateway-ehs.tesla.com
http://akamai-apigateway-einvoicing.tesla.com
http://akamai-apigateway-finplat-prd.tesla.com
http://akamai-apigateway-finplat-stg.tesla.com
http://akamai-apigateway-finplateng-defi.tesla.com
http://akamai-apigateway-finplateng-routeone.tesla.com
http://akamai-apigateway-finplateng.tesla.com
http://akamai-apigateway-fta.tesla.com
http://akamai-apigateway-inventorytxnextapi.tesla.com
http://akamai-apigateway-logisticsratesapi.tesla.com
http://akamai-apigateway-materials.tesla.com
http://akamai-apigateway-mfs-gfb-stg.tesla.com
http://akamai-apigateway-mfs-supplier-uat.tesla.com
http://akamai-apigateway-mfs-supplier.tesla.com
http://akamai-apigateway-ops-warp3pl.tesla.com
http://akamai-apigateway-packaging2.tesla.com
http://akamai-apigateway-payment.tesla.com
http://akamai-apigateway-prd-global-deliveryopsapi.tesla.com
http://akamai-apigateway-procuretopayapi.tesla.com
http://akamai-apigateway-profileapi.tesla.com
http://akamai-apigateway-qa-captiveunderwriting.tesla.com
http://akamai-apigateway-scraprecycle.tesla.com
http://akamai-apigateway-shipmentplanningapi.tesla.com
http://akamai-apigateway-stg-bender.tesla.com
http://akamai-apigateway-stg-captiveunderwriting.tesla.com
http://akamai-apigateway-stg-deliveryopsapi.tesla.com
http://akamai-apigateway-stg-deliveryopsapi1.tesla.com
http://akamai-apigateway-stg-deliveryopsvitu.tesla.com
http://akamai-apigateway-stg-einvoicing.tesla.com
http://akamai-apigateway-stg-finplateng-defi.tesla.com
http://akamai-apigateway-stg-finplateng-routeone.tesla.com
http://akamai-apigateway-stg-finplateng.tesla.com
http://akamai-apigateway-stg-fta.tesla.com
http://akamai-apigateway-stg-global-deliveryopsapi.tesla.com
http://akamai-apigateway-stg-inventorytxnextapi.tesla.com
http://akamai-apigateway-stg-materials.tesla.com
http://akamai-apigateway-stg-ops-warp3pl.tesla.com
http://akamai-apigateway-stg-packaging2.tesla.com
http://akamai-apigateway-stg-payment.tesla.com
http://akamai-apigateway-stg-procuretopayapi.tesla.com
http://akamai-apigateway-stg-profileapi.tesla.com
http://akamai-apigateway-stg-sandbox-automation.tesla.com
http://akamai-apigateway-stg-shipmentplanningapi.tesla.com
http://akamai-apigateway-stg-teslarpsapi.tesla.com
http://akamai-apigateway-stg-translationpipeline.tesla.com
http://akamai-apigateway-stg-vendorpartsapi.tesla.com
http://akamai-apigateway-stg-warp3pl.tesla.com
http://akamai-apigateway-stg-warpassetapi.tesla.com
http://akamai-apigateway-stg-warpcxml.tesla.com
http://akamai-apigateway-stg-warpdashboardapi.tesla.com
http://akamai-apigateway-stg-warpedi.tesla.com
http://akamai-apigateway-stg-warptmsapiserver-upgrade.tesla.com
http://akamai-apigateway-stg-warptmsapiserver.tesla.com
http://akamai-apigateway-stg2-deliveryopsapi.tesla.com
http://akamai-apigateway-stg2-global-deliveryopsapi.tesla.com
http://akamai-apigateway-teslarpsapi.tesla.com
http://akamai-apigateway-translationpipeline.tesla.com
http://akamai-apigateway-uat-materials.tesla.com
http://akamai-apigateway-vendorpartsapi.tesla.com
http://akamai-apigateway-warp3pl.tesla.com
http://akamai-apigateway-warpassetapi.tesla.com
http://akamai-apigateway-warpcxml.tesla.com
http://akamai-apigateway-warpdashboardapi.tesla.com
http://akamai-apigateway-warpedi.tesla.com
http://akamai-apigateway-warptmsapiserver-upgrade.tesla.com
http://akamai-apigateway-warptmsapiserver.tesla.com
http://akamai-apigateway-warptqpapi.tesla.com
http://akamai-apigateway-zip3-suppliersequence.tesla.com
http://api-firebolt-dev.tesla.com
http://api-firebolt-stage.tesla.com
http://api-firebolt.tesla.com
http://apps.tesla.com
http://aurora-ordering-ext-qa.tesla.com
http://aurora-ordering-ext.tesla.com
http://auth-global-stage.tesla.com
http://auth-global.tesla.com
http://auth.tesla.com
http://autodiscover.contractors.contractors.tesla.com
http://autodiscover.tesla.com
http://billing.tesla.com
http://bolt.tesla.com
http://business-ui-ownership.tesla.com
http://cdn-design.tesla.com
http://cdns-content.tesla.com
http://checkout-ui-assets.tesla.com
http://click.email.tesla.com
http://click.emails.tesla.com
http://courses.tesla.com
http://digitalassets-energy.tesla.com
http://digitalassets-learning.tesla.com
http://digitalassets-shop.tesla.com
http://digitalassets.tesla.com
http://edr.tesla.com
http://ehs.tesla.com
http://einvoicing.tesla.com
http://email.vms.tesla.com
http://energydesk.tesla.com
http://enterpriseregistration.contractors.contractors.tesla.com
http://envoy-finplat-stg.tesla.com
http://envoy-finplat-sunlight.tesla.com
http://envoy-partnerleadsharing.tesla.com
http://envoy-partnertasks.tesla.com
http://epc.tesla.com
http://epcapi.tesla.com
http://errlog-stage.tesla.com
http://errlog.tesla.com
http://events.tesla.com
http://external-sandbox-automation.tesla.com
http://financial-gw-stg.tesla.com
http://financial-gw.tesla.com
http://finops.tesla.com
http://forums.tesla.com
http://forums.tesla.com:8080
http://gf-modeling-mpp.tesla.com
http://grid.tesla.com
http://image-emails.tesla.com
http://image.email.tesla.com
http://image.emails.tesla.com
http://inside-stg.tesla.com
http://inside.tesla.com
http://installations-ext-api.tesla.com
http://inventory-assets.tesla.com
http://invest.tesla.com
http://link.qa.tesla.com
http://link.tesla.com
http://links.tesla.com
http://livestream.tesla.com
http://livestreamapi-test.tesla.com
http://livestreamapi.tesla.com
http://location-services-prd.tesla.com
http://logcollection.tesla.com
http://lyncdiscover.contractors.contractors.tesla.com
http://marketing.tesla.com
http://mfa-reset.tesla.com
http://mfa.tesla.com
http://mfs-supplier-uat.tesla.com
http://mfs-supplier.tesla.com
http://mobile.tesla.com
http://msoid.contractors.contractors.tesla.com
http://myapps.tesla.com
http://onboard.tesla.com
http://origin-apps.tesla.com
http://origin-inside-stg.tesla.com
http://origin-inside.tesla.com
http://origin-mobile.tesla.com
http://origin-profile.tesla.com
http://origin-profileapi.tesla.com
http://origin-sspr.tesla.com
http://origin-www-auth.tesla.com
http://os.tesla.com
http://ownership.tesla.com
http://pages.email.tesla.com
http://pages.emails.tesla.com
http://partnerleadsharing.tesla.com
http://partners.tesla.com
http://powerhub.energy.tesla.com
http://productinfo.tesla.com
http://profile.tesla.com
http://pub.email.tesla.com
http://ranger-api.tesla.com
http://referral-app.tesla.com
http://referral.tesla.com
http://repair.tesla.com
http://roadsideinvoice.tesla.com
http://sales-prd.tesla.com
http://schedule.tesla.com
http://secure-static-assets.tesla.com
http://serviceapi-stg.tesla.com
http://serviceapi.tesla.com
http://shop.tesla.com
http://simpleorigin.tesla.com
http://sso-dev.tesla.com
http://sso.tesla.com
http://sspr.tesla.com
http://stage-traffic-flow-test.tesla.com
http://static-assets-pay.tesla.com
http://static-assets.tesla.com
http://static-map.tesla.com
http://stg-uc-twilio-bpm-webhook.tesla.com
http://tcc-graph-stg.tesla.com
http://tcc-graph.tesla.com
http://tcc-gw-stg.tesla.com
http://tcc-gw.tesla.com
http://teamchat.tesla.com
http://teamchatcn.tesla.com
http://teamchatgl.tesla.com
http://tesla.com
http://teslatequila.tesla.com
http://three.tesla.com
http://toolbox.tesla.com
http://tradepartnertickets.tesla.com
http://trt.tesla.com
http://url1894.tesla.com
http://url2547.tesla.com
http://url4104.tesla.com
http://url4211.tesla.com
http://url4857.tesla.com
http://url5196.tesla.com
http://url5347.tesla.com
http://url6661.tesla.com
http://url7051.tesla.com
http://url8833.tesla.com
http://view.email.tesla.com
http://view.emails.tesla.com
http://vmanage-alerts.tesla.com
http://www-static-dev.tesla.com
http://www-static-prod.tesla.com
http://www-static-qa.tesla.com
http://www-static-stage.tesla.com
http://www.tesla.com
http://www.ug.tesla.com
http://xapps.tesla.com
http://xmail.tesla.com
https://3.tesla.com
https://akamai-apigateway-automation.tesla.com
https://akamai-apigateway-bender.tesla.com
https://akamai-apigateway-captiveunderwriting.tesla.com
https://akamai-apigateway-crawford-prd.tesla.com
https://akamai-apigateway-crawford-stg.tesla.com
https://akamai-apigateway-deliveryopsapi.tesla.com
https://akamai-apigateway-deliveryopsvitu.tesla.com
https://akamai-apigateway-dev-captiveunderwriting.tesla.com
https://akamai-apigateway-dev-warptmsapiserver-upgrade.tesla.com
https://akamai-apigateway-dev-warptmsapiserver.tesla.com
https://akamai-apigateway-ehs-stg.tesla.com
https://akamai-apigateway-ehs.tesla.com
https://akamai-apigateway-einvoicing.tesla.com
https://akamai-apigateway-finplat-prd.tesla.com
https://akamai-apigateway-finplat-stg.tesla.com
https://akamai-apigateway-fta.tesla.com
https://akamai-apigateway-inventorytxnextapi.tesla.com
https://akamai-apigateway-logisticsratesapi.tesla.com
https://akamai-apigateway-materials.tesla.com
https://akamai-apigateway-mfs-gfb-stg.tesla.com
https://akamai-apigateway-mfs-supplier-uat.tesla.com
https://akamai-apigateway-mfs-supplier.tesla.com
https://akamai-apigateway-packaging2.tesla.com
https://akamai-apigateway-payment.tesla.com
https://akamai-apigateway-prd-global-deliveryopsapi.tesla.com
https://akamai-apigateway-procuretopayapi.tesla.com
https://akamai-apigateway-profileapi.tesla.com
https://akamai-apigateway-qa-captiveunderwriting.tesla.com
https://akamai-apigateway-scraprecycle.tesla.com
https://akamai-apigateway-shipmentplanningapi.tesla.com
https://akamai-apigateway-stg-bender.tesla.com
https://akamai-apigateway-stg-captiveunderwriting.tesla.com
https://akamai-apigateway-stg-deliveryopsapi.tesla.com
https://akamai-apigateway-stg-deliveryopsvitu.tesla.com
https://akamai-apigateway-stg-einvoicing.tesla.com
https://akamai-apigateway-stg-finplateng.tesla.com
https://akamai-apigateway-stg-fta.tesla.com
https://akamai-apigateway-stg-global-deliveryopsapi.tesla.com
https://akamai-apigateway-stg-inventorytxnextapi.tesla.com
https://akamai-apigateway-stg-materials.tesla.com
https://akamai-apigateway-stg-ops-warp3pl.tesla.com
https://akamai-apigateway-stg-packaging2.tesla.com
https://akamai-apigateway-stg-payment.tesla.com
https://akamai-apigateway-stg-procuretopayapi.tesla.com
https://akamai-apigateway-stg-profileapi.tesla.com
https://akamai-apigateway-stg-sandbox-automation.tesla.com
https://akamai-apigateway-stg-shipmentplanningapi.tesla.com
https://akamai-apigateway-stg-teslarpsapi.tesla.com
https://akamai-apigateway-stg-translationpipeline.tesla.com
https://akamai-apigateway-stg-vendorpartsapi.tesla.com
https://akamai-apigateway-stg-warp3pl.tesla.com
https://akamai-apigateway-stg-warpassetapi.tesla.com
https://akamai-apigateway-stg-warpcxml.tesla.com
https://akamai-apigateway-stg-warpdashboardapi.tesla.com
https://akamai-apigateway-stg-warpedi.tesla.com
https://akamai-apigateway-stg-warptmsapiserver-upgrade.tesla.com
https://akamai-apigateway-stg-warptmsapiserver.tesla.com
https://akamai-apigateway-stg2-deliveryopsapi.tesla.com
https://akamai-apigateway-stg2-global-deliveryopsapi.tesla.com
https://akamai-apigateway-teslarpsapi.tesla.com
https://akamai-apigateway-translationpipeline.tesla.com
https://akamai-apigateway-uat-materials.tesla.com
https://akamai-apigateway-vendorpartsapi.tesla.com
https://akamai-apigateway-warp3pl.tesla.com
https://akamai-apigateway-warpassetapi.tesla.com
https://akamai-apigateway-warpcxml.tesla.com
https://akamai-apigateway-warpdashboardapi.tesla.com
https://akamai-apigateway-warpedi.tesla.com
https://akamai-apigateway-warptmsapiserver-upgrade.tesla.com
https://akamai-apigateway-warptmsapiserver.tesla.com
https://akamai-apigateway-warptqpapi.tesla.com
https://akamai-apigateway-zip3-suppliersequence.tesla.com
https://apac-sso.tesla.com
https://api-firebolt-dev.tesla.com
https://api-firebolt-stage.tesla.com
https://api-firebolt.tesla.com
https://apps.tesla.com
https://aurora-ordering-ext-qa.tesla.com
https://aurora-ordering-ext.tesla.com
https://auth-global-stage.tesla.com
https://auth-global.tesla.com
https://auth.tesla.com
https://autobidder.powerhub.energy.tesla.com
https://bi.tesla.com
https://billing.tesla.com
https://bolt.tesla.com
https://business-ui-ownership.tesla.com
https://cdn-design.tesla.com
https://cdns-content.tesla.com
https://checkout-ui-assets.tesla.com
https://cicerone.tesla.com
https://click.email.tesla.com
https://click.emails.tesla.com
https://courses.tesla.com
https://dataviz.tesla.com
https://digitalassets-energy.tesla.com
https://digitalassets-learning.tesla.com
https://digitalassets-shop.tesla.com
https://digitalassets.tesla.com
https://eaa-setup.tesla.com
https://edr.tesla.com
https://ehs.tesla.com
https://einvoicing.tesla.com
https://email.vms.tesla.com
https://energydesk.tesla.com
https://enterpriseregistration.contractors.contractors.tesla.com
https://envoy-finplat-stg.tesla.com
https://envoy-finplat-sunlight.tesla.com
https://envoy-partnerleadsharing.tesla.com
https://envoy-partnertasks.tesla.com
https://epc.tesla.com
https://epcapi.tesla.com
https://errlog-stage.tesla.com
https://errlog.tesla.com
https://events.tesla.com
https://external-sandbox-automation.tesla.com
https://financial-gw-stg.tesla.com
https://finops.tesla.com
https://forums.tesla.com
https://forums.tesla.com:8443
https://gf-modeling-mpp.tesla.com
https://grid.tesla.com
https://gridlogic.energy.tesla.com
https://image-emails.tesla.com
https://image.email.tesla.com
https://image.emails.tesla.com
https://inside.tesla.com
https://installations-ext-api.tesla.com
https://inventory-assets.tesla.com
https://invest.tesla.com
https://link.qa.tesla.com
https://link.tesla.com
https://links.tesla.com
https://livestream.tesla.com
https://livestreamapi-test.tesla.com
https://livestreamapi.tesla.com
https://location-services-prd.tesla.com
https://logcollection.tesla.com
https://lyncdiscover.contractors.contractors.tesla.com
https://marketing.tesla.com
https://mfa-reset.tesla.com
https://mfa.tesla.com
https://mfs-supplier-uat.tesla.com
https://mfs-supplier.tesla.com
https://msoid.contractors.contractors.tesla.com
https://myapps.tesla.com
https://na-1-sso.tesla.com
https://origin-itanswers.tesla.com
https://origin-referral-app.tesla.com
https://origin-sspr.tesla.com
https://origin-toolbox-beta.tesla.com
https://os.tesla.com
https://ownership.tesla.com
https://pages.email.tesla.com
https://pages.emails.tesla.com
https://partners.tesla.com
https://powerhub.energy.tesla.com
https://profile.tesla.com
https://pub.email.tesla.com
https://ranger-api.tesla.com
https://referral-app.tesla.com
https://referral.tesla.com
https://referral.tesla.com:8443
https://repair.tesla.com
https://roadsideinvoice.tesla.com
https://sales-prd.tesla.com
https://schedule.tesla.com
https://secure-static-assets.tesla.com
https://serviceapi-stg.tesla.com
https://serviceapi.tesla.com
https://shop.tesla.com
https://sip.contractors.contractors.tesla.com
https://sip.tesla.com
https://sso-dev-origin.tesla.com
https://sso-dev.tesla.com
https://sso-na.tesla.com
https://sso.tesla.com
https://sspr.tesla.com
https://stage-traffic-flow-test.tesla.com
https://static-assets-pay.tesla.com
https://static-assets.tesla.com
https://static-map.tesla.com
https://stg-uc-twilio-bpm-webhook.tesla.com
https://tcc-graph-stg.tesla.com
https://tcc-graph.tesla.com
https://tcc-gw-stg.tesla.com
https://tcc-gw.tesla.com
https://teamchat.tesla.com
https://tesla.com
https://teslacdpna0.tesla.com
https://teslatequila.tesla.com
https://three.tesla.com
https://toolbox-beta.tesla.com
https://toolbox.tesla.com
https://tradepartnertickets.tesla.com
https://trt.tesla.com
https://url1894.tesla.com
https://url2547.tesla.com
https://url4104.tesla.com
https://url4211.tesla.com
https://url4857.tesla.com
https://url5196.tesla.com
https://url5347.tesla.com
https://url6661.tesla.com
https://url7051.tesla.com
https://url8833.tesla.com
https://view.email.tesla.com
https://view.emails.tesla.com
https://vmanage-alerts.tesla.com
https://vpn1.tesla.com
https://www.tesla.com
https://www.ug.tesla.com
https://zta-setup.tesla.com
