http://acc-shop.thuisbezorgd.nl
http://acc-shop.thuisbezorgd.nl:2082
http://acc-shop.thuisbezorgd.nl:2086
http://acc-shop.thuisbezorgd.nl:2087
http://acc-shop.thuisbezorgd.nl:2096
http://acc-shop.thuisbezorgd.nl:8080
http://acc-vendors-shop.thuisbezorgd.nl
http://azan.test.thuisbezorgd.nl
http://beta.shop.thuisbezorgd.nl
http://beta.shop.thuisbezorgd.nl:8888
http://beta.thuisbezorgd.nl
http://blog.thuisbezorgd.nl
http://bonuswinkel.thuisbezorgd.nl
http://click.update.thuisbezorgd.nl
http://cloud.update.thuisbezorgd.nl
http://connect-tv.thuisbezorgd.nl
http://dominos.thuisbezorgd.nl
http://downloads.thuisbezorgd.nl
http://emails.restaurants.thuisbezorgd.nl
http://enquete.thuisbezorgd.nl
http://foodtracker.thuisbezorgd.nl
http://image.update.thuisbezorgd.nl
http://join.thuisbezorgd.nl
http://legacy-shop.thuisbezorgd.nl
http://legacy-shop.thuisbezorgd.nl:8888
http://live-orders.thuisbezorgd.nl
http://loyaltyshop.thuisbezorgd.nl
http://m.thuisbezorgd.nl
http://minisite.thuisbezorgd.nl
http://mobiel.thuisbezorgd.nl
http://newsletter.thuisbezorgd.nl
http://orderprocessing.thuisbezorgd.nl
http://orderprocessing2.thuisbezorgd.nl
http://pages.update.thuisbezorgd.nl
http://partnerblog.thuisbezorgd.nl
http://pizzaweb.thuisbezorgd.nl
http://restaurant.thuisbezorgd.nl
http://restaurants.thuisbezorgd.nl
http://ribrunner.thuisbezorgd.nl
http://shop.thuisbezorgd.nl
http://static.thuisbezorgd.nl
http://subfolder-proxy-drivers.thuisbezorgd.nl
http://subfolder-proxy-partnerblog.thuisbezorgd.nl
http://tacomundo.thuisbezorgd.nl
http://tealium.thuisbezorgd.nl
http://test-shop.thuisbezorgd.nl
http://test-vendors-shop.thuisbezorgd.nl
http://test.shop.thuisbezorgd.nl
http://test.shop.thuisbezorgd.nl:8880
http://test.shop.thuisbezorgd.nl:8888
http://testshop.thuisbezorgd.nl
http://thuisbezorgd.nl
http://tv.thuisbezorgd.nl
http://vendors-shop.thuisbezorgd.nl
http://view.update.thuisbezorgd.nl
http://www.thuisbezorgd.nl
https://acc-shop.thuisbezorgd.nl
https://acc-vendors-shop.thuisbezorgd.nl
https://beta.shop.thuisbezorgd.nl
https://beta.shop.thuisbezorgd.nl:8443
https://beta.thuisbezorgd.nl
https://blog.thuisbezorgd.nl
https://bonuswinkel.thuisbezorgd.nl
https://click.update.thuisbezorgd.nl
https://cloud.update.thuisbezorgd.nl
https://connect-tv.thuisbezorgd.nl
https://dominos.thuisbezorgd.nl
https://emails.restaurants.thuisbezorgd.nl
https://foodtracker.thuisbezorgd.nl
https://image.update.thuisbezorgd.nl
https://join.thuisbezorgd.nl
https://legacy-shop.thuisbezorgd.nl
https://legacy-shop.thuisbezorgd.nl:8443
https://live-orders.thuisbezorgd.nl
https://loyaltyshop.thuisbezorgd.nl
https://m.thuisbezorgd.nl
https://mobiel.thuisbezorgd.nl
https://pages.update.thuisbezorgd.nl
https://partnerblog.thuisbezorgd.nl
https://restaurant.thuisbezorgd.nl
https://restaurants.thuisbezorgd.nl
https://shop.thuisbezorgd.nl
https://static.thuisbezorgd.nl
https://subfolder-proxy-drivers.thuisbezorgd.nl
https://subfolder-proxy-partnerblog.thuisbezorgd.nl
https://test-shop.thuisbezorgd.nl
https://test-vendors-shop.thuisbezorgd.nl
https://test.shop.thuisbezorgd.nl
https://test.shop.thuisbezorgd.nl:8443
https://thuisbezorgd.nl
https://tv.thuisbezorgd.nl
https://vendors-shop.thuisbezorgd.nl
https://view.update.thuisbezorgd.nl
https://www.thuisbezorgd.nl
