http://activity.tiktok.com
http://ads-sg.tiktok.com
http://ads-va.tiktok.com
http://ads.tiktok.com
http://adsinsightslab.tiktok.com
http://affiliate-id.tiktok.com
http://affiliate.tiktok.com
http://analytics-sg.tiktok.com
http://analytics.tiktok.com
http://api-m.tiktok.com
http://api-t.tiktok.com
http://api.tiktok.com
http://artist.tiktok.com
http://artists.tiktok.com
http://autodiscover.tiktok.com
http://business-sso.tiktok.com
http://business-useast2a.tiktok.com
http://business.tiktok.com
http://careers.tiktok.com
http://carrierflow-sg.tiktok.com
http://carrierflow-va.tiktok.com
http://cc.tiktok.com
http://creatormarketplace-va-useast2a.tiktok.com
http://creatormarketplace-va.tiktok.com
http://creatormarketplace.tiktok.com
http://developer.tiktok.com
http://developers.tiktok.com
http://effect-api-sg.tiktok.com
http://effect-api-va-useast2a.tiktok.com
http://effect-api-va.tiktok.com
http://effect.tiktok.com
http://experiment.tiktok.com
http://feelgood-api.tiktok.com
http://getstarted.tiktok.com
http://gma.tiktok.com
http://h1-16.tiktok.com
http://h2-16.tiktok.com
http://im-ws-sg.tiktok.com
http://im-ws-va.tiktok.com
http://image-va.tiktok.com
http://in.tiktok.com
http://link.e.tiktok.com
http://login.tiktok.com
http://m.tiktok.com
http://m1-16.tiktok.com
http://m2-16.tiktok.com
http://media.tiktok.com
http://meteor.tiktok.com
http://mg.tiktok.com
http://musician.tiktok.com
http://newsroom.tiktok.com
http://open-api-useast1a.tiktok.com
http://open-api.tiktok.com
http://promotion-useast2a.tiktok.com
http://s16-ies-useast2a.tiktok.com
http://s16-ies.tiktok.com
http://seller-id.tiktok.com
http://seller-uk.tiktok.com
http://seller.tiktok.com
http://shop-id.tiktok.com
http://shop-uk.tiktok.com
http://shop.tiktok.com
http://spotlight.tiktok.com
http://suggestions.tiktok.com
http://support.tiktok.com
http://survey.tiktok.com
http://t.tiktok.com
http://tiktok.com
http://trending.tiktok.com
http://trending.tiktok.com:8080
http://tv.tiktok.com
http://url4077.ads-service.tiktok.com
http://url4153.service.tiktok.com
http://url7709.account.tiktok.com
http://us.tiktok.com
http://v.tiktok.com
http://v16-web-tv.tiktok.com
http://v16-web.tiktok.com
http://vm.tiktok.com
http://vt.tiktok.com
http://webapp-cn.tiktok.com
http://webapp-sg.tiktok.com
http://webapp-va.tiktok.com
http://webcast-m.tiktok.com
http://webcast-t.tiktok.com
http://webcast.tiktok.com
http://www-useast1a.tiktok.com
http://www.tiktok.com
https://activity.tiktok.com
https://ads-sg.tiktok.com
https://ads-va.tiktok.com
https://ads.tiktok.com
https://adsinsightslab.tiktok.com
https://affiliate-id.tiktok.com
https://affiliate.tiktok.com
https://analytics-sg.tiktok.com
https://analytics.tiktok.com
https://api-m.tiktok.com
https://api-t.tiktok.com
https://api.tiktok.com
https://artist.tiktok.com
https://artists.tiktok.com
https://business-sso.tiktok.com
https://business-useast2a.tiktok.com
https://business.tiktok.com
https://careers.tiktok.com
https://carrierflow-sg.tiktok.com
https://carrierflow-va.tiktok.com
https://cc.tiktok.com
https://creatormarketplace-va-useast2a.tiktok.com
https://creatormarketplace-va.tiktok.com
https://creatormarketplace.tiktok.com
https://developer.tiktok.com
https://developers.tiktok.com
https://effect-api-sg.tiktok.com
https://effect-api-va-useast2a.tiktok.com
https://effect-api-va.tiktok.com
https://effect.tiktok.com
https://experiment.tiktok.com
https://feelgood-api.tiktok.com
https://getstarted.tiktok.com
https://gma.tiktok.com
https://h1-16.tiktok.com
https://h2-16.tiktok.com
https://im-ws-sg.tiktok.com
https://im-ws-va.tiktok.com
https://image-va.tiktok.com
https://in.tiktok.com
https://link.e.tiktok.com
https://login.tiktok.com
https://m.tiktok.com
https://m1-16.tiktok.com
https://m2-16.tiktok.com
https://media.tiktok.com
https://meteor.tiktok.com
https://mg.tiktok.com
https://musician.tiktok.com
https://newsroom.tiktok.com
https://open-api-useast1a.tiktok.com
https://open-api.tiktok.com
https://promotion-useast2a.tiktok.com
https://s16-ies-useast2a.tiktok.com
https://s16-ies.tiktok.com
https://seller-id.tiktok.com
https://seller-uk.tiktok.com
https://seller.tiktok.com
https://shop-id.tiktok.com
https://shop-uk.tiktok.com
https://shop.tiktok.com
https://spotlight.tiktok.com
https://suggestions.tiktok.com
https://support.tiktok.com
https://survey.tiktok.com
https://t.tiktok.com
https://tiktok.com
https://trending.tiktok.com
https://trending.tiktok.com:8443
https://tv.tiktok.com
https://url4077.ads-service.tiktok.com
https://url4153.service.tiktok.com
https://url7709.account.tiktok.com
https://us.tiktok.com
https://v.tiktok.com
https://v16-web-tv.tiktok.com
https://v16-web.tiktok.com
https://vm.tiktok.com
https://vt.tiktok.com
https://webapp-sg.tiktok.com
https://webapp-va.tiktok.com
https://webcast-m.tiktok.com
https://webcast-t.tiktok.com
https://webcast.tiktok.com
https://www-useast1a.tiktok.com
https://www.tiktok.com
