http://activity-va.tiktokv.com
http://ad-instantpage-sg.tiktokv.com
http://ad-instantpage-va.tiktokv.com
http://api-core-ru.tiktokv.com
http://api-core-va.tiktokv.com
http://api-core.tiktokv.com
http://api-h2-eagle.tiktokv.com
http://api-h2.tiktokv.com
http://api-ru.tiktokv.com
http://api-s1-h2.tiktokv.com
http://api-s1-quic.tiktokv.com
http://api-t.tiktokv.com
http://api-t1.tiktokv.com
http://api-t2.tiktokv.com
http://api-t3.tiktokv.com
http://api-t3.tiktokv.com:8443
http://api-va.tiktokv.com
http://api.tiktokv.com
http://api15-h2-eagle.tiktokv.com
http://api15-h2.tiktokv.com
http://api15.tiktokv.com
http://api16-core-c-alisg.tiktokv.com
http://api16-core-c-useast1a.tiktokv.com
http://api16-core-c-useast2a.tiktokv.com
http://api16-core-c.tiktokv.com
http://api16-core-c4-alisg.tiktokv.com
http://api16-core-c6-alisg.tiktokv.com
http://api16-core-i.tiktokv.com
http://api16-core-n-alisg.tiktokv.com
http://api16-core-n-useast1a.tiktokv.com
http://api16-core-va.tiktokv.com
http://api16-normal-c-alisg.tiktokv.com
http://api16-normal-c-useast1a.tiktokv.com
http://api16-normal-c-useast2a.tiktokv.com
http://api16-normal-c.tiktokv.com
http://api16-normal-c4-alisg.tiktokv.com
http://api16-normal-c6-alisg.tiktokv.com
http://api16-normal-i-alisg.tiktokv.com
http://api16-normal-i.tiktokv.com
http://api16-normal-n-alisg.tiktokv.com
http://api16-normal-n.tiktokv.com
http://api16-normal-v4.tiktokv.com
http://api16-normal-v6.tiktokv.com
http://api16-va.tiktokv.com
http://api16.tiktokv.com
http://api19-core-c-alisg.tiktokv.com
http://api19-core-c-useast1a.tiktokv.com
http://api19-core-c-useast2a.tiktokv.com
http://api19-core-c4-alisg.tiktokv.com
http://api19-core-c6-alisg.tiktokv.com
http://api19-core-c6-useast1a.tiktokv.com
http://api19-core-n-useast1a.tiktokv.com
http://api19-core-va.tiktokv.com
http://api19-normal-c-alisg.tiktokv.com
http://api19-normal-c-useast1a.tiktokv.com
http://api19-normal-c-useast2a.tiktokv.com
http://api19-normal-c6-alisg.tiktokv.com
http://api19-va.tiktokv.com
http://api19.tiktokv.com
http://api21-core-c-alisg.tiktokv.com
http://api21-core-c-useast1a.tiktokv.com
http://api21-core-c-useast2a.tiktokv.com
http://api21-core-c4-alisg.tiktokv.com
http://api21-core-c6-alisg.tiktokv.com
http://api21-core-i-alisg.tiktokv.com
http://api21-core-i.tiktokv.com
http://api21-core-n-alisg.tiktokv.com
http://api21-core-n-useast1a.tiktokv.com
http://api21-core-n.tiktokv.com
http://api21-core-va.tiktokv.com
http://api21-h2-eagle.tiktokv.com
http://api21-h2.tiktokv.com
http://api21-normal-c-alisg.tiktokv.com
http://api21-normal-c-useast1a.tiktokv.com
http://api21-normal-c-useast2a.tiktokv.com
http://api21-normal-c4-alisg.tiktokv.com
http://api21-normal-c6-alisg.tiktokv.com
http://api21-normal-i-alisg.tiktokv.com
http://api21-normal-n-alisg.tiktokv.com
http://api21-quic.tiktokv.com
http://api21-va.tiktokv.com
http://api21.tiktokv.com
http://api22-core-c-alisg.tiktokv.com
http://api22-core-c-alisg.tiktokv.com:8080
http://api22-core-c-useast1a.tiktokv.com
http://api22-core-c-useast1a.tiktokv.com:8080
http://api22-core-c-useast2a.tiktokv.com
http://api22-core-c-useast2a.tiktokv.com:8080
http://api22-core-c4-alisg.tiktokv.com
http://api22-core-c4-alisg.tiktokv.com:8080
http://api22-core-c6-alisg.tiktokv.com
http://api22-core-c6-alisg.tiktokv.com:8080
http://api22-core-c6-useast1a.tiktokv.com
http://api22-core-c6-useast1a.tiktokv.com:8080
http://api22-core-h-alisg.tiktokv.com
http://api22-core-h-alisg.tiktokv.com:8080
http://api22-core-n-alisg.tiktokv.com
http://api22-core-n-alisg.tiktokv.com:8080
http://api22-core-n-useast1a.tiktokv.com
http://api22-core-n-useast1a.tiktokv.com:8080
http://api22-core-va.tiktokv.com
http://api22-h2-eagle.tiktokv.com
http://api22-normal-c-alisg.tiktokv.com
http://api22-normal-c-alisg.tiktokv.com:8080
http://api22-normal-c-useast1a.tiktokv.com
http://api22-normal-c-useast1a.tiktokv.com:8080
http://api22-normal-c-useast2a.tiktokv.com
http://api22-normal-c-useast2a.tiktokv.com:8080
http://api22-normal-c.tiktokv.com
http://api22-normal-c.tiktokv.com:8080
http://api22-normal-h-alisg.tiktokv.com
http://api22-normal-h-alisg.tiktokv.com:8080
http://api22-normal-n-alisg.tiktokv.com
http://api22-normal-n-alisg.tiktokv.com:8080
http://api22-normal-v4.tiktokv.com
http://api22-normal-v4.tiktokv.com:8080
http://api22-quic.tiktokv.com
http://api22-quic.tiktokv.com:8080
http://api22-va.tiktokv.com
http://api22-va.tiktokv.com:8080
http://api3-core-c-alisg.tiktokv.com
http://api3-core-c-useast1a.tiktokv.com
http://api3-core-n-alisg.tiktokv.com
http://api3-core-n-useast1a.tiktokv.com
http://api3-h2.tiktokv.com
http://api3-normal-c-alisg.tiktokv.com
http://api3-normal-c-useast1a.tiktokv.com
http://api30-core-c-alisg.tiktokv.com
http://api30-h2-eagle.tiktokv.com
http://api30-h2.tiktokv.com
http://api30-normal-c-useast2a.tiktokv.com
http://api30-normal-n-useast1a.tiktokv.com
http://api30-va.tiktokv.com
http://api30.tiktokv.com
http://api31-core-c-alisg.tiktokv.com
http://api31-core-c-useast1a.tiktokv.com
http://api31-core-q-alisg.tiktokv.com
http://api31-core-q-useast1a.tiktokv.com
http://api31-normal-c-alisg.tiktokv.com
http://api31-normal-c-useast1a.tiktokv.com
http://api31-normal-q-alisg.tiktokv.com
http://api31-normal-q-useast1a.tiktokv.com
http://api32-core-q-alisg.tiktokv.com
http://api32-core-q-useast1a.tiktokv.com
http://api32-normal-c-alisg.tiktokv.com
http://api32-normal-q-alisg.tiktokv.com
http://api32-normal-q-useast1a.tiktokv.com
http://api33-core-c-alisg.tiktokv.com
http://api33-core-c-useast1a.tiktokv.com
http://api33-core-q-alisg.tiktokv.com
http://api33-core-q-useast1a.tiktokv.com
http://api33-normal-c-alisg.tiktokv.com
http://api33-normal-c-useast1a.tiktokv.com
http://api33-normal-q-alisg.tiktokv.com
http://api33-normal-q-useast1a.tiktokv.com
http://api53-core-c-alisg.tiktokv.com
http://api53-core-c-useast1a.tiktokv.com
http://api53-normal-c-alisg.tiktokv.com
http://api53-normal-c-useast1a.tiktokv.com
http://api55-core-c-alisg.tiktokv.com
http://api55-core-c-useast1a.tiktokv.com
http://api55-normal-c-alisg.tiktokv.com
http://api55-normal-c-useast1a.tiktokv.com
http://api58-core-c-alisg.tiktokv.com
http://api58-core-c-useast1a.tiktokv.com
http://api58-normal-c-alisg.tiktokv.com
http://api58-normal-c-useast1a.tiktokv.com
http://api61-core-c-alisg.tiktokv.com
http://api61-core-c-useast1a.tiktokv.com
http://api61-normal-c-alisg.tiktokv.com
http://api77-core-c-alisg.tiktokv.com
http://api77-core-c-useast1a.tiktokv.com
http://api77-normal-c-alisg.tiktokv.com
http://api77-normal-c-useast1a.tiktokv.com
http://api9-core-c-alisg.tiktokv.com
http://api9-core-c-alisg.tiktokv.com:10000
http://api9-core-c-alisg.tiktokv.com:8000
http://api9-core-c-alisg.tiktokv.com:8008
http://api9-core-c-alisg.tiktokv.com:8009
http://api9-core-c-alisg.tiktokv.com:8010
http://api9-core-c-alisg.tiktokv.com:8080
http://api9-core-c-alisg.tiktokv.com:8081
http://api9-core-c-alisg.tiktokv.com:8082
http://api9-core-c-alisg.tiktokv.com:8083
http://api9-core-c-alisg.tiktokv.com:8085
http://api9-core-c-alisg.tiktokv.com:8087
http://api9-core-c-alisg.tiktokv.com:8090
http://api9-core-c-alisg.tiktokv.com:8099
http://api9-core-c-alisg.tiktokv.com:81
http://api9-core-c-alisg.tiktokv.com:8180
http://api9-core-c-alisg.tiktokv.com:82
http://api9-core-c-alisg.tiktokv.com:88
http://api9-core-c-alisg.tiktokv.com:90
http://api9-core-c-alisg.tiktokv.com:9000
http://api9-core-c-alisg.tiktokv.com:9001
http://api9-core-c-alisg.tiktokv.com:9002
http://api9-core-c-alisg.tiktokv.com:9003
http://api9-core-c-alisg.tiktokv.com:9009
http://api9-core-c-alisg.tiktokv.com:9011
http://api9-core-c-alisg.tiktokv.com:9090
http://api9-core-c-alisg.tiktokv.com:9999
http://api9-core-c-useast1a.tiktokv.com
http://api9-core-c-useast1a.tiktokv.com:10000
http://api9-core-c-useast1a.tiktokv.com:8000
http://api9-core-c-useast1a.tiktokv.com:8008
http://api9-core-c-useast1a.tiktokv.com:8009
http://api9-core-c-useast1a.tiktokv.com:8010
http://api9-core-c-useast1a.tiktokv.com:8080
http://api9-core-c-useast1a.tiktokv.com:8081
http://api9-core-c-useast1a.tiktokv.com:8082
http://api9-core-c-useast1a.tiktokv.com:8083
http://api9-core-c-useast1a.tiktokv.com:8085
http://api9-core-c-useast1a.tiktokv.com:8087
http://api9-core-c-useast1a.tiktokv.com:8090
http://api9-core-c-useast1a.tiktokv.com:8099
http://api9-core-c-useast1a.tiktokv.com:81
http://api9-core-c-useast1a.tiktokv.com:8180
http://api9-core-c-useast1a.tiktokv.com:82
http://api9-core-c-useast1a.tiktokv.com:88
http://api9-core-c-useast1a.tiktokv.com:90
http://api9-core-c-useast1a.tiktokv.com:9000
http://api9-core-c-useast1a.tiktokv.com:9001
http://api9-core-c-useast1a.tiktokv.com:9002
http://api9-core-c-useast1a.tiktokv.com:9003
http://api9-core-c-useast1a.tiktokv.com:9009
http://api9-core-c-useast1a.tiktokv.com:9011
http://api9-core-c-useast1a.tiktokv.com:9090
http://api9-core-c-useast1a.tiktokv.com:9999
http://api9-normal-c-alisg.tiktokv.com
http://api9-normal-c-alisg.tiktokv.com:10000
http://api9-normal-c-alisg.tiktokv.com:8000
http://api9-normal-c-alisg.tiktokv.com:8008
http://api9-normal-c-alisg.tiktokv.com:8009
http://api9-normal-c-alisg.tiktokv.com:8010
http://api9-normal-c-alisg.tiktokv.com:8080
http://api9-normal-c-alisg.tiktokv.com:8081
http://api9-normal-c-alisg.tiktokv.com:8082
http://api9-normal-c-alisg.tiktokv.com:8083
http://api9-normal-c-alisg.tiktokv.com:8085
http://api9-normal-c-alisg.tiktokv.com:8087
http://api9-normal-c-alisg.tiktokv.com:8090
http://api9-normal-c-alisg.tiktokv.com:8099
http://api9-normal-c-alisg.tiktokv.com:81
http://api9-normal-c-alisg.tiktokv.com:8180
http://api9-normal-c-alisg.tiktokv.com:82
http://api9-normal-c-alisg.tiktokv.com:88
http://api9-normal-c-alisg.tiktokv.com:90
http://api9-normal-c-alisg.tiktokv.com:9000
http://api9-normal-c-alisg.tiktokv.com:9001
http://api9-normal-c-alisg.tiktokv.com:9002
http://api9-normal-c-alisg.tiktokv.com:9003
http://api9-normal-c-alisg.tiktokv.com:9009
http://api9-normal-c-alisg.tiktokv.com:9011
http://api9-normal-c-alisg.tiktokv.com:9090
http://api9-normal-c-alisg.tiktokv.com:9999
http://api9-normal-c-useast1a.tiktokv.com
http://api9-normal-c-useast1a.tiktokv.com:8080
http://api9-normal-c-useast1a.tiktokv.com:8090
http://apiproxy-va.tiktokv.com
http://app-va.tiktokv.com
http://business-va.tiktokv.com
http://business.tiktokv.com
http://campaign19-normal-useast5.us.tiktokv.com
http://checkorigin.tiktokv.com
http://dm-test.tiktokv.com
http://dm16-alisg.tiktokv.com
http://dm16-test-va.tiktokv.com
http://dm16-useast1a.tiktokv.com
http://dm16-useast2a.tiktokv.com
http://dm16-va.tiktokv.com
http://dm16.tiktokv.com
http://dm22-alisg.tiktokv.com
http://dm22-alisg.tiktokv.com:8080
http://frontier-ru.tiktokv.com
http://frontier-va.tiktokv.com
http://frontier.tiktokv.com
http://frontier16-alisg.tiktokv.com
http://gecko-sg.tiktokv.com
http://gecko-va.tiktokv.com
http://gecko16-normal-c-useast1a.tiktokv.com
http://gecko16-normal-c-useast2a.tiktokv.com
http://hotapi-ru.tiktokv.com
http://hotapi-sg.tiktokv.com
http://hotapi-va.tiktokv.com
http://ichannel-va.tiktokv.com
http://im-va.tiktokv.com
http://im16-normal-c-useast1a.tiktokv.com
http://im16-normal-c-useast2a.tiktokv.com
http://im16-tmp-normal-useast1a.tiktokv.com
http://image-sg-pub-test.tiktokv.com
http://image-sg-pub.tiktokv.com
http://image-sg.tiktokv.com
http://image-useast2a.tiktokv.com
http://image-va-pub-test-useast1a.tiktokv.com
http://image-va-pub-test-useast2a.tiktokv.com
http://image-va-pub-test.tiktokv.com
http://image-va-pub-useast1a.tiktokv.com
http://image-va-pub-useast2a.tiktokv.com
http://image-va-useast1a.tiktokv.com
http://imapi-16.tiktokv.com
http://jsb-sg.tiktokv.com
http://jsb-va.tiktokv.com
http://jsb16-normal-c-useast1a.tiktokv.com
http://libra-sg.tiktokv.com
http://libra-va.tiktokv.com
http://log-va.tiktokv.com
http://log.tiktokv.com
http://log16-normal-c-useast1a.tiktokv.com
http://log16-normal-c-useast2a.tiktokv.com
http://log3-normal-c-alisg.tiktokv.com
http://log3-normal-c-useast1a.tiktokv.com
http://log53-normal-c-alisg.tiktokv.com
http://log55-normal-c-alisg.tiktokv.com
http://log55-normal-c-useast1a.tiktokv.com
http://log58-normal-c-alisg.tiktokv.com
http://log58-normal-c-useast1a.tiktokv.com
http://log77-normal-c-alisg.tiktokv.com
http://log77-normal-c-useast1a.tiktokv.com
http://log9-normal-c-alisg.tiktokv.com
http://log9-normal-c-useast1a.tiktokv.com
http://log9-normal-c-useast1a.tiktokv.com:8090
http://m-va.tiktokv.com
http://mcs-sg.tiktokv.com
http://mcs-va-useast2a.tiktokv.com
http://mcs-va.tiktokv.com
http://mon-ru.tiktokv.com
http://mon-sg.tiktokv.com
http://mon-useast2a.tiktokv.com
http://mon-va.tiktokv.com
http://mon.tiktokv.com
http://mon16-normal-c-useast1a.tiktokv.com
http://mon16-normal-c-useast2a.tiktokv.com
http://mssdk-va.tiktokv.com
http://oec-api.tiktokv.com
http://oec16-normal-alisg.tiktokv.com
http://oec16-normal-useast1a.tiktokv.com
http://oec16-normal-useast2a.tiktokv.com
http://open16-va-useast2a.tiktokv.com
http://open16-va.tiktokv.com
http://owl-sg-useast2a.tiktokv.com
http://owl-sg.tiktokv.com
http://rtlog-va.tiktokv.com
http://rtlog.tiktokv.com
http://sdfp-sg.tiktokv.com
http://sdfp-va-useast2a.tiktokv.com
http://sdfp-va.tiktokv.com
http://sdfp16-normal-c-useast1a.tiktokv.com
http://sdfp16-normal-c-useast2a.tiktokv.com
http://sdfp16-tmp-normal-useast1a.tiktokv.com
http://search-va-useast2a.tiktokv.com
http://search-va.tiktokv.com
http://search.tiktokv.com
http://search16-normal-c-alisg.tiktokv.com
http://search16-normal-c-useast1a.tiktokv.com
http://search16-normal-c-useast2a.tiktokv.com
http://search19-normal-c-useast1a.tiktokv.com
http://search21-normal-c-alisg.tiktokv.com
http://search21-normal-c-useast1a.tiktokv.com
http://search22-normal-c-alisg.tiktokv.com
http://search22-normal-c-alisg.tiktokv.com:8080
http://search22-normal-c-useast1a.tiktokv.com
http://search22-normal-c-useast1a.tiktokv.com:8080
http://search22-normal-c-useast2a.tiktokv.com
http://search22-normal-c-useast2a.tiktokv.com:8080
http://smr-sg.tiktokv.com
http://smr-va.tiktokv.com
http://tiktokv.com
http://tnc16-alisg.tiktokv.com
http://tnc16-platform-alisg.tiktokv.com
http://tnc16-platform-useast1a.tiktokv.com
http://tnc16-useast1a.tiktokv.com
http://tnc16-useast2a.tiktokv.com
http://tns-sec-log-useast2a.tiktokv.com
http://tos-maliva16-up.tiktokv.com
http://tos-maliva19-up.tiktokv.com
http://tos-maliva21-up.tiktokv.com
http://tos-va.tiktokv.com
http://tp-pay-mva.tiktokv.com
http://ttnet-useast2a.tiktokv.com
http://ugattribution-sg.tiktokv.com
http://upload22-normal-c-alisg.tiktokv.com
http://v-va.tiktokv.com
http://v.tiktokv.com
http://v16-up.tiktokv.com
http://v16.tiktokv.com
http://vas-alisg16.tiktokv.com
http://vas-maliva16.tiktokv.com
http://vcs-sg.tiktokv.com
http://vcs-va-useast2a.tiktokv.com
http://vcs-va.tiktokv.com
http://verification-va-useast2a.tiktokv.com
http://verification-va.tiktokv.com
http://verification16-normal-c-useast1a.tiktokv.com
http://verification16-normal-c-useast2a.tiktokv.com
http://verification16-tmp-normal-useast1a.tiktokv.com
http://verify-sg.tiktokv.com
http://video-sg.tiktokv.com
http://video-tcs-sg.tiktokv.com
http://video-tcs-va.tiktokv.com
http://video-useast2a.tiktokv.com
http://video-va.tiktokv.com
http://vod-maliva.tiktokv.com
http://vod-sg.tiktokv.com
http://webcast-ru.tiktokv.com
http://webcast-useast1a.tiktokv.com
http://webcast-useast2a.tiktokv.com
http://webcast-va.tiktokv.com
http://webcast.tiktokv.com
http://webcast1.tiktokv.com
http://webcast16-core-c-useast1a.tiktokv.com
http://webcast16-core-c-useast2a.tiktokv.com
http://webcast16-normal-c-alisg.tiktokv.com
http://webcast16-normal-c-useast1a.tiktokv.com
http://webcast16-normal-c-useast2a.tiktokv.com
http://webcast16-tmp-normal-useast1a.tiktokv.com
http://webcast16-va.tiktokv.com
http://webcast16-ws-c-alisg.tiktokv.com
http://webcast16-ws-c-va.tiktokv.com
http://webcast16.tiktokv.com
http://webcast19-core-c-alisg.tiktokv.com
http://webcast19-core-c-useast1a.tiktokv.com
http://webcast19-core-c-useast2a.tiktokv.com
http://webcast19-normal-c-alisg.tiktokv.com
http://webcast19-normal-c-useast1a.tiktokv.com
http://webcast19-normal-c-useast2a.tiktokv.com
http://webcast19-va.tiktokv.com
http://webcast19.tiktokv.com
http://webcast2.tiktokv.com
http://webcast21-core-c-useast1a.tiktokv.com
http://webcast21-core-c-useast2a.tiktokv.com
http://webcast21-normal-c-alisg.tiktokv.com
http://webcast21-normal-c-useast1a.tiktokv.com
http://webcast21-normal-c-useast2a.tiktokv.com
http://webcast21-va.tiktokv.com
http://webcast21.tiktokv.com
http://webcast22-core-c-useast1a.tiktokv.com
http://webcast22-core-c-useast1a.tiktokv.com:8080
http://webcast22-normal-c-alisg.tiktokv.com
http://webcast22-normal-c-alisg.tiktokv.com:8080
http://webcast22-normal-c-useast1a.tiktokv.com
http://webcast22-normal-c-useast1a.tiktokv.com:8080
http://webcast22-normal-c-useast2a.tiktokv.com
http://webcast22-normal-c-useast2a.tiktokv.com:8080
http://webcast4.tiktokv.com
http://webcast5.tiktokv.com
http://www.tiktokv.com
http://xlog-va-useast2a.tiktokv.com
http://xlog-va.tiktokv.com
http://xlog.tiktokv.com
http://xlog16-normal-c-useast1a.tiktokv.com
http://xlog16-normal-c-useast2a.tiktokv.com
https://activity-va.tiktokv.com
https://ad-instantpage-sg.tiktokv.com
https://ad-instantpage-va.tiktokv.com
https://api-core-ru.tiktokv.com
https://api-core-va.tiktokv.com
https://api-core.tiktokv.com
https://api-h2-eagle.tiktokv.com
https://api-h2.tiktokv.com
https://api-ru.tiktokv.com
https://api-s1-h2.tiktokv.com
https://api-s1-quic.tiktokv.com
https://api-t.tiktokv.com
https://api-t1.tiktokv.com
https://api-t2.tiktokv.com
https://api-t3.tiktokv.com
https://api-va.tiktokv.com
https://api.tiktokv.com
https://api15-h2-eagle.tiktokv.com
https://api15-h2.tiktokv.com
https://api15.tiktokv.com
https://api16-core-c-alisg.tiktokv.com
https://api16-core-c-useast1a.tiktokv.com
https://api16-core-c-useast2a.tiktokv.com
https://api16-core-c.tiktokv.com
https://api16-core-c4-alisg.tiktokv.com
https://api16-core-c6-alisg.tiktokv.com
https://api16-core-i.tiktokv.com
https://api16-core-n-alisg.tiktokv.com
https://api16-core-n-useast1a.tiktokv.com
https://api16-core-va.tiktokv.com
https://api16-normal-c-alisg.tiktokv.com
https://api16-normal-c-useast1a.tiktokv.com
https://api16-normal-c-useast2a.tiktokv.com
https://api16-normal-c.tiktokv.com
https://api16-normal-c4-alisg.tiktokv.com
https://api16-normal-c6-alisg.tiktokv.com
https://api16-normal-i-alisg.tiktokv.com
https://api16-normal-i.tiktokv.com
https://api16-normal-n-alisg.tiktokv.com
https://api16-normal-n.tiktokv.com
https://api16-normal-v4.tiktokv.com
https://api16-normal-v6.tiktokv.com
https://api16-va.tiktokv.com
https://api16.tiktokv.com
https://api19-core-c-alisg.tiktokv.com
https://api19-core-c-useast1a.tiktokv.com
https://api19-core-c-useast2a.tiktokv.com
https://api19-core-c4-alisg.tiktokv.com
https://api19-core-c6-alisg.tiktokv.com
https://api19-core-c6-useast1a.tiktokv.com
https://api19-core-n-useast1a.tiktokv.com
https://api19-core-va.tiktokv.com
https://api19-normal-c-alisg.tiktokv.com
https://api19-normal-c-useast1a.tiktokv.com
https://api19-normal-c-useast2a.tiktokv.com
https://api19-normal-c6-alisg.tiktokv.com
https://api19-va.tiktokv.com
https://api19.tiktokv.com
https://api21-core-c-alisg.tiktokv.com
https://api21-core-c-useast1a.tiktokv.com
https://api21-core-c-useast2a.tiktokv.com
https://api21-core-c4-alisg.tiktokv.com
https://api21-core-c6-alisg.tiktokv.com
https://api21-core-i-alisg.tiktokv.com
https://api21-core-i.tiktokv.com
https://api21-core-n-alisg.tiktokv.com
https://api21-core-n-useast1a.tiktokv.com
https://api21-core-n.tiktokv.com
https://api21-core-va.tiktokv.com
https://api21-h2-eagle.tiktokv.com
https://api21-h2.tiktokv.com
https://api21-normal-c-alisg.tiktokv.com
https://api21-normal-c-useast1a.tiktokv.com
https://api21-normal-c-useast2a.tiktokv.com
https://api21-normal-c4-alisg.tiktokv.com
https://api21-normal-c6-alisg.tiktokv.com
https://api21-normal-i-alisg.tiktokv.com
https://api21-normal-n-alisg.tiktokv.com
https://api21-quic.tiktokv.com
https://api21-va.tiktokv.com
https://api21.tiktokv.com
https://api22-core-c-alisg.tiktokv.com
https://api22-core-c-useast1a.tiktokv.com
https://api22-core-c-useast2a.tiktokv.com
https://api22-core-c4-alisg.tiktokv.com
https://api22-core-c6-alisg.tiktokv.com
https://api22-core-c6-useast1a.tiktokv.com
https://api22-core-h-alisg.tiktokv.com
https://api22-core-n-alisg.tiktokv.com
https://api22-core-n-useast1a.tiktokv.com
https://api22-core-va.tiktokv.com
https://api22-h2-eagle.tiktokv.com
https://api22-normal-c-alisg.tiktokv.com
https://api22-normal-c-useast1a.tiktokv.com
https://api22-normal-c-useast2a.tiktokv.com
https://api22-normal-c.tiktokv.com
https://api22-normal-h-alisg.tiktokv.com
https://api22-normal-n-alisg.tiktokv.com
https://api22-normal-v4.tiktokv.com
https://api22-quic.tiktokv.com
https://api22-va.tiktokv.com
https://api3-core-c-alisg.tiktokv.com
https://api3-core-c-useast1a.tiktokv.com
https://api3-core-n-alisg.tiktokv.com
https://api3-core-n-useast1a.tiktokv.com
https://api3-h2.tiktokv.com
https://api3-normal-c-alisg.tiktokv.com
https://api3-normal-c-useast1a.tiktokv.com
https://api30-core-c-alisg.tiktokv.com
https://api30-h2-eagle.tiktokv.com
https://api30-h2.tiktokv.com
https://api30-normal-c-useast2a.tiktokv.com
https://api30-normal-n-useast1a.tiktokv.com
https://api30-va.tiktokv.com
https://api30.tiktokv.com
https://api31-core-c-alisg.tiktokv.com
https://api31-core-c-useast1a.tiktokv.com
https://api31-core-q-alisg.tiktokv.com
https://api31-core-q-useast1a.tiktokv.com
https://api31-normal-c-alisg.tiktokv.com
https://api31-normal-c-useast1a.tiktokv.com
https://api31-normal-q-alisg.tiktokv.com
https://api31-normal-q-useast1a.tiktokv.com
https://api32-core-q-alisg.tiktokv.com
https://api32-core-q-useast1a.tiktokv.com
https://api32-normal-c-alisg.tiktokv.com
https://api32-normal-q-alisg.tiktokv.com
https://api32-normal-q-useast1a.tiktokv.com
https://api33-core-c-alisg.tiktokv.com
https://api33-core-c-useast1a.tiktokv.com
https://api33-core-q-alisg.tiktokv.com
https://api33-core-q-useast1a.tiktokv.com
https://api33-normal-c-alisg.tiktokv.com
https://api33-normal-c-useast1a.tiktokv.com
https://api33-normal-q-alisg.tiktokv.com
https://api33-normal-q-useast1a.tiktokv.com
https://api53-core-c-alisg.tiktokv.com
https://api53-core-c-useast1a.tiktokv.com
https://api53-normal-c-alisg.tiktokv.com
https://api53-normal-c-useast1a.tiktokv.com
https://api55-core-c-alisg.tiktokv.com
https://api55-core-c-useast1a.tiktokv.com
https://api55-normal-c-alisg.tiktokv.com
https://api55-normal-c-useast1a.tiktokv.com
https://api58-core-c-alisg.tiktokv.com
https://api58-core-c-alisg.tiktokv.com:444
https://api58-core-c-alisg.tiktokv.com:8443
https://api58-core-c-useast1a.tiktokv.com
https://api58-core-c-useast1a.tiktokv.com:444
https://api58-core-c-useast1a.tiktokv.com:8443
https://api58-normal-c-alisg.tiktokv.com
https://api58-normal-c-alisg.tiktokv.com:444
https://api58-normal-c-alisg.tiktokv.com:8443
https://api58-normal-c-useast1a.tiktokv.com
https://api58-normal-c-useast1a.tiktokv.com:444
https://api58-normal-c-useast1a.tiktokv.com:8443
https://api61-core-c-alisg.tiktokv.com
https://api61-core-c-useast1a.tiktokv.com
https://api61-normal-c-alisg.tiktokv.com
https://api77-core-c-alisg.tiktokv.com
https://api77-core-c-useast1a.tiktokv.com
https://api77-normal-c-alisg.tiktokv.com
https://api77-normal-c-useast1a.tiktokv.com
https://api9-core-c-alisg.tiktokv.com
https://api9-core-c-alisg.tiktokv.com:10002
https://api9-core-c-alisg.tiktokv.com:2222
https://api9-core-c-alisg.tiktokv.com:444
https://api9-core-c-alisg.tiktokv.com:8088
https://api9-core-c-alisg.tiktokv.com:8443
https://api9-core-c-alisg.tiktokv.com:9200
https://api9-core-c-useast1a.tiktokv.com
https://api9-core-c-useast1a.tiktokv.com:10002
https://api9-core-c-useast1a.tiktokv.com:2222
https://api9-core-c-useast1a.tiktokv.com:444
https://api9-core-c-useast1a.tiktokv.com:8088
https://api9-core-c-useast1a.tiktokv.com:8443
https://api9-core-c-useast1a.tiktokv.com:9200
https://api9-normal-c-alisg.tiktokv.com
https://api9-normal-c-alisg.tiktokv.com:10002
https://api9-normal-c-alisg.tiktokv.com:2222
https://api9-normal-c-alisg.tiktokv.com:444
https://api9-normal-c-alisg.tiktokv.com:8088
https://api9-normal-c-alisg.tiktokv.com:8443
https://api9-normal-c-alisg.tiktokv.com:9200
https://api9-normal-c-useast1a.tiktokv.com
https://api9-normal-c-useast1a.tiktokv.com:8088
https://apiproxy-va.tiktokv.com
https://app-va.tiktokv.com
https://business-va.tiktokv.com
https://business.tiktokv.com
https://campaign19-normal-useast5.us.tiktokv.com
https://checkorigin.tiktokv.com
https://dm-test.tiktokv.com
https://dm16-alisg.tiktokv.com
https://dm16-test-va.tiktokv.com
https://dm16-useast1a.tiktokv.com
https://dm16-useast2a.tiktokv.com
https://dm16-va.tiktokv.com
https://dm16.tiktokv.com
https://dm22-alisg.tiktokv.com
https://frontier-ru.tiktokv.com
https://frontier-va.tiktokv.com
https://frontier.tiktokv.com
https://frontier16-alisg.tiktokv.com
https://gecko-sg.tiktokv.com
https://gecko-va.tiktokv.com
https://gecko16-normal-c-useast1a.tiktokv.com
https://gecko16-normal-c-useast2a.tiktokv.com
https://hotapi-ru.tiktokv.com
https://hotapi-sg.tiktokv.com
https://hotapi-va.tiktokv.com
https://im-va.tiktokv.com
https://im16-normal-c-useast1a.tiktokv.com
https://im16-normal-c-useast2a.tiktokv.com
https://im16-tmp-normal-useast1a.tiktokv.com
https://image-sg-pub-test.tiktokv.com
https://image-sg-pub.tiktokv.com
https://image-sg.tiktokv.com
https://image-useast2a.tiktokv.com
https://image-va-pub-test-useast1a.tiktokv.com
https://image-va-pub-test-useast2a.tiktokv.com
https://image-va-pub-test.tiktokv.com
https://image-va-pub-useast1a.tiktokv.com
https://image-va-pub-useast2a.tiktokv.com
https://image-va-useast1a.tiktokv.com
https://imapi-16.tiktokv.com
https://jsb-sg.tiktokv.com
https://jsb-va.tiktokv.com
https://jsb16-normal-c-useast1a.tiktokv.com
https://libra-sg.tiktokv.com
https://libra-va.tiktokv.com
https://log-va.tiktokv.com
https://log.tiktokv.com
https://log16-normal-c-useast1a.tiktokv.com
https://log16-normal-c-useast2a.tiktokv.com
https://log3-normal-c-alisg.tiktokv.com
https://log53-normal-c-alisg.tiktokv.com
https://log55-normal-c-alisg.tiktokv.com
https://log58-normal-c-alisg.tiktokv.com
https://log58-normal-c-alisg.tiktokv.com:444
https://log58-normal-c-alisg.tiktokv.com:8443
https://log58-normal-c-useast1a.tiktokv.com:444
https://log58-normal-c-useast1a.tiktokv.com:8443
https://log77-normal-c-alisg.tiktokv.com
https://log9-normal-c-alisg.tiktokv.com
https://log9-normal-c-useast1a.tiktokv.com:8088
https://m-va.tiktokv.com
https://mcs-sg.tiktokv.com
https://mcs-va-useast2a.tiktokv.com
https://mcs-va.tiktokv.com
https://mon-ru.tiktokv.com
https://mon-sg.tiktokv.com
https://mon-useast2a.tiktokv.com
https://mon-va.tiktokv.com
https://mon.tiktokv.com
https://mon16-normal-c-useast1a.tiktokv.com
https://mon16-normal-c-useast2a.tiktokv.com
https://mssdk-va.tiktokv.com
https://oec-api.tiktokv.com
https://oec16-normal-alisg.tiktokv.com
https://oec16-normal-useast1a.tiktokv.com
https://oec16-normal-useast2a.tiktokv.com
https://open16-va-useast2a.tiktokv.com
https://open16-va.tiktokv.com
https://owl-sg-useast2a.tiktokv.com
https://owl-sg.tiktokv.com
https://rtlog-va.tiktokv.com
https://rtlog.tiktokv.com
https://sdfp-sg.tiktokv.com
https://sdfp-va-useast2a.tiktokv.com
https://sdfp-va.tiktokv.com
https://sdfp16-normal-c-useast1a.tiktokv.com
https://sdfp16-normal-c-useast2a.tiktokv.com
https://sdfp16-tmp-normal-useast1a.tiktokv.com
https://search-va-useast2a.tiktokv.com
https://search-va.tiktokv.com
https://search.tiktokv.com
https://search16-normal-c-alisg.tiktokv.com
https://search16-normal-c-useast1a.tiktokv.com
https://search16-normal-c-useast2a.tiktokv.com
https://search19-normal-c-useast1a.tiktokv.com
https://search21-normal-c-alisg.tiktokv.com
https://search21-normal-c-useast1a.tiktokv.com
https://search22-normal-c-alisg.tiktokv.com
https://search22-normal-c-useast1a.tiktokv.com
https://search22-normal-c-useast2a.tiktokv.com
https://search22-sug-normal-alisg.tiktokv.com
https://search22-sug-normal-useast1a.tiktokv.com
https://smr-sg.tiktokv.com
https://smr-va.tiktokv.com
https://tiktokv.com
https://tnc16-alisg.tiktokv.com
https://tnc16-platform-alisg.tiktokv.com
https://tnc16-platform-useast1a.tiktokv.com
https://tnc16-useast1a.tiktokv.com
https://tnc16-useast2a.tiktokv.com
https://tns-sec-log-useast2a.tiktokv.com
https://tos-maliva16-up.tiktokv.com
https://tos-maliva19-up.tiktokv.com
https://tos-maliva21-up.tiktokv.com
https://tos-va.tiktokv.com
https://tp-pay-mva.tiktokv.com
https://ttnet-useast2a.tiktokv.com
https://ugattribution-sg.tiktokv.com
https://upload22-normal-c-alisg.tiktokv.com
https://v-va.tiktokv.com
https://v.tiktokv.com
https://v16-up.tiktokv.com
https://v16.tiktokv.com
https://vas-alisg16.tiktokv.com
https://vas-maliva16.tiktokv.com
https://vcs-sg.tiktokv.com
https://vcs-va-useast2a.tiktokv.com
https://vcs-va.tiktokv.com
https://verification-va-useast2a.tiktokv.com
https://verification-va.tiktokv.com
https://verification16-normal-c-useast1a.tiktokv.com
https://verification16-normal-c-useast2a.tiktokv.com
https://verification16-tmp-normal-useast1a.tiktokv.com
https://verify-sg.tiktokv.com
https://video-sg.tiktokv.com
https://video-tcs-sg.tiktokv.com
https://video-tcs-va.tiktokv.com
https://video-useast2a.tiktokv.com
https://video-va.tiktokv.com
https://vod-maliva.tiktokv.com
https://vod-sg.tiktokv.com
https://webcast-ru.tiktokv.com
https://webcast-useast1a.tiktokv.com
https://webcast-useast2a.tiktokv.com
https://webcast-va.tiktokv.com
https://webcast.tiktokv.com
https://webcast1.tiktokv.com
https://webcast16-core-c-useast1a.tiktokv.com
https://webcast16-core-c-useast2a.tiktokv.com
https://webcast16-normal-c-alisg.tiktokv.com
https://webcast16-normal-c-useast1a.tiktokv.com
https://webcast16-normal-c-useast2a.tiktokv.com
https://webcast16-tmp-normal-useast1a.tiktokv.com
https://webcast16-va.tiktokv.com
https://webcast16-ws-c-alisg.tiktokv.com
https://webcast16-ws-c-va.tiktokv.com
https://webcast16.tiktokv.com
https://webcast19-core-c-alisg.tiktokv.com
https://webcast19-core-c-useast1a.tiktokv.com
https://webcast19-core-c-useast2a.tiktokv.com
https://webcast19-normal-c-alisg.tiktokv.com
https://webcast19-normal-c-useast1a.tiktokv.com
https://webcast19-normal-c-useast2a.tiktokv.com
https://webcast19-va.tiktokv.com
https://webcast19.tiktokv.com
https://webcast2.tiktokv.com
https://webcast21-core-c-useast1a.tiktokv.com
https://webcast21-core-c-useast2a.tiktokv.com
https://webcast21-normal-c-alisg.tiktokv.com
https://webcast21-normal-c-useast1a.tiktokv.com
https://webcast21-normal-c-useast2a.tiktokv.com
https://webcast21-va.tiktokv.com
https://webcast21.tiktokv.com
https://webcast22-core-c-useast1a.tiktokv.com
https://webcast22-normal-c-alisg.tiktokv.com
https://webcast22-normal-c-useast1a.tiktokv.com
https://webcast22-normal-c-useast2a.tiktokv.com
https://webcast4.tiktokv.com
https://webcast5.tiktokv.com
https://www.tiktokv.com
https://xlog-va-useast2a.tiktokv.com
https://xlog-va.tiktokv.com
https://xlog.tiktokv.com
https://xlog16-normal-c-useast1a.tiktokv.com
https://xlog16-normal-c-useast2a.tiktokv.com
