http://2076032.alerts.tinder.com
http://2076032.alerts.tinder.com.tinder.com
http://2076032.newsletter.tinder.com
http://2076032.notifications.tinder.com
http://2076032.welcome.tinder.com
http://2116317.welcome.tinder.com
http://2116321.notifications.tinder.com
http://2116324.newsletter.tinder.com
http://4123565.mail.tinder.com
http://4123565.tinder.com
http://abmail.tinder.com
http://emoji.tinder.com
http://go.tinder.com
http://invite.tinder.com
http://link.mail.tinder.com
http://link.tinder.com
http://link.updates.tinder.com
http://lite.tinder.com
http://open.tinder.com
http://policies.tinder.com
http://staging.tinder.com
http://swipelife.tinder.com
http://swipenight.tinder.com
http://tech.tinder.com
http://tinder.com
http://www.help.tinder.com
http://www.help.tinder.com:2083
http://www.help.tinder.com:2087
http://www.help.tinder.com:8443
http://www.swipenight.tinder.com
http://www.tinder.com
https://2076032.alerts.tinder.com
https://2076032.alerts.tinder.com.tinder.com
https://2076032.newsletter.tinder.com
https://2076032.notifications.tinder.com
https://2076032.welcome.tinder.com
https://2116317.welcome.tinder.com
https://2116321.notifications.tinder.com
https://2116324.newsletter.tinder.com
https://4123565.mail.tinder.com
https://4123565.tinder.com
https://abmail.tinder.com
https://emoji.tinder.com
https://go.tinder.com
https://invite.tinder.com
https://link.mail.tinder.com
https://link.tinder.com
https://link.updates.tinder.com
https://lite.tinder.com
https://open.tinder.com
https://policies.tinder.com
https://polls.tinder.com
https://staging.tinder.com
https://swipelife.tinder.com
https://swipenight.tinder.com
https://tech.tinder.com
https://tinder.com
https://www.help.tinder.com
https://www.swipenight.tinder.com
https://www.tinder.com
