http://194-107-116-201.tochka.com
http://allo-special.tochka.com
http://allo.tochka.com
http://api-pro-dev.tochka.com
http://api.tochka.com
http://arms.tochka.com
http://bigdemo.tochka.com
http://bitrix.tochka.com
http://bz.tochka.com
http://card-payment.tochka.com
http://card.tochka.com
http://chat-ext.tochka.com
http://chronos.tochka.com
http://cloud.tochka.com
http://crm-dws.tochka.com
http://crm-ws.tochka.com
http://crm.tochka.com
http://cs-seahorse-stage.tochka.com
http://digital-hr.tochka.com
http://dm.tochka.com
http://do.tochka.com
http://echo.tochka.com
http://echo.tochka.com:8008
http://edik-pre.tochka.com
http://edik-stage.tochka.com
http://email.tochka.com
http://ext-test-stage.tochka.com
http://ext-test.tochka.com
http://extranet.tochka.com
http://fintech.tochka.com
http://fintech.tochka.com:1443
http://happy.tochka.com
http://heart.tochka.com
http://home.tochka.com
http://in4sec.tochka.com
http://jira.tochka.com
http://job.tochka.com
http://lampa.tochka.com
http://love.tochka.com
http://meeting.tochka.com
http://my.tochka.com
http://nerabota.tochka.com
http://network.tochka.com
http://onlyoffice.tochka.com
http://open.tochka.com
http://partner.tochka.com
http://punk-bank.tochka.com
http://push.shop.tochka.com
http://push.tochka.com
http://pwd.tochka.com
http://qiwi-payout-gateway.tochka.com
http://reklama.tochka.com
http://rel.tochka.com
http://rk.tochka.com
http://rko.tochka.com
http://salute.tochka.com
http://service.tochka.com
http://shop.tochka.com
http://sirena.tochka.com
http://skrepka-mobile.tochka.com
http://sks.tochka.com
http://sso.tochka.com
http://staff.tochka.com
http://stage-digital-hr.tochka.com
http://stage-p2p.tochka.com
http://stage-qiwi-payout-gateway.tochka.com
http://stage-uapi.tochka.com
http://t2api-stage.tochka.com
http://t2api.tochka.com
http://tn.tochka.com
http://tochka.com
http://virtual-card.tochka.com
http://web-view-mobile-front.tochka.com
http://work.tochka.com
http://www.allo-special.tochka.com
http://www.allo.tochka.com
http://www.bigdemo.tochka.com
http://www.do.tochka.com
http://www.happy.tochka.com
http://www.job.tochka.com
http://www.lampa.tochka.com
http://www.partner.tochka.com
http://www.rel.tochka.com
http://www.rko.tochka.com
http://www.service.tochka.com
http://www.tochka.com
http://www.xs.tochka.com
http://xs.tochka.com
http://z.tochka.com
https://allo-special.tochka.com
https://allo.tochka.com
https://api-pro-dev.tochka.com
https://api-pro-dev.tochka.com:3000
https://api.tochka.com
https://arms.tochka.com
https://autodiscover.tochka.com
https://bigdemo.tochka.com
https://bitrix.tochka.com
https://bsm.tochka.com
https://bsm.tochka.com:8443
https://bz.tochka.com
https://card-payment.tochka.com
https://card.tochka.com
https://card.tochka.com:3000
https://chat-ext.tochka.com
https://chronos.tochka.com
https://chronos.tochka.com:3000
https://cloud.tochka.com
https://crm-dws.tochka.com
https://crm-ws.tochka.com
https://crm.tochka.com
https://cs-seahorse-stage.tochka.com
https://cs-seahorse-stage.tochka.com:2000
https://digital-hr.tochka.com
https://dm.tochka.com
https://dm.tochka.com:2000
https://do.tochka.com
https://echo.tochka.com
https://edik-pre.tochka.com
https://edik-stage.tochka.com
https://edik-stage.tochka.com:2000
https://email.tochka.com
https://enter.tochka.com
https://enter.tochka.com:2000
https://ex13.tochka.com
https://ext-test-stage.tochka.com
https://ext-test-stage.tochka.com:2000
https://ext-test.tochka.com
https://ext-test.tochka.com:2000
https://extranet.tochka.com
https://fintech.tochka.com
https://greetings.tochka.com
https://happy.tochka.com
https://heart.tochka.com
https://home.tochka.com
https://iam.tochka.com
https://in4sec.tochka.com
https://jira.tochka.com
https://job.tochka.com
https://lampa.tochka.com
https://love.tochka.com
https://meeting.tochka.com
https://meeting.tochka.com:3000
https://my.tochka.com
https://nerabota.tochka.com
https://network.tochka.com
https://network.tochka.com:3000
https://onlyoffice.tochka.com
https://open.tochka.com
https://open.tochka.com:3000
https://p2p-corporative.tochka.com
https://p2p.tochka.com
https://partner.tochka.com
https://possbp.tochka.com
https://possbp.tochka.com:2000
https://punk-bank.tochka.com
https://push.shop.tochka.com
https://push.tochka.com
https://pwd.tochka.com
https://qiwi-payout-gateway.tochka.com
https://reklama.tochka.com
https://rel.tochka.com
https://rk.tochka.com
https://rko.tochka.com
https://salute.tochka.com
https://service.tochka.com
https://shop.tochka.com
https://sirena.tochka.com
https://sirena.tochka.com:3000
https://skrepka-mobile.tochka.com
https://sks.tochka.com
https://sm.tochka.com
https://sm.tochka.com:8443
https://sm1.tochka.com
https://sm1.tochka.com:8443
https://sm2.tochka.com
https://sm2.tochka.com:8443
https://sso.tochka.com
https://staff.tochka.com
https://staff.tochka.com:3000
https://stage-digital-hr.tochka.com
https://stage-p2p.tochka.com
https://stage-p2p.tochka.com:2000
https://stage-qiwi-payout-gateway.tochka.com
https://stage-qiwi-payout-gateway.tochka.com:2000
https://stage-uapi.tochka.com
https://stage-uapi.tochka.com:2000
https://t2api-stage.tochka.com
https://t2api.tochka.com
https://t2api.tochka.com:3000
https://tn.tochka.com
https://tochka.com
https://virtual-card.tochka.com
https://vpn-mobile.tochka.com
https://vpn-new.tochka.com
https://vpn-test.tochka.com
https://vpn.tochka.com
https://web-view-mobile-front.tochka.com
https://welcome.tochka.com
https://work.tochka.com
https://www.allo-special.tochka.com
https://www.allo.tochka.com
https://www.bigdemo.tochka.com
https://www.do.tochka.com
https://www.happy.tochka.com
https://www.job.tochka.com
https://www.lampa.tochka.com
https://www.partner.tochka.com
https://www.rel.tochka.com
https://www.rko.tochka.com
https://www.service.tochka.com
https://www.tochka.com
https://www.xs.tochka.com
https://xs.tochka.com
https://z.tochka.com
