http://acc.exclusief.trouw.nl
http://acc.trouw.nl
http://acc2.trouw.nl
http://acc43.trouw.nl
http://accounts.trouw.nl
http://actie.trouw.nl
http://advertorial.trouw.nl
http://afval.trouw.nl
http://beta.trouw.nl
http://borealis.trouw.nl
http://brandedcontent.trouw.nl
http://caps-acc.trouw.nl
http://caps.trouw.nl
http://cmp.trouw.nl
http://copacabana.trouw.nl
http://dev-service.trouw.nl
http://digitalekrant.trouw.nl
http://e.email.trouw.nl
http://esales-test.trouw.nl
http://esales.trouw.nl
http://exclusief.trouw.nl
http://ims.trouw.nl
http://krant.trouw.nl
http://landingpage.trouw.nl
http://login.trouw.nl
http://login2.trouw.nl
http://luther.trouw.nl
http://m.trouw.nl
http://manuscript.trouw.nl
http://marketingactie.trouw.nl
http://mijn.trouw.nl
http://mijnomgeving-acc.trouw.nl
http://mijnomgeving.trouw.nl
http://mobile-acc.trouw.nl
http://mobile2.trouw.nl
http://myaccount.trouw.nl
http://pmail.trouw.nl
http://prod.trouw.nl
http://puzzels.trouw.nl
http://secure-acc.trouw.nl
http://social.trouw.nl
http://story.trouw.nl
http://t.trouw.nl
http://verhalen.trouw.nl
http://video.trouw.nl
http://web.trouw.nl
http://webwinkel.trouw.nl
http://wedstrijd.trouw.nl
http://winkel.trouw.nl
http://www.trouw.nl
https://acc.exclusief.trouw.nl
https://acc.trouw.nl
https://acc2.trouw.nl
https://acc43.trouw.nl
https://accounts.trouw.nl
https://actie.trouw.nl
https://advertorial.trouw.nl
https://afval.trouw.nl
https://beta.trouw.nl
https://borealis.trouw.nl
https://brandedcontent.trouw.nl
https://caps-acc.trouw.nl
https://caps.trouw.nl
https://cmp.trouw.nl
https://copacabana.trouw.nl
https://dev-service.trouw.nl
https://digitalekrant.trouw.nl
https://e.email.trouw.nl
https://esales-test.trouw.nl
https://esales.trouw.nl
https://exclusief.trouw.nl
https://ims.trouw.nl
https://krant.trouw.nl
https://landingpage.trouw.nl
https://login.trouw.nl
https://login2.trouw.nl
https://luther.trouw.nl
https://m.trouw.nl
https://manuscript.trouw.nl
https://marketingactie.trouw.nl
https://mijn.trouw.nl
https://mijnomgeving-acc.trouw.nl
https://mijnomgeving.trouw.nl
https://mobile-acc.trouw.nl
https://mobile2.trouw.nl
https://myaccount.trouw.nl
https://pmail.trouw.nl
https://prod.trouw.nl
https://puzzels.trouw.nl
https://secure-acc.trouw.nl
https://social.trouw.nl
https://story.trouw.nl
https://t.trouw.nl
https://verhalen.trouw.nl
https://video.trouw.nl
https://web.trouw.nl
https://webwinkel.trouw.nl
https://wedstrijd.trouw.nl
https://winkel.trouw.nl
https://www.trouw.nl
