http://android-adr-docs.mobile.tstaging.com
http://api-cloudfront.ue1.d3.tstaging.com
http://api.s11.tstaging.com
http://api.ue1.stg1.tstaging.com
http://clientmodels.ue1.d1.tstaging.com
http://images-ssl-v2.ue1.d3.tstaging.com
http://images-ssl-v2.ue1.stg1.tstaging.com
http://imageupload.s11.tstaging.com
http://keepalive-cloudfront.ue1.d3.tstaging.com
http://keepalive.ue1.d1.tstaging.com
http://keepalive.ue1.d2.tstaging.com
http://keepalive.ue1.d3.tstaging.com
http://keepalive.ue1.stg1.tstaging.com
http://linktest.ue1.d1.tstaging.com
http://previewmapping.ue1.d1.tstaging.com
http://previewmapping.ue1.d2.tstaging.com
http://previewmapping.ue1.d3.tstaging.com
http://previewmapping.ue1.d4.tstaging.com
http://previewmapping.ue1.stg1.tstaging.com
http://story-assets.ue1.d1.tstaging.com
http://story-assets.ue1.stg1.tstaging.com
https://airflow.ue1.d1.tstaging.com
https://airflow.ue1.d3.tstaging.com
https://airflow.ue1.stg1.tstaging.com
https://api-cloudfront.a.ue1.stg1.tstaging.com
https://api-cloudfront.ue1.d3.tstaging.com
https://api-cloudfront.ue1.stg1.tstaging.com
https://api.s11.tstaging.com
https://api.ue1.d1.tstaging.com
https://api.ue1.d3.tstaging.com
https://api.ue1.d4.tstaging.com
https://api.ue1.stg1.tstaging.com
https://botrank.ue1.d1.tstaging.com
https://botrank.ue1.d3.tstaging.com
https://botrank.ue1.d4.tstaging.com
https://botrank.ue1.stg1.tstaging.com
https://clientmodels.ue1.d1.tstaging.com
https://fakebook.ue1.d1.tstaging.com
https://flower.ue1.d1.tstaging.com
https://images-ssl-v2.ue1.d3.tstaging.com
https://images-ssl-v2.ue1.stg1.tstaging.com
https://imageupload.s11.tstaging.com
https://keepalive-cloudfront.a.ue1.stg1.tstaging.com
https://keepalive-cloudfront.ue1.stg1.tstaging.com
https://keepalive.ue1.d1.tstaging.com
https://keepalive.ue1.d3.tstaging.com
https://keepalive.ue1.stg1.tstaging.com
https://linktest.ue1.d1.tstaging.com
https://previewmapping.ue1.d1.tstaging.com
https://previewmapping.ue1.d2.tstaging.com
https://previewmapping.ue1.d3.tstaging.com
https://previewmapping.ue1.d4.tstaging.com
https://previewmapping.ue1.stg1.tstaging.com
https://quickfire.ue1.d1.tstaging.com
https://quickfire.ue1.d4.tstaging.com
https://quickfire.ue1.stg1.tstaging.com
https://rapidfire.ue1.d1.tstaging.com
https://rapidfire.ue1.d3.tstaging.com
https://rapidfire.ue1.d4.tstaging.com
https://rapidfire.ue1.stg1.tstaging.com
https://rapidfirepublish.ue1.stg1.tstaging.com
https://story-assets.ue1.d1.tstaging.com
https://story-assets.ue1.stg1.tstaging.com
https://testrail.ue1.d1.tstaging.com
