http://P.twimg.com
http://abs-0.twimg.com
http://abs-ak.twimg.com
http://abs-ec.twimg.com
http://abs-ft.twimg.com
http://abs-o-ak.twimg.com
http://abs-o-ec.twimg.com
http://abs-o-ft.twimg.com
http://abs-o.twimg.com
http://abs-t-1.twimg.com
http://abs-t-2.twimg.com
http://abs-t-3.twimg.com
http://abs-t-4.twimg.com
http://abs-t-5.twimg.com
http://abs-zero.twimg.com
http://abs.twimg.com
http://admedia.twimg.com
http://amp-0.twimg.com
http://amp-eb.twimg.com
http://amp-o.twimg.com
http://amp-staging.twimg.com
http://amp-zero.twimg.com
http://amp.twimg.com
http://amp2.twimg.com
http://cdn.syndication.twimg.com
http://dnt-o.twimg.com
http://dnt.twimg.com
http://ea-o.twimg.com
http://ea.twimg.com
http://edge.cnames.video.twimg.com
http://fastly-public-purge.twimg.com
http://fastly-purge.twimg.com
http://g-o.twimg.com
http://g-staging.twimg.com
http://g.twimg.com
http://g2.twimg.com
http://gu.twimg.com
http://hca.twimg.com
http://l.twimg.com
http://ma-0.twimg.com
http://ma-ak.twimg.com
http://ma-fastly.twimg.com
http://ma-ft.twimg.com
http://ma-o-ak.twimg.com
http://ma-o-ec.twimg.com
http://ma-o-ft.twimg.com
http://ma-o.twimg.com
http://ma-zero.twimg.com
http://ma.twimg.com
http://ma0.twimg.com
http://ma1.twimg.com
http://ma2.twimg.com
http://ma3.twimg.com
http://mobile-staging1.twimg.com
http://mobile-staging2.twimg.com
http://mobile-staging3.twimg.com
http://mobile-staging4.twimg.com
http://mobile1.twimg.com
http://mobile2.twimg.com
http://mobile3.twimg.com
http://mobile4.twimg.com
http://o-0.twimg.com
http://o-ak.twimg.com
http://o-ec.twimg.com
http://o-ft.twimg.com
http://o-zero.twimg.com
http://oem-o.twimg.com
http://oem.twimg.com
http://p.twimg.com
http://pbs-0.twimg.com
http://pbs-ak.twimg.com
http://pbs-eb.twimg.com
http://pbs-ec.twimg.com
http://pbs-ft.twimg.com
http://pbs-gc.twimg.com
http://pbs-gc.twimg.com:8080
http://pbs-h2.twimg.com
http://pbs-o-ak.twimg.com
http://pbs-o-ec.twimg.com
http://pbs-o-ft.twimg.com
http://pbs-o.twimg.com
http://pbs-t-1.twimg.com
http://pbs-t-2.twimg.com
http://pbs-t-3.twimg.com
http://pbs-t-4.twimg.com
http://pbs-t-5.twimg.com
http://pbs-v6.twimg.com
http://pbs-zero.twimg.com
http://pbs.twimg.com
http://r.twimg.com
http://s.twimg.com
http://sa-bs-o.twimg.com
http://star.twimg.com
http://syndication-o.twimg.com
http://syndication.twimg.com
http://t.lv.twimg.com
http://test.twimg.com
http://ton-0.twimg.com
http://ton-ak.twimg.com
http://ton-ec.twimg.com
http://ton-ft.twimg.com
http://ton-o-ak.twimg.com
http://ton-o-ec.twimg.com
http://ton-o-ft.twimg.com
http://ton-o.twimg.com
http://ton-zero.twimg.com
http://ton.twimg.com
http://ttc.twimg.com
http://tweet.twimg.com
http://twitter.twimg.com
http://video-0.twimg.com
http://video-ak.twimg.com
http://video-eb.twimg.com
http://video-ec.twimg.com
http://video-ft.twimg.com
http://video-o-ak.twimg.com
http://video-o-ec.twimg.com
http://video-o-ft.twimg.com
http://video-o.twimg.com
http://video-staging.twimg.com
http://video-t-1.twimg.com
http://video-t-2.twimg.com
http://video-t-3.twimg.com
http://video-t-4.twimg.com
http://video-t-5.twimg.com
http://video-zero.twimg.com
http://video.twimg.com
http://wildcard.twimg.com
http://zero.twimg.com
https://P.twimg.com
https://abs-0.twimg.com
https://abs-ak.twimg.com
https://abs-ec.twimg.com
https://abs-ft.twimg.com
https://abs-o-ak.twimg.com
https://abs-o-ec.twimg.com
https://abs-o-ft.twimg.com
https://abs-o.twimg.com
https://abs-t-1.twimg.com
https://abs-t-2.twimg.com
https://abs-t-3.twimg.com
https://abs-t-4.twimg.com
https://abs-t-5.twimg.com
https://abs-zero.twimg.com
https://abs.twimg.com
https://admedia.twimg.com
https://amp-0.twimg.com
https://amp-eb.twimg.com
https://amp-o.twimg.com
https://amp-staging.twimg.com
https://amp-zero.twimg.com
https://amp.twimg.com
https://amp2.twimg.com
https://cdn.syndication.twimg.com
https://dnt-o.twimg.com
https://dnt.twimg.com
https://ea-o.twimg.com
https://ea.twimg.com
https://edge.cnames.video.twimg.com
https://fastly-public-purge.twimg.com
https://fastly-purge.twimg.com
https://g-o.twimg.com
https://g-staging.twimg.com
https://g.twimg.com
https://g2.twimg.com
https://gu.twimg.com
https://hca.twimg.com
https://l.twimg.com
https://ma-0.twimg.com
https://ma-ak.twimg.com
https://ma-fastly.twimg.com
https://ma-ft.twimg.com
https://ma-o-ak.twimg.com
https://ma-o-ec.twimg.com
https://ma-o-ft.twimg.com
https://ma-o.twimg.com
https://ma-zero.twimg.com
https://ma.twimg.com
https://ma0.twimg.com
https://ma1.twimg.com
https://ma2.twimg.com
https://ma3.twimg.com
https://mobile-staging1.twimg.com
https://mobile-staging2.twimg.com
https://mobile-staging3.twimg.com
https://mobile-staging4.twimg.com
https://mobile1.twimg.com
https://mobile2.twimg.com
https://mobile3.twimg.com
https://mobile4.twimg.com
https://o-0.twimg.com
https://o-ak.twimg.com
https://o-ec.twimg.com
https://o-ft.twimg.com
https://o-zero.twimg.com
https://oem-o.twimg.com
https://oem.twimg.com
https://p.twimg.com
https://pbs-0.twimg.com
https://pbs-ak.twimg.com
https://pbs-eb.twimg.com
https://pbs-ec.twimg.com
https://pbs-ft.twimg.com
https://pbs-h2.twimg.com
https://pbs-o-ak.twimg.com
https://pbs-o-ec.twimg.com
https://pbs-o-ft.twimg.com
https://pbs-o.twimg.com
https://pbs-t-1.twimg.com
https://pbs-t-2.twimg.com
https://pbs-t-3.twimg.com
https://pbs-t-4.twimg.com
https://pbs-t-5.twimg.com
https://pbs-v6.twimg.com
https://pbs-zero.twimg.com
https://pbs.twimg.com
https://r.twimg.com
https://s.twimg.com
https://sa-bs-o.twimg.com
https://star.twimg.com
https://syndication-o.twimg.com
https://syndication.twimg.com
https://t.lv.twimg.com
https://test.twimg.com
https://ton-0.twimg.com
https://ton-ak.twimg.com
https://ton-ec.twimg.com
https://ton-ft.twimg.com
https://ton-o-ak.twimg.com
https://ton-o-ec.twimg.com
https://ton-o-ft.twimg.com
https://ton-o.twimg.com
https://ton-zero.twimg.com
https://ton.twimg.com
https://ttc.twimg.com
https://tweet.twimg.com
https://twitter.twimg.com
https://video-0.twimg.com
https://video-ak.twimg.com
https://video-eb.twimg.com
https://video-ec.twimg.com
https://video-ft.twimg.com
https://video-o-ak.twimg.com
https://video-o-ec.twimg.com
https://video-o-ft.twimg.com
https://video-o.twimg.com
https://video-staging.twimg.com
https://video-t-1.twimg.com
https://video-t-2.twimg.com
https://video-t-3.twimg.com
https://video-t-4.twimg.com
https://video-t-5.twimg.com
https://video-zero.twimg.com
https://video.twimg.com
https://wildcard.twimg.com
https://zero.twimg.com
