http://api-campaigns.uphold.com
http://api-openbanking-sandbox.uphold.com
http://api-openbanking.uphold.com
http://api-sandbox.uphold.com
http://api.uphold.com
http://attachment.uphold.com
http://blog.uphold.com
http://blog.uphold.com:2082
http://blog.uphold.com:2086
http://blog.uphold.com:2095
http://blog.uphold.com:8080
http://blog.uphold.com:8880
http://cdn.uphold.com
http://cms.uphold.com
http://crl.uphold.com
http://developer.uphold.com
http://e-sandbox.uphold.com
http://e.uphold.com
http://email-unboxed.uphold.com
http://email.gh-mail.uphold.com
http://email.help.uphold.com
http://ilp-gateway-sandbox.uphold.com
http://ilp-gateway.uphold.com
http://ilp-sandbox.uphold.com
http://ilp.uphold.com
http://leaderboard.uphold.com
http://pki.uphold.com
http://static-attachment.uphold.com
http://status.uphold.com
http://support.uphold.com
http://trends-sandbox.uphold.com
http://trends.uphold.com
http://wallet-sandbox.uphold.com
http://wallet.uphold.com
http://website-sandbox.uphold.com
http://website.uphold.com
http://widget-sandbox.uphold.com
http://www.uphold.com
http://zendesk1.uphold.com
http://zendesk2.uphold.com
http://zendesk3.uphold.com
http://zendesk4.uphold.com
https://api-campaigns.uphold.com
https://api-openbanking-sandbox.uphold.com
https://api-openbanking.uphold.com
https://api-sandbox.uphold.com
https://api.uphold.com
https://attachment.uphold.com
https://blog.uphold.com
https://blog.uphold.com:2083
https://blog.uphold.com:2087
https://blog.uphold.com:8443
https://cdn.uphold.com
https://cms.uphold.com
https://developer.uphold.com
https://e-sandbox.uphold.com
https://e.uphold.com
https://email-unboxed.uphold.com
https://email.gh-mail.uphold.com
https://email.help.uphold.com
https://ilp-gateway-sandbox.uphold.com
https://ilp-gateway.uphold.com
https://ilp-sandbox.uphold.com
https://ilp.uphold.com
https://leaderboard.uphold.com
https://pki.uphold.com
https://static-attachment.uphold.com
https://support.uphold.com
https://trends-sandbox.uphold.com
https://trends.uphold.com
https://wallet-sandbox.uphold.com
https://wallet.uphold.com
https://website-sandbox.uphold.com
https://website.uphold.com
https://widget-sandbox.uphold.com
https://www.uphold.com
https://zendesk1.uphold.com
https://zendesk2.uphold.com
https://zendesk3.uphold.com
https://zendesk4.uphold.com
