http://api.vladcazino.ro
http://autodiscover.vladcazino.ro
http://brand.vladcazino.ro
http://eum.vladcazino.ro
http://evolivecasino.vladcazino.ro
http://payment.vladcazino.ro
http://vladcazino.ro
http://welcome.vladcazino.ro
http://www-qa1.vladcazino.ro
http://www.vladcazino.ro
http://xns.vladcazino.ro
https://api.vladcazino.ro
https://brand.vladcazino.ro
https://eum.vladcazino.ro
https://evolivecasino.vladcazino.ro
https://payment.vladcazino.ro
https://vladcazino.ro
https://welcome.vladcazino.ro
https://www-qa1.vladcazino.ro
https://www.vladcazino.ro
https://xns.vladcazino.ro
