http://acc.inclusief.volkskrant.nl
http://accounts.volkskrant.nl
http://actie.volkskrant.nl
http://advertorial.volkskrant.nl
http://beta.volkskrant.nl
http://brandedcontent.volkskrant.nl
http://caps-acc.volkskrant.nl
http://caps.volkskrant.nl
http://cmp.volkskrant.nl
http://dev-service.volkskrant.nl
http://digitalekrant.volkskrant.nl
http://e.email.volkskrant.nl
http://esales-test.volkskrant.nl
http://esales.volkskrant.nl
http://ims.volkskrant.nl
http://inclusief.volkskrant.nl
http://krant.volkskrant.nl
http://landingpage.volkskrant.nl
http://lezersreizen.volkskrant.nl
http://login.volkskrant.nl
http://login2.volkskrant.nl
http://marketingactie.volkskrant.nl
http://mijn.volkskrant.nl
http://mijnomgeving-acc.volkskrant.nl
http://mijnomgeving.volkskrant.nl
http://mobile-vkgo-acc.volkskrant.nl
http://mobile.volkskrant.nl
http://myaccount.volkskrant.nl
http://openredactie.volkskrant.nl
http://pdf-archive.volkskrant.nl
http://pmail.volkskrant.nl
http://prod.volkskrant.nl
http://puzzels.volkskrant.nl
http://secure-acc.volkskrant.nl
http://social.volkskrant.nl
http://story.volkskrant.nl
http://t.volkskrant.nl
http://temptation.volkskrant.nl
http://test-openredactie.volkskrant.nl
http://verhalen.volkskrant.nl
http://video.volkskrant.nl
http://volkskrant.nl
http://web.volkskrant.nl
http://webwinkel.volkskrant.nl
http://welkom.staging.volkskrant.nl
http://welkom.volkskrant.nl
http://wiki.volkskrant.nl
http://winkel.volkskrant.nl
http://www.acceptance.volkskrant.nl
http://www.photo.volkskrant.nl
http://www.volkskrant.nl
https://acc.inclusief.volkskrant.nl
https://accounts.volkskrant.nl
https://actie.volkskrant.nl
https://beta.volkskrant.nl
https://brandedcontent.volkskrant.nl
https://caps-acc.volkskrant.nl
https://cmp.volkskrant.nl
https://dev-service.volkskrant.nl
https://digitalekrant.volkskrant.nl
https://e.email.volkskrant.nl
https://esales-test.volkskrant.nl
https://esales.volkskrant.nl
https://ims.volkskrant.nl
https://inclusief.volkskrant.nl
https://krant.volkskrant.nl
https://labs.volkskrant.nl
https://landingpage.volkskrant.nl
https://lezersreizen.volkskrant.nl
https://login.volkskrant.nl
https://login2.volkskrant.nl
https://marketingactie.volkskrant.nl
https://mijn.volkskrant.nl
https://mijnomgeving-acc.volkskrant.nl
https://mijnomgeving.volkskrant.nl
https://mobile-vkgo-acc.volkskrant.nl
https://mobile.volkskrant.nl
https://myaccount.volkskrant.nl
https://openredactie.volkskrant.nl
https://pdf-archive.volkskrant.nl
https://pmail.volkskrant.nl
https://prod.volkskrant.nl
https://secure-acc.volkskrant.nl
https://social.volkskrant.nl
https://story.volkskrant.nl
https://t.volkskrant.nl
https://temptation.volkskrant.nl
https://test-openredactie.volkskrant.nl
https://verhalen.volkskrant.nl
https://verhalen.volkskrant.nl:8443
https://video.volkskrant.nl
https://volkskrant.nl
https://web.volkskrant.nl
https://webwinkel.volkskrant.nl
https://welkom.staging.volkskrant.nl
https://welkom.volkskrant.nl
https://wiki.volkskrant.nl
https://winkel.volkskrant.nl
https://www.acceptance.volkskrant.nl
https://www.photo.volkskrant.nl
https://www.volkskrant.nl
