http://1024.dev.api.vtm.be
http://actie.vtm.be
http://admin.auditie.thevoice.vtm.be
http://admin.degrotesprong.vtm.be
http://akamai.vtm.be
http://akamaitest.vtm.be
http://api.vtm.be
http://assets.vtm.be
http://auditie.thevoice.vtm.be
http://beleving-assets-stag.vtm.be
http://beleving-assets.vtm.be
http://belgiums-got-talent.vtm.be
http://c.vtm.be
http://campingcoppens.vtm.be
http://cmp.vtm.be
http://cms-stag.vtm.be
http://cms.vtm.be
http://code-van-coppens.vtm.be
http://communicatie.vtm.be
http://customerservice.vtm.be
http://customerservicekoken.vtm.be
http://customerservicenieuws.vtm.be
http://dev-errorpages.vtm.be
http://dev.koken.vtm.be
http://dev.video.auditie.thevoice.vtm.be
http://dev.vtm.be
http://deverraders-staging.vtm.be
http://deverraders.vtm.be
http://errnetstorage.vtm.be
http://errorpages.vtm.be
http://flvpd.vtm.be
http://grannyprix.vtm.be
http://icsyv-staging.vtm.be
http://icsyv.vtm.be
http://image.vtm.be
http://ims.vtm.be
http://k2zoektk3-assets.vtm.be
http://k2zoektk3.vtm.be
http://koken.vtm.be
http://l3.static.degrotesprong.vtm.be
http://l3.static.thevoice.vtm.be
http://l3.streaming.vtm.be
http://login.vtm.be
http://login2.vtm.be
http://maintenance.vtm.be
http://mijn.vtm.be
http://myaccount.vtm.be
http://nieuws.vtm.be
http://qualifio.koken.vtm.be
http://qualifio.nieuws.vtm.be
http://qualifio.vtm.be
http://seymour-acc.vtm.be
http://seymour-test.vtm.be
http://seymour.vtm.be
http://sst.vtm.be
http://stag.api.vtm.be
http://stag.assets.vtm.be
http://stag.cms.vtm.be
http://stag.koken.vtm.be
http://stag.vtm.be
http://static-koken.vtm.be
http://static-vtm.vtm.be
http://stem-dev.vtm.be
http://stem-stag.vtm.be
http://stem.vtm.be
http://streaming.vtm.be
http://sytycd.vtm.be
http://themaskedsinger-demo.vtm.be
http://themaskedsinger-staging.vtm.be
http://themaskedsinger.vtm.be
http://thevoicevanvlaanderen.vtm.be
http://tickets.vtm.be
http://tms.vtm.be
http://voorjaar2019.vtm.be
http://vtm.be
http://www.vtm.be
http://zendesk1.vtm.be
http://zendesk2.vtm.be
http://zendesk3.vtm.be
http://zendesk4.vtm.be
https://1024.dev.api.vtm.be
https://actie.vtm.be
https://admin.auditie.thevoice.vtm.be
https://admin.degrotesprong.vtm.be
https://akamai.vtm.be
https://akamaitest.vtm.be
https://api.vtm.be
https://assets.vtm.be
https://auditie.thevoice.vtm.be
https://beleving-assets-stag.vtm.be
https://beleving-assets.vtm.be
https://belgiums-got-talent.vtm.be
https://c.vtm.be
https://campingcoppens.vtm.be
https://cmp.vtm.be
https://cms-stag.vtm.be
https://cms.vtm.be
https://code-van-coppens.vtm.be
https://communicatie.vtm.be
https://customerservice.vtm.be
https://customerservicekoken.vtm.be
https://customerservicenieuws.vtm.be
https://dev-errorpages.vtm.be
https://dev.koken.vtm.be
https://dev.video.auditie.thevoice.vtm.be
https://dev.vtm.be
https://deverraders-staging.vtm.be
https://deverraders.vtm.be
https://errnetstorage.vtm.be
https://errorpages.vtm.be
https://flvpd.vtm.be
https://icsyv-staging.vtm.be
https://icsyv.vtm.be
https://image.vtm.be
https://ims.vtm.be
https://k2zoektk3-assets.vtm.be
https://k2zoektk3.vtm.be
https://koken.vtm.be
https://l3.static.degrotesprong.vtm.be
https://l3.static.thevoice.vtm.be
https://login.vtm.be
https://login2.vtm.be
https://maintenance.vtm.be
https://mijn.vtm.be
https://myaccount.vtm.be
https://nieuws.vtm.be
https://qualifio.koken.vtm.be
https://qualifio.nieuws.vtm.be
https://qualifio.vtm.be
https://seymour-acc.vtm.be
https://seymour-test.vtm.be
https://seymour.vtm.be
https://sst.vtm.be
https://stag.api.vtm.be
https://stag.assets.vtm.be
https://stag.cms.vtm.be
https://stag.koken.vtm.be
https://stag.vtm.be
https://static-koken.vtm.be
https://static-vtm.vtm.be
https://stem-dev.vtm.be
https://stem-stag.vtm.be
https://stem.vtm.be
https://sytycd.vtm.be
https://themaskedsinger-demo.vtm.be
https://themaskedsinger-staging.vtm.be
https://themaskedsinger.vtm.be
https://thevoice-auditieruimte.vtm.be
https://thevoicevanvlaanderen.vtm.be
https://tickets.vtm.be
https://tms.vtm.be
https://voorjaar2019.vtm.be
https://vtm.be
https://www.vtm.be
