http://admin-west.withbuddies.com
http://admin.content.odyssey.withbuddies.com
http://admin.content.pantheon.withbuddies.com
http://admin.design.odyssey.withbuddies.com
http://admin.dev.odyssey.withbuddies.com
http://admin.dev.panda.withbuddies.com
http://admin.dev.pantheon.withbuddies.com
http://admin.dev.sample.withbuddies.com
http://admin.dev.tophat.withbuddies.com
http://admin.dev.tuscany.withbuddies.com
http://admin.loadtest.tophat.withbuddies.com
http://admin.preview.dice.withbuddies.com
http://admin.preview.pantheon.withbuddies.com
http://admin.preview.scrabble.withbuddies.com
http://admin.preview.wheel.withbuddies.com
http://admin.prod.dice.withbuddies.com
http://admin.prod.odyssey.withbuddies.com
http://admin.prod.panda.withbuddies.com
http://admin.prod.pantheon.withbuddies.com
http://admin.prod.wheel.withbuddies.com
http://admin.production.scrabble.withbuddies.com
http://admin.qa.dice.withbuddies.com
http://admin.qa.panda.withbuddies.com
http://admin.qa.pantheon.withbuddies.com
http://admin.qa.tophat.withbuddies.com
http://admin.qa.wheel.withbuddies.com
http://admin.qa2.panda.withbuddies.com
http://admin.sandbox1.tophat.withbuddies.com
http://admin.sandbox2.tophat.withbuddies.com
http://admin.stable1.odyssey.withbuddies.com
http://admin.stable2.odyssey.withbuddies.com
http://admin.stage.dice.withbuddies.com
http://admin.stage.odyssey.withbuddies.com
http://admin.stage.panda.withbuddies.com
http://admin.stage.pantheon.withbuddies.com
http://admin.stage.scrabble.withbuddies.com
http://admin.stage.tophat.withbuddies.com
http://admin.staging.odyssey.withbuddies.com
http://admin.withbuddies.com
http://api-test.content.odyssey.withbuddies.com
http://api-test.design.odyssey.withbuddies.com
http://api-test.dev.odyssey.withbuddies.com
http://api-test.dev.panda.withbuddies.com
http://api-test.dev.pantheon.withbuddies.com
http://api-test.preview.dice.withbuddies.com
http://api-test.preview.pantheon.withbuddies.com
http://api-test.preview.scrabble.withbuddies.com
http://api-test.prod.odyssey.withbuddies.com
http://api-test.production.scrabble.withbuddies.com
http://api-test.qa.pantheon.withbuddies.com
http://api-test.stable1.odyssey.withbuddies.com
http://api-test.stage.odyssey.withbuddies.com
http://api-test.stage.scrabble.withbuddies.com
http://api-test.staging.odyssey.withbuddies.com
http://api.content.pantheon.withbuddies.com
http://api.design.odyssey.withbuddies.com
http://api.dev.legend.withbuddies.com
http://api.dev.odyssey.withbuddies.com
http://api.dev.panda.withbuddies.com
http://api.dev.pantheon.withbuddies.com
http://api.dev.sample.withbuddies.com
http://api.dev.tophat.withbuddies.com
http://api.dev.tuscany.withbuddies.com
http://api.loadtest.tophat.withbuddies.com
http://api.preview.pantheon.withbuddies.com
http://api.preview.scrabble.withbuddies.com
http://api.preview.wheel.withbuddies.com
http://api.prod.dice.withbuddies.com
http://api.prod.odyssey.withbuddies.com
http://api.prod.panda.withbuddies.com
http://api.prod.wheel.withbuddies.com
http://api.production.scrabble.withbuddies.com
http://api.qa.dice.withbuddies.com
http://api.qa.panda.withbuddies.com
http://api.qa.pantheon.withbuddies.com
http://api.qa.scrabble.withbuddies.com
http://api.qa.tophat.withbuddies.com
http://api.qa.wheel.withbuddies.com
http://api.qa2.panda.withbuddies.com
http://api.sandbox1.tophat.withbuddies.com
http://api.sandbox2.tophat.withbuddies.com
http://api.stable1.odyssey.withbuddies.com
http://api.stage.dice.withbuddies.com
http://api.stage.odyssey.withbuddies.com
http://api.stage.panda.withbuddies.com
http://api.stage.scrabble.withbuddies.com
http://api.stage.tophat.withbuddies.com
http://api.staging.odyssey.withbuddies.com
http://api2.production.scrabble.withbuddies.com
http://batch-games-minigolf-api.withbuddies.com
http://cf-dice-api.withbuddies.com
http://dev-wheeloffortune-api.withbuddies.com
http://dev.web.preview.scrabble.withbuddies.com
http://dice-admin.withbuddies.com
http://dice-api.withbuddies.com
http://dice-hangfire.withbuddies.com
http://discobees-api.withbuddies.com
http://email.withbuddies.com
http://facebook-dice.withbuddies.com
http://facebookapi.preview.dice.withbuddies.com
http://facebookapi.prod.dice.withbuddies.com
http://facebookapi.qa.dice.withbuddies.com
http://facebookapi.stage.dice.withbuddies.com
http://flora-render-prod.prod.petunia.withbuddies.com
http://flora-render.qa.petunia.withbuddies.com
http://games-minigolf-api.withbuddies.com
http://gateway.dev.odyssey.withbuddies.com
http://hangfire.content.odyssey.withbuddies.com
http://hangfire.content.pantheon.withbuddies.com
http://hangfire.design.odyssey.withbuddies.com
http://hangfire.dev.legend.withbuddies.com
http://hangfire.dev.odyssey.withbuddies.com
http://hangfire.dev.panda.withbuddies.com
http://hangfire.dev.pantheon.withbuddies.com
http://hangfire.dev.sample.withbuddies.com
http://hangfire.dev.tophat.withbuddies.com
http://hangfire.dev.tuscany.withbuddies.com
http://hangfire.loadtest.tophat.withbuddies.com
http://hangfire.preview.dice.withbuddies.com
http://hangfire.preview.pantheon.withbuddies.com
http://hangfire.preview.scrabble.withbuddies.com
http://hangfire.preview.wheel.withbuddies.com
http://hangfire.prod.dice.withbuddies.com
http://hangfire.prod.odyssey.withbuddies.com
http://hangfire.prod.panda.withbuddies.com
http://hangfire.prod.wheel.withbuddies.com
http://hangfire.production.scrabble.withbuddies.com
http://hangfire.qa.dice.withbuddies.com
http://hangfire.qa.panda.withbuddies.com
http://hangfire.qa.pantheon.withbuddies.com
http://hangfire.qa.tophat.withbuddies.com
http://hangfire.qa.wheel.withbuddies.com
http://hangfire.qa2.panda.withbuddies.com
http://hangfire.sandbox1.tophat.withbuddies.com
http://hangfire.sandbox2.tophat.withbuddies.com
http://hangfire.stable1.odyssey.withbuddies.com
http://hangfire.stage.dice.withbuddies.com
http://hangfire.stage.odyssey.withbuddies.com
http://hangfire.stage.panda.withbuddies.com
http://hangfire.stage.scrabble.withbuddies.com
http://hangfire.stage.tophat.withbuddies.com
http://hangfire.staging.odyssey.withbuddies.com
http://jenkins-client.odyssey.withbuddies.com
http://jenkins.content.odyssey.withbuddies.com
http://jenkins.content.pantheon.withbuddies.com
http://jenkins.design.odyssey.withbuddies.com
http://jenkins.dev.legend.withbuddies.com
http://jenkins.dev.odyssey.withbuddies.com
http://jenkins.dev.panda.withbuddies.com
http://jenkins.dev.sample.withbuddies.com
http://jenkins.dev.tophat.withbuddies.com
http://jenkins.dev.tuscany.withbuddies.com
http://jenkins.loadtest.tophat.withbuddies.com
http://jenkins.odyssey.withbuddies.com
http://jenkins.pantheon.withbuddies.com
http://jenkins.preview.dice.withbuddies.com
http://jenkins.preview.pantheon.withbuddies.com
http://jenkins.preview.scrabble.withbuddies.com
http://jenkins.preview.wheel.withbuddies.com
http://jenkins.prod.dice.withbuddies.com
http://jenkins.prod.odyssey.withbuddies.com
http://jenkins.prod.panda.withbuddies.com
http://jenkins.prod.wheel.withbuddies.com
http://jenkins.production.scrabble.withbuddies.com
http://jenkins.qa.dice.withbuddies.com
http://jenkins.qa.panda.withbuddies.com
http://jenkins.qa.pantheon.withbuddies.com
http://jenkins.qa.tophat.withbuddies.com
http://jenkins.qa.wheel.withbuddies.com
http://jenkins.qa2.panda.withbuddies.com
http://jenkins.sandbox1.tophat.withbuddies.com
http://jenkins.sandbox2.tophat.withbuddies.com
http://jenkins.stable1.odyssey.withbuddies.com
http://jenkins.stable2.odyssey.withbuddies.com
http://jenkins.stage.dice.withbuddies.com
http://jenkins.stage.odyssey.withbuddies.com
http://jenkins.stage.panda.withbuddies.com
http://jenkins.stage.scrabble.withbuddies.com
http://jenkins.stage.tophat.withbuddies.com
http://jenkins.staging.odyssey.withbuddies.com
http://jenkins.withbuddies.com
http://locust.dev.tophat.withbuddies.com
http://locust.loadtest.tophat.withbuddies.com
http://logs.content.pantheon.withbuddies.com
http://logs.design.odyssey.withbuddies.com
http://logs.dev.legend.withbuddies.com
http://logs.dev.odyssey.withbuddies.com
http://logs.dev.panda.withbuddies.com
http://logs.dev.sample.withbuddies.com
http://logs.dev.tophat.withbuddies.com
http://logs.dev.tuscany.withbuddies.com
http://logs.preview.dice.withbuddies.com
http://logs.preview.pantheon.withbuddies.com
http://logs.preview.scrabble.withbuddies.com
http://logs.preview.wheel.withbuddies.com
http://logs.prod.dice.withbuddies.com
http://logs.prod.odyssey.withbuddies.com
http://logs.prod.panda.withbuddies.com
http://logs.prod.wheel.withbuddies.com
http://logs.production.scrabble.withbuddies.com
http://logs.qa.dice.withbuddies.com
http://logs.qa.panda.withbuddies.com
http://logs.qa.pantheon.withbuddies.com
http://logs.qa.tophat.withbuddies.com
http://logs.qa.wheel.withbuddies.com
http://logs.qa2.panda.withbuddies.com
http://logs.sandbox1.tophat.withbuddies.com
http://logs.sandbox2.tophat.withbuddies.com
http://logs.stable1.odyssey.withbuddies.com
http://logs.stage.dice.withbuddies.com
http://logs.stage.odyssey.withbuddies.com
http://logs.stage.panda.withbuddies.com
http://logs.stage.scrabble.withbuddies.com
http://logs.stage.tophat.withbuddies.com
http://logs.staging.odyssey.withbuddies.com
http://logs.withbuddies.com
http://mail.withbuddies.com
http://preview-admin.withbuddies.com
http://preview-api.withbuddies.com
http://preview-dice-admin.withbuddies.com
http://preview-dice-api.withbuddies.com
http://preview-dice-hangfire.withbuddies.com
http://preview-facebook-dice.withbuddies.com
http://preview-facebookapi.withbuddies.com
http://preview-wheel-admin.withbuddies.com
http://preview-wheel-hangfire.withbuddies.com
http://preview-wheeloffortune-admin.withbuddies.com
http://preview-wheeloffortune-api.withbuddies.com
http://r.withbuddies.com
http://slots-api.withbuddies.com
http://sonarqube.dev.odyssey.withbuddies.com
http://stage-admin.withbuddies.com
http://stage-api.withbuddies.com
http://stage-dice-admin.withbuddies.com
http://stage-dice-api.withbuddies.com
http://stage-dice-hangfire.withbuddies.com
http://stage-scrabble-api.withbuddies.com
http://stage-wheel-admin.withbuddies.com
http://stage-wheel-hangfire.withbuddies.com
http://stage-wheeloffortune-admin.withbuddies.com
http://stage-wheeloffortune-api.withbuddies.com
http://staging-api.withbuddies.com
http://toxy-cdn.preview.scrabble.withbuddies.com
http://toxy.preview.scrabble.withbuddies.com
http://toxy.preview.scrabble.withbuddies.com:3000
http://users-minigolf-api.withbuddies.com
http://v3-admin.withbuddies.com
http://webportal.dev.tuscany.withbuddies.com
http://wheel-admin.withbuddies.com
http://wheeloffortune-admin.withbuddies.com
http://wheeloffortune-api.withbuddies.com
http://withbuddies.com
https://admin-west.withbuddies.com
https://admin.content.odyssey.withbuddies.com
https://admin.content.pantheon.withbuddies.com
https://admin.design.odyssey.withbuddies.com
https://admin.dev.odyssey.withbuddies.com
https://admin.dev.panda.withbuddies.com
https://admin.dev.pantheon.withbuddies.com
https://admin.dev.sample.withbuddies.com
https://admin.dev.tophat.withbuddies.com
https://admin.dev.tuscany.withbuddies.com
https://admin.loadtest.tophat.withbuddies.com
https://admin.preview.dice.withbuddies.com
https://admin.preview.pantheon.withbuddies.com
https://admin.preview.scrabble.withbuddies.com
https://admin.preview.wheel.withbuddies.com
https://admin.prod.dice.withbuddies.com
https://admin.prod.odyssey.withbuddies.com
https://admin.prod.panda.withbuddies.com
https://admin.prod.pantheon.withbuddies.com
https://admin.prod.wheel.withbuddies.com
https://admin.production.scrabble.withbuddies.com
https://admin.qa.dice.withbuddies.com
https://admin.qa.panda.withbuddies.com
https://admin.qa.pantheon.withbuddies.com
https://admin.qa.tophat.withbuddies.com
https://admin.qa.wheel.withbuddies.com
https://admin.qa2.panda.withbuddies.com
https://admin.sandbox1.tophat.withbuddies.com
https://admin.sandbox2.tophat.withbuddies.com
https://admin.stable1.odyssey.withbuddies.com
https://admin.stable2.odyssey.withbuddies.com
https://admin.stage.dice.withbuddies.com
https://admin.stage.odyssey.withbuddies.com
https://admin.stage.panda.withbuddies.com
https://admin.stage.pantheon.withbuddies.com
https://admin.stage.scrabble.withbuddies.com
https://admin.stage.tophat.withbuddies.com
https://admin.staging.odyssey.withbuddies.com
https://api-test.content.odyssey.withbuddies.com
https://api-test.design.odyssey.withbuddies.com
https://api-test.dev.odyssey.withbuddies.com
https://api-test.dev.panda.withbuddies.com
https://api-test.dev.pantheon.withbuddies.com
https://api-test.preview.dice.withbuddies.com
https://api-test.preview.pantheon.withbuddies.com
https://api-test.preview.scrabble.withbuddies.com
https://api-test.prod.odyssey.withbuddies.com
https://api-test.production.scrabble.withbuddies.com
https://api-test.qa.pantheon.withbuddies.com
https://api-test.stable1.odyssey.withbuddies.com
https://api-test.stage.odyssey.withbuddies.com
https://api-test.stage.scrabble.withbuddies.com
https://api-test.staging.odyssey.withbuddies.com
https://api.content.pantheon.withbuddies.com
https://api.design.odyssey.withbuddies.com
https://api.dev.legend.withbuddies.com
https://api.dev.odyssey.withbuddies.com
https://api.dev.panda.withbuddies.com
https://api.dev.pantheon.withbuddies.com
https://api.dev.sample.withbuddies.com
https://api.dev.tophat.withbuddies.com
https://api.dev.tuscany.withbuddies.com
https://api.loadtest.tophat.withbuddies.com
https://api.preview.pantheon.withbuddies.com
https://api.preview.scrabble.withbuddies.com
https://api.preview.wheel.withbuddies.com
https://api.prod.dice.withbuddies.com
https://api.prod.odyssey.withbuddies.com
https://api.prod.panda.withbuddies.com
https://api.prod.wheel.withbuddies.com
https://api.production.scrabble.withbuddies.com
https://api.qa.dice.withbuddies.com
https://api.qa.panda.withbuddies.com
https://api.qa.pantheon.withbuddies.com
https://api.qa.scrabble.withbuddies.com
https://api.qa.tophat.withbuddies.com
https://api.qa.wheel.withbuddies.com
https://api.qa2.panda.withbuddies.com
https://api.sandbox1.tophat.withbuddies.com
https://api.sandbox2.tophat.withbuddies.com
https://api.stable1.odyssey.withbuddies.com
https://api.stage.dice.withbuddies.com
https://api.stage.odyssey.withbuddies.com
https://api.stage.panda.withbuddies.com
https://api.stage.scrabble.withbuddies.com
https://api.stage.tophat.withbuddies.com
https://api.staging.odyssey.withbuddies.com
https://api2.production.scrabble.withbuddies.com
https://batch-games-minigolf-api.withbuddies.com
https://cf-dice-api.withbuddies.com
https://dev-wheeloffortune-api.withbuddies.com
https://dev.web.preview.scrabble.withbuddies.com
https://dice-admin.withbuddies.com
https://dice-api.withbuddies.com
https://dice-hangfire.withbuddies.com
https://discobees-api.withbuddies.com
https://email.withbuddies.com
https://facebook-dice.withbuddies.com
https://facebookapi.preview.dice.withbuddies.com
https://facebookapi.prod.dice.withbuddies.com
https://facebookapi.qa.dice.withbuddies.com
https://facebookapi.stage.dice.withbuddies.com
https://flora-render-prod.prod.petunia.withbuddies.com
https://flora-render.qa.petunia.withbuddies.com
https://games-minigolf-api.withbuddies.com
https://gateway.dev.odyssey.withbuddies.com
https://hangfire.content.odyssey.withbuddies.com
https://hangfire.content.pantheon.withbuddies.com
https://hangfire.design.odyssey.withbuddies.com
https://hangfire.dev.legend.withbuddies.com
https://hangfire.dev.odyssey.withbuddies.com
https://hangfire.dev.panda.withbuddies.com
https://hangfire.dev.pantheon.withbuddies.com
https://hangfire.dev.sample.withbuddies.com
https://hangfire.dev.tophat.withbuddies.com
https://hangfire.dev.tuscany.withbuddies.com
https://hangfire.loadtest.tophat.withbuddies.com
https://hangfire.preview.dice.withbuddies.com
https://hangfire.preview.pantheon.withbuddies.com
https://hangfire.preview.scrabble.withbuddies.com
https://hangfire.preview.wheel.withbuddies.com
https://hangfire.prod.dice.withbuddies.com
https://hangfire.prod.odyssey.withbuddies.com
https://hangfire.prod.panda.withbuddies.com
https://hangfire.prod.wheel.withbuddies.com
https://hangfire.production.scrabble.withbuddies.com
https://hangfire.qa.dice.withbuddies.com
https://hangfire.qa.panda.withbuddies.com
https://hangfire.qa.pantheon.withbuddies.com
https://hangfire.qa.tophat.withbuddies.com
https://hangfire.qa.wheel.withbuddies.com
https://hangfire.qa2.panda.withbuddies.com
https://hangfire.sandbox1.tophat.withbuddies.com
https://hangfire.sandbox2.tophat.withbuddies.com
https://hangfire.stable1.odyssey.withbuddies.com
https://hangfire.stage.dice.withbuddies.com
https://hangfire.stage.odyssey.withbuddies.com
https://hangfire.stage.panda.withbuddies.com
https://hangfire.stage.scrabble.withbuddies.com
https://hangfire.stage.tophat.withbuddies.com
https://hangfire.staging.odyssey.withbuddies.com
https://jenkins-client.odyssey.withbuddies.com
https://jenkins.content.odyssey.withbuddies.com
https://jenkins.content.pantheon.withbuddies.com
https://jenkins.design.odyssey.withbuddies.com
https://jenkins.dev.legend.withbuddies.com
https://jenkins.dev.odyssey.withbuddies.com
https://jenkins.dev.panda.withbuddies.com
https://jenkins.dev.sample.withbuddies.com
https://jenkins.dev.tophat.withbuddies.com
https://jenkins.dev.tuscany.withbuddies.com
https://jenkins.loadtest.tophat.withbuddies.com
https://jenkins.odyssey.withbuddies.com
https://jenkins.pantheon.withbuddies.com
https://jenkins.preview.dice.withbuddies.com
https://jenkins.preview.pantheon.withbuddies.com
https://jenkins.preview.scrabble.withbuddies.com
https://jenkins.preview.wheel.withbuddies.com
https://jenkins.prod.dice.withbuddies.com
https://jenkins.prod.odyssey.withbuddies.com
https://jenkins.prod.panda.withbuddies.com
https://jenkins.prod.wheel.withbuddies.com
https://jenkins.production.scrabble.withbuddies.com
https://jenkins.qa.dice.withbuddies.com
https://jenkins.qa.panda.withbuddies.com
https://jenkins.qa.pantheon.withbuddies.com
https://jenkins.qa.tophat.withbuddies.com
https://jenkins.qa.wheel.withbuddies.com
https://jenkins.qa2.panda.withbuddies.com
https://jenkins.sandbox1.tophat.withbuddies.com
https://jenkins.sandbox2.tophat.withbuddies.com
https://jenkins.stable1.odyssey.withbuddies.com
https://jenkins.stable2.odyssey.withbuddies.com
https://jenkins.stage.dice.withbuddies.com
https://jenkins.stage.odyssey.withbuddies.com
https://jenkins.stage.panda.withbuddies.com
https://jenkins.stage.scrabble.withbuddies.com
https://jenkins.stage.tophat.withbuddies.com
https://jenkins.staging.odyssey.withbuddies.com
https://jenkins.withbuddies.com
https://logs.content.pantheon.withbuddies.com
https://logs.design.odyssey.withbuddies.com
https://logs.dev.legend.withbuddies.com
https://logs.dev.odyssey.withbuddies.com
https://logs.dev.panda.withbuddies.com
https://logs.dev.sample.withbuddies.com
https://logs.dev.tophat.withbuddies.com
https://logs.dev.tuscany.withbuddies.com
https://logs.preview.dice.withbuddies.com
https://logs.preview.pantheon.withbuddies.com
https://logs.preview.scrabble.withbuddies.com
https://logs.preview.wheel.withbuddies.com
https://logs.prod.dice.withbuddies.com
https://logs.prod.odyssey.withbuddies.com
https://logs.prod.panda.withbuddies.com
https://logs.prod.wheel.withbuddies.com
https://logs.production.scrabble.withbuddies.com
https://logs.qa.dice.withbuddies.com
https://logs.qa.panda.withbuddies.com
https://logs.qa.pantheon.withbuddies.com
https://logs.qa.tophat.withbuddies.com
https://logs.qa.wheel.withbuddies.com
https://logs.qa2.panda.withbuddies.com
https://logs.sandbox1.tophat.withbuddies.com
https://logs.sandbox2.tophat.withbuddies.com
https://logs.stable1.odyssey.withbuddies.com
https://logs.stage.dice.withbuddies.com
https://logs.stage.odyssey.withbuddies.com
https://logs.stage.panda.withbuddies.com
https://logs.stage.scrabble.withbuddies.com
https://logs.stage.tophat.withbuddies.com
https://logs.staging.odyssey.withbuddies.com
https://logs.withbuddies.com
https://preview-api.withbuddies.com
https://preview-dice-admin.withbuddies.com
https://preview-dice-api.withbuddies.com
https://preview-dice-hangfire.withbuddies.com
https://preview-facebook-dice.withbuddies.com
https://preview-facebookapi.withbuddies.com
https://preview-wheel-admin.withbuddies.com
https://preview-wheel-hangfire.withbuddies.com
https://preview-wheeloffortune-api.withbuddies.com
https://r.withbuddies.com
https://slots-api.withbuddies.com
https://sonarqube.dev.odyssey.withbuddies.com
https://stage-admin.withbuddies.com
https://stage-api.withbuddies.com
https://stage-dice-admin.withbuddies.com
https://stage-dice-api.withbuddies.com
https://stage-dice-hangfire.withbuddies.com
https://stage-scrabble-api.withbuddies.com
https://stage-wheel-admin.withbuddies.com
https://stage-wheel-hangfire.withbuddies.com
https://stage-wheeloffortune-admin.withbuddies.com
https://stage-wheeloffortune-api.withbuddies.com
https://staging-api.withbuddies.com
https://toxy-cdn.preview.scrabble.withbuddies.com
https://users-minigolf-api.withbuddies.com
https://v3-admin.withbuddies.com
https://webportal.dev.tuscany.withbuddies.com
https://wheel-admin.withbuddies.com
https://wheeloffortune-api.withbuddies.com
https://withbuddies.com
