http://cnc.cname.xiaomiyoupin.com
http://cps.youyu.xiaomiyoupin.com
http://ctc.cname.xiaomiyoupin.com
http://daren.xiaomiyoupin.com
http://m.xiaomiyoupin.com
http://mob.cname.xiaomiyoupin.com
http://mone.xiaomiyoupin.com
http://open.xiaomiyoupin.com
http://preview.youyu.xiaomiyoupin.com
http://queue.xiaomiyoupin.com
http://shop.youyu.xiaomiyoupin.com
http://trade.m.xiaomiyoupin.com
http://tuishou.xiaomiyoupin.com
http://www.xiaomiyoupin.com
http://xiaomiyoupin.com
http://youyu.xiaomiyoupin.com
https://cps.youyu.xiaomiyoupin.com
https://cpsapi.xiaomiyoupin.com
https://daren.xiaomiyoupin.com
https://m.xiaomiyoupin.com
https://open.xiaomiyoupin.com
https://preview.youyu.xiaomiyoupin.com
https://queue.xiaomiyoupin.com
https://shop.youyu.xiaomiyoupin.com
https://trade.m.xiaomiyoupin.com
https://tuishou.xiaomiyoupin.com
https://www.xiaomiyoupin.com
https://xiaomiyoupin.com
https://youyu.xiaomiyoupin.com
https://zhaoshang.xiaomiyoupin.com
