http://brand.xvservice.net
http://builds.client.xvservice.net
http://builds.dev.client.xvservice.net
http://dogfood.xvservice.net
http://frontier-docs.xvservice.net
http://orgchart.it.xvservice.net
http://ph-gp.it.xvservice.net
http://www.xvpnltd.dev.iat.it.xvservice.net
http://xvpnltd.dev.iat.it.xvservice.net
https://brand.xvservice.net
https://builds.client.xvservice.net
https://builds.dev.client.xvservice.net
https://dogfood.xvservice.net
https://fleet.sec.xvservice.net
https://frontier-docs.xvservice.net
https://mirror.sys.xvservice.net
https://orgchart.it.xvservice.net
https://ph-gp.it.xvservice.net
https://us-east-01.mirror.sys.xvservice.net
https://us-east-02.mirror.sys.xvservice.net
https://us-east.mirror.sys.xvservice.net
https://www.xvpnltd.dev.iat.it.xvservice.net
https://xvpnltd.dev.iat.it.xvservice.net
