http://cdn.yahooapis.com
http://fantasysports.yahooapis.com
http://samsung-mobile.query.yahooapis.com
http://sandbox.datax.yahooapis.com
http://tw.bid.yahooapis.com
http://tw.cmsws.mall.yahooapis.com
http://tw.ews.mall.yahooapis.com
http://tw.scm.yahooapis.com
http://tw.wh.yahooapis.com
http://tw.ypauth.ec.yahooapis.com
http://uat-measurement.yahooapis.com
http://yahooapis.com
http://yui-s.yahooapis.com
https://cdn.yahooapis.com
https://fantasysports.yahooapis.com
https://samsung-mobile.query.yahooapis.com
https://sandbox.datax.yahooapis.com
https://tw.bid.yahooapis.com
https://tw.cmsws.mall.yahooapis.com
https://tw.ews.mall.yahooapis.com
https://tw.scm.yahooapis.com
https://tw.wh.yahooapis.com
https://tw.ypauth.ec.yahooapis.com
https://uat-measurement.yahooapis.com
https://yahooapis.com
https://yui-s.yahooapis.com
