http://edp.yeloplay.be
http://fut.yeloplay.be
http://pst.yeloplay.be
http://sup.yeloplay.be
http://uat.yeloplay.be
http://www.edp.yeloplay.be
http://www.fut.yeloplay.be
http://www.pst.yeloplay.be
http://www.sup.yeloplay.be
http://www.uat.yeloplay.be
http://www.yeloplay.be
http://yeloplay.be
https://api.edp.yeloplay.be
https://api.fut.yeloplay.be
https://api.pst.yeloplay.be
https://api.sup.yeloplay.be
https://api.uat.yeloplay.be
https://api.yeloplay.be
https://edp.yeloplay.be
https://fut.yeloplay.be
https://gastfull.yeloplay.be
https://pst.yeloplay.be
https://sup.yeloplay.be
https://uat.yeloplay.be
https://www.edp.yeloplay.be
https://www.fut.yeloplay.be
https://www.pst.yeloplay.be
https://www.sup.yeloplay.be
https://www.uat.yeloplay.be
https://www.yeloplay.be
https://yeloplay.be
