http://account.yoyogames.com
http://accounts-cdn.yoyogames.com
http://accounts-stage-cdn.yoyogames.com
http://accounts.yoyogames.com
http://accountsstage-cdn.yoyogames.com
http://admin-cdn.yoyogames.com
http://admin-stage-cdn.yoyogames.com
http://adminstage.yoyogames.com
http://api.yoyogames.com
http://asset-bundles.yoyogames.com
http://assetstag.yoyogames.com
http://bacon.yoyogames.com
http://beta-manual-br.yoyogames.com
http://beta-manual-de.yoyogames.com
http://beta-manual-en.yoyogames.com
http://beta-manual-es.yoyogames.com
http://beta-manual-fr.yoyogames.com
http://beta-manual-ru.yoyogames.com
http://beta-manual-zh.yoyogames.com
http://beta-manual.yoyogames.com
http://bootstage.yoyogames.com
http://cdn.yoyogames.com
http://coal.yoyogames.com
http://demos.yoyogames.com
http://docs.yoyogames.com
http://docs2.yoyogames.com
http://download.yoyogames.com
http://forum-assets.yoyogames.com
http://forum-storage.yoyogames.com
http://forum.yoyogames.com
http://forums.yoyogames.com
http://gm2016.yoyogames.com
http://gminstall.yoyogames.com
http://gms.yoyogames.com
http://identity.yoyogames.com
http://kickstart.yoyogames.com
http://legacy.yoyogames.com
http://manual-br.yoyogames.com
http://manual-de.yoyogames.com
http://manual-en.yoyogames.com
http://manual-es.yoyogames.com
http://manual-fr.yoyogames.com
http://manual-ru.yoyogames.com
http://manual-zh.yoyogames.com
http://manual.yoyogames.com
http://marketplace-cdn-stage.yoyogames.com
http://marketplace.yoyogames.com
http://marketplacecdn.yoyogames.com
http://staff.yoyogames.com
http://stage-identity.yoyogames.com
http://stage-marketplace.yoyogames.com
http://static-marketplace-assets.yoyogames.com
http://steam-connector.yoyogames.com
http://steam-kickstart.yoyogames.com
http://store.yoyogames.com
http://tech-blog-assets.yoyogames.com
http://test-marketplace-cdn.yoyogames.com
http://update2.yoyogames.com
http://updatecdn.yoyogames.com
http://updater.yoyogames.com
http://updateraws.yoyogames.com
http://updatercdn.yoyogames.com
http://wagon-wheel.yoyogames.com
http://www.yoyogames.com
http://yoyo-www.yoyogames.com
http://zeus.yoyogames.com
https://account.yoyogames.com
https://accounts-cdn.yoyogames.com
https://accounts-stage-cdn.yoyogames.com
https://accounts.yoyogames.com
https://accountsstage-cdn.yoyogames.com
https://admin-cdn.yoyogames.com
https://admin-stage-cdn.yoyogames.com
https://adminstage.yoyogames.com
https://api.yoyogames.com
https://asset-bundles.yoyogames.com
https://assetstag.yoyogames.com
https://bacon.yoyogames.com
https://beta-manual-br.yoyogames.com
https://beta-manual-de.yoyogames.com
https://beta-manual-en.yoyogames.com
https://beta-manual-es.yoyogames.com
https://beta-manual-fr.yoyogames.com
https://beta-manual-ru.yoyogames.com
https://beta-manual-zh.yoyogames.com
https://beta-manual.yoyogames.com
https://bootstage.yoyogames.com
https://cdn.yoyogames.com
https://coal.yoyogames.com
https://demos.yoyogames.com
https://docs.yoyogames.com
https://docs2.yoyogames.com
https://download.yoyogames.com
https://forum-assets.yoyogames.com
https://forum-storage.yoyogames.com
https://forum.yoyogames.com
https://forums.yoyogames.com
https://gm2016.yoyogames.com
https://gminstall.yoyogames.com
https://gms.yoyogames.com
https://identity.yoyogames.com
https://kickstart.yoyogames.com
https://legacy.yoyogames.com
https://manual-br.yoyogames.com
https://manual-de.yoyogames.com
https://manual-en.yoyogames.com
https://manual-es.yoyogames.com
https://manual-fr.yoyogames.com
https://manual-ru.yoyogames.com
https://manual-zh.yoyogames.com
https://manual.yoyogames.com
https://marketplace-cdn-stage.yoyogames.com
https://marketplace.yoyogames.com
https://marketplacecdn.yoyogames.com
https://nextstep.yoyogames.com
https://staff.yoyogames.com
https://stage-identity.yoyogames.com
https://static-marketplace-assets.yoyogames.com
https://steam-connector.yoyogames.com
https://steam-kickstart.yoyogames.com
https://store.yoyogames.com
https://tech-blog-assets.yoyogames.com
https://test-marketplace-cdn.yoyogames.com
https://update2.yoyogames.com
https://updatecdn.yoyogames.com
https://updater.yoyogames.com
https://updateraws.yoyogames.com
https://updatercdn.yoyogames.com
https://wagon-wheel.yoyogames.com
https://www.yoyogames.com
https://yoyo-www.yoyogames.com
https://zeus.yoyogames.com
