http://access.zomans.com
http://acdlite.zomans.com
http://adhoc-presto.zomans.com
http://admin-fw.zomans.com
http://admin.zomans.com
http://airflow-hpanalytics.zomans.com
http://alertmanager.zomans.com
http://amundsen.zomans.com
http://android-jenkins.zomans.com
http://api.zomans.com
http://artifacts.zomans.com
http://aws.zomans.com
http://cafe-fw.zomans.com
http://cafe-stag-fw.zomans.com
http://cert-stag.zomans.com
http://chef-stag-fw.zomans.com
http://chronos.zomans.com
http://cloudm.zomans.com
http://dashboards.zomans.com
http://dev-metabase-hpanalytics-ext.zomans.com
http://dev-metabase-hpanalytics.zomans.com
http://devhpadmin.zomans.com
http://dominos-external.zomans.com
http://dominos.zomans.com
http://e2z-stag-fw.zomans.com
http://eaa-client.zomans.com
http://explore-fw.zomans.com
http://external-access.zomans.com
http://external.zomans.com
http://feedingindia.zomans.com
http://fi-admin.zomans.com
http://fin-stag-fw.zomans.com
http://finance-fw.zomans.com
http://fw-stag-fw.zomans.com
http://grafana.zomans.com
http://hp-access.zomans.com
http://hpadmin-ext.zomans.com
http://hpadmin.zomans.com
http://hpadminpod-ext.zomans.com
http://hpadminpod.zomans.com
http://hpdd.zomans.com
http://hpwms.zomans.com
http://hpwmsz.zomans.com
http://jenkins.zomans.com
http://jupyterlab.zomans.com
http://kibana.zomans.com
http://knowledgegraph.zomans.com
http://logs-fw.zomans.com
http://mfinmis.zomans.com
http://mraph.zomans.com
http://observability.zomans.com
http://ops.zomans.com
http://order-stag-fw.zomans.com
http://pg-explore-fw.zomans.com
http://prodhpadmin-ext.zomans.com
http://prodhpadmin.zomans.com
http://pwastaging.zomans.com
http://quicksilver.zomans.com
http://rap-access.zomans.com
http://redash.zomans.com
http://reporting-presto.zomans.com
http://rstudio.zomans.com
http://sentry.zomans.com
http://sentryinternal.zomans.com
http://sharing.zomans.com
http://slackbot.zomans.com
http://sng-dd3.zomans.com
http://solro2cluster.zomans.com
http://stag-airflow.zomans.com
http://stg-kibana.zomans.com
http://stream.zomans.com
http://tableau-admin-fw.zomans.com
http://tableau-fw.zomans.com
http://thanos-prod.zomans.com
http://thanos.zomans.com
http://vpn-api.zomans.com
http://vpn.zomans.com
http://weblate.zomans.com
http://webuikit.zomans.com
http://wiki.zomans.com
https://access.zomans.com
https://acdlite.zomans.com
https://adhoc-presto.zomans.com
https://admin-fw.zomans.com
https://admin.zomans.com
https://airflow-hpanalytics.zomans.com
https://alertmanager.zomans.com
https://amundsen.zomans.com
https://android-jenkins.zomans.com
https://api.zomans.com
https://artifacts.zomans.com
https://aws.zomans.com
https://cafe-fw.zomans.com
https://cafe-stag-fw.zomans.com
https://cert-stag.zomans.com
https://chef-stag-fw.zomans.com
https://chronos.zomans.com
https://cloudm.zomans.com
https://dashboards.zomans.com
https://dev-metabase-hpanalytics-ext.zomans.com
https://dev-metabase-hpanalytics.zomans.com
https://devhpadmin.zomans.com
https://dominos-external.zomans.com
https://dominos.zomans.com
https://e2z-stag-fw.zomans.com
https://eaa-client.zomans.com
https://explore-fw.zomans.com
https://external-access.zomans.com
https://external.zomans.com
https://feedingindia.zomans.com
https://fi-admin.zomans.com
https://fin-stag-fw.zomans.com
https://finance-fw.zomans.com
https://fw-stag-fw.zomans.com
https://grafana.zomans.com
https://hp-access.zomans.com
https://hpadmin-ext.zomans.com
https://hpadmin.zomans.com
https://hpadminpod-ext.zomans.com
https://hpadminpod.zomans.com
https://hpdd.zomans.com
https://hpwms.zomans.com
https://hpwmsz.zomans.com
https://jenkins.zomans.com
https://jupyterlab.zomans.com
https://kibana.zomans.com
https://logs-fw.zomans.com
https://mfinmis.zomans.com
https://mraph.zomans.com
https://observability.zomans.com
https://ops.zomans.com
https://order-stag-fw.zomans.com
https://pg-explore-fw.zomans.com
https://prodhpadmin-ext.zomans.com
https://prodhpadmin.zomans.com
https://pwastaging.zomans.com
https://quicksilver.zomans.com
https://rap-access.zomans.com
https://redash.zomans.com
https://reporting-presto.zomans.com
https://rstudio.zomans.com
https://securitywebhook.zomans.com
https://sentry.zomans.com
https://sentryinternal.zomans.com
https://sharing.zomans.com
https://slackbot.zomans.com
https://sng-dd3.zomans.com
https://solro2cluster.zomans.com
https://stag-airflow.zomans.com
https://stg-kibana.zomans.com
https://stream.zomans.com
https://tableau-admin-fw.zomans.com
https://tableau-fw.zomans.com
https://tableau.zomans.com
https://thanos-prod.zomans.com
https://thanos.zomans.com
https://vpn-api.zomans.com
https://vpn.zomans.com
https://weblate.zomans.com
https://webuikit.zomans.com
https://wiki.zomans.com
