http://148api.zomato.com
http://1api.zomato.com
http://214api.zomato.com
http://accounts.zomato.com
http://api-staging.zomato.com
http://api.zomato.com
http://apimail.zomato.com
http://auth2.zomato.com
http://book.zomato.com
http://business.zomato.com
http://cc.zomato.com
http://cc2.zomato.com
http://ccc.zomato.com
http://chat.zomato.com
http://culture.zomato.com
http://delivery.emails.zomato.com
http://developers.zomato.com
http://engineering.zomato.com
http://hyperlocal.zomato.com
http://link.zomato.com
http://m.zomato.com
http://mail.zomato.com
http://maps.zomato.com
http://mobile.zomato.com
http://mum.zomato.com
http://payments-preprod.zomato.com
http://payments-test.zomato.com
http://payments.zomato.com
http://pwa.zomato.com
http://reviews.zomato.com
http://secretx.zomato.com
http://techblog.zomato.com
http://track.zomato.com
http://trackemail.zomato.com
http://trackemail2.zomato.com
http://upload-stg.zomato.com
http://upload.zomato.com
http://webuikit.zomato.com
http://winecellar.zomato.com
http://ws-callcenter.zomato.com
http://ws-content.zomato.com
http://ws-logistics.zomato.com
http://www.techblog.zomato.com
http://zomato.com
http://zpay.zomato.com
http://zpay1.zomato.com
http://zwstatic.zomato.com
https://148api.zomato.com
https://1api.zomato.com
https://214api.zomato.com
https://accounts.zomato.com
https://api-staging.zomato.com
https://api.zomato.com
https://apimail.zomato.com
https://auth2.zomato.com
https://book.zomato.com
https://business.zomato.com
https://cc.zomato.com
https://cc2.zomato.com
https://ccc.zomato.com
https://chat.zomato.com
https://culture.zomato.com
https://delivery.emails.zomato.com
https://developers.zomato.com
https://engineering.zomato.com
https://hyperlocal.zomato.com
https://jumbo.zomato.com
https://link.zomato.com
https://m.zomato.com
https://maps.zomato.com
https://mobile.zomato.com
https://mum.zomato.com
https://payments-preprod.zomato.com
https://payments-test.zomato.com
https://payments.zomato.com
https://pwa.zomato.com
https://reviews.zomato.com
https://secretx.zomato.com
https://sentry.zomato.com
https://techblog.zomato.com
https://track.zomato.com
https://trackemail.zomato.com
https://trackemail2.zomato.com
https://upload-stg.zomato.com
https://upload.zomato.com
https://webuikit.zomato.com
https://winecellar.zomato.com
https://ws-callcenter.zomato.com
https://ws-content.zomato.com
https://ws-logistics.zomato.com
https://www.techblog.zomato.com
https://zomato.com
https://zpay.zomato.com
https://zpay1.zomato.com
https://zwstatic.zomato.com
