http://acronis.com:8080 [404] [GET] [text/html] [404 Not Found] [] [2e9281cb1598565605593d28a5efa3bb]
http://ams7795-jp-cloud.acronis.com [302] [GET] [text/html] [302 Found] [nginx] [Nginx] [aff950cab4c0265e21d401db15f1026d]
http://cz.acronis.com [409] [GET] [text/plain] [] [cloudflare] [cloudflare] [f6bbbdc9b05a5af96b6b7e618ee357cc]
http://info.acronis.com:8443 [400] [GET] [text/html] [400 The plain HTTP request was sent to HTTPS port] [cloudflare] [cloudflare] [cd58783500d7fa3c58f88eb0ba22f4f8]
http://notary-test.acronis.com [403] [GET] [text/html] [403 Forbidden] [nginx] [Nginx] [9fe3cb2b7313dc79bb477bc8fde184a7]
http://promo.acronis.com:8443 [400] [GET] [text/html] [400 The plain HTTP request was sent to HTTPS port] [cloudflare] [cloudflare] [cd58783500d7fa3c58f88eb0ba22f4f8]
http://store.acronis.com:8080 [503] [GET] [text/html] [Just a moment...] [cloudflare] [vhost] [cloudflare] [hCaptcha] [cc451aaa1620acc0ab9b707f88f5082e]
https://aa.acronis.com [200] [GET] [text/html] [Helping the world get #CyberFit for 19 years] [nginx] [vhost] [Nginx] [79a9703cd1a4e62721620779a4cd685e]
https://aaa-vpn.acronis.com [200] [GET] [text/html] [] [] [vhost] [9a85efcf266637831b8787bce2d6a831]
https://access.acronis.com [302] [GET] [text/html] [] [] [vhost] [33a7a0c2c214d5fd83028f07096f02fc]
https://access.acronis.com:444 [200] [GET] [text/html] [Acronis Cyber Files Gateway Server] [Microsoft-HTTPAPI/2.0] [Bootstrap,Microsoft HTTPAPI] [09dc55b36a317fdc4899b62fd410c344]
https://acep.acronis.com [301] [GET] [text/html] [301 Moved Permanently] [openresty/1.15.8.2] [vhost] [Nginx,OpenResty] [00b1749e7f34b8de5bde2b4abd5cefef]
https://acronis.com [302] [GET] [text/html] [302 Found] [nginx] [vhost] [Google Cloud,Google Cloud CDN,Nginx] [aff950cab4c0265e21d401db15f1026d]
https://activation.acronis.com [200] [GET] [text/html] [] [nginx] [vhost] [Nginx] [d41d8cd98f00b204e9800998ecf8427e]
https://affiliate.acronis.com [301] [GET] [text/html] [301 Moved Permanently] [nginx] [vhost] [Nginx] [4f8e702cc244ec5d4de32740c0ecbd97]
https://agents-br01-cloud.acronis.com [404] [GET] [text/html] [404 Not Found] [openresty/1.15.8.2] [Nginx,OpenResty] [8eec510e57f5f732fd2cce73df7b73ef]
https://agents-bt01-cloud.acronis.com [404] [GET] [text/html] [404 Not Found] [openresty/1.15.8.2] [Nginx,OpenResty] [8eec510e57f5f732fd2cce73df7b73ef]
https://agents-ca01-cloud.acronis.com [404] [GET] [text/html] [404 Not Found] [openresty/1.15.8.2] [Nginx,OpenResty] [370e16c3b7dba286cff055f93b9a94d8]
https://agents-es01-cloud.acronis.com [404] [GET] [text/html] [404 Not Found] [openresty/1.15.8.2] [Nginx,OpenResty] [8eec510e57f5f732fd2cce73df7b73ef]
https://agents-eu5-cloud.acronis.com [404] [GET] [text/html] [404 Not Found] [openresty/1.15.8.2] [Nginx,OpenResty] [370e16c3b7dba286cff055f93b9a94d8]
https://agents-gr01-cloud.acronis.com [404] [GET] [text/html] [404 Not Found] [openresty/1.15.8.2] [Nginx,OpenResty] [8eec510e57f5f732fd2cce73df7b73ef]
https://agents-io99-cloud.acronis.com [404] [GET] [text/html] [404 Not Found] [nginx] [Nginx] [370e16c3b7dba286cff055f93b9a94d8]
https://agents-mc-io99-cloud.acronis.com [404] [GET] [text/html] [404 Not Found] [nginx] [Nginx] [370e16c3b7dba286cff055f93b9a94d8]
https://agents-pl01-cloud.acronis.com [404] [GET] [text/html] [404 Not Found] [openresty/1.15.8.2] [Nginx,OpenResty] [370e16c3b7dba286cff055f93b9a94d8]
https://agents-sg-cloud.acronis.com [404] [GET] [text/html] [404 Not Found] [openresty/1.15.8.2] [Nginx,OpenResty] [8eec510e57f5f732fd2cce73df7b73ef]
https://agents-us-cloud.acronis.com [404] [GET] [text/html] [404 Not Found] [openresty/1.15.8.2] [Nginx,OpenResty] [370e16c3b7dba286cff055f93b9a94d8]
https://agents-us5-cloud.acronis.com [404] [GET] [text/html] [404 Not Found] [openresty/1.15.8.2] [Nginx,OpenResty] [370e16c3b7dba286cff055f93b9a94d8]
https://akl1-repo.acronis.com [403] [GET] [text/html] [403 Forbidden] [nginx] [Nginx] [9fe3cb2b7313dc79bb477bc8fde184a7]
https://ams7795-jp-cloud.acronis.com:8443 [200] [GET] [text/xml] [] [nginx] [Nginx] [eb6a1564f8d54e80e485a49ff146e670]
https://appdirect-eu2-cloud.acronis.com [302] [GET] [application/json] [] [nginx] [vhost] [Nginx] [d41d8cd98f00b204e9800998ecf8427e]
https://appdirect-eu2-cloud.acronis.com:8080 [200] [GET] [text/html] [OoklaServer] [] [59556c1a4c24b1fd1d9682b1cef4f92a]
https://appdirect-eu2-cloud.acronis.com:8443 [200] [GET] [text/xml] [] [nginx] [Nginx] [eb6a1564f8d54e80e485a49ff146e670]
https://appsmart-cloud.acronis.com [302] [GET] [application/json] [] [nginx] [Nginx] [d41d8cd98f00b204e9800998ecf8427e]
https://appsmart-cloud.acronis.com:8443 [200] [GET] [text/xml] [] [nginx] [Nginx] [eb6a1564f8d54e80e485a49ff146e670]
https://asign.acronis.com [301] [GET] [text/html] [301 Moved Permanently] [nginx] [vhost] [Nginx] [4f8e702cc244ec5d4de32740c0ecbd97]
https://au-repo.acronis.com [403] [GET] [text/html] [403 Forbidden] [nginx] [Nginx] [4b074b0b59693fa9f94fb71b175fb187]
https://au-repo.acronis.com [403] [GET] [text/html] [403 Forbidden] [nginx] [Nginx] [9fe3cb2b7313dc79bb477bc8fde184a7]
https://au1-baas.acronis.com [302] [GET] [application/json] [] [nginx] [Nginx] [d41d8cd98f00b204e9800998ecf8427e]
https://au1-baas.acronis.com:8080 [200] [GET] [text/html] [OoklaServer] [] [59556c1a4c24b1fd1d9682b1cef4f92a]
https://au1-baas.acronis.com:8443 [200] [GET] [text/xml] [] [nginx] [Nginx] [eb6a1564f8d54e80e485a49ff146e670]
https://au1-cloud.acronis.com [302] [GET] [application/json] [] [nginx] [Nginx] [d41d8cd98f00b204e9800998ecf8427e]
https://au1-cloud.acronis.com:8080 [200] [GET] [text/html] [OoklaServer] [] [59556c1a4c24b1fd1d9682b1cef4f92a]
https://au1-cloud.acronis.com:8443 [200] [GET] [text/xml] [] [nginx] [Nginx] [eb6a1564f8d54e80e485a49ff146e670]
https://auth.acronis.com [400] [GET] [text/html] [400 No required SSL certificate was sent] [nginx] [Nginx] [1a967745c8d79137c550f790a8458729]
https://autodiscover.acronis.com [404] [GET] [text/html] [Not Found] [Microsoft-HTTPAPI/2.0] [Microsoft HTTPAPI] [67932d4b695e1d6b19dfc2e3610761ff]
https://baas.acronis.com [200] [GET] [text/html] [Login] [nginx] [Nginx] [1f3f1e5c6216f3e6b0ec6ed6f04146a5]
https://backup.acronis.com [200] [GET] [text/html] [Login] [nginx] [Nginx] [1f3f1e5c6216f3e6b0ec6ed6f04146a5]
https://bc-baas.acronis.com [302] [GET] [application/json] [] [nginx] [Nginx] [d41d8cd98f00b204e9800998ecf8427e]
https://bc-baas.acronis.com:8443 [200] [GET] [text/xml] [] [nginx] [Nginx] [eb6a1564f8d54e80e485a49ff146e670]
https://bc-eu2-baas.acronis.com [302] [GET] [application/json] [] [nginx] [Nginx] [d41d8cd98f00b204e9800998ecf8427e]
https://bc-eu2-baas.acronis.com:8443 [200] [GET] [text/xml] [] [nginx] [Nginx] [eb6a1564f8d54e80e485a49ff146e670]
https://bc-eu2-cloud.acronis.com [302] [GET] [application/json] [] [nginx] [Nginx] [d41d8cd98f00b204e9800998ecf8427e]
https://bc-eu2-cloud.acronis.com:8443 [200] [GET] [text/xml] [] [nginx] [Nginx] [eb6a1564f8d54e80e485a49ff146e670]
https://bc-eu4-baas.acronis.com [302] [GET] [application/json] [] [nginx] [Nginx] [d41d8cd98f00b204e9800998ecf8427e]
https://bc-eu4-baas.acronis.com:8443 [200] [GET] [text/xml] [] [nginx] [Nginx] [eb6a1564f8d54e80e485a49ff146e670]
https://bc-heg-baas.acronis.com [302] [GET] [application/json] [] [nginx] [Nginx] [d41d8cd98f00b204e9800998ecf8427e]
https://bc-heg-baas.acronis.com:8443 [200] [GET] [text/xml] [] [nginx] [Nginx] [eb6a1564f8d54e80e485a49ff146e670]
https://bc-us4-baas.acronis.com [302] [GET] [application/json] [] [nginx] [Nginx] [d41d8cd98f00b204e9800998ecf8427e]
https://bc-us4-baas.acronis.com:8443 [200] [GET] [text/xml] [] [nginx] [Nginx] [eb6a1564f8d54e80e485a49ff146e670]
https://beta-cloud.acronis.com [200] [GET] [text/html] [Login] [nginx] [vhost] [Nginx] [1f3f1e5c6216f3e6b0ec6ed6f04146a5]
https://beta-cloud.acronis.com:8443 [200] [GET] [text/xml] [] [nginx] [Nginx] [eb6a1564f8d54e80e485a49ff146e670]
https://bg-vpn.acronis.com [200] [GET] [text/html] [] [] [vhost] [ebc60595cb03be9c06fbd43fad6fb014]
https://blog.acronis.com [301] [GET] [text/html] [301 Moved Permanently] [nginx] [vhost] [Nginx] [4f8e702cc244ec5d4de32740c0ecbd97]
https://br01-cloud.acronis.com [302] [GET] [application/json] [] [nginx] [Nginx] [d41d8cd98f00b204e9800998ecf8427e]
https://br01-cloud.acronis.com:8443 [200] [GET] [text/xml] [] [nginx] [Nginx] [eb6a1564f8d54e80e485a49ff146e670]
https://brand.acronis.com [404] [GET] [text/html] [] [nginx] [Nginx] [a1ea76c81a9ccb202fe047f3ff875f6d]
https://bt01-cloud.acronis.com [302] [GET] [application/json] [] [nginx] [Nginx] [d41d8cd98f00b204e9800998ecf8427e]
https://bt01-cloud.acronis.com:8443 [200] [GET] [text/xml] [] [nginx] [Nginx] [eb6a1564f8d54e80e485a49ff146e670]
https://ca01-cloud.acronis.com [302] [GET] [application/json] [] [nginx] [Nginx] [d41d8cd98f00b204e9800998ecf8427e]
https://ca01-cloud.acronis.com:8443 [200] [GET] [text/xml] [] [nginx] [Nginx] [eb6a1564f8d54e80e485a49ff146e670]
https://careers.acronis.com [301] [GET] [text/html] [301 Moved Permanently] [nginx] [vhost] [Nginx] [4f8e702cc244ec5d4de32740c0ecbd97]
https://casestudies.acronis.com [200] [GET] [text/html] [SlapFive] [] [vhost] [7e14ba4bf8a237fad8c45a4c1e958bf8]
https://cb-eu2.acronis.com:8443 [200] [GET] [text/html] [] [Apache] [Apache] [de6e68e2c60c138f6423a0a7621abb02]
https://cftp.acronis.com [302] [GET] [text/html] [302 Found] [Apache] [Apache] [49823a27437e8220b230b197e6538f50]
https://cleverbridge.acronis.com [401] [GET] [text/html] [401 Authorization Required] [nginx] [vhost] [Basic,Nginx] [f57a3c55b9ee68511146438d2c65b732]
https://cloud-wr-au1.acronis.com [200] [GET] [text/html] [Acronis Cloud] [nginx] [vhost] [Nginx] [3a1687d7d99335f3f82cb2ee461b8857]
https://cloud-wr-au1.acronis.com:8080 [200] [GET] [text/html] [OoklaServer] [] [59556c1a4c24b1fd1d9682b1cef4f92a]
https://cloud-wr-au1.acronis.com:8443 [200] [GET] [text/xml] [] [nginx] [Nginx] [eb6a1564f8d54e80e485a49ff146e670]
https://cloud-wr-br01.acronis.com [302] [GET] [application/json] [] [nginx] [Nginx] [d41d8cd98f00b204e9800998ecf8427e]
https://cloud-wr-br01.acronis.com:8443 [200] [GET] [text/xml] [] [nginx] [Nginx] [eb6a1564f8d54e80e485a49ff146e670]
https://cloud-wr-bt01.acronis.com [302] [GET] [application/json] [] [nginx] [Nginx] [d41d8cd98f00b204e9800998ecf8427e]
https://cloud-wr-bt01.acronis.com:8443 [200] [GET] [text/xml] [] [nginx] [Nginx] [eb6a1564f8d54e80e485a49ff146e670]
https://cloud-wr-ca01.acronis.com [302] [GET] [application/json] [] [nginx] [Nginx] [d41d8cd98f00b204e9800998ecf8427e]
https://cloud-wr-ca01.acronis.com:8443 [200] [GET] [text/xml] [] [nginx] [Nginx] [eb6a1564f8d54e80e485a49ff146e670]
https://cloud-wr-es01.acronis.com [302] [GET] [application/json] [] [nginx] [Nginx] [d41d8cd98f00b204e9800998ecf8427e]
https://cloud-wr-es01.acronis.com:8443 [200] [GET] [text/xml] [] [nginx] [Nginx] [eb6a1564f8d54e80e485a49ff146e670]
https://cloud-wr-eu1.acronis.com [200] [GET] [text/html] [Acronis Cloud] [nginx] [vhost] [Nginx] [3a1687d7d99335f3f82cb2ee461b8857]
https://cloud-wr-eu1.acronis.com:8443 [200] [GET] [text/xml] [] [nginx] [Nginx] [eb6a1564f8d54e80e485a49ff146e670]
https://cloud-wr-eu2.acronis.com [200] [GET] [text/html] [Acronis Cloud] [nginx] [vhost] [Nginx] [3a1687d7d99335f3f82cb2ee461b8857]
https://cloud-wr-eu2.acronis.com:8443 [200] [GET] [text/xml] [] [nginx] [Nginx] [eb6a1564f8d54e80e485a49ff146e670]
https://cloud-wr-eu5.acronis.com [200] [GET] [text/html] [Acronis Cloud] [nginx] [vhost] [Nginx] [3a1687d7d99335f3f82cb2ee461b8857]
https://cloud-wr-eu5.acronis.com:8443 [200] [GET] [text/xml] [] [nginx] [Nginx] [eb6a1564f8d54e80e485a49ff146e670]
https://cloud-wr-gr01.acronis.com [302] [GET] [application/json] [] [nginx] [Nginx] [d41d8cd98f00b204e9800998ecf8427e]
https://cloud-wr-gr01.acronis.com:8443 [200] [GET] [text/xml] [] [nginx] [Nginx] [eb6a1564f8d54e80e485a49ff146e670]
https://cloud-wr-io99.acronis.com [302] [GET] [application/json] [] [nginx] [Nginx] [d41d8cd98f00b204e9800998ecf8427e]
https://cloud-wr-jp1.acronis.com [200] [GET] [text/html] [Acronis Cloud] [nginx] [vhost] [Nginx] [3a1687d7d99335f3f82cb2ee461b8857]
https://cloud-wr-jp1.acronis.com:8443 [200] [GET] [text/xml] [] [nginx] [Nginx] [eb6a1564f8d54e80e485a49ff146e670]
https://cloud-wr-jp2.acronis.com [200] [GET] [text/html] [Acronis Cloud] [nginx] [vhost] [Nginx] [3a1687d7d99335f3f82cb2ee461b8857]
https://cloud-wr-jp2.acronis.com:8443 [200] [GET] [text/xml] [] [nginx] [Nginx] [eb6a1564f8d54e80e485a49ff146e670]
https://cloud-wr-pl01.acronis.com [302] [GET] [application/json] [] [nginx] [Nginx] [d41d8cd98f00b204e9800998ecf8427e]
https://cloud-wr-pl01.acronis.com:8443 [200] [GET] [text/xml] [] [nginx] [Nginx] [eb6a1564f8d54e80e485a49ff146e670]
https://cloud-wr-ru2.acronis.com [200] [GET] [text/html] [Acronis Cloud] [nginx] [vhost] [Nginx] [3a1687d7d99335f3f82cb2ee461b8857]
https://cloud-wr-ru2.acronis.com:8443 [200] [GET] [text/xml] [] [nginx] [Nginx] [eb6a1564f8d54e80e485a49ff146e670]
https://cloud-wr-sg1.acronis.com [200] [GET] [text/html] [Acronis Cloud] [nginx] [vhost] [Nginx] [3a1687d7d99335f3f82cb2ee461b8857]
https://cloud-wr-sg1.acronis.com:8080 [200] [GET] [text/html] [OoklaServer] [] [59556c1a4c24b1fd1d9682b1cef4f92a]
https://cloud-wr-sg1.acronis.com:8443 [200] [GET] [text/xml] [] [nginx] [Nginx] [eb6a1564f8d54e80e485a49ff146e670]
https://cloud-wr-us1.acronis.com [200] [GET] [text/html] [Acronis Cloud] [nginx] [vhost] [Nginx] [3a1687d7d99335f3f82cb2ee461b8857]
https://cloud-wr-us1.acronis.com:8443 [200] [GET] [text/xml] [] [nginx] [Nginx] [eb6a1564f8d54e80e485a49ff146e670]
https://cloud-wr-us2.acronis.com [200] [GET] [text/html] [Acronis Cloud] [nginx] [vhost] [Nginx] [3a1687d7d99335f3f82cb2ee461b8857]
https://cloud-wr-us2.acronis.com:8443 [200] [GET] [text/xml] [] [nginx] [Nginx] [eb6a1564f8d54e80e485a49ff146e670]
https://cloud-wrh-eu1.acronis.com [302] [GET] [application/json] [] [nginx] [Nginx] [d41d8cd98f00b204e9800998ecf8427e]
https://cloud-wrh-eu1.acronis.com:8443 [200] [GET] [text/xml] [] [nginx] [Nginx] [eb6a1564f8d54e80e485a49ff146e670]
https://cloud-wrh-us1.acronis.com [302] [GET] [application/json] [] [nginx] [Nginx] [d41d8cd98f00b204e9800998ecf8427e]
https://cloud-wrh-us1.acronis.com:8443 [200] [GET] [text/xml] [] [nginx] [Nginx] [eb6a1564f8d54e80e485a49ff146e670]
https://cloud.acronis.com [200] [GET] [text/html] [Login] [nginx] [Nginx] [1f3f1e5c6216f3e6b0ec6ed6f04146a5]
https://cp-eu2.acronis.com [302] [GET] [text/html] [302 Found] [Apache] [Apache] [92d21e3d203ea0dbfdff86a89fea8779]
https://cpas-test.acronis.com [301] [GET] [text/html] [301 Moved Permanently] [nginx] [Nginx] [cd2e0e43980a00fb6a2742d3afd803b8]
https://de-img.acronis.com [403] [GET] [text/html] [404 error] [nginx] [vhost] [Nginx] [3e037c4e99826b5167ecd4a14476a3e4]
https://de-vpn.acronis.com [200] [GET] [text/html] [] [] [vhost] [6f38e922b791b83b1d02871fc9ceb586]
https://dev-cloud.acronis.com [302] [GET] [application/json] [] [nginx] [Nginx] [d41d8cd98f00b204e9800998ecf8427e]
https://dev-cloud.acronis.com:8443 [200] [GET] [text/xml] [] [nginx] [Nginx] [eb6a1564f8d54e80e485a49ff146e670]
https://dev-cms-03.acronis.com [301] [GET] [text/html] [301 Moved Permanently] [nginx] [vhost] [Nginx] [4f8e702cc244ec5d4de32740c0ecbd97]
https://developer.acronis.com [200] [GET] [text/html] [Acronis Developer Portal] [nginx] [vhost] [Express,Google Font API,Google Tag Manager,Nginx,Node.js,Vue.js] [53b80119fec8611127fbff4e5d014ba5]
https://dialin.acronis.com [200] [GET] [text/html] [Conferencing Dial-In Page - Skype for Business 2015] [Microsoft-IIS/8.5] [vhost] [IIS,Windows Server] [402e24217a91e5d2537c9ae69fc5a367]
https://digitalriver.acronis.com [400] [GET] [text/html] [400 No required SSL certificate was sent] [nginx] [vhost] [Nginx] [1a967745c8d79137c550f790a8458729]
https://digitalriver.acronis.com [400] [GET] [text/html] [400 No required SSL certificate was sent] [nginx] [vhost] [Nginx] [200fcf2ce095a9ef6e333d03a31e48cc]
https://dl.acronis.com [200] [GET] [text/html] [] [AkamaiNetStorage] [vhost] [68b329da9893e34099c7d8ad5cb9c940]
https://dl3.acronis.com [302] [GET] [text/html] [] [Google Frontend] [Google App Engine,Google Cloud,Google Cloud CDN,Google Cloud Trace] [483300b45e7e40d4e6de467b226bae57]
https://dl5.acronis.com [200] [GET] [text/html] [] [AkamaiNetStorage] [vhost] [68b329da9893e34099c7d8ad5cb9c940]
https://docs.acronis.com [301] [GET] [text/html] [301 Moved Permanently] [nginx] [vhost] [Nginx] [4f8e702cc244ec5d4de32740c0ecbd97]
https://dr.acronis.com [302] [GET] [text/html] [] [nginx] [vhost] [Nginx,RackCache,Ruby,Ruby on Rails] [b07093021b78f75e5071ec2ee2b876bb]
https://elearning.acronis.com [301] [GET] [text/html] [301 Moved Permanently] [nginx] [vhost] [Nginx] [4f8e702cc244ec5d4de32740c0ecbd97]
https://email.account.acronis.com [200] [GET] [application/octet-stream] [] [nginx] [vhost] [Nginx] [9f36c1c909fa94ed5e7af41387ae3dae]
https://email.account.acronis.com:8445 [200] [GET] [application/json] [] [nginx] [Nginx] [cf578ba641fdffa4681ab055f813ce8b]
https://email.cloud.acronis.com [200] [GET] [application/octet-stream] [] [nginx] [Nginx] [9f36c1c909fa94ed5e7af41387ae3dae]
https://es.acronis.com [302] [GET] [text/html] [302 Found] [nginx] [Nginx] [aff950cab4c0265e21d401db15f1026d]
https://esign.acronis.com [302] [GET] [application/json] [] [nginx] [Nginx] [d41d8cd98f00b204e9800998ecf8427e]
https://eu-baas.acronis.com [302] [GET] [application/json] [] [nginx] [Nginx] [d41d8cd98f00b204e9800998ecf8427e]
https://eu-baas.acronis.com:8443 [200] [GET] [text/xml] [] [nginx] [Nginx] [eb6a1564f8d54e80e485a49ff146e670]
https://eu-cloud.acronis.com [302] [GET] [application/json] [] [nginx] [Nginx] [d41d8cd98f00b204e9800998ecf8427e]
https://eu-cloud.acronis.com:8443 [200] [GET] [text/xml] [] [nginx] [Nginx] [eb6a1564f8d54e80e485a49ff146e670]
https://eu-img.acronis.com [403] [GET] [text/html] [404 error] [nginx] [vhost] [Nginx] [3e037c4e99826b5167ecd4a14476a3e4]
https://eu.acronis.com [302] [GET] [text/html] [302 Found] [nginx] [Nginx] [aff950cab4c0265e21d401db15f1026d]
https://eu2-baas.acronis.com [302] [GET] [application/json] [] [nginx] [Nginx] [d41d8cd98f00b204e9800998ecf8427e]
https://eu2-baas.acronis.com:8443 [200] [GET] [text/xml] [] [nginx] [Nginx] [eb6a1564f8d54e80e485a49ff146e670]
https://eu2-cloud.acronis.com [302] [GET] [application/json] [] [nginx] [Nginx] [d41d8cd98f00b204e9800998ecf8427e]
https://eu2-cloud.acronis.com:8443 [200] [GET] [text/xml] [] [nginx] [Nginx] [eb6a1564f8d54e80e485a49ff146e670]
https://eu4-baas.acronis.com [302] [GET] [application/json] [] [nginx] [Nginx] [d41d8cd98f00b204e9800998ecf8427e]
https://eu4-baas.acronis.com:8443 [200] [GET] [text/xml] [] [nginx] [Nginx] [eb6a1564f8d54e80e485a49ff146e670]
https://eu4-cloud.acronis.com [302] [GET] [application/json] [] [nginx] [Nginx] [d41d8cd98f00b204e9800998ecf8427e]
https://eu4-cloud.acronis.com:8443 [200] [GET] [text/xml] [] [nginx] [Nginx] [eb6a1564f8d54e80e485a49ff146e670]
https://eu5-cloud.acronis.com [302] [GET] [application/json] [] [nginx] [Nginx] [d41d8cd98f00b204e9800998ecf8427e]
https://eu5-cloud.acronis.com:8080 [200] [GET] [text/html] [OoklaServer] [] [59556c1a4c24b1fd1d9682b1cef4f92a]
https://eu5-cloud.acronis.com:8443 [200] [GET] [text/xml] [] [nginx] [Nginx] [eb6a1564f8d54e80e485a49ff146e670]
https://eu8-cloud.acronis.com [302] [GET] [application/json] [] [nginx] [Nginx] [d41d8cd98f00b204e9800998ecf8427e]
https://eu8-cloud.acronis.com:8443 [200] [GET] [text/xml] [] [nginx] [Nginx] [eb6a1564f8d54e80e485a49ff146e670]
https://feed-c.acronis.com [400] [GET] [text/html] [400 No required SSL certificate was sent] [nginx] [Nginx] [200fcf2ce095a9ef6e333d03a31e48cc]
https://feed.acronis.com [403] [GET] [text/html] [403 Forbidden] [nginx] [vhost] [Nginx] [85cb5f9cb8db1c144f09cbd6b1d31805]
https://foundation.acronis.com [301] [GET] [text/html] [301 Moved Permanently] [nginx] [vhost] [Nginx] [4f8e702cc244ec5d4de32740c0ecbd97]
https://fr.acronis.com [302] [GET] [text/html] [302 Found] [nginx] [Nginx] [aff950cab4c0265e21d401db15f1026d]
https://fs.acronis.com [404] [GET] [text/html] [Not Found] [Microsoft-HTTPAPI/2.0] [Microsoft HTTPAPI] [67932d4b695e1d6b19dfc2e3610761ff]
https://gateway.acronis.com [404] [GET] [text/html] [404 Not Found] [nginx] [Nginx] [370e16c3b7dba286cff055f93b9a94d8]
https://geoapi.acronis.com [200] [GET] [application/json] [] [nginx] [vhost] [Nginx,PHP] [a3059a1ec05a2167120c54a2b6233b67]
https://go.acronis.com [200] [GET] [text/html] [go.acronis.com] [nginx] [vhost] [Google Font API,Laravel,Nginx,PHP] [d0489ea4defba903b76af5eefa727ed7]
https://gr01-cloud.acronis.com [302] [GET] [application/json] [] [nginx] [Nginx] [d41d8cd98f00b204e9800998ecf8427e]
https://gr01-cloud.acronis.com:8443 [200] [GET] [text/xml] [] [nginx] [Nginx] [eb6a1564f8d54e80e485a49ff146e670]
https://gru1-repo.acronis.com [403] [GET] [text/html] [403 Forbidden] [nginx] [Nginx] [4b074b0b59693fa9f94fb71b175fb187]
https://gru1-repo.acronis.com [403] [GET] [text/html] [403 Forbidden] [nginx] [Nginx] [9fe3cb2b7313dc79bb477bc8fde184a7]
https://gru1-s3gw.acronis.com [403] [GET] [application/xml] [] [nginx] [vhost] [Amazon Web Services,Nginx] [e5254b24d50c731f054883c419e1cb83]
https://heg-baas.acronis.com [200] [GET] [text/html] [Login] [nginx] [vhost] [Nginx] [1f3f1e5c6216f3e6b0ec6ed6f04146a5]
https://heg-baas.acronis.com:8443 [200] [GET] [text/xml] [] [nginx] [Nginx] [eb6a1564f8d54e80e485a49ff146e670]
https://help.dr.acronis.com [301] [GET] [text/html] [301 Moved Permanently] [nginx/1.19.0] [vhost] [Nginx] [2b00de2b3dcaa8469dea097e4a5e5fb7]
https://i1.acronis.com [403] [GET] [text/html] [404 error] [nginx] [vhost] [Nginx] [3e037c4e99826b5167ecd4a14476a3e4]
https://i2.acronis.com [403] [GET] [text/html] [404 error] [nginx] [vhost] [Nginx] [3e037c4e99826b5167ecd4a14476a3e4]
https://i3.acronis.com [403] [GET] [text/html] [404 error] [nginx] [vhost] [Nginx] [3e037c4e99826b5167ecd4a14476a3e4]
https://i4.acronis.com [403] [GET] [text/html] [404 error] [nginx] [vhost] [Nginx] [3e037c4e99826b5167ecd4a14476a3e4]
https://img.acronis.com [403] [GET] [text/html] [404 error] [nginx] [vhost] [Nginx] [3e037c4e99826b5167ecd4a14476a3e4]
https://info.acronis.com [200] [GET] [text/html] [] [cloudflare] [vhost] [cloudflare] [Cloudflare,Cloudflare Bot Management] [8bc4374c7fe9ae7a1abb6518f3bf9af1]
https://io.acronis.com [502] [GET] [text/html] [502 Bad Gateway] [nginx] [vhost] [Nginx] [2b027182dd680c922c2045072dad573c]
https://io.acronis.com [502] [GET] [text/html] [502 Bad Gateway] [nginx] [vhost] [Nginx] [eac0a6a53d4a4353aace122055b4b4c8]
https://io99-cloud.acronis.com [200] [GET] [text/html] [Login] [nginx] [vhost] [Nginx] [06efd407065fbaf0028122a0e47ade32]
https://ionos-repo.acronis.com [403] [GET] [text/html] [403 Forbidden] [nginx] [Nginx] [4b074b0b59693fa9f94fb71b175fb187]
https://ionos-repo.acronis.com [403] [GET] [text/html] [403 Forbidden] [nginx] [Nginx] [9fe3cb2b7313dc79bb477bc8fde184a7]
https://ipn.acronis.com [302] [GET] [application/json] [] [nginx] [Nginx] [d41d8cd98f00b204e9800998ecf8427e]
https://ipn.acronis.com:8443 [200] [GET] [text/xml] [] [nginx] [Nginx] [eb6a1564f8d54e80e485a49ff146e670]
https://ist1-repo.acronis.com [403] [GET] [text/html] [403 Forbidden] [nginx] [Nginx] [4b074b0b59693fa9f94fb71b175fb187]
https://jp-baas.acronis.com [302] [GET] [application/json] [] [nginx] [Nginx] [d41d8cd98f00b204e9800998ecf8427e]
https://jp-baas.acronis.com:8443 [200] [GET] [text/xml] [] [nginx] [Nginx] [eb6a1564f8d54e80e485a49ff146e670]
https://jp-cloud.acronis.com [302] [GET] [application/json] [] [nginx] [Nginx] [d41d8cd98f00b204e9800998ecf8427e]
https://jp-cloud.acronis.com:8443 [200] [GET] [text/xml] [] [nginx] [Nginx] [eb6a1564f8d54e80e485a49ff146e670]
https://jp-vpn.acronis.com [200] [GET] [text/html] [] [] [f67f7c219b0107103dfbbc219b691337]
https://kaseya-cloud.acronis.com [200] [GET] [text/html] [Login] [nginx] [vhost] [Nginx] [1f3f1e5c6216f3e6b0ec6ed6f04146a5]
https://kaseya-cloud.acronis.com:8443 [200] [GET] [text/xml] [] [nginx] [Nginx] [eb6a1564f8d54e80e485a49ff146e670]
https://lms.acronis.com [301] [GET] [text/html] [301 Moved Permanently] [nginx] [Nginx] [cd2e0e43980a00fb6a2742d3afd803b8]
https://logo.acronis.com [403] [GET] [text/html] [403 Forbidden] [nginx] [Nginx] [2e40045efe5134ada9942798c090d269]
https://lyncdiscover.acronis.com [200] [GET] [application/json] [] [] [3d88fe2bbe818291055917cb5268da9d]
https://mail.acronis.com [302] [GET] [text/html] [Document Moved] [Microsoft-IIS/10.0] [vhost] [IIS,Windows Server] [f5730dbb403dcf27d715978c899ae216]
https://mc-beta-baas.acronis.com [302] [GET] [application/json] [] [nginx] [Nginx] [d41d8cd98f00b204e9800998ecf8427e]
https://mc-beta-baas.acronis.com:8443 [200] [GET] [text/xml] [] [nginx] [Nginx] [eb6a1564f8d54e80e485a49ff146e670]
https://mc-beta-cloud.acronis.com [302] [GET] [application/json] [] [nginx] [Nginx] [d41d8cd98f00b204e9800998ecf8427e]
https://mc-beta-cloud.acronis.com:8443 [200] [GET] [text/xml] [] [nginx] [Nginx] [eb6a1564f8d54e80e485a49ff146e670]
https://mc-heg-baas.acronis.com [302] [GET] [application/json] [] [nginx] [Nginx] [d41d8cd98f00b204e9800998ecf8427e]
https://mc-heg-baas.acronis.com:8443 [200] [GET] [text/xml] [] [nginx] [Nginx] [eb6a1564f8d54e80e485a49ff146e670]
https://mc-io99-cloud.acronis.com [302] [GET] [application/json] [] [nginx] [Nginx] [d41d8cd98f00b204e9800998ecf8427e]
https://mc-kaseya-cloud.acronis.com [302] [GET] [application/json] [] [nginx] [Nginx] [d41d8cd98f00b204e9800998ecf8427e]
https://mc-kaseya-cloud.acronis.com:8443 [200] [GET] [text/xml] [] [nginx] [Nginx] [eb6a1564f8d54e80e485a49ff146e670]
https://mc-msptest2.acronis.com [302] [GET] [application/json] [] [nginx] [vhost] [Nginx] [d41d8cd98f00b204e9800998ecf8427e]
https://mc-msptest2.acronis.com:8443 [200] [GET] [text/xml] [] [nginx] [Nginx] [eb6a1564f8d54e80e485a49ff146e670]
https://meet.acronis.com [200] [GET] [text/html] [Skype for Business Web App] [] [cab38ede73a69308f00a16a5094d484e]
https://merch.acronis.com [200] [GET] [text/html] [Acronis #CyberFit Merchandise Catalog] [nginx] [Google Font API,Nginx] [ec11eba1b96f2b8b88b344c0d54ffedc]
https://mm.acronis.com [200] [GET] [text/html] [Mattermost] [] [a5f10da9a67eba0d49d0725745639d81]
https://mobileapi-enterprise.acronis.com [302] [GET] [application/json] [] [nginx] [Nginx] [d41d8cd98f00b204e9800998ecf8427e]
https://mobileapi-enterprise.acronis.com:8443 [200] [GET] [text/xml] [] [nginx] [Nginx] [eb6a1564f8d54e80e485a49ff146e670]
https://mobileapi.acronis.com [302] [GET] [application/json] [] [nginx] [Nginx] [d41d8cd98f00b204e9800998ecf8427e]
https://mobileapi.acronis.com:8443 [200] [GET] [text/xml] [] [nginx] [Nginx] [eb6a1564f8d54e80e485a49ff146e670]
https://motorsport.acronis.com [301] [GET] [text/html] [301 Moved Permanently] [nginx] [vhost] [Nginx] [4f8e702cc244ec5d4de32740c0ecbd97]
https://mtweb.acronis.com [302] [GET] [text/html] [] [Microsoft-IIS/10.0] [IIS,PHP,Windows Server] [dcb9be2f604e5df91deb9659bed4748d]
https://mx.acronis.com [302] [GET] [text/html] [302 Found] [nginx] [Nginx] [aff950cab4c0265e21d401db15f1026d]
https://my.acronis.com [200] [GET] [text/html] [Login to my.acronis.com] [nginx] [vhost] [Nginx] [2a754a02f0f5a709245a754495fe93c2]
https://notary.acronis.com [301] [GET] [text/html] [301 Moved Permanently] [nginx] [vhost] [Nginx] [4f8e702cc244ec5d4de32740c0ecbd97]
https://nz01-cloud.acronis.com [302] [GET] [application/json] [] [nginx] [Nginx] [d41d8cd98f00b204e9800998ecf8427e]
https://nz01-cloud.acronis.com:8443 [200] [GET] [text/xml] [] [nginx] [Nginx] [eb6a1564f8d54e80e485a49ff146e670]
https://oos.acronis.com [404] [GET] [text/html] [404 - File or directory not found.] [Microsoft-IIS/10.0] [IIS,Microsoft ASP.NET,Windows Server] [5343c1a8b203c162a3bf3870d9f50fd4]
https://partnerapp.acronis.com [404] [GET] [text/html] [Not Found] [Microsoft-HTTPAPI/2.0] [azure] [Microsoft HTTPAPI] [67932d4b695e1d6b19dfc2e3610761ff]
https://pbh1-repo.acronis.com [403] [GET] [text/html] [403 Forbidden] [nginx] [Nginx] [4b074b0b59693fa9f94fb71b175fb187]
https://pl01-cloud.acronis.com [302] [GET] [application/json] [] [nginx] [Nginx] [d41d8cd98f00b204e9800998ecf8427e]
https://pl01-cloud.acronis.com:8443 [200] [GET] [text/xml] [] [nginx] [Nginx] [eb6a1564f8d54e80e485a49ff146e670]
https://promo.acronis.com [302] [GET] [text/html] [] [cloudflare] [vhost] [cloudflare] [Cloudflare,Cloudflare Bot Management] [5383c0704ee06e22fb7e0040cba92418]
https://promosandbox.acronis.com [302] [GET] [text/html] [302 Found] [nginx] [Nginx] [a2fe6c1e82977f875d11e8dc92ebe655]
https://provisioning-vpn.acronis.com [200] [GET] [text/html] [] [] [vhost] [4af3d58e0c050714c598cfcb68fa89c5]
https://registration.acronis.com [502] [GET] [text/html] [502 Bad Gateway] [nginx] [vhost] [Nginx] [8dce59ae8ddc42b04d1f7e2c0c95ec3d]
https://report.acronis.com [403] [GET] [text/html] [403 Forbidden] [nginx] [vhost] [Nginx] [159ae43458145d5dd590f99e6bdb35e8]
https://report.acronis.com [403] [GET] [text/html] [403 Forbidden] [nginx] [vhost] [Nginx] [e5ee2d3ecf1a2387068bcec73b4938b8]
https://rpc.acronis.com [403] [GET] [text/html] [403 Forbidden] [nginx] [Nginx] [b215da7c338218df3aa4d423327b7b0e]
https://rs-br01-cloud.acronis.com [200] [GET] [text/xml] [] [nginx] [vhost] [Nginx] [eb6a1564f8d54e80e485a49ff146e670]
https://rs-br01-cloud.acronis.com:8443 [200] [GET] [text/xml] [] [nginx] [Nginx] [eb6a1564f8d54e80e485a49ff146e670]
https://rs-bt01-baas.acronis.com [302] [GET] [application/json] [] [nginx] [Nginx] [d41d8cd98f00b204e9800998ecf8427e]
https://rs-bt01-baas.acronis.com:8443 [200] [GET] [text/xml] [] [nginx] [Nginx] [eb6a1564f8d54e80e485a49ff146e670]
https://rs-bt01-cloud.acronis.com [200] [GET] [text/xml] [] [nginx] [vhost] [Nginx] [eb6a1564f8d54e80e485a49ff146e670]
https://rs-bt01-cloud.acronis.com:8443 [200] [GET] [text/xml] [] [nginx] [Nginx] [eb6a1564f8d54e80e485a49ff146e670]
https://rs-ca01-cloud.acronis.com [200] [GET] [text/xml] [] [nginx] [vhost] [Nginx] [eb6a1564f8d54e80e485a49ff146e670]
https://rs-ca01-cloud.acronis.com:8443 [200] [GET] [text/xml] [] [nginx] [Nginx] [eb6a1564f8d54e80e485a49ff146e670]
https://rs-es01-cloud.acronis.com [200] [GET] [text/xml] [] [nginx] [vhost] [Nginx] [eb6a1564f8d54e80e485a49ff146e670]
https://rs-es01-cloud.acronis.com:8443 [200] [GET] [text/xml] [] [nginx] [Nginx] [eb6a1564f8d54e80e485a49ff146e670]
https://rs-eu-cloud.acronis.com [200] [GET] [text/xml] [] [nginx] [vhost] [Nginx] [eb6a1564f8d54e80e485a49ff146e670]
https://rs-eu-cloud.acronis.com:8443 [200] [GET] [text/xml] [] [nginx] [Nginx] [eb6a1564f8d54e80e485a49ff146e670]
https://rs-gr01-cloud.acronis.com [200] [GET] [text/xml] [] [nginx] [vhost] [Nginx] [eb6a1564f8d54e80e485a49ff146e670]
https://rs-gr01-cloud.acronis.com:8443 [200] [GET] [text/xml] [] [nginx] [Nginx] [eb6a1564f8d54e80e485a49ff146e670]
https://rs-io99-cloud.acronis.com [200] [GET] [text/xml] [] [nginx] [vhost] [Nginx] [eb6a1564f8d54e80e485a49ff146e670]
https://rs-msptest2.acronis.com [200] [GET] [text/xml] [] [nginx] [vhost] [Nginx] [eb6a1564f8d54e80e485a49ff146e670]
https://rs-msptest2.acronis.com:8443 [200] [GET] [text/xml] [] [nginx] [Nginx] [eb6a1564f8d54e80e485a49ff146e670]
https://rs-nz01-cloud.acronis.com [200] [GET] [text/xml] [] [nginx] [vhost] [Nginx] [eb6a1564f8d54e80e485a49ff146e670]
https://rs-nz01-cloud.acronis.com:8443 [200] [GET] [text/xml] [] [nginx] [Nginx] [eb6a1564f8d54e80e485a49ff146e670]
https://rs-pl01-cloud.acronis.com [200] [GET] [text/xml] [] [nginx] [vhost] [Nginx] [eb6a1564f8d54e80e485a49ff146e670]
https://rs-pl01-cloud.acronis.com:8443 [200] [GET] [text/xml] [] [nginx] [Nginx] [eb6a1564f8d54e80e485a49ff146e670]
https://rs-us5-cloud.acronis.com [200] [GET] [text/xml] [] [nginx] [vhost] [Nginx] [eb6a1564f8d54e80e485a49ff146e670]
https://rs-us5-cloud.acronis.com:8443 [200] [GET] [text/xml] [] [nginx] [Nginx] [eb6a1564f8d54e80e485a49ff146e670]
https://ru-vpn.acronis.com [200] [GET] [text/html] [] [] [vhost] [2ccff14654fc225e2778b92176d3dace]
https://ru2-baas.acronis.com [302] [GET] [application/json] [] [nginx] [Nginx] [d41d8cd98f00b204e9800998ecf8427e]
https://ru2-baas.acronis.com:8443 [200] [GET] [text/xml] [] [nginx] [Nginx] [eb6a1564f8d54e80e485a49ff146e670]
https://ru2-bc-baas.acronis.com [302] [GET] [application/json] [] [nginx] [Nginx] [d41d8cd98f00b204e9800998ecf8427e]
https://ru2-bc-baas.acronis.com:8443 [200] [GET] [text/xml] [] [nginx] [Nginx] [eb6a1564f8d54e80e485a49ff146e670]
https://ru2-cloud.acronis.com [302] [GET] [application/json] [] [nginx] [Nginx] [d41d8cd98f00b204e9800998ecf8427e]
https://ru2-cloud.acronis.com:8443 [200] [GET] [text/xml] [] [nginx] [Nginx] [eb6a1564f8d54e80e485a49ff146e670]
https://s3-eu3-acs1.acronis.com [403] [GET] [application/xml] [] [nginx] [vhost] [Amazon Web Services,Nginx] [e5254b24d50c731f054883c419e1cb83]
https://s3-eu5-acs1.acronis.com [403] [GET] [application/xml] [] [nginx] [vhost] [Amazon Web Services,Nginx] [e5254b24d50c731f054883c419e1cb83]
https://s3-eu6.acronis.com [403] [GET] [application/xml] [] [nginx] [vhost] [Amazon Web Services,Nginx] [e5254b24d50c731f054883c419e1cb83]
https://s3-fra2-acs1.acronis.com [403] [GET] [application/xml] [] [nginx] [vhost] [Amazon Web Services,Nginx] [e5254b24d50c731f054883c419e1cb83]
https://s3-jp2-acs1.acronis.com [403] [GET] [application/xml] [] [nginx] [vhost] [Amazon Web Services,Nginx] [e5254b24d50c731f054883c419e1cb83]
https://s3-phx1-acs3.acronis.com [403] [GET] [application/xml] [] [nginx] [vhost] [Amazon Web Services,Nginx] [e5254b24d50c731f054883c419e1cb83]
https://s3-ru2-acs1.acronis.com [403] [GET] [application/xml] [] [nginx] [vhost] [Amazon Web Services,Nginx] [e5254b24d50c731f054883c419e1cb83]
https://s3-sin2-acs1.acronis.com [403] [GET] [application/xml] [] [nginx] [vhost] [Amazon Web Services,Nginx] [e5254b24d50c731f054883c419e1cb83]
https://s3-vytalink-acs1.acronis.com [403] [GET] [application/xml] [] [nginx] [vhost] [Amazon Web Services,Nginx] [e5254b24d50c731f054883c419e1cb83]
https://security-advisory.acronis.com [200] [GET] [text/html] [Acronis Advisory Database - Acronis] [nginx] [Nginx] [a21aa7f4f4e277c088b420c1003de031]
https://sg-baas.acronis.com [302] [GET] [application/json] [] [nginx] [Nginx] [d41d8cd98f00b204e9800998ecf8427e]
https://sg-baas.acronis.com:8080 [200] [GET] [text/html] [OoklaServer] [] [59556c1a4c24b1fd1d9682b1cef4f92a]
https://sg-baas.acronis.com:8443 [200] [GET] [text/xml] [] [nginx] [Nginx] [eb6a1564f8d54e80e485a49ff146e670]
https://sg-cloud.acronis.com [302] [GET] [application/json] [] [nginx] [Nginx] [d41d8cd98f00b204e9800998ecf8427e]
https://sg-cloud.acronis.com:8080 [200] [GET] [text/html] [OoklaServer] [] [59556c1a4c24b1fd1d9682b1cef4f92a]
https://sg-cloud.acronis.com:8443 [200] [GET] [text/xml] [] [nginx] [Nginx] [eb6a1564f8d54e80e485a49ff146e670]
https://sg-vpn.acronis.com [200] [GET] [text/html] [] [] [vhost] [64a4863354ad63bc3780804a62cbc3f8]
https://sg1-cloud.acronis.com [302] [GET] [application/json] [] [nginx] [Nginx] [d41d8cd98f00b204e9800998ecf8427e]
https://sg1-cloud.acronis.com:8080 [200] [GET] [text/html] [OoklaServer] [] [59556c1a4c24b1fd1d9682b1cef4f92a]
https://sg1-cloud.acronis.com:8443 [200] [GET] [text/xml] [] [nginx] [Nginx] [eb6a1564f8d54e80e485a49ff146e670]
https://skg1-repo.acronis.com [403] [GET] [text/html] [403 Forbidden] [nginx] [Nginx] [4b074b0b59693fa9f94fb71b175fb187]
https://skg1-repo.acronis.com [403] [GET] [text/html] [403 Forbidden] [nginx] [Nginx] [9fe3cb2b7313dc79bb477bc8fde184a7]
https://skg1-s3gw.acronis.com [403] [GET] [application/xml] [] [nginx] [vhost] [Amazon Web Services,Nginx] [e5254b24d50c731f054883c419e1cb83]
https://snpool.acronis.com [200] [GET] [text/html] [Login] [nginx] [vhost] [Nginx] [c3b9e6ba18629f5ad1e5735e1db0ebb9]
https://solutions.acronis.com [200] [GET] [text/html] [Acronis Cyber Protect Cloud Solutions Portal] [nginx] [vhost] [Express,Google Font API,Google Tag Manager,Nginx,Node.js,Vue.js] [e738feba519b525373346d756d90e18c]
https://staging.partners.acronis.com [200] [GET] [text/html] [] [Microsoft-IIS/10.0] [vhost] [Google Cloud,Google Cloud CDN,IIS,Microsoft ASP.NET,Windows Server] [8404249f41bcc5d1df3ce079a8cc620b]
https://storage-repo.acronis.com [200] [GET] [text/html] [Index of /] [nginx] [vhost] [Nginx] [0d322a06f7f0ecf72d65f2b42c6cfd99]
https://storage-reports.acronis.com [404] [GET] [text/html] [404 Not Found] [nginx] [vhost] [Nginx] [ca783981d8cff646eececb652f636a3b]
https://store.acronis.com [503] [GET] [text/html] [Just a moment...] [cloudflare] [vhost] [cloudflare] [hCaptcha] [30066472cfc297f743db55956bd7906e]
https://store.acronis.com [503] [GET] [text/html] [Just a moment...] [cloudflare] [vhost] [cloudflare] [hCaptcha] [3d51a9429e804304ddf8ed1691ab0404]
https://store.acronis.com:8443 [503] [GET] [text/html] [Just a moment...] [cloudflare] [vhost] [cloudflare] [hCaptcha] [314d15e63e221cd9b46267aca0b19ad9]
https://telemetry.acronis.com [403] [GET] [text/html] [403 Forbidden] [nginx/1.14.0 (Ubuntu)] [azure] [Nginx,Ubuntu] [af54461653dbb060bb6de1b81c1ca1fb]
https://ti.acronis.com [200] [GET] [text/html] [] [Apache] [vhost] [Apache] [8bc4374c7fe9ae7a1abb6518f3bf9af1]
https://tll1-repo.acronis.com [403] [GET] [text/html] [403 Forbidden] [nginx] [Nginx] [4b074b0b59693fa9f94fb71b175fb187]
https://tm.partners.acronis.com [302] [GET] [text/html] [302 Moved] [] [vhost] [31c74f252ff1a1780305e935ea598438]
https://tpe1-repo.acronis.com [403] [GET] [text/html] [403 Forbidden] [nginx] [Nginx] [9fe3cb2b7313dc79bb477bc8fde184a7]
https://trueimage.acronis.com [200] [GET] [text/html] [Login] [nginx] [Nginx] [1f3f1e5c6216f3e6b0ec6ed6f04146a5]
https://tryaccess.acronis.com [200] [GET] [text/html] [Acronis Access Gateway Server] [Microsoft-HTTPAPI/2.0] [Bootstrap,Microsoft HTTPAPI] [ec8beb14cca2e7262e7014b0e9055148]
https://uklyncweb.acronis.com [403] [GET] [text/html] [403 - Forbidden: Access is denied.] [Microsoft-IIS/8.5] [IIS,Windows Server] [11ca4578cb026a23713aea6781b8ece3]
https://uksip.acronis.com [404] [GET] [text/plain] [] [RTC/6.0] [7dec511c1c81ace8aeaf31c9df51324f]
https://urlresearch.acronis.com [200] [GET] [text/html] [Welcome to nginx!] [nginx/1.18.0 (Ubuntu)] [azure] [Nginx,Ubuntu] [e3eb0a1df437f3f97a64aca5952c8ea0]
https://us-az-vpn.acronis.com [200] [GET] [text/html] [] [] [vhost] [d2b8592a5e203726cfe23d433c699778]
https://us-baas.acronis.com [302] [GET] [application/json] [] [nginx] [Nginx] [d41d8cd98f00b204e9800998ecf8427e]
https://us-baas.acronis.com:8080 [200] [GET] [text/html] [OoklaServer] [] [59556c1a4c24b1fd1d9682b1cef4f92a]
https://us-baas.acronis.com:8443 [200] [GET] [text/xml] [] [nginx] [Nginx] [eb6a1564f8d54e80e485a49ff146e670]
https://us-bc-baas.acronis.com [302] [GET] [application/json] [] [nginx] [Nginx] [d41d8cd98f00b204e9800998ecf8427e]
https://us-bc-baas.acronis.com:8443 [200] [GET] [text/xml] [] [nginx] [Nginx] [eb6a1564f8d54e80e485a49ff146e670]
https://us-cloud.acronis.com [302] [GET] [application/json] [] [nginx] [Nginx] [d41d8cd98f00b204e9800998ecf8427e]
https://us-cloud.acronis.com:8443 [200] [GET] [text/xml] [] [nginx] [Nginx] [eb6a1564f8d54e80e485a49ff146e670]
https://us-ma-vpn.acronis.com [200] [GET] [text/html] [] [] [vhost] [91c402b4ff6b8f729daf238e0ea7a099]
https://us-wr-baas.acronis.com [302] [GET] [application/json] [] [nginx] [Nginx] [d41d8cd98f00b204e9800998ecf8427e]
https://us-wr-baas.acronis.com:8443 [200] [GET] [text/xml] [] [nginx] [Nginx] [eb6a1564f8d54e80e485a49ff146e670]
https://us4-baas.acronis.com [302] [GET] [application/json] [] [nginx] [Nginx] [d41d8cd98f00b204e9800998ecf8427e]
https://us4-baas.acronis.com:8443 [200] [GET] [text/xml] [] [nginx] [Nginx] [eb6a1564f8d54e80e485a49ff146e670]
https://us4-cloud.acronis.com [302] [GET] [application/json] [] [nginx] [Nginx] [d41d8cd98f00b204e9800998ecf8427e]
https://us4-cloud.acronis.com:8443 [200] [GET] [text/xml] [] [nginx] [Nginx] [eb6a1564f8d54e80e485a49ff146e670]
https://us5-cloud.acronis.com [302] [GET] [application/json] [] [nginx] [Nginx] [d41d8cd98f00b204e9800998ecf8427e]
https://us5-cloud.acronis.com:8443 [200] [GET] [text/xml] [] [nginx] [Nginx] [eb6a1564f8d54e80e485a49ff146e670]
https://vlc1-repo.acronis.com [403] [GET] [text/html] [403 Forbidden] [nginx] [Nginx] [4b074b0b59693fa9f94fb71b175fb187]
https://waw1-repo.acronis.com [403] [GET] [text/html] [403 Forbidden] [nginx] [Nginx] [4b074b0b59693fa9f94fb71b175fb187]
https://waw1-s3gw.acronis.com [403] [GET] [application/xml] [] [nginx] [vhost] [Amazon Web Services,Nginx] [e5254b24d50c731f054883c419e1cb83]
https://web-api-cloud.acronis.com [401] [GET] [text/html] [401 Authorization Required] [nginx] [vhost] [Nginx] [8a790a3c78d7607b7af3be69b5ff491c]
https://web-api-host.acronis.com [403] [GET] [text/html] [403 Forbidden] [nginx] [Nginx] [73a4ccb52390233072f931a4e24080d4]
https://web-api-site.acronis.com [403] [GET] [text/html] [403 Forbidden] [nginx] [Nginx] [8f40686bce6d8454fe3d47b66ad0807e]
https://web-api-tie.acronis.com [403] [GET] [text/html] [403 Forbidden] [nginx] [Nginx] [a56b246704378b99922ffa8fc6c40d78]
https://web-api-tih-feed-c.acronis.com [400] [GET] [text/html] [400 No required SSL certificate was sent] [nginx] [Nginx] [1a967745c8d79137c550f790a8458729]
https://web-api-tih.acronis.com [403] [GET] [text/html] [403 Forbidden] [nginx] [Nginx] [6459355b61417f1cc0f637d2b8748a26]
https://web-api-vmp.acronis.com [403] [GET] [text/html] [403 Forbidden] [nginx] [Nginx] [4939735037aa0273cb5476b136ce2c05]
https://webtest-2.acronis.com [502] [GET] [text/html] [502 Bad Gateway] [nginx] [vhost] [Nginx] [261b1f079fa0a5c0c32d181e43440c05]
https://webtest-2.acronis.com [502] [GET] [text/html] [502 Bad Gateway] [nginx] [vhost] [Nginx] [8dce59ae8ddc42b04d1f7e2c0c95ec3d]
https://wr-eu5-baas.acronis.com [302] [GET] [application/json] [] [nginx] [Nginx] [d41d8cd98f00b204e9800998ecf8427e]
https://wr-eu5-baas.acronis.com:8443 [200] [GET] [text/xml] [] [nginx] [Nginx] [eb6a1564f8d54e80e485a49ff146e670]
https://wrh-msptest2.acronis.com [200] [GET] [text/html] [Login] [nginx] [Nginx] [1f3f1e5c6216f3e6b0ec6ed6f04146a5]
https://wrh-msptest2.acronis.com:8443 [200] [GET] [text/xml] [] [nginx] [Nginx] [eb6a1564f8d54e80e485a49ff146e670]
https://yvr1-repo.acronis.com [403] [GET] [text/html] [403 Forbidden] [nginx] [Nginx] [4b074b0b59693fa9f94fb71b175fb187]
