https://acc-beta.integrations.asana.plus [404] [GET] [application/xml] [] [AmazonS3] [vhost] [cloudfront] [Amazon Cloudfront,Amazon S3,Amazon Web Services] [24b0539b7e623817b91b13a57dd8182b]
https://acc-qa.integrations.asana.plus [200] [GET] [] [Asana for Adobe Creative Cloud] [CloudFront] [vhost] [cloudfront] [Amazon Cloudfront,Amazon Web Services] [1c93ca4d086c2f63ea66179c531da33d]
https://acc-qa.integrations.asana.plus [200] [GET] [] [Asana for Adobe Creative Cloud] [CloudFront] [vhost] [cloudfront] [Amazon Cloudfront,Amazon Web Services] [db9c2991ba6903aab6e65d0dcab41662]
https://acc.asana.plus [200] [GET] [text/html] [Asana for Adobe Creative Cloud] [AmazonS3] [vhost] [cloudfront] [Amazon Cloudfront,Amazon S3,Amazon Web Services] [0adec4db0d414d54730538c5fa23c54a]
https://acc.integrations.asana.plus [200] [GET] [] [Asana for Adobe Creative Cloud] [CloudFront] [vhost] [cloudfront] [Amazon Cloudfront,Amazon Web Services] [1bbd74fe03bc61ebadcb10142a6aec04]
https://acc.integrations.asana.plus [200] [GET] [] [Asana for Adobe Creative Cloud] [CloudFront] [vhost] [cloudfront] [Amazon Cloudfront,Amazon Web Services] [9f7f6b59047fd552d7e0df5ee31013c6]
https://acc2.integrations.asana.plus [200] [GET] [] [Asana for Adobe Creative Cloud] [CloudFront] [vhost] [cloudfront] [Amazon Cloudfront,Amazon Web Services] [8217ce3948e8b401d2087fd43b000274]
https://acc2.integrations.asana.plus [200] [GET] [] [Asana for Adobe Creative Cloud] [CloudFront] [vhost] [cloudfront] [Amazon Cloudfront,Amazon Web Services] [c26b059eb2141a4efb4603f7ce8c0515]
https://asana.plus [200] [GET] [text/html] [] [AmazonS3] [vhost] [cloudfront] [Amazon Cloudfront,Amazon S3,Amazon Web Services] [7071a9c03e31bb57d349c25eefb045a7]
https://auth.asana.plus [404] [GET] [application/json] [] [akka-http/10.2.7] [Akka HTTP] [9c37d35a0489e3448d4f01b1169dca2f]
https://beta-mock-platform-ui-app-server.asana.plus [404] [GET] [application/json] [] [akka-http/10.2.7] [Akka HTTP] [9c37d35a0489e3448d4f01b1169dca2f]
https://beta-slack-server.asana.plus [404] [GET] [application/json] [] [akka-http/10.2.7] [Akka HTTP] [9c37d35a0489e3448d4f01b1169dca2f]
https://bugcrowd.asana.plus [404] [GET] [application/json] [] [] [vhost] [c1287f1f5c485ca4abc4712dcbbf8275]
https://forms-server.asana.plus [404] [GET] [application/json] [] [akka-http/10.2.7] [Akka HTTP] [9c37d35a0489e3448d4f01b1169dca2f]
https://forms.asana.plus [200] [GET] [text/html] [Connect your Forms to Asana] [AmazonS3] [vhost] [cloudfront] [Amazon Cloudfront,Amazon S3,Amazon Web Services] [5602ac42dbbec1c6712eaceb88b06358]
https://github-internal-server.asana.plus [404] [GET] [application/json] [] [akka-http/10.2.7] [Akka HTTP] [9c37d35a0489e3448d4f01b1169dca2f]
https://jira-api-beta.integrations.asana.plus [404] [GET] [text/plain] [] [Asana Jira Server Integration] [vhost] [3ba83e5651fa69097b1f5bddd9cf4334]
https://jira-api-qa.integrations.asana.plus [404] [GET] [text/plain] [] [Asana Jira Server Integration] [vhost] [3ba83e5651fa69097b1f5bddd9cf4334]
https://jira-api.integrations.asana.plus [404] [GET] [text/plain] [] [Asana Jira Server Integration] [vhost] [3ba83e5651fa69097b1f5bddd9cf4334]
https://jira-server.asana.plus [404] [GET] [application/json] [] [akka-http/10.2.7] [Akka HTTP] [9c37d35a0489e3448d4f01b1169dca2f]
https://msft-teams.asana.plus [403] [GET] [application/xml] [] [AmazonS3] [vhost] [cloudfront] [Amazon Cloudfront,Amazon S3,Amazon Web Services] [874d1f32400aac9dd1d7bf7bc7a68a63]
https://msft-teams.asana.plus [403] [GET] [application/xml] [] [AmazonS3] [vhost] [cloudfront] [Amazon Cloudfront,Amazon S3,Amazon Web Services] [d640cb64e87f9ffb19ac58e6fed10c9f]
https://outlook.asana.plus [200] [GET] [text/html] [View Asana Tasks in Outlook] [AmazonS3] [vhost] [cloudfront] [Amazon Cloudfront,Amazon S3,Amazon Web Services] [035d45f7f94baeafbd87f8868a11db79]
https://reporting-api-beta.integrations.asana.plus [404] [GET] [text/plain] [] [awselb/2.0] [d41d8cd98f00b204e9800998ecf8427e]
https://reporting-api-uat.integrations.asana.plus [404] [GET] [text/plain] [] [awselb/2.0] [d41d8cd98f00b204e9800998ecf8427e]
https://reporting-api.integrations.asana.plus [404] [GET] [text/plain] [] [awselb/2.0] [d41d8cd98f00b204e9800998ecf8427e]
https://semgrep.asana.plus [200] [GET] [application/json] [] [] [vhost] [37a6259cc0c1dae299a7866489dff0bd]
https://sfdc-auth-redirect.integrations.asana.plus [200] [GET] [text/html] [] [AmazonS3] [vhost] [cloudfront] [Amazon Cloudfront,Amazon S3,Amazon Web Services] [f76267e6d1108b8585e234570307abfa]
https://slack-server.asana.plus [404] [GET] [application/json] [] [akka-http/10.2.7] [Akka HTTP] [9c37d35a0489e3448d4f01b1169dca2f]
https://tableau-wdc-beta.integrations.asana.plus [502] [GET] [text/html] [502 Bad Gateway] [awselb/2.0] [vhost] [7418cbee906b4db0f20614d0eeebceff]
https://tableau-wdc-uat.integrations.asana.plus [200] [GET] [text/html] [Asana Connector] [] [vhost] [56f57189ead16228f3b7b5d207bffa92]
https://tableau-wdc-uat.integrations.asana.plus [200] [GET] [text/html] [Asana Connector] [] [vhost] [8c008cbf598baba108dd8b4d879fa115]
https://tableau-wdc.integrations.asana.plus [200] [GET] [text/html] [Asana Connector] [] [vhost] [40e6601122287c362cf66c6e2533295a]
https://tableau-wdc.integrations.asana.plus [200] [GET] [text/html] [Asana Connector] [] [vhost] [e2f05586809617537e0567303edee0f2]
https://teams-beta.integrations.asana.plus [404] [GET] [application/json] [] [restify] [vhost] [621ae330f88fe87fe7f8027ba6851675]
https://teams-uat.integrations.asana.plus [404] [GET] [application/json] [] [restify] [vhost] [621ae330f88fe87fe7f8027ba6851675]
https://teams.integrations.asana.plus [404] [GET] [application/json] [] [restify] [vhost] [621ae330f88fe87fe7f8027ba6851675]
https://www.asana.plus [200] [GET] [text/html] [] [AmazonS3] [vhost] [cloudfront] [Amazon Cloudfront,Amazon S3,Amazon Web Services] [7071a9c03e31bb57d349c25eefb045a7]
https://zendesk.integrations.asana.plus [403] [GET] [text/plain] [] [awselb/2.0] [d733c0dfdd7d0b575e7386f149c596df]
https://zoom-app.asana.plus [200] [GET] [text/html] [ui] [AmazonS3] [vhost] [cloudfront] [Amazon Cloudfront,Amazon S3,Amazon Web Services] [b29cfe67c077f9fca9b9cc3e77af2a5f]
https://zoom.asana.plus [404] [GET] [application/json] [] [akka-http/10.2.7] [Akka HTTP] [9c37d35a0489e3448d4f01b1169dca2f]
