http://click.e.ayco.com:9001 [403] [GET] [text/html] [403 - Forbidden: Access is denied.] [Microsoft-IIS/10.0] [IIS,Microsoft ASP.NET,Windows Server] [11ca4578cb026a23713aea6781b8ece3]
http://view.e.ayco.com [302] [GET] [text/html] [Object moved] [] [0b9ef0192b2022a0b94f012083714795]
https://accounts.ayco.com [200] [GET] [text/html] [] [Apache] [vhost] [Apache] [3b6883bd3f7e626512622a64914053f1]
https://api.ayco.com [403] [GET] [text/html] [403 - Forbidden: Access is denied.] [Microsoft-IIS/8.5] [vhost] [IIS,Windows Server] [11ca4578cb026a23713aea6781b8ece3]
https://apipp.ayco.com [403] [GET] [text/html] [403 - Forbidden: Access is denied.] [Microsoft-IIS/8.5] [vhost] [IIS,Windows Server] [11ca4578cb026a23713aea6781b8ece3]
https://apippqa.ayco.com [403] [GET] [text/html] [403 - Forbidden: Access is denied.] [Microsoft-IIS/8.5] [vhost] [IIS,Windows Server] [11ca4578cb026a23713aea6781b8ece3]
https://apiqa.ayco.com [403] [GET] [text/html] [403 - Forbidden: Access is denied.] [Microsoft-IIS/8.5] [vhost] [IIS,Windows Server] [11ca4578cb026a23713aea6781b8ece3]
https://ayco.com [301] [GET] [text/html] [301 Moved Permanently] [Apache] [vhost] [Apache] [92c1114e2a1efc7bae4709feb57a1594]
https://beta.ayco.com [301] [GET] [text/html] [301 Moved Permanently] [Apache] [Apache] [82a405a418e2ca9866a603a5c03aaf40]
https://beta.uat.ayco.com [302] [GET] [text/html] [302 Found] [Apache] [vhost] [Apache] [4bc76dd21d04f717634f8b8ae843c674]
https://billpay.ayco.com [200] [GET] [text/html] [Client Portal] [Windows-Azure-Web/1.0 Microsoft-HTTPAPI/2.0] [vhost] [azure] [Google Font API,Microsoft HTTPAPI] [5eed3020bb52782ba79283dab6be64d9]
https://click.e.ayco.com [403] [GET] [text/html] [403 - Forbidden: Access is denied.] [] [11ca4578cb026a23713aea6781b8ece3]
https://docs.ayco.com [403] [GET] [text/html] [403 - Forbidden: Access is denied.] [Microsoft-IIS/8.5] [vhost] [IIS,Windows Server] [11ca4578cb026a23713aea6781b8ece3]
https://docspp.ayco.com [403] [GET] [text/html] [403 - Forbidden: Access is denied.] [Microsoft-IIS/8.5] [IIS,Windows Server] [11ca4578cb026a23713aea6781b8ece3]
https://docsqa.ayco.com [403] [GET] [text/html] [403 - Forbidden: Access is denied.] [Microsoft-IIS/8.5] [vhost] [IIS,Windows Server] [11ca4578cb026a23713aea6781b8ece3]
https://image.e.ayco.com [403] [GET] [text/html] [Access Denied] [AkamaiGHost] [vhost] [28dba4782058f3a8bcb81dc32711e7f3]
https://image.e.ayco.com [403] [GET] [text/html] [Access Denied] [AkamaiGHost] [vhost] [df5976cd04ffcdb5a2597a9725b14fee]
https://login-qa.ayco.com [403] [GET] [text/html] [Error] [Apache] [Apache] [587fa749210d38870bae68ffb41763bd]
https://login.ayco.com [403] [GET] [text/html] [Error] [Apache] [Apache] [d2e2abaf58303d2d7c9db110efa6acac]
https://oauth-stag.appointments.ayco.com [200] [GET] [text/html] [Home] [] [vhost] [Java,Spring] [41459bb599548b39746a8fcc42991afb]
https://oauth.appointments.ayco.com [200] [GET] [text/html] [Home] [] [vhost] [Java,Spring] [41459bb599548b39746a8fcc42991afb]
https://origin-qa.ayco.com [302] [GET] [text/html] [302 Found] [Apache] [vhost] [Apache] [302c0e35e57e588c7001ccc0febd0f91]
https://origin.ayco.com [302] [GET] [text/html] [302 Found] [Apache] [vhost] [Apache] [cbb137268f2c70f96c290f9632d382dd]
https://pages.e.ayco.com [403] [GET] [text/html] [403 - Forbidden: Access is denied.] [] [11ca4578cb026a23713aea6781b8ece3]
https://pilot.ayco.com [302] [GET] [text/html] [302 Found] [Apache] [vhost] [Apache] [ac5de06d1325619f16fda6c88338dcf7]
https://pilot.uat.ayco.com [401] [GET] [text/html] [401 Unauthorized] [Apache] [vhost] [Apache,Basic] [4d83be6e33fa1b6ee46476a1595c1277]
https://portal.ayco.com [200] [GET] [text/html] [Redirect to Verify Email] [] [vhost] [100f9729b7d68fff7a27e3bbf8a96e60]
https://protect.ayco.com [200] [GET] [text/html] [Protect, by Ayco Services Agency] [] [Express,Node.js] [14d96f532b030ab53b3b7c5bb08cfc95]
https://protect.ayco.com [200] [GET] [text/html] [Protect, by Ayco Services Agency] [] [Express,Node.js] [51b55756023b3526a2ca2a6348c7bf2b]
https://qa.accounts.ayco.com [200] [GET] [text/html] [] [Apache] [vhost] [Akamai,Apache] [0cc9661fa5268c31da430e89702a15b0]
https://qa.accounts.ayco.com [200] [GET] [text/html] [] [Apache] [vhost] [Apache] [4679ddf094de945ae99a7789076ba9d3]
https://qa.portal.ayco.com [200] [GET] [text/html] [Redirect to Verify Email] [] [vhost] [100f9729b7d68fff7a27e3bbf8a96e60]
https://qa.protect.ayco.com [200] [GET] [text/html] [Ayco QA] [] [Express,Node.js] [098974b337e7069dbdf2813eb749a4ac]
https://qa.protect.ayco.com [200] [GET] [text/html] [Ayco QA] [] [Express,Node.js] [f669a75b06f2c27423582f8911be8f23]
https://qa.wellness.ayco.com [200] [GET] [text/html] [Ayco | Wellness] [Apache] [vhost] [Apache] [a7b7574630fb649a4d5b1ea591a78252]
https://uat.accounts.ayco.com [200] [GET] [text/html] [] [Apache] [vhost] [Apache] [4679ddf094de945ae99a7789076ba9d3]
https://uat.ayco.com [401] [GET] [text/html] [401 Unauthorized] [Apache] [vhost] [Apache,Basic] [4d83be6e33fa1b6ee46476a1595c1277]
https://uat.protect.ayco.com [200] [GET] [text/html] [Protect, by Ayco Services Agency] [] [Express,Node.js] [68684ca4a4969a928126566b435929f7]
https://uat.protect.ayco.com [200] [GET] [text/html] [Protect, by Ayco Services Agency] [] [Express,Node.js] [c1d1d091c4777535a586c03d3c5ff434]
https://ui-stag.appointments.ayco.com [404] [GET] [text/html] [Resource not found | 404] [Apache] [Apache] [ef4704e913424f76a4be3bac33d3f50a]
https://ui.appointments.ayco.com [403] [GET] [text/html] [Apache HTTP Server Test Page powered by CentOS] [Apache/2.4.6 (CentOS) PHP/5.6.40.14] [Apache,Bootstrap,CentOS,PHP] [5f3664ed52f6df47c88ec162bb36add4]
https://v.ayco.com [400] [GET] [text/html] [] [Apache] [Apache] [825644f747baab2c00e420dbbc39e4b3]
https://wellness.ayco.com [200] [GET] [text/html] [Ayco | Wellness] [Apache] [vhost] [Apache] [5c8a8063bdb29895510e93daefefcc3f]
https://www.ayco.com [302] [GET] [text/html] [302 Found] [Apache] [vhost] [Apache] [cbb137268f2c70f96c290f9632d382dd]
https://wwwqa.ayco.com [302] [GET] [text/html] [302 Found] [Apache] [vhost] [Apache] [302c0e35e57e588c7001ccc0febd0f91]
