http://chat.int.base.be [403] [GET] [] [] [BigIP] [F5 BigIP] [d41d8cd98f00b204e9800998ecf8427e]
http://chat.lat.base.be [403] [GET] [] [] [BigIP] [F5 BigIP] [d41d8cd98f00b204e9800998ecf8427e]
http://chat.trg.base.be [403] [GET] [] [] [BigIP] [F5 BigIP] [d41d8cd98f00b204e9800998ecf8427e]
http://chat.uat.base.be [403] [GET] [] [] [BigIP] [F5 BigIP] [d41d8cd98f00b204e9800998ecf8427e]
http://comm.int.base.be:8080 [403] [GET] [] [] [BigIP] [F5 BigIP] [d41d8cd98f00b204e9800998ecf8427e]
http://comm.uat.base.be [403] [GET] [] [] [BigIP] [F5 BigIP] [d41d8cd98f00b204e9800998ecf8427e]
http://comm.uat.base.be:8080 [403] [GET] [] [] [BigIP] [F5 BigIP] [d41d8cd98f00b204e9800998ecf8427e]
http://customerzone.dvp.base.be [403] [GET] [] [] [BigIP] [F5 BigIP] [d41d8cd98f00b204e9800998ecf8427e]
http://customerzone.edp.base.be [403] [GET] [] [] [BigIP] [F5 BigIP] [d41d8cd98f00b204e9800998ecf8427e]
http://customerzone.int.base.be [403] [GET] [] [] [BigIP] [F5 BigIP] [d41d8cd98f00b204e9800998ecf8427e]
http://customerzone.lat.base.be [403] [GET] [] [] [BigIP] [F5 BigIP] [d41d8cd98f00b204e9800998ecf8427e]
http://customerzone.mre.base.be [403] [GET] [] [] [BigIP] [F5 BigIP] [d41d8cd98f00b204e9800998ecf8427e]
http://customerzone.sup.base.be [403] [GET] [] [] [BigIP] [F5 BigIP] [d41d8cd98f00b204e9800998ecf8427e]
http://customerzone.trg.base.be [403] [GET] [] [] [BigIP] [F5 BigIP] [d41d8cd98f00b204e9800998ecf8427e]
http://customerzone.uat.base.be [403] [GET] [] [] [BigIP] [F5 BigIP] [d41d8cd98f00b204e9800998ecf8427e]
http://login.dvp.base.be [403] [GET] [] [] [BigIP] [F5 BigIP] [d41d8cd98f00b204e9800998ecf8427e]
http://login.edp.base.be [403] [GET] [] [] [BigIP] [F5 BigIP] [d41d8cd98f00b204e9800998ecf8427e]
http://login.int.base.be [403] [GET] [] [] [BigIP] [F5 BigIP] [d41d8cd98f00b204e9800998ecf8427e]
http://login.lat.base.be [403] [GET] [] [] [BigIP] [F5 BigIP] [d41d8cd98f00b204e9800998ecf8427e]
http://login.mre.base.be [403] [GET] [] [] [BigIP] [F5 BigIP] [d41d8cd98f00b204e9800998ecf8427e]
http://login.sup.base.be [403] [GET] [] [] [BigIP] [F5 BigIP] [d41d8cd98f00b204e9800998ecf8427e]
http://login.trg.base.be [403] [GET] [] [] [BigIP] [F5 BigIP] [d41d8cd98f00b204e9800998ecf8427e]
http://login.uat.base.be [403] [GET] [] [] [BigIP] [F5 BigIP] [d41d8cd98f00b204e9800998ecf8427e]
http://login2.dvp.base.be [403] [GET] [] [] [BigIP] [F5 BigIP] [d41d8cd98f00b204e9800998ecf8427e]
http://login2.edp.base.be [403] [GET] [] [] [BigIP] [F5 BigIP] [d41d8cd98f00b204e9800998ecf8427e]
http://login2.int.base.be [403] [GET] [] [] [BigIP] [F5 BigIP] [d41d8cd98f00b204e9800998ecf8427e]
http://login2.lat.base.be [403] [GET] [] [] [BigIP] [F5 BigIP] [d41d8cd98f00b204e9800998ecf8427e]
http://login2.mre.base.be [403] [GET] [] [] [BigIP] [F5 BigIP] [d41d8cd98f00b204e9800998ecf8427e]
http://login2.sup.base.be [403] [GET] [] [] [BigIP] [F5 BigIP] [d41d8cd98f00b204e9800998ecf8427e]
http://login2.trg.base.be [403] [GET] [] [] [BigIP] [F5 BigIP] [d41d8cd98f00b204e9800998ecf8427e]
http://login2.uat.base.be [403] [GET] [] [] [BigIP] [F5 BigIP] [d41d8cd98f00b204e9800998ecf8427e]
http://m.int.base.be:8080 [403] [GET] [] [] [BigIP] [F5 BigIP] [d41d8cd98f00b204e9800998ecf8427e]
http://m.prd.base.be [302] [GET] [] [] [BigIP] [F5 BigIP] [d41d8cd98f00b204e9800998ecf8427e]
http://m.uat.base.be [403] [GET] [] [] [BigIP] [F5 BigIP] [d41d8cd98f00b204e9800998ecf8427e]
http://m.uat.base.be:8080 [403] [GET] [] [] [BigIP] [F5 BigIP] [d41d8cd98f00b204e9800998ecf8427e]
http://s.int.base.be:8080 [403] [GET] [] [] [BigIP] [F5 BigIP] [d41d8cd98f00b204e9800998ecf8427e]
http://s.uat.base.be [403] [GET] [] [] [BigIP] [F5 BigIP] [d41d8cd98f00b204e9800998ecf8427e]
http://s.uat.base.be:8080 [403] [GET] [] [] [BigIP] [F5 BigIP] [d41d8cd98f00b204e9800998ecf8427e]
http://shop.dvp.base.be [403] [GET] [] [] [BigIP] [F5 BigIP] [d41d8cd98f00b204e9800998ecf8427e]
http://shop.edp.base.be [403] [GET] [] [] [BigIP] [F5 BigIP] [d41d8cd98f00b204e9800998ecf8427e]
http://shop.int.base.be [403] [GET] [] [] [BigIP] [F5 BigIP] [d41d8cd98f00b204e9800998ecf8427e]
http://shop.lat.base.be [403] [GET] [] [] [BigIP] [F5 BigIP] [d41d8cd98f00b204e9800998ecf8427e]
http://shop.mre.base.be [403] [GET] [] [] [BigIP] [F5 BigIP] [d41d8cd98f00b204e9800998ecf8427e]
http://shop.sup.base.be [403] [GET] [] [] [BigIP] [F5 BigIP] [d41d8cd98f00b204e9800998ecf8427e]
http://shop.trg.base.be [403] [GET] [] [] [BigIP] [F5 BigIP] [d41d8cd98f00b204e9800998ecf8427e]
http://shop.uat.base.be [403] [GET] [] [] [BigIP] [F5 BigIP] [d41d8cd98f00b204e9800998ecf8427e]
http://turk.int.base.be [403] [GET] [] [] [BigIP] [F5 BigIP] [d41d8cd98f00b204e9800998ecf8427e]
http://turk.stg.base.be [403] [GET] [] [] [BigIP] [F5 BigIP] [d41d8cd98f00b204e9800998ecf8427e]
http://turk.trg.base.be [403] [GET] [] [] [BigIP] [F5 BigIP] [d41d8cd98f00b204e9800998ecf8427e]
http://turk.uat.base.be [403] [GET] [] [] [BigIP] [F5 BigIP] [d41d8cd98f00b204e9800998ecf8427e]
http://www-dev1.base.be [403] [GET] [] [] [BigIP] [F5 BigIP] [d41d8cd98f00b204e9800998ecf8427e]
http://www-dev2.base.be [403] [GET] [] [] [BigIP] [F5 BigIP] [d41d8cd98f00b204e9800998ecf8427e]
http://www-int1.base.be [403] [GET] [] [] [BigIP] [F5 BigIP] [d41d8cd98f00b204e9800998ecf8427e]
http://www-int2.base.be [403] [GET] [] [] [BigIP] [F5 BigIP] [d41d8cd98f00b204e9800998ecf8427e]
http://www-stg.base.be [403] [GET] [] [] [BigIP] [F5 BigIP] [d41d8cd98f00b204e9800998ecf8427e]
http://www-uat.base.be [403] [GET] [] [] [BigIP] [F5 BigIP] [d41d8cd98f00b204e9800998ecf8427e]
http://www.dvp.base.be [403] [GET] [] [] [BigIP] [F5 BigIP] [d41d8cd98f00b204e9800998ecf8427e]
http://www.edp.base.be [403] [GET] [] [] [BigIP] [F5 BigIP] [d41d8cd98f00b204e9800998ecf8427e]
http://www.int.base.be [403] [GET] [] [] [BigIP] [F5 BigIP] [d41d8cd98f00b204e9800998ecf8427e]
http://www.lat.base.be [403] [GET] [] [] [BigIP] [F5 BigIP] [d41d8cd98f00b204e9800998ecf8427e]
http://www.mre.base.be [403] [GET] [] [] [BigIP] [F5 BigIP] [d41d8cd98f00b204e9800998ecf8427e]
http://www.sup.base.be [403] [GET] [] [] [BigIP] [F5 BigIP] [d41d8cd98f00b204e9800998ecf8427e]
http://www.trg.base.be [403] [GET] [] [] [BigIP] [F5 BigIP] [d41d8cd98f00b204e9800998ecf8427e]
http://www.uat.base.be [403] [GET] [] [] [BigIP] [F5 BigIP] [d41d8cd98f00b204e9800998ecf8427e]
https://api.base.be [403] [GET] [text/html] [] [] [vhost] [095afbf2f1f0e5be678f5dac5c54e717]
https://api.base.be:8443 [403] [GET] [] [] [BigIP] [F5 BigIP] [d41d8cd98f00b204e9800998ecf8427e]
https://api.dvp.base.be [403] [GET] [text/html] [] [] [095afbf2f1f0e5be678f5dac5c54e717]
https://api.edp.base.be [403] [GET] [text/html] [] [] [095afbf2f1f0e5be678f5dac5c54e717]
https://api.int.base.be [403] [GET] [text/html] [] [] [095afbf2f1f0e5be678f5dac5c54e717]
https://api.lat.base.be [403] [GET] [text/html] [] [] [095afbf2f1f0e5be678f5dac5c54e717]
https://api.mre.base.be [403] [GET] [text/html] [] [] [095afbf2f1f0e5be678f5dac5c54e717]
https://api.prd.base.be [403] [GET] [text/html] [] [] [vhost] [095afbf2f1f0e5be678f5dac5c54e717]
https://api.prd.base.be:8443 [403] [GET] [] [] [BigIP] [F5 BigIP] [d41d8cd98f00b204e9800998ecf8427e]
https://api.sup.base.be [403] [GET] [text/html] [] [] [095afbf2f1f0e5be678f5dac5c54e717]
https://api.trg.base.be [403] [GET] [text/html] [] [] [095afbf2f1f0e5be678f5dac5c54e717]
https://api.uat.base.be [403] [GET] [text/html] [] [] [095afbf2f1f0e5be678f5dac5c54e717]
https://base.be [302] [GET] [] [] [BigIP] [vhost] [F5 BigIP] [d41d8cd98f00b204e9800998ecf8427e]
https://basetest.base.be [403] [GET] [] [] [BigIP] [F5 BigIP] [d41d8cd98f00b204e9800998ecf8427e]
https://chat.prd.base.be [403] [GET] [] [] [BigIP] [F5 BigIP] [d41d8cd98f00b204e9800998ecf8427e]
https://chat.prd.base.be:8443 [403] [GET] [] [] [BigIP] [F5 BigIP] [d41d8cd98f00b204e9800998ecf8427e]
https://comm.int.base.be [403] [GET] [] [] [BigIP] [F5 BigIP] [d41d8cd98f00b204e9800998ecf8427e]
https://community.base.be [302] [GET] [] [] [BigIP] [vhost] [F5 BigIP] [d41d8cd98f00b204e9800998ecf8427e]
https://customerzone.base.be [301] [GET] [] [] [BigIP] [vhost] [F5 BigIP] [d41d8cd98f00b204e9800998ecf8427e]
https://customerzone.prd.base.be [301] [GET] [] [] [BigIP] [vhost] [F5 BigIP] [d41d8cd98f00b204e9800998ecf8427e]
https://ecommerce.base.be [403] [GET] [] [Not Allowed] [BigIP] [vhost] [F5 BigIP] [cc779306c566cca6e8cced2d35c846e4]
https://en-uk-help.base.be [301] [GET] [text/html] [] [Apache] [vhost] [Apache] [d41d8cd98f00b204e9800998ecf8427e]
https://extranet.base.be [302] [GET] [text/html] [302 Found] [] [vhost] [5d444f0be90f92d1fb43d42baf1513d1]
https://fr-be-help.base.be [301] [GET] [text/html] [] [Apache] [vhost] [Apache] [d41d8cd98f00b204e9800998ecf8427e]
https://fun.base.be [403] [GET] [] [] [BigIP] [F5 BigIP] [d41d8cd98f00b204e9800998ecf8427e]
https://getoperator.base.be [403] [GET] [] [] [BigIP] [F5 BigIP] [d41d8cd98f00b204e9800998ecf8427e]
https://login.base.be [404] [GET] [text/html] [Error] [] [vhost] [58ecd949de1b03b424a8af95b05e882f]
https://login.base.be:8443 [403] [GET] [] [] [BigIP] [F5 BigIP] [d41d8cd98f00b204e9800998ecf8427e]
https://login.prd.base.be [404] [GET] [text/html] [Error] [] [vhost] [58ecd949de1b03b424a8af95b05e882f]
https://login.prd.base.be:8443 [403] [GET] [] [] [BigIP] [F5 BigIP] [d41d8cd98f00b204e9800998ecf8427e]
https://m.int.base.be [403] [GET] [] [] [BigIP] [F5 BigIP] [d41d8cd98f00b204e9800998ecf8427e]
https://metrics.base.be [200] [GET] [] [] [jag] [d41d8cd98f00b204e9800998ecf8427e]
https://metrics.prd.base.be [200] [GET] [] [] [jag] [d41d8cd98f00b204e9800998ecf8427e]
https://mkt.base.be [200] [GET] [text/html] [] [] [e4b659b57d987d2c7ddb19c60187fdfe]
https://mms.base.be [200] [GET] [text/html] [MMS viewer] [] [Java] [079fd9b507c92d7741e9bda00fbeb28d]
https://mms.base.be [200] [GET] [text/html] [MMS viewer] [] [Java] [7a80619339bd7ac2393b7364266a9dca]
https://nl-be-help.base.be [301] [GET] [text/html] [] [Apache] [vhost] [Apache] [d41d8cd98f00b204e9800998ecf8427e]
https://old-site.base.be [403] [GET] [] [] [BigIP] [F5 BigIP] [d41d8cd98f00b204e9800998ecf8427e]
https://pegacloud.base.be [404] [GET] [text/html] [404] [] [vhost] [Amazon ALB,Amazon Web Services] [d990a558c87e90a2a24cc2e09bb85050]
https://pegacloud.base.be:7443 [503] [GET] [text/html] [503 Service Temporarily Unavailable] [awselb/2.0] [613f79233487af685baf4b32a2397ede]
https://pegacloud.base.be:8443 [404] [GET] [text/html] [HTTP Status 404 – Not Found] [] [vhost] [Amazon ALB,Amazon Web Services] [5ae0173d1b4dd203431cc277bce57bee]
https://pegacloud.uat.base.be [404] [GET] [text/html] [404] [] [vhost] [Amazon ALB,Amazon Web Services] [d990a558c87e90a2a24cc2e09bb85050]
https://pegacloud.uat.base.be:7443 [503] [GET] [text/html] [503 Service Temporarily Unavailable] [awselb/2.0] [613f79233487af685baf4b32a2397ede]
https://pegacloud.uat.base.be:8443 [404] [GET] [text/html] [HTTP Status 404 – Not Found] [] [vhost] [Amazon ALB,Amazon Web Services] [5ae0173d1b4dd203431cc277bce57bee]
https://press.base.be [200] [GET] [text/html] [Telenet Group NV - Pressroom] [] [vhost] [Google Font API,Section.io,Sentry,Sqreen] [9a2b9b50dcf265352a6d187a6b200879]
https://promotion.base.be [404] [GET] [text/plain] [] [] [f9ae9006943e3a67b95ca4c6c733b6d4]
https://qrbcmc-stag.base.be [200] [GET] [text/html] [] [AmazonS3] [vhost] [cloudfront] [Amazon Cloudfront,Amazon S3,Amazon Web Services] [184570eafa562510066f4d9b7621f38d]
https://qrbcmc.base.be [200] [GET] [text/html] [] [AmazonS3] [vhost] [cloudfront] [Amazon Cloudfront,Amazon S3,Amazon Web Services] [60b404497823484d44fc8093fecebdc9]
https://repair.base.be [200] [GET] [text/html] [BASE Herstellingen] [] [PHP] [b3ddc1a2ec3099cd5e6be8711cf167db]
https://s.base.be [404] [GET] [text/html] [404 - File or directory not found.] [] [5343c1a8b203c162a3bf3870d9f50fd4]
https://s.int.base.be [403] [GET] [] [] [BigIP] [F5 BigIP] [d41d8cd98f00b204e9800998ecf8427e]
https://s.prd.base.be [404] [GET] [text/html] [404 - File or directory not found.] [] [5343c1a8b203c162a3bf3870d9f50fd4]
https://shop.base.be [302] [GET] [] [] [BigIP] [vhost] [F5 BigIP] [d41d8cd98f00b204e9800998ecf8427e]
https://shop.base.be:8443 [403] [GET] [] [] [BigIP] [F5 BigIP] [d41d8cd98f00b204e9800998ecf8427e]
https://shop.prd.base.be [302] [GET] [] [] [BigIP] [vhost] [F5 BigIP] [d41d8cd98f00b204e9800998ecf8427e]
https://shop.prd.base.be:8443 [403] [GET] [] [] [BigIP] [F5 BigIP] [d41d8cd98f00b204e9800998ecf8427e]
https://skyfire.base.be [403] [GET] [] [] [BigIP] [F5 BigIP] [d41d8cd98f00b204e9800998ecf8427e]
https://smartphones.base.be [301] [GET] [text/html] [301 Moved Permanently] [awselb/2.0] [vhost] [4aa7a432bb447f094408f1bd6229c605]
https://smetrics.base.be [200] [GET] [] [] [jag] [d41d8cd98f00b204e9800998ecf8427e]
https://smetrics.prd.base.be [200] [GET] [] [] [jag] [d41d8cd98f00b204e9800998ecf8427e]
https://tadaam.base.be [404] [GET] [text/plain] [] [] [f9ae9006943e3a67b95ca4c6c733b6d4]
https://target.base.be [404] [GET] [text/html] [Page not found] [] [b04830c1e053e78a83964c3053f30571]
https://target.prd.base.be [404] [GET] [text/html] [Page not found] [] [b04830c1e053e78a83964c3053f30571]
https://turk.prd.base.be [301] [GET] [text/html] [301 Moved Permanently] [] [vhost] [97fa783da27bfed196ab421dbbfbc1c8]
https://www.base.be [200] [GET] [text/html] [BASE] [] [vhost] [Adobe Experience Manager,Google Font API,Google Tag Manager,Java] [3a853ada163c371d0db141851cfe7e4d]
https://www.base.be [200] [GET] [text/html] [BASE] [] [vhost] [Adobe Experience Manager,Google Font API,Google Tag Manager,Java] [a23c19c0934cffb4eb4f10c44f5e9641]
https://www.prd.base.be [302] [GET] [text/html] [] [] [vhost] [Ookla Speedtest Custom] [d41d8cd98f00b204e9800998ecf8427e]
