http://apieds.betfair.ro:8080 [301] [GET] [] [] [cloudflare] [vhost] [cloudflare] [Cloudflare,Cloudflare Bot Management] [d41d8cd98f00b204e9800998ecf8427e]
http://apismx.betfair.ro:8080 [301] [GET] [] [] [cloudflare] [vhost] [cloudflare] [Cloudflare,Cloudflare Bot Management] [d41d8cd98f00b204e9800998ecf8427e]
http://assets.betfair.ro:8080 [301] [GET] [] [] [cloudflare] [vhost] [cloudflare] [Cloudflare,Cloudflare Bot Management] [d41d8cd98f00b204e9800998ecf8427e]
http://betfair.ro:8080 [301] [GET] [] [] [cloudflare] [vhost] [cloudflare] [Cloudflare,Cloudflare Bot Management] [d41d8cd98f00b204e9800998ecf8427e]
http://cashout-service.betfair.ro [301] [GET] [] [] [cloudflare] [vhost] [cloudflare] [Cloudflare,Cloudflare Bot Management] [d41d8cd98f00b204e9800998ecf8427e]
http://cashout-service.betfair.ro:8080 [301] [GET] [] [] [cloudflare] [vhost] [cloudflare] [Cloudflare,Cloudflare Bot Management] [d41d8cd98f00b204e9800998ecf8427e]
http://cashrace.betfair.ro:8080 [301] [GET] [] [] [cloudflare] [vhost] [cloudflare] [Cloudflare,Cloudflare Bot Management] [d41d8cd98f00b204e9800998ecf8427e]
http://cbs.betfair.ro:8080 [301] [GET] [] [] [cloudflare] [vhost] [cloudflare] [Cloudflare,Cloudflare Bot Management] [d41d8cd98f00b204e9800998ecf8427e]
http://cloud.betfair.ro:8080 [301] [GET] [] [] [cloudflare] [vhost] [cloudflare] [Cloudflare,Cloudflare Bot Management] [d41d8cd98f00b204e9800998ecf8427e]
http://cro.betfair.ro [301] [GET] [] [] [cloudflare] [vhost] [cloudflare] [Cloudflare,Cloudflare Bot Management] [d41d8cd98f00b204e9800998ecf8427e]
http://cro.betfair.ro:8080 [301] [GET] [] [] [cloudflare] [vhost] [cloudflare] [Cloudflare,Cloudflare Bot Management] [d41d8cd98f00b204e9800998ecf8427e]
http://ero.betfair.ro:8080 [301] [GET] [] [] [cloudflare] [vhost] [cloudflare] [Cloudflare,Cloudflare Bot Management] [d41d8cd98f00b204e9800998ecf8427e]
http://etx.betfair.ro:8080 [301] [GET] [] [] [cloudflare] [vhost] [cloudflare] [Cloudflare,Cloudflare Bot Management] [d41d8cd98f00b204e9800998ecf8427e]
http://fcq-service.betfair.ro:8080 [301] [GET] [] [] [cloudflare] [vhost] [cloudflare] [Cloudflare,Cloudflare Bot Management] [d41d8cd98f00b204e9800998ecf8427e]
http://games.betfair.ro:8080 [301] [GET] [] [] [cloudflare] [vhost] [cloudflare] [Cloudflare,Cloudflare Bot Management] [d41d8cd98f00b204e9800998ecf8427e]
http://gfe.betfair.ro:8080 [301] [GET] [] [] [cloudflare] [vhost] [cloudflare] [Cloudflare,Cloudflare Bot Management] [d41d8cd98f00b204e9800998ecf8427e]
http://gmd.betfair.ro:8080 [301] [GET] [] [] [cloudflare] [vhost] [cloudflare] [Cloudflare,Cloudflare Bot Management] [d41d8cd98f00b204e9800998ecf8427e]
http://graphs.betfair.ro:8080 [301] [GET] [] [] [cloudflare] [vhost] [cloudflare] [Cloudflare,Cloudflare Bot Management] [d41d8cd98f00b204e9800998ecf8427e]
http://identitysso.betfair.ro:8080 [301] [GET] [] [] [cloudflare] [vhost] [cloudflare] [Cloudflare,Cloudflare Bot Management] [d41d8cd98f00b204e9800998ecf8427e]
http://ips.betfair.ro:8080 [301] [GET] [] [] [cloudflare] [vhost] [cloudflare] [Cloudflare,Cloudflare Bot Management] [d41d8cd98f00b204e9800998ecf8427e]
http://jocresponsabil.betfair.ro:8080 [301] [GET] [] [] [cloudflare] [vhost] [cloudflare] [Cloudflare,Cloudflare Bot Management] [d41d8cd98f00b204e9800998ecf8427e]
http://launcher.betfair.ro:8080 [301] [GET] [] [] [cloudflare] [vhost] [cloudflare] [Cloudflare,Cloudflare Bot Management] [d41d8cd98f00b204e9800998ecf8427e]
http://lbr.betfair.ro:8080 [301] [GET] [] [] [cloudflare] [vhost] [cloudflare] [Cloudflare,Cloudflare Bot Management] [d41d8cd98f00b204e9800998ecf8427e]
http://livevideo.betfair.ro:8080 [301] [GET] [] [] [cloudflare] [vhost] [cloudflare] [Cloudflare,Cloudflare Bot Management] [d41d8cd98f00b204e9800998ecf8427e]
http://maintenance.betfair.ro:8080 [301] [GET] [] [] [cloudflare] [vhost] [cloudflare] [Cloudflare,Cloudflare Bot Management] [d41d8cd98f00b204e9800998ecf8427e]
http://messaging.betfair.ro:8080 [301] [GET] [] [] [cloudflare] [vhost] [cloudflare] [Cloudflare,Cloudflare Bot Management] [d41d8cd98f00b204e9800998ecf8427e]
http://myacc.betfair.ro:8080 [301] [GET] [] [] [cloudflare] [vhost] [cloudflare] [Cloudflare,Cloudflare Bot Management] [d41d8cd98f00b204e9800998ecf8427e]
http://myaccount.betfair.ro:8080 [301] [GET] [] [] [cloudflare] [vhost] [cloudflare] [Cloudflare,Cloudflare Bot Management] [d41d8cd98f00b204e9800998ecf8427e]
http://myactivity.betfair.ro:8080 [301] [GET] [] [] [cloudflare] [vhost] [cloudflare] [Cloudflare,Cloudflare Bot Management] [d41d8cd98f00b204e9800998ecf8427e]
http://myfunds.betfair.ro:8080 [301] [GET] [] [] [cloudflare] [vhost] [cloudflare] [Cloudflare,Cloudflare Bot Management] [d41d8cd98f00b204e9800998ecf8427e]
http://mypromos.betfair.ro:8080 [301] [GET] [] [] [cloudflare] [vhost] [cloudflare] [Cloudflare,Cloudflare Bot Management] [d41d8cd98f00b204e9800998ecf8427e]
http://pariuri.betfair.ro:8080 [301] [GET] [] [] [cloudflare] [vhost] [cloudflare] [Cloudflare,Cloudflare Bot Management] [d41d8cd98f00b204e9800998ecf8427e]
http://partnerships.betfair.ro:8080 [301] [GET] [] [] [cloudflare] [vhost] [cloudflare] [Cloudflare,Cloudflare Bot Management] [d41d8cd98f00b204e9800998ecf8427e]
http://play.betfair.ro:8080 [301] [GET] [] [] [cloudflare] [vhost] [cloudflare] [Cloudflare,Cloudflare Bot Management] [d41d8cd98f00b204e9800998ecf8427e]
http://playerprotection.betfair.ro:8080 [301] [GET] [] [] [cloudflare] [vhost] [cloudflare] [Cloudflare,Cloudflare Bot Management] [d41d8cd98f00b204e9800998ecf8427e]
http://promotions.betfair.ro:8080 [301] [GET] [] [] [cloudflare] [vhost] [cloudflare] [Cloudflare,Cloudflare Bot Management] [d41d8cd98f00b204e9800998ecf8427e]
http://register.betfair.ro:8080 [301] [GET] [] [] [cloudflare] [vhost] [cloudflare] [Cloudflare,Cloudflare Bot Management] [d41d8cd98f00b204e9800998ecf8427e]
http://rus.betfair.ro:8080 [301] [GET] [] [] [cloudflare] [vhost] [cloudflare] [Cloudflare,Cloudflare Bot Management] [d41d8cd98f00b204e9800998ecf8427e]
http://sco.betfair.ro:8080 [301] [GET] [] [] [cloudflare] [vhost] [cloudflare] [Cloudflare,Cloudflare Bot Management] [d41d8cd98f00b204e9800998ecf8427e]
http://sib.betfair.ro:8080 [301] [GET] [] [] [cloudflare] [vhost] [cloudflare] [Cloudflare,Cloudflare Bot Management] [d41d8cd98f00b204e9800998ecf8427e]
http://smd.betfair.ro:8080 [301] [GET] [] [] [cloudflare] [vhost] [cloudflare] [Cloudflare,Cloudflare Bot Management] [d41d8cd98f00b204e9800998ecf8427e]
http://smp.betfair.ro:8080 [301] [GET] [] [] [cloudflare] [vhost] [cloudflare] [Cloudflare,Cloudflare Bot Management] [d41d8cd98f00b204e9800998ecf8427e]
http://smt.betfair.ro [301] [GET] [] [] [cloudflare] [vhost] [cloudflare] [Cloudflare,Cloudflare Bot Management] [d41d8cd98f00b204e9800998ecf8427e]
http://smt.betfair.ro:8080 [301] [GET] [] [] [cloudflare] [vhost] [cloudflare] [Cloudflare,Cloudflare Bot Management] [d41d8cd98f00b204e9800998ecf8427e]
http://spb.betfair.ro:8080 [301] [GET] [] [] [cloudflare] [vhost] [cloudflare] [Cloudflare,Cloudflare Bot Management] [d41d8cd98f00b204e9800998ecf8427e]
http://sportsgaming.betfair.ro:8080 [301] [GET] [] [] [cloudflare] [vhost] [cloudflare] [Cloudflare,Cloudflare Bot Management] [d41d8cd98f00b204e9800998ecf8427e]
http://ssc.betfair.ro:8080 [301] [GET] [] [] [cloudflare] [vhost] [cloudflare] [Cloudflare,Cloudflare Bot Management] [d41d8cd98f00b204e9800998ecf8427e]
http://strands.betfair.ro:8080 [301] [GET] [] [] [cloudflare] [vhost] [cloudflare] [Cloudflare,Cloudflare Bot Management] [d41d8cd98f00b204e9800998ecf8427e]
http://support.betfair.ro:8080 [301] [GET] [] [] [cloudflare] [vhost] [cloudflare] [Cloudflare,Cloudflare Bot Management] [d41d8cd98f00b204e9800998ecf8427e]
http://upload.betfair.ro:8080 [301] [GET] [] [] [cloudflare] [vhost] [cloudflare] [Cloudflare,Cloudflare Bot Management] [d41d8cd98f00b204e9800998ecf8427e]
http://usp.betfair.ro:8080 [301] [GET] [] [] [cloudflare] [vhost] [cloudflare] [Cloudflare,Cloudflare Bot Management] [d41d8cd98f00b204e9800998ecf8427e]
http://vegas.betfair.ro:8080 [301] [GET] [] [] [cloudflare] [vhost] [cloudflare] [Cloudflare,Cloudflare Bot Management] [d41d8cd98f00b204e9800998ecf8427e]
http://videoplayer.betfair.ro:8080 [301] [GET] [] [] [cloudflare] [vhost] [cloudflare] [Cloudflare,Cloudflare Bot Management] [d41d8cd98f00b204e9800998ecf8427e]
http://vqa.betfair.ro:8080 [301] [GET] [] [] [cloudflare] [vhost] [cloudflare] [Cloudflare,Cloudflare Bot Management] [d41d8cd98f00b204e9800998ecf8427e]
http://was.betfair.ro:8080 [301] [GET] [] [] [cloudflare] [vhost] [cloudflare] [Cloudflare,Cloudflare Bot Management] [d41d8cd98f00b204e9800998ecf8427e]
http://wss.betfair.ro [301] [GET] [] [] [cloudflare] [vhost] [cloudflare] [Cloudflare,Cloudflare Bot Management] [d41d8cd98f00b204e9800998ecf8427e]
http://wss.betfair.ro:8080 [301] [GET] [] [] [cloudflare] [vhost] [cloudflare] [Cloudflare,Cloudflare Bot Management] [d41d8cd98f00b204e9800998ecf8427e]
http://www.betfair.ro:8080 [301] [GET] [] [] [cloudflare] [vhost] [cloudflare] [Cloudflare,Cloudflare Bot Management] [d41d8cd98f00b204e9800998ecf8427e]
https://apieds.betfair.ro [403] [GET] [text/html] [Please Wait... | Cloudflare] [cloudflare] [vhost] [cloudflare] [Cloudflare,Cloudflare Bot Management,hCaptcha] [f35503263476c5d01e23780ce9d95df6]
https://apieds.betfair.ro [403] [GET] [text/html] [Please Wait... | Cloudflare] [cloudflare] [vhost] [cloudflare] [Cloudflare,Cloudflare Bot Management,hCaptcha] [fc926cfe152292ce5cdfa3b174b2f47c]
https://apieds.betfair.ro:8443 [403] [GET] [text/html] [Please Wait... | Cloudflare] [cloudflare] [vhost] [cloudflare] [Cloudflare,Cloudflare Bot Management,hCaptcha] [67eff6f370049296661136771af6b6a2]
https://apismx.betfair.ro [301] [GET] [text/html] [301 Moved Permanently] [cloudflare] [vhost] [cloudflare] [Cloudflare,Cloudflare Bot Management] [2c2cb17c9d710ac46a2758fbe0b65114]
https://apismx.betfair.ro [301] [GET] [text/html] [301 Moved Permanently] [cloudflare] [vhost] [cloudflare] [Cloudflare,Cloudflare Bot Management] [660f37e500f425a82401911a2eca8782]
https://apismx.betfair.ro:8443 [403] [GET] [text/html] [Attention Required! | Cloudflare] [cloudflare] [vhost] [cloudflare] [Cloudflare,Cloudflare Bot Management] [55febf7886d6a51c51b6ed14d6492ae2]
https://assets.betfair.ro [403] [GET] [text/html] [403 Forbidden] [cloudflare] [vhost] [cloudflare] [Cloudflare,Cloudflare Bot Management] [7882b5c1235b9581faa491e60a17e628]
https://assets.betfair.ro [403] [GET] [text/html] [403 Forbidden] [cloudflare] [vhost] [cloudflare] [Cloudflare,Cloudflare Bot Management] [beee27b063e41f5f981c6e127ce0bbc8]
https://assets.betfair.ro:8443 [403] [GET] [text/html] [Attention Required! | Cloudflare] [cloudflare] [vhost] [cloudflare] [Cloudflare,Cloudflare Bot Management] [6fe989971a3d2985eb36bffc60afc95a]
https://beatthedrop.betfair.ro [503] [GET] [text/html] [Beat the Drop | The Football Betting Challenge] [cloudflare] [vhost] [cloudflare] [Amazon ALB,Amazon Web Services,Cloudflare,Cloudflare Bot Management] [01d703b1beef978c6b78e6f6eb11ad4c]
https://beatthedrop.betfair.ro [503] [GET] [text/html] [Beat the Drop | The Football Betting Challenge] [cloudflare] [vhost] [cloudflare] [Amazon ALB,Amazon Web Services,Cloudflare,Cloudflare Bot Management] [c46680a293375801d93e11e26e3cdb0f]
https://betfair.ro [301] [GET] [] [] [cloudflare] [vhost] [cloudflare] [Cloudflare,Cloudflare Bot Management] [d41d8cd98f00b204e9800998ecf8427e]
https://betfair.ro:8443 [301] [GET] [] [] [cloudflare] [vhost] [cloudflare] [Cloudflare,Cloudflare Bot Management] [d41d8cd98f00b204e9800998ecf8427e]
https://cashout-service.betfair.ro:8443 [403] [GET] [text/html] [Attention Required! | Cloudflare] [cloudflare] [vhost] [cloudflare] [Cloudflare,Cloudflare Bot Management] [e1de537a31862c288d37e4ced5812e1d]
https://cashrace.betfair.ro [200] [GET] [text/html] [Promotion not found] [cloudflare] [vhost] [cloudflare] [Cloudflare,Cloudflare Bot Management] [5815edcc39680659e85ea075520212c6]
https://cashrace.betfair.ro [200] [GET] [text/html] [Promotion not found] [cloudflare] [vhost] [cloudflare] [Cloudflare,Cloudflare Bot Management] [6d6afdb8e7c3597534b31d3ae4733599]
https://cashrace.betfair.ro:8443 [403] [GET] [text/html] [Attention Required! | Cloudflare] [cloudflare] [vhost] [cloudflare] [Cloudflare,Cloudflare Bot Management] [f21de70dbeb870dc864365235dbca2e2]
https://cbs.betfair.ro [404] [GET] [] [Service not Found] [cloudflare] [vhost] [cloudflare] [Cloudflare,Cloudflare Bot Management] [c7ed3dffbfd84df8a45f0d1e2113e784]
https://cbs.betfair.ro:8443 [403] [GET] [text/html] [Attention Required! | Cloudflare] [cloudflare] [vhost] [cloudflare] [Cloudflare,Cloudflare Bot Management] [35d5eb809af9d60e9fd93613b0b5e850]
https://ccc.betfair.ro [403] [GET] [text/html] [HTTP Status 403 – Forbidden] [cloudflare] [vhost] [cloudflare] [Cloudflare,Cloudflare Bot Management,Java] [7ce6b07e5ef14429ab7d1b0df5ecd7b0]
https://cloud.betfair.ro [526] [GET] [text/html] [526 Origin SSL Certificate Error] [cloudflare] [vhost] [cloudflare] [Cloudflare,Cloudflare Bot Management] [c39988290ddbb07c78b4b09aaa824efa]
https://cloud.betfair.ro:8443 [403] [GET] [text/html] [Attention Required! | Cloudflare] [cloudflare] [vhost] [cloudflare] [Cloudflare,Cloudflare Bot Management] [66e7027733a75891f3049e20c6037a7d]
https://cro.betfair.ro:8443 [403] [GET] [text/html] [Attention Required! | Cloudflare] [cloudflare] [vhost] [cloudflare] [Cloudflare,Cloudflare Bot Management] [f1b2bd04a0005eaddb31906459f03a0d]
https://ero.betfair.ro [404] [GET] [] [Service not Found] [cloudflare] [vhost] [cloudflare] [Cloudflare,Cloudflare Bot Management] [c7ed3dffbfd84df8a45f0d1e2113e784]
https://ero.betfair.ro:8443 [403] [GET] [text/html] [Attention Required! | Cloudflare] [cloudflare] [vhost] [cloudflare] [Cloudflare,Cloudflare Bot Management] [7a0c5dd280cbc42ddcb8f0d96beec4ad]
https://etx.betfair.ro [404] [GET] [] [Service not Found] [cloudflare] [vhost] [cloudflare] [Cloudflare,Cloudflare Bot Management] [c7ed3dffbfd84df8a45f0d1e2113e784]
https://etx.betfair.ro:8443 [403] [GET] [text/html] [Attention Required! | Cloudflare] [cloudflare] [vhost] [cloudflare] [Cloudflare,Cloudflare Bot Management] [cb3dcb0a57276ab009ef4ba4fb8301dd]
https://fcq-service.betfair.ro [404] [GET] [] [Service not Found] [cloudflare] [vhost] [cloudflare] [Cloudflare,Cloudflare Bot Management] [c7ed3dffbfd84df8a45f0d1e2113e784]
https://fcq-service.betfair.ro:8443 [403] [GET] [text/html] [Attention Required! | Cloudflare] [cloudflare] [vhost] [cloudflare] [Cloudflare,Cloudflare Bot Management] [ef04fcd6047f9e36a42101bb8bb1aaad]
https://games.betfair.ro [301] [GET] [] [] [cloudflare] [vhost] [cloudflare] [Cloudflare,Cloudflare Bot Management] [d41d8cd98f00b204e9800998ecf8427e]
https://games.betfair.ro:8443 [403] [GET] [text/html] [Attention Required! | Cloudflare] [cloudflare] [vhost] [cloudflare] [Cloudflare,Cloudflare Bot Management] [0e7c7d2c59777e456151706207d829e2]
https://gfe.betfair.ro [404] [GET] [text/html] [404 Not Found] [cloudflare] [vhost] [cloudflare] [Cloudflare,Cloudflare Bot Management] [84ec90d83b4998da22b2d69d35d191d9]
https://gfe.betfair.ro [404] [GET] [text/html] [404 Not Found] [cloudflare] [vhost] [cloudflare] [Cloudflare,Cloudflare Bot Management] [fe76d0b51f1ce667ee327508a4cbfc32]
https://gfe.betfair.ro:8443 [403] [GET] [text/html] [Attention Required! | Cloudflare] [cloudflare] [vhost] [cloudflare] [Cloudflare,Cloudflare Bot Management] [048ca97592386eb827a573a862ec258a]
https://gmd.betfair.ro [403] [GET] [text/plain] [] [cloudflare] [vhost] [cloudflare] [Cloudflare,Cloudflare Bot Management] [095afbf2f1f0e5be678f5dac5c54e717]
https://gmd.betfair.ro:8443 [403] [GET] [text/html] [Attention Required! | Cloudflare] [cloudflare] [vhost] [cloudflare] [Cloudflare,Cloudflare Bot Management] [35b76942f4e6021d9e6ca707ee6c6297]
https://graphs.betfair.ro [403] [GET] [text/html] [Please Wait... | Cloudflare] [cloudflare] [vhost] [cloudflare] [Cloudflare,Cloudflare Bot Management,hCaptcha] [430604fd205e5fa9eae300b2a2e70e33]
https://graphs.betfair.ro [403] [GET] [text/html] [Please Wait... | Cloudflare] [cloudflare] [vhost] [cloudflare] [Cloudflare,Cloudflare Bot Management,hCaptcha] [6f1b48979d3b06aed21bc5aaa85d5d28]
https://graphs.betfair.ro:8443 [403] [GET] [text/html] [Please Wait... | Cloudflare] [cloudflare] [vhost] [cloudflare] [Cloudflare,Cloudflare Bot Management,hCaptcha] [bb94b40ee557a33a3b4466d9a03aff99]
https://identitysso.betfair.ro [200] [GET] [text/html] [] [cloudflare] [vhost] [cloudflare] [Cloudflare,Cloudflare Bot Management] [71bf78a1aea23d7b55668043b83904a8]
https://identitysso.betfair.ro [200] [GET] [text/html] [] [cloudflare] [vhost] [cloudflare] [Cloudflare,Cloudflare Bot Management] [b0bf50c7b5e097cf58b743e37b1d9a81]
https://identitysso.betfair.ro:8443 [403] [GET] [text/html] [Attention Required! | Cloudflare] [cloudflare] [vhost] [cloudflare] [Cloudflare,Cloudflare Bot Management] [49960384f1e0155bffc136b8a560d5b7]
https://ips.betfair.ro [404] [GET] [] [Service not Found] [cloudflare] [vhost] [cloudflare] [Cloudflare,Cloudflare Bot Management] [0995ec2ebdfcdd159764fba7461d2491]
https://ips.betfair.ro:8443 [403] [GET] [text/html] [Attention Required! | Cloudflare] [cloudflare] [vhost] [cloudflare] [Cloudflare,Cloudflare Bot Management] [45c76e7e227b90c3a8fb4409fa1dd95a]
https://jocresponsabil.betfair.ro [200] [GET] [text/html] [Joc Responsabil – Betfair – Joc Responsabil] [cloudflare] [vhost] [cloudflare] [Cloudflare,Cloudflare Bot Management,Font Awesome,Google Tag Manager,MySQL,PHP,Revslider,WordPress] [b5e55b6289e4073b303777f898022bc1]
https://jocresponsabil.betfair.ro [200] [GET] [text/html] [Joc Responsabil – Betfair – Joc Responsabil] [cloudflare] [vhost] [cloudflare] [Cloudflare,Cloudflare Bot Management,Font Awesome,Google Tag Manager,MySQL,PHP,Revslider,WordPress] [d310cf0fddbb8803fac94747c5bf4fdc]
https://jocresponsabil.betfair.ro:8443 [403] [GET] [text/html] [Attention Required! | Cloudflare] [cloudflare] [vhost] [cloudflare] [Cloudflare,Cloudflare Bot Management] [c34eff4528dcbfafa8fe300d6b49d42d]
https://launcher.betfair.ro [200] [GET] [text/html] [] [cloudflare] [vhost] [cloudflare] [Cloudflare,Cloudflare Bot Management,Google Tag Manager] [b6b2e63eae847ce82c6d0cf5b49d587b]
https://launcher.betfair.ro [200] [GET] [text/html] [] [cloudflare] [vhost] [cloudflare] [Cloudflare,Cloudflare Bot Management,Google Tag Manager] [dbfec1a73ba64d020efc4bacd5f79beb]
https://launcher.betfair.ro:8443 [403] [GET] [text/html] [Attention Required! | Cloudflare] [cloudflare] [vhost] [cloudflare] [Cloudflare,Cloudflare Bot Management] [24dc987a987ed2e20ab1623dfdf8150e]
https://lbr.betfair.ro [404] [GET] [] [Service not Found] [cloudflare] [vhost] [cloudflare] [Cloudflare,Cloudflare Bot Management] [c7ed3dffbfd84df8a45f0d1e2113e784]
https://lbr.betfair.ro:8443 [403] [GET] [text/html] [Attention Required! | Cloudflare] [cloudflare] [vhost] [cloudflare] [Cloudflare,Cloudflare Bot Management] [1bdec665d0725cd66008169a1137c770]
https://livevideo.betfair.ro [200] [GET] [text/html] [Betfair Video] [cloudflare] [vhost] [cloudflare] [Cloudflare,Cloudflare Bot Management,Java] [d99bbf6c4d6ac2d809ec3619dbf32323]
https://livevideo.betfair.ro [200] [GET] [text/html] [Betfair Video] [cloudflare] [vhost] [cloudflare] [Cloudflare,Cloudflare Bot Management,Java] [f6aae7a835586a1817475e01d16a7515]
https://livevideo.betfair.ro:8443 [403] [GET] [text/html] [Attention Required! | Cloudflare] [cloudflare] [vhost] [cloudflare] [Cloudflare,Cloudflare Bot Management] [4437017c4f2063fb0968f4ae9d62b7af]
https://m.betfair.ro [301] [GET] [text/html] [301 Moved Permanently] [] [cbbc3d4ec865ddffbf554a2748500fea]
https://maintenance.betfair.ro [520] [GET] [text/html] [520 Origin Error] [cloudflare] [vhost] [cloudflare] [Cloudflare,Cloudflare Bot Management] [054c8854dcb532f94998ea29b26b17ec]
https://maintenance.betfair.ro [520] [GET] [text/html] [520 Origin Error] [cloudflare] [vhost] [cloudflare] [Cloudflare,Cloudflare Bot Management] [aaca06731cbb2da05e844fb1e0cc275b]
https://maintenance.betfair.ro:8443 [403] [GET] [text/html] [Attention Required! | Cloudflare] [cloudflare] [vhost] [cloudflare] [Cloudflare,Cloudflare Bot Management] [fc21105297a44c58c3fe8c1850a74a1a]
https://messaging.betfair.ro [404] [GET] [text/html] [] [cloudflare] [vhost] [cloudflare] [Cloudflare,Cloudflare Bot Management] [1227fcdfbe30506383e408ad622b771c]
https://messaging.betfair.ro [404] [GET] [text/html] [] [cloudflare] [vhost] [cloudflare] [Cloudflare,Cloudflare Bot Management] [28fd0bd6b1b73e95fde49c4c37561f39]
https://messaging.betfair.ro:8443 [403] [GET] [text/html] [Attention Required! | Cloudflare] [cloudflare] [vhost] [cloudflare] [Cloudflare,Cloudflare Bot Management] [eb676e120bfa58b3101e5276950f30d2]
https://myacc.betfair.ro [302] [GET] [] [] [cloudflare] [vhost] [cloudflare] [Cloudflare,Cloudflare Bot Management] [d41d8cd98f00b204e9800998ecf8427e]
https://myacc.betfair.ro:8443 [403] [GET] [text/html] [Attention Required! | Cloudflare] [cloudflare] [vhost] [cloudflare] [Cloudflare,Cloudflare Bot Management] [43dc502cd879333d274a32a8009cc93c]
https://myaccount.betfair.ro [302] [GET] [] [] [cloudflare] [vhost] [cloudflare] [Cloudflare,Cloudflare Bot Management] [d41d8cd98f00b204e9800998ecf8427e]
https://myaccount.betfair.ro:8443 [403] [GET] [text/html] [Attention Required! | Cloudflare] [cloudflare] [vhost] [cloudflare] [Cloudflare,Cloudflare Bot Management] [b129fb0e5268fa4faddd0944d1a405a0]
https://myactivity.betfair.ro [302] [GET] [] [] [cloudflare] [vhost] [cloudflare] [Cloudflare,Cloudflare Bot Management] [d41d8cd98f00b204e9800998ecf8427e]
https://myactivity.betfair.ro [403] [GET] [text/html] [Attention Required! | Cloudflare] [cloudflare] [vhost] [cloudflare] [Cloudflare,Cloudflare Bot Management] [18dc78574874b0543dcd78fbd5d90062]
https://myactivity.betfair.ro:8443 [403] [GET] [text/html] [Attention Required! | Cloudflare] [cloudflare] [vhost] [cloudflare] [Cloudflare,Cloudflare Bot Management] [94b078e1a5766ab98025b09eee01c43e]
https://mycards.betfair.ro [403] [GET] [] [] [cloudflare] [vhost] [cloudflare] [Cloudflare,Cloudflare Bot Management] [d41d8cd98f00b204e9800998ecf8427e]
https://myfunds.betfair.ro [302] [GET] [] [] [cloudflare] [vhost] [cloudflare] [Cloudflare,Cloudflare Bot Management] [d41d8cd98f00b204e9800998ecf8427e]
https://myfunds.betfair.ro:8443 [403] [GET] [text/html] [Attention Required! | Cloudflare] [cloudflare] [vhost] [cloudflare] [Cloudflare,Cloudflare Bot Management] [7e97dc69a3deebe072896b9e0c1ecf17]
https://mypromos.betfair.ro [404] [GET] [application/json] [] [cloudflare] [vhost] [cloudflare] [Cloudflare,Cloudflare Bot Management] [6af5e160e35b761f117e9c0fca470a25]
https://mypromos.betfair.ro [404] [GET] [application/json] [] [cloudflare] [vhost] [cloudflare] [Cloudflare,Cloudflare Bot Management] [da932b1dd5e486129c2b321ee2abf4c4]
https://mypromos.betfair.ro:8443 [403] [GET] [text/html] [Attention Required! | Cloudflare] [cloudflare] [vhost] [cloudflare] [Cloudflare,Cloudflare Bot Management] [9db012f4ee049aeaf5fafb687803daaf]
https://pariuri.betfair.ro [403] [GET] [text/html] [Please Wait... | Cloudflare] [cloudflare] [vhost] [cloudflare] [Cloudflare,Cloudflare Bot Management,hCaptcha] [707125546c3f6251136d4ebf71683cf0]
https://pariuri.betfair.ro [403] [GET] [text/html] [Please Wait... | Cloudflare] [cloudflare] [vhost] [cloudflare] [Cloudflare,Cloudflare Bot Management,hCaptcha] [d30d2816a4dcb2f81fe1551ee0aba52a]
https://pariuri.betfair.ro:8443 [403] [GET] [text/html] [Please Wait... | Cloudflare] [cloudflare] [vhost] [cloudflare] [Cloudflare,Cloudflare Bot Management,hCaptcha] [d3e80a5841406a24ebd451c95445f096]
https://partnerships.betfair.ro [200] [GET] [text/html] [Betfair Affiliates RO] [cloudflare] [vhost] [cloudflare] [Cloudflare,Cloudflare Bot Management] [5082558461ab4ba1de62031948805b5a]
https://partnerships.betfair.ro [200] [GET] [text/html] [Betfair Affiliates RO] [cloudflare] [vhost] [cloudflare] [Cloudflare,Cloudflare Bot Management] [fb3088e1f2758082e72fcc16e9fa423c]
https://partnerships.betfair.ro:8443 [403] [GET] [text/html] [Attention Required! | Cloudflare] [cloudflare] [vhost] [cloudflare] [Cloudflare,Cloudflare Bot Management] [f200020f9938b9d9b80ba6fe3df7c3b8]
https://play.betfair.ro [404] [GET] [text/html] [Betfair Gaming Platform - Error] [cloudflare] [vhost] [cloudflare] [Cloudflare,Cloudflare Bot Management,Google Tag Manager] [9151424afe41052930ff7360955a7f30]
https://play.betfair.ro [404] [GET] [text/html] [Betfair Gaming Platform - Error] [cloudflare] [vhost] [cloudflare] [Cloudflare,Cloudflare Bot Management,Google Tag Manager] [927cc5af7360edcf51d94acbc5403825]
https://play.betfair.ro:8443 [403] [GET] [text/html] [Attention Required! | Cloudflare] [cloudflare] [vhost] [cloudflare] [Cloudflare,Cloudflare Bot Management] [2ba83da197309d35aea9b865a4d88828]
https://playerprotection.betfair.ro [302] [GET] [] [] [cloudflare] [vhost] [cloudflare] [Cloudflare,Cloudflare Bot Management] [d41d8cd98f00b204e9800998ecf8427e]
https://playerprotection.betfair.ro:8443 [403] [GET] [text/html] [Attention Required! | Cloudflare] [cloudflare] [vhost] [cloudflare] [Cloudflare,Cloudflare Bot Management] [2b7490db4b298eda783fb5cab530c587]
https://promotions.betfair.ro [403] [GET] [text/html] [Please Wait... | Cloudflare] [cloudflare] [vhost] [cloudflare] [Cloudflare,Cloudflare Bot Management,hCaptcha] [712920dfe036f2b42dfc445500b8c95c]
https://promotions.betfair.ro [403] [GET] [text/html] [Please Wait... | Cloudflare] [cloudflare] [vhost] [cloudflare] [Cloudflare,Cloudflare Bot Management,hCaptcha] [f0e511d7a50f35583cd533f51b358315]
https://promotions.betfair.ro:8443 [403] [GET] [text/html] [Please Wait... | Cloudflare] [cloudflare] [vhost] [cloudflare] [Cloudflare,Cloudflare Bot Management,hCaptcha] [7769150f197b98b07ed5820c4632b902]
https://register.betfair.ro [301] [GET] [] [] [cloudflare] [vhost] [cloudflare] [Cloudflare,Cloudflare Bot Management] [d41d8cd98f00b204e9800998ecf8427e]
https://register.betfair.ro [403] [GET] [text/html] [Attention Required! | Cloudflare] [cloudflare] [vhost] [cloudflare] [Cloudflare,Cloudflare Bot Management] [ac22e3187bcc124c7a2351a6448c018e]
https://register.betfair.ro:8443 [403] [GET] [text/html] [Attention Required! | Cloudflare] [cloudflare] [vhost] [cloudflare] [Cloudflare,Cloudflare Bot Management] [d5cf4631f703b53b9fa978990542348b]
https://rus.betfair.ro [526] [GET] [] [] [cloudflare] [vhost] [cloudflare] [Cloudflare,Cloudflare Bot Management] [d41d8cd98f00b204e9800998ecf8427e]
https://rus.betfair.ro:8443 [403] [GET] [text/html] [Attention Required! | Cloudflare] [cloudflare] [vhost] [cloudflare] [Cloudflare,Cloudflare Bot Management] [611aea3b3ed4ab23684f524bdd213cf7]
https://s.betfair.ro [301] [GET] [text/html] [301 Moved Permanently] [] [cbbc3d4ec865ddffbf554a2748500fea]
https://sco.betfair.ro [404] [GET] [] [Service not Found] [cloudflare] [vhost] [cloudflare] [Cloudflare,Cloudflare Bot Management] [c7ed3dffbfd84df8a45f0d1e2113e784]
https://sco.betfair.ro:8443 [403] [GET] [text/html] [Attention Required! | Cloudflare] [cloudflare] [vhost] [cloudflare] [Cloudflare,Cloudflare Bot Management] [53a2818758845229f507de07139eb0de]
https://sib.betfair.ro [404] [GET] [] [Service not Found] [cloudflare] [vhost] [cloudflare] [Cloudflare,Cloudflare Bot Management] [c7ed3dffbfd84df8a45f0d1e2113e784]
https://sib.betfair.ro:8443 [403] [GET] [text/html] [Attention Required! | Cloudflare] [cloudflare] [vhost] [cloudflare] [Cloudflare,Cloudflare Bot Management] [0c02df9928057cc143dd2a0276822628]
https://simulator.betfair.ro [200] [GET] [text/html] [Betfair Exchange Simulator] [cloudflare] [vhost] [cloudflare] [Cloudflare,Cloudflare Bot Management,Google Tag Manager] [9c810b01ee649c99a7c4fc33a73a72c9]
https://simulator.betfair.ro [200] [GET] [text/html] [Betfair Exchange Simulator] [cloudflare] [vhost] [cloudflare] [Cloudflare,Cloudflare Bot Management,Google Tag Manager] [fc6a0683e75259e40453f6286165caf7]
https://smd.betfair.ro [404] [GET] [] [Service not Found] [cloudflare] [vhost] [cloudflare] [Cloudflare,Cloudflare Bot Management] [c7ed3dffbfd84df8a45f0d1e2113e784]
https://smd.betfair.ro:8443 [403] [GET] [text/html] [Attention Required! | Cloudflare] [cloudflare] [vhost] [cloudflare] [Cloudflare,Cloudflare Bot Management] [a8c092e55f0c9cd20f93dfb4bd1442cb]
https://smp.betfair.ro [404] [GET] [] [Service not Found] [cloudflare] [vhost] [cloudflare] [Cloudflare,Cloudflare Bot Management] [c7ed3dffbfd84df8a45f0d1e2113e784]
https://smp.betfair.ro:8443 [403] [GET] [text/html] [Attention Required! | Cloudflare] [cloudflare] [vhost] [cloudflare] [Cloudflare,Cloudflare Bot Management] [222fe09e0e26e0be0f69cccd231e1204]
https://smt.betfair.ro:8443 [403] [GET] [text/html] [Attention Required! | Cloudflare] [cloudflare] [vhost] [cloudflare] [Cloudflare,Cloudflare Bot Management] [1e60789adf65a26e4f491f531b4efafb]
https://spb.betfair.ro [404] [GET] [] [Service not Found] [cloudflare] [vhost] [cloudflare] [Cloudflare,Cloudflare Bot Management] [c7ed3dffbfd84df8a45f0d1e2113e784]
https://spb.betfair.ro:8443 [403] [GET] [text/html] [Attention Required! | Cloudflare] [cloudflare] [vhost] [cloudflare] [Cloudflare,Cloudflare Bot Management] [93a15746774b69eeba9fc09404777292]
https://sportsgaming.betfair.ro [200] [GET] [text/html] [Betfair | Sportsbook] [cloudflare] [vhost] [cloudflare] [Cloudflare,Cloudflare Bot Management,Google Tag Manager] [0d14ed508188a4f97f9eece371eb7b14]
https://sportsgaming.betfair.ro [200] [GET] [text/html] [Betfair | Sportsbook] [cloudflare] [vhost] [cloudflare] [Cloudflare,Cloudflare Bot Management,Google Tag Manager] [171b7bb1a50ef50358f1555fdba7ee67]
https://sportsgaming.betfair.ro:8443 [403] [GET] [text/html] [Attention Required! | Cloudflare] [cloudflare] [vhost] [cloudflare] [Cloudflare,Cloudflare Bot Management] [a50e1579c0505714cb35fd3b8579ff11]
https://ssc.betfair.ro [405] [GET] [text/html] [Apache Tomcat/7.0.41 - Error report] [cloudflare] [vhost] [cloudflare] [Cloudflare,Cloudflare Bot Management] [6f92e34cf91f916ba4297297f752f24f]
https://ssc.betfair.ro [405] [GET] [text/html] [Apache Tomcat/7.0.41 - Error report] [cloudflare] [vhost] [cloudflare] [Cloudflare,Cloudflare Bot Management] [fc4ea7bdcfab501dc62f9ca8f7bd599d]
https://ssc.betfair.ro:8443 [403] [GET] [text/html] [Attention Required! | Cloudflare] [cloudflare] [vhost] [cloudflare] [Cloudflare,Cloudflare Bot Management] [8d200f91bd94f37039a2c7be237f1037]
https://strands.betfair.ro [301] [GET] [text/html] [301 Moved Permanently] [cloudflare] [vhost] [cloudflare] [Cloudflare,Cloudflare Bot Management] [a78238e4a025a38183c8cb2ca65e3570]
https://strands.betfair.ro [301] [GET] [text/html] [301 Moved Permanently] [cloudflare] [vhost] [cloudflare] [Cloudflare,Cloudflare Bot Management] [b56d76fdc0b6b1e4ebc70183c3e1f9a1]
https://strands.betfair.ro:8443 [403] [GET] [text/html] [Attention Required! | Cloudflare] [cloudflare] [vhost] [cloudflare] [Cloudflare,Cloudflare Bot Management] [4eac30efd738ed9356ccba040dd984f9]
https://strandsaus.betfair.ro [301] [GET] [text/html] [301 Moved Permanently] [] [cbbc3d4ec865ddffbf554a2748500fea]
https://strandstwine.betfair.ro [301] [GET] [text/html] [301 Moved Permanently] [] [cbbc3d4ec865ddffbf554a2748500fea]
https://strandsweave.betfair.ro [301] [GET] [text/html] [301 Moved Permanently] [] [cbbc3d4ec865ddffbf554a2748500fea]
https://support.betfair.ro [301] [GET] [text/html] [301 Moved Permanently] [cloudflare] [vhost] [cloudflare] [Cloudflare,Cloudflare Bot Management] [ecca5acaa0c1b8d3ae432255da22b9b0]
https://support.betfair.ro [301] [GET] [text/html] [301 Moved Permanently] [cloudflare] [vhost] [cloudflare] [Cloudflare,Cloudflare Bot Management] [ffafe944f9585b4f4a9cf849d80b9305]
https://support.betfair.ro:8443 [403] [GET] [text/html] [Attention Required! | Cloudflare] [cloudflare] [vhost] [cloudflare] [Cloudflare,Cloudflare Bot Management] [06450c3163d985ea495dd22044aba2fd]
https://t.betfair.ro [301] [GET] [text/html] [301 Moved Permanently] [] [cbbc3d4ec865ddffbf554a2748500fea]
https://t.mail.betfair.ro [404] [GET] [text/html] [404 Not Found] [Apache] [Apache] [62962daa1b19bbcc2db10b7bfd531ea6]
https://uk-api.betfair.ro [301] [GET] [text/html] [301 Moved Permanently] [] [cbbc3d4ec865ddffbf554a2748500fea]
https://upload.betfair.ro [401] [GET] [text/html] [Send Identity Documents] [cloudflare] [vhost] [cloudflare] [Cloudflare,Cloudflare Bot Management] [2a1b6013fc8a11ee9ecfbeb9b5576e2a]
https://upload.betfair.ro [401] [GET] [text/html] [Send Identity Documents] [cloudflare] [vhost] [cloudflare] [Cloudflare,Cloudflare Bot Management] [d519ef36b8de17cd31b82f54c342de3c]
https://upload.betfair.ro:8443 [403] [GET] [text/html] [Attention Required! | Cloudflare] [cloudflare] [vhost] [cloudflare] [Cloudflare,Cloudflare Bot Management] [7913f6227dc71aa002f00800022e9f48]
https://usp.betfair.ro [404] [GET] [] [Service not Found] [cloudflare] [vhost] [cloudflare] [Cloudflare,Cloudflare Bot Management] [c7ed3dffbfd84df8a45f0d1e2113e784]
https://usp.betfair.ro:8443 [403] [GET] [text/html] [Attention Required! | Cloudflare] [cloudflare] [vhost] [cloudflare] [Cloudflare,Cloudflare Bot Management] [9544aac2be6749b2b38f5f93ff6532ba]
https://vegas.betfair.ro [200] [GET] [text/html] [Betfair Vegas™ România |  Jocuri Casino Online | 150% Bonus] [cloudflare] [vhost] [cloudflare] [Cloudflare,Cloudflare Bot Management,Google Tag Manager] [b3f8836d30626538f555afd861c4c7c0]
https://vegas.betfair.ro [200] [GET] [text/html] [Betfair Vegas™ România |  Jocuri Casino Online | 150% Bonus] [cloudflare] [vhost] [cloudflare] [Cloudflare,Cloudflare Bot Management,Google Tag Manager] [d0941ad318b90cce4b91024a4f0a3c36]
https://vegas.betfair.ro:8443 [403] [GET] [text/html] [Attention Required! | Cloudflare] [cloudflare] [vhost] [cloudflare] [Cloudflare,Cloudflare Bot Management] [adc10a58b1ecfa45d76195c1fe27dd71]
https://videoplayer.betfair.ro [400] [GET] [text/html] [Error page] [cloudflare] [vhost] [cloudflare] [Cloudflare,Cloudflare Bot Management,Google Tag Manager,Java] [7f75675c0ac6f151072754da0c6aa5fa]
https://videoplayer.betfair.ro [400] [GET] [text/html] [Error page] [cloudflare] [vhost] [cloudflare] [Cloudflare,Cloudflare Bot Management,Google Tag Manager,Java] [9b8d0948d4269ec2aafe43a34811b834]
https://videoplayer.betfair.ro:8443 [403] [GET] [text/html] [Attention Required! | Cloudflare] [cloudflare] [vhost] [cloudflare] [Cloudflare,Cloudflare Bot Management] [abed46adee160ebd64b4ec0b66d58c93]
https://vqa.betfair.ro [404] [GET] [] [Service not Found] [cloudflare] [vhost] [cloudflare] [Cloudflare,Cloudflare Bot Management] [c7ed3dffbfd84df8a45f0d1e2113e784]
https://vqa.betfair.ro:8443 [403] [GET] [text/html] [Attention Required! | Cloudflare] [cloudflare] [vhost] [cloudflare] [Cloudflare,Cloudflare Bot Management] [0174ea3f60c1c3bd8bc7a673fb01de7d]
https://was.betfair.ro [404] [GET] [] [Service not Found] [cloudflare] [vhost] [cloudflare] [Cloudflare,Cloudflare Bot Management] [c7ed3dffbfd84df8a45f0d1e2113e784]
https://was.betfair.ro:8443 [403] [GET] [text/html] [Attention Required! | Cloudflare] [cloudflare] [vhost] [cloudflare] [Cloudflare,Cloudflare Bot Management] [af0e0192e2bec6a7ae604fe1ba25dca4]
https://wss.betfair.ro:8443 [403] [GET] [text/html] [Attention Required! | Cloudflare] [cloudflare] [vhost] [cloudflare] [Cloudflare,Cloudflare Bot Management] [0302ff03efd29eac1faeaaa630bdbec1]
https://www.betfair.ro [200] [GET] [text/html] [Pariuri Sportive Online & Pariuri Live » Betfair] [cloudflare] [vhost] [cloudflare] [Cloudflare,Cloudflare Bot Management,Google Tag Manager] [5ce4ac6ea93776ece55e588fc2ea0d1b]
https://www.betfair.ro [200] [GET] [text/html] [Pariuri Sportive Online & Pariuri Live » Betfair] [cloudflare] [vhost] [cloudflare] [Cloudflare,Cloudflare Bot Management,Google Tag Manager] [fa8c5ef5bdcd8d267bc9511c672877db]
https://www.betfair.ro:8443 [403] [GET] [text/html] [Attention Required! | Cloudflare] [cloudflare] [vhost] [cloudflare] [Cloudflare,Cloudflare Bot Management] [9bd40e7636266262904ca8bdf5636ea5]
