https://academy.binance.com [301] [GET] [text/html] [301 Moved Permanently] [Tengine] [vhost] [cloudfront] [Amazon Cloudfront,Amazon Web Services,Tengine] [67194376ec810b1466000b45b043ab94]
https://accounts.binance.com [302] [GET] [text/html] [] [Tengine] [vhost] [cloudfront] [Amazon Cloudfront,Amazon Web Services,Envoy,Tengine] [2f9c20e8dc0908a38a827ab21f4721eb]
https://api.binance.com [200] [GET] [text/html] [Test OK] [nginx] [vhost] [cloudfront] [Amazon Cloudfront,Amazon Web Services,Nginx] [136f5552348d90a36b6c9a49046926c1]
https://api1.binance.com [200] [GET] [text/html] [Test OK] [nginx] [vhost] [cloudfront] [Amazon Cloudfront,Amazon Web Services,Nginx] [136f5552348d90a36b6c9a49046926c1]
https://api2.binance.com [200] [GET] [text/html] [Test OK] [nginx] [vhost] [cloudfront] [Amazon Cloudfront,Amazon Web Services,Nginx] [136f5552348d90a36b6c9a49046926c1]
https://api3.binance.com [200] [GET] [text/html] [Test OK] [nginx] [vhost] [cloudfront] [Amazon Cloudfront,Amazon Web Services,Nginx] [136f5552348d90a36b6c9a49046926c1]
https://binance.com [301] [GET] [text/html] [301 Moved Permanently] [nginx] [Nginx] [cd2e0e43980a00fb6a2742d3afd803b8]
https://bstream.binance.com [400] [GET] [text/plain] [] [] [f461c48782973ccde727d94eeccd6ac8]
https://c2c-admin.binance.com [302] [GET] [text/html] [302 Found] [Tengine] [vhost] [cloudfront] [Amazon Cloudfront,Amazon Web Services,Tengine] [bfac680f5601df0f5482fd08c8c970a7]
https://c2c.binance.com [301] [GET] [text/html] [301 Moved Permanently] [Tengine] [vhost] [cloudfront] [Amazon Cloudfront,Amazon Web Services,Tengine] [67194376ec810b1466000b45b043ab94]
https://card.binance.com [301] [GET] [text/html] [301 Moved Permanently] [Tengine] [vhost] [cloudfront] [Amazon Cloudfront,Amazon Web Services,Tengine] [67194376ec810b1466000b45b043ab94]
https://cloud.binance.com [200] [GET] [text/html] [Binance Cloud | Build your crypto business in minutes with Binance] [Tengine] [vhost] [cloudfront] [Amazon Cloudfront,Amazon Web Services,Node.js,Nuxt.js,Tengine,Vue.js] [442faaffbf64139adf5bf27fdb482f3f]
https://dapi.binance.com [403] [GET] [text/html] [403 Forbidden] [Tengine] [vhost] [cloudfront] [Amazon Cloudfront,Amazon Web Services,Tengine] [0fc648cf94e8f9a398fccb9855c4fdfc]
https://dapi.binance.com [403] [GET] [text/html] [403 Forbidden] [Tengine] [vhost] [cloudfront] [Amazon Cloudfront,Amazon Web Services,Tengine] [5c3a217f589db8118be6b1b38361e5e5]
https://developers.binance.com [200] [GET] [text/html] [Binance Developers] [Tengine] [vhost] [cloudfront] [Amazon Cloudfront,Amazon Web Services,Docusaurus,Envoy,React,Tengine,webpack] [e3e05c80cf095d4b709f0beaa400651d]
https://email.mgmailer.binance.com [200] [GET] [application/octet-stream] [] [nginx] [Nginx] [9f36c1c909fa94ed5e7af41387ae3dae]
https://fapi.binance.com [403] [GET] [text/html] [403 Forbidden] [Tengine] [vhost] [cloudfront] [Amazon Cloudfront,Amazon Web Services,Tengine] [6c851d0fd9a177acd0a6be6d7388e412]
https://fapi.binance.com [403] [GET] [text/html] [403 Forbidden] [Tengine] [vhost] [cloudfront] [Amazon Cloudfront,Amazon Web Services,Tengine] [9a5cb5437868206c103a5e99029d1b37]
https://ftp.binance.com [403] [GET] [application/xml] [] [AmazonS3] [vhost] [cloudfront] [Amazon Cloudfront,Amazon S3,Amazon Web Services] [c9e652a391ff274f4a0c9496f07189c0]
https://ftp.binance.com [403] [GET] [application/xml] [] [AmazonS3] [vhost] [cloudfront] [Amazon Cloudfront,Amazon S3,Amazon Web Services] [e0de61a6ba69603ec8d42125dcf913bd]
https://im.binance.com [404] [GET] [application/json] [] [] [vhost] [cloudfront] [Amazon ALB,Amazon Cloudfront,Amazon Web Services] [44b92b8e6edc57062af90cd751f61a5a]
https://im.binance.com [404] [GET] [application/json] [] [] [vhost] [cloudfront] [Amazon ALB,Amazon Cloudfront,Amazon Web Services] [62e1089e2e75d2ebfeb38b85ccb9ce72]
https://info.binance.com [301] [GET] [text/html] [301 Moved Permanently] [nginx] [vhost] [cloudfront] [Amazon Cloudfront,Amazon Web Services,Nginx] [cd2e0e43980a00fb6a2742d3afd803b8]
https://labs.binance.com [200] [GET] [text/html] [Binance Labs | Empowering The Decentralised Web] [AmazonS3] [vhost] [cloudfront] [Amazon Cloudfront,Amazon S3,Amazon Web Services,Bootstrap,Google Font API,animate.css] [c8f29b575f1084f2900e3c40579a9ab4]
https://launchpad.binance.com [301] [GET] [text/html] [301 Moved Permanently] [Tengine] [vhost] [cloudfront] [Amazon Cloudfront,Amazon Web Services,Tengine] [67194376ec810b1466000b45b043ab94]
https://margin-stream.binance.com [400] [GET] [text/plain] [] [] [f461c48782973ccde727d94eeccd6ac8]
https://merchant.binance.com [301] [GET] [text/html] [301 Moved Permanently] [Tengine] [vhost] [cloudfront] [Amazon Cloudfront,Amazon Web Services,Tengine] [67194376ec810b1466000b45b043ab94]
https://opsstream.binance.com [404] [GET] [text/html] [404 Not Found] [nginx/1.17.10] [Nginx] [84e09f0dca0d818da7f70edf8885b985]
https://otc.binance.com [301] [GET] [text/html] [301 Moved Permanently] [Tengine] [vhost] [cloudfront] [Amazon Cloudfront,Amazon Web Services,Tengine] [67194376ec810b1466000b45b043ab94]
https://p2p.binance.com [301] [GET] [text/html] [301 Moved Permanently] [Tengine] [vhost] [cloudfront] [Amazon Cloudfront,Amazon Web Services,Tengine] [67194376ec810b1466000b45b043ab94]
https://pool.binance.com [302] [GET] [] [] [Tengine] [vhost] [cloudfront] [Amazon Cloudfront,Amazon Web Services,Tengine] [d41d8cd98f00b204e9800998ecf8427e]
https://preprod-accounts.binance.com [403] [GET] [text/html] [ERROR: The request could not be satisfied] [CloudFront] [cloudfront] [Amazon Cloudfront,Amazon Web Services] [84a11581679a14b36c6d9327679306c5]
https://preprod-accounts.binance.com [403] [GET] [text/html] [ERROR: The request could not be satisfied] [CloudFront] [cloudfront] [Amazon Cloudfront,Amazon Web Services] [b6e0d44b6097381530a262f865ae2a49]
https://preprod.binance.com [403] [GET] [text/html] [ERROR: The request could not be satisfied] [CloudFront] [cloudfront] [Amazon Cloudfront,Amazon Web Services] [357ef66fe06e19fb9c9eff99a0f83c99]
https://preprod.binance.com [403] [GET] [text/html] [ERROR: The request could not be satisfied] [CloudFront] [cloudfront] [Amazon Cloudfront,Amazon Web Services] [3dbb32ab564bd1535b7988261a6f2f21]
https://research.binance.com [200] [GET] [text/html] [Digital Assets and Cryptocurrencies | Blockchain Research | Crypto Analysis | Binance Research] [Tengine] [vhost] [cloudfront] [Amazon Cloudfront,Amazon Web Services,Tengine] [8655957627bb2ea709cb1ce1f24e94ca]
https://stream.binance.com [400] [GET] [text/plain] [] [] [f461c48782973ccde727d94eeccd6ac8]
https://stream1.binance.com [400] [GET] [text/plain] [] [] [f461c48782973ccde727d94eeccd6ac8]
https://stream2.binance.com [400] [GET] [text/plain] [] [] [f461c48782973ccde727d94eeccd6ac8]
https://stream3.binance.com [400] [GET] [text/plain] [] [] [f461c48782973ccde727d94eeccd6ac8]
https://stream4.binance.com [400] [GET] [text/plain] [] [] [f461c48782973ccde727d94eeccd6ac8]
https://vapi.binance.com [404] [GET] [text/html] [Binance] [Tengine] [vhost] [cloudfront] [Amazon Cloudfront,Amazon Web Services,Tengine] [a28fb3be881935e131cd3be6d046a059]
https://voptions.binance.com [200] [GET] [text/html] [Bitcoin Exchange | Cryptocurrency Exchange | Binance] [Tengine] [vhost] [cloudfront] [Amazon Cloudfront,Amazon Web Services,Node.js,Nuxt.js,Tengine,Vue.js] [8066aca35de9b67b85523b788f529bf3]
https://vstream.binance.com [426] [GET] [] [] [nginx/1.17.10] [vhost] [Nginx] [d41d8cd98f00b204e9800998ecf8427e]
https://www.binance.com [302] [GET] [] [] [Tengine] [vhost] [cloudfront] [Amazon Cloudfront,Amazon Web Services,Tengine] [d41d8cd98f00b204e9800998ecf8427e]
