http://academy.binary.com:8080 [301] [GET] [] [] [cloudflare] [cloudflare] [d41d8cd98f00b204e9800998ecf8427e]
http://academy.binary.com:8443 [400] [GET] [text/html] [400 The plain HTTP request was sent to HTTPS port] [cloudflare] [cloudflare] [cd58783500d7fa3c58f88eb0ba22f4f8]
http://admin.binary.com:8080 [301] [GET] [] [] [cloudflare] [vhost] [cloudflare] [d41d8cd98f00b204e9800998ecf8427e]
http://affiliates.binary.com:8080 [302] [GET] [] [] [cloudflare] [vhost] [cloudflare] [d41d8cd98f00b204e9800998ecf8427e]
http://api.binary.com:8080 [301] [GET] [] [] [cloudflare] [cloudflare] [d41d8cd98f00b204e9800998ecf8427e]
http://backoffice.binary.com:8080 [403] [GET] [text/plain] [] [cloudflare] [vhost] [cloudflare] [7b5ea53ba332630e5aca8e4abb807f70]
http://banners.binary.com:8080 [301] [GET] [] [] [cloudflare] [cloudflare] [d41d8cd98f00b204e9800998ecf8427e]
http://banners.binary.com:8443 [400] [GET] [text/html] [400 The plain HTTP request was sent to HTTPS port] [cloudflare] [cloudflare] [20ad84d030031252141ca0b3fc0183f0]
http://bitcoin-wallet.binary.com:8080 [301] [GET] [] [] [cloudflare] [cloudflare] [d41d8cd98f00b204e9800998ecf8427e]
http://bitcoin-wallet.binary.com:8443 [400] [GET] [text/html] [400 The plain HTTP request was sent to HTTPS port] [cloudflare] [cloudflare] [20ad84d030031252141ca0b3fc0183f0]
http://bot.binary.com:8080 [301] [GET] [] [] [cloudflare] [cloudflare] [d41d8cd98f00b204e9800998ecf8427e]
http://bot.binary.com:8443 [400] [GET] [text/html] [400 The plain HTTP request was sent to HTTPS port] [cloudflare] [cloudflare] [20ad84d030031252141ca0b3fc0183f0]
http://careers.binary.com:8080 [301] [GET] [] [] [cloudflare] [cloudflare] [d41d8cd98f00b204e9800998ecf8427e]
http://charts.binary.com:8080 [301] [GET] [] [] [cloudflare] [cloudflare] [d41d8cd98f00b204e9800998ecf8427e]
http://charts.binary.com:8443 [400] [GET] [text/html] [400 The plain HTTP request was sent to HTTPS port] [cloudflare] [cloudflare] [20ad84d030031252141ca0b3fc0183f0]
http://collector01.binary.com:8080 [403] [GET] [text/plain] [] [cloudflare] [vhost] [cloudflare] [7b5ea53ba332630e5aca8e4abb807f70]
http://crypto-cashier.binary.com:8080 [301] [GET] [] [] [cloudflare] [cloudflare] [d41d8cd98f00b204e9800998ecf8427e]
http://crypto-cashier.binary.com:8443 [400] [GET] [text/html] [400 The plain HTTP request was sent to HTTPS port] [cloudflare] [cloudflare] [cd58783500d7fa3c58f88eb0ba22f4f8]
http://developers.binary.com:8080 [301] [GET] [] [] [cloudflare] [cloudflare] [d41d8cd98f00b204e9800998ecf8427e]
http://developers.binary.com:8443 [400] [GET] [text/html] [400 The plain HTTP request was sent to HTTPS port] [cloudflare] [cloudflare] [cd58783500d7fa3c58f88eb0ba22f4f8]
http://feed01.binary.com [301] [GET] [] [] [cloudflare] [cloudflare] [d41d8cd98f00b204e9800998ecf8427e]
http://feed01.binary.com:8080 [301] [GET] [] [] [cloudflare] [cloudflare] [d41d8cd98f00b204e9800998ecf8427e]
http://feed01.binary.com:8443 [400] [GET] [text/html] [400 The plain HTTP request was sent to HTTPS port] [cloudflare] [cloudflare] [20ad84d030031252141ca0b3fc0183f0]
http://info.binary.com:8080 [404] [GET] [text/html] [404 Not Found] [] [2e9281cb1598565605593d28a5efa3bb]
http://lb.binary.com [301] [GET] [] [] [cloudflare] [cloudflare] [d41d8cd98f00b204e9800998ecf8427e]
http://lb.binary.com:8080 [301] [GET] [] [] [cloudflare] [cloudflare] [d41d8cd98f00b204e9800998ecf8427e]
http://lb.binary.com:8443 [400] [GET] [text/html] [400 The plain HTTP request was sent to HTTPS port] [cloudflare] [cloudflare] [cd58783500d7fa3c58f88eb0ba22f4f8]
http://lb2.binary.com:8080 [301] [GET] [] [] [cloudflare] [cloudflare] [d41d8cd98f00b204e9800998ecf8427e]
http://lb2.binary.com:8443 [400] [GET] [text/html] [400 The plain HTTP request was sent to HTTPS port] [cloudflare] [cloudflare] [cd58783500d7fa3c58f88eb0ba22f4f8]
http://lb3.binary.com:8080 [301] [GET] [] [] [cloudflare] [cloudflare] [d41d8cd98f00b204e9800998ecf8427e]
http://lb3.binary.com:8443 [400] [GET] [text/html] [400 The plain HTTP request was sent to HTTPS port] [cloudflare] [cloudflare] [cd58783500d7fa3c58f88eb0ba22f4f8]
http://liveapi.binary.com:8080 [301] [GET] [] [] [cloudflare] [cloudflare] [d41d8cd98f00b204e9800998ecf8427e]
http://marketing.binary.com:8080 [301] [GET] [] [] [cloudflare] [cloudflare] [d41d8cd98f00b204e9800998ecf8427e]
http://marketing.binary.com:8443 [400] [GET] [text/html] [400 The plain HTTP request was sent to HTTPS port] [cloudflare] [cloudflare] [cd58783500d7fa3c58f88eb0ba22f4f8]
http://me.binary.com:8080 [301] [GET] [] [] [cloudflare] [cloudflare] [d41d8cd98f00b204e9800998ecf8427e]
http://me.binary.com:8443 [400] [GET] [text/html] [400 The plain HTTP request was sent to HTTPS port] [cloudflare] [cloudflare] [cd58783500d7fa3c58f88eb0ba22f4f8]
http://mlt-deal01.binary.com [301] [GET] [] [] [cloudflare] [cloudflare] [d41d8cd98f00b204e9800998ecf8427e]
http://mlt-deal01.binary.com:8080 [301] [GET] [] [] [cloudflare] [cloudflare] [d41d8cd98f00b204e9800998ecf8427e]
http://mlt-deal01.binary.com:8443 [400] [GET] [text/html] [400 The plain HTTP request was sent to HTTPS port] [cloudflare] [cloudflare] [20ad84d030031252141ca0b3fc0183f0]
http://myapps.binary.com:8080 [301] [GET] [] [] [cloudflare] [cloudflare] [d41d8cd98f00b204e9800998ecf8427e]
http://myapps.binary.com:8443 [400] [GET] [text/html] [400 The plain HTTP request was sent to HTTPS port] [cloudflare] [cloudflare] [20ad84d030031252141ca0b3fc0183f0]
http://oauth.binary.com:8080 [301] [GET] [] [] [cloudflare] [cloudflare] [d41d8cd98f00b204e9800998ecf8427e]
http://oauth.binary.com:8443 [400] [GET] [text/html] [400 The plain HTTP request was sent to HTTPS port] [cloudflare] [cloudflare] [cd58783500d7fa3c58f88eb0ba22f4f8]
http://offers.binary.com:8080 [301] [GET] [] [] [cloudflare] [cloudflare] [d41d8cd98f00b204e9800998ecf8427e]
http://offers.binary.com:8443 [400] [GET] [text/html] [400 The plain HTTP request was sent to HTTPS port] [cloudflare] [cloudflare] [cd58783500d7fa3c58f88eb0ba22f4f8]
http://onfido.binary.com:8080 [301] [GET] [] [] [cloudflare] [cloudflare] [d41d8cd98f00b204e9800998ecf8427e]
http://onfido.binary.com:8443 [400] [GET] [text/html] [400 The plain HTTP request was sent to HTTPS port] [cloudflare] [cloudflare] [cd58783500d7fa3c58f88eb0ba22f4f8]
http://paymentapi.binary.com:8080 [301] [GET] [] [] [cloudflare] [cloudflare] [d41d8cd98f00b204e9800998ecf8427e]
http://sendbird.binary.com:8080 [301] [GET] [] [] [cloudflare] [cloudflare] [d41d8cd98f00b204e9800998ecf8427e]
http://sendbird.binary.com:8443 [400] [GET] [text/html] [400 The plain HTTP request was sent to HTTPS port] [cloudflare] [cloudflare] [20ad84d030031252141ca0b3fc0183f0]
http://spamcheck.binary.com:8080 [301] [GET] [] [] [cloudflare] [cloudflare] [d41d8cd98f00b204e9800998ecf8427e]
http://spamcheck.binary.com:8443 [400] [GET] [text/html] [400 The plain HTTP request was sent to HTTPS port] [cloudflare] [cloudflare] [cd58783500d7fa3c58f88eb0ba22f4f8]
http://staging-bot.binary.com:8080 [301] [GET] [] [] [cloudflare] [cloudflare] [d41d8cd98f00b204e9800998ecf8427e]
http://staging-bot.binary.com:8443 [400] [GET] [text/html] [400 The plain HTTP request was sent to HTTPS port] [cloudflare] [cloudflare] [20ad84d030031252141ca0b3fc0183f0]
http://staging-charts.binary.com:8080 [301] [GET] [] [] [cloudflare] [cloudflare] [d41d8cd98f00b204e9800998ecf8427e]
http://staging-charts.binary.com:8443 [400] [GET] [text/html] [400 The plain HTTP request was sent to HTTPS port] [cloudflare] [cloudflare] [cd58783500d7fa3c58f88eb0ba22f4f8]
http://staging-myapps.binary.com:8080 [301] [GET] [] [] [cloudflare] [cloudflare] [d41d8cd98f00b204e9800998ecf8427e]
http://staging-myapps.binary.com:8443 [400] [GET] [text/html] [400 The plain HTTP request was sent to HTTPS port] [cloudflare] [cloudflare] [cd58783500d7fa3c58f88eb0ba22f4f8]
http://staging-webtrader.binary.com:8080 [301] [GET] [] [] [cloudflare] [cloudflare] [d41d8cd98f00b204e9800998ecf8427e]
http://staging-webtrader.binary.com:8443 [400] [GET] [text/html] [400 The plain HTTP request was sent to HTTPS port] [cloudflare] [cloudflare] [cd58783500d7fa3c58f88eb0ba22f4f8]
http://staging.binary.com:8080 [301] [GET] [] [] [cloudflare] [cloudflare] [d41d8cd98f00b204e9800998ecf8427e]
http://staging.binary.com:8443 [400] [GET] [text/html] [400 The plain HTTP request was sent to HTTPS port] [cloudflare] [cloudflare] [cd58783500d7fa3c58f88eb0ba22f4f8]
http://style.binary.com:8080 [301] [GET] [] [] [cloudflare] [cloudflare] [d41d8cd98f00b204e9800998ecf8427e]
http://style.binary.com:8443 [400] [GET] [text/html] [400 The plain HTTP request was sent to HTTPS port] [cloudflare] [cloudflare] [cd58783500d7fa3c58f88eb0ba22f4f8]
http://ticktrade.binary.com:8080 [301] [GET] [] [] [cloudflare] [cloudflare] [d41d8cd98f00b204e9800998ecf8427e]
http://ticktrade.binary.com:8443 [400] [GET] [text/html] [400 The plain HTTP request was sent to HTTPS port] [cloudflare] [cloudflare] [20ad84d030031252141ca0b3fc0183f0]
http://tradingview.binary.com:8080 [301] [GET] [] [] [cloudflare] [cloudflare] [d41d8cd98f00b204e9800998ecf8427e]
http://tradingview.binary.com:8443 [400] [GET] [text/html] [400 The plain HTTP request was sent to HTTPS port] [cloudflare] [cloudflare] [cd58783500d7fa3c58f88eb0ba22f4f8]
http://webtrader.binary.com:8080 [301] [GET] [] [] [cloudflare] [cloudflare] [d41d8cd98f00b204e9800998ecf8427e]
http://webtrader.binary.com:8443 [400] [GET] [text/html] [400 The plain HTTP request was sent to HTTPS port] [cloudflare] [cloudflare] [cd58783500d7fa3c58f88eb0ba22f4f8]
http://www.binary.com:8080 [301] [GET] [] [] [cloudflare] [cloudflare] [d41d8cd98f00b204e9800998ecf8427e]
http://www.binary.com:8443 [400] [GET] [text/html] [400 The plain HTTP request was sent to HTTPS port] [cloudflare] [cloudflare] [cd58783500d7fa3c58f88eb0ba22f4f8]
https://academy.binary.com [200] [GET] [text/html] [Binary.com Academy - Learn to trade like a pro] [cloudflare] [vhost] [cloudflare] [Cloudflare] [70aab38892accca555c2f892a186b931]
https://admin.binary.com [302] [GET] [text/html] [] [cloudflare] [vhost] [cloudflare] [Cloudflare] [d41d8cd98f00b204e9800998ecf8427e]
https://admin.binary.com:8443 [521] [GET] [text/html] [521 Origin Down] [cloudflare] [vhost] [cloudflare] [78f6172748bd555a4e93b975fce4cded]
https://affiliates.binary.com [302] [GET] [] [] [cloudflare] [vhost] [cloudflare] [d41d8cd98f00b204e9800998ecf8427e]
https://affiliates.binary.com:8443 [302] [GET] [] [] [cloudflare] [vhost] [cloudflare] [d41d8cd98f00b204e9800998ecf8427e]
https://api.binary.com [301] [GET] [] [] [cloudflare] [vhost] [cloudflare] [d41d8cd98f00b204e9800998ecf8427e]
https://api.binary.com:8443 [301] [GET] [] [] [cloudflare] [vhost] [cloudflare] [d41d8cd98f00b204e9800998ecf8427e]
https://backoffice.binary.com [403] [GET] [text/plain] [] [cloudflare] [vhost] [cloudflare] [7b5ea53ba332630e5aca8e4abb807f70]
https://backoffice.binary.com:8443 [403] [GET] [text/plain] [] [cloudflare] [vhost] [cloudflare] [7b5ea53ba332630e5aca8e4abb807f70]
https://banners.binary.com [200] [GET] [text/html] [Binary.com] [cloudflare] [vhost] [cloudflare] [Cloudflare] [933f62c3f80ed4045b415605c2727ada]
https://batch-dfadmin.binary.com [403] [GET] [text/plain] [] [cloudflare] [vhost] [cloudflare] [7b5ea53ba332630e5aca8e4abb807f70]
https://binary.com [302] [GET] [] [] [cloudflare] [vhost] [cloudflare] [d41d8cd98f00b204e9800998ecf8427e]
https://bitcoin-wallet.binary.com [200] [GET] [text/html] [Bitcoin Wallet | Binary.com] [cloudflare] [vhost] [cloudflare] [Cloudflare] [e3062800df267ff997b365823b8d1d51]
https://blog.binary.com [200] [GET] [text/html] [Binary.com company blog] [openresty] [vhost] [fastly] [Ghost,Gravatar,Nginx,Node.js,OpenResty] [8617eeb8c73c4c776c2b23a2f881ff19]
https://bot.binary.com [200] [GET] [text/html] [Welcome to the Binary Bot] [cloudflare] [vhost] [cloudflare] [Cloudflare,Google Tag Manager] [14876d76bd944622c291b00bf8a7bc8a]
https://bot.binary.com [403] [GET] [text/html] [Attention Required! | Cloudflare] [cloudflare] [vhost] [cloudflare] [b998503d786efdf8d69abad72d402e23]
https://careers.binary.com [301] [GET] [] [] [cloudflare] [vhost] [cloudflare] [d41d8cd98f00b204e9800998ecf8427e]
https://careers.binary.com:8443 [301] [GET] [] [] [cloudflare] [vhost] [cloudflare] [d41d8cd98f00b204e9800998ecf8427e]
https://cashier.binary.com [404] [GET] [] [] [Microsoft-IIS/10.0] [vhost] [IIS,Windows Server] [d41d8cd98f00b204e9800998ecf8427e]
https://charts.binary.com [200] [GET] [text/html] [SmartCharts | Binary.com] [cloudflare] [vhost] [cloudflare] [Cloudflare] [6b3cb25206c965423f575aeb9ebed797]
https://charts.binary.com [403] [GET] [text/html] [Attention Required! | Cloudflare] [cloudflare] [vhost] [cloudflare] [f1eb9072dc399dd8af1a0e21284ebd47]
https://collector01.binary.com [403] [GET] [text/plain] [] [cloudflare] [vhost] [cloudflare] [7b5ea53ba332630e5aca8e4abb807f70]
https://collector01.binary.com:8443 [403] [GET] [text/plain] [] [cloudflare] [vhost] [cloudflare] [7b5ea53ba332630e5aca8e4abb807f70]
https://crypto-cashier.binary.com [200] [GET] [text/html] [Welcome to nginx!] [cloudflare] [vhost] [cloudflare] [Cloudflare] [6ce1b3d7b6f5787cc0adf0054acb282a]
https://developers.binary.com [200] [GET] [text/html] [Binary.com Developers] [cloudflare] [vhost] [cloudflare] [Cloudflare,Google Font API] [fbe74ccc10332458c9fc222bffe4f262]
https://email.mailgun.binary.com [200] [GET] [application/octet-stream] [] [nginx] [Nginx] [9f36c1c909fa94ed5e7af41387ae3dae]
https://info.binary.com [301] [GET] [text/html] [] [nginx] [vhost] [Nginx] [d41d8cd98f00b204e9800998ecf8427e]
https://lb2.binary.com [404] [GET] [text/plain] [] [cloudflare] [vhost] [cloudflare] [Cloudflare] [595e88012a6521aae3e12cbebe76eb9e]
https://lb3.binary.com [404] [GET] [text/plain] [] [cloudflare] [vhost] [cloudflare] [Cloudflare] [595e88012a6521aae3e12cbebe76eb9e]
https://liveapi.binary.com [301] [GET] [] [] [cloudflare] [vhost] [cloudflare] [d41d8cd98f00b204e9800998ecf8427e]
https://liveapi.binary.com:8443 [301] [GET] [] [] [cloudflare] [vhost] [cloudflare] [d41d8cd98f00b204e9800998ecf8427e]
https://marketing.binary.com [200] [GET] [text/html] [Binary.com] [cloudflare] [vhost] [cloudflare] [Cloudflare] [933f62c3f80ed4045b415605c2727ada]
https://me.binary.com [200] [GET] [text/html] [Binary.com] [cloudflare] [vhost] [cloudflare] [Cloudflare] [7548eea2e938dd47cb3efcf172318237]
https://myapps.binary.com [404] [GET] [text/plain] [] [cloudflare] [vhost] [cloudflare] [Cloudflare] [595e88012a6521aae3e12cbebe76eb9e]
https://oauth.binary.com [301] [GET] [text/html] [301 Moved Permanently] [cloudflare] [vhost] [cloudflare] [Cloudflare] [e536c5996b8f3de6a397254bd5c1a8f1]
https://offers.binary.com [200] [GET] [text/html] [Binary.com] [cloudflare] [vhost] [cloudflare] [Cloudflare] [933f62c3f80ed4045b415605c2727ada]
https://onfido.binary.com [200] [GET] [text/html] [Welcome to nginx!] [cloudflare] [vhost] [cloudflare] [Cloudflare] [6ce1b3d7b6f5787cc0adf0054acb282a]
https://paymentapi.binary.com [301] [GET] [] [] [cloudflare] [vhost] [cloudflare] [d41d8cd98f00b204e9800998ecf8427e]
https://paymentapi.binary.com:8443 [301] [GET] [] [] [cloudflare] [vhost] [cloudflare] [d41d8cd98f00b204e9800998ecf8427e]
https://secure-dfadmin.binary.com [403] [GET] [text/html] [403 - Forbidden: Access is denied.] [Microsoft-IIS/10.0] [IIS,Windows Server] [11ca4578cb026a23713aea6781b8ece3]
https://sendbird.binary.com [200] [GET] [text/html] [Welcome to nginx!] [cloudflare] [vhost] [cloudflare] [Cloudflare] [6ce1b3d7b6f5787cc0adf0054acb282a]
https://spamcheck.binary.com [200] [GET] [text/html] [Email status checker] [cloudflare] [vhost] [cloudflare] [Cloudflare] [703df478de7a2f3beaa4e39b3cf153b9]
https://staging-bot.binary.com [200] [GET] [text/html] [Welcome to the Binary Bot] [cloudflare] [vhost] [cloudflare] [Cloudflare,Google Tag Manager] [050b75bb0a3ee616b5d0c2fc9dc3fc56]
https://staging-charts.binary.com [200] [GET] [text/html] [SmartCharts | Binary.com] [cloudflare] [vhost] [cloudflare] [Cloudflare] [89b4b395459bee7b0e5cf7b8035decb0]
https://staging-myapps.binary.com [404] [GET] [text/plain] [] [cloudflare] [vhost] [cloudflare] [Cloudflare] [595e88012a6521aae3e12cbebe76eb9e]
https://staging-webtrader.binary.com [200] [GET] [text/html] [Binary.com : Webtrader] [cloudflare] [vhost] [cloudflare] [Cloudflare,Google Tag Manager] [cd3ff6b7eb9fa222c280f9595f24c37b]
https://staging.binary.com [200] [GET] [text/html] [Binary.com] [cloudflare] [vhost] [cloudflare] [Cloudflare] [7548eea2e938dd47cb3efcf172318237]
https://style.binary.com [200] [GET] [text/html] [Binary Style Guide] [cloudflare] [vhost] [cloudflare] [Cloudflare] [455d760c096ddc6ec788a29e0364d6cc]
https://style.binary.com [200] [GET] [text/html] [Binary Style Guide] [cloudflare] [vhost] [cloudflare] [Cloudflare] [a201931bbaaec340206e09795122491c]
https://tech.binary.com [200] [GET] [text/html] [] [openresty] [vhost] [fastly] [Ghost,Gravatar,Nginx,Node.js,OpenResty] [d0bd4c14906efa121c1cf57fbdd58ccd]
https://ticktrade.binary.com [200] [GET] [text/html] [Binary App] [cloudflare] [vhost] [cloudflare] [Cloudflare] [7038e09864093ac7048bc7f75cc7e7d6]
https://ticktrade.binary.com [200] [GET] [text/html] [Binary App] [cloudflare] [vhost] [cloudflare] [Cloudflare] [89d7766a0bb36dee3e1e83f307b6c7fb]
https://tradingview.binary.com [200] [GET] [text/html] [TradingView Implementation for Binary.com] [cloudflare] [vhost] [cloudflare] [Cloudflare] [0a19c16bf71c4774139259e9adcb7e8e]
https://webtrader.binary.com [200] [GET] [text/html] [Binary.com : Webtrader] [cloudflare] [vhost] [cloudflare] [Cloudflare,Google Tag Manager] [cd3ff6b7eb9fa222c280f9595f24c37b]
https://www.binary.com [200] [GET] [text/html] [Binary.com] [cloudflare] [vhost] [cloudflare] [Cloudflare] [7548eea2e938dd47cb3efcf172318237]
