http://0down.bbu.gts.bitdefender.net [403] [GET] [text/html] [403 Forbidden] [nginx] [vhost] [Nginx] [4b074b0b59693fa9f94fb71b175fb187]
http://0down.fra.htz.bitdefender.net [403] [GET] [text/html] [403 Forbidden] [nginx] [vhost] [Nginx] [4b074b0b59693fa9f94fb71b175fb187]
http://blacklist-services.bitdefender.net:2052 [301] [GET] [] [] [cloudflare] [cloudflare] [d41d8cd98f00b204e9800998ecf8427e]
http://blacklist-services.bitdefender.net:2082 [301] [GET] [] [] [cloudflare] [cloudflare] [d41d8cd98f00b204e9800998ecf8427e]
http://blacklist-services.bitdefender.net:2083 [400] [GET] [text/html] [400 The plain HTTP request was sent to HTTPS port] [cloudflare] [cloudflare] [20ad84d030031252141ca0b3fc0183f0]
http://blacklist-services.bitdefender.net:2086 [301] [GET] [] [] [cloudflare] [cloudflare] [d41d8cd98f00b204e9800998ecf8427e]
http://blacklist-services.bitdefender.net:2087 [400] [GET] [text/html] [400 The plain HTTP request was sent to HTTPS port] [cloudflare] [cloudflare] [cd58783500d7fa3c58f88eb0ba22f4f8]
http://blacklist-services.bitdefender.net:8080 [301] [GET] [] [] [cloudflare] [cloudflare] [d41d8cd98f00b204e9800998ecf8427e]
http://blacklist-services.bitdefender.net:8443 [400] [GET] [text/html] [400 The plain HTTP request was sent to HTTPS port] [cloudflare] [cloudflare] [cd58783500d7fa3c58f88eb0ba22f4f8]
http://blacklist-services.bitdefender.net:8880 [301] [GET] [] [] [cloudflare] [cloudflare] [d41d8cd98f00b204e9800998ecf8427e]
http://catch-nimbus.bitdefender.net:8080 [301] [GET] [] [] [cloudflare] [cloudflare] [d41d8cd98f00b204e9800998ecf8427e]
http://elb-nvi-gcp.nimbus.bitdefender.net:8080 [404] [GET] [text/html] [404 Not Found] [] [2e9281cb1598565605593d28a5efa3bb]
http://elb-ore-gcp.nimbus.bitdefender.net:8080 [404] [GET] [text/html] [404 Not Found] [] [2e9281cb1598565605593d28a5efa3bb]
http://f-secure-ad67cfff-824f-4345-b87b-93695805f675.2d7dd.cdn.bitdefender.net [403] [GET] [text/html] [403 Forbidden] [nginx] [vhost] [Nginx] [017e85b72abae1ff2ba80f3f0a08b4e8]
http://nimbus.bitdefender.net:8080 [404] [GET] [text/html] [404 Not Found] [] [2e9281cb1598565605593d28a5efa3bb]
http://ninjarmm-3480aad7-7d04-4871-ab29-f5f44b394f1d.2d7dd.cdn.bitdefender.net [403] [GET] [text/html] [403 Forbidden] [nginx] [vhost] [Nginx] [017e85b72abae1ff2ba80f3f0a08b4e8]
http://upgr-midgress-21.fra.htz.bitdefender.net:8080 [200] [GET] [text/html] [] [nginx] [Nginx] [d41d8cd98f00b204e9800998ecf8427e]
http://upgr-midgress-22.fra.htz.bitdefender.net:8080 [200] [GET] [text/html] [] [nginx] [Nginx] [d41d8cd98f00b204e9800998ecf8427e]
http://upgrade-origin-bkp.fra.htz.bitdefender.net [404] [GET] [text/html] [404 Not Found] [nginx] [Nginx] [370e16c3b7dba286cff055f93b9a94d8]
https://0upmidg.cdn.bitdefender.net [403] [GET] [text/html] [403 Forbidden] [nginx] [Nginx] [017e85b72abae1ff2ba80f3f0a08b4e8]
https://0upmidg.cdn.bitdefender.net [403] [GET] [text/html] [403 Forbidden] [nginx] [Nginx] [1879efad0805a8ab0fa79fbe7d39c7e5]
https://a001.buc.gts.kdn.bitdefender.net [200] [GET] [application/json] [] [nginx] [Nginx] [99914b932bd37a50b983c5e7c90ae93b]
https://a001bucgts.kdn.bitdefender.net [200] [GET] [application/json] [] [nginx] [Nginx] [99914b932bd37a50b983c5e7c90ae93b]
https://a002bucgts.kdn.bitdefender.net [200] [GET] [application/json] [] [nginx] [Nginx] [99914b932bd37a50b983c5e7c90ae93b]
https://a003bucgts.kdn.bitdefender.net [200] [GET] [application/json] [] [nginx] [Nginx] [99914b932bd37a50b983c5e7c90ae93b]
https://a004bucgts.kdn.bitdefender.net [200] [GET] [application/json] [] [nginx] [Nginx] [99914b932bd37a50b983c5e7c90ae93b]
https://a005bucgts.kdn.bitdefender.net [200] [GET] [application/json] [] [nginx] [Nginx] [99914b932bd37a50b983c5e7c90ae93b]
https://a020bucgts.kdn.bitdefender.net [200] [GET] [application/json] [] [nginx] [Nginx] [99914b932bd37a50b983c5e7c90ae93b]
https://a021bucgts.kdn.bitdefender.net [200] [GET] [application/json] [] [nginx] [Nginx] [99914b932bd37a50b983c5e7c90ae93b]
https://att-nca-push.bitdefender.net [400] [GET] [application/json] [] [envoy] [Envoy] [9921c03add28fe407ce69d7365b7c0c0]
https://att-nvi.nimbus.bitdefender.net [400] [GET] [text/plain] [] [nimbus] [825644f747baab2c00e420dbbc39e4b3]
https://atts-nvi-push.bitdefender.net [400] [GET] [application/json] [] [envoy] [Envoy] [9921c03add28fe407ce69d7365b7c0c0]
https://bcl.bitdefender.net [403] [GET] [text/html] [403 Forbidden] [nginx] [Nginx] [4dec45889e09ec3ceb63fd65825d0f11]
https://beta-connect-lb.bitdefender.net [501] [GET] [text/plain] [] [nginx] [Nginx] [c3a8c0a05a014b9794dc2280f09d1d1f]
https://beta-connect.bitdefender.net [501] [GET] [text/plain] [] [cloudflare] [vhost] [cloudflare] [Cloudflare] [c3a8c0a05a014b9794dc2280f09d1d1f]
https://beta.connect.bitdefender.net [200] [GET] [text/html] [] [nginx] [vhost] [Nginx] [034fb4e16a1f61527bc1a0013a8ef118]
https://beta.mdm-ios.bitdefender.net [200] [GET] [] [] [nginx] [vhost] [Nginx] [d41d8cd98f00b204e9800998ecf8427e]
https://beta.nimbus.bitdefender.net [400] [GET] [text/plain] [] [nginx] [vhost] [Nginx] [825644f747baab2c00e420dbbc39e4b3]
https://beta.push.bitdefender.net [400] [GET] [application/json] [] [nginx] [Nginx] [9921c03add28fe407ce69d7365b7c0c0]
https://bitdefender.net [301] [GET] [] [] [cloudflare] [vhost] [cloudflare] [d41d8cd98f00b204e9800998ecf8427e]
https://blacklist-services.bitdefender.net [404] [GET] [application/json] [] [cloudflare] [vhost] [cloudflare] [Cloudflare] [40f1eba8097c122b54b8bcb1ee2a4ed6]
https://bluecoat-fe328ba7-3324-4ff1-ae6e-5f597c9d053e.2d7dd.cdn.bitdefender.net [404] [GET] [text/html] [404 - Not Found] [ECAcc (nyb/1D71)] [d8f540e3c342b32c8cfe52dc8f2a8f97]
https://catch-nimbus.bitdefender.net [403] [GET] [text/html] [403 Forbidden] [cloudflare] [vhost] [cloudflare] [Cloudflare,Google Cloud,Google Cloud CDN] [4b074b0b59693fa9f94fb71b175fb187]
https://cdn-m3.buh.adn.vdc.bitdefender.net [404] [GET] [text/plain] [] [] [efa6ba503d1db3c0aeb36d2dfe12081a]
https://cisco-081992ac-962e-4ef7-b909-7140f440b6ab.2d7dd.cdn.bitdefender.net [403] [GET] [text/html] [403 Forbidden] [nginx] [vhost] [Nginx] [017e85b72abae1ff2ba80f3f0a08b4e8]
https://cisco-081992ac-962e-4ef7-b909-7140f440b6ab.2d7dd.cdn.bitdefender.net [403] [GET] [text/html] [403 Forbidden] [nginx] [vhost] [Nginx] [1879efad0805a8ab0fa79fbe7d39c7e5]
https://connect-lb.bitdefender.net [501] [GET] [text/plain] [] [nginx] [Nginx] [c3a8c0a05a014b9794dc2280f09d1d1f]
https://connect.nimbus.bitdefender.net [400] [GET] [text/plain] [] [nimbus] [Google Cloud,Google Cloud CDN] [825644f747baab2c00e420dbbc39e4b3]
https://dns.bitdefender.net [404] [GET] [text/plain] [] [] [68b329da9893e34099c7d8ad5cb9c940]
https://download.cdn.bitdefender.net [200] [GET] [text/html] [] [ECAcc (nya/7968)] [vhost] [d41d8cd98f00b204e9800998ecf8427e]
https://egosecure-4a20befb-46ed-4858-a44e-fb71dd753256.2d7dd.cdn.bitdefender.net [403] [GET] [text/html] [403 Forbidden] [nginx] [vhost] [Nginx] [017e85b72abae1ff2ba80f3f0a08b4e8]
https://egosecure-4a20befb-46ed-4858-a44e-fb71dd753256.2d7dd.cdn.bitdefender.net [403] [GET] [text/html] [403 Forbidden] [nginx] [vhost] [Nginx] [1879efad0805a8ab0fa79fbe7d39c7e5]
https://elb-nvi-gcp.nimbus.bitdefender.net [400] [GET] [text/plain] [] [nimbus] [Google Cloud,Google Cloud CDN] [825644f747baab2c00e420dbbc39e4b3]
https://elb-ore-gcp.nimbus.bitdefender.net [400] [GET] [text/plain] [] [nimbus] [Google Cloud,Google Cloud CDN] [825644f747baab2c00e420dbbc39e4b3]
https://eugravityzone.bitdefender.net [200] [GET] [text/html] [Bitdefender GravityZone Control Center] [nginx] [Amazon ELB,Amazon Web Services,Nginx] [c36a19e282cd6a32eecff49c3048586b]
https://f-secure-ad67cfff-824f-4345-b87b-93695805f675.2d7dd.cdn.bitdefender.net [403] [GET] [text/html] [403 Forbidden] [nginx] [vhost] [Nginx] [1879efad0805a8ab0fa79fbe7d39c7e5]
https://flow-lb.bitdefender.net [404] [GET] [text/plain] [] [] [efa6ba503d1db3c0aeb36d2dfe12081a]
https://flow.bitdefender.net [404] [GET] [text/html] [] [cloudflare] [vhost] [cloudflare] [Cloudflare,Express,Node.js] [9e076f5885f5cc16a4b5aeb8de4adff5]
https://fra-dns.bitdefender.net [404] [GET] [text/plain] [] [] [68b329da9893e34099c7d8ad5cb9c940]
https://gravityzone.bitdefender.net [200] [GET] [text/html] [Bitdefender GravityZone Control Center] [nginx] [Amazon ELB,Amazon Web Services,Nginx] [c36a19e282cd6a32eecff49c3048586b]
https://hq.nimbus.bitdefender.net [400] [GET] [text/plain] [] [nimbus] [Google Cloud,Google Cloud CDN] [825644f747baab2c00e420dbbc39e4b3]
https://ipswitch-759594bd-57cf-4d10-811d-cf607fe24078.2d7dd.cdn.bitdefender.net [403] [GET] [text/html] [403 Forbidden] [nginx] [vhost] [Nginx] [017e85b72abae1ff2ba80f3f0a08b4e8]
https://ipswitch-759594bd-57cf-4d10-811d-cf607fe24078.2d7dd.cdn.bitdefender.net [403] [GET] [text/html] [403 Forbidden] [nginx] [vhost] [Nginx] [1879efad0805a8ab0fa79fbe7d39c7e5]
https://ivanti-60013e4c-1d97-4269-b5b7-625530f25c30.2d7dd.cdn.bitdefender.net [403] [GET] [text/html] [403 Forbidden] [nginx] [vhost] [Nginx] [017e85b72abae1ff2ba80f3f0a08b4e8]
https://ivanti-60013e4c-1d97-4269-b5b7-625530f25c30.2d7dd.cdn.bitdefender.net [403] [GET] [text/html] [403 Forbidden] [nginx] [vhost] [Nginx] [1879efad0805a8ab0fa79fbe7d39c7e5]
https://karma.bitdefender.net [403] [GET] [text/html] [Welcome] [nginx] [Nginx] [8f005612dc53aeef814501cbcb0a2e3f]
https://login.bitdefender.net [301] [GET] [text/html] [301 Moved Permanently] [cloudflare] [vhost] [cloudflare] [Cloudflare,Google Cloud,Google Cloud CDN] [4f8e702cc244ec5d4de32740c0ecbd97]
https://logmein-49b66164-6e2e-475b-a860-2d728211586c.2d7dd.cdn.bitdefender.net [403] [GET] [text/html] [403 Forbidden] [nginx] [vhost] [Nginx] [1879efad0805a8ab0fa79fbe7d39c7e5]
https://lon-dns.bitdefender.net [404] [GET] [text/plain] [] [] [68b329da9893e34099c7d8ad5cb9c940]
https://mdm-ios.bitdefender.net [200] [GET] [] [] [nginx] [Nginx] [d41d8cd98f00b204e9800998ecf8427e]
https://microworld-24c34601-b5df-4e60-9465-592191c17dae.2d7dd.cdn.bitdefender.net [403] [GET] [text/html] [403 Forbidden] [nginx] [vhost] [Nginx] [1879efad0805a8ab0fa79fbe7d39c7e5]
https://myacc.bbu.gts.bitdefender.net [200] [GET] [text/html] [Antivirus software - Bitdefender - The future of security now!] [nginx] [Adobe Experience Manager,Google Font API,Google Tag Manager,Java,Nginx,PHP,PayPal] [6cd8f585c8a13844dc8a3db25242e9c1]
https://ncon-down.bitdefender.net [403] [GET] [text/html] [403 Forbidden] [nginx] [Nginx] [1879efad0805a8ab0fa79fbe7d39c7e5]
https://netgear-07a2d5b3-0d1e-49d4-9038-f3e9ce19f9ce.2d7dd.cdn.bitdefender.net [403] [GET] [text/html] [403 Forbidden] [nginx] [vhost] [Nginx] [017e85b72abae1ff2ba80f3f0a08b4e8]
https://netgear-07a2d5b3-0d1e-49d4-9038-f3e9ce19f9ce.2d7dd.cdn.bitdefender.net [403] [GET] [text/html] [403 Forbidden] [nginx] [vhost] [Nginx] [1879efad0805a8ab0fa79fbe7d39c7e5]
https://nimbus-cf.bitdefender.net [530] [GET] [text/html] [Origin DNS error | nimbus-cf.bitdefender.net | Cloudflare] [cloudflare] [vhost] [cloudflare] [2252b91c5325a3cb4f39dea6277614b9]
https://nimbus-cf.bitdefender.net [530] [GET] [text/html] [Origin DNS error | nimbus-cf.bitdefender.net | Cloudflare] [cloudflare] [vhost] [cloudflare] [af1611cf0e4bb9d1a1657ff06c69cb78]
https://nimbus.bitdefender.net [400] [GET] [text/plain] [] [nimbus] [Google Cloud,Google Cloud CDN] [825644f747baab2c00e420dbbc39e4b3]
https://ninjarmm-3480aad7-7d04-4871-ab29-f5f44b394f1d.2d7dd.cdn.bitdefender.net [403] [GET] [text/html] [403 Forbidden] [nginx] [vhost] [Nginx] [1879efad0805a8ab0fa79fbe7d39c7e5]
https://nvi-dns.bitdefender.net [404] [GET] [text/plain] [] [] [68b329da9893e34099c7d8ad5cb9c940]
https://oemeval001-94027265-32ef-489b-ae6c-27b60ba758fd.2d7dd.cdn.bitdefender.net [403] [GET] [text/html] [403 Forbidden] [nginx] [vhost] [Nginx] [017e85b72abae1ff2ba80f3f0a08b4e8]
https://oemeval001-94027265-32ef-489b-ae6c-27b60ba758fd.2d7dd.cdn.bitdefender.net [403] [GET] [text/html] [403 Forbidden] [nginx] [vhost] [Nginx] [1879efad0805a8ab0fa79fbe7d39c7e5]
https://orangenimbus.bbu.dsd.bitdefender.net [400] [GET] [text/plain] [] [nginx] [Google Cloud,Google Cloud CDN,Nginx] [825644f747baab2c00e420dbbc39e4b3]
https://orangesecurity.bbu.dsd.bitdefender.net [302] [GET] [text/html] [302 Found] [nginx] [Nginx] [aff950cab4c0265e21d401db15f1026d]
https://orangesecurity.bbu.gts.bitdefender.net [302] [GET] [text/html] [302 Found] [nginx] [Nginx] [aff950cab4c0265e21d401db15f1026d]
https://ore-dns.bitdefender.net [404] [GET] [text/plain] [] [] [68b329da9893e34099c7d8ad5cb9c940]
https://part1.hq.vdc.bitdefender.net [403] [GET] [text/html] [403 Forbidden] [nginx] [Nginx] [4b074b0b59693fa9f94fb71b175fb187]
https://patches-please-change-me.cdn.bitdefender.net [404] [GET] [text/html] [404 - Not Found] [ECAcc (nya/7968)] [d8f540e3c342b32c8cfe52dc8f2a8f97]
https://push.bitdefender.net [400] [GET] [application/json] [] [cloudflare] [vhost] [cloudflare] [Cloudflare,Envoy] [9921c03add28fe407ce69d7365b7c0c0]
https://push.nimbus.bitdefender.net [404] [GET] [text/plain] [] [nginx] [Nginx] [efa6ba503d1db3c0aeb36d2dfe12081a]
https://rpvideotron-e93bc98b-1acb-4ac8-9f97-bb3b575b212c.2d7dd.cdn.bitdefender.net [403] [GET] [text/html] [403 Forbidden] [nginx] [vhost] [Nginx] [1879efad0805a8ab0fa79fbe7d39c7e5]
https://sandbox-us.bitdefender.net [403] [GET] [text/html] [403] [cloudflare] [vhost] [cloudflare] [Cloudflare] [cf4bf23ae244e6fd5ca63598d4dcc82d]
https://sandbox.bitdefender.net [403] [GET] [text/html] [403] [cloudflare] [vhost] [cloudflare] [Cloudflare] [cf4bf23ae244e6fd5ca63598d4dcc82d]
https://sba-update.bitdefender.net [200] [GET] [text/plain] [] [nginx/1.18.0] [Nginx] [d41d8cd98f00b204e9800998ecf8427e]
https://sbcentral.bitdefender.net [200] [GET] [text/html] [BBSS online] [cloudflare] [vhost] [cloudflare] [AngularJS,Bootstrap,Cloudflare] [aba267880418ff7fde7864bd00c185f5]
https://secupgr.cdn.bitdefender.net [403] [GET] [text/html] [403 Forbidden] [nginx] [Nginx] [017e85b72abae1ff2ba80f3f0a08b4e8]
https://secupgr.cdn.bitdefender.net [403] [GET] [text/html] [403 Forbidden] [nginx] [Nginx] [1879efad0805a8ab0fa79fbe7d39c7e5]
https://soliton-bb424119-3e74-4347-865a-5c3c15057a6a.2d7dd.cdn.bitdefender.net [403] [GET] [text/html] [403 Forbidden] [nginx] [vhost] [Nginx] [1879efad0805a8ab0fa79fbe7d39c7e5]
https://sourcenext-102b7e23-ec49-4e55-ac84-edc9fa134b22.2d7dd.cdn.bitdefender.net [403] [GET] [text/html] [403 Forbidden] [nginx] [vhost] [Nginx] [017e85b72abae1ff2ba80f3f0a08b4e8]
https://spamtitan-3465a52b-11ab-4ed1-8bfc-89d93fe38877.2d7dd.cdn.bitdefender.net [403] [GET] [text/html] [403 Forbidden] [nginx] [vhost] [Nginx] [017e85b72abae1ff2ba80f3f0a08b4e8]
https://strongdns-api.bitdefender.net [404] [GET] [text/html] [Error] [nginx] [vhost] [Express,Nginx,Node.js] [da7da7d630292e7a2a7dda8ca87b3d39]
https://strongdns.bitdefender.net [200] [GET] [text/html] [Bitdefender DNS Detections] [nginx] [Nginx] [a9ce98e85d709c43934c7b3f7ffa07ed]
https://stsc-b61f1b87-5b60-405f-a189-fb648e0919aa.2d7dd.cdn.bitdefender.net [403] [GET] [text/html] [403 Forbidden] [nginx] [vhost] [Nginx] [017e85b72abae1ff2ba80f3f0a08b4e8]
https://stsc-b61f1b87-5b60-405f-a189-fb648e0919aa.2d7dd.cdn.bitdefender.net [403] [GET] [text/html] [403 Forbidden] [nginx] [vhost] [Nginx] [1879efad0805a8ab0fa79fbe7d39c7e5]
https://tencent-7edab91a-21d3-45ab-b0a1-c98dea9fd292.2d7dd.cdn.bitdefender.net [403] [GET] [text/html] [403 Forbidden] [nginx] [vhost] [Nginx] [017e85b72abae1ff2ba80f3f0a08b4e8]
https://tencent-7edab91a-21d3-45ab-b0a1-c98dea9fd292.2d7dd.cdn.bitdefender.net [403] [GET] [text/html] [403 Forbidden] [nginx] [vhost] [Nginx] [1879efad0805a8ab0fa79fbe7d39c7e5]
https://thirdwave-88a400dd-a66a-4a15-832a-911b9df533a3.2d7dd.cdn.bitdefender.net [403] [GET] [text/html] [403 Forbidden] [nginx] [vhost] [Nginx] [017e85b72abae1ff2ba80f3f0a08b4e8]
https://thirdwave-88a400dd-a66a-4a15-832a-911b9df533a3.2d7dd.cdn.bitdefender.net [403] [GET] [text/html] [403 Forbidden] [nginx] [vhost] [Nginx] [1879efad0805a8ab0fa79fbe7d39c7e5]
https://tky-dns.bitdefender.net [404] [GET] [text/plain] [] [] [68b329da9893e34099c7d8ad5cb9c940]
https://trustwave-e6a168ba-133a-41dd-a1ab-0a59a31c2459.2d7dd.cdn.bitdefender.net [403] [GET] [text/html] [403 Forbidden] [nginx] [vhost] [Nginx] [1879efad0805a8ab0fa79fbe7d39c7e5]
https://update-onprem.2d585.cdn.bitdefender.net [403] [GET] [text/html] [403 Forbidden] [nginx] [vhost] [Nginx] [1879efad0805a8ab0fa79fbe7d39c7e5]
https://update-solarwinds-mav.2d585.cdn.bitdefender.net [403] [GET] [text/html] [403 Forbidden] [nginx] [vhost] [Nginx] [1879efad0805a8ab0fa79fbe7d39c7e5]
https://update-solarwinds.2d585.cdn.bitdefender.net [403] [GET] [text/html] [403 Forbidden] [nginx] [vhost] [Nginx] [017e85b72abae1ff2ba80f3f0a08b4e8]
https://update-solarwinds.2d585.cdn.bitdefender.net [403] [GET] [text/html] [403 Forbidden] [nginx] [vhost] [Nginx] [1879efad0805a8ab0fa79fbe7d39c7e5]
https://update.cloud.2d585.cdn.bitdefender.net [403] [GET] [text/html] [403 Forbidden] [nginx] [vhost] [Nginx] [017e85b72abae1ff2ba80f3f0a08b4e8]
https://update.cloud.2d585.cdn.bitdefender.net [403] [GET] [text/html] [403 Forbidden] [nginx] [vhost] [Nginx] [1879efad0805a8ab0fa79fbe7d39c7e5]
https://upgr-avfree-2017-p.2d8cd.cdn.bitdefender.net [404] [GET] [text/html] [404 - Not Found] [ECAcc (nya/7968)] [d8f540e3c342b32c8cfe52dc8f2a8f97]
https://upgr-avfree-2017.2d8cd.cdn.bitdefender.net [404] [GET] [text/html] [404 - Not Found] [ECAcc (nya/7968)] [d8f540e3c342b32c8cfe52dc8f2a8f97]
https://upgr-midgress-21.fra.htz.bitdefender.net [403] [GET] [text/html] [403 Forbidden] [nginx] [Nginx] [1879efad0805a8ab0fa79fbe7d39c7e5]
https://upgr-midgress-22.fra.htz.bitdefender.net [403] [GET] [text/html] [403 Forbidden] [nginx] [Nginx] [017e85b72abae1ff2ba80f3f0a08b4e8]
https://upgr-midgress-22.fra.htz.bitdefender.net [403] [GET] [text/html] [403 Forbidden] [nginx] [Nginx] [1879efad0805a8ab0fa79fbe7d39c7e5]
https://upgr-mmxiii-p.cdn.bitdefender.net [404] [GET] [text/html] [404 - Not Found] [ECAcc (nya/7968)] [d8f540e3c342b32c8cfe52dc8f2a8f97]
https://upgr-mmxiii-rgr.bitdefender.net [404] [GET] [text/html] [404 - Not Found] [ECAcc (nya/7968)] [d8f540e3c342b32c8cfe52dc8f2a8f97]
https://upgr-mmxiii-rp.bitdefender.net [404] [GET] [text/html] [404 - Not Found] [ECAcc (nya/7968)] [d8f540e3c342b32c8cfe52dc8f2a8f97]
https://upgr-mmxiii.cdn.bitdefender.net [404] [GET] [text/html] [404 - Not Found] [ECAcc (nya/7968)] [d8f540e3c342b32c8cfe52dc8f2a8f97]
https://upgr-mmxiv-p.cdn.bitdefender.net [404] [GET] [text/html] [404 - Not Found] [ECAcc (nya/7968)] [d8f540e3c342b32c8cfe52dc8f2a8f97]
https://upgr-mmxiv.cdn.bitdefender.net [404] [GET] [text/html] [404 - Not Found] [ECAcc (nya/7968)] [d8f540e3c342b32c8cfe52dc8f2a8f97]
https://upgr-mmxix-cl-ts-p.2d8cd.cdn.bitdefender.net [404] [GET] [text/html] [404 - Not Found] [ECAcc (nya/7968)] [d8f540e3c342b32c8cfe52dc8f2a8f97]
https://upgr-mmxix-cl-ts.2d8cd.cdn.bitdefender.net [404] [GET] [text/html] [404 - Not Found] [ECAcc (nya/7968)] [d8f540e3c342b32c8cfe52dc8f2a8f97]
https://upgr-mmxv-p.cdn.bitdefender.net [404] [GET] [text/html] [404 - Not Found] [ECAcc (nya/7968)] [d8f540e3c342b32c8cfe52dc8f2a8f97]
https://upgr-mmxv.cdn.bitdefender.net [404] [GET] [text/html] [404 - Not Found] [ECAcc (nya/7968)] [d8f540e3c342b32c8cfe52dc8f2a8f97]
https://upgr-mmxvi-p.cdn.bitdefender.net [404] [GET] [text/html] [404 - Not Found] [ECAcc (nya/7968)] [d8f540e3c342b32c8cfe52dc8f2a8f97]
https://upgr-mmxvi.cdn.bitdefender.net [404] [GET] [text/html] [404 - Not Found] [ECAcc (nya/7968)] [d8f540e3c342b32c8cfe52dc8f2a8f97]
https://upgr-mmxvii-cl-ts-p.2d8cd.cdn.bitdefender.net [404] [GET] [text/html] [404 - Not Found] [ECAcc (nya/7968)] [d8f540e3c342b32c8cfe52dc8f2a8f97]
https://upgr-mmxvii-cl-ts.2d8cd.cdn.bitdefender.net [404] [GET] [text/html] [404 - Not Found] [ECAcc (nya/7968)] [d8f540e3c342b32c8cfe52dc8f2a8f97]
https://upgr-mmxviii-avfm.2d8cd.cdn.bitdefender.net [404] [GET] [text/html] [404 - Not Found] [ECAcc (nya/7968)] [d8f540e3c342b32c8cfe52dc8f2a8f97]
https://upgr-mmxviii-cl-ts-p.2d8cd.cdn.bitdefender.net [404] [GET] [text/html] [404 - Not Found] [ECAcc (nya/7968)] [d8f540e3c342b32c8cfe52dc8f2a8f97]
https://upgr-mmxviii-cl-ts.2d8cd.cdn.bitdefender.net [404] [GET] [text/html] [404 - Not Found] [ECAcc (nya/7968)] [d8f540e3c342b32c8cfe52dc8f2a8f97]
https://upgr-mmxx-cl-ts-p.2d8cd.cdn.bitdefender.net [404] [GET] [text/html] [404 - Not Found] [ECAcc (nya/7968)] [d8f540e3c342b32c8cfe52dc8f2a8f97]
https://upgr-mmxx-cl-ts.2d8cd.cdn.bitdefender.net [404] [GET] [text/html] [404 - Not Found] [ECAcc (nya/7968)] [d8f540e3c342b32c8cfe52dc8f2a8f97]
https://upgr-mmxxi-cl-ts-p.2d8cd.cdn.bitdefender.net [404] [GET] [text/html] [404 - Not Found] [ECAcc (nya/7968)] [d8f540e3c342b32c8cfe52dc8f2a8f97]
https://upgr-mmxxi-cl-ts.2d8cd.cdn.bitdefender.net [404] [GET] [text/html] [404 - Not Found] [ECAcc (nya/7968)] [d8f540e3c342b32c8cfe52dc8f2a8f97]
https://upgr-mmxxi-padv.2d8cd.cdn.bitdefender.net [404] [GET] [text/html] [404 - Not Found] [ECAcc (nya/7968)] [d8f540e3c342b32c8cfe52dc8f2a8f97]
https://upgr-rp-vtr-p.cdn.bitdefender.net [404] [GET] [text/html] [404 - Not Found] [ECAcc (nya/7968)] [d8f540e3c342b32c8cfe52dc8f2a8f97]
https://upgr-rp-vtr.cdn.bitdefender.net [404] [GET] [text/html] [404 - Not Found] [ECAcc (nya/7968)] [d8f540e3c342b32c8cfe52dc8f2a8f97]
https://upgrade-please-change-me.cdn.bitdefender.net [404] [GET] [text/html] [404 - Not Found] [ECAcc (nya/7968)] [d8f540e3c342b32c8cfe52dc8f2a8f97]
https://usgravityzone.bitdefender.net [200] [GET] [text/html] [Bitdefender GravityZone Control Center] [nginx] [Amazon ELB,Amazon Web Services,Nginx] [c36a19e282cd6a32eecff49c3048586b]
https://www.bitdefender.net [301] [GET] [] [] [cloudflare] [vhost] [cloudflare] [d41d8cd98f00b204e9800998ecf8427e]
https://zemana-2a56bdb2-17ce-4b85-b8f5-f756f21d8121.2d7dd.cdn.bitdefender.net [403] [GET] [text/html] [403 Forbidden] [nginx] [vhost] [Nginx] [1879efad0805a8ab0fa79fbe7d39c7e5]
