http://auth.devhk.bitmex.com:2083 [400] [GET] [text/html] [400 The plain HTTP request was sent to HTTPS port] [cloudflare] [cloudflare] [20ad84d030031252141ca0b3fc0183f0]
http://auth.devhk.bitmex.com:2086 [301] [GET] [] [] [cloudflare] [vhost] [cloudflare] [Cloudflare,Cloudflare Bot Management] [d41d8cd98f00b204e9800998ecf8427e]
http://auth.devhk.bitmex.com:2087 [400] [GET] [text/html] [400 The plain HTTP request was sent to HTTPS port] [cloudflare] [cloudflare] [cd58783500d7fa3c58f88eb0ba22f4f8]
http://auth.devhk.bitmex.com:2096 [400] [GET] [text/html] [400 The plain HTTP request was sent to HTTPS port] [cloudflare] [cloudflare] [20ad84d030031252141ca0b3fc0183f0]
http://auth.devhk.bitmex.com:8080 [301] [GET] [] [] [cloudflare] [vhost] [cloudflare] [Cloudflare,Cloudflare Bot Management] [d41d8cd98f00b204e9800998ecf8427e]
http://auth.devsf2.bitmex.com:2082 [301] [GET] [] [] [cloudflare] [vhost] [cloudflare] [Cloudflare,Cloudflare Bot Management] [d41d8cd98f00b204e9800998ecf8427e]
http://auth.devsf2.bitmex.com:2083 [400] [GET] [text/html] [400 The plain HTTP request was sent to HTTPS port] [cloudflare] [cloudflare] [cd58783500d7fa3c58f88eb0ba22f4f8]
http://auth.devsf2.bitmex.com:2087 [400] [GET] [text/html] [400 The plain HTTP request was sent to HTTPS port] [cloudflare] [cloudflare] [20ad84d030031252141ca0b3fc0183f0]
http://auth.devsf2.bitmex.com:8080 [301] [GET] [] [] [cloudflare] [vhost] [cloudflare] [Cloudflare,Cloudflare Bot Management] [d41d8cd98f00b204e9800998ecf8427e]
http://auth.devsf2.bitmex.com:8880 [301] [GET] [] [] [cloudflare] [vhost] [cloudflare] [Cloudflare,Cloudflare Bot Management] [d41d8cd98f00b204e9800998ecf8427e]
http://auth.devsf3.bitmex.com:2082 [301] [GET] [] [] [cloudflare] [vhost] [cloudflare] [Cloudflare,Cloudflare Bot Management] [d41d8cd98f00b204e9800998ecf8427e]
http://auth.devsf3.bitmex.com:2083 [400] [GET] [text/html] [400 The plain HTTP request was sent to HTTPS port] [cloudflare] [cloudflare] [cd58783500d7fa3c58f88eb0ba22f4f8]
http://auth.devsf3.bitmex.com:2087 [400] [GET] [text/html] [400 The plain HTTP request was sent to HTTPS port] [cloudflare] [cloudflare] [20ad84d030031252141ca0b3fc0183f0]
http://auth.devsf3.bitmex.com:8080 [301] [GET] [] [] [cloudflare] [vhost] [cloudflare] [Cloudflare,Cloudflare Bot Management] [d41d8cd98f00b204e9800998ecf8427e]
http://auth.devsf3.bitmex.com:8880 [301] [GET] [] [] [cloudflare] [vhost] [cloudflare] [Cloudflare,Cloudflare Bot Management] [d41d8cd98f00b204e9800998ecf8427e]
http://beta.bitmex.com:8080 [403] [GET] [text/plain] [] [cloudflare] [vhost] [cloudflare] [Cloudflare,Cloudflare Bot Management] [7b5ea53ba332630e5aca8e4abb807f70]
http://documents.bitmex.com:8080 [407] [GET] [text/html] [407 Proxy Authentication Required] [] [e5906397caf758a488f2e042dd7388e1]
http://documents.devsf3.bitmex.com:8080 [407] [GET] [text/html] [407 Proxy Authentication Required] [] [e5906397caf758a488f2e042dd7388e1]
http://documents.testnet.bitmex.com:8080 [407] [GET] [text/html] [407 Proxy Authentication Required] [] [e5906397caf758a488f2e042dd7388e1]
http://onfido.bitmex.com:8080 [407] [GET] [text/html] [407 Proxy Authentication Required] [] [e5906397caf758a488f2e042dd7388e1]
http://onfido.devsf3.bitmex.com:8080 [407] [GET] [text/html] [407 Proxy Authentication Required] [] [e5906397caf758a488f2e042dd7388e1]
http://onfido.testnet.bitmex.com:8080 [407] [GET] [text/html] [407 Proxy Authentication Required] [] [e5906397caf758a488f2e042dd7388e1]
http://upload.bitmex.com:8080 [407] [GET] [text/html] [407 Proxy Authentication Required] [] [e5906397caf758a488f2e042dd7388e1]
http://upload.devsf3.bitmex.com:8080 [407] [GET] [text/html] [407 Proxy Authentication Required] [] [e5906397caf758a488f2e042dd7388e1]
http://upload.testnet.bitmex.com:8080 [407] [GET] [text/html] [407 Proxy Authentication Required] [] [e5906397caf758a488f2e042dd7388e1]
http://watchlist.dev.bitmex.com:8080 [407] [GET] [text/html] [407 Proxy Authentication Required] [] [e5906397caf758a488f2e042dd7388e1]
https://affiliates.bitmex.com [302] [GET] [text/html] [] [cloudflare] [vhost] [cloudflare] [Cloudflare] [6360e50390372e9282513608a7dee27b]
https://api.testnet.bitmex.com [530] [GET] [text/html] [Origin DNS error | api.testnet.bitmex.com | Cloudflare] [cloudflare] [vhost] [cloudflare] [4b169f5e6f2b0cb1a676f01f5361ccce]
https://api.testnet.bitmex.com:8443 [530] [GET] [text/html] [Origin DNS error | api.testnet.bitmex.com | Cloudflare] [cloudflare] [vhost] [cloudflare] [0ca3cda09581f014a88c3c98041af8f1]
https://auth.devhk.bitmex.com [302] [GET] [text/plain] [] [cloudflare] [vhost] [cloudflare] [Cloudflare,Cloudflare Bot Management] [d2a05fc744b2a0a0a1b17f7ddf30e28a]
https://auth.devhk.bitmex.com:8443 [403] [GET] [text/plain] [] [cloudflare] [vhost] [cloudflare] [Cloudflare,Cloudflare Bot Management] [722969577a96ca3953e84e3d949dee81]
https://auth.devsf2.bitmex.com [302] [GET] [text/plain] [] [cloudflare] [vhost] [cloudflare] [Cloudflare,Cloudflare Bot Management] [e9220d3d7d1bf11968d73340ecb76403]
https://auth.devsf2.bitmex.com:8443 [403] [GET] [text/plain] [] [cloudflare] [vhost] [cloudflare] [Cloudflare,Cloudflare Bot Management] [722969577a96ca3953e84e3d949dee81]
https://auth.devsf3.bitmex.com [302] [GET] [text/plain] [] [cloudflare] [vhost] [cloudflare] [Cloudflare,Cloudflare Bot Management] [a9123a61b9048835dc6972fbd0daacd2]
https://auth.devsf3.bitmex.com:8443 [403] [GET] [text/plain] [] [cloudflare] [vhost] [cloudflare] [Cloudflare,Cloudflare Bot Management] [722969577a96ca3953e84e3d949dee81]
https://beta.bitmex.com [403] [GET] [text/plain] [] [cloudflare] [vhost] [cloudflare] [Cloudflare,Cloudflare Bot Management] [7b5ea53ba332630e5aca8e4abb807f70]
https://beta.bitmex.com:8443 [403] [GET] [text/plain] [] [cloudflare] [vhost] [cloudflare] [Cloudflare,Cloudflare Bot Management] [7b5ea53ba332630e5aca8e4abb807f70]
https://bitmex.com [301] [GET] [] [] [AmazonS3] [vhost] [cloudfront] [Amazon Cloudfront,Amazon S3,Amazon Web Services] [d41d8cd98f00b204e9800998ecf8427e]
https://compliance-fbnotify.prod.services.bitmex.com [404] [GET] [application/json] [] [gunicorn] [Python,gunicorn] [0524a55babca86072cb958f6d439458e]
https://devhk-static.bitmex.com [403] [GET] [application/xml] [] [AmazonS3] [vhost] [cloudfront] [Amazon Cloudfront,Amazon S3,Amazon Web Services] [c37894fba02ce2fc7d8e3c173726207e]
https://devsf3.bitmex.com [403] [GET] [text/html] [403 Forbidden] [awselb/2.0] [vhost] [2e40045efe5134ada9942798c090d269]
https://documents.bitmex.com [422] [GET] [text/plain] [] [nginx] [vhost] [Nginx] [3c25b95fe13a78f72edabe71898bef93]
https://documents.bitmex.com:8443 [407] [GET] [text/html] [407 Proxy Authentication Required] [] [e5906397caf758a488f2e042dd7388e1]
https://documents.devsf3.bitmex.com [422] [GET] [text/plain] [] [nginx] [vhost] [Nginx] [3c25b95fe13a78f72edabe71898bef93]
https://documents.devsf3.bitmex.com:8443 [407] [GET] [text/html] [407 Proxy Authentication Required] [] [e5906397caf758a488f2e042dd7388e1]
https://documents.testnet.bitmex.com [422] [GET] [text/plain] [] [nginx] [vhost] [Nginx] [3c25b95fe13a78f72edabe71898bef93]
https://documents.testnet.bitmex.com:8443 [407] [GET] [text/html] [407 Proxy Authentication Required] [] [e5906397caf758a488f2e042dd7388e1]
https://email.mg.bitmex.com [200] [GET] [application/octet-stream] [] [nginx] [Nginx] [9f36c1c909fa94ed5e7af41387ae3dae]
https://fbnotify.dev.devhk.services.bitmex.com [404] [GET] [application/json] [] [gunicorn] [Python,gunicorn] [0524a55babca86072cb958f6d439458e]
https://fbnotify.devhk.services.bitmex.com [404] [GET] [application/json] [] [gunicorn] [Python,gunicorn] [0524a55babca86072cb958f6d439458e]
https://fbnotify.prod.services.bitmex.com [404] [GET] [application/json] [] [gunicorn] [Python,gunicorn] [0524a55babca86072cb958f6d439458e]
https://fbnotify.public.testnet.services.bitmex.com [404] [GET] [application/json] [] [gunicorn] [Python,gunicorn] [0524a55babca86072cb958f6d439458e]
https://freshdesk.services.bitmex.com [301] [GET] [text/html] [301 Moved Permanently] [] [vhost] [4f8e702cc244ec5d4de32740c0ecbd97]
https://l.m.bitmex.com [404] [GET] [text/html] [404 Not Found] [nginx] [Nginx] [70461da8b94c6ca5d2fda3260c5a8c3b]
https://l.m.bitmex.com [404] [GET] [text/html] [404 Not Found] [nginx] [Nginx] [8e325dc2fea7c8900fc6c4b8c6c394fe]
https://l.m.testnet.bitmex.com [404] [GET] [text/html] [404 Not Found] [nginx] [Nginx] [70461da8b94c6ca5d2fda3260c5a8c3b]
https://l.m.testnet.bitmex.com [404] [GET] [text/html] [404 Not Found] [nginx] [Nginx] [8e325dc2fea7c8900fc6c4b8c6c394fe]
https://lib.academy.bitmex.com [200] [GET] [text/html] [BitMEX Academy] [nginx] [vhost] [Discourse,Nginx,Ruby on Rails] [9675619987e079a5bba3b30c19b4b7d4]
https://lib.academy.bitmex.com [200] [GET] [text/html] [BitMEX Academy] [nginx] [vhost] [Discourse,Nginx,Ruby on Rails] [d94836fde3e6f8e9727a0eb479fefd34]
https://mobile-config.services.bitmex.com [200] [GET] [text/html] [] [] [vhost] [e5a01d5b3b2145712bf632ef5fb0adc7]
https://mobile-config.testnet.services.bitmex.com [200] [GET] [text/html] [] [] [vhost] [e5a01d5b3b2145712bf632ef5fb0adc7]
https://onfido.bitmex.com [200] [GET] [text/html] [Onfido API] [nginx] [vhost] [Amazon Cloudfront,Amazon Web Services,Nginx] [a21093fe356b8c510617ee5ce18ae54b]
https://onfido.bitmex.com:8443 [407] [GET] [text/html] [407 Proxy Authentication Required] [] [e5906397caf758a488f2e042dd7388e1]
https://onfido.devsf3.bitmex.com [200] [GET] [text/html] [Onfido API] [nginx] [vhost] [Amazon Cloudfront,Amazon Web Services,Nginx] [a21093fe356b8c510617ee5ce18ae54b]
https://onfido.devsf3.bitmex.com:8443 [407] [GET] [text/html] [407 Proxy Authentication Required] [] [e5906397caf758a488f2e042dd7388e1]
https://onfido.testnet.bitmex.com [200] [GET] [text/html] [Onfido API] [nginx] [vhost] [Amazon Cloudfront,Amazon Web Services,Nginx] [a21093fe356b8c510617ee5ce18ae54b]
https://onfido.testnet.bitmex.com:8443 [407] [GET] [text/html] [407 Proxy Authentication Required] [] [e5906397caf758a488f2e042dd7388e1]
https://podcasts.academy.bitmex.com [200] [GET] [text/html] [The BitMEX Academy Podcast] [Caddy] [vhost] [Caddy,Go,Ruby,Ruby on Rails,Stimulus] [2a9dff3e3ac9459b0aef7f0049c42ac3]
https://podcasts.academy.bitmex.com [200] [GET] [text/html] [The BitMEX Academy Podcast] [Caddy] [vhost] [Caddy,Go,Ruby,Ruby on Rails,Stimulus] [981dd9a23c04573a31597e0a03f7a773]
https://securemail.bitmex.com [403] [GET] [text/html] [] [] [vhost] [12ad6874f2d36eb26a91812772d78654]
https://securemail.bitmex.com:10000 [302] [GET] [text/html] [302 Found] [] [9b9de3bc5331606e7a72d1c825c97ce8]
https://securemail.bitmex.com:10001 [302] [GET] [text/html] [302 Found] [] [f77ffb5dd63985ceee5c16a73b68913f]
https://sentry.services.bitmex.com [302] [GET] [text/html] [] [] [vhost] [d41d8cd98f00b204e9800998ecf8427e]
https://sentry.testnet.services.bitmex.com [302] [GET] [text/html] [] [] [vhost] [d41d8cd98f00b204e9800998ecf8427e]
https://static.bitmex.com [403] [GET] [application/xml] [] [AmazonS3] [vhost] [cloudfront] [Amazon Cloudfront,Amazon S3,Amazon Web Services] [17cfad308060228e6f67b11b9ea52e34]
https://static.bitmex.com [403] [GET] [application/xml] [] [AmazonS3] [vhost] [cloudfront] [Amazon Cloudfront,Amazon S3,Amazon Web Services] [924c16e69c8c7bc7b4148ff82c444eb0]
https://support.services.bitmex.com [400] [GET] [text/html] [400 No required SSL certificate was sent] [] [vhost] [6be05d19e4ca80eb3ef0a7f16f937f13]
https://support.testnet.bitmex.com [301] [GET] [] [] [AmazonS3] [vhost] [cloudfront] [Amazon Cloudfront,Amazon S3,Amazon Web Services] [d41d8cd98f00b204e9800998ecf8427e]
https://support.testnet.services.bitmex.com [400] [GET] [text/html] [400 No required SSL certificate was sent] [] [vhost] [08fee48a957bb5fb09679a318ee48bbc]
https://support.testnet.services.bitmex.com [400] [GET] [text/html] [400 No required SSL certificate was sent] [] [vhost] [6be05d19e4ca80eb3ef0a7f16f937f13]
https://testnet-static.bitmex.com [403] [GET] [application/xml] [] [AmazonS3] [vhost] [cloudfront] [Amazon Cloudfront,Amazon S3,Amazon Web Services] [086e4ef32a02af55c8da0e01ca865314]
https://testnet-static.bitmex.com [403] [GET] [application/xml] [] [AmazonS3] [vhost] [cloudfront] [Amazon Cloudfront,Amazon S3,Amazon Web Services] [ebcb059469cf5e71fd9da1f1f46795c5]
https://testnet.bitmex.com [200] [GET] [text/html] [BitMEX Testnet] [cloudflare] [vhost] [cloudflare] [Cloudflare,Cloudflare Bot Management,Contentful,Next.js,Node.js,React,webpack] [13f10adb2dfbd35bea84742d89e13cd1]
https://testnet.bitmex.com [200] [GET] [text/html] [BitMEX Testnet] [cloudflare] [vhost] [cloudflare] [Cloudflare,Cloudflare Bot Management,Contentful,Next.js,Node.js,React,webpack] [d24b401210c51beef2895951ed9a3263]
https://testnet2.bitmex.com [200] [GET] [text/html] [BitMEX Testnet] [cloudflare] [vhost] [cloudfront] [Amazon Cloudfront,Amazon Web Services,Cloudflare,Cloudflare Bot Management,Contentful,Next.js,Node.js,React,webpack] [0b6af8744449323c5f1a2948aa708e11]
https://token.services.bitmex.com [200] [GET] [text/html] [BMEX Token | Get to know more about our token, litepaper & airdropping details] [] [vhost] [Google Font API] [70455fcfe4cff206c6c3bb69d59e2749]
https://upload.bitmex.com [422] [GET] [text/plain] [] [nginx] [vhost] [Nginx] [3c25b95fe13a78f72edabe71898bef93]
https://upload.bitmex.com:8443 [407] [GET] [text/html] [407 Proxy Authentication Required] [] [e5906397caf758a488f2e042dd7388e1]
https://upload.devsf3.bitmex.com [422] [GET] [text/plain] [] [nginx] [vhost] [Nginx] [3c25b95fe13a78f72edabe71898bef93]
https://upload.devsf3.bitmex.com:8443 [407] [GET] [text/html] [407 Proxy Authentication Required] [] [e5906397caf758a488f2e042dd7388e1]
https://upload.testnet.bitmex.com [422] [GET] [text/plain] [] [nginx] [vhost] [Nginx] [3c25b95fe13a78f72edabe71898bef93]
https://upload.testnet.bitmex.com:8443 [407] [GET] [text/html] [407 Proxy Authentication Required] [] [e5906397caf758a488f2e042dd7388e1]
https://watchlist.dev.bitmex.com [400] [GET] [text/plain] [] [nginx] [vhost] [Nginx] [a41b8e2dcb45bbd953efb57897c65051]
https://watchlist.dev.bitmex.com [400] [GET] [text/plain] [] [nginx] [vhost] [Nginx] [b099dcca77b3b79141f6f3029586d6b4]
https://watchlist.dev.bitmex.com:8443 [407] [GET] [text/html] [407 Proxy Authentication Required] [] [e5906397caf758a488f2e042dd7388e1]
https://ws.bitmex.com [404] [GET] [text/html] [Error] [] [cloudflare] [da7da7d630292e7a2a7dda8ca87b3d39]
https://ws.testnet.bitmex.com [404] [GET] [text/html] [Error] [] [cloudflare] [da7da7d630292e7a2a7dda8ca87b3d39]
https://www.services.bitmex.com [200] [GET] [text/html] [BitMEX | Most Advanced Crypto Trading Platform for Bitcoin & Home of the Perpetual Swap] [] [Contentful,Next.js,Node.js,React,webpack] [4cc4adbc4a9516f38648dbdd26ac1844]
https://www.services.bitmex.com [200] [GET] [text/html] [BitMEX | Most Advanced Crypto Trading Platform for Bitcoin & Home of the Perpetual Swap] [] [vhost] [Contentful,Next.js,Node.js,React,webpack] [8a9f749665fdccd99907740a71c4fa00]
https://www.testnet.services.bitmex.com [200] [GET] [text/html] [BitMEX Testnet] [] [Contentful,Next.js,Node.js,React,webpack] [69a1b6727af95548d0fc31037926b0e6]
https://www.testnet.services.bitmex.com [200] [GET] [text/html] [BitMEX Testnet] [] [Contentful,Next.js,Node.js,React,webpack] [b13148d295991720a9fce307bd0a7d4e]
https://www2.bitmex.com [200] [GET] [text/html] [BitMEX | Most Advanced Crypto Trading Platform for Bitcoin & Home of the Perpetual Swap] [cloudflare] [vhost] [cloudfront] [Amazon Cloudfront,Amazon Web Services,Cloudflare,Cloudflare Bot Management,Contentful,Next.js,Node.js,React,webpack] [7df421e5fe5c761505ba2de32aceb6d7]
