https://brisk.braintree.tools [301] [GET] [text/html] [] [nginx] [Nginx] [c9fbc2bb904e55499ef63659af38afd5]
https://briskqa.braintree.tools [301] [GET] [text/html] [] [nginx] [Nginx] [3bd2e0bc1696c4d32ecffbb86b57cc9c]
https://btufte.braintree.tools [301] [GET] [text/html] [301 Moved Permanently] [nginx] [vhost] [Nginx] [cd2e0e43980a00fb6a2742d3afd803b8]
https://data-airflow.braintree.tools [401] [GET] [text/html] [401 Authorization Required] [nginx] [Basic,Nginx] [5886129b212ec5bacb28adbef5e5857f]
https://disputes-panel.braintree.tools [302] [GET] [text/html] [] [] [b4c318447758efdee650e73c48b317cb]
https://disputes-panel.sandbox.braintree.tools [302] [GET] [text/html] [] [] [b4c318447758efdee650e73c48b317cb]
https://environmentalist.braintree.tools [403] [GET] [text/html] [403 Forbidden] [nginx] [Nginx] [bc56979a0b381a791dd59713198a87fb]
https://ghost.braintree.tools [403] [GET] [text/html] [403 Forbidden] [nginx] [Nginx] [4dec45889e09ec3ceb63fd65825d0f11]
https://grafana-auth.braintree.tools [401] [GET] [text/html] [401 Authorization Required] [nginx] [vhost] [Basic,Nginx] [481905a1e2cd3034b6976bafb7a3abda]
https://grafana.braintree.tools [403] [GET] [text/html] [Sign In] [nginx] [Nginx] [d898cb4a092236cc31f763728c278dad]
https://graphite.chi.braintree.tools [302] [GET] [text/html] [302 Found] [nginx] [vhost] [Nginx] [cfbeaf604823f038b8b46f0ac862b98c]
https://graphite.produswest2.braintree.tools [302] [GET] [text/html] [302 Found] [nginx] [vhost] [Nginx] [cfbeaf604823f038b8b46f0ac862b98c]
https://graphite.qwt.braintree.tools [302] [GET] [text/html] [302 Found] [nginx] [vhost] [Nginx] [cfbeaf604823f038b8b46f0ac862b98c]
https://graphite.sand.braintree.tools [302] [GET] [text/html] [302 Found] [nginx] [vhost] [Nginx] [cfbeaf604823f038b8b46f0ac862b98c]
https://graphite.sav.braintree.tools [302] [GET] [text/html] [302 Found] [nginx] [vhost] [Nginx] [cfbeaf604823f038b8b46f0ac862b98c]
https://graphite.stq.braintree.tools [302] [GET] [text/html] [302 Found] [nginx] [vhost] [Nginx] [cfbeaf604823f038b8b46f0ac862b98c]
https://jira.braintree.tools [403] [GET] [text/html] [Sign In] [nginx] [Nginx] [d898cb4a092236cc31f763728c278dad]
https://knowledge-test.braintree.tools [302] [GET] [text/html] [] [nginx] [Nginx] [0e46b985dae0528d8fef2d9bb7752354]
https://knowledge-test.braintree.tools [302] [GET] [text/html] [] [nginx] [Nginx] [6846e055a3837b45a3241f47ee6be508]
https://knowledge.braintree.tools [302] [GET] [text/html] [] [nginx] [Nginx] [6bd7cea264b770fed2cb87a498b7a2f0]
https://knowledge.braintree.tools [302] [GET] [text/html] [] [nginx] [Nginx] [71bd2ba1ad6d3103802e95e398e06bc4]
https://luigi.braintree.tools [403] [GET] [text/html] [Sign In] [nginx] [Nginx] [d898cb4a092236cc31f763728c278dad]
https://osquery-manager.braintree.tools [200] [GET] [text/html] [Fleet for osquery] [nginx] [Nginx] [926563eb94048eb3430228bd751c48e1]
https://prodconf.braintree.tools [302] [GET] [] [] [nginx/1.9.9] [vhost] [Nginx] [d41d8cd98f00b204e9800998ecf8427e]
https://puppetdb.braintree.tools [401] [GET] [text/html] [401 Authorization Required] [nginx] [Basic,Nginx] [481905a1e2cd3034b6976bafb7a3abda]
https://puppetdb.braintree.tools:444 [401] [GET] [text/html] [401 Authorization Required] [nginx] [Basic,Nginx] [481905a1e2cd3034b6976bafb7a3abda]
https://tugboat.braintree.tools [403] [GET] [text/html] [403 Forbidden] [nginx] [Nginx] [bc56979a0b381a791dd59713198a87fb]
