http://admin.taxes.cashstaging.app:8080 [404] [GET] [text/html] [404 Not Found] [] [2e9281cb1598565605593d28a5efa3bb]
http://admin.usc1.taxes.cashstaging.app:8080 [404] [GET] [text/html] [404 Not Found] [] [2e9281cb1598565605593d28a5efa3bb]
http://api.taxes.cashstaging.app:8080 [404] [GET] [text/html] [404 Not Found] [] [2e9281cb1598565605593d28a5efa3bb]
http://api.usc1.taxes.cashstaging.app:8080 [404] [GET] [text/html] [404 Not Found] [] [2e9281cb1598565605593d28a5efa3bb]
http://collector.taxes.cashstaging.app:8080 [404] [GET] [text/html] [404 Not Found] [] [2e9281cb1598565605593d28a5efa3bb]
http://collector.usc1.taxes.cashstaging.app:8080 [404] [GET] [text/html] [404 Not Found] [] [2e9281cb1598565605593d28a5efa3bb]
http://taxes.cashstaging.app:8080 [404] [GET] [text/html] [404 Not Found] [] [2e9281cb1598565605593d28a5efa3bb]
http://taxeshelp-devprobox.cashstaging.app:8080 [404] [GET] [text/html] [404 Not Found] [] [2e9281cb1598565605593d28a5efa3bb]
http://web.taxes.cashstaging.app:8080 [404] [GET] [text/html] [404 Not Found] [] [2e9281cb1598565605593d28a5efa3bb]
http://web.usc1.taxes.cashstaging.app:8080 [404] [GET] [text/html] [404 Not Found] [] [2e9281cb1598565605593d28a5efa3bb]
https://admin.taxes.cashstaging.app [403] [GET] [text/html] [403] [] [cf4bf23ae244e6fd5ca63598d4dcc82d]
https://admin.usc1.taxes.cashstaging.app [403] [GET] [text/html] [403] [] [cf4bf23ae244e6fd5ca63598d4dcc82d]
https://api.cashstaging.app [404] [GET] [] [] [envoy] [vhost] [fastly] [Envoy] [d41d8cd98f00b204e9800998ecf8427e]
https://api.taxes.cashstaging.app [403] [GET] [text/html] [403] [] [vhost] [cf4bf23ae244e6fd5ca63598d4dcc82d]
https://api.usc1.taxes.cashstaging.app [404] [GET] [text/plain] [] [] [Google Cloud,Google Cloud CDN] [1cd7bc4b228010dbdf01f2df97123407]
https://apparel-supporter.cashstaging.app [404] [GET] [text/plain] [] [envoy] [vhost] [fastly] [Envoy] [8a66449950a9e624fb9562d6a3f75626]
https://collector.taxes.cashstaging.app [403] [GET] [text/html] [403] [] [vhost] [cf4bf23ae244e6fd5ca63598d4dcc82d]
https://collector.usc1.taxes.cashstaging.app [404] [GET] [text/plain] [] [] [Google Cloud,Google Cloud CDN] [1cd7bc4b228010dbdf01f2df97123407]
https://dev.kit.cashstaging.app [403] [GET] [application/xml] [] [AmazonS3] [vhost] [cloudfront] [Amazon Cloudfront,Amazon S3,Amazon Web Services] [de898fd47a5bcb363726ec14b46dcc99]
https://internal-platform-staging.cashstaging.app [500] [GET] [text/html] [Fastly error: unknown domain internal-platform-staging.cashstaging.app] [Varnish] [fastly] [691a3757701014c9508994de2b1cf634]
https://internal-platform-staging.cashstaging.app [500] [GET] [text/html] [Fastly error: unknown domain internal-platform-staging.cashstaging.app] [Varnish] [fastly] [aaa19782e58338c43c67fd0261c9a8af]
https://internal.cashstaging.app [404] [GET] [] [] [envoy] [vhost] [fastly] [Envoy] [d41d8cd98f00b204e9800998ecf8427e]
https://kit.cashstaging.app [403] [GET] [application/xml] [] [AmazonS3] [vhost] [cloudfront] [Amazon Cloudfront,Amazon S3,Amazon Web Services] [0bcc8d98ff9ed11fde3086559c45b470]
https://platform-test.cashstaging.app [500] [GET] [text/html] [Fastly error: unknown domain platform-test.cashstaging.app] [Varnish] [fastly] [45573f274ef4c00c5572ec044ac5ad14]
https://platform-test.cashstaging.app [500] [GET] [text/html] [Fastly error: unknown domain platform-test.cashstaging.app] [Varnish] [fastly] [b95c01164073411664fb99f07baaa4c0]
https://sandbox.api.cashstaging.app [404] [GET] [] [] [envoy] [vhost] [fastly] [Envoy] [d41d8cd98f00b204e9800998ecf8427e]
https://sandbox.global-network-api.cashstaging.app [404] [GET] [] [] [envoy] [vhost] [fastly] [Envoy] [d41d8cd98f00b204e9800998ecf8427e]
https://taxes.cashstaging.app [403] [GET] [text/html] [403] [] [cf4bf23ae244e6fd5ca63598d4dcc82d]
https://taxeshelp-devprobox.cashstaging.app [200] [GET] [text/html] [Login | Salesforce] [] [Google Cloud,Google Cloud CDN] [257decc652fb44d74ed0ed294498fab3]
https://web-cdn.cashstaging.app [403] [GET] [text/html] [403 Forbidden] [Varnish] [vhost] [fastly] [411d52fbacb66d44a4a877025e5f09cf]
https://web-cdn.cashstaging.app [403] [GET] [text/html] [403 Forbidden] [Varnish] [vhost] [fastly] [43c8cc3fb433dab02cd4dd51c6971b08]
https://web.taxes.cashstaging.app [403] [GET] [text/html] [403] [] [cf4bf23ae244e6fd5ca63598d4dcc82d]
https://web.usc1.taxes.cashstaging.app [403] [GET] [text/html] [403] [] [cf4bf23ae244e6fd5ca63598d4dcc82d]
