http://api-dev1.chimebank.com:8080 [301] [GET] [] [] [cloudflare] [vhost] [cloudflare] [Cloudflare,Cloudflare Bot Management] [d41d8cd98f00b204e9800998ecf8427e]
http://api-dev1.chimebank.com:8443 [400] [GET] [text/html] [400 The plain HTTP request was sent to HTTPS port] [cloudflare] [cloudflare] [20ad84d030031252141ca0b3fc0183f0]
http://api-qa.chimebank.com:8080 [301] [GET] [] [] [cloudflare] [vhost] [cloudflare] [Cloudflare,Cloudflare Bot Management] [d41d8cd98f00b204e9800998ecf8427e]
http://api-qa.chimebank.com:8443 [400] [GET] [text/html] [400 The plain HTTP request was sent to HTTPS port] [cloudflare] [cloudflare] [cd58783500d7fa3c58f88eb0ba22f4f8]
http://api-v2-dev1.chimebank.com:8080 [301] [GET] [] [] [cloudflare] [vhost] [cloudflare] [Cloudflare,Cloudflare Bot Management] [d41d8cd98f00b204e9800998ecf8427e]
http://api-v2-dev1.chimebank.com:8443 [400] [GET] [text/html] [400 The plain HTTP request was sent to HTTPS port] [cloudflare] [cloudflare] [cd58783500d7fa3c58f88eb0ba22f4f8]
http://api-v2-qa.chimebank.com:8080 [301] [GET] [] [] [cloudflare] [vhost] [cloudflare] [Cloudflare,Cloudflare Bot Management] [d41d8cd98f00b204e9800998ecf8427e]
http://api-v2-qa.chimebank.com:8443 [400] [GET] [text/html] [400 The plain HTTP request was sent to HTTPS port] [cloudflare] [cloudflare] [cd58783500d7fa3c58f88eb0ba22f4f8]
http://api-v2.chimebank.com:8080 [301] [GET] [] [] [cloudflare] [vhost] [cloudflare] [Cloudflare,Cloudflare Bot Management] [d41d8cd98f00b204e9800998ecf8427e]
http://api-v2.chimebank.com:8443 [400] [GET] [text/html] [400 The plain HTTP request was sent to HTTPS port] [cloudflare] [cloudflare] [cd58783500d7fa3c58f88eb0ba22f4f8]
http://api.chimebank.com:8080 [301] [GET] [] [] [cloudflare] [vhost] [cloudflare] [Cloudflare,Cloudflare Bot Management] [d41d8cd98f00b204e9800998ecf8427e]
http://api.chimebank.com:8443 [400] [GET] [text/html] [400 The plain HTTP request was sent to HTTPS port] [cloudflare] [cloudflare] [cd58783500d7fa3c58f88eb0ba22f4f8]
http://client-dev1.chimebank.com:8080 [301] [GET] [] [] [cloudflare] [vhost] [cloudflare] [Cloudflare,Cloudflare Bot Management] [d41d8cd98f00b204e9800998ecf8427e]
http://client-dev1.chimebank.com:8443 [400] [GET] [text/html] [400 The plain HTTP request was sent to HTTPS port] [cloudflare] [cloudflare] [20ad84d030031252141ca0b3fc0183f0]
http://client-qa.chimebank.com:8080 [301] [GET] [] [] [cloudflare] [vhost] [cloudflare] [Cloudflare,Cloudflare Bot Management] [d41d8cd98f00b204e9800998ecf8427e]
http://client-qa.chimebank.com:8443 [400] [GET] [text/html] [400 The plain HTTP request was sent to HTTPS port] [cloudflare] [cloudflare] [cd58783500d7fa3c58f88eb0ba22f4f8]
http://client.chimebank.com:8080 [301] [GET] [] [] [cloudflare] [vhost] [cloudflare] [Cloudflare,Cloudflare Bot Management] [d41d8cd98f00b204e9800998ecf8427e]
http://client.chimebank.com:8443 [400] [GET] [text/html] [400 The plain HTTP request was sent to HTTPS port] [cloudflare] [cloudflare] [20ad84d030031252141ca0b3fc0183f0]
http://developer.chimebank.com:8080 [301] [GET] [] [] [cloudflare] [vhost] [cloudflare] [d41d8cd98f00b204e9800998ecf8427e]
http://developer.chimebank.com:8443 [400] [GET] [text/html] [400 The plain HTTP request was sent to HTTPS port] [cloudflare] [cloudflare] [cd58783500d7fa3c58f88eb0ba22f4f8]
http://member-qa.chimebank.com:8080 [301] [GET] [] [] [cloudflare] [vhost] [cloudflare] [Cloudflare,Cloudflare Bot Management] [d41d8cd98f00b204e9800998ecf8427e]
http://member-qa.chimebank.com:8443 [400] [GET] [text/html] [400 The plain HTTP request was sent to HTTPS port] [cloudflare] [cloudflare] [20ad84d030031252141ca0b3fc0183f0]
http://member.chimebank.com:8080 [301] [GET] [] [] [cloudflare] [vhost] [cloudflare] [Cloudflare,Cloudflare Bot Management] [d41d8cd98f00b204e9800998ecf8427e]
http://member.chimebank.com:8443 [400] [GET] [text/html] [400 The plain HTTP request was sent to HTTPS port] [cloudflare] [cloudflare] [cd58783500d7fa3c58f88eb0ba22f4f8]
http://securelinks.chimebank.com:8080 [301] [GET] [] [] [cloudflare] [vhost] [cloudflare] [Cloudflare,Cloudflare Bot Management] [d41d8cd98f00b204e9800998ecf8427e]
http://status.chimebank.com:8080 [302] [GET] [] [] [cloudflare] [vhost] [cloudflare] [Cloudflare,Cloudflare Bot Management] [d41d8cd98f00b204e9800998ecf8427e]
http://webhook-dev1.chimebank.com:8080 [301] [GET] [] [] [cloudflare] [vhost] [cloudflare] [Cloudflare,Cloudflare Bot Management] [d41d8cd98f00b204e9800998ecf8427e]
http://webhook-dev1.chimebank.com:8443 [400] [GET] [text/html] [400 The plain HTTP request was sent to HTTPS port] [cloudflare] [cloudflare] [cd58783500d7fa3c58f88eb0ba22f4f8]
http://webhook-qa.chimebank.com:8080 [301] [GET] [] [] [cloudflare] [vhost] [cloudflare] [Cloudflare,Cloudflare Bot Management] [d41d8cd98f00b204e9800998ecf8427e]
http://webhook-qa.chimebank.com:8443 [400] [GET] [text/html] [400 The plain HTTP request was sent to HTTPS port] [cloudflare] [cloudflare] [cd58783500d7fa3c58f88eb0ba22f4f8]
http://webhook.chimebank.com:8080 [301] [GET] [] [] [cloudflare] [vhost] [cloudflare] [Cloudflare,Cloudflare Bot Management] [d41d8cd98f00b204e9800998ecf8427e]
http://webhook.chimebank.com:8443 [400] [GET] [text/html] [400 The plain HTTP request was sent to HTTPS port] [cloudflare] [cloudflare] [cd58783500d7fa3c58f88eb0ba22f4f8]
https://api-dev1.chimebank.com [403] [GET] [text/html] [403 Forbidden] [cloudflare] [vhost] [cloudflare] [Cloudflare,Cloudflare Bot Management] [8b181bb6767bc5795dcf17341a387e5b]
https://api-qa.chimebank.com [403] [GET] [text/html] [403 Forbidden] [cloudflare] [vhost] [cloudflare] [Cloudflare,Cloudflare Bot Management] [735272b9ddede509dfbb7039bfe4a1f4]
https://api-qa.chimebank.com [403] [GET] [text/html] [403 Forbidden] [cloudflare] [vhost] [cloudflare] [Cloudflare,Cloudflare Bot Management] [8b181bb6767bc5795dcf17341a387e5b]
https://api-v2-dev1.chimebank.com [200] [GET] [text/html] [Welcome to OpenResty!] [cloudflare] [vhost] [cloudflare] [Cloudflare,Cloudflare Bot Management] [eb9d02a55f4a51c75281be0ae8570470]
https://api-v2-qa.chimebank.com [200] [GET] [text/html] [Welcome to OpenResty!] [cloudflare] [vhost] [cloudflare] [Cloudflare,Cloudflare Bot Management] [eb9d02a55f4a51c75281be0ae8570470]
https://api-v2.chimebank.com [200] [GET] [text/html] [Welcome to OpenResty!] [cloudflare] [vhost] [cloudflare] [Cloudflare,Cloudflare Bot Management] [eb9d02a55f4a51c75281be0ae8570470]
https://api.chimebank.com [403] [GET] [text/html] [403 Forbidden] [cloudflare] [vhost] [cloudflare] [Cloudflare,Cloudflare Bot Management] [735272b9ddede509dfbb7039bfe4a1f4]
https://chimebank.com [301] [GET] [] [] [Varnish] [vhost] [fastly] [d41d8cd98f00b204e9800998ecf8427e]
https://client-dev1.chimebank.com [200] [GET] [text/html] [Welcome to Chime] [cloudflare] [vhost] [cloudflare] [Cloudflare,Cloudflare Bot Management] [e5fcadbb7573b8c0feeb554b6e8d48bc]
https://client-qa.chimebank.com [200] [GET] [text/html] [Welcome to Chime] [cloudflare] [vhost] [cloudflare] [Cloudflare,Cloudflare Bot Management] [43a6da0deb414ea1bd138b3e86af1e4a]
https://client.chimebank.com [200] [GET] [text/html] [Welcome to Chime] [cloudflare] [vhost] [cloudflare] [Cloudflare,Cloudflare Bot Management] [45424d13b66662a8fbdc85d7d66978a1]
https://developer.chimebank.com [302] [GET] [text/plain] [] [cloudflare] [vhost] [cloudflare] [Cloudflare,Heroku] [4227a111177fd2fc9b8f469e6cee1e8d]
https://links.chimebank.com [303] [GET] [] [] [iterable-links 08b0] [d41d8cd98f00b204e9800998ecf8427e]
https://links.chimebank.com [303] [GET] [] [] [iterable-links d881] [d41d8cd98f00b204e9800998ecf8427e]
https://member-qa.chimebank.com [400] [GET] [text/html] [400 Bad Request] [cloudflare] [vhost] [cloudflare] [Cloudflare,Cloudflare Bot Management] [7f6167350258c2ca2d02974cce5df628]
https://member.chimebank.com [200] [GET] [text/html] [Welcome to Chime] [cloudflare] [vhost] [cloudflare] [Cloudflare,Cloudflare Bot Management] [45424d13b66662a8fbdc85d7d66978a1]
https://securelinks.chimebank.com [303] [GET] [] [] [cloudflare] [vhost] [cloudflare] [Cloudflare,Cloudflare Bot Management] [d41d8cd98f00b204e9800998ecf8427e]
https://securelinks.chimebank.com:8443 [403] [GET] [text/html] [Chime] [cloudflare] [vhost] [cloudflare] [Cloudflare,Cloudflare Bot Management] [f2bdcf13bc3ee053b23666c3a5d65bec]
https://status.chimebank.com [302] [GET] [] [] [cloudflare] [vhost] [cloudflare] [Cloudflare,Cloudflare Bot Management] [d41d8cd98f00b204e9800998ecf8427e]
https://status.chimebank.com:8443 [302] [GET] [] [] [cloudflare] [vhost] [cloudflare] [Cloudflare,Cloudflare Bot Management] [d41d8cd98f00b204e9800998ecf8427e]
https://webhook-dev1.chimebank.com [404] [GET] [text/html] [] [cloudflare] [vhost] [cloudflare] [Cloudflare,Cloudflare Bot Management] [d41d8cd98f00b204e9800998ecf8427e]
https://webhook-qa.chimebank.com [404] [GET] [text/html] [] [cloudflare] [vhost] [cloudflare] [Cloudflare,Cloudflare Bot Management] [d41d8cd98f00b204e9800998ecf8427e]
https://webhook.chimebank.com [404] [GET] [text/html] [] [cloudflare] [vhost] [cloudflare] [Cloudflare,Cloudflare Bot Management] [d41d8cd98f00b204e9800998ecf8427e]
https://www.chimebank.com [301] [GET] [] [] [Varnish] [vhost] [fastly] [d41d8cd98f00b204e9800998ecf8427e]
