http://16002407.account.chime.com:8080 [301] [GET] [] [] [cloudflare] [vhost] [cloudflare] [Cloudflare,Cloudflare Bot Management] [d41d8cd98f00b204e9800998ecf8427e]
http://16002407.account.chime.com:8443 [400] [GET] [text/html] [400 The plain HTTP request was sent to HTTPS port] [cloudflare] [cloudflare] [20ad84d030031252141ca0b3fc0183f0]
http://16002407.notify.chime.com:8080 [301] [GET] [] [] [cloudflare] [vhost] [cloudflare] [Cloudflare,Cloudflare Bot Management] [d41d8cd98f00b204e9800998ecf8427e]
http://16002407.notify.chime.com:8443 [400] [GET] [text/html] [400 The plain HTTP request was sent to HTTPS port] [cloudflare] [cloudflare] [cd58783500d7fa3c58f88eb0ba22f4f8]
http://accounts.chime.com:8080 [301] [GET] [] [] [cloudflare] [vhost] [cloudflare] [Cloudflare,Cloudflare Bot Management] [d41d8cd98f00b204e9800998ecf8427e]
http://accounts.chime.com:8443 [400] [GET] [text/html] [400 The plain HTTP request was sent to HTTPS port] [cloudflare] [cloudflare] [cd58783500d7fa3c58f88eb0ba22f4f8]
http://argocd-dev1.chime.com:8080 [301] [GET] [] [] [cloudflare] [vhost] [cloudflare] [Cloudflare,Cloudflare Bot Management] [d41d8cd98f00b204e9800998ecf8427e]
http://argocd-dev1.chime.com:8443 [400] [GET] [text/html] [400 The plain HTTP request was sent to HTTPS port] [cloudflare] [cloudflare] [cd58783500d7fa3c58f88eb0ba22f4f8]
http://argocd-qa.chime.com:8080 [301] [GET] [] [] [cloudflare] [vhost] [cloudflare] [Cloudflare,Cloudflare Bot Management] [d41d8cd98f00b204e9800998ecf8427e]
http://argocd-qa.chime.com:8443 [400] [GET] [text/html] [400 The plain HTTP request was sent to HTTPS port] [cloudflare] [cloudflare] [cd58783500d7fa3c58f88eb0ba22f4f8]
http://argocd.chime.com:8080 [301] [GET] [] [] [cloudflare] [vhost] [cloudflare] [Cloudflare,Cloudflare Bot Management] [d41d8cd98f00b204e9800998ecf8427e]
http://argocd.chime.com:8443 [400] [GET] [text/html] [400 The plain HTTP request was sent to HTTPS port] [cloudflare] [cloudflare] [20ad84d030031252141ca0b3fc0183f0]
http://autobots-dev1.chime.com:8080 [301] [GET] [] [] [cloudflare] [vhost] [cloudflare] [Cloudflare,Cloudflare Bot Management] [d41d8cd98f00b204e9800998ecf8427e]
http://autobots-dev1.chime.com:8443 [400] [GET] [text/html] [400 The plain HTTP request was sent to HTTPS port] [cloudflare] [cloudflare] [20ad84d030031252141ca0b3fc0183f0]
http://autobots-qa.chime.com:8080 [301] [GET] [] [] [cloudflare] [vhost] [cloudflare] [Cloudflare,Cloudflare Bot Management] [d41d8cd98f00b204e9800998ecf8427e]
http://autobots-qa.chime.com:8443 [400] [GET] [text/html] [400 The plain HTTP request was sent to HTTPS port] [cloudflare] [cloudflare] [20ad84d030031252141ca0b3fc0183f0]
http://autobots.chime.com:8080 [301] [GET] [] [] [cloudflare] [vhost] [cloudflare] [Cloudflare,Cloudflare Bot Management] [d41d8cd98f00b204e9800998ecf8427e]
http://autobots.chime.com:8443 [400] [GET] [text/html] [400 The plain HTTP request was sent to HTTPS port] [cloudflare] [cloudflare] [20ad84d030031252141ca0b3fc0183f0]
http://email.gh-mail.chime.com:8080 [301] [GET] [] [] [cloudflare] [vhost] [cloudflare] [Cloudflare,Cloudflare Bot Management] [d41d8cd98f00b204e9800998ecf8427e]
http://email.gh-mail.chime.com:8443 [400] [GET] [text/html] [400 The plain HTTP request was sent to HTTPS port] [cloudflare] [cloudflare] [cd58783500d7fa3c58f88eb0ba22f4f8]
http://email.gh-mail.ext.chime.com:8080 [301] [GET] [] [] [cloudflare] [vhost] [cloudflare] [Cloudflare,Cloudflare Bot Management] [d41d8cd98f00b204e9800998ecf8427e]
http://email.gh-mail.ext.chime.com:8443 [400] [GET] [text/html] [400 The plain HTTP request was sent to HTTPS port] [cloudflare] [cloudflare] [20ad84d030031252141ca0b3fc0183f0]
http://email.mg.chime.com:8080 [301] [GET] [] [] [cloudflare] [vhost] [cloudflare] [Cloudflare,Cloudflare Bot Management] [d41d8cd98f00b204e9800998ecf8427e]
http://email.mg.chime.com:8443 [400] [GET] [text/html] [400 The plain HTTP request was sent to HTTPS port] [cloudflare] [cloudflare] [20ad84d030031252141ca0b3fc0183f0]
http://email.teamable.chime.com:8080 [301] [GET] [] [] [cloudflare] [vhost] [cloudflare] [Cloudflare,Cloudflare Bot Management] [d41d8cd98f00b204e9800998ecf8427e]
http://email.teamable.chime.com:8443 [400] [GET] [text/html] [400 The plain HTTP request was sent to HTTPS port] [cloudflare] [cloudflare] [20ad84d030031252141ca0b3fc0183f0]
http://flashpaper-dev1.chime.com:8080 [301] [GET] [] [] [cloudflare] [vhost] [cloudflare] [Cloudflare,Cloudflare Bot Management] [d41d8cd98f00b204e9800998ecf8427e]
http://flashpaper-dev1.chime.com:8443 [400] [GET] [text/html] [400 The plain HTTP request was sent to HTTPS port] [cloudflare] [cloudflare] [20ad84d030031252141ca0b3fc0183f0]
http://flashpaper-qa.chime.com:8080 [301] [GET] [] [] [cloudflare] [vhost] [cloudflare] [Cloudflare,Cloudflare Bot Management] [d41d8cd98f00b204e9800998ecf8427e]
http://flashpaper-qa.chime.com:8443 [400] [GET] [text/html] [400 The plain HTTP request was sent to HTTPS port] [cloudflare] [cloudflare] [20ad84d030031252141ca0b3fc0183f0]
http://flashpaper.chime.com:8080 [301] [GET] [] [] [cloudflare] [vhost] [cloudflare] [Cloudflare,Cloudflare Bot Management] [d41d8cd98f00b204e9800998ecf8427e]
http://flashpaper.chime.com:8443 [400] [GET] [text/html] [400 The plain HTTP request was sent to HTTPS port] [cloudflare] [cloudflare] [cd58783500d7fa3c58f88eb0ba22f4f8]
http://gem-proxy-dev1.chime.com:8080 [301] [GET] [] [] [cloudflare] [vhost] [cloudflare] [Cloudflare,Cloudflare Bot Management] [d41d8cd98f00b204e9800998ecf8427e]
http://gem-proxy-dev1.chime.com:8443 [400] [GET] [text/html] [400 The plain HTTP request was sent to HTTPS port] [cloudflare] [cloudflare] [20ad84d030031252141ca0b3fc0183f0]
http://gem-proxy.chime.com:8080 [301] [GET] [] [] [cloudflare] [vhost] [cloudflare] [Cloudflare,Cloudflare Bot Management] [d41d8cd98f00b204e9800998ecf8427e]
http://gem-proxy.chime.com:8443 [400] [GET] [text/html] [400 The plain HTTP request was sent to HTTPS port] [cloudflare] [cloudflare] [20ad84d030031252141ca0b3fc0183f0]
http://help-test.chime.com:8443 [400] [GET] [text/html] [400 The plain HTTP request was sent to HTTPS port] [cloudflare] [cloudflare] [20ad84d030031252141ca0b3fc0183f0]
http://help.chime.com:2083 [400] [GET] [text/html] [400 The plain HTTP request was sent to HTTPS port] [cloudflare] [cloudflare] [20ad84d030031252141ca0b3fc0183f0]
http://help.chime.com:2087 [400] [GET] [text/html] [400 The plain HTTP request was sent to HTTPS port] [cloudflare] [cloudflare] [cd58783500d7fa3c58f88eb0ba22f4f8]
http://help.chime.com:8443 [400] [GET] [text/html] [400 The plain HTTP request was sent to HTTPS port] [cloudflare] [cloudflare] [cd58783500d7fa3c58f88eb0ba22f4f8]
http://inspector-dev1.chime.com:8080 [301] [GET] [] [] [cloudflare] [vhost] [cloudflare] [Cloudflare,Cloudflare Bot Management] [d41d8cd98f00b204e9800998ecf8427e]
http://inspector-dev1.chime.com:8443 [400] [GET] [text/html] [400 The plain HTTP request was sent to HTTPS port] [cloudflare] [cloudflare] [cd58783500d7fa3c58f88eb0ba22f4f8]
http://inspector-qa.chime.com:8080 [301] [GET] [] [] [cloudflare] [vhost] [cloudflare] [Cloudflare,Cloudflare Bot Management] [d41d8cd98f00b204e9800998ecf8427e]
http://inspector-qa.chime.com:8443 [400] [GET] [text/html] [400 The plain HTTP request was sent to HTTPS port] [cloudflare] [cloudflare] [cd58783500d7fa3c58f88eb0ba22f4f8]
http://inspector.chime.com:8080 [301] [GET] [] [] [cloudflare] [vhost] [cloudflare] [Cloudflare,Cloudflare Bot Management] [d41d8cd98f00b204e9800998ecf8427e]
http://inspector.chime.com:8443 [400] [GET] [text/html] [400 The plain HTTP request was sent to HTTPS port] [cloudflare] [cloudflare] [cd58783500d7fa3c58f88eb0ba22f4f8]
http://join-dev1.chime.com:8080 [301] [GET] [] [] [cloudflare] [vhost] [cloudflare] [Cloudflare,Cloudflare Bot Management] [d41d8cd98f00b204e9800998ecf8427e]
http://join-dev1.chime.com:8443 [400] [GET] [text/html] [400 The plain HTTP request was sent to HTTPS port] [cloudflare] [cloudflare] [cd58783500d7fa3c58f88eb0ba22f4f8]
http://join-qa.chime.com:8080 [301] [GET] [] [] [cloudflare] [vhost] [cloudflare] [Cloudflare,Cloudflare Bot Management] [d41d8cd98f00b204e9800998ecf8427e]
http://join-qa.chime.com:8443 [400] [GET] [text/html] [400 The plain HTTP request was sent to HTTPS port] [cloudflare] [cloudflare] [cd58783500d7fa3c58f88eb0ba22f4f8]
http://join.chime.com:8080 [301] [GET] [] [] [cloudflare] [vhost] [cloudflare] [Cloudflare,Cloudflare Bot Management] [d41d8cd98f00b204e9800998ecf8427e]
http://join.chime.com:8443 [400] [GET] [text/html] [400 The plain HTTP request was sent to HTTPS port] [cloudflare] [cloudflare] [20ad84d030031252141ca0b3fc0183f0]
http://links.account.chime.com:8080 [301] [GET] [] [] [cloudflare] [vhost] [cloudflare] [Cloudflare,Cloudflare Bot Management] [d41d8cd98f00b204e9800998ecf8427e]
http://links.account.chime.com:8443 [400] [GET] [text/html] [400 The plain HTTP request was sent to HTTPS port] [cloudflare] [cloudflare] [20ad84d030031252141ca0b3fc0183f0]
http://links.notify.chime.com:8080 [301] [GET] [] [] [cloudflare] [vhost] [cloudflare] [Cloudflare,Cloudflare Bot Management] [d41d8cd98f00b204e9800998ecf8427e]
http://links.notify.chime.com:8443 [400] [GET] [text/html] [400 The plain HTTP request was sent to HTTPS port] [cloudflare] [cloudflare] [20ad84d030031252141ca0b3fc0183f0]
http://locations-qa.chime.com:8080 [301] [GET] [] [] [cloudflare] [vhost] [cloudflare] [Cloudflare,Cloudflare Bot Management] [d41d8cd98f00b204e9800998ecf8427e]
http://locations-qa.chime.com:8443 [400] [GET] [text/html] [400 The plain HTTP request was sent to HTTPS port] [cloudflare] [cloudflare] [cd58783500d7fa3c58f88eb0ba22f4f8]
http://locations.chime.com:8080 [301] [GET] [] [] [cloudflare] [vhost] [cloudflare] [Cloudflare,Cloudflare Bot Management] [d41d8cd98f00b204e9800998ecf8427e]
http://locations.chime.com:8443 [400] [GET] [text/html] [400 The plain HTTP request was sent to HTTPS port] [cloudflare] [cloudflare] [20ad84d030031252141ca0b3fc0183f0]
http://member-dev1.chime.com:8080 [301] [GET] [] [] [cloudflare] [vhost] [cloudflare] [Cloudflare,Cloudflare Bot Management] [d41d8cd98f00b204e9800998ecf8427e]
http://member-dev1.chime.com:8443 [400] [GET] [text/html] [400 The plain HTTP request was sent to HTTPS port] [cloudflare] [cloudflare] [20ad84d030031252141ca0b3fc0183f0]
http://member-qa.chime.com:8080 [301] [GET] [] [] [cloudflare] [vhost] [cloudflare] [Cloudflare,Cloudflare Bot Management] [d41d8cd98f00b204e9800998ecf8427e]
http://member-qa.chime.com:8443 [400] [GET] [text/html] [400 The plain HTTP request was sent to HTTPS port] [cloudflare] [cloudflare] [cd58783500d7fa3c58f88eb0ba22f4f8]
http://member.chime.com:8080 [301] [GET] [] [] [cloudflare] [vhost] [cloudflare] [Cloudflare,Cloudflare Bot Management] [d41d8cd98f00b204e9800998ecf8427e]
http://member.chime.com:8443 [400] [GET] [text/html] [400 The plain HTTP request was sent to HTTPS port] [cloudflare] [cloudflare] [cd58783500d7fa3c58f88eb0ba22f4f8]
http://monocle-dev1.chime.com:8080 [301] [GET] [] [] [cloudflare] [vhost] [cloudflare] [Cloudflare,Cloudflare Bot Management] [d41d8cd98f00b204e9800998ecf8427e]
http://monocle-dev1.chime.com:8443 [400] [GET] [text/html] [400 The plain HTTP request was sent to HTTPS port] [cloudflare] [cloudflare] [20ad84d030031252141ca0b3fc0183f0]
http://monocle-qa.chime.com:8080 [301] [GET] [] [] [cloudflare] [vhost] [cloudflare] [Cloudflare,Cloudflare Bot Management] [d41d8cd98f00b204e9800998ecf8427e]
http://monocle-qa.chime.com:8443 [400] [GET] [text/html] [400 The plain HTTP request was sent to HTTPS port] [cloudflare] [cloudflare] [cd58783500d7fa3c58f88eb0ba22f4f8]
http://monocle.chime.com:8080 [301] [GET] [] [] [cloudflare] [vhost] [cloudflare] [Cloudflare,Cloudflare Bot Management] [d41d8cd98f00b204e9800998ecf8427e]
http://monocle.chime.com:8443 [400] [GET] [text/html] [400 The plain HTTP request was sent to HTTPS port] [cloudflare] [cloudflare] [cd58783500d7fa3c58f88eb0ba22f4f8]
http://nd.chime.com:8080 [301] [GET] [] [] [cloudflare] [vhost] [cloudflare] [Cloudflare,Cloudflare Bot Management] [d41d8cd98f00b204e9800998ecf8427e]
http://nd.chime.com:8443 [400] [GET] [text/html] [400 The plain HTTP request was sent to HTTPS port] [cloudflare] [cloudflare] [cd58783500d7fa3c58f88eb0ba22f4f8]
http://penny-dev1.chime.com:8080 [301] [GET] [] [] [cloudflare] [vhost] [cloudflare] [Cloudflare,Cloudflare Bot Management] [d41d8cd98f00b204e9800998ecf8427e]
http://penny-dev1.chime.com:8443 [400] [GET] [text/html] [400 The plain HTTP request was sent to HTTPS port] [cloudflare] [cloudflare] [cd58783500d7fa3c58f88eb0ba22f4f8]
http://penny-qa.chime.com:8080 [301] [GET] [] [] [cloudflare] [vhost] [cloudflare] [Cloudflare,Cloudflare Bot Management] [d41d8cd98f00b204e9800998ecf8427e]
http://penny-qa.chime.com:8443 [400] [GET] [text/html] [400 The plain HTTP request was sent to HTTPS port] [cloudflare] [cloudflare] [cd58783500d7fa3c58f88eb0ba22f4f8]
http://penny.chime.com:8080 [301] [GET] [] [] [cloudflare] [vhost] [cloudflare] [Cloudflare,Cloudflare Bot Management] [d41d8cd98f00b204e9800998ecf8427e]
http://penny.chime.com:8443 [400] [GET] [text/html] [400 The plain HTTP request was sent to HTTPS port] [cloudflare] [cloudflare] [cd58783500d7fa3c58f88eb0ba22f4f8]
http://public-assets-dev1.chime.com:8080 [301] [GET] [] [] [cloudflare] [vhost] [cloudflare] [Cloudflare,Cloudflare Bot Management] [d41d8cd98f00b204e9800998ecf8427e]
http://public-assets-dev1.chime.com:8443 [400] [GET] [text/html] [400 The plain HTTP request was sent to HTTPS port] [cloudflare] [cloudflare] [cd58783500d7fa3c58f88eb0ba22f4f8]
http://public-assets-qa.chime.com:8080 [301] [GET] [] [] [cloudflare] [vhost] [cloudflare] [Cloudflare,Cloudflare Bot Management] [d41d8cd98f00b204e9800998ecf8427e]
http://public-assets-qa.chime.com:8443 [400] [GET] [text/html] [400 The plain HTTP request was sent to HTTPS port] [cloudflare] [cloudflare] [20ad84d030031252141ca0b3fc0183f0]
http://public-assets.chime.com:8080 [301] [GET] [] [] [cloudflare] [vhost] [cloudflare] [Cloudflare,Cloudflare Bot Management] [d41d8cd98f00b204e9800998ecf8427e]
http://public-assets.chime.com:8443 [400] [GET] [text/html] [400 The plain HTTP request was sent to HTTPS port] [cloudflare] [cloudflare] [cd58783500d7fa3c58f88eb0ba22f4f8]
http://securelinks.chime.com:8080 [301] [GET] [] [] [cloudflare] [vhost] [cloudflare] [Cloudflare,Cloudflare Bot Management] [d41d8cd98f00b204e9800998ecf8427e]
http://securelinks.chime.com:8443 [400] [GET] [text/html] [400 The plain HTTP request was sent to HTTPS port] [cloudflare] [cloudflare] [cd58783500d7fa3c58f88eb0ba22f4f8]
http://status.chime.com:8080 [302] [GET] [] [] [cloudflare] [vhost] [cloudflare] [Cloudflare,Cloudflare Bot Management] [d41d8cd98f00b204e9800998ecf8427e]
http://transaction.chime.com:8080 [301] [GET] [] [] [cloudflare] [vhost] [cloudflare] [Cloudflare,Cloudflare Bot Management] [d41d8cd98f00b204e9800998ecf8427e]
http://transaction.chime.com:8443 [400] [GET] [text/html] [400 The plain HTTP request was sent to HTTPS port] [cloudflare] [cloudflare] [20ad84d030031252141ca0b3fc0183f0]
http://updates.chime.com:8080 [301] [GET] [] [] [cloudflare] [vhost] [cloudflare] [Cloudflare,Cloudflare Bot Management] [d41d8cd98f00b204e9800998ecf8427e]
http://updates.chime.com:8443 [400] [GET] [text/html] [400 The plain HTTP request was sent to HTTPS port] [cloudflare] [cloudflare] [20ad84d030031252141ca0b3fc0183f0]
https://16002407.account.chime.com [404] [GET] [text/html] [404 Not Found] [cloudflare] [vhost] [cloudflare] [Cloudflare,Cloudflare Bot Management] [70461da8b94c6ca5d2fda3260c5a8c3b]
https://16002407.account.chime.com [404] [GET] [text/html] [404 Not Found] [cloudflare] [vhost] [cloudflare] [Cloudflare,Cloudflare Bot Management] [8e325dc2fea7c8900fc6c4b8c6c394fe]
https://16002407.notify.chime.com [404] [GET] [text/html] [404 Not Found] [cloudflare] [vhost] [cloudflare] [Cloudflare,Cloudflare Bot Management] [70461da8b94c6ca5d2fda3260c5a8c3b]
https://16002407.notify.chime.com [404] [GET] [text/html] [404 Not Found] [cloudflare] [vhost] [cloudflare] [Cloudflare,Cloudflare Bot Management] [8e325dc2fea7c8900fc6c4b8c6c394fe]
https://accounts.chime.com [303] [GET] [] [] [cloudflare] [vhost] [cloudflare] [Cloudflare,Cloudflare Bot Management] [d41d8cd98f00b204e9800998ecf8427e]
https://argocd-dev1.chime.com [400] [GET] [text/html] [400 Bad Request] [cloudflare] [vhost] [cloudflare] [Cloudflare,Cloudflare Bot Management] [7f6167350258c2ca2d02974cce5df628]
https://argocd-qa.chime.com [400] [GET] [text/html] [400 Bad Request] [cloudflare] [vhost] [cloudflare] [Cloudflare,Cloudflare Bot Management] [0e06f2e9352385962e61dd0ad4a4f55d]
https://argocd-qa.chime.com [400] [GET] [text/html] [400 Bad Request] [cloudflare] [vhost] [cloudflare] [Cloudflare,Cloudflare Bot Management] [7f6167350258c2ca2d02974cce5df628]
https://argocd.chime.com [403] [GET] [text/html] [403 Forbidden] [cloudflare] [vhost] [cloudflare] [Cloudflare,Cloudflare Bot Management] [8b181bb6767bc5795dcf17341a387e5b]
https://attachments.chime.com [302] [GET] [text/html] [302 Found] [cloudflare] [vhost] [cloudflare] [Cloudflare,Cloudflare Bot Management] [f366e0e18b589cb6f243bf43ce75e83c]
https://autobots-dev1.chime.com [404] [GET] [text/html] [404 Not Found] [cloudflare] [vhost] [cloudflare] [Cloudflare,Cloudflare Bot Management] [597ba0d4396e9c906225140ce907092c]
https://autobots-dev1.chime.com [404] [GET] [text/html] [404 Not Found] [cloudflare] [vhost] [cloudflare] [Cloudflare,Cloudflare Bot Management] [ad76203cbb9feb6a77342842816f7b51]
https://autobots-qa.chime.com [404] [GET] [text/html] [404 Not Found] [cloudflare] [vhost] [cloudflare] [Cloudflare,Cloudflare Bot Management] [597ba0d4396e9c906225140ce907092c]
https://autobots.chime.com [404] [GET] [text/html] [404 Not Found] [cloudflare] [vhost] [cloudflare] [Cloudflare,Cloudflare Bot Management] [597ba0d4396e9c906225140ce907092c]
https://autobots.chime.com [404] [GET] [text/html] [404 Not Found] [cloudflare] [vhost] [cloudflare] [Cloudflare,Cloudflare Bot Management] [ad76203cbb9feb6a77342842816f7b51]
https://chime.com [301] [GET] [] [] [Varnish] [vhost] [fastly] [d41d8cd98f00b204e9800998ecf8427e]
https://email.ethnio.chime.com [200] [GET] [application/octet-stream] [] [nginx] [Nginx] [9f36c1c909fa94ed5e7af41387ae3dae]
https://email.gh-mail.chime.com [200] [GET] [application/octet-stream] [] [cloudflare] [vhost] [cloudflare] [Cloudflare,Cloudflare Bot Management] [9f36c1c909fa94ed5e7af41387ae3dae]
https://email.gh-mail.ext.chime.com [200] [GET] [application/octet-stream] [] [cloudflare] [vhost] [cloudflare] [Cloudflare,Cloudflare Bot Management] [9f36c1c909fa94ed5e7af41387ae3dae]
https://email.mg.chime.com [200] [GET] [application/octet-stream] [] [cloudflare] [vhost] [cloudflare] [Cloudflare,Cloudflare Bot Management] [9f36c1c909fa94ed5e7af41387ae3dae]
https://email.teamable.chime.com [200] [GET] [application/octet-stream] [] [cloudflare] [vhost] [cloudflare] [Cloudflare,Cloudflare Bot Management] [9f36c1c909fa94ed5e7af41387ae3dae]
https://enterpriseenrollment.chime.com [302] [GET] [] [] [Microsoft-IIS/10.0] [azure] [IIS,Microsoft ASP.NET,Windows Server] [d41d8cd98f00b204e9800998ecf8427e]
https://enterpriseregistration.chime.com [404] [GET] [text/html] [Service] [] [azure] [17654c28a506596d05424ea295203bac]
https://error-pages.chime.com [403] [GET] [application/xml] [] [AmazonS3] [vhost] [cloudfront] [Amazon Cloudfront,Amazon S3,Amazon Web Services] [2ae8f79ecd838626ab10b890b65b810b]
https://error-pages.chime.com [403] [GET] [application/xml] [] [AmazonS3] [vhost] [cloudfront] [Amazon Cloudfront,Amazon S3,Amazon Web Services] [6cb320e2041cdbbfcb80549d64a6e069]
https://flashpaper-dev1.chime.com [200] [GET] [text/html] [] [cloudflare] [vhost] [cloudflare] [Cloudflare,Cloudflare Bot Management] [b4b8b4c338f9da7f237d02681a3e1e63]
https://flashpaper-qa.chime.com [200] [GET] [text/html] [] [cloudflare] [vhost] [cloudflare] [Cloudflare,Cloudflare Bot Management] [b4b8b4c338f9da7f237d02681a3e1e63]
https://flashpaper.chime.com [200] [GET] [text/html] [] [cloudflare] [vhost] [cloudflare] [Cloudflare,Cloudflare Bot Management] [b4b8b4c338f9da7f237d02681a3e1e63]
https://gem-proxy-dev1.chime.com [200] [GET] [text/html] [RubyGems.org | your community gem host] [cloudflare] [vhost] [cloudflare] [Cloudflare,Cloudflare Bot Management,Google Font API,Ruby,Ruby on Rails] [4c676ea0f93cd8e802b7cdc7c349a134]
https://gem-proxy-dev1.chime.com [200] [GET] [text/html] [RubyGems.org | your community gem host] [cloudflare] [vhost] [cloudflare] [Cloudflare,Cloudflare Bot Management,Google Font API,Ruby,Ruby on Rails] [7700591f93cdd8db1e97aca72d0a6fcd]
https://gem-proxy.chime.com [200] [GET] [text/html] [RubyGems.org | your community gem host] [cloudflare] [vhost] [cloudflare] [Cloudflare,Cloudflare Bot Management,Google Font API,Ruby,Ruby on Rails] [2f06f9b4ce0b3d3d0886c0e1e56584cf]
https://gem-proxy.chime.com [200] [GET] [text/html] [RubyGems.org | your community gem host] [cloudflare] [vhost] [cloudflare] [Cloudflare,Cloudflare Bot Management,Google Font API,Ruby,Ruby on Rails] [ba28f08e7c9df11dbcbea68007a67ca6]
https://help-test.chime.com [301] [GET] [text/html] [] [cloudflare] [vhost] [cloudflare] [Cloudflare,Cloudflare Network Error Logging,Zendesk] [8fb4520357624c46d459316e8ee5e88a]
https://help.chime.com [301] [GET] [text/html] [] [cloudflare] [vhost] [cloudflare] [Cloudflare,Cloudflare Network Error Logging,Zendesk] [7652fcc6454e5116ac802835a132f718]
https://inspector-dev1.chime.com [403] [GET] [text/html] [403 Forbidden] [cloudflare] [vhost] [cloudflare] [Cloudflare,Cloudflare Bot Management] [8b181bb6767bc5795dcf17341a387e5b]
https://inspector-dev1.chime.com [403] [GET] [text/plain] [] [cloudflare] [vhost] [cloudflare] [Cloudflare,Cloudflare Bot Management] [4f20b85ce5ebf225720e040314a7966a]
https://inspector-qa.chime.com [403] [GET] [text/html] [403 Forbidden] [cloudflare] [vhost] [cloudflare] [Cloudflare,Cloudflare Bot Management] [735272b9ddede509dfbb7039bfe4a1f4]
https://inspector-qa.chime.com [403] [GET] [text/html] [403 Forbidden] [cloudflare] [vhost] [cloudflare] [Cloudflare,Cloudflare Bot Management] [8b181bb6767bc5795dcf17341a387e5b]
https://inspector.chime.com [403] [GET] [text/html] [403 Forbidden] [cloudflare] [vhost] [cloudflare] [Cloudflare,Cloudflare Bot Management] [735272b9ddede509dfbb7039bfe4a1f4]
https://inspector.chime.com [403] [GET] [text/html] [403 Forbidden] [cloudflare] [vhost] [cloudflare] [Cloudflare,Cloudflare Bot Management] [8b181bb6767bc5795dcf17341a387e5b]
https://join-dev1.chime.com [502] [GET] [text/html] [502 Bad Gateway] [cloudflare] [vhost] [cloudflare] [Cloudflare,Cloudflare Bot Management] [6413f9dc38ce131d60db208e7d81a40c]
https://join-dev1.chime.com [502] [GET] [text/html] [502 Bad Gateway] [cloudflare] [vhost] [cloudflare] [Cloudflare,Cloudflare Bot Management] [e9e8266719052c26fe5320e4b9ffae98]
https://join-qa.chime.com [502] [GET] [text/html] [502 Bad Gateway] [cloudflare] [vhost] [cloudflare] [Cloudflare,Cloudflare Bot Management] [6413f9dc38ce131d60db208e7d81a40c]
https://join-qa.chime.com [502] [GET] [text/html] [502 Bad Gateway] [cloudflare] [vhost] [cloudflare] [Cloudflare,Cloudflare Bot Management] [e9e8266719052c26fe5320e4b9ffae98]
https://join.chime.com [502] [GET] [text/html] [502 Bad Gateway] [cloudflare] [vhost] [cloudflare] [Cloudflare,Cloudflare Bot Management] [6413f9dc38ce131d60db208e7d81a40c]
https://join.chime.com [502] [GET] [text/html] [502 Bad Gateway] [cloudflare] [vhost] [cloudflare] [Cloudflare,Cloudflare Bot Management] [e9e8266719052c26fe5320e4b9ffae98]
https://links.account.chime.com [404] [GET] [text/html] [404 Not Found] [cloudflare] [vhost] [cloudflare] [Cloudflare,Cloudflare Bot Management] [70461da8b94c6ca5d2fda3260c5a8c3b]
https://links.account.chime.com [404] [GET] [text/html] [404 Not Found] [cloudflare] [vhost] [cloudflare] [Cloudflare,Cloudflare Bot Management] [8e325dc2fea7c8900fc6c4b8c6c394fe]
https://links.notify.chime.com [404] [GET] [text/html] [404 Not Found] [cloudflare] [vhost] [cloudflare] [Cloudflare,Cloudflare Bot Management] [70461da8b94c6ca5d2fda3260c5a8c3b]
https://links.notify.chime.com [404] [GET] [text/html] [404 Not Found] [cloudflare] [vhost] [cloudflare] [Cloudflare,Cloudflare Bot Management] [8e325dc2fea7c8900fc6c4b8c6c394fe]
https://locations-qa.chime.com [404] [GET] [text/html] [] [cloudflare] [vhost] [cloudflare] [Cloudflare,Cloudflare Bot Management] [d41d8cd98f00b204e9800998ecf8427e]
https://locations.chime.com [403] [GET] [text/html] [Chime] [cloudflare] [vhost] [cloudflare] [Cloudflare,Cloudflare Bot Management] [3103cf6e3f971f3e4d7901118c3cfbb4]
https://locations.chime.com [404] [GET] [text/html] [] [cloudflare] [vhost] [cloudflare] [Cloudflare,Cloudflare Bot Management] [d41d8cd98f00b204e9800998ecf8427e]
https://member-dev1.chime.com [200] [GET] [text/html] [Welcome to Chime] [cloudflare] [vhost] [cloudflare] [Cloudflare,Cloudflare Bot Management] [e5fcadbb7573b8c0feeb554b6e8d48bc]
https://member-qa.chime.com [200] [GET] [text/html] [Welcome to Chime] [cloudflare] [vhost] [cloudflare] [Cloudflare,Cloudflare Bot Management] [43a6da0deb414ea1bd138b3e86af1e4a]
https://member.chime.com [200] [GET] [text/html] [Welcome to Chime] [cloudflare] [vhost] [cloudflare] [Cloudflare,Cloudflare Bot Management] [45424d13b66662a8fbdc85d7d66978a1]
https://member.chime.com [403] [GET] [text/html] [Chime] [cloudflare] [vhost] [cloudflare] [Cloudflare,Cloudflare Bot Management] [50e1d01ab56a5b739b4d8401710bd1e7]
https://mobile-state.chime.com [403] [GET] [application/xml] [] [AmazonS3] [vhost] [cloudfront] [Amazon Cloudfront,Amazon S3,Amazon Web Services] [d39f7c2e51442b80662edc25a8cfdca8]
https://mobile-state.chime.com [403] [GET] [application/xml] [] [AmazonS3] [vhost] [cloudfront] [Amazon Cloudfront,Amazon S3,Amazon Web Services] [f505249eabb97eceecca9bdeb928c1f6]
https://monocle-dev1.chime.com [403] [GET] [text/html] [403 Forbidden] [cloudflare] [vhost] [cloudflare] [Cloudflare,Cloudflare Bot Management] [8b181bb6767bc5795dcf17341a387e5b]
https://monocle-qa.chime.com [403] [GET] [text/html] [403 Forbidden] [cloudflare] [vhost] [cloudflare] [Cloudflare,Cloudflare Bot Management] [735272b9ddede509dfbb7039bfe4a1f4]
https://monocle-qa.chime.com [403] [GET] [text/html] [403 Forbidden] [cloudflare] [vhost] [cloudflare] [Cloudflare,Cloudflare Bot Management] [8b181bb6767bc5795dcf17341a387e5b]
https://monocle.chime.com [403] [GET] [text/html] [403 Forbidden] [cloudflare] [vhost] [cloudflare] [Cloudflare,Cloudflare Bot Management] [735272b9ddede509dfbb7039bfe4a1f4]
https://nd.chime.com [200] [GET] [text/html] [Page Non-existent] [cloudflare] [vhost] [cloudflare] [Cloudflare,Cloudflare Bot Management] [3766524615b52f14a3d96f1a2764b2fc]
https://penny-dev1.chime.com [403] [GET] [text/html] [403 Forbidden] [cloudflare] [vhost] [cloudflare] [Cloudflare,Cloudflare Bot Management] [735272b9ddede509dfbb7039bfe4a1f4]
https://penny-qa.chime.com [403] [GET] [text/html] [403 Forbidden] [cloudflare] [vhost] [cloudflare] [Cloudflare,Cloudflare Bot Management] [735272b9ddede509dfbb7039bfe4a1f4]
https://penny-qa.chime.com [403] [GET] [text/html] [403 Forbidden] [cloudflare] [vhost] [cloudflare] [Cloudflare,Cloudflare Bot Management] [8b181bb6767bc5795dcf17341a387e5b]
https://penny.chime.com [403] [GET] [text/html] [403 Forbidden] [cloudflare] [vhost] [cloudflare] [Cloudflare,Cloudflare Bot Management] [8b181bb6767bc5795dcf17341a387e5b]
https://penny.chime.com [403] [GET] [text/html] [Chime] [cloudflare] [vhost] [cloudflare] [Cloudflare,Cloudflare Bot Management] [c8c71ee54efc0a15f090b863713e61d0]
https://public-assets-dev1.chime.com [403] [GET] [text/html] [403 Forbidden] [cloudflare] [vhost] [cloudflare] [Cloudflare,Cloudflare Bot Management] [735272b9ddede509dfbb7039bfe4a1f4]
https://public-assets-dev1.chime.com [403] [GET] [text/html] [403 Forbidden] [cloudflare] [vhost] [cloudflare] [Cloudflare,Cloudflare Bot Management] [8b181bb6767bc5795dcf17341a387e5b]
https://public-assets-qa.chime.com [403] [GET] [text/html] [403 Forbidden] [cloudflare] [vhost] [cloudflare] [Cloudflare,Cloudflare Bot Management] [735272b9ddede509dfbb7039bfe4a1f4]
https://public-assets.chime.com [403] [GET] [text/html] [403 Forbidden] [cloudflare] [vhost] [cloudflare] [Cloudflare,Cloudflare Bot Management] [735272b9ddede509dfbb7039bfe4a1f4]
https://securelinks.chime.com [303] [GET] [] [] [cloudflare] [vhost] [cloudflare] [Cloudflare,Cloudflare Bot Management] [d41d8cd98f00b204e9800998ecf8427e]
https://static-attachments.chime.com [302] [GET] [text/html] [302 Found] [cloudflare] [vhost] [cloudflare] [Cloudflare,Cloudflare Bot Management] [f366e0e18b589cb6f243bf43ce75e83c]
https://status.chime.com [302] [GET] [] [] [cloudflare] [vhost] [cloudflare] [Cloudflare,Cloudflare Bot Management] [d41d8cd98f00b204e9800998ecf8427e]
https://status.chime.com:8443 [302] [GET] [] [] [cloudflare] [vhost] [cloudflare] [Cloudflare,Cloudflare Bot Management] [d41d8cd98f00b204e9800998ecf8427e]
https://transaction.chime.com [404] [GET] [text/html] [Error 404] [cloudflare] [vhost] [cloudflare] [Cloudflare,Cloudflare Bot Management] [46c8edc89edf4b801af129a76e5daaeb]
https://updates.chime.com [303] [GET] [] [] [cloudflare] [vhost] [cloudflare] [Cloudflare,Cloudflare Bot Management] [d41d8cd98f00b204e9800998ecf8427e]
https://wp-dev1.chime.com [200] [GET] [text/html] [Home - Banking Made Awesome] [nginx] [vhost] [fastly] [Fastly,Google Cloud,Google Cloud Trace,MariaDB,MySQL,Nginx,PHP,Pantheon,WordPress] [0f3601fe92d958adacf5682731716de9]
https://wp-dev1.chime.com [200] [GET] [text/html] [Home - Banking Made Awesome] [nginx] [vhost] [fastly] [Fastly,Google Cloud,Google Cloud Trace,MariaDB,MySQL,Nginx,PHP,Pantheon,WordPress] [4255b96df240eeb7acd77133ff2ae1ab]
https://wp-dev2.chime.com [200] [GET] [text/html] [Home - Banking Made Awesome] [nginx] [vhost] [fastly] [Fastly,Google Cloud,Google Cloud Trace,MariaDB,MySQL,Nginx,PHP,Pantheon,WordPress] [b0a1288d7680b29b588c7b8a863beeea]
https://wp-dev3.chime.com [200] [GET] [text/html] [Home - Banking Made Awesome] [nginx] [vhost] [fastly] [Fastly,Google Cloud,Google Cloud Trace,MariaDB,MySQL,Nginx,PHP,Pantheon,WordPress] [fcef8ade5b24bc5668f60d0cb57940b2]
https://wp-dev4.chime.com [200] [GET] [text/html] [Home - Banking Made Awesome] [nginx] [vhost] [fastly] [Fastly,Google Cloud,Google Cloud Trace,MariaDB,MySQL,Nginx,PHP,Pantheon,WordPress] [1a5f924ff808b9442d70efadc3eb2a8c]
https://wp-dev5.chime.com [200] [GET] [text/html] [Home - Banking Made Awesome] [nginx] [vhost] [fastly] [Fastly,Google Cloud,Google Cloud Trace,MariaDB,MySQL,Nginx,PHP,Pantheon,WordPress] [6efe4f62f8d1beddc5a3347523e63bf5]
https://wp-integ.chime.com [200] [GET] [text/html] [Chime - Banking with No Hidden Fees and Fee Free Overdraft] [nginx] [vhost] [fastly] [Fastly,Google Cloud,Google Cloud Trace,Google Font API,MariaDB,MySQL,Nginx,PHP,Pantheon,WordPress] [0f41854c9a03296a02a1c1095f48b0fa]
https://wp-qa.chime.com [200] [GET] [text/html] [Chime - Banking with No Hidden Fees and Fee Free Overdraft] [nginx] [vhost] [fastly] [Fastly,Google Cloud,Google Cloud Trace,Google Font API,MariaDB,MySQL,Nginx,PHP,Pantheon,WordPress] [51fe50df166638c7d35c054cf360a3fc]
https://www.chime.com [200] [GET] [text/html] [Chime - Banking with No Hidden Fees and Fee Free Overdraft] [nginx] [vhost] [fastly] [Fastly,Google Cloud,Google Cloud Trace,Google Font API,MariaDB,MySQL,Nginx,PHP,Pantheon,WordPress] [ba55b9508159097562c64be348201048]
https://www.chime.com [200] [GET] [text/html] [Chime - Banking with No Hidden Fees and Fee Free Overdraft] [nginx] [vhost] [fastly] [Fastly,Google Cloud,Google Cloud Trace,Google Font API,MariaDB,MySQL,Nginx,PHP,Pantheon,WordPress] [fe41f8a625cc9b517b7a3b8e735c4a02]
