https://apps.citymeal.com [403] [GET] [text/plain] [] [cloudflare] [vhost] [cloudflare] [Cloudflare,Cloudflare Bot Management] [722969577a96ca3953e84e3d949dee81]
https://at-cdn.citymeal.com [200] [GET] [text/html] [Takeaway.com] [cloudflare] [vhost] [cloudflare] [Cloudflare,Cloudflare Bot Management] [a30abcc278215c9a5cdef7ee386f1246]
https://at.citymeal.com [200] [GET] [text/html] [Takeaway.com] [cloudflare] [vhost] [cloudflare] [Cloudflare,Cloudflare Bot Management] [a30abcc278215c9a5cdef7ee386f1246]
https://be-cdn.citymeal.com [200] [GET] [text/html] [Takeaway.com] [cloudflare] [vhost] [cloudflare] [Cloudflare,Cloudflare Bot Management] [a30abcc278215c9a5cdef7ee386f1246]
https://be.citymeal.com [200] [GET] [text/html] [Takeaway.com] [cloudflare] [vhost] [cloudflare] [Cloudflare,Cloudflare Bot Management] [a30abcc278215c9a5cdef7ee386f1246]
https://beta.citymeal.com [200] [GET] [text/html] [Takeaway.com] [cloudflare] [vhost] [cloudflare] [Cloudflare,Cloudflare Bot Management] [a30abcc278215c9a5cdef7ee386f1246]
https://bg-cdn.citymeal.com [200] [GET] [text/html] [Takeaway.com] [cloudflare] [vhost] [cloudflare] [Cloudflare,Cloudflare Bot Management] [a30abcc278215c9a5cdef7ee386f1246]
https://bg.citymeal.com [200] [GET] [text/html] [Takeaway.com] [cloudflare] [vhost] [cloudflare] [Cloudflare,Cloudflare Bot Management] [a30abcc278215c9a5cdef7ee386f1246]
https://blogbeta.citymeal.com [200] [GET] [text/html] [Takeaway.com] [cloudflare] [vhost] [cloudflare] [Cloudflare,Cloudflare Bot Management] [a30abcc278215c9a5cdef7ee386f1246]
https://ch-cdn.citymeal.com [200] [GET] [text/html] [Takeaway.com] [cloudflare] [vhost] [cloudflare] [Cloudflare,Cloudflare Bot Management] [a30abcc278215c9a5cdef7ee386f1246]
https://ch.citymeal.com [200] [GET] [text/html] [Takeaway.com] [cloudflare] [vhost] [cloudflare] [Cloudflare,Cloudflare Bot Management] [a30abcc278215c9a5cdef7ee386f1246]
https://de-cdn.citymeal.com [200] [GET] [text/html] [Takeaway.com] [cloudflare] [vhost] [cloudflare] [Cloudflare,Cloudflare Bot Management] [a30abcc278215c9a5cdef7ee386f1246]
https://de.citymeal.com [200] [GET] [text/html] [Takeaway.com] [cloudflare] [vhost] [cloudflare] [Cloudflare,Cloudflare Bot Management] [a30abcc278215c9a5cdef7ee386f1246]
https://debug.citymeal.com [200] [GET] [text/html] [Takeaway.com] [cloudflare] [vhost] [cloudflare] [Cloudflare,Cloudflare Bot Management] [a30abcc278215c9a5cdef7ee386f1246]
https://denmark.citymeal.com [200] [GET] [text/html] [Takeaway.com] [cloudflare] [vhost] [cloudflare] [Cloudflare,Cloudflare Bot Management] [a30abcc278215c9a5cdef7ee386f1246]
https://dk-cdn.citymeal.com [200] [GET] [text/html] [Takeaway.com] [cloudflare] [vhost] [cloudflare] [Cloudflare,Cloudflare Bot Management] [a30abcc278215c9a5cdef7ee386f1246]
https://dk.citymeal.com [200] [GET] [text/html] [Takeaway.com] [cloudflare] [vhost] [cloudflare] [Cloudflare,Cloudflare Bot Management] [a30abcc278215c9a5cdef7ee386f1246]
https://fallbackapps.citymeal.com [530] [GET] [text/html] [Origin DNS error | fallbackapps.citymeal.com | Cloudflare] [cloudflare] [vhost] [cloudflare] [9cb26176666f67dd921e0a9c4c85f70d]
https://fallbackapps.citymeal.com [530] [GET] [text/html] [Origin DNS error | fallbackapps.citymeal.com | Cloudflare] [cloudflare] [vhost] [cloudflare] [d67466e9966343f9295ae52c006f996f]
https://fastly.citymeal.com [403] [GET] [text/html] [403 happy now?] [Varnish] [vhost] [fastly] [1de922dd850a4d0b801ca86a7ddae3db]
https://fastly.citymeal.com [403] [GET] [text/html] [403 happy now?] [Varnish] [vhost] [fastly] [9c5171cc54926a75042ca8cc72262e98]
https://fr-cdn.citymeal.com [200] [GET] [text/html] [Takeaway.com] [cloudflare] [vhost] [cloudflare] [Cloudflare,Cloudflare Bot Management] [a30abcc278215c9a5cdef7ee386f1246]
https://fr.citymeal.com [200] [GET] [text/html] [Takeaway.com] [cloudflare] [vhost] [cloudflare] [Cloudflare,Cloudflare Bot Management] [a30abcc278215c9a5cdef7ee386f1246]
https://gb.citymeal.com [200] [GET] [text/html] [Takeaway.com] [cloudflare] [vhost] [cloudflare] [Cloudflare,Cloudflare Bot Management] [a30abcc278215c9a5cdef7ee386f1246]
https://lu-cdn.citymeal.com [200] [GET] [text/html] [Takeaway.com] [cloudflare] [vhost] [cloudflare] [Cloudflare,Cloudflare Bot Management] [a30abcc278215c9a5cdef7ee386f1246]
https://lu.citymeal.com [200] [GET] [text/html] [Takeaway.com] [cloudflare] [vhost] [cloudflare] [Cloudflare,Cloudflare Bot Management] [a30abcc278215c9a5cdef7ee386f1246]
https://merchandiseapi.citymeal.com [403] [GET] [text/plain] [] [cloudflare] [vhost] [cloudflare] [Cloudflare,Cloudflare Bot Management] [7b5ea53ba332630e5aca8e4abb807f70]
https://nl-cdn.citymeal.com [200] [GET] [text/html] [Takeaway.com] [cloudflare] [vhost] [cloudflare] [Cloudflare,Cloudflare Bot Management] [a30abcc278215c9a5cdef7ee386f1246]
https://nl.citymeal.com [200] [GET] [text/html] [Takeaway.com] [cloudflare] [vhost] [cloudflare] [Cloudflare,Cloudflare Bot Management] [a30abcc278215c9a5cdef7ee386f1246]
https://no-cdn.citymeal.com [200] [GET] [text/html] [Takeaway.com] [cloudflare] [vhost] [cloudflare] [Cloudflare,Cloudflare Bot Management] [a30abcc278215c9a5cdef7ee386f1246]
https://no.citymeal.com [200] [GET] [text/html] [Takeaway.com] [cloudflare] [vhost] [cloudflare] [Cloudflare,Cloudflare Bot Management] [a30abcc278215c9a5cdef7ee386f1246]
https://paypalec.citymeal.com [200] [GET] [text/html] [Takeaway.com] [cloudflare] [vhost] [cloudflare] [Cloudflare,Cloudflare Bot Management] [a30abcc278215c9a5cdef7ee386f1246]
https://pl-cdn.citymeal.com [200] [GET] [text/html] [Takeaway.com] [cloudflare] [vhost] [cloudflare] [Cloudflare,Cloudflare Bot Management] [a30abcc278215c9a5cdef7ee386f1246]
https://pl.citymeal.com [200] [GET] [text/html] [Takeaway.com] [cloudflare] [vhost] [cloudflare] [Cloudflare,Cloudflare Bot Management] [a30abcc278215c9a5cdef7ee386f1246]
https://pt-cdn.citymeal.com [200] [GET] [text/html] [Takeaway.com] [cloudflare] [vhost] [cloudflare] [Cloudflare,Cloudflare Bot Management] [a30abcc278215c9a5cdef7ee386f1246]
https://pt.citymeal.com [200] [GET] [text/html] [Takeaway.com] [cloudflare] [vhost] [cloudflare] [Cloudflare,Cloudflare Bot Management] [a30abcc278215c9a5cdef7ee386f1246]
https://ro-cdn.citymeal.com [200] [GET] [text/html] [Takeaway.com] [cloudflare] [vhost] [cloudflare] [Cloudflare,Cloudflare Bot Management] [a30abcc278215c9a5cdef7ee386f1246]
https://ro.citymeal.com [200] [GET] [text/html] [Takeaway.com] [cloudflare] [vhost] [cloudflare] [Cloudflare,Cloudflare Bot Management] [a30abcc278215c9a5cdef7ee386f1246]
https://static.citymeal.com [525] [GET] [] [] [cloudflare] [vhost] [cloudflare] [Cloudflare,Cloudflare Bot Management] [d41d8cd98f00b204e9800998ecf8427e]
https://vn-cdn.citymeal.com [200] [GET] [text/html] [Takeaway.com] [cloudflare] [vhost] [cloudflare] [Cloudflare,Cloudflare Bot Management] [a30abcc278215c9a5cdef7ee386f1246]
https://vn.citymeal.com [200] [GET] [text/html] [Takeaway.com] [cloudflare] [vhost] [cloudflare] [Cloudflare,Cloudflare Bot Management] [a30abcc278215c9a5cdef7ee386f1246]
https://www.citymeal.com [200] [GET] [text/html] [Takeaway.com] [cloudflare] [vhost] [cloudflare] [Cloudflare,Cloudflare Bot Management] [a30abcc278215c9a5cdef7ee386f1246]
