https://1password-scim.infra.coda.io [200] [GET] [text/html] [1Password SCIM Bridge Login] [] [1458e5f1376d8b5333adce09ed932ca3]
https://adhoc.coda.io [200] [GET] [text/html] [] [openresty/1.19.9.1] [Nginx,OpenResty] [36cd5f2e55497378b2e298c5d80a63f1]
https://admin.coda.io [302] [GET] [text/plain] [] [] [vhost] [0b7f2a5c390c3e89565b9eae391ad462]
https://admin.head.coda.io [302] [GET] [text/plain] [] [] [vhost] [0b7f2a5c390c3e89565b9eae391ad462]
https://admin.staging.coda.io [302] [GET] [text/plain] [] [] [vhost] [0b7f2a5c390c3e89565b9eae391ad462]
https://airflow-head.data.coda.io [302] [GET] [text/html] [Redirecting...] [gunicorn] [Python,gunicorn] [3cc140d34969fa39436714272aa23256]
https://airflow-prod.data.coda.io [302] [GET] [text/html] [Redirecting...] [gunicorn] [Python,gunicorn] [3cc140d34969fa39436714272aa23256]
https://airflow-staging.data.coda.io [302] [GET] [text/html] [Redirecting...] [gunicorn] [Python,gunicorn] [3cc140d34969fa39436714272aa23256]
https://bazel-cache.dev-infra.coda.io [401] [GET] [text/plain] [] [] [vhost] [Basic] [f73716aeea5e67820bfd7cf2ba50416b]
https://blog.coda.io [307] [GET] [text/html] [] [openresty] [vhost] [Envoy,Nginx,OpenResty] [63c5e2dbde3c5c4616fe3b49149139ba]
https://cdn.coda.io [403] [GET] [application/xml] [] [AmazonS3] [vhost] [cloudfront] [Amazon Cloudfront,Amazon S3,Amazon Web Services] [29e076477718fe58b15c6b790324e22a]
https://cdn.coda.io [403] [GET] [application/xml] [] [AmazonS3] [vhost] [cloudfront] [Amazon Cloudfront,Amazon S3,Amazon Web Services] [3976921128418f330a253d5e172e7cc2]
https://coda.io [200] [GET] [text/html] [Coda | The doc that brings it all together.] [nginx] [vhost] [cloudfront] [Amazon Cloudfront,Amazon Web Services,Nginx] [6171f9ca5c63e7a83f7989633a7d47cd]
https://coda.io [200] [GET] [text/html] [Coda | The doc that brings it all together.] [nginx] [vhost] [cloudfront] [Amazon Cloudfront,Amazon Web Services,Nginx] [c4b8ca25274747955f6d3ba60b117ea7]
https://community.coda.io [200] [GET] [text/html] [Coda Maker Community] [nginx] [vhost] [Discourse,Nginx,Ruby on Rails] [8bf89a071a515daf431b303f4cd1ef65]
https://email.gh-mail.coda.io [200] [GET] [application/octet-stream] [] [nginx] [Nginx] [9f36c1c909fa94ed5e7af41387ae3dae]
https://github-bot.dev-infra.coda.io [404] [GET] [text/html] [Error] [] [Express,Node.js] [da7da7d630292e7a2a7dda8ca87b3d39]
https://go.coda.io [301] [GET] [text/html] [301 Moved Permanently] [Apache] [vhost] [Apache] [ea3ebf12f15731f40c58aac70153eb08]
https://head.coda.io [200] [GET] [text/html] [Coda | The doc that brings it all together.] [nginx] [vhost] [cloudfront] [Amazon Cloudfront,Amazon Web Services,Nginx] [c4e113f354e1b17f12b49bfbe2937f66]
https://head.coda.io [200] [GET] [text/html] [Coda | The doc that brings it all together.] [nginx] [vhost] [cloudfront] [Amazon Cloudfront,Amazon Web Services,Nginx] [e26052ec43913b196d0813553b2039e7]
https://hello.coda.io [204] [GET] [] [] [] [vhost] [d41d8cd98f00b204e9800998ecf8427e]
https://help.coda.io [302] [GET] [text/html] [] [nginx] [vhost] [cloudfront] [Amazon Cloudfront,Amazon Web Services,Nginx] [9057777c1f12fcb87f41113386bae499]
https://maze.coda.io [200] [GET] [text/html] [Coda Maze Challenge] [] [Express,Node.js] [ec65851295c29cf7724ae87f3e6e679d]
https://mixmax.coda.io [404] [GET] [text/plain] [] [] [595e88012a6521aae3e12cbebe76eb9e]
https://origin.coda.io [403] [GET] [text/html] [] [nginx] [Nginx] [722969577a96ca3953e84e3d949dee81]
https://origin.coda.io:8083 [464] [GET] [] [] [awselb/2.0] [d41d8cd98f00b204e9800998ecf8427e]
https://origin.head.coda.io [403] [GET] [text/html] [] [nginx] [Nginx] [722969577a96ca3953e84e3d949dee81]
https://origin.head.coda.io:8083 [464] [GET] [] [] [awselb/2.0] [d41d8cd98f00b204e9800998ecf8427e]
https://origin.staging.coda.io [403] [GET] [text/html] [] [nginx] [Nginx] [722969577a96ca3953e84e3d949dee81]
https://origin.staging.coda.io:8083 [464] [GET] [] [] [awselb/2.0] [d41d8cd98f00b204e9800998ecf8427e]
https://packs-auth.coda.io [464] [GET] [] [] [awselb/2.0] [vhost] [d41d8cd98f00b204e9800998ecf8427e]
https://packs-auth.head.coda.io [464] [GET] [] [] [awselb/2.0] [vhost] [d41d8cd98f00b204e9800998ecf8427e]
https://packs-auth.staging.coda.io [464] [GET] [] [] [awselb/2.0] [vhost] [d41d8cd98f00b204e9800998ecf8427e]
https://staging.coda.io [200] [GET] [text/html] [Coda | The doc that brings it all together.] [nginx] [vhost] [cloudfront] [Amazon Cloudfront,Amazon Web Services,Nginx] [0978673ec05193ab28fa39d5419d402d]
https://staging.coda.io [200] [GET] [text/html] [Coda | The doc that brings it all together.] [nginx] [vhost] [cloudfront] [Amazon Cloudfront,Amazon Web Services,Nginx] [435b303215e88d1230260da859ce3a2c]
https://status.coda.io [200] [GET] [text/html] [Coda Status] [] [vhost] [Atlassian Statuspage] [4a15b39c7ec6a323eb26655dbb51a7cd]
https://status.coda.io [200] [GET] [text/html] [Coda Status] [] [vhost] [Atlassian Statuspage] [564e3939ed152de255a241fe665f0d65]
https://www.coda.io [301] [GET] [text/html] [301 Moved Permanently] [awselb/2.0] [vhost] [cloudfront] [Amazon Cloudfront,Amazon Web Services] [4aa7a432bb447f094408f1bd6229c605]
https://www.head.coda.io [301] [GET] [text/html] [301 Moved Permanently] [awselb/2.0] [vhost] [cloudfront] [Amazon Cloudfront,Amazon Web Services] [4aa7a432bb447f094408f1bd6229c605]
https://www.staging.coda.io [301] [GET] [text/html] [301 Moved Permanently] [awselb/2.0] [vhost] [cloudfront] [Amazon Cloudfront,Amazon Web Services] [4aa7a432bb447f094408f1bd6229c605]
