http://dvcp-po-vip.sys.comcast.net [302] [GET] [] [] [BigIP] [F5 BigIP] [d41d8cd98f00b204e9800998ecf8427e]
https://aamail.sys.comcast.net [200] [GET] [text/html] [Zimbra Web Client Sign In] [nginx] [Java,Nginx,Zimbra] [afeff307e481a4fc74f57d510fdc7018]
https://abcappsdl1-ch2-01p.sys.comcast.net [200] [GET] [text/html] [] [Apache] [Apache] [d41d8cd98f00b204e9800998ecf8427e]
https://accessibility-cms-c2q-068359.sys.comcast.net:8005 [500] [GET] [text/html] [Error] [nginx] [vhost] [Nginx] [621d03f9a2af5a8c01ade38bbf0aafa3]
https://accessibility-cms-c2q-068359.sys.comcast.net:8010 [302] [GET] [text/plain] [] [nginx] [Nginx] [8abe5a6cad10f87701ca3ff3841c47e0]
https://accessibility-cms-h2q-036602.sys.comcast.net:8005 [500] [GET] [text/html] [Error] [nginx] [vhost] [Nginx] [621d03f9a2af5a8c01ade38bbf0aafa3]
https://accessibility-cms-h2q-036602.sys.comcast.net:8010 [302] [GET] [text/plain] [] [nginx] [Nginx] [8abe5a6cad10f87701ca3ff3841c47e0]
https://accessibility-prv-a2q-086237.sys.comcast.net [500] [GET] [text/html] [] [nginx] [Nginx] [8d4dcdf8ad3d24a32aa980f5443849a8]
https://accessibility-prv-h2q-036627.sys.comcast.net [500] [GET] [text/html] [] [nginx] [Nginx] [8d4dcdf8ad3d24a32aa980f5443849a8]
https://accessibility-web-a2q-085972.sys.comcast.net [200] [GET] [text/html] [doc test] [nginx] [Nginx] [a4429cb2a4a09931af4c7ba911f2ade2]
https://accessibility-web-c2q-030853.sys.comcast.net [200] [GET] [text/html] [doc test] [nginx] [Nginx] [a4429cb2a4a09931af4c7ba911f2ade2]
https://artiproxyb-as-a1p.sys.comcast.net [302] [GET] [text/html] [302 Found] [nginx/1.17.8] [Nginx] [b1f794a8101ac42090a65ba585a5e48a]
https://bigid-prod-collibra-connector.sys.comcast.net [502] [GET] [text/html] [The page is temporarily unavailable] [nginx/1.12.2] [Nginx] [1694636cfe444a6e19489f6b98eee9b8]
https://cgc-ch2-web01.sys.comcast.net [301] [GET] [text/html] [Redirecting to help/report-abuse] [Apache] [vhost] [Apache] [866583ed49983aa2b9794cfd62cf3189]
https://cgc-ch2-web03.sys.comcast.net [301] [GET] [text/html] [Redirecting to help/report-abuse] [Apache] [vhost] [Apache] [866583ed49983aa2b9794cfd62cf3189]
https://cgc-ch2-web2.sys.comcast.net [301] [GET] [text/html] [Redirecting to help/report-abuse] [Apache] [vhost] [Apache] [866583ed49983aa2b9794cfd62cf3189]
https://cgc-po-dev.sys.comcast.net [200] [GET] [text/html] [Hi] [Apache] [vhost] [Apache] [1621ec4d250622c09f8ff738718ffd8d]
https://cgc-wc-web01.sys.comcast.net [301] [GET] [text/html] [Redirecting to help/report-abuse] [Apache] [vhost] [Apache] [866583ed49983aa2b9794cfd62cf3189]
https://cgc-wc-web02.sys.comcast.net [301] [GET] [text/html] [Redirecting to help/report-abuse] [Apache] [vhost] [Apache] [866583ed49983aa2b9794cfd62cf3189]
https://cgc-wc-web03.sys.comcast.net [301] [GET] [text/html] [Redirecting to help/report-abuse] [Apache] [vhost] [Apache] [866583ed49983aa2b9794cfd62cf3189]
https://config-beta-cvr-aws-eu1.sys.comcast.net [200] [GET] [application/hal+json] [] [] [2550ec9c77126443772bec0f6ffdaced]
https://config-cvr-aws-eu1.sys.comcast.net [200] [GET] [application/hal+json] [] [] [66f83fddae3ec3ae8871f9d5abc545b4]
https://ebipublic-ch2-dna.sys.comcast.net [302] [GET] [text/html] [Redirecting...] [nginx/1.16.1] [Nginx] [1bd19e7351f0bbc1ca71fbaa89231fc2]
https://emcngx-wc-c2u.sys.comcast.net [302] [GET] [text/html] [302 Found] [nginx/1.21.3] [Nginx] [aade1473d7f8858a24dcca062a0dbd94]
https://etwiki.sys.comcast.net [302] [GET] [text/html] [] [Apache] [vhost] [Amazon ALB,Amazon Web Services,Apache,Atlassian Confluence,Java] [d41d8cd98f00b204e9800998ecf8427e]
https://exlaspc-ch2-a2d.sys.comcast.net [302] [GET] [text/html] [302 Found] [Apache] [Apache] [9ec66673274ef731a6eca08e221df5fc]
https://haproxystage-hoc-02.sys.comcast.net [404] [GET] [application/json] [] [] [Express,Node.js] [2efae0e06cfdc3eacc743546ff595d74]
https://ilex-qa.sys.comcast.net [302] [GET] [text/html] [] [nginx] [Nginx] [d41d8cd98f00b204e9800998ecf8427e]
https://livecache-read-cvr-aws-eu1.sys.comcast.net [200] [GET] [application/json] [] [] [557f822b3660fe55f0ebe47a585837c4]
https://livecache-read-qa-cvr-aws-eu1.sys.comcast.net [200] [GET] [application/json] [] [] [d1d5d1e75dce8516c82c976c15c3badd]
https://mdpapp-wc-b1s.sys.comcast.net [404] [GET] [text/html] [404 Not Found] [nginx/1.20.1] [Nginx] [565c1eae816296eb5a8240c33f015484]
https://mdpapp-wc-b2s.sys.comcast.net [404] [GET] [text/html] [404 Not Found] [nginx/1.20.1] [Nginx] [565c1eae816296eb5a8240c33f015484]
https://mdpapp-wc-b3s.sys.comcast.net [404] [GET] [text/html] [404 Not Found] [nginx/1.20.1] [Nginx] [932da5a430ff6db1bc48425b567d56fa]
https://mdpoc-ch2-b1s.sys.comcast.net [200] [GET] [text/html] [] [nginx/1.20.1] [Nginx] [dcb9c6bd05fd9616bd7eb89fb1c36735]
https://mdpoc-wc-b1s.sys.comcast.net [200] [GET] [text/html] [] [nginx/1.20.1] [Nginx] [dcb9c6bd05fd9616bd7eb89fb1c36735]
https://merkong-ho-01.sys.comcast.net [404] [GET] [application/json] [] [kong/2.0.2] [2c7ef3e2a869dd3196f197e7c6b27070]
https://merkong-ho-02.sys.comcast.net [404] [GET] [application/json] [] [kong/2.0.2] [2c7ef3e2a869dd3196f197e7c6b27070]
https://merkong-wc-2s.sys.comcast.net [404] [GET] [application/json] [] [kong/2.5.0] [2c7ef3e2a869dd3196f197e7c6b27070]
https://mernex-ho-b1.sys.comcast.net [404] [GET] [text/html] [Error 404 Not Found] [nginx/1.16.0] [Nginx] [400c3f09974e5573f61c3e6d837802ad]
https://pevinet-ch2-01p.sys.comcast.net [200] [GET] [text/html] [Comcast Carrier Services] [Apache/2.4.6 (Red Hat Enterprise Linux) OpenSSL/1.0.2k-fips] [Apache,OpenSSL,Red Hat] [1328bc5d33b8cfe702ffa44b18c6624a]
https://pevinet-po-01p.sys.comcast.net [200] [GET] [text/html] [Comcast Carrier Services] [Apache/2.4.6 (Red Hat Enterprise Linux) OpenSSL/1.0.2k-fips] [Apache,OpenSSL,Red Hat] [1328bc5d33b8cfe702ffa44b18c6624a]
https://pivot-qa.sys.comcast.net [302] [GET] [text/html] [] [nginx] [Nginx,PHP] [d9fc539ba81aee42f793198402174322]
https://playback-qa-cvr-aws-eu1.sys.comcast.net [200] [GET] [application/json] [] [] [60ec68166cc887d605d75a88764961f2]
https://proxy-wdp-as.sys.comcast.net [404] [GET] [text/html] [] [nginx/1.12.0] [Nginx,RackCache,Ruby] [af178885fe3c9b319b47805df7830760]
https://proxy-wdp-as.sys.comcast.net:8443 [404] [GET] [text/html] [404 Not Found] [nginx/1.12.0] [Nginx] [a423aa107b27c08420c42dc46cfd768f]
https://spacaptive-as-a1p.sys.comcast.net [302] [GET] [] [] [] [vhost] [d41d8cd98f00b204e9800998ecf8427e]
https://spacaptive-ch2-a1p.sys.comcast.net [302] [GET] [] [] [] [vhost] [d41d8cd98f00b204e9800998ecf8427e]
https://streamacs-ch2-e02p.sys.comcast.net [302] [GET] [text/html] [] [nginx/1.19.6] [Nginx,PHP] [d41d8cd98f00b204e9800998ecf8427e]
https://upload-beta-cvr-aws-eu1.sys.comcast.net [200] [GET] [application/json] [] [] [442c0144e88b75f761ae08529d8493a3]
https://upload-cvr-aws-eu1.sys.comcast.net [200] [GET] [application/json] [] [] [f609fb31c9d85f379dc82918af3fc4b1]
https://upload-qa-cvr-aws-eu1.sys.comcast.net [200] [GET] [application/json] [] [] [5ca686cb1510e2625f441f0f992216a4]
https://vodfp-cmc-a1p.sys.comcast.net [302] [GET] [text/html] [302 Found] [Apache] [vhost] [Apache] [02f2a47916a01d42961087ada803729a]
https://vodfp-cmc-a2p.sys.comcast.net [302] [GET] [text/html] [302 Found] [Apache] [vhost] [Apache] [a71f8363a24e8fb9d712c7f562e1c57b]
https://vodfp-cmc-b1p.sys.comcast.net [302] [GET] [text/html] [302 Found] [Apache] [vhost] [Apache] [e338e4b92cc30b04fd2c0cde6486e41e]
https://vodfp-cmc-b2p.sys.comcast.net [302] [GET] [text/html] [302 Found] [Apache] [vhost] [Apache] [d2452de7b28a75698c79dbfc7f9c82b7]
https://wssapx-as-a1p.sys.comcast.net [404] [GET] [text/html] [] [nginx/1.12.0] [Nginx,RackCache,Ruby] [af178885fe3c9b319b47805df7830760]
https://wssapx-as-a1p.sys.comcast.net:8443 [404] [GET] [text/html] [404 Not Found] [nginx/1.12.0] [Nginx] [a423aa107b27c08420c42dc46cfd768f]
https://wssapx-as-a2p.sys.comcast.net [404] [GET] [text/html] [] [nginx/1.12.0] [Nginx,RackCache,Ruby] [af178885fe3c9b319b47805df7830760]
https://wssapx-as-a2p.sys.comcast.net:8443 [404] [GET] [text/html] [404 Not Found] [nginx/1.12.0] [Nginx] [a423aa107b27c08420c42dc46cfd768f]
https://wssapx-as-a2p.sys.comcast.net:9092 [401] [GET] [] [] [nginx/1.12.0] [Basic,Nginx] [d41d8cd98f00b204e9800998ecf8427e]
https://xfwdapi-ch2-web-vip.sys.comcast.net [403] [GET] [text/html] [403 Forbidden] [Apache] [Apache] [64e921d35db1d24f1c185fb4f66cedcf]
https://xfwdapi-po-web-vip.sys.comcast.net [403] [GET] [text/html] [403 Forbidden] [Apache] [Apache] [e67936db0ba03fb377404b38ab9be201]
https://xhswss-po-1s-vip.sys.comcast.net [403] [GET] [] [] [BigIP] [F5 BigIP] [b8805666555783f8b6321b698a43021b]
https://xhswss-wc-1s-vip.sys.comcast.net [403] [GET] [] [] [BigIP] [F5 BigIP] [b8805666555783f8b6321b698a43021b]
