http://acc-shop.eat.ch:2082 [301] [GET] [] [] [cloudflare] [cloudflare] [d41d8cd98f00b204e9800998ecf8427e]
http://acc-shop.eat.ch:2086 [301] [GET] [] [] [cloudflare] [cloudflare] [d41d8cd98f00b204e9800998ecf8427e]
http://acc-shop.eat.ch:2087 [400] [GET] [text/html] [400 The plain HTTP request was sent to HTTPS port] [cloudflare] [cloudflare] [cd58783500d7fa3c58f88eb0ba22f4f8]
http://acc-shop.eat.ch:8080 [301] [GET] [] [] [cloudflare] [cloudflare] [d41d8cd98f00b204e9800998ecf8427e]
http://staticaws.eat.ch [403] [GET] [text/html] [ERROR: The request could not be satisfied] [CloudFront] [cloudfront] [Amazon Cloudfront,Amazon Web Services] [42675cc1c36aa271a64b41ec293c223a]
https://ablink.emails.eat.ch [404] [GET] [text/html] [404 Not Found] [nginx] [vhost] [cloudfront] [Amazon Cloudfront,Amazon Web Services,Nginx] [8e325dc2fea7c8900fc6c4b8c6c394fe]
https://acc-shop.eat.ch [301] [GET] [text/html] [301 Moved Permanently] [cloudflare] [vhost] [cloudflare] [Cloudflare] [b4959f71f7e5e1342d8f01de594a15a3]
https://app-test.eat.ch [404] [GET] [text/plain] [] [awselb/2.0] [9e076f5885f5cc16a4b5aeb8de4adff5]
https://app.eat.ch [301] [GET] [text/html] [301 Moved Permanently] [awselb/2.0] [vhost] [4aa7a432bb447f094408f1bd6229c605]
https://app01.eat.ch [404] [GET] [text/plain] [] [awselb/2.0] [9e076f5885f5cc16a4b5aeb8de4adff5]
https://app02.eat.ch [404] [GET] [text/plain] [] [awselb/2.0] [9e076f5885f5cc16a4b5aeb8de4adff5]
https://beta-api.eat.ch [503] [GET] [text/html] [503 Service Temporarily Unavailable] [awselb/2.0] [vhost] [613f79233487af685baf4b32a2397ede]
https://beta-api.eat.ch [503] [GET] [text/html] [503 Service Temporarily Unavailable] [awselb/2.0] [vhost] [81df4d3863debf3eceb5cf84251fd472]
https://beta.eat.ch [301] [GET] [] [] [cloudflare] [vhost] [cloudflare] [d41d8cd98f00b204e9800998ecf8427e]
https://click.email.eat.ch [403] [GET] [text/html] [403 - Forbidden: Access is denied.] [] [vhost] [11ca4578cb026a23713aea6781b8ece3]
https://click.update.eat.ch [403] [GET] [text/html] [403 - Forbidden: Access is denied.] [] [11ca4578cb026a23713aea6781b8ece3]
https://cloud.update.eat.ch [403] [GET] [text/html] [403 - Forbidden: Access is denied.] [] [11ca4578cb026a23713aea6781b8ece3]
https://eat.ch [301] [GET] [text/html] [301 Moved Permanently] [openresty/1.19.9.1] [Nginx,OpenResty] [98e95079a309ba25c846078ccb7e7562]
https://html2pdf.eat.ch [403] [GET] [application/json] [] [] [vhost] [905b1fbb26e082557ff0b3b3553cda6c]
https://image.email.eat.ch [403] [GET] [text/html] [Access Denied] [AkamaiGHost] [vhost] [27a22ed35e39fbc2728a03f8516cb8dc]
https://image.email.eat.ch [403] [GET] [text/html] [Access Denied] [AkamaiGHost] [vhost] [404a1d61c0bea86b7c8e9fc4f3a40bb8]
https://image.update.eat.ch [403] [GET] [text/html] [Access Denied] [AkamaiGHost] [vhost] [87438654dbaf921ab38de2344322675c]
https://image.update.eat.ch [403] [GET] [text/html] [Access Denied] [AkamaiGHost] [vhost] [88191a826f01e55c092a3bd42f970457]
https://live-orders.eat.ch [200] [GET] [text/html] [Live Orders] [AmazonS3] [vhost] [cloudfront] [Amazon Cloudfront,Amazon S3,Amazon Web Services,Google Font API] [1caa5e547c5d454f3182ffdf7e5eea17]
https://m.eat.ch [301] [GET] [] [] [cloudflare] [vhost] [cloudflare] [d41d8cd98f00b204e9800998ecf8427e]
https://mobile.eat.ch [301] [GET] [] [] [cloudflare] [vhost] [cloudflare] [d41d8cd98f00b204e9800998ecf8427e]
https://notime.eat.ch [404] [GET] [text/plain] [] [awselb/2.0] [9e076f5885f5cc16a4b5aeb8de4adff5]
https://orders.eat.ch [301] [GET] [] [] [cloudflare] [vhost] [cloudflare] [d41d8cd98f00b204e9800998ecf8427e]
https://origin-api-new.eat.ch [404] [GET] [text/plain] [] [awselb/2.0] [9e076f5885f5cc16a4b5aeb8de4adff5]
https://origin-api.eat.ch [404] [GET] [text/plain] [] [awselb/2.0] [9e076f5885f5cc16a4b5aeb8de4adff5]
https://origin-contract.eat.ch [404] [GET] [text/plain] [] [awselb/2.0] [9e076f5885f5cc16a4b5aeb8de4adff5]
https://origin-delivery-tracker-api.eat.ch [404] [GET] [text/plain] [] [awselb/2.0] [9e076f5885f5cc16a4b5aeb8de4adff5]
https://origin-driver-api.eat.ch [404] [GET] [text/plain] [] [awselb/2.0] [9e076f5885f5cc16a4b5aeb8de4adff5]
https://origin-driver-wss.eat.ch [404] [GET] [text/plain] [] [awselb/2.0] [9e076f5885f5cc16a4b5aeb8de4adff5]
https://origin-driver.eat.ch [404] [GET] [text/plain] [] [awselb/2.0] [9e076f5885f5cc16a4b5aeb8de4adff5]
https://origin-partner.eat.ch [404] [GET] [text/plain] [] [awselb/2.0] [9e076f5885f5cc16a4b5aeb8de4adff5]
https://origin-pos-integration.eat.ch [404] [GET] [text/plain] [] [awselb/2.0] [9e076f5885f5cc16a4b5aeb8de4adff5]
https://origin-restaurants.eat.ch [404] [GET] [text/plain] [] [awselb/2.0] [9e076f5885f5cc16a4b5aeb8de4adff5]
https://origin-wss.eat.ch [404] [GET] [text/plain] [] [awselb/2.0] [9e076f5885f5cc16a4b5aeb8de4adff5]
https://origin-www.eat.ch [404] [GET] [text/plain] [] [awselb/2.0] [9e076f5885f5cc16a4b5aeb8de4adff5]
https://origin.eat.ch [301] [GET] [] [] [cloudflare] [vhost] [cloudflare] [d41d8cd98f00b204e9800998ecf8427e]
https://pages.email.eat.ch [403] [GET] [text/html] [403 - Forbidden: Access is denied.] [] [11ca4578cb026a23713aea6781b8ece3]
https://pages.update.eat.ch [403] [GET] [text/html] [403 - Forbidden: Access is denied.] [] [11ca4578cb026a23713aea6781b8ece3]
https://partner.eat.ch [403] [GET] [text/html] [] [] [vhost] [incapsula] [Imperva] [40147d96bb17d542d98beb12e0f01b6b]
https://partner.eat.ch [403] [GET] [text/html] [] [] [vhost] [incapsula] [Imperva] [ecd5a700338907802ab93262da9f1a00]
https://pos-integration.eat.ch [200] [GET] [application/json] [] [nginx/1.14.2] [vhost] [incapsula] [Imperva,Nginx] [3211ddf081eb85fc40d77dc7c993488c]
https://prometheus-k8s.eat.ch [404] [GET] [text/plain] [] [nginx/1.17.8] [Nginx] [efa6ba503d1db3c0aeb36d2dfe12081a]
https://prometheus.eat.ch [503] [GET] [text/html] [503 Service Temporarily Unavailable] [nginx/1.17.8] [vhost] [Nginx] [00d3fcfdc40e241a68e320d2fb081105]
https://prometheus.eat.ch [503] [GET] [text/html] [503 Service Temporarily Unavailable] [nginx/1.17.8] [vhost] [Nginx] [77b8df00324489cdf0ae139a8040dac1]
https://pub.email.eat.ch [403] [GET] [text/html] [403 - Forbidden: Access is denied.] [] [11ca4578cb026a23713aea6781b8ece3]
https://restaurant.eat.ch [301] [GET] [] [] [cloudflare] [vhost] [cloudflare] [d41d8cd98f00b204e9800998ecf8427e]
https://restaurants.eat.ch [301] [GET] [] [] [cloudflare] [vhost] [cloudflare] [d41d8cd98f00b204e9800998ecf8427e]
https://shop.eat.ch [301] [GET] [text/html] [301 Moved Permanently] [awselb/2.0] [vhost] [incapsula] [Imperva] [4aa7a432bb447f094408f1bd6229c605]
https://static.eat.ch [200] [GET] [application/xml] [] [AmazonS3] [vhost] [cloudfront] [Amazon Cloudfront,Amazon S3,Amazon Web Services] [8c4337e7355390a830abfd53fa3c2147]
https://subfolder-proxy-deals.eat.ch [301] [GET] [] [] [cloudflare] [vhost] [cloudflare] [d41d8cd98f00b204e9800998ecf8427e]
https://subfolder-proxy-foodwiki.eat.ch [301] [GET] [] [] [cloudflare] [vhost] [cloudflare] [d41d8cd98f00b204e9800998ecf8427e]
https://subfolder-proxy-lb.eat.ch [301] [GET] [] [] [cloudflare] [vhost] [cloudflare] [d41d8cd98f00b204e9800998ecf8427e]
https://subfolder-proxy-partnerblog.eat.ch [301] [GET] [] [] [cloudflare] [vhost] [cloudflare] [d41d8cd98f00b204e9800998ecf8427e]
https://subfolder-proxy-signup.eat.ch [301] [GET] [] [] [cloudflare] [vhost] [cloudflare] [d41d8cd98f00b204e9800998ecf8427e]
https://subfolder-proxy-takeawaypay.eat.ch [301] [GET] [] [] [cloudflare] [vhost] [cloudflare] [d41d8cd98f00b204e9800998ecf8427e]
https://test-shop.eat.ch [302] [GET] [text/html] [302 Found] [awselb/2.0] [vhost] [f366e0e18b589cb6f243bf43ce75e83c]
https://tv.eat.ch [301] [GET] [] [] [cloudflare] [vhost] [cloudflare] [d41d8cd98f00b204e9800998ecf8427e]
https://view.email.eat.ch [302] [GET] [text/html] [Object moved] [] [0b9ef0192b2022a0b94f012083714795]
https://view.update.eat.ch [302] [GET] [text/html] [Object moved] [] [0b9ef0192b2022a0b94f012083714795]
https://webservice.eat.ch [404] [GET] [text/plain] [] [awselb/2.0] [9e076f5885f5cc16a4b5aeb8de4adff5]
https://www.eat.ch [301] [GET] [] [] [cloudflare] [vhost] [cloudflare] [d41d8cd98f00b204e9800998ecf8427e]
