http://push.engadget.com [200] [GET] [text/html] [Welcome to nginx!] [openresty/1.11.2.2] [Nginx,OpenResty] [e3eb0a1df437f3f97a64aca5952c8ea0]
https://ampmetrics.engadget.com [404] [GET] [text/html] [Aol] [ATS] [Apache Traffic Server] [21d3af2daedaafd9c0c29c8f3f15c990]
https://ampmetrics.engadget.com [404] [GET] [text/html] [Aol] [ATS] [Apache Traffic Server] [7fe2c83f7a11e04345ea750c30761414]
https://api-staging.engadget.com [404] [GET] [application/json] [] [ATS] [vhost] [Apache Traffic Server,Envoy] [999b6b69e212dec6d3cb0da32deea3d7]
https://api.engadget.com [404] [GET] [application/json] [] [ATS] [vhost] [Apache Traffic Server,Envoy] [3015d3b4ae435ee0db72cb86594ef8e8]
https://api.login.engadget.com [404] [GET] [text/html] [Error 404 Not Found] [ATS] [vhost] [Apache Traffic Server] [8992b1cb579dbb8a0caf4ff15f1c97fb]
https://api.login.engadget.com [404] [GET] [text/html] [Error 404 Not Found] [ATS] [vhost] [Apache Traffic Server] [8a1dbc8620f22cb313701f0a7a82961a]
https://c.engadget.com [301] [GET] [text/html] [Yahoo] [ATS] [vhost] [Apache Traffic Server] [639ac631058ecd4893ed66a4f8aba0ab]
https://c.engadget.com [301] [GET] [text/html] [Yahoo] [ATS] [vhost] [Apache Traffic Server] [9f7e2d4f8be81189246265a6748c6cb5]
https://calendar.engadget.com [301] [GET] [text/html] [Yahoo] [ATS] [vhost] [Apache Traffic Server] [abdfb0f550ca584dccaf2fb7db180088]
https://calendar.engadget.com [301] [GET] [text/html] [Yahoo] [ATS] [vhost] [Apache Traffic Server] [d66e0a57834f7a324b215e2c71823007]
https://de.engadget.com [301] [GET] [text/html] [Document Has Moved] [ATS] [vhost] [Apache Traffic Server] [d0a5b8f62d83189620d19f93ba733694]
https://docs.engadget.com [301] [GET] [text/html] [Yahoo] [ATS] [vhost] [Apache Traffic Server] [c4bcaf4686341674abbcf071e7e1d980]
https://docs.engadget.com [301] [GET] [text/html] [Yahoo] [ATS] [vhost] [Apache Traffic Server] [fbf869f632765cc992c0b58eae0d54f6]
https://drive.engadget.com [301] [GET] [text/html] [Yahoo] [ATS] [vhost] [Apache Traffic Server] [5e99ddc322f047e0cd317e17c1942a57]
https://drive.engadget.com [301] [GET] [text/html] [Yahoo] [ATS] [vhost] [Apache Traffic Server] [ba04ef7695222fc3c3b4b1849637af70]
https://edit.engadget.com [302] [GET] [text/plain] [] [ATS] [vhost] [Apache Traffic Server,Envoy,Express,Node.js] [06ef6c5e0d4a5ed7cd8a73806ed9ada8]
https://edit.engadget.com [302] [GET] [text/plain] [] [ATS] [vhost] [Apache Traffic Server,Envoy,Express,Node.js] [22c3ff002fd340ad98e273cb811bdcf8]
https://engadget.com [301] [GET] [text/html] [Yahoo] [ATS] [vhost] [Apache Traffic Server] [4c677127cc33f8f1de51ebd07e885d7e]
https://engadget.com [301] [GET] [text/html] [Yahoo] [ATS] [vhost] [Apache Traffic Server] [83eefeca891c93b4b6f12219e2e850d7]
https://es.engadget.com [301] [GET] [text/html] [Document Has Moved] [ATS] [vhost] [Apache Traffic Server] [d0a5b8f62d83189620d19f93ba733694]
https://feeds.engadget.com [301] [GET] [text/html] [Yahoo] [ATS] [vhost] [Apache Traffic Server] [046f318da0d484c0a0ab622936b99b9d]
https://feeds.engadget.com [301] [GET] [text/html] [Yahoo] [ATS] [vhost] [Apache Traffic Server] [a036b2f9403385b01c1095020ccbb590]
https://go.engadget.com [301] [GET] [text/html] [Yahoo] [ATS] [vhost] [Apache Traffic Server] [6d89affb1d744ad76850b31965857928]
https://go.engadget.com [301] [GET] [text/html] [Yahoo] [ATS] [vhost] [Apache Traffic Server] [9e97d3a0d3ff4a5e931e3e0ff6a60f37]
https://groups.engadget.com [301] [GET] [text/html] [Yahoo] [ATS] [vhost] [Apache Traffic Server] [3df0a46c2abb7984bcb068d023408f39]
https://groups.engadget.com [301] [GET] [text/html] [Yahoo] [ATS] [vhost] [Apache Traffic Server] [db3e48a070711ca6dfe532bfbfb0b0b5]
https://guce.engadget.com [404] [GET] [text/html] [engadget] [guce] [6304fda41717ef6e34b8d6104e2581f4]
https://guce.engadget.com:4443 [404] [GET] [application/json] [] [guce] [b528230b3d55854845b988305f7f3b9f]
https://guce.login.engadget.com [404] [GET] [text/html] [engadget] [guce] [e0099fc55ac0ff3c257fc39a83835f74]
https://guce.login.engadget.com:4443 [404] [GET] [application/json] [] [guce] [b528230b3d55854845b988305f7f3b9f]
https://images.engadget.com [301] [GET] [text/html] [Yahoo] [ATS] [vhost] [Apache Traffic Server] [4030ea64c7653ed34f7b24fdb1a4bad7]
https://images.engadget.com [301] [GET] [text/html] [Yahoo] [ATS] [vhost] [Apache Traffic Server] [60dc12ffa4fefdb88dc2e4df828fc551]
https://info.engadget.com [301] [GET] [text/html] [Yahoo] [ATS] [vhost] [Apache Traffic Server] [c1f3eac7da5667b79345b3bb2352ec48]
https://info.engadget.com [301] [GET] [text/html] [Yahoo] [ATS] [vhost] [Apache Traffic Server] [fb8783e1302a9b737dade03fbc70d2a5]
https://insertcoin2.engadget.com [301] [GET] [text/html] [Yahoo] [ATS] [vhost] [Apache Traffic Server] [82d3f5535c34322adca9859026a7bdbd]
https://insertcoin2.engadget.com [301] [GET] [text/html] [Yahoo] [ATS] [vhost] [Apache Traffic Server] [e02e712e5a324123af4ed9a4c1c22787]
https://mail.engadget.com [301] [GET] [text/html] [Yahoo] [ATS] [vhost] [Apache Traffic Server] [806beb7d0b5137f1978edda0bf8aef88]
https://mail.engadget.com [301] [GET] [text/html] [Yahoo] [ATS] [vhost] [Apache Traffic Server] [bbfa887f4d92d2296b2c66e3744774b9]
https://newsletter.engadget.com [301] [GET] [text/html] [Yahoo] [ATS] [vhost] [Apache Traffic Server] [233a1a0d9ec845abdde7575458990e70]
https://newsletter.engadget.com [301] [GET] [text/html] [Yahoo] [ATS] [vhost] [Apache Traffic Server] [620866827b80c5eb8ebba6d6f307c8c1]
https://oidc.engadget.com [404] [GET] [application/json] [] [ATS] [Apache Traffic Server] [2e0f364cef7e93e58404283a5cde7fde]
https://product-api.engadget.com [301] [GET] [text/html] [Yahoo] [ATS] [vhost] [Apache Traffic Server] [1c9d7a3e9dcd3d6672f69b70672bb2b2]
https://product-api.engadget.com [301] [GET] [text/html] [Yahoo] [ATS] [vhost] [Apache Traffic Server] [e40d462fec8f38029cf7694a1c775fa5]
https://publicaccess.engadget.com [301] [GET] [text/html] [Yahoo] [ATS] [vhost] [Apache Traffic Server] [6478dc9b8db16bfd25f7a0309ced4e48]
https://publicaccess.engadget.com [301] [GET] [text/html] [Yahoo] [ATS] [vhost] [Apache Traffic Server] [73dd957c619397e8ccf6f4befaafad89]
https://s.newsletter.engadget.com [301] [GET] [text/html] [Yahoo] [ATS] [vhost] [Apache Traffic Server] [bc08acaf8deaa19dde9ddd98cd4e4fd6]
https://s.newsletter.engadget.com [301] [GET] [text/html] [Yahoo] [ATS] [vhost] [Apache Traffic Server] [e27418b7599103d1006cc40d9411dc86]
https://search.engadget.com [404] [GET] [text/html] [] [ATS] [vhost] [Apache Traffic Server] [86c5eda4e544d3117cfad8dcc298411b]
https://sites.engadget.com [301] [GET] [text/html] [Yahoo] [ATS] [vhost] [Apache Traffic Server] [5fea252d844e145d50ee7291169906b7]
https://sites.engadget.com [301] [GET] [text/html] [Yahoo] [ATS] [vhost] [Apache Traffic Server] [fdd45698745502ca0fd25ec6f8bc9519]
https://stage.api.login.engadget.com [404] [GET] [text/html] [Error 404 Not Found] [ATS] [vhost] [Apache Traffic Server] [0c523ee68f5ea51ea183e2b2e55d0cc0]
https://stage.api.login.engadget.com [404] [GET] [text/html] [Error 404 Not Found] [ATS] [vhost] [Apache Traffic Server] [87269ddc4b0f2068399390c19846f2e9]
https://stage.guce.engadget.com [404] [GET] [text/html] [engadget] [guce] [02f53a9e4a5f3bfccdfab203b203772a]
https://stage.guce.engadget.com:4443 [404] [GET] [application/json] [] [guce] [b528230b3d55854845b988305f7f3b9f]
https://stage.guce.login.engadget.com [404] [GET] [text/html] [engadget] [guce] [8e2520d29f1655118cb2a920a20cc032]
https://stage.guce.login.engadget.com:4443 [404] [GET] [application/json] [] [guce] [b528230b3d55854845b988305f7f3b9f]
https://stage.login.engadget.com [403] [GET] [text/plain] [] [ATS] [Apache Traffic Server] [722969577a96ca3953e84e3d949dee81]
https://stage.oidc.engadget.com [404] [GET] [application/json] [] [ATS] [Apache Traffic Server] [2e0f364cef7e93e58404283a5cde7fde]
https://trunk.guce.engadget.com [404] [GET] [text/html] [engadget] [guce] [1c7083798376f228d777fd715e5d03ec]
https://trunk.guce.engadget.com:4443 [404] [GET] [application/json] [] [guce] [b528230b3d55854845b988305f7f3b9f]
https://trunk.guce.login.engadget.com [404] [GET] [text/html] [engadget] [guce] [c2c71f8189dc78e6b8ccbe61b8ac29ae]
https://trunk.guce.login.engadget.com:4443 [404] [GET] [application/json] [] [guce] [b528230b3d55854845b988305f7f3b9f]
https://www.engadget.com [200] [GET] [text/html] [Engadget | Technology News & Reviews] [ATS] [vhost] [Apache Traffic Server,Envoy] [67b9a7b363567473b369172c368e388e]
https://www.engadget.com [200] [GET] [text/html] [Engadget | Technology News & Reviews] [ATS] [vhost] [Apache Traffic Server,Envoy] [e1bdbde304fa6d5b974ca056b96676cf]
