http://acc-launcher-public-service-prod06.ol.epicgames.com [403] [GET] [text/html] [ERROR: The request could not be satisfied] [CloudFront] [cloudfront] [Amazon Cloudfront,Amazon Web Services] [4d292dbfc3328a094a49db1d09301375]
http://caldera-service-prod.ecosec.on.epicgames.com:2082 [301] [GET] [] [] [cloudflare] [vhost] [cloudflare] [Cloudflare,Cloudflare Bot Management] [d41d8cd98f00b204e9800998ecf8427e]
http://caldera-service-prod.ecosec.on.epicgames.com:2086 [301] [GET] [] [] [cloudflare] [vhost] [cloudflare] [Cloudflare,Cloudflare Bot Management] [d41d8cd98f00b204e9800998ecf8427e]
http://caldera-service-prod.ecosec.on.epicgames.com:8080 [301] [GET] [] [] [cloudflare] [vhost] [cloudflare] [Cloudflare,Cloudflare Bot Management] [d41d8cd98f00b204e9800998ecf8427e]
http://caldera-service-prod.ecosec.on.epicgames.com:8880 [301] [GET] [] [] [cloudflare] [vhost] [cloudflare] [Cloudflare,Cloudflare Bot Management] [d41d8cd98f00b204e9800998ecf8427e]
http://calendar.epicgames.com [302] [GET] [text/html] [302 Moved] [ghs] [vhost] [10f5c0fbb07e7163c286498021177594]
http://cdn4.epicgames.com [403] [GET] [text/html] [ERROR: The request could not be satisfied] [CloudFront] [cloudfront] [Amazon Cloudfront,Amazon Web Services] [9e9a471cd2e0e6c1c15671c6bed05620]
http://docs.epicgames.com [302] [GET] [text/html] [302 Moved] [ghs] [vhost] [24319cf584006e3cfe1557cb078ca892]
http://engineering.epicgames.com:2052 [301] [GET] [] [] [cloudflare] [vhost] [cloudflare] [d41d8cd98f00b204e9800998ecf8427e]
http://engineering.epicgames.com:2082 [301] [GET] [] [] [cloudflare] [vhost] [cloudflare] [d41d8cd98f00b204e9800998ecf8427e]
http://engineering.epicgames.com:2083 [400] [GET] [text/html] [400 The plain HTTP request was sent to HTTPS port] [cloudflare] [cloudflare] [cd58783500d7fa3c58f88eb0ba22f4f8]
http://engineering.epicgames.com:2087 [400] [GET] [text/html] [400 The plain HTTP request was sent to HTTPS port] [cloudflare] [cloudflare] [cd58783500d7fa3c58f88eb0ba22f4f8]
http://engineering.epicgames.com:2096 [400] [GET] [text/html] [400 The plain HTTP request was sent to HTTPS port] [cloudflare] [cloudflare] [20ad84d030031252141ca0b3fc0183f0]
http://engineering.epicgames.com:8080 [301] [GET] [] [] [cloudflare] [vhost] [cloudflare] [d41d8cd98f00b204e9800998ecf8427e]
http://engineering.epicgames.com:8443 [400] [GET] [text/html] [400 The plain HTTP request was sent to HTTPS port] [cloudflare] [cloudflare] [cd58783500d7fa3c58f88eb0ba22f4f8]
http://engineering.epicgames.com:8880 [301] [GET] [] [] [cloudflare] [vhost] [cloudflare] [d41d8cd98f00b204e9800998ecf8427e]
http://epic-achievements-gamedev-assets.epicgames.com [403] [GET] [text/html] [ERROR: The request could not be satisfied] [CloudFront] [cloudfront] [Amazon Cloudfront,Amazon Web Services] [4dc1aa86db37aa70d6038b4dfced9063]
http://epicgames-stage.ol.epicgames.com [302] [GET] [text/html] [302 Found] [awselb/2.0] [f366e0e18b589cb6f243bf43ce75e83c]
http://grpc.dev.qstv.on.epicgames.com [404] [GET] [] [] [envoy] [Envoy] [d41d8cd98f00b204e9800998ecf8427e]
http://hcaptcha-api.ecosec.on.epicgames.com:2082 [301] [GET] [] [] [cloudflare] [vhost] [cloudflare] [Cloudflare,Cloudflare Bot Management] [d41d8cd98f00b204e9800998ecf8427e]
http://hcaptcha-api.ecosec.on.epicgames.com:2086 [301] [GET] [] [] [cloudflare] [vhost] [cloudflare] [Cloudflare,Cloudflare Bot Management] [d41d8cd98f00b204e9800998ecf8427e]
http://hcaptcha-api.ecosec.on.epicgames.com:8080 [301] [GET] [] [] [cloudflare] [vhost] [cloudflare] [Cloudflare,Cloudflare Bot Management] [d41d8cd98f00b204e9800998ecf8427e]
http://hcaptcha-api.ecosec.on.epicgames.com:8880 [301] [GET] [] [] [cloudflare] [vhost] [cloudflare] [Cloudflare,Cloudflare Bot Management] [d41d8cd98f00b204e9800998ecf8427e]
http://hcaptcha-assets.ecosec.on.epicgames.com:2082 [200] [GET] [text/html] [] [cloudflare] [vhost] [cloudflare] [Amazon Cloudfront,Amazon Web Services,Cloudflare,Cloudflare Bot Management] [0377438312a93cf85307e3fa0fe437cf]
http://hcaptcha-assets.ecosec.on.epicgames.com:2086 [200] [GET] [text/html] [] [cloudflare] [vhost] [cloudflare] [Amazon Cloudfront,Amazon Web Services,Cloudflare,Cloudflare Bot Management] [0377438312a93cf85307e3fa0fe437cf]
http://hcaptcha-assets.ecosec.on.epicgames.com:2095 [200] [GET] [text/html] [] [cloudflare] [vhost] [cloudflare] [Amazon Cloudfront,Amazon Web Services,Cloudflare,Cloudflare Bot Management] [0377438312a93cf85307e3fa0fe437cf]
http://hcaptcha-assets.ecosec.on.epicgames.com:8080 [200] [GET] [text/html] [] [cloudflare] [vhost] [cloudflare] [Amazon Cloudfront,Amazon Web Services,Cloudflare,Cloudflare Bot Management] [0377438312a93cf85307e3fa0fe437cf]
http://hcaptcha-assets.ecosec.on.epicgames.com:8880 [200] [GET] [text/html] [] [cloudflare] [vhost] [cloudflare] [Amazon Cloudfront,Amazon Web Services,Cloudflare,Cloudflare Bot Management] [0377438312a93cf85307e3fa0fe437cf]
http://hcaptcha-endpoint.ecosec.on.epicgames.com:2082 [301] [GET] [] [] [cloudflare] [vhost] [cloudflare] [Cloudflare,Cloudflare Bot Management] [d41d8cd98f00b204e9800998ecf8427e]
http://hcaptcha-endpoint.ecosec.on.epicgames.com:2086 [301] [GET] [] [] [cloudflare] [vhost] [cloudflare] [Cloudflare,Cloudflare Bot Management] [d41d8cd98f00b204e9800998ecf8427e]
http://hcaptcha-endpoint.ecosec.on.epicgames.com:8080 [301] [GET] [] [] [cloudflare] [vhost] [cloudflare] [Cloudflare,Cloudflare Bot Management] [d41d8cd98f00b204e9800998ecf8427e]
http://hcaptcha-endpoint.ecosec.on.epicgames.com:8880 [301] [GET] [] [] [cloudflare] [vhost] [cloudflare] [Cloudflare,Cloudflare Bot Management] [d41d8cd98f00b204e9800998ecf8427e]
http://hcaptcha-imgs.ecosec.on.epicgames.com:2082 [301] [GET] [] [] [cloudflare] [vhost] [cloudflare] [Cloudflare,Cloudflare Bot Management] [d41d8cd98f00b204e9800998ecf8427e]
http://hcaptcha-imgs.ecosec.on.epicgames.com:2086 [301] [GET] [] [] [cloudflare] [vhost] [cloudflare] [Cloudflare,Cloudflare Bot Management] [d41d8cd98f00b204e9800998ecf8427e]
http://hcaptcha-imgs.ecosec.on.epicgames.com:8080 [301] [GET] [] [] [cloudflare] [vhost] [cloudflare] [Cloudflare,Cloudflare Bot Management] [d41d8cd98f00b204e9800998ecf8427e]
http://hcaptcha-imgs.ecosec.on.epicgames.com:8880 [301] [GET] [] [] [cloudflare] [vhost] [cloudflare] [Cloudflare,Cloudflare Bot Management] [d41d8cd98f00b204e9800998ecf8427e]
http://hcaptcha-js.ecosec.on.epicgames.com:2082 [301] [GET] [] [] [cloudflare] [vhost] [cloudflare] [Cloudflare,Cloudflare Bot Management] [d41d8cd98f00b204e9800998ecf8427e]
http://hcaptcha-js.ecosec.on.epicgames.com:2086 [301] [GET] [] [] [cloudflare] [vhost] [cloudflare] [Cloudflare,Cloudflare Bot Management] [d41d8cd98f00b204e9800998ecf8427e]
http://hcaptcha-js.ecosec.on.epicgames.com:8080 [301] [GET] [] [] [cloudflare] [vhost] [cloudflare] [Cloudflare,Cloudflare Bot Management] [d41d8cd98f00b204e9800998ecf8427e]
http://hcaptcha-js.ecosec.on.epicgames.com:8880 [301] [GET] [] [] [cloudflare] [vhost] [cloudflare] [Cloudflare,Cloudflare Bot Management] [d41d8cd98f00b204e9800998ecf8427e]
http://hcaptcha-reportapi.ecosec.on.epicgames.com:2082 [301] [GET] [] [] [cloudflare] [vhost] [cloudflare] [Cloudflare,Cloudflare Bot Management] [d41d8cd98f00b204e9800998ecf8427e]
http://hcaptcha-reportapi.ecosec.on.epicgames.com:2086 [301] [GET] [] [] [cloudflare] [vhost] [cloudflare] [Cloudflare,Cloudflare Bot Management] [d41d8cd98f00b204e9800998ecf8427e]
http://hcaptcha-reportapi.ecosec.on.epicgames.com:8080 [403] [GET] [text/html] [Attention Required! | Cloudflare] [cloudflare] [cloudflare] [Cloudflare,Cloudflare Bot Management] [01da3b34d883989ef98712f7c628c719]
http://hcaptcha-reportapi.ecosec.on.epicgames.com:8880 [301] [GET] [] [] [cloudflare] [vhost] [cloudflare] [Cloudflare,Cloudflare Bot Management] [d41d8cd98f00b204e9800998ecf8427e]
http://sites.epicgames.com [302] [GET] [text/html] [302 Moved] [ghs] [vhost] [11074a5b58a141007c731c761c0ef109]
http://talon-service-prod.ecosec.on.epicgames.com:2082 [301] [GET] [] [] [cloudflare] [vhost] [cloudflare] [Cloudflare,Cloudflare Bot Management] [d41d8cd98f00b204e9800998ecf8427e]
http://talon-service-prod.ecosec.on.epicgames.com:2086 [301] [GET] [] [] [cloudflare] [vhost] [cloudflare] [Cloudflare,Cloudflare Bot Management] [d41d8cd98f00b204e9800998ecf8427e]
http://talon-service-prod.ecosec.on.epicgames.com:8080 [301] [GET] [] [] [cloudflare] [vhost] [cloudflare] [Cloudflare,Cloudflare Bot Management] [d41d8cd98f00b204e9800998ecf8427e]
http://talon-service-prod.ecosec.on.epicgames.com:8880 [403] [GET] [text/html] [Attention Required! | Cloudflare] [cloudflare] [cloudflare] [Cloudflare,Cloudflare Bot Management] [97f5d475388a827c4a82bfcd4018f6ab]
http://talon-website-prod.ecosec.on.epicgames.com:2082 [301] [GET] [] [] [cloudflare] [vhost] [cloudflare] [Cloudflare,Cloudflare Bot Management] [d41d8cd98f00b204e9800998ecf8427e]
http://talon-website-prod.ecosec.on.epicgames.com:2086 [301] [GET] [] [] [cloudflare] [vhost] [cloudflare] [Cloudflare,Cloudflare Bot Management] [d41d8cd98f00b204e9800998ecf8427e]
http://talon-website-prod.ecosec.on.epicgames.com:8080 [301] [GET] [] [] [cloudflare] [vhost] [cloudflare] [Cloudflare,Cloudflare Bot Management] [d41d8cd98f00b204e9800998ecf8427e]
http://talon-website-prod.ecosec.on.epicgames.com:8880 [301] [GET] [] [] [cloudflare] [vhost] [cloudflare] [Cloudflare,Cloudflare Bot Management] [d41d8cd98f00b204e9800998ecf8427e]
http://vfxfellowship.epicgames.com:8080 [404] [GET] [text/html] [404 Not Found] [] [2e9281cb1598565605593d28a5efa3bb]
http://weighted-zh-accounts.epicgames.com:8000 [400] [GET] [text/html] [Client Bad Request] [TencentWAF] [vhost] [7b4a83bd9c0122edff6f726a40ceccdf]
http://weighted-zh-accounts.epicgames.com:8080 [400] [GET] [text/html] [Client Bad Request] [TencentWAF] [7b4a83bd9c0122edff6f726a40ceccdf]
http://weighted-zh-graphql.epicgames.com:8000 [400] [GET] [text/html] [Client Bad Request] [TencentWAF] [vhost] [7b4a83bd9c0122edff6f726a40ceccdf]
http://weighted-zh-graphql.epicgames.com:8080 [400] [GET] [text/html] [Client Bad Request] [TencentWAF] [vhost] [7b4a83bd9c0122edff6f726a40ceccdf]
http://weighted-zh-store.epicgames.com:8000 [400] [GET] [text/html] [Client Bad Request] [TencentWAF] [vhost] [7b4a83bd9c0122edff6f726a40ceccdf]
http://weighted-zh-store.epicgames.com:8080 [400] [GET] [text/html] [Client Bad Request] [TencentWAF] [7b4a83bd9c0122edff6f726a40ceccdf]
https://account-public-service-prod-m.ol.epicgames.com [404] [GET] [text/html] [Error 404] [] [3bffaea7e3f9b876d1c619809f13eec6]
https://account-public-service-prod.ak.epicgames.com [404] [GET] [application/octet-stream] [] [] [7215ee9c7d9dc229d2921a40e899ec5f]
https://account-public-service-prod.ol.epicgames.com [404] [GET] [text/html] [Error 404] [] [3bffaea7e3f9b876d1c619809f13eec6]
https://account-public-service-prod03.ol.epicgames.com [404] [GET] [text/html] [Error 404] [] [3bffaea7e3f9b876d1c619809f13eec6]
https://accounthelp.epicgames.com [302] [GET] [text/html] [302 Found] [] [vhost] [cfbeaf604823f038b8b46f0ac862b98c]
https://accountportal-website-prod07.ol.epicgames.com [302] [GET] [] [] [] [vhost] [Amazon ELB,Amazon Web Services] [d41d8cd98f00b204e9800998ecf8427e]
https://accounts.epicgames-stage.ol.epicgames.com [302] [GET] [] [] [] [d41d8cd98f00b204e9800998ecf8427e]
https://accounts.epicgames.com [302] [GET] [] [] [] [d41d8cd98f00b204e9800998ecf8427e]
https://accounts.launcher-website-prod07.ol.epicgames.com [302] [GET] [] [] [] [d41d8cd98f00b204e9800998ecf8427e]
https://accts.epicgames.com [400] [GET] [text/plain] [] [] [18d8042386b79e2c279fd162df0205c8]
https://affiliate-public-service-prod.ol.epicgames.com [404] [GET] [text/html] [Error 404] [] [3bffaea7e3f9b876d1c619809f13eec6]
https://aop-configs.beef.live.use1a.on.epicgames.com [403] [GET] [text/html] [ERROR: The request could not be satisfied] [CloudFront] [cloudfront] [Amazon Cloudfront,Amazon Web Services] [1454ab26f35493d1292c833ce8f0dbdc]
https://aop-configs.beef.live.use1a.on.epicgames.com [403] [GET] [text/html] [ERROR: The request could not be satisfied] [CloudFront] [cloudfront] [Amazon Cloudfront,Amazon Web Services] [6e88f3384f7f2dfa5f528c1cf7b5cf63]
https://apacudn.epicgames.com [301] [GET] [text/html] [301 Moved Permanently] [] [cd2e0e43980a00fb6a2742d3afd803b8]
https://api.lt.qstv.on.epicgames.com [404] [GET] [text/plain] [] [awselb/2.0] [d41d8cd98f00b204e9800998ecf8427e]
https://app.epicgames-prod.ol.epicgames.com [503] [GET] [text/html] [503 Service Temporarily Unavailable] [awselb/2.0] [613f79233487af685baf4b32a2397ede]
https://app.epicgames-prod.ol.epicgames.com [503] [GET] [text/html] [503 Service Temporarily Unavailable] [awselb/2.0] [81df4d3863debf3eceb5cf84251fd472]
https://app.epicgames.com [503] [GET] [text/html] [503 Service Temporarily Unavailable] [awselb/2.0] [613f79233487af685baf4b32a2397ede]
https://app.epicgames.com [503] [GET] [text/html] [503 Service Temporarily Unavailable] [awselb/2.0] [81df4d3863debf3eceb5cf84251fd472]
https://approval-bot-3.eut.it.epicgames.com [400] [GET] [text/html] [400 No required SSL certificate was sent] [nginx/1.14.0 (Ubuntu)] [Nginx,Ubuntu] [ee4d8a92014a00389dfd284ec2feb5f3]
https://approval-bot.eut.it.epicgames.com [400] [GET] [text/html] [400 No required SSL certificate was sent] [nginx/1.14.0 (Ubuntu)] [Nginx,Ubuntu] [ee4d8a92014a00389dfd284ec2feb5f3]
https://approval-bot.it-entapps-dev.epicgames.com [400] [GET] [text/html] [400 No required SSL certificate was sent] [nginx/1.14.0 (Ubuntu)] [Nginx,Ubuntu] [ee4d8a92014a00389dfd284ec2feb5f3]
https://approval-bot.it.epicgames.com [400] [GET] [text/html] [400 No required SSL certificate was sent] [nginx/1.14.0 (Ubuntu)] [Nginx,Ubuntu] [e5a802bdce7391511909e31282d932b1]
https://approval-bot.stage.it.epicgames.com [400] [GET] [text/html] [400 No required SSL certificate was sent] [nginx/1.14.0 (Ubuntu)] [Nginx,Ubuntu] [e5a802bdce7391511909e31282d932b1]
https://auth-api-prod.artpipeline-dev.it.epicgames.com [403] [GET] [application/json] [] [] [vhost] [cloudfront] [Amazon Cloudfront,Amazon Web Services] [bc45704aad57d445b6dfa58b101071e3]
https://auth-api.artpipeline-dev.it.epicgames.com [403] [GET] [application/json] [] [] [vhost] [cloudfront] [Amazon Cloudfront,Amazon Web Services] [bc45704aad57d445b6dfa58b101071e3]
https://battlebreakers-live-cdn.ol.epicgames.com [403] [GET] [application/xml] [] [AmazonS3] [vhost] [cloudfront] [Amazon Cloudfront,Amazon S3,Amazon Web Services] [5017478f5c57b2f9f837810a7243e443]
https://battlebreakers-live-cdn.ol.epicgames.com [403] [GET] [application/xml] [] [AmazonS3] [vhost] [cloudfront] [Amazon Cloudfront,Amazon S3,Amazon Web Services] [db2aaabae7690c6964899ff6e873dbbf]
https://battlebreakershelp.epicgames.com [302] [GET] [text/html] [302 Found] [] [vhost] [cfbeaf604823f038b8b46f0ac862b98c]
https://bpt-rc.dev.epicgames.com [200] [GET] [text/html] [Build Patch Tool] [AmazonS3] [vhost] [cloudfront] [Amazon Cloudfront,Amazon S3,Amazon Web Services] [c2984059171c35d8e6e8cac28e7bb5fe]
https://bpt.dev.epicgames.com [200] [GET] [text/html] [Build Patch Tool] [AmazonS3] [vhost] [cloudfront] [Amazon Cloudfront,Amazon S3,Amazon Web Services] [9ff2fc0e34dbde028f82f56492567f2d]
https://brand.epicgames.com [302] [GET] [text/html] [] [frontify] [vhost] [Amazon ALB,Amazon Web Services,PHP,Sqreen] [d41d8cd98f00b204e9800998ecf8427e]
https://caldera-service-prod.ecosec.on.epicgames.com [200] [GET] [text/plain] [] [cloudflare] [vhost] [cloudflare] [Cloudflare,Cloudflare Bot Management] [2ebdd76959713aea579e217ac935a3d6]
https://caldera-service-prod.ecosec.on.epicgames.com:2053 [521] [GET] [] [] [cloudflare] [vhost] [cloudflare] [Cloudflare,Cloudflare Bot Management] [d41d8cd98f00b204e9800998ecf8427e]
https://caldera-service-prod.ecosec.on.epicgames.com:2083 [521] [GET] [] [] [cloudflare] [vhost] [cloudflare] [Cloudflare,Cloudflare Bot Management] [d41d8cd98f00b204e9800998ecf8427e]
https://caldera-service-prod.ecosec.on.epicgames.com:2087 [521] [GET] [] [] [cloudflare] [vhost] [cloudflare] [Cloudflare,Cloudflare Bot Management] [d41d8cd98f00b204e9800998ecf8427e]
https://caldera-service-prod.ecosec.on.epicgames.com:8443 [521] [GET] [] [] [cloudflare] [vhost] [cloudflare] [Cloudflare,Cloudflare Bot Management] [d41d8cd98f00b204e9800998ecf8427e]
https://careers.epicgames.com [301] [GET] [text/html] [301 Moved Permanently] [] [cd2e0e43980a00fb6a2742d3afd803b8]
https://catalog-public-service-prod-m.ol.epicgames.com [404] [GET] [application/octet-stream] [] [] [7215ee9c7d9dc229d2921a40e899ec5f]
https://catalog-public-service-prod.ak.epicgames.com [404] [GET] [application/octet-stream] [] [] [7215ee9c7d9dc229d2921a40e899ec5f]
https://catalog-public-service-prod06.ol.epicgames.com [404] [GET] [application/octet-stream] [] [] [7215ee9c7d9dc229d2921a40e899ec5f]
https://cdn-0001.qstv.on.epicgames.com [403] [GET] [application/xml] [] [AmazonS3] [vhost] [cloudfront] [Amazon Cloudfront,Amazon S3,Amazon Web Services] [b26f50945df39fef4f415792b703bd0d]
https://cdn-0001.qstv.on.epicgames.com [403] [GET] [application/xml] [] [AmazonS3] [vhost] [cloudfront] [Amazon Cloudfront,Amazon S3,Amazon Web Services] [cd4e6afbeec201392ae5d5fadbc20e87]
https://cdn-dev.prm.ol.epicgames.com [403] [GET] [application/xml] [] [AmazonS3] [vhost] [Amazon S3,Amazon Web Services] [47d5669a71c46a8734a2bbab54243631]
https://cdn-dev.prm.ol.epicgames.com [403] [GET] [application/xml] [] [AmazonS3] [vhost] [Amazon S3,Amazon Web Services] [868564baba310993cc333f72ef9dc804]
https://cdn-live.prm.ol.epicgames.com [403] [GET] [application/xml] [] [AmazonS3] [vhost] [Amazon S3,Amazon Web Services] [827ef6bcddd9e5a57817d5be531b153d]
https://cdn-live.prm.ol.epicgames.com [403] [GET] [application/xml] [] [AmazonS3] [vhost] [Amazon S3,Amazon Web Services] [dde219dd1f70589da575ed2e1a6b8f5f]
https://cdn.prm.epicgames.com [403] [GET] [application/xml] [] [AmazonS3] [vhost] [Amazon S3,Amazon Web Services] [13056057c4804db2ab8d3f14b32eada8]
https://cdn.prm.epicgames.com [403] [GET] [application/xml] [] [AmazonS3] [vhost] [Amazon S3,Amazon Web Services] [42fb56f263f61f437de420ddacf8ace3]
https://cdn1-dest.epicgames.com [400] [GET] [text/html] [Invalid URL] [AkamaiGHost] [cb605dc076aa9130348d711ab1e81614]
https://cdn1-dest.epicgames.com [400] [GET] [text/html] [Invalid URL] [AkamaiGHost] [d0d95872ed42af8095e8470bcecdde7c]
https://cdn1.epicgames.com [403] [GET] [application/xml] [] [AmazonS3] [vhost] [Amazon Cloudfront,Amazon S3,Amazon Web Services] [3fa0613cfd3d67c0027bda7e0c71cd24]
https://cdn1.epicgames.com [403] [GET] [application/xml] [] [AmazonS3] [vhost] [Amazon Cloudfront,Amazon S3,Amazon Web Services] [a2a86826a3190bf6197c3833f1922126]
https://cdn2.epicgames.com [403] [GET] [application/xml] [] [AmazonS3] [vhost] [Amazon Cloudfront,Amazon S3,Amazon Web Services] [3909e9b19df2facf80e3de96df8405eb]
https://cdn2.epicgames.com [403] [GET] [application/xml] [] [AmazonS3] [vhost] [Amazon Cloudfront,Amazon S3,Amazon Web Services] [6a83252e48e355b9c93a75060a1dc221]
https://china-cdn1.epicgames.com [400] [GET] [text/html] [400 Bad Request] [openresty/1.13.6.1] [Nginx,OpenResty] [46e1fa05858a91be40723185293ae00a]
https://china-cdn1.epicgames.com [400] [GET] [text/html] [400 Bad Request] [openresty/1.13.6.1] [Nginx,OpenResty] [c1e3c771bcce6b1c3be9927a08c6f448]
https://china-media-cdn.epicgames.com [400] [GET] [text/html] [400 Bad Request] [openresty/1.13.6.1] [Nginx,OpenResty] [c1e3c771bcce6b1c3be9927a08c6f448]
https://china-static-assets-prod.epicgames.com [400] [GET] [text/html] [400 Bad Request] [openresty/1.13.6.1] [Nginx,OpenResty] [46e1fa05858a91be40723185293ae00a]
https://china-static-assets-prod.epicgames.com [400] [GET] [text/html] [400 Bad Request] [openresty/1.13.6.1] [Nginx,OpenResty] [c1e3c771bcce6b1c3be9927a08c6f448]
https://click.news.epicgames.com [403] [GET] [text/html] [403 - Forbidden: Access is denied.] [] [11ca4578cb026a23713aea6781b8ece3]
https://coderedemption-public-service-prod-origin.ak.epicgames.com [404] [GET] [text/html] [Error 404] [] [3bffaea7e3f9b876d1c619809f13eec6]
https://coderedemption-public-service-prod.ol.epicgames.com [404] [GET] [text/html] [Error 404] [] [3bffaea7e3f9b876d1c619809f13eec6]
https://communications-service-prod06.ol.epicgames.com [404] [GET] [application/json] [] [] [1bf547acfd42287b4e7ff8e28fc179e8]
https://connect.ol.epicgames.com [404] [GET] [] [] [] [vhost] [d41d8cd98f00b204e9800998ecf8427e]
https://cooked-content-gamedev-cdn.epicgames.com [403] [GET] [application/xml] [] [AmazonS3] [vhost] [cloudfront] [Amazon Cloudfront,Amazon S3,Amazon Web Services] [117f0799c5390ca0591a3189d69d0645]
https://cooked-content-gamedev-cdn.epicgames.com [403] [GET] [application/xml] [] [AmazonS3] [vhost] [cloudfront] [Amazon Cloudfront,Amazon S3,Amazon Web Services] [714b55b7cb57658927809f95e042f3a4]
https://cooked-content-live-cdn.epicgames.com [403] [GET] [application/xml] [] [AmazonS3] [vhost] [cloudfront] [Amazon Cloudfront,Amazon S3,Amazon Web Services] [0905758a1bb2c8ded02a1d58d48223b9]
https://cooked-content-live-cdn.epicgames.com [403] [GET] [application/xml] [] [AmazonS3] [vhost] [cloudfront] [Amazon Cloudfront,Amazon S3,Amazon Web Services] [8a24e35811a4e8ffd93d59d4ccb0e146]
https://create-epic-kitt-react.fnsocial.on.epicgames.com [403] [GET] [text/html] [ERROR: The request could not be satisfied] [CloudFront] [cloudfront] [Amazon Cloudfront,Amazon Web Services] [3239895d5b181e8a6e5168db4104e0fd]
https://create-epic-kitt-react.fnsocial.on.epicgames.com [403] [GET] [text/html] [ERROR: The request could not be satisfied] [CloudFront] [cloudfront] [Amazon Cloudfront,Amazon Web Services] [9da918508e984fe715f5484eb880c69b]
https://data-asset-directory-public-service-prod.ol.epicgames.com [404] [GET] [application/json] [] [] [ae132b9a0e8f87fdb0ccc3aeb54df59d]
https://data-asset-directory-public-service-stage.ol.epicgames.com [404] [GET] [application/json] [] [] [ae132b9a0e8f87fdb0ccc3aeb54df59d]
https://datarouter-mobile.ol.epicgames.com [404] [GET] [application/json] [] [] [f1937d7f72c255461592d5c89c81395e]
https://datarouter-prod.ak.epicgames.com [404] [GET] [application/json] [] [] [f1937d7f72c255461592d5c89c81395e]
https://datarouter-public-service-prod06.ol.epicgames.com [404] [GET] [application/json] [] [] [f1937d7f72c255461592d5c89c81395e]
https://datarouter-weighted.ol.epicgames.com [404] [GET] [application/json] [] [] [f1937d7f72c255461592d5c89c81395e]
https://datarouter.ol.epicgames.com [404] [GET] [application/json] [] [] [f1937d7f72c255461592d5c89c81395e]
https://datastorage-public-service-live.ol.epicgames.com [404] [GET] [application/json] [] [] [ae132b9a0e8f87fdb0ccc3aeb54df59d]
https://datastorage-public-service-liveegs.live.use1a.on.epicgames.com [404] [GET] [application/json] [] [] [vhost] [ae132b9a0e8f87fdb0ccc3aeb54df59d]
https://datastorage-public-service-liveeos.ol.epicgames.com [503] [GET] [text/html] [503 Service Temporarily Unavailable] [awselb/2.0] [613f79233487af685baf4b32a2397ede]
https://datastorage-public-service-prod.ol.epicgames.com [404] [GET] [application/json] [] [] [vhost] [ae132b9a0e8f87fdb0ccc3aeb54df59d]
https://detroitlabs.epicgames.com [200] [GET] [text/html] [Surreal] [nginx/1.18.0] [Express,Nginx,Node.js] [64d47a623f3a1e6c196daeb0358f3a41]
https://dev-config-querier.infosec.on.epicgames.com [403] [GET] [application/json] [] [] [vhost] [905b1fbb26e082557ff0b3b3553cda6c]
https://dev.epicgames.com [302] [GET] [text/plain] [] [] [vhost] [fe00e927e7779e64e9d0b96e36ad19ce]
https://dev.fcfd.live.use1a.on.epicgames.com [302] [GET] [text/plain] [] [] [vhost] [fe00e927e7779e64e9d0b96e36ad19ce]
https://developerprivacy-public-service-prod.ol.epicgames.com [404] [GET] [] [] [] [d41d8cd98f00b204e9800998ecf8427e]
https://devs.epicgames.com [400] [GET] [text/plain] [] [] [18d8042386b79e2c279fd162df0205c8]
https://dl.substrate.on.epicgames.com [403] [GET] [text/html] [ERROR: The request could not be satisfied] [CloudFront] [cloudfront] [Amazon Cloudfront,Amazon Web Services] [83ba78d46de97563370afaeaf9664fc3]
https://dl.substrate.on.epicgames.com [403] [GET] [text/html] [ERROR: The request could not be satisfied] [CloudFront] [cloudfront] [Amazon Cloudfront,Amazon Web Services] [92bb3569b20f57975a4e7081c1c53605]
https://docs.pipeline.epicgames.com [302] [GET] [] [] [CloudFront] [vhost] [cloudfront] [Amazon Cloudfront,Amazon Web Services] [d41d8cd98f00b204e9800998ecf8427e]
https://download.epicgames.com [403] [GET] [application/xml] [] [AmazonS3] [vhost] [cloudfront] [Amazon Cloudfront,Amazon S3,Amazon Web Services] [7741314153d179b67d1c66ebf3db9be4]
https://download.epicgames.com [403] [GET] [application/xml] [] [AmazonS3] [vhost] [cloudfront] [Amazon Cloudfront,Amazon S3,Amazon Web Services] [b5ff06c9834f03d3daad85826fe5b453]
https://download2.epicgames.com [403] [GET] [application/xml] [] [AmazonS3] [vhost] [cloudfront] [Amazon Cloudfront,Amazon S3,Amazon Web Services] [2caab230deb79fab5bd2fa78baad244a]
https://download2.epicgames.com [403] [GET] [application/xml] [] [AmazonS3] [vhost] [cloudfront] [Amazon Cloudfront,Amazon S3,Amazon Web Services] [65e250933da04ba5b468d46e60d68321]
https://download3.epicgames.com [403] [GET] [application/xml] [] [AmazonS3] [vhost] [cloudfront] [Amazon Cloudfront,Amazon S3,Amazon Web Services] [86b385ed081f9cb04cfea42a932a49e6]
https://download3.epicgames.com [403] [GET] [application/xml] [] [AmazonS3] [vhost] [cloudfront] [Amazon Cloudfront,Amazon S3,Amazon Web Services] [c28274473fa7d98cfbdbe5bc0421ed06]
https://download4.epicgames.com [403] [GET] [application/xml] [] [AmazonS3] [vhost] [cloudfront] [Amazon Cloudfront,Amazon S3,Amazon Web Services] [229b1e556865d5a5f7f0a85398ebf8d8]
https://download4.epicgames.com [403] [GET] [application/xml] [] [AmazonS3] [vhost] [cloudfront] [Amazon Cloudfront,Amazon S3,Amazon Web Services] [886112e085c7854e6ca30ff3b5dfc6a6]
https://ec2eaacb-e193-c703-95de-3e6cf572f04c-ap-southeast-1.rtcp.on.epicgames.com [400] [GET] [] [] [Boost.Beast/322] [3087d94ae3d9ca43c83b0e2454708564]
https://ecommerceintegration-public-service-ecomprod02.ol.epicgames.com [404] [GET] [text/html] [Error 404] [] [3bffaea7e3f9b876d1c619809f13eec6]
https://ecosec.on.epicgames.com [200] [GET] [text/html] [Talon Service] [nginx/1.21.6] [vhost] [Nginx,React] [29a50c0f53d15c7252f6df9868880f0a]
https://eg.epicgames.com [302] [GET] [text/html] [Object moved] [Microsoft-IIS/10.0] [vhost] [Amazon ALB,Amazon Web Services,IIS,Microsoft ASP.NET,Windows Server] [92e842f98113d1ac5d05b4203b9b881a]
https://egp-idsoc-proxy-prod.ol.epicgames.com [404] [GET] [application/json] [] [] [e2b9d64840eeb6ba23dbe1754b55c9c7]
https://engineering.epicgames.com [307] [GET] [text/html] [] [cloudflare] [vhost] [cloudflare] [Cloudflare,Envoy] [5cbd41a0940def88191a355fbdb90399]
https://entitlement-public-service-prod.ak.epicgames.com [404] [GET] [text/html] [Error 404] [] [3bffaea7e3f9b876d1c619809f13eec6]
https://entitlement-public-service-prod.ol.epicgames.com [404] [GET] [text/html] [Error 404] [] [3bffaea7e3f9b876d1c619809f13eec6]
https://entitlement-public-service-prod08.ol.epicgames.com [404] [GET] [text/html] [Error 404] [] [3bffaea7e3f9b876d1c619809f13eec6]
https://eos-gateway-ingress-prod-w1.befa.live.use1a.on.epicgames.com [404] [GET] [] [] [eos-gateway] [vhost] [d41d8cd98f00b204e9800998ecf8427e]
https://eos-gateway-ingress-prod-w2.befa.live.use1a.on.epicgames.com [404] [GET] [] [] [eos-gateway] [vhost] [d41d8cd98f00b204e9800998ecf8427e]
https://eos-gateway-ingress-prod-w3.befa.live.use1a.on.epicgames.com [404] [GET] [] [] [eos-gateway] [vhost] [d41d8cd98f00b204e9800998ecf8427e]
https://eos-gateway-ingress-prod-w4.befa.live.use1a.on.epicgames.com [404] [GET] [] [] [eos-gateway] [vhost] [d41d8cd98f00b204e9800998ecf8427e]
https://eos-gateway-ingress-prod-w5.befa.live.use1a.on.epicgames.com [404] [GET] [] [] [eos-gateway] [vhost] [d41d8cd98f00b204e9800998ecf8427e]
https://eos-gateway-ingress-prod.befa.live.use1a.on.epicgames.com [404] [GET] [] [] [eos-gateway] [vhost] [d41d8cd98f00b204e9800998ecf8427e]
https://eos-sdk.on.epicgames.com [403] [GET] [text/xml] [] [CloudFront] [vhost] [cloudfront] [Amazon Cloudfront,Amazon Web Services] [40a481f43ca93bbbdd18621b439ea397]
https://eos-service-datastorage-liveegs-public.befa.live.use1a.on.epicgames.com [404] [GET] [application/json] [] [] [vhost] [ae132b9a0e8f87fdb0ccc3aeb54df59d]
https://epic-social-social-modules-prod.ol.epicgames.com [403] [GET] [application/xml] [] [AmazonS3] [vhost] [cloudfront] [Amazon Cloudfront,Amazon S3,Amazon Web Services] [1dd1c7da42721c29fa6f314471ead402]
https://epic-social-social-modules-prod.ol.epicgames.com [403] [GET] [application/xml] [] [AmazonS3] [vhost] [cloudfront] [Amazon Cloudfront,Amazon S3,Amazon Web Services] [8d46f6c68ef1980bc0e8ea8f067117a1]
https://epic-voices-okta.eut.it.epicgames.com [403] [GET] [text/plain] [] [awselb/2.0] [ccc0377a8afbf50e7094f5c23a8af223]
https://epic-voices-okta.it.epicgames.com [403] [GET] [text/plain] [] [awselb/2.0] [ccc0377a8afbf50e7094f5c23a8af223]
https://epic-voices-okta.stage.it.epicgames.com [403] [GET] [text/plain] [] [awselb/2.0] [ccc0377a8afbf50e7094f5c23a8af223]
https://epicgames.com [302] [GET] [text/html] [302 Found] [awselb/2.0] [vhost] [f366e0e18b589cb6f243bf43ce75e83c]
https://et2.epicgames.com [404] [GET] [application/json] [] [] [f1937d7f72c255461592d5c89c81395e]
https://etsource.epicgames.com [404] [GET] [application/json] [] [] [f1937d7f72c255461592d5c89c81395e]
https://eulatracking-public-service-prod-m.ol.epicgames.com [404] [GET] [text/html] [Error 404] [] [3bffaea7e3f9b876d1c619809f13eec6]
https://eulatracking-public-service-prod.ak.epicgames.com [404] [GET] [text/html] [Error 404] [] [3bffaea7e3f9b876d1c619809f13eec6]
https://eulatracking-public-service-prod.ol.epicgames.com [404] [GET] [text/html] [Error 404] [] [3bffaea7e3f9b876d1c619809f13eec6]
https://eulatracking-public-service-prod06.ol.epicgames.com [404] [GET] [text/html] [Error 404] [] [3bffaea7e3f9b876d1c619809f13eec6]
https://events-public-service-live.ol.epicgames.com [404] [GET] [application/json] [] [] [ae132b9a0e8f87fdb0ccc3aeb54df59d]
https://fastly-download.epicgames.com [403] [GET] [application/xml] [] [AmazonS3] [vhost] [fastly] [Amazon S3,Amazon Web Services] [44036ca17470fbda5fd2ff364d51367b]
https://fg-matchmaking-public-service-cert-stage.ol.epicgames.com [400] [GET] [application/json] [] [] [942619fb248fc4ee0afc521c62907a08]
https://fg-matchmaking-public-service-live-a.ol.epicgames.com [400] [GET] [application/json] [] [] [942619fb248fc4ee0afc521c62907a08]
https://fg-matchmaking-public-service-prod.ol.epicgames.com [400] [GET] [application/json] [] [] [942619fb248fc4ee0afc521c62907a08]
https://fn-service-datastorage-prod-public.dcaf.dev.use1a.on.epicgames.com [404] [GET] [application/json] [] [] [vhost] [ae132b9a0e8f87fdb0ccc3aeb54df59d]
https://fn-service-discovery-live-public.ogs.live.on.epicgames.com [404] [GET] [application/json] [] [] [ae132b9a0e8f87fdb0ccc3aeb54df59d]
https://fn-service-discovery-loadtest-public.ogs.dev.on.epicgames.com [404] [GET] [application/json] [] [] [ae132b9a0e8f87fdb0ccc3aeb54df59d]
https://fn-svc-discovery-live-w01-pub.ogs.live.on.epicgames.com [404] [GET] [application/json] [] [] [ae132b9a0e8f87fdb0ccc3aeb54df59d]
https://fn-svc-discovery-live-w02-pub.ogs.live.on.epicgames.com [404] [GET] [application/json] [] [] [ae132b9a0e8f87fdb0ccc3aeb54df59d]
https://fn-svc-discovery-lt-w01-pub.ogs.dev.on.epicgames.com [404] [GET] [application/json] [] [] [ae132b9a0e8f87fdb0ccc3aeb54df59d]
https://fn-svc-discovery-lt-w02-pub.ogs.dev.on.epicgames.com [404] [GET] [application/json] [] [] [ae132b9a0e8f87fdb0ccc3aeb54df59d]
https://fortnite-island-screenshots-live-cdn.ol.epicgames.com [403] [GET] [application/xml] [] [AmazonS3] [vhost] [cloudfront] [Amazon Cloudfront,Amazon S3,Amazon Web Services] [1c1282172c1fc0774c63244726b2e797]
https://fortnite-island-screenshots-live-cdn.ol.epicgames.com [403] [GET] [application/xml] [] [AmazonS3] [vhost] [cloudfront] [Amazon Cloudfront,Amazon S3,Amazon Web Services] [ece10ef9124f5ece12b933dc199e7a6c]
https://fortnite-matchmaking-public-service-live-asia.ol.epicgames.com [400] [GET] [application/json] [] [] [942619fb248fc4ee0afc521c62907a08]
https://fortnite-matchmaking-public-service-live-br.ol.epicgames.com [400] [GET] [application/json] [] [] [942619fb248fc4ee0afc521c62907a08]
https://fortnite-matchmaking-public-service-live-eu.ol.epicgames.com [400] [GET] [application/json] [] [] [942619fb248fc4ee0afc521c62907a08]
https://fortnite-matchmaking-public-service-live-me.ol.epicgames.com [400] [GET] [application/json] [] [] [942619fb248fc4ee0afc521c62907a08]
https://fortnite-matchmaking-public-service-live-nae.ol.epicgames.com [400] [GET] [application/json] [] [] [942619fb248fc4ee0afc521c62907a08]
https://fortnite-matchmaking-public-service-live-naw.ol.epicgames.com [400] [GET] [application/json] [] [] [942619fb248fc4ee0afc521c62907a08]
https://fortnite-matchmaking-public-service-live-oce.ol.epicgames.com [400] [GET] [application/json] [] [] [942619fb248fc4ee0afc521c62907a08]
https://fortnite-matchmaking-public-service-live-prod-b.ol.epicgames.com [503] [GET] [text/html] [503 Service Temporarily Unavailable] [awselb/2.0] [613f79233487af685baf4b32a2397ede]
https://fortnite-mm-public-service-live-eu.ak.epicgames.com [400] [GET] [application/json] [] [] [942619fb248fc4ee0afc521c62907a08]
https://fortnite-mm-public-service-live-me.ak.epicgames.com [400] [GET] [application/json] [] [] [942619fb248fc4ee0afc521c62907a08]
https://fortnite-mm-public-service-live-nae.ak.epicgames.com [400] [GET] [application/json] [] [] [942619fb248fc4ee0afc521c62907a08]
https://fortnite-mm-public-service-live-prod-b.ak.epicgames.com [503] [GET] [text/html] [503 Service Temporarily Unavailable] [awselb/2.0] [81df4d3863debf3eceb5cf84251fd472]
https://fortnite-mm-public-service-live-prod-m-b.ol.epicgames.com [503] [GET] [text/html] [503 Service Temporarily Unavailable] [awselb/2.0] [81df4d3863debf3eceb5cf84251fd472]
https://fortnite-public-bacchusplaytest-prod.ol.epicgames.com [404] [GET] [] [] [] [d41d8cd98f00b204e9800998ecf8427e]
https://fortnite-public-service-astro-prod.ol.epicgames.com [404] [GET] [] [] [] [vhost] [Amazon ELB,Amazon Web Services] [d41d8cd98f00b204e9800998ecf8427e]
https://fortnite-public-service-athena-prod.ol.epicgames.com [404] [GET] [] [] [] [vhost] [Amazon ELB,Amazon Web Services] [d41d8cd98f00b204e9800998ecf8427e]
https://fortnite-public-service-bacchusplaytest-prod.ol.epicgames.com [404] [GET] [] [] [] [d41d8cd98f00b204e9800998ecf8427e]
https://fortnite-public-service-batsickle-prod.ol.epicgames.com [404] [GET] [] [] [] [Amazon ELB,Amazon Web Services] [d41d8cd98f00b204e9800998ecf8427e]
https://fortnite-public-service-bluedailymaintesting-prod.ol.epicgames.com [404] [GET] [] [] [] [d41d8cd98f00b204e9800998ecf8427e]
https://fortnite-public-service-blueextqadevtesting-prod.ol.epicgames.com [404] [GET] [] [] [] [Amazon ELB,Amazon Web Services] [d41d8cd98f00b204e9800998ecf8427e]
https://fortnite-public-service-certstageb-stage.ol.epicgames.com [404] [GET] [] [] [] [Amazon ELB,Amazon Web Services] [d41d8cd98f00b204e9800998ecf8427e]
https://fortnite-public-service-certstagec-stage.ol.epicgames.com [404] [GET] [] [] [] [Amazon ELB,Amazon Web Services] [d41d8cd98f00b204e9800998ecf8427e]
https://fortnite-public-service-dailymain-prod.ol.epicgames.com [404] [GET] [] [] [] [Amazon ELB,Amazon Web Services] [d41d8cd98f00b204e9800998ecf8427e]
https://fortnite-public-service-dailyreleasea-prod.ol.epicgames.com [404] [GET] [] [] [] [Amazon ELB,Amazon Web Services] [d41d8cd98f00b204e9800998ecf8427e]
https://fortnite-public-service-dailyreleaseb-prod.ol.epicgames.com [404] [GET] [] [] [] [Amazon ELB,Amazon Web Services] [d41d8cd98f00b204e9800998ecf8427e]
https://fortnite-public-service-dailyreleasec-prod.ol.epicgames.com [404] [GET] [] [] [] [Amazon ELB,Amazon Web Services] [d41d8cd98f00b204e9800998ecf8427e]
https://fortnite-public-service-devplaytest-prod12.ol.epicgames.com [404] [GET] [] [] [] [vhost] [Amazon ELB,Amazon Web Services] [d41d8cd98f00b204e9800998ecf8427e]
https://fortnite-public-service-devplaytestb-prod.ol.epicgames.com [404] [GET] [] [] [] [Amazon ELB,Amazon Web Services] [d41d8cd98f00b204e9800998ecf8427e]
https://fortnite-public-service-devplaytestc-prod.ol.epicgames.com [404] [GET] [] [] [] [Amazon ELB,Amazon Web Services] [d41d8cd98f00b204e9800998ecf8427e]
https://fortnite-public-service-devplaytestd-prod.ol.epicgames.com [404] [GET] [] [] [] [d41d8cd98f00b204e9800998ecf8427e]
https://fortnite-public-service-devplayteste-prod.ol.epicgames.com [404] [GET] [] [] [] [d41d8cd98f00b204e9800998ecf8427e]
https://fortnite-public-service-devplaytestf-prod.ol.epicgames.com [404] [GET] [] [] [] [d41d8cd98f00b204e9800998ecf8427e]
https://fortnite-public-service-devplaytestg-prod.ol.epicgames.com [404] [GET] [] [] [] [d41d8cd98f00b204e9800998ecf8427e]
https://fortnite-public-service-devplaytesth-prod.ol.epicgames.com [404] [GET] [] [] [] [d41d8cd98f00b204e9800998ecf8427e]
https://fortnite-public-service-devplaytesti-prod.ol.epicgames.com [404] [GET] [] [] [] [d41d8cd98f00b204e9800998ecf8427e]
https://fortnite-public-service-devplaytestj-prod.ol.epicgames.com [404] [GET] [] [] [] [d41d8cd98f00b204e9800998ecf8427e]
https://fortnite-public-service-devplaytestk-prod.ol.epicgames.com [404] [GET] [] [] [] [d41d8cd98f00b204e9800998ecf8427e]
https://fortnite-public-service-devplaytestl-prod.ol.epicgames.com [404] [GET] [] [] [] [d41d8cd98f00b204e9800998ecf8427e]
https://fortnite-public-service-devplaytestm-prod.ol.epicgames.com [404] [GET] [] [] [] [d41d8cd98f00b204e9800998ecf8427e]
https://fortnite-public-service-devplaytestn-prod.ol.epicgames.com [404] [GET] [] [] [] [d41d8cd98f00b204e9800998ecf8427e]
https://fortnite-public-service-devplaytesto-prod.ol.epicgames.com [404] [GET] [] [] [] [Amazon ELB,Amazon Web Services] [d41d8cd98f00b204e9800998ecf8427e]
https://fortnite-public-service-devplaytestp-prod.ol.epicgames.com [404] [GET] [] [] [] [Amazon ELB,Amazon Web Services] [d41d8cd98f00b204e9800998ecf8427e]
https://fortnite-public-service-devplaytestq-prod.ol.epicgames.com [404] [GET] [] [] [] [d41d8cd98f00b204e9800998ecf8427e]
https://fortnite-public-service-devplaytestr-prod.ol.epicgames.com [404] [GET] [] [] [] [Amazon ELB,Amazon Web Services] [d41d8cd98f00b204e9800998ecf8427e]
https://fortnite-public-service-devplaytests-prod.ol.epicgames.com [404] [GET] [] [] [] [Amazon ELB,Amazon Web Services] [d41d8cd98f00b204e9800998ecf8427e]
https://fortnite-public-service-devplaytestt-prod.ol.epicgames.com [404] [GET] [] [] [] [Amazon ELB,Amazon Web Services] [d41d8cd98f00b204e9800998ecf8427e]
https://fortnite-public-service-devplaytestu-prod.ol.epicgames.com [404] [GET] [] [] [] [Amazon ELB,Amazon Web Services] [d41d8cd98f00b204e9800998ecf8427e]
https://fortnite-public-service-devplaytestv-prod.ol.epicgames.com [404] [GET] [] [] [] [Amazon ELB,Amazon Web Services] [d41d8cd98f00b204e9800998ecf8427e]
https://fortnite-public-service-devplaytestw-prod.ol.epicgames.com [404] [GET] [] [] [] [Amazon ELB,Amazon Web Services] [d41d8cd98f00b204e9800998ecf8427e]
https://fortnite-public-service-devplaytestx-prod.ol.epicgames.com [404] [GET] [] [] [] [Amazon ELB,Amazon Web Services] [d41d8cd98f00b204e9800998ecf8427e]
https://fortnite-public-service-devplaytesty-prod.ol.epicgames.com [404] [GET] [] [] [] [d41d8cd98f00b204e9800998ecf8427e]
https://fortnite-public-service-devplaytestz-prod.ol.epicgames.com [404] [GET] [] [] [] [vhost] [Amazon ELB,Amazon Web Services] [d41d8cd98f00b204e9800998ecf8427e]
https://fortnite-public-service-events-prod.ol.epicgames.com [404] [GET] [] [] [] [d41d8cd98f00b204e9800998ecf8427e]
https://fortnite-public-service-extqadevtesting-prod.ol.epicgames.com [404] [GET] [] [] [] [vhost] [Amazon ELB,Amazon Web Services] [d41d8cd98f00b204e9800998ecf8427e]
https://fortnite-public-service-extqareleasetesting-prod.ol.epicgames.com [404] [GET] [] [] [] [Amazon ELB,Amazon Web Services] [d41d8cd98f00b204e9800998ecf8427e]
https://fortnite-public-service-extqareleasetestingb-prod.ol.epicgames.com [404] [GET] [] [] [] [Amazon ELB,Amazon Web Services] [d41d8cd98f00b204e9800998ecf8427e]
https://fortnite-public-service-extqauetesting-prod.ol.epicgames.com [404] [GET] [] [] [] [d41d8cd98f00b204e9800998ecf8427e]
https://fortnite-public-service-extqauetestingb-prod.ol.epicgames.com [404] [GET] [] [] [] [d41d8cd98f00b204e9800998ecf8427e]
https://fortnite-public-service-ioscert-prod.ol.epicgames.com [503] [GET] [] [] [] [d41d8cd98f00b204e9800998ecf8427e]
https://fortnite-public-service-livebroadcasting-prod.ol.epicgames.com [404] [GET] [] [] [] [d41d8cd98f00b204e9800998ecf8427e]
https://fortnite-public-service-livetesting-prod.ol.epicgames.com [404] [GET] [] [] [] [d41d8cd98f00b204e9800998ecf8427e]
https://fortnite-public-service-loctesting-prod.ol.epicgames.com [404] [GET] [] [] [] [d41d8cd98f00b204e9800998ecf8427e]
https://fortnite-public-service-loctesting-prod12.ol.epicgames.com [404] [GET] [] [] [] [d41d8cd98f00b204e9800998ecf8427e]
https://fortnite-public-service-mobilecert-prod.ol.epicgames.com [404] [GET] [] [] [] [d41d8cd98f00b204e9800998ecf8427e]
https://fortnite-public-service-nscert-stage.ol.epicgames.com [404] [GET] [] [] [] [Amazon ELB,Amazon Web Services] [d41d8cd98f00b204e9800998ecf8427e]
https://fortnite-public-service-partners-prod.ol.epicgames.com [404] [GET] [] [] [] [d41d8cd98f00b204e9800998ecf8427e]
https://fortnite-public-service-predeploya-prod.ol.epicgames.com [404] [GET] [] [] [] [Amazon ELB,Amazon Web Services] [d41d8cd98f00b204e9800998ecf8427e]
https://fortnite-public-service-predeployb-prod.ol.epicgames.com [404] [GET] [] [] [] [Amazon ELB,Amazon Web Services] [d41d8cd98f00b204e9800998ecf8427e]
https://fortnite-public-service-preview-prod.ol.epicgames.com [404] [GET] [] [] [] [d41d8cd98f00b204e9800998ecf8427e]
https://fortnite-public-service-prod-live-02.ol.epicgames.com [404] [GET] [] [] [] [d41d8cd98f00b204e9800998ecf8427e]
https://fortnite-public-service-prod-live-m.ol.epicgames.com [404] [GET] [] [] [] [d41d8cd98f00b204e9800998ecf8427e]
https://fortnite-public-service-prod.ak.epicgames.com [404] [GET] [] [] [] [d41d8cd98f00b204e9800998ecf8427e]
https://fortnite-public-service-prod11.ol.epicgames.com [404] [GET] [] [] [] [d41d8cd98f00b204e9800998ecf8427e]
https://fortnite-public-service-publictest-prod.ol.epicgames.com [404] [GET] [] [] [] [d41d8cd98f00b204e9800998ecf8427e]
https://fortnite-public-service-reddailymaintesting-prod.ol.epicgames.com [404] [GET] [] [] [] [d41d8cd98f00b204e9800998ecf8427e]
https://fortnite-public-service-redextqadevtesting-prod.ol.epicgames.com [404] [GET] [] [] [] [Amazon ELB,Amazon Web Services] [d41d8cd98f00b204e9800998ecf8427e]
https://fortnite-public-service-releaseplaytest-prod.ol.epicgames.com [404] [GET] [] [] [] [d41d8cd98f00b204e9800998ecf8427e]
https://fortnite-public-service-releaseplaytestb-prod.ol.epicgames.com [404] [GET] [] [] [] [d41d8cd98f00b204e9800998ecf8427e]
https://fortnite-public-service-reviewcn-prod.ol.epicgames.com [503] [GET] [] [] [] [d41d8cd98f00b204e9800998ecf8427e]
https://fortnite-public-service-stage.ol.epicgames.com [404] [GET] [] [] [] [d41d8cd98f00b204e9800998ecf8427e]
https://fortnitecontent-website-prod.ak.epicgames.com [302] [GET] [text/plain] [] [] [d564c9196c223acbedd82ef8da87c7e3]
https://fortnitecontent-website-prod07.ol.epicgames.com [302] [GET] [text/plain] [] [] [vhost] [cloudfront] [Amazon Cloudfront,Amazon Web Services] [d564c9196c223acbedd82ef8da87c7e3]
https://fortnitehelp.epicgames.com [301] [GET] [text/html] [301 Moved Permanently] [] [cd2e0e43980a00fb6a2742d3afd803b8]
https://fortnitewaitingroom-public-service-prod-m.ol.epicgames.com [404] [GET] [text/html] [Error 404] [] [vhost] [Amazon ALB,Amazon Web Services] [3bffaea7e3f9b876d1c619809f13eec6]
https://fortnitewaitingroom-public-service-prod.ak.epicgames.com [404] [GET] [text/html] [Error 404] [] [vhost] [Amazon ALB,Amazon Web Services] [3bffaea7e3f9b876d1c619809f13eec6]
https://fortnitewaitingroom-public-service-prod.ol.epicgames.com [404] [GET] [text/html] [Error 404] [] [Amazon ELB,Amazon Web Services] [3bffaea7e3f9b876d1c619809f13eec6]
https://forums-cdn.epicgames.com [301] [GET] [text/html] [301 Moved Permanently] [] [vhost] [cloudfront] [Amazon Cloudfront,Amazon Web Services] [cd2e0e43980a00fb6a2742d3afd803b8]
https://forums.epicgames.com [200] [GET] [text/html] [Forum - 				Epic Games Forums] [] [vhost] [PHP,vBulletin] [66c56f702fbf3b2c02fa667fe85ed437]
https://forums.epicgames.com [200] [GET] [text/html] [Forum - 				Epic Games Forums] [] [vhost] [PHP,vBulletin] [dcb1fd684ea9d301ffdba19657ca2178]
https://friends-public-service-prod.ak.epicgames.com [404] [GET] [text/plain] [] [awselb/2.0] [9e076f5885f5cc16a4b5aeb8de4adff5]
https://friends-public-service-prod.ol.epicgames.com [404] [GET] [text/plain] [] [awselb/2.0] [9e076f5885f5cc16a4b5aeb8de4adff5]
https://friends-public-service-prod06.ol.epicgames.com [404] [GET] [text/plain] [] [awselb/2.0] [9e076f5885f5cc16a4b5aeb8de4adff5]
https://gateway.epicgames.com [301] [GET] [text/html] [301 Moved Permanently] [] [cd2e0e43980a00fb6a2742d3afd803b8]
https://gearsforums.epicgames.com [301] [GET] [text/html] [301 Moved Permanently] [] [cd2e0e43980a00fb6a2742d3afd803b8]
https://geofeed.coreinfra.it.epicgames.com [200] [GET] [text/html] [] [AmazonS3] [vhost] [cloudfront] [Amazon Cloudfront,Amazon S3,Amazon Web Services] [a3d6177dd2e046eedad9158232c84745]
https://geofeed.it.epicgames.com [200] [GET] [text/html] [] [AmazonS3] [vhost] [cloudfront] [Amazon Cloudfront,Amazon S3,Amazon Web Services] [a3d6177dd2e046eedad9158232c84745]
https://graphql.epicgames-prod.ol.epicgames.com [404] [GET] [text/html] [] [] [87b2de68112e1f1d409e11f58cfc121b]
https://graphql.epicgames.com [404] [GET] [text/html] [] [] [87b2de68112e1f1d409e11f58cfc121b]
https://hcaptcha-api.ecosec.on.epicgames.com [200] [GET] [text/html] [hCaptcha - Stop more bots. Start protecting privacy.] [cloudflare] [vhost] [cloudflare] [Cloudflare,Cloudflare Bot Management,Webflow] [873446c1b8d2e7159aa6d55c57d06139]
https://hcaptcha-api.ecosec.on.epicgames.com [200] [GET] [text/html] [hCaptcha - Stop more bots. Start protecting privacy.] [cloudflare] [vhost] [cloudflare] [Cloudflare,Cloudflare Bot Management,Webflow] [a1241969a7cc9162ac6baa7b204fbeae]
https://hcaptcha-api.ecosec.on.epicgames.com:2053 [200] [GET] [text/html] [hCaptcha - Stop more bots. Start protecting privacy.] [cloudflare] [vhost] [cloudflare] [Cloudflare,Cloudflare Bot Management,Webflow] [25566260903c98ed597871cfa0d9bcf4]
https://hcaptcha-api.ecosec.on.epicgames.com:2083 [200] [GET] [text/html] [hCaptcha - Stop more bots. Start protecting privacy.] [cloudflare] [vhost] [cloudflare] [Cloudflare,Cloudflare Bot Management,Webflow] [c51a22dc2ecae64a015d48634e25369a]
https://hcaptcha-api.ecosec.on.epicgames.com:2087 [200] [GET] [text/html] [hCaptcha - Stop more bots. Start protecting privacy.] [cloudflare] [vhost] [cloudflare] [Cloudflare,Cloudflare Bot Management,Webflow] [4c0c86a7768b184a0255f590796a7df9]
https://hcaptcha-api.ecosec.on.epicgames.com:8443 [200] [GET] [text/html] [hCaptcha - Stop more bots. Start protecting privacy.] [cloudflare] [vhost] [cloudflare] [Cloudflare,Cloudflare Bot Management,Webflow] [68052d5a48871712b71f4585997bb8de]
https://hcaptcha-assets.ecosec.on.epicgames.com [200] [GET] [text/html] [] [cloudflare] [vhost] [cloudflare] [Amazon Cloudfront,Amazon Web Services,Cloudflare,Cloudflare Bot Management] [0377438312a93cf85307e3fa0fe437cf]
https://hcaptcha-assets.ecosec.on.epicgames.com:2083 [200] [GET] [text/html] [] [cloudflare] [vhost] [cloudflare] [Amazon Cloudfront,Amazon Web Services,Cloudflare,Cloudflare Bot Management] [0377438312a93cf85307e3fa0fe437cf]
https://hcaptcha-assets.ecosec.on.epicgames.com:2087 [200] [GET] [text/html] [] [cloudflare] [vhost] [cloudflare] [Amazon Cloudfront,Amazon Web Services,Cloudflare,Cloudflare Bot Management] [0377438312a93cf85307e3fa0fe437cf]
https://hcaptcha-assets.ecosec.on.epicgames.com:8443 [200] [GET] [text/html] [] [cloudflare] [vhost] [cloudflare] [Amazon Cloudfront,Amazon Web Services,Cloudflare,Cloudflare Bot Management] [0377438312a93cf85307e3fa0fe437cf]
https://hcaptcha-endpoint.ecosec.on.epicgames.com [200] [GET] [text/html] [hCaptcha - Stop more bots. Start protecting privacy.] [cloudflare] [vhost] [cloudflare] [Cloudflare,Cloudflare Bot Management,Webflow] [2aee2a780e74e56e561f2a08b1af76dd]
https://hcaptcha-endpoint.ecosec.on.epicgames.com [200] [GET] [text/html] [hCaptcha - Stop more bots. Start protecting privacy.] [cloudflare] [vhost] [cloudflare] [Cloudflare,Cloudflare Bot Management,Webflow] [5735a32775976d180bed0fcca3697e72]
https://hcaptcha-endpoint.ecosec.on.epicgames.com:2053 [200] [GET] [text/html] [hCaptcha - Stop more bots. Start protecting privacy.] [cloudflare] [vhost] [cloudflare] [Cloudflare,Cloudflare Bot Management,Webflow] [098fdc52b678f91d421f6920352973a9]
https://hcaptcha-endpoint.ecosec.on.epicgames.com:2083 [200] [GET] [text/html] [hCaptcha - Stop more bots. Start protecting privacy.] [cloudflare] [vhost] [cloudflare] [Cloudflare,Cloudflare Bot Management,Webflow] [6db720803812c230a47ae54f10e5fe14]
https://hcaptcha-endpoint.ecosec.on.epicgames.com:2087 [200] [GET] [text/html] [hCaptcha - Stop more bots. Start protecting privacy.] [cloudflare] [vhost] [cloudflare] [Cloudflare,Cloudflare Bot Management,Webflow] [4cb0acf51003580113de8bcf31f56070]
https://hcaptcha-endpoint.ecosec.on.epicgames.com:8443 [200] [GET] [text/html] [hCaptcha - Stop more bots. Start protecting privacy.] [cloudflare] [vhost] [cloudflare] [Cloudflare,Cloudflare Bot Management,Webflow] [deff139ab8fd5547d1fe579e87876322]
https://hcaptcha-imgs.ecosec.on.epicgames.com [404] [GET] [] [] [cloudflare] [vhost] [cloudflare] [Cloudflare,Cloudflare Bot Management] [d41d8cd98f00b204e9800998ecf8427e]
https://hcaptcha-imgs.ecosec.on.epicgames.com:2053 [404] [GET] [] [] [cloudflare] [vhost] [cloudflare] [Cloudflare,Cloudflare Bot Management] [d41d8cd98f00b204e9800998ecf8427e]
https://hcaptcha-imgs.ecosec.on.epicgames.com:2083 [404] [GET] [] [] [cloudflare] [vhost] [cloudflare] [Cloudflare,Cloudflare Bot Management] [d41d8cd98f00b204e9800998ecf8427e]
https://hcaptcha-imgs.ecosec.on.epicgames.com:2087 [404] [GET] [] [] [cloudflare] [vhost] [cloudflare] [Cloudflare,Cloudflare Bot Management] [d41d8cd98f00b204e9800998ecf8427e]
https://hcaptcha-imgs.ecosec.on.epicgames.com:8443 [404] [GET] [] [] [cloudflare] [vhost] [cloudflare] [Cloudflare,Cloudflare Bot Management] [d41d8cd98f00b204e9800998ecf8427e]
https://hcaptcha-js.ecosec.on.epicgames.com [403] [GET] [text/html] [ERROR: The request could not be satisfied] [cloudflare] [vhost] [cloudflare] [Amazon Cloudfront,Amazon Web Services,Cloudflare,Cloudflare Bot Management] [42770f4bcae882ed998ba91e6d788af3]
https://hcaptcha-js.ecosec.on.epicgames.com [403] [GET] [text/html] [ERROR: The request could not be satisfied] [cloudflare] [vhost] [cloudflare] [Amazon Cloudfront,Amazon Web Services,Cloudflare,Cloudflare Bot Management] [791e08918d4b5be42fcf8adc7161ab84]
https://hcaptcha-js.ecosec.on.epicgames.com:2053 [403] [GET] [text/html] [ERROR: The request could not be satisfied] [cloudflare] [vhost] [cloudflare] [Amazon Cloudfront,Amazon Web Services,Cloudflare,Cloudflare Bot Management] [a822490254b97b813a4b5ba5fac6c1cb]
https://hcaptcha-js.ecosec.on.epicgames.com:2083 [403] [GET] [text/html] [ERROR: The request could not be satisfied] [cloudflare] [vhost] [cloudflare] [Amazon Cloudfront,Amazon Web Services,Cloudflare,Cloudflare Bot Management] [40ba6ab58a719873e91008eeacaed2aa]
https://hcaptcha-js.ecosec.on.epicgames.com:2087 [403] [GET] [text/html] [ERROR: The request could not be satisfied] [cloudflare] [vhost] [cloudflare] [Amazon Cloudfront,Amazon Web Services,Cloudflare,Cloudflare Bot Management] [96bc21dbcf7abd365e0dbdeb3271c38c]
https://hcaptcha-js.ecosec.on.epicgames.com:8443 [403] [GET] [text/html] [ERROR: The request could not be satisfied] [cloudflare] [vhost] [cloudflare] [Amazon Cloudfront,Amazon Web Services,Cloudflare,Cloudflare Bot Management] [acb2d82353813a314f7894b71fd70b41]
https://hcaptcha-reportapi.ecosec.on.epicgames.com [200] [GET] [text/html] [] [cloudflare] [vhost] [cloudflare] [Cloudflare,Cloudflare Bot Management] [9b945efebb006547a94415eadaa12921]
https://help.epicgames.com [301] [GET] [text/html] [301 Moved Permanently] [] [cd2e0e43980a00fb6a2742d3afd803b8]
https://horde-storage.2021-2.us-east-1.devtools.epicgames.com [404] [GET] [text/plain] [] [awselb/2.0] [d41d8cd98f00b204e9800998ecf8427e]
https://horde-storage.2021-2.us-west-2.devtools.epicgames.com [404] [GET] [text/plain] [] [awselb/2.0] [d41d8cd98f00b204e9800998ecf8427e]
https://horizon.epicgames.com [404] [GET] [text/html] [] [Sailthru] [d41d8cd98f00b204e9800998ecf8427e]
https://image.news.epicgames.com [403] [GET] [text/html] [Access Denied] [AkamaiGHost] [vhost] [137c65191b95f4215bdc1418db646783]
https://image.news.epicgames.com [403] [GET] [text/html] [Access Denied] [AkamaiGHost] [vhost] [3e43214ac0200fe395ae8bc4709e1fd2]
https://installer.ega.ol.epicgames.com [403] [GET] [application/json] [] [] [vhost] [bc45704aad57d445b6dfa58b101071e3]
https://interactions-prod.ccec.live.use1a.on.epicgames.com [404] [GET] [text/plain] [] [awselb/2.0] [d41d8cd98f00b204e9800998ecf8427e]
https://interactions-service-prod.ol.epicgames.com [404] [GET] [text/plain] [] [awselb/2.0] [d41d8cd98f00b204e9800998ecf8427e]
https://interactions-stage.social.dev.on.epicgames.com [404] [GET] [text/plain] [] [awselb/2.0] [d41d8cd98f00b204e9800998ecf8427e]
https://invite-bot-okta.eut.it.epicgames.com [403] [GET] [text/plain] [] [awselb/2.0] [ccc0377a8afbf50e7094f5c23a8af223]
https://invite-bot-okta.it.epicgames.com [403] [GET] [text/plain] [] [awselb/2.0] [ccc0377a8afbf50e7094f5c23a8af223]
https://invite-bot-okta.stage.it.epicgames.com [403] [GET] [text/plain] [] [awselb/2.0] [ccc0377a8afbf50e7094f5c23a8af223]
https://invite-bot.eut.it.epicgames.com [400] [GET] [text/html] [400 No required SSL certificate was sent] [nginx/1.14.0 (Ubuntu)] [Nginx,Ubuntu] [ee4d8a92014a00389dfd284ec2feb5f3]
https://invite-bot.it.epicgames.com [400] [GET] [text/html] [400 No required SSL certificate was sent] [nginx/1.14.0 (Ubuntu)] [Nginx,Ubuntu] [e5a802bdce7391511909e31282d932b1]
https://invite-bot.stage.it.epicgames.com [400] [GET] [text/html] [400 No required SSL certificate was sent] [nginx/1.14.0 (Ubuntu)] [Nginx,Ubuntu] [ee4d8a92014a00389dfd284ec2feb5f3]
https://ip-data-provider-service-prod.ol.epicgames.com [200] [GET] [text/plain] [] [] [vhost] [1bf6f37b96c4ab0deefd763c239e64e3]
https://it.slackbot.legacy.it.epicgames.com [403] [GET] [text/html] [403 Forbidden] [nginx] [Nginx] [4dec45889e09ec3ceb63fd65825d0f11]
https://ixm.substrate.on.epicgames.com [403] [GET] [application/json] [] [] [vhost] [905b1fbb26e082557ff0b3b3553cda6c]
https://ixm.transit.use1a.on.epicgames.com [403] [GET] [application/json] [] [] [vhost] [bc45704aad57d445b6dfa58b101071e3]
https://jira.it-entapps-dev.epicgames.com [302] [GET] [text/html] [302 Found] [awselb/2.0] [vhost] [f366e0e18b589cb6f243bf43ce75e83c]
https://jupiter.2021-2.eu-central-1.devtools.epicgames.com [404] [GET] [text/plain] [] [awselb/2.0] [d41d8cd98f00b204e9800998ecf8427e]
https://jupiter.devtools-dev.epicgames.com [404] [GET] [text/plain] [] [awselb/2.0] [d41d8cd98f00b204e9800998ecf8427e]
https://jupiter.devtools.epicgames.com [404] [GET] [text/plain] [] [awselb/2.0] [d41d8cd98f00b204e9800998ecf8427e]
https://koala-ci.fnsocial.on.epicgames.com [403] [GET] [text/html] [ERROR: The request could not be satisfied] [CloudFront] [cloudfront] [Amazon Cloudfront,Amazon Web Services] [173b20b040e92c181b31cbb990267e1d]
https://koala-ci.fnsocial.on.epicgames.com [403] [GET] [text/html] [ERROR: The request could not be satisfied] [CloudFront] [cloudfront] [Amazon Cloudfront,Amazon Web Services] [f6b27b2a7fdd909fbe4a282abca6f011]
https://lab-gp-01.epicgames.com [200] [GET] [text/html] [] [] [f91a416be352a03c76b6ce8f948eda4d]
https://lab-gp-02.epicgames.com [404] [GET] [text/html] [Document Error: Not Found] [] [0952e6a6eed71200bdb55bf83db4ee1a]
https://launcher-public-service-prod-m.ol.epicgames.com [404] [GET] [] [] [] [vhost] [cloudfront] [Amazon Cloudfront,Amazon Web Services] [d41d8cd98f00b204e9800998ecf8427e]
https://launcher-public-service-prod.ak.epicgames.com [404] [GET] [] [] [] [d41d8cd98f00b204e9800998ecf8427e]
https://launcher-public-service-prod06.ol.epicgames.com [404] [GET] [] [] [] [vhost] [cloudfront] [Amazon Cloudfront,Amazon Web Services] [d41d8cd98f00b204e9800998ecf8427e]
https://launcher-website-prod.ak.epicgames.com [302] [GET] [text/plain] [] [] [vhost] [bba63e6c907dd52d8c3c9e039c4282e0]
https://launcher-website-prod07.ol.epicgames.com [302] [GET] [text/plain] [] [] [vhost] [bba63e6c907dd52d8c3c9e039c4282e0]
https://launcher.store.epicgames.com [302] [GET] [text/html] [302 Found] [awselb/2.0] [vhost] [cloudfront] [Amazon Cloudfront,Amazon Web Services] [f366e0e18b589cb6f243bf43ce75e83c]
https://launcherhelp.epicgames.com [302] [GET] [text/html] [302 Found] [] [vhost] [cfbeaf604823f038b8b46f0ac862b98c]
https://launcherwaitingroom-public-service-prod.ak.epicgames.com [404] [GET] [text/html] [Error 404] [] [vhost] [Amazon ALB,Amazon Web Services] [3bffaea7e3f9b876d1c619809f13eec6]
https://launcherwaitingroom-public-service-prod06.ol.epicgames.com [404] [GET] [text/html] [Error 404] [] [Amazon ELB,Amazon Web Services] [3bffaea7e3f9b876d1c619809f13eec6]
https://library-service.beee.live.use1a.on.epicgames.com [404] [GET] [text/plain] [] [awselb/2.0] [d41d8cd98f00b204e9800998ecf8427e]
https://library-service.live.use1a.on.epicgames.com [404] [GET] [text/plain] [] [awselb/2.0] [d41d8cd98f00b204e9800998ecf8427e]
https://licensee-mgmt-portal-okta.eut.it.epicgames.com [403] [GET] [text/plain] [] [awselb/2.0] [ccc0377a8afbf50e7094f5c23a8af223]
https://licensee-mgmt-portal-okta.it-entapps-dev.epicgames.com [403] [GET] [text/plain] [] [awselb/2.0] [ccc0377a8afbf50e7094f5c23a8af223]
https://licensee-mgmt-portal-okta.it.epicgames.com [403] [GET] [text/plain] [] [awselb/2.0] [ccc0377a8afbf50e7094f5c23a8af223]
https://licensee-mgmt-portal-okta.stage.it.epicgames.com [403] [GET] [text/plain] [] [awselb/2.0] [ccc0377a8afbf50e7094f5c23a8af223]
https://lightswitch-public-service-prod-m.ol.epicgames.com [404] [GET] [] [] [] [d41d8cd98f00b204e9800998ecf8427e]
https://lightswitch-public-service-prod.ak.epicgames.com [502] [GET] [text/html] [502 Bad Gateway] [awselb/2.0] [7418cbee906b4db0f20614d0eeebceff]
https://lightswitch-public-service-prod.ol.epicgames.com [404] [GET] [] [] [] [d41d8cd98f00b204e9800998ecf8427e]
https://lightswitch-public-service-prod06.ol.epicgames.com [404] [GET] [] [] [] [d41d8cd98f00b204e9800998ecf8427e]
https://link.epicgames.com [302] [GET] [text/html] [] [Sailthru] [d41d8cd98f00b204e9800998ecf8427e]
https://links-public-service-live.ol.epicgames.com [404] [GET] [] [] [] [d41d8cd98f00b204e9800998ecf8427e]
https://links-public-service-prod.ol.epicgames.com [404] [GET] [] [] [] [d41d8cd98f00b204e9800998ecf8427e]
https://links-public-service-stage.ol.epicgames.com [404] [GET] [] [] [] [d41d8cd98f00b204e9800998ecf8427e]
https://lyncdiscover.epicgames.com [404] [GET] [application/json] [] [] [vhost] [373397b4ebf514ea3578818e90f5f9b6]
https://mail.epicgames.com [400] [GET] [text/plain] [] [] [18d8042386b79e2c279fd162df0205c8]
https://maintenance.epicgames.com [200] [GET] [text/html] [Maintenance Mode] [AmazonS3] [vhost] [cloudfront] [Amazon Cloudfront,Amazon S3,Amazon Web Services] [716a2296445afe3509204567cad1d095]
https://marketplace-website-node-launcher-prod.ol.epicgames.com [302] [GET] [text/plain] [] [] [vhost] [9228643b45e459f0cad0ae0470721bd5]
https://mars-apigw.it-entapps-dev.epicgames.com [403] [GET] [application/json] [] [] [vhost] [cloudfront] [Amazon Cloudfront,Amazon Web Services] [bc45704aad57d445b6dfa58b101071e3]
https://mars-apigw.stage.it.epicgames.com [403] [GET] [application/json] [] [] [vhost] [cloudfront] [Amazon Cloudfront,Amazon Web Services] [bc45704aad57d445b6dfa58b101071e3]
https://media-cdn.epicgames.com [403] [GET] [application/xml] [] [AmazonS3] [vhost] [cloudfront] [Amazon Cloudfront,Amazon S3,Amazon Web Services] [8a5fb32cfd17734ecaa6b2bc7dfe76d4]
https://media-cdn.epicgames.com [403] [GET] [application/xml] [] [AmazonS3] [vhost] [cloudfront] [Amazon Cloudfront,Amazon S3,Amazon Web Services] [f8a10f5bf104a16e198469f7700e5206]
https://merchantpool1.epicgames.com [200] [GET] [] [] [Microsoft-HTTPAPI/2.0] [azure] [Microsoft HTTPAPI] [d41d8cd98f00b204e9800998ecf8427e]
https://mesh-public-service-live.ak.epicgames.com [503] [GET] [text/html] [503 Service Temporarily Unavailable] [awselb/2.0] [613f79233487af685baf4b32a2397ede]
https://mesh-public-service-live.ol.epicgames.com [404] [GET] [application/json] [] [] [ae132b9a0e8f87fdb0ccc3aeb54df59d]
https://mesh-public-service-livecn.ol.epicgames.com [503] [GET] [text/html] [503 Service Temporarily Unavailable] [awselb/2.0] [613f79233487af685baf4b32a2397ede]
https://mesh-public-service-livecn.ol.epicgames.com [503] [GET] [text/html] [503 Service Temporarily Unavailable] [awselb/2.0] [81df4d3863debf3eceb5cf84251fd472]
https://mesh-public-service-loadtest.ol.epicgames.com [404] [GET] [application/json] [] [] [ae132b9a0e8f87fdb0ccc3aeb54df59d]
https://mesh-public-service-prod.ol.epicgames.com [404] [GET] [application/json] [] [] [ae132b9a0e8f87fdb0ccc3aeb54df59d]
https://mesh-public-service-stage.ol.epicgames.com [404] [GET] [application/json] [] [] [ae132b9a0e8f87fdb0ccc3aeb54df59d]
https://metric-public-service-prod.ol.epicgames.com [404] [GET] [application/json] [] [] [f1937d7f72c255461592d5c89c81395e]
https://metrics.ol.epicgames.com [404] [GET] [text/plain] [] [awselb/2.0] [d41d8cd98f00b204e9800998ecf8427e]
https://mw-greenhouse-service-prod.debc.live.use1a.on.epicgames.com [404] [GET] [application/json] [] [] [vhost] [093206c775ab5f7ce396f1b67fcae5bb]
https://notifications-service-prod06.ol.epicgames.com [404] [GET] [] [] [] [d41d8cd98f00b204e9800998ecf8427e]
https://notifications-service-prod12lt.ol.epicgames.com [404] [GET] [] [] [] [d41d8cd98f00b204e9800998ecf8427e]
https://notifications-service-prod12test.ol.epicgames.com [404] [GET] [] [] [] [d41d8cd98f00b204e9800998ecf8427e]
https://oak-public-service-prod.ol.epicgames.com [404] [GET] [] [] [] [d41d8cd98f00b204e9800998ecf8427e]
https://orderprocessor-public-service-ecomprod01.ol.epicgames.com [404] [GET] [text/html] [Error 404] [] [3bffaea7e3f9b876d1c619809f13eec6]
https://orioncontent-prod07.ol.epicgames.com [503] [GET] [] [] [] [d41d8cd98f00b204e9800998ecf8427e]
https://paragonhelp.epicgames.com [301] [GET] [text/html] [301 Moved Permanently] [] [cd2e0e43980a00fb6a2742d3afd803b8]
https://party-service-prod-shard-1.ccec.live.use1a.on.epicgames.com [404] [GET] [text/plain] [] [awselb/2.0] [d41d8cd98f00b204e9800998ecf8427e]
https://party-service-prod-shard-2.ccec.live.use1a.on.epicgames.com [404] [GET] [text/plain] [] [awselb/2.0] [d41d8cd98f00b204e9800998ecf8427e]
https://party-service-prod-shard-3.ccec.live.use1a.on.epicgames.com [404] [GET] [text/plain] [] [awselb/2.0] [d41d8cd98f00b204e9800998ecf8427e]
https://party-service-prod.ak.epicgames.com [404] [GET] [text/plain] [] [awselb/2.0] [d41d8cd98f00b204e9800998ecf8427e]
https://party-service-prod.ol.epicgames.com [404] [GET] [text/plain] [] [awselb/2.0] [d41d8cd98f00b204e9800998ecf8427e]
https://party-service-prod.social.live.on.epicgames.com [404] [GET] [text/plain] [] [awselb/2.0] [d41d8cd98f00b204e9800998ecf8427e]
https://payment-website-pci.ol.epicgames.com [404] [GET] [text/html] [404 Not Found] [] [vhost] [Amazon ALB,Amazon Web Services] [8e325dc2fea7c8900fc6c4b8c6c394fe]
https://payment-website-prod.ol.epicgames.com [404] [GET] [text/html] [404 Not Found] [] [vhost] [Amazon ALB,Amazon Web Services] [8e325dc2fea7c8900fc6c4b8c6c394fe]
https://perf.store.on.epicgames.com [200] [GET] [text/plain] [] [] [vhost] [398e88c6cba3e73216fff93a860c14a1]
https://persona-public-service-prod06.ol.epicgames.com [404] [GET] [application/json] [] [awselb/2.0] [d41d8cd98f00b204e9800998ecf8427e]
https://platypus-ci.fnsocial.on.epicgames.com [403] [GET] [text/html] [ERROR: The request could not be satisfied] [CloudFront] [cloudfront] [Amazon Cloudfront,Amazon Web Services] [6bd20b063bc40ec31d885dd2f0e4a235]
https://platypus-ci.fnsocial.on.epicgames.com [403] [GET] [text/html] [ERROR: The request could not be satisfied] [CloudFront] [cloudfront] [Amazon Cloudfront,Amazon Web Services] [8790180a1b68138765947ee77872cb0a]
https://playtest-bot.eut.it.epicgames.com [400] [GET] [text/html] [400 No required SSL certificate was sent] [nginx/1.14.0 (Ubuntu)] [Nginx,Ubuntu] [e5a802bdce7391511909e31282d932b1]
https://playtest-bot.it.epicgames.com [400] [GET] [text/html] [400 No required SSL certificate was sent] [nginx/1.14.0 (Ubuntu)] [Nginx,Ubuntu] [ee4d8a92014a00389dfd284ec2feb5f3]
https://playtest-bot.stage.it.epicgames.com [400] [GET] [text/html] [400 No required SSL certificate was sent] [nginx/1.14.0 (Ubuntu)] [Nginx,Ubuntu] [ee4d8a92014a00389dfd284ec2feb5f3]
https://postparty-cdn-gamedev.gs.epicgames.com [200] [GET] [application/json] [] [AmazonS3] [vhost] [cloudfront] [Amazon Cloudfront,Amazon S3,Amazon Web Services] [d41d8cd98f00b204e9800998ecf8427e]
https://presence-public-service-prod.ol.epicgames.com [404] [GET] [text/plain] [] [awselb/2.0] [9e076f5885f5cc16a4b5aeb8de4adff5]
https://priceengine-public-service-ecomprod01.ol.epicgames.com [404] [GET] [text/html] [Error 404] [] [3bffaea7e3f9b876d1c619809f13eec6]
https://priceengine-public-service-prod-m.ol.epicgames.com [404] [GET] [text/html] [Error 404] [] [3bffaea7e3f9b876d1c619809f13eec6]
https://priceengine-public-service-prod.ak.epicgames.com [404] [GET] [text/html] [Error 404] [] [3bffaea7e3f9b876d1c619809f13eec6]
https://prm-dialogue-public-api-prod.ak.epicgames.com [404] [GET] [] [] [] [vhost] [d41d8cd98f00b204e9800998ecf8427e]
https://prm-dialogue-public-api-prod.edea.live.use1a.on.epicgames.com [404] [GET] [] [] [] [vhost] [d41d8cd98f00b204e9800998ecf8427e]
https://prod-config-querier.infosec.on.epicgames.com [403] [GET] [application/json] [] [] [vhost] [905b1fbb26e082557ff0b3b3553cda6c]
https://ps-mgmt-portal-okta.eut.it.epicgames.com [403] [GET] [text/plain] [] [awselb/2.0] [ccc0377a8afbf50e7094f5c23a8af223]
https://ps-mgmt-portal-okta.it.epicgames.com [403] [GET] [text/plain] [] [awselb/2.0] [ccc0377a8afbf50e7094f5c23a8af223]
https://ps-mgmt-portal-okta.stage.it.epicgames.com [403] [GET] [text/plain] [] [awselb/2.0] [ccc0377a8afbf50e7094f5c23a8af223]
https://redirect.epicgames.com [200] [GET] [text/html] [] [AmazonS3] [vhost] [cloudfront] [Amazon Cloudfront,Amazon S3,Amazon Web Services] [bf71d2f4bf9841f9241a6c033d09e025]
https://remotework.epicgames.com [302] [GET] [application/binary] [] [ESF] [vhost] [d41d8cd98f00b204e9800998ecf8427e]
https://resource-api-prod.artpipeline-dev.it.epicgames.com [403] [GET] [application/json] [] [] [vhost] [cloudfront] [Amazon Cloudfront,Amazon Web Services] [bc45704aad57d445b6dfa58b101071e3]
https://resource-api.artpipeline-dev.it.epicgames.com [403] [GET] [application/json] [] [] [vhost] [cloudfront] [Amazon Cloudfront,Amazon Web Services] [bc45704aad57d445b6dfa58b101071e3]
https://rtcp-madness-web.dev.rtcp.on.epicgames.com [200] [GET] [text/html] [Madness Web Client] [] [vhost] [Express,Node.js] [c15a8f23df282f4085cd28a81d2acfa8]
https://rtcp-test-ms-mock.dev.rtcp.on.epicgames.com [404] [GET] [application/json] [] [] [vhost] [4646d63098e18e9e7098015a3bc6ba89]
https://rtcp-test-signaling-mock.dev.rtcp.on.epicgames.com [404] [GET] [] [] [] [vhost] [1e6cd917ed71a1241e4bedc29264bd98]
https://sda-admin-okta.it-entapps-dev.epicgames.com [403] [GET] [text/plain] [] [awselb/2.0] [ccc0377a8afbf50e7094f5c23a8af223]
https://sda-admin-okta.it.epicgames.com [403] [GET] [text/plain] [] [awselb/2.0] [ccc0377a8afbf50e7094f5c23a8af223]
https://securemail.epicgames.com [403] [GET] [text/html] [] [] [12ad6874f2d36eb26a91812772d78654]
https://securemail.epicgames.com:10000 [302] [GET] [text/html] [302 Found] [] [adf2bc3392873ce7e657859d910cc772]
https://service-bot.eut.it.epicgames.com [400] [GET] [text/html] [400 No required SSL certificate was sent] [nginx/1.14.0 (Ubuntu)] [Nginx,Ubuntu] [ee4d8a92014a00389dfd284ec2feb5f3]
https://service-bot.it.epicgames.com [400] [GET] [text/html] [400 No required SSL certificate was sent] [nginx/1.14.0 (Ubuntu)] [Nginx,Ubuntu] [ee4d8a92014a00389dfd284ec2feb5f3]
https://service-bot.stage.it.epicgames.com [400] [GET] [text/html] [400 No required SSL certificate was sent] [nginx/1.14.0 (Ubuntu)] [Nginx,Ubuntu] [ee4d8a92014a00389dfd284ec2feb5f3]
https://shadowcomplexhelp.epicgames.com [302] [GET] [text/html] [302 Found] [] [vhost] [cfbeaf604823f038b8b46f0ac862b98c]
https://shared-static-prod.epicgames.com [404] [GET] [text/html] [] [] [vhost] [9d1ead73e678fa2f51a70a933b0bf017]
https://sip.epicgames.com [404] [GET] [text/plain] [] [RTC/7.0] [c0dfac9aca413f634959a791a702e592]
https://social-ban-public-service-prod.ccec.live.use1a.on.epicgames.com [404] [GET] [text/plain] [] [awselb/2.0] [d41d8cd98f00b204e9800998ecf8427e]
https://social-ban-public-service-prod.ol.epicgames.com [404] [GET] [text/plain] [] [awselb/2.0] [d41d8cd98f00b204e9800998ecf8427e]
https://social-ban-public-service-prod.social.live.on.epicgames.com [404] [GET] [text/plain] [] [awselb/2.0] [d41d8cd98f00b204e9800998ecf8427e]
https://social-overlay-launchdarkly-api-prod.ol.epicgames.com [403] [GET] [application/json] [] [] [vhost] [905b1fbb26e082557ff0b3b3553cda6c]
https://static-assets-prod-dest.epicgames.com [400] [GET] [text/html] [Invalid URL] [AkamaiGHost] [0d0dbfac941035c86b1144fdb2e32eb5]
https://static-assets-prod-dest.epicgames.com [400] [GET] [text/html] [Invalid URL] [AkamaiGHost] [0eee9eee9d203a5c5463839129960c0f]
https://static-assets-prod.epicgames.com [403] [GET] [application/xml] [] [AmazonS3] [vhost] [Amazon Cloudfront,Amazon S3,Amazon Web Services] [2518aad728784c18336e2e1eaaa11003]
https://static-assets-prod.epicgames.com [403] [GET] [application/xml] [] [AmazonS3] [vhost] [Amazon Cloudfront,Amazon S3,Amazon Web Services] [9a88fac285c16200b454574dcbde7f61]
https://static-errors.epicgames.com [200] [GET] [text/html] [] [AmazonS3] [vhost] [cloudfront] [Amazon Cloudfront,Amazon S3,Amazon Web Services] [b75ce0eab11731db50d98b53aa33d7f3]
https://statsproxy-public-service-live.ol.epicgames.com [404] [GET] [] [] [] [d41d8cd98f00b204e9800998ecf8427e]
https://status.epicgames.com [200] [GET] [text/html] [Epic Games Public Status] [] [vhost] [Atlassian Statuspage] [6f8940f76166ccb1a29c0f92204851d6]
https://status.epicgames.com [200] [GET] [text/html] [Epic Games Public Status] [] [vhost] [Atlassian Statuspage] [d0b659c2b35f851356bd9d8f0ba72a10]
https://store-content-ipv4.ak.epicgames.com [404] [GET] [application/json] [] [istio-envoy] [vhost] [Envoy] [143d9cf4fbc40ff9e4c9c6af9a3955b4]
https://store-content.ak.epicgames.com [404] [GET] [application/json] [] [istio-envoy] [vhost] [Envoy] [143d9cf4fbc40ff9e4c9c6af9a3955b4]
https://store-launcher-cdn.epicgames.com [301] [GET] [text/html] [301 Moved Permanently] [awselb/2.0] [vhost] [cloudfront] [Amazon Cloudfront,Amazon Web Services] [4aa7a432bb447f094408f1bd6229c605]
https://store-launcher.epicgames.com [301] [GET] [text/html] [301 Moved Permanently] [awselb/2.0] [vhost] [cloudfront] [Amazon Cloudfront,Amazon Web Services] [4aa7a432bb447f094408f1bd6229c605]
https://store-site-backend-static-ipv4.ak.epicgames.com [404] [GET] [text/plain] [] [] [vhost] [9d1ead73e678fa2f51a70a933b0bf017]
https://store-site-backend-static.ak.epicgames.com [404] [GET] [text/plain] [] [] [vhost] [9d1ead73e678fa2f51a70a933b0bf017]
https://store.epicgames.com [302] [GET] [text/plain] [] [] [vhost] [cloudfront] [Amazon Cloudfront,Amazon Web Services] [fe00e927e7779e64e9d0b96e36ad19ce]
https://substrate.store.epicgames.com [302] [GET] [text/plain] [] [] [vhost] [cloudfront] [Amazon Cloudfront,Amazon Web Services] [fe00e927e7779e64e9d0b96e36ad19ce]
https://talon-service-prod.ak.epicgames.com [200] [GET] [text/plain] [] [] [vhost] [0f78202f25444f8efea63365e9b420e5]
https://talon-service-prod.ecosec.on.epicgames.com [200] [GET] [text/plain] [] [cloudflare] [vhost] [cloudflare] [Cloudflare,Cloudflare Bot Management] [0f78202f25444f8efea63365e9b420e5]
https://talon-service-prod.ecosec.on.epicgames.com:2053 [521] [GET] [text/html] [521 Origin Down] [cloudflare] [vhost] [cloudflare] [Cloudflare,Cloudflare Bot Management] [2a9f35311470c957e08fab38f5a2de0f]
https://talon-service-prod.ecosec.on.epicgames.com:2083 [521] [GET] [] [] [cloudflare] [vhost] [cloudflare] [Cloudflare,Cloudflare Bot Management] [d41d8cd98f00b204e9800998ecf8427e]
https://talon-service-prod.ecosec.on.epicgames.com:2087 [521] [GET] [text/html] [521 Origin Down] [cloudflare] [vhost] [cloudflare] [Cloudflare,Cloudflare Bot Management] [ef9fb3d5103f167f03f1ba21f74651c4]
https://talon-service-prod.ecosec.on.epicgames.com:2096 [521] [GET] [] [] [cloudflare] [vhost] [cloudflare] [Cloudflare,Cloudflare Bot Management] [d41d8cd98f00b204e9800998ecf8427e]
https://talon-service-prod.ecosec.on.epicgames.com:8443 [403] [GET] [text/html] [Attention Required! | Cloudflare] [cloudflare] [vhost] [cloudflare] [Cloudflare,Cloudflare Bot Management] [7e6930037563b1629430b1a2e62a2507]
https://talon-service-v4-prod.ak.epicgames.com [200] [GET] [text/plain] [] [] [vhost] [0f78202f25444f8efea63365e9b420e5]
https://talon-website-prod.ak.epicgames.com [200] [GET] [text/html] [Talon Service] [] [vhost] [Akamai,React] [97fff6467670f14e4cf2624006d05e0c]
https://talon-website-prod.ecosec.on.epicgames.com [200] [GET] [text/html] [Talon Service] [cloudflare] [vhost] [cloudflare] [Cloudflare,Cloudflare Bot Management,React] [514337ebc7c52b4d6bc120576824ffb5]
https://talon-website-prod.ecosec.on.epicgames.com [200] [GET] [text/html] [Talon Service] [cloudflare] [vhost] [cloudflare] [Cloudflare,Cloudflare Bot Management,React] [725c20bb39fea2d54ac59fd20ed93114]
https://talon-website-prod.ecosec.on.epicgames.com:2053 [521] [GET] [] [] [cloudflare] [vhost] [cloudflare] [Cloudflare,Cloudflare Bot Management] [d41d8cd98f00b204e9800998ecf8427e]
https://talon-website-prod.ecosec.on.epicgames.com:2083 [521] [GET] [] [] [cloudflare] [vhost] [cloudflare] [Cloudflare,Cloudflare Bot Management] [d41d8cd98f00b204e9800998ecf8427e]
https://talon-website-prod.ecosec.on.epicgames.com:2087 [521] [GET] [] [] [cloudflare] [vhost] [cloudflare] [Cloudflare,Cloudflare Bot Management] [d41d8cd98f00b204e9800998ecf8427e]
https://talon-website-prod.ecosec.on.epicgames.com:2096 [521] [GET] [] [] [cloudflare] [vhost] [cloudflare] [Cloudflare,Cloudflare Bot Management] [d41d8cd98f00b204e9800998ecf8427e]
https://talon-website-prod.ecosec.on.epicgames.com:8443 [521] [GET] [] [] [cloudflare] [vhost] [cloudflare] [Cloudflare,Cloudflare Bot Management] [d41d8cd98f00b204e9800998ecf8427e]
https://targetprocess-bot.eut.it.epicgames.com [400] [GET] [text/html] [400 No required SSL certificate was sent] [nginx/1.14.0 (Ubuntu)] [Nginx,Ubuntu] [e5a802bdce7391511909e31282d932b1]
https://targetprocess-bot.it.epicgames.com [400] [GET] [text/html] [400 No required SSL certificate was sent] [nginx/1.14.0 (Ubuntu)] [Nginx,Ubuntu] [e5a802bdce7391511909e31282d932b1]
https://targetprocess-bot.stage.it.epicgames.com [400] [GET] [text/html] [400 No required SSL certificate was sent] [nginx/1.14.0 (Ubuntu)] [Nginx,Ubuntu] [ee4d8a92014a00389dfd284ec2feb5f3]
https://tracking.epicgames.com [404] [GET] [text/html] [Error] [] [da7da7d630292e7a2a7dda8ca87b3d39]
https://twitch.epicgames.com [302] [GET] [text/plain] [] [] [vhost] [cloudfront] [Amazon Cloudfront,Amazon Web Services] [5e0be5b185efef3e4348ba63767203df]
https://uas.beef.live.use1a.on.epicgames.com [404] [GET] [text/plain] [] [] [vhost] [595e88012a6521aae3e12cbebe76eb9e]
https://udn.epicgames.com [301] [GET] [text/html] [301 Moved Permanently] [] [cd2e0e43980a00fb6a2742d3afd803b8]
https://ue-launcher-website-prod.ol.epicgames.com [302] [GET] [text/plain] [] [] [vhost] [bba63e6c907dd52d8c3c9e039c4282e0]
https://ue5help.epicgames.com [301] [GET] [] [] [] [vhost] [d41d8cd98f00b204e9800998ecf8427e]
https://uebd.epicgames.com [302] [GET] [application/binary] [] [ESF] [vhost] [d41d8cd98f00b204e9800998ecf8427e]
https://unrealbd.epicgames.com [302] [GET] [application/binary] [] [ESF] [vhost] [d41d8cd98f00b204e9800998ecf8427e]
https://unrealengine-ci-debug.ol.epicgames.com [503] [GET] [] [] [] [d41d8cd98f00b204e9800998ecf8427e]
https://unrealenginehelp.epicgames.com [302] [GET] [text/html] [] [] [vhost] [d41d8cd98f00b204e9800998ecf8427e]
https://unrealenginehelp.epicgames.com:8443 [403] [GET] [] [Certificate Error] [BigIP] [F5 BigIP] [f0a57c80f2131bb0d1cdddfb7d691325]
https://unrealenginehelp.epicgames.com:9443 [403] [GET] [] [Certificate Error] [BigIP] [F5 BigIP] [f0a57c80f2131bb0d1cdddfb7d691325]
https://unrealstudio.epicgames.com [403] [GET] [application/xml] [] [AmazonS3] [vhost] [cloudfront] [Amazon Cloudfront,Amazon S3,Amazon Web Services] [2ce9b62097f8c27fd125c57e19dac932]
https://unrealstudio.epicgames.com [403] [GET] [application/xml] [] [AmazonS3] [vhost] [cloudfront] [Amazon Cloudfront,Amazon S3,Amazon Web Services] [9381054ea24f63cbc95e6483f7f42a8f]
https://unrealstudiohelp.epicgames.com [301] [GET] [text/html] [301 Moved Permanently] [] [cd2e0e43980a00fb6a2742d3afd803b8]
https://use.jupiter.devtools.epicgames.com [404] [GET] [text/plain] [] [awselb/2.0] [d41d8cd98f00b204e9800998ecf8427e]
https://use1.vault.substrate.on.epicgames.com [407] [GET] [] [] [awselb/2.0] [d41d8cd98f00b204e9800998ecf8427e]
https://use1.vault.substrate.on.epicgames.com:8200 [407] [GET] [] [] [awselb/2.0] [d41d8cd98f00b204e9800998ecf8427e]
https://user-search-service-prod.ccec.live.use1a.on.epicgames.com [404] [GET] [text/plain] [] [awselb/2.0] [d41d8cd98f00b204e9800998ecf8427e]
https://user-search-service-prod.ol.epicgames.com [404] [GET] [text/plain] [] [awselb/2.0] [d41d8cd98f00b204e9800998ecf8427e]
https://usw.jupiter.devtools.epicgames.com [404] [GET] [text/plain] [] [awselb/2.0] [d41d8cd98f00b204e9800998ecf8427e]
https://ut-public-service-prod10.ol.epicgames.com [404] [GET] [] [] [Jetty(9.4.z-SNAPSHOT)] [vhost] [Amazon ELB,Amazon Web Services,Java,Jetty] [d41d8cd98f00b204e9800998ecf8427e]
https://utforums.epicgames.com [301] [GET] [text/html] [301 Moved Permanently] [] [cd2e0e43980a00fb6a2742d3afd803b8]
https://vault.substrate.on.epicgames.com [407] [GET] [] [] [awselb/2.0] [d41d8cd98f00b204e9800998ecf8427e]
https://vault.substrate.on.epicgames.com:8200 [407] [GET] [] [] [awselb/2.0] [d41d8cd98f00b204e9800998ecf8427e]
https://vfxfellowship.epicgames.com [302] [GET] [] [] [nginx] [Google Cloud,Google Cloud CDN,Nginx] [d41d8cd98f00b204e9800998ecf8427e]
https://viper-public-service-live-prod.ol.epicgames.com [503] [GET] [] [] [] [d41d8cd98f00b204e9800998ecf8427e]
https://vpn-dc4-ft.it.epicgames.com [404] [GET] [text/html] [Document Error: Not Found] [] [0952e6a6eed71200bdb55bf83db4ee1a]
https://vpn-dc4.it.epicgames.com [200] [GET] [text/html] [] [] [f91a416be352a03c76b6ce8f948eda4d]
https://vpn-ld8-ft.it.epicgames.com [404] [GET] [text/html] [Document Error: Not Found] [] [0952e6a6eed71200bdb55bf83db4ee1a]
https://vpn-ld8.it.epicgames.com [503] [GET] [text/html] [Application Blocked] [] [c79e9025bf1c9f2e213c09bb86974d12]
https://vpn-portal.epicgames.com [200] [GET] [text/html] [] [] [f91a416be352a03c76b6ce8f948eda4d]
https://vpn-rdu.it.epicgames.com [200] [GET] [text/html] [] [] [f91a416be352a03c76b6ce8f948eda4d]
https://vpn-se2-ft.it.epicgames.com [404] [GET] [text/html] [Document Error: Not Found] [] [0952e6a6eed71200bdb55bf83db4ee1a]
https://vpn-se2.it.epicgames.com [200] [GET] [text/html] [] [] [f91a416be352a03c76b6ce8f948eda4d]
https://vpn-sel.it.epicgames.com [404] [GET] [text/html] [Document Error: Not Found] [] [0952e6a6eed71200bdb55bf83db4ee1a]
https://vpn-sh5-01.it.epicgames.com [404] [GET] [text/html] [Document Error: Not Found] [] [0952e6a6eed71200bdb55bf83db4ee1a]
https://vpn-sh5-ft-01.it.epicgames.com [404] [GET] [text/html] [Document Error: Not Found] [] [0952e6a6eed71200bdb55bf83db4ee1a]
https://vpn-sk2-ft.it.epicgames.com [404] [GET] [text/html] [Document Error: Not Found] [] [0952e6a6eed71200bdb55bf83db4ee1a]
https://vpn-sk2.it.epicgames.com [404] [GET] [text/html] [Document Error: Not Found] [] [0952e6a6eed71200bdb55bf83db4ee1a]
https://vpn-sv10-ft.it.epicgames.com [404] [GET] [text/html] [Document Error: Not Found] [] [0952e6a6eed71200bdb55bf83db4ee1a]
https://vpn-sv10.it.epicgames.com [404] [GET] [text/html] [Document Error: Not Found] [] [0952e6a6eed71200bdb55bf83db4ee1a]
https://vpn-yok.it.epicgames.com [404] [GET] [text/html] [Document Error: Not Found] [] [0952e6a6eed71200bdb55bf83db4ee1a]
https://wdps-okta.eut.it.epicgames.com [403] [GET] [text/plain] [] [awselb/2.0] [ccc0377a8afbf50e7094f5c23a8af223]
https://wdps-okta.it.epicgames.com [403] [GET] [text/plain] [] [awselb/2.0] [ccc0377a8afbf50e7094f5c23a8af223]
https://wdps-okta.stage.it.epicgames.com [403] [GET] [text/plain] [] [awselb/2.0] [ccc0377a8afbf50e7094f5c23a8af223]
https://weighted-account-service-prod03.ol.epicgames.com [404] [GET] [text/html] [Error 404] [] [3bffaea7e3f9b876d1c619809f13eec6]
https://weighted-communications-service-prod06.ol.epicgames.com [404] [GET] [application/json] [] [] [1bf547acfd42287b4e7ff8e28fc179e8]
https://weighted-epic-connect-manager-prod.ol.epicgames.com [404] [GET] [] [] [] [vhost] [d41d8cd98f00b204e9800998ecf8427e]
https://weighted-payment-website-pci.ol.epicgames.com [404] [GET] [text/html] [404 Not Found] [] [vhost] [Amazon ALB,Amazon Web Services] [70461da8b94c6ca5d2fda3260c5a8c3b]
https://weighted-zh-accounts.epicgames.com [400] [GET] [text/html] [Client Bad Request] [TencentWAF] [vhost] [7b4a83bd9c0122edff6f726a40ceccdf]
https://weighted-zh-accounts.epicgames.com:8443 [400] [GET] [text/html] [Client Bad Request] [TencentWAF] [7b4a83bd9c0122edff6f726a40ceccdf]
https://weighted-zh-catalog-public-service-prod06.ol.epicgames.com [403] [GET] [text/html] [403 Forbidden] [nginx] [Nginx] [bc56979a0b381a791dd59713198a87fb]
https://weighted-zh-graphql.epicgames.com [400] [GET] [text/html] [Client Bad Request] [TencentWAF] [7b4a83bd9c0122edff6f726a40ceccdf]
https://weighted-zh-graphql.epicgames.com [400] [GET] [text/html] [Client Bad Request] [TencentWAF] [vhost] [7b4a83bd9c0122edff6f726a40ceccdf]
https://weighted-zh-graphql.epicgames.com:8443 [400] [GET] [text/html] [Client Bad Request] [TencentWAF] [vhost] [7b4a83bd9c0122edff6f726a40ceccdf]
https://weighted-zh-store.epicgames.com [400] [GET] [text/html] [Client Bad Request] [TencentWAF] [vhost] [7b4a83bd9c0122edff6f726a40ceccdf]
https://weighted-zh-store.epicgames.com:8443 [400] [GET] [text/html] [Client Bad Request] [TencentWAF] [vhost] [7b4a83bd9c0122edff6f726a40ceccdf]
https://weighted-zh-tracking.epicgames.com [403] [GET] [text/html] [403 Forbidden] [nginx] [Nginx] [4dec45889e09ec3ceb63fd65825d0f11]
https://weighted-zh-tracking.epicgames.com [403] [GET] [text/html] [403 Forbidden] [nginx] [Nginx] [bc56979a0b381a791dd59713198a87fb]
https://weighted.epicgames.com [301] [GET] [text/html] [301 Moved Permanently] [] [cd2e0e43980a00fb6a2742d3afd803b8]
https://wex-public-service-live-prod.ol.epicgames.com [404] [GET] [] [] [] [d41d8cd98f00b204e9800998ecf8427e]
https://www.epicgames.com [301] [GET] [text/html] [301 Moved Permanently] [] [cd2e0e43980a00fb6a2742d3afd803b8]
https://xmpp-service-prod-clb.ccec.live.use1a.on.epicgames.com [400] [GET] [] [] [] [d41d8cd98f00b204e9800998ecf8427e]
https://xmpp-service-prod-m.ol.epicgames.com [400] [GET] [] [] [] [d41d8cd98f00b204e9800998ecf8427e]
https://xmpp-service-prod.ol.epicgames.com [400] [GET] [] [] [] [d41d8cd98f00b204e9800998ecf8427e]
https://xmpp-service-prod.social.live.on.epicgames.com [400] [GET] [] [] [] [d41d8cd98f00b204e9800998ecf8427e]
