http://ada.exodus.io:8080 [301] [GET] [] [] [cloudflare] [cloudflare] [d41d8cd98f00b204e9800998ecf8427e]
http://algo-api.a.exodus.io:8080 [403] [GET] [text/plain] [] [cloudflare] [cloudflare] [7b5ea53ba332630e5aca8e4abb807f70]
http://algo-s.a.exodus.io:8080 [403] [GET] [text/plain] [] [cloudflare] [cloudflare] [7b5ea53ba332630e5aca8e4abb807f70]
http://algo.a.exodus.io:8080 [403] [GET] [text/plain] [] [cloudflare] [cloudflare] [7b5ea53ba332630e5aca8e4abb807f70]
http://ark.exodus.io:8080 [301] [GET] [] [] [cloudflare] [cloudflare] [d41d8cd98f00b204e9800998ecf8427e]
http://atom.exodus.io:8080 [301] [GET] [] [] [cloudflare] [cloudflare] [d41d8cd98f00b204e9800998ecf8427e]
http://atom3.a.exodus.io:8080 [301] [GET] [] [] [cloudflare] [cloudflare] [d41d8cd98f00b204e9800998ecf8427e]
http://atom3.a.exodus.io:8443 [400] [GET] [text/html] [400 The plain HTTP request was sent to HTTPS port] [cloudflare] [cloudflare] [20ad84d030031252141ca0b3fc0183f0]
http://atom3.exodus.io:8080 [301] [GET] [] [] [cloudflare] [cloudflare] [d41d8cd98f00b204e9800998ecf8427e]
http://atom4.a.exodus.io:8080 [301] [GET] [] [] [cloudflare] [cloudflare] [d41d8cd98f00b204e9800998ecf8427e]
http://atom4.a.exodus.io:8443 [400] [GET] [text/html] [400 The plain HTTP request was sent to HTTPS port] [cloudflare] [cloudflare] [cd58783500d7fa3c58f88eb0ba22f4f8]
http://bitcoin.a.exodus.io:8080 [301] [GET] [] [] [cloudflare] [cloudflare] [d41d8cd98f00b204e9800998ecf8427e]
http://bitcoin.a.exodus.io:8443 [400] [GET] [text/html] [400 The plain HTTP request was sent to HTTPS port] [cloudflare] [cloudflare] [cd58783500d7fa3c58f88eb0ba22f4f8]
http://bitcoin.exodus.io:8080 [301] [GET] [] [] [cloudflare] [cloudflare] [d41d8cd98f00b204e9800998ecf8427e]
http://bitcoincash.a.exodus.io:8080 [301] [GET] [] [] [cloudflare] [cloudflare] [d41d8cd98f00b204e9800998ecf8427e]
http://bitcoincash.a.exodus.io:8443 [400] [GET] [text/html] [400 The plain HTTP request was sent to HTTPS port] [cloudflare] [cloudflare] [20ad84d030031252141ca0b3fc0183f0]
http://bitcoincash.exodus.io:8080 [301] [GET] [] [] [cloudflare] [cloudflare] [d41d8cd98f00b204e9800998ecf8427e]
http://bitcoincashnode.a.exodus.io:8080 [301] [GET] [] [] [cloudflare] [cloudflare] [d41d8cd98f00b204e9800998ecf8427e]
http://bitcoincashnode.a.exodus.io:8443 [400] [GET] [text/html] [400 The plain HTTP request was sent to HTTPS port] [cloudflare] [cloudflare] [20ad84d030031252141ca0b3fc0183f0]
http://bitcoingold.a.exodus.io:8080 [301] [GET] [] [] [cloudflare] [cloudflare] [d41d8cd98f00b204e9800998ecf8427e]
http://bitcoingold.a.exodus.io:8443 [400] [GET] [text/html] [400 The plain HTTP request was sent to HTTPS port] [cloudflare] [cloudflare] [20ad84d030031252141ca0b3fc0183f0]
http://bitcoingold.exodus.io:8080 [301] [GET] [] [] [cloudflare] [cloudflare] [d41d8cd98f00b204e9800998ecf8427e]
http://bitcoinsv.a.exodus.io:8080 [301] [GET] [] [] [cloudflare] [cloudflare] [d41d8cd98f00b204e9800998ecf8427e]
http://bitcoinsv.a.exodus.io:8443 [400] [GET] [text/html] [400 The plain HTTP request was sent to HTTPS port] [cloudflare] [cloudflare] [cd58783500d7fa3c58f88eb0ba22f4f8]
http://bitcoinsv.exodus.io:8080 [301] [GET] [] [] [cloudflare] [cloudflare] [d41d8cd98f00b204e9800998ecf8427e]
http://blog.exodus.io:8080 [301] [GET] [] [] [cloudflare] [cloudflare] [d41d8cd98f00b204e9800998ecf8427e]
http://cardano.a.exodus.io:8080 [301] [GET] [] [] [cloudflare] [cloudflare] [d41d8cd98f00b204e9800998ecf8427e]
http://cardano.a.exodus.io:8443 [400] [GET] [text/html] [400 The plain HTTP request was sent to HTTPS port] [cloudflare] [cloudflare] [20ad84d030031252141ca0b3fc0183f0]
http://dash.a.exodus.io:8080 [301] [GET] [] [] [cloudflare] [cloudflare] [d41d8cd98f00b204e9800998ecf8427e]
http://dash.a.exodus.io:8443 [400] [GET] [text/html] [400 The plain HTTP request was sent to HTTPS port] [cloudflare] [cloudflare] [20ad84d030031252141ca0b3fc0183f0]
http://dash.exodus.io:8080 [301] [GET] [] [] [cloudflare] [cloudflare] [d41d8cd98f00b204e9800998ecf8427e]
http://digibyte.a.exodus.io:8080 [301] [GET] [] [] [cloudflare] [cloudflare] [d41d8cd98f00b204e9800998ecf8427e]
http://digibyte.a.exodus.io:8443 [400] [GET] [text/html] [400 The plain HTTP request was sent to HTTPS port] [cloudflare] [cloudflare] [cd58783500d7fa3c58f88eb0ba22f4f8]
http://digibyte.exodus.io:8080 [301] [GET] [] [] [cloudflare] [cloudflare] [d41d8cd98f00b204e9800998ecf8427e]
http://dogecoin.a.exodus.io:8080 [301] [GET] [] [] [cloudflare] [cloudflare] [d41d8cd98f00b204e9800998ecf8427e]
http://dogecoin.a.exodus.io:8443 [400] [GET] [text/html] [400 The plain HTTP request was sent to HTTPS port] [cloudflare] [cloudflare] [cd58783500d7fa3c58f88eb0ba22f4f8]
http://dogecoin.exodus.io:8080 [301] [GET] [] [] [cloudflare] [cloudflare] [d41d8cd98f00b204e9800998ecf8427e]
http://downloads.exodus.io:8080 [301] [GET] [] [] [cloudflare] [cloudflare] [d41d8cd98f00b204e9800998ecf8427e]
http://eos.a.exodus.io:8080 [301] [GET] [] [] [cloudflare] [cloudflare] [d41d8cd98f00b204e9800998ecf8427e]
http://eos.a.exodus.io:8443 [400] [GET] [text/html] [400 The plain HTTP request was sent to HTTPS port] [cloudflare] [cloudflare] [cd58783500d7fa3c58f88eb0ba22f4f8]
http://eos.exodus.io:8080 [301] [GET] [] [] [cloudflare] [cloudflare] [d41d8cd98f00b204e9800998ecf8427e]
http://etc.a.exodus.io:8080 [301] [GET] [] [] [cloudflare] [cloudflare] [d41d8cd98f00b204e9800998ecf8427e]
http://etc.a.exodus.io:8443 [400] [GET] [text/html] [400 The plain HTTP request was sent to HTTPS port] [cloudflare] [cloudflare] [cd58783500d7fa3c58f88eb0ba22f4f8]
http://etc.exodus.io:8080 [301] [GET] [] [] [cloudflare] [cloudflare] [d41d8cd98f00b204e9800998ecf8427e]
http://eth.a.exodus.io:8080 [301] [GET] [] [] [cloudflare] [cloudflare] [d41d8cd98f00b204e9800998ecf8427e]
http://eth.a.exodus.io:8443 [400] [GET] [text/html] [400 The plain HTTP request was sent to HTTPS port] [cloudflare] [cloudflare] [cd58783500d7fa3c58f88eb0ba22f4f8]
http://eth.exodus.io:8080 [301] [GET] [] [] [cloudflare] [cloudflare] [d41d8cd98f00b204e9800998ecf8427e]
http://exchange-d.exodus.io:8080 [301] [GET] [] [] [cloudflare] [cloudflare] [d41d8cd98f00b204e9800998ecf8427e]
http://exchange-d.exodus.io:8443 [400] [GET] [text/html] [400 The plain HTTP request was sent to HTTPS port] [cloudflare] [cloudflare] [20ad84d030031252141ca0b3fc0183f0]
http://exchange-eden.exodus.io:8080 [301] [GET] [] [] [cloudflare] [cloudflare] [d41d8cd98f00b204e9800998ecf8427e]
http://exchange-eden.exodus.io:8443 [400] [GET] [text/html] [400 The plain HTTP request was sent to HTTPS port] [cloudflare] [cloudflare] [20ad84d030031252141ca0b3fc0183f0]
http://exchange-p.exodus.io:8080 [301] [GET] [] [] [cloudflare] [cloudflare] [d41d8cd98f00b204e9800998ecf8427e]
http://exchange-p.exodus.io:8443 [400] [GET] [text/html] [400 The plain HTTP request was sent to HTTPS port] [cloudflare] [cloudflare] [cd58783500d7fa3c58f88eb0ba22f4f8]
http://exchange-s.exodus.io:8080 [301] [GET] [] [] [cloudflare] [cloudflare] [d41d8cd98f00b204e9800998ecf8427e]
http://exchange-s.exodus.io:8443 [400] [GET] [text/html] [400 The plain HTTP request was sent to HTTPS port] [cloudflare] [cloudflare] [cd58783500d7fa3c58f88eb0ba22f4f8]
http://exchange.exodus.io:8080 [301] [GET] [] [] [cloudflare] [cloudflare] [d41d8cd98f00b204e9800998ecf8427e]
http://exchange.exodus.io:8443 [400] [GET] [text/html] [400 The plain HTTP request was sent to HTTPS port] [cloudflare] [cloudflare] [20ad84d030031252141ca0b3fc0183f0]
http://exotrack.exodus.io:8080 [301] [GET] [] [] [cloudflare] [cloudflare] [d41d8cd98f00b204e9800998ecf8427e]
http://fiat-exchange-d.exodus.io:8080 [301] [GET] [] [] [cloudflare] [cloudflare] [d41d8cd98f00b204e9800998ecf8427e]
http://fiat-exchange-d.exodus.io:8443 [400] [GET] [text/html] [400 The plain HTTP request was sent to HTTPS port] [cloudflare] [cloudflare] [20ad84d030031252141ca0b3fc0183f0]
http://fiat-exchange-p.exodus.io:8080 [301] [GET] [] [] [cloudflare] [cloudflare] [d41d8cd98f00b204e9800998ecf8427e]
http://fiat-exchange-p.exodus.io:8443 [400] [GET] [text/html] [400 The plain HTTP request was sent to HTTPS port] [cloudflare] [cloudflare] [20ad84d030031252141ca0b3fc0183f0]
http://fiat-exchange-s.exodus.io:8080 [301] [GET] [] [] [cloudflare] [cloudflare] [d41d8cd98f00b204e9800998ecf8427e]
http://fiat-exchange-s.exodus.io:8443 [400] [GET] [text/html] [400 The plain HTTP request was sent to HTTPS port] [cloudflare] [cloudflare] [cd58783500d7fa3c58f88eb0ba22f4f8]
http://fiat-exchange.exodus.io:8080 [301] [GET] [] [] [cloudflare] [cloudflare] [d41d8cd98f00b204e9800998ecf8427e]
http://fiat-exchange.exodus.io:8443 [400] [GET] [text/html] [400 The plain HTTP request was sent to HTTPS port] [cloudflare] [cloudflare] [cd58783500d7fa3c58f88eb0ba22f4f8]
http://fusion.exodus.io:8080 [301] [GET] [] [] [cloudflare] [cloudflare] [d41d8cd98f00b204e9800998ecf8427e]
http://fusion.exodus.io:8443 [400] [GET] [text/html] [400 The plain HTTP request was sent to HTTPS port] [cloudflare] [cloudflare] [20ad84d030031252141ca0b3fc0183f0]
http://getc.a.exodus.io:8080 [301] [GET] [] [] [cloudflare] [cloudflare] [d41d8cd98f00b204e9800998ecf8427e]
http://getc.a.exodus.io:8443 [400] [GET] [text/html] [400 The plain HTTP request was sent to HTTPS port] [cloudflare] [cloudflare] [cd58783500d7fa3c58f88eb0ba22f4f8]
http://geth.a.exodus.io:8080 [301] [GET] [] [] [cloudflare] [cloudflare] [d41d8cd98f00b204e9800998ecf8427e]
http://geth.a.exodus.io:8443 [400] [GET] [text/html] [400 The plain HTTP request was sent to HTTPS port] [cloudflare] [cloudflare] [20ad84d030031252141ca0b3fc0183f0]
http://ghost.exodus.io:8080 [301] [GET] [] [] [cloudflare] [cloudflare] [d41d8cd98f00b204e9800998ecf8427e]
http://ghost.exodus.io:8443 [400] [GET] [text/html] [400 The plain HTTP request was sent to HTTPS port] [cloudflare] [cloudflare] [20ad84d030031252141ca0b3fc0183f0]
http://gl.exodus.io:8080 [301] [GET] [] [] [cloudflare] [cloudflare] [d41d8cd98f00b204e9800998ecf8427e]
http://global-coin-height.exodus.io:8080 [301] [GET] [] [] [cloudflare] [vhost] [cloudflare] [d41d8cd98f00b204e9800998ecf8427e]
http://global-coin-height.exodus.io:8443 [400] [GET] [text/html] [400 The plain HTTP request was sent to HTTPS port] [cloudflare] [cloudflare] [cd58783500d7fa3c58f88eb0ba22f4f8]
http://grafana.exodus.io:8080 [301] [GET] [] [] [cloudflare] [cloudflare] [d41d8cd98f00b204e9800998ecf8427e]
http://hedera.a.exodus.io:8080 [301] [GET] [] [] [cloudflare] [vhost] [cloudflare] [d41d8cd98f00b204e9800998ecf8427e]
http://hedera.a.exodus.io:8443 [400] [GET] [text/html] [400 The plain HTTP request was sent to HTTPS port] [cloudflare] [cloudflare] [cd58783500d7fa3c58f88eb0ba22f4f8]
http://help.exodus.io:8080 [301] [GET] [] [] [cloudflare] [cloudflare] [d41d8cd98f00b204e9800998ecf8427e]
http://image-resizer.exodus.io:8080 [301] [GET] [] [] [cloudflare] [cloudflare] [d41d8cd98f00b204e9800998ecf8427e]
http://image-resizer.exodus.io:8443 [400] [GET] [text/html] [400 The plain HTTP request was sent to HTTPS port] [cloudflare] [cloudflare] [cd58783500d7fa3c58f88eb0ba22f4f8]
http://litecoin.a.exodus.io:8080 [301] [GET] [] [] [cloudflare] [cloudflare] [d41d8cd98f00b204e9800998ecf8427e]
http://litecoin.a.exodus.io:8443 [400] [GET] [text/html] [400 The plain HTTP request was sent to HTTPS port] [cloudflare] [cloudflare] [cd58783500d7fa3c58f88eb0ba22f4f8]
http://litecoin.exodus.io:8080 [301] [GET] [] [] [cloudflare] [cloudflare] [d41d8cd98f00b204e9800998ecf8427e]
http://magnifier.exodus.io:8080 [301] [GET] [] [] [cloudflare] [cloudflare] [d41d8cd98f00b204e9800998ecf8427e]
http://magnifier.exodus.io:8443 [400] [GET] [text/html] [400 The plain HTTP request was sent to HTTPS port] [cloudflare] [cloudflare] [cd58783500d7fa3c58f88eb0ba22f4f8]
http://marley-d.exodus.io:8080 [301] [GET] [] [] [cloudflare] [cloudflare] [d41d8cd98f00b204e9800998ecf8427e]
http://marley-d.exodus.io:8443 [400] [GET] [text/html] [400 The plain HTTP request was sent to HTTPS port] [cloudflare] [cloudflare] [cd58783500d7fa3c58f88eb0ba22f4f8]
http://marley-p.exodus.io:8080 [301] [GET] [] [] [cloudflare] [cloudflare] [d41d8cd98f00b204e9800998ecf8427e]
http://marley-p.exodus.io:8443 [400] [GET] [text/html] [400 The plain HTTP request was sent to HTTPS port] [cloudflare] [cloudflare] [cd58783500d7fa3c58f88eb0ba22f4f8]
http://metadata.exodus.io:8080 [301] [GET] [] [] [cloudflare] [cloudflare] [d41d8cd98f00b204e9800998ecf8427e]
http://nano-timestamps.exodus.io:8080 [301] [GET] [] [] [cloudflare] [cloudflare] [d41d8cd98f00b204e9800998ecf8427e]
http://nano.a.exodus.io:8080 [301] [GET] [] [] [cloudflare] [cloudflare] [d41d8cd98f00b204e9800998ecf8427e]
http://nano.a.exodus.io:8443 [400] [GET] [text/html] [400 The plain HTTP request was sent to HTTPS port] [cloudflare] [cloudflare] [20ad84d030031252141ca0b3fc0183f0]
http://nano.exodus.io:8080 [301] [GET] [] [] [cloudflare] [cloudflare] [d41d8cd98f00b204e9800998ecf8427e]
http://nem.exodus.io:8080 [301] [GET] [] [] [cloudflare] [cloudflare] [d41d8cd98f00b204e9800998ecf8427e]
http://neo-mag-d.a.exodus.io:8080 [301] [GET] [] [] [cloudflare] [cloudflare] [d41d8cd98f00b204e9800998ecf8427e]
http://neo-mag-d.a.exodus.io:8443 [400] [GET] [text/html] [400 The plain HTTP request was sent to HTTPS port] [cloudflare] [cloudflare] [cd58783500d7fa3c58f88eb0ba22f4f8]
http://neo-mag.a.exodus.io:8080 [301] [GET] [] [] [cloudflare] [cloudflare] [d41d8cd98f00b204e9800998ecf8427e]
http://neo-mag.a.exodus.io:8443 [400] [GET] [text/html] [400 The plain HTTP request was sent to HTTPS port] [cloudflare] [cloudflare] [cd58783500d7fa3c58f88eb0ba22f4f8]
http://neo.exodus.io:8080 [301] [GET] [] [] [cloudflare] [cloudflare] [d41d8cd98f00b204e9800998ecf8427e]
http://nf.exodus.io:8080 [301] [GET] [] [] [cloudflare] [cloudflare] [d41d8cd98f00b204e9800998ecf8427e]
http://nf.exodus.io:8443 [400] [GET] [text/html] [400 The plain HTTP request was sent to HTTPS port] [cloudflare] [cloudflare] [cd58783500d7fa3c58f88eb0ba22f4f8]
http://oauth-d.exodus.io:8080 [301] [GET] [] [] [cloudflare] [cloudflare] [d41d8cd98f00b204e9800998ecf8427e]
http://oauth-d.exodus.io:8443 [400] [GET] [text/html] [400 The plain HTTP request was sent to HTTPS port] [cloudflare] [cloudflare] [cd58783500d7fa3c58f88eb0ba22f4f8]
http://oauth-s.exodus.io:8080 [301] [GET] [] [] [cloudflare] [cloudflare] [d41d8cd98f00b204e9800998ecf8427e]
http://oauth-s.exodus.io:8443 [400] [GET] [text/html] [400 The plain HTTP request was sent to HTTPS port] [cloudflare] [cloudflare] [20ad84d030031252141ca0b3fc0183f0]
http://oauth.exodus.io:8080 [301] [GET] [] [] [cloudflare] [cloudflare] [d41d8cd98f00b204e9800998ecf8427e]
http://oauth.exodus.io:8443 [400] [GET] [text/html] [400 The plain HTTP request was sent to HTTPS port] [cloudflare] [cloudflare] [cd58783500d7fa3c58f88eb0ba22f4f8]
http://ont.a.exodus.io:8080 [301] [GET] [] [] [cloudflare] [cloudflare] [d41d8cd98f00b204e9800998ecf8427e]
http://ont.a.exodus.io:8443 [400] [GET] [text/html] [400 The plain HTTP request was sent to HTTPS port] [cloudflare] [cloudflare] [20ad84d030031252141ca0b3fc0183f0]
http://ont.exodus.io:8080 [301] [GET] [] [] [cloudflare] [cloudflare] [d41d8cd98f00b204e9800998ecf8427e]
http://ontexplorer.a.exodus.io:8080 [301] [GET] [] [] [cloudflare] [cloudflare] [d41d8cd98f00b204e9800998ecf8427e]
http://ontexplorer.a.exodus.io:8443 [400] [GET] [text/html] [400 The plain HTTP request was sent to HTTPS port] [cloudflare] [cloudflare] [cd58783500d7fa3c58f88eb0ba22f4f8]
http://ontexplorer.exodus.io:8080 [301] [GET] [] [] [cloudflare] [cloudflare] [d41d8cd98f00b204e9800998ecf8427e]
http://pricing-d.a.exodus.io:8080 [301] [GET] [] [] [cloudflare] [cloudflare] [d41d8cd98f00b204e9800998ecf8427e]
http://pricing-d.a.exodus.io:8443 [400] [GET] [text/html] [400 The plain HTTP request was sent to HTTPS port] [cloudflare] [cloudflare] [cd58783500d7fa3c58f88eb0ba22f4f8]
http://pricing.a.exodus.io:8080 [301] [GET] [] [] [cloudflare] [cloudflare] [d41d8cd98f00b204e9800998ecf8427e]
http://pricing.a.exodus.io:8443 [400] [GET] [text/html] [400 The plain HTTP request was sent to HTTPS port] [cloudflare] [cloudflare] [cd58783500d7fa3c58f88eb0ba22f4f8]
http://pricing.exodus.io:8080 [301] [GET] [] [] [cloudflare] [cloudflare] [d41d8cd98f00b204e9800998ecf8427e]
http://pto-d.exodus.io:8080 [301] [GET] [] [] [cloudflare] [cloudflare] [d41d8cd98f00b204e9800998ecf8427e]
http://pto-d.exodus.io:8443 [400] [GET] [text/html] [400 The plain HTTP request was sent to HTTPS port] [cloudflare] [cloudflare] [cd58783500d7fa3c58f88eb0ba22f4f8]
http://pto-p.exodus.io:8080 [301] [GET] [] [] [cloudflare] [cloudflare] [d41d8cd98f00b204e9800998ecf8427e]
http://pto-p.exodus.io:8443 [400] [GET] [text/html] [400 The plain HTTP request was sent to HTTPS port] [cloudflare] [cloudflare] [cd58783500d7fa3c58f88eb0ba22f4f8]
http://ptp-d.exodus.io:8080 [301] [GET] [] [] [cloudflare] [cloudflare] [d41d8cd98f00b204e9800998ecf8427e]
http://ptp-d.exodus.io:8443 [400] [GET] [text/html] [400 The plain HTTP request was sent to HTTPS port] [cloudflare] [cloudflare] [cd58783500d7fa3c58f88eb0ba22f4f8]
http://ptp-p.exodus.io:8080 [301] [GET] [] [] [cloudflare] [cloudflare] [d41d8cd98f00b204e9800998ecf8427e]
http://ptp-p.exodus.io:8443 [400] [GET] [text/html] [400 The plain HTTP request was sent to HTTPS port] [cloudflare] [cloudflare] [20ad84d030031252141ca0b3fc0183f0]
http://qtum.a.exodus.io:8080 [301] [GET] [] [] [cloudflare] [cloudflare] [d41d8cd98f00b204e9800998ecf8427e]
http://qtum.a.exodus.io:8443 [400] [GET] [text/html] [400 The plain HTTP request was sent to HTTPS port] [cloudflare] [cloudflare] [cd58783500d7fa3c58f88eb0ba22f4f8]
http://qtum.exodus.io:8080 [301] [GET] [] [] [cloudflare] [cloudflare] [d41d8cd98f00b204e9800998ecf8427e]
http://raven-d.a.exodus.io:8080 [301] [GET] [] [] [cloudflare] [cloudflare] [d41d8cd98f00b204e9800998ecf8427e]
http://raven-d.a.exodus.io:8443 [400] [GET] [text/html] [400 The plain HTTP request was sent to HTTPS port] [cloudflare] [cloudflare] [cd58783500d7fa3c58f88eb0ba22f4f8]
http://raven.exodus.io:8080 [301] [GET] [] [] [cloudflare] [cloudflare] [d41d8cd98f00b204e9800998ecf8427e]
http://remote-config-dev.exodus.io:8080 [301] [GET] [] [] [cloudflare] [cloudflare] [d41d8cd98f00b204e9800998ecf8427e]
http://remote-config.exodus.io:8080 [301] [GET] [] [] [cloudflare] [cloudflare] [d41d8cd98f00b204e9800998ecf8427e]
http://ripple.a.exodus.io:8080 [301] [GET] [] [] [cloudflare] [cloudflare] [d41d8cd98f00b204e9800998ecf8427e]
http://ripple.a.exodus.io:8443 [400] [GET] [text/html] [400 The plain HTTP request was sent to HTTPS port] [cloudflare] [cloudflare] [cd58783500d7fa3c58f88eb0ba22f4f8]
http://ripple.exodus.io:8080 [301] [GET] [] [] [cloudflare] [cloudflare] [d41d8cd98f00b204e9800998ecf8427e]
http://safe-report-d.exodus.io:8080 [403] [GET] [text/plain] [] [cloudflare] [cloudflare] [7b5ea53ba332630e5aca8e4abb807f70]
http://server.exodus.io:8080 [301] [GET] [] [] [cloudflare] [cloudflare] [d41d8cd98f00b204e9800998ecf8427e]
http://server.exodus.io:8443 [400] [GET] [text/html] [400 The plain HTTP request was sent to HTTPS port] [cloudflare] [cloudflare] [20ad84d030031252141ca0b3fc0183f0]
http://slack-invite.exodus.io [301] [GET] [] [] [cloudflare] [cloudflare] [d41d8cd98f00b204e9800998ecf8427e]
http://slack-invite.exodus.io:8080 [301] [GET] [] [] [cloudflare] [cloudflare] [d41d8cd98f00b204e9800998ecf8427e]
http://support-lt.exodus.io:8080 [301] [GET] [] [] [cloudflare] [cloudflare] [d41d8cd98f00b204e9800998ecf8427e]
http://support-lt.exodus.io:8443 [400] [GET] [text/html] [400 The plain HTTP request was sent to HTTPS port] [cloudflare] [cloudflare] [20ad84d030031252141ca0b3fc0183f0]
http://support.exodus.io:8080 [301] [GET] [] [] [cloudflare] [cloudflare] [d41d8cd98f00b204e9800998ecf8427e]
http://tezos.a.exodus.io:8080 [301] [GET] [] [] [cloudflare] [cloudflare] [d41d8cd98f00b204e9800998ecf8427e]
http://tezos.a.exodus.io:8443 [400] [GET] [text/html] [400 The plain HTTP request was sent to HTTPS port] [cloudflare] [cloudflare] [cd58783500d7fa3c58f88eb0ba22f4f8]
http://tezos.exodus.io:8080 [301] [GET] [] [] [cloudflare] [cloudflare] [d41d8cd98f00b204e9800998ecf8427e]
http://updates.exodus.io:8080 [301] [GET] [] [] [cloudflare] [cloudflare] [d41d8cd98f00b204e9800998ecf8427e]
http://vertcoin.exodus.io:8080 [301] [GET] [] [] [cloudflare] [cloudflare] [d41d8cd98f00b204e9800998ecf8427e]
http://vet.a.exodus.io:8080 [301] [GET] [] [] [cloudflare] [cloudflare] [d41d8cd98f00b204e9800998ecf8427e]
http://vet.a.exodus.io:8443 [400] [GET] [text/html] [400 The plain HTTP request was sent to HTTPS port] [cloudflare] [cloudflare] [20ad84d030031252141ca0b3fc0183f0]
http://vet.exodus.io:8080 [301] [GET] [] [] [cloudflare] [cloudflare] [d41d8cd98f00b204e9800998ecf8427e]
http://waves.exodus.io:8080 [301] [GET] [] [] [cloudflare] [cloudflare] [d41d8cd98f00b204e9800998ecf8427e]
http://www.exodus.io:8080 [301] [GET] [] [] [cloudflare] [vhost] [cloudflare] [d41d8cd98f00b204e9800998ecf8427e]
http://xmr.a.exodus.io:8080 [301] [GET] [] [] [cloudflare] [cloudflare] [d41d8cd98f00b204e9800998ecf8427e]
http://xmr.a.exodus.io:8443 [400] [GET] [text/html] [400 The plain HTTP request was sent to HTTPS port] [cloudflare] [cloudflare] [cd58783500d7fa3c58f88eb0ba22f4f8]
http://xmr.exodus.io:8080 [301] [GET] [] [] [cloudflare] [cloudflare] [d41d8cd98f00b204e9800998ecf8427e]
http://xtz.exodus.io:8080 [301] [GET] [] [] [cloudflare] [cloudflare] [d41d8cd98f00b204e9800998ecf8427e]
http://zcash.a.exodus.io:8080 [301] [GET] [] [] [cloudflare] [cloudflare] [d41d8cd98f00b204e9800998ecf8427e]
http://zcash.a.exodus.io:8443 [400] [GET] [text/html] [400 The plain HTTP request was sent to HTTPS port] [cloudflare] [cloudflare] [cd58783500d7fa3c58f88eb0ba22f4f8]
http://zcash.exodus.io:8080 [301] [GET] [] [] [cloudflare] [cloudflare] [d41d8cd98f00b204e9800998ecf8427e]
http://zilliqa-p.a.exodus.io:8080 [301] [GET] [] [] [cloudflare] [cloudflare] [d41d8cd98f00b204e9800998ecf8427e]
http://zilliqa-p.a.exodus.io:8443 [400] [GET] [text/html] [400 The plain HTTP request was sent to HTTPS port] [cloudflare] [cloudflare] [20ad84d030031252141ca0b3fc0183f0]
https://ada.exodus.io [403] [GET] [text/plain] [] [cloudflare] [vhost] [cloudflare] [4f20b85ce5ebf225720e040314a7966a]
https://ada.exodus.io [404] [GET] [application/json] [] [cloudflare] [vhost] [cloudflare] [Cloudflare] [621ae330f88fe87fe7f8027ba6851675]
https://ada.exodus.io:8443 [404] [GET] [application/json] [] [cloudflare] [vhost] [cloudflare] [Cloudflare] [621ae330f88fe87fe7f8027ba6851675]
https://algo-api.a.exodus.io [403] [GET] [text/plain] [] [cloudflare] [vhost] [cloudflare] [7b5ea53ba332630e5aca8e4abb807f70]
https://algo-api.a.exodus.io:8443 [403] [GET] [text/plain] [] [cloudflare] [vhost] [cloudflare] [7b5ea53ba332630e5aca8e4abb807f70]
https://algo-s.a.exodus.io [403] [GET] [text/plain] [] [cloudflare] [vhost] [cloudflare] [7b5ea53ba332630e5aca8e4abb807f70]
https://algo-s.a.exodus.io:8443 [403] [GET] [text/plain] [] [cloudflare] [vhost] [cloudflare] [7b5ea53ba332630e5aca8e4abb807f70]
https://algo.a.exodus.io [403] [GET] [text/plain] [] [cloudflare] [vhost] [cloudflare] [7b5ea53ba332630e5aca8e4abb807f70]
https://algo.a.exodus.io:8443 [403] [GET] [text/plain] [] [cloudflare] [vhost] [cloudflare] [7b5ea53ba332630e5aca8e4abb807f70]
https://ark.exodus.io [200] [GET] [application/json] [] [cloudflare] [vhost] [cloudflare] [Cloudflare] [a95b0c7ed05f9f662ca89257cd2263c6]
https://ark.exodus.io:8443 [200] [GET] [application/json] [] [cloudflare] [vhost] [cloudflare] [Cloudflare] [a95b0c7ed05f9f662ca89257cd2263c6]
https://atom.exodus.io [404] [GET] [text/html] [404 Not Found] [cloudflare] [vhost] [cloudflare] [Cloudflare] [370e16c3b7dba286cff055f93b9a94d8]
https://atom.exodus.io:8443 [404] [GET] [text/html] [404 Not Found] [cloudflare] [vhost] [cloudflare] [Cloudflare] [8eec510e57f5f732fd2cce73df7b73ef]
https://atom3.a.exodus.io [404] [GET] [text/html] [404 Not Found] [cloudflare] [vhost] [cloudflare] [Cloudflare] [370e16c3b7dba286cff055f93b9a94d8]
https://atom3.a.exodus.io [404] [GET] [text/html] [404 Not Found] [cloudflare] [vhost] [cloudflare] [Cloudflare] [8eec510e57f5f732fd2cce73df7b73ef]
https://atom3.exodus.io [404] [GET] [text/html] [404 Not Found] [cloudflare] [vhost] [cloudflare] [Cloudflare] [370e16c3b7dba286cff055f93b9a94d8]
https://atom3.exodus.io [404] [GET] [text/html] [404 Not Found] [cloudflare] [vhost] [cloudflare] [Cloudflare] [8eec510e57f5f732fd2cce73df7b73ef]
https://atom3.exodus.io:8443 [404] [GET] [text/html] [404 Not Found] [cloudflare] [vhost] [cloudflare] [Cloudflare] [370e16c3b7dba286cff055f93b9a94d8]
https://atom4.a.exodus.io [404] [GET] [text/html] [404 Not Found] [cloudflare] [vhost] [cloudflare] [Cloudflare] [370e16c3b7dba286cff055f93b9a94d8]
https://atom4.a.exodus.io [404] [GET] [text/html] [404 Not Found] [cloudflare] [vhost] [cloudflare] [Cloudflare] [8eec510e57f5f732fd2cce73df7b73ef]
https://bitcoin.a.exodus.io [404] [GET] [text/html] [] [cloudflare] [vhost] [cloudflare] [Cloudflare] [7284c2476036354f9f15afc020ca890d]
https://bitcoin.exodus.io [404] [GET] [text/html] [] [cloudflare] [vhost] [cloudflare] [Cloudflare] [7284c2476036354f9f15afc020ca890d]
https://bitcoin.exodus.io:8443 [404] [GET] [text/html] [] [cloudflare] [vhost] [cloudflare] [Cloudflare] [7284c2476036354f9f15afc020ca890d]
https://bitcoincash.a.exodus.io [404] [GET] [text/html] [] [cloudflare] [vhost] [cloudflare] [Cloudflare] [7284c2476036354f9f15afc020ca890d]
https://bitcoincash.exodus.io [404] [GET] [text/html] [] [cloudflare] [vhost] [cloudflare] [Cloudflare] [7284c2476036354f9f15afc020ca890d]
https://bitcoincash.exodus.io:8443 [404] [GET] [text/html] [] [cloudflare] [vhost] [cloudflare] [Cloudflare] [7284c2476036354f9f15afc020ca890d]
https://bitcoincashnode.a.exodus.io [404] [GET] [text/html] [] [cloudflare] [vhost] [cloudflare] [Cloudflare] [7284c2476036354f9f15afc020ca890d]
https://bitcoingold.a.exodus.io [404] [GET] [text/html] [] [cloudflare] [vhost] [cloudflare] [Cloudflare] [7284c2476036354f9f15afc020ca890d]
https://bitcoingold.exodus.io [404] [GET] [text/html] [] [cloudflare] [vhost] [cloudflare] [Cloudflare] [7284c2476036354f9f15afc020ca890d]
https://bitcoingold.exodus.io:8443 [404] [GET] [text/html] [] [cloudflare] [vhost] [cloudflare] [Cloudflare] [7284c2476036354f9f15afc020ca890d]
https://bitcoinsv.a.exodus.io [404] [GET] [text/html] [] [cloudflare] [vhost] [cloudflare] [Cloudflare] [7284c2476036354f9f15afc020ca890d]
https://bitcoinsv.exodus.io [404] [GET] [text/html] [] [cloudflare] [vhost] [cloudflare] [Cloudflare] [7284c2476036354f9f15afc020ca890d]
https://bitcoinsv.exodus.io:8443 [404] [GET] [text/html] [] [cloudflare] [vhost] [cloudflare] [Cloudflare] [7284c2476036354f9f15afc020ca890d]
https://blog.exodus.io [301] [GET] [] [] [cloudflare] [vhost] [cloudflare] [d41d8cd98f00b204e9800998ecf8427e]
https://blog.exodus.io:8443 [301] [GET] [] [] [cloudflare] [vhost] [cloudflare] [d41d8cd98f00b204e9800998ecf8427e]
https://cardano.a.exodus.io [404] [GET] [application/json] [] [cloudflare] [vhost] [cloudflare] [Cloudflare] [621ae330f88fe87fe7f8027ba6851675]
https://dash.a.exodus.io [404] [GET] [text/html] [] [cloudflare] [vhost] [cloudflare] [Cloudflare] [7284c2476036354f9f15afc020ca890d]
https://dash.exodus.io [404] [GET] [text/html] [] [cloudflare] [vhost] [cloudflare] [Cloudflare] [7284c2476036354f9f15afc020ca890d]
https://dash.exodus.io:8443 [404] [GET] [text/html] [] [cloudflare] [vhost] [cloudflare] [Cloudflare] [7284c2476036354f9f15afc020ca890d]
https://digibyte.a.exodus.io [404] [GET] [text/html] [] [cloudflare] [vhost] [cloudflare] [Cloudflare] [7284c2476036354f9f15afc020ca890d]
https://digibyte.exodus.io [404] [GET] [text/html] [] [cloudflare] [vhost] [cloudflare] [Cloudflare] [7284c2476036354f9f15afc020ca890d]
https://digibyte.exodus.io:8443 [404] [GET] [text/html] [] [cloudflare] [vhost] [cloudflare] [Cloudflare] [7284c2476036354f9f15afc020ca890d]
https://dogecoin.a.exodus.io [404] [GET] [text/html] [] [cloudflare] [vhost] [cloudflare] [Cloudflare] [7284c2476036354f9f15afc020ca890d]
https://dogecoin.exodus.io [404] [GET] [text/html] [] [cloudflare] [vhost] [cloudflare] [Cloudflare] [7284c2476036354f9f15afc020ca890d]
https://dogecoin.exodus.io:8443 [404] [GET] [text/html] [] [cloudflare] [vhost] [cloudflare] [Cloudflare] [7284c2476036354f9f15afc020ca890d]
https://downloads.exodus.io [301] [GET] [] [] [cloudflare] [vhost] [cloudflare] [d41d8cd98f00b204e9800998ecf8427e]
https://downloads.exodus.io:8443 [301] [GET] [] [] [cloudflare] [vhost] [cloudflare] [d41d8cd98f00b204e9800998ecf8427e]
https://eos.a.exodus.io [404] [GET] [text/html] [404 Not Found] [cloudflare] [vhost] [cloudflare] [Cloudflare] [370e16c3b7dba286cff055f93b9a94d8]
https://eos.a.exodus.io [404] [GET] [text/html] [404 Not Found] [cloudflare] [vhost] [cloudflare] [Cloudflare] [8eec510e57f5f732fd2cce73df7b73ef]
https://eos.exodus.io [404] [GET] [text/html] [404 Not Found] [cloudflare] [vhost] [cloudflare] [Cloudflare] [370e16c3b7dba286cff055f93b9a94d8]
https://eos.exodus.io [404] [GET] [text/html] [404 Not Found] [cloudflare] [vhost] [cloudflare] [Cloudflare] [8eec510e57f5f732fd2cce73df7b73ef]
https://eos.exodus.io:8443 [404] [GET] [text/html] [404 Not Found] [cloudflare] [vhost] [cloudflare] [Cloudflare] [370e16c3b7dba286cff055f93b9a94d8]
https://etc.a.exodus.io [404] [GET] [text/html] [] [cloudflare] [vhost] [cloudflare] [Cloudflare] [7284c2476036354f9f15afc020ca890d]
https://etc.exodus.io [404] [GET] [text/html] [] [cloudflare] [vhost] [cloudflare] [Cloudflare] [7284c2476036354f9f15afc020ca890d]
https://etc.exodus.io:8443 [404] [GET] [text/html] [] [cloudflare] [vhost] [cloudflare] [Cloudflare] [7284c2476036354f9f15afc020ca890d]
https://eth.a.exodus.io [404] [GET] [text/html] [] [cloudflare] [vhost] [cloudflare] [Cloudflare] [7284c2476036354f9f15afc020ca890d]
https://eth.exodus.io [404] [GET] [text/html] [] [cloudflare] [vhost] [cloudflare] [Cloudflare] [7284c2476036354f9f15afc020ca890d]
https://eth.exodus.io:8443 [404] [GET] [text/html] [] [cloudflare] [vhost] [cloudflare] [Cloudflare] [7284c2476036354f9f15afc020ca890d]
https://exchange-d.exodus.io [200] [GET] [text/html] [] [cloudflare] [vhost] [cloudflare] [Cloudflare] [d41d8cd98f00b204e9800998ecf8427e]
https://exchange-eden.exodus.io [200] [GET] [text/html] [] [cloudflare] [vhost] [cloudflare] [Cloudflare] [d41d8cd98f00b204e9800998ecf8427e]
https://exchange-p.exodus.io [200] [GET] [text/html] [] [cloudflare] [vhost] [cloudflare] [Cloudflare] [d41d8cd98f00b204e9800998ecf8427e]
https://exchange-s.exodus.io [200] [GET] [text/html] [] [cloudflare] [vhost] [cloudflare] [Cloudflare] [d41d8cd98f00b204e9800998ecf8427e]
https://exchange.exodus.io [200] [GET] [text/html] [] [cloudflare] [vhost] [cloudflare] [Cloudflare] [d41d8cd98f00b204e9800998ecf8427e]
https://exodus.io [301] [GET] [] [] [cloudflare] [vhost] [cloudflare] [d41d8cd98f00b204e9800998ecf8427e]
https://exokit.a.exodus.io [522] [GET] [] [] [cloudflare] [vhost] [cloudflare] [Cloudflare] [d41d8cd98f00b204e9800998ecf8427e]
https://exotrack.exodus.io [200] [GET] [text/html] [Exchange Tracking] [cloudflare] [vhost] [cloudflare] [Cloudflare] [c9597cf36bc7cadd2001ebcbdd907df1]
https://exotrack.exodus.io:8443 [200] [GET] [text/html] [Exchange Tracking] [cloudflare] [vhost] [cloudflare] [Cloudflare] [c9597cf36bc7cadd2001ebcbdd907df1]
https://fiat-exchange-d.exodus.io [200] [GET] [application/json] [] [cloudflare] [vhost] [cloudflare] [Cloudflare,Express,Node.js] [b4f704741b38d9e252d7606d3b7e4ef9]
https://fiat-exchange-p.exodus.io [404] [GET] [text/html] [404 Not Found] [cloudflare] [vhost] [cloudflare] [Cloudflare] [370e16c3b7dba286cff055f93b9a94d8]
https://fiat-exchange-s.exodus.io [403] [GET] [text/plain] [] [cloudflare] [vhost] [cloudflare] [4f20b85ce5ebf225720e040314a7966a]
https://fiat-exchange-s.exodus.io [404] [GET] [text/html] [404 Not Found] [cloudflare] [vhost] [cloudflare] [Cloudflare] [370e16c3b7dba286cff055f93b9a94d8]
https://fiat-exchange.exodus.io [200] [GET] [application/json] [] [cloudflare] [vhost] [cloudflare] [Cloudflare,Express,Node.js] [b4f704741b38d9e252d7606d3b7e4ef9]
https://fusion.exodus.io [302] [GET] [text/html] [] [cloudflare] [vhost] [cloudflare] [Cloudflare,Google Cloud,Google Cloud Trace] [d41d8cd98f00b204e9800998ecf8427e]
https://getc.a.exodus.io [404] [GET] [text/html] [] [cloudflare] [vhost] [cloudflare] [Cloudflare] [7284c2476036354f9f15afc020ca890d]
https://geth.a.exodus.io [404] [GET] [text/html] [] [cloudflare] [vhost] [cloudflare] [Cloudflare] [7284c2476036354f9f15afc020ca890d]
https://ghost.exodus.io [302] [GET] [text/html] [302 Found] [cloudflare] [vhost] [cloudflare] [Cloudflare] [aff950cab4c0265e21d401db15f1026d]
https://gl.exodus.io [302] [GET] [] [] [cloudflare] [vhost] [cloudflare] [d41d8cd98f00b204e9800998ecf8427e]
https://gl.exodus.io:8443 [302] [GET] [] [] [cloudflare] [vhost] [cloudflare] [d41d8cd98f00b204e9800998ecf8427e]
https://global-coin-height.exodus.io [404] [GET] [application/json] [] [cloudflare] [vhost] [cloudflare] [Cloudflare] [b5c4e04c286cf8988ce9ff806818bf73]
https://grafana.exodus.io [302] [GET] [] [] [cloudflare] [vhost] [cloudflare] [d41d8cd98f00b204e9800998ecf8427e]
https://grafana.exodus.io:8443 [302] [GET] [] [] [cloudflare] [vhost] [cloudflare] [d41d8cd98f00b204e9800998ecf8427e]
https://hedera.a.exodus.io [404] [GET] [application/json] [] [cloudflare] [vhost] [cloudflare] [Cloudflare] [5d338938b152a6aaf0d058aaf9bfd81b]
https://help.exodus.io [301] [GET] [] [] [cloudflare] [vhost] [cloudflare] [d41d8cd98f00b204e9800998ecf8427e]
https://help.exodus.io:8443 [301] [GET] [] [] [cloudflare] [vhost] [cloudflare] [d41d8cd98f00b204e9800998ecf8427e]
https://image-resizer.exodus.io [403] [GET] [application/json] [] [cloudflare] [vhost] [cloudflare] [Amazon Cloudfront,Amazon Web Services,Cloudflare] [905b1fbb26e082557ff0b3b3553cda6c]
https://litecoin.a.exodus.io [404] [GET] [text/html] [] [cloudflare] [vhost] [cloudflare] [Cloudflare] [7284c2476036354f9f15afc020ca890d]
https://litecoin.exodus.io [404] [GET] [text/html] [] [cloudflare] [vhost] [cloudflare] [Cloudflare] [7284c2476036354f9f15afc020ca890d]
https://litecoin.exodus.io:8443 [404] [GET] [text/html] [] [cloudflare] [vhost] [cloudflare] [Cloudflare] [7284c2476036354f9f15afc020ca890d]
https://magnifier.exodus.io [404] [GET] [text/html] [404 Not Found] [cloudflare] [vhost] [cloudflare] [Cloudflare] [8eec510e57f5f732fd2cce73df7b73ef]
https://marley-d.exodus.io [403] [GET] [application/json] [] [cloudflare] [vhost] [cloudflare] [Cloudflare] [905b1fbb26e082557ff0b3b3553cda6c]
https://marley-p.exodus.io [403] [GET] [application/json] [] [cloudflare] [vhost] [cloudflare] [Cloudflare] [905b1fbb26e082557ff0b3b3553cda6c]
https://metadata.exodus.io [301] [GET] [] [] [cloudflare] [vhost] [cloudflare] [d41d8cd98f00b204e9800998ecf8427e]
https://metadata.exodus.io [403] [GET] [text/plain] [] [cloudflare] [vhost] [cloudflare] [4f20b85ce5ebf225720e040314a7966a]
https://metadata.exodus.io:8443 [301] [GET] [] [] [cloudflare] [vhost] [cloudflare] [d41d8cd98f00b204e9800998ecf8427e]
https://nano-timestamps.exodus.io [200] [GET] [application/json] [] [cloudflare] [vhost] [cloudflare] [Cloudflare,Express,Node.js] [90dbb0c7174d7353f897c15d66cbb154]
https://nano-timestamps.exodus.io:8443 [200] [GET] [application/json] [] [cloudflare] [vhost] [cloudflare] [Cloudflare,Express,Node.js] [90dbb0c7174d7353f897c15d66cbb154]
https://nano.a.exodus.io [403] [GET] [text/html] [Exodus - Firewall Triggered] [cloudflare] [vhost] [cloudflare] [30097f616628843d7569cab47507aa72]
https://nano.a.exodus.io [404] [GET] [text/html] [Error] [cloudflare] [vhost] [cloudflare] [Cloudflare,Express,Node.js] [da7da7d630292e7a2a7dda8ca87b3d39]
https://nano.exodus.io [404] [GET] [text/html] [Error] [cloudflare] [vhost] [cloudflare] [Cloudflare,Express,Node.js] [da7da7d630292e7a2a7dda8ca87b3d39]
https://nano.exodus.io:8443 [404] [GET] [text/html] [Error] [cloudflare] [vhost] [cloudflare] [Cloudflare,Express,Node.js] [da7da7d630292e7a2a7dda8ca87b3d39]
https://nem.exodus.io [404] [GET] [application/json] [] [cloudflare] [vhost] [cloudflare] [Cloudflare] [15bafa04004e38bd5a318cdbbbab1395]
https://nem.exodus.io [404] [GET] [application/json] [] [cloudflare] [vhost] [cloudflare] [Cloudflare] [c23e035c17d2b230e096fca1f17770a8]
https://nem.exodus.io:8443 [404] [GET] [application/json] [] [cloudflare] [vhost] [cloudflare] [Cloudflare] [15bafa04004e38bd5a318cdbbbab1395]
https://neo-mag-d.a.exodus.io [404] [GET] [text/html] [] [cloudflare] [vhost] [cloudflare] [Cloudflare] [7284c2476036354f9f15afc020ca890d]
https://neo-mag.a.exodus.io [404] [GET] [text/html] [] [cloudflare] [vhost] [cloudflare] [Cloudflare] [7284c2476036354f9f15afc020ca890d]
https://neo.exodus.io [530] [GET] [text/html] [Exodus - Firewall Triggered] [cloudflare] [vhost] [cloudflare] [7d6bc4ef450c562e3b8115b36a4d0969]
https://neo.exodus.io [530] [GET] [text/html] [Exodus - Firewall Triggered] [cloudflare] [vhost] [cloudflare] [b0f8535b40ba59d326270462d28f4d6b]
https://neo.exodus.io:8443 [530] [GET] [text/html] [Exodus - Firewall Triggered] [cloudflare] [vhost] [cloudflare] [e05839dff1c1fbc70fb932eeafb811d9]
https://nf.exodus.io [404] [GET] [text/html] [404 Not Found] [cloudflare] [vhost] [cloudflare] [Cloudflare] [370e16c3b7dba286cff055f93b9a94d8]
https://nf.exodus.io [404] [GET] [text/html] [404 Not Found] [cloudflare] [vhost] [cloudflare] [Cloudflare] [8eec510e57f5f732fd2cce73df7b73ef]
https://oauth-d.exodus.io [403] [GET] [text/html] [Sign In] [cloudflare] [vhost] [cloudflare] [Cloudflare] [af5fb2a1794ce0f85c362a9faa73ce26]
https://oauth-s.exodus.io [403] [GET] [text/html] [Sign In] [cloudflare] [vhost] [cloudflare] [Cloudflare] [af5fb2a1794ce0f85c362a9faa73ce26]
https://oauth.exodus.io [403] [GET] [text/html] [Sign In] [cloudflare] [vhost] [cloudflare] [Cloudflare] [af5fb2a1794ce0f85c362a9faa73ce26]
https://ont.a.exodus.io [404] [GET] [text/plain] [] [cloudflare] [vhost] [cloudflare] [Cloudflare] [595e88012a6521aae3e12cbebe76eb9e]
https://ont.exodus.io [403] [GET] [text/html] [Exodus - Firewall Triggered] [cloudflare] [vhost] [cloudflare] [30097f616628843d7569cab47507aa72]
https://ont.exodus.io [404] [GET] [text/plain] [] [cloudflare] [vhost] [cloudflare] [Cloudflare] [595e88012a6521aae3e12cbebe76eb9e]
https://ont.exodus.io:8443 [404] [GET] [text/plain] [] [cloudflare] [vhost] [cloudflare] [Cloudflare] [595e88012a6521aae3e12cbebe76eb9e]
https://ontexplorer.a.exodus.io [404] [GET] [application/json] [] [cloudflare] [vhost] [cloudflare] [Cloudflare] [c8f3cfec572723a43ff4eb81745fa000]
https://ontexplorer.a.exodus.io [404] [GET] [application/json] [] [cloudflare] [vhost] [cloudflare] [Cloudflare] [cb6a39ddd81baefcde08e00ea31ed5cf]
https://ontexplorer.exodus.io [404] [GET] [application/json] [] [cloudflare] [vhost] [cloudflare] [Cloudflare] [241cc53cb8bea6c969383ebda69e48d4]
https://ontexplorer.exodus.io [404] [GET] [application/json] [] [cloudflare] [vhost] [cloudflare] [Cloudflare] [3b8ea6e11602e4f13b7919e038e8def1]
https://ontexplorer.exodus.io:8443 [404] [GET] [application/json] [] [cloudflare] [vhost] [cloudflare] [Cloudflare] [ba5a36fa765a56578b4d21a66e9db867]
https://pricing-d.a.exodus.io [404] [GET] [application/json] [] [cloudflare] [vhost] [cloudflare] [Cloudflare] [b5c4e04c286cf8988ce9ff806818bf73]
https://pricing.a.exodus.io [403] [GET] [text/html] [Exodus - Firewall Triggered] [cloudflare] [vhost] [cloudflare] [30097f616628843d7569cab47507aa72]
https://pricing.a.exodus.io [404] [GET] [application/json] [] [cloudflare] [vhost] [cloudflare] [Cloudflare] [b5c4e04c286cf8988ce9ff806818bf73]
https://pricing.exodus.io [404] [GET] [application/json] [] [cloudflare] [vhost] [cloudflare] [Cloudflare] [b5c4e04c286cf8988ce9ff806818bf73]
https://pricing.exodus.io:8443 [404] [GET] [application/json] [] [cloudflare] [vhost] [cloudflare] [Cloudflare] [b5c4e04c286cf8988ce9ff806818bf73]
https://pto-d.exodus.io [415] [GET] [application/json] [] [cloudflare] [vhost] [cloudflare] [Cloudflare,Express,Node.js] [d036014fe8f0677c537145ccfef2dff4]
https://pto-p.exodus.io [403] [GET] [text/plain] [] [cloudflare] [vhost] [cloudflare] [4f20b85ce5ebf225720e040314a7966a]
https://pto-p.exodus.io [415] [GET] [application/json] [] [cloudflare] [vhost] [cloudflare] [Cloudflare,Express,Node.js] [d036014fe8f0677c537145ccfef2dff4]
https://ptp-d.exodus.io [403] [GET] [application/json] [] [cloudflare] [vhost] [cloudflare] [Cloudflare] [905b1fbb26e082557ff0b3b3553cda6c]
https://ptp-p.exodus.io [403] [GET] [application/json] [] [cloudflare] [vhost] [cloudflare] [Cloudflare] [905b1fbb26e082557ff0b3b3553cda6c]
https://qtum.a.exodus.io [404] [GET] [text/html] [] [cloudflare] [vhost] [cloudflare] [Cloudflare] [7284c2476036354f9f15afc020ca890d]
https://qtum.exodus.io [404] [GET] [text/html] [] [cloudflare] [vhost] [cloudflare] [Cloudflare] [7284c2476036354f9f15afc020ca890d]
https://qtum.exodus.io:8443 [404] [GET] [text/html] [] [cloudflare] [vhost] [cloudflare] [Cloudflare] [7284c2476036354f9f15afc020ca890d]
https://raven-d.a.exodus.io [404] [GET] [text/html] [] [cloudflare] [vhost] [cloudflare] [Cloudflare] [7284c2476036354f9f15afc020ca890d]
https://raven.exodus.io [404] [GET] [text/html] [] [cloudflare] [vhost] [cloudflare] [Cloudflare] [7284c2476036354f9f15afc020ca890d]
https://raven.exodus.io:8443 [404] [GET] [text/html] [] [cloudflare] [vhost] [cloudflare] [Cloudflare] [7284c2476036354f9f15afc020ca890d]
https://remote-config-dev.exodus.io [500] [GET] [text/plain] [] [cloudflare] [vhost] [cloudflare] [9eb13e780ade6137e1caab454346dd34]
https://remote-config-dev.exodus.io:8443 [500] [GET] [text/plain] [] [cloudflare] [vhost] [cloudflare] [9eb13e780ade6137e1caab454346dd34]
https://remote-config.exodus.io [500] [GET] [text/plain] [] [cloudflare] [vhost] [cloudflare] [9eb13e780ade6137e1caab454346dd34]
https://remote-config.exodus.io:8443 [500] [GET] [text/plain] [] [cloudflare] [vhost] [cloudflare] [9eb13e780ade6137e1caab454346dd34]
https://ripple.a.exodus.io [404] [GET] [text/html] [] [cloudflare] [vhost] [cloudflare] [Cloudflare] [7284c2476036354f9f15afc020ca890d]
https://ripple.exodus.io [404] [GET] [text/html] [] [cloudflare] [vhost] [cloudflare] [Cloudflare] [7284c2476036354f9f15afc020ca890d]
https://ripple.exodus.io:8443 [404] [GET] [text/html] [] [cloudflare] [vhost] [cloudflare] [Cloudflare] [7284c2476036354f9f15afc020ca890d]
https://safe-report-d.exodus.io [403] [GET] [text/plain] [] [cloudflare] [vhost] [cloudflare] [7b5ea53ba332630e5aca8e4abb807f70]
https://safe-report-d.exodus.io:8443 [403] [GET] [text/plain] [] [cloudflare] [vhost] [cloudflare] [7b5ea53ba332630e5aca8e4abb807f70]
https://server.exodus.io [200] [GET] [text/html] [] [cloudflare] [vhost] [cloudflare] [Cloudflare,IIS,Microsoft ASP.NET] [d41d8cd98f00b204e9800998ecf8427e]
https://support-lt.exodus.io [404] [GET] [] [] [cloudflare] [vhost] [cloudflare] [Cloudflare,Google Cloud,Google Cloud CDN] [d41d8cd98f00b204e9800998ecf8427e]
https://support.exodus.io [301] [GET] [] [] [cloudflare] [vhost] [cloudflare] [d41d8cd98f00b204e9800998ecf8427e]
https://support.exodus.io:8443 [301] [GET] [] [] [cloudflare] [vhost] [cloudflare] [d41d8cd98f00b204e9800998ecf8427e]
https://tezos.a.exodus.io [404] [GET] [text/html] [] [cloudflare] [vhost] [cloudflare] [Cloudflare] [7284c2476036354f9f15afc020ca890d]
https://tezos.exodus.io [404] [GET] [text/html] [] [cloudflare] [vhost] [cloudflare] [Cloudflare] [7284c2476036354f9f15afc020ca890d]
https://tezos.exodus.io:8443 [404] [GET] [text/html] [] [cloudflare] [vhost] [cloudflare] [Cloudflare] [7284c2476036354f9f15afc020ca890d]
https://updates.exodus.io [301] [GET] [] [] [cloudflare] [vhost] [cloudflare] [d41d8cd98f00b204e9800998ecf8427e]
https://updates.exodus.io:8443 [301] [GET] [] [] [cloudflare] [vhost] [cloudflare] [d41d8cd98f00b204e9800998ecf8427e]
https://vertcoin.exodus.io [404] [GET] [text/html] [] [cloudflare] [vhost] [cloudflare] [Cloudflare] [7284c2476036354f9f15afc020ca890d]
https://vertcoin.exodus.io:8443 [404] [GET] [text/html] [] [cloudflare] [vhost] [cloudflare] [Cloudflare] [7284c2476036354f9f15afc020ca890d]
https://vet.a.exodus.io [307] [GET] [text/html] [] [cloudflare] [vhost] [cloudflare] [Cloudflare] [ff263b60743b7c536df6560859ef3d2e]
https://vet.exodus.io [307] [GET] [text/html] [] [cloudflare] [vhost] [cloudflare] [Cloudflare] [ff263b60743b7c536df6560859ef3d2e]
https://vet.exodus.io:8443 [307] [GET] [text/html] [] [cloudflare] [vhost] [cloudflare] [Cloudflare] [ff263b60743b7c536df6560859ef3d2e]
https://waves.exodus.io [308] [GET] [text/html] [] [cloudflare] [vhost] [cloudflare] [Cloudflare] [f36b56f829d5142f3f28cca8b9d7b6fb]
https://waves.exodus.io:8443 [308] [GET] [text/html] [] [cloudflare] [vhost] [cloudflare] [Cloudflare] [f36b56f829d5142f3f28cca8b9d7b6fb]
https://web3.a.exodus.io [404] [GET] [] [] [cloudflare] [vhost] [cloudflare] [Cloudflare,Cloudflare Network Error Logging] [d41d8cd98f00b204e9800998ecf8427e]
https://www.exodus.io [301] [GET] [] [] [cloudflare] [vhost] [cloudflare] [d41d8cd98f00b204e9800998ecf8427e]
https://www.exodus.io:8443 [301] [GET] [] [] [cloudflare] [vhost] [cloudflare] [d41d8cd98f00b204e9800998ecf8427e]
https://xmr.a.exodus.io [404] [GET] [text/plain] [] [cloudflare] [vhost] [cloudflare] [Cloudflare] [d41d8cd98f00b204e9800998ecf8427e]
https://xmr.exodus.io [404] [GET] [text/plain] [] [cloudflare] [vhost] [cloudflare] [Cloudflare] [d41d8cd98f00b204e9800998ecf8427e]
https://xmr.exodus.io:8443 [404] [GET] [text/plain] [] [cloudflare] [vhost] [cloudflare] [Cloudflare] [d41d8cd98f00b204e9800998ecf8427e]
https://xtz.exodus.io [404] [GET] [text/html] [404 Not Found] [cloudflare] [vhost] [cloudflare] [Cloudflare] [370e16c3b7dba286cff055f93b9a94d8]
https://xtz.exodus.io:8443 [404] [GET] [text/html] [404 Not Found] [cloudflare] [vhost] [cloudflare] [Cloudflare] [370e16c3b7dba286cff055f93b9a94d8]
https://zcash.a.exodus.io [404] [GET] [text/html] [] [cloudflare] [vhost] [cloudflare] [Cloudflare] [7284c2476036354f9f15afc020ca890d]
https://zcash.exodus.io [404] [GET] [text/html] [] [cloudflare] [vhost] [cloudflare] [Cloudflare] [7284c2476036354f9f15afc020ca890d]
https://zcash.exodus.io:8443 [404] [GET] [text/html] [] [cloudflare] [vhost] [cloudflare] [Cloudflare] [7284c2476036354f9f15afc020ca890d]
https://zilliqa-p.a.exodus.io [404] [GET] [text/html] [] [cloudflare] [vhost] [cloudflare] [Cloudflare] [7284c2476036354f9f15afc020ca890d]
