http://blog.exodus.com:8080 [301] [GET] [] [] [cloudflare] [cloudflare] [d41d8cd98f00b204e9800998ecf8427e]
http://devops-handbook.ot.exodus.com:2082 [301] [GET] [] [] [cloudflare] [vhost] [cloudflare] [d41d8cd98f00b204e9800998ecf8427e]
http://devops-handbook.ot.exodus.com:2086 [301] [GET] [] [] [cloudflare] [vhost] [cloudflare] [d41d8cd98f00b204e9800998ecf8427e]
http://devops-handbook.ot.exodus.com:2095 [301] [GET] [] [] [cloudflare] [vhost] [cloudflare] [d41d8cd98f00b204e9800998ecf8427e]
http://devops-handbook.ot.exodus.com:8080 [301] [GET] [] [] [cloudflare] [vhost] [cloudflare] [d41d8cd98f00b204e9800998ecf8427e]
http://devops-handbook.ot.exodus.com:8880 [301] [GET] [] [] [cloudflare] [vhost] [cloudflare] [d41d8cd98f00b204e9800998ecf8427e]
http://downloads.exodus.com:8080 [301] [GET] [] [] [cloudflare] [cloudflare] [d41d8cd98f00b204e9800998ecf8427e]
http://exodus.com:8080 [301] [GET] [] [] [cloudflare] [cloudflare] [d41d8cd98f00b204e9800998ecf8427e]
http://help.exodus.com:8080 [301] [GET] [] [] [cloudflare] [cloudflare] [d41d8cd98f00b204e9800998ecf8427e]
http://metadata.exodus.com:8080 [301] [GET] [] [] [cloudflare] [cloudflare] [d41d8cd98f00b204e9800998ecf8427e]
http://support-lt.exodus.com:8080 [301] [GET] [] [] [cloudflare] [cloudflare] [d41d8cd98f00b204e9800998ecf8427e]
http://support-lt.exodus.com:8443 [400] [GET] [text/html] [400 The plain HTTP request was sent to HTTPS port] [cloudflare] [cloudflare] [20ad84d030031252141ca0b3fc0183f0]
http://updates.exodus.com:8080 [301] [GET] [] [] [cloudflare] [cloudflare] [d41d8cd98f00b204e9800998ecf8427e]
http://www.exodus.com:8080 [301] [GET] [] [] [cloudflare] [vhost] [cloudflare] [d41d8cd98f00b204e9800998ecf8427e]
https://blog.exodus.com [301] [GET] [] [] [cloudflare] [vhost] [cloudflare] [d41d8cd98f00b204e9800998ecf8427e]
https://blog.exodus.com:8443 [301] [GET] [] [] [cloudflare] [vhost] [cloudflare] [d41d8cd98f00b204e9800998ecf8427e]
https://devops-handbook.ot.exodus.com [302] [GET] [] [] [cloudflare] [vhost] [cloudflare] [d41d8cd98f00b204e9800998ecf8427e]
https://devops-handbook.ot.exodus.com:2083 [302] [GET] [] [] [cloudflare] [vhost] [cloudflare] [d41d8cd98f00b204e9800998ecf8427e]
https://devops-handbook.ot.exodus.com:2087 [302] [GET] [] [] [cloudflare] [vhost] [cloudflare] [d41d8cd98f00b204e9800998ecf8427e]
https://devops-handbook.ot.exodus.com:8443 [302] [GET] [] [] [cloudflare] [vhost] [cloudflare] [d41d8cd98f00b204e9800998ecf8427e]
https://downloads.exodus.com [301] [GET] [] [] [cloudflare] [vhost] [cloudflare] [d41d8cd98f00b204e9800998ecf8427e]
https://downloads.exodus.com:8443 [301] [GET] [] [] [cloudflare] [vhost] [cloudflare] [d41d8cd98f00b204e9800998ecf8427e]
https://exodus.com [301] [GET] [] [] [cloudflare] [vhost] [cloudflare] [d41d8cd98f00b204e9800998ecf8427e]
https://exodus.com:8443 [301] [GET] [] [] [cloudflare] [vhost] [cloudflare] [d41d8cd98f00b204e9800998ecf8427e]
https://help.exodus.com [301] [GET] [] [] [cloudflare] [vhost] [cloudflare] [d41d8cd98f00b204e9800998ecf8427e]
https://help.exodus.com:8443 [301] [GET] [] [] [cloudflare] [vhost] [cloudflare] [d41d8cd98f00b204e9800998ecf8427e]
https://link-t.exodus.com [400] [GET] [text/html] [Invalid Dynamic Link] [ESF] [vhost] [13f4faea86a5d8a799a57a1bcd478434]
https://metadata.exodus.com [400] [GET] [application/xml] [] [cloudflare] [vhost] [cloudflare] [Cloudflare] [14b6e9becdc518ca339f70e624d5c86b]
https://metadata.exodus.com [400] [GET] [application/xml] [] [cloudflare] [vhost] [cloudflare] [Cloudflare] [83f971e93f43ac6a2be694092b2c2296]
https://metadata.exodus.com:8443 [520] [GET] [text/html] [520 Origin Error] [cloudflare] [vhost] [cloudflare] [accd50f6e43d4b7f83995fa5d6fd73aa]
https://support-lt.exodus.com [404] [GET] [] [] [cloudflare] [vhost] [cloudflare] [Cloudflare,Google Cloud,Google Cloud CDN] [d41d8cd98f00b204e9800998ecf8427e]
https://updates.exodus.com [500] [GET] [application/xml] [] [cloudflare] [vhost] [cloudflare] [Cloudflare] [2f42a6971fdf5faf30f643893641b89b]
https://updates.exodus.com [500] [GET] [application/xml] [] [cloudflare] [vhost] [cloudflare] [Cloudflare] [ea618a808b788d5da5a79aee3f54ce8a]
https://updates.exodus.com:8443 [500] [GET] [application/xml] [] [cloudflare] [vhost] [cloudflare] [Cloudflare] [091e24ca94a840e89aebf978575539a5]
https://www.exodus.com [200] [GET] [text/html] [Close] [cloudflare] [vhost] [cloudflare] [Bootstrap,Cloudflare,Gatsby,Google Font API,React,webpack] [4537c2d46031177c48c8325e510b5053]
https://www.exodus.com:8443 [200] [GET] [text/html] [Close] [cloudflare] [vhost] [cloudflare] [Bootstrap,Cloudflare,Gatsby,Google Font API,React,webpack] [4537c2d46031177c48c8325e510b5053]
