http://autodiscover.fanduel.com [301] [GET] [] [] [Microsoft-IIS/10.0] [vhost] [IIS,Microsoft ASP.NET,Windows Server] [d41d8cd98f00b204e9800998ecf8427e]
http://draft.fanduel.com [200] [GET] [text/html] [Expired DNS Hosting Services | DNS Made Easy] [nginx/1.14.2] [Bootstrap,Google Font API,Nginx] [2008e27e60117a2daf01ee79947d477b]
http://racing-qa.fanduel.com:8080 [404] [GET] [text/html] [404 Not Found] [] [2e9281cb1598565605593d28a5efa3bb]
http://racing-staging.fanduel.com:8080 [404] [GET] [text/html] [404 Not Found] [] [2e9281cb1598565605593d28a5efa3bb]
http://racing.fanduel.com:8080 [404] [GET] [text/html] [404 Not Found] [] [2e9281cb1598565605593d28a5efa3bb]
http://rgs.ct.casino.fanduel.com:8080 [404] [GET] [text/html] [404 Not Found] [] [2e9281cb1598565605593d28a5efa3bb]
http://rgs.mi.casino.fanduel.com:8080 [404] [GET] [text/html] [404 Not Found] [] [2e9281cb1598565605593d28a5efa3bb]
http://rgs.wv.casino.fanduel.com:8080 [404] [GET] [text/html] [404 Not Found] [] [2e9281cb1598565605593d28a5efa3bb]
http://service.racing-qa.fanduel.com:8080 [404] [GET] [text/html] [404 Not Found] [] [2e9281cb1598565605593d28a5efa3bb]
http://service.racing-staging.fanduel.com:8080 [404] [GET] [text/html] [404 Not Found] [] [2e9281cb1598565605593d28a5efa3bb]
http://service.racing.fanduel.com:8080 [404] [GET] [text/html] [404 Not Found] [] [2e9281cb1598565605593d28a5efa3bb]
http://sitedown.fanduel.com [403] [GET] [text/html] [403 Forbidden] [AmazonS3] [vhost] [Amazon S3,Amazon Web Services] [cf99ee83eb920f2e032727625aaa84f7]
https://9-polishlove1.autoconfig.assets.fanduel.com [403] [GET] [application/xml] [] [AmazonS3] [vhost] [cloudfront] [Amazon Cloudfront,Amazon S3,Amazon Web Services] [5af1993c057229109f0fb88ca243b0fc]
https://9-polishlove1.autoconfig.assets.fanduel.com [403] [GET] [application/xml] [] [AmazonS3] [vhost] [cloudfront] [Amazon Cloudfront,Amazon S3,Amazon Web Services] [c07136a28b487b27b60cfb8777c082b4]
https://ablink.ma.cas.fanduel.com [404] [GET] [text/html] [404 Not Found] [nginx] [vhost] [cloudfront] [Amazon Cloudfront,Amazon Web Services,Nginx] [70461da8b94c6ca5d2fda3260c5a8c3b]
https://ablink.ma.cas.fanduel.com [404] [GET] [text/html] [404 Not Found] [nginx] [vhost] [cloudfront] [Amazon Cloudfront,Amazon Web Services,Nginx] [8e325dc2fea7c8900fc6c4b8c6c394fe]
https://ablink.ma.sb.fanduel.com [404] [GET] [text/html] [404 Not Found] [nginx] [vhost] [cloudfront] [Amazon Cloudfront,Amazon Web Services,Nginx] [70461da8b94c6ca5d2fda3260c5a8c3b]
https://ablink.ma.sb.fanduel.com [404] [GET] [text/html] [404 Not Found] [nginx] [vhost] [cloudfront] [Amazon Cloudfront,Amazon Web Services,Nginx] [8e325dc2fea7c8900fc6c4b8c6c394fe]
https://ablink.racing.fanduel.com [404] [GET] [text/html] [404 Not Found] [nginx] [vhost] [cloudfront] [Amazon Cloudfront,Amazon Web Services,Nginx] [8e325dc2fea7c8900fc6c4b8c6c394fe]
https://account.co.casino.fanduel.com [200] [GET] [text/html] [FanDuel | Daily Fantasy Sports and Online U.S. Sportsbook] [nginx] [vhost] [cloudfront] [Amazon Cloudfront,Amazon Web Services,Google Tag Manager,Nginx] [ccc468c036544742302a4602b4560baa]
https://account.mi.casino.fanduel.com [200] [GET] [text/html] [FanDuel Casino] [nginx] [vhost] [cloudfront] [Amazon Cloudfront,Amazon Web Services,Nginx] [4cf80e90a3143c68c611a8a365474bdb]
https://account.nj.casino.fanduel.com [200] [GET] [text/html] [FanDuel Casino] [nginx] [vhost] [cloudfront] [Amazon Cloudfront,Amazon Web Services,Nginx] [64f538080561fde831b76497c65806a7]
https://account.pa.casino.fanduel.com [200] [GET] [text/html] [FanDuel Casino] [nginx] [vhost] [cloudfront] [Amazon Cloudfront,Amazon Web Services,Nginx] [1f673338ca791aeee747e40b2d685cfd]
https://account.wv.casino.fanduel.com [200] [GET] [text/html] [FanDuel Casino] [nginx] [vhost] [cloudfront] [Amazon Cloudfront,Amazon Web Services,Nginx] [551782665ba644d0a67596200acdea20]
https://api.fanduel.com [401] [GET] [application/json] [] [nginx] [vhost] [cloudfront] [Amazon Cloudfront,Amazon Web Services,Basic,Nginx] [d07200106b92d9665115f83c2da598ac]
https://audio-ssl.assets.fanduel.com [403] [GET] [application/xml] [] [AmazonS3] [vhost] [cloudfront] [Amazon Cloudfront,Amazon S3,Amazon Web Services] [c0668c7b7c628cf78998c3e37d9a570a]
https://audio-ssl.assets.fanduel.com [403] [GET] [application/xml] [] [AmazonS3] [vhost] [cloudfront] [Amazon Cloudfront,Amazon S3,Amazon Web Services] [eb86ab5ac0150ed6ad25501c7e5e4c3c]
https://backup.assets.fanduel.com [403] [GET] [application/xml] [] [AmazonS3] [vhost] [cloudfront] [Amazon Cloudfront,Amazon S3,Amazon Web Services] [6858fc2cb6b73a80780ee9dba054e8ed]
https://backup.assets.fanduel.com [403] [GET] [application/xml] [] [AmazonS3] [vhost] [cloudfront] [Amazon Cloudfront,Amazon S3,Amazon Web Services] [e6abd64b2f03e22e27d1ce59d493ca82]
https://boxscore.fanduel.com [302] [GET] [text/html] [Object moved] [Microsoft-IIS/10.0] [vhost] [IIS,Microsoft ASP.NET,Windows Server] [ccc0795708bc9523d4c0540e9fff7759]
https://branding-imgs.fanduel.com [403] [GET] [application/xml] [] [AmazonS3] [vhost] [cloudfront] [Amazon Cloudfront,Amazon S3,Amazon Web Services] [b3017788ab90ee63bbac0b0932504bed]
https://branding-imgs.fanduel.com [403] [GET] [application/xml] [] [AmazonS3] [vhost] [cloudfront] [Amazon Cloudfront,Amazon S3,Amazon Web Services] [e9ece2494c5fbe605b496166bf6aaf55]
https://c3luyy5hzgfwdhyuywr2zxj0axnpbmcuy29t.viruscomixg00.sportsbook-www.assets.fanduel.com [403] [GET] [application/xml] [] [AmazonS3] [vhost] [cloudfront] [Amazon Cloudfront,Amazon S3,Amazon Web Services] [58a07cb6156c6675b9e81145b47bdea1]
https://c3luyy5hzgfwdhyuywr2zxj0axnpbmcuy29t.viruscomixg00.sportsbook-www.assets.fanduel.com [403] [GET] [application/xml] [] [AmazonS3] [vhost] [cloudfront] [Amazon Cloudfront,Amazon S3,Amazon Web Services] [e81945c3539dddb669b0db7109b0f682]
https://canada.casino.fanduel.com [302] [GET] [text/html] [302 Found] [cloudflare] [vhost] [cloudflare] [Cloudflare,Cloudflare Bot Management,PerimeterX] [939a85db43c0934818eafa2b8e06ab42]
https://casino.fanduel.com [200] [GET] [text/html] [Play Online Casino Games for Real Money in NJ, PA, MI, WV | FanDuel Casino] [CloudFront] [vhost] [cloudfront] [Amazon Cloudfront,Amazon Web Services,Google Tag Manager] [6ae15a6037a6de00f2f25008b4b4c90f]
https://casino.fanduel.com [200] [GET] [text/html] [Play Online Casino Games for Real Money in NJ, PA, MI, WV | FanDuel Casino] [CloudFront] [vhost] [cloudfront] [Amazon Cloudfront,Amazon Web Services,Google Tag Manager] [a175cd79d5df0ba124e14e2f727d5a2e]
https://cbbbracket.fanduel.com [502] [GET] [text/html] [ERROR: The request could not be satisfied] [CloudFront] [vhost] [cloudfront] [Amazon Cloudfront,Amazon Web Services] [aa7742726188adc23dd6abdbbaa12d3c]
https://cbbbracket.fanduel.com [502] [GET] [text/html] [ERROR: The request could not be satisfied] [CloudFront] [vhost] [cloudfront] [Amazon Cloudfront,Amazon Web Services] [fda18d898cf852eb1606583c80266961]
https://cdn2.assets.fanduel.com [403] [GET] [application/xml] [] [AmazonS3] [vhost] [cloudfront] [Amazon Cloudfront,Amazon S3,Amazon Web Services] [025d398081436aed0274f635cb6fdc66]
https://cdn2.assets.fanduel.com [403] [GET] [application/xml] [] [AmazonS3] [vhost] [cloudfront] [Amazon Cloudfront,Amazon S3,Amazon Web Services] [e81945c3539dddb669b0db7109b0f682]
https://cms.assets.fanduel.com [403] [GET] [application/xml] [] [AmazonS3] [vhost] [cloudfront] [Amazon Cloudfront,Amazon S3,Amazon Web Services] [7d1c7a40c76a067acfa092d4a704aa50]
https://cms.assets.fanduel.com [403] [GET] [application/xml] [] [AmazonS3] [vhost] [cloudfront] [Amazon Cloudfront,Amazon S3,Amazon Web Services] [fa14e8211a1caa6e777f353b063249c4]
https://companion.fanduel.com [404] [GET] [text/html] [Error] [nginx] [Express,Nginx,Node.js] [da7da7d630292e7a2a7dda8ca87b3d39]
https://connect.fanduel.com [302] [GET] [text/html] [] [] [Pulse Secure] [d41d8cd98f00b204e9800998ecf8427e]
https://downloads.fanduel.com [403] [GET] [application/xml] [] [AmazonS3] [vhost] [cloudfront] [Amazon Cloudfront,Amazon S3,Amazon Web Services] [61822323df5f705156a1bdfc57cb4dec]
https://downloads.fanduel.com [403] [GET] [application/xml] [] [AmazonS3] [vhost] [cloudfront] [Amazon Cloudfront,Amazon S3,Amazon Web Services] [8af69b26f83b7c23a8f0e5db0a857778]
https://fanduel.com [301] [GET] [text/html] [301 Moved Permanently] [nginx] [vhost] [cloudfront] [Amazon Cloudfront,Amazon Web Services,Nginx] [4f8e702cc244ec5d4de32740c0ecbd97]
https://gorkdvancementmyaccount-cdn.assets.fanduel.com [403] [GET] [application/xml] [] [AmazonS3] [vhost] [cloudfront] [Amazon Cloudfront,Amazon S3,Amazon Web Services] [515e0122e94b867a73028b1669f2a980]
https://gorkdvancementmyaccount-cdn.assets.fanduel.com [403] [GET] [application/xml] [] [AmazonS3] [vhost] [cloudfront] [Amazon Cloudfront,Amazon S3,Amazon Web Services] [65620662e142eb161b07412598d8a269]
https://graphql.fanduel.com [404] [GET] [text/html] [] [] [vhost] [cloudfront] [Amazon Cloudfront,Amazon Web Services] [b9d1d8bb90a18fd9a3768b1ccc60ff42]
https://isitup.fanduel.com [200] [GET] [text/plain] [] [AmazonS3] [vhost] [cloudfront] [Amazon Cloudfront,Amazon S3,Amazon Web Services] [734ac67314079f878b52d4ce7e615fb5]
https://iwa-assets-dev.fanduel.com [403] [GET] [application/xml] [] [AmazonS3] [vhost] [cloudfront] [Amazon Cloudfront,Amazon S3,Amazon Web Services] [2c8ad59fec242fdff936e2398d0bd858]
https://iwa-assets-dev.fanduel.com [403] [GET] [application/xml] [] [AmazonS3] [vhost] [cloudfront] [Amazon Cloudfront,Amazon S3,Amazon Web Services] [30f04879c9c6ee40a1109f971f78a12e]
https://iwa-assets.fanduel.com [403] [GET] [application/xml] [] [AmazonS3] [vhost] [cloudfront] [Amazon Cloudfront,Amazon S3,Amazon Web Services] [a14f21c8767b92084085971fa5abaa4f]
https://iwa-assets.fanduel.com [403] [GET] [application/xml] [] [AmazonS3] [vhost] [cloudfront] [Amazon Cloudfront,Amazon S3,Amazon Web Services] [cbaa62255dc6faaf7556322e00faf4c8]
https://jmtrk.fanduel.com [200] [GET] [text/html] [JangoMail] [Microsoft-IIS/8.5] [Express,IIS,Node.js,Windows Server] [300fd7214ef47d87f56a6a2e43442c09]
https://links.ab.fanduel.com [404] [GET] [text/html] [404 Not Found] [nginx] [cloudfront] [Amazon Cloudfront,Amazon Web Services,Nginx] [8e325dc2fea7c8900fc6c4b8c6c394fe]
https://links.ab.fanduel.com [404] [GET] [text/html] [404 Not Found] [nginx] [vhost] [cloudfront] [Amazon Cloudfront,Amazon Web Services,Nginx] [70461da8b94c6ca5d2fda3260c5a8c3b]
https://live.fanduel.com [200] [GET] [text/html] [FanDuel Live! Virtual Event] [UploadServer] [vhost] [fastly] [Google Cloud,Google Cloud Storage] [7434a4cff66e9236c809344b1a3a30dd]
https://lobbymonitor.fanduel.com [503] [GET] [text/html] [503 Service Temporarily Unavailable] [awselb/2.0] [613f79233487af685baf4b32a2397ede]
https://mails.ab.fanduel.com [502] [GET] [text/html] [ERROR: The request could not be satisfied] [CloudFront] [cloudfront] [Amazon Cloudfront,Amazon Web Services] [7256283f6a9c7dc0a15d0bbfdac3466a]
https://mails.ab.fanduel.com [502] [GET] [text/html] [ERROR: The request could not be satisfied] [CloudFront] [cloudfront] [Amazon Cloudfront,Amazon Web Services] [d52c061d498876ec15953ad8110cf62b]
https://making.fanduel.com [302] [GET] [text/html] [302 Found] [nginx] [Nginx] [cfbeaf604823f038b8b46f0ac862b98c]
https://media.assets.fanduel.com [403] [GET] [application/xml] [] [AmazonS3] [vhost] [cloudfront] [Amazon Cloudfront,Amazon S3,Amazon Web Services] [a0dcc507a3be4d3268cdc5e9be93328a]
https://media.assets.fanduel.com [403] [GET] [application/xml] [] [AmazonS3] [vhost] [cloudfront] [Amazon Cloudfront,Amazon S3,Amazon Web Services] [a215170cd94cf24a11eafe000472f1cf]
https://mi.fanduel.com [200] [GET] [] [Movable Ink Domain] [] [da4d9472bd8768d5646f9f431a4be082]
https://mi.fanduel.com [200] [GET] [] [Movable Ink Domain] [] [vhost] [da4d9472bd8768d5646f9f431a4be082]
https://modules.assets.fanduel.com [403] [GET] [application/xml] [] [AmazonS3] [vhost] [cloudfront] [Amazon Cloudfront,Amazon S3,Amazon Web Services] [caadc668723a9aae121a0aeee8a28f45]
https://modules.assets.fanduel.com [403] [GET] [application/xml] [] [AmazonS3] [vhost] [cloudfront] [Amazon Cloudfront,Amazon S3,Amazon Web Services] [f30155cc26f67be720fdcb4b95c92c67]
https://mtrk.fanduel.com [302] [GET] [text/html] [] [nginx/1.12.2] [Nginx,PHP] [d41d8cd98f00b204e9800998ecf8427e]
https://neuro1yaccount-cdn.assets.fanduel.com [403] [GET] [application/xml] [] [AmazonS3] [vhost] [cloudfront] [Amazon Cloudfront,Amazon S3,Amazon Web Services] [1dc6290d21f2b1feb628b7d246e70b89]
https://neuro1yaccount-cdn.assets.fanduel.com [403] [GET] [application/xml] [] [AmazonS3] [vhost] [cloudfront] [Amazon Cloudfront,Amazon S3,Amazon Web Services] [d633647c4b232367c30a532b3cb99c4c]
https://newsz3est18-sportsbookcdn.assets.fanduel.com [403] [GET] [application/xml] [] [AmazonS3] [vhost] [cloudfront] [Amazon Cloudfront,Amazon S3,Amazon Web Services] [be52dc7ae6d64ee21afdf42ef89d31a4]
https://newsz3est18-sportsbookcdn.assets.fanduel.com [403] [GET] [application/xml] [] [AmazonS3] [vhost] [cloudfront] [Amazon Cloudfront,Amazon S3,Amazon Web Services] [d633647c4b232367c30a532b3cb99c4c]
https://playfree.fanduel.com [301] [GET] [text/html] [301 Moved Permanently] [nginx] [vhost] [cloudfront] [Amazon Cloudfront,Amazon Web Services,Nginx] [4f8e702cc244ec5d4de32740c0ecbd97]
https://promos.fantasy.www.fanduel.com [200] [GET] [text/html] [FanDuel™ Fantasy - Betting Offers & Bonuses] [Apache-Coyote/1.1] [Apache Tomcat,Google Tag Manager,Java] [91e0475f2e1e6c4009a8876c4211b613]
https://promos.fantasy.www.fanduel.com [200] [GET] [text/html] [FanDuel™ Fantasy - Betting Offers & Bonuses] [Apache-Coyote/1.1] [Apache Tomcat,Google Tag Manager,Java] [f2951b8b03d80f7c60afff7f1beab228]
https://promotions.fanduel.com [302] [GET] [text/html] [302 Found] [awselb/2.0] [f366e0e18b589cb6f243bf43ce75e83c]
https://racing-qa.fanduel.com [403] [GET] [text/html] [403] [] [cf4bf23ae244e6fd5ca63598d4dcc82d]
https://racing-staging.fanduel.com [403] [GET] [text/html] [Security Violation (403)] [rhino-core-shield] [vhost] [Google Cloud,Google Cloud CDN] [3d8d2aac30a42eb30e3bcdacba7581ea]
https://racing-staging.fanduel.com [403] [GET] [text/html] [Security Violation (403)] [rhino-core-shield] [vhost] [Google Cloud,Google Cloud CDN] [76023ccf2278ce3ff30c7aa725d8bb73]
https://racing.fanduel.com [403] [GET] [text/html] [Security Violation (403)] [rhino-core-shield] [vhost] [Google Cloud,Google Cloud CDN] [ac894bab375472b7e5214c020e3d5fb3]
https://racing.fanduel.com [403] [GET] [text/html] [Security Violation (403)] [rhino-core-shield] [vhost] [Google Cloud,Google Cloud CDN] [e4fa0d5e84cb9acbaf916a5999f88f4c]
https://rgs.ct.casino.fanduel.com [503] [GET] [text/html] [] [rhino-core-shield] [vhost] [Google Cloud,Google Cloud CDN] [ff4ed829ffd04e9c6095842b07d11f09]
https://rgs.mi.casino.fanduel.com [503] [GET] [text/html] [] [rhino-core-shield] [vhost] [Google Cloud,Google Cloud CDN] [ff4ed829ffd04e9c6095842b07d11f09]
https://rgs.pa.casino.fanduel.com [404] [GET] [] [] [Apache-Coyote/1.1] [vhost] [Apache Tomcat,Java] [d41d8cd98f00b204e9800998ecf8427e]
https://rgs.wv.casino.fanduel.com [503] [GET] [text/html] [] [rhino-core-shield] [vhost] [Google Cloud,Google Cloud CDN] [ff4ed829ffd04e9c6095842b07d11f09]
https://rgsinternal.ct.casino.fanduel.com [503] [GET] [text/html] [] [] [ff4ed829ffd04e9c6095842b07d11f09]
https://rgsinternal.mi.casino.fanduel.com [503] [GET] [text/html] [] [] [ff4ed829ffd04e9c6095842b07d11f09]
https://rgsinternal.nj.casino.fanduel.com [503] [GET] [text/html] [503 Service Unavailable] [Apache] [Apache] [66b56e5161f020eb41a31adcb0ed2c0e]
https://rgsinternal.pa.casino.fanduel.com [503] [GET] [text/html] [] [] [ff4ed829ffd04e9c6095842b07d11f09]
https://rgsinternal.wv.casino.fanduel.com [503] [GET] [text/html] [] [] [ff4ed829ffd04e9c6095842b07d11f09]
https://rokit.assets.fanduel.com [403] [GET] [application/xml] [] [AmazonS3] [vhost] [cloudfront] [Amazon Cloudfront,Amazon S3,Amazon Web Services] [040c9d42a5f5f63fb05585b997b0ccec]
https://rokit.assets.fanduel.com [403] [GET] [application/xml] [] [AmazonS3] [vhost] [cloudfront] [Amazon Cloudfront,Amazon S3,Amazon Web Services] [e0ff818946aa06c129a29c0132ad0357]
https://s.assets.fanduel.com [403] [GET] [application/xml] [] [AmazonS3] [vhost] [cloudfront] [Amazon Cloudfront,Amazon S3,Amazon Web Services] [8b4ebcdabc7d06bbda6597d246ac8605]
https://s.assets.fanduel.com [403] [GET] [application/xml] [] [AmazonS3] [vhost] [cloudfront] [Amazon Cloudfront,Amazon S3,Amazon Web Services] [d633647c4b232367c30a532b3cb99c4c]
https://sb.fanduel.com [302] [GET] [text/html] [302 Found] [nginx] [vhost] [cloudfront] [Amazon Cloudfront,Amazon Web Services,Nginx] [aff950cab4c0265e21d401db15f1026d]
https://sel.fanduel.com [302] [GET] [text/html] [302 Found] [nginx] [vhost] [cloudfront] [Amazon Cloudfront,Amazon Web Services,Nginx] [aff950cab4c0265e21d401db15f1026d]
https://service.racing-qa.fanduel.com [403] [GET] [text/html] [403] [] [cf4bf23ae244e6fd5ca63598d4dcc82d]
https://service.racing-staging.fanduel.com [403] [GET] [text/html] [Security Violation (403)] [rhino-core-shield] [vhost] [Google Cloud,Google Cloud CDN] [7ce9753f8f0e0700da7150d1d3bb1f94]
https://service.racing-staging.fanduel.com [403] [GET] [text/html] [Security Violation (403)] [rhino-core-shield] [vhost] [Google Cloud,Google Cloud CDN] [98afd3a0db2d95a859079863e34e5efb]
https://service.racing.fanduel.com [403] [GET] [text/html] [Security Violation (403)] [rhino-core-shield] [vhost] [Google Cloud,Google Cloud CDN] [4b34e1b578697d52e086398eb790e550]
https://service.racing.fanduel.com [403] [GET] [text/html] [Security Violation (403)] [rhino-core-shield] [vhost] [Google Cloud,Google Cloud CDN] [af86caf067ac2189e6a890085f790615]
https://sportsboocdn.assets.fanduel.com [403] [GET] [application/xml] [] [AmazonS3] [vhost] [cloudfront] [Amazon Cloudfront,Amazon S3,Amazon Web Services] [45c7d4e258ce05ea60016edba9f660a3]
https://sportsboocdn.assets.fanduel.com [403] [GET] [application/xml] [] [AmazonS3] [vhost] [cloudfront] [Amazon Cloudfront,Amazon S3,Amazon Web Services] [d633647c4b232367c30a532b3cb99c4c]
https://sportsbookstaging-viruscomix.assets.fanduel.com [403] [GET] [application/xml] [] [AmazonS3] [vhost] [cloudfront] [Amazon Cloudfront,Amazon S3,Amazon Web Services] [47674e694c0e9d48b630f1413d110b7b]
https://sportsbookstaging-viruscomix.assets.fanduel.com [403] [GET] [application/xml] [] [AmazonS3] [vhost] [cloudfront] [Amazon Cloudfront,Amazon S3,Amazon Web Services] [d633647c4b232367c30a532b3cb99c4c]
https://sportsbookstaging.viruscomix.assets.fanduel.com [403] [GET] [application/xml] [] [AmazonS3] [vhost] [cloudfront] [Amazon Cloudfront,Amazon S3,Amazon Web Services] [6d63ababb02bc0c5ac1b17e13dd66afd]
https://sportsbookstaging.viruscomix.assets.fanduel.com [403] [GET] [application/xml] [] [AmazonS3] [vhost] [cloudfront] [Amazon Cloudfront,Amazon S3,Amazon Web Services] [7558903e1b5f5ab67cbd5711d3b00c73]
https://sportsbookwwwviruscomix.assets.fanduel.com [403] [GET] [application/xml] [] [AmazonS3] [vhost] [cloudfront] [Amazon Cloudfront,Amazon S3,Amazon Web Services] [274a64ebf54f2bb6b8c9f9ec44d7ec71]
https://sportsbookwwwviruscomix.assets.fanduel.com [403] [GET] [application/xml] [] [AmazonS3] [vhost] [cloudfront] [Amazon Cloudfront,Amazon S3,Amazon Web Services] [40905dbfa3c34b53e8061af411c63999]
https://sportsboostaging.assets.fanduel.com [403] [GET] [application/xml] [] [AmazonS3] [vhost] [cloudfront] [Amazon Cloudfront,Amazon S3,Amazon Web Services] [26807139b336e9b65e2d82e096f6313e]
https://sportsboostaging.assets.fanduel.com [403] [GET] [application/xml] [] [AmazonS3] [vhost] [cloudfront] [Amazon Cloudfront,Amazon S3,Amazon Web Services] [41e00311fb5d272a636a6df843422021]
https://sportsboowww.assets.fanduel.com [403] [GET] [application/xml] [] [AmazonS3] [vhost] [cloudfront] [Amazon Cloudfront,Amazon S3,Amazon Web Services] [0bf3719d4f26ad58704898d8adc548fc]
https://sportsboowww.assets.fanduel.com [403] [GET] [application/xml] [] [AmazonS3] [vhost] [cloudfront] [Amazon Cloudfront,Amazon S3,Amazon Web Services] [4f31f491a1a34fb8630314b2f7fe0d4f]
https://starthere.fanduel.com [200] [GET] [text/html] [Monogram] [Netlify] [vhost] [Hugo,Netlify,Typekit] [4583702effbb4e44949c29716c2b885d]
https://status-test.fanduel.com [403] [GET] [application/xml] [] [AmazonS3] [vhost] [cloudfront] [Amazon Cloudfront,Amazon S3,Amazon Web Services] [5f6d1b5101bb1543831cf814bc278b1e]
https://status-test.fanduel.com [403] [GET] [application/xml] [] [AmazonS3] [vhost] [cloudfront] [Amazon Cloudfront,Amazon S3,Amazon Web Services] [b04fa671b6e7f8d70144eb324adbf20c]
https://status.fanduel.com [403] [GET] [application/xml] [] [AmazonS3] [vhost] [cloudfront] [Amazon Cloudfront,Amazon S3,Amazon Web Services] [7f56598b34f550ffe88abee10aa55686]
https://status.fanduel.com [403] [GET] [application/xml] [] [AmazonS3] [vhost] [cloudfront] [Amazon Cloudfront,Amazon S3,Amazon Web Services] [821927b9661b86d51f32c9e4f44f824f]
https://tm.fanduel.com [400] [GET] [text/html] [] [Apache] [Apache] [825644f747baab2c00e420dbbc39e4b3]
https://viruscomixsportsbookwww.assets.fanduel.com [403] [GET] [application/xml] [] [AmazonS3] [vhost] [cloudfront] [Amazon Cloudfront,Amazon S3,Amazon Web Services] [09a432356c583e13e3bb7a0d51e505ed]
https://viruscomixsportsbookwww.assets.fanduel.com [403] [GET] [application/xml] [] [AmazonS3] [vhost] [cloudfront] [Amazon Cloudfront,Amazon S3,Amazon Web Services] [d3db92411548d89ba24758995da39163]
https://viruscomixstaging.assets.fanduel.com [403] [GET] [application/xml] [] [AmazonS3] [vhost] [cloudfront] [Amazon Cloudfront,Amazon S3,Amazon Web Services] [acb489364834ff2e8291ac9e03b32adf]
https://viruscomixstaging.assets.fanduel.com [403] [GET] [application/xml] [] [AmazonS3] [vhost] [cloudfront] [Amazon Cloudfront,Amazon S3,Amazon Web Services] [c45d004de048b10c86645cc80f6dc93a]
https://viruscomixswww.assets.fanduel.com [403] [GET] [application/xml] [] [AmazonS3] [vhost] [cloudfront] [Amazon Cloudfront,Amazon S3,Amazon Web Services] [74a0ba5536043db0d299bbb0093ce645]
https://viruscomixswww.assets.fanduel.com [403] [GET] [application/xml] [] [AmazonS3] [vhost] [cloudfront] [Amazon Cloudfront,Amazon S3,Amazon Web Services] [d3db92411548d89ba24758995da39163]
https://webhooks.fanduel.com [403] [GET] [application/json] [] [] [vhost] [bc45704aad57d445b6dfa58b101071e3]
https://webmail.assets.fanduel.com [403] [GET] [application/xml] [] [AmazonS3] [vhost] [cloudfront] [Amazon Cloudfront,Amazon S3,Amazon Web Services] [19a680f1cddd80eee2d6113ba567f7b4]
https://webmail.assets.fanduel.com [403] [GET] [application/xml] [] [AmazonS3] [vhost] [cloudfront] [Amazon Cloudfront,Amazon S3,Amazon Web Services] [74a0ba5536043db0d299bbb0093ce645]
https://websockets.fanduel.com [404] [GET] [] [] [] [4f4adcbf8c6f66dcfc8a3282ac2bf10a]
https://www.fanduel.com [200] [GET] [text/html] [FanDuel | Daily Fantasy Sports and Online U.S. Sportsbook] [nginx] [cloudfront] [Amazon Cloudfront,Amazon Web Services,Google Tag Manager,Nginx] [ccc468c036544742302a4602b4560baa]
https://ya-aliweb5811-staging.assets.fanduel.com [403] [GET] [application/xml] [] [AmazonS3] [vhost] [cloudfront] [Amazon Cloudfront,Amazon S3,Amazon Web Services] [74a0ba5536043db0d299bbb0093ce645]
https://ya-aliweb5811-staging.assets.fanduel.com [403] [GET] [application/xml] [] [AmazonS3] [vhost] [cloudfront] [Amazon Cloudfront,Amazon S3,Amazon Web Services] [f0c0a0e07b6f269f754e796d79f1cd79]
