http://cabinet.floc-18066-staging.staging.flocktory.com [404] [GET] [text/plain] [] [] [595e88012a6521aae3e12cbebe76eb9e]
http://exchange.flocktory.com [200] [GET] [text/html] [] [AmazonS3] [vhost] [Amazon S3,Amazon Web Services] [19da919209d84d0cad2f17dd26c485a2]
http://reports.flocktory.com [200] [GET] [text/html] [IIS Windows Server] [Microsoft-IIS/8.5] [azure] [IIS,Windows Server] [dea139153d780fdc018caefdbd600c1c]
http://sephora.api.flocktory.com:8080 [200] [GET] [text/html] [Welcome to nginx!] [nginx] [Nginx] [e3eb0a1df437f3f97a64aca5952c8ea0]
http://sephora.flocktory.com:8080 [200] [GET] [text/html] [Welcome to nginx!] [nginx] [Nginx] [e3eb0a1df437f3f97a64aca5952c8ea0]
http://servers.flocktory.com:8080 [200] [GET] [text/html] [Welcome to nginx!] [nginx] [Nginx] [e3eb0a1df437f3f97a64aca5952c8ea0]
https://220-volt.flocktory.com [200] [GET] [] [] [openresty] [Envoy,Nginx,OpenResty] [9a843f20677a52ca79af903123147af0]
https://access-cabinet.staging.flocktory.com [404] [GET] [text/plain] [] [] [595e88012a6521aae3e12cbebe76eb9e]
https://adamas.flocktory.com [200] [GET] [] [] [openresty] [Envoy,Nginx,OpenResty] [9a843f20677a52ca79af903123147af0]
https://adzerk-fix-cabinet.staging.flocktory.com [404] [GET] [text/plain] [] [] [595e88012a6521aae3e12cbebe76eb9e]
https://alerts-cabinet.staging.flocktory.com [404] [GET] [text/plain] [] [] [595e88012a6521aae3e12cbebe76eb9e]
https://alpinabook.flocktory.com [200] [GET] [] [] [openresty] [Envoy,Nginx,OpenResty] [9a843f20677a52ca79af903123147af0]
https://api-mm.flocktory.com [301] [GET] [] [] [nginx] [Nginx] [d41d8cd98f00b204e9800998ecf8427e]
https://audiences-fix-cabinet.staging.flocktory.com [404] [GET] [text/plain] [] [] [595e88012a6521aae3e12cbebe76eb9e]
https://auth-fix-cabinet.staging.flocktory.com [404] [GET] [text/plain] [] [] [595e88012a6521aae3e12cbebe76eb9e]
https://auth.flocktory.com [200] [GET] [text/html] [] [nginx/1.21.0] [vhost] [Nginx] [9c84de368805ab978f0dbae42e026c06]
https://av.flocktory.com [200] [GET] [] [] [openresty] [Envoy,Nginx,OpenResty] [9a843f20677a52ca79af903123147af0]
https://beta-cabinet.flocktory.com [302] [GET] [text/html] [] [openresty] [vhost] [Nginx,OpenResty] [ab813bcda5375a4701aaa5ad18ab6706]
https://beta-cabinet.staging.flocktory.com [200] [GET] [text/html] [Flocktory] [istio-envoy] [vhost] [Envoy,Google Tag Manager] [581a43bfec47507b7c2a38d53f81065e]
https://beta-sp.flocktory.com [302] [GET] [text/plain] [] [nginx/1.15.6] [vhost] [Envoy,Nginx] [d41d8cd98f00b204e9800998ecf8427e]
https://beta.flocktory.com [404] [GET] [text/plain] [] [openresty] [vhost] [Envoy,Nginx,OpenResty] [9d1ead73e678fa2f51a70a933b0bf017]
https://blog.flocktory.com [200] [GET] [] [] [openresty] [Envoy,Nginx,OpenResty] [9a843f20677a52ca79af903123147af0]
https://bork.flocktory.com [200] [GET] [] [] [openresty] [Envoy,Nginx,OpenResty] [9a843f20677a52ca79af903123147af0]
https://cabinet.15670-utm-tooltip-staging.staging.flocktory.com [404] [GET] [text/plain] [] [] [595e88012a6521aae3e12cbebe76eb9e]
https://cabinet.adzerk-staging.staging.flocktory.com [404] [GET] [text/plain] [] [] [595e88012a6521aae3e12cbebe76eb9e]
https://cabinet.app-exchange-staging.staging.flocktory.com [404] [GET] [text/plain] [] [] [595e88012a6521aae3e12cbebe76eb9e]
https://cabinet.application-name-staging.staging.flocktory.com [404] [GET] [text/plain] [] [] [595e88012a6521aae3e12cbebe76eb9e]
https://cabinet.banners-staging.staging.flocktory.com [404] [GET] [text/plain] [] [] [595e88012a6521aae3e12cbebe76eb9e]
https://cabinet.beta-staging.staging.flocktory.com [302] [GET] [text/html] [] [nginx] [vhost] [Nginx] [7aac7da6ee4a6d422de39e9fd6b501ea]
https://cabinet.blacklist-beta-staging.staging.flocktory.com [404] [GET] [text/plain] [] [] [595e88012a6521aae3e12cbebe76eb9e]
https://cabinet.bootstrap-staging.staging.flocktory.com [404] [GET] [text/plain] [] [] [595e88012a6521aae3e12cbebe76eb9e]
https://cabinet.campaigns-map-staging.staging.flocktory.com [404] [GET] [text/plain] [] [] [595e88012a6521aae3e12cbebe76eb9e]
https://cabinet.categories-staging-master.staging.flocktory.com [404] [GET] [text/plain] [] [] [595e88012a6521aae3e12cbebe76eb9e]
https://cabinet.categories-staging.staging.flocktory.com [404] [GET] [text/plain] [] [] [595e88012a6521aae3e12cbebe76eb9e]
https://cabinet.cookies-test-staging.staging.flocktory.com [404] [GET] [text/plain] [] [] [595e88012a6521aae3e12cbebe76eb9e]
https://cabinet.editro-dnd-staging.staging.flocktory.com [404] [GET] [text/plain] [] [] [595e88012a6521aae3e12cbebe76eb9e]
https://cabinet.email-staging.staging.flocktory.com [302] [GET] [text/html] [] [istio-envoy] [vhost] [Envoy] [cff54dd9f925454864cb0c890011a957]
https://cabinet.exchange-staging.staging.flocktory.com [404] [GET] [text/plain] [] [] [595e88012a6521aae3e12cbebe76eb9e]
https://cabinet.exchange-workflow-staging.staging.flocktory.com [404] [GET] [text/plain] [] [] [595e88012a6521aae3e12cbebe76eb9e]
https://cabinet.exclusions-concept-staging.staging.flocktory.com [404] [GET] [text/plain] [] [] [595e88012a6521aae3e12cbebe76eb9e]
https://cabinet.faq-staging.staging.flocktory.com [404] [GET] [text/plain] [] [] [595e88012a6521aae3e12cbebe76eb9e]
https://cabinet.feed-staging.staging.flocktory.com [404] [GET] [text/plain] [] [] [595e88012a6521aae3e12cbebe76eb9e]
https://cabinet.fix-blur-staging.staging.flocktory.com [404] [GET] [text/plain] [] [] [595e88012a6521aae3e12cbebe76eb9e]
https://cabinet.flights-staging.staging.flocktory.com [404] [GET] [text/plain] [] [] [595e88012a6521aae3e12cbebe76eb9e]
https://cabinet.floc-12179-xpush-staging.staging.flocktory.com [404] [GET] [text/plain] [] [] [595e88012a6521aae3e12cbebe76eb9e]
https://cabinet.floc-12904-staging.staging.flocktory.com [404] [GET] [text/plain] [] [] [595e88012a6521aae3e12cbebe76eb9e]
https://cabinet.floc-14287-staging.staging.flocktory.com [404] [GET] [text/plain] [] [] [595e88012a6521aae3e12cbebe76eb9e]
https://cabinet.floc-15062-staging.staging.flocktory.com [404] [GET] [text/plain] [] [] [595e88012a6521aae3e12cbebe76eb9e]
https://cabinet.floc-15103-staging.staging.flocktory.com [404] [GET] [text/plain] [] [] [595e88012a6521aae3e12cbebe76eb9e]
https://cabinet.floc-15110-staging.staging.flocktory.com [404] [GET] [text/plain] [] [] [595e88012a6521aae3e12cbebe76eb9e]
https://cabinet.floc-15151-staging.staging.flocktory.com [404] [GET] [text/plain] [] [] [595e88012a6521aae3e12cbebe76eb9e]
https://cabinet.floc-15184-staging.staging.flocktory.com [404] [GET] [text/plain] [] [] [595e88012a6521aae3e12cbebe76eb9e]
https://cabinet.floc-15230-staging.staging.flocktory.com [404] [GET] [text/plain] [] [] [595e88012a6521aae3e12cbebe76eb9e]
https://cabinet.floc-15361-staging.staging.flocktory.com [404] [GET] [text/plain] [] [] [595e88012a6521aae3e12cbebe76eb9e]
https://cabinet.floc-15544-staging.staging.flocktory.com [404] [GET] [text/plain] [] [] [595e88012a6521aae3e12cbebe76eb9e]
https://cabinet.floc-15581-staging.staging.flocktory.com [404] [GET] [text/plain] [] [] [595e88012a6521aae3e12cbebe76eb9e]
https://cabinet.floc-15600-staging.staging.flocktory.com [404] [GET] [text/plain] [] [] [595e88012a6521aae3e12cbebe76eb9e]
https://cabinet.floc-15615-staging.staging.flocktory.com [404] [GET] [text/plain] [] [] [595e88012a6521aae3e12cbebe76eb9e]
https://cabinet.floc-15616-staging.staging.flocktory.com [404] [GET] [text/plain] [] [] [595e88012a6521aae3e12cbebe76eb9e]
https://cabinet.floc-15623-staging.staging.flocktory.com [404] [GET] [text/plain] [] [] [595e88012a6521aae3e12cbebe76eb9e]
https://cabinet.floc-15672-staging.staging.flocktory.com [404] [GET] [text/plain] [] [] [595e88012a6521aae3e12cbebe76eb9e]
https://cabinet.floc-15693-staging.staging.flocktory.com [404] [GET] [text/plain] [] [] [595e88012a6521aae3e12cbebe76eb9e]
https://cabinet.floc-15710-staging.staging.flocktory.com [404] [GET] [text/plain] [] [] [595e88012a6521aae3e12cbebe76eb9e]
https://cabinet.floc-15747-staging.staging.flocktory.com [404] [GET] [text/plain] [] [] [595e88012a6521aae3e12cbebe76eb9e]
https://cabinet.floc-15759-staging.staging.flocktory.com [404] [GET] [text/plain] [] [] [595e88012a6521aae3e12cbebe76eb9e]
https://cabinet.floc-15778-staging.staging.flocktory.com [404] [GET] [text/plain] [] [] [595e88012a6521aae3e12cbebe76eb9e]
https://cabinet.floc-15938-staging.staging.flocktory.com [404] [GET] [text/plain] [] [] [595e88012a6521aae3e12cbebe76eb9e]
https://cabinet.floc-15944-staging.staging.flocktory.com [404] [GET] [text/plain] [] [] [595e88012a6521aae3e12cbebe76eb9e]
https://cabinet.floc-15947-staging.staging.flocktory.com [404] [GET] [text/plain] [] [] [595e88012a6521aae3e12cbebe76eb9e]
https://cabinet.floc-15960-staging.staging.flocktory.com [404] [GET] [text/plain] [] [] [595e88012a6521aae3e12cbebe76eb9e]
https://cabinet.floc-15974-staging.staging.flocktory.com [404] [GET] [text/plain] [] [] [595e88012a6521aae3e12cbebe76eb9e]
https://cabinet.floc-16018-staging.staging.flocktory.com [404] [GET] [text/plain] [] [] [595e88012a6521aae3e12cbebe76eb9e]
https://cabinet.floc-16024-hotkeys-staging.staging.flocktory.com [404] [GET] [text/plain] [] [] [595e88012a6521aae3e12cbebe76eb9e]
https://cabinet.floc-16027-staging.staging.flocktory.com [404] [GET] [text/plain] [] [] [595e88012a6521aae3e12cbebe76eb9e]
https://cabinet.floc-16039-staging.staging.flocktory.com [404] [GET] [text/plain] [] [] [595e88012a6521aae3e12cbebe76eb9e]
https://cabinet.floc-16116-staging.staging.flocktory.com [404] [GET] [text/plain] [] [] [595e88012a6521aae3e12cbebe76eb9e]
https://cabinet.floc-16133-staging.staging.flocktory.com [404] [GET] [text/plain] [] [] [595e88012a6521aae3e12cbebe76eb9e]
https://cabinet.floc-16135-staging.staging.flocktory.com [404] [GET] [text/plain] [] [] [595e88012a6521aae3e12cbebe76eb9e]
https://cabinet.floc-16148-staging.staging.flocktory.com [404] [GET] [text/plain] [] [] [595e88012a6521aae3e12cbebe76eb9e]
https://cabinet.floc-16224-staging.staging.flocktory.com [404] [GET] [text/plain] [] [] [595e88012a6521aae3e12cbebe76eb9e]
https://cabinet.floc-16233-staging.staging.flocktory.com [404] [GET] [text/plain] [] [] [595e88012a6521aae3e12cbebe76eb9e]
https://cabinet.floc-16252-16253-staging.staging.flocktory.com [404] [GET] [text/plain] [] [] [595e88012a6521aae3e12cbebe76eb9e]
https://cabinet.floc-16364-hotfix-staging.staging.flocktory.com [404] [GET] [text/plain] [] [] [595e88012a6521aae3e12cbebe76eb9e]
https://cabinet.floc-16471-staging.staging.flocktory.com [404] [GET] [text/plain] [] [] [595e88012a6521aae3e12cbebe76eb9e]
https://cabinet.floc-16522-staging.staging.flocktory.com [404] [GET] [text/plain] [] [] [595e88012a6521aae3e12cbebe76eb9e]
https://cabinet.floc-16551-staging.staging.flocktory.com [404] [GET] [text/plain] [] [] [595e88012a6521aae3e12cbebe76eb9e]
https://cabinet.floc-16599-staging.staging.flocktory.com [404] [GET] [text/plain] [] [] [595e88012a6521aae3e12cbebe76eb9e]
https://cabinet.floc-16742-staging.staging.flocktory.com [404] [GET] [text/plain] [] [] [595e88012a6521aae3e12cbebe76eb9e]
https://cabinet.floc-16814-staging.staging.flocktory.com [404] [GET] [text/plain] [] [] [595e88012a6521aae3e12cbebe76eb9e]
https://cabinet.floc-16823-staging.staging.flocktory.com [404] [GET] [text/plain] [] [] [595e88012a6521aae3e12cbebe76eb9e]
https://cabinet.floc-16882-staging.staging.flocktory.com [404] [GET] [text/plain] [] [] [595e88012a6521aae3e12cbebe76eb9e]
https://cabinet.floc-16995-staging.staging.flocktory.com [404] [GET] [text/plain] [] [] [595e88012a6521aae3e12cbebe76eb9e]
https://cabinet.floc-17106-staging.staging.flocktory.com [404] [GET] [text/plain] [] [] [595e88012a6521aae3e12cbebe76eb9e]
https://cabinet.floc-17111-staging.staging.flocktory.com [404] [GET] [text/plain] [] [] [595e88012a6521aae3e12cbebe76eb9e]
https://cabinet.floc-17237-staging.staging.flocktory.com [404] [GET] [text/plain] [] [] [595e88012a6521aae3e12cbebe76eb9e]
https://cabinet.floc-17424-staging.staging.flocktory.com [404] [GET] [text/plain] [] [] [595e88012a6521aae3e12cbebe76eb9e]
https://cabinet.floc-17462-staging.staging.flocktory.com [404] [GET] [text/plain] [] [] [595e88012a6521aae3e12cbebe76eb9e]
https://cabinet.floc-17463-staging.staging.flocktory.com [404] [GET] [text/plain] [] [] [595e88012a6521aae3e12cbebe76eb9e]
https://cabinet.floc-17539-staging.staging.flocktory.com [404] [GET] [text/plain] [] [] [595e88012a6521aae3e12cbebe76eb9e]
https://cabinet.floc-17633-staging.staging.flocktory.com [404] [GET] [text/plain] [] [] [595e88012a6521aae3e12cbebe76eb9e]
https://cabinet.floc-17706-staging.staging.flocktory.com [404] [GET] [text/plain] [] [] [595e88012a6521aae3e12cbebe76eb9e]
https://cabinet.floc-17840-staging.staging.flocktory.com [404] [GET] [text/plain] [] [] [595e88012a6521aae3e12cbebe76eb9e]
https://cabinet.floc-17898-staging.staging.flocktory.com [404] [GET] [text/plain] [] [] [595e88012a6521aae3e12cbebe76eb9e]
https://cabinet.floc-17911-staging.staging.flocktory.com [404] [GET] [text/plain] [] [] [595e88012a6521aae3e12cbebe76eb9e]
https://cabinet.floc-18066-staging.staging.flocktory.com [404] [GET] [text/plain] [] [] [595e88012a6521aae3e12cbebe76eb9e]
https://cabinet.floc-18111-staging.staging.flocktory.com [404] [GET] [text/plain] [] [] [595e88012a6521aae3e12cbebe76eb9e]
https://cabinet.floc-18160-staging.staging.flocktory.com [404] [GET] [text/plain] [] [] [595e88012a6521aae3e12cbebe76eb9e]
https://cabinet.floc-18432-staging.staging.flocktory.com [404] [GET] [text/plain] [] [] [595e88012a6521aae3e12cbebe76eb9e]
https://cabinet.floc-18459-staging.staging.flocktory.com [404] [GET] [text/plain] [] [] [595e88012a6521aae3e12cbebe76eb9e]
https://cabinet.floc-19293-staging.staging.flocktory.com [404] [GET] [text/plain] [] [] [595e88012a6521aae3e12cbebe76eb9e]
https://cabinet.floc-19294-staging.staging.flocktory.com [404] [GET] [text/plain] [] [] [595e88012a6521aae3e12cbebe76eb9e]
https://cabinet.floc-19300-staging.staging.flocktory.com [503] [GET] [text/plain] [] [] [vhost] [c95aec10ba314ea37a33cea18cf8a412]
https://cabinet.floc-19350-staging.staging.flocktory.com [404] [GET] [text/plain] [] [] [595e88012a6521aae3e12cbebe76eb9e]
https://cabinet.floc-19969-staging.staging.flocktory.com [404] [GET] [text/plain] [] [] [595e88012a6521aae3e12cbebe76eb9e]
https://cabinet.floc-19999-staging.staging.flocktory.com [503] [GET] [text/plain] [] [] [vhost] [c95aec10ba314ea37a33cea18cf8a412]
https://cabinet.floc-20508-staging.staging.flocktory.com [503] [GET] [text/plain] [] [] [vhost] [c95aec10ba314ea37a33cea18cf8a412]
https://cabinet.floc-20832-staging.staging.flocktory.com [302] [GET] [text/html] [] [istio-envoy] [vhost] [Envoy] [bbb99f77d35246f83fc3d43a62a50dfa]
https://cabinet.flocktory.com [302] [GET] [text/html] [] [openresty] [vhost] [Envoy,Nginx,OpenResty] [972e96fb55efc7b624e283bc7bd69ace]
https://cabinet.geo-overhead-staging.staging.flocktory.com [404] [GET] [text/plain] [] [] [595e88012a6521aae3e12cbebe76eb9e]
https://cabinet.integration-staging.staging.flocktory.com [404] [GET] [text/plain] [] [] [595e88012a6521aae3e12cbebe76eb9e]
https://cabinet.integrity-ui-staging.staging.flocktory.com [404] [GET] [text/plain] [] [] [595e88012a6521aae3e12cbebe76eb9e]
https://cabinet.library-staging.staging.flocktory.com [404] [GET] [text/plain] [] [] [595e88012a6521aae3e12cbebe76eb9e]
https://cabinet.me-bug-staging.staging.flocktory.com [404] [GET] [text/plain] [] [] [595e88012a6521aae3e12cbebe76eb9e]
https://cabinet.me-staging.staging.flocktory.com [404] [GET] [text/plain] [] [] [595e88012a6521aae3e12cbebe76eb9e]
https://cabinet.menu-staging.staging.flocktory.com [404] [GET] [text/plain] [] [] [595e88012a6521aae3e12cbebe76eb9e]
https://cabinet.mm-segments-staging.staging.flocktory.com [404] [GET] [text/plain] [] [] [595e88012a6521aae3e12cbebe76eb9e]
https://cabinet.mm-staging.staging.flocktory.com [404] [GET] [text/plain] [] [] [595e88012a6521aae3e12cbebe76eb9e]
https://cabinet.new-login-staging.staging.flocktory.com [404] [GET] [text/plain] [] [] [595e88012a6521aae3e12cbebe76eb9e]
https://cabinet.nginx-staging.staging.flocktory.com [404] [GET] [text/plain] [] [] [595e88012a6521aae3e12cbebe76eb9e]
https://cabinet.no-task-error-staging.staging.flocktory.com [404] [GET] [text/plain] [] [] [595e88012a6521aae3e12cbebe76eb9e]
https://cabinet.offline-billing-staging.staging.flocktory.com [404] [GET] [text/plain] [] [] [595e88012a6521aae3e12cbebe76eb9e]
https://cabinet.ops-237-staging.staging.flocktory.com [404] [GET] [text/plain] [] [] [595e88012a6521aae3e12cbebe76eb9e]
https://cabinet.optin-trigger-staging.staging.flocktory.com [404] [GET] [text/plain] [] [] [595e88012a6521aae3e12cbebe76eb9e]
https://cabinet.percent-staging.staging.flocktory.com [404] [GET] [text/plain] [] [] [595e88012a6521aae3e12cbebe76eb9e]
https://cabinet.picasso-staging.staging.flocktory.com [404] [GET] [text/plain] [] [] [595e88012a6521aae3e12cbebe76eb9e]
https://cabinet.postcheckout-staging.staging.flocktory.com [404] [GET] [text/plain] [] [] [595e88012a6521aae3e12cbebe76eb9e]
https://cabinet.postcheckout-tracking-logs-staging.staging.flocktory.com [503] [GET] [text/plain] [] [] [vhost] [c95aec10ba314ea37a33cea18cf8a412]
https://cabinet.precheckout-staging.staging.flocktory.com [404] [GET] [text/plain] [] [] [595e88012a6521aae3e12cbebe76eb9e]
https://cabinet.preview-editor-staging.staging.flocktory.com [404] [GET] [text/plain] [] [] [595e88012a6521aae3e12cbebe76eb9e]
https://cabinet.push-email-hint-staging.staging.flocktory.com [404] [GET] [text/plain] [] [] [595e88012a6521aae3e12cbebe76eb9e]
https://cabinet.r-staging.staging.flocktory.com [404] [GET] [text/plain] [] [] [595e88012a6521aae3e12cbebe76eb9e]
https://cabinet.react-staging.staging.flocktory.com [404] [GET] [text/plain] [] [] [595e88012a6521aae3e12cbebe76eb9e]
https://cabinet.request-staging.staging.flocktory.com [404] [GET] [text/plain] [] [] [595e88012a6521aae3e12cbebe76eb9e]
https://cabinet.ruby-staging.staging.flocktory.com [404] [GET] [text/plain] [] [] [595e88012a6521aae3e12cbebe76eb9e]
https://cabinet.send-new-account-email-staging.staging.flocktory.com [404] [GET] [text/plain] [] [] [595e88012a6521aae3e12cbebe76eb9e]
https://cabinet.sequence-templates-staging.staging.flocktory.com [404] [GET] [text/plain] [] [] [595e88012a6521aae3e12cbebe76eb9e]
https://cabinet.service-emails-via-mailjet-staging.staging.flocktory.com [404] [GET] [text/plain] [] [] [595e88012a6521aae3e12cbebe76eb9e]
https://cabinet.spn-staging.staging.flocktory.com [404] [GET] [text/plain] [] [] [595e88012a6521aae3e12cbebe76eb9e]
https://cabinet.sponsored-emails-workflow-staging.staging.flocktory.com [404] [GET] [text/plain] [] [] [595e88012a6521aae3e12cbebe76eb9e]
https://cabinet.sponsored-xmail-staging.staging.flocktory.com [404] [GET] [text/plain] [] [] [595e88012a6521aae3e12cbebe76eb9e]
https://cabinet.spp-staging.staging.flocktory.com [404] [GET] [text/plain] [] [] [595e88012a6521aae3e12cbebe76eb9e]
https://cabinet.temp-staging.staging.flocktory.com [404] [GET] [text/plain] [] [] [595e88012a6521aae3e12cbebe76eb9e]
https://cabinet.templates-staging.staging.flocktory.com [404] [GET] [text/plain] [] [] [595e88012a6521aae3e12cbebe76eb9e]
https://cabinet.titles-staging.staging.flocktory.com [404] [GET] [text/plain] [] [] [595e88012a6521aae3e12cbebe76eb9e]
https://cabinet.tooltip-hotfix-staging.staging.flocktory.com [404] [GET] [text/plain] [] [] [595e88012a6521aae3e12cbebe76eb9e]
https://cabinet.traffic-staging.staging.flocktory.com [404] [GET] [text/plain] [] [] [595e88012a6521aae3e12cbebe76eb9e]
https://cabinet.try-log-staging.staging.flocktory.com [404] [GET] [text/plain] [] [] [595e88012a6521aae3e12cbebe76eb9e]
https://cabinet.wc-access-staging.staging.flocktory.com [404] [GET] [text/plain] [] [] [595e88012a6521aae3e12cbebe76eb9e]
https://cabinet.webpack-staging.staging.flocktory.com [404] [GET] [text/plain] [] [] [595e88012a6521aae3e12cbebe76eb9e]
https://cabinet.xmail-reminder-staging.staging.flocktory.com [404] [GET] [text/plain] [] [] [595e88012a6521aae3e12cbebe76eb9e]
https://cabinet.xmail-staging.staging.flocktory.com [404] [GET] [text/plain] [] [] [595e88012a6521aae3e12cbebe76eb9e]
https://calendar-cabinet.staging.flocktory.com [404] [GET] [text/plain] [] [] [595e88012a6521aae3e12cbebe76eb9e]
https://calendar-fix-cabinet.staging.flocktory.com [404] [GET] [text/plain] [] [] [595e88012a6521aae3e12cbebe76eb9e]
https://calendar-hotfix-cabinet.staging.flocktory.com [404] [GET] [text/plain] [] [] [595e88012a6521aae3e12cbebe76eb9e]
https://campaign-map-fix-cabinet.staging.flocktory.com [404] [GET] [text/plain] [] [] [595e88012a6521aae3e12cbebe76eb9e]
https://client.flocktory.com [404] [GET] [text/plain] [] [openresty] [vhost] [Envoy,Nginx,OpenResty] [9d1ead73e678fa2f51a70a933b0bf017]
https://components-ui-cabinet.staging.flocktory.com [404] [GET] [text/plain] [] [] [595e88012a6521aae3e12cbebe76eb9e]
https://conditional-report-cabinet.staging.flocktory.com [404] [GET] [text/plain] [] [] [595e88012a6521aae3e12cbebe76eb9e]
https://demoshop.flocktory.com [200] [GET] [text/html] [Flocktory Integration Test] [openresty] [Nginx,OpenResty] [5e7f81f630c491378fbfd4836bd09f65]
https://dochkisinochki.flocktory.com [200] [GET] [] [] [openresty] [Envoy,Nginx,OpenResty] [9a843f20677a52ca79af903123147af0]
https://eapteka.flocktory.com [200] [GET] [] [] [openresty] [Envoy,Nginx,OpenResty] [9a843f20677a52ca79af903123147af0]
https://editro-ace-cabinet.staging.flocktory.com [404] [GET] [text/plain] [] [] [595e88012a6521aae3e12cbebe76eb9e]
https://editro-ace-new-cabinet.staging.flocktory.com [404] [GET] [text/plain] [] [] [595e88012a6521aae3e12cbebe76eb9e]
https://editro-bug-cabinet.staging.flocktory.com [404] [GET] [text/plain] [] [] [595e88012a6521aae3e12cbebe76eb9e]
https://em.flocktory.com [404] [GET] [text/html] [404 Not Found] [nginx] [Nginx] [8e325dc2fea7c8900fc6c4b8c6c394fe]
https://emails.flocktory.com [302] [GET] [text/html] [] [nginx/1.4.6 (Ubuntu)] [Nginx,PHP,Ubuntu] [d41d8cd98f00b204e9800998ecf8427e]
https://esky.flocktory.com [200] [GET] [] [] [openresty] [Envoy,Nginx,OpenResty] [9a843f20677a52ca79af903123147af0]
https://exchange-emails-fix-cabinet.staging.flocktory.com [404] [GET] [text/plain] [] [] [595e88012a6521aae3e12cbebe76eb9e]
https://fetch-segment-schema-hotfix-cabinet.staging.flocktory.com [404] [GET] [text/plain] [] [] [595e88012a6521aae3e12cbebe76eb9e]
https://fixes-cabinet.staging.flocktory.com [404] [GET] [text/plain] [] [] [595e88012a6521aae3e12cbebe76eb9e]
https://floc-17428-cabinet.staging.flocktory.com [404] [GET] [text/plain] [] [] [595e88012a6521aae3e12cbebe76eb9e]
https://floc-17834-cabinet.staging.flocktory.com [404] [GET] [text/plain] [] [] [595e88012a6521aae3e12cbebe76eb9e]
https://floc-17932-cabinet.staging.flocktory.com [404] [GET] [text/plain] [] [] [595e88012a6521aae3e12cbebe76eb9e]
https://floc-18228-cabinet.staging.flocktory.com [404] [GET] [text/plain] [] [] [595e88012a6521aae3e12cbebe76eb9e]
https://floc-18229-staging-cabinet.staging.flocktory.com [404] [GET] [text/plain] [] [] [595e88012a6521aae3e12cbebe76eb9e]
https://floc-18255-cabinet.staging.flocktory.com [404] [GET] [text/plain] [] [] [595e88012a6521aae3e12cbebe76eb9e]
https://floc-18370-cabinet.staging.flocktory.com [404] [GET] [text/plain] [] [] [595e88012a6521aae3e12cbebe76eb9e]
https://floc-18386-cabinet.staging.flocktory.com [404] [GET] [text/plain] [] [] [595e88012a6521aae3e12cbebe76eb9e]
https://floc-18390-cabinet.staging.flocktory.com [404] [GET] [text/plain] [] [] [595e88012a6521aae3e12cbebe76eb9e]
https://floc-18471-cabinet.staging.flocktory.com [404] [GET] [text/plain] [] [] [595e88012a6521aae3e12cbebe76eb9e]
https://floc-18524-cabinet.staging.flocktory.com [404] [GET] [text/plain] [] [] [595e88012a6521aae3e12cbebe76eb9e]
https://floc-18561-cabinet.staging.flocktory.com [404] [GET] [text/plain] [] [] [595e88012a6521aae3e12cbebe76eb9e]
https://floc-18574-cabinet.staging.flocktory.com [404] [GET] [text/plain] [] [] [595e88012a6521aae3e12cbebe76eb9e]
https://floc-18608-cabinet.staging.flocktory.com [404] [GET] [text/plain] [] [] [595e88012a6521aae3e12cbebe76eb9e]
https://floc-18657-cabinet.staging.flocktory.com [404] [GET] [text/plain] [] [] [595e88012a6521aae3e12cbebe76eb9e]
https://floc-18658-cabinet.staging.flocktory.com [404] [GET] [text/plain] [] [] [595e88012a6521aae3e12cbebe76eb9e]
https://floc-18692-cabinet.staging.flocktory.com [404] [GET] [text/plain] [] [] [595e88012a6521aae3e12cbebe76eb9e]
https://floc-18718-cabinet.staging.flocktory.com [404] [GET] [text/plain] [] [] [595e88012a6521aae3e12cbebe76eb9e]
https://floc-18719-cabinet.staging.flocktory.com [404] [GET] [text/plain] [] [] [595e88012a6521aae3e12cbebe76eb9e]
https://floc-18752-cabinet.staging.flocktory.com [404] [GET] [text/plain] [] [] [595e88012a6521aae3e12cbebe76eb9e]
https://floc-18814-cabinet.staging.flocktory.com [404] [GET] [text/plain] [] [] [595e88012a6521aae3e12cbebe76eb9e]
https://floc-18945-cabinet.staging.flocktory.com [404] [GET] [text/plain] [] [] [595e88012a6521aae3e12cbebe76eb9e]
https://floc-18946-cabinet.staging.flocktory.com [404] [GET] [text/plain] [] [] [595e88012a6521aae3e12cbebe76eb9e]
https://floc-18981-cabinet.staging.flocktory.com [404] [GET] [text/plain] [] [] [595e88012a6521aae3e12cbebe76eb9e]
https://floc-19140-cabinet.staging.flocktory.com [404] [GET] [text/plain] [] [] [595e88012a6521aae3e12cbebe76eb9e]
https://floc-19167-cabinet.staging.flocktory.com [404] [GET] [text/plain] [] [] [595e88012a6521aae3e12cbebe76eb9e]
https://floc-19177-cabinet.staging.flocktory.com [404] [GET] [text/plain] [] [] [595e88012a6521aae3e12cbebe76eb9e]
https://floc-19187-cabinet.staging.flocktory.com [404] [GET] [text/plain] [] [] [595e88012a6521aae3e12cbebe76eb9e]
https://floc-19281-cabinet.staging.flocktory.com [404] [GET] [text/plain] [] [] [595e88012a6521aae3e12cbebe76eb9e]
https://floc-19307-cabinet.staging.flocktory.com [404] [GET] [text/plain] [] [] [595e88012a6521aae3e12cbebe76eb9e]
https://floc-19329-cabinet.staging.flocktory.com [200] [GET] [text/html] [Flocktory] [istio-envoy] [vhost] [Envoy,Google Tag Manager] [971bc0f19307d01034aa72fb92716890]
https://floc-19335-cabinet.staging.flocktory.com [404] [GET] [text/plain] [] [] [595e88012a6521aae3e12cbebe76eb9e]
https://floc-19431-cabinet.staging.flocktory.com [404] [GET] [text/plain] [] [] [595e88012a6521aae3e12cbebe76eb9e]
https://floc-19438-cabinet.staging.flocktory.com [404] [GET] [text/plain] [] [] [595e88012a6521aae3e12cbebe76eb9e]
https://floc-19524-cabinet.staging.flocktory.com [404] [GET] [text/plain] [] [] [595e88012a6521aae3e12cbebe76eb9e]
https://floc-19535-cabinet.staging.flocktory.com [404] [GET] [text/plain] [] [] [595e88012a6521aae3e12cbebe76eb9e]
https://floc-19552-cabinet.staging.flocktory.com [404] [GET] [text/plain] [] [] [595e88012a6521aae3e12cbebe76eb9e]
https://floc-19555-cabinet.staging.flocktory.com [404] [GET] [text/plain] [] [] [595e88012a6521aae3e12cbebe76eb9e]
https://floc-19599-cabinet.staging.flocktory.com [404] [GET] [text/plain] [] [] [595e88012a6521aae3e12cbebe76eb9e]
https://floc-19675-cabinet.staging.flocktory.com [404] [GET] [text/plain] [] [] [595e88012a6521aae3e12cbebe76eb9e]
https://floc-19744-cabinet.staging.flocktory.com [404] [GET] [text/plain] [] [] [595e88012a6521aae3e12cbebe76eb9e]
https://floc-19746-cabinet.staging.flocktory.com [404] [GET] [text/plain] [] [] [595e88012a6521aae3e12cbebe76eb9e]
https://floc-19817-cabinet.staging.flocktory.com [404] [GET] [text/plain] [] [] [595e88012a6521aae3e12cbebe76eb9e]
https://floc-19825-cabinet.staging.flocktory.com [404] [GET] [text/plain] [] [] [595e88012a6521aae3e12cbebe76eb9e]
https://floc-19855-cabinet.staging.flocktory.com [404] [GET] [text/plain] [] [] [595e88012a6521aae3e12cbebe76eb9e]
https://floc-19956-cabinet.staging.flocktory.com [404] [GET] [text/plain] [] [] [595e88012a6521aae3e12cbebe76eb9e]
https://floc-19956-hotfix-cabinet.staging.flocktory.com [404] [GET] [text/plain] [] [] [595e88012a6521aae3e12cbebe76eb9e]
https://floc-19961-cabinet.staging.flocktory.com [404] [GET] [text/plain] [] [] [595e88012a6521aae3e12cbebe76eb9e]
https://floc-20059-cabinet.staging.flocktory.com [404] [GET] [text/plain] [] [] [595e88012a6521aae3e12cbebe76eb9e]
https://floc-20124-cabinet.staging.flocktory.com [404] [GET] [text/plain] [] [] [595e88012a6521aae3e12cbebe76eb9e]
https://floc-20125-cabinet.staging.flocktory.com [404] [GET] [text/plain] [] [] [595e88012a6521aae3e12cbebe76eb9e]
https://floc-20183-cabinet.staging.flocktory.com [404] [GET] [text/plain] [] [] [595e88012a6521aae3e12cbebe76eb9e]
https://floc-20203-cabinet.staging.flocktory.com [404] [GET] [text/plain] [] [] [595e88012a6521aae3e12cbebe76eb9e]
https://floc-20237-cabinet.staging.flocktory.com [200] [GET] [text/html] [Flocktory] [istio-envoy] [vhost] [Envoy,Google Tag Manager] [dc3a4ae7aa30af7643f4dd78d10d3a67]
https://floc-20387-cabinet.staging.flocktory.com [404] [GET] [text/plain] [] [] [595e88012a6521aae3e12cbebe76eb9e]
https://floc-20389-cabinet.staging.flocktory.com [200] [GET] [text/html] [Flocktory] [istio-envoy] [vhost] [Envoy,Google Tag Manager] [08a0d75ef5d75f1b9ff1b8a9f8554a4c]
https://floc-20438-cabinet.staging.flocktory.com [404] [GET] [text/plain] [] [] [595e88012a6521aae3e12cbebe76eb9e]
https://floc-20458-cabinet.staging.flocktory.com [200] [GET] [text/html] [Flocktory] [istio-envoy] [vhost] [Envoy,Google Tag Manager] [e97b6cf392a56dac7dca94f3775259f3]
https://floc-20471-cabinet.staging.flocktory.com [200] [GET] [text/html] [Flocktory] [istio-envoy] [vhost] [Envoy,Google Tag Manager] [748daf3677a4bb6c0422010146efbf69]
https://floc-20514-cabinet.staging.flocktory.com [200] [GET] [text/html] [Flocktory] [istio-envoy] [vhost] [Envoy,Google Tag Manager] [bab96247280c5a35544158d91f935183]
https://floc-20563-cabinet.staging.flocktory.com [200] [GET] [text/html] [Flocktory] [istio-envoy] [vhost] [Envoy,Google Tag Manager] [fba8b95ba7067b97c36eb9ad3257c110]
https://floc-20619-cabinet.staging.flocktory.com [404] [GET] [text/plain] [] [] [595e88012a6521aae3e12cbebe76eb9e]
https://floc-20620-cabinet.staging.flocktory.com [200] [GET] [text/html] [Flocktory] [istio-envoy] [vhost] [Envoy,Google Tag Manager] [aa7297ed5b9d1082347ab833e1a62f61]
https://floc-20633-cabinet.staging.flocktory.com [200] [GET] [text/html] [Flocktory] [istio-envoy] [vhost] [Envoy,Google Tag Manager] [c96154e5f27aaa6255a99128f66209f5]
https://floc-20682-cabinet.staging.flocktory.com [200] [GET] [text/html] [Flocktory] [istio-envoy] [vhost] [Envoy,Google Tag Manager] [b34ab28b0f0e22161a75d334780bdada]
https://floc-20693-cabinet.staging.flocktory.com [404] [GET] [text/plain] [] [] [595e88012a6521aae3e12cbebe76eb9e]
https://floc-20717-cabinet.staging.flocktory.com [200] [GET] [text/html] [Flocktory] [istio-envoy] [vhost] [Envoy,Google Tag Manager] [9550512f0f2f564d92d34e21529fb9ff]
https://floc-20723-cabinet.staging.flocktory.com [404] [GET] [text/plain] [] [] [595e88012a6521aae3e12cbebe76eb9e]
https://floc-20741-cabinet.staging.flocktory.com [404] [GET] [text/plain] [] [] [595e88012a6521aae3e12cbebe76eb9e]
https://floc-20776-cabinet.staging.flocktory.com [200] [GET] [text/html] [Flocktory] [istio-envoy] [vhost] [Envoy,Google Tag Manager] [1e94d945452ec491e5255949e81d25be]
https://flocktory.com [301] [GET] [text/html] [] [openresty] [vhost] [Envoy,Nginx,OpenResty] [ee9af3d8aaf272d7a18bab7562327d44]
https://gitleaks-cabinet.staging.flocktory.com [404] [GET] [text/plain] [] [] [595e88012a6521aae3e12cbebe76eb9e]
https://gold.flocktory.com [200] [GET] [] [] [openresty] [Envoy,Nginx,OpenResty] [9a843f20677a52ca79af903123147af0]
https://gold24.flocktory.com [200] [GET] [] [] [openresty] [Envoy,Nginx,OpenResty] [9a843f20677a52ca79af903123147af0]
https://gosso.flocktory.com [200] [GET] [] [] [openresty] [Envoy,Nginx,OpenResty] [9a843f20677a52ca79af903123147af0]
https://groupon.flocktory.com [200] [GET] [] [] [openresty] [Envoy,Nginx,OpenResty] [9a843f20677a52ca79af903123147af0]
https://help-cabinet.staging.flocktory.com [404] [GET] [text/plain] [] [] [595e88012a6521aae3e12cbebe76eb9e]
https://help-link-extended-cabinet.staging.flocktory.com [404] [GET] [text/plain] [] [] [595e88012a6521aae3e12cbebe76eb9e]
https://help-new-cabinet.staging.flocktory.com [404] [GET] [text/plain] [] [] [595e88012a6521aae3e12cbebe76eb9e]
https://hotfix-exchange-extra-cabinet.staging.flocktory.com [404] [GET] [text/plain] [] [] [595e88012a6521aae3e12cbebe76eb9e]
https://hotfix-exchange-fields-cabinet.staging.flocktory.com [200] [GET] [text/html] [Flocktory] [istio-envoy] [vhost] [Envoy,Google Tag Manager] [982e5931ac9c3e48707ff598337cbadf]
https://hotfix-image-preview-cabinet.staging.flocktory.com [404] [GET] [text/plain] [] [] [595e88012a6521aae3e12cbebe76eb9e]
https://hotfix-nameless-campaigns-cabinet.staging.flocktory.com [404] [GET] [text/plain] [] [] [595e88012a6521aae3e12cbebe76eb9e]
https://hq.flocktory.com [302] [GET] [text/html] [] [openresty] [vhost] [Nginx,OpenResty] [0f6c4240f7a8b84489d9b9adac55f213]
https://img.sib.flocktory.com [301] [GET] [text/html] [] [cloudflare] [vhost] [cloudflare] [Cloudflare] [d41d8cd98f00b204e9800998ecf8427e]
https://integrity-backfill-hotfix-cabinet.staging.flocktory.com [404] [GET] [text/plain] [] [] [595e88012a6521aae3e12cbebe76eb9e]
https://integrity.flocktory.com [403] [GET] [text/html] [] [nginx/1.15.6] [vhost] [Envoy,Nginx] [8cbbdf7e314241035007e6f7ce1fdf3b]
https://jquery-validation-cabinet.staging.flocktory.com [404] [GET] [text/plain] [] [] [595e88012a6521aae3e12cbebe76eb9e]
https://just.flocktory.com [200] [GET] [] [] [openresty] [Envoy,Nginx,OpenResty] [9a843f20677a52ca79af903123147af0]
https://laredoute.flocktory.com [200] [GET] [] [] [openresty] [Envoy,Nginx,OpenResty] [9a843f20677a52ca79af903123147af0]
https://list-cabinet.staging.flocktory.com [404] [GET] [text/plain] [] [] [595e88012a6521aae3e12cbebe76eb9e]
https://loccitane.flocktory.com [200] [GET] [] [] [openresty] [Envoy,Nginx,OpenResty] [9a843f20677a52ca79af903123147af0]
https://main-page-cabinet.staging.flocktory.com [404] [GET] [text/plain] [] [] [595e88012a6521aae3e12cbebe76eb9e]
https://menu-fixes-cabinet.staging.flocktory.com [404] [GET] [text/plain] [] [] [595e88012a6521aae3e12cbebe76eb9e]
https://menu-items-fix-cabinet.staging.flocktory.com [404] [GET] [text/plain] [] [] [595e88012a6521aae3e12cbebe76eb9e]
https://mgm-cabinet.staging.flocktory.com [404] [GET] [text/plain] [] [] [595e88012a6521aae3e12cbebe76eb9e]
https://mm-fail-cabinet.staging.flocktory.com [404] [GET] [text/plain] [] [] [595e88012a6521aae3e12cbebe76eb9e]
https://mm-segments-cabinet.staging.flocktory.com [404] [GET] [text/plain] [] [] [595e88012a6521aae3e12cbebe76eb9e]
https://mm.flocktory.com [200] [GET] [text/html] [Technical subdomain] [] [vhost] [f5f6d07d22b6073a65c5ba48e2ae86e9]
https://mosigra.flocktory.com [200] [GET] [] [] [openresty] [Envoy,Nginx,OpenResty] [9a843f20677a52ca79af903123147af0]
https://mutual-exclusions-cabinet.staging.flocktory.com [404] [GET] [text/plain] [] [] [595e88012a6521aae3e12cbebe76eb9e]
https://mytoys.flocktory.com [200] [GET] [] [] [openresty] [Envoy,Nginx,OpenResty] [9a843f20677a52ca79af903123147af0]
https://new-ui-cabinet.staging.flocktory.com [200] [GET] [text/html] [Flocktory] [istio-envoy] [vhost] [Envoy,Google Tag Manager] [11d6112d9ad22522f242b31b568c6a5b]
https://no-task-bracketsameline-cabinet.staging.flocktory.com [404] [GET] [text/plain] [] [] [595e88012a6521aae3e12cbebe76eb9e]
https://no-task-consent-cabinet.staging.flocktory.com [200] [GET] [text/html] [Flocktory] [istio-envoy] [vhost] [Envoy,Google Tag Manager] [a1f9116e0fdc6d0bbf105d9a0809c20d]
https://no-task-tests-cabinet.staging.flocktory.com [404] [GET] [text/plain] [] [] [595e88012a6521aae3e12cbebe76eb9e]
https://no-task-textarea-fixes-cabinet.staging.flocktory.com [404] [GET] [text/plain] [] [] [595e88012a6521aae3e12cbebe76eb9e]
https://no-user-voice-cabinet.staging.flocktory.com [404] [GET] [text/plain] [] [] [595e88012a6521aae3e12cbebe76eb9e]
https://not-task-cabinet.staging.flocktory.com [404] [GET] [text/plain] [] [] [595e88012a6521aae3e12cbebe76eb9e]
https://ops-173-cabinet.staging.flocktory.com [404] [GET] [text/plain] [] [] [595e88012a6521aae3e12cbebe76eb9e]
https://orders-fix-cabinet.staging.flocktory.com [404] [GET] [text/plain] [] [] [595e88012a6521aae3e12cbebe76eb9e]
https://orders-state-cabinet.staging.flocktory.com [200] [GET] [text/html] [Flocktory] [istio-envoy] [vhost] [Envoy,Google Tag Manager] [842a71a4810c57629f5b5b4f8a7007ad]
https://paper-shop.flocktory.com [200] [GET] [] [] [openresty] [Envoy,Nginx,OpenResty] [9a843f20677a52ca79af903123147af0]
https://petshop.flocktory.com [200] [GET] [] [] [openresty] [Envoy,Nginx,OpenResty] [9a843f20677a52ca79af903123147af0]
https://picasso-cabinet.staging.flocktory.com [404] [GET] [text/plain] [] [] [595e88012a6521aae3e12cbebe76eb9e]
https://ponominalu.flocktory.com [200] [GET] [] [] [openresty] [Envoy,Nginx,OpenResty] [9a843f20677a52ca79af903123147af0]
https://postcheckout-variation-fix-cabinet.staging.flocktory.com [404] [GET] [text/plain] [] [] [595e88012a6521aae3e12cbebe76eb9e]
https://precheckout-shows-cabinet.staging.flocktory.com [200] [GET] [text/html] [Flocktory] [istio-envoy] [vhost] [Envoy,Google Tag Manager] [1bb4e47a1a36e12fb29cf699404fa31f]
https://proskater.flocktory.com [200] [GET] [] [] [openresty] [Envoy,Nginx,OpenResty] [9a843f20677a52ca79af903123147af0]
https://push.flocktory.com [200] [GET] [] [] [openresty] [Envoy,Nginx,OpenResty] [9a843f20677a52ca79af903123147af0]
https://qlean.flocktory.com [200] [GET] [] [] [openresty] [Envoy,Nginx,OpenResty] [9a843f20677a52ca79af903123147af0]
https://r.sib.flocktory.com [301] [GET] [text/html] [] [nginx] [vhost] [Nginx] [d41d8cd98f00b204e9800998ecf8427e]
https://r.sib.flocktory.com:4443 [301] [GET] [] [] [cloudflare] [d41d8cd98f00b204e9800998ecf8427e]
https://read.flocktory.com [200] [GET] [] [] [openresty] [Envoy,Nginx,OpenResty] [9a843f20677a52ca79af903123147af0]
https://redken.flocktory.com [200] [GET] [] [] [openresty] [Envoy,Nginx,OpenResty] [9a843f20677a52ca79af903123147af0]
https://reports-hotfix-cabinet.staging.flocktory.com [404] [GET] [text/plain] [] [] [595e88012a6521aae3e12cbebe76eb9e]
https://revert-63-floc-18814-cabinet.staging.flocktory.com [404] [GET] [text/plain] [] [] [595e88012a6521aae3e12cbebe76eb9e]
https://s7.flocktory.com [200] [GET] [] [] [openresty] [Envoy,Nginx,OpenResty] [9a843f20677a52ca79af903123147af0]
https://search-link-hotfix-cabinet.staging.flocktory.com [404] [GET] [text/plain] [] [] [595e88012a6521aae3e12cbebe76eb9e]
https://sephora.api.flocktory.com [200] [GET] [text/plain] [] [openresty] [vhost] [Envoy,Nginx,OpenResty] [9a843f20677a52ca79af903123147af0]
https://sephora.flocktory.com [404] [GET] [text/plain] [] [] [595e88012a6521aae3e12cbebe76eb9e]
https://servers.flocktory.com [404] [GET] [text/plain] [] [] [595e88012a6521aae3e12cbebe76eb9e]
https://shophair.flocktory.com [200] [GET] [] [] [openresty] [Envoy,Nginx,OpenResty] [9a843f20677a52ca79af903123147af0]
https://sonar-cabinet.staging.flocktory.com [404] [GET] [text/plain] [] [] [595e88012a6521aae3e12cbebe76eb9e]
https://sp.flocktory.com [302] [GET] [text/plain] [] [istio-envoy] [vhost] [Envoy] [d41d8cd98f00b204e9800998ecf8427e]
https://sup-16162-cabinet.staging.flocktory.com [404] [GET] [text/plain] [] [] [595e88012a6521aae3e12cbebe76eb9e]
https://support.flocktory.com [403] [GET] [text/html] [403 Forbidden] [cloudflare] [cloudflare] [c371fa8374a06a3c0535fc341d454236]
https://support.flocktory.com:8443 [403] [GET] [text/html] [403 Forbidden] [cloudflare] [cloudflare] [0127426bf3ba07ff7211399ddf5186c4]
https://svyaznoy.flocktory.com [200] [GET] [] [] [openresty] [Envoy,Nginx,OpenResty] [9a843f20677a52ca79af903123147af0]
https://technopark.flocktory.com [200] [GET] [] [] [openresty] [Envoy,Nginx,OpenResty] [9a843f20677a52ca79af903123147af0]
https://templates-cabinet.staging.flocktory.com [404] [GET] [text/plain] [] [] [595e88012a6521aae3e12cbebe76eb9e]
https://templates-list-fix-cabinet.staging.flocktory.com [404] [GET] [text/plain] [] [] [595e88012a6521aae3e12cbebe76eb9e]
https://test-cabinet.staging.flocktory.com [404] [GET] [text/plain] [] [] [595e88012a6521aae3e12cbebe76eb9e]
https://theoutlet.flocktory.com [200] [GET] [] [] [openresty] [Envoy,Nginx,OpenResty] [9a843f20677a52ca79af903123147af0]
https://tom-tailor-online.flocktory.com [200] [GET] [] [] [openresty] [Envoy,Nginx,OpenResty] [9a843f20677a52ca79af903123147af0]
https://toy.flocktory.com [200] [GET] [] [] [openresty] [Envoy,Nginx,OpenResty] [9a843f20677a52ca79af903123147af0]
https://ui-cabinet.staging.flocktory.com [404] [GET] [text/plain] [] [] [595e88012a6521aae3e12cbebe76eb9e]
https://ui-refactor-cabinet.staging.flocktory.com [404] [GET] [text/plain] [] [] [595e88012a6521aae3e12cbebe76eb9e]
https://vapid-test-cabinet.staging.flocktory.com [404] [GET] [text/plain] [] [] [595e88012a6521aae3e12cbebe76eb9e]
https://vpn.flocktory.com [302] [GET] [text/html] [Redirecting...] [] [61c5e8315223f2b7ef5c32f752176171]
https://wizard-errors-cabinet.staging.flocktory.com [404] [GET] [text/plain] [] [] [595e88012a6521aae3e12cbebe76eb9e]
https://workflow-clone-fix-cabinet.staging.flocktory.com [404] [GET] [text/plain] [] [] [595e88012a6521aae3e12cbebe76eb9e]
https://workflow-fix-cabinet.staging.flocktory.com [404] [GET] [text/plain] [] [] [595e88012a6521aae3e12cbebe76eb9e]
https://workflow-interactions-cabinet.staging.flocktory.com [404] [GET] [text/plain] [] [] [595e88012a6521aae3e12cbebe76eb9e]
https://www.cabinet.flocktory.com [301] [GET] [text/html] [301 Moved Permanently] [openresty] [Envoy,Nginx,OpenResty] [4f8e702cc244ec5d4de32740c0ecbd97]
https://www.sp.flocktory.com [301] [GET] [text/html] [301 Moved Permanently] [openresty] [Envoy,Nginx,OpenResty] [4f8e702cc244ec5d4de32740c0ecbd97]
https://yves-rocher.flocktory.com [200] [GET] [] [] [openresty] [Envoy,Nginx,OpenResty] [9a843f20677a52ca79af903123147af0]
