https://api.acc.gamma.be [404] [GET] [application/json] [] [] [vhost] [1a823b5a580bae917e2edd6c8fc51e48]
https://api.acc.gamma.be [404] [GET] [application/json] [] [] [vhost] [aee73eba6c5ba2e85edadf9d455ed2c8]
https://api.acceptatie.gamma.be [404] [GET] [application/json] [] [] [vhost] [504d5a05d7284dbc2f7745a875913681]
https://api.acceptatie.gamma.be [404] [GET] [application/json] [] [] [vhost] [b0668d44311da5671a93517f1fd0b15a]
https://api.gamma.be [404] [GET] [application/json] [] [] [vhost] [81dbd5657a1c9031012fc9126e0923e4]
https://api.gamma.be [404] [GET] [application/json] [] [] [vhost] [c025bf6367205ec4c2360d6f140c410e]
https://cdn.email.gamma.be [403] [GET] [application/xml] [] [AmazonS3] [vhost] [cloudfront] [Amazon Cloudfront,Amazon S3,Amazon Web Services] [8e060217969c39ab18e69d270b106577]
https://chatapp.gamma.be [403] [GET] [text/html] [403 Forbidden] [] [vhost] [4b074b0b59693fa9f94fb71b175fb187]
https://chatapp.gamma.be [403] [GET] [text/html] [403 Forbidden] [] [vhost] [9fe3cb2b7313dc79bb477bc8fde184a7]
https://data.email.gamma.be [200] [GET] [] [] [jag] [d41d8cd98f00b204e9800998ecf8427e]
https://feedback.gamma.be [200] [GET] [text/html] [Insocial] [nginx/1.20.0] [Google Font API,Nginx,Node.js,Nuxt.js,Vue.js] [36d12ac89e30f776e39fbc3fe1a36f09]
https://gamma.be [301] [GET] [] [] [AmazonS3] [vhost] [cloudfront] [Amazon Cloudfront,Amazon S3,Amazon Web Services] [d41d8cd98f00b204e9800998ecf8427e]
https://kassa.acceptatie.gamma.be [403] [GET] [text/html] [ERROR: The request could not be satisfied] [CloudFront] [cloudfront] [Amazon Cloudfront,Amazon Web Services] [127131402be9a0b2f99960ca38b77f4f]
https://kassa.acceptatie.gamma.be [403] [GET] [text/html] [ERROR: The request could not be satisfied] [CloudFront] [cloudfront] [Amazon Cloudfront,Amazon Web Services] [20216248049e493473937190df646788]
https://kassa.gamma.be [301] [GET] [] [] [] [vhost] [cloudfront] [Amazon Cloudfront,Amazon Web Services] [d41d8cd98f00b204e9800998ecf8427e]
https://kassa2.acceptatie.gamma.be [403] [GET] [text/html] [ERROR: The request could not be satisfied] [CloudFront] [cloudfront] [Amazon Cloudfront,Amazon Web Services] [3c741379dd9ceb720418988566cc3b62]
https://kassa2.acceptatie.gamma.be [403] [GET] [text/html] [ERROR: The request could not be satisfied] [CloudFront] [cloudfront] [Amazon Cloudfront,Amazon Web Services] [f7dcb911799d808373b1324cc8364482]
https://kassa2.gamma.be [403] [GET] [text/html] [ERROR: The request could not be satisfied] [CloudFront] [cloudfront] [Amazon Cloudfront,Amazon Web Services] [13b8a2a717f57d099ba5cdf8571e2070]
https://kassa2.gamma.be [403] [GET] [text/html] [ERROR: The request could not be satisfied] [CloudFront] [cloudfront] [Amazon Cloudfront,Amazon Web Services] [5ac5d660c9e1834391e7a1bdd82e6447]
https://kennismaking.gamma.be [403] [GET] [text/html] [403 Forbidden] [Apache] [vhost] [Apache] [bb8f534fbff5ee61a95af9c4740ae043]
https://keuzehulp.gamma.be [302] [GET] [text/html] [Object moved] [Microsoft-IIS/8.5] [vhost] [IIS,Windows Server] [9ccc53f90811163770ea76cbbbf086ff]
https://kiosk.acceptatie.gamma.be [200] [GET] [text/html] [Kiosk launcher] [AmazonS3] [vhost] [cloudfront] [Amazon Cloudfront,Amazon S3,Amazon Web Services] [4d985f603fcd12fb83c49ec63e14e1f3]
https://kiosk.gamma.be [200] [GET] [text/html] [Kiosk launcher] [AmazonS3] [vhost] [cloudfront] [Amazon Cloudfront,Amazon S3,Amazon Web Services] [3173d299dd4d4ed606f4cb3c972d1d16]
https://kioskadmin.acceptatie.gamma.be [200] [GET] [text/html] [Kiosk admin interface] [AmazonS3] [vhost] [cloudfront] [Amazon Cloudfront,Amazon S3,Amazon Web Services] [c5d2a128bde1b316ea54673d5229d53b]
https://kioskadmin.gamma.be [200] [GET] [text/html] [Kiosk admin interface] [AmazonS3] [vhost] [cloudfront] [Amazon Cloudfront,Amazon S3,Amazon Web Services] [f0230c7fcb3094354d6d7707468f2dd5]
https://leadgen.gamma.be [403] [GET] [text/html] [403 Forbidden] [Apache] [vhost] [Apache] [bb8f534fbff5ee61a95af9c4740ae043]
https://mail.gamma.be [302] [GET] [text/html] [] [Apache] [Apache] [d41d8cd98f00b204e9800998ecf8427e]
https://mijn.acceptatie.gamma.be [403] [GET] [text/html] [ERROR: The request could not be satisfied] [CloudFront] [vhost] [cloudfront] [Algolia,Amazon Cloudfront,Amazon Web Services] [11f1dd0499aa133d4ab9da6d26ce7dec]
https://mijn.acceptatie.gamma.be [403] [GET] [text/html] [ERROR: The request could not be satisfied] [CloudFront] [vhost] [cloudfront] [Algolia,Amazon Cloudfront,Amazon Web Services] [662cc6e5bcec6111b648722a4bc835cb]
https://mijn.gamma.be [200] [GET] [text/html] [Mijn GAMMA] [AmazonS3] [vhost] [cloudfront] [Algolia,Amazon Cloudfront,Amazon S3,Amazon Web Services] [69c78e495b112cb128701db4c038f6dc]
https://mijn2.acceptatie.gamma.be [403] [GET] [text/html] [ERROR: The request could not be satisfied] [CloudFront] [vhost] [cloudfront] [Algolia,Amazon Cloudfront,Amazon Web Services] [7d2eb5fb7ac9be5f9f892ebcefc9e60e]
https://mijn2.acceptatie.gamma.be [403] [GET] [text/html] [ERROR: The request could not be satisfied] [CloudFront] [vhost] [cloudfront] [Algolia,Amazon Cloudfront,Amazon Web Services] [ac66fae21b6baebf408b7dcbacd63998]
https://mijn2.gamma.be [403] [GET] [text/html] [ERROR: The request could not be satisfied] [CloudFront] [vhost] [cloudfront] [Algolia,Amazon Cloudfront,Amazon Web Services] [29f49257e4da17f45d04cbc33226ad60]
https://mijn2.gamma.be [403] [GET] [text/html] [ERROR: The request could not be satisfied] [CloudFront] [vhost] [cloudfront] [Algolia,Amazon Cloudfront,Amazon Web Services] [f72f654f6ab35f9e1348032acc69a76e]
https://origin.checkout.acc.gamma.be [403] [GET] [text/html] [403 Forbidden] [awselb/2.0] [2e40045efe5134ada9942798c090d269]
https://origin.checkout.acc.gamma.be [403] [GET] [text/html] [403 Forbidden] [awselb/2.0] [bad2e8579dcdb79399aac2064216a37d]
https://origin.checkout.prd.gamma.be [403] [GET] [text/html] [403 Forbidden] [awselb/2.0] [2e40045efe5134ada9942798c090d269]
https://origin.myaccount.acc.gamma.be [403] [GET] [text/html] [403 Forbidden] [awselb/2.0] [2e40045efe5134ada9942798c090d269]
https://origin.myaccount.acc.gamma.be [403] [GET] [text/html] [403 Forbidden] [awselb/2.0] [bad2e8579dcdb79399aac2064216a37d]
https://origin.myaccount.prd.gamma.be [403] [GET] [text/html] [403 Forbidden] [awselb/2.0] [2e40045efe5134ada9942798c090d269]
https://origin.myaccount.prd.gamma.be [403] [GET] [text/html] [403 Forbidden] [awselb/2.0] [bad2e8579dcdb79399aac2064216a37d]
https://origin.shopfront.acc.gamma.be [403] [GET] [text/html] [403 Forbidden] [awselb/2.0] [2e40045efe5134ada9942798c090d269]
https://origin.shopfront.acc.gamma.be [403] [GET] [text/html] [403 Forbidden] [awselb/2.0] [bad2e8579dcdb79399aac2064216a37d]
https://origin.shopfront.prd.gamma.be [403] [GET] [text/html] [403 Forbidden] [awselb/2.0] [2e40045efe5134ada9942798c090d269]
https://origin.shopfront.prd.gamma.be [403] [GET] [text/html] [403 Forbidden] [awselb/2.0] [bad2e8579dcdb79399aac2064216a37d]
https://raamdecoratieconfigurator.gamma.be [200] [GET] [text/html] [Fetim / Intergamma Configurator] [] [vhost] [Google Tag Manager,IIS,Microsoft ASP.NET] [b7c8f79336b2bd4acdca92ad4d4562c0]
https://shopfront.acceptatie.gamma.be [403] [GET] [text/html] [403 Forbidden] [awselb/2.0] [2e40045efe5134ada9942798c090d269]
https://shopfront.gamma.be [403] [GET] [text/html] [403 Forbidden] [awselb/2.0] [bad2e8579dcdb79399aac2064216a37d]
https://sitemap.acceptatie.gamma.be [404] [GET] [application/xml] [] [AmazonS3] [vhost] [cloudfront] [Amazon Cloudfront,Amazon S3,Amazon Web Services] [40c8b23ec0564d5ba6741c7f69d7ca99]
https://sitemap.gamma.be [404] [GET] [application/xml] [] [AmazonS3] [vhost] [cloudfront] [Amazon Cloudfront,Amazon S3,Amazon Web Services] [afe62d11fab4d3f3efa8814ec8c90865]
https://sorry.gamma.be [503] [GET] [text/html] [Onze excuses dat wij je momenteel niet kunnen verder helpen. Nous ne pouvons actuellement pas vous aider. Veuillez nous excuser. | GAMMA] [AmazonS3] [vhost] [cloudfront] [Amazon Cloudfront,Amazon S3,Amazon Web Services] [8160d37ec04bf35c5637bf85cc81a39b]
https://static-acceptatie.gamma.be [403] [GET] [text/xml] [] [CloudFront] [vhost] [cloudfront] [Amazon Cloudfront,Amazon Web Services] [40a481f43ca93bbbdd18621b439ea397]
https://static.gamma.be [403] [GET] [text/xml] [] [CloudFront] [vhost] [cloudfront] [Amazon Cloudfront,Amazon Web Services] [40a481f43ca93bbbdd18621b439ea397]
https://www.acceptatie.gamma.be [403] [GET] [text/html] [ERROR: The request could not be satisfied] [CloudFront] [cloudfront] [Amazon Cloudfront,Amazon Web Services] [988eb7c73839107b77dfbbe02c44dff1]
https://www.acceptatie.gamma.be [403] [GET] [text/html] [ERROR: The request could not be satisfied] [CloudFront] [cloudfront] [Amazon Cloudfront,Amazon Web Services] [f1c73da765dd563a2513707821e3e307]
https://www.dev.gamma.be [403] [GET] [text/html] [ERROR: The request could not be satisfied] [CloudFront] [cloudfront] [Amazon Cloudfront,Amazon Web Services] [49229f6d348e5cd51940764ff89dea08]
https://www.dev.gamma.be [403] [GET] [text/html] [ERROR: The request could not be satisfied] [CloudFront] [cloudfront] [Amazon Cloudfront,Amazon Web Services] [f54e40407a400831dc5b752f3ba1ea5a]
https://www.gamma.be [302] [GET] [] [] [nginx] [vhost] [cloudfront] [Amazon Cloudfront,Amazon Web Services,Nginx] [d41d8cd98f00b204e9800998ecf8427e]
