http://cloudfront.dev.gamma.nl [403] [GET] [text/html] [ERROR: The request could not be satisfied] [CloudFront] [cloudfront] [Amazon Cloudfront,Amazon Web Services] [1860ef912f5c17321b01504dae66eca3]
https://afspraakmaken.gamma.nl [200] [GET] [text/html] [Gamma - Advies] [] [vhost] [Node.js,Nuxt.js,Vue.js] [1aa07013f9957e02aaa07186bbe35595]
https://api.acc.gamma.nl [404] [GET] [application/json] [] [] [vhost] [33b097af63157b1e83ad6626bede201d]
https://api.acc.gamma.nl [404] [GET] [application/json] [] [] [vhost] [de4bb2eb65714344cab98e05d98dfc12]
https://api.acceptatie.gamma.nl [404] [GET] [application/json] [] [] [vhost] [44eac686944b66005134dcdd748f71cc]
https://api.acceptatie.gamma.nl [404] [GET] [application/json] [] [] [vhost] [77c6fe0c9bbbadcb0ba9f884e947cb59]
https://api.afspraakmaken.gamma.nl [200] [GET] [text/html] [Welcome to your Strapi app] [] [vhost] [Google Font API] [c876de6fd600aee71e175579bd37a8ef]
https://api.gamma.nl [404] [GET] [application/json] [] [] [vhost] [0eb593691466b2563e15d09f6ec4d8a1]
https://api.gamma.nl [404] [GET] [application/json] [] [] [vhost] [64c95b9fff3dc04379e570d299d0d86c]
https://chatapp.gamma.nl [403] [GET] [text/html] [403 Forbidden] [] [vhost] [4b074b0b59693fa9f94fb71b175fb187]
https://chatapp.gamma.nl [403] [GET] [text/html] [403 Forbidden] [] [vhost] [9fe3cb2b7313dc79bb477bc8fde184a7]
https://data.email.gamma.nl [200] [GET] [] [] [jag] [d41d8cd98f00b204e9800998ecf8427e]
https://duurzaamheidszuil.gamma.nl [403] [GET] [text/html] [403 Forbidden] [nginx] [vhost] [Nginx] [99492e4a985f6465be49353fdd48a830]
https://duurzaamheidszuil.gamma.nl:8443 [303] [GET] [text/html] [] [sw-cp-server] [d41d8cd98f00b204e9800998ecf8427e]
https://feedback.gamma.nl [200] [GET] [text/html] [Insocial] [nginx/1.20.0] [Google Font API,Nginx,Node.js,Nuxt.js,Vue.js] [36d12ac89e30f776e39fbc3fe1a36f09]
https://folder.gamma.nl [200] [GET] [text/html] [Vuewer] [AmazonS3] [vhost] [cloudfront] [Amazon Cloudfront,Amazon S3,Amazon Web Services,Google Font API] [a5fd16f4762b35e4dc151e04c947464e]
https://gamma.nl [301] [GET] [] [] [AmazonS3] [vhost] [cloudfront] [Amazon Cloudfront,Amazon S3,Amazon Web Services] [d41d8cd98f00b204e9800998ecf8427e]
https://kassa.acceptatie.gamma.nl [403] [GET] [text/html] [ERROR: The request could not be satisfied] [CloudFront] [cloudfront] [Amazon Cloudfront,Amazon Web Services] [2eb1c9fc059d165620e195a3a77b7bad]
https://kassa.acceptatie.gamma.nl [403] [GET] [text/html] [ERROR: The request could not be satisfied] [CloudFront] [cloudfront] [Amazon Cloudfront,Amazon Web Services] [d2be2283501136ac4e183079108d88c4]
https://kassa.dev.gamma.nl [403] [GET] [text/html] [ERROR: The request could not be satisfied] [CloudFront] [cloudfront] [Amazon Cloudfront,Amazon Web Services] [1175e88a14341e55b9f93426ba2dacea]
https://kassa.dev.gamma.nl [403] [GET] [text/html] [ERROR: The request could not be satisfied] [CloudFront] [cloudfront] [Amazon Cloudfront,Amazon Web Services] [5f85c7bd2213c127a882ff5d7ee6b14f]
https://kassa.gamma.nl [301] [GET] [] [] [] [vhost] [cloudfront] [Amazon Cloudfront,Amazon Web Services] [d41d8cd98f00b204e9800998ecf8427e]
https://kassa2.acceptatie.gamma.nl [403] [GET] [text/html] [ERROR: The request could not be satisfied] [CloudFront] [cloudfront] [Amazon Cloudfront,Amazon Web Services] [52bd24f9f75043a40d3e261bc23d3960]
https://kassa2.acceptatie.gamma.nl [403] [GET] [text/html] [ERROR: The request could not be satisfied] [CloudFront] [cloudfront] [Amazon Cloudfront,Amazon Web Services] [b658221abcd65b45b5757e3b828db927]
https://kassa2.gamma.nl [403] [GET] [text/html] [ERROR: The request could not be satisfied] [CloudFront] [cloudfront] [Amazon Cloudfront,Amazon Web Services] [72a3d376d8a10cb62c68b4ccde1bd2c1]
https://kassa2.gamma.nl [403] [GET] [text/html] [ERROR: The request could not be satisfied] [CloudFront] [cloudfront] [Amazon Cloudfront,Amazon Web Services] [c9eda88a8ad6d99bed3b086767c57f54]
https://keuzehulp.gamma.nl [302] [GET] [text/html] [Object moved] [Microsoft-IIS/8.5] [vhost] [IIS,Windows Server] [9ccc53f90811163770ea76cbbbf086ff]
https://kiosk.acceptatie.gamma.nl [200] [GET] [text/html] [Kiosk launcher] [AmazonS3] [vhost] [cloudfront] [Amazon Cloudfront,Amazon S3,Amazon Web Services] [e47a930042f2fb9cc70ce48c61e62430]
https://kiosk.gamma.nl [200] [GET] [text/html] [Kiosk launcher] [AmazonS3] [vhost] [cloudfront] [Amazon Cloudfront,Amazon S3,Amazon Web Services] [d91a52bd62aac4788a115ee28f75d58b]
https://kioskadmin.acceptatie.gamma.nl [200] [GET] [text/html] [Kiosk admin interface] [AmazonS3] [vhost] [cloudfront] [Amazon Cloudfront,Amazon S3,Amazon Web Services] [d9999a5e26013a1a0d12a1473b0eaefa]
https://kioskadmin.gamma.nl [200] [GET] [text/html] [Kiosk admin interface] [AmazonS3] [vhost] [cloudfront] [Amazon Cloudfront,Amazon S3,Amazon Web Services] [49cefe736d7a52fb29680ad7d71b3dc3]
https://mail.gamma.nl [302] [GET] [text/html] [] [Apache] [Apache] [d41d8cd98f00b204e9800998ecf8427e]
https://mijn.acceptatie.gamma.nl [403] [GET] [text/html] [ERROR: The request could not be satisfied] [CloudFront] [vhost] [cloudfront] [Algolia,Amazon Cloudfront,Amazon Web Services] [38812665829f0feadd152d6dd57491c5]
https://mijn.acceptatie.gamma.nl [403] [GET] [text/html] [ERROR: The request could not be satisfied] [CloudFront] [vhost] [cloudfront] [Algolia,Amazon Cloudfront,Amazon Web Services] [801b8c039b56280de11cb5446b7ac8d3]
https://mijn.gamma.nl [200] [GET] [text/html] [Mijn GAMMA] [AmazonS3] [vhost] [cloudfront] [Algolia,Amazon Cloudfront,Amazon S3,Amazon Web Services] [07f1677ef9ec69dc44a0772cbb25e48d]
https://mijn2.acceptatie.gamma.nl [403] [GET] [text/html] [ERROR: The request could not be satisfied] [CloudFront] [vhost] [cloudfront] [Algolia,Amazon Cloudfront,Amazon Web Services] [09b63607992782e638536aeceae08b13]
https://mijn2.acceptatie.gamma.nl [403] [GET] [text/html] [ERROR: The request could not be satisfied] [CloudFront] [vhost] [cloudfront] [Algolia,Amazon Cloudfront,Amazon Web Services] [5c89e31c8e59afcacbe2eee053eb369c]
https://mijn2.gamma.nl [403] [GET] [text/html] [ERROR: The request could not be satisfied] [CloudFront] [vhost] [cloudfront] [Algolia,Amazon Cloudfront,Amazon Web Services] [17089e330fa9a2380891b9a1a5b9a72b]
https://mijn2.gamma.nl [403] [GET] [text/html] [ERROR: The request could not be satisfied] [CloudFront] [vhost] [cloudfront] [Algolia,Amazon Cloudfront,Amazon Web Services] [89771fe9ed2bd8b273d92d0385ecb4b8]
https://origin.checkout.acc.gamma.nl [403] [GET] [text/html] [403 Forbidden] [awselb/2.0] [2e40045efe5134ada9942798c090d269]
https://origin.checkout.acc.gamma.nl [403] [GET] [text/html] [403 Forbidden] [awselb/2.0] [bad2e8579dcdb79399aac2064216a37d]
https://origin.checkout.prd.gamma.nl [403] [GET] [text/html] [403 Forbidden] [awselb/2.0] [2e40045efe5134ada9942798c090d269]
https://origin.myaccount.acc.gamma.nl [403] [GET] [text/html] [403 Forbidden] [awselb/2.0] [2e40045efe5134ada9942798c090d269]
https://origin.myaccount.acc.gamma.nl [403] [GET] [text/html] [403 Forbidden] [awselb/2.0] [bad2e8579dcdb79399aac2064216a37d]
https://origin.myaccount.prd.gamma.nl [403] [GET] [text/html] [403 Forbidden] [awselb/2.0] [2e40045efe5134ada9942798c090d269]
https://origin.myaccount.prd.gamma.nl [403] [GET] [text/html] [403 Forbidden] [awselb/2.0] [bad2e8579dcdb79399aac2064216a37d]
https://origin.shopfront.acc.gamma.nl [403] [GET] [text/html] [403 Forbidden] [awselb/2.0] [bad2e8579dcdb79399aac2064216a37d]
https://origin.shopfront.prd.gamma.nl [403] [GET] [text/html] [403 Forbidden] [awselb/2.0] [2e40045efe5134ada9942798c090d269]
https://raamdecoratieconfigurator.gamma.nl [200] [GET] [text/html] [Fetim / Intergamma Configurator] [] [vhost] [Google Tag Manager,IIS,Microsoft ASP.NET] [99ee65ca8839a070581c2153ac816eca]
https://shopfront.acceptatie.gamma.nl [403] [GET] [text/html] [403 Forbidden] [awselb/2.0] [2e40045efe5134ada9942798c090d269]
https://shopfront.gamma.nl [403] [GET] [text/html] [403 Forbidden] [awselb/2.0] [2e40045efe5134ada9942798c090d269]
https://sitemap.acceptatie.gamma.nl [200] [GET] [text/xml] [] [AmazonS3] [vhost] [cloudfront] [Amazon Cloudfront,Amazon S3,Amazon Web Services] [4d8095ac6ae7152ceaf75985963d0ddb]
https://sitemap.gamma.nl [200] [GET] [text/xml] [] [AmazonS3] [vhost] [cloudfront] [Amazon Cloudfront,Amazon S3,Amazon Web Services] [4d8095ac6ae7152ceaf75985963d0ddb]
https://sorry.gamma.nl [503] [GET] [text/html] [Sorry dat wij u nu niet kunnen helpen. We werken eraan om zo spoedig mogelijk weer online te zijn. | GAMMA] [AmazonS3] [vhost] [cloudfront] [Amazon Cloudfront,Amazon S3,Amazon Web Services] [6f738ec4ad4629a3f8d19cd9ed145bc2]
https://static-acceptatie.gamma.nl [403] [GET] [text/xml] [] [CloudFront] [vhost] [cloudfront] [Amazon Cloudfront,Amazon Web Services] [40a481f43ca93bbbdd18621b439ea397]
https://static.gamma.nl [403] [GET] [text/xml] [] [CloudFront] [vhost] [cloudfront] [Amazon Cloudfront,Amazon Web Services] [40a481f43ca93bbbdd18621b439ea397]
https://www.acceptatie.gamma.nl [403] [GET] [text/html] [ERROR: The request could not be satisfied] [CloudFront] [cloudfront] [Amazon Cloudfront,Amazon Web Services] [407d1391dfa61062e4b5297f87bc5008]
https://www.acceptatie.gamma.nl [403] [GET] [text/html] [ERROR: The request could not be satisfied] [CloudFront] [cloudfront] [Amazon Cloudfront,Amazon Web Services] [8cce8e680027266c1be94457c0ff830b]
https://www.dev.gamma.nl [403] [GET] [text/html] [ERROR: The request could not be satisfied] [CloudFront] [cloudfront] [Amazon Cloudfront,Amazon Web Services] [017319bce49fd7c4e26ae162a59f7dba]
https://www.dev.gamma.nl [403] [GET] [text/html] [ERROR: The request could not be satisfied] [CloudFront] [cloudfront] [Amazon Cloudfront,Amazon Web Services] [090f1a17fbcc46e8f7ca9eed847c6dca]
https://www.gamma.nl [200] [GET] [text/html] [GAMMA bouwmarkten - doe het zelf bouwmarkt] [nginx] [vhost] [cloudfront] [Amazon Cloudfront,Amazon Web Services,Contentful,Nginx] [8733820ca4faa4d45c06eb1355a30e2b]
