http://goldmansachs.com [301] [GET] [text/html] [] [] [vhost] [81051bcc2cf1bedf378224b0a93e2877]
http://help.dsp.goldmansachs.com:8443 [400] [GET] [text/html] [400 The plain HTTP request was sent to HTTPS port] [cloudflare] [cloudflare] [20ad84d030031252141ca0b3fc0183f0]
http://help.uat.dsp.goldmansachs.com:8443 [400] [GET] [text/html] [400 The plain HTTP request was sent to HTTPS port] [cloudflare] [cloudflare] [20ad84d030031252141ca0b3fc0183f0]
https://beta.goldmansachs.com [403] [GET] [text/html] [Access Denied] [AkamaiGHost] [vhost] [41fbc08ea70c6bb3ee7eef6842d57ce7]
https://beta.goldmansachs.com [403] [GET] [text/html] [Access Denied] [AkamaiGHost] [vhost] [f2ce6d8d8c9b98083efa2ee870e5d17d]
https://beta.uat.goldmansachs.com [302] [GET] [text/html] [302 Found] [Apache] [vhost] [Apache] [50b8e4fcde4b2a359fb7d3a6289a6023]
https://dsp.goldmansachs.com [302] [GET] [text/html] [302 Found] [Apache] [vhost] [Apache] [03744af580ae4d25f701c7702dac6465]
https://help.dsp.goldmansachs.com [301] [GET] [text/html] [] [cloudflare] [vhost] [cloudflare] [Cloudflare,Cloudflare Network Error Logging,Zendesk] [b1b24538ab98ff68257b23000aa41c95]
https://help.uat.dsp.goldmansachs.com [301] [GET] [text/html] [] [cloudflare] [vhost] [cloudflare] [Cloudflare,Cloudflare Network Error Logging,Zendesk] [cf305887b511a8d0dda916d1e52153bd]
https://pilot.dsp.goldmansachs.com [403] [GET] [text/html] [Access Denied] [AkamaiGHost] [vhost] [ae8bbd164d459abf2779448fa9b8efa2]
https://pilot.dsp.goldmansachs.com [403] [GET] [text/html] [Access Denied] [AkamaiGHost] [vhost] [ff56805641b089cf9e2b3925530c1c85]
https://pilot.uat.dsp.goldmansachs.com [302] [GET] [text/html] [302 Found] [Apache] [vhost] [Apache] [15a97233590e65d3bbee9fecc2ddc69e]
https://privatewealth.goldmansachs.com [302] [GET] [] [] [AkamaiGHost] [vhost] [d41d8cd98f00b204e9800998ecf8427e]
https://qa.privatewealth.goldmansachs.com [403] [GET] [text/html] [Access Denied] [AkamaiGHost] [vhost] [49e3c5967a662e5c889c159b1430c538]
https://qa.privatewealth.goldmansachs.com [403] [GET] [text/html] [Access Denied] [AkamaiGHost] [vhost] [bbab43adb1aacacea998f41732f743af]
https://v.dsp.goldmansachs.com [400] [GET] [text/html] [] [Apache] [Apache] [825644f747baab2c00e420dbbc39e4b3]
https://video.goldmansachs.com [404] [GET] [] [] [AkamaiNetStorage] [vhost] [7605968e79d0ca095ab1231486d2b814]
https://www.beta.goldmansachs.com [403] [GET] [text/html] [Access Denied] [AkamaiGHost] [vhost] [978bd73ef635f3ff396b9e78a77088c1]
https://www.beta.goldmansachs.com [403] [GET] [text/html] [Access Denied] [AkamaiGHost] [vhost] [e4106f1584fd721de7879d93b36cb781]
https://www.beta.uat.goldmansachs.com [302] [GET] [text/html] [302 Found] [Apache] [vhost] [Apache] [50b8e4fcde4b2a359fb7d3a6289a6023]
https://www.dsp.goldmansachs.com [302] [GET] [text/html] [302 Found] [Apache] [vhost] [Apache] [03744af580ae4d25f701c7702dac6465]
https://www.goldmansachs.com [200] [GET] [text/html] [Goldman Sachs] [Webserver] [vhost] [Akamai,Slick,jQuery] [ac075f99edbf49bb268bd11deaf9b84e]
https://www.goldmansachs.com [200] [GET] [text/html] [Goldman Sachs] [Webserver] [vhost] [Akamai,Slick,jQuery] [dabcaf21cccaca23d018efaf7934a250]
https://www.pilot.dsp.goldmansachs.com [403] [GET] [text/html] [Access Denied] [AkamaiGHost] [vhost] [3d7d775ee82d3b2dfc34c917e8b8ea67]
https://www.pilot.dsp.goldmansachs.com [403] [GET] [text/html] [Access Denied] [AkamaiGHost] [vhost] [b54b38eecf44a1437e32c56c1bd14a3e]
https://www.pilot.uat.dsp.goldmansachs.com [302] [GET] [text/html] [302 Found] [Apache] [vhost] [Apache] [15a97233590e65d3bbee9fecc2ddc69e]
https://www2.goldmansachs.com [301] [GET] [] [] [AkamaiGHost] [vhost] [d41d8cd98f00b204e9800998ecf8427e]
https://wwwqa.goldmansachs.com [200] [GET] [text/html] [Goldman Sachs] [Webserver] [vhost] [Akamai,Slick,jQuery] [a98c64567748f2dcf7a114be29ecc6a0]
https://wwwqa.goldmansachs.com [200] [GET] [text/html] [Goldman Sachs] [Webserver] [vhost] [Akamai,Slick,jQuery] [c5054443d8b65e846e69f4a825ec091a]
https://wwwqa2.goldmansachs.com [301] [GET] [] [] [AkamaiGHost] [vhost] [d41d8cd98f00b204e9800998ecf8427e]
