http://api.xs2a.goldman.com [301] [GET] [] [] [] [d41d8cd98f00b204e9800998ecf8427e]
http://goldman.com [301] [GET] [text/html] [] [] [vhost] [81051bcc2cf1bedf378224b0a93e2877]
http://help.invest.goldman.com:8443 [400] [GET] [text/html] [400 The plain HTTP request was sent to HTTPS port] [cloudflare] [cloudflare] [20ad84d030031252141ca0b3fc0183f0]
http://help.uat.invest.goldman.com:8443 [400] [GET] [text/html] [400 The plain HTTP request was sent to HTTPS port] [cloudflare] [cloudflare] [20ad84d030031252141ca0b3fc0183f0]
http://kpmg.beta.uat.invest.goldman.com [200] [GET] [text/html] [] [] [vhost] [d41d8cd98f00b204e9800998ecf8427e]
http://www.kpmg.uat.invest.goldman.com [200] [GET] [text/html] [Location not supported] [AkamaiNetStorage] [vhost] [7507f76b402eb11b6b89fb9cd3c651ca]
https://akamai-qa-test.goldman.com [403] [GET] [text/html] [Access Denied] [AkamaiGHost] [vhost] [cc9ed2e5b6a8cc5e8be161dc9996081c]
https://akamai-qa-test.goldman.com [403] [GET] [text/html] [Access Denied] [AkamaiGHost] [vhost] [db54aec34da42769cd6b3def457b42c4]
https://akamai-test.goldman.com [403] [GET] [text/html] [Access Denied] [AkamaiGHost] [vhost] [5b1e6c5434e67f41d4934e1330479f1c]
https://akamai-test.goldman.com [403] [GET] [text/html] [Access Denied] [AkamaiGHost] [vhost] [e21133aa7a6aa889c4e79454c13f2665]
https://api.ayco.goldman.com [403] [GET] [text/html] [Access Denied] [AkamaiGHost] [vhost] [23ec852f3ff8ec244cb33fc18d50e104]
https://api.ayco.goldman.com [403] [GET] [text/html] [Access Denied] [AkamaiGHost] [vhost] [d5d1b45d8967bf62d46fff8669d14338]
https://api.aycouat.goldman.com [403] [GET] [text/html] [Access Denied] [AkamaiGHost] [vhost] [671b635119ec0e60a3b5775e0d65f3ec]
https://api.aycouat.goldman.com [403] [GET] [text/html] [Access Denied] [AkamaiGHost] [vhost] [aa92da72ac1e16d32b8fddc27c5d335f]
https://auth.xs2a.goldman.com [404] [GET] [text/html] [404 Not Found] [] [370e16c3b7dba286cff055f93b9a94d8]
https://beta.invest.goldman.com [403] [GET] [text/html] [Access Denied] [AkamaiGHost] [vhost] [3c0021f72b123befbf688f6919747390]
https://beta.invest.goldman.com [403] [GET] [text/html] [Access Denied] [AkamaiGHost] [vhost] [a418be11f8989c54e6d1ee086c36e283]
https://beta.uat.invest.goldman.com [307] [GET] [text/html] [307 Temporary Redirect] [Apache] [vhost] [Apache] [dae23ade137cb459ff07797de0d56478]
https://cbr.pilot.goldman.com [301] [GET] [text/html] [301 Moved Permanently] [webserver] [vhost] [7d36f14ca547351e23d09597315a34d8]
https://cbr.prod.goldman.com [301] [GET] [text/html] [301 Moved Permanently] [webserver] [vhost] [1713aa78440a996a5033794f1309e15e]
https://content-qa.goldman.com [404] [GET] [] [] [AkamaiNetStorage] [vhost] [7605968e79d0ca095ab1231486d2b814]
https://content.goldman.com [404] [GET] [] [] [AkamaiNetStorage] [vhost] [7605968e79d0ca095ab1231486d2b814]
https://developer.xs2a.goldman.com [403] [GET] [text/html] [] [] [vhost] [8fa5fa92be14ffc9a72b70d188a769bf]
https://fastlink.goldman.com [200] [GET] [] [] [] [dc941514bc281bac9ea561aa9433c0fc]
https://fastlinkqa.goldman.com [200] [GET] [] [] [] [dc941514bc281bac9ea561aa9433c0fc]
https://help.invest.goldman.com [301] [GET] [text/html] [] [cloudflare] [vhost] [cloudflare] [Cloudflare,Cloudflare Network Error Logging,Zendesk] [fa3243b69983b49c13636f30375025a0]
https://help.uat.invest.goldman.com [301] [GET] [text/html] [] [cloudflare] [vhost] [cloudflare] [Cloudflare,Cloudflare Network Error Logging,Zendesk] [b16613e381c29bdc7de18f17999d4d26]
https://invest.goldman.com [301] [GET] [text/html] [301 Moved Permanently] [Apache] [Apache] [4b336921b141cbddc658a572c9530edb]
https://kpmg.beta.invest.goldman.com [200] [GET] [text/html] [Location not supported] [AkamaiNetStorage] [vhost] [7507f76b402eb11b6b89fb9cd3c651ca]
https://kpmg.invest.goldman.com [200] [GET] [text/html] [] [] [vhost] [d41d8cd98f00b204e9800998ecf8427e]
https://kpmg.pilot.invest.goldman.com [200] [GET] [text/html] [] [] [vhost] [d41d8cd98f00b204e9800998ecf8427e]
https://kpmg.pilot.uat.invest.goldman.com [200] [GET] [text/html] [Location not supported] [AkamaiNetStorage] [vhost] [7507f76b402eb11b6b89fb9cd3c651ca]
https://kpmg.uat.invest.goldman.com [200] [GET] [text/html] [Location not supported] [AkamaiNetStorage] [vhost] [7507f76b402eb11b6b89fb9cd3c651ca]
https://login-qa.goldman.com [403] [GET] [text/html] [Error] [Apache] [Apache] [587fa749210d38870bae68ffb41763bd]
https://login-qa.psd.goldman.com [200] [GET] [text/html] [] [] [vhost] [d41d8cd98f00b204e9800998ecf8427e]
https://login.goldman.com [403] [GET] [text/html] [Error] [Apache] [Apache] [d2e2abaf58303d2d7c9db110efa6acac]
https://login.mfa.goldman.com [401] [GET] [text/html] [GS - Error] [GS] [vhost] [340d494262e08587794fdc2a7aaebb34]
https://mfa.qa.goldman.com [403] [GET] [text/html] [Access Denied] [AkamaiGHost] [vhost] [174429ad8b85a66476ae27c17214d44c]
https://mfa.qa.goldman.com [403] [GET] [text/html] [Access Denied] [AkamaiGHost] [vhost] [97d6773c59bda5671f6c7ba38e65dfeb]
https://mobile.goldman.com [200] [GET] [text/html] [] [nginx] [vhost] [Akamai,Nginx] [d41d8cd98f00b204e9800998ecf8427e]
https://mobile.pilot.goldman.com [200] [GET] [text/html] [] [nginx] [vhost] [Akamai,Nginx] [d41d8cd98f00b204e9800998ecf8427e]
https://mobile.qa.goldman.com [403] [GET] [text/html] [Access Denied] [AkamaiGHost] [vhost] [1e1cc79a5cef42e5bc92bc8382210729]
https://mobile.qa.goldman.com [403] [GET] [text/html] [Access Denied] [AkamaiGHost] [vhost] [bd7ddd4857f4930d7c6813a67b7954bc]
https://ofx.goldman.com [200] [GET] [text/html] [] [] [vhost] [d41d8cd98f00b204e9800998ecf8427e]
https://ofx.qa.goldman.com [200] [GET] [text/html] [] [] [vhost] [d41d8cd98f00b204e9800998ecf8427e]
https://pilot.goldman.com [301] [GET] [text/html] [301 Moved Permanently] [webserver] [vhost] [5d22e0589f381bc9745b243e40954b42]
https://pilot.invest.goldman.com [302] [GET] [text/html] [302 Found] [Apache] [vhost] [Apache] [9cec6abff46ed98109d3e827f356a185]
https://pilot.mfa.goldman.com [401] [GET] [text/html] [GS - Error] [GS] [vhost] [340d494262e08587794fdc2a7aaebb34]
https://pilot.uat.invest.goldman.com [307] [GET] [text/html] [307 Temporary Redirect] [Apache] [vhost] [Apache] [b325986f0b817f7681e03d0453ac5acb]
https://preview-mobile.qa.goldman.com [403] [GET] [text/html] [Access Denied] [AkamaiGHost] [vhost] [28dc089cd04950dd5ba37382479da193]
https://preview-mobile.qa.goldman.com [403] [GET] [text/html] [Access Denied] [AkamaiGHost] [vhost] [89759e6692868baa722c7a6cc89441c5]
https://qa.finologee.goldman.com [200] [GET] [text/html] [] [] [vhost] [d41d8cd98f00b204e9800998ecf8427e]
https://qa.goldman.com [403] [GET] [text/html] [Access Denied] [AkamaiGHost] [vhost] [179f8cb8cf6227de45d6647317deed11]
https://qa.goldman.com [403] [GET] [text/html] [Access Denied] [AkamaiGHost] [vhost] [1d6e76a6c3e5522c831915cbe6bc4a56]
https://resources-qa.goldman.com [302] [GET] [text/html] [302 Found] [Apache] [vhost] [Apache] [e3a959960d1fa2748727bbb2ea025141]
https://resources.goldman.com [302] [GET] [text/html] [302 Found] [Apache] [vhost] [Apache] [54ad289e08c15508d82d1ece6d01351a]
https://sandbox.xs2a.goldman.com [404] [GET] [application/json] [] [] [vhost] [284b6cac7b19e46e077817f3f343b485]
https://sports.goldman.com [302] [GET] [text/html] [302 Found] [Apache] [vhost] [Apache] [092c37ceacc439a7e5fc0b5886a6ff85]
https://uat.invest.goldman.com [401] [GET] [text/html] [401 Unauthorized] [Apache] [vhost] [Apache,Basic] [118a489422be0c5ca0cecf3bb7903c7e]
https://uat.sports.goldman.com [302] [GET] [text/html] [302 Found] [Apache] [vhost] [Apache] [563d0e10820f274acc5f5dec08d172a2]
https://v.goldman.com [400] [GET] [text/html] [] [Apache] [Apache] [825644f747baab2c00e420dbbc39e4b3]
https://v.invest.goldman.com [400] [GET] [text/html] [] [Apache] [Apache] [825644f747baab2c00e420dbbc39e4b3]
https://wealth.goldman.com [301] [GET] [] [] [AkamaiGHost] [vhost] [d41d8cd98f00b204e9800998ecf8427e]
https://www.beta.invest.goldman.com [403] [GET] [text/html] [Access Denied] [AkamaiGHost] [vhost] [b84a705c5570750a8b84ea26a1ee4402]
https://www.beta.invest.goldman.com [403] [GET] [text/html] [Access Denied] [AkamaiGHost] [vhost] [bfd5b44639178bfbd14de003816d2bd6]
https://www.beta.uat.invest.goldman.com [403] [GET] [text/html] [Access Denied] [AkamaiGHost] [vhost] [75c3ba67e3898c0d2ad6d1cf7a71bf4a]
https://www.beta.uat.invest.goldman.com [403] [GET] [text/html] [Access Denied] [AkamaiGHost] [vhost] [f85e5e3afc204ea7bcbb99cd20365b64]
https://www.goldman.com [301] [GET] [text/html] [301 Moved Permanently] [webserver] [vhost] [99b4fcbcd65b552bffa6c86e7a65ebec]
https://www.invest.goldman.com [307] [GET] [text/html] [307 Temporary Redirect] [Apache] [vhost] [Apache] [c3168633a3dd1286dd468d0a63febe44]
https://www.kpmg.beta.invest.goldman.com [200] [GET] [text/html] [Location not supported] [AkamaiNetStorage] [vhost] [7507f76b402eb11b6b89fb9cd3c651ca]
https://www.kpmg.beta.invest.goldman.com [200] [GET] [text/html] [Location not supported] [AkamaiNetStorage] [vhost] [Akamai] [692ae9081cbda5cd434e7ee2c861e1fc]
https://www.kpmg.beta.uat.invest.goldman.com [200] [GET] [text/html] [Location not supported] [AkamaiNetStorage] [vhost] [7507f76b402eb11b6b89fb9cd3c651ca]
https://www.kpmg.invest.goldman.com [200] [GET] [text/html] [Location not supported] [AkamaiNetStorage] [vhost] [7507f76b402eb11b6b89fb9cd3c651ca]
https://www.kpmg.pilot.invest.goldman.com [200] [GET] [text/html] [Location not supported] [AkamaiNetStorage] [vhost] [7507f76b402eb11b6b89fb9cd3c651ca]
https://www.kpmg.pilot.uat.invest.goldman.com [200] [GET] [text/html] [] [] [vhost] [d41d8cd98f00b204e9800998ecf8427e]
https://www.pilot.invest.goldman.com [307] [GET] [text/html] [307 Temporary Redirect] [Apache] [vhost] [Apache] [a60857a39a51ad79a3b13e42b70bd3e8]
https://www.pilot.uat.invest.goldman.com [307] [GET] [text/html] [307 Temporary Redirect] [Apache] [vhost] [Apache] [adf81cc9b94e2bb3efd773039de77223]
https://www.sports.goldman.com [403] [GET] [text/html] [Access Denied] [AkamaiGHost] [vhost] [4605afa4208d4606a8da327a9be0e403]
https://www.sports.goldman.com [403] [GET] [text/html] [Access Denied] [AkamaiGHost] [vhost] [89e12e226b176f273d976d686f6f41f2]
https://www.uat.invest.goldman.com [302] [GET] [text/html] [302 Found] [Apache] [vhost] [Apache] [52384b95446443b626500f2d8f083a73]
https://www.wealth.goldman.com [403] [GET] [text/html] [Access Denied] [AkamaiGHost] [vhost] [126c760709ebaab433868a7986df45d8]
https://www.wealth.goldman.com [403] [GET] [text/html] [Access Denied] [AkamaiGHost] [vhost] [3fd686600cb279563fdb181eb1429ebf]
