http://api-africa.gotinder.com [403] [GET] [text/html] [ERROR: The request could not be satisfied] [CloudFront] [cloudfront] [Amazon Cloudfront,Amazon Web Services] [4cb94c8eece88d135d5c0d9be90161b3]
http://api-antartica.gotinder.com [403] [GET] [text/html] [ERROR: The request could not be satisfied] [CloudFront] [cloudfront] [Amazon Cloudfront,Amazon Web Services] [308557b645f56a65a5ae4d6d99f33b91]
http://api-asia.gotinder.com [403] [GET] [text/html] [ERROR: The request could not be satisfied] [CloudFront] [cloudfront] [Amazon Cloudfront,Amazon Web Services] [c5a6c3ecc742ab3ffb864ce47e5f00d4]
http://api-brazil.gotinder.com [403] [GET] [text/html] [ERROR: The request could not be satisfied] [CloudFront] [cloudfront] [Amazon Cloudfront,Amazon Web Services] [fd5db4a5fbd813b47582f4207bc1c319]
http://api-cloudfront-failover.gotinder.com [403] [GET] [text/html] [ERROR: The request could not be satisfied] [CloudFront] [cloudfront] [Amazon Cloudfront,Amazon Web Services] [531f6191912e88950170474e0d604d2f]
http://api-europe.gotinder.com [403] [GET] [text/html] [ERROR: The request could not be satisfied] [CloudFront] [cloudfront] [Amazon Cloudfront,Amazon Web Services] [7f92d1deac6c8c4754cdb75413ae3cfe]
http://api-india.gotinder.com [403] [GET] [text/html] [ERROR: The request could not be satisfied] [CloudFront] [cloudfront] [Amazon Cloudfront,Amazon Web Services] [534baf46e0ca2807913651eb341ea892]
http://api-indonesia.gotinder.com [403] [GET] [text/html] [ERROR: The request could not be satisfied] [CloudFront] [cloudfront] [Amazon Cloudfront,Amazon Web Services] [1692d0850c229e251e5a35d0407acf3b]
http://api-north-america.gotinder.com [403] [GET] [text/html] [ERROR: The request could not be satisfied] [CloudFront] [cloudfront] [Amazon Cloudfront,Amazon Web Services] [c022bf59fd9b5e5c28702df07d4a8af3]
http://api-oceania.gotinder.com [403] [GET] [text/html] [ERROR: The request could not be satisfied] [CloudFront] [cloudfront] [Amazon Cloudfront,Amazon Web Services] [6376f8593839adb2085804586b801e79]
http://api-south-america.gotinder.com [403] [GET] [text/html] [ERROR: The request could not be satisfied] [CloudFront] [cloudfront] [Amazon Cloudfront,Amazon Web Services] [4d9d171581d5e5877c4dfd1148010792]
http://api-spain.gotinder.com [403] [GET] [text/html] [ERROR: The request could not be satisfied] [CloudFront] [cloudfront] [Amazon Cloudfront,Amazon Web Services] [47c7dd2a69b3a3c4aa0f82d7167d2ec7]
http://blogtest.gotinder.com [403] [GET] [text/html] [ERROR: The request could not be satisfied] [CloudFront] [cloudfront] [Amazon Cloudfront,Amazon Web Services] [6e0afc1dbc63e1c70f4d69430619b2dd]
http://email.gotinder.com:8080 [404] [GET] [text/html] [404 Not Found] [] [2e9281cb1598565605593d28a5efa3bb]
http://geoapi.staging3.gotinder.com [403] [GET] [text/html] [ERROR: The request could not be satisfied] [CloudFront] [cloudfront] [Amazon Cloudfront,Amazon Web Services] [0995fcfefac4673e709f2f1994a63ffb]
http://images-ssl-arg.gotinder.com [403] [GET] [text/html] [ERROR: The request could not be satisfied] [CloudFront] [cloudfront] [Amazon Cloudfront,Amazon Web Services] [db8dfc7289c71cde8ecc011a2d063902]
http://images-ssl-aus.gotinder.com [403] [GET] [text/html] [ERROR: The request could not be satisfied] [CloudFront] [cloudfront] [Amazon Cloudfront,Amazon Web Services] [c12a8b9400a3090f6c959f00f379271c]
http://images-ssl-aut.gotinder.com [403] [GET] [text/html] [ERROR: The request could not be satisfied] [CloudFront] [cloudfront] [Amazon Cloudfront,Amazon Web Services] [09782ef1f96533bdcf126d78eb31bec7]
http://images-ssl-brazil.gotinder.com [403] [GET] [text/html] [ERROR: The request could not be satisfied] [CloudFront] [cloudfront] [Amazon Cloudfront,Amazon Web Services] [d520a8a043b4a4b16d6b426da07f249e]
http://images-ssl-can.gotinder.com [403] [GET] [text/html] [ERROR: The request could not be satisfied] [CloudFront] [cloudfront] [Amazon Cloudfront,Amazon Web Services] [75f3ba7fd215465a841cfbb89555430b]
http://images-ssl-che.gotinder.com [403] [GET] [text/html] [ERROR: The request could not be satisfied] [CloudFront] [cloudfront] [Amazon Cloudfront,Amazon Web Services] [e848b01afbd151a959fcbc07374c66d6]
http://images-ssl-col.gotinder.com [403] [GET] [text/html] [ERROR: The request could not be satisfied] [CloudFront] [cloudfront] [Amazon Cloudfront,Amazon Web Services] [4b7b01b164909f59e490229ca7593a46]
http://images-ssl-cze.gotinder.com [403] [GET] [text/html] [ERROR: The request could not be satisfied] [CloudFront] [cloudfront] [Amazon Cloudfront,Amazon Web Services] [0809151c7727a48c11ab2426d81114b4]
http://images-ssl-deu.gotinder.com [403] [GET] [text/html] [ERROR: The request could not be satisfied] [CloudFront] [cloudfront] [Amazon Cloudfront,Amazon Web Services] [6f75461e3c229d5d5bb6207a482fe4ef]
http://images-ssl-dnk.gotinder.com [403] [GET] [text/html] [ERROR: The request could not be satisfied] [CloudFront] [cloudfront] [Amazon Cloudfront,Amazon Web Services] [6e232ba4f91bde2eb5040d55ec275825]
http://images-ssl-ecu.gotinder.com [403] [GET] [text/html] [ERROR: The request could not be satisfied] [CloudFront] [cloudfront] [Amazon Cloudfront,Amazon Web Services] [0b8bddc56bd9ff6a89c1d658d68281de]
http://images-ssl-esp.gotinder.com [403] [GET] [text/html] [ERROR: The request could not be satisfied] [CloudFront] [cloudfront] [Amazon Cloudfront,Amazon Web Services] [4dbba47b49bed4e0fea68a386d042d79]
http://images-ssl-europe.gotinder.com [403] [GET] [text/html] [ERROR: The request could not be satisfied] [CloudFront] [cloudfront] [Amazon Cloudfront,Amazon Web Services] [1a9a752dcc2b41a704001e596ab6b0d5]
http://images-ssl-fin.gotinder.com [403] [GET] [text/html] [ERROR: The request could not be satisfied] [CloudFront] [cloudfront] [Amazon Cloudfront,Amazon Web Services] [10132b5332ac60a1dc8fd7e7082bcbd6]
http://images-ssl-fra.gotinder.com [403] [GET] [text/html] [ERROR: The request could not be satisfied] [CloudFront] [cloudfront] [Amazon Cloudfront,Amazon Web Services] [8cbf854d2687b6b4cbe96580b0988708]
http://images-ssl-gbr.gotinder.com [403] [GET] [text/html] [ERROR: The request could not be satisfied] [CloudFront] [cloudfront] [Amazon Cloudfront,Amazon Web Services] [b8759b38c929c04ae2a74d2c0d1512f0]
http://images-ssl-hkg.gotinder.com [403] [GET] [text/html] [ERROR: The request could not be satisfied] [CloudFront] [cloudfront] [Amazon Cloudfront,Amazon Web Services] [07009b1faa4764da864d8dbda3b9e567]
http://images-ssl-india.gotinder.com [403] [GET] [text/html] [ERROR: The request could not be satisfied] [CloudFront] [cloudfront] [Amazon Cloudfront,Amazon Web Services] [0583dbc2acda116c93b0ece1935b83e8]
http://images-ssl-indonesia.gotinder.com [403] [GET] [text/html] [ERROR: The request could not be satisfied] [CloudFront] [cloudfront] [Amazon Cloudfront,Amazon Web Services] [08387a75ed5041b0641577c669e71964]
http://images-ssl-ireland.gotinder.com [403] [GET] [text/html] [ERROR: The request could not be satisfied] [CloudFront] [cloudfront] [Amazon Cloudfront,Amazon Web Services] [de112ea9e5d8daadc2619c06ddc50f91]
http://images-ssl-ita.gotinder.com [403] [GET] [text/html] [ERROR: The request could not be satisfied] [CloudFront] [cloudfront] [Amazon Cloudfront,Amazon Web Services] [54e7e2aae14841299b8202773dfeccbe]
http://images-ssl-jpn.gotinder.com [403] [GET] [text/html] [ERROR: The request could not be satisfied] [CloudFront] [cloudfront] [Amazon Cloudfront,Amazon Web Services] [bd3b41c54d2de06aa79646bf2a4be9fd]
http://images-ssl-mexico.gotinder.com [403] [GET] [text/html] [ERROR: The request could not be satisfied] [CloudFront] [cloudfront] [Amazon Cloudfront,Amazon Web Services] [0f8f1d08ec4b0f9d2e22e23424a4dc85]
http://images-ssl-mys.gotinder.com [403] [GET] [text/html] [ERROR: The request could not be satisfied] [CloudFront] [cloudfront] [Amazon Cloudfront,Amazon Web Services] [80341d92e82ca2341e48c86549c3542e]
http://images-ssl-nld.gotinder.com [403] [GET] [text/html] [ERROR: The request could not be satisfied] [CloudFront] [cloudfront] [Amazon Cloudfront,Amazon Web Services] [f2f72af0005527fede351b6a96543788]
http://images-ssl-nor.gotinder.com [403] [GET] [text/html] [ERROR: The request could not be satisfied] [CloudFront] [cloudfront] [Amazon Cloudfront,Amazon Web Services] [b71f1690e9f946d43262e048b9c12a7c]
http://images-ssl-north-carolina.gotinder.com [403] [GET] [text/html] [ERROR: The request could not be satisfied] [CloudFront] [cloudfront] [Amazon Cloudfront,Amazon Web Services] [7f91b1c74692c7c655fa2ad65481e7af]
http://images-ssl-nz.gotinder.com [403] [GET] [text/html] [ERROR: The request could not be satisfied] [CloudFront] [cloudfront] [Amazon Cloudfront,Amazon Web Services] [6eec7150f8bc4d966b16a2c0a0754318]
http://images-ssl-ore.gotinder.com [403] [GET] [text/html] [ERROR: The request could not be satisfied] [CloudFront] [cloudfront] [Amazon Cloudfront,Amazon Web Services] [a0bb418196669c5a016917c99474abac]
http://images-ssl-per.gotinder.com [403] [GET] [text/html] [ERROR: The request could not be satisfied] [CloudFront] [cloudfront] [Amazon Cloudfront,Amazon Web Services] [7b318040d60fdcfded777a79a093d382]
http://images-ssl-phl.gotinder.com [403] [GET] [text/html] [ERROR: The request could not be satisfied] [CloudFront] [cloudfront] [Amazon Cloudfront,Amazon Web Services] [f9fcec39567cd7e840f805cddf53e935]
http://images-ssl-poland.gotinder.com [403] [GET] [text/html] [ERROR: The request could not be satisfied] [CloudFront] [cloudfront] [Amazon Cloudfront,Amazon Web Services] [9553d9215d45c6c6bb75d318700b01cf]
http://images-ssl-prt.gotinder.com [403] [GET] [text/html] [ERROR: The request could not be satisfied] [CloudFront] [cloudfront] [Amazon Cloudfront,Amazon Web Services] [ae60d25fbe0eda025c095be5769f71e2]
http://images-ssl-rus.gotinder.com [403] [GET] [text/html] [ERROR: The request could not be satisfied] [CloudFront] [cloudfront] [Amazon Cloudfront,Amazon Web Services] [6783879d6e67f4896801ca008cc3c2af]
http://images-ssl-sau.gotinder.com [403] [GET] [text/html] [ERROR: The request could not be satisfied] [CloudFront] [cloudfront] [Amazon Cloudfront,Amazon Web Services] [26034f4a1909f56cce6d4d5a1416d235]
http://images-ssl-sgp.gotinder.com [403] [GET] [text/html] [ERROR: The request could not be satisfied] [CloudFront] [cloudfront] [Amazon Cloudfront,Amazon Web Services] [f414250f2dde89464af1d3dd2817269a]
http://images-ssl-sk.gotinder.com [403] [GET] [text/html] [ERROR: The request could not be satisfied] [CloudFront] [cloudfront] [Amazon Cloudfront,Amazon Web Services] [0e1fe89e0bd6152749dee969cc5f2ab4]
http://images-ssl-south-america.gotinder.com [403] [GET] [text/html] [ERROR: The request could not be satisfied] [CloudFront] [cloudfront] [Amazon Cloudfront,Amazon Web Services] [b716212386d52fef5198d0c2b2e939c5]
http://images-ssl-swe.gotinder.com [403] [GET] [text/html] [ERROR: The request could not be satisfied] [CloudFront] [cloudfront] [Amazon Cloudfront,Amazon Web Services] [79f4e06aaa17dde2104b8633fde4c9ac]
http://images-ssl-texas.gotinder.com [403] [GET] [text/html] [ERROR: The request could not be satisfied] [CloudFront] [cloudfront] [Amazon Cloudfront,Amazon Web Services] [007d00098e2f1d751cc6e47fba531791]
http://images-ssl-twn.gotinder.com [403] [GET] [text/html] [ERROR: The request could not be satisfied] [CloudFront] [cloudfront] [Amazon Cloudfront,Amazon Web Services] [1d1c4e6bedade66a2e563ed243e762b2]
http://images-ssl-uae.gotinder.com [403] [GET] [text/html] [ERROR: The request could not be satisfied] [CloudFront] [cloudfront] [Amazon Cloudfront,Amazon Web Services] [2fb84aa8b6349a90348960e68a945737]
http://images-ssl-usa.gotinder.com [400] [GET] [text/html] [Invalid URL] [AkamaiGHost] [ca280114d7f0aa53f9bdf470dd26706f]
http://images-ssl-world.gotinder.com [403] [GET] [text/html] [ERROR: The request could not be satisfied] [CloudFront] [cloudfront] [Amazon Cloudfront,Amazon Web Services] [121e208df9dc8f0a75e09c340d70c79d]
http://images-ssl-zaf.gotinder.com [403] [GET] [text/html] [ERROR: The request could not be satisfied] [CloudFront] [cloudfront] [Amazon Cloudfront,Amazon Web Services] [bfddf4f729ab92251545b8447c9c786d]
http://imageupload-africa.gotinder.com [403] [GET] [text/html] [ERROR: The request could not be satisfied] [CloudFront] [cloudfront] [Amazon Cloudfront,Amazon Web Services] [89141d06089364c4232937b714e879b3]
http://imageupload-asia.gotinder.com [403] [GET] [text/html] [ERROR: The request could not be satisfied] [CloudFront] [cloudfront] [Amazon Cloudfront,Amazon Web Services] [e6c634d82280abb161667b08df00b964]
http://imageupload-brazil.gotinder.com [403] [GET] [text/html] [ERROR: The request could not be satisfied] [CloudFront] [cloudfront] [Amazon Cloudfront,Amazon Web Services] [eb47e47bfbbd93557f10cb123676ef4b]
http://imageupload-europe.gotinder.com [403] [GET] [text/html] [ERROR: The request could not be satisfied] [CloudFront] [cloudfront] [Amazon Cloudfront,Amazon Web Services] [2e4bb65c9f80d7943f22020b17446e2b]
http://imageupload-india.gotinder.com [403] [GET] [text/html] [ERROR: The request could not be satisfied] [CloudFront] [cloudfront] [Amazon Cloudfront,Amazon Web Services] [4ee65474d1f878320ba078550964d9c5]
http://imageupload-indonesia.gotinder.com [403] [GET] [text/html] [ERROR: The request could not be satisfied] [CloudFront] [cloudfront] [Amazon Cloudfront,Amazon Web Services] [a86c26eec0c7eb3f82d761f6871f9927]
http://imageupload-north-america.gotinder.com [403] [GET] [text/html] [ERROR: The request could not be satisfied] [CloudFront] [cloudfront] [Amazon Cloudfront,Amazon Web Services] [42267081103bfca209ab3ba6517e5b1c]
http://imageupload-oceania.gotinder.com [403] [GET] [text/html] [ERROR: The request could not be satisfied] [CloudFront] [cloudfront] [Amazon Cloudfront,Amazon Web Services] [92e6919c1e1aedaf0f48f26af3604af3]
http://imageupload-south-america.gotinder.com [403] [GET] [text/html] [ERROR: The request could not be satisfied] [CloudFront] [cloudfront] [Amazon Cloudfront,Amazon Web Services] [e51b567ba62a40c0da94a88a2ccbdc88]
http://imageupload-spain.gotinder.com [403] [GET] [text/html] [ERROR: The request could not be satisfied] [CloudFront] [cloudfront] [Amazon Cloudfront,Amazon Web Services] [56c8f8ae341e70fbe4cfb45bac1e2fc4]
http://origin.static.gotinder.com [404] [GET] [text/html] [404 Not Found] [AmazonS3] [vhost] [Amazon S3,Amazon Web Services] [e28d0da5da3b32c0723f34a66c0bca03]
http://preview-global.gotinder.com [403] [GET] [text/html] [ERROR: The request could not be satisfied] [CloudFront] [cloudfront] [Amazon Cloudfront,Amazon Web Services] [09542ab3f2988da3397a2e884ddd0eba]
http://preview-spain.gotinder.com [403] [GET] [text/html] [ERROR: The request could not be satisfied] [CloudFront] [cloudfront] [Amazon Cloudfront,Amazon Web Services] [d7a85dc77cf3fee31c0c9db93cdc84d4]
http://testing.staging1.gotinder.com [403] [GET] [text/html] [ERROR: The request could not be satisfied] [CloudFront] [cloudfront] [Amazon Cloudfront,Amazon Web Services] [8be7415577afba0f565a190b71cbe6e8]
https://1712052.gotinder.com [404] [GET] [text/html] [404 Not Found] [nginx] [Nginx] [70461da8b94c6ca5d2fda3260c5a8c3b]
https://1712052.gotinder.com [404] [GET] [text/html] [404 Not Found] [nginx] [Nginx] [8e325dc2fea7c8900fc6c4b8c6c394fe]
https://accoint.gotinder.com [404] [GET] [] [] [] [d41d8cd98f00b204e9800998ecf8427e]
https://account.gotinder.com [200] [GET] [text/html] [Tinder Portal] [] [vhost] [c4a18770ff937f66f64a327693ada6cf]
https://api-cf.as1.gotinder.com [404] [GET] [] [] [] [d41d8cd98f00b204e9800998ecf8427e]
https://api-cloudfront.gotinder.com [404] [GET] [] [] [] [d41d8cd98f00b204e9800998ecf8427e]
https://api-geo.as1.gotinder.com [404] [GET] [] [] [] [d41d8cd98f00b204e9800998ecf8427e]
https://api-geo.gotinder.com [404] [GET] [] [] [] [d41d8cd98f00b204e9800998ecf8427e]
https://api-mr.as1.gotinder.com [404] [GET] [] [] [] [d41d8cd98f00b204e9800998ecf8427e]
https://api-split.as1.gotinder.com [404] [GET] [] [] [] [d41d8cd98f00b204e9800998ecf8427e]
https://api-traffic.as1.gotinder.com [404] [GET] [] [] [] [d41d8cd98f00b204e9800998ecf8427e]
https://api-traffic.gotinder.com [404] [GET] [] [] [] [d41d8cd98f00b204e9800998ecf8427e]
https://api-trafficsplit.as1.gotinder.com [404] [GET] [] [] [] [d41d8cd98f00b204e9800998ecf8427e]
https://api-trafficsplit.gotinder.com [404] [GET] [] [] [] [d41d8cd98f00b204e9800998ecf8427e]
https://api-ue1az.gotinder.com [404] [GET] [] [] [] [d41d8cd98f00b204e9800998ecf8427e]
https://api.a.as1.gotinder.com [404] [GET] [] [] [] [d41d8cd98f00b204e9800998ecf8427e]
https://api.a.ue1az.gotinder.com [404] [GET] [] [] [] [d41d8cd98f00b204e9800998ecf8427e]
https://api.as1.gotinder.com [502] [GET] [text/html] [ERROR: The request could not be satisfied] [CloudFront] [vhost] [cloudfront] [Amazon Cloudfront,Amazon Web Services] [298521b24848805b8176cc6b28aa9fb8]
https://api.as1.gotinder.com [502] [GET] [text/html] [ERROR: The request could not be satisfied] [CloudFront] [vhost] [cloudfront] [Amazon Cloudfront,Amazon Web Services] [8cf6071bdcef7ca43f7cb608c91350ac]
https://api.b.as1.gotinder.com [404] [GET] [] [] [] [d41d8cd98f00b204e9800998ecf8427e]
https://api.b.ue1az.gotinder.com [404] [GET] [] [] [] [d41d8cd98f00b204e9800998ecf8427e]
https://api.c.as1.gotinder.com [404] [GET] [] [] [] [d41d8cd98f00b204e9800998ecf8427e]
https://api.c.ue1az.gotinder.com [404] [GET] [] [] [] [d41d8cd98f00b204e9800998ecf8427e]
https://api.d.ue1az.gotinder.com [404] [GET] [] [] [] [d41d8cd98f00b204e9800998ecf8427e]
https://api.gotinder.com [404] [GET] [] [] [] [vhost] [cloudfront] [Amazon Cloudfront,Amazon Web Services] [d41d8cd98f00b204e9800998ecf8427e]
https://api.ue1az.gotinder.com [404] [GET] [] [] [] [d41d8cd98f00b204e9800998ecf8427e]
https://api2.staging-membership.gotinder.com [502] [GET] [text/html] [ERROR: The request could not be satisfied] [CloudFront] [vhost] [cloudfront] [Amazon Cloudfront,Amazon Web Services] [da5e762341c09ebf8918e548ea5cf198]
https://assets-ssl.gotinder.com [403] [GET] [application/xml] [] [AmazonS3] [vhost] [cloudfront] [Amazon Cloudfront,Amazon S3,Amazon Web Services] [0c78abacefd89369a0c92d5737fe8853]
https://assets-ssl.gotinder.com [403] [GET] [application/xml] [] [AmazonS3] [vhost] [cloudfront] [Amazon Cloudfront,Amazon S3,Amazon Web Services] [d37a6e656ddbb18a91f425559517bfcd]
https://blog.gotinder.com [301] [GET] [] [] [AmazonS3] [vhost] [cloudfront] [Amazon Cloudfront,Amazon S3,Amazon Web Services] [d41d8cd98f00b204e9800998ecf8427e]
https://confluence.gotinder.com [301] [GET] [] [] [AmazonS3] [vhost] [cloudfront] [Amazon Cloudfront,Amazon S3,Amazon Web Services] [d41d8cd98f00b204e9800998ecf8427e]
https://data.gotinder.com [200] [GET] [] [] [nginx/1.15.6] [vhost] [Nginx] [468d66407842d125584da3848d956f87]
https://datarequests.gotinder.com [200] [GET] [text/html] [Tinder Portal] [] [vhost] [c4a18770ff937f66f64a327693ada6cf]
https://demo.gotinder.com [403] [GET] [text/html] [ERROR: The request could not be satisfied] [CloudFront] [cloudfront] [Amazon Cloudfront,Amazon Web Services] [187749b2a8013ef640015489c5d32bf0]
https://demo.gotinder.com [403] [GET] [text/html] [ERROR: The request could not be satisfied] [CloudFront] [cloudfront] [Amazon Cloudfront,Amazon Web Services] [8884e22728df9d9e8388faac405cbe7a]
https://email.gotinder.com [404] [GET] [] [] [] [Google Cloud,Google Cloud CDN] [d41d8cd98f00b204e9800998ecf8427e]
https://email03.gotinder.com [200] [GET] [application/octet-stream] [] [nginx] [Nginx] [9f36c1c909fa94ed5e7af41387ae3dae]
https://failover-test.staging-membership.gotinder.com [404] [GET] [text/html] [Error 404 (Not Found)!!1] [] [b81150861bf911f947660cf73bce77f6]
https://gotinder.com [301] [GET] [] [] [] [vhost] [d41d8cd98f00b204e9800998ecf8427e]
https://gp.gotinder.com [200] [GET] [text/html] [] [] [f91a416be352a03c76b6ce8f948eda4d]
https://images-ssl.gotinder.com [403] [GET] [application/xml] [] [AmazonS3] [vhost] [cloudfront] [Amazon Cloudfront,Amazon S3,Amazon Web Services] [6b97dba037777811d88cbf27892129b7]
https://images-ssl.gotinder.com [403] [GET] [application/xml] [] [AmazonS3] [vhost] [cloudfront] [Amazon Cloudfront,Amazon S3,Amazon Web Services] [e754953ccb6aab2e6b6a2bdbae88bee5]
https://imageupload-cloudfront.gotinder.com [404] [GET] [] [] [] [d41d8cd98f00b204e9800998ecf8427e]
https://imageupload.gotinder.com [404] [GET] [] [] [] [vhost] [cloudfront] [Amazon Cloudfront,Amazon Web Services] [d41d8cd98f00b204e9800998ecf8427e]
https://inboxcrm-ssl.gotinder.com [403] [GET] [application/xml] [] [AmazonS3] [vhost] [cloudfront] [Amazon Cloudfront,Amazon S3,Amazon Web Services] [649470ed5619272565a3d6e48ebb0fe2]
https://inboxcrm-ssl.gotinder.com [403] [GET] [application/xml] [] [AmazonS3] [vhost] [cloudfront] [Amazon Cloudfront,Amazon S3,Amazon Web Services] [7ed5c33e717b32aabcf0b9e62db89586]
https://insendio-videos.gotinder.com [403] [GET] [application/xml] [] [AmazonS3] [vhost] [cloudfront] [Amazon Cloudfront,Amazon S3,Amazon Web Services] [0edb1663cc521b021414968c1b0ad534]
https://insendio-videos.gotinder.com [403] [GET] [application/xml] [] [AmazonS3] [vhost] [cloudfront] [Amazon Cloudfront,Amazon S3,Amazon Web Services] [80c4ee978ab1724f522b3fe5ec8d8cca]
https://jira.gotinder.com [301] [GET] [] [] [AmazonS3] [vhost] [cloudfront] [Amazon Cloudfront,Amazon S3,Amazon Web Services] [d41d8cd98f00b204e9800998ecf8427e]
https://keepalive.a.as1.gotinder.com [404] [GET] [] [] [] [d41d8cd98f00b204e9800998ecf8427e]
https://keepalive.as1.gotinder.com [404] [GET] [] [] [] [d41d8cd98f00b204e9800998ecf8427e]
https://keepalive.b.as1.gotinder.com [404] [GET] [] [] [] [d41d8cd98f00b204e9800998ecf8427e]
https://keepalive.c.as1.gotinder.com [404] [GET] [] [] [] [d41d8cd98f00b204e9800998ecf8427e]
https://keepalive.gotinder.com [404] [GET] [] [] [] [vhost] [cloudfront] [Amazon Cloudfront,Amazon Web Services] [d41d8cd98f00b204e9800998ecf8427e]
https://marketing-images.gotinder.com [403] [GET] [application/xml] [] [AmazonS3] [vhost] [cloudfront] [Amazon Cloudfront,Amazon S3,Amazon Web Services] [2cdc8117c5729ffafa443eaa61b26ccc]
https://marketing-images.gotinder.com [403] [GET] [application/xml] [] [AmazonS3] [vhost] [cloudfront] [Amazon Cloudfront,Amazon S3,Amazon Web Services] [a8b29cf4ad66049c62556b20d2b91a55]
https://origin.images.gotinder.com [403] [GET] [application/xml] [] [AmazonS3] [vhost] [Amazon S3,Amazon Web Services] [17d9fbd2d09e66555ef3a75830fcc72d]
https://origin.images.gotinder.com [403] [GET] [application/xml] [] [AmazonS3] [vhost] [Amazon S3,Amazon Web Services] [98f63a878075462f78aa533938d65c80]
https://pagp.gotinder.com [200] [GET] [text/html] [] [] [f91a416be352a03c76b6ce8f948eda4d]
https://polls.a.ue1az.gotinder.com [404] [GET] [] [] [] [d41d8cd98f00b204e9800998ecf8427e]
https://polls.b.ue1az.gotinder.com [404] [GET] [] [] [] [d41d8cd98f00b204e9800998ecf8427e]
https://polls.c.ue1az.gotinder.com [404] [GET] [] [] [] [d41d8cd98f00b204e9800998ecf8427e]
https://polls.d.ue1az.gotinder.com [404] [GET] [] [] [] [d41d8cd98f00b204e9800998ecf8427e]
https://preview.gotinder.com [403] [GET] [application/xml] [] [AmazonS3] [vhost] [cloudfront] [Amazon Cloudfront,Amazon S3,Amazon Web Services] [58ab3279eb0b8ba707a366e5a9b58b9b]
https://preview.gotinder.com [403] [GET] [application/xml] [] [AmazonS3] [vhost] [cloudfront] [Amazon Cloudfront,Amazon S3,Amazon Web Services] [e7289a63356a57a92a9193043b1db69a]
https://rapidfireingestionpxy.svc.a.ue1az.gotinder.com [200] [GET] [] [] [server] [468d66407842d125584da3848d956f87]
https://rapidfireingestionpxy.svc.b.ue1az.gotinder.com [200] [GET] [] [] [server] [468d66407842d125584da3848d956f87]
https://rapidfireingestionpxy.svc.c.ue1az.gotinder.com [200] [GET] [] [] [server] [468d66407842d125584da3848d956f87]
https://rapidfireingestionpxy.svc.d.ue1az.gotinder.com [200] [GET] [] [] [server] [468d66407842d125584da3848d956f87]
https://rapidfireingestionpxy.ue1az.gotinder.com [200] [GET] [] [] [server] [468d66407842d125584da3848d956f87]
https://rapidfirepublish.svc.a.ue1az.gotinder.com [200] [GET] [] [] [envoy] [Envoy] [468d66407842d125584da3848d956f87]
https://rapidfirepublish.svc.b.ue1az.gotinder.com [200] [GET] [] [] [envoy] [Envoy] [468d66407842d125584da3848d956f87]
https://rapidfirepublish.svc.c.ue1az.gotinder.com [200] [GET] [] [] [envoy] [Envoy] [468d66407842d125584da3848d956f87]
https://rapidfirepublish.svc.d.ue1az.gotinder.com [200] [GET] [] [] [envoy] [Envoy] [468d66407842d125584da3848d956f87]
https://rapidfirepublishpxy.svc.a.ue1az.gotinder.com [404] [GET] [text/html] [404 Not Found] [nginx/1.15.6] [Nginx] [7b4f9cf19c630d0cb2c3a8bb93faa27e]
https://rapidfirepublishpxy.svc.b.ue1az.gotinder.com [404] [GET] [text/html] [404 Not Found] [nginx/1.15.6] [Nginx] [7b4f9cf19c630d0cb2c3a8bb93faa27e]
https://rapidfirepublishpxy.svc.c.ue1az.gotinder.com [404] [GET] [text/html] [404 Not Found] [nginx/1.15.6] [Nginx] [2b749b2a107d11ed25bf63f362dcc16b]
https://rapidfirepublishpxy.svc.d.ue1az.gotinder.com [404] [GET] [text/html] [404 Not Found] [nginx/1.15.6] [Nginx] [7b4f9cf19c630d0cb2c3a8bb93faa27e]
https://rapidfirepublishpxy.ue1az.gotinder.com [404] [GET] [text/html] [404 Not Found] [nginx/1.15.6] [Nginx] [7b4f9cf19c630d0cb2c3a8bb93faa27e]
https://select.gotinder.com [404] [GET] [] [] [] [d41d8cd98f00b204e9800998ecf8427e]
https://sp.gotinder.com [404] [GET] [] [] [] [vhost] [cloudfront] [Amazon Cloudfront,Amazon Web Services] [d41d8cd98f00b204e9800998ecf8427e]
https://static-assets.gotinder.com [403] [GET] [application/xml] [] [AmazonS3] [vhost] [cloudfront] [Amazon Cloudfront,Amazon S3,Amazon Web Services] [322e411cfe4e8999326fbf00af1faf4c]
https://static-assets.gotinder.com [403] [GET] [application/xml] [] [AmazonS3] [vhost] [cloudfront] [Amazon Cloudfront,Amazon S3,Amazon Web Services] [540ac5264cbb13ea95a694f22a7975d1]
https://story-assets.gotinder.com [403] [GET] [text/xml] [] [CloudFront] [vhost] [cloudfront] [Amazon Cloudfront,Amazon Web Services] [40a481f43ca93bbbdd18621b439ea397]
https://story-assets.staging1.gotinder.com [403] [GET] [text/xml] [] [CloudFront] [vhost] [cloudfront] [Amazon Cloudfront,Amazon Web Services] [40a481f43ca93bbbdd18621b439ea397]
https://story-assets.staging3.gotinder.com [403] [GET] [application/xml] [] [AmazonS3] [vhost] [cloudfront] [Amazon Cloudfront,Amazon S3,Amazon Web Services] [96cf40d99e464cb5a1ed2c37d6b46122]
https://story-assets.staging3.gotinder.com [403] [GET] [application/xml] [] [AmazonS3] [vhost] [cloudfront] [Amazon Cloudfront,Amazon S3,Amazon Web Services] [e6ae52040af915b774b5bb694422402f]
https://superlikeable.gotinder.com [503] [GET] [] [] [] [d41d8cd98f00b204e9800998ecf8427e]
https://swipedright.gotinder.com [200] [GET] [text/html] [Tinder Stories] [openresty] [vhost] [Nginx,OpenResty,Tumblr] [acc6b24031dc335ce3d9870df0f001d1]
https://tech.gotinder.com [302] [GET] [] [] [CloudFront] [vhost] [cloudfront] [Amazon Cloudfront,Amazon Web Services] [d41d8cd98f00b204e9800998ecf8427e]
https://test081719.gotinder.com [404] [GET] [] [] [] [vhost] [cloudfront] [Amazon Cloudfront,Amazon Web Services] [d41d8cd98f00b204e9800998ecf8427e]
https://testing-utk.staging1.gotinder.com [404] [GET] [text/html] [Error 404 (Not Found)!!1] [] [b81150861bf911f947660cf73bce77f6]
https://tspdemo.gotinder.com [404] [GET] [] [] [] [vhost] [cloudfront] [Amazon Cloudfront,Amazon Web Services] [d41d8cd98f00b204e9800998ecf8427e]
https://utkarsh-global-test.staging-membership.gotinder.com [404] [GET] [text/html] [Error 404 (Not Found)!!1] [] [b81150861bf911f947660cf73bce77f6]
https://web.a.ue1az.gotinder.com [404] [GET] [] [] [] [d41d8cd98f00b204e9800998ecf8427e]
https://web.b.ue1az.gotinder.com [404] [GET] [] [] [] [d41d8cd98f00b204e9800998ecf8427e]
https://web.c.ue1az.gotinder.com [404] [GET] [] [] [] [d41d8cd98f00b204e9800998ecf8427e]
https://web.d.ue1az.gotinder.com [404] [GET] [] [] [] [d41d8cd98f00b204e9800998ecf8427e]
https://webpxy.gotinder.com [404] [GET] [] [] [] [d41d8cd98f00b204e9800998ecf8427e]
https://website-api.gotinder.com [404] [GET] [] [] [] [d41d8cd98f00b204e9800998ecf8427e]
https://www.gotinder.com [301] [GET] [text/plain] [] [] [vhost] [3f1c337a69e52284b4278521b007622c]
