http://calendar.grabtaxi.com [302] [GET] [text/html] [302 Moved] [ghs] [vhost] [668c2d0a09872f5e3bf9fd8658bd0661]
http://docs.grabtaxi.com [302] [GET] [text/html] [302 Moved] [ghs] [vhost] [43946fb65150d4ac153e5d448886bd61]
http://groups.grabtaxi.com [302] [GET] [text/html] [302 Moved] [ghs] [vhost] [34c63f53a3507cf4e481a1998dfd544d]
http://mail.grabtaxi.com [301] [GET] [text/html] [301 Moved] [ghs] [vhost] [6a9090f47179d3a61c760e0e0f683246]
https://aws.grabtaxi.com [301] [GET] [text/html] [301 Moved Permanently] [nginx] [Nginx] [4f8e702cc244ec5d4de32740c0ecbd97]
https://engineering.grabtaxi.com [301] [GET] [text/html] [301 Moved Permanently] [nginx] [Nginx] [4f8e702cc244ec5d4de32740c0ecbd97]
https://enterprise-gfb-portal-api.grabtaxi.com [405] [GET] [] [] [] [d41d8cd98f00b204e9800998ecf8427e]
https://ftp.grabtaxi.com [301] [GET] [text/html] [301 Moved Permanently] [nginx] [Nginx] [4f8e702cc244ec5d4de32740c0ecbd97]
https://gamma.grabtaxi.com [301] [GET] [text/html] [301 Moved Permanently] [nginx] [Nginx] [4f8e702cc244ec5d4de32740c0ecbd97]
https://geo-tools.grabtaxi.com [403] [GET] [text/html] [ERROR: The request could not be satisfied] [CloudFront] [cloudfront] [Amazon Cloudfront,Amazon Web Services] [a7d098d133e18cea76a0b711510b39f3]
https://geo-tools.grabtaxi.com [403] [GET] [text/html] [ERROR: The request could not be satisfied] [CloudFront] [cloudfront] [Amazon Cloudfront,Amazon Web Services] [eb70202d9bdeffb9d1235af2fbb5d6f0]
https://grab-hitch.grabtaxi.com [404] [GET] [text/plain] [] [] [595e88012a6521aae3e12cbebe76eb9e]
https://grabtaxi.com [301] [GET] [text/html] [301 Moved Permanently] [nginx] [Nginx] [4f8e702cc244ec5d4de32740c0ecbd97]
https://hitch.grabtaxi.com [301] [GET] [text/html] [301 Moved Permanently] [nginx] [Nginx] [4f8e702cc244ec5d4de32740c0ecbd97]
https://hub.grabtaxi.com [301] [GET] [text/html] [301 Moved Permanently] [nginx] [Nginx] [4f8e702cc244ec5d4de32740c0ecbd97]
https://manage-public.grabtaxi.com [302] [GET] [text/html] [] [nginx] [Nginx] [a39997e8da69aadb320c41f26c023113]
https://manage.grabtaxi.com [302] [GET] [text/html] [] [nginx] [Nginx] [a39997e8da69aadb320c41f26c023113]
https://mcd-gateway.grabtaxi.com [404] [GET] [text/plain] [] [fasthttp] [9d1ead73e678fa2f51a70a933b0bf017]
https://p.grabtaxi.com [404] [GET] [application/json] [] [] [762e283ff294b4c26acfc31a03791c27]
https://share.grabtaxi.com [301] [GET] [text/html] [301 Moved Permanently] [nginx] [Nginx] [4f8e702cc244ec5d4de32740c0ecbd97]
https://static.grabtaxi.com [200] [GET] [text/html] [Grab] [AmazonS3] [vhost] [cloudfront] [Amazon Cloudfront,Amazon S3,Amazon Web Services] [ce065ecf43fa3c3708f3d3823c548131]
https://support.grabtaxi.com [301] [GET] [text/html] [301 Moved Permanently] [nginx] [Nginx] [4f8e702cc244ec5d4de32740c0ecbd97]
https://upload.grabtaxi.com [404] [GET] [application/json] [] [] [762e283ff294b4c26acfc31a03791c27]
https://wiki.grabtaxi.com [301] [GET] [text/html] [301 Moved Permanently] [nginx] [Nginx] [4f8e702cc244ec5d4de32740c0ecbd97]
https://www.grabtaxi.com [301] [GET] [text/html] [301 Moved Permanently] [nginx] [Nginx] [4f8e702cc244ec5d4de32740c0ecbd97]
