https://admin.proofit.grammarly.io [200] [GET] [text/html] [Balto / Adminka 2.0] [AmazonS3] [vhost] [cloudfront] [Amazon Cloudfront,Amazon S3,Amazon Web Services,Google Font API] [4d57c73fcc389b91d48524158a5a08c8]
https://eng-challenge.grammarly.io [403] [GET] [application/json] [] [] [vhost] [cloudfront] [Amazon Cloudfront,Amazon Web Services] [905b1fbb26e082557ff0b3b3553cda6c]
https://f-log-at.grammarly.io [404] [GET] [text/plain] [] [] [595e88012a6521aae3e12cbebe76eb9e]
https://f-log-balto.grammarly.io [404] [GET] [text/plain] [] [] [595e88012a6521aae3e12cbebe76eb9e]
https://f-log-csp.grammarly.io [404] [GET] [text/plain] [] [] [595e88012a6521aae3e12cbebe76eb9e]
https://f-log-editor-debug.grammarly.io [404] [GET] [text/plain] [] [] [595e88012a6521aae3e12cbebe76eb9e]
https://f-log-editor.grammarly.io [404] [GET] [text/plain] [] [] [595e88012a6521aae3e12cbebe76eb9e]
https://f-log-extension.grammarly.io [404] [GET] [text/plain] [] [] [595e88012a6521aae3e12cbebe76eb9e]
https://f-log-features-ci.grammarly.io [404] [GET] [text/plain] [] [] [595e88012a6521aae3e12cbebe76eb9e]
https://f-log-js-plugin.grammarly.io [404] [GET] [text/plain] [] [] [595e88012a6521aae3e12cbebe76eb9e]
https://f-log-mac-extension.grammarly.io [404] [GET] [text/plain] [] [] [595e88012a6521aae3e12cbebe76eb9e]
https://f-log-mobile-ios.grammarly.io [404] [GET] [text/plain] [] [] [595e88012a6521aae3e12cbebe76eb9e]
https://f-log-mobile.grammarly.io [404] [GET] [text/plain] [] [] [595e88012a6521aae3e12cbebe76eb9e]
https://f-log-officeaddin.grammarly.io [404] [GET] [text/plain] [] [] [595e88012a6521aae3e12cbebe76eb9e]
https://f-log-officeaddinjs.grammarly.io [404] [GET] [text/plain] [] [] [595e88012a6521aae3e12cbebe76eb9e]
https://f-log-pl.grammarly.io [404] [GET] [text/plain] [] [] [595e88012a6521aae3e12cbebe76eb9e]
https://f-log-support.grammarly.io [404] [GET] [text/plain] [] [] [595e88012a6521aae3e12cbebe76eb9e]
https://f-log-test.grammarly.io [404] [GET] [text/plain] [] [] [595e88012a6521aae3e12cbebe76eb9e]
https://f-log-win-extension.grammarly.io [404] [GET] [text/plain] [] [] [595e88012a6521aae3e12cbebe76eb9e]
https://f-log-wrex.grammarly.io [404] [GET] [text/plain] [] [] [595e88012a6521aae3e12cbebe76eb9e]
https://f-log.grammarly.io [404] [GET] [text/plain] [] [] [595e88012a6521aae3e12cbebe76eb9e]
https://femetrics.grammarly.io [404] [GET] [text/plain] [] [] [595e88012a6521aae3e12cbebe76eb9e]
https://gnar-rest-public.grammarly.io [403] [GET] [text/plain] [] [awselb/2.0] [722969577a96ca3953e84e3d949dee81]
https://prism.grammarly.io [302] [GET] [text/html] [302 Found] [awselb/2.0] [vhost] [f366e0e18b589cb6f243bf43ce75e83c]
https://proofit.grammarly.io [301] [GET] [text/html] [301 Moved Permanently] [awselb/2.0] [4aa7a432bb447f094408f1bd6229c605]
https://public-static.it.grammarly.io [403] [GET] [application/xml] [] [AmazonS3] [vhost] [cloudfront] [Amazon Cloudfront,Amazon S3,Amazon Web Services] [273b775b2978e07d6175e59cb2155dc0]
https://public-static.it.grammarly.io [403] [GET] [application/xml] [] [AmazonS3] [vhost] [cloudfront] [Amazon Cloudfront,Amazon S3,Amazon Web Services] [87096cbafe2bdeb84ecf347b4041d276]
https://ui.proofit.grammarly.io [200] [GET] [text/html] [Proofit UI] [AmazonS3] [vhost] [cloudfront] [Amazon Cloudfront,Amazon S3,Amazon Web Services] [017ccf32060c8fad0bb6f523e58e67e6]
