https://allvue.api.gsam.com [403] [GET] [text/html] [Access Denied] [AkamaiGHost] [vhost] [391f7c9a4f07af915b94c8171cd9973a]
https://allvue.api.gsam.com [403] [GET] [text/html] [Access Denied] [AkamaiGHost] [vhost] [fc414a1a4be8f492d895888a38795054]
https://docreview.gsam.com [302] [GET] [text/html] [302 Found] [Apache] [vhost] [Apache] [7bc5cc7c315c1fb05c77ebaee116ab2a]
https://docreview.uat.gsam.com [302] [GET] [text/html] [302 Found] [Apache] [vhost] [Apache] [654de61a9f3236999324f8b97643a657]
https://drm-qa.gsam.com [401] [GET] [] [] [Apache] [vhost] [Apache,Basic] [d41d8cd98f00b204e9800998ecf8427e]
https://drm.gsam.com [401] [GET] [] [] [Apache] [vhost] [Apache,Basic] [d41d8cd98f00b204e9800998ecf8427e]
https://gsam.com [301] [GET] [text/html] [301 Moved Permanently] [Apache] [vhost] [Apache] [7c0e97c224d86eff4e2e062a2f6d478d]
https://internal-qa.gsam.com [200] [GET] [text/html] [Redirection] [Apache] [vhost] [Apache] [8572c09af82331f735b78bce8a62d04a]
https://login-qa.gsam.com [403] [GET] [text/html] [Error] [Apache] [Apache] [db3b9894ec4a94929fc3d632d57b89e8]
https://login.gsam.com [403] [GET] [text/html] [Error] [Apache] [Apache] [d2e2abaf58303d2d7c9db110efa6acac]
https://marketing.gsam.com [200] [GET] [text/html] [IIS Windows Server] [Apache] [vhost] [Apache] [dea139153d780fdc018caefdbd600c1c]
https://qa.allvue.api.gsam.com [403] [GET] [text/html] [Access Denied] [AkamaiGHost] [vhost] [13afb2b0382463de605ce72b900de2e4]
https://qa.allvue.api.gsam.com [403] [GET] [text/html] [Access Denied] [AkamaiGHost] [vhost] [d82320b8f5d1dd05a6031484e8ea5f7e]
https://qa.gsam.com [302] [GET] [text/html] [302 Found] [Apache] [vhost] [Apache] [c2bdfa7656327c07ae536c7a41d5d0e5]
https://qa.marketing.gsam.com [200] [GET] [text/html] [IIS Windows Server] [Apache] [vhost] [Apache] [242c23ea412530c7d94b77a7a978c176]
https://qa.tracking.gsam.com [200] [GET] [text/html] [IIS Windows Server] [Apache] [vhost] [Apache] [242c23ea412530c7d94b77a7a978c176]
https://qawebid.gsam.com [200] [GET] [text/html] [qawebid2.gs.com] [Apache] [Apache] [142774129bd8a02cb1475574989b368e]
https://subdocreview.uat.gsam.com [302] [GET] [text/html] [302 Found] [Apache] [vhost] [Apache] [76b22e335a35836137c2484fc341e5d7]
https://tracking.gsam.com [200] [GET] [text/html] [IIS Windows Server] [Apache] [vhost] [Apache] [dea139153d780fdc018caefdbd600c1c]
https://video.gsam.com [404] [GET] [] [] [AkamaiNetStorage] [vhost] [7605968e79d0ca095ab1231486d2b814]
https://video.qa.gsam.com [404] [GET] [] [] [AkamaiNetStorage] [vhost] [7605968e79d0ca095ab1231486d2b814]
https://webid.gsam.com [200] [GET] [text/html] [webid2.gs.com] [Apache] [Apache] [de5a4d5513e4a6816dcc076d8e7a9d96]
https://webid2.gsam.com [200] [GET] [text/html] [webid2.gs.com] [Apache] [Apache] [de5a4d5513e4a6816dcc076d8e7a9d96]
https://www.allvue.gsam.com [403] [GET] [text/html] [Access Denied] [AkamaiGHost] [vhost] [94a785ad7465891ac154fa1c866962b3]
https://www.allvue.gsam.com [403] [GET] [text/html] [Access Denied] [AkamaiGHost] [vhost] [9ccb47579270a5de70c1ce353ebec32c]
https://www.docreview.gsam.com [302] [GET] [text/html] [302 Found] [Apache] [vhost] [Apache] [b08f5638dc1c38428000c99397775456]
https://www.gsam.com [302] [GET] [text/html] [302 Found] [Apache] [vhost] [Apache] [1d30001920fc9ef0c71e0f9947ea2cb5]
https://www.qa.allvue.gsam.com [403] [GET] [text/html] [Access Denied] [AkamaiGHost] [vhost] [29c2d0bbada72c88365142a572d11b23]
https://www.qa.allvue.gsam.com [403] [GET] [text/html] [Access Denied] [AkamaiGHost] [vhost] [6de80a2475ca9f87bfef93fadeb3c0d5]
https://wwwqa.gsam.com [401] [GET] [text/html] [401 Unauthorized] [Apache] [Apache,Basic] [4d83be6e33fa1b6ee46476a1595c1277]
