http://gsselect.com [301] [GET] [text/html] [] [] [vhost] [81051bcc2cf1bedf378224b0a93e2877]
https://ampf.apply.gsselect.com [301] [GET] [text/html] [301 Moved Permanently] [Apache] [vhost] [Apache] [ebd1f1d5de96f1be03383b623a80ed04]
https://ampf.apply.pp.gsselect.com [301] [GET] [text/html] [301 Moved Permanently] [Apache] [vhost] [Apache] [2b2df7a0f2a167c4bc295d21de174b37]
https://ampf.apply.sit.gsselect.com [200] [GET] [text/html] [Browser Not Supported] [Apache] [vhost] [Apache] [bb1b89c01039bec44935c94217ada94d]
https://ampf.apply.sit.gsselect.com [301] [GET] [text/html] [301 Moved Permanently] [Apache] [vhost] [Apache] [d76c7cc4eb02d1bab9fb148743c41bfa]
https://ampf.gsselect.com [301] [GET] [text/html] [301 Moved Permanently] [Apache] [vhost] [Apache] [98607352d3ab30adcf7e5a9e519621a4]
https://ampf.pp.gsselect.com [301] [GET] [text/html] [301 Moved Permanently] [Apache] [vhost] [Apache] [05d086600f8a5d7be049e62e2897e42a]
https://ampf.sit.gsselect.com [301] [GET] [text/html] [301 Moved Permanently] [Apache] [vhost] [Apache] [c727bddd9a47d45efab53a82ec754e4b]
https://apply.gsselect.com [301] [GET] [text/html] [301 Moved Permanently] [Apache] [vhost] [Apache] [5958f3b364e090c4d3b5d6c55a549b4b]
https://apply.pp.gsselect.com [301] [GET] [text/html] [301 Moved Permanently] [Apache] [vhost] [Apache] [73ce103814cd9a263d0efd989e706bf9]
https://apply.sit.gsselect.com [301] [GET] [text/html] [301 Moved Permanently] [Apache] [vhost] [Apache] [685135a0f25267964a2da48b18ffad76]
https://login.mfa.gsselect.com [401] [GET] [text/html] [GS - Error] [GS] [vhost] [301b3f9b803ef279c9dc3cc9c0b258e7]
https://login.qa.mfa.gsselect.com [401] [GET] [text/html] [GS - Error] [GS] [vhost] [979425169ce1a49b049ae0ba30580f8b]
https://pp.gsselect.com [301] [GET] [text/html] [301 Moved Permanently] [Apache] [vhost] [Apache] [a77d1d2a53119168d1f4582c30f6d039]
https://qa-welcome.gsselect.com [302] [GET] [text/html] [302 Found] [Apache] [vhost] [Apache] [a98fc201ad70cea0d983b4c3bc76de70]
https://sit.gsselect.com [301] [GET] [text/html] [301 Moved Permanently] [Apache] [vhost] [Apache] [5a968a16c07f05e46c724851ae93dc43]
https://uat.gsselect.com [301] [GET] [text/html] [301 Moved Permanently] [Apache] [vhost] [Apache] [3161ce62307617a2c292c98618fe47ed]
https://v.gsselect.com [400] [GET] [text/html] [] [Apache] [Apache] [825644f747baab2c00e420dbbc39e4b3]
https://welcome.gsselect.com [302] [GET] [text/html] [302 Found] [Apache] [vhost] [Apache] [e6f80f4566d96d4f989775e94bdabd26]
https://www.gsselect.com [301] [GET] [text/html] [301 Moved Permanently] [Apache] [vhost] [Apache] [1fa14e8d1aab59bc2ccb5c8007546248]
https://www.qa-welcome.gsselect.com [403] [GET] [text/html] [Access Denied] [AkamaiGHost] [vhost] [5b87f079ffb04c78bf091b0877b67723]
https://www.qa-welcome.gsselect.com [403] [GET] [text/html] [Access Denied] [AkamaiGHost] [vhost] [dd5be9a0cbbd6db821d17261f75a2436]
https://www.stage.gsselect.com [403] [GET] [text/html] [Access Denied] [AkamaiGHost] [vhost] [00f1205ca72b2d9081caf4cdc2ce1c02]
https://www.stage.gsselect.com [403] [GET] [text/html] [Access Denied] [AkamaiGHost] [vhost] [255b3d0257f213e7a8e0ec9a80de4c5e]
https://www.welcome.gsselect.com [302] [GET] [text/html] [302 Found] [Apache] [vhost] [Apache] [6ba981e8ef3498db89ca6ebddba91694]
