https://activate.hitmanpro.com [403] [GET] [text/html] [] [Microsoft-IIS/10.0] [vhost] [azure] [IIS,Microsoft ASP.NET,Windows Server] [97a729425160429efb6b9ec91f1c7a96]
https://alert.hitmanpro.com [200] [GET] [text/html] [Microsoft Azure Website - Welcome] [Microsoft-IIS/10.0] [vhost] [azure] [IIS,Microsoft ASP.NET,Windows Server] [a3d4a9a55233753380b9347e1876eb2c]
https://cloud.hitmanpro.com [403] [GET] [text/html] [403 - Forbidden: Access is denied.] [Microsoft-IIS/8.0] [IIS,Windows Server] [11ca4578cb026a23713aea6781b8ece3]
https://dev.cms.hitmanpro.com [404] [GET] [text/html] [404 Not Found] [nginx] [vhost] [Nginx] [3bdfbf78eee0afdad76dadda265785b5]
https://dev.cms.hitmanpro.com [404] [GET] [text/html] [404 Not Found] [nginx] [vhost] [Nginx] [5779398d1298383ac69619508a24c92b]
https://ftp.hitmanpro.com [503] [GET] [text/html] [503 Service Temporarily Unavailable] [awselb/2.0] [613f79233487af685baf4b32a2397ede]
https://get.hitmanpro.com [302] [GET] [text/html] [Object moved] [Microsoft-IIS/8.5] [vhost] [IIS,Microsoft ASP.NET,Windows Server] [b1ec246844c09a8defd26cf3daf4b9a6]
https://hash.hitmanpro.com [404] [GET] [text/html] [] [Microsoft-IIS/10.0] [vhost] [azure] [IIS,Microsoft ASP.NET,Windows Server] [96c5637e1eb8f8f8c34172f2d23eafc6]
https://hitmanpro.com [301] [GET] [text/html] [301 Moved Permanently] [awselb/2.0] [vhost] [4aa7a432bb447f094408f1bd6229c605]
https://prod.cms.hitmanpro.com [404] [GET] [text/html] [404 Not Found] [nginx] [vhost] [Nginx] [7eb25f2750d9a88f45315c48e0d343c4]
https://prod.cms.hitmanpro.com [404] [GET] [text/html] [404 Not Found] [nginx] [vhost] [Nginx] [f7f8a1d6d7f2f1da22805c9dde2dc8a8]
https://remnants.hitmanpro.com [200] [GET] [text/html] [] [Microsoft-IIS/10.0] [vhost] [azure] [IIS,Microsoft ASP.NET,Windows Server] [7590c74cf980f5f147cb0ccb594fa49b]
https://resellers.hitmanpro.com [503] [GET] [text/html] [503 Service Temporarily Unavailable] [awselb/2.0] [613f79233487af685baf4b32a2397ede]
https://resellers.hitmanpro.com [503] [GET] [text/html] [503 Service Temporarily Unavailable] [awselb/2.0] [81df4d3863debf3eceb5cf84251fd472]
https://scan.hitmanpro.com [200] [GET] [text/html] [Strider 5.0 File Classifier] [Microsoft-IIS/10.0] [vhost] [azure] [Bootstrap,Handlebars,IIS,Microsoft ASP.NET,Windows Server] [1b1e32e27c9f5351abab6cef97bb0ee3]
https://stage.cms.hitmanpro.com [403] [GET] [text/html] [Access Denied] [AkamaiGHost] [vhost] [4ede4b542f081b530f71ef52c230e82a]
https://stage.cms.hitmanpro.com [403] [GET] [text/html] [Access Denied] [AkamaiGHost] [vhost] [b657a4348502c02d14b5d7f0ba6a3620]
https://test.hitmanpro.com [404] [GET] [text/html] [Not Found] [Microsoft-HTTPAPI/2.0] [Microsoft HTTPAPI] [67932d4b695e1d6b19dfc2e3610761ff]
https://tracking.hitmanpro.com [200] [GET] [text/html] [whatcounts.com] [Apache-Coyote/1.1] [Apache Tomcat,Java] [6874bd95232e8d2f0bf8affb5be06e60]
https://updates.hitmanpro.com [403] [GET] [text/html] [403 - Forbidden: Access is denied.] [Microsoft-IIS/8.5] [vhost] [IIS,Microsoft ASP.NET,Windows Server] [11ca4578cb026a23713aea6781b8ece3]
https://www.hitmanpro.com [301] [GET] [text/html] [Redirecting to https://www.hitmanpro.com/en-us] [] [vhost] [Acquia Cloud Platform,Apache,Drupal,PHP,Percona] [20a84739a14551237a180806084183f3]
https://www.hitmanpro.com [301] [GET] [text/html] [Redirecting to https://www.hitmanpro.com/en-us] [] [vhost] [Acquia Cloud Platform,Apache,Drupal,PHP,Percona] [c09a80183ee1d0fc46dc3d0df122dce3]
