http://help.honestdollar.com:8443 [400] [GET] [text/html] [400 The plain HTTP request was sent to HTTPS port] [cloudflare] [cloudflare] [cd58783500d7fa3c58f88eb0ba22f4f8]
http://uat.help.honestdollar.com:8443 [400] [GET] [text/html] [400 The plain HTTP request was sent to HTTPS port] [cloudflare] [cloudflare] [cd58783500d7fa3c58f88eb0ba22f4f8]
https://admin.honestdollar.com [301] [GET] [] [] [AkamaiGHost] [vhost] [d41d8cd98f00b204e9800998ecf8427e]
https://admin.uat.honestdollar.com [503] [GET] [text/html] [Service Unavailable] [AkamaiGHost] [vhost] [8031eb9590dc036930214f952933b793]
https://admin.uat.honestdollar.com [503] [GET] [text/html] [Service Unavailable] [AkamaiGHost] [vhost] [8967deb6ff78c7a36df8b75572f075e7]
https://api-uat.honestdollar.com [503] [GET] [text/html] [Service Unavailable] [AkamaiGHost] [vhost] [ad55352a19d29c7f692c37a631b1fe0c]
https://api-uat.honestdollar.com [503] [GET] [text/html] [Service Unavailable] [AkamaiGHost] [vhost] [e3eaed4c7c00f0a883ef4c63328f1c47]
https://api.honestdollar.com [301] [GET] [] [] [AkamaiGHost] [vhost] [d41d8cd98f00b204e9800998ecf8427e]
https://api.uat.honestdollar.com [503] [GET] [text/html] [Service Unavailable] [AkamaiGHost] [vhost] [70d3d9085dea641f7fb264d955f13fff]
https://api.uat.honestdollar.com [503] [GET] [text/html] [Service Unavailable] [AkamaiGHost] [vhost] [a7aa7664c384cf67b7d2d19817df5862]
https://b2b.honestdollar.com [403] [GET] [text/html] [Access Denied] [AkamaiGHost] [vhost] [08a14dfb8e5e76e6e2a1c3ae66f83a25]
https://b2b.honestdollar.com [403] [GET] [text/html] [Access Denied] [AkamaiGHost] [vhost] [abe3c1c477364f5c5e7e68c438913e2f]
https://b2b.uat.honestdollar.com [200] [GET] [text/html] [] [Apache] [vhost] [Apache] [4679ddf094de945ae99a7789076ba9d3]
https://beta.honestdollar.com [403] [GET] [text/html] [Access Denied] [AkamaiGHost] [vhost] [e4012a6ad9510f6a71bd26c80e0a16a0]
https://beta.honestdollar.com [403] [GET] [text/html] [Access Denied] [AkamaiGHost] [vhost] [f86d184af5f9b802ae519dd5f405cd8e]
https://beta.uat.honestdollar.com [403] [GET] [text/html] [Access Denied] [AkamaiGHost] [vhost] [eac6aff3e6cac8a253b2aaf4d9a45000]
https://beta.uat.honestdollar.com [403] [GET] [text/html] [Access Denied] [AkamaiGHost] [vhost] [f7f9aabc6115c2c29fbf39d67b4f884e]
https://help.honestdollar.com [301] [GET] [text/html] [] [cloudflare] [vhost] [cloudflare] [Cloudflare,Cloudflare Network Error Logging,Zendesk] [bc065e6d6ad152e63444720f32fc65f2]
https://honestdollar.com [302] [GET] [text/html] [302 Found] [Apache] [vhost] [Apache] [9d0c77ffb9d951f49203dd4fc84db68a]
https://login-qa.honestdollar.com [403] [GET] [text/html] [Error] [Apache] [Apache] [587fa749210d38870bae68ffb41763bd]
https://login.honestdollar.com [403] [GET] [text/html] [Error] [Apache] [Apache] [d2e2abaf58303d2d7c9db110efa6acac]
https://my.honestdollar.com [301] [GET] [] [] [AkamaiGHost] [vhost] [d41d8cd98f00b204e9800998ecf8427e]
https://my.uat.honestdollar.com [503] [GET] [text/html] [Service Unavailable] [AkamaiGHost] [vhost] [64220f7903bd204688b8fad1a36029be]
https://my.uat.honestdollar.com [503] [GET] [text/html] [Service Unavailable] [AkamaiGHost] [vhost] [d74246373a808f638aca2621e2e25ee6]
https://origin.honestdollar.com [302] [GET] [text/html] [302 Found] [Apache] [vhost] [Apache] [9d0c77ffb9d951f49203dd4fc84db68a]
https://origin.uat.honestdollar.com [302] [GET] [text/html] [302 Found] [Apache] [Apache] [b6cad39f4095a1d72cceb60d54ca1c11]
https://pilot.honestdollar.com [403] [GET] [text/html] [Access Denied] [AkamaiGHost] [vhost] [475cafbe262523733a4900a749220e8b]
https://pilot.honestdollar.com [403] [GET] [text/html] [Access Denied] [AkamaiGHost] [vhost] [e250074bc983a2877b06373a41f5c3a4]
https://pilot.uat.honestdollar.com [302] [GET] [text/html] [302 Found] [Apache] [vhost] [Apache] [b1f9078d327135de7c7ee31e38604943]
https://services.honestdollar.com [403] [GET] [text/html] [Access Denied] [AkamaiGHost] [vhost] [6ef4474b14b8218d814299056fde820a]
https://services.honestdollar.com [403] [GET] [text/html] [Access Denied] [AkamaiGHost] [vhost] [d27271608f95426f7e59083d9696464c]
https://services.uat.honestdollar.com [302] [GET] [text/html] [302 Found] [Apache] [vhost] [Apache] [52384b95446443b626500f2d8f083a73]
https://site.honestdollar.com [403] [GET] [text/html] [Access Denied] [AkamaiGHost] [vhost] [0e63b9777930a7ac7d67c7a83ecc1d3c]
https://site.honestdollar.com [403] [GET] [text/html] [Access Denied] [AkamaiGHost] [vhost] [952fcfeb0f204950ebb16de680148f82]
https://site.uat.honestdollar.com [302] [GET] [text/html] [302 Found] [Apache] [vhost] [Apache] [52384b95446443b626500f2d8f083a73]
https://uat.help.honestdollar.com [301] [GET] [text/html] [] [cloudflare] [vhost] [cloudflare] [Cloudflare,Cloudflare Network Error Logging,Zendesk] [f10f0598369e3f13bd110d7e793c2ac2]
https://uat.honestdollar.com [503] [GET] [text/html] [Service Unavailable] [AkamaiGHost] [vhost] [c0b8dc5f9cf7fba15ebc9ce3bfd8c8fd]
https://uat.honestdollar.com [503] [GET] [text/html] [Service Unavailable] [AkamaiGHost] [vhost] [c7d05525b7f27094c4be28bd6eb881f4]
https://v.honestdollar.com [400] [GET] [text/html] [] [Apache] [Apache] [825644f747baab2c00e420dbbc39e4b3]
https://welcome.honestdollar.com [301] [GET] [] [] [AkamaiGHost] [vhost] [d41d8cd98f00b204e9800998ecf8427e]
https://welcome.uat.honestdollar.com [503] [GET] [text/html] [Service Unavailable] [AkamaiGHost] [vhost] [4a4afacae9fa0533ce6153cade3faa60]
https://welcome.uat.honestdollar.com [503] [GET] [text/html] [Service Unavailable] [AkamaiGHost] [vhost] [8892b35556804aac8ca0f300edd7362d]
https://www.honestdollar.com [200] [GET] [text/html] [Honest Dollar] [Apache] [vhost] [Akamai,Apache] [015c9d8efc9325bb7a1d67bde01a798c]
https://www.uat.honestdollar.com [503] [GET] [text/html] [Service Unavailable] [AkamaiGHost] [vhost] [0effbd65ab299e29b2ffd0eb418074b3]
https://www.uat.honestdollar.com [503] [GET] [text/html] [Service Unavailable] [AkamaiGHost] [vhost] [8b2dcb787a19f36d2305fc8bb02d2b59]
