http://cmp.huffingtonpost.fr:8080 [404] [GET] [text/html] [404 Not Found] [] [2e9281cb1598565605593d28a5efa3bb]
https://chaski.huffingtonpost.fr [200] [GET] [text/html] [] [nginx/1.19.6] [Express,Nginx,Node.js] [bd86e8d68b21c0ae0e4844872bf6d67e]
https://cmp.huffingtonpost.fr [404] [GET] [] [] [fasthttp] [Google Cloud,Google Cloud CDN] [d41d8cd98f00b204e9800998ecf8427e]
https://horizon.huffingtonpost.fr [404] [GET] [text/html] [] [Sailthru] [d41d8cd98f00b204e9800998ecf8427e]
https://huffingtonpost.fr [301] [GET] [] [] [lighttpd/1.4.55] [vhost] [cloudfront] [Amazon Cloudfront,Amazon Web Services,lighttpd] [d41d8cd98f00b204e9800998ecf8427e]
https://lavieestbelge-en-wallonie.huffingtonpost.fr [200] [GET] [text/html] [Wallonie : la vie est belge] [UploadServer] [vhost] [fastly] [Google Cloud,Google Cloud Storage,Google Font API] [ccf849286b2ce89c44cd038a1634c71a]
https://link.huffingtonpost.fr [302] [GET] [text/html] [] [Sailthru] [d41d8cd98f00b204e9800998ecf8427e]
https://m.huffingtonpost.fr [301] [GET] [text/plain] [] [nginx] [vhost] [fastly] [Nginx] [e1b5b3beb7dd6a0be9ab4a2f6be3bf65]
https://projects.huffingtonpost.fr [301] [GET] [] [] [lighttpd/1.4.55] [vhost] [cloudfront] [Amazon Cloudfront,Amazon Web Services,lighttpd] [d41d8cd98f00b204e9800998ecf8427e]
https://qa.m.huffingtonpost.fr [301] [GET] [text/plain] [] [] [vhost] [fastly] [9109f8e389d7d7c9e0346ee71b68dab5]
https://qa.search.huffingtonpost.fr [301] [GET] [] [] [lighttpd/1.4.55] [vhost] [cloudfront] [Amazon Cloudfront,Amazon Web Services,lighttpd] [d41d8cd98f00b204e9800998ecf8427e]
https://qa.www.huffingtonpost.fr [200] [GET] [text/html] [Le HuffPost : l'info en accès libre, en article et en vidéo] [] [vhost] [fastly] [Google Font API,comScore] [48ab33ac15382dbc8200533a1d161a38]
https://qa.www.huffingtonpost.fr [200] [GET] [text/html] [Le HuffPost : l'info en accès libre, en article et en vidéo] [] [vhost] [fastly] [Google Font API,comScore] [63bf38500d8654b192dccaa6376d5f3d]
https://search.huffingtonpost.fr [301] [GET] [] [] [lighttpd/1.4.55] [vhost] [cloudfront] [Amazon Cloudfront,Amazon Web Services,lighttpd] [d41d8cd98f00b204e9800998ecf8427e]
https://staging.m.huffingtonpost.fr [301] [GET] [text/plain] [] [nginx] [vhost] [fastly] [Nginx] [4ed88300feb2b35dd10359162c0a4f92]
https://staging.search.huffingtonpost.fr [301] [GET] [] [] [lighttpd/1.4.55] [vhost] [cloudfront] [Amazon Cloudfront,Amazon Web Services,lighttpd] [d41d8cd98f00b204e9800998ecf8427e]
https://staging.www.huffingtonpost.fr [200] [GET] [text/html] [Le HuffPost : l'info en accès libre, en article et en vidéo] [nginx] [vhost] [fastly] [Google Font API,Nginx,comScore] [f5e4a96f9cd7ea044d1e77c6e3ae0526]
https://videos.huffingtonpost.fr [301] [GET] [] [] [lighttpd/1.4.55] [vhost] [cloudfront] [Amazon Cloudfront,Amazon Web Services,lighttpd] [d41d8cd98f00b204e9800998ecf8427e]
https://www.huffingtonpost.fr [200] [GET] [text/html] [Le HuffPost : l'info en accès libre, en article et en vidéo] [nginx] [vhost] [fastly] [Google Font API,Nginx,comScore] [1bffd8bc2cfeda2641ec64290a2daa6a]
https://www.huffingtonpost.fr [200] [GET] [text/html] [Le HuffPost : l'info en accès libre, en article et en vidéo] [nginx] [vhost] [fastly] [Google Font API,Nginx,comScore] [bc0bb455de34ebf8b139d2b1418e0137]
