https://chaski.huffingtonpost.it [200] [GET] [text/html] [] [nginx/1.19.6] [Express,Nginx,Node.js] [bd86e8d68b21c0ae0e4844872bf6d67e]
https://eulogin.huffingtonpost.it [200] [GET] [text/html] [] [] [vhost] [cloudfront] [Amazon Cloudfront,Amazon Web Services,IIS,Microsoft ASP.NET] [d41d8cd98f00b204e9800998ecf8427e]
https://eulogin.shop.huffingtonpost.it [200] [GET] [text/html] [] [] [vhost] [cloudfront] [Amazon Cloudfront,Amazon Web Services,IIS,Microsoft ASP.NET] [d41d8cd98f00b204e9800998ecf8427e]
https://horizon.huffingtonpost.it [404] [GET] [text/html] [] [Sailthru] [d41d8cd98f00b204e9800998ecf8427e]
https://huffingtonpost.it [302] [GET] [] [] [Varnish] [vhost] [d41d8cd98f00b204e9800998ecf8427e]
https://link.huffingtonpost.it [302] [GET] [text/html] [] [Sailthru] [d41d8cd98f00b204e9800998ecf8427e]
https://m.huffingtonpost.it [301] [GET] [] [] [Varnish] [vhost] [cloudfront] [Amazon Cloudfront,Amazon Web Services] [d41d8cd98f00b204e9800998ecf8427e]
https://origin-video.huffingtonpost.it [200] [GET] [text/html] [] [] [d41d8cd98f00b204e9800998ecf8427e]
https://qa.m.huffingtonpost.it [503] [GET] [text/html] [503 Backend unavailable, connection timeout] [Varnish] [vhost] [fastly] [93183315f4f963cad122b3dbe8e904bd]
https://qa.m.huffingtonpost.it [503] [GET] [text/html] [503 Backend unavailable, connection timeout] [Varnish] [vhost] [fastly] [a6adc26384d1b482d2f76ea0afc3aac8]
https://qa.www.huffingtonpost.it [503] [GET] [text/html] [503 Backend unavailable, connection timeout] [Varnish] [vhost] [fastly] [72058b7c1388d5d29b6758521d31ef11]
https://qa.www.huffingtonpost.it [503] [GET] [text/html] [503 Backend unavailable, connection timeout] [Varnish] [vhost] [fastly] [e34d971eaa757b59b2c59203dedf9c48]
https://servizi.huffingtonpost.it [200] [GET] [text/html] [] [] [vhost] [cloudfront] [Amazon Cloudfront,Amazon Web Services] [c714006c8a7ef53a234dc3ddcedccee5]
https://shop.huffingtonpost.it [404] [GET] [] [] [CloudFront] [vhost] [cloudfront] [Amazon Cloudfront,Amazon Web Services] [d41d8cd98f00b204e9800998ecf8427e]
https://speciali.huffingtonpost.it [403] [GET] [text/html] [] [] [e96ddceb1c305b9ad21eaae42522c26f]
https://test-servizi.huffingtonpost.it [200] [GET] [text/html] [] [] [vhost] [cloudfront] [Amazon Cloudfront,Amazon Web Services] [c714006c8a7ef53a234dc3ddcedccee5]
https://test-shop.huffingtonpost.it [404] [GET] [] [] [CloudFront] [vhost] [cloudfront] [Amazon Cloudfront,Amazon Web Services] [d41d8cd98f00b204e9800998ecf8427e]
https://test.huffingtonpost.it [403] [GET] [text/html] [ERROR: The request could not be satisfied] [CloudFront] [cloudfront] [Amazon Cloudfront,Amazon Web Services] [4161963b5d30943ed788549d78236cf0]
https://test.huffingtonpost.it [403] [GET] [text/html] [ERROR: The request could not be satisfied] [CloudFront] [cloudfront] [Amazon Cloudfront,Amazon Web Services] [78a1dc4e8153d76a1d1d3151b31b8afd]
https://video.huffingtonpost.it [301] [GET] [text/html] [] [] [vhost] [cloudfront] [Amazon Cloudfront,Amazon Web Services] [d41d8cd98f00b204e9800998ecf8427e]
https://www.huffingtonpost.it [200] [GET] [text/html] [HuffPost Italia: Notizie, ultim'ora e commenti su L'HuffPost] [] [vhost] [cloudfront] [Amazon Cloudfront,Amazon Web Services] [a35730ea6b3835bac747837b842edea6]
https://zephr-origin.test.huffingtonpost.it [301] [GET] [] [] [Varnish] [vhost] [cloudfront] [Amazon Cloudfront,Amazon Web Services] [d41d8cd98f00b204e9800998ecf8427e]
