https://athena.huffpost.net [302] [GET] [text/html] [] [nginx] [vhost] [Nginx] [8535500e650accf1cf39f0f6de479714]
https://athena.huffpost.net [302] [GET] [text/html] [] [nginx] [vhost] [Nginx] [e9792ee8bb12af28f7fa9fe52cb097b8]
https://edit.widget.tools.huffpost.net [301] [GET] [text/html] [301 Moved Permanently] [nginx] [vhost] [Nginx] [4f8e702cc244ec5d4de32740c0ecbd97]
https://grafana.huffpost.net [302] [GET] [text/html] [] [nginx] [vhost] [Nginx] [0e26dae866d99119589286f4006c606d]
https://grafana.huffpost.net [302] [GET] [text/html] [] [nginx] [vhost] [Nginx] [37ab9d19a05ffd31e41ab52b159dad9c]
https://graphite.huffpost.net [302] [GET] [text/html] [] [nginx] [vhost] [Nginx] [38e091493273947d57a4c1b391af2e12]
https://graphite.huffpost.net [302] [GET] [text/html] [] [nginx] [vhost] [Nginx] [cc48b69a8cccc09e80e4f1452caa4f28]
https://huffpost.net [301] [GET] [] [] [lighttpd/1.4.55] [vhost] [cloudfront] [Amazon Cloudfront,Amazon Web Services,lighttpd] [d41d8cd98f00b204e9800998ecf8427e]
https://it-athena.huffpost.net [302] [GET] [text/html] [] [nginx] [vhost] [Nginx] [7a42703c11dba37e105c164adbc9593d]
https://it-athena.huffpost.net [302] [GET] [text/html] [] [nginx] [vhost] [Nginx] [bb6233af7e75449e033403802a1b9fff]
https://jenkins.huffpost.net [302] [GET] [text/html] [] [nginx] [vhost] [Nginx] [6969b7851a4d07395aa0220a2e4b8d94]
https://jenkins.huffpost.net [302] [GET] [text/html] [] [nginx] [vhost] [Nginx] [6cc0d67cfe6f2d8ea1be5fd0904e9c72]
https://modulous.huffpost.net [302] [GET] [text/html] [] [nginx] [vhost] [Nginx] [4e547356348d0342a914e44d3ccab6c0]
https://modulous.huffpost.net [302] [GET] [text/html] [] [nginx] [vhost] [Nginx] [5232c6c5f35d6abf7f43495244f1a6fb]
https://nagios.huffpost.net [302] [GET] [text/html] [] [nginx] [vhost] [Nginx] [0f1ebaf4df5616f27d946f31b4953af7]
https://nagios.huffpost.net [302] [GET] [text/html] [] [nginx] [vhost] [Nginx] [aefdd9b28d0a2d60bc016e9b3d572fb1]
https://production-securedrop.huffpost.net [200] [GET] [text/html] [How To Share Information With HuffPost] [nginx] [Nginx] [40b545d233dde8dd29e2bd09aa35c003]
https://secrets.huffpost.net [301] [GET] [] [] [lighttpd/1.4.55] [vhost] [cloudfront] [Amazon Cloudfront,Amazon Web Services,lighttpd] [d41d8cd98f00b204e9800998ecf8427e]
https://staging-edit.widget.tools.huffpost.net [503] [GET] [] [] [] [d41d8cd98f00b204e9800998ecf8427e]
https://staging-elections.huffpost.net [404] [GET] [text/html] [404 Not Found] [] [2159429dac98e2275a3d9a4935640d99]
https://staging-securedrop.huffpost.net [200] [GET] [text/html] [How To Share Information With HuffPost] [nginx] [Nginx] [40b545d233dde8dd29e2bd09aa35c003]
https://staging-widget.tools.huffpost.net [503] [GET] [] [] [] [d41d8cd98f00b204e9800998ecf8427e]
https://widget.tools.huffpost.net [200] [GET] [text/html] [Widgets... Widgets, everywhere.] [nginx] [vhost] [Nginx] [557da682a07e7e175ddc1851cd64ed8a]
https://www.huffpost.net [301] [GET] [] [] [lighttpd/1.4.55] [vhost] [cloudfront] [Amazon Cloudfront,Amazon Web Services,lighttpd] [d41d8cd98f00b204e9800998ecf8427e]
