http://click.klantacties.humo.be:8080 [200] [GET] [text/html] [Shared IP] [Apache/2] [Apache] [d3f59542649dcf75112dea876843f05a]
http://t.klantacties.humo.be:8080 [404] [GET] [text/html] [404 Not Found] [Apache/2.4.37 (AlmaLinux)] [AlmaLinux,Apache] [cd3be2f061d2d1bd9623c5549fb7d904]
http://t2.klantacties.humo.be:8080 [404] [GET] [text/html] [404 Not Found] [Apache/2.4.37 (rocky)] [Apache] [cd3be2f061d2d1bd9623c5549fb7d904]
http://www.click.klantacties.humo.be:8080 [200] [GET] [text/html] [Shared IP] [Apache/2] [Apache] [d3f59542649dcf75112dea876843f05a]
https://acc.humo.be [401] [GET] [text/html] [Access Denied] [AkamaiGHost] [vhost] [Basic] [3b5d2532c894e45a5d1501a8697c1ac0]
https://acc.humo.be [401] [GET] [text/html] [Access Denied] [AkamaiGHost] [vhost] [Basic] [7dd645a62e7b836b5fef0a6291cd1eed]
https://accounts.humo.be [200] [GET] [text/html] [] [] [IIS,Microsoft ASP.NET] [d41d8cd98f00b204e9800998ecf8427e]
https://actie.humo.be [404] [GET] [text/html] [-] [NCSA/1.4.2] [d57424ca602fa39a59d65a02e43e5e55]
https://beta.humo.be [301] [GET] [] [] [AkamaiGHost] [vhost] [d41d8cd98f00b204e9800998ecf8427e]
https://brandedcontent.humo.be [302] [GET] [text/html] [] [] [vhost] [d41d8cd98f00b204e9800998ecf8427e]
https://brandedcontentbe.humo.be [200] [GET] [text/html] [DPG Media Branded Content -] [Apache] [vhost] [Apache,Font Awesome,Google Font API,MySQL,PHP,W3 Total Cache,WordPress,Yoast SEO] [219ab3a62f861dc14bab6f03da0167fe]
https://castor-forum.humo.be [200] [GET] [text/html] [Redirecting..] [] [Java] [0214b0f5e5339f1b5811ac08d9347dd8]
https://click.klantacties.humo.be [200] [GET] [text/html] [] [Apache/2] [vhost] [Apache] [5360706c803a759e3a9f2ca54a651950]
https://cmp.humo.be [403] [GET] [application/xml] [] [AmazonS3] [vhost] [cloudfront] [Amazon Cloudfront,Amazon S3,Amazon Web Services] [adc9d1c531d1c0cb351bb99fbe7c8697]
https://cmp.humo.be [403] [GET] [application/xml] [] [AmazonS3] [vhost] [cloudfront] [Amazon Cloudfront,Amazon S3,Amazon Web Services] [b76ad863dc38190362fb37875a7016c9]
https://dev-service.humo.be [400] [GET] [text/html] [Invalid URL] [AkamaiGHost] [ab08fec399c04675e19db2907cdc7eae]
https://dev-service.humo.be [400] [GET] [text/html] [Invalid URL] [AkamaiGHost] [c86136f1af80107f951774cfecf2e9fc]
https://digitalemagazine.humo.be [302] [GET] [text/html] [] [nginx] [vhost] [Nginx] [d41d8cd98f00b204e9800998ecf8427e]
https://docu.humo.be [200] [GET] [text/html] [Humo | Diamond Docu] [Apache] [vhost] [Apache,MySQL,PHP,WordPress] [133ef6fdab61d76e7e96b10a893537cc]
https://durex.humo.be [404] [GET] [text/html] [404 Not Found] [Symantec Endpoint Protection Manager] [62962daa1b19bbcc2db10b7bfd531ea6]
https://e.email.humo.be [200] [GET] [text/html] [You received emails from this domain, didn't you?] [nginx] [Nginx,PHP,Webflow] [c0666cde79e5426946974302fe3307c3]
https://ebike-non-prod.humo.be [503] [GET] [text/html] [503 Service Temporarily Unavailable] [] [vhost] [613f79233487af685baf4b32a2397ede]
https://ebike-non-prod.humo.be [503] [GET] [text/html] [503 Service Temporarily Unavailable] [] [vhost] [81df4d3863debf3eceb5cf84251fd472]
https://ebike.humo.be [503] [GET] [text/html] [503 Service Temporarily Unavailable] [] [vhost] [613f79233487af685baf4b32a2397ede]
https://ebike.humo.be [503] [GET] [text/html] [503 Service Temporarily Unavailable] [] [vhost] [81df4d3863debf3eceb5cf84251fd472]
https://esales-test.humo.be [404] [GET] [application/json] [] [nginx/1.20.0] [vhost] [Amazon ALB,Amazon Web Services,Nginx] [b65d1514578243695d2e155365cbe67f]
https://esales-test.humo.be [404] [GET] [application/json] [] [nginx/1.20.0] [vhost] [Amazon ALB,Amazon Web Services,Nginx] [e5bc03c44d2c623c21cbb052845dc569]
https://esales.humo.be [404] [GET] [application/json] [] [nginx/1.20.0] [vhost] [Amazon ALB,Amazon Web Services,Nginx] [27b0b1f15e34f4f6d463239528c08125]
https://esales.humo.be [404] [GET] [application/json] [] [nginx/1.20.0] [vhost] [Amazon ALB,Amazon Web Services,Nginx] [73b81620878f44172de74e2a28ad863a]
https://ims.humo.be [200] [GET] [text/html] [] [] [vhost] [ce885dfc7b98daf8af33132a6b63ab22]
https://interactief.humo.be [404] [GET] [text/html] [-] [NCSA/1.4.2] [d57424ca602fa39a59d65a02e43e5e55]
https://kijkt.humo.be [200] [GET] [text/html] [Humo's Streaminggids | Humo's streaminggids met tips voor Netflix, Play, VTM Go, VRT Nu, Amazon en Disney. Welke serie wil je kijken? Wat zijn de beste films on demand?] [Apache] [vhost] [Apache,Google Tag Manager,MySQL,PHP,WordPress] [955ecde07605c5533d23f7e113a1932d]
https://klantacties.humo.be [200] [GET] [text/html] [Startpagina | DPG Media] [Apache/2] [vhost] [Apache,Vue.js] [e916ada4b500d7adb317c931bcb5ca9a]
https://landingpage.humo.be [200] [GET] [text/html] [DPG Media Branded Content -] [Apache] [vhost] [Apache,Font Awesome,Google Font API,MySQL,PHP,W3 Total Cache,WordPress,Yoast SEO] [afd9e389699870984bfa909037b36a85]
https://login.humo.be [406] [GET] [text/html] [] [AkamaiGHost] [vhost] [e202c2aad4fd1205f0c6a20516e48d3a]
https://login2.humo.be [406] [GET] [text/html] [] [AkamaiGHost] [vhost] [e202c2aad4fd1205f0c6a20516e48d3a]
https://magazine.humo.be [302] [GET] [text/html] [] [nginx] [vhost] [Nginx,PHP] [d41d8cd98f00b204e9800998ecf8427e]
https://mijn.humo.be [301] [GET] [] [] [] [vhost] [d41d8cd98f00b204e9800998ecf8427e]
https://mijnomgeving-acc.humo.be [403] [GET] [text/html] [Access Denied] [] [vhost] [1493fd622e86b8880a2322e6e1c20550]
https://mijnomgeving-acc.humo.be [403] [GET] [text/html] [Access Denied] [] [vhost] [77d6081490db94feca7c408889054852]
https://mijnomgeving.humo.be [503] [GET] [text/html] [Error] [] [vhost] [e635c17370b0d86cfcb1208a485c0730]
https://mijnomgeving.humo.be [503] [GET] [text/html] [Error] [] [vhost] [f7f02498ce5531106bf7497f09f5ef7e]
https://mobile-acc.humo.be [401] [GET] [text/html] [Access Denied] [AkamaiGHost] [vhost] [Basic] [448ebf1a55b815899ab2268983ccc87b]
https://mobile-acc.humo.be [401] [GET] [text/html] [Access Denied] [AkamaiGHost] [vhost] [Basic] [63589b61b5a2886ee0a4d9651a9dd468]
https://mobile2.humo.be [302] [GET] [] [] [AkamaiGHost] [vhost] [d41d8cd98f00b204e9800998ecf8427e]
https://myaccount.humo.be [200] [GET] [text/html] [] [nginx/1.20.0] [vhost] [AngularJS,Nginx] [ddc7377dfff8843b805a155b8ac8bc06]
https://myaccount.humo.be [302] [GET] [text/html] [] [] [vhost] [d41d8cd98f00b204e9800998ecf8427e]
https://projecten.humo.be [302] [GET] [text/html] [] [] [vhost] [d41d8cd98f00b204e9800998ecf8427e]
https://rock-rally.humo.be [302] [GET] [text/html] [] [] [vhost] [d41d8cd98f00b204e9800998ecf8427e]
https://rockrally.humo.be [302] [GET] [text/html] [] [] [vhost] [d41d8cd98f00b204e9800998ecf8427e]
https://seat.humo.be [200] [GET] [text/html] [Cms Bug Concept] [Bug-Concept Web Server] [Bootstrap,Font Awesome,Google Font API,PHP] [a82347f9693cd52e7e1ae21b3ac158ee]
https://secure-acc.humo.be [400] [GET] [text/html] [Invalid URL] [AkamaiGHost] [68e8d39eca28c06a9760283f5ce586db]
https://secure-acc.humo.be [400] [GET] [text/html] [Invalid URL] [AkamaiGHost] [850f0f053a78785d9ed48aee2da5fc71]
https://secure.humo.be [503] [GET] [text/html] [Service Unavailable] [AkamaiGHost] [vhost] [16b777b4ba3efaac768970846a03d232]
https://secure.humo.be [503] [GET] [text/html] [Service Unavailable] [AkamaiGHost] [vhost] [d8a4f5d262082391f6674d43da642118]
https://servicepagina.humo.be [200] [GET] [text/html] [] [Apache/2.4.10 (Debian)] [vhost] [Apache,Debian] [69ffdc2502008031854ee5788352ed60]
https://shop.humo.be [200] [GET] [text/html] [De Humo Shop] [] [vhost] [Google Tag Manager,Next.js,Node.js,React,webpack] [fbdb980bd3d3201da923beadf44cd846]
https://social.humo.be [200] [GET] [text/html] [] [] [IIS,Microsoft ASP.NET] [d41d8cd98f00b204e9800998ecf8427e]
https://t.klantacties.humo.be [404] [GET] [text/html] [404 Not Found] [Apache/2.4.37 (AlmaLinux)] [AlmaLinux,Apache] [cd3be2f061d2d1bd9623c5549fb7d904]
https://t2.klantacties.humo.be [404] [GET] [text/html] [404 Not Found] [Apache/2.4.37 (rocky)] [Apache] [cd3be2f061d2d1bd9623c5549fb7d904]
https://voordelen.humo.be [301] [GET] [] [] [AkamaiGHost] [vhost] [d41d8cd98f00b204e9800998ecf8427e]
https://www.click.klantacties.humo.be [200] [GET] [text/html] [] [Apache/2] [vhost] [Apache] [5360706c803a759e3a9f2ca54a651950]
https://www.humo.be [200] [GET] [text/html] [Humo: The Wild Site] [] [vhost] [130eccaf218339649e19d888c7a31fa8]
https://www.klantacties.humo.be [200] [GET] [text/html] [Startpagina | DPG Media] [Apache/2] [vhost] [Apache,Vue.js] [e916ada4b500d7adb317c931bcb5ca9a]
