https://adjust-clickstram.staging2.iconjob.co [401] [GET] [text/html] [401 Authorization Required] [nginx] [vhost] [Basic,Nginx] [28c5f434e4ab2e2a682400cb005fb08b]
https://adjust-clickstream.iconjob.co [200] [GET] [application/json] [] [nginx] [vhost] [Nginx] [0f0479874bf6f4a7281099b15df27c27]
https://adjust-clickstream.staging.iconjob.co [200] [GET] [application/json] [] [nginx] [vhost] [Nginx] [0f0479874bf6f4a7281099b15df27c27]
https://airflow.iconjob.co [403] [GET] [text/html] [OAuth2_Proxy_logo_v3] [nginx] [Bulma,Nginx] [37aa3da9c5c6b63290013c07e79b7905]
https://airflow.staging.iconjob.co [502] [GET] [text/html] [502 Bad Gateway] [nginx] [vhost] [Nginx] [2b027182dd680c922c2045072dad573c]
https://airflow.staging.iconjob.co [502] [GET] [text/html] [502 Bad Gateway] [nginx] [vhost] [Nginx] [eac0a6a53d4a4353aace122055b4b4c8]
https://airflow.staging2.iconjob.co [502] [GET] [text/html] [502 Bad Gateway] [nginx] [vhost] [Nginx] [2b027182dd680c922c2045072dad573c]
https://airflow.staging2.iconjob.co [502] [GET] [text/html] [502 Bad Gateway] [nginx] [vhost] [Nginx] [eac0a6a53d4a4353aace122055b4b4c8]
https://airflow2.iconjob.co [403] [GET] [text/html] [OAuth2_Proxy_logo_v3] [nginx] [Bulma,Nginx] [37aa3da9c5c6b63290013c07e79b7905]
https://allure.iconjob.co [302] [GET] [] [] [nginx] [Nginx] [d41d8cd98f00b204e9800998ecf8427e]
https://api.iconjob.co [302] [GET] [text/html] [] [nginx] [vhost] [Nginx] [e8f11b91b0b75af582ec87b83e512481]
https://api.preprod.iconjob.co [302] [GET] [text/html] [] [nginx] [vhost] [Nginx] [e8f11b91b0b75af582ec87b83e512481]
https://api.staging.iconjob.co [302] [GET] [text/html] [] [nginx] [vhost] [Nginx] [e8f11b91b0b75af582ec87b83e512481]
https://api.staging2.iconjob.co [302] [GET] [text/html] [] [nginx] [vhost] [Nginx] [e8f11b91b0b75af582ec87b83e512481]
https://consul.iconjob.co [403] [GET] [text/html] [OAuth2_Proxy_logo_v3] [nginx] [Bulma,Nginx] [37aa3da9c5c6b63290013c07e79b7905]
https://gate.iconjob.co [404] [GET] [text/html] [] [nginx] [vhost] [Nginx] [d41d8cd98f00b204e9800998ecf8427e]
https://gate.staging.iconjob.co [404] [GET] [text/html] [] [nginx] [vhost] [Nginx] [d41d8cd98f00b204e9800998ecf8427e]
https://geo.staging.iconjob.co [502] [GET] [text/html] [502 Bad Gateway] [nginx] [vhost] [Nginx] [2b027182dd680c922c2045072dad573c]
https://geo.staging.iconjob.co [502] [GET] [text/html] [502 Bad Gateway] [nginx] [vhost] [Nginx] [eac0a6a53d4a4353aace122055b4b4c8]
https://git.iconjob.co [302] [GET] [text/html] [] [nginx] [Nginx] [0c002ddf4b6a69e3ea413c5724e6a51a]
https://grafana.iconjob.co [403] [GET] [text/html] [OAuth2_Proxy_logo_v3] [nginx] [Bulma,Nginx] [37aa3da9c5c6b63290013c07e79b7905]
https://hr.preprod.iconjob.co [200] [GET] [text/html] [Кабинет работодателя сервиса VK Работа] [nginx] [vhost] [Express,Nginx,Node.js] [0e7374954266df315692e911c63e57d3]
https://hr.staging.iconjob.co [200] [GET] [text/html] [Кабинет работодателя сервиса VK Работа] [nginx] [vhost] [Express,Nginx,Node.js] [78910ee1b6e1cea7363af1ad4b6909fb]
https://hr.staging2.iconjob.co [200] [GET] [text/html] [Кабинет работодателя сервиса VK Работа] [nginx] [vhost] [Express,Nginx,Node.js] [ea157a9d199cbedf1c21bb6e73314860]
https://insight.iconjob.co [200] [GET] [text/html] [] [Tableau] [eb7dbe05c3e62e23555cc6afd57b6b71]
https://kibana.iconjob.co [403] [GET] [text/html] [Sign In] [nginx/1.20.2] [vhost] [Nginx] [1000f1452ba54a20c6650e7e60d911b4]
https://mail.iconjob.co [302] [GET] [text/plain] [] [nginx] [vhost] [Nginx] [10b32e425d545ca1729964b68143a037]
https://metabase.iconjob.co [200] [GET] [text/html] [Metabase] [nginx] [vhost] [Nginx] [9b4c3c9a456d328d9796a04a2c77e667]
https://oldgoodtimes.iconjob.co [200] [GET] [text/html] [ICONJOB recruitment service – find job or employee in 24 hours] [nginx] [vhost] [Nginx] [d1d8d527c8002a0cb39460f59ead0cfd]
https://onelink.staging.iconjob.co [404] [GET] [text/plain] [] [nginx] [vhost] [Nginx] [7bfaf75c366bf929997876fd7aef6c94]
https://pghero.iconjob.co [403] [GET] [text/html] [Sign In] [nginx] [vhost] [Nginx] [1000f1452ba54a20c6650e7e60d911b4]
https://prometheus.iconjob.co [403] [GET] [text/html] [OAuth2_Proxy_logo_v3] [nginx] [Bulma,Nginx] [37aa3da9c5c6b63290013c07e79b7905]
https://r.iconjob.co [200] [GET] [] [] [nginx] [vhost] [Nginx] [d41d8cd98f00b204e9800998ecf8427e]
https://sales.iconjob.co [200] [GET] [text/html] [Sales Admin] [nginx] [vhost] [Nginx] [47a4d18f48a81b735fdc5b1525898205]
https://sales.preprod.iconjob.co [200] [GET] [text/html] [Sales Admin] [nginx] [vhost] [Nginx] [f6e2f203b143deb8b4d2a4098e304743]
https://sales.staging.iconjob.co [200] [GET] [text/html] [Sales Admin] [nginx] [vhost] [Nginx] [d42d1348cda501faea4c1b6053b02e83]
https://selenoid.iconjob.co [502] [GET] [text/html] [502 Bad Gateway] [nginx] [vhost] [Nginx] [2b027182dd680c922c2045072dad573c]
https://selenoid.iconjob.co [502] [GET] [text/html] [502 Bad Gateway] [nginx] [vhost] [Nginx] [eac0a6a53d4a4353aace122055b4b4c8]
https://sentry.iconjob.co [302] [GET] [text/html] [] [nginx/1.20.2] [Nginx] [d41d8cd98f00b204e9800998ecf8427e]
https://staging.iconjob.co [401] [GET] [text/html] [401 Authorization Required] [nginx] [vhost] [Basic,Nginx] [28c5f434e4ab2e2a682400cb005fb08b]
https://staging2.iconjob.co [401] [GET] [text/html] [401 Authorization Required] [nginx] [vhost] [Basic,Nginx] [55f69d37caed0efafa4d15970ed5f18e]
https://support.iconjob.co [200] [GET] [text/html] [VK Работа] [nginx] [vhost] [Bootstrap,Font Awesome,Nginx,PHP] [3b3d8420bbe6ce1b7e65decdbad917fc]
https://tc.iconjob.co [302] [GET] [text/html] [302 Found] [nginx] [vhost] [Nginx] [aff950cab4c0265e21d401db15f1026d]
https://vault.iconjob.co [403] [GET] [text/html] [OAuth2_Proxy_logo_v3] [nginx] [Bulma,Nginx] [37aa3da9c5c6b63290013c07e79b7905]
https://www.iconjob.co [302] [GET] [text/html] [302 Found] [nginx] [Nginx] [aff950cab4c0265e21d401db15f1026d]
