http://any.proxy.k8s.ikarem.io [301] [GET] [] [] [] [d41d8cd98f00b204e9800998ecf8427e]
http://dal.proxy.k8s.ikarem.io [301] [GET] [] [] [] [d41d8cd98f00b204e9800998ecf8427e]
http://fra.proxy.k8s.ikarem.io [301] [GET] [] [] [] [d41d8cd98f00b204e9800998ecf8427e]
http://mun.proxy.k8s.ikarem.io [301] [GET] [] [] [] [d41d8cd98f00b204e9800998ecf8427e]
http://sdg.proxy.k8s.ikarem.io [301] [GET] [] [] [] [d41d8cd98f00b204e9800998ecf8427e]
http://sin.proxy.k8s.ikarem.io [301] [GET] [] [] [] [d41d8cd98f00b204e9800998ecf8427e]
http://syd.proxy.k8s.ikarem.io [301] [GET] [] [] [] [d41d8cd98f00b204e9800998ecf8427e]
http://use.nt.dev.ikarem.io [301] [GET] [] [] [] [d41d8cd98f00b204e9800998ecf8427e]
http://usw.nt.dev.ikarem.io [301] [GET] [] [] [] [d41d8cd98f00b204e9800998ecf8427e]
https://588bocaiwangzhan588.artifactory.int.ikarem.io [403] [GET] [text/html] [403 Forbidden] [awselb/2.0] [2e40045efe5134ada9942798c090d269]
https://588bocaiwangzhan588.artifactory.int.ikarem.io [403] [GET] [text/html] [403 Forbidden] [awselb/2.0] [bad2e8579dcdb79399aac2064216a37d]
https://account.meraki.meraki-go.ikarem.io [301] [GET] [text/html] [301 Moved Permanently] [nginx/1.21.6] [Nginx] [ff3438f1699724c1ce3d071d2ca210c2]
https://account.test.ikarem.io [302] [GET] [text/html] [] [nginx] [Nginx,Ruby,Ruby on Rails] [5ba98ee2d8a48b6081ca60271a8a1880]
https://agner.mun-replica.artifactory.ikarem.io [403] [GET] [text/html] [403 Forbidden] [awselb/2.0] [2e40045efe5134ada9942798c090d269]
https://agner.mun-replica.artifactory.ikarem.io [403] [GET] [text/html] [403 Forbidden] [awselb/2.0] [bad2e8579dcdb79399aac2064216a37d]
https://aomeng983tbocaigongsi.artifactory.int.ikarem.io [403] [GET] [text/html] [403 Forbidden] [awselb/2.0] [2e40045efe5134ada9942798c090d269]
https://aomeng983tbocaigongsi.artifactory.int.ikarem.io [403] [GET] [text/html] [403 Forbidden] [awselb/2.0] [bad2e8579dcdb79399aac2064216a37d]
https://api.meraki.dev.ikarem.io [302] [GET] [text/html] [] [nginx/1.21.6] [Nginx,Ruby,Ruby on Rails] [2b569404ff7b07b6cb768d2bac7aa9ac]
https://api.test.ikarem.io [302] [GET] [text/html] [] [nginx] [Nginx] [ce98e3b7005db39205fd5778e6552337]
https://apigwsystest.jn-fallback.artifactory.prod.ikarem.io [403] [GET] [text/html] [403 Forbidden] [awselb/2.0] [bad2e8579dcdb79399aac2064216a37d]
https://artifactory.prod.ikarem.io [403] [GET] [text/html] [403 Forbidden] [awselb/2.0] [2e40045efe5134ada9942798c090d269]
https://atfcu.sin-replica.artifactory.prod.ikarem.io [403] [GET] [text/html] [403 Forbidden] [awselb/2.0] [2e40045efe5134ada9942798c090d269]
https://authme-production-web-apps-b-us-east1-3.artifactory.int.ikarem.io [403] [GET] [text/html] [403 Forbidden] [awselb/2.0] [2e40045efe5134ada9942798c090d269]
https://authme-production-web-apps-b-us-east1-3.artifactory.int.ikarem.io [403] [GET] [text/html] [403 Forbidden] [awselb/2.0] [bad2e8579dcdb79399aac2064216a37d]
https://brianjvarley.artifactory.int.ikarem.io [403] [GET] [text/html] [403 Forbidden] [awselb/2.0] [2e40045efe5134ada9942798c090d269]
https://brianjvarley.artifactory.int.ikarem.io [403] [GET] [text/html] [403 Forbidden] [awselb/2.0] [bad2e8579dcdb79399aac2064216a37d]
https://c1.test.ikarem.io [403] [GET] [text/html] [Cisco Meraki] [nginx] [Nginx] [01075ec83b3d7bb7e32a37727d2a8c27]
https://cf.meraki.dev.ikarem.io [302] [GET] [text/html] [] [nginx/1.21.6] [Nginx,Ruby,Ruby on Rails] [2b569404ff7b07b6cb768d2bac7aa9ac]
https://cloudenrollment.meraki.dev.ikarem.io [404] [GET] [text/html] [404 Not Found] [nginx/1.21.6] [Nginx] [9b9278a3fc0e0dcb812e81d6072a9f99]
https://cs2.test.ikarem.io [403] [GET] [text/html] [Cisco Meraki] [nginx] [Nginx] [01075ec83b3d7bb7e32a37727d2a8c27]
https://cs3.test.ikarem.io [403] [GET] [text/html] [Cisco Meraki] [nginx] [Nginx] [01075ec83b3d7bb7e32a37727d2a8c27]
https://dal-fallback.artifactory.int.ikarem.io [403] [GET] [text/html] [403 Forbidden] [awselb/2.0] [2e40045efe5134ada9942798c090d269]
https://dal-fallback.artifactory.int.ikarem.io [403] [GET] [text/html] [403 Forbidden] [awselb/2.0] [bad2e8579dcdb79399aac2064216a37d]
https://dal-replica.artifactory.int.ikarem.io [403] [GET] [text/html] [403 Forbidden] [awselb/2.0] [2e40045efe5134ada9942798c090d269]
https://dal-replica.artifactory.int.ikarem.io [403] [GET] [text/html] [403 Forbidden] [awselb/2.0] [bad2e8579dcdb79399aac2064216a37d]
https://dal-replicauat.artifactory.ikarem.io [403] [GET] [text/html] [403 Forbidden] [awselb/2.0] [2e40045efe5134ada9942798c090d269]
https://dal-replicauat.artifactory.ikarem.io [403] [GET] [text/html] [403 Forbidden] [awselb/2.0] [bad2e8579dcdb79399aac2064216a37d]
https://dal.artifactory.int.ikarem.io [403] [GET] [text/html] [403 Forbidden] [awselb/2.0] [bad2e8579dcdb79399aac2064216a37d]
https://dashboard.test.ikarem.io [302] [GET] [text/html] [] [nginx] [Nginx,Ruby,Ruby on Rails] [3637b2c416540a3cd0cc3b43fe573152]
https://dev.netbox.ikarem.io [403] [GET] [text/html] [403 Forbidden] [awselb/2.0] [bad2e8579dcdb79399aac2064216a37d]
https://docker.dal.artifactory.int.ikarem.io [403] [GET] [text/html] [403 Forbidden] [awselb/2.0] [2e40045efe5134ada9942798c090d269]
https://docker.dal.artifactory.int.ikarem.io [403] [GET] [text/html] [403 Forbidden] [awselb/2.0] [bad2e8579dcdb79399aac2064216a37d]
https://edulog.sin-replica.artifactory.ikarem.io [403] [GET] [text/html] [403 Forbidden] [awselb/2.0] [bad2e8579dcdb79399aac2064216a37d]
https://fundi.mun-replica.artifactory.prod.ikarem.io [403] [GET] [text/html] [403 Forbidden] [awselb/2.0] [bad2e8579dcdb79399aac2064216a37d]
https://gamistyle1.artifactory.prod.ikarem.io [403] [GET] [text/html] [403 Forbidden] [awselb/2.0] [2e40045efe5134ada9942798c090d269]
https://gamistyle1.artifactory.prod.ikarem.io [403] [GET] [text/html] [403 Forbidden] [awselb/2.0] [bad2e8579dcdb79399aac2064216a37d]
https://gmoq.artifactory.int.ikarem.io [403] [GET] [text/html] [403 Forbidden] [awselb/2.0] [2e40045efe5134ada9942798c090d269]
https://gmoq.artifactory.int.ikarem.io [403] [GET] [text/html] [403 Forbidden] [awselb/2.0] [bad2e8579dcdb79399aac2064216a37d]
https://go.go-web-portal.usw.production.k8s.ikarem.io [200] [GET] [text/html] [Meraki Go] [nginx/1.20.2] [Nginx] [837992de5806a34cedfd122d127d101b]
https://hahas.artifactory.int.ikarem.io [403] [GET] [text/html] [403 Forbidden] [awselb/2.0] [2e40045efe5134ada9942798c090d269]
https://hrm0.artifactory.int.ikarem.io [403] [GET] [text/html] [403 Forbidden] [awselb/2.0] [2e40045efe5134ada9942798c090d269]
https://hurts.artifactory.int.ikarem.io [403] [GET] [text/html] [403 Forbidden] [awselb/2.0] [bad2e8579dcdb79399aac2064216a37d]
https://imapsha.artifactory.prod.ikarem.io [403] [GET] [text/html] [403 Forbidden] [awselb/2.0] [2e40045efe5134ada9942798c090d269]
https://imapsha.artifactory.prod.ikarem.io [403] [GET] [text/html] [403 Forbidden] [awselb/2.0] [bad2e8579dcdb79399aac2064216a37d]
https://ios.meraki.dev.ikarem.io [302] [GET] [text/html] [] [nginx/1.21.6] [Nginx,Ruby,Ruby on Rails] [2b569404ff7b07b6cb768d2bac7aa9ac]
https://jcschoolstn.artifactory.ikarem.io [403] [GET] [text/html] [403 Forbidden] [awselb/2.0] [2e40045efe5134ada9942798c090d269]
https://latitude-test.dev.ikarem.io [403] [GET] [application/json] [] [] [vhost] [bc45704aad57d445b6dfa58b101071e3]
https://llp2.mun-replica.artifactory.ikarem.io [403] [GET] [text/html] [403 Forbidden] [awselb/2.0] [bad2e8579dcdb79399aac2064216a37d]
https://lmr9.sin-replica.artifactory.ikarem.io [403] [GET] [text/html] [403 Forbidden] [awselb/2.0] [2e40045efe5134ada9942798c090d269]
https://lmuf.sdg-replica.artifactory.prod.ikarem.io [403] [GET] [text/html] [403 Forbidden] [awselb/2.0] [bad2e8579dcdb79399aac2064216a37d]
https://m.test.ikarem.io [200] [GET] [text/html] [Meraki SM Registration] [nginx] [Nginx,Ruby,Ruby on Rails] [232ef5d5846bf239d12288545c83f7fb]
https://m.test.ikarem.io [200] [GET] [text/html] [Meraki SM Registration] [nginx] [Nginx,Ruby,Ruby on Rails] [82b69e431d5db079a812a99e333b876c]
https://motion-recap-upload.meraki-vision.usw.development.k8s.ikarem.io [400] [GET] [text/html] [400 No required SSL certificate was sent] [nginx/1.20.1] [Nginx] [c2329752a1173dbc205670570cefd0c7]
https://motion-recap-upload.usw.vision.dev.ikarem.io [400] [GET] [text/html] [400 No required SSL certificate was sent] [nginx/1.20.1] [Nginx] [c2329752a1173dbc205670570cefd0c7]
https://mr.ikarem.io [301] [GET] [] [] [AmazonS3] [vhost] [cloudfront] [Amazon Cloudfront,Amazon S3,Amazon Web Services] [d41d8cd98f00b204e9800998ecf8427e]
https://mun-mun443.artifactory.prod.ikarem.io [403] [GET] [text/html] [403 Forbidden] [awselb/2.0] [2e40045efe5134ada9942798c090d269]
https://n1.test.ikarem.io [302] [GET] [text/html] [] [nginx] [Nginx,Ruby,Ruby on Rails] [3637b2c416540a3cd0cc3b43fe573152]
https://n4.test.ikarem.io [302] [GET] [text/html] [] [nginx] [Nginx] [284bbe1381cea851ae112acd92c70ded]
https://na.meraki.dev.network-auth.ikarem.io [404] [GET] [text/plain] [] [nginx/1.21.6] [Nginx] [53af239ee5d3e261545dededcb6ffd57]
https://netbox.dev.infra.ikarem.io [403] [GET] [text/html] [403 Forbidden] [awselb/2.0] [2e40045efe5134ada9942798c090d269]
https://netbox.ikarem.io [403] [GET] [text/html] [403 Forbidden] [awselb/2.0] [2e40045efe5134ada9942798c090d269]
https://netbox.prod.infra.ikarem.io [403] [GET] [text/html] [403 Forbidden] [awselb/2.0] [2e40045efe5134ada9942798c090d269]
https://netbox.prod.infra.ikarem.io [403] [GET] [text/html] [403 Forbidden] [awselb/2.0] [bad2e8579dcdb79399aac2064216a37d]
https://netbox.staging.infra.ikarem.io [403] [GET] [text/html] [403 Forbidden] [awselb/2.0] [2e40045efe5134ada9942798c090d269]
https://netbox.staging.infra.ikarem.io [403] [GET] [text/html] [403 Forbidden] [awselb/2.0] [bad2e8579dcdb79399aac2064216a37d]
https://nl-syd.artifactory.prod.ikarem.io [403] [GET] [text/html] [403 Forbidden] [awselb/2.0] [bad2e8579dcdb79399aac2064216a37d]
https://okean-v-butylke.artifactory.int.ikarem.io [403] [GET] [text/html] [403 Forbidden] [awselb/2.0] [bad2e8579dcdb79399aac2064216a37d]
https://p2.test.ikarem.io [302] [GET] [text/html] [] [nginx] [Nginx] [ce98e3b7005db39205fd5778e6552337]
https://p3.test.ikarem.io [302] [GET] [text/html] [] [nginx] [Nginx] [316d48fb1653db6c5faaed7e6349b090]
https://peterseliger.artifactory.prod.ikarem.io [403] [GET] [text/html] [403 Forbidden] [awselb/2.0] [2e40045efe5134ada9942798c090d269]
https://peterseliger.artifactory.prod.ikarem.io [403] [GET] [text/html] [403 Forbidden] [awselb/2.0] [bad2e8579dcdb79399aac2064216a37d]
https://portal.meraki.dev.ikarem.io [200] [GET] [text/html] [Self-Service Portal] [nginx/1.21.6] [Nginx] [4916ab3a6dde67a115c068d8d545b44e]
https://prod.netbox.ikarem.io [403] [GET] [text/html] [403 Forbidden] [awselb/2.0] [2e40045efe5134ada9942798c090d269]
https://prod.netbox.ikarem.io [403] [GET] [text/html] [403 Forbidden] [awselb/2.0] [bad2e8579dcdb79399aac2064216a37d]
https://r1.test.ikarem.io [400] [GET] [text/html] [400 No required SSL certificate was sent] [nginx] [Nginx] [6be05d19e4ca80eb3ef0a7f16f937f13]
https://r2.test.ikarem.io [400] [GET] [text/html] [400 No required SSL certificate was sent] [nginx] [Nginx] [08fee48a957bb5fb09679a318ee48bbc]
https://r2.test.ikarem.io [400] [GET] [text/html] [400 No required SSL certificate was sent] [nginx] [Nginx] [6be05d19e4ca80eb3ef0a7f16f937f13]
https://r3.test.ikarem.io [400] [GET] [text/html] [400 No required SSL certificate was sent] [nginx] [Nginx] [08fee48a957bb5fb09679a318ee48bbc]
https://r3.test.ikarem.io [400] [GET] [text/html] [400 No required SSL certificate was sent] [nginx] [Nginx] [6be05d19e4ca80eb3ef0a7f16f937f13]
https://ridesharing.mun-replica.artifactory.ikarem.io [403] [GET] [text/html] [403 Forbidden] [awselb/2.0] [bad2e8579dcdb79399aac2064216a37d]
https://stage.netbox.ikarem.io [403] [GET] [text/html] [403 Forbidden] [awselb/2.0] [2e40045efe5134ada9942798c090d269]
https://stage.netbox.ikarem.io [403] [GET] [text/html] [403 Forbidden] [awselb/2.0] [bad2e8579dcdb79399aac2064216a37d]
https://sunbow6958.artifactory.int.ikarem.io [403] [GET] [text/html] [403 Forbidden] [awselb/2.0] [2e40045efe5134ada9942798c090d269]
https://sunbow6958.artifactory.int.ikarem.io [403] [GET] [text/html] [403 Forbidden] [awselb/2.0] [bad2e8579dcdb79399aac2064216a37d]
https://syd110.artifactory.ikarem.io [403] [GET] [text/html] [403 Forbidden] [awselb/2.0] [2e40045efe5134ada9942798c090d269]
https://szastupov.artifactory.int.ikarem.io [403] [GET] [text/html] [403 Forbidden] [awselb/2.0] [2e40045efe5134ada9942798c090d269]
https://techtalktone.artifactory.ikarem.io [403] [GET] [text/html] [403 Forbidden] [awselb/2.0] [2e40045efe5134ada9942798c090d269]
https://techtalktone.artifactory.ikarem.io [403] [GET] [text/html] [403 Forbidden] [awselb/2.0] [bad2e8579dcdb79399aac2064216a37d]
https://thunderbolt-display2.artifactory.prod.ikarem.io [403] [GET] [text/html] [403 Forbidden] [awselb/2.0] [2e40045efe5134ada9942798c090d269]
https://thunderbolt-display2.artifactory.prod.ikarem.io [403] [GET] [text/html] [403 Forbidden] [awselb/2.0] [bad2e8579dcdb79399aac2064216a37d]
https://toolbar.artifactory.int.ikarem.io [403] [GET] [text/html] [403 Forbidden] [awselb/2.0] [2e40045efe5134ada9942798c090d269]
https://toolbar.artifactory.int.ikarem.io [403] [GET] [text/html] [403 Forbidden] [awselb/2.0] [bad2e8579dcdb79399aac2064216a37d]
https://twitch-fra-replica.artifactory.prod.ikarem.io [403] [GET] [text/html] [403 Forbidden] [awselb/2.0] [2e40045efe5134ada9942798c090d269]
https://twitch-fra-replica.artifactory.prod.ikarem.io [403] [GET] [text/html] [403 Forbidden] [awselb/2.0] [bad2e8579dcdb79399aac2064216a37d]
https://u1102.jn-fallback.artifactory.prod.ikarem.io [403] [GET] [text/html] [403 Forbidden] [awselb/2.0] [2e40045efe5134ada9942798c090d269]
https://u1102.jn-fallback.artifactory.prod.ikarem.io [403] [GET] [text/html] [403 Forbidden] [awselb/2.0] [bad2e8579dcdb79399aac2064216a37d]
https://ubtm.jn-fallback.artifactory.prod.ikarem.io [403] [GET] [text/html] [403 Forbidden] [awselb/2.0] [2e40045efe5134ada9942798c090d269]
https://uwi0.artifactory.int.ikarem.io [403] [GET] [text/html] [403 Forbidden] [awselb/2.0] [2e40045efe5134ada9942798c090d269]
https://uwi0.artifactory.int.ikarem.io [403] [GET] [text/html] [403 Forbidden] [awselb/2.0] [bad2e8579dcdb79399aac2064216a37d]
https://wtree.sin-replica.artifactory.prod.ikarem.io [403] [GET] [text/html] [403 Forbidden] [awselb/2.0] [2e40045efe5134ada9942798c090d269]
https://yhye.sin-replica.artifactory.prod.ikarem.io [403] [GET] [text/html] [403 Forbidden] [awselb/2.0] [2e40045efe5134ada9942798c090d269]
https://ykdd.artifactory.int.ikarem.io [403] [GET] [text/html] [403 Forbidden] [awselb/2.0] [2e40045efe5134ada9942798c090d269]
https://ysm-v6.artifactory.int.ikarem.io [403] [GET] [text/html] [403 Forbidden] [awselb/2.0] [bad2e8579dcdb79399aac2064216a37d]
https://yww.artifactory.int.ikarem.io [403] [GET] [text/html] [403 Forbidden] [awselb/2.0] [2e40045efe5134ada9942798c090d269]
https://yww.artifactory.int.ikarem.io [403] [GET] [text/html] [403 Forbidden] [awselb/2.0] [bad2e8579dcdb79399aac2064216a37d]
https://zyma.mun-replica.artifactory.prod.ikarem.io [403] [GET] [text/html] [403 Forbidden] [awselb/2.0] [bad2e8579dcdb79399aac2064216a37d]
