http://costcous.pbis-cf-dev.instacart.tools:2082 [403] [GET] [text/plain] [] [cloudflare] [cloudflare] [7b5ea53ba332630e5aca8e4abb807f70]
http://costcous.pbis-cf-dev.instacart.tools:2086 [403] [GET] [text/plain] [] [cloudflare] [cloudflare] [7b5ea53ba332630e5aca8e4abb807f70]
http://costcous.pbis-cf-dev.instacart.tools:8080 [403] [GET] [text/plain] [] [cloudflare] [cloudflare] [7b5ea53ba332630e5aca8e4abb807f70]
http://costcous.pbis-cf-dev.instacart.tools:8880 [403] [GET] [text/plain] [] [cloudflare] [cloudflare] [7b5ea53ba332630e5aca8e4abb807f70]
http://sproutspbi.pbis-cf-dev.instacart.tools:2082 [403] [GET] [text/plain] [] [cloudflare] [cloudflare] [7b5ea53ba332630e5aca8e4abb807f70]
http://sproutspbi.pbis-cf-dev.instacart.tools:2086 [403] [GET] [text/plain] [] [cloudflare] [cloudflare] [7b5ea53ba332630e5aca8e4abb807f70]
http://sproutspbi.pbis-cf-dev.instacart.tools:8080 [403] [GET] [text/plain] [] [cloudflare] [cloudflare] [7b5ea53ba332630e5aca8e4abb807f70]
http://test.pbis-cf-dev.instacart.tools:2082 [403] [GET] [text/plain] [] [cloudflare] [cloudflare] [7b5ea53ba332630e5aca8e4abb807f70]
http://test.pbis-cf-dev.instacart.tools:2086 [403] [GET] [text/plain] [] [cloudflare] [cloudflare] [7b5ea53ba332630e5aca8e4abb807f70]
http://test.pbis-cf-dev.instacart.tools:2095 [403] [GET] [text/plain] [] [cloudflare] [cloudflare] [7b5ea53ba332630e5aca8e4abb807f70]
http://test.pbis-cf-dev.instacart.tools:8080 [403] [GET] [text/plain] [] [cloudflare] [cloudflare] [7b5ea53ba332630e5aca8e4abb807f70]
http://test.pbis-cf-dev.instacart.tools:8880 [403] [GET] [text/plain] [] [cloudflare] [cloudflare] [7b5ea53ba332630e5aca8e4abb807f70]
https://ads.instacart.tools [200] [GET] [text/html] [] [nginx] [Nginx] [f916fe3a0716ba5ff7ebd403cecea0be]
https://atlantis.dev.instacart.tools [302] [GET] [text/html] [302 Found] [awselb/2.0] [vhost] [f366e0e18b589cb6f243bf43ce75e83c]
https://atlantis.instacart.tools [302] [GET] [text/html] [302 Found] [awselb/2.0] [vhost] [f366e0e18b589cb6f243bf43ce75e83c]
https://atlas.dev.instacart.tools [200] [GET] [text/html] [Atlas] [nginx] [vhost] [Bootstrap,Nginx,Ruby,Ruby on Rails] [0ce1bce70981df971c6e101489afd83b]
https://atlas.dev.instacart.tools [200] [GET] [text/html] [Atlas] [nginx] [vhost] [Bootstrap,Nginx,Ruby,Ruby on Rails] [ba41c30b567fc301ffef4a946190b973]
https://atlas.instacart.tools [200] [GET] [text/html] [Atlas] [nginx] [vhost] [Bootstrap,Nginx,Ruby,Ruby on Rails] [d873d32973d58752145fcd7b4d27221e]
https://atlas.instacart.tools [200] [GET] [text/html] [Atlas] [nginx] [vhost] [Bootstrap,Nginx,Ruby,Ruby on Rails] [fc3470ca3e7735d6e7fcce36b9e75a06]
https://blazer-backend.instacart.tools [301] [GET] [text/html] [] [nginx] [Nginx] [1282016a21a2efa75d8a946d88fa6f88]
https://blazer-beta.instacart.tools [503] [GET] [text/html] [503 Service Temporarily Unavailable] [awselb/2.0] [vhost] [613f79233487af685baf4b32a2397ede]
https://blazer-beta.instacart.tools [503] [GET] [text/html] [503 Service Temporarily Unavailable] [awselb/2.0] [vhost] [81df4d3863debf3eceb5cf84251fd472]
https://blazer.instacart.tools [301] [GET] [text/html] [] [nginx] [Nginx] [e7b6c5deebfc40e5ce887f95825885cc]
https://catalog.instacart.tools [404] [GET] [text/html] [Instacart - Page not found] [nginx] [Google Font API,Nginx] [10f556939cd1990bd72c62c3264add61]
https://connect.dev.instacart.tools [404] [GET] [text/plain] [] [awselb/2.0] [9d1ead73e678fa2f51a70a933b0bf017]
https://costcous.dev.instacart.tools [403] [GET] [text/html] [ERROR: The request could not be satisfied] [CloudFront] [cloudfront] [Amazon Cloudfront,Amazon Web Services] [7d3fded2e2cdde030aa1b7b9b8b69fe5]
https://costcous.dev.instacart.tools [403] [GET] [text/html] [ERROR: The request could not be satisfied] [CloudFront] [cloudfront] [Amazon Cloudfront,Amazon Web Services] [e7b6010f846987105348b04e0655c7f7]
https://costcous.pbis-cf-dev.instacart.tools [403] [GET] [text/plain] [] [cloudflare] [cloudflare] [7b5ea53ba332630e5aca8e4abb807f70]
https://costcous.pbis-cf-dev.instacart.tools:2053 [403] [GET] [text/plain] [] [cloudflare] [cloudflare] [7b5ea53ba332630e5aca8e4abb807f70]
https://costcous.pbis-cf-dev.instacart.tools:2083 [403] [GET] [text/plain] [] [cloudflare] [cloudflare] [7b5ea53ba332630e5aca8e4abb807f70]
https://costcous.pbis-cf-dev.instacart.tools:2087 [403] [GET] [text/plain] [] [cloudflare] [cloudflare] [7b5ea53ba332630e5aca8e4abb807f70]
https://costcous.pbis-cf-dev.instacart.tools:8443 [403] [GET] [text/plain] [] [cloudflare] [cloudflare] [7b5ea53ba332630e5aca8e4abb807f70]
https://customers.dev.instacart.tools [200] [GET] [text/html] [Instacart | Grocery Delivery or Pickup from Local Stores Near You] [nginx] [vhost] [Ahoy,Google Tag Manager,Nginx] [6a029baf77ba1722623ca339ecb662f2]
https://customers.dev.instacart.tools [200] [GET] [text/html] [Instacart | Grocery Delivery or Pickup from Local Stores Near You] [nginx] [vhost] [Ahoy,Google Tag Manager,Nginx] [f23f39d5b5bcf3c8fde471efff88e06a]
https://data-ingestion.instacart.tools [302] [GET] [text/html] [] [nginx] [Nginx] [7eef225a87fa3fe6de100425f855d6be]
https://experiments.instacart.tools [301] [GET] [text/html] [] [nginx] [vhost] [Nginx] [e1621662c5eab773bae5782a2768c32c]
https://foodlion.dev.instacart.tools [403] [GET] [text/html] [ERROR: The request could not be satisfied] [CloudFront] [cloudfront] [Amazon Cloudfront,Amazon Web Services] [06bddd1a52774f1ba463bed7f6509d91]
https://foodlion.dev.instacart.tools [403] [GET] [text/html] [ERROR: The request could not be satisfied] [CloudFront] [cloudfront] [Amazon Cloudfront,Amazon Web Services] [cb0384d28503f05d6c70922242ded67c]
https://go.instacart.tools [301] [GET] [text/html] [301 Moved Permanently] [Apache] [vhost] [Apache] [ea3ebf12f15731f40c58aac70153eb08]
https://heinens-onecart.dev.instacart.tools [403] [GET] [text/html] [ERROR: The request could not be satisfied] [CloudFront] [cloudfront] [Amazon Cloudfront,Amazon Web Services] [295d65baa64679acd394bb57fb7def06]
https://heinens-onecart.dev.instacart.tools [403] [GET] [text/html] [ERROR: The request could not be satisfied] [CloudFront] [cloudfront] [Amazon Cloudfront,Amazon Web Services] [3640413ff86c21e1101a753048983a25]
https://mypricechopperdelivers-onecart.dev.instacart.tools [403] [GET] [text/html] [ERROR: The request could not be satisfied] [CloudFront] [cloudfront] [Amazon Cloudfront,Amazon Web Services] [20b52b22d919217f7e66536f6fc4ed7b]
https://mypricechopperdelivers-onecart.dev.instacart.tools [403] [GET] [text/html] [ERROR: The request could not be satisfied] [CloudFront] [cloudfront] [Amazon Cloudfront,Amazon Web Services] [7db5ea2dabbc5e37d21e82e4968fa394]
https://node0.vpn.instacart.tools [302] [GET] [text/html] [] [Server] [vhost] [d41d8cd98f00b204e9800998ecf8427e]
https://node1.vpn.instacart.tools [302] [GET] [text/html] [] [Server] [d41d8cd98f00b204e9800998ecf8427e]
https://node2.vpn.instacart.tools [302] [GET] [text/html] [] [Server] [vhost] [d41d8cd98f00b204e9800998ecf8427e]
https://node3.vpn.instacart.tools [302] [GET] [text/html] [] [Server] [vhost] [d41d8cd98f00b204e9800998ecf8427e]
https://node4.vpn.instacart.tools [302] [GET] [text/html] [] [Server] [vhost] [d41d8cd98f00b204e9800998ecf8427e]
https://pbis.dev.instacart.tools [200] [GET] [text/html] [Instacart | Grocery Delivery or Pickup from Local Stores Near You] [nginx] [Ahoy,Google Tag Manager,Nginx,Ruby,Ruby on Rails] [5d5bf73e6c0d68ee9065161dadd4b4a6]
https://pbis.dev.instacart.tools [200] [GET] [text/html] [Instacart | Grocery Delivery or Pickup from Local Stores Near You] [nginx] [Ahoy,Google Tag Manager,Nginx,Ruby,Ruby on Rails] [71e4ed59392c16d0860983cdc1f00af9]
https://portal.instacart.tools [301] [GET] [text/html] [] [nginx] [Nginx] [1ccd290edf623d81fabdda45987394c6]
https://reset.sftp-catalog.dev.instacart.tools [403] [GET] [text/html] [403 Forbidden] [awselb/2.0] [2e40045efe5134ada9942798c090d269]
https://reset.sftp-dataeng.dev.instacart.tools [403] [GET] [text/html] [403 Forbidden] [awselb/2.0] [2e40045efe5134ada9942798c090d269]
https://reset.sftp-infra.dev.instacart.tools [403] [GET] [text/html] [403 Forbidden] [awselb/2.0] [bad2e8579dcdb79399aac2064216a37d]
https://reset.sftp-payments.dev.instacart.tools [403] [GET] [text/html] [403 Forbidden] [awselb/2.0] [bad2e8579dcdb79399aac2064216a37d]
https://snowplow.dev.instacart.tools [404] [GET] [text/plain] [] [akka-http/10.1.10] [Akka HTTP] [75d8bea19790a638a8dde30fd475dba6]
https://sproutspbi.dev.instacart.tools [403] [GET] [text/html] [ERROR: The request could not be satisfied] [CloudFront] [cloudfront] [Amazon Cloudfront,Amazon Web Services] [101c17b16d123eb9a175307dd37e95dc]
https://sproutspbi.dev.instacart.tools [403] [GET] [text/html] [ERROR: The request could not be satisfied] [CloudFront] [cloudfront] [Amazon Cloudfront,Amazon Web Services] [505ad765427bd757072ebdf9f1420a6d]
https://sproutspbi.pbis-cf-dev.instacart.tools [403] [GET] [text/plain] [] [cloudflare] [cloudflare] [7b5ea53ba332630e5aca8e4abb807f70]
https://sproutspbi.pbis-cf-dev.instacart.tools:2083 [403] [GET] [text/plain] [] [cloudflare] [cloudflare] [7b5ea53ba332630e5aca8e4abb807f70]
https://sproutspbi.pbis-cf-dev.instacart.tools:2087 [403] [GET] [text/plain] [] [cloudflare] [cloudflare] [7b5ea53ba332630e5aca8e4abb807f70]
https://sre.instacart.tools [200] [GET] [text/html] [] [nginx] [Nginx] [d41d8cd98f00b204e9800998ecf8427e]
https://test.pbis-cf-dev.instacart.tools [403] [GET] [text/plain] [] [cloudflare] [cloudflare] [7b5ea53ba332630e5aca8e4abb807f70]
https://test.pbis-cf-dev.instacart.tools:2083 [403] [GET] [text/plain] [] [cloudflare] [cloudflare] [7b5ea53ba332630e5aca8e4abb807f70]
https://test.pbis-cf-dev.instacart.tools:2087 [403] [GET] [text/plain] [] [cloudflare] [cloudflare] [7b5ea53ba332630e5aca8e4abb807f70]
https://test.pbis-cf-dev.instacart.tools:8443 [403] [GET] [text/plain] [] [cloudflare] [cloudflare] [7b5ea53ba332630e5aca8e4abb807f70]
https://thefreshmarket-onecart.dev.instacart.tools [403] [GET] [text/html] [ERROR: The request could not be satisfied] [CloudFront] [cloudfront] [Amazon Cloudfront,Amazon Web Services] [1c4610c038a6b6130718d641aaa82d48]
https://thefreshmarket-onecart.dev.instacart.tools [403] [GET] [text/html] [ERROR: The request could not be satisfied] [CloudFront] [cloudfront] [Amazon Cloudfront,Amazon Web Services] [a6d6e5f2403394bb202155cd3a827254]
https://tools-auth.instacart.tools [301] [GET] [text/html] [] [cloudflare] [vhost] [cloudflare] [Cloudflare,Cloudflare Bot Management,Cloudflare Network Error Logging] [71659e384de922af9299d1476e93cf37]
https://tops-onecart.dev.instacart.tools [403] [GET] [text/html] [ERROR: The request could not be satisfied] [CloudFront] [cloudfront] [Amazon Cloudfront,Amazon Web Services] [4848800f586d64814ff5ca96934a5d9e]
https://tops-onecart.dev.instacart.tools [403] [GET] [text/html] [ERROR: The request could not be satisfied] [CloudFront] [cloudfront] [Amazon Cloudfront,Amazon Web Services] [7493cdaa9bf246bead1f9d441225975a]
https://tux.instacart.tools [301] [GET] [text/html] [] [nginx] [vhost] [Nginx] [a9b02a1ed8b9dfefe693bdc034743a56]
https://vpn-beta.instacart.tools [302] [GET] [text/html] [] [Server] [d41d8cd98f00b204e9800998ecf8427e]
https://vpn.instacart.tools [302] [GET] [text/html] [] [Server] [vhost] [d41d8cd98f00b204e9800998ecf8427e]
https://weglegacy.dev.instacart.tools [403] [GET] [text/html] [ERROR: The request could not be satisfied] [CloudFront] [cloudfront] [Amazon Cloudfront,Amazon Web Services] [3a8b30a15ecd1e913b3f70fde64c14b2]
https://weglegacy.dev.instacart.tools [403] [GET] [text/html] [ERROR: The request could not be satisfied] [CloudFront] [cloudfront] [Amazon Cloudfront,Amazon Web Services] [5bd16dc0764fa43f09e2f8e189fac685]
https://wiki.instacart.tools [301] [GET] [text/html] [301 Moved Permanently] [awselb/2.0] [vhost] [4aa7a432bb447f094408f1bd6229c605]
https://www.instacart.tools [301] [GET] [text/html] [] [nginx] [Nginx] [c3cc57f5681603b13d065fa6c5df4631]
