http://autodiscover.jora.com [301] [GET] [] [] [Microsoft-IIS/10.0] [vhost] [IIS,Microsoft ASP.NET,Windows Server] [d41d8cd98f00b204e9800998ecf8427e]
https://ads-adserver.jora.com [503] [GET] [text/html] [Sorry, we'll be back soon.] [cloudflare] [vhost] [cloudflare] [80d76025af65ae26a0035d9a1fa63bc9]
https://ads-adserver.jora.com [503] [GET] [text/html] [Sorry, we'll be back soon.] [cloudflare] [vhost] [cloudflare] [82f2d0baec567c3b0a540130a0f3ccfa]
https://ads-adtracker.jora.com [503] [GET] [text/html] [Sorry, we'll be back soon.] [cloudflare] [vhost] [cloudflare] [76ebdb63048ba41c3adcb6e0d613f9d4]
https://ads-adtracker.jora.com [503] [GET] [text/html] [Sorry, we'll be back soon.] [cloudflare] [vhost] [cloudflare] [fa8084df06577b4a7ea99f670044a468]
https://ads.jora.com [200] [GET] [text/html] [] [nginx/1.16.1] [Nginx] [d41d8cd98f00b204e9800998ecf8427e]
https://ae.jora.com [503] [GET] [text/html] [Sorry, we'll be back soon.] [cloudflare] [vhost] [cloudflare] [df9ef7d11f1acb4d9e5e859262074d61]
https://ae.jora.com [503] [GET] [text/html] [Sorry, we'll be back soon.] [cloudflare] [vhost] [cloudflare] [e96ce63239937da446b21cfff1d8cbfc]
https://api-dev.employer.jora.com [503] [GET] [text/html] [Sorry, we'll be back soon.] [cloudflare] [vhost] [cloudflare] [0334c74cddefcf80a238f7c0ed8cd1fd]
https://api-dev.employer.jora.com [503] [GET] [text/html] [Sorry, we'll be back soon.] [cloudflare] [vhost] [cloudflare] [c67fbcdcbaa516451a985ff20a85c196]
https://api.employer.jora.com [503] [GET] [text/html] [Sorry, we'll be back soon.] [cloudflare] [vhost] [cloudflare] [0329d91483284005aef6207866ef1c4b]
https://api.employer.jora.com [503] [GET] [text/html] [Sorry, we'll be back soon.] [cloudflare] [vhost] [cloudflare] [a74f2b8267c8f3449673044bbce397d3]
https://api.jora.com [503] [GET] [text/html] [Sorry, we'll be back soon.] [cloudflare] [vhost] [cloudflare] [c19b687750e6feea7b5cf047e9bc62d9]
https://api.jora.com [503] [GET] [text/html] [Sorry, we'll be back soon.] [cloudflare] [vhost] [cloudflare] [f4e4200251aa29f447d58afbf2d69bc8]
https://apply.jora.com [503] [GET] [text/html] [Sorry, we'll be back soon.] [cloudflare] [vhost] [cloudflare] [40df4a0c93f6e83684930c995a6039e4]
https://apply.jora.com [503] [GET] [text/html] [Sorry, we'll be back soon.] [cloudflare] [vhost] [cloudflare] [ed9815cbaa7ad18d1f9900d0b7b66369]
https://ar.jora.com [503] [GET] [text/html] [Sorry, we'll be back soon.] [cloudflare] [vhost] [cloudflare] [c9d475afb7f04dd60cde0fc5cf2bdd25]
https://ar.jora.com [503] [GET] [text/html] [Sorry, we'll be back soon.] [cloudflare] [vhost] [cloudflare] [da58dcc7fa4515a5a335593a62af92f9]
https://assets-dev.jora.com [503] [GET] [text/html] [Sorry, we'll be back soon.] [cloudflare] [vhost] [cloudflare] [2084ad195abe8cf8083dfa78e2c84ab0]
https://assets-dev.jora.com [503] [GET] [text/html] [Sorry, we'll be back soon.] [cloudflare] [vhost] [cloudflare] [62af35a11c4c7af7c2880510b9465590]
https://assets.jora.com [503] [GET] [text/html] [Sorry, we'll be back soon.] [cloudflare] [vhost] [cloudflare] [1968da37e9ca0a585a3a7a556c1cb1f4]
https://assets.jora.com [503] [GET] [text/html] [Sorry, we'll be back soon.] [cloudflare] [vhost] [cloudflare] [593a88e6bb59737bbd67dcceda61ccc9]
https://au.jora.com [503] [GET] [text/html] [Sorry, we'll be back soon.] [cloudflare] [vhost] [cloudflare] [88db744d2285823eaaf54a64760cf852]
https://au.jora.com [503] [GET] [text/html] [Sorry, we'll be back soon.] [cloudflare] [vhost] [cloudflare] [d025942d308bf6aa71cbc09c41d2da48]
https://bd.jora.com [503] [GET] [text/html] [Sorry, we'll be back soon.] [cloudflare] [vhost] [cloudflare] [15926d1bf20db61d9edd5a53a59753dc]
https://bd.jora.com [503] [GET] [text/html] [Sorry, we'll be back soon.] [cloudflare] [vhost] [cloudflare] [aec9371a3abc341aa621f1021fca2a36]
https://br.jora.com [503] [GET] [text/html] [Sorry, we'll be back soon.] [cloudflare] [vhost] [cloudflare] [2bcc46f38da95e37903d5853689bde30]
https://br.jora.com [503] [GET] [text/html] [Sorry, we'll be back soon.] [cloudflare] [vhost] [cloudflare] [843dcbaf723405b37b3022469012c466]
https://ca.jora.com [503] [GET] [text/html] [Sorry, we'll be back soon.] [cloudflare] [vhost] [cloudflare] [0e57d57026ebdc59ba79dd3e0083f4cd]
https://ca.jora.com [503] [GET] [text/html] [Sorry, we'll be back soon.] [cloudflare] [vhost] [cloudflare] [87c1e7a19651d8b3b9a2d5227641b612]
https://cdn.jora.com [503] [GET] [text/html] [Sorry, we'll be back soon.] [cloudflare] [vhost] [cloudflare] [0bd9641612d5866cadce2ea8dbe90095]
https://cdn.jora.com [503] [GET] [text/html] [Sorry, we'll be back soon.] [cloudflare] [vhost] [cloudflare] [4cd8be232be0b35d5462289bccf92bb7]
https://cdn1.jora.com [503] [GET] [text/html] [Sorry, we'll be back soon.] [cloudflare] [vhost] [cloudflare] [06a7c9597e71a9a409671d49424492f7]
https://cdn1.jora.com [503] [GET] [text/html] [Sorry, we'll be back soon.] [cloudflare] [vhost] [cloudflare] [22dc5404bc0bea185358de1de4db96b3]
https://cl.jora.com [503] [GET] [text/html] [Sorry, we'll be back soon.] [cloudflare] [vhost] [cloudflare] [1cc21ee51c1db92b642424a01ff21070]
https://cl.jora.com [503] [GET] [text/html] [Sorry, we'll be back soon.] [cloudflare] [vhost] [cloudflare] [5c7d6a9e1b374680bc3721c9fea0c509]
https://co.jora.com [503] [GET] [text/html] [Sorry, we'll be back soon.] [cloudflare] [vhost] [cloudflare] [01aabb0475d0476f9a611451014f4b4f]
https://co.jora.com [503] [GET] [text/html] [Sorry, we'll be back soon.] [cloudflare] [vhost] [cloudflare] [7b74361ddd0484b66c7caab3e3c92cb9]
https://dev-emp.jora.com [503] [GET] [text/html] [Sorry, we'll be back soon.] [cloudflare] [vhost] [cloudflare] [1315a4844b2337bc84022f429a918d67]
https://dev-emp.jora.com [503] [GET] [text/html] [Sorry, we'll be back soon.] [cloudflare] [vhost] [cloudflare] [84526c3be6dd077d931fb87f4565a760]
https://dev-employer-legacy.jora.com [503] [GET] [text/html] [Sorry, we'll be back soon.] [cloudflare] [vhost] [cloudflare] [8c9b6481b4400cb8f1bd0a1d1b3f62a1]
https://dev-employer-legacy.jora.com [503] [GET] [text/html] [Sorry, we'll be back soon.] [cloudflare] [vhost] [cloudflare] [9f8f21eccc3ebb65b01fc5ec2ab602b8]
https://dev-employer.jora.com [503] [GET] [text/html] [Sorry, we'll be back soon.] [cloudflare] [vhost] [cloudflare] [5867e2b9861b07ded1d46d3b9ace2fd2]
https://dev-employer.jora.com [503] [GET] [text/html] [Sorry, we'll be back soon.] [cloudflare] [vhost] [cloudflare] [c073e40d6c4ecdbcb7deceaa3c6dcba9]
https://dz.jora.com [503] [GET] [text/html] [Sorry, we'll be back soon.] [cloudflare] [vhost] [cloudflare] [52b07d0d00e7c71deb2fb158fc5ad804]
https://dz.jora.com [503] [GET] [text/html] [Sorry, we'll be back soon.] [cloudflare] [vhost] [cloudflare] [a283ba8ba150574ab436dd04c8610108]
https://ec.jora.com [503] [GET] [text/html] [Sorry, we'll be back soon.] [cloudflare] [vhost] [cloudflare] [054cb19a0963048d5fa779efc334a74b]
https://ec.jora.com [503] [GET] [text/html] [Sorry, we'll be back soon.] [cloudflare] [vhost] [cloudflare] [2a80a3ac0c6ee01a266193140096b800]
https://es.jora.com [503] [GET] [text/html] [Sorry, we'll be back soon.] [cloudflare] [vhost] [cloudflare] [0be858d0650785f250da7f6406f77672]
https://es.jora.com [503] [GET] [text/html] [Sorry, we'll be back soon.] [cloudflare] [vhost] [cloudflare] [73daedc086a8fa6b869a6d8d384c1e90]
https://events.jora.com [404] [GET] [text/html] [The page you were looking for doesn't exist (404)] [nginx/1.16.1] [Nginx] [6cc3545f1d476b4b4e9f0785b4811be5]
https://firefly.jora.com [503] [GET] [text/html] [Sorry, we'll be back soon.] [cloudflare] [vhost] [cloudflare] [94b9c7499f1e70c41d8fe11dd517e76b]
https://firefly.jora.com [503] [GET] [text/html] [Sorry, we'll be back soon.] [cloudflare] [vhost] [cloudflare] [a50397a8a67cd8ff86e4ebe6706977b5]
https://fr.jora.com [503] [GET] [text/html] [Sorry, we'll be back soon.] [cloudflare] [vhost] [cloudflare] [098acb04b32f04b019bebbc4637bd070]
https://fr.jora.com [503] [GET] [text/html] [Sorry, we'll be back soon.] [cloudflare] [vhost] [cloudflare] [96b70e6c249410fb165985d1d7f76145]
https://global-lb.jora.com [503] [GET] [text/html] [Sorry, we'll be back soon.] [cloudflare] [vhost] [cloudflare] [11ca1aa30f814ec2cadd18053e18a18b]
https://global-lb.jora.com [503] [GET] [text/html] [Sorry, we'll be back soon.] [cloudflare] [vhost] [cloudflare] [70cc93eddafac63ef9fb94fca17e0a6f]
https://hk.jora.com [503] [GET] [text/html] [Sorry, we'll be back soon.] [cloudflare] [vhost] [cloudflare] [9e4dc09c17585096cd2367881a1d0059]
https://hk.jora.com [503] [GET] [text/html] [Sorry, we'll be back soon.] [cloudflare] [vhost] [cloudflare] [d3cf88bfd6a98a45392631853e3e4a22]
https://id.jora.com [503] [GET] [text/html] [Sorry, we'll be back soon.] [cloudflare] [vhost] [cloudflare] [5d74596c9f88563c6b087581ec627c16]
https://id.jora.com [503] [GET] [text/html] [Sorry, we'll be back soon.] [cloudflare] [vhost] [cloudflare] [a60a267d0a697964c4afdea487a6d930]
https://ie.jora.com [503] [GET] [text/html] [Sorry, we'll be back soon.] [cloudflare] [vhost] [cloudflare] [26cfeedaa9f296978fd904ce9fbd554f]
https://ie.jora.com [503] [GET] [text/html] [Sorry, we'll be back soon.] [cloudflare] [vhost] [cloudflare] [755698484e0f0f25d3b0243f497f009e]
https://in.jora.com [503] [GET] [text/html] [Sorry, we'll be back soon.] [cloudflare] [vhost] [cloudflare] [54594f1a59f0019a5ef5df2244d8e12f]
https://in.jora.com [503] [GET] [text/html] [Sorry, we'll be back soon.] [cloudflare] [vhost] [cloudflare] [5f3c2f70f4b26d201c4c1c448b395f41]
https://jora-assets.jora.com [503] [GET] [text/html] [Sorry, we'll be back soon.] [cloudflare] [vhost] [cloudflare] [234dbf7588f1c10b2b4c92b1247843ed]
https://jora-assets.jora.com [503] [GET] [text/html] [Sorry, we'll be back soon.] [cloudflare] [vhost] [cloudflare] [930b83f4f6eaf6d9e0cdcfde371caab9]
https://jora.com [503] [GET] [text/html] [Sorry, we'll be back soon.] [cloudflare] [vhost] [cloudflare] [2fae33a88c47220faeb8aaa802f3962e]
https://jora.com [503] [GET] [text/html] [Sorry, we'll be back soon.] [cloudflare] [vhost] [cloudflare] [9ab363ea38e6a4e4302660c2f698ba69]
https://jupiter-admin.jora.com [301] [GET] [] [] [cloudflare] [vhost] [cloudflare] [d41d8cd98f00b204e9800998ecf8427e]
https://jupiter.jora.com [503] [GET] [text/html] [Sorry, we'll be back soon.] [cloudflare] [vhost] [cloudflare] [4b3a94253ece8e987e670fddb91bb86c]
https://jupiter.jora.com [503] [GET] [text/html] [Sorry, we'll be back soon.] [cloudflare] [vhost] [cloudflare] [f250b220a4071b1b2461b39d7e947441]
https://ke.jora.com [503] [GET] [text/html] [Sorry, we'll be back soon.] [cloudflare] [vhost] [cloudflare] [20778dd3723fa35ce5ac509166b057f2]
https://ke.jora.com [503] [GET] [text/html] [Sorry, we'll be back soon.] [cloudflare] [vhost] [cloudflare] [83f0e62476d2f7142fad5b006d917006]
https://kh.jora.com [503] [GET] [text/html] [Sorry, we'll be back soon.] [cloudflare] [vhost] [cloudflare] [4cb963e682f17814df33704a665a4e39]
https://kh.jora.com [503] [GET] [text/html] [Sorry, we'll be back soon.] [cloudflare] [vhost] [cloudflare] [ac52476116b8d335b80c0ed5ad0bac12]
https://kibana.jora.com [503] [GET] [text/html] [Sorry, we'll be back soon.] [cloudflare] [vhost] [cloudflare] [8a0c46f9cafcd2700259741fc76297db]
https://kibana.jora.com [503] [GET] [text/html] [Sorry, we'll be back soon.] [cloudflare] [vhost] [cloudflare] [d49e3a0849ea89314385a9f0d69f9997]
https://la.jora.com [503] [GET] [text/html] [Sorry, we'll be back soon.] [cloudflare] [vhost] [cloudflare] [78749ddfcf3acf213eebb4274c586f35]
https://la.jora.com [503] [GET] [text/html] [Sorry, we'll be back soon.] [cloudflare] [vhost] [cloudflare] [e0aa445da71eacc01121347c7efa9d11]
https://local.jora.com [503] [GET] [text/html] [Sorry, we'll be back soon.] [cloudflare] [vhost] [cloudflare] [551b493b4b917d8dbf3f5a498bf062a6]
https://local.jora.com [503] [GET] [text/html] [Sorry, we'll be back soon.] [cloudflare] [vhost] [cloudflare] [5b6c6c0a7d030d9a670b31f223fb0c74]
https://ma.jora.com [503] [GET] [text/html] [Sorry, we'll be back soon.] [cloudflare] [vhost] [cloudflare] [7b50113b0c9e58f4cb0f18dd0e4e5d05]
https://ma.jora.com [503] [GET] [text/html] [Sorry, we'll be back soon.] [cloudflare] [vhost] [cloudflare] [885da7c2f05f280a6496ede695f8ffe7]
https://mm.jora.com [503] [GET] [text/html] [Sorry, we'll be back soon.] [cloudflare] [vhost] [cloudflare] [1391280e7059263e38efccc1715e572d]
https://mm.jora.com [503] [GET] [text/html] [Sorry, we'll be back soon.] [cloudflare] [vhost] [cloudflare] [8e734dba345a8c05a6f0f359c5e08a94]
https://mmail.jora.com [302] [GET] [text/html] [] [nginx/1.4.6 (Ubuntu)] [Nginx,PHP,Ubuntu] [d41d8cd98f00b204e9800998ecf8427e]
https://mx.jora.com [503] [GET] [text/html] [Sorry, we'll be back soon.] [cloudflare] [vhost] [cloudflare] [356eaabee5327f03386d186f69f4e66d]
https://mx.jora.com [503] [GET] [text/html] [Sorry, we'll be back soon.] [cloudflare] [vhost] [cloudflare] [a1de5dab177dc7bb73909c99ab52395f]
https://my.jora.com [503] [GET] [text/html] [Sorry, we'll be back soon.] [cloudflare] [vhost] [cloudflare] [8cf137e2a1464294eb08ed6b17035664]
https://my.jora.com [503] [GET] [text/html] [Sorry, we'll be back soon.] [cloudflare] [vhost] [cloudflare] [c1bf0229cbe4afa9f3c8b35bb735c3a3]
https://ng.jora.com [503] [GET] [text/html] [Sorry, we'll be back soon.] [cloudflare] [vhost] [cloudflare] [19f25e267358ebf1266eae357554c0fd]
https://ng.jora.com [503] [GET] [text/html] [Sorry, we'll be back soon.] [cloudflare] [vhost] [cloudflare] [97ce11ef9979dc4ee1d375509686090b]
https://nz.jora.com [503] [GET] [text/html] [Sorry, we'll be back soon.] [cloudflare] [vhost] [cloudflare] [2891e9eb0062e1b1894cc4871204ca0c]
https://nz.jora.com [503] [GET] [text/html] [Sorry, we'll be back soon.] [cloudflare] [vhost] [cloudflare] [a4323143b81bdd4ec2a668ec9a7b1faa]
https://partner-feeds.jora.com [503] [GET] [text/html] [Sorry, we'll be back soon.] [cloudflare] [vhost] [cloudflare] [7765140ed637a9d9aa1eb6c6522ad07e]
https://partner-feeds.jora.com [503] [GET] [text/html] [Sorry, we'll be back soon.] [cloudflare] [vhost] [cloudflare] [cd027291ad28b786efebe7c3557ad446]
https://pe.jora.com [503] [GET] [text/html] [Sorry, we'll be back soon.] [cloudflare] [vhost] [cloudflare] [5c3e7aae9b7ed39e50f60b1b650b8198]
https://pe.jora.com [503] [GET] [text/html] [Sorry, we'll be back soon.] [cloudflare] [vhost] [cloudflare] [b886024cb837617489763ec1dd602009]
https://ph.jora.com [503] [GET] [text/html] [Sorry, we'll be back soon.] [cloudflare] [vhost] [cloudflare] [c01db7c29720f3d0e4cf8e97254716cf]
https://ph.jora.com [503] [GET] [text/html] [Sorry, we'll be back soon.] [cloudflare] [vhost] [cloudflare] [f3b973434b101284aa68010292f5a04b]
https://pk.jora.com [503] [GET] [text/html] [Sorry, we'll be back soon.] [cloudflare] [vhost] [cloudflare] [42c19eaafe4a2de55b27a52c4e59d3f7]
https://pk.jora.com [503] [GET] [text/html] [Sorry, we'll be back soon.] [cloudflare] [vhost] [cloudflare] [e411024f5f244a2cb3f77796bc9edef8]
https://production-firefly.jora.com [503] [GET] [text/html] [Sorry, we'll be back soon.] [cloudflare] [vhost] [cloudflare] [6663afeb03d2e079b919ff0f74f1d472]
https://production-firefly.jora.com [503] [GET] [text/html] [Sorry, we'll be back soon.] [cloudflare] [vhost] [cloudflare] [9d4408dcbeac027dff45fb6b07e5aa03]
https://production-uap.jora.com [503] [GET] [text/html] [Sorry, we'll be back soon.] [cloudflare] [vhost] [cloudflare] [88044e35ae3f3539836ef5cffd9da975]
https://production-uap.jora.com [503] [GET] [text/html] [Sorry, we'll be back soon.] [cloudflare] [vhost] [cloudflare] [f7bfccfd00a4def5dac181884e084e92]
https://pt.jora.com [503] [GET] [text/html] [Sorry, we'll be back soon.] [cloudflare] [vhost] [cloudflare] [70a9977c5ea505c53b3850be1c6e4943]
https://pt.jora.com [503] [GET] [text/html] [Sorry, we'll be back soon.] [cloudflare] [vhost] [cloudflare] [863488e96fc691a2ae7d73da762aa852]
https://qa.jora.com [503] [GET] [text/html] [Sorry, we'll be back soon.] [cloudflare] [vhost] [cloudflare] [05d7368cd9219695fdc160c3c0a416ab]
https://qa.jora.com [503] [GET] [text/html] [Sorry, we'll be back soon.] [cloudflare] [vhost] [cloudflare] [6bf21318ea8806dc2c282e5671b03093]
https://sg.jora.com [503] [GET] [text/html] [Sorry, we'll be back soon.] [cloudflare] [vhost] [cloudflare] [64b7e5da2f36938ebd5282a6a39df002]
https://sg.jora.com [503] [GET] [text/html] [Sorry, we'll be back soon.] [cloudflare] [vhost] [cloudflare] [dcad0fbec4356f9cd0a618effdf73512]
https://staging-cdn.jora.com [503] [GET] [text/html] [Sorry, we'll be back soon.] [cloudflare] [vhost] [cloudflare] [315eba5f0c7635f2710b583f92a5c0e6]
https://staging-cdn.jora.com [503] [GET] [text/html] [Sorry, we'll be back soon.] [cloudflare] [vhost] [cloudflare] [3d9cad269fbec71f902982f54da2e657]
https://t.mail.jora.com [302] [GET] [text/html] [] [nginx/1.12.2] [Nginx,PHP] [d41d8cd98f00b204e9800998ecf8427e]
https://t.mail.jora.com [302] [GET] [text/html] [] [nginx/1.4.6 (Ubuntu)] [Nginx,PHP,Ubuntu] [d41d8cd98f00b204e9800998ecf8427e]
https://th.jora.com [503] [GET] [text/html] [Sorry, we'll be back soon.] [cloudflare] [vhost] [cloudflare] [0fa2483182e476bf7367587396847ca4]
https://th.jora.com [503] [GET] [text/html] [Sorry, we'll be back soon.] [cloudflare] [vhost] [cloudflare] [b429abc74b8dfc58a83bd43874bdd846]
https://tn.jora.com [503] [GET] [text/html] [Sorry, we'll be back soon.] [cloudflare] [vhost] [cloudflare] [3767ad62f95cc0d3a2b2169db716d9ec]
https://tn.jora.com [503] [GET] [text/html] [Sorry, we'll be back soon.] [cloudflare] [vhost] [cloudflare] [482599024044a9740b1a6b26aeb38df6]
https://uk.jora.com [503] [GET] [text/html] [Sorry, we'll be back soon.] [cloudflare] [vhost] [cloudflare] [4ddca8b5ab47babbc23589132bd79561]
https://uk.jora.com [503] [GET] [text/html] [Sorry, we'll be back soon.] [cloudflare] [vhost] [cloudflare] [d4231017a5cd4d4e4fefb173a97fbe9b]
https://us.jora.com [503] [GET] [text/html] [Sorry, we'll be back soon.] [cloudflare] [vhost] [cloudflare] [4d0ddd7ecc2fb50b231ba2923c2f146c]
https://us.jora.com [503] [GET] [text/html] [Sorry, we'll be back soon.] [cloudflare] [vhost] [cloudflare] [9dcfb84706916cfcfc6803d75671ee0e]
https://usw1.jora.com [503] [GET] [text/html] [Sorry, we'll be back soon.] [cloudflare] [vhost] [cloudflare] [27542f9dd021051ada0082bee7b9d77f]
https://usw1.jora.com [503] [GET] [text/html] [Sorry, we'll be back soon.] [cloudflare] [vhost] [cloudflare] [e86fdd2bd7938a7711a840518cbdfc30]
https://ve.jora.com [503] [GET] [text/html] [Sorry, we'll be back soon.] [cloudflare] [vhost] [cloudflare] [1b0b38e0e94b913f2aff7cf7434b918b]
https://ve.jora.com [503] [GET] [text/html] [Sorry, we'll be back soon.] [cloudflare] [vhost] [cloudflare] [49cac5f159b8106fce157d38fbac7c92]
https://vn.jora.com [503] [GET] [text/html] [Sorry, we'll be back soon.] [cloudflare] [vhost] [cloudflare] [aa0fa15aaa416524773c78eae71637a2]
https://vn.jora.com [503] [GET] [text/html] [Sorry, we'll be back soon.] [cloudflare] [vhost] [cloudflare] [ad5fe3e81d2c6692872735aa4a1e5fca]
https://www.jora.com [503] [GET] [text/html] [Sorry, we'll be back soon.] [cloudflare] [vhost] [cloudflare] [6f3cd0653c6d9449eba821ef9f5d1be2]
https://www.jora.com [503] [GET] [text/html] [Sorry, we'll be back soon.] [cloudflare] [vhost] [cloudflare] [e0878ef84d5eb46a015a5fb6ed4a287c]
https://za.jora.com [503] [GET] [text/html] [Sorry, we'll be back soon.] [cloudflare] [vhost] [cloudflare] [3d4d515f6b4ca8a90539a85e4dd6c478]
https://za.jora.com [503] [GET] [text/html] [Sorry, we'll be back soon.] [cloudflare] [vhost] [cloudflare] [cafe5b2948b9a41bd0fc2f621a4a59d9]
