http://acc-shop.just-eat.fr:2082 [301] [GET] [] [] [cloudflare] [vhost] [cloudflare] [d41d8cd98f00b204e9800998ecf8427e]
http://acc-shop.just-eat.fr:2083 [400] [GET] [text/html] [400 The plain HTTP request was sent to HTTPS port] [cloudflare] [cloudflare] [20ad84d030031252141ca0b3fc0183f0]
http://acc-shop.just-eat.fr:2086 [301] [GET] [] [] [cloudflare] [vhost] [cloudflare] [d41d8cd98f00b204e9800998ecf8427e]
http://acc-shop.just-eat.fr:2087 [400] [GET] [text/html] [400 The plain HTTP request was sent to HTTPS port] [cloudflare] [cloudflare] [20ad84d030031252141ca0b3fc0183f0]
http://acc-shop.just-eat.fr:8080 [301] [GET] [] [] [cloudflare] [vhost] [cloudflare] [d41d8cd98f00b204e9800998ecf8427e]
http://acc-shop.just-eat.fr:8880 [301] [GET] [] [] [cloudflare] [vhost] [cloudflare] [d41d8cd98f00b204e9800998ecf8427e]
https://ablink.emails.just-eat.fr [404] [GET] [text/html] [404 Not Found] [nginx] [vhost] [cloudfront] [Amazon Cloudfront,Amazon Web Services,Nginx] [70461da8b94c6ca5d2fda3260c5a8c3b]
https://acc-shop.just-eat.fr [301] [GET] [text/html] [301 Moved Permanently] [cloudflare] [vhost] [cloudflare] [Cloudflare] [b4959f71f7e5e1342d8f01de594a15a3]
https://api.just-eat.fr [403] [GET] [text/plain] [] [cloudflare] [vhost] [cloudflare] [Cloudflare,Cloudflare Bot Management] [7b5ea53ba332630e5aca8e4abb807f70]
https://awards.just-eat.fr [403] [GET] [text/plain] [] [cloudflare] [vhost] [cloudflare] [Cloudflare,Cloudflare Bot Management] [7b5ea53ba332630e5aca8e4abb807f70]
https://beta.just-eat.fr [403] [GET] [text/plain] [] [cloudflare] [vhost] [cloudflare] [Cloudflare,Cloudflare Bot Management] [7b5ea53ba332630e5aca8e4abb807f70]
https://click.email.just-eat.fr [403] [GET] [text/html] [403 - Forbidden: Access is denied.] [] [vhost] [11ca4578cb026a23713aea6781b8ece3]
https://click.update.just-eat.fr [403] [GET] [text/html] [403 - Forbidden: Access is denied.] [] [11ca4578cb026a23713aea6781b8ece3]
https://cloud.email.just-eat.fr [403] [GET] [text/html] [403 - Forbidden: Access is denied.] [] [11ca4578cb026a23713aea6781b8ece3]
https://cloud.update.just-eat.fr [403] [GET] [text/html] [403 - Forbidden: Access is denied.] [] [11ca4578cb026a23713aea6781b8ece3]
https://commandes.just-eat.fr [403] [GET] [text/plain] [] [cloudflare] [vhost] [cloudflare] [Cloudflare,Cloudflare Bot Management] [7b5ea53ba332630e5aca8e4abb807f70]
https://corporate.just-eat.fr [403] [GET] [text/plain] [] [cloudflare] [vhost] [cloudflare] [Cloudflare,Cloudflare Bot Management] [7b5ea53ba332630e5aca8e4abb807f70]
https://image.email.just-eat.fr [403] [GET] [text/html] [Access Denied] [AkamaiGHost] [vhost] [bc3abdb941cff95e921fa174af4f7402]
https://image.email.just-eat.fr [403] [GET] [text/html] [Access Denied] [AkamaiGHost] [vhost] [c434a6dcf910463c6db2de00cce7e70a]
https://image.update.just-eat.fr [403] [GET] [text/html] [Access Denied] [AkamaiGHost] [vhost] [217607fe3eae29836b295a45c0749b7b]
https://image.update.just-eat.fr [403] [GET] [text/html] [Access Denied] [AkamaiGHost] [vhost] [be40b907e83808c434d9520faa959b3c]
https://just-eat.fr [301] [GET] [] [] [Varnish] [vhost] [fastly] [d41d8cd98f00b204e9800998ecf8427e]
https://m.just-eat.fr [403] [GET] [text/plain] [] [cloudflare] [vhost] [cloudflare] [Cloudflare,Cloudflare Bot Management] [7b5ea53ba332630e5aca8e4abb807f70]
https://orders.just-eat.fr [403] [GET] [text/plain] [] [cloudflare] [vhost] [cloudflare] [Cloudflare,Cloudflare Bot Management] [7b5ea53ba332630e5aca8e4abb807f70]
https://partner.just-eat.fr [403] [GET] [text/plain] [] [cloudflare] [vhost] [cloudflare] [Cloudflare,Cloudflare Bot Management] [7b5ea53ba332630e5aca8e4abb807f70]
https://restaurant.just-eat.fr [403] [GET] [text/plain] [] [cloudflare] [vhost] [cloudflare] [Cloudflare,Cloudflare Bot Management] [7b5ea53ba332630e5aca8e4abb807f70]
https://restaurants.just-eat.fr [403] [GET] [text/plain] [] [cloudflare] [vhost] [cloudflare] [Cloudflare,Cloudflare Bot Management] [7b5ea53ba332630e5aca8e4abb807f70]
https://restaurateurs.just-eat.fr [403] [GET] [text/plain] [] [cloudflare] [vhost] [cloudflare] [Cloudflare,Cloudflare Bot Management] [7b5ea53ba332630e5aca8e4abb807f70]
https://shop.just-eat.fr [303] [GET] [] [] [nginx/1.21.2] [vhost] [incapsula] [Amazon ALB,Amazon Web Services,Imperva,Nginx] [d41d8cd98f00b204e9800998ecf8427e]
https://subfolder-proxy-awards.just-eat.fr [403] [GET] [text/plain] [] [cloudflare] [vhost] [cloudflare] [Cloudflare,Cloudflare Bot Management] [7b5ea53ba332630e5aca8e4abb807f70]
https://subfolder-proxy-deals.just-eat.fr [403] [GET] [text/plain] [] [cloudflare] [vhost] [cloudflare] [Cloudflare,Cloudflare Bot Management] [7b5ea53ba332630e5aca8e4abb807f70]
https://subfolder-proxy-drivers.just-eat.fr [403] [GET] [text/plain] [] [cloudflare] [vhost] [cloudflare] [Cloudflare,Cloudflare Bot Management] [7b5ea53ba332630e5aca8e4abb807f70]
https://subfolder-proxy-foodwiki.just-eat.fr [403] [GET] [text/plain] [] [cloudflare] [vhost] [cloudflare] [Cloudflare,Cloudflare Bot Management] [7b5ea53ba332630e5aca8e4abb807f70]
https://subfolder-proxy-lb.just-eat.fr [403] [GET] [text/plain] [] [cloudflare] [vhost] [cloudflare] [Cloudflare,Cloudflare Bot Management] [7b5ea53ba332630e5aca8e4abb807f70]
https://subfolder-proxy-takeawaypay.just-eat.fr [403] [GET] [text/plain] [] [cloudflare] [vhost] [cloudflare] [Cloudflare,Cloudflare Bot Management] [7b5ea53ba332630e5aca8e4abb807f70]
https://test-shop.just-eat.fr [302] [GET] [text/html] [302 Found] [awselb/2.0] [vhost] [f366e0e18b589cb6f243bf43ce75e83c]
https://tv.just-eat.fr [403] [GET] [text/plain] [] [cloudflare] [vhost] [cloudflare] [Cloudflare,Cloudflare Bot Management] [7b5ea53ba332630e5aca8e4abb807f70]
https://view.email.just-eat.fr [302] [GET] [text/html] [Object moved] [] [0b9ef0192b2022a0b94f012083714795]
https://view.update.just-eat.fr [302] [GET] [text/html] [Object moved] [] [0b9ef0192b2022a0b94f012083714795]
https://www.just-eat.fr [403] [GET] [text/plain] [] [cloudflare] [vhost] [cloudflare] [Cloudflare,Cloudflare Bot Management] [7b5ea53ba332630e5aca8e4abb807f70]
