http://justeattakeaway.com:2082 [301] [GET] [] [] [cloudflare] [vhost] [cloudflare] [Cloudflare,Cloudflare Bot Management] [d41d8cd98f00b204e9800998ecf8427e]
http://justeattakeaway.com:2086 [301] [GET] [] [] [cloudflare] [vhost] [cloudflare] [Cloudflare,Cloudflare Bot Management] [d41d8cd98f00b204e9800998ecf8427e]
http://justeattakeaway.com:8080 [301] [GET] [] [] [cloudflare] [vhost] [cloudflare] [Cloudflare,Cloudflare Bot Management] [d41d8cd98f00b204e9800998ecf8427e]
http://justeattakeaway.com:8880 [301] [GET] [] [] [cloudflare] [vhost] [cloudflare] [Cloudflare,Cloudflare Bot Management] [d41d8cd98f00b204e9800998ecf8427e]
https://access.justeattakeaway.com [301] [GET] [text/html] [Document Moved] [cloudflare] [vhost] [cloudflare] [Amazon ALB,Amazon Web Services,Cloudflare,Cloudflare Bot Management,IIS,Microsoft ASP.NET] [5415f23f72e5acd475ee6daeba0bece2]
https://beta.justeattakeaway.com [503] [GET] [text/html] [Just a moment...] [cloudflare] [vhost] [cloudflare] [Cloudflare,Cloudflare Bot Management,hCaptcha] [530eae50184fac9c85b650d5c50447f3]
https://beta.justeattakeaway.com [503] [GET] [text/html] [Just a moment...] [cloudflare] [vhost] [cloudflare] [Cloudflare,Cloudflare Bot Management,hCaptcha] [f772cadcfff7b62dece75c6b5dca0efc]
https://brand.justeattakeaway.com [302] [GET] [text/html] [] [cloudflare] [vhost] [cloudflare] [Amazon ALB,Amazon Web Services,Cloudflare,Cloudflare Bot Management,PHP,Sqreen] [d41d8cd98f00b204e9800998ecf8427e]
https://careers.justeattakeaway.com [303] [GET] [] [] [] [vhost] [Java,Play,Scala] [d41d8cd98f00b204e9800998ecf8427e]
https://click.connect.justeattakeaway.com [403] [GET] [text/html] [403 - Forbidden: Access is denied.] [] [11ca4578cb026a23713aea6781b8ece3]
https://click.ridewith.justeattakeaway.com [403] [GET] [text/html] [403 - Forbidden: Access is denied.] [] [11ca4578cb026a23713aea6781b8ece3]
https://cloud.connect.justeattakeaway.com [403] [GET] [text/html] [403 - Forbidden: Access is denied.] [] [11ca4578cb026a23713aea6781b8ece3]
https://cloud.ridewith.justeattakeaway.com [403] [GET] [text/html] [403 - Forbidden: Access is denied.] [] [11ca4578cb026a23713aea6781b8ece3]
https://easylogin.justeattakeaway.com [301] [GET] [] [] [cloudflare] [vhost] [cloudflare] [Cloudflare,Cloudflare Bot Management] [d41d8cd98f00b204e9800998ecf8427e]
https://emails.corporate.justeattakeaway.com [404] [GET] [text/html] [404 Not Found] [] [vhost] [8e325dc2fea7c8900fc6c4b8c6c394fe]
https://enterpriseenrollment.justeattakeaway.com [302] [GET] [] [] [Microsoft-IIS/10.0] [azure] [IIS,Microsoft ASP.NET,Windows Server] [d41d8cd98f00b204e9800998ecf8427e]
https://enterpriseregistration.justeattakeaway.com [404] [GET] [text/html] [Service] [] [azure] [17654c28a506596d05424ea295203bac]
https://features.api.justeattakeaway.com [404] [GET] [application/xml] [] [AmazonS3] [vhost] [incapsula] [Amazon Cloudfront,Amazon S3,Amazon Web Services,Imperva] [c257e4f166dfbb933d2ecbff671a2a15]
https://features.api.justeattakeaway.com [404] [GET] [application/xml] [] [AmazonS3] [vhost] [incapsula] [Amazon Cloudfront,Amazon S3,Amazon Web Services,Imperva] [fe7bfb17808030655f627e3bb895d3f6]
https://image.connect.justeattakeaway.com [403] [GET] [text/html] [Access Denied] [AkamaiGHost] [vhost] [24eb699db2be69376e5cd069aa1d1d00]
https://image.connect.justeattakeaway.com [403] [GET] [text/html] [Access Denied] [AkamaiGHost] [vhost] [810f209c95f3d6300bbe99c430f96f80]
https://image.ridewith.justeattakeaway.com [403] [GET] [text/html] [Access Denied] [AkamaiGHost] [vhost] [3226cd8df3d15582d2edad64e8ae4992]
https://image.ridewith.justeattakeaway.com [403] [GET] [text/html] [Access Denied] [AkamaiGHost] [vhost] [50bfb599b9c973148b4a3c200541e130]
https://justeattakeaway.com [308] [GET] [text/html] [308 Permanent Redirect] [cloudflare] [vhost] [cloudflare] [Cloudflare,Cloudflare Bot Management] [f23c4815ecaef1588f16ac735c0e15d6]
https://justeattakeaway.com:2083 [521] [GET] [] [] [cloudflare] [vhost] [cloudflare] [Cloudflare,Cloudflare Bot Management] [d41d8cd98f00b204e9800998ecf8427e]
https://justeattakeaway.com:2087 [521] [GET] [] [] [cloudflare] [vhost] [cloudflare] [Cloudflare,Cloudflare Bot Management] [d41d8cd98f00b204e9800998ecf8427e]
https://justeattakeaway.com:8443 [521] [GET] [] [] [cloudflare] [vhost] [cloudflare] [Cloudflare,Cloudflare Bot Management] [d41d8cd98f00b204e9800998ecf8427e]
https://kitchen.justeattakeaway.com [302] [GET] [text/html] [] [Google Frontend] [vhost] [Google App Engine,Google Cloud,Google Cloud Trace] [d41d8cd98f00b204e9800998ecf8427e]
https://rest.api.justeattakeaway.com [404] [GET] [application/json] [] [] [vhost] [incapsula] [Imperva] [2c7ef3e2a869dd3196f197e7c6b27070]
https://sg.api.justeattakeaway.com [404] [GET] [application/json] [] [] [vhost] [incapsula] [Imperva] [2c7ef3e2a869dd3196f197e7c6b27070]
https://support.justeattakeaway.com [301] [GET] [] [] [cloudflare] [vhost] [cloudflare] [Cloudflare,Cloudflare Bot Management] [d41d8cd98f00b204e9800998ecf8427e]
https://tech.justeattakeaway.com [200] [GET] [text/html] [Tech Blog – Just Eat Takeaway] [cloudflare] [vhost] [cloudflare] [Cloudflare,Cloudflare Bot Management,MySQL,PHP,WordPress] [b2536be296aca8c79a7d9f1252316edd]
https://view.connect.justeattakeaway.com [302] [GET] [text/html] [Object moved] [] [0b9ef0192b2022a0b94f012083714795]
https://view.ridewith.justeattakeaway.com [302] [GET] [text/html] [Object moved] [] [0b9ef0192b2022a0b94f012083714795]
https://www.justeattakeaway.com [503] [GET] [text/html] [Just a moment...] [cloudflare] [vhost] [cloudflare] [Cloudflare,Cloudflare Bot Management,hCaptcha] [3fa29bb80678dcdb6ff71621a62f6ac9]
https://www.justeattakeaway.com [503] [GET] [text/html] [Just a moment...] [cloudflare] [vhost] [cloudflare] [Cloudflare,Cloudflare Bot Management,hCaptcha] [55c8f128cb6dcf94d1eb8b54a6e974b2]
