https://kb4compliance.com [302] [GET] [text/html] [] [nginx] [cloudfront] [Amazon Cloudfront,Amazon Web Services,Nginx,Sqreen] [d41d8cd98f00b204e9800998ecf8427e]
https://od-awesome-sauce-01.kb4compliance.com [302] [GET] [text/html] [] [nginx] [vhost] [cloudfront] [Amazon Cloudfront,Amazon Web Services,Nginx,Sqreen] [d41d8cd98f00b204e9800998ecf8427e]
https://od-bad-cf.kb4compliance.com [302] [GET] [text/html] [] [nginx] [vhost] [cloudfront] [Amazon Cloudfront,Amazon Web Services,Nginx,Sqreen] [d41d8cd98f00b204e9800998ecf8427e]
https://od-bank-account.kb4compliance.com [302] [GET] [text/html] [] [nginx] [vhost] [cloudfront] [Amazon Cloudfront,Amazon Web Services,Nginx,Sqreen] [d41d8cd98f00b204e9800998ecf8427e]
https://od-bav-test-sdheduling.kb4compliance.com [302] [GET] [text/html] [] [nginx] [vhost] [cloudfront] [Amazon Cloudfront,Amazon Web Services,Nginx,Sqreen] [d41d8cd98f00b204e9800998ecf8427e]
https://od-browser-evidence.kb4compliance.com [302] [GET] [text/html] [] [nginx] [vhost] [cloudfront] [Amazon Cloudfront,Amazon Web Services,Nginx,Sqreen] [d41d8cd98f00b204e9800998ecf8427e]
https://od-csv-exports-like-prod.kb4compliance.com [302] [GET] [text/html] [] [nginx] [vhost] [cloudfront] [Amazon Cloudfront,Amazon Web Services,Nginx,Sqreen] [d41d8cd98f00b204e9800998ecf8427e]
https://od-csv-exports-rc3.kb4compliance.com [302] [GET] [text/html] [] [nginx] [vhost] [cloudfront] [Amazon Cloudfront,Amazon Web Services,Nginx,Sqreen] [d41d8cd98f00b204e9800998ecf8427e]
https://od-csv-exports-rc4.kb4compliance.com [403] [GET] [text/html] [ERROR: The request could not be satisfied] [CloudFront] [cloudfront] [Amazon Cloudfront,Amazon Web Services] [43e20ad97e1714ec3c9cfa48760ef342]
https://od-csv-exports-rc4.kb4compliance.com [403] [GET] [text/html] [ERROR: The request could not be satisfied] [CloudFront] [cloudfront] [Amazon Cloudfront,Amazon Web Services] [9d16405af4664fceaf3d509d999e389c]
https://od-csv-exports.kb4compliance.com [302] [GET] [text/html] [] [nginx] [vhost] [cloudfront] [Amazon Cloudfront,Amazon Web Services,Nginx,Sqreen] [d41d8cd98f00b204e9800998ecf8427e]
https://od-data-exports.kb4compliance.com [302] [GET] [text/html] [] [nginx] [vhost] [cloudfront] [Amazon Cloudfront,Amazon Web Services,Nginx,Sqreen] [d41d8cd98f00b204e9800998ecf8427e]
https://od-demofortemasoft1.kb4compliance.com [302] [GET] [text/html] [] [nginx] [vhost] [cloudfront] [Amazon Cloudfront,Amazon Web Services,Nginx,Sqreen] [d41d8cd98f00b204e9800998ecf8427e]
https://od-dep-test.kb4compliance.com [302] [GET] [text/html] [] [nginx] [vhost] [cloudfront] [Amazon Cloudfront,Amazon Web Services,Nginx,Sqreen] [d41d8cd98f00b204e9800998ecf8427e]
https://od-dimitrim-3837.kb4compliance.com [302] [GET] [text/html] [] [nginx] [vhost] [cloudfront] [Amazon Cloudfront,Amazon Web Services,Nginx,Sqreen] [d41d8cd98f00b204e9800998ecf8427e]
https://od-dimitrim-4086.kb4compliance.com [302] [GET] [text/html] [] [nginx] [vhost] [cloudfront] [Amazon Cloudfront,Amazon Web Services,Nginx,Sqreen] [d41d8cd98f00b204e9800998ecf8427e]
https://od-dimitrim-4087-1.kb4compliance.com [302] [GET] [text/html] [] [nginx] [vhost] [cloudfront] [Amazon Cloudfront,Amazon Web Services,Nginx,Sqreen] [d41d8cd98f00b204e9800998ecf8427e]
https://od-dimitrim-5024.kb4compliance.com [302] [GET] [text/html] [] [nginx] [vhost] [cloudfront] [Amazon Cloudfront,Amazon Web Services,Nginx,Sqreen] [d41d8cd98f00b204e9800998ecf8427e]
https://od-dimitrim-5309-1.kb4compliance.com [403] [GET] [text/html] [ERROR: The request could not be satisfied] [CloudFront] [cloudfront] [Amazon Cloudfront,Amazon Web Services] [167f41f1b52c8331928a1b9781e46e75]
https://od-dimitrim-5309-1.kb4compliance.com [403] [GET] [text/html] [ERROR: The request could not be satisfied] [CloudFront] [cloudfront] [Amazon Cloudfront,Amazon Web Services] [289ed67433faccabf40aec2fed700d58]
https://od-dimitrim-5309.kb4compliance.com [302] [GET] [text/html] [] [nginx] [vhost] [cloudfront] [Amazon Cloudfront,Amazon Web Services,Nginx,Sqreen] [d41d8cd98f00b204e9800998ecf8427e]
https://od-dimitrim-5821-1.kb4compliance.com [302] [GET] [text/html] [] [nginx] [vhost] [cloudfront] [Amazon Cloudfront,Amazon Web Services,Nginx,Sqreen] [d41d8cd98f00b204e9800998ecf8427e]
https://od-dimitrim-5821.kb4compliance.com [302] [GET] [text/html] [] [nginx] [vhost] [cloudfront] [Amazon Cloudfront,Amazon Web Services,Nginx,Sqreen] [d41d8cd98f00b204e9800998ecf8427e]
https://od-dimitrim-5823.kb4compliance.com [302] [GET] [text/html] [] [nginx] [vhost] [cloudfront] [Amazon Cloudfront,Amazon Web Services,Nginx,Sqreen] [d41d8cd98f00b204e9800998ecf8427e]
https://od-dimitrim-5919.kb4compliance.com [403] [GET] [text/html] [ERROR: The request could not be satisfied] [CloudFront] [cloudfront] [Amazon Cloudfront,Amazon Web Services] [adc0b19a7359386ab2832c8cc6f014e7]
https://od-dimitrim-5919.kb4compliance.com [403] [GET] [text/html] [ERROR: The request could not be satisfied] [CloudFront] [cloudfront] [Amazon Cloudfront,Amazon Web Services] [cab7eb83deb28cfbb2b9b333e6e51405]
https://od-dimitrim-6064.kb4compliance.com [302] [GET] [text/html] [] [nginx] [vhost] [cloudfront] [Amazon Cloudfront,Amazon Web Services,Nginx,Sqreen] [d41d8cd98f00b204e9800998ecf8427e]
https://od-dimitrim-6440.kb4compliance.com [403] [GET] [text/html] [ERROR: The request could not be satisfied] [CloudFront] [cloudfront] [Amazon Cloudfront,Amazon Web Services] [1df4577a3cb9afd1848a020af7164d74]
https://od-dimitrim-6440.kb4compliance.com [403] [GET] [text/html] [ERROR: The request could not be satisfied] [CloudFront] [cloudfront] [Amazon Cloudfront,Amazon Web Services] [63e66823102c55ade69399585ba4e32d]
https://od-dimitrim-7168-1.kb4compliance.com [403] [GET] [text/html] [ERROR: The request could not be satisfied] [CloudFront] [cloudfront] [Amazon Cloudfront,Amazon Web Services] [b5b5b3d86429ea407bdddb7d73c10a35]
https://od-dimitrim-7168-1.kb4compliance.com [403] [GET] [text/html] [ERROR: The request could not be satisfied] [CloudFront] [cloudfront] [Amazon Cloudfront,Amazon Web Services] [d42843d7a122c9f8cb93b01c3fcadac6]
https://od-dimitrim-7168.kb4compliance.com [302] [GET] [text/html] [] [nginx] [vhost] [cloudfront] [Amazon Cloudfront,Amazon Web Services,Nginx,Sqreen] [d41d8cd98f00b204e9800998ecf8427e]
https://od-dimitrim-kcms-7168.kb4compliance.com [302] [GET] [text/html] [] [nginx] [vhost] [cloudfront] [Amazon Cloudfront,Amazon Web Services,Nginx,Sqreen] [d41d8cd98f00b204e9800998ecf8427e]
https://od-dimitrim-master.kb4compliance.com [302] [GET] [text/html] [] [nginx] [vhost] [cloudfront] [Amazon Cloudfront,Amazon Web Services,Nginx,Sqreen] [d41d8cd98f00b204e9800998ecf8427e]
https://od-dimitrim-rc3.kb4compliance.com [302] [GET] [text/html] [] [nginx] [vhost] [cloudfront] [Amazon Cloudfront,Amazon Web Services,Nginx,Sqreen] [d41d8cd98f00b204e9800998ecf8427e]
https://od-embargoed-emails.kb4compliance.com [403] [GET] [text/html] [ERROR: The request could not be satisfied] [CloudFront] [cloudfront] [Amazon Cloudfront,Amazon Web Services] [588d30e61411bf8c09c6a3bafe56be3f]
https://od-embargoed-emails.kb4compliance.com [403] [GET] [text/html] [ERROR: The request could not be satisfied] [CloudFront] [cloudfront] [Amazon Cloudfront,Amazon Web Services] [e13dae6940e1d3fd1bcc36fe421c4c5a]
https://od-erikh-01.kb4compliance.com [302] [GET] [text/html] [] [nginx] [vhost] [cloudfront] [Amazon Cloudfront,Amazon Web Services,Nginx,Sqreen] [d41d8cd98f00b204e9800998ecf8427e]
https://od-erikh-02.kb4compliance.com [302] [GET] [text/html] [] [nginx] [vhost] [cloudfront] [Amazon Cloudfront,Amazon Web Services,Nginx,Sqreen] [d41d8cd98f00b204e9800998ecf8427e]
https://od-erikh-clickwrap.kb4compliance.com [302] [GET] [text/html] [] [nginx] [vhost] [cloudfront] [Amazon Cloudfront,Amazon Web Services,Nginx,Sqreen] [d41d8cd98f00b204e9800998ecf8427e]
https://od-erikh-pendo.kb4compliance.com [302] [GET] [text/html] [] [nginx] [vhost] [cloudfront] [Amazon Cloudfront,Amazon Web Services,Nginx,Sqreen] [d41d8cd98f00b204e9800998ecf8427e]
https://od-erikh01.kb4compliance.com [403] [GET] [text/html] [ERROR: The request could not be satisfied] [CloudFront] [cloudfront] [Amazon Cloudfront,Amazon Web Services] [999ec2b687ee77107dffb0b25535977a]
https://od-erikh01.kb4compliance.com [403] [GET] [text/html] [ERROR: The request could not be satisfied] [CloudFront] [cloudfront] [Amazon Cloudfront,Amazon Web Services] [e8002fea721b0cacde62f09f070e42f4]
https://od-feature-bulk-controls-req.kb4compliance.com [403] [GET] [text/html] [ERROR: The request could not be satisfied] [CloudFront] [cloudfront] [Amazon Cloudfront,Amazon Web Services] [9c99af7aa6070d537001f1db56cfa9b3]
https://od-feature-bulk-controls-req.kb4compliance.com [403] [GET] [text/html] [ERROR: The request could not be satisfied] [CloudFront] [cloudfront] [Amazon Cloudfront,Amazon Web Services] [f48b5a7f6d54ca2a02d1365031e7673d]
https://od-feature-integrations.kb4compliance.com [403] [GET] [text/html] [ERROR: The request could not be satisfied] [CloudFront] [cloudfront] [Amazon Cloudfront,Amazon Web Services] [30acb17fb91aa01639be57d454718e0d]
https://od-feature-integrations.kb4compliance.com [403] [GET] [text/html] [ERROR: The request could not be satisfied] [CloudFront] [cloudfront] [Amazon Cloudfront,Amazon Web Services] [81d11c70d05462807538421862e53835]
https://od-feature-notes-epic-5914.kb4compliance.com [403] [GET] [text/html] [ERROR: The request could not be satisfied] [CloudFront] [cloudfront] [Amazon Cloudfront,Amazon Web Services] [57336683c31fea5ddfeea6c1e1707b86]
https://od-feature-notes-epic-5914.kb4compliance.com [403] [GET] [text/html] [ERROR: The request could not be satisfied] [CloudFront] [cloudfront] [Amazon Cloudfront,Amazon Web Services] [7c10708912bc85d2737e1d5faffdedb1]
https://od-feature-pendo.kb4compliance.com [302] [GET] [text/html] [] [nginx] [vhost] [cloudfront] [Amazon Cloudfront,Amazon Web Services,Nginx,Sqreen] [d41d8cd98f00b204e9800998ecf8427e]
https://od-feature-vendor-epic-5937.kb4compliance.com [302] [GET] [text/html] [] [nginx] [vhost] [cloudfront] [Amazon Cloudfront,Amazon Web Services,Nginx,Sqreen] [d41d8cd98f00b204e9800998ecf8427e]
https://od-jsmith-721.kb4compliance.com [302] [GET] [text/html] [] [nginx] [vhost] [cloudfront] [Amazon Cloudfront,Amazon Web Services,Nginx,Sqreen] [d41d8cd98f00b204e9800998ecf8427e]
https://od-jsmith-backup.kb4compliance.com [302] [GET] [text/html] [] [nginx] [vhost] [cloudfront] [Amazon Cloudfront,Amazon Web Services,Nginx,Sqreen] [d41d8cd98f00b204e9800998ecf8427e]
https://od-jsmith-main.kb4compliance.com [302] [GET] [text/html] [] [nginx] [vhost] [cloudfront] [Amazon Cloudfront,Amazon Web Services,Nginx,Sqreen] [d41d8cd98f00b204e9800998ecf8427e]
https://od-kbreton.kb4compliance.com [403] [GET] [text/html] [ERROR: The request could not be satisfied] [CloudFront] [cloudfront] [Amazon Cloudfront,Amazon Web Services] [106f1243353f0449928354d19c2b041c]
https://od-kbreton.kb4compliance.com [403] [GET] [text/html] [ERROR: The request could not be satisfied] [CloudFront] [cloudfront] [Amazon Cloudfront,Amazon Web Services] [e3f47e4fbeb692ded357004180151814]
https://od-kevinw-anothapublicbucket.kb4compliance.com [302] [GET] [text/html] [] [nginx] [vhost] [cloudfront] [Amazon Cloudfront,Amazon Web Services,Nginx,Sqreen] [d41d8cd98f00b204e9800998ecf8427e]
https://od-kevinw-bucketmovefinal.kb4compliance.com [302] [GET] [text/html] [] [nginx] [vhost] [cloudfront] [Amazon Cloudfront,Amazon Web Services,Nginx,Sqreen] [d41d8cd98f00b204e9800998ecf8427e]
https://od-kevinw-publicbucketstill.kb4compliance.com [302] [GET] [text/html] [] [nginx] [vhost] [cloudfront] [Amazon Cloudfront,Amazon Web Services,Nginx,Sqreen] [d41d8cd98f00b204e9800998ecf8427e]
https://od-kevinw-sre4705.kb4compliance.com [302] [GET] [text/html] [] [nginx] [vhost] [cloudfront] [Amazon Cloudfront,Amazon Web Services,Nginx,Sqreen] [d41d8cd98f00b204e9800998ecf8427e]
https://od-kevinw-sre4705b.kb4compliance.com [302] [GET] [text/html] [] [nginx] [vhost] [cloudfront] [Amazon Cloudfront,Amazon Web Services,Nginx,Sqreen] [d41d8cd98f00b204e9800998ecf8427e]
https://od-kevinw-sre4705c.kb4compliance.com [302] [GET] [text/html] [] [nginx] [vhost] [cloudfront] [Amazon Cloudfront,Amazon Web Services,Nginx,Sqreen] [d41d8cd98f00b204e9800998ecf8427e]
https://od-kevinw-sre4705d.kb4compliance.com [403] [GET] [text/html] [ERROR: The request could not be satisfied] [CloudFront] [cloudfront] [Amazon Cloudfront,Amazon Web Services] [1de99f6c4c62fa0ca05daa52b48102e4]
https://od-kevinw-sre4705d.kb4compliance.com [403] [GET] [text/html] [ERROR: The request could not be satisfied] [CloudFront] [cloudfront] [Amazon Cloudfront,Amazon Web Services] [b190e7775102fdd9c8d5326b91bd2614]
https://od-kevinw-sre4705e.kb4compliance.com [302] [GET] [text/html] [] [nginx] [vhost] [cloudfront] [Amazon Cloudfront,Amazon Web Services,Nginx,Sqreen] [d41d8cd98f00b204e9800998ecf8427e]
https://od-kevinw-sredeletefix.kb4compliance.com [302] [GET] [text/html] [] [nginx] [vhost] [cloudfront] [Amazon Cloudfront,Amazon Web Services,Nginx,Sqreen] [d41d8cd98f00b204e9800998ecf8427e]
https://od-kevinw-sretest123.kb4compliance.com [302] [GET] [text/html] [] [nginx] [vhost] [cloudfront] [Amazon Cloudfront,Amazon Web Services,Nginx,Sqreen] [d41d8cd98f00b204e9800998ecf8427e]
https://od-kevinw-sretest234.kb4compliance.com [302] [GET] [text/html] [] [nginx] [vhost] [cloudfront] [Amazon Cloudfront,Amazon Web Services,Nginx,Sqreen] [d41d8cd98f00b204e9800998ecf8427e]
https://od-kreeves-1.kb4compliance.com [403] [GET] [text/html] [ERROR: The request could not be satisfied] [CloudFront] [cloudfront] [Amazon Cloudfront,Amazon Web Services] [6c0af01db127d1472302e21cf3a49c5f]
https://od-kreeves-1.kb4compliance.com [403] [GET] [text/html] [ERROR: The request could not be satisfied] [CloudFront] [cloudfront] [Amazon Cloudfront,Amazon Web Services] [c8586c484722e7f5ee39a3d4dc157eed]
https://od-kreeves-2599.kb4compliance.com [403] [GET] [text/html] [ERROR: The request could not be satisfied] [CloudFront] [cloudfront] [Amazon Cloudfront,Amazon Web Services] [213016c32130ec34f955b28ca12b4de4]
https://od-kreeves-2599.kb4compliance.com [403] [GET] [text/html] [ERROR: The request could not be satisfied] [CloudFront] [cloudfront] [Amazon Cloudfront,Amazon Web Services] [815c5757a4f39bd25623ca8add0730bc]
https://od-kreeves-5994.kb4compliance.com [302] [GET] [text/html] [] [nginx] [vhost] [cloudfront] [Amazon Cloudfront,Amazon Web Services,Nginx,Sqreen] [d41d8cd98f00b204e9800998ecf8427e]
https://od-kreeves-6004.kb4compliance.com [403] [GET] [text/html] [ERROR: The request could not be satisfied] [CloudFront] [cloudfront] [Amazon Cloudfront,Amazon Web Services] [89986b52cc03b4fcc66c3cf88088a51d]
https://od-kreeves-6004.kb4compliance.com [403] [GET] [text/html] [ERROR: The request could not be satisfied] [CloudFront] [cloudfront] [Amazon Cloudfront,Amazon Web Services] [8f20888e6268829fef0050f97e7e0574]
https://od-kreeves-6096.kb4compliance.com [403] [GET] [text/html] [ERROR: The request could not be satisfied] [CloudFront] [cloudfront] [Amazon Cloudfront,Amazon Web Services] [01c5b87685a3bade19dbd022dd161e47]
https://od-kreeves-6096.kb4compliance.com [403] [GET] [text/html] [ERROR: The request could not be satisfied] [CloudFront] [cloudfront] [Amazon Cloudfront,Amazon Web Services] [3d4d99c15fe6411e38916335800cabbd]
https://od-kreeves-6428.kb4compliance.com [302] [GET] [text/html] [] [nginx] [vhost] [cloudfront] [Amazon Cloudfront,Amazon Web Services,Nginx,Sqreen] [d41d8cd98f00b204e9800998ecf8427e]
https://od-kreeves-6559.kb4compliance.com [302] [GET] [text/html] [] [nginx] [vhost] [cloudfront] [Amazon Cloudfront,Amazon Web Services,Nginx,Sqreen] [d41d8cd98f00b204e9800998ecf8427e]
https://od-kreeves-7034.kb4compliance.com [403] [GET] [text/html] [ERROR: The request could not be satisfied] [CloudFront] [cloudfront] [Amazon Cloudfront,Amazon Web Services] [355574d1a374c686d2f29d15e11665f3]
https://od-kreeves-7034.kb4compliance.com [403] [GET] [text/html] [ERROR: The request could not be satisfied] [CloudFront] [cloudfront] [Amazon Cloudfront,Amazon Web Services] [a97167e77ef1b65149895c1e1ded3e8d]
https://od-kreeves-7159.kb4compliance.com [302] [GET] [text/html] [] [nginx] [vhost] [cloudfront] [Amazon Cloudfront,Amazon Web Services,Nginx,Sqreen] [d41d8cd98f00b204e9800998ecf8427e]
https://od-main1.kb4compliance.com [403] [GET] [text/html] [ERROR: The request could not be satisfied] [CloudFront] [cloudfront] [Amazon Cloudfront,Amazon Web Services] [a095cfe2332c26aeea4ad36d9144e6ff]
https://od-main1.kb4compliance.com [403] [GET] [text/html] [ERROR: The request could not be satisfied] [CloudFront] [cloudfront] [Amazon Cloudfront,Amazon Web Services] [cb2d501529b0868346c09116cc83fd68]
https://od-miker-3.kb4compliance.com [302] [GET] [text/html] [] [nginx] [vhost] [cloudfront] [Amazon Cloudfront,Amazon Web Services,Nginx,Sqreen] [d41d8cd98f00b204e9800998ecf8427e]
https://od-miker-8.kb4compliance.com [302] [GET] [text/html] [] [nginx] [vhost] [cloudfront] [Amazon Cloudfront,Amazon Web Services,Nginx,Sqreen] [d41d8cd98f00b204e9800998ecf8427e]
https://od-pendo-feature.kb4compliance.com [302] [GET] [text/html] [] [nginx] [vhost] [cloudfront] [Amazon Cloudfront,Amazon Web Services,Nginx,Sqreen] [d41d8cd98f00b204e9800998ecf8427e]
https://od-risk-owner-epic-3617.kb4compliance.com [302] [GET] [text/html] [] [nginx] [vhost] [cloudfront] [Amazon Cloudfront,Amazon Web Services,Nginx,Sqreen] [d41d8cd98f00b204e9800998ecf8427e]
https://od-risk-owner-mv-3617.kb4compliance.com [302] [GET] [text/html] [] [nginx] [vhost] [cloudfront] [Amazon Cloudfront,Amazon Web Services,Nginx,Sqreen] [d41d8cd98f00b204e9800998ecf8427e]
https://od-risk-owner-mvp-3617.kb4compliance.com [302] [GET] [text/html] [] [nginx] [vhost] [cloudfront] [Amazon Cloudfront,Amazon Web Services,Nginx,Sqreen] [d41d8cd98f00b204e9800998ecf8427e]
https://od-rolando-main-od.kb4compliance.com [302] [GET] [text/html] [] [nginx] [vhost] [cloudfront] [Amazon Cloudfront,Amazon Web Services,Nginx,Sqreen] [d41d8cd98f00b204e9800998ecf8427e]
https://od-rolandog-feature.kb4compliance.com [302] [GET] [text/html] [] [nginx] [vhost] [cloudfront] [Amazon Cloudfront,Amazon Web Services,Nginx,Sqreen] [d41d8cd98f00b204e9800998ecf8427e]
https://od-rolandog-main.kb4compliance.com [302] [GET] [text/html] [] [nginx] [vhost] [cloudfront] [Amazon Cloudfront,Amazon Web Services,Nginx,Sqreen] [d41d8cd98f00b204e9800998ecf8427e]
https://od-rolandog-master-od.kb4compliance.com [302] [GET] [text/html] [] [nginx] [vhost] [cloudfront] [Amazon Cloudfront,Amazon Web Services,Nginx,Sqreen] [d41d8cd98f00b204e9800998ecf8427e]
https://od-rolandog-test-new-od.kb4compliance.com [403] [GET] [text/html] [ERROR: The request could not be satisfied] [CloudFront] [cloudfront] [Amazon Cloudfront,Amazon Web Services] [62f3801dc2d83074bc258cc89f1aa26a]
https://od-rolandog-test-new-od.kb4compliance.com [403] [GET] [text/html] [ERROR: The request could not be satisfied] [CloudFront] [cloudfront] [Amazon Cloudfront,Amazon Web Services] [f7d80d7d1d724778e52bb8b4bf193e08]
https://od-rolandog-test.kb4compliance.com [302] [GET] [text/html] [] [nginx] [vhost] [cloudfront] [Amazon Cloudfront,Amazon Web Services,Nginx,Sqreen] [d41d8cd98f00b204e9800998ecf8427e]
https://od-sdet-auto.kb4compliance.com [302] [GET] [text/html] [] [nginx] [vhost] [cloudfront] [Amazon Cloudfront,Amazon Web Services,Nginx,Sqreen] [d41d8cd98f00b204e9800998ecf8427e]
https://od-sdet-main.kb4compliance.com [302] [GET] [text/html] [] [nginx] [vhost] [cloudfront] [Amazon Cloudfront,Amazon Web Services,Nginx,Sqreen] [d41d8cd98f00b204e9800998ecf8427e]
https://od-sns-events.kb4compliance.com [403] [GET] [text/html] [ERROR: The request could not be satisfied] [CloudFront] [cloudfront] [Amazon Cloudfront,Amazon Web Services] [62fff70a7c524d1f09d976bfd80eab81]
https://od-sns-events.kb4compliance.com [403] [GET] [text/html] [ERROR: The request could not be satisfied] [CloudFront] [cloudfront] [Amazon Cloudfront,Amazon Web Services] [c231f2a7d6af5adae7ff0f5b75be067e]
https://od-vin-apps-test.kb4compliance.com [302] [GET] [text/html] [] [nginx] [vhost] [cloudfront] [Amazon Cloudfront,Amazon Web Services,Nginx,Sqreen] [d41d8cd98f00b204e9800998ecf8427e]
https://od-wilsonw-7270.kb4compliance.com [403] [GET] [text/html] [ERROR: The request could not be satisfied] [CloudFront] [cloudfront] [Amazon Cloudfront,Amazon Web Services] [5f2edf87daf1ef705ff47a9de1184393]
https://od-wilsonw-7270.kb4compliance.com [403] [GET] [text/html] [ERROR: The request could not be satisfied] [CloudFront] [cloudfront] [Amazon Cloudfront,Amazon Web Services] [ef35315b600231b2910d3b7291067a88]
https://od-wilsonw-main1.kb4compliance.com [302] [GET] [text/html] [] [nginx] [vhost] [cloudfront] [Amazon Cloudfront,Amazon Web Services,Nginx,Sqreen] [d41d8cd98f00b204e9800998ecf8427e]
https://od-wilsonw-main3.kb4compliance.com [403] [GET] [text/html] [ERROR: The request could not be satisfied] [CloudFront] [cloudfront] [Amazon Cloudfront,Amazon Web Services] [25f1825597cd8403af638ebf8c0e4236]
https://od-wilsonw-main3.kb4compliance.com [403] [GET] [text/html] [ERROR: The request could not be satisfied] [CloudFront] [cloudfront] [Amazon Cloudfront,Amazon Web Services] [d1c754cef335ebbf93967325c1b345ab]
https://od-wilsonw-main5.kb4compliance.com [403] [GET] [text/html] [ERROR: The request could not be satisfied] [CloudFront] [cloudfront] [Amazon Cloudfront,Amazon Web Services] [1169548de8a5658a85c47a804d075ff7]
https://od-wilsonw-main5.kb4compliance.com [403] [GET] [text/html] [ERROR: The request could not be satisfied] [CloudFront] [cloudfront] [Amazon Cloudfront,Amazon Web Services] [d1e9291b5c33ae2eead3c689b6fe1e18]
https://od-wilsonw-user-form.kb4compliance.com [302] [GET] [text/html] [] [nginx] [vhost] [cloudfront] [Amazon Cloudfront,Amazon Web Services,Nginx,Sqreen] [d41d8cd98f00b204e9800998ecf8427e]
https://od-wilsonw-user-form.kb4compliance.com [302] [GET] [text/html] [] [nginx] [vhost] [cloudfront] [Amazon Cloudfront,Amazon Web Services,Nginx] [d41d8cd98f00b204e9800998ecf8427e]
