http://autodiscover.kinepolis.com [301] [GET] [] [] [Microsoft-IIS/10.0] [vhost] [IIS,Microsoft ASP.NET,Windows Server] [d41d8cd98f00b204e9800998ecf8427e]
http://partners.kinepolis.com:8080 [404] [GET] [application/json] [] [nginx] [Nginx] [8a80554c91d9fca8acb82f023de02f11]
http://r.kinepolis.com [500] [GET] [text/html] [500 - Internal server error.] [Microsoft-IIS/7.5] [vhost] [IIS,Microsoft ASP.NET,Windows Server] [d29fa9f2ab3a72f2608e8e82c8c3d1c6]
http://r.kinepolis.com:81 [403] [GET] [text/html] [403 - Forbidden: Access is denied.] [Microsoft-IIS/7.5] [IIS,Microsoft ASP.NET,Windows Server] [11ca4578cb026a23713aea6781b8ece3]
https://api.kinepolis.com [301] [GET] [text/html] [301 Moved Permanently] [Apache] [vhost] [Apache] [fc28f20a1b57219f416c6946507b9402]
https://atv.kinepolis.com [200] [GET] [text/html] [] [] [vhost] [880f3c179852d65b31159b4984594900]
https://atv.kinepolis.com [200] [GET] [text/html] [] [] [vhost] [IIS,Microsoft ASP.NET] [632f5c5f800abd70112b5e998d19242e]
https://be-fr-acc.kinepolis.com [401] [GET] [text/html] [Access Denied] [] [vhost] [Basic] [e0025f994489d80f433b2adb0daa81cd]
https://be-fr-acc.kinepolis.com [401] [GET] [text/html] [Access Denied] [] [vhost] [Basic] [fc2c903bf9dbceb0186f9da72d4f83e8]
https://be-fr-cdn.kinepolis.com [302] [GET] [] [] [AkamaiGHost] [vhost] [d41d8cd98f00b204e9800998ecf8427e]
https://be-fr-dev.kinepolis.com [401] [GET] [text/html] [Access Denied] [] [vhost] [Basic] [b7da4ecf0d5e0381cadddbaeeb22d59d]
https://be-fr-dev.kinepolis.com [401] [GET] [text/html] [Access Denied] [] [vhost] [Basic] [f796b66190663ef732f5c12993a32f19]
https://be-nl-acc.kinepolis.com [401] [GET] [text/html] [Access Denied] [] [vhost] [Basic] [12f3b7408222cf7b969e7eff723ced5c]
https://be-nl-acc.kinepolis.com [401] [GET] [text/html] [Access Denied] [] [vhost] [Basic] [e39daf7dd25eb4726d70909fa93173fc]
https://be-nl-cdn-acc.kinepolis.com [302] [GET] [] [] [AkamaiGHost] [vhost] [d41d8cd98f00b204e9800998ecf8427e]
https://be-nl-cdn-dev.kinepolis.com [302] [GET] [] [] [AkamaiGHost] [vhost] [d41d8cd98f00b204e9800998ecf8427e]
https://be-nl-cdn.kinepolis.com [302] [GET] [] [] [AkamaiGHost] [vhost] [d41d8cd98f00b204e9800998ecf8427e]
https://be-nl-dev.kinepolis.com [401] [GET] [text/html] [Access Denied] [] [vhost] [Basic] [b0cab0dc10a7cb100594c5bfc8613231]
https://be-nl-dev.kinepolis.com [401] [GET] [text/html] [Access Denied] [] [vhost] [Basic] [b8d5982ea3205d2fb76f4bb70c9b556e]
https://cd1.kinepolis.com [400] [GET] [text/html] [Invalid URL] [AkamaiGHost] [001c6c11ce8c1786a3d425f959da2d7e]
https://cd1.kinepolis.com [400] [GET] [text/html] [Invalid URL] [AkamaiGHost] [63c963e2c455fb5907a920b8dd25d111]
https://cd2.kinepolis.com [400] [GET] [text/html] [Invalid URL] [AkamaiGHost] [5370243ed01a51bd35d7e922df19396d]
https://cd2.kinepolis.com [400] [GET] [text/html] [Invalid URL] [AkamaiGHost] [674c3d8a004571e3f22632239135980d]
https://cd3.kinepolis.com [400] [GET] [text/html] [Invalid URL] [AkamaiGHost] [e3a2e11aadc895c324e25bb2edc447cb]
https://cd3.kinepolis.com [400] [GET] [text/html] [Invalid URL] [AkamaiGHost] [f1a8996f2fd380d456a2e794c449ca4a]
https://cd4.kinepolis.com [400] [GET] [text/html] [Invalid URL] [AkamaiGHost] [d127d45ae74b5f5a37533cfc3df4b2ce]
https://cd4.kinepolis.com [400] [GET] [text/html] [Invalid URL] [AkamaiGHost] [f39c0b6f699b91a3114ae892b97a8557]
https://cdn-web-statics.kinepolis.com [302] [GET] [] [] [AkamaiGHost] [vhost] [d41d8cd98f00b204e9800998ecf8427e]
https://ch-cdn.kinepolis.com [302] [GET] [] [] [AkamaiGHost] [vhost] [d41d8cd98f00b204e9800998ecf8427e]
https://com-cdn.kinepolis.com [302] [GET] [] [] [AkamaiGHost] [vhost] [d41d8cd98f00b204e9800998ecf8427e]
https://corporate.kinepolis.com [301] [GET] [text/html] [Redirecting to https://corporate.kinepolis.com/en] [] [vhost] [Drupal,PHP] [032a7abc8d249c97c01976d6f3f71e77]
https://corporate.kinepolis.com [301] [GET] [text/html] [Redirecting to https://corporate.kinepolis.com/en] [] [vhost] [Drupal,PHP] [67a43aca8847b2553eebf726a2f26b10]
https://customersupport.kinepolis.com [200] [GET] [text/html] [] [] [vhost] [105bb577d4f63c025d4c85417a590e61]
https://enterpriseenrollment.kinepolis.com [302] [GET] [] [] [Microsoft-IIS/10.0] [azure] [IIS,Microsoft ASP.NET,Windows Server] [d41d8cd98f00b204e9800998ecf8427e]
https://es-cdn-dev.kinepolis.com [302] [GET] [] [] [AkamaiGHost] [vhost] [d41d8cd98f00b204e9800998ecf8427e]
https://es-cdn.kinepolis.com [302] [GET] [] [] [AkamaiGHost] [vhost] [d41d8cd98f00b204e9800998ecf8427e]
https://filmdepot.kinepolis.com [403] [GET] [text/html] [Access Denied] [] [vhost] [0daab46baed4f4c74ab0e0d4ff619542]
https://filmdepot.kinepolis.com [403] [GET] [text/html] [Access Denied] [] [vhost] [29c5d81ac022c85ece783759eafdd66d]
https://fr-cdn.kinepolis.com [302] [GET] [] [] [AkamaiGHost] [vhost] [d41d8cd98f00b204e9800998ecf8427e]
https://full-cat-cdn.kinepolis.com [302] [GET] [] [] [AkamaiGHost] [vhost] [d41d8cd98f00b204e9800998ecf8427e]
https://full-es-cdn-dev.kinepolis.com [302] [GET] [] [] [AkamaiGHost] [vhost] [d41d8cd98f00b204e9800998ecf8427e]
https://full-es-cdn.kinepolis.com [302] [GET] [] [] [AkamaiGHost] [vhost] [d41d8cd98f00b204e9800998ecf8427e]
https://identityserver-acc.kinepolis.com [200] [GET] [text/html] [Kinepolis Identity Server] [] [vhost] [Google Tag Manager,IIS,Microsoft ASP.NET] [3adb96638f0d6a49ed60dc2bf198ea01]
https://identityserver-acc.kinepolis.com [200] [GET] [text/html] [Kinepolis Identity Server] [] [vhost] [Google Tag Manager,IIS,Microsoft ASP.NET] [822a54f902992cc3ff2633ecb77cae17]
https://identityserver-int.kinepolis.com [200] [GET] [text/html] [Kinepolis Identity Server] [] [vhost] [Google Tag Manager,IIS,Microsoft ASP.NET] [026ab1e4cca35d6e25d89b4410ada4cf]
https://identityserver-int.kinepolis.com [200] [GET] [text/html] [Kinepolis Identity Server] [] [vhost] [Google Tag Manager,IIS,Microsoft ASP.NET] [a09e21d1ed8aa3f5535a94e526548c78]
https://identityserver.kinepolis.com [200] [GET] [text/html] [Kinepolis Identity Server] [] [vhost] [Google Tag Manager,IIS,Microsoft ASP.NET] [2d01a66d16eff6266fd52b793545bae2]
https://identityserver.kinepolis.com [200] [GET] [text/html] [Kinepolis Identity Server] [] [vhost] [Google Tag Manager,IIS,Microsoft ASP.NET] [56fb7adf2c37e93fe970de90244452ae]
https://investors.kinepolis.com [302] [GET] [] [] [AkamaiGHost] [vhost] [d41d8cd98f00b204e9800998ecf8427e]
https://jobs.kinepolis.com [500] [GET] [text/html] [Runtime Error] [Microsoft-IIS/8.5] [vhost] [IIS,Microsoft ASP.NET,Windows Server] [504ae2e068b4f2f58f27804a5db9b9ba]
https://kbc.kinepolis.com [200] [GET] [text/html] [KineMobileTicketing] [Windows-Azure-Web/1.0 Microsoft-HTTPAPI/2.0] [vhost] [Microsoft HTTPAPI] [0e2b2072cbbaa6b76e50dda67ef37ccb]
https://kfd.kinepolis.com [200] [GET] [text/html] [Selligent Marketing Cloud - Ownership contact information] [] [d94d9c5f6ffe2dc6a0634a56dfb5b857]
https://kl-acc.kinepolis.com [401] [GET] [text/html] [Access Denied] [] [vhost] [Basic] [50d8fd7efd926399dc59a81d0a1f8b08]
https://kl-acc.kinepolis.com [401] [GET] [text/html] [Access Denied] [] [vhost] [Basic] [7b912d9998e34031872d452116c96703]
https://kl-dev.kinepolis.com [401] [GET] [text/html] [Access Denied] [] [vhost] [Basic] [b7127abe27003776c0a3e6a170207cf8]
https://kl-dev.kinepolis.com [401] [GET] [text/html] [Access Denied] [] [vhost] [Basic] [fde870597450053ff46b69931d6dbc40]
https://l.kinepolis.com [403] [GET] [text/html] [403 - Forbidden: Access is denied.] [Microsoft-IIS/7.5] [vhost] [IIS,Microsoft ASP.NET,Windows Server] [11ca4578cb026a23713aea6781b8ece3]
https://lu-en-cdn.kinepolis.com [302] [GET] [] [] [AkamaiGHost] [vhost] [d41d8cd98f00b204e9800998ecf8427e]
https://lu-fr-cdn-dev.kinepolis.com [302] [GET] [] [] [AkamaiGHost] [vhost] [d41d8cd98f00b204e9800998ecf8427e]
https://lu-fr-cdn.kinepolis.com [302] [GET] [] [] [AkamaiGHost] [vhost] [d41d8cd98f00b204e9800998ecf8427e]
https://lu-fr-dev.kinepolis.com [401] [GET] [text/html] [Access Denied] [] [vhost] [Basic] [3177ef65e72c68776c5777efee9a9e63]
https://lu-fr-dev.kinepolis.com [401] [GET] [text/html] [Access Denied] [] [vhost] [Basic] [c3fcfef792e48c1f74b2fa79b1be8ae7]
https://lyncdiscover.kinepolis.com [200] [GET] [application/json] [] [] [vhost] [59ac65432742d05da9a2fd1d6a0c076e]
https://mail.kinepolis.com [200] [GET] [text/html] [Selligent Marketing Cloud - Ownership contact information] [] [d94d9c5f6ffe2dc6a0634a56dfb5b857]
https://meetmeserver.kinepolis.com [400] [GET] [text/html] [Invalid URL] [AkamaiGHost] [a0d1e8ae16ed4ff1f166a9c8c1154168]
https://meetmeserver.kinepolis.com [400] [GET] [text/html] [Invalid URL] [AkamaiGHost] [de82d774d8b4c684c9eeea8a7488f43b]
https://msoid.kinepolis.com [302] [GET] [text/html] [Object moved] [] [vhost] [azure] [67dc47621d0dca9dc8d849ee26494c3b]
https://nl-cdn.kinepolis.com [302] [GET] [] [] [AkamaiGHost] [vhost] [d41d8cd98f00b204e9800998ecf8427e]
https://partners.kinepolis.com [400] [GET] [text/html] [ownCloud] [Apache] [vhost] [Apache] [16b18799c5e56cd8146b8e1297e3bd8a]
https://partners.kinepolis.com [400] [GET] [text/html] [ownCloud] [Apache] [vhost] [Apache] [8e019c580a29a6c25a23cf7b5ad06ef0]
https://partners.kinepolis.com:8081 [404] [GET] [application/json] [] [nginx] [Nginx] [8a80554c91d9fca8acb82f023de02f11]
https://realestate.kinepolis.com [400] [GET] [text/html] [Invalid URL] [AkamaiGHost] [48ec80f3e76eaca18ed6c6dbaeca0159]
https://realestate.kinepolis.com [400] [GET] [text/html] [Invalid URL] [AkamaiGHost] [72de8fae3355eb1c78b124ab5f9bdb41]
https://rvb.kinepolis.com [302] [GET] [text/html] [] [] [vhost] [d41d8cd98f00b204e9800998ecf8427e]
https://shop.kinepolis.com [200] [GET] [text/html] [Selligent Marketing Cloud - Ownership contact information] [cloudflare] [vhost] [cloudflare] [Cloudflare] [d94d9c5f6ffe2dc6a0634a56dfb5b857]
https://ticket.kinepolis.com [200] [GET] [text/html] [Selligent Marketing Cloud - Ownership contact information] [] [d94d9c5f6ffe2dc6a0634a56dfb5b857]
https://training.kinepolis.com [302] [GET] [text/html] [] [Lucy] [vhost] [PHP] [d41d8cd98f00b204e9800998ecf8427e]
https://training.kinepolis.com:5001 [503] [GET] [text/html] [503 Service Unavailable] [Lucy] [a9748728514bcb1c8f8979178e9a5d9b]
https://wallet-acc.kinepolis.com [404] [GET] [] [] [] [vhost] [IIS,Microsoft ASP.NET] [d41d8cd98f00b204e9800998ecf8427e]
https://wallet.kinepolis.com [404] [GET] [] [] [] [vhost] [IIS,Microsoft ASP.NET] [d41d8cd98f00b204e9800998ecf8427e]
https://webmail.kinepolis.com [302] [GET] [] [] [AkamaiGHost] [vhost] [d41d8cd98f00b204e9800998ecf8427e]
https://www.kinepolis.com [302] [GET] [] [] [] [vhost] [d41d8cd98f00b204e9800998ecf8427e]
