http://autodiscover.kinepolis.be [301] [GET] [] [] [Microsoft-IIS/10.0] [vhost] [IIS,Microsoft ASP.NET,Windows Server] [d41d8cd98f00b204e9800998ecf8427e]
http://business.kinepolis.be:8080 [301] [GET] [] [] [cloudflare] [vhost] [Cloudflare Network Error Logging] [d41d8cd98f00b204e9800998ecf8427e]
http://minisites-dev.kinepolis.be [403] [GET] [text/html] [403 Forbidden] [Apache] [Apache] [0152ed695f4291488741d98ba066d280]
http://shop-dev.kinepolis.be:8080 [404] [GET] [application/json] [] [nginx] [Nginx] [8a80554c91d9fca8acb82f023de02f11]
http://stage-tribe.kinepolis.be [302] [GET] [] [] [] [vhost] [d41d8cd98f00b204e9800998ecf8427e]
https://app.kinepolis.be [200] [GET] [text/html] [Kinepolis | Selligent Sites] [] [vhost] [b2c7b758c4a53bf4d4522ead25b74678]
https://business.kinepolis.be [200] [GET] [text/html] [Kinepolis Business, meer dan alleen cinema] [cloudflare] [vhost] [Cloudflare Network Error Logging,Google Tag Manager,HubSpot,HubSpot CMS Hub] [ee699972823fa4816a8d3403e5275f8f]
https://business.kinepolis.be:8443 [200] [GET] [text/html] [Kinepolis Business, meer dan alleen cinema] [cloudflare] [vhost] [Cloudflare Network Error Logging,Google Tag Manager,HubSpot,HubSpot CMS Hub] [ee699972823fa4816a8d3403e5275f8f]
https://corporate.kinepolis.be [302] [GET] [] [] [] [vhost] [d41d8cd98f00b204e9800998ecf8427e]
https://enterpriseenrollment.kinepolis.be [302] [GET] [] [] [Microsoft-IIS/10.0] [azure] [IIS,Microsoft ASP.NET,Windows Server] [d41d8cd98f00b204e9800998ecf8427e]
https://greatescape.kinepolis.be [301] [GET] [text/html] [301 Moved Permanently] [] [vhost] [ecca791f7052ff1de5ee86ac99913b76]
https://hrfr.kinepolis.be [302] [GET] [] [] [AkamaiGHost] [vhost] [d41d8cd98f00b204e9800998ecf8427e]
https://hrnl.kinepolis.be [302] [GET] [] [] [AkamaiGHost] [vhost] [d41d8cd98f00b204e9800998ecf8427e]
https://kinepolis.be [200] [GET] [text/html] [Kinepolis] [] [vhost] [Drupal,Google Tag Manager,PHP] [4d0ccd3f69377ac0fc4e66a87dda7017]
https://lyncdiscover.kinepolis.be [404] [GET] [application/json] [] [] [vhost] [373397b4ebf514ea3578818e90f5f9b6]
https://minisites-php7.kinepolis.be [403] [GET] [text/html] [403 Forbidden] [nginx] [Nginx] [0152ed695f4291488741d98ba066d280]
https://minisites.kinepolis.be [301] [GET] [text/html] [301 Moved Permanently] [nginx] [Nginx] [a479e9101bb5a7405b43d3511c5a3428]
https://msoid.kinepolis.be [302] [GET] [text/html] [Object moved] [] [vhost] [azure] [67dc47621d0dca9dc8d849ee26494c3b]
https://ontour.kinepolis.be [403] [GET] [text/html] [Access Denied] [] [vhost] [8432279d0039af396abc518d899f6389]
https://ontour.kinepolis.be [404] [GET] [] [] [] [vhost] [d41d8cd98f00b204e9800998ecf8427e]
https://ontourtickets.kinepolis.be [403] [GET] [text/html] [Access Denied] [] [vhost] [2b33bec3d1f76b417024e05223decd6a]
https://ontourtickets.kinepolis.be [403] [GET] [text/html] [Access Denied] [] [vhost] [89a1adc2dfdcbc85522c281e1884de4e]
https://prive.kinepolis.be [403] [GET] [text/html] [Access Denied] [] [vhost] [6dab4b8715d5ab5f7e5d2cfaa997e430]
https://prive.kinepolis.be [403] [GET] [text/html] [Access Denied] [] [vhost] [a117443a88911cfcde36026a0d59d4df]
https://privetickets.kinepolis.be [403] [GET] [text/html] [Access Denied] [] [vhost] [27ce4c354caf10ae93d8cd058e74d40c]
https://privetickets.kinepolis.be [403] [GET] [text/html] [Access Denied] [] [vhost] [c4b3dcf51de52deb901f6705be914a74]
https://shop-dev.kinepolis.be [401] [GET] [text/html] [401 Unauthorized] [Apache] [vhost] [Apache,Basic] [118a489422be0c5ca0cecf3bb7903c7e]
https://shop-dev.kinepolis.be:8081 [404] [GET] [application/json] [] [nginx] [Nginx] [8a80554c91d9fca8acb82f023de02f11]
https://shop.kinepolis.be [301] [GET] [text/html] [301 Moved Permanently] [] [vhost] [508f2aa19dbde3519423e0ce3a280c31]
https://stage-ontour.kinepolis.be [403] [GET] [text/html] [Access Denied] [] [vhost] [6d84aec945c0c658d77fcf1fada4440e]
https://stage-ontour.kinepolis.be [403] [GET] [text/html] [Access Denied] [] [vhost] [90258fe322a062ad6eab045eab0a7836]
https://stage-ontourtickets.kinepolis.be [403] [GET] [text/html] [Access Denied] [] [vhost] [66964b0c2bd98d36ed5fcc5c5ef5a464]
https://stage-ontourtickets.kinepolis.be [403] [GET] [text/html] [Access Denied] [] [vhost] [97aecdd8606909232eacaf0695e6b580]
https://stage-prive.kinepolis.be [403] [GET] [text/html] [Access Denied] [] [vhost] [2e38b24a91ff0c7ed5c1fadaa64f26bd]
https://stage-prive.kinepolis.be [403] [GET] [text/html] [Access Denied] [] [vhost] [354d2f1980415e6a59e9913d0f2e95c6]
https://stage-privetickets.kinepolis.be [403] [GET] [text/html] [Access Denied] [] [vhost] [60752d6ec3c32f7462f1afd76a41783c]
https://stage-privetickets.kinepolis.be [403] [GET] [text/html] [Access Denied] [] [vhost] [a3967bf232a4810b34fd5b8f481e51e6]
https://tickets.kinepolis.be [403] [GET] [text/html] [Access Denied] [] [vhost] [bfc0f4ffec8f2f35cb7e1a5f7fce9177]
https://tickets.kinepolis.be [403] [GET] [text/html] [Access Denied] [] [vhost] [fe13ffd23c51facd78346632690c8db8]
https://wallet-acc.kinepolis.be [404] [GET] [] [] [] [vhost] [IIS,Microsoft ASP.NET] [d41d8cd98f00b204e9800998ecf8427e]
https://wallet.kinepolis.be [404] [GET] [] [] [] [vhost] [IIS,Microsoft ASP.NET] [d41d8cd98f00b204e9800998ecf8427e]
https://www.business.kinepolis.be [301] [GET] [] [] [] [vhost] [Cloudflare,Cloudflare Network Error Logging] [d41d8cd98f00b204e9800998ecf8427e]
https://www.greatescape.kinepolis.be [200] [GET] [text/html] [Great Escape by Kinepolis | Exclusieve escape room Leuven] [] [vhost] [Drupal,Google Tag Manager,PHP] [fd4d5b1b19b67e45b956dc7e69752ffc]
https://www.kinepolis.be [302] [GET] [] [] [] [vhost] [d41d8cd98f00b204e9800998ecf8427e]
