http://calendar.lazada.co.th [302] [GET] [text/html] [302 Moved] [ghs] [vhost] [55a126cc6cc82668e8289b8d650cb646]
http://dmtrace.support.lazada.co.th [302] [GET] [text/html] [302 Found] [Tengine] [Tengine] [ca862016d6c92c0e14232962898c3e79]
http://docs.lazada.co.th [302] [GET] [text/html] [302 Moved] [ghs] [vhost] [fc38402e62ac30618b7c5a44421f9b48]
http://mail.lazada.co.th [301] [GET] [text/html] [301 Moved] [ghs] [vhost] [d2d0a79b18f5665d9d02c48dca046ef1]
https://ab.lazada.co.th [404] [GET] [text/html] [] [Tengine/Aserver] [vhost] [Tengine] [5a2bce9d53f443761357fef4f5674ca7]
https://acs-m.lazada.co.th [403] [GET] [text/html] [403 Forbidden] [Tengine/Aserver] [vhost] [Tengine] [c8dea93f20c9c63bd32502e6d4d7b0e0]
https://acs-m.lazada.co.th [403] [GET] [text/html] [403 Forbidden] [Tengine/Aserver] [vhost] [Tengine] [d91f680385bcfc13bc532444fbd8ef2e]
https://acs-wapa.lazada.co.th [200] [GET] [text/html] [] [Tengine/Aserver] [Tengine] [653d88e08d5717a087d48b9e22f47d96]
https://acs-wapa.lazada.co.th [200] [GET] [text/html] [] [Tengine/Aserver] [Tengine] [65ee53da8d76064a8d81d215b4b2e920]
https://admin-m.lazada.co.th [404] [GET] [text/html] [404 Not Found] [Tengine/Aserver] [Tengine] [8e228b6c489a555e3aa01dee8627c802]
https://admin-m.lazada.co.th [404] [GET] [text/html] [404 Not Found] [Tengine/Aserver] [Tengine] [da434d2cdd900f13e52f1cc47efff183]
https://admin-p.lazada.co.th [200] [GET] [text/html] [] [Tengine/Aserver] [Tengine] [1c5559d8441dc2f472091c2fb8872c0e]
https://admin-p.lazada.co.th [200] [GET] [text/html] [] [Tengine/Aserver] [Tengine] [62b24e2f710a7a9d1f48b8c76d4ee7bd]
https://admin-staging.education.lazada.co.th [302] [GET] [text/html] [302 Found] [Tengine/Aserver] [vhost] [Tengine] [43276b3c9487605068688498af0acfab]
https://admin.education.lazada.co.th [302] [GET] [text/html] [302 Found] [Tengine/Aserver] [Tengine] [43276b3c9487605068688498af0acfab]
https://admin.education.lazada.co.th [302] [GET] [text/html] [302 Found] [Tengine/Aserver] [vhost] [Tengine] [43276b3c9487605068688498af0acfab]
https://admin.lazada.co.th [302] [GET] [text/html] [302 Found] [Tengine/Aserver] [Tengine] [43276b3c9487605068688498af0acfab]
https://adsense.lazada.co.th [302] [GET] [] [] [Tengine/Aserver] [vhost] [Tengine] [d41d8cd98f00b204e9800998ecf8427e]
https://affiliate.lazada.co.th [200] [GET] [] [] [Tengine/Aserver] [vhost] [Tengine] [d41d8cd98f00b204e9800998ecf8427e]
https://ali.lazada.co.th [200] [GET] [text/html] [Lazada.co.th - EPIC 10th Birthday Sale ช้อปสนุกสุขเต็มสิบ เซลใหญ่วันเกิด 10 ปี] [Tengine/Aserver] [vhost] [Tengine] [89d08b594cd228a7670583e636ef3ee4]
https://ali.lazada.co.th [200] [GET] [text/html] [Lazada.co.th - EPIC 10th Birthday Sale ช้อปสนุกสุขเต็มสิบ เซลใหญ่วันเกิด 10 ปี] [Tengine/Aserver] [vhost] [Tengine] [d5316e0a24128d7214376e9059b39659]
https://api.lazada.co.th [404] [GET] [text/html] [] [Tengine/Aserver] [vhost] [Tengine] [31751d9a8251760f6b1f21b229b870cf]
https://asc-hub.lazada.co.th [404] [GET] [text/html] [404 Not Found] [Tengine/Aserver] [Tengine] [866dbf7194ade6aea9106cf80913a3fb]
https://asc-hub.lazada.co.th [404] [GET] [text/html] [404 Not Found] [Tengine/Aserver] [Tengine] [9f3b3f6df5b1107f65315007e5fda939]
https://ba-buyer-staging.lazada.co.th [200] [GET] [text/html] [] [Tengine/Aserver] [Tengine] [600ca4b99cd1fd07defcb87745f44343]
https://ba-buyer-staging.lazada.co.th [200] [GET] [text/html] [] [Tengine/Aserver] [Tengine] [cf43f39c2f2a66db1caf724a1e07bbce]
https://ba-buyer.lazada.co.th [200] [GET] [text/plain] [] [Tengine/Aserver] [vhost] [Tengine] [8c02547a8a3b02382bac3557bcb2280d]
https://ba-p.zal.lazada.co.th [200] [GET] [text/html] [] [Tengine/Aserver] [Tengine] [09b4bd11493b4cf281f8c0727d09733f]
https://ba-p.zal.lazada.co.th [200] [GET] [text/html] [] [Tengine/Aserver] [Tengine] [1c269b359e4186a4233595506a49a820]
https://brand.adsense.lazada.co.th [404] [GET] [text/html] [404 Not Found] [Tengine/Aserver] [Tengine] [1b84bb24091a54f52cc851f112a7f5ac]
https://brand.adsense.lazada.co.th [404] [GET] [text/html] [404 Not Found] [Tengine/Aserver] [Tengine] [956946fe917359d8441d1764473cf9d8]
https://c.lazada.co.th [302] [GET] [text/html] [302 Found] [Tengine/Aserver] [vhost] [Tengine] [ca862016d6c92c0e14232962898c3e79]
https://cart-m.lazada.co.th [404] [GET] [text/html] [] [Tengine/Aserver] [vhost] [Tengine] [56b5e8f279c527cffd8311bef771b500]
https://cart-p.lazada.co.th [200] [GET] [text/html] [] [Tengine/Aserver] [Tengine] [50e70254fef2f4c19b6baaeb80b9b629]
https://cart-p.lazada.co.th [200] [GET] [text/html] [] [Tengine/Aserver] [Tengine] [c5f4b1696b21b75b5d2fd5fc670af644]
https://cart.lazada.co.th [302] [GET] [text/html] [302 Found] [Tengine/Aserver] [vhost] [Tengine] [ca862016d6c92c0e14232962898c3e79]
https://cb-customs.lazada.co.th [404] [GET] [text/html] [404 Not Found] [Tengine/Aserver] [Tengine] [011ac58477803e6d0121f04fa26d3453]
https://cb-customs.lazada.co.th [404] [GET] [text/html] [404 Not Found] [Tengine/Aserver] [Tengine] [22a031e902eb6489b73067c1330b08af]
https://checkout-m.lazada.co.th [404] [GET] [text/html] [] [Tengine/Aserver] [vhost] [Tengine] [568ed3d59ec46bfa91ed8b815a35a7a7]
https://checkout-p.lazada.co.th [200] [GET] [text/html] [] [Tengine/Aserver] [Tengine] [24ad406b79ba264a847d9c870d94211f]
https://checkout-p.lazada.co.th [200] [GET] [text/html] [] [Tengine/Aserver] [Tengine] [55961fd2febe852b12cb8f0328574111]
https://checkout.lazada.co.th [302] [GET] [text/html] [302 Found] [Tengine/Aserver] [vhost] [Tengine] [ca862016d6c92c0e14232962898c3e79]
https://creative.lazada.co.th [200] [GET] [text/plain] [Content Platform] [Tengine/Aserver] [vhost] [Java,Spring,Tengine] [2ea1bcc73b903231308efe03d2eefa64]
https://cs.lazada.co.th [200] [GET] [text/html] [] [Tengine/Aserver] [vhost] [Tengine] [23f081353cb9fad17559dbb69abbcd45]
https://cs.lazada.co.th [200] [GET] [text/html] [] [Tengine/Aserver] [vhost] [Tengine] [66469451555964c63e6d05ee83534c5c]
https://datafeeds.lazada.co.th [404] [GET] [application/json] [] [Tengine/Aserver] [vhost] [Tengine] [e956cd791b506fb09cb3a3170b8c6370]
https://datafeeds.lazada.co.th [404] [GET] [application/json] [] [Tengine/Aserver] [vhost] [Tengine] [fd93c085dc2fddb08dfa9a60735e9a7c]
https://digital.lazada.co.th [400] [GET] [text/html] [Invalid URL] [AkamaiGHost] [5de02262160fd752d341f53316641d6f]
https://digital.lazada.co.th [400] [GET] [text/html] [Invalid URL] [AkamaiGHost] [d10239ca8354b324df23c7d439ef7656]
https://eco-acc.lazada.co.th [404] [GET] [text/html] [404 Not Found] [Tengine/Aserver] [Tengine] [7ed2f58c44787365397d9613cd3c79a0]
https://eco-acc.lazada.co.th [404] [GET] [text/html] [404 Not Found] [Tengine/Aserver] [Tengine] [e920f7218255529c287a1f7a7db9bc6f]
https://eco-device.lazada.co.th [404] [GET] [text/html] [404 Not Found] [Tengine/Aserver] [Tengine] [81f3e1128ac9d46c5c37ee83c0e724e0]
https://eco-device.lazada.co.th [404] [GET] [text/html] [404 Not Found] [Tengine/Aserver] [Tengine] [d2f5e2b4aac1123b6f74e193c84ae3e0]
https://eco-ueba.lazada.co.th [404] [GET] [text/html] [404 Not Found] [Tengine/Aserver] [Tengine] [c3a81c5a395287528d4a277eb4786287]
https://eco-ueba.lazada.co.th [404] [GET] [text/html] [404 Not Found] [Tengine/Aserver] [Tengine] [c5bf106d80b40d6b7eb1cb62d1e080a7]
https://eco.lazada.co.th [404] [GET] [text/html] [404 Not Found] [Tengine/Aserver] [Tengine] [628b96d413c419c12f55d2ca94ce59be]
https://eco.lazada.co.th [404] [GET] [text/html] [404 Not Found] [Tengine/Aserver] [Tengine] [af6fe62f3daabf4fb4502f4548053b35]
https://education-staging.lazada.co.th [200] [GET] [text/html] [] [Tengine/Aserver] [Tengine] [c58e651f5bc723932afcf7dde47206fc]
https://education-staging.lazada.co.th [200] [GET] [text/html] [] [Tengine/Aserver] [Tengine] [f5949cbfea65da68b9781c01f0f097d4]
https://education.lazada.co.th [200] [GET] [text/html] [Lazada University] [Tengine/Aserver] [vhost] [Tengine] [52071e6d0db932d9d624c101d2a2f395]
https://education.lazada.co.th [200] [GET] [text/html] [Lazada University] [Tengine/Aserver] [vhost] [Tengine] [5381a9652232cf2b25bf3cc2fb15a18e]
https://email.lazada.co.th [403] [GET] [text/html] [403 Forbidden] [Apache] [Apache] [0152ed695f4291488741d98ba066d280]
https://enterpriseenrollment.lazada.co.th [302] [GET] [] [] [Microsoft-IIS/10.0] [azure] [IIS,Microsoft ASP.NET,Windows Server] [d41d8cd98f00b204e9800998ecf8427e]
https://enterpriseregistration.lazada.co.th [404] [GET] [text/html] [Service] [] [azure] [17654c28a506596d05424ea295203bac]
https://er-p.lazada.co.th [200] [GET] [text/html] [ER] [Tengine] [vhost] [Tengine] [1c5042579b1ee71d312dbf049adc2477]
https://er-search.lazada.co.th [403] [GET] [application/xml] [] [Tengine] [vhost] [Tengine] [61b0811ff4ff8d7235c1279c3f34d655]
https://er.lazada.co.th [200] [GET] [text/html] [ER] [Tengine] [vhost] [Tengine] [b2e3571b1e93d418eed9814702cfe8d2]
https://filebroker-cdn.lazada.co.th [200] [GET] [application/octet-stream] [] [Tengine] [vhost] [Tengine] [0cc175b9c0f1b6a831c399e269772661]
https://filebroker-p.zal.lazada.co.th [200] [GET] [text/html] [] [Tengine/Aserver] [Tengine] [0853b9facd376273dd5f9f5d20e1d741]
https://filebroker-p.zal.lazada.co.th [200] [GET] [text/html] [] [Tengine/Aserver] [Tengine] [44b6c654ee01853b56d978b1036d8d1b]
https://filebroker-staging.lazada.co.th [200] [GET] [text/html] [] [Tengine/Aserver] [Tengine] [31c5906fdf80ab972b76d731d5e25364]
https://filebroker-staging.lazada.co.th [200] [GET] [text/html] [] [Tengine/Aserver] [Tengine] [ccea5de2d87a62769568011331e2c99f]
https://filebroker.lazada.co.th [200] [GET] [text/plain] [] [Tengine/Aserver] [vhost] [Tengine] [5058f1af8388633f609cadb75a75dc9d]
https://gmcp.lazada.co.th [200] [GET] [text/html] [Global Media Creative Platform] [Tengine/Aserver] [vhost] [Tengine] [1167c64f1b6311ef0f72d35c1eb4173b]
https://gmcp.lazada.co.th [200] [GET] [text/html] [Global Media Creative Platform] [Tengine/Aserver] [vhost] [Tengine] [80353028df5a054295b9d44a44505a86]
https://h5-alimebot.lazada.co.th [200] [GET] [application/json] [] [Tengine/Aserver] [vhost] [Java,Spring,Tengine] [e2a98308e7869828e561710d44a1be08]
https://ho.lazada.co.th [404] [GET] [] [] [nginx] [Nginx] [d41d8cd98f00b204e9800998ecf8427e]
https://i.lazada.co.th [200] [GET] [text/html] [Lazada.co.th - Online Shopping Lazada Mobiles Tablets Cosmetics] [Tengine] [vhost] [Tengine] [dd7fa4057de0991f7167909b0a35a693]
https://i.lazada.co.th [301] [GET] [] [] [Tengine] [vhost] [Tengine] [c1672b641f87a9cde48e9120d2a11e85]
https://ifs.lazada.co.th [200] [GET] [text/html] [] [Tengine/Aserver] [vhost] [Java,Spring,Tengine] [1117431986d284ecad024f1f7eb526d8]
https://ifs.lazada.co.th [200] [GET] [text/html] [] [Tengine/Aserver] [vhost] [Java,Spring,Tengine] [a6a5bf74cd79914a45558f71ed926445]
https://jmacs-m.lazada.co.th [403] [GET] [text/html] [403 Forbidden] [Tengine/Aserver] [Tengine] [fa837e03cb43170919130588edeb5521]
https://ju.lazada.co.th [302] [GET] [image/gif] [] [] [vhost] [ad4b0f606e0f8465bc4c4c170b37e1a3]
https://lazada.co.th [301] [GET] [text/html] [301 Moved Permanently] [Tengine/Aserver] [vhost] [Tengine] [67194376ec810b1466000b45b043ab94]
https://lighthouse.lazada.co.th [200] [GET] [text/html] [Lighthouse] [Tengine/Aserver] [vhost] [Java,Spring,Tengine] [51a29c848d6c2c4e9feb27eef628a5d1]
https://locker.lazada.co.th [200] [GET] [text/html] [Lazada - Digital Delivery Center] [Apache-Coyote/1.1] [vhost] [incapsula] [Apache Tomcat,Imperva,Java] [60529ba5d0a243b488261f858443754a]
https://locker.lazada.co.th [200] [GET] [text/html] [Lazada - Digital Delivery Center] [Apache-Coyote/1.1] [vhost] [incapsula] [Apache Tomcat,Imperva,Java] [b9c71ef5b7e4e04ccdfa3ff96bedfdf6]
https://m.lazada.co.th [200] [GET] [text/html] [Lazada.co.th - Online Shopping Lazada Mobiles Tablets Cosmetics] [Tengine] [vhost] [Tengine] [6a2822744a67fdb6661c90fed0e1d7d5]
https://media.lazada.co.th [404] [GET] [text/html] [404 Not Found] [Tengine/Aserver] [Tengine] [950b9288a8e017a1f040099c319a6b9d]
https://media.lazada.co.th [404] [GET] [text/html] [404 Not Found] [Tengine/Aserver] [Tengine] [bfb50c27ca42d7e7db9e1cff19470d7c]
https://member-m.lazada.co.th [302] [GET] [text/html] [302 Found] [Tengine/Aserver] [vhost] [Tengine] [ca862016d6c92c0e14232962898c3e79]
https://member-p.lazada.co.th [200] [GET] [text/html] [] [Tengine/Aserver] [Tengine] [c0b870cad196797bdb5932fd28a10dab]
https://member-p.lazada.co.th [200] [GET] [text/html] [] [Tengine/Aserver] [Tengine] [c29b9e86b54825f394b5c4fd899c422e]
https://member.lazada.co.th [302] [GET] [text/html] [302 Found] [Tengine/Aserver] [vhost] [Tengine] [ca862016d6c92c0e14232962898c3e79]
https://msgacs-m.lazada.co.th [403] [GET] [text/html] [403 Forbidden] [Tengine/Aserver] [Tengine] [7c93faad3c60feff0f506a2fb91611cb]
https://msoid.lazada.co.th [302] [GET] [text/html] [Object moved] [] [vhost] [azure] [67dc47621d0dca9dc8d849ee26494c3b]
https://my-m.lazada.co.th [404] [GET] [text/html] [] [Tengine/Aserver] [vhost] [Tengine] [4d3867e5b90b79a2da70acc270d7b0a1]
https://my.lazada.co.th [302] [GET] [text/html] [302 Found] [Tengine/Aserver] [vhost] [Tengine] [ca862016d6c92c0e14232962898c3e79]
https://open.lazada.co.th [404] [GET] [text/html] [404 Not Found] [Tengine/Aserver] [Tengine] [0c8d1bade77adaa0d981eae0313f2f70]
https://open.lazada.co.th [404] [GET] [text/html] [404 Not Found] [Tengine/Aserver] [Tengine] [73e814b7ef116a9708e00bb7b17d16a9]
https://openapi.lazada.co.th [404] [GET] [text/html] [404 Not Found] [Tengine/Aserver] [Tengine] [19b026f761bd4b13c112ad2d8e050c85]
https://openapi.lazada.co.th [404] [GET] [text/html] [404 Not Found] [Tengine/Aserver] [Tengine] [8bd9a5f4785c05aa2220687acffbbe9b]
https://orders.lazada.co.th [403] [GET] [text/html] [403 Forbidden] [Apache] [Apache] [0152ed695f4291488741d98ba066d280]
https://pages.lazada.co.th [200] [GET] [text/html] [Lazada.co.th - EPIC 10th Birthday Sale ช้อปสนุกสุขเต็มสิบ เซลใหญ่วันเกิด 10 ปี] [Tengine/Aserver] [vhost] [Tengine] [89d08b594cd228a7670583e636ef3ee4]
https://pages.lazada.co.th [200] [GET] [text/html] [Lazada.co.th - EPIC 10th Birthday Sale ช้อปสนุกสุขเต็มสิบ เซลใหญ่วันเกิด 10 ปี] [Tengine/Aserver] [vhost] [Tengine] [d5316e0a24128d7214376e9059b39659]
https://partners.lazada.co.th [404] [GET] [text/html] [404 Not Found] [Tengine/Aserver] [Tengine] [aca0adf46e5f4d528fc63ec724a2859b]
https://partners.lazada.co.th [404] [GET] [text/html] [404 Not Found] [Tengine/Aserver] [Tengine] [b91545ccd1162a270ae4cfdeff4544cc]
https://pdp-p.lazada.co.th [200] [GET] [text/html] [] [Tengine/Aserver] [Tengine] [79ac149322de7d470e230f8e4cdd71e6]
https://pdp-p.lazada.co.th [200] [GET] [text/html] [] [Tengine/Aserver] [Tengine] [b6dd3566ed4e0b1d3c092ecdfaface9d]
https://pdp.lazada.co.th [200] [GET] [text/html] [] [Tengine/Aserver] [vhost] [Bootstrap,Tengine] [b05beb65e7d82a8a17f2174d926e9bf4]
https://pdpdesc-m.lazada.co.th [200] [GET] [application/json] [] [Tengine/Aserver] [vhost] [Tengine] [1b61da223eb09e36b194cb5445a759ce]
https://pdpdesc-m.lazada.co.th [404] [GET] [application/json] [] [Tengine/Aserver] [vhost] [Java,Spring,Tengine] [5f4dd75c742993f01eb89ef630d20006]
https://pdpdesc-p.lazada.co.th [200] [GET] [text/html] [] [Tengine/Aserver] [Tengine] [22dfdd8dc30ee82262258c14fe0b8738]
https://pdpdesc-p.lazada.co.th [200] [GET] [text/html] [] [Tengine/Aserver] [Tengine] [e40280f3bd74558a4c655ce736254643]
https://pre-adsence.lazada.co.th [200] [GET] [text/html] [] [Tengine/Aserver] [Tengine] [1da227a97a2c43bc855500cc9fa5943a]
https://pre-adsence.lazada.co.th [200] [GET] [text/html] [] [Tengine/Aserver] [Tengine] [45ff0ae8b4458b6706d1b90d064e6513]
https://pre-adsense.lazada.co.th [200] [GET] [text/html] [] [Tengine/Aserver] [Tengine] [2ee20ae67528ae06e8d3eaf7f22f6da8]
https://pre-adsense.lazada.co.th [200] [GET] [text/html] [] [Tengine/Aserver] [Tengine] [76db970d8f40606fdc94904113d1eb66]
https://pre-allinone.lazada.co.th [200] [GET] [text/html] [] [Tengine/Aserver] [Tengine] [39dd79117bc4fb02bebe080a894cbd8d]
https://pre-allinone.lazada.co.th [200] [GET] [text/html] [] [Tengine/Aserver] [Tengine] [fcd823192ba872e2a88910f5ad4b1526]
https://pre-s.lazada.co.th [200] [GET] [text/html] [] [Tengine/Aserver] [Tengine] [cc11f89d81c17e9aef30954769d8f59c]
https://pre-s.lazada.co.th [200] [GET] [text/html] [] [Tengine/Aserver] [Tengine] [e8a36fc902ef1730ba34355a2e3b8b57]
https://pre-solution.lazada.co.th [200] [GET] [text/html] [] [Tengine/Aserver] [Tengine] [74ea8fac5c82fc009df6429f398c8b12]
https://pre-solution.lazada.co.th [200] [GET] [text/html] [] [Tengine/Aserver] [Tengine] [f5083661c6c6b7e5323f9e1fadb7da60]
https://pre-u.lazada.co.th [200] [GET] [text/html] [] [Tengine/Aserver] [Tengine] [3a9d50d2a4cf9207f7fcd4b80d863be0]
https://pre-u.lazada.co.th [200] [GET] [text/html] [] [Tengine/Aserver] [Tengine] [e18ddcea159fe5339ac636f9aa696f54]
https://pre-wallet.lazada.co.th [200] [GET] [text/html] [] [Tengine/Aserver] [Tengine] [1d4dae4324ff844f81ff2f54d08a3137]
https://pre-wallet.lazada.co.th [200] [GET] [text/html] [] [Tengine/Aserver] [Tengine] [3e730e3d3463e86d2045e5d7d2480681]
https://pre.lazada.co.th [200] [GET] [text/html] [] [Tengine/Aserver] [Tengine] [8fe0d606a537c8f8c48453e4e1692532]
https://pre.lazada.co.th [200] [GET] [text/html] [] [Tengine/Aserver] [Tengine] [e75980b10159d710dbadcffa059583b0]
https://psc-alimebot.lazada.co.th [302] [GET] [] [] [Tengine/Aserver] [vhost] [Tengine] [d41d8cd98f00b204e9800998ecf8427e]
https://rest.lazada.co.th [404] [GET] [text/html] [404 Not Found] [Tengine/Aserver] [Tengine] [8ea72de23570361f2857ec17cc78084e]
https://rest.lazada.co.th [404] [GET] [text/html] [404 Not Found] [Tengine/Aserver] [Tengine] [a38291563886c4e98e068febdbdf24b8]
https://s.lazada.co.th [302] [GET] [text/html] [302 Found] [Tengine/Aserver] [vhost] [Tengine] [bfac680f5601df0f5482fd08c8c970a7]
https://search-beta.lazada.co.th [200] [GET] [text/html] [] [Tengine/Aserver] [vhost] [Bootstrap,Tengine] [1d65cc1d2758e64942c0d417c4e53347]
https://search-p.lazada.co.th [200] [GET] [text/html] [] [Tengine/Aserver] [Tengine] [3c2cb0dee1762577240add71c40af63f]
https://search-p.lazada.co.th [200] [GET] [text/html] [] [Tengine/Aserver] [Tengine] [3eebfe95c96ea80f15ca2c8c4d87d543]
https://sellercenter-staging.lazada.co.th [200] [GET] [text/html] [] [Tengine/Aserver] [Tengine] [0c1294e7bc3cfa2e2f98210e530278b9]
https://sellercenter-staging.lazada.co.th [200] [GET] [text/html] [] [Tengine/Aserver] [Tengine] [decee62c42717db0be469193032285b2]
https://shop-p.zal.lazada.co.th [200] [GET] [text/html] [] [Tengine/Aserver] [Tengine] [0197f66f442422e9c6eb2d5e95de9406]
https://shop-p.zal.lazada.co.th [200] [GET] [text/html] [] [Tengine/Aserver] [Tengine] [b3e534d6ddd231fc232f382ab69d09b2]
https://solution.lazada.co.th [302] [GET] [] [] [Tengine/Aserver] [vhost] [Tengine] [d41d8cd98f00b204e9800998ecf8427e]
https://ssc-staging.lazada.co.th [200] [GET] [text/html] [] [Tengine/Aserver] [Tengine] [44a26b18c2cbfdcb45b0d0304b82571d]
https://ssc-staging.lazada.co.th [200] [GET] [text/html] [] [Tengine/Aserver] [Tengine] [a47e969d48672bcf6faefcb6533a10f7]
https://ssc.lazada.co.th [302] [GET] [] [] [Tengine/Aserver] [vhost] [Tengine] [d41d8cd98f00b204e9800998ecf8427e]
https://ssr-std.lazada.co.th [200] [GET] [application/json] [] [Tengine/Aserver] [vhost] [Tengine] [2accc21a6db24d5baefad8a762a8fc10]
https://static-file.lazada.co.th [400] [GET] [text/html] [Invalid URL] [AkamaiGHost] [90a6222bfb08fef7b8616066bbe94e47]
https://static-file.lazada.co.th [400] [GET] [text/html] [Invalid URL] [AkamaiGHost] [b76d30da8505dd7d2263a70308188908]
https://station.lazada.co.th [200] [GET] [application/octet-stream] [Home] [Tengine/Aserver] [vhost] [Bootstrap,Font Awesome,Tengine] [86ce98ce03a4646d1f71b1e94f4afad2]
https://store.lazada.co.th [302] [GET] [text/html] [302 Found] [Tengine/Aserver] [vhost] [Tengine] [ca862016d6c92c0e14232962898c3e79]
https://sug.lazada.co.th [200] [GET] [text/html] [] [Tengine/Aserver] [vhost] [Tengine] [cde86c8fc9569b17c1c487944842e81c]
https://survey.lazada.co.th [200] [GET] [text/html] [] [Tengine/Aserver] [vhost] [Tengine] [975257bdbefe9e0e47ecc377a0928487]
https://survey.lazada.co.th [200] [GET] [text/html] [] [Tengine/Aserver] [vhost] [Tengine] [d18a32421354fde7c538346c421ca1ef]
https://taobao.lazada.co.th [200] [GET] [text/html] [Taobao คอลเลคชั่น] [Tengine/Aserver] [vhost] [Tengine] [f21af244802e73fd3047238ca4447166]
https://th.locker.lazada.co.th [200] [GET] [text/html] [Lazada - Digital Delivery Center] [Apache-Coyote/1.1] [vhost] [incapsula] [Apache Tomcat,Imperva,Java] [3098af26b1bf2cfb88e78539c4d7127c]
https://th.locker.lazada.co.th [200] [GET] [text/html] [Lazada - Digital Delivery Center] [Apache-Coyote/1.1] [vhost] [incapsula] [Apache Tomcat,Imperva,Java] [d0615e8523eb0cd217ddcb4930d482df]
https://topup.lazada.co.th [302] [GET] [text/html] [302 Found] [Tengine/Aserver] [vhost] [Tengine] [ca862016d6c92c0e14232962898c3e79]
https://u.lazada.co.th [302] [GET] [text/html] [302 Found] [Tengine/Aserver] [vhost] [Tengine] [ca862016d6c92c0e14232962898c3e79]
https://uapi-xspace.lazada.co.th [302] [GET] [text/html] [302 Found] [Tengine/Aserver] [vhost] [Tengine] [ca862016d6c92c0e14232962898c3e79]
https://union.lazada.co.th [200] [GET] [text/html] [Lazada.co.th - EPIC 10th Birthday Sale ช้อปสนุกสุขเต็มสิบ เซลใหญ่วันเกิด 10 ปี] [Tengine/Aserver] [vhost] [Tengine] [b0e0278c79ab94f6d979e1122b9b14f5]
https://union.lazada.co.th [200] [GET] [text/html] [Lazada.co.th - EPIC 10th Birthday Sale ช้อปสนุกสุขเต็มสิบ เซลใหญ่วันเกิด 10 ปี] [Tengine/Aserver] [vhost] [Tengine] [d18ab98e5b6f20778115e281dfab1608]
https://university.lazada.co.th [200] [GET] [text/html] [Lazada University] [Tengine/Aserver] [vhost] [Tengine] [8baf08796afba013071e98197c1f4a92]
https://university.lazada.co.th [200] [GET] [text/html] [Lazada University] [Tengine/Aserver] [vhost] [Tengine] [c16045b27b0eb8200883daeee85a7a8a]
https://wallet.lazada.co.th [302] [GET] [text/html] [302 Found] [Tengine/Aserver] [vhost] [Tengine] [ca862016d6c92c0e14232962898c3e79]
https://www.lazada.co.th [200] [GET] [text/html] [Lazada.co.th - EPIC 10th Birthday Sale ช้อปสนุกสุขเต็มสิบ เซลใหญ่วันเกิด 10 ปี] [Tengine/Aserver] [vhost] [Tengine] [4f0d4ad5e69bbd398cc99bce5c72a883]
https://www.lazada.co.th [200] [GET] [text/html] [Lazada.co.th - EPIC 10th Birthday Sale ช้อปสนุกสุขเต็มสิบ เซลใหญ่วันเกิด 10 ปี] [Tengine/Aserver] [vhost] [Tengine] [763426b9a177d309250cc6f3d565a51c]
https://www.locker.lazada.co.th [200] [GET] [text/html] [] [Apache-Coyote/1.1] [vhost] [incapsula] [Apache Tomcat,Imperva,Java] [3607f7e8ec14bd34f1b27940c8092754]
https://www.locker.lazada.co.th [200] [GET] [text/html] [] [Apache-Coyote/1.1] [vhost] [incapsula] [Apache Tomcat,Imperva,Java] [4e2a16c4b3da280002919e073e52e587]
https://www.th.locker.lazada.co.th [200] [GET] [text/html] [] [Apache-Coyote/1.1] [vhost] [incapsula] [Apache Tomcat,Imperva,Java] [4263652d33039e2028e62d0aec023c1e]
https://www.th.locker.lazada.co.th [200] [GET] [text/html] [] [Apache-Coyote/1.1] [vhost] [incapsula] [Apache Tomcat,Imperva,Java] [ebd67c689e12cbc344ef73a590e0b669]
https://xform.lazada.co.th [302] [GET] [text/html] [302 Found] [Tengine/Aserver] [vhost] [Tengine] [ca862016d6c92c0e14232962898c3e79]
https://zal.lazada.co.th [200] [GET] [text/html] [] [Tengine/Aserver] [Tengine] [6dcbac8a39a59f0f0df05e94f254139a]
https://zal.lazada.co.th [200] [GET] [text/html] [] [Tengine/Aserver] [Tengine] [c088f9d8ed70561c17cf4c9b54e94bd3]
