http://api.sellercenter.lazada.com.ph [301] [GET] [text/html] [301 Moved Permanently] [Tengine/Aserver] [Tengine] [c6eee52eb2f0b8d48f818d75278c08e8]
https://acs-m.lazada.com.ph [403] [GET] [text/html] [403 Forbidden] [Tengine/Aserver] [vhost] [Tengine] [eda4b85163997a69213fd21d9cfd190c]
https://acs-m.lazada.com.ph [403] [GET] [text/html] [403 Forbidden] [Tengine/Aserver] [vhost] [Tengine] [f15355094c4cd9769b22f707ad2fb79f]
https://acs-wapa.lazada.com.ph [200] [GET] [text/html] [] [Tengine/Aserver] [Tengine] [d78602d4dc376fa70a8ea67f3079c713]
https://acs-wapa.lazada.com.ph [200] [GET] [text/html] [] [Tengine/Aserver] [Tengine] [fc688115c089eea70b636b816750ca09]
https://admin-p.lazada.com.ph [200] [GET] [text/html] [] [Tengine/Aserver] [Tengine] [260b86b8874b4a652616bb035c349216]
https://admin-p.lazada.com.ph [200] [GET] [text/html] [] [Tengine/Aserver] [Tengine] [7a915c7623897ef52f958a662ab33725]
https://admin-staging.education.lazada.com.ph [302] [GET] [text/html] [302 Found] [Tengine/Aserver] [Tengine] [43276b3c9487605068688498af0acfab]
https://admin-staging.education.lazada.com.ph [302] [GET] [text/html] [302 Found] [Tengine/Aserver] [vhost] [Tengine] [43276b3c9487605068688498af0acfab]
https://admin.education.lazada.com.ph [302] [GET] [text/html] [302 Found] [Tengine/Aserver] [vhost] [Tengine] [43276b3c9487605068688498af0acfab]
https://admin.lazada.com.ph [302] [GET] [text/html] [302 Found] [Tengine/Aserver] [Tengine] [43276b3c9487605068688498af0acfab]
https://admin.sellercenter.lazada.com.ph [302] [GET] [text/html] [302 Found] [Tengine/Aserver] [Tengine] [43276b3c9487605068688498af0acfab]
https://admin.sellercenter.lazada.com.ph [302] [GET] [text/html] [302 Found] [Tengine/Aserver] [vhost] [Tengine] [43276b3c9487605068688498af0acfab]
https://adsense.lazada.com.ph [302] [GET] [] [] [Tengine/Aserver] [vhost] [Tengine] [d41d8cd98f00b204e9800998ecf8427e]
https://affiliate.lazada.com.ph [200] [GET] [] [] [Tengine/Aserver] [vhost] [Tengine] [d41d8cd98f00b204e9800998ecf8427e]
https://ali.lazada.com.ph [200] [GET] [text/html] [Lazada Philippines: Online Shopping Philippines with Great Prices!] [Tengine/Aserver] [vhost] [Tengine] [e1f986ac1d58d788bae3981792359bfe]
https://c.lazada.com.ph [302] [GET] [text/html] [302 Found] [Tengine/Aserver] [vhost] [Tengine] [ca862016d6c92c0e14232962898c3e79]
https://cart-p.lazada.com.ph [200] [GET] [text/html] [] [Tengine/Aserver] [Tengine] [81a54e10509205f040ae76c3f76bda52]
https://cart-p.lazada.com.ph [200] [GET] [text/html] [] [Tengine/Aserver] [Tengine] [edcfd5f012085b20d5ee34ac8073860e]
https://cart.lazada.com.ph [302] [GET] [text/html] [302 Found] [Tengine/Aserver] [vhost] [Tengine] [ca862016d6c92c0e14232962898c3e79]
https://checkout-m.lazada.com.ph [404] [GET] [text/html] [] [Tengine/Aserver] [vhost] [Tengine] [1352c40ed29be18e024996b10b33a27e]
https://checkout-p.lazada.com.ph [200] [GET] [text/html] [] [Tengine/Aserver] [Tengine] [834f6dd8d336dc7cc46b5a6e390f22ca]
https://checkout-p.lazada.com.ph [200] [GET] [text/html] [] [Tengine/Aserver] [Tengine] [8ec57a386f0a3f19c5683597d00938ae]
https://creative.lazada.com.ph [200] [GET] [text/plain] [Content Platform] [Tengine/Aserver] [vhost] [Java,Spring,Tengine] [2ea1bcc73b903231308efe03d2eefa64]
https://cs.lazada.com.ph [200] [GET] [text/html] [] [Tengine/Aserver] [vhost] [Tengine] [ab252a1c44d0b644c32f3538f4923910]
https://cs.lazada.com.ph [200] [GET] [text/html] [] [Tengine/Aserver] [vhost] [Tengine] [b48db1724a4cd32916352bfbca2e63f5]
https://digital.lazada.com.ph [400] [GET] [text/html] [Invalid URL] [AkamaiGHost] [7f2d258ad403aab0f4c791a97c849fb7]
https://digital.lazada.com.ph [400] [GET] [text/html] [Invalid URL] [AkamaiGHost] [e892a34339b34ed253d7b5aef764f5fe]
https://eco-device.lazada.com.ph [404] [GET] [text/html] [404 Not Found] [Tengine/Aserver] [Tengine] [c4614ec98fc34283331ddc34cc028c7d]
https://eco-device.lazada.com.ph [404] [GET] [text/html] [404 Not Found] [Tengine/Aserver] [Tengine] [fc8aa6187ceb6503c34307ef17e70855]
https://eco-ueba.lazada.com.ph [404] [GET] [text/html] [404 Not Found] [Tengine/Aserver] [Tengine] [809afeb0e14eeb7ad48e016a53a0e800]
https://eco-ueba.lazada.com.ph [404] [GET] [text/html] [404 Not Found] [Tengine/Aserver] [Tengine] [bd3652ecb4de7fda8115c85d0ec00846]
https://education-staging.lazada.com.ph [200] [GET] [text/html] [] [Tengine/Aserver] [Tengine] [30b67be7066dac244e2850636ef4b84b]
https://education-staging.lazada.com.ph [200] [GET] [text/html] [] [Tengine/Aserver] [Tengine] [76c717fe18f7089d5e8f9f601e7b45be]
https://education.lazada.com.ph [200] [GET] [text/html] [Lazada University] [Tengine/Aserver] [vhost] [Tengine] [bfa6749393c441e719802d326be4ed19]
https://education.lazada.com.ph [200] [GET] [text/html] [Lazada University] [Tengine/Aserver] [vhost] [Tengine] [d8417f0b7e5b597279f2673cecc52dee]
https://email.lazada.com.ph [403] [GET] [text/html] [403 Forbidden] [Apache] [Apache] [0152ed695f4291488741d98ba066d280]
https://enterpriseregistration.lazada.com.ph [404] [GET] [text/html] [Service] [] [azure] [17654c28a506596d05424ea295203bac]
https://er-p.lazada.com.ph [200] [GET] [text/html] [ER] [Tengine] [vhost] [Tengine] [1c5042579b1ee71d312dbf049adc2477]
https://er-search.lazada.com.ph [403] [GET] [application/xml] [] [Tengine] [vhost] [Tengine] [1addd354c0275feb41b6be8fb62ba07e]
https://filebroker-cdn.lazada.com.ph [200] [GET] [application/octet-stream] [] [Tengine] [vhost] [Tengine] [0cc175b9c0f1b6a831c399e269772661]
https://filebroker-staging.lazada.com.ph [200] [GET] [text/html] [] [Tengine/Aserver] [Tengine] [27e3967843a68caf34026309a09cef74]
https://filebroker-staging.lazada.com.ph [200] [GET] [text/html] [] [Tengine/Aserver] [Tengine] [e0d359645f2c7ab9cee4bf44562e32d3]
https://gmcp.lazada.com.ph [200] [GET] [text/html] [Global Media Creative Platform] [Tengine/Aserver] [vhost] [Tengine] [616ddcb88adc51af06bf65820cf1ef4a]
https://h5-alimebot.lazada.com.ph [200] [GET] [application/json] [] [Tengine/Aserver] [vhost] [Java,Spring,Tengine] [e2a98308e7869828e561710d44a1be08]
https://ho.lazada.com.ph [404] [GET] [] [] [nginx] [Nginx] [d41d8cd98f00b204e9800998ecf8427e]
https://i.lazada.com.ph [200] [GET] [text/html] [Lazada Philippines: Online Shopping Philippines with Great Prices!] [Tengine] [vhost] [Tengine] [38d83ad8fae29de1f11243c6ad0c775a]
https://i.lazada.com.ph [301] [GET] [] [] [Tengine] [vhost] [Tengine] [c1672b641f87a9cde48e9120d2a11e85]
https://jmacs-m.lazada.com.ph [403] [GET] [text/html] [403 Forbidden] [Tengine/Aserver] [Tengine] [0513869ce4fd71775109877a1c16cf4b]
https://lazada.com.ph [301] [GET] [text/html] [301 Moved Permanently] [Tengine/Aserver] [vhost] [Tengine] [67194376ec810b1466000b45b043ab94]
https://lighthouse.lazada.com.ph [200] [GET] [text/html] [Lighthouse] [Tengine/Aserver] [vhost] [Java,Spring,Tengine] [93cee1e23ae62a9432347235b521cf82]
https://lighthouse.lazada.com.ph [200] [GET] [text/html] [Lighthouse] [Tengine/Aserver] [vhost] [Java,Spring,Tengine] [955695aa9120b61771d65b49a0d20649]
https://login.sellercenter.lazada.com.ph [500] [GET] [text/plain] [] [Tengine/Aserver] [vhost] [Tengine] [31cb4650e8b8a79389655ef6f3df36f1]
https://m.lazada.com.ph [200] [GET] [text/html] [Lazada Philippines: Online Shopping Philippines with Great Prices!] [Tengine] [vhost] [Tengine] [f545aafcd4868101a1ea313f9c8f1148]
https://m.lazada.com.ph [301] [GET] [] [] [Tengine] [vhost] [Tengine] [c1672b641f87a9cde48e9120d2a11e85]
https://member-p.lazada.com.ph [200] [GET] [text/html] [] [Tengine/Aserver] [Tengine] [5935de97bf0b41e25da13b5bd1011b1c]
https://member-p.lazada.com.ph [200] [GET] [text/html] [] [Tengine/Aserver] [Tengine] [db91c6bf1ad01896e9a783e461b6ef54]
https://member.lazada.com.ph [302] [GET] [text/html] [302 Found] [Tengine/Aserver] [vhost] [Tengine] [ca862016d6c92c0e14232962898c3e79]
https://ms.adsense.lazada.com.ph [302] [GET] [] [] [Tengine/Aserver] [vhost] [Tengine] [d41d8cd98f00b204e9800998ecf8427e]
https://msgacs-m.lazada.com.ph [403] [GET] [text/html] [403 Forbidden] [Tengine/Aserver] [Tengine] [b1633f6c539db59974524550c1f7cc91]
https://msoid.lazada.com.ph [302] [GET] [text/html] [Object moved] [] [vhost] [azure] [67dc47621d0dca9dc8d849ee26494c3b]
https://my-p.lazada.com.ph [200] [GET] [text/html] [] [Tengine/Aserver] [Tengine] [89b5b6c897aebe38ddc0cf005b97f74f]
https://my-p.lazada.com.ph [200] [GET] [text/html] [] [Tengine/Aserver] [Tengine] [ffbb813a9e0efedb48bc2fe3f0d20f6a]
https://my.lazada.com.ph [302] [GET] [text/html] [302 Found] [Tengine/Aserver] [vhost] [Tengine] [ca862016d6c92c0e14232962898c3e79]
https://open.lazada.com.ph [404] [GET] [text/html] [404 Not Found] [Tengine/Aserver] [Tengine] [74a6f59695a4bf27e960eda324357832]
https://open.lazada.com.ph [404] [GET] [text/html] [404 Not Found] [Tengine/Aserver] [Tengine] [8f5e65f7661a86c6893e8f516ab84ad5]
https://openapi.lazada.com.ph [404] [GET] [text/html] [404 Not Found] [Tengine/Aserver] [Tengine] [0a9e61abfd32a58e47ae16b3052c0788]
https://openapi.lazada.com.ph [404] [GET] [text/html] [404 Not Found] [Tengine/Aserver] [Tengine] [40571c2acf8114aa87970fd18cba4c23]
https://orders.lazada.com.ph [403] [GET] [text/html] [403 Forbidden] [Apache] [Apache] [0152ed695f4291488741d98ba066d280]
https://pages.lazada.com.ph [200] [GET] [text/html] [Lazada Philippines: Online Shopping Philippines with Great Prices!] [Tengine/Aserver] [vhost] [Tengine] [e1f986ac1d58d788bae3981792359bfe]
https://pages.lazada.com.ph [200] [GET] [text/html] [Lazada Philippines: Online Shopping Philippines with Great Prices!] [Tengine/Aserver] [vhost] [Tengine] [e520ea53c1c207a10bd42556cdffcf80]
https://pdp-beta.lazada.com.ph [200] [GET] [text/html] [] [Tengine/Aserver] [vhost] [Bootstrap,Tengine] [b05beb65e7d82a8a17f2174d926e9bf4]
https://pdpdesc-m.lazada.com.ph [404] [GET] [application/json] [] [Tengine/Aserver] [vhost] [Java,Spring,Tengine] [149cd7de9b522ce67571b09046c8acc8]
https://pdpdesc-m.lazada.com.ph [404] [GET] [application/json] [] [Tengine/Aserver] [vhost] [Java,Spring,Tengine] [b5b6738511b90a8336384758ac5f8199]
https://pdpdesc-p.lazada.com.ph [200] [GET] [text/html] [] [Tengine/Aserver] [Tengine] [20c4643e20dcbc6c0a44a2ff6b3a5510]
https://pdpdesc-p.lazada.com.ph [200] [GET] [text/html] [] [Tengine/Aserver] [Tengine] [57c91c4b717490bba45a3c7e4afa0fa6]
https://pform.lazada.com.ph [404] [GET] [text/html] [] [Tengine] [vhost] [Tengine] [5a2bce9d53f443761357fef4f5674ca7]
https://pre-adsence.lazada.com.ph [200] [GET] [text/html] [] [Tengine/Aserver] [Tengine] [32d5f996582536316fd0ccd1f2e9f8c9]
https://pre-adsence.lazada.com.ph [200] [GET] [text/html] [] [Tengine/Aserver] [Tengine] [fdc226af3d861bb0ff78f8398a1218ef]
https://pre-adsense.lazada.com.ph [200] [GET] [text/html] [] [Tengine/Aserver] [Tengine] [792729bdcb0088d2ea11308b9a6d505b]
https://pre-adsense.lazada.com.ph [200] [GET] [text/html] [] [Tengine/Aserver] [Tengine] [ba0f03f98ad9dfe23d344e30d79e5b21]
https://pre-c.lazada.com.ph [200] [GET] [text/html] [] [Tengine/Aserver] [Tengine] [80e86f2250bf06dd2693081ed2cd48e2]
https://pre-c.lazada.com.ph [200] [GET] [text/html] [] [Tengine/Aserver] [Tengine] [eaacf0806ff63f7f85c2ba2d096e4fca]
https://pre-creative.lazada.com.ph [200] [GET] [text/html] [] [Tengine/Aserver] [Tengine] [1c2ad43cfebbb0b008b9e78c21005463]
https://pre-creative.lazada.com.ph [200] [GET] [text/html] [] [Tengine/Aserver] [Tengine] [4978c82a0eafbcdbdfc9e7608eae5d0e]
https://pre-gmcp.lazada.com.ph [200] [GET] [text/html] [] [Tengine/Aserver] [Tengine] [2c68546bfec9dd4060560edbb60817ae]
https://pre-gmcp.lazada.com.ph [200] [GET] [text/html] [] [Tengine/Aserver] [Tengine] [9d2e36a21345a64c539ea23bb823023a]
https://pre-psc-alimebot.lazada.com.ph [200] [GET] [text/html] [] [Tengine/Aserver] [Tengine] [c74926e77e60d10e2f0860f98ba81fd7]
https://pre-psc-alimebot.lazada.com.ph [200] [GET] [text/html] [] [Tengine/Aserver] [Tengine] [ccfe5527e0062bb4731bf2e6a04b7c0e]
https://pre-shop-alimebot.lazada.com.ph [200] [GET] [text/html] [] [Tengine/Aserver] [Tengine] [7c3fe43b23d3c3c56ba6063ffa5595a7]
https://pre-shop-alimebot.lazada.com.ph [200] [GET] [text/html] [] [Tengine/Aserver] [Tengine] [dec563e76fd206619b5efb88b053af19]
https://pre-u.lazada.com.ph [200] [GET] [text/html] [] [Tengine/Aserver] [Tengine] [6702988a99e39efa62b8cd477a942c51]
https://pre-u.lazada.com.ph [200] [GET] [text/html] [] [Tengine/Aserver] [Tengine] [ee646690019f51208193571f91f115d8]
https://pre-wallet.lazada.com.ph [200] [GET] [text/html] [] [Tengine/Aserver] [Tengine] [447181764064dcff5b01d1093042e105]
https://pre-wallet.lazada.com.ph [200] [GET] [text/html] [] [Tengine/Aserver] [Tengine] [d26c79dfa118e4eca7d757012cf96b08]
https://pre.lazada.com.ph [200] [GET] [text/html] [] [Tengine/Aserver] [Tengine] [0fb3bee6475a71e7b9451d215fc5f30a]
https://pre.lazada.com.ph [200] [GET] [text/html] [] [Tengine/Aserver] [Tengine] [84b085153fa1d2fc39b96530a920a2e9]
https://rest.lazada.com.ph [404] [GET] [text/html] [404 Not Found] [Tengine/Aserver] [Tengine] [6557e92f1ddbc4a17f117a5adf90d6b8]
https://rest.lazada.com.ph [404] [GET] [text/html] [404 Not Found] [Tengine/Aserver] [Tengine] [c4d1aee964e111ac58009d1db2db9218]
https://search-beta.lazada.com.ph [200] [GET] [text/html] [] [Tengine/Aserver] [vhost] [Bootstrap,Tengine] [1d65cc1d2758e64942c0d417c4e53347]
https://search-p.lazada.com.ph [200] [GET] [text/html] [] [Tengine/Aserver] [Tengine] [9d06c17326a3cccdbe05ff87b38a5e37]
https://search-p.lazada.com.ph [200] [GET] [text/html] [] [Tengine/Aserver] [Tengine] [c36fa6534b0429b7213e3e92a2fe32af]
https://sellercenter-staging.lazada.com.ph [200] [GET] [text/html] [] [Tengine/Aserver] [Tengine] [1363546d38feaa1392664d8bcdaea103]
https://sellercenter-staging.lazada.com.ph [200] [GET] [text/html] [] [Tengine/Aserver] [Tengine] [b7a89135759ba30edeb03df9fddfbaca]
https://sellercenter.lazada.com.ph [302] [GET] [] [] [Tengine/Aserver] [vhost] [Java,Tengine] [d41d8cd98f00b204e9800998ecf8427e]
https://ssc-staging.lazada.com.ph [200] [GET] [text/html] [] [Tengine/Aserver] [Tengine] [2eb5bd6e156895eeda54db7907631bfb]
https://ssc-staging.lazada.com.ph [200] [GET] [text/html] [] [Tengine/Aserver] [Tengine] [e6d150d292d8d00493cbabfe465f5108]
https://ssc.lazada.com.ph [302] [GET] [] [] [Tengine/Aserver] [vhost] [Tengine] [d41d8cd98f00b204e9800998ecf8427e]
https://static-file.lazada.com.ph [400] [GET] [text/html] [Invalid URL] [AkamaiGHost] [b15dc24e153311d669da2fc3ac60dcde]
https://static-file.lazada.com.ph [400] [GET] [text/html] [Invalid URL] [AkamaiGHost] [f2677474ba6d6f5d6ac017b7349768b7]
https://store.lazada.com.ph [302] [GET] [text/html] [302 Found] [Tengine/Aserver] [vhost] [Tengine] [ca862016d6c92c0e14232962898c3e79]
https://stp.lazada.com.ph [302] [GET] [text/html] [302 Found] [Tengine/Aserver] [vhost] [Tengine] [ca862016d6c92c0e14232962898c3e79]
https://survey.lazada.com.ph [200] [GET] [text/html] [] [Tengine/Aserver] [vhost] [Tengine] [b0a42fc732771781300ac89a3645d0cd]
https://survey.lazada.com.ph [200] [GET] [text/html] [] [Tengine/Aserver] [vhost] [Tengine] [d8603b2ba6ccf6ff7cb258aa50e385c3]
https://taobao.lazada.com.ph [200] [GET] [text/html] [Taobao Collection] [Tengine/Aserver] [vhost] [Tengine] [fefe245926291e79852e39c51938d233]
https://topup.lazada.com.ph [302] [GET] [text/html] [302 Found] [Tengine/Aserver] [vhost] [Tengine] [ca862016d6c92c0e14232962898c3e79]
https://union.lazada.com.ph [200] [GET] [text/html] [Lazada Philippines: Online Shopping Philippines with Great Prices!] [Tengine/Aserver] [vhost] [Tengine] [41cf983f2aa9ba6b821983e13b7407b0]
https://union.lazada.com.ph [200] [GET] [text/html] [Lazada Philippines: Online Shopping Philippines with Great Prices!] [Tengine/Aserver] [vhost] [Tengine] [e76fac7292a105c8847fa42b490efba3]
https://university.lazada.com.ph [200] [GET] [text/html] [Lazada University] [Tengine/Aserver] [vhost] [Tengine] [05f90877934188322906ab2b0cdef501]
https://university.lazada.com.ph [200] [GET] [text/html] [Lazada University] [Tengine/Aserver] [vhost] [Tengine] [7ad58a9aeef90ed648dc313dc98e98a4]
https://www.lazada.com.ph [200] [GET] [text/html] [Lazada Philippines: Online Shopping Philippines with Great Prices!] [Tengine] [vhost] [Tengine] [83369057eda74a0330b9bfd0998a9bd5]
https://www.lazada.com.ph [200] [GET] [text/html] [Lazada Philippines: Online Shopping Philippines with Great Prices!] [Tengine] [vhost] [Tengine] [e48123cd40882fba9fe63c69f023decd]
