https://1.athena.dns.apps.dev.lifeomic.com [302] [GET] [application/json] [] [CloudFront] [vhost] [cloudfront] [Amazon Cloudfront,Amazon Web Services] [d41d8cd98f00b204e9800998ecf8427e]
https://11065bocailaotou.apps.dev.lifeomic.com [302] [GET] [application/json] [] [CloudFront] [vhost] [cloudfront] [Amazon Cloudfront,Amazon Web Services] [d41d8cd98f00b204e9800998ecf8427e]
https://11riri.corp.apps.dev.lifeomic.com [302] [GET] [application/json] [] [CloudFront] [vhost] [cloudfront] [Amazon Cloudfront,Amazon Web Services] [d41d8cd98f00b204e9800998ecf8427e]
https://1210.corp.apps.dev.lifeomic.com [302] [GET] [application/json] [] [CloudFront] [vhost] [cloudfront] [Amazon Cloudfront,Amazon Web Services] [d41d8cd98f00b204e9800998ecf8427e]
https://12aomenpujingduchang.apps.dev.lifeomic.com [302] [GET] [application/json] [] [CloudFront] [vhost] [cloudfront] [Amazon Cloudfront,Amazon Web Services] [d41d8cd98f00b204e9800998ecf8427e]
https://15iii.corp.apps.dev.lifeomic.com [302] [GET] [application/json] [] [CloudFront] [vhost] [cloudfront] [Amazon Cloudfront,Amazon Web Services] [d41d8cd98f00b204e9800998ecf8427e]
https://1e.apps.dev.lifeomic.com [302] [GET] [application/json] [] [CloudFront] [vhost] [cloudfront] [Amazon Cloudfront,Amazon Web Services] [d41d8cd98f00b204e9800998ecf8427e]
https://2012aomenpujingduchang.apps.dev.lifeomic.com [302] [GET] [application/json] [] [CloudFront] [vhost] [cloudfront] [Amazon Cloudfront,Amazon Web Services] [d41d8cd98f00b204e9800998ecf8427e]
https://253aapps.wellness.dev.lifeomic.com [302] [GET] [application/json] [] [] [vhost] [cloudfront] [Amazon Cloudfront,Amazon Web Services] [d41d8cd98f00b204e9800998ecf8427e]
https://3aapps.wellness.dev.lifeomic.com [302] [GET] [application/json] [] [] [vhost] [cloudfront] [Amazon Cloudfront,Amazon Web Services] [d41d8cd98f00b204e9800998ecf8427e]
https://4business.apps.ids.wellness.dev.lifeomic.com [302] [GET] [application/json] [] [] [vhost] [cloudfront] [Amazon Cloudfront,Amazon Web Services] [d41d8cd98f00b204e9800998ecf8427e]
https://51.apps.dev.lifeomic.com [302] [GET] [application/json] [] [CloudFront] [vhost] [cloudfront] [Amazon Cloudfront,Amazon Web Services] [d41d8cd98f00b204e9800998ecf8427e]
https://_cisco-uds._tcp.apps.wellness.dev.lifeomic.com [302] [GET] [application/json] [] [] [vhost] [cloudfront] [Amazon Cloudfront,Amazon Web Services] [d41d8cd98f00b204e9800998ecf8427e]
https://_cisco-uds._tcp.lifeology.dev.lifeomic.com [302] [GET] [application/json] [] [] [vhost] [cloudfront] [Amazon Cloudfront,Amazon Web Services] [d41d8cd98f00b204e9800998ecf8427e]
https://_cisco-uds.apps.wellness.dev.lifeomic.com [302] [GET] [application/json] [] [] [vhost] [cloudfront] [Amazon Cloudfront,Amazon Web Services] [d41d8cd98f00b204e9800998ecf8427e]
https://_cisco-uds.lifeology.dev.lifeomic.com [302] [GET] [application/json] [] [] [vhost] [cloudfront] [Amazon Cloudfront,Amazon Web Services] [d41d8cd98f00b204e9800998ecf8427e]
https://_collab-edge._tls.apps.wellness.dev.lifeomic.com [302] [GET] [application/json] [] [] [vhost] [cloudfront] [Amazon Cloudfront,Amazon Web Services] [d41d8cd98f00b204e9800998ecf8427e]
https://_collab-edge._tls.lifeology.dev.lifeomic.com [302] [GET] [application/json] [] [] [vhost] [cloudfront] [Amazon Cloudfront,Amazon Web Services] [d41d8cd98f00b204e9800998ecf8427e]
https://_collab-edge.apps.wellness.dev.lifeomic.com [302] [GET] [application/json] [] [] [vhost] [cloudfront] [Amazon Cloudfront,Amazon Web Services] [d41d8cd98f00b204e9800998ecf8427e]
https://_collab-edge.lifeology.dev.lifeomic.com [302] [GET] [application/json] [] [] [vhost] [cloudfront] [Amazon Cloudfront,Amazon Web Services] [d41d8cd98f00b204e9800998ecf8427e]
https://_cuplogin._tcp.apps.wellness.dev.lifeomic.com [302] [GET] [application/json] [] [] [vhost] [cloudfront] [Amazon Cloudfront,Amazon Web Services] [d41d8cd98f00b204e9800998ecf8427e]
https://_cuplogin._tcp.lifeology.dev.lifeomic.com [302] [GET] [application/json] [] [] [vhost] [cloudfront] [Amazon Cloudfront,Amazon Web Services] [d41d8cd98f00b204e9800998ecf8427e]
https://_cuplogin.apps.wellness.dev.lifeomic.com [302] [GET] [application/json] [] [] [vhost] [cloudfront] [Amazon Cloudfront,Amazon Web Services] [d41d8cd98f00b204e9800998ecf8427e]
https://_cuplogin.lifeology.dev.lifeomic.com [302] [GET] [application/json] [] [] [vhost] [cloudfront] [Amazon Cloudfront,Amazon Web Services] [d41d8cd98f00b204e9800998ecf8427e]
https://_dmarc.apps.wellness.dev.lifeomic.com [302] [GET] [application/json] [] [] [vhost] [cloudfront] [Amazon Cloudfront,Amazon Web Services] [d41d8cd98f00b204e9800998ecf8427e]
https://_dmarc.lifeology.dev.lifeomic.com [302] [GET] [application/json] [] [] [vhost] [cloudfront] [Amazon Cloudfront,Amazon Web Services] [d41d8cd98f00b204e9800998ecf8427e]
https://_etcd-server-ssl.apps.wellness.dev.lifeomic.com [302] [GET] [application/json] [] [] [vhost] [cloudfront] [Amazon Cloudfront,Amazon Web Services] [d41d8cd98f00b204e9800998ecf8427e]
https://_etcd-server-ssl.lifeology.dev.lifeomic.com [302] [GET] [application/json] [] [] [vhost] [cloudfront] [Amazon Cloudfront,Amazon Web Services] [d41d8cd98f00b204e9800998ecf8427e]
https://_mta-sts.apps.wellness.dev.lifeomic.com [302] [GET] [application/json] [] [] [vhost] [cloudfront] [Amazon Cloudfront,Amazon Web Services] [d41d8cd98f00b204e9800998ecf8427e]
https://_mta-sts.lifeology.dev.lifeomic.com [302] [GET] [application/json] [] [] [vhost] [cloudfront] [Amazon Cloudfront,Amazon Web Services] [d41d8cd98f00b204e9800998ecf8427e]
https://_tcp.lifeology.dev.lifeomic.com [302] [GET] [application/json] [] [] [vhost] [cloudfront] [Amazon Cloudfront,Amazon Web Services] [d41d8cd98f00b204e9800998ecf8427e]
https://a.apps.wellness.dev.lifeomic.com [302] [GET] [application/json] [] [] [vhost] [cloudfront] [Amazon Cloudfront,Amazon Web Services] [d41d8cd98f00b204e9800998ecf8427e]
https://a.lifeology.dev.lifeomic.com [302] [GET] [application/json] [] [] [vhost] [cloudfront] [Amazon Cloudfront,Amazon Web Services] [d41d8cd98f00b204e9800998ecf8427e]
https://acapi.apps.wellness.dev.lifeomic.com [302] [GET] [application/json] [] [] [vhost] [cloudfront] [Amazon Cloudfront,Amazon Web Services] [d41d8cd98f00b204e9800998ecf8427e]
https://acapi.lifeology.dev.lifeomic.com [302] [GET] [application/json] [] [] [vhost] [cloudfront] [Amazon Cloudfront,Amazon Web Services] [d41d8cd98f00b204e9800998ecf8427e]
https://admin.apps.wellness.dev.lifeomic.com [302] [GET] [application/json] [] [] [vhost] [cloudfront] [Amazon Cloudfront,Amazon Web Services] [d41d8cd98f00b204e9800998ecf8427e]
https://admin.lifeology.dev.lifeomic.com [302] [GET] [application/json] [] [] [vhost] [cloudfront] [Amazon Cloudfront,Amazon Web Services] [d41d8cd98f00b204e9800998ecf8427e]
https://akamai-test-origin.apps.wellness.dev.lifeomic.com [302] [GET] [application/json] [] [] [vhost] [cloudfront] [Amazon Cloudfront,Amazon Web Services] [d41d8cd98f00b204e9800998ecf8427e]
https://akamai-test-origin.lifeology.dev.lifeomic.com [302] [GET] [application/json] [] [] [vhost] [cloudfront] [Amazon Cloudfront,Amazon Web Services] [d41d8cd98f00b204e9800998ecf8427e]
https://akamai-test.apps.wellness.dev.lifeomic.com [302] [GET] [application/json] [] [] [vhost] [cloudfront] [Amazon Cloudfront,Amazon Web Services] [d41d8cd98f00b204e9800998ecf8427e]
https://akamai-test.lifeology.dev.lifeomic.com [302] [GET] [application/json] [] [] [vhost] [cloudfront] [Amazon Cloudfront,Amazon Web Services] [d41d8cd98f00b204e9800998ecf8427e]
https://akamai.apps.wellness.dev.lifeomic.com [302] [GET] [application/json] [] [] [vhost] [cloudfront] [Amazon Cloudfront,Amazon Web Services] [d41d8cd98f00b204e9800998ecf8427e]
https://akamai.lifeology.dev.lifeomic.com [302] [GET] [application/json] [] [] [vhost] [cloudfront] [Amazon Cloudfront,Amazon Web Services] [d41d8cd98f00b204e9800998ecf8427e]
https://alabama.corpmail.help.cutsr.apps.dev.lifeomic.com [302] [GET] [application/json] [] [CloudFront] [vhost] [cloudfront] [Amazon Cloudfront,Amazon Web Services] [d41d8cd98f00b204e9800998ecf8427e]
https://api.apps.wellness.dev.lifeomic.com [302] [GET] [application/json] [] [] [vhost] [cloudfront] [Amazon Cloudfront,Amazon Web Services] [d41d8cd98f00b204e9800998ecf8427e]
https://api.dev.lifeomic.com [403] [GET] [application/json] [] [] [vhost] [cloudfront] [Amazon Cloudfront,Amazon Web Services] [c2c29db351a2b72536485a2651a5be6c]
https://api.lifeology.dev.lifeomic.com [302] [GET] [application/json] [] [] [vhost] [cloudfront] [Amazon Cloudfront,Amazon Web Services] [d41d8cd98f00b204e9800998ecf8427e]
https://app.apps.wellness.dev.lifeomic.com [302] [GET] [application/json] [] [] [vhost] [cloudfront] [Amazon Cloudfront,Amazon Web Services] [d41d8cd98f00b204e9800998ecf8427e]
https://app.lifeology.dev.lifeomic.com [302] [GET] [application/json] [] [] [vhost] [cloudfront] [Amazon Cloudfront,Amazon Web Services] [d41d8cd98f00b204e9800998ecf8427e]
https://apps.dev.lifeomic.com [302] [GET] [application/json] [] [CloudFront] [vhost] [cloudfront] [Amazon Cloudfront,Amazon Web Services] [d41d8cd98f00b204e9800998ecf8427e]
https://assets.apps.wellness.dev.lifeomic.com [302] [GET] [application/json] [] [] [vhost] [cloudfront] [Amazon Cloudfront,Amazon Web Services] [d41d8cd98f00b204e9800998ecf8427e]
https://assets.lifeology.dev.lifeomic.com [302] [GET] [application/json] [] [] [vhost] [cloudfront] [Amazon Cloudfront,Amazon Web Services] [d41d8cd98f00b204e9800998ecf8427e]
https://auth.apps.wellness.dev.lifeomic.com [302] [GET] [application/json] [] [] [vhost] [cloudfront] [Amazon Cloudfront,Amazon Web Services] [d41d8cd98f00b204e9800998ecf8427e]
https://auth.lifeology.dev.lifeomic.com [302] [GET] [application/json] [] [] [vhost] [cloudfront] [Amazon Cloudfront,Amazon Web Services] [d41d8cd98f00b204e9800998ecf8427e]
https://autoconfig.apps.wellness.dev.lifeomic.com [302] [GET] [application/json] [] [] [vhost] [cloudfront] [Amazon Cloudfront,Amazon Web Services] [d41d8cd98f00b204e9800998ecf8427e]
https://autoconfig.lifeology.dev.lifeomic.com [302] [GET] [application/json] [] [] [vhost] [cloudfront] [Amazon Cloudfront,Amazon Web Services] [d41d8cd98f00b204e9800998ecf8427e]
https://autodiscover.apps.wellness.dev.lifeomic.com [302] [GET] [application/json] [] [] [vhost] [cloudfront] [Amazon Cloudfront,Amazon Web Services] [d41d8cd98f00b204e9800998ecf8427e]
https://autodiscover.lifeology.dev.lifeomic.com [302] [GET] [application/json] [] [] [vhost] [cloudfront] [Amazon Cloudfront,Amazon Web Services] [d41d8cd98f00b204e9800998ecf8427e]
https://awsdashboard.apps.wellness.dev.lifeomic.com [302] [GET] [application/json] [] [] [vhost] [cloudfront] [Amazon Cloudfront,Amazon Web Services] [d41d8cd98f00b204e9800998ecf8427e]
https://awsdashboard.lifeology.dev.lifeomic.com [302] [GET] [application/json] [] [] [vhost] [cloudfront] [Amazon Cloudfront,Amazon Web Services] [d41d8cd98f00b204e9800998ecf8427e]
https://b.apps.wellness.dev.lifeomic.com [302] [GET] [application/json] [] [] [vhost] [cloudfront] [Amazon Cloudfront,Amazon Web Services] [d41d8cd98f00b204e9800998ecf8427e]
https://b.lifeology.dev.lifeomic.com [302] [GET] [application/json] [] [] [vhost] [cloudfront] [Amazon Cloudfront,Amazon Web Services] [d41d8cd98f00b204e9800998ecf8427e]
https://basic-nodejs-dev.apps.wellness.dev.lifeomic.com [302] [GET] [application/json] [] [] [vhost] [cloudfront] [Amazon Cloudfront,Amazon Web Services] [d41d8cd98f00b204e9800998ecf8427e]
https://basic-nodejs-dev.lifeology.dev.lifeomic.com [302] [GET] [application/json] [] [] [vhost] [cloudfront] [Amazon Cloudfront,Amazon Web Services] [d41d8cd98f00b204e9800998ecf8427e]
https://basic.apps.wellness.dev.lifeomic.com [302] [GET] [application/json] [] [] [vhost] [cloudfront] [Amazon Cloudfront,Amazon Web Services] [d41d8cd98f00b204e9800998ecf8427e]
https://basic.lifeology.dev.lifeomic.com [302] [GET] [application/json] [] [] [vhost] [cloudfront] [Amazon Cloudfront,Amazon Web Services] [d41d8cd98f00b204e9800998ecf8427e]
https://bbs.apps.wellness.dev.lifeomic.com [302] [GET] [application/json] [] [] [vhost] [cloudfront] [Amazon Cloudfront,Amazon Web Services] [d41d8cd98f00b204e9800998ecf8427e]
https://bbs.lifeology.dev.lifeomic.com [302] [GET] [application/json] [] [] [vhost] [cloudfront] [Amazon Cloudfront,Amazon Web Services] [d41d8cd98f00b204e9800998ecf8427e]
https://beta.apps.wellness.dev.lifeomic.com [302] [GET] [application/json] [] [] [vhost] [cloudfront] [Amazon Cloudfront,Amazon Web Services] [d41d8cd98f00b204e9800998ecf8427e]
https://beta.lifeology.dev.lifeomic.com [302] [GET] [application/json] [] [] [vhost] [cloudfront] [Amazon Cloudfront,Amazon Web Services] [d41d8cd98f00b204e9800998ecf8427e]
https://blog.apps.wellness.dev.lifeomic.com [302] [GET] [application/json] [] [] [vhost] [cloudfront] [Amazon Cloudfront,Amazon Web Services] [d41d8cd98f00b204e9800998ecf8427e]
https://blog.lifeology.dev.lifeomic.com [302] [GET] [application/json] [] [] [vhost] [cloudfront] [Amazon Cloudfront,Amazon Web Services] [d41d8cd98f00b204e9800998ecf8427e]
https://blogs.apps.wellness.dev.lifeomic.com [302] [GET] [application/json] [] [] [vhost] [cloudfront] [Amazon Cloudfront,Amazon Web Services] [d41d8cd98f00b204e9800998ecf8427e]
https://blogs.lifeology.dev.lifeomic.com [302] [GET] [application/json] [] [] [vhost] [cloudfront] [Amazon Cloudfront,Amazon Web Services] [d41d8cd98f00b204e9800998ecf8427e]
https://bob.srqp.wvutsr.apps.dev.lifeomic.com [302] [GET] [application/json] [] [CloudFront] [vhost] [cloudfront] [Amazon Cloudfront,Amazon Web Services] [d41d8cd98f00b204e9800998ecf8427e]
https://builder.apps.wellness.dev.lifeomic.com [302] [GET] [application/json] [] [] [vhost] [cloudfront] [Amazon Cloudfront,Amazon Web Services] [d41d8cd98f00b204e9800998ecf8427e]
https://builder.lifeology.dev.lifeomic.com [302] [GET] [application/json] [] [] [vhost] [cloudfront] [Amazon Cloudfront,Amazon Web Services] [d41d8cd98f00b204e9800998ecf8427e]
https://calendar.apps.dev.lifeomic.com [302] [GET] [application/json] [] [CloudFront] [vhost] [cloudfront] [Amazon Cloudfront,Amazon Web Services] [d41d8cd98f00b204e9800998ecf8427e]
https://careers.apps.wellness.dev.lifeomic.com [302] [GET] [application/json] [] [] [vhost] [cloudfront] [Amazon Cloudfront,Amazon Web Services] [d41d8cd98f00b204e9800998ecf8427e]
https://careers.lifeology.dev.lifeomic.com [302] [GET] [application/json] [] [] [vhost] [cloudfront] [Amazon Cloudfront,Amazon Web Services] [d41d8cd98f00b204e9800998ecf8427e]
https://cdn.apps.wellness.dev.lifeomic.com [302] [GET] [application/json] [] [] [vhost] [cloudfront] [Amazon Cloudfront,Amazon Web Services] [d41d8cd98f00b204e9800998ecf8427e]
https://cdn.lifeology.dev.lifeomic.com [302] [GET] [application/json] [] [] [vhost] [cloudfront] [Amazon Cloudfront,Amazon Web Services] [d41d8cd98f00b204e9800998ecf8427e]
https://cdq-api.apps.wellness.dev.lifeomic.com [302] [GET] [application/json] [] [] [vhost] [cloudfront] [Amazon Cloudfront,Amazon Web Services] [d41d8cd98f00b204e9800998ecf8427e]
https://cdq-api.lifeology.dev.lifeomic.com [302] [GET] [application/json] [] [] [vhost] [cloudfront] [Amazon Cloudfront,Amazon Web Services] [d41d8cd98f00b204e9800998ecf8427e]
https://cert.apps.wellness.dev.lifeomic.com [302] [GET] [application/json] [] [] [vhost] [cloudfront] [Amazon Cloudfront,Amazon Web Services] [d41d8cd98f00b204e9800998ecf8427e]
https://cert.lifeology.dev.lifeomic.com [302] [GET] [application/json] [] [] [vhost] [cloudfront] [Amazon Cloudfront,Amazon Web Services] [d41d8cd98f00b204e9800998ecf8427e]
https://certificate.apps.wellness.dev.lifeomic.com [302] [GET] [application/json] [] [] [vhost] [cloudfront] [Amazon Cloudfront,Amazon Web Services] [d41d8cd98f00b204e9800998ecf8427e]
https://certificate.lifeology.dev.lifeomic.com [302] [GET] [application/json] [] [] [vhost] [cloudfront] [Amazon Cloudfront,Amazon Web Services] [d41d8cd98f00b204e9800998ecf8427e]
https://check.apps.wellness.dev.lifeomic.com [302] [GET] [application/json] [] [] [vhost] [cloudfront] [Amazon Cloudfront,Amazon Web Services] [d41d8cd98f00b204e9800998ecf8427e]
https://check.lifeology.dev.lifeomic.com [302] [GET] [application/json] [] [] [vhost] [cloudfront] [Amazon Cloudfront,Amazon Web Services] [d41d8cd98f00b204e9800998ecf8427e]
https://cim-api-dev.apps.wellness.dev.lifeomic.com [302] [GET] [application/json] [] [] [vhost] [cloudfront] [Amazon Cloudfront,Amazon Web Services] [d41d8cd98f00b204e9800998ecf8427e]
https://cim-api-dev.lifeology.dev.lifeomic.com [302] [GET] [application/json] [] [] [vhost] [cloudfront] [Amazon Cloudfront,Amazon Web Services] [d41d8cd98f00b204e9800998ecf8427e]
https://cim-api-qa.apps.wellness.dev.lifeomic.com [302] [GET] [application/json] [] [] [vhost] [cloudfront] [Amazon Cloudfront,Amazon Web Services] [d41d8cd98f00b204e9800998ecf8427e]
https://cim-api-qa.lifeology.dev.lifeomic.com [302] [GET] [application/json] [] [] [vhost] [cloudfront] [Amazon Cloudfront,Amazon Web Services] [d41d8cd98f00b204e9800998ecf8427e]
https://cim-api-uat.apps.wellness.dev.lifeomic.com [302] [GET] [application/json] [] [] [vhost] [cloudfront] [Amazon Cloudfront,Amazon Web Services] [d41d8cd98f00b204e9800998ecf8427e]
https://cim-api-uat.lifeology.dev.lifeomic.com [302] [GET] [application/json] [] [] [vhost] [cloudfront] [Amazon Cloudfront,Amazon Web Services] [d41d8cd98f00b204e9800998ecf8427e]
https://cim-api.apps.wellness.dev.lifeomic.com [302] [GET] [application/json] [] [] [vhost] [cloudfront] [Amazon Cloudfront,Amazon Web Services] [d41d8cd98f00b204e9800998ecf8427e]
https://cim-api.lifeology.dev.lifeomic.com [302] [GET] [application/json] [] [] [vhost] [cloudfront] [Amazon Cloudfront,Amazon Web Services] [d41d8cd98f00b204e9800998ecf8427e]
https://cim-data-quality-qa.apps.wellness.dev.lifeomic.com [302] [GET] [application/json] [] [] [vhost] [cloudfront] [Amazon Cloudfront,Amazon Web Services] [d41d8cd98f00b204e9800998ecf8427e]
https://cim-data-quality-qa.lifeology.dev.lifeomic.com [302] [GET] [application/json] [] [] [vhost] [cloudfront] [Amazon Cloudfront,Amazon Web Services] [d41d8cd98f00b204e9800998ecf8427e]
https://cim-dev.apps.wellness.dev.lifeomic.com [302] [GET] [application/json] [] [] [vhost] [cloudfront] [Amazon Cloudfront,Amazon Web Services] [d41d8cd98f00b204e9800998ecf8427e]
https://cim-dev.lifeology.dev.lifeomic.com [302] [GET] [application/json] [] [] [vhost] [cloudfront] [Amazon Cloudfront,Amazon Web Services] [d41d8cd98f00b204e9800998ecf8427e]
https://cim-geo-dev.apps.wellness.dev.lifeomic.com [302] [GET] [application/json] [] [] [vhost] [cloudfront] [Amazon Cloudfront,Amazon Web Services] [d41d8cd98f00b204e9800998ecf8427e]
https://cim-geo-dev.lifeology.dev.lifeomic.com [302] [GET] [application/json] [] [] [vhost] [cloudfront] [Amazon Cloudfront,Amazon Web Services] [d41d8cd98f00b204e9800998ecf8427e]
https://citrix.apps.wellness.dev.lifeomic.com [302] [GET] [application/json] [] [] [vhost] [cloudfront] [Amazon Cloudfront,Amazon Web Services] [d41d8cd98f00b204e9800998ecf8427e]
https://citrix.lifeology.dev.lifeomic.com [302] [GET] [application/json] [] [] [vhost] [cloudfront] [Amazon Cloudfront,Amazon Web Services] [d41d8cd98f00b204e9800998ecf8427e]
https://click.apps.wellness.dev.lifeomic.com [302] [GET] [application/json] [] [] [vhost] [cloudfront] [Amazon Cloudfront,Amazon Web Services] [d41d8cd98f00b204e9800998ecf8427e]
https://click.lifeology.dev.lifeomic.com [302] [GET] [application/json] [] [] [vhost] [cloudfront] [Amazon Cloudfront,Amazon Web Services] [d41d8cd98f00b204e9800998ecf8427e]
https://cloud.apps.wellness.dev.lifeomic.com [302] [GET] [application/json] [] [] [vhost] [cloudfront] [Amazon Cloudfront,Amazon Web Services] [d41d8cd98f00b204e9800998ecf8427e]
https://cloud.lifeology.dev.lifeomic.com [302] [GET] [application/json] [] [] [vhost] [cloudfront] [Amazon Cloudfront,Amazon Web Services] [d41d8cd98f00b204e9800998ecf8427e]
https://cms.purple.athena.dns.apps.dev.lifeomic.com [302] [GET] [application/json] [] [CloudFront] [vhost] [cloudfront] [Amazon Cloudfront,Amazon Web Services] [d41d8cd98f00b204e9800998ecf8427e]
https://cname.apps.wellness.dev.lifeomic.com [302] [GET] [application/json] [] [] [vhost] [cloudfront] [Amazon Cloudfront,Amazon Web Services] [d41d8cd98f00b204e9800998ecf8427e]
https://cname.lifeology.dev.lifeomic.com [302] [GET] [application/json] [] [] [vhost] [cloudfront] [Amazon Cloudfront,Amazon Web Services] [d41d8cd98f00b204e9800998ecf8427e]
https://code.apps.wellness.dev.lifeomic.com [302] [GET] [application/json] [] [] [vhost] [cloudfront] [Amazon Cloudfront,Amazon Web Services] [d41d8cd98f00b204e9800998ecf8427e]
https://code.lifeology.dev.lifeomic.com [302] [GET] [application/json] [] [] [vhost] [cloudfront] [Amazon Cloudfront,Amazon Web Services] [d41d8cd98f00b204e9800998ecf8427e]
https://collab.apps.wellness.dev.lifeomic.com [302] [GET] [application/json] [] [] [vhost] [cloudfront] [Amazon Cloudfront,Amazon Web Services] [d41d8cd98f00b204e9800998ecf8427e]
https://collab.lifeology.dev.lifeomic.com [302] [GET] [application/json] [] [] [vhost] [cloudfront] [Amazon Cloudfront,Amazon Web Services] [d41d8cd98f00b204e9800998ecf8427e]
https://columbus.apps.dev.lifeomic.com [302] [GET] [application/json] [] [CloudFront] [vhost] [cloudfront] [Amazon Cloudfront,Amazon Web Services] [d41d8cd98f00b204e9800998ecf8427e]
https://connect-cdn.dev.lifeomic.com [404] [GET] [text/html] [404 Not Found] [AmazonS3] [vhost] [cloudfront] [Amazon Cloudfront,Amazon S3,Amazon Web Services] [12a4a27161d7f766da7a16cc2a7e1fd7]
https://connect-cdn.dev.lifeomic.com [404] [GET] [text/html] [404 Not Found] [AmazonS3] [vhost] [cloudfront] [Amazon Cloudfront,Amazon S3,Amazon Web Services] [7a934a486ec1b1e85744989260adb0fd]
https://connect-console.dev.lifeomic.com [200] [GET] [text/html] [SkillSpring] [AmazonS3] [vhost] [cloudfront] [Amazon Cloudfront,Amazon S3,Amazon Web Services] [e1e13f63744ce3010eccc39bd991479c]
https://connect-demo.dev.lifeomic.com [200] [GET] [text/html] [] [AmazonS3] [vhost] [cloudfront] [Amazon Cloudfront,Amazon S3,Amazon Web Services,Gatsby,React,webpack] [029b5c39a33f3170c6228c40261b0186]
https://connect-docs.dev.lifeomic.com [200] [GET] [text/html] [SkillSpring Docs] [AmazonS3] [vhost] [cloudfront] [Amazon Cloudfront,Amazon S3,Amazon Web Services,Google Font API,MkDocs] [484f5027185e46f4d1dffdd70ca0cc83]
https://connect-files.dev.lifeomic.com [404] [GET] [text/html] [404 Not Found] [AmazonS3] [vhost] [cloudfront] [Amazon Cloudfront,Amazon S3,Amazon Web Services] [450aa98f4a704cfc005be22e6d029054]
https://connect-files.dev.lifeomic.com [404] [GET] [text/html] [404 Not Found] [AmazonS3] [vhost] [cloudfront] [Amazon Cloudfront,Amazon S3,Amazon Web Services] [7333492dd6c0c88981e0689b2d7cb314]
https://consul.apps.wellness.dev.lifeomic.com [302] [GET] [application/json] [] [] [vhost] [cloudfront] [Amazon Cloudfront,Amazon Web Services] [d41d8cd98f00b204e9800998ecf8427e]
https://consul.lifeology.dev.lifeomic.com [302] [GET] [application/json] [] [] [vhost] [cloudfront] [Amazon Cloudfront,Amazon Web Services] [d41d8cd98f00b204e9800998ecf8427e]
https://content.dev.lifeomic.com [403] [GET] [application/xml] [] [AmazonS3] [vhost] [cloudfront] [Amazon Cloudfront,Amazon S3,Amazon Web Services] [902368766d235176b7d8b2d43a6296c7]
https://content.dev.lifeomic.com [403] [GET] [application/xml] [] [AmazonS3] [vhost] [cloudfront] [Amazon Cloudfront,Amazon S3,Amazon Web Services] [d4f9ea03c4400918f3a74465d362be6e]
https://corp.athena.dns.apps.dev.lifeomic.com [302] [GET] [application/json] [] [CloudFront] [vhost] [cloudfront] [Amazon Cloudfront,Amazon Web Services] [d41d8cd98f00b204e9800998ecf8427e]
https://cp.lifeology.dev.lifeomic.com [302] [GET] [application/json] [] [] [vhost] [cloudfront] [Amazon Cloudfront,Amazon Web Services] [d41d8cd98f00b204e9800998ecf8427e]
https://cpanel.apps.wellness.dev.lifeomic.com [302] [GET] [application/json] [] [] [vhost] [cloudfront] [Amazon Cloudfront,Amazon Web Services] [d41d8cd98f00b204e9800998ecf8427e]
https://cpanel.lifeology.dev.lifeomic.com [302] [GET] [application/json] [] [] [vhost] [cloudfront] [Amazon Cloudfront,Amazon Web Services] [d41d8cd98f00b204e9800998ecf8427e]
https://crm.apps.wellness.dev.lifeomic.com [302] [GET] [application/json] [] [] [vhost] [cloudfront] [Amazon Cloudfront,Amazon Web Services] [d41d8cd98f00b204e9800998ecf8427e]
https://crm.lifeology.dev.lifeomic.com [302] [GET] [application/json] [] [] [vhost] [cloudfront] [Amazon Cloudfront,Amazon Web Services] [d41d8cd98f00b204e9800998ecf8427e]
https://crm.ws.time.ws4.local.apps.dev.lifeomic.com [302] [GET] [application/json] [] [CloudFront] [vhost] [cloudfront] [Amazon Cloudfront,Amazon Web Services] [d41d8cd98f00b204e9800998ecf8427e]
https://cust32.purple.athena.dns.apps.dev.lifeomic.com [302] [GET] [application/json] [] [CloudFront] [vhost] [cloudfront] [Amazon Cloudfront,Amazon Web Services] [d41d8cd98f00b204e9800998ecf8427e]
https://cust57.cutsr.apps.dev.lifeomic.com [302] [GET] [application/json] [] [CloudFront] [vhost] [cloudfront] [Amazon Cloudfront,Amazon Web Services] [d41d8cd98f00b204e9800998ecf8427e]
https://cust69.apps.dev.lifeomic.com [302] [GET] [application/json] [] [CloudFront] [vhost] [cloudfront] [Amazon Cloudfront,Amazon Web Services] [d41d8cd98f00b204e9800998ecf8427e]
https://cust95.apps.dev.lifeomic.com [302] [GET] [application/json] [] [CloudFront] [vhost] [cloudfront] [Amazon Cloudfront,Amazon Web Services] [d41d8cd98f00b204e9800998ecf8427e]
https://cutsr.apps.dev.lifeomic.com [302] [GET] [application/json] [] [CloudFront] [vhost] [cloudfront] [Amazon Cloudfront,Amazon Web Services] [d41d8cd98f00b204e9800998ecf8427e]
https://cveapi.apps.wellness.dev.lifeomic.com [302] [GET] [application/json] [] [] [vhost] [cloudfront] [Amazon Cloudfront,Amazon Web Services] [d41d8cd98f00b204e9800998ecf8427e]
https://cveapi.lifeology.dev.lifeomic.com [302] [GET] [application/json] [] [] [vhost] [cloudfront] [Amazon Cloudfront,Amazon Web Services] [d41d8cd98f00b204e9800998ecf8427e]
https://danieapp.apps.wellness.dev.lifeomic.com [302] [GET] [application/json] [] [] [vhost] [cloudfront] [Amazon Cloudfront,Amazon Web Services] [d41d8cd98f00b204e9800998ecf8427e]
https://danieapp.lifeology.dev.lifeomic.com [302] [GET] [application/json] [] [] [vhost] [cloudfront] [Amazon Cloudfront,Amazon Web Services] [d41d8cd98f00b204e9800998ecf8427e]
https://db.apps.wellness.dev.lifeomic.com [302] [GET] [application/json] [] [] [vhost] [cloudfront] [Amazon Cloudfront,Amazon Web Services] [d41d8cd98f00b204e9800998ecf8427e]
https://db.lifeology.dev.lifeomic.com [302] [GET] [application/json] [] [] [vhost] [cloudfront] [Amazon Cloudfront,Amazon Web Services] [d41d8cd98f00b204e9800998ecf8427e]
https://de.apps.wellness.dev.lifeomic.com [302] [GET] [application/json] [] [] [vhost] [cloudfront] [Amazon Cloudfront,Amazon Web Services] [d41d8cd98f00b204e9800998ecf8427e]
https://demo.lifeology.dev.lifeomic.com [302] [GET] [application/json] [] [] [vhost] [cloudfront] [Amazon Cloudfront,Amazon Web Services] [d41d8cd98f00b204e9800998ecf8427e]
https://dnm.apps.wellness.dev.lifeomic.com [302] [GET] [application/json] [] [] [vhost] [cloudfront] [Amazon Cloudfront,Amazon Web Services] [d41d8cd98f00b204e9800998ecf8427e]
https://dnm.lifeology.dev.lifeomic.com [302] [GET] [application/json] [] [] [vhost] [cloudfront] [Amazon Cloudfront,Amazon Web Services] [d41d8cd98f00b204e9800998ecf8427e]
https://dns.apps.wellness.dev.lifeomic.com [302] [GET] [application/json] [] [] [vhost] [cloudfront] [Amazon Cloudfront,Amazon Web Services] [d41d8cd98f00b204e9800998ecf8427e]
https://dns.lifeology.dev.lifeomic.com [302] [GET] [application/json] [] [] [vhost] [cloudfront] [Amazon Cloudfront,Amazon Web Services] [d41d8cd98f00b204e9800998ecf8427e]
https://dns1.apps.wellness.dev.lifeomic.com [302] [GET] [application/json] [] [] [vhost] [cloudfront] [Amazon Cloudfront,Amazon Web Services] [d41d8cd98f00b204e9800998ecf8427e]
https://dns1.lifeology.dev.lifeomic.com [302] [GET] [application/json] [] [] [vhost] [cloudfront] [Amazon Cloudfront,Amazon Web Services] [d41d8cd98f00b204e9800998ecf8427e]
https://dns2.apps.wellness.dev.lifeomic.com [302] [GET] [application/json] [] [] [vhost] [cloudfront] [Amazon Cloudfront,Amazon Web Services] [d41d8cd98f00b204e9800998ecf8427e]
https://dns2.lifeology.dev.lifeomic.com [302] [GET] [application/json] [] [] [vhost] [cloudfront] [Amazon Cloudfront,Amazon Web Services] [d41d8cd98f00b204e9800998ecf8427e]
https://docker-registry-external.dev.lifeomic.com [403] [GET] [application/json] [] [] [vhost] [bc45704aad57d445b6dfa58b101071e3]
https://docker-registry-external.infra.lifeomic.com [403] [GET] [application/json] [] [] [vhost] [bc45704aad57d445b6dfa58b101071e3]
https://docker.apps.wellness.dev.lifeomic.com [302] [GET] [application/json] [] [] [vhost] [cloudfront] [Amazon Cloudfront,Amazon Web Services] [d41d8cd98f00b204e9800998ecf8427e]
https://docker.lifeology.dev.lifeomic.com [302] [GET] [application/json] [] [] [vhost] [cloudfront] [Amazon Cloudfront,Amazon Web Services] [d41d8cd98f00b204e9800998ecf8427e]
https://docs.dev.lifeomic.com [200] [GET] [text/html] [LifeOmic Docs] [AmazonS3] [vhost] [cloudfront] [Amazon Cloudfront,Amazon S3,Amazon Web Services,Google Font API,MkDocs] [470b00a46c310d1166697e0b571c7be4]
https://dogfood-dev.apps.wellness.dev.lifeomic.com [302] [GET] [application/json] [] [] [vhost] [cloudfront] [Amazon Cloudfront,Amazon Web Services] [d41d8cd98f00b204e9800998ecf8427e]
https://dogfood-dev.lifeology.dev.lifeomic.com [302] [GET] [application/json] [] [] [vhost] [cloudfront] [Amazon Cloudfront,Amazon Web Services] [d41d8cd98f00b204e9800998ecf8427e]
https://download.apps.wellness.dev.lifeomic.com [302] [GET] [application/json] [] [] [vhost] [cloudfront] [Amazon Cloudfront,Amazon Web Services] [d41d8cd98f00b204e9800998ecf8427e]
https://download.lifeology.dev.lifeomic.com [302] [GET] [application/json] [] [] [vhost] [cloudfront] [Amazon Cloudfront,Amazon Web Services] [d41d8cd98f00b204e9800998ecf8427e]
https://dpm.apps.dev.lifeomic.com [302] [GET] [application/json] [] [CloudFront] [vhost] [cloudfront] [Amazon Cloudfront,Amazon Web Services] [d41d8cd98f00b204e9800998ecf8427e]
https://dyn.apps.wellness.dev.lifeomic.com [302] [GET] [application/json] [] [] [vhost] [cloudfront] [Amazon Cloudfront,Amazon Web Services] [d41d8cd98f00b204e9800998ecf8427e]
https://dyn.lifeology.dev.lifeomic.com [302] [GET] [application/json] [] [] [vhost] [cloudfront] [Amazon Cloudfront,Amazon Web Services] [d41d8cd98f00b204e9800998ecf8427e]
https://edge.apps.wellness.dev.lifeomic.com [302] [GET] [application/json] [] [] [vhost] [cloudfront] [Amazon Cloudfront,Amazon Web Services] [d41d8cd98f00b204e9800998ecf8427e]
https://eh.apps.dev.lifeomic.com [302] [GET] [application/json] [] [CloudFront] [vhost] [cloudfront] [Amazon Cloudfront,Amazon Web Services] [d41d8cd98f00b204e9800998ecf8427e]
https://elastic.apps.wellness.dev.lifeomic.com [302] [GET] [application/json] [] [] [vhost] [cloudfront] [Amazon Cloudfront,Amazon Web Services] [d41d8cd98f00b204e9800998ecf8427e]
https://elastic.lifeology.dev.lifeomic.com [302] [GET] [application/json] [] [] [vhost] [cloudfront] [Amazon Cloudfront,Amazon Web Services] [d41d8cd98f00b204e9800998ecf8427e]
https://email.apps.wellness.dev.lifeomic.com [302] [GET] [application/json] [] [] [vhost] [cloudfront] [Amazon Cloudfront,Amazon Web Services] [d41d8cd98f00b204e9800998ecf8427e]
https://en.lifeology.dev.lifeomic.com [302] [GET] [application/json] [] [] [vhost] [cloudfront] [Amazon Cloudfront,Amazon Web Services] [d41d8cd98f00b204e9800998ecf8427e]
https://exchange.apps.wellness.dev.lifeomic.com [302] [GET] [application/json] [] [] [vhost] [cloudfront] [Amazon Cloudfront,Amazon Web Services] [d41d8cd98f00b204e9800998ecf8427e]
https://exchange.lifeology.dev.lifeomic.com [302] [GET] [application/json] [] [] [vhost] [cloudfront] [Amazon Cloudfront,Amazon Web Services] [d41d8cd98f00b204e9800998ecf8427e]
https://exp.apps.dev.lifeomic.com [302] [GET] [application/json] [] [CloudFront] [vhost] [cloudfront] [Amazon Cloudfront,Amazon Web Services] [d41d8cd98f00b204e9800998ecf8427e]
https://fhir.dev.lifeomic.com [403] [GET] [application/json] [] [] [vhost] [cloudfront] [Amazon Cloudfront,Amazon Web Services] [6faac8c832003757962799c458791928]
https://forum.apps.wellness.dev.lifeomic.com [302] [GET] [application/json] [] [] [vhost] [cloudfront] [Amazon Cloudfront,Amazon Web Services] [d41d8cd98f00b204e9800998ecf8427e]
https://forum.lifeology.dev.lifeomic.com [302] [GET] [application/json] [] [] [vhost] [cloudfront] [Amazon Cloudfront,Amazon Web Services] [d41d8cd98f00b204e9800998ecf8427e]
https://forums.apps.wellness.dev.lifeomic.com [302] [GET] [application/json] [] [] [vhost] [cloudfront] [Amazon Cloudfront,Amazon Web Services] [d41d8cd98f00b204e9800998ecf8427e]
https://forums.lifeology.dev.lifeomic.com [302] [GET] [application/json] [] [] [vhost] [cloudfront] [Amazon Cloudfront,Amazon Web Services] [d41d8cd98f00b204e9800998ecf8427e]
https://fst.apps.dev.lifeomic.com [302] [GET] [application/json] [] [CloudFront] [vhost] [cloudfront] [Amazon Cloudfront,Amazon Web Services] [d41d8cd98f00b204e9800998ecf8427e]
https://ftp.apps.wellness.dev.lifeomic.com [302] [GET] [application/json] [] [] [vhost] [cloudfront] [Amazon Cloudfront,Amazon Web Services] [d41d8cd98f00b204e9800998ecf8427e]
https://ftp.lifeology.dev.lifeomic.com [302] [GET] [application/json] [] [] [vhost] [cloudfront] [Amazon Cloudfront,Amazon Web Services] [d41d8cd98f00b204e9800998ecf8427e]
https://fw.apps.wellness.dev.lifeomic.com [302] [GET] [application/json] [] [] [vhost] [cloudfront] [Amazon Cloudfront,Amazon Web Services] [d41d8cd98f00b204e9800998ecf8427e]
https://fw.lifeology.dev.lifeomic.com [302] [GET] [application/json] [] [] [vhost] [cloudfront] [Amazon Cloudfront,Amazon Web Services] [d41d8cd98f00b204e9800998ecf8427e]
https://ga.apps.wellness.dev.lifeomic.com [302] [GET] [application/json] [] [] [vhost] [cloudfront] [Amazon Cloudfront,Amazon Web Services] [d41d8cd98f00b204e9800998ecf8427e]
https://ga.lifeology.dev.lifeomic.com [302] [GET] [application/json] [] [] [vhost] [cloudfront] [Amazon Cloudfront,Amazon Web Services] [d41d8cd98f00b204e9800998ecf8427e]
https://ga4gh.dev.lifeomic.com [403] [GET] [application/json] [] [] [vhost] [cloudfront] [Amazon Cloudfront,Amazon Web Services] [c2c29db351a2b72536485a2651a5be6c]
https://gac-rds-external-readonly-preprod.apps.wellness.dev.lifeomic.com [302] [GET] [application/json] [] [] [vhost] [cloudfront] [Amazon Cloudfront,Amazon Web Services] [d41d8cd98f00b204e9800998ecf8427e]
https://gac-rds-external-readonly-preprod.lifeology.dev.lifeomic.com [302] [GET] [application/json] [] [] [vhost] [cloudfront] [Amazon Cloudfront,Amazon Web Services] [d41d8cd98f00b204e9800998ecf8427e]
https://gac-rds-external-readonly.apps.wellness.dev.lifeomic.com [302] [GET] [application/json] [] [] [vhost] [cloudfront] [Amazon Cloudfront,Amazon Web Services] [d41d8cd98f00b204e9800998ecf8427e]
https://gac-rds-external-readonly.lifeology.dev.lifeomic.com [302] [GET] [application/json] [] [] [vhost] [cloudfront] [Amazon Cloudfront,Amazon Web Services] [d41d8cd98f00b204e9800998ecf8427e]
https://gcom-product-find-dev.apps.wellness.dev.lifeomic.com [302] [GET] [application/json] [] [] [vhost] [cloudfront] [Amazon Cloudfront,Amazon Web Services] [d41d8cd98f00b204e9800998ecf8427e]
https://gcom-product-find-dev.lifeology.dev.lifeomic.com [302] [GET] [application/json] [] [] [vhost] [cloudfront] [Amazon Cloudfront,Amazon Web Services] [d41d8cd98f00b204e9800998ecf8427e]
https://gcom-product-find-qa.apps.wellness.dev.lifeomic.com [302] [GET] [application/json] [] [] [vhost] [cloudfront] [Amazon Cloudfront,Amazon Web Services] [d41d8cd98f00b204e9800998ecf8427e]
https://gcom-product-find-qa.lifeology.dev.lifeomic.com [302] [GET] [application/json] [] [] [vhost] [cloudfront] [Amazon Cloudfront,Amazon Web Services] [d41d8cd98f00b204e9800998ecf8427e]
https://git.apps.wellness.dev.lifeomic.com [302] [GET] [application/json] [] [] [vhost] [cloudfront] [Amazon Cloudfront,Amazon Web Services] [d41d8cd98f00b204e9800998ecf8427e]
https://git.lifeology.dev.lifeomic.com [302] [GET] [application/json] [] [] [vhost] [cloudfront] [Amazon Cloudfront,Amazon Web Services] [d41d8cd98f00b204e9800998ecf8427e]
https://gitlab.apps.wellness.dev.lifeomic.com [302] [GET] [application/json] [] [] [vhost] [cloudfront] [Amazon Cloudfront,Amazon Web Services] [d41d8cd98f00b204e9800998ecf8427e]
https://gitlab.lifeology.dev.lifeomic.com [302] [GET] [application/json] [] [] [vhost] [cloudfront] [Amazon Cloudfront,Amazon Web Services] [d41d8cd98f00b204e9800998ecf8427e]
https://global02.apps.dev.lifeomic.com [302] [GET] [application/json] [] [CloudFront] [vhost] [cloudfront] [Amazon Cloudfront,Amazon Web Services] [d41d8cd98f00b204e9800998ecf8427e]
https://go.apps.wellness.dev.lifeomic.com [302] [GET] [application/json] [] [] [vhost] [cloudfront] [Amazon Cloudfront,Amazon Web Services] [d41d8cd98f00b204e9800998ecf8427e]
https://go.lifeology.dev.lifeomic.com [302] [GET] [application/json] [] [] [vhost] [cloudfront] [Amazon Cloudfront,Amazon Web Services] [d41d8cd98f00b204e9800998ecf8427e]
https://gui.apps.wellness.dev.lifeomic.com [302] [GET] [application/json] [] [] [vhost] [cloudfront] [Amazon Cloudfront,Amazon Web Services] [d41d8cd98f00b204e9800998ecf8427e]
https://gui.lifeology.dev.lifeomic.com [302] [GET] [application/json] [] [] [vhost] [cloudfront] [Amazon Cloudfront,Amazon Web Services] [d41d8cd98f00b204e9800998ecf8427e]
https://gw.apps.wellness.dev.lifeomic.com [302] [GET] [application/json] [] [] [vhost] [cloudfront] [Amazon Cloudfront,Amazon Web Services] [d41d8cd98f00b204e9800998ecf8427e]
https://gw.lifeology.dev.lifeomic.com [302] [GET] [application/json] [] [] [vhost] [cloudfront] [Amazon Cloudfront,Amazon Web Services] [d41d8cd98f00b204e9800998ecf8427e]
https://gws-api-sandbox.apps.wellness.dev.lifeomic.com [302] [GET] [application/json] [] [] [vhost] [cloudfront] [Amazon Cloudfront,Amazon Web Services] [d41d8cd98f00b204e9800998ecf8427e]
https://gws-api-sandbox.lifeology.dev.lifeomic.com [302] [GET] [application/json] [] [] [vhost] [cloudfront] [Amazon Cloudfront,Amazon Web Services] [d41d8cd98f00b204e9800998ecf8427e]
https://gws-dev.apps.wellness.dev.lifeomic.com [302] [GET] [application/json] [] [] [vhost] [cloudfront] [Amazon Cloudfront,Amazon Web Services] [d41d8cd98f00b204e9800998ecf8427e]
https://gws-dev.lifeology.dev.lifeomic.com [302] [GET] [application/json] [] [] [vhost] [cloudfront] [Amazon Cloudfront,Amazon Web Services] [d41d8cd98f00b204e9800998ecf8427e]
https://gws-qa.apps.wellness.dev.lifeomic.com [302] [GET] [application/json] [] [] [vhost] [cloudfront] [Amazon Cloudfront,Amazon Web Services] [d41d8cd98f00b204e9800998ecf8427e]
https://gws-qa.lifeology.dev.lifeomic.com [302] [GET] [application/json] [] [] [vhost] [cloudfront] [Amazon Cloudfront,Amazon Web Services] [d41d8cd98f00b204e9800998ecf8427e]
https://gws-rds-external-readonly-uat.apps.wellness.dev.lifeomic.com [302] [GET] [application/json] [] [] [vhost] [cloudfront] [Amazon Cloudfront,Amazon Web Services] [d41d8cd98f00b204e9800998ecf8427e]
https://gws-rds-external-readonly-uat.lifeology.dev.lifeomic.com [302] [GET] [application/json] [] [] [vhost] [cloudfront] [Amazon Cloudfront,Amazon Web Services] [d41d8cd98f00b204e9800998ecf8427e]
https://gws-uat.apps.wellness.dev.lifeomic.com [302] [GET] [application/json] [] [] [vhost] [cloudfront] [Amazon Cloudfront,Amazon Web Services] [d41d8cd98f00b204e9800998ecf8427e]
https://gws-uat.lifeology.dev.lifeomic.com [302] [GET] [application/json] [] [] [vhost] [cloudfront] [Amazon Cloudfront,Amazon Web Services] [d41d8cd98f00b204e9800998ecf8427e]
https://gws.apps.wellness.dev.lifeomic.com [302] [GET] [application/json] [] [] [vhost] [cloudfront] [Amazon Cloudfront,Amazon Web Services] [d41d8cd98f00b204e9800998ecf8427e]
https://gws.lifeology.dev.lifeomic.com [302] [GET] [application/json] [] [] [vhost] [cloudfront] [Amazon Cloudfront,Amazon Web Services] [d41d8cd98f00b204e9800998ecf8427e]
https://help.apps.wellness.dev.lifeomic.com [302] [GET] [application/json] [] [] [vhost] [cloudfront] [Amazon Cloudfront,Amazon Web Services] [d41d8cd98f00b204e9800998ecf8427e]
https://help.lifeology.dev.lifeomic.com [302] [GET] [application/json] [] [] [vhost] [cloudfront] [Amazon Cloudfront,Amazon Web Services] [d41d8cd98f00b204e9800998ecf8427e]
https://home.apps.wellness.dev.lifeomic.com [302] [GET] [application/json] [] [] [vhost] [cloudfront] [Amazon Cloudfront,Amazon Web Services] [d41d8cd98f00b204e9800998ecf8427e]
https://home.lifeology.dev.lifeomic.com [302] [GET] [application/json] [] [] [vhost] [cloudfront] [Amazon Cloudfront,Amazon Web Services] [d41d8cd98f00b204e9800998ecf8427e]
https://host.apps.wellness.dev.lifeomic.com [302] [GET] [application/json] [] [] [vhost] [cloudfront] [Amazon Cloudfront,Amazon Web Services] [d41d8cd98f00b204e9800998ecf8427e]
https://host.lifeology.dev.lifeomic.com [302] [GET] [application/json] [] [] [vhost] [cloudfront] [Amazon Cloudfront,Amazon Web Services] [d41d8cd98f00b204e9800998ecf8427e]
https://hostmaster.apps.wellness.dev.lifeomic.com [302] [GET] [application/json] [] [] [vhost] [cloudfront] [Amazon Cloudfront,Amazon Web Services] [d41d8cd98f00b204e9800998ecf8427e]
https://hostmaster.lifeology.dev.lifeomic.com [302] [GET] [application/json] [] [] [vhost] [cloudfront] [Amazon Cloudfront,Amazon Web Services] [d41d8cd98f00b204e9800998ecf8427e]
https://httpbin.apps.wellness.dev.lifeomic.com [302] [GET] [application/json] [] [] [vhost] [cloudfront] [Amazon Cloudfront,Amazon Web Services] [d41d8cd98f00b204e9800998ecf8427e]
https://httpbin.lifeology.dev.lifeomic.com [302] [GET] [application/json] [] [] [vhost] [cloudfront] [Amazon Cloudfront,Amazon Web Services] [d41d8cd98f00b204e9800998ecf8427e]
https://iam.apps.wellness.dev.lifeomic.com [302] [GET] [application/json] [] [] [vhost] [cloudfront] [Amazon Cloudfront,Amazon Web Services] [d41d8cd98f00b204e9800998ecf8427e]
https://iam.lifeology.dev.lifeomic.com [302] [GET] [application/json] [] [] [vhost] [cloudfront] [Amazon Cloudfront,Amazon Web Services] [d41d8cd98f00b204e9800998ecf8427e]
https://images.apps.wellness.dev.lifeomic.com [302] [GET] [application/json] [] [] [vhost] [cloudfront] [Amazon Cloudfront,Amazon Web Services] [d41d8cd98f00b204e9800998ecf8427e]
https://images.lifeology.dev.lifeomic.com [302] [GET] [application/json] [] [] [vhost] [cloudfront] [Amazon Cloudfront,Amazon Web Services] [d41d8cd98f00b204e9800998ecf8427e]
https://imap.apps.wellness.dev.lifeomic.com [302] [GET] [application/json] [] [] [vhost] [cloudfront] [Amazon Cloudfront,Amazon Web Services] [d41d8cd98f00b204e9800998ecf8427e]
https://imap.lifeology.dev.lifeomic.com [302] [GET] [application/json] [] [] [vhost] [cloudfront] [Amazon Cloudfront,Amazon Web Services] [d41d8cd98f00b204e9800998ecf8427e]
https://img.apps.wellness.dev.lifeomic.com [302] [GET] [application/json] [] [] [vhost] [cloudfront] [Amazon Cloudfront,Amazon Web Services] [d41d8cd98f00b204e9800998ecf8427e]
https://img.lifeology.dev.lifeomic.com [302] [GET] [application/json] [] [] [vhost] [cloudfront] [Amazon Cloudfront,Amazon Web Services] [d41d8cd98f00b204e9800998ecf8427e]
https://inbound.apps.wellness.dev.lifeomic.com [302] [GET] [application/json] [] [] [vhost] [cloudfront] [Amazon Cloudfront,Amazon Web Services] [d41d8cd98f00b204e9800998ecf8427e]
https://inbound.lifeology.dev.lifeomic.com [302] [GET] [application/json] [] [] [vhost] [cloudfront] [Amazon Cloudfront,Amazon Web Services] [d41d8cd98f00b204e9800998ecf8427e]
https://info.apps.wellness.dev.lifeomic.com [302] [GET] [application/json] [] [] [vhost] [cloudfront] [Amazon Cloudfront,Amazon Web Services] [d41d8cd98f00b204e9800998ecf8427e]
https://info.lifeology.dev.lifeomic.com [302] [GET] [application/json] [] [] [vhost] [cloudfront] [Amazon Cloudfront,Amazon Web Services] [d41d8cd98f00b204e9800998ecf8427e]
https://iota.help.cutsr.apps.dev.lifeomic.com [302] [GET] [application/json] [] [CloudFront] [vhost] [cloudfront] [Amazon Cloudfront,Amazon Web Services] [d41d8cd98f00b204e9800998ecf8427e]
https://iowa.corpmail.help.cutsr.apps.dev.lifeomic.com [302] [GET] [application/json] [] [CloudFront] [vhost] [cloudfront] [Amazon Cloudfront,Amazon Web Services] [d41d8cd98f00b204e9800998ecf8427e]
https://ip.apps.wellness.dev.lifeomic.com [302] [GET] [application/json] [] [] [vhost] [cloudfront] [Amazon Cloudfront,Amazon Web Services] [d41d8cd98f00b204e9800998ecf8427e]
https://ip.lifeology.dev.lifeomic.com [302] [GET] [application/json] [] [] [vhost] [cloudfront] [Amazon Cloudfront,Amazon Web Services] [d41d8cd98f00b204e9800998ecf8427e]
https://ipv6.apps.wellness.dev.lifeomic.com [302] [GET] [application/json] [] [] [vhost] [cloudfront] [Amazon Cloudfront,Amazon Web Services] [d41d8cd98f00b204e9800998ecf8427e]
https://ipv6.lifeology.dev.lifeomic.com [302] [GET] [application/json] [] [] [vhost] [cloudfront] [Amazon Cloudfront,Amazon Web Services] [d41d8cd98f00b204e9800998ecf8427e]
https://ireland.apps.dev.lifeomic.com [302] [GET] [application/json] [] [CloudFront] [vhost] [cloudfront] [Amazon Cloudfront,Amazon Web Services] [d41d8cd98f00b204e9800998ecf8427e]
https://java.local.apps.dev.lifeomic.com [302] [GET] [application/json] [] [CloudFront] [vhost] [cloudfront] [Amazon Cloudfront,Amazon Web Services] [d41d8cd98f00b204e9800998ecf8427e]
https://jih.srqp.wvutsr.apps.dev.lifeomic.com [302] [GET] [application/json] [] [CloudFront] [vhost] [cloudfront] [Amazon Cloudfront,Amazon Web Services] [d41d8cd98f00b204e9800998ecf8427e]
https://job.apps.wellness.dev.lifeomic.com [302] [GET] [application/json] [] [] [vhost] [cloudfront] [Amazon Cloudfront,Amazon Web Services] [d41d8cd98f00b204e9800998ecf8427e]
https://job.lifeology.dev.lifeomic.com [302] [GET] [application/json] [] [] [vhost] [cloudfront] [Amazon Cloudfront,Amazon Web Services] [d41d8cd98f00b204e9800998ecf8427e]
https://jobs.apps.wellness.dev.lifeomic.com [302] [GET] [application/json] [] [] [vhost] [cloudfront] [Amazon Cloudfront,Amazon Web Services] [d41d8cd98f00b204e9800998ecf8427e]
https://jobs.lifeology.dev.lifeomic.com [302] [GET] [application/json] [] [] [vhost] [cloudfront] [Amazon Cloudfront,Amazon Web Services] [d41d8cd98f00b204e9800998ecf8427e]
https://k8s.apps.wellness.dev.lifeomic.com [302] [GET] [application/json] [] [] [vhost] [cloudfront] [Amazon Cloudfront,Amazon Web Services] [d41d8cd98f00b204e9800998ecf8427e]
https://k8s.lifeology.dev.lifeomic.com [302] [GET] [application/json] [] [] [vhost] [cloudfront] [Amazon Cloudfront,Amazon Web Services] [d41d8cd98f00b204e9800998ecf8427e]
https://knowledgemanagement.apps.wellness.dev.lifeomic.com [302] [GET] [application/json] [] [] [vhost] [cloudfront] [Amazon Cloudfront,Amazon Web Services] [d41d8cd98f00b204e9800998ecf8427e]
https://knowledgemanagement.lifeology.dev.lifeomic.com [302] [GET] [application/json] [] [] [vhost] [cloudfront] [Amazon Cloudfront,Amazon Web Services] [d41d8cd98f00b204e9800998ecf8427e]
https://ks-inventory-api.apps.wellness.dev.lifeomic.com [302] [GET] [application/json] [] [] [vhost] [cloudfront] [Amazon Cloudfront,Amazon Web Services] [d41d8cd98f00b204e9800998ecf8427e]
https://ks-inventory-api.lifeology.dev.lifeomic.com [302] [GET] [application/json] [] [] [vhost] [cloudfront] [Amazon Cloudfront,Amazon Web Services] [d41d8cd98f00b204e9800998ecf8427e]
https://ks-invoice-api.apps.wellness.dev.lifeomic.com [302] [GET] [application/json] [] [] [vhost] [cloudfront] [Amazon Cloudfront,Amazon Web Services] [d41d8cd98f00b204e9800998ecf8427e]
https://ks-invoice-api.lifeology.dev.lifeomic.com [302] [GET] [application/json] [] [] [vhost] [cloudfront] [Amazon Cloudfront,Amazon Web Services] [d41d8cd98f00b204e9800998ecf8427e]
https://ks-limits-api.apps.wellness.dev.lifeomic.com [302] [GET] [application/json] [] [] [vhost] [cloudfront] [Amazon Cloudfront,Amazon Web Services] [d41d8cd98f00b204e9800998ecf8427e]
https://ks-limits-api.lifeology.dev.lifeomic.com [302] [GET] [application/json] [] [] [vhost] [cloudfront] [Amazon Cloudfront,Amazon Web Services] [d41d8cd98f00b204e9800998ecf8427e]
https://ks-order-api.apps.wellness.dev.lifeomic.com [302] [GET] [application/json] [] [] [vhost] [cloudfront] [Amazon Cloudfront,Amazon Web Services] [d41d8cd98f00b204e9800998ecf8427e]
https://ks-order-api.lifeology.dev.lifeomic.com [302] [GET] [application/json] [] [] [vhost] [cloudfront] [Amazon Cloudfront,Amazon Web Services] [d41d8cd98f00b204e9800998ecf8427e]
https://ks-program-api.apps.wellness.dev.lifeomic.com [302] [GET] [application/json] [] [] [vhost] [cloudfront] [Amazon Cloudfront,Amazon Web Services] [d41d8cd98f00b204e9800998ecf8427e]
https://ks-program-api.lifeology.dev.lifeomic.com [302] [GET] [application/json] [] [] [vhost] [cloudfront] [Amazon Cloudfront,Amazon Web Services] [d41d8cd98f00b204e9800998ecf8427e]
https://ks-vendingtransactions-mq0.apps.wellness.dev.lifeomic.com [302] [GET] [application/json] [] [] [vhost] [cloudfront] [Amazon Cloudfront,Amazon Web Services] [d41d8cd98f00b204e9800998ecf8427e]
https://ks-vendingtransactions-mq0.lifeology.dev.lifeomic.com [302] [GET] [application/json] [] [] [vhost] [cloudfront] [Amazon Cloudfront,Amazon Web Services] [d41d8cd98f00b204e9800998ecf8427e]
https://ks-vendingtransactions-mq1.apps.wellness.dev.lifeomic.com [302] [GET] [application/json] [] [] [vhost] [cloudfront] [Amazon Cloudfront,Amazon Web Services] [d41d8cd98f00b204e9800998ecf8427e]
https://ks-vendingtransactions-mq1.lifeology.dev.lifeomic.com [302] [GET] [application/json] [] [] [vhost] [cloudfront] [Amazon Cloudfront,Amazon Web Services] [d41d8cd98f00b204e9800998ecf8427e]
https://ks-vendingtransactions-mq2.apps.wellness.dev.lifeomic.com [302] [GET] [application/json] [] [] [vhost] [cloudfront] [Amazon Cloudfront,Amazon Web Services] [d41d8cd98f00b204e9800998ecf8427e]
https://ks-vendingtransactions-mq2.lifeology.dev.lifeomic.com [302] [GET] [application/json] [] [] [vhost] [cloudfront] [Amazon Cloudfront,Amazon Web Services] [d41d8cd98f00b204e9800998ecf8427e]
https://ks-vendingtransactions-mq3.apps.wellness.dev.lifeomic.com [302] [GET] [application/json] [] [] [vhost] [cloudfront] [Amazon Cloudfront,Amazon Web Services] [d41d8cd98f00b204e9800998ecf8427e]
https://ks-vendingtransactions-mq3.lifeology.dev.lifeomic.com [302] [GET] [application/json] [] [] [vhost] [cloudfront] [Amazon Cloudfront,Amazon Web Services] [d41d8cd98f00b204e9800998ecf8427e]
https://ks-vendingtransactions-mq4.apps.wellness.dev.lifeomic.com [302] [GET] [application/json] [] [] [vhost] [cloudfront] [Amazon Cloudfront,Amazon Web Services] [d41d8cd98f00b204e9800998ecf8427e]
https://ks-vendingtransactions-mq4.lifeology.dev.lifeomic.com [302] [GET] [application/json] [] [] [vhost] [cloudfront] [Amazon Cloudfront,Amazon Web Services] [d41d8cd98f00b204e9800998ecf8427e]
https://kubernetes.apps.wellness.dev.lifeomic.com [302] [GET] [application/json] [] [] [vhost] [cloudfront] [Amazon Cloudfront,Amazon Web Services] [d41d8cd98f00b204e9800998ecf8427e]
https://kubernetes.lifeology.dev.lifeomic.com [302] [GET] [application/json] [] [] [vhost] [cloudfront] [Amazon Cloudfront,Amazon Web Services] [d41d8cd98f00b204e9800998ecf8427e]
https://lists.apps.wellness.dev.lifeomic.com [302] [GET] [application/json] [] [] [vhost] [cloudfront] [Amazon Cloudfront,Amazon Web Services] [d41d8cd98f00b204e9800998ecf8427e]
https://lists.lifeology.dev.lifeomic.com [302] [GET] [application/json] [] [] [vhost] [cloudfront] [Amazon Cloudfront,Amazon Web Services] [d41d8cd98f00b204e9800998ecf8427e]
https://liveupdate.apps.wellness.dev.lifeomic.com [302] [GET] [application/json] [] [] [vhost] [cloudfront] [Amazon Cloudfront,Amazon Web Services] [d41d8cd98f00b204e9800998ecf8427e]
https://liveupdate.lifeology.dev.lifeomic.com [302] [GET] [application/json] [] [] [vhost] [cloudfront] [Amazon Cloudfront,Amazon Web Services] [d41d8cd98f00b204e9800998ecf8427e]
https://local.apps.dev.lifeomic.com [302] [GET] [application/json] [] [CloudFront] [vhost] [cloudfront] [Amazon Cloudfront,Amazon Web Services] [d41d8cd98f00b204e9800998ecf8427e]
https://localhost.apps.wellness.dev.lifeomic.com [302] [GET] [application/json] [] [] [vhost] [cloudfront] [Amazon Cloudfront,Amazon Web Services] [d41d8cd98f00b204e9800998ecf8427e]
https://localhost.lifeology.dev.lifeomic.com [302] [GET] [application/json] [] [] [vhost] [cloudfront] [Amazon Cloudfront,Amazon Web Services] [d41d8cd98f00b204e9800998ecf8427e]
https://login.apps.wellness.dev.lifeomic.com [302] [GET] [application/json] [] [] [vhost] [cloudfront] [Amazon Cloudfront,Amazon Web Services] [d41d8cd98f00b204e9800998ecf8427e]
https://login.lifeology.dev.lifeomic.com [302] [GET] [application/json] [] [] [vhost] [cloudfront] [Amazon Cloudfront,Amazon Web Services] [d41d8cd98f00b204e9800998ecf8427e]
https://ly.apps.dev.lifeomic.com [302] [GET] [application/json] [] [CloudFront] [vhost] [cloudfront] [Amazon Cloudfront,Amazon Web Services] [d41d8cd98f00b204e9800998ecf8427e]
https://mail.apps.wellness.dev.lifeomic.com [302] [GET] [application/json] [] [] [vhost] [cloudfront] [Amazon Cloudfront,Amazon Web Services] [d41d8cd98f00b204e9800998ecf8427e]
https://mail.lifeology.dev.lifeomic.com [302] [GET] [application/json] [] [] [vhost] [cloudfront] [Amazon Cloudfront,Amazon Web Services] [d41d8cd98f00b204e9800998ecf8427e]
https://mail1.apps.wellness.dev.lifeomic.com [302] [GET] [application/json] [] [] [vhost] [cloudfront] [Amazon Cloudfront,Amazon Web Services] [d41d8cd98f00b204e9800998ecf8427e]
https://mail1.lifeology.dev.lifeomic.com [302] [GET] [application/json] [] [] [vhost] [cloudfront] [Amazon Cloudfront,Amazon Web Services] [d41d8cd98f00b204e9800998ecf8427e]
https://mail2.apps.wellness.dev.lifeomic.com [302] [GET] [application/json] [] [] [vhost] [cloudfront] [Amazon Cloudfront,Amazon Web Services] [d41d8cd98f00b204e9800998ecf8427e]
https://mail2.lifeology.dev.lifeomic.com [302] [GET] [application/json] [] [] [vhost] [cloudfront] [Amazon Cloudfront,Amazon Web Services] [d41d8cd98f00b204e9800998ecf8427e]
https://mailserver.apps.wellness.dev.lifeomic.com [302] [GET] [application/json] [] [] [vhost] [cloudfront] [Amazon Cloudfront,Amazon Web Services] [d41d8cd98f00b204e9800998ecf8427e]
https://mailserver.lifeology.dev.lifeomic.com [302] [GET] [application/json] [] [] [vhost] [cloudfront] [Amazon Cloudfront,Amazon Web Services] [d41d8cd98f00b204e9800998ecf8427e]
https://maint.dns.apps.dev.lifeomic.com [302] [GET] [application/json] [] [CloudFront] [vhost] [cloudfront] [Amazon Cloudfront,Amazon Web Services] [d41d8cd98f00b204e9800998ecf8427e]
https://maint.wvutsr.apps.dev.lifeomic.com [302] [GET] [application/json] [] [CloudFront] [vhost] [cloudfront] [Amazon Cloudfront,Amazon Web Services] [d41d8cd98f00b204e9800998ecf8427e]
https://marketplace.dev.lifeomic.com [200] [GET] [text/html] [Marketplace] [] [cloudfront] [Amazon Cloudfront,Amazon Web Services,Next.js,Node.js,React,webpack] [62c19ba2a097cbd55a5b172482f4fff9]
https://marketplace.dev.lifeomic.com [200] [GET] [text/html] [Marketplace] [] [cloudfront] [Amazon Cloudfront,Amazon Web Services,Next.js,Node.js,React,webpack] [98a2d2ce13748c293b2342ba512afd16]
https://mdm.apps.wellness.dev.lifeomic.com [302] [GET] [application/json] [] [] [vhost] [cloudfront] [Amazon Cloudfront,Amazon Web Services] [d41d8cd98f00b204e9800998ecf8427e]
https://mdm.lifeology.dev.lifeomic.com [302] [GET] [application/json] [] [] [vhost] [cloudfront] [Amazon Cloudfront,Amazon Web Services] [d41d8cd98f00b204e9800998ecf8427e]
https://media.apps.wellness.dev.lifeomic.com [302] [GET] [application/json] [] [] [vhost] [cloudfront] [Amazon Cloudfront,Amazon Web Services] [d41d8cd98f00b204e9800998ecf8427e]
https://media.lifeology.dev.lifeomic.com [302] [GET] [application/json] [] [] [vhost] [cloudfront] [Amazon Cloudfront,Amazon Web Services] [d41d8cd98f00b204e9800998ecf8427e]
https://merchandising-preview.apps.wellness.dev.lifeomic.com [302] [GET] [application/json] [] [] [vhost] [cloudfront] [Amazon Cloudfront,Amazon Web Services] [d41d8cd98f00b204e9800998ecf8427e]
https://merchandising-preview.lifeology.dev.lifeomic.com [302] [GET] [application/json] [] [] [vhost] [cloudfront] [Amazon Cloudfront,Amazon Web Services] [d41d8cd98f00b204e9800998ecf8427e]
https://metrics.apps.wellness.dev.lifeomic.com [302] [GET] [application/json] [] [] [vhost] [cloudfront] [Amazon Cloudfront,Amazon Web Services] [d41d8cd98f00b204e9800998ecf8427e]
https://metrics.lifeology.dev.lifeomic.com [302] [GET] [application/json] [] [] [vhost] [cloudfront] [Amazon Cloudfront,Amazon Web Services] [d41d8cd98f00b204e9800998ecf8427e]
https://michigan.wvutsr.apps.dev.lifeomic.com [302] [GET] [application/json] [] [CloudFront] [vhost] [cloudfront] [Amazon Cloudfront,Amazon Web Services] [d41d8cd98f00b204e9800998ecf8427e]
https://ml.apps.wellness.dev.lifeomic.com [302] [GET] [application/json] [] [] [vhost] [cloudfront] [Amazon Cloudfront,Amazon Web Services] [d41d8cd98f00b204e9800998ecf8427e]
https://ml.lifeology.dev.lifeomic.com [302] [GET] [application/json] [] [] [vhost] [cloudfront] [Amazon Cloudfront,Amazon Web Services] [d41d8cd98f00b204e9800998ecf8427e]
https://mobile-rest.apps.wellness.dev.lifeomic.com [302] [GET] [application/json] [] [] [vhost] [cloudfront] [Amazon Cloudfront,Amazon Web Services] [d41d8cd98f00b204e9800998ecf8427e]
https://mobile-rest.lifeology.dev.lifeomic.com [302] [GET] [application/json] [] [] [vhost] [cloudfront] [Amazon Cloudfront,Amazon Web Services] [d41d8cd98f00b204e9800998ecf8427e]
https://mobile.apps.wellness.dev.lifeomic.com [302] [GET] [application/json] [] [] [vhost] [cloudfront] [Amazon Cloudfront,Amazon Web Services] [d41d8cd98f00b204e9800998ecf8427e]
https://mobile.lifeology.dev.lifeomic.com [302] [GET] [application/json] [] [] [vhost] [cloudfront] [Amazon Cloudfront,Amazon Web Services] [d41d8cd98f00b204e9800998ecf8427e]
https://mongo.apps.wellness.dev.lifeomic.com [302] [GET] [application/json] [] [] [vhost] [cloudfront] [Amazon Cloudfront,Amazon Web Services] [d41d8cd98f00b204e9800998ecf8427e]
https://mongo.lifeology.dev.lifeomic.com [302] [GET] [application/json] [] [] [vhost] [cloudfront] [Amazon Cloudfront,Amazon Web Services] [d41d8cd98f00b204e9800998ecf8427e]
https://mongodb.apps.wellness.dev.lifeomic.com [302] [GET] [application/json] [] [] [vhost] [cloudfront] [Amazon Cloudfront,Amazon Web Services] [d41d8cd98f00b204e9800998ecf8427e]
https://mongodb.lifeology.dev.lifeomic.com [302] [GET] [application/json] [] [] [vhost] [cloudfront] [Amazon Cloudfront,Amazon Web Services] [d41d8cd98f00b204e9800998ecf8427e]
https://mssql.apps.wellness.dev.lifeomic.com [302] [GET] [application/json] [] [] [vhost] [cloudfront] [Amazon Cloudfront,Amazon Web Services] [d41d8cd98f00b204e9800998ecf8427e]
https://mssql.lifeology.dev.lifeomic.com [302] [GET] [application/json] [] [] [vhost] [cloudfront] [Amazon Cloudfront,Amazon Web Services] [d41d8cd98f00b204e9800998ecf8427e]
https://mta-sts.apps.wellness.dev.lifeomic.com [302] [GET] [application/json] [] [] [vhost] [cloudfront] [Amazon Cloudfront,Amazon Web Services] [d41d8cd98f00b204e9800998ecf8427e]
https://mx.apps.wellness.dev.lifeomic.com [302] [GET] [application/json] [] [] [vhost] [cloudfront] [Amazon Cloudfront,Amazon Web Services] [d41d8cd98f00b204e9800998ecf8427e]
https://mx.lifeology.dev.lifeomic.com [302] [GET] [application/json] [] [] [vhost] [cloudfront] [Amazon Cloudfront,Amazon Web Services] [d41d8cd98f00b204e9800998ecf8427e]
https://mx01.apps.wellness.dev.lifeomic.com [302] [GET] [application/json] [] [] [vhost] [cloudfront] [Amazon Cloudfront,Amazon Web Services] [d41d8cd98f00b204e9800998ecf8427e]
https://mx01.lifeology.dev.lifeomic.com [302] [GET] [application/json] [] [] [vhost] [cloudfront] [Amazon Cloudfront,Amazon Web Services] [d41d8cd98f00b204e9800998ecf8427e]
https://mx1.apps.wellness.dev.lifeomic.com [302] [GET] [application/json] [] [] [vhost] [cloudfront] [Amazon Cloudfront,Amazon Web Services] [d41d8cd98f00b204e9800998ecf8427e]
https://mx1.lifeology.dev.lifeomic.com [302] [GET] [application/json] [] [] [vhost] [cloudfront] [Amazon Cloudfront,Amazon Web Services] [d41d8cd98f00b204e9800998ecf8427e]
https://mx2.apps.wellness.dev.lifeomic.com [302] [GET] [application/json] [] [] [vhost] [cloudfront] [Amazon Cloudfront,Amazon Web Services] [d41d8cd98f00b204e9800998ecf8427e]
https://mx2.lifeology.dev.lifeomic.com [302] [GET] [application/json] [] [] [vhost] [cloudfront] [Amazon Cloudfront,Amazon Web Services] [d41d8cd98f00b204e9800998ecf8427e]
https://mysql.apps.wellness.dev.lifeomic.com [302] [GET] [application/json] [] [] [vhost] [cloudfront] [Amazon Cloudfront,Amazon Web Services] [d41d8cd98f00b204e9800998ecf8427e]
https://mysql.lifeology.dev.lifeomic.com [302] [GET] [application/json] [] [] [vhost] [cloudfront] [Amazon Cloudfront,Amazon Web Services] [d41d8cd98f00b204e9800998ecf8427e]
https://new.apps.wellness.dev.lifeomic.com [302] [GET] [application/json] [] [] [vhost] [cloudfront] [Amazon Cloudfront,Amazon Web Services] [d41d8cd98f00b204e9800998ecf8427e]
https://new.lifeology.dev.lifeomic.com [302] [GET] [application/json] [] [] [vhost] [cloudfront] [Amazon Cloudfront,Amazon Web Services] [d41d8cd98f00b204e9800998ecf8427e]
https://newmexico.apps.dev.lifeomic.com [302] [GET] [application/json] [] [CloudFront] [vhost] [cloudfront] [Amazon Cloudfront,Amazon Web Services] [d41d8cd98f00b204e9800998ecf8427e]
https://news.apps.wellness.dev.lifeomic.com [302] [GET] [application/json] [] [] [vhost] [cloudfront] [Amazon Cloudfront,Amazon Web Services] [d41d8cd98f00b204e9800998ecf8427e]
https://news.lifeology.dev.lifeomic.com [302] [GET] [application/json] [] [] [vhost] [cloudfront] [Amazon Cloudfront,Amazon Web Services] [d41d8cd98f00b204e9800998ecf8427e]
https://nginx-newest.apps.wellness.dev.lifeomic.com [302] [GET] [application/json] [] [] [vhost] [cloudfront] [Amazon Cloudfront,Amazon Web Services] [d41d8cd98f00b204e9800998ecf8427e]
https://nginx-newest.lifeology.dev.lifeomic.com [302] [GET] [application/json] [] [] [vhost] [cloudfront] [Amazon Cloudfront,Amazon Web Services] [d41d8cd98f00b204e9800998ecf8427e]
https://nginx-newest1.apps.wellness.dev.lifeomic.com [302] [GET] [application/json] [] [] [vhost] [cloudfront] [Amazon Cloudfront,Amazon Web Services] [d41d8cd98f00b204e9800998ecf8427e]
https://nginx-newest1.lifeology.dev.lifeomic.com [302] [GET] [application/json] [] [] [vhost] [cloudfront] [Amazon Cloudfront,Amazon Web Services] [d41d8cd98f00b204e9800998ecf8427e]
https://nginx.apps.wellness.dev.lifeomic.com [302] [GET] [application/json] [] [] [vhost] [cloudfront] [Amazon Cloudfront,Amazon Web Services] [d41d8cd98f00b204e9800998ecf8427e]
https://nginx.lifeology.dev.lifeomic.com [302] [GET] [application/json] [] [] [vhost] [cloudfront] [Amazon Cloudfront,Amazon Web Services] [d41d8cd98f00b204e9800998ecf8427e]
https://nodejs.apps.wellness.dev.lifeomic.com [302] [GET] [application/json] [] [] [vhost] [cloudfront] [Amazon Cloudfront,Amazon Web Services] [d41d8cd98f00b204e9800998ecf8427e]
https://nodejs.lifeology.dev.lifeomic.com [302] [GET] [application/json] [] [] [vhost] [cloudfront] [Amazon Cloudfront,Amazon Web Services] [d41d8cd98f00b204e9800998ecf8427e]
https://non-prod.apps.wellness.dev.lifeomic.com [302] [GET] [application/json] [] [] [vhost] [cloudfront] [Amazon Cloudfront,Amazon Web Services] [d41d8cd98f00b204e9800998ecf8427e]
https://non-prod.lifeology.dev.lifeomic.com [302] [GET] [application/json] [] [] [vhost] [cloudfront] [Amazon Cloudfront,Amazon Web Services] [d41d8cd98f00b204e9800998ecf8427e]
https://north.apps.dev.lifeomic.com [302] [GET] [application/json] [] [CloudFront] [vhost] [cloudfront] [Amazon Cloudfront,Amazon Web Services] [d41d8cd98f00b204e9800998ecf8427e]
https://notebooks.dev.lifeomic.com [302] [GET] [text/html] [] [TornadoServer/6.0.4] [TornadoServer] [d41d8cd98f00b204e9800998ecf8427e]
https://ns.apps.wellness.dev.lifeomic.com [302] [GET] [application/json] [] [] [vhost] [cloudfront] [Amazon Cloudfront,Amazon Web Services] [d41d8cd98f00b204e9800998ecf8427e]
https://ns.lifeology.dev.lifeomic.com [302] [GET] [application/json] [] [] [vhost] [cloudfront] [Amazon Cloudfront,Amazon Web Services] [d41d8cd98f00b204e9800998ecf8427e]
https://ns1.apps.wellness.dev.lifeomic.com [302] [GET] [application/json] [] [] [vhost] [cloudfront] [Amazon Cloudfront,Amazon Web Services] [d41d8cd98f00b204e9800998ecf8427e]
https://ns2.apps.wellness.dev.lifeomic.com [302] [GET] [application/json] [] [] [vhost] [cloudfront] [Amazon Cloudfront,Amazon Web Services] [d41d8cd98f00b204e9800998ecf8427e]
https://ns2.lifeology.dev.lifeomic.com [302] [GET] [application/json] [] [] [vhost] [cloudfront] [Amazon Cloudfront,Amazon Web Services] [d41d8cd98f00b204e9800998ecf8427e]
https://ns3.apps.wellness.dev.lifeomic.com [302] [GET] [application/json] [] [] [vhost] [cloudfront] [Amazon Cloudfront,Amazon Web Services] [d41d8cd98f00b204e9800998ecf8427e]
https://ns3.lifeology.dev.lifeomic.com [302] [GET] [application/json] [] [] [vhost] [cloudfront] [Amazon Cloudfront,Amazon Web Services] [d41d8cd98f00b204e9800998ecf8427e]
https://ns4.apps.wellness.dev.lifeomic.com [302] [GET] [application/json] [] [] [vhost] [cloudfront] [Amazon Cloudfront,Amazon Web Services] [d41d8cd98f00b204e9800998ecf8427e]
https://ns4.lifeology.dev.lifeomic.com [302] [GET] [application/json] [] [] [vhost] [cloudfront] [Amazon Cloudfront,Amazon Web Services] [d41d8cd98f00b204e9800998ecf8427e]
https://nu.apps.dev.lifeomic.com [302] [GET] [application/json] [] [CloudFront] [vhost] [cloudfront] [Amazon Cloudfront,Amazon Web Services] [d41d8cd98f00b204e9800998ecf8427e]
https://office.apps.wellness.dev.lifeomic.com [302] [GET] [application/json] [] [] [vhost] [cloudfront] [Amazon Cloudfront,Amazon Web Services] [d41d8cd98f00b204e9800998ecf8427e]
https://office.lifeology.dev.lifeomic.com [302] [GET] [application/json] [] [] [vhost] [cloudfront] [Amazon Cloudfront,Amazon Web Services] [d41d8cd98f00b204e9800998ecf8427e]
https://okta.apps.wellness.dev.lifeomic.com [302] [GET] [application/json] [] [] [vhost] [cloudfront] [Amazon Cloudfront,Amazon Web Services] [d41d8cd98f00b204e9800998ecf8427e]
https://okta.lifeology.dev.lifeomic.com [302] [GET] [application/json] [] [] [vhost] [cloudfront] [Amazon Cloudfront,Amazon Web Services] [d41d8cd98f00b204e9800998ecf8427e]
https://old.apps.wellness.dev.lifeomic.com [302] [GET] [application/json] [] [] [vhost] [cloudfront] [Amazon Cloudfront,Amazon Web Services] [d41d8cd98f00b204e9800998ecf8427e]
https://old.lifeology.dev.lifeomic.com [302] [GET] [application/json] [] [] [vhost] [cloudfront] [Amazon Cloudfront,Amazon Web Services] [d41d8cd98f00b204e9800998ecf8427e]
https://ops-geo-brasil.lifeology.dev.lifeomic.com [302] [GET] [application/json] [] [] [vhost] [cloudfront] [Amazon Cloudfront,Amazon Web Services] [d41d8cd98f00b204e9800998ecf8427e]
https://orders.apps.wellness.dev.lifeomic.com [302] [GET] [application/json] [] [] [vhost] [cloudfront] [Amazon Cloudfront,Amazon Web Services] [d41d8cd98f00b204e9800998ecf8427e]
https://orders.lifeology.dev.lifeomic.com [302] [GET] [application/json] [] [] [vhost] [cloudfront] [Amazon Cloudfront,Amazon Web Services] [d41d8cd98f00b204e9800998ecf8427e]
https://org-db.lifeology.dev.lifeomic.com [302] [GET] [application/json] [] [] [vhost] [cloudfront] [Amazon Cloudfront,Amazon Web Services] [d41d8cd98f00b204e9800998ecf8427e]
https://outlook.apps.wellness.dev.lifeomic.com [302] [GET] [application/json] [] [] [vhost] [cloudfront] [Amazon Cloudfront,Amazon Web Services] [d41d8cd98f00b204e9800998ecf8427e]
https://outlook.lifeology.dev.lifeomic.com [302] [GET] [application/json] [] [] [vhost] [cloudfront] [Amazon Cloudfront,Amazon Web Services] [d41d8cd98f00b204e9800998ecf8427e]
https://owa.apps.wellness.dev.lifeomic.com [302] [GET] [application/json] [] [] [vhost] [cloudfront] [Amazon Cloudfront,Amazon Web Services] [d41d8cd98f00b204e9800998ecf8427e]
https://owa.lifeology.dev.lifeomic.com [302] [GET] [application/json] [] [] [vhost] [cloudfront] [Amazon Cloudfront,Amazon Web Services] [d41d8cd98f00b204e9800998ecf8427e]
https://pc32.relay.source.wvutsr.apps.dev.lifeomic.com [302] [GET] [application/json] [] [CloudFront] [vhost] [cloudfront] [Amazon Cloudfront,Amazon Web Services] [d41d8cd98f00b204e9800998ecf8427e]
https://pc49.maint.wvutsr.apps.dev.lifeomic.com [302] [GET] [application/json] [] [CloudFront] [vhost] [cloudfront] [Amazon Cloudfront,Amazon Web Services] [d41d8cd98f00b204e9800998ecf8427e]
https://pdc.pc32.relay.source.wvutsr.apps.dev.lifeomic.com [302] [GET] [application/json] [] [CloudFront] [vhost] [cloudfront] [Amazon Cloudfront,Amazon Web Services] [d41d8cd98f00b204e9800998ecf8427e]
https://pop.apps.wellness.dev.lifeomic.com [302] [GET] [application/json] [] [] [vhost] [cloudfront] [Amazon Cloudfront,Amazon Web Services] [d41d8cd98f00b204e9800998ecf8427e]
https://pop.lifeology.dev.lifeomic.com [302] [GET] [application/json] [] [] [vhost] [cloudfront] [Amazon Cloudfront,Amazon Web Services] [d41d8cd98f00b204e9800998ecf8427e]
https://pop3.apps.wellness.dev.lifeomic.com [302] [GET] [application/json] [] [] [vhost] [cloudfront] [Amazon Cloudfront,Amazon Web Services] [d41d8cd98f00b204e9800998ecf8427e]
https://pop3.lifeology.dev.lifeomic.com [302] [GET] [application/json] [] [] [vhost] [cloudfront] [Amazon Cloudfront,Amazon Web Services] [d41d8cd98f00b204e9800998ecf8427e]
https://portal.apps.wellness.dev.lifeomic.com [302] [GET] [application/json] [] [] [vhost] [cloudfront] [Amazon Cloudfront,Amazon Web Services] [d41d8cd98f00b204e9800998ecf8427e]
https://portal.lifeology.dev.lifeomic.com [302] [GET] [application/json] [] [] [vhost] [cloudfront] [Amazon Cloudfront,Amazon Web Services] [d41d8cd98f00b204e9800998ecf8427e]
https://postmaster.apps.wellness.dev.lifeomic.com [302] [GET] [application/json] [] [] [vhost] [cloudfront] [Amazon Cloudfront,Amazon Web Services] [d41d8cd98f00b204e9800998ecf8427e]
https://postmaster.lifeology.dev.lifeomic.com [302] [GET] [application/json] [] [] [vhost] [cloudfront] [Amazon Cloudfront,Amazon Web Services] [d41d8cd98f00b204e9800998ecf8427e]
https://pre-prod.apps.wellness.dev.lifeomic.com [302] [GET] [application/json] [] [] [vhost] [cloudfront] [Amazon Cloudfront,Amazon Web Services] [d41d8cd98f00b204e9800998ecf8427e]
https://pre-prod.lifeology.dev.lifeomic.com [302] [GET] [application/json] [] [] [vhost] [cloudfront] [Amazon Cloudfront,Amazon Web Services] [d41d8cd98f00b204e9800998ecf8427e]
https://pre.apps.wellness.dev.lifeomic.com [302] [GET] [application/json] [] [] [vhost] [cloudfront] [Amazon Cloudfront,Amazon Web Services] [d41d8cd98f00b204e9800998ecf8427e]
https://pre.lifeology.dev.lifeomic.com [302] [GET] [application/json] [] [] [vhost] [cloudfront] [Amazon Cloudfront,Amazon Web Services] [d41d8cd98f00b204e9800998ecf8427e]
https://privacy.1.athena.dns.apps.dev.lifeomic.com [302] [GET] [application/json] [] [CloudFront] [vhost] [cloudfront] [Amazon Cloudfront,Amazon Web Services] [d41d8cd98f00b204e9800998ecf8427e]
https://proxy.apps.wellness.dev.lifeomic.com [302] [GET] [application/json] [] [] [vhost] [cloudfront] [Amazon Cloudfront,Amazon Web Services] [d41d8cd98f00b204e9800998ecf8427e]
https://proxy.lifeology.dev.lifeomic.com [302] [GET] [application/json] [] [] [vhost] [cloudfront] [Amazon Cloudfront,Amazon Web Services] [d41d8cd98f00b204e9800998ecf8427e]
https://publishing-catalog.apps.wellness.dev.lifeomic.com [302] [GET] [application/json] [] [] [vhost] [cloudfront] [Amazon Cloudfront,Amazon Web Services] [d41d8cd98f00b204e9800998ecf8427e]
https://publishing-catalog.lifeology.dev.lifeomic.com [302] [GET] [application/json] [] [] [vhost] [cloudfront] [Amazon Cloudfront,Amazon Web Services] [d41d8cd98f00b204e9800998ecf8427e]
https://publishing-preview.apps.wellness.dev.lifeomic.com [302] [GET] [application/json] [] [] [vhost] [cloudfront] [Amazon Cloudfront,Amazon Web Services] [d41d8cd98f00b204e9800998ecf8427e]
https://publishing-preview.lifeology.dev.lifeomic.com [302] [GET] [application/json] [] [] [vhost] [cloudfront] [Amazon Cloudfront,Amazon Web Services] [d41d8cd98f00b204e9800998ecf8427e]
https://purple.athena.dns.apps.dev.lifeomic.com [302] [GET] [application/json] [] [CloudFront] [vhost] [cloudfront] [Amazon Cloudfront,Amazon Web Services] [d41d8cd98f00b204e9800998ecf8427e]
https://read.ws.time.ws4.local.apps.dev.lifeomic.com [302] [GET] [application/json] [] [CloudFront] [vhost] [cloudfront] [Amazon Cloudfront,Amazon Web Services] [d41d8cd98f00b204e9800998ecf8427e]
https://remote.apps.wellness.dev.lifeomic.com [302] [GET] [application/json] [] [] [vhost] [cloudfront] [Amazon Cloudfront,Amazon Web Services] [d41d8cd98f00b204e9800998ecf8427e]
https://remote.lifeology.dev.lifeomic.com [302] [GET] [application/json] [] [] [vhost] [cloudfront] [Amazon Cloudfront,Amazon Web Services] [d41d8cd98f00b204e9800998ecf8427e]
https://retail.apps.wellness.dev.lifeomic.com [302] [GET] [application/json] [] [] [vhost] [cloudfront] [Amazon Cloudfront,Amazon Web Services] [d41d8cd98f00b204e9800998ecf8427e]
https://retail.lifeology.dev.lifeomic.com [302] [GET] [application/json] [] [] [vhost] [cloudfront] [Amazon Cloudfront,Amazon Web Services] [d41d8cd98f00b204e9800998ecf8427e]
https://root.apps.wellness.dev.lifeomic.com [302] [GET] [application/json] [] [] [vhost] [cloudfront] [Amazon Cloudfront,Amazon Web Services] [d41d8cd98f00b204e9800998ecf8427e]
https://root.lifeology.dev.lifeomic.com [302] [GET] [application/json] [] [] [vhost] [cloudfront] [Amazon Cloudfront,Amazon Web Services] [d41d8cd98f00b204e9800998ecf8427e]
https://rx.apps.wellness.dev.lifeomic.com [302] [GET] [application/json] [] [] [vhost] [cloudfront] [Amazon Cloudfront,Amazon Web Services] [d41d8cd98f00b204e9800998ecf8427e]
https://rx.lifeology.dev.lifeomic.com [302] [GET] [application/json] [] [] [vhost] [cloudfront] [Amazon Cloudfront,Amazon Web Services] [d41d8cd98f00b204e9800998ecf8427e]
https://sadmin.pc32.relay.source.wvutsr.apps.dev.lifeomic.com [302] [GET] [application/json] [] [CloudFront] [vhost] [cloudfront] [Amazon Cloudfront,Amazon Web Services] [d41d8cd98f00b204e9800998ecf8427e]
https://saskatchewan.corpmail.help.cutsr.apps.dev.lifeomic.com [302] [GET] [application/json] [] [CloudFront] [vhost] [cloudfront] [Amazon Cloudfront,Amazon Web Services] [d41d8cd98f00b204e9800998ecf8427e]
https://schedules.apps.dev.lifeomic.com [302] [GET] [application/json] [] [CloudFront] [vhost] [cloudfront] [Amazon Cloudfront,Amazon Web Services] [d41d8cd98f00b204e9800998ecf8427e]
https://searchportal-dev.apps.wellness.dev.lifeomic.com [302] [GET] [application/json] [] [] [vhost] [cloudfront] [Amazon Cloudfront,Amazon Web Services] [d41d8cd98f00b204e9800998ecf8427e]
https://searchportal-dev.lifeology.dev.lifeomic.com [302] [GET] [application/json] [] [] [vhost] [cloudfront] [Amazon Cloudfront,Amazon Web Services] [d41d8cd98f00b204e9800998ecf8427e]
https://searchportal-qa.apps.wellness.dev.lifeomic.com [302] [GET] [application/json] [] [] [vhost] [cloudfront] [Amazon Cloudfront,Amazon Web Services] [d41d8cd98f00b204e9800998ecf8427e]
https://searchportal-qa.lifeology.dev.lifeomic.com [302] [GET] [application/json] [] [] [vhost] [cloudfront] [Amazon Cloudfront,Amazon Web Services] [d41d8cd98f00b204e9800998ecf8427e]
https://searchportal.apps.wellness.dev.lifeomic.com [302] [GET] [application/json] [] [] [vhost] [cloudfront] [Amazon Cloudfront,Amazon Web Services] [d41d8cd98f00b204e9800998ecf8427e]
https://searchportal.lifeology.dev.lifeomic.com [302] [GET] [application/json] [] [] [vhost] [cloudfront] [Amazon Cloudfront,Amazon Web Services] [d41d8cd98f00b204e9800998ecf8427e]
https://secure.apps.wellness.dev.lifeomic.com [302] [GET] [application/json] [] [] [vhost] [cloudfront] [Amazon Cloudfront,Amazon Web Services] [d41d8cd98f00b204e9800998ecf8427e]
https://secure.lifeology.dev.lifeomic.com [302] [GET] [application/json] [] [] [vhost] [cloudfront] [Amazon Cloudfront,Amazon Web Services] [d41d8cd98f00b204e9800998ecf8427e]
https://server.apps.wellness.dev.lifeomic.com [302] [GET] [application/json] [] [] [vhost] [cloudfront] [Amazon Cloudfront,Amazon Web Services] [d41d8cd98f00b204e9800998ecf8427e]
https://server.lifeology.dev.lifeomic.com [302] [GET] [application/json] [] [] [vhost] [cloudfront] [Amazon Cloudfront,Amazon Web Services] [d41d8cd98f00b204e9800998ecf8427e]
https://server1.apps.wellness.dev.lifeomic.com [302] [GET] [application/json] [] [] [vhost] [cloudfront] [Amazon Cloudfront,Amazon Web Services] [d41d8cd98f00b204e9800998ecf8427e]
https://server1.lifeology.dev.lifeomic.com [302] [GET] [application/json] [] [] [vhost] [cloudfront] [Amazon Cloudfront,Amazon Web Services] [d41d8cd98f00b204e9800998ecf8427e]
https://servers.apps.wellness.dev.lifeomic.com [302] [GET] [application/json] [] [] [vhost] [cloudfront] [Amazon Cloudfront,Amazon Web Services] [d41d8cd98f00b204e9800998ecf8427e]
https://servers.lifeology.dev.lifeomic.com [302] [GET] [application/json] [] [] [vhost] [cloudfront] [Amazon Cloudfront,Amazon Web Services] [d41d8cd98f00b204e9800998ecf8427e]
https://shop.apps.wellness.dev.lifeomic.com [302] [GET] [application/json] [] [] [vhost] [cloudfront] [Amazon Cloudfront,Amazon Web Services] [d41d8cd98f00b204e9800998ecf8427e]
https://shop.lifeology.dev.lifeomic.com [302] [GET] [application/json] [] [] [vhost] [cloudfront] [Amazon Cloudfront,Amazon Web Services] [d41d8cd98f00b204e9800998ecf8427e]
https://signin.apps.wellness.dev.lifeomic.com [302] [GET] [application/json] [] [] [vhost] [cloudfront] [Amazon Cloudfront,Amazon Web Services] [d41d8cd98f00b204e9800998ecf8427e]
https://signin.lifeology.dev.lifeomic.com [302] [GET] [application/json] [] [] [vhost] [cloudfront] [Amazon Cloudfront,Amazon Web Services] [d41d8cd98f00b204e9800998ecf8427e]
https://signup.apps.wellness.dev.lifeomic.com [302] [GET] [application/json] [] [] [vhost] [cloudfront] [Amazon Cloudfront,Amazon Web Services] [d41d8cd98f00b204e9800998ecf8427e]
https://signup.lifeology.dev.lifeomic.com [302] [GET] [application/json] [] [] [vhost] [cloudfront] [Amazon Cloudfront,Amazon Web Services] [d41d8cd98f00b204e9800998ecf8427e]
https://sip.apps.wellness.dev.lifeomic.com [302] [GET] [application/json] [] [] [vhost] [cloudfront] [Amazon Cloudfront,Amazon Web Services] [d41d8cd98f00b204e9800998ecf8427e]
https://sip.lifeology.dev.lifeomic.com [302] [GET] [application/json] [] [] [vhost] [cloudfront] [Amazon Cloudfront,Amazon Web Services] [d41d8cd98f00b204e9800998ecf8427e]
https://sitecore.apps.wellness.dev.lifeomic.com [302] [GET] [application/json] [] [] [vhost] [cloudfront] [Amazon Cloudfront,Amazon Web Services] [d41d8cd98f00b204e9800998ecf8427e]
https://sitecore.lifeology.dev.lifeomic.com [302] [GET] [application/json] [] [] [vhost] [cloudfront] [Amazon Cloudfront,Amazon Web Services] [d41d8cd98f00b204e9800998ecf8427e]
https://smtp.apps.wellness.dev.lifeomic.com [302] [GET] [application/json] [] [] [vhost] [cloudfront] [Amazon Cloudfront,Amazon Web Services] [d41d8cd98f00b204e9800998ecf8427e]
https://smtp.lifeology.dev.lifeomic.com [302] [GET] [application/json] [] [] [vhost] [cloudfront] [Amazon Cloudfront,Amazon Web Services] [d41d8cd98f00b204e9800998ecf8427e]
https://source.wvutsr.apps.dev.lifeomic.com [302] [GET] [application/json] [] [CloudFront] [vhost] [cloudfront] [Amazon Cloudfront,Amazon Web Services] [d41d8cd98f00b204e9800998ecf8427e]
https://spf.apps.wellness.dev.lifeomic.com [302] [GET] [application/json] [] [] [vhost] [cloudfront] [Amazon Cloudfront,Amazon Web Services] [d41d8cd98f00b204e9800998ecf8427e]
https://spf.lifeology.dev.lifeomic.com [302] [GET] [application/json] [] [] [vhost] [cloudfront] [Amazon Cloudfront,Amazon Web Services] [d41d8cd98f00b204e9800998ecf8427e]
https://sql.apps.wellness.dev.lifeomic.com [302] [GET] [application/json] [] [] [vhost] [cloudfront] [Amazon Cloudfront,Amazon Web Services] [d41d8cd98f00b204e9800998ecf8427e]
https://sql.lifeology.dev.lifeomic.com [302] [GET] [application/json] [] [] [vhost] [cloudfront] [Amazon Cloudfront,Amazon Web Services] [d41d8cd98f00b204e9800998ecf8427e]
https://ssl.apps.wellness.dev.lifeomic.com [302] [GET] [application/json] [] [] [vhost] [cloudfront] [Amazon Cloudfront,Amazon Web Services] [d41d8cd98f00b204e9800998ecf8427e]
https://sslvpn.apps.wellness.dev.lifeomic.com [302] [GET] [application/json] [] [] [vhost] [cloudfront] [Amazon Cloudfront,Amazon Web Services] [d41d8cd98f00b204e9800998ecf8427e]
https://sslvpn.lifeology.dev.lifeomic.com [302] [GET] [application/json] [] [] [vhost] [cloudfront] [Amazon Cloudfront,Amazon Web Services] [d41d8cd98f00b204e9800998ecf8427e]
https://sso.apps.wellness.dev.lifeomic.com [302] [GET] [application/json] [] [] [vhost] [cloudfront] [Amazon Cloudfront,Amazon Web Services] [d41d8cd98f00b204e9800998ecf8427e]
https://sso.lifeology.dev.lifeomic.com [302] [GET] [application/json] [] [] [vhost] [cloudfront] [Amazon Cloudfront,Amazon Web Services] [d41d8cd98f00b204e9800998ecf8427e]
https://stage.apps.wellness.dev.lifeomic.com [302] [GET] [application/json] [] [] [vhost] [cloudfront] [Amazon Cloudfront,Amazon Web Services] [d41d8cd98f00b204e9800998ecf8427e]
https://stage.lifeology.dev.lifeomic.com [302] [GET] [application/json] [] [] [vhost] [cloudfront] [Amazon Cloudfront,Amazon Web Services] [d41d8cd98f00b204e9800998ecf8427e]
https://staging.apps.wellness.dev.lifeomic.com [302] [GET] [application/json] [] [] [vhost] [cloudfront] [Amazon Cloudfront,Amazon Web Services] [d41d8cd98f00b204e9800998ecf8427e]
https://staging.lifeology.dev.lifeomic.com [302] [GET] [application/json] [] [] [vhost] [cloudfront] [Amazon Cloudfront,Amazon Web Services] [d41d8cd98f00b204e9800998ecf8427e]
https://static.apps.wellness.dev.lifeomic.com [302] [GET] [application/json] [] [] [vhost] [cloudfront] [Amazon Cloudfront,Amazon Web Services] [d41d8cd98f00b204e9800998ecf8427e]
https://static.lifeology.dev.lifeomic.com [302] [GET] [application/json] [] [] [vhost] [cloudfront] [Amazon Cloudfront,Amazon Web Services] [d41d8cd98f00b204e9800998ecf8427e]
https://stats.apps.wellness.dev.lifeomic.com [302] [GET] [application/json] [] [] [vhost] [cloudfront] [Amazon Cloudfront,Amazon Web Services] [d41d8cd98f00b204e9800998ecf8427e]
https://stats.lifeology.dev.lifeomic.com [302] [GET] [application/json] [] [] [vhost] [cloudfront] [Amazon Cloudfront,Amazon Web Services] [d41d8cd98f00b204e9800998ecf8427e]
https://store.apps.wellness.dev.lifeomic.com [302] [GET] [application/json] [] [] [vhost] [cloudfront] [Amazon Cloudfront,Amazon Web Services] [d41d8cd98f00b204e9800998ecf8427e]
https://store.lifeology.dev.lifeomic.com [302] [GET] [application/json] [] [] [vhost] [cloudfront] [Amazon Cloudfront,Amazon Web Services] [d41d8cd98f00b204e9800998ecf8427e]
https://storybook.apps.wellness.dev.lifeomic.com [302] [GET] [application/json] [] [] [vhost] [cloudfront] [Amazon Cloudfront,Amazon Web Services] [d41d8cd98f00b204e9800998ecf8427e]
https://storybook.lifeology.dev.lifeomic.com [302] [GET] [application/json] [] [] [vhost] [cloudfront] [Amazon Cloudfront,Amazon Web Services] [d41d8cd98f00b204e9800998ecf8427e]
https://support.apps.wellness.dev.lifeomic.com [302] [GET] [application/json] [] [] [vhost] [cloudfront] [Amazon Cloudfront,Amazon Web Services] [d41d8cd98f00b204e9800998ecf8427e]
https://support.lifeology.dev.lifeomic.com [302] [GET] [application/json] [] [] [vhost] [cloudfront] [Amazon Cloudfront,Amazon Web Services] [d41d8cd98f00b204e9800998ecf8427e]
https://tienda.apps.dev.lifeomic.com [302] [GET] [application/json] [] [CloudFront] [vhost] [cloudfront] [Amazon Cloudfront,Amazon Web Services] [d41d8cd98f00b204e9800998ecf8427e]
https://time.ws4.local.apps.dev.lifeomic.com [302] [GET] [application/json] [] [CloudFront] [vhost] [cloudfront] [Amazon Cloudfront,Amazon Web Services] [d41d8cd98f00b204e9800998ecf8427e]
https://tls.apps.wellness.dev.lifeomic.com [302] [GET] [application/json] [] [] [vhost] [cloudfront] [Amazon Cloudfront,Amazon Web Services] [d41d8cd98f00b204e9800998ecf8427e]
https://tls.lifeology.dev.lifeomic.com [302] [GET] [application/json] [] [] [vhost] [cloudfront] [Amazon Cloudfront,Amazon Web Services] [d41d8cd98f00b204e9800998ecf8427e]
https://tools.apps.wellness.dev.lifeomic.com [302] [GET] [application/json] [] [] [vhost] [cloudfront] [Amazon Cloudfront,Amazon Web Services] [d41d8cd98f00b204e9800998ecf8427e]
https://tools.lifeology.dev.lifeomic.com [302] [GET] [application/json] [] [] [vhost] [cloudfront] [Amazon Cloudfront,Amazon Web Services] [d41d8cd98f00b204e9800998ecf8427e]
https://tx.apps.wellness.dev.lifeomic.com [302] [GET] [application/json] [] [] [vhost] [cloudfront] [Amazon Cloudfront,Amazon Web Services] [d41d8cd98f00b204e9800998ecf8427e]
https://tx.lifeology.dev.lifeomic.com [302] [GET] [application/json] [] [] [vhost] [cloudfront] [Amazon Cloudfront,Amazon Web Services] [d41d8cd98f00b204e9800998ecf8427e]
https://uk.apps.wellness.dev.lifeomic.com [302] [GET] [application/json] [] [] [vhost] [cloudfront] [Amazon Cloudfront,Amazon Web Services] [d41d8cd98f00b204e9800998ecf8427e]
https://uk.lifeology.dev.lifeomic.com [302] [GET] [application/json] [] [] [vhost] [cloudfront] [Amazon Cloudfront,Amazon Web Services] [d41d8cd98f00b204e9800998ecf8427e]
https://upload.apps.wellness.dev.lifeomic.com [302] [GET] [application/json] [] [] [vhost] [cloudfront] [Amazon Cloudfront,Amazon Web Services] [d41d8cd98f00b204e9800998ecf8427e]
https://upload.lifeology.dev.lifeomic.com [302] [GET] [application/json] [] [] [vhost] [cloudfront] [Amazon Cloudfront,Amazon Web Services] [d41d8cd98f00b204e9800998ecf8427e]
https://uppa.apps.dev.lifeomic.com [302] [GET] [application/json] [] [CloudFront] [vhost] [cloudfront] [Amazon Cloudfront,Amazon Web Services] [d41d8cd98f00b204e9800998ecf8427e]
https://us-east-1.apps.wellness.dev.lifeomic.com [302] [GET] [application/json] [] [] [vhost] [cloudfront] [Amazon Cloudfront,Amazon Web Services] [d41d8cd98f00b204e9800998ecf8427e]
https://us-east-1.lifeology.dev.lifeomic.com [302] [GET] [application/json] [] [] [vhost] [cloudfront] [Amazon Cloudfront,Amazon Web Services] [d41d8cd98f00b204e9800998ecf8427e]
https://us-east.apps.wellness.dev.lifeomic.com [302] [GET] [application/json] [] [] [vhost] [cloudfront] [Amazon Cloudfront,Amazon Web Services] [d41d8cd98f00b204e9800998ecf8427e]
https://us-east.lifeology.dev.lifeomic.com [302] [GET] [application/json] [] [] [vhost] [cloudfront] [Amazon Cloudfront,Amazon Web Services] [d41d8cd98f00b204e9800998ecf8427e]
https://us.apps.dev.lifeomic.com [302] [GET] [application/json] [] [CloudFront] [vhost] [cloudfront] [Amazon Cloudfront,Amazon Web Services] [d41d8cd98f00b204e9800998ecf8427e]
https://useast.apps.wellness.dev.lifeomic.com [302] [GET] [application/json] [] [] [vhost] [cloudfront] [Amazon Cloudfront,Amazon Web Services] [d41d8cd98f00b204e9800998ecf8427e]
https://useast.lifeology.dev.lifeomic.com [302] [GET] [application/json] [] [] [vhost] [cloudfront] [Amazon Cloudfront,Amazon Web Services] [d41d8cd98f00b204e9800998ecf8427e]
https://user.apps.dev.lifeomic.com [302] [GET] [application/json] [] [CloudFront] [vhost] [cloudfront] [Amazon Cloudfront,Amazon Web Services] [d41d8cd98f00b204e9800998ecf8427e]
https://vault.apps.wellness.dev.lifeomic.com [302] [GET] [application/json] [] [] [vhost] [cloudfront] [Amazon Cloudfront,Amazon Web Services] [d41d8cd98f00b204e9800998ecf8427e]
https://vault.lifeology.dev.lifeomic.com [302] [GET] [application/json] [] [] [vhost] [cloudfront] [Amazon Cloudfront,Amazon Web Services] [d41d8cd98f00b204e9800998ecf8427e]
https://vendor-api.apps.wellness.dev.lifeomic.com [302] [GET] [application/json] [] [] [vhost] [cloudfront] [Amazon Cloudfront,Amazon Web Services] [d41d8cd98f00b204e9800998ecf8427e]
https://vendor-api.lifeology.dev.lifeomic.com [302] [GET] [application/json] [] [] [vhost] [cloudfront] [Amazon Cloudfront,Amazon Web Services] [d41d8cd98f00b204e9800998ecf8427e]
https://vendor.apps.wellness.dev.lifeomic.com [302] [GET] [application/json] [] [] [vhost] [cloudfront] [Amazon Cloudfront,Amazon Web Services] [d41d8cd98f00b204e9800998ecf8427e]
https://vendor.lifeology.dev.lifeomic.com [302] [GET] [application/json] [] [] [vhost] [cloudfront] [Amazon Cloudfront,Amazon Web Services] [d41d8cd98f00b204e9800998ecf8427e]
https://vendors.apps.wellness.dev.lifeomic.com [302] [GET] [application/json] [] [] [vhost] [cloudfront] [Amazon Cloudfront,Amazon Web Services] [d41d8cd98f00b204e9800998ecf8427e]
https://vendors.lifeology.dev.lifeomic.com [302] [GET] [application/json] [] [] [vhost] [cloudfront] [Amazon Cloudfront,Amazon Web Services] [d41d8cd98f00b204e9800998ecf8427e]
https://video.apps.wellness.dev.lifeomic.com [302] [GET] [application/json] [] [] [vhost] [cloudfront] [Amazon Cloudfront,Amazon Web Services] [d41d8cd98f00b204e9800998ecf8427e]
https://video.lifeology.dev.lifeomic.com [302] [GET] [application/json] [] [] [vhost] [cloudfront] [Amazon Cloudfront,Amazon Web Services] [d41d8cd98f00b204e9800998ecf8427e]
https://videos.apps.wellness.dev.lifeomic.com [302] [GET] [application/json] [] [] [vhost] [cloudfront] [Amazon Cloudfront,Amazon Web Services] [d41d8cd98f00b204e9800998ecf8427e]
https://videos.lifeology.dev.lifeomic.com [302] [GET] [application/json] [] [] [vhost] [cloudfront] [Amazon Cloudfront,Amazon Web Services] [d41d8cd98f00b204e9800998ecf8427e]
https://view.apps.wellness.dev.lifeomic.com [302] [GET] [application/json] [] [] [vhost] [cloudfront] [Amazon Cloudfront,Amazon Web Services] [d41d8cd98f00b204e9800998ecf8427e]
https://voice.apps.wellness.dev.lifeomic.com [302] [GET] [application/json] [] [] [vhost] [cloudfront] [Amazon Cloudfront,Amazon Web Services] [d41d8cd98f00b204e9800998ecf8427e]
https://voice.lifeology.dev.lifeomic.com [302] [GET] [application/json] [] [] [vhost] [cloudfront] [Amazon Cloudfront,Amazon Web Services] [d41d8cd98f00b204e9800998ecf8427e]
https://vpn.lifeology.dev.lifeomic.com [302] [GET] [application/json] [] [] [vhost] [cloudfront] [Amazon Cloudfront,Amazon Web Services] [d41d8cd98f00b204e9800998ecf8427e]
https://wap.apps.wellness.dev.lifeomic.com [302] [GET] [application/json] [] [] [vhost] [cloudfront] [Amazon Cloudfront,Amazon Web Services] [d41d8cd98f00b204e9800998ecf8427e]
https://wap.lifeology.dev.lifeomic.com [302] [GET] [application/json] [] [] [vhost] [cloudfront] [Amazon Cloudfront,Amazon Web Services] [d41d8cd98f00b204e9800998ecf8427e]
https://web.apps.wellness.dev.lifeomic.com [302] [GET] [application/json] [] [] [vhost] [cloudfront] [Amazon Cloudfront,Amazon Web Services] [d41d8cd98f00b204e9800998ecf8427e]
https://web.lifeology.dev.lifeomic.com [302] [GET] [application/json] [] [] [vhost] [cloudfront] [Amazon Cloudfront,Amazon Web Services] [d41d8cd98f00b204e9800998ecf8427e]
https://webdisk.apps.wellness.dev.lifeomic.com [302] [GET] [application/json] [] [] [vhost] [cloudfront] [Amazon Cloudfront,Amazon Web Services] [d41d8cd98f00b204e9800998ecf8427e]
https://webdisk.lifeology.dev.lifeomic.com [302] [GET] [application/json] [] [] [vhost] [cloudfront] [Amazon Cloudfront,Amazon Web Services] [d41d8cd98f00b204e9800998ecf8427e]
https://webhook.apps.wellness.dev.lifeomic.com [302] [GET] [application/json] [] [] [vhost] [cloudfront] [Amazon Cloudfront,Amazon Web Services] [d41d8cd98f00b204e9800998ecf8427e]
https://webhook.lifeology.dev.lifeomic.com [302] [GET] [application/json] [] [] [vhost] [cloudfront] [Amazon Cloudfront,Amazon Web Services] [d41d8cd98f00b204e9800998ecf8427e]
https://webhooks-api.dev.lifeomic.com [403] [GET] [application/json] [] [] [vhost] [cloudfront] [Amazon Cloudfront,Amazon Web Services] [c2c29db351a2b72536485a2651a5be6c]
https://webhooks.infra.lifeomic.com [403] [GET] [application/json] [] [] [vhost] [cloudfront] [Amazon Cloudfront,Amazon Web Services] [905b1fbb26e082557ff0b3b3553cda6c]
https://webmail.apps.wellness.dev.lifeomic.com [302] [GET] [application/json] [] [] [vhost] [cloudfront] [Amazon Cloudfront,Amazon Web Services] [d41d8cd98f00b204e9800998ecf8427e]
https://webmail.lifeology.dev.lifeomic.com [302] [GET] [application/json] [] [] [vhost] [cloudfront] [Amazon Cloudfront,Amazon Web Services] [d41d8cd98f00b204e9800998ecf8427e]
https://webmaster.athena.dns.apps.dev.lifeomic.com [302] [GET] [application/json] [] [CloudFront] [vhost] [cloudfront] [Amazon Cloudfront,Amazon Web Services] [d41d8cd98f00b204e9800998ecf8427e]
https://webstats.iota.help.cutsr.apps.dev.lifeomic.com [302] [GET] [application/json] [] [CloudFront] [vhost] [cloudfront] [Amazon Cloudfront,Amazon Web Services] [d41d8cd98f00b204e9800998ecf8427e]
https://wfm-service.apps.wellness.dev.lifeomic.com [302] [GET] [application/json] [] [] [vhost] [cloudfront] [Amazon Cloudfront,Amazon Web Services] [d41d8cd98f00b204e9800998ecf8427e]
https://wfm-service.lifeology.dev.lifeomic.com [302] [GET] [application/json] [] [] [vhost] [cloudfront] [Amazon Cloudfront,Amazon Web Services] [d41d8cd98f00b204e9800998ecf8427e]
https://whm.apps.wellness.dev.lifeomic.com [302] [GET] [application/json] [] [] [vhost] [cloudfront] [Amazon Cloudfront,Amazon Web Services] [d41d8cd98f00b204e9800998ecf8427e]
https://whm.lifeology.dev.lifeomic.com [302] [GET] [application/json] [] [] [vhost] [cloudfront] [Amazon Cloudfront,Amazon Web Services] [d41d8cd98f00b204e9800998ecf8427e]
https://whois.apps.wellness.dev.lifeomic.com [302] [GET] [application/json] [] [] [vhost] [cloudfront] [Amazon Cloudfront,Amazon Web Services] [d41d8cd98f00b204e9800998ecf8427e]
https://whois.lifeology.dev.lifeomic.com [302] [GET] [application/json] [] [] [vhost] [cloudfront] [Amazon Cloudfront,Amazon Web Services] [d41d8cd98f00b204e9800998ecf8427e]
https://wiki.apps.wellness.dev.lifeomic.com [302] [GET] [application/json] [] [] [vhost] [cloudfront] [Amazon Cloudfront,Amazon Web Services] [d41d8cd98f00b204e9800998ecf8427e]
https://wiki.lifeology.dev.lifeomic.com [302] [GET] [application/json] [] [] [vhost] [cloudfront] [Amazon Cloudfront,Amazon Web Services] [d41d8cd98f00b204e9800998ecf8427e]
https://wordpress.apps.wellness.dev.lifeomic.com [302] [GET] [application/json] [] [] [vhost] [cloudfront] [Amazon Cloudfront,Amazon Web Services] [d41d8cd98f00b204e9800998ecf8427e]
https://wordpress.lifeology.dev.lifeomic.com [302] [GET] [application/json] [] [] [vhost] [cloudfront] [Amazon Cloudfront,Amazon Web Services] [d41d8cd98f00b204e9800998ecf8427e]
https://wp.apps.wellness.dev.lifeomic.com [302] [GET] [application/json] [] [] [vhost] [cloudfront] [Amazon Cloudfront,Amazon Web Services] [d41d8cd98f00b204e9800998ecf8427e]
https://wp.lifeology.dev.lifeomic.com [302] [GET] [application/json] [] [] [vhost] [cloudfront] [Amazon Cloudfront,Amazon Web Services] [d41d8cd98f00b204e9800998ecf8427e]
https://ws.time.ws4.local.apps.dev.lifeomic.com [302] [GET] [application/json] [] [CloudFront] [vhost] [cloudfront] [Amazon Cloudfront,Amazon Web Services] [d41d8cd98f00b204e9800998ecf8427e]
https://ws7.apps.dev.lifeomic.com [302] [GET] [application/json] [] [CloudFront] [vhost] [cloudfront] [Amazon Cloudfront,Amazon Web Services] [d41d8cd98f00b204e9800998ecf8427e]
https://ww1.apps.wellness.dev.lifeomic.com [302] [GET] [application/json] [] [] [vhost] [cloudfront] [Amazon Cloudfront,Amazon Web Services] [d41d8cd98f00b204e9800998ecf8427e]
https://ww1.lifeology.dev.lifeomic.com [302] [GET] [application/json] [] [] [vhost] [cloudfront] [Amazon Cloudfront,Amazon Web Services] [d41d8cd98f00b204e9800998ecf8427e]
https://www.apps.wellness.dev.lifeomic.com [302] [GET] [application/json] [] [] [vhost] [cloudfront] [Amazon Cloudfront,Amazon Web Services] [d41d8cd98f00b204e9800998ecf8427e]
https://www.lifeology.dev.lifeomic.com [302] [GET] [application/json] [] [] [vhost] [cloudfront] [Amazon Cloudfront,Amazon Web Services] [d41d8cd98f00b204e9800998ecf8427e]
https://www1.apps.wellness.dev.lifeomic.com [302] [GET] [application/json] [] [] [vhost] [cloudfront] [Amazon Cloudfront,Amazon Web Services] [d41d8cd98f00b204e9800998ecf8427e]
https://www1.lifeology.dev.lifeomic.com [302] [GET] [application/json] [] [] [vhost] [cloudfront] [Amazon Cloudfront,Amazon Web Services] [d41d8cd98f00b204e9800998ecf8427e]
https://www2.apps.wellness.dev.lifeomic.com [302] [GET] [application/json] [] [] [vhost] [cloudfront] [Amazon Cloudfront,Amazon Web Services] [d41d8cd98f00b204e9800998ecf8427e]
https://www2.lifeology.dev.lifeomic.com [302] [GET] [application/json] [] [] [vhost] [cloudfront] [Amazon Cloudfront,Amazon Web Services] [d41d8cd98f00b204e9800998ecf8427e]
