https://airflow-mwaa.limeinternal.com [302] [GET] [text/html] [Redirecting...] [cloudflare] [vhost] [cloudflare] [Cloudflare] [3cc140d34969fa39436714272aa23256]
https://airflow.limeinternal.com [302] [GET] [text/html] [Redirecting...] [cloudflare] [vhost] [cloudflare] [Cloudflare] [661995591b57c1e759703d1cab4cdb5d]
https://airflow.limeinternal.com [403] [GET] [text/html] [Attention Required! | Cloudflare] [cloudflare] [vhost] [cloudflare] [8d1946c235cf208798c94f0b823996b8]
https://common-airflow.limeinternal.com [530] [GET] [text/html] [Origin DNS error | common-airflow.limeinternal.com | Cloudflare] [cloudflare] [vhost] [cloudflare] [65defc52910e6c53a6d6434f092a0ea4]
https://common-airflow.limeinternal.com [530] [GET] [text/html] [Origin DNS error | common-airflow.limeinternal.com | Cloudflare] [cloudflare] [vhost] [cloudflare] [b0305d5b4f5e4a5ee7b253ccfb628d01]
https://data-entrypoint-api-staging.limeinternal.com [200] [GET] [text/html] [] [cloudflare] [vhost] [cloudflare] [Cloudflare,Express,Node.js] [f0ef7081e1539ac00ef5b761b4fb01b3]
https://data-entrypoint-api.limeinternal.com [200] [GET] [text/html] [] [cloudflare] [vhost] [cloudflare] [Cloudflare,Express,Node.js] [f0ef7081e1539ac00ef5b761b4fb01b3]
https://data-staging.limeinternal.com [200] [GET] [text/html] [Lime Data Portal] [cloudflare] [vhost] [cloudflare] [Amazon Cloudfront,Amazon Web Services,Cloudflare] [4b27b9b2920209578c33551def61bd43]
https://data.limeinternal.com [200] [GET] [text/html] [Lime Data Portal] [cloudflare] [vhost] [cloudflare] [Amazon Cloudfront,Amazon Web Services,Cloudflare] [e948f6fbd706a96d784c1bec1b3894ab]
https://golden-airflow-mwaa.limeinternal.com [302] [GET] [text/html] [Redirecting...] [cloudflare] [vhost] [cloudflare] [Cloudflare] [3cc140d34969fa39436714272aa23256]
https://golden-airflow.limeinternal.com [530] [GET] [text/html] [Origin DNS error | golden-airflow.limeinternal.com | Cloudflare] [cloudflare] [vhost] [cloudflare] [6bdb60eac325d19609b3a176717ebee7]
https://golden-airflow.limeinternal.com [530] [GET] [text/html] [Origin DNS error | golden-airflow.limeinternal.com | Cloudflare] [cloudflare] [vhost] [cloudflare] [e29dcc7f9bd912dc86de6f5afd7cbd44]
https://ml-flower-staging.limeinternal.com [302] [GET] [] [] [cloudflare] [vhost] [cloudflare] [d41d8cd98f00b204e9800998ecf8427e]
https://ml-flower.limeinternal.com [302] [GET] [] [] [cloudflare] [vhost] [cloudflare] [d41d8cd98f00b204e9800998ecf8427e]
https://ml-staging.limeinternal.com [302] [GET] [] [] [cloudflare] [vhost] [cloudflare] [d41d8cd98f00b204e9800998ecf8427e]
https://ml.limeinternal.com [302] [GET] [] [] [cloudflare] [vhost] [cloudflare] [d41d8cd98f00b204e9800998ecf8427e]
https://mlp.limeinternal.com [302] [GET] [] [] [cloudflare] [vhost] [cloudflare] [d41d8cd98f00b204e9800998ecf8427e]
https://orchard-staging.limeinternal.com [200] [GET] [text/html] [Lime Orchard] [cloudflare] [vhost] [cloudflare] [Bootstrap,Cloudflare,Envoy,Ionicons] [46e0f04cef575d225ca0effefec222dd]
https://orchard.limeinternal.com [200] [GET] [text/html] [Lime Orchard] [cloudflare] [vhost] [cloudflare] [Bootstrap,Cloudflare,Envoy,Ionicons] [46e0f04cef575d225ca0effefec222dd]
https://pmm.limeinternal.com [302] [GET] [] [] [cloudflare] [vhost] [cloudflare] [d41d8cd98f00b204e9800998ecf8427e]
https://sidewalk-data-collection.limeinternal.com [302] [GET] [] [] [cloudflare] [vhost] [cloudflare] [d41d8cd98f00b204e9800998ecf8427e]
https://tab.limeinternal.com [200] [GET] [text/html] [] [cloudflare] [vhost] [cloudflare] [Cloudflare] [43a6bd43d6b8d9afa37c39e40f0a8c6e]
https://test.limeinternal.com [404] [GET] [] [] [cloudflare] [vhost] [cloudflare] [Cloudflare] [d41d8cd98f00b204e9800998ecf8427e]
