http://api-camera.line-apps.com [200] [GET] [text/html] [] [nginx] [Nginx] [12ee5a8e5eeebe4ebddf16dfe9d70a77]
http://b612-api.line-apps.com [503] [GET] [text/html] [] [] [8d3a74b0523f557cc5f975b9d093a4b3]
http://camera-log.line-apps.com [404] [GET] [] [] [nginx] [Nginx] [d41d8cd98f00b204e9800998ecf8427e]
http://cdn-lg-cn.line-apps.com [404] [GET] [text/html] [Not Found on Accelerator] [ATS/6.2.0] [Apache Traffic Server] [2fa9c0f01f6a17b5f639fe1a3a126335]
http://censor.line-apps.com [404] [GET] [text/html] [] [nginx] [Nginx] [d41d8cd98f00b204e9800998ecf8427e]
http://domain-parking.line-apps.com [302] [GET] [text/html] [302 Found] [nginx/1.20.2] [Nginx] [cb8aa599ce6e2e45603b7bc9db63a3e9]
http://geo.line-apps.com [403] [GET] [text/html] [403 Forbidden] [nginx] [vhost] [Nginx] [4dec45889e09ec3ceb63fd65825d0f11]
http://growthy-sandbox-growthywebcollector-80.line-apps.com [404] [GET] [application/json] [] [nginx] [Nginx] [16b59d12c2cf251c0854647e7d84aceb]
http://growthy-staging-growthywebcollector-80.line-apps.com [404] [GET] [application/json] [] [nginx] [Nginx] [16b59d12c2cf251c0854647e7d84aceb]
http://home-official.line-apps.com [404] [GET] [] [] [] [Java,Spring] [d41d8cd98f00b204e9800998ecf8427e]
http://ldblog-userdomain-test-01.line-apps.com [403] [GET] [text/html] [403 Forbidden] [nginx] [Nginx] [4b074b0b59693fa9f94fb71b175fb187]
http://ldblog-userdomain-test-02.line-apps.com [403] [GET] [text/html] [403 Forbidden] [nginx] [Nginx] [4b074b0b59693fa9f94fb71b175fb187]
http://ldblog-userdomain-test-03.line-apps.com [403] [GET] [text/html] [403 Forbidden] [nginx] [Nginx] [4b074b0b59693fa9f94fb71b175fb187]
http://ldblog-userdomain-test-04.line-apps.com [403] [GET] [text/html] [403 Forbidden] [nginx] [Nginx] [4b074b0b59693fa9f94fb71b175fb187]
http://ldblog-userdomain-test-05.line-apps.com [403] [GET] [text/html] [403 Forbidden] [nginx] [Nginx] [4b074b0b59693fa9f94fb71b175fb187]
http://ldblog-userdomain-test-06.line-apps.com [403] [GET] [text/html] [403 Forbidden] [nginx] [Nginx] [4b074b0b59693fa9f94fb71b175fb187]
http://ldblog-userdomain-test-07.line-apps.com [403] [GET] [text/html] [403 Forbidden] [nginx] [Nginx] [4b074b0b59693fa9f94fb71b175fb187]
http://ldblog-userdomain-test-08.line-apps.com [403] [GET] [text/html] [403 Forbidden] [nginx] [Nginx] [4b074b0b59693fa9f94fb71b175fb187]
http://ldblog-userdomain-test-09.line-apps.com [403] [GET] [text/html] [403 Forbidden] [nginx] [Nginx] [4b074b0b59693fa9f94fb71b175fb187]
http://ldblog-userdomain-test-10.line-apps.com [403] [GET] [text/html] [403 Forbidden] [nginx] [Nginx] [4b074b0b59693fa9f94fb71b175fb187]
http://ldblog-userdomain-test-11.line-apps.com [403] [GET] [text/html] [403 Forbidden] [nginx] [Nginx] [4b074b0b59693fa9f94fb71b175fb187]
http://ldblog-userdomain-test-12.line-apps.com [403] [GET] [text/html] [403 Forbidden] [nginx] [Nginx] [4b074b0b59693fa9f94fb71b175fb187]
http://ldblog-userdomain-test-13.line-apps.com [403] [GET] [text/html] [403 Forbidden] [nginx] [Nginx] [9fe3cb2b7313dc79bb477bc8fde184a7]
http://ldblog-userdomain-test-14.line-apps.com [403] [GET] [text/html] [403 Forbidden] [nginx] [Nginx] [9fe3cb2b7313dc79bb477bc8fde184a7]
http://ldblog-userdomain-test-15.line-apps.com [403] [GET] [text/html] [403 Forbidden] [nginx] [Nginx] [9fe3cb2b7313dc79bb477bc8fde184a7]
http://ldblog-userdomain-test-16.line-apps.com [403] [GET] [text/html] [403 Forbidden] [nginx] [Nginx] [9fe3cb2b7313dc79bb477bc8fde184a7]
http://ldblog-userdomain-test-17.line-apps.com [403] [GET] [text/html] [403 Forbidden] [nginx] [Nginx] [9fe3cb2b7313dc79bb477bc8fde184a7]
http://ldblog-userdomain-test-18.line-apps.com [403] [GET] [text/html] [403 Forbidden] [nginx] [Nginx] [4b074b0b59693fa9f94fb71b175fb187]
http://ldblog-userdomain-test-20.line-apps.com [403] [GET] [text/html] [403 Forbidden] [nginx] [Nginx] [9fe3cb2b7313dc79bb477bc8fde184a7]
http://ldblog-userdomain-test-21.line-apps.com [403] [GET] [text/html] [403 Forbidden] [nginx] [Nginx] [4b074b0b59693fa9f94fb71b175fb187]
http://ldblog-userdomain-test-22.line-apps.com [403] [GET] [text/html] [403 Forbidden] [nginx] [Nginx] [4b074b0b59693fa9f94fb71b175fb187]
http://ldblog-userdomain-test-23.line-apps.com [403] [GET] [text/html] [403 Forbidden] [nginx] [Nginx] [9fe3cb2b7313dc79bb477bc8fde184a7]
http://ldblog-userdomain-test-24.line-apps.com [403] [GET] [text/html] [403 Forbidden] [nginx] [Nginx] [4b074b0b59693fa9f94fb71b175fb187]
http://ldblog-userdomain-test-25.line-apps.com [403] [GET] [text/html] [403 Forbidden] [nginx] [Nginx] [4b074b0b59693fa9f94fb71b175fb187]
http://ldblog-userdomain-test-26.line-apps.com [403] [GET] [text/html] [403 Forbidden] [nginx] [Nginx] [4b074b0b59693fa9f94fb71b175fb187]
http://ldblog-userdomain-test-27.line-apps.com [403] [GET] [text/html] [403 Forbidden] [nginx] [Nginx] [9fe3cb2b7313dc79bb477bc8fde184a7]
http://ldblog-userdomain-test-28.line-apps.com [403] [GET] [text/html] [403 Forbidden] [nginx] [Nginx] [9fe3cb2b7313dc79bb477bc8fde184a7]
http://ldblog-userdomain-test-29.line-apps.com [403] [GET] [text/html] [403 Forbidden] [nginx] [Nginx] [4b074b0b59693fa9f94fb71b175fb187]
http://ldblog-userdomain-test-31.line-apps.com [403] [GET] [text/html] [403 Forbidden] [nginx] [Nginx] [4b074b0b59693fa9f94fb71b175fb187]
http://ldblog-userdomain-test-32.line-apps.com [403] [GET] [text/html] [403 Forbidden] [nginx] [Nginx] [9fe3cb2b7313dc79bb477bc8fde184a7]
http://ldblog-userdomain-test-33.line-apps.com [403] [GET] [text/html] [403 Forbidden] [nginx] [Nginx] [9fe3cb2b7313dc79bb477bc8fde184a7]
http://ldblog-userdomain-test-34.line-apps.com [403] [GET] [text/html] [403 Forbidden] [nginx] [Nginx] [9fe3cb2b7313dc79bb477bc8fde184a7]
http://ldblog-userdomain-test-35.line-apps.com [403] [GET] [text/html] [403 Forbidden] [nginx] [Nginx] [4b074b0b59693fa9f94fb71b175fb187]
http://ldblog-userdomain-test-36.line-apps.com [403] [GET] [text/html] [403 Forbidden] [nginx] [Nginx] [4b074b0b59693fa9f94fb71b175fb187]
http://ldblog-userdomain-test-37.line-apps.com [403] [GET] [text/html] [403 Forbidden] [nginx] [Nginx] [4b074b0b59693fa9f94fb71b175fb187]
http://ldblog-userdomain-test-38.line-apps.com [403] [GET] [text/html] [403 Forbidden] [nginx] [Nginx] [9fe3cb2b7313dc79bb477bc8fde184a7]
http://ldblog-userdomain-test-39.line-apps.com [403] [GET] [text/html] [403 Forbidden] [nginx] [Nginx] [4b074b0b59693fa9f94fb71b175fb187]
http://ldblog-userdomain-test-40.line-apps.com [403] [GET] [text/html] [403 Forbidden] [nginx] [Nginx] [9fe3cb2b7313dc79bb477bc8fde184a7]
http://ldblog-userdomain-test-41.line-apps.com [403] [GET] [text/html] [403 Forbidden] [nginx] [Nginx] [4b074b0b59693fa9f94fb71b175fb187]
http://ldblog-userdomain-test-42.line-apps.com [403] [GET] [text/html] [403 Forbidden] [nginx] [Nginx] [4b074b0b59693fa9f94fb71b175fb187]
http://ldblog-userdomain-test-43.line-apps.com [403] [GET] [text/html] [403 Forbidden] [nginx] [Nginx] [4b074b0b59693fa9f94fb71b175fb187]
http://ldblog-userdomain-test-44.line-apps.com [403] [GET] [text/html] [403 Forbidden] [nginx] [Nginx] [4b074b0b59693fa9f94fb71b175fb187]
http://ldblog-userdomain-test-45.line-apps.com [403] [GET] [text/html] [403 Forbidden] [nginx] [Nginx] [4b074b0b59693fa9f94fb71b175fb187]
http://ldblog-userdomain-test-46.line-apps.com [403] [GET] [text/html] [403 Forbidden] [nginx] [Nginx] [9fe3cb2b7313dc79bb477bc8fde184a7]
http://lg-growthy-sdbx.line-apps.com [404] [GET] [application/json] [] [nginx] [Nginx] [16b59d12c2cf251c0854647e7d84aceb]
http://lg-growthy.line-apps.com [404] [GET] [application/json] [] [nginx] [Nginx] [16b59d12c2cf251c0854647e7d84aceb]
http://lg-internal-growthy-sdbx.line-apps.com [404] [GET] [application/json] [] [nginx] [Nginx] [16b59d12c2cf251c0854647e7d84aceb]
http://log1-amp.line-apps.com [403] [GET] [text/html] [403 Forbidden] [Apache] [Apache] [b64e9f4e30fc4c43eeaba6d24f7bd0bd]
http://obs-cn-rc.line-apps.com [403] [GET] [text/html] [TestPage184] [Beaver] [01aae160a864bd37e5d1778379cc169d]
http://obs-cn-rc.line-apps.com:8000 [200] [GET] [text/html] [Welcome to nginx!] [nginx/1.4.7] [Nginx] [e3eb0a1df437f3f97a64aca5952c8ea0]
http://payg-log.line-apps.com [404] [GET] [text/html] [] [] [3218cbbd69118d6976e91ebb8693de5f]
http://play-static-beta.line-apps.com [200] [GET] [text/html] [LINE プレイ] [Apache] [Apache] [baea4e0181d031315a1affe41afb18f1]
http://static-rangers.line-apps.com [404] [GET] [text/html] [404 Not Found] [Apache] [Apache] [05432f37c7eb3d39906b04c2671cbaac]
https://a-obs-th.line-apps.com [400] [GET] [] [] [] [vhost] [d41d8cd98f00b204e9800998ecf8427e]
https://ad-feedback.line-apps.com [200] [GET] [text/plain] [] [nginx] [Nginx] [d41d8cd98f00b204e9800998ecf8427e]
https://api-fact-checker.line-apps.com [200] [GET] [text/plain] [] [] [vhost] [444bcb3a3fcf8389296c49467f27e1d6]
https://api-mall.line-apps.com [200] [GET] [text/html] [エラー] [nginx] [Nginx] [51ad37447711dd26f07313b18f6a38c5]
https://api-mall.line-apps.com [200] [GET] [text/html] [エラー] [nginx] [Nginx] [7985fb47fbc29bccfcb423204e457ef6]
https://api-oaplus-mobile.line-apps.com [404] [GET] [] [] [envoy] [Envoy] [d41d8cd98f00b204e9800998ecf8427e]
https://b612-org.line-apps.com [404] [GET] [text/html] [404 Not Found] [nginx] [vhost] [Nginx] [70461da8b94c6ca5d2fda3260c5a8c3b]
https://baito-api.line-apps.com [404] [GET] [text/html] [404 Not Found] [] [370e16c3b7dba286cff055f93b9a94d8]
https://baito.line-apps.com [301] [GET] [text/html] [301 Moved Permanently] [] [vhost] [4f8e702cc244ec5d4de32740c0ecbd97]
https://bbs-play.line-apps.com [401] [GET] [text/html] [401 Unauthorized] [nginx] [vhost] [Nginx] [721fbfd1129ac225e59088e439150211]
https://birthday-gift-liff-api.line-apps.com [200] [GET] [text/html] [おすすめのギフト] [custom] [d6f2970864774daa1b707725d13a4790]
https://blockchain-org.line-apps.com [403] [GET] [text/html] [403 Forbidden] [Apache] [vhost] [Apache] [61e916e29e33098f30e3e35dd7b07155]
https://blockchain2-org.line-apps.com [200] [GET] [text/html] [LINE Blockchain] [Apache] [vhost] [Apache,MySQL,PHP,WordPress,Yoast SEO Premium] [81cf59310372ce1da0c03ac1e1b16b2f]
https://blockchain2-org.line-apps.com [200] [GET] [text/html] [LINE Blockchain] [Apache] [vhost] [Apache,MySQL,PHP,WordPress,Yoast SEO Premium] [f1dcf70c8370830b645d287f06514614]
https://blog-api.line-apps.com [404] [GET] [text/plain] [] [nginx] [Nginx] [9d1ead73e678fa2f51a70a933b0bf017]
https://blog-internal-api.line-apps.com [404] [GET] [text/plain] [] [nginx] [Nginx] [9d1ead73e678fa2f51a70a933b0bf017]
https://blog-liff.line-apps.com [404] [GET] [text/html] [LINE BLOG] [nginx] [vhost] [Nginx] [fcf054320194832d00b23b7cba72acee]
https://blog-webui.line-apps.com [404] [GET] [text/plain] [] [nginx] [Nginx] [9d1ead73e678fa2f51a70a933b0bf017]
https://blog.line-apps.com [404] [GET] [] [] [nginx] [vhost] [Nginx] [d41d8cd98f00b204e9800998ecf8427e]
https://bot-stickershop.line-apps.com [404] [GET] [text/plain] [] [custom] [vhost] [1e6cd917ed71a1241e4bedc29264bd98]
https://bubbles2.line-apps.com [400] [GET] [application/json] [] [nginx] [Nginx] [149e3ec843648215824f33e5bfa8a7bd]
https://bubbles2.line-apps.com [400] [GET] [application/json] [] [nginx] [Nginx] [b06fb9e0e94516a957474074ff96ecf1]
https://buy-tw-ec.line-apps.com [403] [GET] [text/html] [403 Forbidden] [nginx] [Nginx] [4dec45889e09ec3ceb63fd65825d0f11]
https://c-obs-th.line-apps.com [400] [GET] [] [] [] [vhost] [d41d8cd98f00b204e9800998ecf8427e]
https://cast-chat-104.line-apps.com [200] [GET] [text/html] [Welcome to nginx!] [nginx] [Nginx] [e3eb0a1df437f3f97a64aca5952c8ea0]
https://cast-chat-105.line-apps.com [200] [GET] [text/html] [Welcome to nginx!] [nginx] [Nginx] [e3eb0a1df437f3f97a64aca5952c8ea0]
https://cast-chat-106.line-apps.com [200] [GET] [text/html] [Welcome to nginx!] [nginx] [Nginx] [e3eb0a1df437f3f97a64aca5952c8ea0]
https://cast-chat-107.line-apps.com [200] [GET] [text/html] [Welcome to nginx!] [nginx] [Nginx] [e3eb0a1df437f3f97a64aca5952c8ea0]
https://cast-chat-108.line-apps.com [200] [GET] [text/html] [Welcome to nginx!] [nginx] [Nginx] [e3eb0a1df437f3f97a64aca5952c8ea0]
https://cast-chat-109.line-apps.com [200] [GET] [text/html] [Welcome to nginx!] [nginx] [Nginx] [e3eb0a1df437f3f97a64aca5952c8ea0]
https://cast-chat-110.line-apps.com [200] [GET] [text/html] [Welcome to nginx!] [nginx] [Nginx] [e3eb0a1df437f3f97a64aca5952c8ea0]
https://cast-chat-111.line-apps.com [200] [GET] [text/html] [Welcome to nginx!] [nginx] [Nginx] [e3eb0a1df437f3f97a64aca5952c8ea0]
https://cast-chat-112.line-apps.com [200] [GET] [text/html] [Welcome to nginx!] [nginx] [Nginx] [e3eb0a1df437f3f97a64aca5952c8ea0]
https://cast-chat-113.line-apps.com [200] [GET] [text/html] [Welcome to nginx!] [nginx] [Nginx] [e3eb0a1df437f3f97a64aca5952c8ea0]
https://cast-chat-114.line-apps.com [200] [GET] [text/html] [Welcome to nginx!] [nginx] [Nginx] [e3eb0a1df437f3f97a64aca5952c8ea0]
https://cast-chat-115.line-apps.com [200] [GET] [text/html] [Welcome to nginx!] [nginx] [Nginx] [e3eb0a1df437f3f97a64aca5952c8ea0]
https://cast-chat-118.line-apps.com [200] [GET] [text/html] [Welcome to nginx!] [nginx] [Nginx] [e3eb0a1df437f3f97a64aca5952c8ea0]
https://cast-chat-119.line-apps.com [200] [GET] [text/html] [Welcome to nginx!] [nginx] [Nginx] [e3eb0a1df437f3f97a64aca5952c8ea0]
https://cast-chat-121.line-apps.com [200] [GET] [text/html] [Welcome to nginx!] [nginx] [Nginx] [e3eb0a1df437f3f97a64aca5952c8ea0]
https://cast-chat-123.line-apps.com [200] [GET] [text/html] [Welcome to nginx!] [nginx] [Nginx] [e3eb0a1df437f3f97a64aca5952c8ea0]
https://cast-chat-125.line-apps.com [200] [GET] [text/html] [Welcome to nginx!] [nginx] [Nginx] [e3eb0a1df437f3f97a64aca5952c8ea0]
https://cast-chat-126.line-apps.com [200] [GET] [text/html] [Welcome to nginx!] [nginx] [Nginx] [e3eb0a1df437f3f97a64aca5952c8ea0]
https://cast-chat-127.line-apps.com [200] [GET] [text/html] [Welcome to nginx!] [nginx] [Nginx] [e3eb0a1df437f3f97a64aca5952c8ea0]
https://cast-chat-129.line-apps.com [200] [GET] [text/html] [Welcome to nginx!] [nginx] [Nginx] [e3eb0a1df437f3f97a64aca5952c8ea0]
https://cast-chat-131.line-apps.com [200] [GET] [text/html] [Welcome to nginx!] [nginx] [Nginx] [e3eb0a1df437f3f97a64aca5952c8ea0]
https://cast-chat-132.line-apps.com [200] [GET] [text/html] [Welcome to nginx!] [nginx] [Nginx] [e3eb0a1df437f3f97a64aca5952c8ea0]
https://cast-chat-133.line-apps.com [200] [GET] [text/html] [Welcome to nginx!] [nginx] [Nginx] [e3eb0a1df437f3f97a64aca5952c8ea0]
https://cast-chat-134.line-apps.com [200] [GET] [text/html] [] [nginx] [Nginx] [d41d8cd98f00b204e9800998ecf8427e]
https://cast-chat-137.line-apps.com [200] [GET] [text/html] [] [nginx] [Nginx] [d41d8cd98f00b204e9800998ecf8427e]
https://cast-chat-138.line-apps.com [200] [GET] [text/html] [] [nginx] [Nginx] [d41d8cd98f00b204e9800998ecf8427e]
https://cast-chat-139.line-apps.com [200] [GET] [text/html] [] [nginx] [Nginx] [d41d8cd98f00b204e9800998ecf8427e]
https://cast-chat-140.line-apps.com [200] [GET] [text/html] [] [nginx] [Nginx] [d41d8cd98f00b204e9800998ecf8427e]
https://cast-chat-141.line-apps.com [200] [GET] [text/html] [] [nginx] [Nginx] [d41d8cd98f00b204e9800998ecf8427e]
https://cast-chat-142.line-apps.com [200] [GET] [text/html] [] [nginx] [Nginx] [d41d8cd98f00b204e9800998ecf8427e]
https://cast-chat-143.line-apps.com [200] [GET] [text/html] [] [nginx] [Nginx] [d41d8cd98f00b204e9800998ecf8427e]
https://cast-chat-145.line-apps.com [200] [GET] [text/html] [] [nginx] [Nginx] [d41d8cd98f00b204e9800998ecf8427e]
https://cast-chat-146.line-apps.com [200] [GET] [text/html] [] [nginx] [Nginx] [d41d8cd98f00b204e9800998ecf8427e]
https://cast-chat-151.line-apps.com [200] [GET] [text/html] [] [nginx] [Nginx] [d41d8cd98f00b204e9800998ecf8427e]
https://cast-chat-152.line-apps.com [200] [GET] [text/html] [] [nginx] [Nginx] [d41d8cd98f00b204e9800998ecf8427e]
https://cast-chat-153.line-apps.com [200] [GET] [text/html] [] [nginx] [Nginx] [d41d8cd98f00b204e9800998ecf8427e]
https://cast-chat-157.line-apps.com [200] [GET] [text/html] [] [nginx] [Nginx] [d41d8cd98f00b204e9800998ecf8427e]
https://cast-chat-158.line-apps.com [200] [GET] [text/html] [] [nginx] [Nginx] [d41d8cd98f00b204e9800998ecf8427e]
https://cast-chat-160.line-apps.com [200] [GET] [text/html] [] [nginx] [Nginx] [d41d8cd98f00b204e9800998ecf8427e]
https://cast-chat-161.line-apps.com [200] [GET] [text/html] [] [nginx] [Nginx] [d41d8cd98f00b204e9800998ecf8427e]
https://cast-chat-162.line-apps.com [200] [GET] [text/html] [] [nginx] [Nginx] [d41d8cd98f00b204e9800998ecf8427e]
https://cast-chat-164.line-apps.com [200] [GET] [text/html] [] [nginx] [Nginx] [d41d8cd98f00b204e9800998ecf8427e]
https://cast-chat-165.line-apps.com [200] [GET] [text/html] [] [nginx] [Nginx] [d41d8cd98f00b204e9800998ecf8427e]
https://cast-chat-166.line-apps.com [200] [GET] [text/html] [] [nginx] [Nginx] [d41d8cd98f00b204e9800998ecf8427e]
https://cast-chat-169.line-apps.com [200] [GET] [text/html] [] [nginx] [Nginx] [d41d8cd98f00b204e9800998ecf8427e]
https://cast-chat-177.line-apps.com [200] [GET] [text/html] [] [nginx] [Nginx] [d41d8cd98f00b204e9800998ecf8427e]
https://cast-chat-179.line-apps.com [200] [GET] [text/html] [] [nginx] [Nginx] [d41d8cd98f00b204e9800998ecf8427e]
https://cast-chat-188.line-apps.com [200] [GET] [text/html] [] [nginx] [Nginx] [d41d8cd98f00b204e9800998ecf8427e]
https://cast-chat-194.line-apps.com [200] [GET] [text/html] [] [nginx] [Nginx] [d41d8cd98f00b204e9800998ecf8427e]
https://cast-chat-195.line-apps.com [200] [GET] [text/html] [] [nginx] [Nginx] [d41d8cd98f00b204e9800998ecf8427e]
https://cast-chat-198.line-apps.com [200] [GET] [text/html] [] [nginx] [Nginx] [d41d8cd98f00b204e9800998ecf8427e]
https://cast-chat-207.line-apps.com [200] [GET] [text/html] [] [nginx] [Nginx] [d41d8cd98f00b204e9800998ecf8427e]
https://cast-chat-212.line-apps.com [200] [GET] [text/html] [] [nginx] [Nginx] [d41d8cd98f00b204e9800998ecf8427e]
https://cast-chat-216.line-apps.com [200] [GET] [text/html] [] [nginx] [Nginx] [d41d8cd98f00b204e9800998ecf8427e]
https://cast-chat-api.line-apps.com [200] [GET] [application/json] [] [nginx] [Nginx] [598785fe0a51fd94ebcd562f7eedd137]
https://cast-chat-sg-v-001.line-apps.com [200] [GET] [text/html] [] [nginx] [Nginx] [d41d8cd98f00b204e9800998ecf8427e]
https://cast-chat-sg-v-002.line-apps.com [200] [GET] [text/html] [] [nginx] [Nginx] [d41d8cd98f00b204e9800998ecf8427e]
https://cast-chat-sg-v-003.line-apps.com [200] [GET] [text/html] [] [nginx] [Nginx] [d41d8cd98f00b204e9800998ecf8427e]
https://cast-chat-sg-v-004.line-apps.com [200] [GET] [text/html] [] [nginx] [Nginx] [d41d8cd98f00b204e9800998ecf8427e]
https://cast-chat-sg-v-005.line-apps.com [200] [GET] [text/html] [] [nginx] [Nginx] [d41d8cd98f00b204e9800998ecf8427e]
https://categoryweb.line-apps.com [200] [GET] [text/html] [LINE Game Category] [nginx] [Nginx] [fbe73f3d7069861e34f64a9c35831cee]
https://ccd-proxy-pay.line-apps.com [404] [GET] [text/html] [404 Not Found] [nginx] [Nginx] [8e325dc2fea7c8900fc6c4b8c6c394fe]
https://cdn-lg.line-apps.com [200] [GET] [text/html] [] [Apache] [vhost] [Apache] [d41d8cd98f00b204e9800998ecf8427e]
https://cdn-obs-beta.line-apps.com [400] [GET] [] [] [lisa] [vhost] [d41d8cd98f00b204e9800998ecf8427e]
https://cdn-obs-rc.line-apps.com [400] [GET] [] [] [lisa] [vhost] [d41d8cd98f00b204e9800998ecf8427e]
https://cdn-obs.line-apps.com [400] [GET] [] [] [lisa] [vhost] [d41d8cd98f00b204e9800998ecf8427e]
https://cdn-stf.line-apps.com [200] [GET] [text/html] [] [nginx] [vhost] [Nginx] [d41d8cd98f00b204e9800998ecf8427e]
https://cdn-stickershop.line-apps.com [404] [GET] [text/plain] [] [custom] [vhost] [1e6cd917ed71a1241e4bedc29264bd98]
https://cdn.line-apps.com [403] [GET] [text/html] [403 Forbidden] [nginx] [vhost] [Nginx] [4dec45889e09ec3ceb63fd65825d0f11]
https://cdn2-obs.line-apps.com [400] [GET] [] [] [] [vhost] [d41d8cd98f00b204e9800998ecf8427e]
https://ch-news-beta.line-apps.com [200] [GET] [text/html] [LINE NEWS] [nginx] [vhost] [Nginx] [76f2b665180c5dd1d90100d26e7e32b9]
https://ch-news-cf.line-apps.com [403] [GET] [text/html] [ERROR: The request could not be satisfied] [CloudFront] [cloudfront] [Amazon Cloudfront,Amazon Web Services] [4f90b259b6dac5eb4a49e3b18b537f2b]
https://ch-news-cf.line-apps.com [403] [GET] [text/html] [ERROR: The request could not be satisfied] [CloudFront] [cloudfront] [Amazon Cloudfront,Amazon Web Services] [87b57869a5c708db93f39511f143512a]
https://ch-news.line-apps.com [200] [GET] [text/html] [LINE NEWS] [nginx] [vhost] [Nginx] [78fd340ff034d4ecba17f33ed37720f3]
https://channel-mall.line-apps.com [401] [GET] [application/json] [] [nginx] [vhost] [Nginx] [0e147864253698e65793f37a3c61d9e8]
https://channel-mall.line-apps.com [401] [GET] [application/json] [] [nginx] [vhost] [Nginx] [fed80b9316046db67fea1c4a4247b648]
https://channel-schedule.line-apps.com [200] [GET] [text/html] [LINE] [nginx] [Nginx] [6801d5275665bf7e96f0fb6d1433877e]
https://child-keygen-alpha.line-apps.com [404] [GET] [application/json] [] [nginx] [Nginx] [a0d439ca884042198ebfc2bac216108d]
https://child-keygen-sdbx.line-apps.com [404] [GET] [application/json] [] [nginx] [Nginx] [a0d439ca884042198ebfc2bac216108d]
https://child-keygen.line-apps.com [200] [GET] [text/html] [Welcome to nginx!] [nginx] [Nginx] [e3eb0a1df437f3f97a64aca5952c8ea0]
https://ci.line-apps.com [404] [GET] [] [] [legy] [d41d8cd98f00b204e9800998ecf8427e]
https://cix.line-apps.com [404] [GET] [] [] [legy] [d41d8cd98f00b204e9800998ecf8427e]
https://clova-authgw.line-apps.com [403] [GET] [text/plain] [] [nginx] [Nginx] [086d9069069ed62de536cbd4f326d0a9]
https://clova-cic.line-apps.com [505] [GET] [text/plain] [] [] [700433d706e4b232a0314dc1bb62f6fe]
https://clova-dock-api.line-apps.com [404] [GET] [application/json] [] [nginx] [vhost] [Nginx] [ab6ea6002ce0443dfa0d17bcd8efb1b6]
https://clova-lm-px.line-apps.com [403] [GET] [text/html] [403 Forbidden] [nginx] [vhost] [Nginx] [4dec45889e09ec3ceb63fd65825d0f11]
https://clova-lm-px.line-apps.com [403] [GET] [text/html] [403 Forbidden] [nginx] [vhost] [Nginx] [bc56979a0b381a791dd59713198a87fb]
https://clova-mycommand.line-apps.com [401] [GET] [text/plain] [] [nginx] [Nginx] [66369fcc31756ad821c43d5cbaa273a5]
https://clova-search-guide-webview.line-apps.com [400] [GET] [text/plain] [] [nginx] [vhost] [Nginx] [777f9e90cf251ec077f633406368c632]
https://clova-wavegw.line-apps.com [200] [GET] [text/html] [] [nginx] [Nginx] [d41d8cd98f00b204e9800998ecf8427e]
https://cnts-pay.line-apps.com [302] [GET] [text/html] [302 Found] [nginx] [Nginx] [aff950cab4c0265e21d401db15f1026d]
https://coupon.line-apps.com [404] [GET] [text/html] [Page Not Found] [nginx] [vhost] [Nginx] [6ec46f1bc86c8f942742a2752d2f21ca]
https://creator.line-apps.com [401] [GET] [application/json] [] [nginx/1.19.2] [vhost] [Nginx] [99391111effaa0ad45e146714025302c]
https://cwa-front.line-apps.com [404] [GET] [application/json] [] [nginx] [vhost] [Nginx] [ac7215c1154837547f783224f9e08cae]
https://cwa-front.line-apps.com [404] [GET] [application/json] [] [nginx] [vhost] [Nginx] [b32b9e499bc2ca492e81f43d8f4972b8]
https://cyber-bousai-origin.line-apps.com [200] [GET] [text/html] [サイバー防災] [Apache] [vhost] [Apache] [3d8b83eafd83027aa2203faddc29e156]
https://cyber-bousai-origin.line-apps.com [302] [GET] [text/html] [302 Found] [Apache] [vhost] [Apache] [add1c1dab4824432c7e3e2261c090d6f]
https://data-sync.line-apps.com [404] [GET] [text/plain] [] [] [vhost] [53af239ee5d3e261545dededcb6ffd57]
https://design-org.line-apps.com [200] [GET] [text/html] [LINE Brand Website] [Apache] [Apache,Elementor,Font Awesome,Google Font API,MySQL,PHP,WordPress] [282831836709d53e22cc5a24133e7349]
https://dev-gb-vod-linetv.line-apps.com [200] [GET] [text/html] [Welcome to nginx!] [nginx] [vhost] [Nginx] [e3eb0a1df437f3f97a64aca5952c8ea0]
https://ec-bot-ingress-public.line-apps.com [404] [GET] [text/plain] [] [] [595e88012a6521aae3e12cbebe76eb9e]
https://ec-bot-sharer.line-apps.com [200] [GET] [text/plain] [] [] [vhost] [444bcb3a3fcf8389296c49467f27e1d6]
https://ec-bot-web.line-apps.com [200] [GET] [text/html] [] [] [vhost] [1e6cd917ed71a1241e4bedc29264bd98]
https://ecac-ingress-public.line-apps.com [404] [GET] [text/plain] [] [] [595e88012a6521aae3e12cbebe76eb9e]
https://ect-mall-api.line-apps.com [404] [GET] [text/plain] [] [envoy] [vhost] [Envoy] [53af239ee5d3e261545dededcb6ffd57]
https://engineering-org.line-apps.com [302] [GET] [text/html] [] [Apache] [vhost] [Apache,PHP] [d41d8cd98f00b204e9800998ecf8427e]
https://eticket.line-apps.com [404] [GET] [text/plain] [] [nginx] [Nginx] [1e6cd917ed71a1241e4bedc29264bd98]
https://fackchecker-vks-ingress-public.line-apps.com [404] [GET] [text/plain] [] [] [595e88012a6521aae3e12cbebe76eb9e]
https://fido-rp-pay.line-apps.com [404] [GET] [application/json] [] [nginx] [Nginx] [54d6af696079d99d57d48abec80190dd]
https://foodie-api.line-apps.com [200] [GET] [] [] [nginx] [Nginx] [e55a1a47f72e0cc0b9bf8a50ee1fc0ce]
https://foodie-org.line-apps.com [200] [GET] [text/html] [Foodie] [nginx] [Java,Nginx] [d9ecd0e795b08f641ce832eeabfa8dd1]
https://fortune-app-api.line-apps.com [403] [GET] [application/json] [] [nginx] [Nginx] [128d7da8bbccd86ddee7df391949f6b5]
https://fortune-liff.line-apps.com [200] [GET] [text/html] [LINEトーク占い] [nginx] [Nginx,Node.js,Nuxt.js,Vue.js] [60333bb145542125dae01224e530cbfc]
https://freecoins.line-apps.com [404] [GET] [text/plain] [] [nginx] [Nginx] [9d1ead73e678fa2f51a70a933b0bf017]
https://fweb-id-pay.line-apps.com [302] [GET] [text/html] [302 Found] [nginx] [Nginx] [cfbeaf604823f038b8b46f0ac862b98c]
https://game-api-sdbx.line-apps.com [503] [GET] [text/html] [] [] [ff4ed829ffd04e9c6095842b07d11f09]
https://game-api-staging.line-apps.com [503] [GET] [text/html] [] [] [ff4ed829ffd04e9c6095842b07d11f09]
https://gp-web-pay.line-apps.com [302] [GET] [] [] [nginx] [Nginx] [d41d8cd98f00b204e9800998ecf8427e]
https://growthy-sandbox-growthywebcollector-80.line-apps.com [404] [GET] [application/json] [] [nginx] [Nginx] [16b59d12c2cf251c0854647e7d84aceb]
https://growthy-staging-growthywebcollector-80.line-apps.com [404] [GET] [application/json] [] [nginx] [Nginx] [16b59d12c2cf251c0854647e7d84aceb]
https://hap-kr.line-apps.com [503] [GET] [text/html] [] [] [ff4ed829ffd04e9c6095842b07d11f09]
https://hap-sg.line-apps.com [503] [GET] [text/html] [] [] [ff4ed829ffd04e9c6095842b07d11f09]
https://hap-sg.line-apps.com:10180 [200] [GET] [text/html] [LINEGAME Chat Sample] [nginx] [Nginx] [a5262cc42a7bcfb4c6a0c49c79d1b2be]
https://hap-staging.line-apps.com [503] [GET] [text/html] [] [] [ff4ed829ffd04e9c6095842b07d11f09]
https://hap-us.line-apps.com [503] [GET] [text/html] [] [] [ff4ed829ffd04e9c6095842b07d11f09]
https://hap-us.line-apps.com:10180 [200] [GET] [text/html] [LINEGAME Chat Sample] [nginx] [Nginx] [be701aa073fa8b34ba95a35c0247829d]
https://hap.g.line-apps.com [503] [GET] [text/html] [] [] [ff4ed829ffd04e9c6095842b07d11f09]
https://hap.g.line-apps.com:10180 [200] [GET] [text/html] [LINEGAME Chat Sample] [nginx] [Nginx] [11a531e67580a522aa7939872b981e3f]
https://hap.line-apps.com [503] [GET] [text/html] [] [] [ff4ed829ffd04e9c6095842b07d11f09]
https://hap.line-apps.com:10180 [200] [GET] [text/html] [LINEGAME Chat Sample] [nginx] [Nginx] [4854dcd5b10e29fe06e37258a2c4873e]
https://healthcare.line-apps.com [200] [GET] [text/html] [﻿] [nginx] [Nginx] [461049bb08080f86c193e2ca4ab8f7a7]
https://img-api-jp-linemusic.line-apps.com [404] [GET] [text/html] [] [nginx] [Nginx] [c51f261f1b9b123ddfc4a54cfd16cc8e]
https://img-pay.line-apps.com [302] [GET] [text/html] [302 Found] [nginx] [Nginx] [aff950cab4c0265e21d401db15f1026d]
https://inlinelive-api.line-apps.com [404] [GET] [application/json] [] [nginx] [Nginx] [29b6ecbe7722f975b2ce20da56a31c72]
https://inlinelive-burst-api.line-apps.com [404] [GET] [application/json] [] [nginx] [Nginx] [29b6ecbe7722f975b2ce20da56a31c72]
https://inlinelive-chat-api.line-apps.com [200] [GET] [application/json] [] [nginx] [Nginx] [598785fe0a51fd94ebcd562f7eedd137]
https://inlinelive-trivia-api.line-apps.com [200] [GET] [text/html] [LINE LIVE] [nginx] [Nginx] [e4f252eb9d8a8c93f3d70d03a036c02b]
https://insurance.line-apps.com [200] [GET] [text/html] [LINE Insurance] [nginx] [Nginx] [2e82e0f3d7205b70afc1088c1cfb4caa]
https://j-obs-th.line-apps.com [400] [GET] [] [] [] [vhost] [d41d8cd98f00b204e9800998ecf8427e]
https://jrr.line-apps.com [200] [GET] [text/html] [LINE グルメ予約] [] [vhost] [Amazon Cloudfront,Amazon Web Services] [045f2919c943d50038a8bd4a8be63762]
https://lanimg-beta.line-apps.com [200] [GET] [text/html] [NAVER Japan Super POM Sample Project] [nginx] [Java,Nginx] [18b600fbc9d7965e6b95d119285b9297]
https://lanimg-beta.line-apps.com [200] [GET] [text/html] [NAVER Japan Super POM Sample Project] [nginx] [vhost] [Java,Nginx] [18b600fbc9d7965e6b95d119285b9297]
https://lanimg.line-apps.com [403] [GET] [text/html] [403 Forbidden] [nginx] [Nginx] [4dec45889e09ec3ceb63fd65825d0f11]
https://lanimg.line-apps.com [403] [GET] [text/html] [403 Forbidden] [nginx] [Nginx] [bc56979a0b381a791dd59713198a87fb]
https://lb3-api.line-apps.com [404] [GET] [] [] [nginx] [Nginx] [d41d8cd98f00b204e9800998ecf8427e]
https://lb3k-api.line-apps.com [404] [GET] [] [] [nginx] [Nginx] [d41d8cd98f00b204e9800998ecf8427e]
https://ldblog-image-cdn.line-apps.com [403] [GET] [text/html] [403 Forbidden] [nginx] [vhost] [cloudfront] [Amazon Cloudfront,Amazon Web Services,Nginx] [9fe3cb2b7313dc79bb477bc8fde184a7]
https://ldblog-parts-cdn.line-apps.com [301] [GET] [text/html] [301 Moved Permanently] [nginx] [vhost] [cloudfront] [Amazon Cloudfront,Amazon Web Services,Nginx] [4f8e702cc244ec5d4de32740c0ecbd97]
https://ldblog-parts-origin.line-apps.com [301] [GET] [text/html] [301 Moved Permanently] [nginx] [Nginx] [4f8e702cc244ec5d4de32740c0ecbd97]
https://lg-borne-ppp.line-apps.com [200] [GET] [text/html] [] [Apache/2.2.15 (CentOS)] [vhost] [Apache,CentOS] [d36f8f9425c4a8000ad9c4a97185aca5]
https://lg-borne.line-apps.com [503] [GET] [text/html] [] [] [ff4ed829ffd04e9c6095842b07d11f09]
https://lg-config-sdbx.line-apps.com [501] [GET] [application/json] [] [] [vhost] [fd99f8ccde973732638e8a0806a26d3f]
https://lg-config-staging.line-apps.com [501] [GET] [application/json] [] [] [vhost] [fd99f8ccde973732638e8a0806a26d3f]
https://lg-config.line-apps.com [501] [GET] [application/json] [] [nginx] [Nginx] [280d4b3bfd86a34237d1fdcc7905fc81]
https://lg-push-web.line-apps.com [404] [GET] [] [] [nginx] [Nginx] [d41d8cd98f00b204e9800998ecf8427e]
https://lg-scdn.line-apps.com [200] [GET] [text/html] [] [Apache] [vhost] [Apache] [d41d8cd98f00b204e9800998ecf8427e]
https://lgw-cdn-origin.line-apps.com [200] [GET] [text/html] [Welcome to nginx!] [nginx] [Nginx] [e3eb0a1df437f3f97a64aca5952c8ea0]
https://line-bot-cms-app-web.line-apps.com [404] [GET] [application/json] [] [nginx] [Nginx] [7915546530e1f8bfdeca62b92d905e62]
https://linebrain-webchat-ui.line-apps.com [200] [GET] [text/html] [] [nginx/1.16.1] [Nginx] [de5dd18f7d3de57e56538ee3e6a22daa]
https://linechef-api.line-apps.com [400] [GET] [] [] [nginx] [Nginx] [d41d8cd98f00b204e9800998ecf8427e]
https://lineman.line-apps.com [200] [GET] [text/plain] [] [envoy] [vhost] [Envoy] [dd8a3ee46730bc40d8b502afbce5b03a]
https://linetvl-utm-bundle-api.line-apps.com [404] [GET] [text/plain] [] [] [595e88012a6521aae3e12cbebe76eb9e]
https://litmus.line-apps.com [503] [GET] [text/html] [Service Unavailable - Fail to connect] [AkamaiGHost] [vhost] [4ae15e0c694029dae7002f716e2d9bc4]
https://litmus.line-apps.com [503] [GET] [text/html] [Service Unavailable - Fail to connect] [AkamaiGHost] [vhost] [a13ac36bcf81c2138a42bc3c9d44e861]
https://live-api-jp.line-apps.com [404] [GET] [application/json] [] [nginx] [Nginx] [29b6ecbe7722f975b2ce20da56a31c72]
https://live-api-sg.line-apps.com [404] [GET] [application/json] [] [nginx] [Nginx] [29b6ecbe7722f975b2ce20da56a31c72]
https://live-burst-api-jp.line-apps.com [404] [GET] [application/json] [] [nginx] [Nginx] [29b6ecbe7722f975b2ce20da56a31c72]
https://live-burst-api-sg.line-apps.com [404] [GET] [application/json] [] [nginx] [Nginx] [29b6ecbe7722f975b2ce20da56a31c72]
https://live-burst-api.line-apps.com [404] [GET] [application/json] [] [nginx] [Nginx] [29b6ecbe7722f975b2ce20da56a31c72]
https://livedoor-blogreader.line-apps.com [200] [GET] [text/html] [BLOG READER] [nginx] [Nginx] [aea7968b211582c735ea072b92755c0f]
https://lm-liff.line-apps.com [200] [GET] [text/html] [LINE MAN] [envoy] [vhost] [Envoy] [477d058ac8e2ed60186f9b6b0e1958c1]
https://lm-partner-uob.line-apps.com [401] [GET] [application/json] [] [envoy] [vhost] [Envoy] [6beba43f75111faeb2f4f15e3063e515]
https://lm-reward.line-apps.com [404] [GET] [] [] [envoy] [Envoy] [d41d8cd98f00b204e9800998ecf8427e]
https://looks-api.line-apps.com [200] [GET] [text/html] [LOOKS] [nginx] [Java,Nginx] [918763662f295bcee37ff75d1d3d7598]
https://looks-api.line-apps.com [200] [GET] [text/html] [LOOKS] [nginx] [Java,Nginx] [96fa39a900c81939f213abe4184ac5d6]
https://looks-org.line-apps.com [200] [GET] [text/html] [LOOKS] [nginx] [Java,Nginx] [96fa39a900c81939f213abe4184ac5d6]
https://loves-outlets.line-apps.com [404] [GET] [text/plain] [] [] [595e88012a6521aae3e12cbebe76eb9e]
https://lss-org.line-apps.com [403] [GET] [] [] [] [d41d8cd98f00b204e9800998ecf8427e]
https://lssapi.line-apps.com [404] [GET] [text/html] [Apache Tomcat/7.0.56 - Error report] [Apache-Coyote/1.1] [Apache Tomcat,Java] [75b7da0acdae1875787b8d4090199cde]
https://man-api.line-apps.com [200] [GET] [text/plain] [] [envoy] [vhost] [Envoy] [dd8a3ee46730bc40d8b502afbce5b03a]
https://man-driver.line-apps.com [401] [GET] [application/json] [] [envoy] [vhost] [Envoy] [a599c12e663fc9197db37cb77b270a76]
https://man-map.line-apps.com [401] [GET] [application/json] [] [envoy] [vhost] [Envoy] [a599c12e663fc9197db37cb77b270a76]
https://man-org.line-apps.com [200] [GET] [text/html] [LINE MAN Launcher] [envoy] [vhost] [Envoy] [b8c3b921140d4a22d29f8cdb24d04936]
https://man-taxi-api.line-apps.com [401] [GET] [application/json] [] [envoy] [vhost] [Envoy] [a599c12e663fc9197db37cb77b270a76]
https://manga-api.line-apps.com [403] [GET] [text/html] [403 Forbidden] [nginx] [Nginx] [4b074b0b59693fa9f94fb71b175fb187]
https://manga-channel-web-api.line-apps.com [403] [GET] [application/json] [] [nginx] [Nginx] [32ce42c413a7d3b064c95c7b1cc3fb86]
https://manga-channel-web-api.line-apps.com [403] [GET] [application/json] [] [nginx] [Nginx] [3fdd6602cc1350e1bc7ea57cdb9610c0]
https://manga-profile-api.line-apps.com [403] [GET] [text/html] [403 Forbidden] [nginx] [Nginx] [4b074b0b59693fa9f94fb71b175fb187]
https://movie-web-th.line-apps.com [404] [GET] [text/html] [HTTP Status 404 – Not Found] [nginx] [Nginx] [01f600316c9a9cb4d2e6de2f2fbb42c6]
https://music-jp-api.line-apps.com [204] [GET] [] [] [nginx] [Nginx] [d41d8cd98f00b204e9800998ecf8427e]
https://music-jp-billing.line-apps.com [204] [GET] [] [] [nginx] [Nginx] [d41d8cd98f00b204e9800998ecf8427e]
https://music-jp-coupon.line-apps.com [204] [GET] [] [] [nginx] [Nginx] [d41d8cd98f00b204e9800998ecf8427e]
https://music-jp-dn.line-apps.com [403] [GET] [text/html] [] [] [vhost] [095afbf2f1f0e5be678f5dac5c54e717]
https://music-jp-sgproxy.line-apps.com [204] [GET] [] [] [nginx] [Nginx] [d41d8cd98f00b204e9800998ecf8427e]
https://music-nile.line-apps.com [403] [GET] [application/json] [] [nginx] [vhost] [Nginx] [128113fcdce3f53b73f34940ab6f11ad]
https://music-tw-img.line-apps.com [403] [GET] [text/html] [LINE MUSIC - Error] [] [1895747d598f51815cebfedfc0ed7e3f]
https://music-tw-vks-ingress-public.line-apps.com [404] [GET] [text/plain] [] [] [595e88012a6521aae3e12cbebe76eb9e]
https://my-inquiry.line-apps.com [200] [GET] [text/html] [My Inquiry - LINE Customer Support] [nginx] [Nginx] [b6d58e76c8fb644ab573f9606077be9b]
https://mycard-web-th.line-apps.com [404] [GET] [application/json] [] [nginx] [vhost] [Java,Nginx] [92fc0601846a602e6899f7be2336a980]
https://ndrive.linecorp.com.gtm.line-apps.com [302] [GET] [] [] [nginx] [Nginx] [d41d8cd98f00b204e9800998ecf8427e]
https://now-ingress-public.line-apps.com [404] [GET] [text/plain] [] [] [595e88012a6521aae3e12cbebe76eb9e]
https://oa-research-channel.line-apps.com [404] [GET] [text/html] [Biz App Research] [nginx] [Nginx] [7fc97cc1983206834562b74a420db8d2]
https://oaplus-mobile.line-apps.com [302] [GET] [] [] [envoy] [vhost] [Envoy] [d41d8cd98f00b204e9800998ecf8427e]
https://obs-beta.line-apps.com [400] [GET] [] [] [] [vhost] [d41d8cd98f00b204e9800998ecf8427e]
https://obs-cn-api.line-apps.com [400] [GET] [] [] [] [vhost] [d41d8cd98f00b204e9800998ecf8427e]
https://obs-cn-media.line-apps.com [400] [GET] [] [] [] [d41d8cd98f00b204e9800998ecf8427e]
https://obs-cn.line-apps.com [400] [GET] [] [] [] [d41d8cd98f00b204e9800998ecf8427e]
https://obs-de-addr.line-apps.com [400] [GET] [] [] [] [vhost] [d41d8cd98f00b204e9800998ecf8427e]
https://obs-de.line-apps.com [400] [GET] [] [] [] [vhost] [d41d8cd98f00b204e9800998ecf8427e]
https://obs-geoip.line-apps.com [400] [GET] [] [] [] [vhost] [d41d8cd98f00b204e9800998ecf8427e]
https://obs-ir.line-apps.com [400] [GET] [] [] [] [vhost] [d41d8cd98f00b204e9800998ecf8427e]
https://obs-jp.line-apps.com [400] [GET] [] [] [] [vhost] [d41d8cd98f00b204e9800998ecf8427e]
https://obs-jp2-addr.line-apps.com [400] [GET] [] [] [] [vhost] [d41d8cd98f00b204e9800998ecf8427e]
https://obs-kr-addr.line-apps.com [400] [GET] [] [] [] [d41d8cd98f00b204e9800998ecf8427e]
https://obs-kr.line-apps.com [400] [GET] [] [] [] [d41d8cd98f00b204e9800998ecf8427e]
https://obs-kr2.line-apps.com [400] [GET] [] [] [] [d41d8cd98f00b204e9800998ecf8427e]
https://obs-org-jp.line-apps.com [403] [GET] [] [] [] [d41d8cd98f00b204e9800998ecf8427e]
https://obs-org-rc.line-apps.com [403] [GET] [] [] [] [d41d8cd98f00b204e9800998ecf8427e]
https://obs-org.line-apps.com [400] [GET] [] [] [lisa] [vhost] [d41d8cd98f00b204e9800998ecf8427e]
https://obs-rc.line-apps.com [400] [GET] [] [] [] [d41d8cd98f00b204e9800998ecf8427e]
https://obs-sg-addr.line-apps.com [400] [GET] [] [] [] [vhost] [d41d8cd98f00b204e9800998ecf8427e]
https://obs-sg.line-apps.com [400] [GET] [] [] [] [vhost] [d41d8cd98f00b204e9800998ecf8427e]
https://obs-th-ngc.line-apps.com [400] [GET] [] [] [] [vhost] [d41d8cd98f00b204e9800998ecf8427e]
https://obs-th.line-apps.com [400] [GET] [] [] [] [vhost] [d41d8cd98f00b204e9800998ecf8427e]
https://obs-tw.line-apps.com [400] [GET] [] [] [] [vhost] [d41d8cd98f00b204e9800998ecf8427e]
https://obs-us-addr.line-apps.com [400] [GET] [] [] [] [vhost] [d41d8cd98f00b204e9800998ecf8427e]
https://obs-us.line-apps.com [400] [GET] [] [] [] [d41d8cd98f00b204e9800998ecf8427e]
https://obs-us2.line-apps.com [400] [GET] [] [] [] [d41d8cd98f00b204e9800998ecf8427e]
https://obs-vn.line-apps.com [400] [GET] [] [] [] [vhost] [d41d8cd98f00b204e9800998ecf8427e]
https://obs.line-apps.com [400] [GET] [] [] [] [d41d8cd98f00b204e9800998ecf8427e]
https://org-api.line-apps.com [301] [GET] [] [] [legy] [vhost] [d41d8cd98f00b204e9800998ecf8427e]
https://org-scdn.line-apps.com [200] [GET] [text/html] [] [nginx] [Nginx] [d36f8f9425c4a8000ad9c4a97185aca5]
https://org-search.line-apps.com [200] [GET] [text/html] [LINE Search] [nxg] [d777a727f41d2c9131c64d351e18b994]
https://org-today.line-apps.com [200] [GET] [text/html] [LINE TODAY] [nginx] [Nginx,Node.js,Nuxt.js,Vue.js] [c659a62c28929bae63a3a3a99dc616ba]
https://origin-stf.line-apps.com [200] [GET] [text/html] [] [nginx] [Nginx] [d41d8cd98f00b204e9800998ecf8427e]
https://pay-webapp.line-apps.com [404] [GET] [text/html] [] [nginx] [vhost] [Nginx] [d41d8cd98f00b204e9800998ecf8427e]
https://planner-gateway.line-apps.com [200] [GET] [text/plain] [] [nginx] [Nginx] [444bcb3a3fcf8389296c49467f27e1d6]
https://play.line-apps.com [200] [GET] [text/html] [LINE PLAY] [nginx] [Nginx] [0d39263e280d6778c711074fcb25372f]
https://points-external-ads.line-apps.com [200] [GET] [text/html] [] [nginx] [vhost] [Nginx] [d41d8cd98f00b204e9800998ecf8427e]
https://pos-web-pay.line-apps.com [404] [GET] [text/html] [4xx Error] [nginx] [Java,Nginx,Spring] [c74e71e2d3ba8104214590028fe53e10]
https://production-ingress-public.line-apps.com [404] [GET] [text/plain] [] [] [595e88012a6521aae3e12cbebe76eb9e]
https://pty-web.line-apps.com [200] [GET] [text/html] [LINE NOW] [] [vhost] [Google Font API] [d29d675efaffb8d7ff0c8884dbd1de7d]
https://push-pay.line-apps.com:8443 [404] [GET] [application/json] [] [] [6d49e926ae03352b9da78033dc871a53]
https://receipt.line-apps.com [200] [GET] [text/html] [LINEレシート] [] [vhost] [Google Tag Manager,React] [6978d6e80a718cb38c80e5e8ba93eba9]
https://resizer.line-apps.com [200] [GET] [application/json] [] [nginx] [vhost] [Nginx] [59f4d34d3ab4fee3fd08555d6a0a8a8f]
https://sandbox-api-th-pay.line-apps.com [200] [GET] [text/html] [Welcome to nginx!] [nginx] [vhost] [Nginx] [e3eb0a1df437f3f97a64aca5952c8ea0]
https://sandbox-fgw-th-pay.line-apps.com [200] [GET] [text/html] [Welcome to nginx!] [nginx] [vhost] [Nginx] [e3eb0a1df437f3f97a64aca5952c8ea0]
https://sc-oms-api.line-apps.com [404] [GET] [application/json] [] [envoy] [vhost] [Envoy,Java] [2897fbcb2277b249f0840eed3d9fc99e]
https://sc-oms-api.line-apps.com [404] [GET] [application/json] [] [envoy] [vhost] [Envoy,Java] [3c8483609260ea20d07c0babfafdd6b7]
https://scd-api.line-apps.com [200] [GET] [text/html] [Welcome to nginx!] [nginx/1.10.3] [vhost] [Nginx] [e3eb0a1df437f3f97a64aca5952c8ea0]
https://scdn.line-apps.com [200] [GET] [text/html] [] [nginx] [vhost] [Nginx] [d36f8f9425c4a8000ad9c4a97185aca5]
https://scratchcard.line-apps.com [200] [GET] [text/html] [] [VOS] [vhost] [Node.js,Nuxt.js,Vue.js] [43fe2285ca61203539596fe14fcb9ec5]
https://scu-hometab.line-apps.com [404] [GET] [text/plain] [] [] [vhost] [53af239ee5d3e261545dededcb6ffd57]
https://sdbx-gw.line-apps.com [403] [GET] [text/html] [403 Forbidden] [nginx] [Nginx] [4dec45889e09ec3ceb63fd65825d0f11]
https://sdbx-gw.line-apps.com [403] [GET] [text/html] [403 Forbidden] [nginx] [Nginx] [bc56979a0b381a791dd59713198a87fb]
https://sdbx-help3rd.line-apps.com [404] [GET] [text/html] [Error] [nginx] [vhost] [Nginx] [886b6a7e63628cf016ab3dcdc2964c45]
https://sdbx-lan3rd.line-apps.com [404] [GET] [text/html] [Error] [nginx] [Nginx] [cc100608a0f465dc30dc0e3c960e248f]
https://sdbx-terms3rd.line-apps.com [404] [GET] [text/html] [Error] [nginx] [vhost] [Nginx] [886b6a7e63628cf016ab3dcdc2964c45]
https://sentry-th.line-apps.com [302] [GET] [text/html] [] [] [vhost] [d41d8cd98f00b204e9800998ecf8427e]
https://sentry-tw.line-apps.com [404] [GET] [text/plain] [] [] [595e88012a6521aae3e12cbebe76eb9e]
https://sentry-uit.line-apps.com [403] [GET] [text/html] [403 Forbidden] [nginx] [Nginx] [9fe3cb2b7313dc79bb477bc8fde184a7]
https://shopcard.line-apps.com [404] [GET] [text/html] [404 Not Found] [nginx] [Nginx] [370e16c3b7dba286cff055f93b9a94d8]
https://siaga-covid19-api.line-apps.com [404] [GET] [application/json application/json] [] [] [485202ee9f24ff962cf25676b8f6889d]
https://siaga-covid19-api.line-apps.com [404] [GET] [application/json application/json] [] [] [66cdb8e5f941618f3e45e2306394e0dd]
https://siaga-covid19-web.line-apps.com [200] [GET] [text/html] [LINE SIAGA | Bersama #SiagaCOVID19] [nginx] [Google Font API,Nginx,Node.js,Nuxt.js,Vue.js] [73a16a858d488c43263fd18c3fd7a7cc]
https://smart-channel-service.line-apps.com [404] [GET] [text/plain] [] [] [595e88012a6521aae3e12cbebe76eb9e]
https://sp-pv-logger.line-apps.com [200] [GET] [text/html] [] [nginx] [Nginx] [d41d8cd98f00b204e9800998ecf8427e]
https://spot-api.line-apps.com [404] [GET] [text/plain] [] [] [595e88012a6521aae3e12cbebe76eb9e]
https://spot-cwa.line-apps.com [200] [GET] [text/html] [Document] [VOS] [vhost] [4590b22f54936dd4f2be387e5b6e1a2e]
https://spot-ingress-public.line-apps.com [404] [GET] [text/plain] [] [] [595e88012a6521aae3e12cbebe76eb9e]
https://sstatic-cbox.line-apps.com [403] [GET] [text/html] [] [nfront] [vhost] [d41d8cd98f00b204e9800998ecf8427e]
https://sstatic-linetv.line-apps.com [404] [GET] [] [] [] [vhost] [d41d8cd98f00b204e9800998ecf8427e]
https://supporters-channel.line-apps.com [200] [GET] [] [LINE Surveys] [nginx] [vhost] [Nginx] [8d4526d1913118d37942c51c1c09ac01]
https://t-obs-th.line-apps.com [400] [GET] [] [] [] [vhost] [d41d8cd98f00b204e9800998ecf8427e]
https://tgw-pay.line-apps.com [404] [GET] [application/json] [] [nginx] [Nginx] [ac1fc0ad2bea4d11746ab749be98df45]
https://theme-fit-api.line-apps.com [404] [GET] [text/plain] [] [] [595e88012a6521aae3e12cbebe76eb9e]
https://theme-fit-web.line-apps.com [200] [GET] [text/html] [] [] [vhost] [97470804c013966425ddbf83d50799b5]
https://ticket-api-mypage.line-apps.com [404] [GET] [text/html] [] [nginx] [Nginx] [9d1ead73e678fa2f51a70a933b0bf017]
https://ticket-api.line-apps.com [404] [GET] [text/html] [] [nginx] [vhost] [Nginx] [9d1ead73e678fa2f51a70a933b0bf017]
https://to-obs-th.line-apps.com [400] [GET] [] [] [] [vhost] [d41d8cd98f00b204e9800998ecf8427e]
https://torimochi.line-apps.com [200] [GET] [image/gif] [] [nginx] [Nginx] [ad4b0f606e0f8465bc4c4c170b37e1a3]
https://ts.line-apps.com [200] [GET] [text/html] [Welcome to CentOS] [nginx] [Nginx] [a76b2b824459a563428efee4e4e10dfa]
https://tv-img.line-apps.com [503] [GET] [text/html] [Error] [AkamaiGHost] [vhost] [365dd62b8508fe0e7470f89c5f378b5b]
https://tv-img.line-apps.com [503] [GET] [text/html] [Error] [AkamaiGHost] [vhost] [e3cc294f8d5742c61ab75e5a09f094ad]
https://tv-rmcnmv-pt.line-apps.com [503] [GET] [text/html] [Error] [AkamaiGHost] [vhost] [46008fe9c30a1722bb4ab1d90ddcb99e]
https://tv-rmcnmv-pt.line-apps.com [503] [GET] [text/html] [Error] [AkamaiGHost] [vhost] [56089702907c6ac448186cbe6ab908d7]
https://tv-rmcnmv.line-apps.com [503] [GET] [text/html] [Error] [AkamaiGHost] [vhost] [361d8ee365ce92e2a4dcbcac3318ea43]
https://tv-rmcnmv.line-apps.com [503] [GET] [text/html] [Error] [AkamaiGHost] [vhost] [f3930475d6045c102c1fabccfc460208]
https://tv1-pt.line-apps.com [503] [GET] [text/html] [Error] [AkamaiGHost] [vhost] [0434e3214adb1024c9e1f8e38dd53994]
https://tv1-pt.line-apps.com [503] [GET] [text/html] [Error] [AkamaiGHost] [vhost] [86dc5855799ea7e4bcab079aa43d3b5e]
https://tv2-pt.line-apps.com [503] [GET] [text/html] [Error] [AkamaiGHost] [vhost] [7b20e0640b7ae73104b085459cc273ff]
https://tv2-pt.line-apps.com [503] [GET] [text/html] [Error] [AkamaiGHost] [vhost] [d3c42185e441d22a2492218abe7fb96f]
https://twcampaign-vks-ingress-public.line-apps.com [404] [GET] [text/plain] [] [] [595e88012a6521aae3e12cbebe76eb9e]
https://twsticker-traefik-public.line-apps.com [404] [GET] [text/plain] [] [] [595e88012a6521aae3e12cbebe76eb9e]
https://uts-front.line-apps.com [200] [GET] [image/gif] [] [nginx] [Nginx] [ad4b0f606e0f8465bc4c4c170b37e1a3]
https://vdn-obs.line-apps.com [403] [GET] [] [] [] [vhost] [d41d8cd98f00b204e9800998ecf8427e]
https://voipnx-saturn.line-apps.com [403] [GET] [text/html] [403 Forbidden] [nginx] [Nginx] [4dec45889e09ec3ceb63fd65825d0f11]
https://vvid-api.line-apps.com [200] [GET] [application/json] [] [istio-envoy] [vhost] [Envoy] [6a0657013b399e2183b5de7f0a428696]
https://wallet-coupon-api.line-apps.com [200] [GET] [text/html] [LINE クーポン] [nginx] [Google Tag Manager,Nginx] [2b6e3ef64e1c256b1d1ad6f471f83a15]
https://web-th-pay.line-apps.com [301] [GET] [text/html] [301 Moved Permanently] [nginx] [Nginx] [cd2e0e43980a00fb6a2742d3afd803b8]
https://web-tw-pay.line-apps.com [200] [GET] [text/html] [⠀] [] [dee8e39a8d5e67cfbf77da93bce14af2]
https://yuki-cdn.line-apps.com [403] [GET] [text/html] [403 Forbidden] [nginx] [vhost] [cloudfront] [Amazon Cloudfront,Amazon Web Services,Nginx] [4dec45889e09ec3ceb63fd65825d0f11]
https://yuki.line-apps.com [403] [GET] [text/html] [403 Forbidden] [nginx] [Nginx] [4dec45889e09ec3ceb63fd65825d0f11]
https://yuki.line-apps.com [403] [GET] [text/html] [403 Forbidden] [nginx] [Nginx] [bc56979a0b381a791dd59713198a87fb]
