http://argocd.lystit.com:8080 [403] [GET] [text/plain] [] [cloudflare] [cloudflare] [e4a4146789500ddb4d0742b64715de3b]
http://cdn.lystit.com:8080 [403] [GET] [text/plain] [] [cloudflare] [cloudflare] [e4a4146789500ddb4d0742b64715de3b]
http://cdna.lystit.com:8080 [403] [GET] [text/plain] [] [cloudflare] [cloudflare] [e4a4146789500ddb4d0742b64715de3b]
http://cdnb.lystit.com:8080 [403] [GET] [text/plain] [] [cloudflare] [cloudflare] [e4a4146789500ddb4d0742b64715de3b]
http://cdnc.lystit.com:8080 [403] [GET] [text/plain] [] [cloudflare] [cloudflare] [e4a4146789500ddb4d0742b64715de3b]
http://cdnd.lystit.com:8080 [403] [GET] [text/plain] [] [cloudflare] [cloudflare] [e4a4146789500ddb4d0742b64715de3b]
http://cdntest.lystit.com:8080 [403] [GET] [text/plain] [] [cloudflare] [cloudflare] [e4a4146789500ddb4d0742b64715de3b]
http://checkout-admin.lystit.com:8080 [403] [GET] [text/plain] [] [cloudflare] [cloudflare] [e4a4146789500ddb4d0742b64715de3b]
http://circleci.lystit.com:8080 [403] [GET] [text/plain] [] [cloudflare] [cloudflare] [e4a4146789500ddb4d0742b64715de3b]
http://cloudflare-logs.lystit.com:8080 [403] [GET] [text/plain] [] [cloudflare] [cloudflare] [e4a4146789500ddb4d0742b64715de3b]
http://cms.lystit.com:8080 [403] [GET] [text/plain] [] [cloudflare] [cloudflare] [e4a4146789500ddb4d0742b64715de3b]
http://codecov.lystit.com:8080 [403] [GET] [text/plain] [] [cloudflare] [cloudflare] [e4a4146789500ddb4d0742b64715de3b]
http://confluence.lystit.com:8080 [403] [GET] [text/plain] [] [cloudflare] [cloudflare] [e4a4146789500ddb4d0742b64715de3b]
http://data-dictionary.lystit.com:8080 [403] [GET] [text/plain] [] [cloudflare] [cloudflare] [e4a4146789500ddb4d0742b64715de3b]
http://docs.lystit.com:8080 [403] [GET] [text/plain] [] [cloudflare] [cloudflare] [e4a4146789500ddb4d0742b64715de3b]
http://grafana.lystit.com:8080 [403] [GET] [text/plain] [] [cloudflare] [cloudflare] [e4a4146789500ddb4d0742b64715de3b]
http://jenkins-2019.lystit.com:8080 [403] [GET] [text/plain] [] [cloudflare] [cloudflare] [e4a4146789500ddb4d0742b64715de3b]
http://jenkins-pr.lystit.com:8080 [403] [GET] [text/plain] [] [cloudflare] [cloudflare] [e4a4146789500ddb4d0742b64715de3b]
http://jira.lystit.com:8080 [403] [GET] [text/plain] [] [cloudflare] [cloudflare] [e4a4146789500ddb4d0742b64715de3b]
http://logs.lystit.com:8080 [403] [GET] [text/plain] [] [cloudflare] [cloudflare] [e4a4146789500ddb4d0742b64715de3b]
http://mobileapi.lystit.com:8080 [403] [GET] [text/plain] [] [cloudflare] [cloudflare] [e4a4146789500ddb4d0742b64715de3b]
http://os.lystit.com:8080 [403] [GET] [text/plain] [] [cloudflare] [cloudflare] [e4a4146789500ddb4d0742b64715de3b]
http://pes.lystit.com:8080 [403] [GET] [text/plain] [] [cloudflare] [cloudflare] [e4a4146789500ddb4d0742b64715de3b]
http://queen.lystit.com:8080 [403] [GET] [text/plain] [] [cloudflare] [cloudflare] [e4a4146789500ddb4d0742b64715de3b]
http://shipper.lystit.com:8080 [403] [GET] [text/plain] [] [cloudflare] [cloudflare] [e4a4146789500ddb4d0742b64715de3b]
http://static.lystit.com:8080 [403] [GET] [text/plain] [] [cloudflare] [cloudflare] [e4a4146789500ddb4d0742b64715de3b]
http://watchtower.lystit.com:8080 [403] [GET] [text/plain] [] [cloudflare] [cloudflare] [e4a4146789500ddb4d0742b64715de3b]
https://agif.lystit.com [400] [GET] [text/html] [Bad Request (400)] [] [438fe3b581eb21df40543de9ef43187e]
https://argocd.lystit.com [403] [GET] [text/plain] [] [cloudflare] [vhost] [cloudflare] [e4a4146789500ddb4d0742b64715de3b]
https://argocd.lystit.com:8443 [403] [GET] [text/plain] [] [cloudflare] [vhost] [cloudflare] [e4a4146789500ddb4d0742b64715de3b]
https://boomerang.lystit.com [403] [GET] [text/plain] [] [cloudflare] [vhost] [cloudflare] [e4a4146789500ddb4d0742b64715de3b]
https://branch-io-feed-web.lystit.com [403] [GET] [text/plain] [] [cloudflare] [vhost] [cloudflare] [e4a4146789500ddb4d0742b64715de3b]
https://braze-api.lystit.com [403] [GET] [text/plain] [] [cloudflare] [vhost] [cloudflare] [e4a4146789500ddb4d0742b64715de3b]
https://cdn.lystit.com [403] [GET] [text/plain] [] [cloudflare] [vhost] [cloudflare] [e4a4146789500ddb4d0742b64715de3b]
https://cdn.lystit.com:8443 [403] [GET] [text/plain] [] [cloudflare] [vhost] [cloudflare] [e4a4146789500ddb4d0742b64715de3b]
https://cdna.lystit.com [403] [GET] [text/plain] [] [cloudflare] [vhost] [cloudflare] [e4a4146789500ddb4d0742b64715de3b]
https://cdna.lystit.com:8443 [403] [GET] [text/plain] [] [cloudflare] [vhost] [cloudflare] [e4a4146789500ddb4d0742b64715de3b]
https://cdnb.lystit.com [403] [GET] [text/plain] [] [cloudflare] [vhost] [cloudflare] [e4a4146789500ddb4d0742b64715de3b]
https://cdnb.lystit.com:8443 [403] [GET] [text/plain] [] [cloudflare] [vhost] [cloudflare] [e4a4146789500ddb4d0742b64715de3b]
https://cdnc.lystit.com [403] [GET] [text/plain] [] [cloudflare] [vhost] [cloudflare] [e4a4146789500ddb4d0742b64715de3b]
https://cdnc.lystit.com:8443 [403] [GET] [text/plain] [] [cloudflare] [vhost] [cloudflare] [e4a4146789500ddb4d0742b64715de3b]
https://cdnd.lystit.com [403] [GET] [text/plain] [] [cloudflare] [vhost] [cloudflare] [e4a4146789500ddb4d0742b64715de3b]
https://cdnd.lystit.com:8443 [403] [GET] [text/plain] [] [cloudflare] [vhost] [cloudflare] [e4a4146789500ddb4d0742b64715de3b]
https://cdntest.lystit.com [403] [GET] [text/plain] [] [cloudflare] [vhost] [cloudflare] [e4a4146789500ddb4d0742b64715de3b]
https://cdntest.lystit.com:8443 [403] [GET] [text/plain] [] [cloudflare] [vhost] [cloudflare] [e4a4146789500ddb4d0742b64715de3b]
https://checkout-admin.lystit.com [403] [GET] [text/plain] [] [cloudflare] [vhost] [cloudflare] [e4a4146789500ddb4d0742b64715de3b]
https://checkout-admin.lystit.com:8443 [403] [GET] [text/plain] [] [cloudflare] [vhost] [cloudflare] [e4a4146789500ddb4d0742b64715de3b]
https://circleci.lystit.com [403] [GET] [text/plain] [] [cloudflare] [vhost] [cloudflare] [e4a4146789500ddb4d0742b64715de3b]
https://circleci.lystit.com:8443 [403] [GET] [text/plain] [] [cloudflare] [vhost] [cloudflare] [e4a4146789500ddb4d0742b64715de3b]
https://cloudflare-logs.lystit.com [403] [GET] [text/plain] [] [cloudflare] [vhost] [cloudflare] [e4a4146789500ddb4d0742b64715de3b]
https://cloudflare-logs.lystit.com:8443 [403] [GET] [text/plain] [] [cloudflare] [vhost] [cloudflare] [e4a4146789500ddb4d0742b64715de3b]
https://cms.lystit.com [403] [GET] [text/plain] [] [cloudflare] [vhost] [cloudflare] [e4a4146789500ddb4d0742b64715de3b]
https://cms.lystit.com:8443 [403] [GET] [text/plain] [] [cloudflare] [vhost] [cloudflare] [e4a4146789500ddb4d0742b64715de3b]
https://codecov.lystit.com [403] [GET] [text/plain] [] [cloudflare] [vhost] [cloudflare] [e4a4146789500ddb4d0742b64715de3b]
https://codecov.lystit.com:8443 [403] [GET] [text/plain] [] [cloudflare] [vhost] [cloudflare] [e4a4146789500ddb4d0742b64715de3b]
https://confluence.lystit.com [403] [GET] [text/plain] [] [cloudflare] [vhost] [cloudflare] [e4a4146789500ddb4d0742b64715de3b]
https://confluence.lystit.com:8443 [403] [GET] [text/plain] [] [cloudflare] [vhost] [cloudflare] [e4a4146789500ddb4d0742b64715de3b]
https://connect.lystit.com [404] [GET] [text/html] [Not Found] [] [1bddf80e7446259e7481daa5908058d3]
https://data-dictionary.lystit.com [403] [GET] [text/plain] [] [cloudflare] [vhost] [cloudflare] [e4a4146789500ddb4d0742b64715de3b]
https://data-dictionary.lystit.com:8443 [403] [GET] [text/plain] [] [cloudflare] [vhost] [cloudflare] [e4a4146789500ddb4d0742b64715de3b]
https://docs.lystit.com [403] [GET] [text/plain] [] [cloudflare] [vhost] [cloudflare] [e4a4146789500ddb4d0742b64715de3b]
https://docs.lystit.com:8443 [403] [GET] [text/plain] [] [cloudflare] [vhost] [cloudflare] [e4a4146789500ddb4d0742b64715de3b]
https://git.lystit.com [302] [GET] [text/html] [] [GitHub.com] [vhost] [GitHub Pages,Ruby on Rails] [aae8585173c2329c98ca7ce3f1a5ec8f]
https://grafana.lystit.com [403] [GET] [text/plain] [] [cloudflare] [vhost] [cloudflare] [e4a4146789500ddb4d0742b64715de3b]
https://grafana.lystit.com:8443 [403] [GET] [text/plain] [] [cloudflare] [vhost] [cloudflare] [e4a4146789500ddb4d0742b64715de3b]
https://hr-sync.lystit.com [403] [GET] [text/plain] [] [cloudflare] [vhost] [cloudflare] [e4a4146789500ddb4d0742b64715de3b]
https://jenkins-2019.lystit.com [403] [GET] [text/plain] [] [cloudflare] [vhost] [cloudflare] [e4a4146789500ddb4d0742b64715de3b]
https://jenkins-2019.lystit.com:8443 [403] [GET] [text/plain] [] [cloudflare] [vhost] [cloudflare] [e4a4146789500ddb4d0742b64715de3b]
https://jenkins-pr.lystit.com [403] [GET] [text/plain] [] [cloudflare] [vhost] [cloudflare] [e4a4146789500ddb4d0742b64715de3b]
https://jenkins-pr.lystit.com:8443 [403] [GET] [text/plain] [] [cloudflare] [vhost] [cloudflare] [e4a4146789500ddb4d0742b64715de3b]
https://jira.lystit.com [403] [GET] [text/plain] [] [cloudflare] [vhost] [cloudflare] [e4a4146789500ddb4d0742b64715de3b]
https://jira.lystit.com:8443 [403] [GET] [text/plain] [] [cloudflare] [vhost] [cloudflare] [e4a4146789500ddb4d0742b64715de3b]
https://logs-direct.lystit.com [403] [GET] [application/json] [] [] [vhost] [5f8c6f461bd385242c695578c1293363]
https://logs.lystit.com [403] [GET] [text/plain] [] [cloudflare] [vhost] [cloudflare] [e4a4146789500ddb4d0742b64715de3b]
https://logs.lystit.com:8443 [403] [GET] [text/plain] [] [cloudflare] [vhost] [cloudflare] [e4a4146789500ddb4d0742b64715de3b]
https://lystit.com [302] [GET] [text/html] [302 Found] [nginx] [vhost] [Nginx] [cfbeaf604823f038b8b46f0ac862b98c]
https://mailchimp-gdpr.lystit.com [403] [GET] [text/plain] [] [cloudflare] [vhost] [cloudflare] [e4a4146789500ddb4d0742b64715de3b]
https://mobileapi.lystit.com [403] [GET] [text/plain] [] [cloudflare] [vhost] [cloudflare] [e4a4146789500ddb4d0742b64715de3b]
https://mobileapi.lystit.com:8443 [403] [GET] [text/plain] [] [cloudflare] [vhost] [cloudflare] [e4a4146789500ddb4d0742b64715de3b]
https://openvpn-access.lystit.com [302] [GET] [text/html] [] [OpenVPN-AS] [20b5dcc7a42ef848f11b67929654c7b2]
https://os.lystit.com [403] [GET] [text/plain] [] [cloudflare] [vhost] [cloudflare] [e4a4146789500ddb4d0742b64715de3b]
https://os.lystit.com:8443 [403] [GET] [text/plain] [] [cloudflare] [vhost] [cloudflare] [e4a4146789500ddb4d0742b64715de3b]
https://packages.lystit.com [403] [GET] [text/html] [403 Forbidden] [nginx] [Nginx] [4dec45889e09ec3ceb63fd65825d0f11]
https://pes.lystit.com [403] [GET] [text/plain] [] [cloudflare] [vhost] [cloudflare] [e4a4146789500ddb4d0742b64715de3b]
https://pes.lystit.com:8443 [403] [GET] [text/plain] [] [cloudflare] [vhost] [cloudflare] [e4a4146789500ddb4d0742b64715de3b]
https://quarantine.lystit.com [403] [GET] [text/plain] [] [cloudflare] [vhost] [cloudflare] [e4a4146789500ddb4d0742b64715de3b]
https://queen.lystit.com [403] [GET] [text/plain] [] [cloudflare] [vhost] [cloudflare] [e4a4146789500ddb4d0742b64715de3b]
https://queen.lystit.com:8443 [403] [GET] [text/plain] [] [cloudflare] [vhost] [cloudflare] [e4a4146789500ddb4d0742b64715de3b]
https://reply.git.lystit.com [301] [GET] [] [] [GitHub.com] [GitHub Pages,Ruby on Rails] [d41d8cd98f00b204e9800998ecf8427e]
https://retailer-x-website-public.microservices.srv.lystit.com [200] [GET] [text/html] [LEFTMYTAG] [nginx/1.14.2] [Google Font API,Google Tag Manager,Nginx] [f7fd2d29e12bdb3a2d259719429d48cc]
https://saka.lystit.com [403] [GET] [text/plain] [] [cloudflare] [vhost] [cloudflare] [e4a4146789500ddb4d0742b64715de3b]
https://shipper.lystit.com [403] [GET] [text/plain] [] [cloudflare] [vhost] [cloudflare] [e4a4146789500ddb4d0742b64715de3b]
https://shipper.lystit.com:8443 [403] [GET] [text/plain] [] [cloudflare] [vhost] [cloudflare] [e4a4146789500ddb4d0742b64715de3b]
https://static.lystit.com [403] [GET] [text/plain] [] [cloudflare] [vhost] [cloudflare] [e4a4146789500ddb4d0742b64715de3b]
https://static.lystit.com:8443 [403] [GET] [text/plain] [] [cloudflare] [vhost] [cloudflare] [e4a4146789500ddb4d0742b64715de3b]
https://tag.lystit.com [403] [GET] [text/plain] [] [cloudflare] [vhost] [cloudflare] [e4a4146789500ddb4d0742b64715de3b]
https://watchtower.lystit.com [403] [GET] [text/plain] [] [cloudflare] [vhost] [cloudflare] [e4a4146789500ddb4d0742b64715de3b]
https://watchtower.lystit.com:8443 [403] [GET] [text/plain] [] [cloudflare] [vhost] [cloudflare] [e4a4146789500ddb4d0742b64715de3b]
https://web.lyst-connect-public.microservices.srv.lystit.com [404] [GET] [text/html] [Not Found] [] [2030ce5974811ad79af0ee6f779d340f]
https://web.retailer-x-website-public.microservices.srv.lystit.com [200] [GET] [text/html] [LEFTMYTAG] [nginx/1.14.2] [Google Font API,Google Tag Manager,Nginx] [2fa966817f6003feedef12223d9438ad]
https://web.retailer-x-website-public.microservices.srv.lystit.com [200] [GET] [text/html] [LEFTMYTAG] [nginx/1.14.2] [Google Font API,Google Tag Manager,Nginx] [f2c05861039688c8ef3df4d9e63ecc9e]
https://web.web-frontend-redirect-public.website-201710.srv.lystit.com [404] [GET] [text/html] [Lyst | Not Found] [nginx] [Nginx] [3827536cf99af3e02daf0947dae91dd0]
https://www.lystit.com [302] [GET] [text/html] [302 Found] [nginx] [vhost] [Nginx] [cfbeaf604823f038b8b46f0ac862b98c]
