http://api.lyst.com:8080 [403] [GET] [text/plain] [] [cloudflare] [cloudflare] [e4a4146789500ddb4d0742b64715de3b]
http://business.lyst.com:2086 [403] [GET] [text/plain] [] [cloudflare] [cloudflare] [e4a4146789500ddb4d0742b64715de3b]
http://business.lyst.com:8080 [403] [GET] [text/plain] [] [cloudflare] [cloudflare] [e4a4146789500ddb4d0742b64715de3b]
http://business.lyst.com:8880 [403] [GET] [text/plain] [] [cloudflare] [cloudflare] [e4a4146789500ddb4d0742b64715de3b]
http://checkout.lyst.com:8080 [403] [GET] [text/plain] [] [cloudflare] [cloudflare] [e4a4146789500ddb4d0742b64715de3b]
http://developers.lyst.com:8080 [403] [GET] [text/plain] [] [cloudflare] [cloudflare] [e4a4146789500ddb4d0742b64715de3b]
http://making.lyst.com:8080 [403] [GET] [text/plain] [] [cloudflare] [cloudflare] [e4a4146789500ddb4d0742b64715de3b]
http://moderation.lyst.com:8080 [403] [GET] [text/plain] [] [cloudflare] [cloudflare] [e4a4146789500ddb4d0742b64715de3b]
http://news.lyst.com:8080 [403] [GET] [text/plain] [] [cloudflare] [cloudflare] [e4a4146789500ddb4d0742b64715de3b]
http://r.lyst.com:8080 [403] [GET] [text/plain] [] [cloudflare] [cloudflare] [e4a4146789500ddb4d0742b64715de3b]
http://s5.lyst.com:8080 [403] [GET] [text/plain] [] [cloudflare] [cloudflare] [e4a4146789500ddb4d0742b64715de3b]
http://www.lyst.com:8080 [403] [GET] [text/plain] [] [cloudflare] [cloudflare] [e4a4146789500ddb4d0742b64715de3b]
http://zendesk.lyst.com:8080 [403] [GET] [text/plain] [] [cloudflare] [cloudflare] [e4a4146789500ddb4d0742b64715de3b]
https://api.lyst.com [403] [GET] [text/plain] [] [cloudflare] [vhost] [cloudflare] [e4a4146789500ddb4d0742b64715de3b]
https://api.lyst.com:8443 [403] [GET] [text/plain] [] [cloudflare] [vhost] [cloudflare] [e4a4146789500ddb4d0742b64715de3b]
https://b.lyst.com [200] [GET] [text/html] [Technical subdomain] [openresty] [vhost] [Nginx,OpenResty] [f5f6d07d22b6073a65c5ba48e2ae86e9]
https://blog.lyst.com [301] [GET] [text/html] [301 Moved Permanently] [nginx] [Nginx] [cd2e0e43980a00fb6a2742d3afd803b8]
https://business.lyst.com [403] [GET] [text/plain] [] [cloudflare] [vhost] [cloudflare] [e4a4146789500ddb4d0742b64715de3b]
https://business.lyst.com:2083 [403] [GET] [text/plain] [] [cloudflare] [vhost] [cloudflare] [e4a4146789500ddb4d0742b64715de3b]
https://business.lyst.com:2087 [403] [GET] [text/plain] [] [cloudflare] [vhost] [cloudflare] [e4a4146789500ddb4d0742b64715de3b]
https://business.lyst.com:8443 [403] [GET] [text/plain] [] [cloudflare] [vhost] [cloudflare] [e4a4146789500ddb4d0742b64715de3b]
https://checkout.lyst.com [403] [GET] [text/plain] [] [cloudflare] [vhost] [cloudflare] [e4a4146789500ddb4d0742b64715de3b]
https://checkout.lyst.com:8443 [403] [GET] [text/plain] [] [cloudflare] [vhost] [cloudflare] [e4a4146789500ddb4d0742b64715de3b]
https://developers.lyst.com [403] [GET] [text/plain] [] [cloudflare] [vhost] [cloudflare] [e4a4146789500ddb4d0742b64715de3b]
https://developers.lyst.com:8443 [403] [GET] [text/plain] [] [cloudflare] [vhost] [cloudflare] [e4a4146789500ddb4d0742b64715de3b]
https://iazwzp.lyst.com [404] [GET] [text/html] [] [] [912d88cf9ec0d1b5fef7d7476131debd]
https://lyst.com [301] [GET] [text/html] [301 Moved Permanently] [nginx] [Nginx] [cd2e0e43980a00fb6a2742d3afd803b8]
https://making.lyst.com [403] [GET] [text/plain] [] [cloudflare] [vhost] [cloudflare] [e4a4146789500ddb4d0742b64715de3b]
https://making.lyst.com:8443 [403] [GET] [text/plain] [] [cloudflare] [vhost] [cloudflare] [e4a4146789500ddb4d0742b64715de3b]
https://moderation.lyst.com [403] [GET] [text/plain] [] [cloudflare] [vhost] [cloudflare] [e4a4146789500ddb4d0742b64715de3b]
https://moderation.lyst.com:8443 [403] [GET] [text/plain] [] [cloudflare] [vhost] [cloudflare] [e4a4146789500ddb4d0742b64715de3b]
https://news.lyst.com [403] [GET] [text/plain] [] [cloudflare] [vhost] [cloudflare] [e4a4146789500ddb4d0742b64715de3b]
https://news.lyst.com:8443 [403] [GET] [text/plain] [] [cloudflare] [vhost] [cloudflare] [e4a4146789500ddb4d0742b64715de3b]
https://r.lyst.com [403] [GET] [text/plain] [] [cloudflare] [vhost] [cloudflare] [e4a4146789500ddb4d0742b64715de3b]
https://r.lyst.com:8443 [403] [GET] [text/plain] [] [cloudflare] [vhost] [cloudflare] [e4a4146789500ddb4d0742b64715de3b]
https://s.lyst.com [200] [GET] [text/html] [Technical subdomain] [] [f5f6d07d22b6073a65c5ba48e2ae86e9]
https://s5.lyst.com [403] [GET] [text/plain] [] [cloudflare] [vhost] [cloudflare] [e4a4146789500ddb4d0742b64715de3b]
https://s5.lyst.com:8443 [403] [GET] [text/plain] [] [cloudflare] [vhost] [cloudflare] [e4a4146789500ddb4d0742b64715de3b]
https://w.lyst.com [301] [GET] [text/html] [301 Moved Permanently] [nginx] [Nginx] [cd2e0e43980a00fb6a2742d3afd803b8]
https://ww.lyst.com [301] [GET] [text/html] [301 Moved Permanently] [nginx] [Nginx] [cd2e0e43980a00fb6a2742d3afd803b8]
https://www.lyst.com [403] [GET] [text/plain] [] [cloudflare] [vhost] [cloudflare] [e4a4146789500ddb4d0742b64715de3b]
https://www.lyst.com:8443 [403] [GET] [text/plain] [] [cloudflare] [vhost] [cloudflare] [e4a4146789500ddb4d0742b64715de3b]
https://wwww.lyst.com [301] [GET] [text/html] [301 Moved Permanently] [nginx] [Nginx] [cd2e0e43980a00fb6a2742d3afd803b8]
https://zendesk.lyst.com [403] [GET] [text/plain] [] [cloudflare] [vhost] [cloudflare] [e4a4146789500ddb4d0742b64715de3b]
https://zendesk.lyst.com:8443 [403] [GET] [text/plain] [] [cloudflare] [vhost] [cloudflare] [e4a4146789500ddb4d0742b64715de3b]
