http://antitheft.sz.mackeeper.com [301] [GET] [text/html] [301 Moved Permanently] [CloudFront] [vhost] [cloudfront] [Amazon Cloudfront,Amazon Web Services] [e4e384d6672787c1bb2a9b500114f1f5]
http://antitheftstage.mackeeper.com [301] [GET] [text/html] [301 Moved Permanently] [CloudFront] [vhost] [cloudfront] [Amazon Cloudfront,Amazon Web Services] [e4e384d6672787c1bb2a9b500114f1f5]
http://app1.land.us.mackeeper.com [200] [GET] [text/html] [] [nginx] [Nginx] [242685637ccf33ff1a1d30f29f698c66]
http://app1.land.us.sz.mackeeper.com [200] [GET] [text/html] [] [nginx] [Nginx] [242685637ccf33ff1a1d30f29f698c66]
http://app1.translate.mackeeper.com [200] [GET] [text/html] [] [nginx] [Nginx] [242685637ccf33ff1a1d30f29f698c66]
http://app2.land.us.mackeeper.com [200] [GET] [text/html] [] [nginx] [Nginx] [242685637ccf33ff1a1d30f29f698c66]
http://lb.site.sz.mackeeper.com [403] [GET] [text/html] [403 Forbidden] [nginx] [Nginx] [4b074b0b59693fa9f94fb71b175fb187]
http://pkg.mackeeper.com [403] [GET] [text/html] [ERROR: The request could not be satisfied] [CloudFront] [cloudfront] [Amazon Cloudfront,Amazon Web Services] [a440e02927240915696ae0eed4aecf3c]
http://securecart.mackeeper.com [403] [GET] [text/html] [ERROR: The request could not be satisfied] [CloudFront] [cloudfront] [Amazon Cloudfront,Amazon Web Services] [13eb774474f15a08f1fdab8185c64c62]
http://www.manual.mackeeper.com [403] [GET] [text/html] [ERROR: The request could not be satisfied] [CloudFront] [cloudfront] [Amazon Cloudfront,Amazon Web Services] [8da1aa030a5ab45473c3f53a9a2380ec]
http://www.static.mackeeper.com [403] [GET] [text/html] [ERROR: The request could not be satisfied] [CloudFront] [cloudfront] [Amazon Cloudfront,Amazon Web Services] [55bbb4e1293bd22ca9d2df93423c13a7]
http://www.statistic.mackeeper.com [403] [GET] [text/html] [ERROR: The request could not be satisfied] [CloudFront] [cloudfront] [Amazon Cloudfront,Amazon Web Services] [65f8b6d4bd21a9ccbea9003f3ce8cd5a]
https://account.mackeeper.com [302] [GET] [text/html] [] [nginx] [vhost] [cloudfront] [Amazon Cloudfront,Amazon Web Services,Nginx] [d41d8cd98f00b204e9800998ecf8427e]
https://account.sz.mackeeper.com [302] [GET] [text/html] [] [nginx] [vhost] [cloudfront] [Amazon Cloudfront,Amazon Web Services,Nginx] [d41d8cd98f00b204e9800998ecf8427e]
https://account.tz.mackeeper.com [403] [GET] [text/html] [Access Forbidden] [CloudFront] [vhost] [cloudfront] [Amazon Cloudfront,Amazon Web Services,Google Font API] [d6f38b6a04817bd1d77ae5f0d9e9e55c]
https://adblocking.mackeeper.com [403] [GET] [application/xml] [] [AmazonS3] [vhost] [cloudfront] [Amazon Cloudfront,Amazon S3,Amazon Web Services] [38c6fd963402f8189e5c4e055e8b7287]
https://adblocking.mackeeper.com [403] [GET] [application/xml] [] [AmazonS3] [vhost] [cloudfront] [Amazon Cloudfront,Amazon S3,Amazon Web Services] [43ea8f28b246f77d2228927c4426e14f]
https://adwareanalyzer.mackeeper.com [403] [GET] [application/xml] [] [AmazonS3] [vhost] [cloudfront] [Amazon Cloudfront,Amazon S3,Amazon Web Services] [347621dc9f586bcbb04b7feaa491bfa1]
https://adwareanalyzer.mackeeper.com [403] [GET] [application/xml] [] [AmazonS3] [vhost] [cloudfront] [Amazon Cloudfront,Amazon S3,Amazon Web Services] [7a1f60b877c1c8bc94731e1fbd943f9d]
https://affiliates.mackeeper.com [301] [GET] [text/html] [301 Moved Permanently] [nginx] [vhost] [Nginx] [cd2e0e43980a00fb6a2742d3afd803b8]
https://api-ne.mackeeper.com [301] [GET] [text/html] [] [] [vhost] [8f9a3df3a889a99af10128a3c8cce484]
https://api-ne.sz.mackeeper.com [403] [GET] [text/html] [Access Forbidden] [CloudFront] [vhost] [cloudfront] [Amazon Cloudfront,Amazon Web Services,Google Font API] [d6f38b6a04817bd1d77ae5f0d9e9e55c]
https://api.account.mackeeper.com [404] [GET] [text/plain] [] [] [vhost] [cloudfront] [Amazon Cloudfront,Amazon Web Services] [73687388f76fe3029516f1c40fd5678f]
https://api.account.sz.mackeeper.com [403] [GET] [text/html] [Access Forbidden] [CloudFront] [vhost] [cloudfront] [Amazon Cloudfront,Amazon Web Services,Google Font API] [d6f38b6a04817bd1d77ae5f0d9e9e55c]
https://api.account.tz.mackeeper.com [404] [GET] [text/plain] [] [] [vhost] [cloudfront] [Amazon Cloudfront,Amazon Web Services] [73687388f76fe3029516f1c40fd5678f]
https://api.mackeeper.com [403] [GET] [text/html] [403 Forbidden] [nginx] [vhost] [Nginx] [4b074b0b59693fa9f94fb71b175fb187]
https://assets.mackeeper.com [404] [GET] [application/json] [] [] [vhost] [f608448810478f889dfb63ff723b5b3b]
https://assets.sz.mackeeper.com [404] [GET] [text/plain] [] [awselb/2.0] [572294c74492469b57c9b8fc1b0d03a8]
https://avupdate.mackeeper.com [403] [GET] [application/xml] [] [AmazonS3] [vhost] [cloudfront] [Amazon Cloudfront,Amazon S3,Amazon Web Services] [4064980dc713105180cc0c2b3a1333e9]
https://avupdate.mackeeper.com [403] [GET] [application/xml] [] [AmazonS3] [vhost] [cloudfront] [Amazon Cloudfront,Amazon S3,Amazon Web Services] [9e5f77f9248a7b4bbe15717e033f2d78]
https://bn-cdn.mackeeper.com [403] [GET] [application/xml] [] [AmazonS3] [vhost] [cloudfront] [Amazon Cloudfront,Amazon S3,Amazon Web Services] [51a0d35d1a6beb7e53960e27e686715d]
https://bn-cdn.mackeeper.com [403] [GET] [application/xml] [] [AmazonS3] [vhost] [cloudfront] [Amazon Cloudfront,Amazon S3,Amazon Web Services] [7bac131c1b90e7bdc2eadb40eb7ffb8d]
https://cdn.mackeeper.com [403] [GET] [application/xml] [] [AmazonS3] [vhost] [cloudfront] [Amazon Cloudfront,Amazon S3,Amazon Web Services] [acc17d69485df1b86d738ff73af116ec]
https://cdn.mackeeper.com [403] [GET] [application/xml] [] [AmazonS3] [vhost] [cloudfront] [Amazon Cloudfront,Amazon S3,Amazon Web Services] [d11bbc67dcf73559618b83007500c4fe]
https://cf.mackeeper.com [403] [GET] [application/xml] [] [AmazonS3] [vhost] [cloudfront] [Amazon Cloudfront,Amazon S3,Amazon Web Services] [a8f196a289212189059ddc80dfddcc06]
https://cf.mackeeper.com [403] [GET] [application/xml] [] [AmazonS3] [vhost] [cloudfront] [Amazon Cloudfront,Amazon S3,Amazon Web Services] [fe25b0211c139f6f26c7b90d0934b730]
https://chat-crm.account.mackeeper.com [200] [GET] [text/plain] [] [nginx] [Nginx] [e0aa021e21dddbd6d8cecec71e9cf564]
https://chat-crm.account.sz.mackeeper.com [403] [GET] [text/html] [Access Forbidden] [CloudFront] [vhost] [cloudfront] [Amazon Cloudfront,Amazon Web Services,Google Font API] [d6f38b6a04817bd1d77ae5f0d9e9e55c]
https://chat-crm.mackeeper.com [200] [GET] [text/plain] [] [nginx] [Nginx] [e0aa021e21dddbd6d8cecec71e9cf564]
https://crm.mackeeper.com [200] [GET] [text/html] [] [nginx] [vhost] [Nginx] [e0aa021e21dddbd6d8cecec71e9cf564]
https://dl.mackeeper.com [404] [GET] [text/html] [] [AmazonS3] [vhost] [cloudfront] [Amazon Cloudfront,Amazon S3,Amazon Web Services] [5396f5896daaa275d70e554f8390669b]
https://download-sz.mackeeper.com [404] [GET] [application/json] [] [nginx] [vhost] [cloudfront] [Amazon Cloudfront,Amazon Web Services,Nginx] [198832c90bca75a255ed8d577eccb1f5]
https://download.mackeeper.com [404] [GET] [application/json] [] [nginx] [vhost] [cloudfront] [Amazon Cloudfront,Amazon Web Services,Nginx] [198832c90bca75a255ed8d577eccb1f5]
https://e.mackeeper.com [200] [GET] [text/html] [whatcounts.com] [Apache-Coyote/1.1] [Apache Tomcat,Java] [6874bd95232e8d2f0bf8affb5be06e60]
https://event.mackeeper.com [404] [GET] [text/plain] [] [] [vhost] [cloudfront] [Amazon Cloudfront,Amazon Web Services] [53af239ee5d3e261545dededcb6ffd57]
https://generator.mackeeper.com [200] [GET] [text/html] [] [nginx] [Nginx] [242685637ccf33ff1a1d30f29f698c66]
https://generator.sz.mackeeper.com [403] [GET] [text/html] [403 Forbidden] [nginx] [vhost] [cloudfront] [Amazon Cloudfront,Amazon Web Services,Nginx] [4b074b0b59693fa9f94fb71b175fb187]
https://get.mackeeper.com [404] [GET] [application/json] [] [nginx] [vhost] [cloudfront] [Amazon Cloudfront,Amazon Web Services,Nginx] [198832c90bca75a255ed8d577eccb1f5]
https://h1.tz.mackeeper.com [302] [GET] [] [] [CloudFront] [vhost] [cloudfront] [Amazon Cloudfront,Amazon Web Services] [d41d8cd98f00b204e9800998ecf8427e]
https://h2.tz.mackeeper.com [302] [GET] [] [] [CloudFront] [vhost] [cloudfront] [Amazon Cloudfront,Amazon Web Services] [d41d8cd98f00b204e9800998ecf8427e]
https://help.mackeeper.com [301] [GET] [text/html] [301 Moved Permanently] [nginx] [vhost] [cloudfront] [Amazon Cloudfront,Amazon Web Services,Nginx] [4f8e702cc244ec5d4de32740c0ecbd97]
https://help.sz.mackeeper.com [403] [GET] [text/html] [403 Forbidden] [nginx] [vhost] [cloudfront] [Amazon Cloudfront,Amazon Web Services,Nginx] [4b074b0b59693fa9f94fb71b175fb187]
https://help.sz.mackeeper.com [403] [GET] [text/html] [403 Forbidden] [nginx] [vhost] [cloudfront] [Amazon Cloudfront,Amazon Web Services,Nginx] [9fe3cb2b7313dc79bb477bc8fde184a7]
https://install.mackeeper.com [200] [GET] [text/html] [] [nginx] [vhost] [cloudfront] [Amazon Cloudfront,Amazon Web Services,Nginx] [242685637ccf33ff1a1d30f29f698c66]
https://kbill-stage.mackeeper.com [403] [GET] [text/html] [403 Forbidden] [nginx] [vhost] [cloudfront] [Amazon Cloudfront,Amazon Web Services,Nginx] [4b074b0b59693fa9f94fb71b175fb187]
https://kbill-stage.mackeeper.com [403] [GET] [text/html] [403 Forbidden] [nginx] [vhost] [cloudfront] [Amazon Cloudfront,Amazon Web Services,Nginx] [9fe3cb2b7313dc79bb477bc8fde184a7]
https://kbill.mackeeper.com [403] [GET] [text/html] [403 Forbidden] [nginx] [vhost] [Nginx] [4b074b0b59693fa9f94fb71b175fb187]
https://kbill.mackeeper.com [403] [GET] [text/html] [403 Forbidden] [nginx] [vhost] [Nginx] [9fe3cb2b7313dc79bb477bc8fde184a7]
https://lb-api.account.mackeeper.com [404] [GET] [text/plain] [] [] [73687388f76fe3029516f1c40fd5678f]
https://lb-ldrapi.mackeeper.com [404] [GET] [text/plain] [] [] [53af239ee5d3e261545dededcb6ffd57]
https://lb.account.mackeeper.com [200] [GET] [text/html] [] [nginx] [Nginx] [242685637ccf33ff1a1d30f29f698c66]
https://lb.mackeeper.com [200] [GET] [text/html] [] [nginx] [Nginx] [242685637ccf33ff1a1d30f29f698c66]
https://ldr.mackeeper.com [404] [GET] [text/html] [] [nginx] [vhost] [Nginx] [64571a509b4ec40f93cc6e70648f1b06]
https://ldrapi.mackeeper.com [404] [GET] [text/plain] [] [] [vhost] [cloudfront] [Amazon Cloudfront,Amazon Web Services] [53af239ee5d3e261545dededcb6ffd57]
https://mackeeper.com [200] [GET] [text/html] [MacKeeper - a single app for a clean and secure Mac] [nginx] [vhost] [cloudfront] [Amazon Cloudfront,Amazon Web Services,Google Tag Manager,Nginx] [1cf9c41b17325f21282078056f60740a]
https://mackeeper.com [200] [GET] [text/html] [MacKeeper - a single app for a clean and secure Mac] [nginx] [vhost] [cloudfront] [Amazon Cloudfront,Amazon Web Services,Google Tag Manager,Nginx] [2689d8f79aad779cd712962ff82ee128]
https://mackeeperapp.mackeeper.com [301] [GET] [text/html] [] [nginx] [vhost] [Nginx] [d41d8cd98f00b204e9800998ecf8427e]
https://mackeeperapp1.mackeeper.com [301] [GET] [text/html] [] [nginx] [vhost] [Nginx] [d41d8cd98f00b204e9800998ecf8427e]
https://mackeeperapp2.mackeeper.com [301] [GET] [text/html] [] [nginx] [vhost] [Nginx] [d41d8cd98f00b204e9800998ecf8427e]
https://mackeeperapp3.mackeeper.com [301] [GET] [text/html] [] [nginx] [vhost] [Nginx] [d41d8cd98f00b204e9800998ecf8427e]
https://manual.mackeeper.com [200] [GET] [text/html] [MK Manual] [nginx] [vhost] [cloudfront] [Amazon Cloudfront,Amazon Web Services,Google Font API,Nginx] [f40aa21c39efb835b5e08db224f8ddc7]
https://manual.sz.mackeeper.com [403] [GET] [text/html] [403 Forbidden] [nginx] [vhost] [cloudfront] [Amazon Cloudfront,Amazon Web Services,Nginx] [9fe3cb2b7313dc79bb477bc8fde184a7]
https://mc.mackeeper.com [404] [GET] [text/plain] [] [] [vhost] [cloudfront] [Amazon Cloudfront,Amazon Web Services] [53af239ee5d3e261545dededcb6ffd57]
https://mkapi.mackeeper.com [404] [GET] [text/plain] [] [] [vhost] [cloudfront] [Amazon Cloudfront,Amazon Web Services] [73687388f76fe3029516f1c40fd5678f]
https://mkapi.sz.mackeeper.com [403] [GET] [text/html] [Access Forbidden] [CloudFront] [vhost] [cloudfront] [Amazon Cloudfront,Amazon Web Services,Google Font API] [d6f38b6a04817bd1d77ae5f0d9e9e55c]
https://postman.mackeeper.com [403] [GET] [text/html] [403 Forbidden] [nginx] [vhost] [Nginx] [9fe3cb2b7313dc79bb477bc8fde184a7]
https://rz.mackeeper.com [404] [GET] [text/plain] [] [] [53af239ee5d3e261545dededcb6ffd57]
https://safeweb.mackeeper.com [200] [GET] [text/html] [Hold on, it's not safe] [awselb/2.0] [vhost] [cloudfront] [Amazon Cloudfront,Amazon Web Services] [48a6020e4671731bac95346abe16db9d]
https://static-account.mackeeper.com [301] [GET] [text/html] [301 Moved Permanently] [CloudFront] [vhost] [cloudfront] [Amazon Cloudfront,Amazon Web Services] [e4e384d6672787c1bb2a9b500114f1f5]
https://static-cdn.mackeeper.com [403] [GET] [application/xml] [] [AmazonS3] [vhost] [cloudfront] [Amazon Cloudfront,Amazon S3,Amazon Web Services] [67517a469ef517bea29caa31e0317dbc]
https://static-cdn.mackeeper.com [403] [GET] [application/xml] [] [AmazonS3] [vhost] [cloudfront] [Amazon Cloudfront,Amazon S3,Amazon Web Services] [906ef1039af181b56d31dccbf52fdd52]
https://static-cdn.sz.mackeeper.com [403] [GET] [application/xml] [] [AmazonS3] [vhost] [cloudfront] [Amazon Cloudfront,Amazon S3,Amazon Web Services] [11ce72d2720c16e4a70c68230455ecfc]
https://static-cdn.sz.mackeeper.com [403] [GET] [application/xml] [] [AmazonS3] [vhost] [cloudfront] [Amazon Cloudfront,Amazon S3,Amazon Web Services] [4e88a5df99c157f927566f2127726b29]
https://static-site.mackeeper.com [403] [GET] [application/xml] [] [AmazonS3] [vhost] [cloudfront] [Amazon Cloudfront,Amazon S3,Amazon Web Services] [2b0559cdb2cd1b9d6447974765d3778b]
https://static-site.mackeeper.com [403] [GET] [application/xml] [] [AmazonS3] [vhost] [cloudfront] [Amazon Cloudfront,Amazon S3,Amazon Web Services] [f8ddcbef94ea708b56c67a140c3081c5]
https://static.mackeeper.com [301] [GET] [text/html] [] [nginx] [vhost] [cloudfront] [Amazon Cloudfront,Amazon Web Services,Nginx] [d41d8cd98f00b204e9800998ecf8427e]
https://statistic.mackeeper.com [200] [GET] [text/html] [] [nginx] [vhost] [cloudfront] [Amazon Cloudfront,Amazon Web Services,Nginx] [242685637ccf33ff1a1d30f29f698c66]
https://statistic.sz.mackeeper.com [403] [GET] [text/html] [403 Forbidden] [nginx] [vhost] [cloudfront] [Amazon Cloudfront,Amazon Web Services,Nginx] [4b074b0b59693fa9f94fb71b175fb187]
https://support.mackeeper.com [200] [GET] [text/html] [] [nginx] [vhost] [Nginx] [e0aa021e21dddbd6d8cecec71e9cf564]
https://sz.mackeeper.com [403] [GET] [text/html] [403 Forbidden] [nginx] [vhost] [cloudfront] [Amazon Cloudfront,Amazon Web Services,Nginx] [4b074b0b59693fa9f94fb71b175fb187]
https://sz.mackeeper.com [403] [GET] [text/html] [403 Forbidden] [nginx] [vhost] [cloudfront] [Amazon Cloudfront,Amazon Web Services,Nginx] [9fe3cb2b7313dc79bb477bc8fde184a7]
https://test-affiliates.mackeeper.com [403] [GET] [text/html] [Access Forbidden] [CloudFront] [vhost] [cloudfront] [Amazon Cloudfront,Amazon Web Services,Google Font API] [d6f38b6a04817bd1d77ae5f0d9e9e55c]
https://trackmymac.mackeeper.com [301] [GET] [text/html] [] [nginx] [vhost] [Nginx] [d41d8cd98f00b204e9800998ecf8427e]
https://update.mackeeper.com [403] [GET] [application/xml] [] [AmazonS3] [vhost] [cloudfront] [Amazon Cloudfront,Amazon S3,Amazon Web Services] [2856bb85ae3a50c0ba9e7252035eaff3]
https://update.mackeeper.com [403] [GET] [application/xml] [] [AmazonS3] [vhost] [cloudfront] [Amazon Cloudfront,Amazon S3,Amazon Web Services] [3b048dd8452b63e31b4f25609711c2d4]
https://updateav.mackeeper.com [403] [GET] [application/xml] [] [AmazonS3] [vhost] [cloudfront] [Amazon Cloudfront,Amazon S3,Amazon Web Services] [c9b97f643f51be65dc84924b7ecb8a42]
https://updateav.mackeeper.com [403] [GET] [application/xml] [] [AmazonS3] [vhost] [cloudfront] [Amazon Cloudfront,Amazon S3,Amazon Web Services] [f289a65943d52f0a0d3809ca8e479471]
https://updater.mackeeper.com [302] [GET] [text/html] [] [nginx] [vhost] [Nginx] [d41d8cd98f00b204e9800998ecf8427e]
https://updates-cdn.mackeeper.com [403] [GET] [application/xml] [] [AmazonS3] [vhost] [cloudfront] [Amazon Cloudfront,Amazon S3,Amazon Web Services] [4cea9a7248bb449fdd2b5113ab731585]
https://updates-cdn.mackeeper.com [403] [GET] [application/xml] [] [AmazonS3] [vhost] [cloudfront] [Amazon Cloudfront,Amazon S3,Amazon Web Services] [e147071cb371cee7fa2c09c710db1c2f]
https://updatetracker.mackeeper.com [302] [GET] [text/html] [] [nginx] [vhost] [Nginx] [d41d8cd98f00b204e9800998ecf8427e]
https://vpn-api.mackeeper.com [301] [GET] [text/html] [] [Apache/2.4.41 (Ubuntu)] [Apache,Ubuntu] [d41d8cd98f00b204e9800998ecf8427e]
https://www.mackeeper.com [301] [GET] [text/html] [301 Moved Permanently] [nginx] [vhost] [cloudfront] [Amazon Cloudfront,Amazon Web Services,Nginx] [4f8e702cc244ec5d4de32740c0ecbd97]
https://yapi.mackeeper.com [403] [GET] [text/html] [403 Forbidden] [nginx] [vhost] [Nginx] [4b074b0b59693fa9f94fb71b175fb187]
https://yapi.mackeeper.com [403] [GET] [text/html] [403 Forbidden] [nginx] [vhost] [Nginx] [9fe3cb2b7313dc79bb477bc8fde184a7]
https://zchat.account.mackeeper.com [200] [GET] [text/html] [Zchat] [AmazonS3] [vhost] [cloudfront] [Amazon Cloudfront,Amazon S3,Amazon Web Services] [aaa598ddbc5e32e201715b7cd582af22]
