http://help.magisto.com:8443 [400] [GET] [text/html] [400 The plain HTTP request was sent to HTTPS port] [cloudflare] [cloudflare] [20ad84d030031252141ca0b3fc0183f0]
http://imgmail.magisto.com [403] [GET] [text/html] [] [nginx] [Nginx] [086d9069069ed62de536cbd4f326d0a9]
http://m.magisto.com [301] [GET] [text/html] [301 Moved] [ghs] [vhost] [b52f43c0c6f36cd9108f446fa0899f3e]
http://mail.magisto.com [404] [GET] [text/html] [Error 404 (Not Found)!!1] [ghs] [b81150861bf911f947660cf73bce77f6]
https://ablink.videofy.magisto.com [404] [GET] [text/html] [404 Not Found] [nginx] [Nginx] [8e325dc2fea7c8900fc6c4b8c6c394fe]
https://api.magisto.com [404] [GET] [application/json] [] [nginx/1.10.3] [vhost] [Nginx] [4be3b985dac47e4f6d53661e61140e16]
https://chant.magisto.com [404] [GET] [text/html] [404 Not Found] [nginx] [Nginx] [70461da8b94c6ca5d2fda3260c5a8c3b]
https://chant.magisto.com [404] [GET] [text/html] [404 Not Found] [nginx] [Nginx] [8e325dc2fea7c8900fc6c4b8c6c394fe]
https://docs.magisto.com [301] [GET] [text/html] [301 Moved Permanently] [nginx/1.10.3] [Nginx] [55ddfe7044cf0f3a257edb0ddeb20fb5]
https://feed.magisto.com [403] [GET] [application/xml] [] [AmazonS3] [vhost] [cloudfront] [Amazon Cloudfront,Amazon S3,Amazon Web Services] [142af74e2aea88f0f29a06751aa07997]
https://feed.magisto.com [403] [GET] [application/xml] [] [AmazonS3] [vhost] [cloudfront] [Amazon Cloudfront,Amazon S3,Amazon Web Services] [f608ddd6e9aa0b9887e2597e13aa62a5]
https://help.magisto.com [301] [GET] [text/html] [] [cloudflare] [vhost] [cloudflare] [Cloudflare,Cloudflare Network Error Logging,Zendesk] [c7b83b0e893dcbd4de96a99176449e4f]
https://ioslgr.magisto.com [200] [GET] [text/html] [Online Video Editor | Smart Video Maker by Magisto] [nginx/1.10.3] [vhost] [Google Tag Manager,Nginx] [7d1b6ae307008ef9be178671c832679c]
https://ioslgr.magisto.com [200] [GET] [text/html] [Online Video Editor | Smart Video Maker by Magisto] [nginx/1.10.3] [vhost] [Google Tag Manager,Nginx] [f36c41652a2cfd5072fadaf5432aa682]
https://link.gdpr.magisto.com [404] [GET] [text/html] [404 Not Found] [nginx] [Nginx] [70461da8b94c6ca5d2fda3260c5a8c3b]
https://link.gdpr.magisto.com [404] [GET] [text/html] [404 Not Found] [nginx] [Nginx] [8e325dc2fea7c8900fc6c4b8c6c394fe]
https://lp.magisto.com [404] [GET] [text/plain] [] [] [f9ae9006943e3a67b95ca4c6c733b6d4]
https://magisto.com [301] [GET] [text/html] [301 Moved Permanently] [nginx/1.10.3] [Nginx] [55ddfe7044cf0f3a257edb0ddeb20fb5]
https://musiclib.magisto.com [403] [GET] [application/xml] [] [AmazonS3] [vhost] [cloudfront] [Amazon Cloudfront,Amazon S3,Amazon Web Services] [d7dc3700b56dea8dfb58f3bf8b5579e7]
https://ntdc.magisto.com [404] [GET] [text/html] [404 Not Found] [nginx] [Nginx] [8e325dc2fea7c8900fc6c4b8c6c394fe]
https://push.magisto.com [301] [GET] [text/html] [301 Moved Permanently] [nginx/1.10.3] [Nginx] [55ddfe7044cf0f3a257edb0ddeb20fb5]
https://res.magisto.com [200] [GET] [text/html] [] [nginx/1.10.3] [vhost] [cloudfront] [Amazon Cloudfront,Amazon Web Services,Nginx] [d41d8cd98f00b204e9800998ecf8427e]
https://result.magisto.com [403] [GET] [application/xml] [] [AmazonS3] [vhost] [cloudfront] [Amazon Cloudfront,Amazon S3,Amazon Web Services] [3e98fb62313d7d1cb70d6205a9c19d05]
https://result.magisto.com [403] [GET] [application/xml] [] [AmazonS3] [vhost] [cloudfront] [Amazon Cloudfront,Amazon S3,Amazon Web Services] [6b702c2cb6f7b72cc6014c69c3aa9b59]
https://source.magisto.com [403] [GET] [application/xml] [] [AmazonS3] [vhost] [cloudfront] [Amazon Cloudfront,Amazon S3,Amazon Web Services] [03c1f844ad4f15fdbc6eaf940a8d4970]
https://source.magisto.com [403] [GET] [application/xml] [] [AmazonS3] [vhost] [cloudfront] [Amazon Cloudfront,Amazon S3,Amazon Web Services] [27a38d05cd09ef3043d6fc38da516e06]
https://source1.magisto.com [403] [GET] [application/xml] [] [AmazonS3] [vhost] [cloudfront] [Amazon Cloudfront,Amazon S3,Amazon Web Services] [afd3fc5fc9def752b06c671a12a17383]
https://source1.magisto.com [403] [GET] [application/xml] [] [AmazonS3] [vhost] [cloudfront] [Amazon Cloudfront,Amazon S3,Amazon Web Services] [b76c8c5575b3fc55c41f42665ebc773a]
https://source2.magisto.com [403] [GET] [application/xml] [] [AmazonS3] [vhost] [cloudfront] [Amazon Cloudfront,Amazon S3,Amazon Web Services] [dc499e508645bba0fc5a8052b73ff3ce]
https://source2.magisto.com [403] [GET] [application/xml] [] [AmazonS3] [vhost] [cloudfront] [Amazon Cloudfront,Amazon S3,Amazon Web Services] [dd4ef7125fa5c8f5bd5341f2e0c2e132]
https://source3.magisto.com [403] [GET] [application/xml] [] [AmazonS3] [vhost] [cloudfront] [Amazon Cloudfront,Amazon S3,Amazon Web Services] [6b4b83a3858bc7425ae9e28e7c64359d]
https://source3.magisto.com [403] [GET] [application/xml] [] [AmazonS3] [vhost] [cloudfront] [Amazon Cloudfront,Amazon S3,Amazon Web Services] [fabd2ea2d09069d55dce96abc3610af2]
https://static.magisto.com [403] [GET] [application/xml] [] [AmazonS3] [vhost] [cloudfront] [Amazon Cloudfront,Amazon S3,Amazon Web Services] [2b022aaff17a8288e3ca6964c48695ae]
https://static.magisto.com [403] [GET] [application/xml] [] [AmazonS3] [vhost] [cloudfront] [Amazon Cloudfront,Amazon S3,Amazon Web Services] [ffc72d9a326131d3f3606abfce282cc1]
https://url1368.chant.magisto.com [404] [GET] [text/html] [404 Not Found] [nginx/1.10.3] [Nginx] [70461da8b94c6ca5d2fda3260c5a8c3b]
https://url1368.chant.magisto.com [404] [GET] [text/html] [404 Not Found] [nginx/1.10.3] [Nginx] [8e325dc2fea7c8900fc6c4b8c6c394fe]
https://url3344.app.magisto.com [404] [GET] [text/html] [404 Not Found] [nginx/1.10.3] [Nginx] [70461da8b94c6ca5d2fda3260c5a8c3b]
https://vimeo.magisto.com [301] [GET] [text/html] [] [nginx/1.10.3] [vhost] [Nginx] [d41d8cd98f00b204e9800998ecf8427e]
https://www.magisto.com [200] [GET] [text/html] [Online Video Editor | Smart Video Maker by Magisto] [nginx/1.10.3] [vhost] [Google Tag Manager,Nginx] [384060f83de7b46aa2469fd1a076de22]
https://www.magisto.com [200] [GET] [text/html] [Online Video Editor | Smart Video Maker by Magisto] [nginx/1.10.3] [vhost] [Google Tag Manager,Nginx] [7d1b6ae307008ef9be178671c832679c]
https://youtube.magisto.com [200] [GET] [text/html] [Online Video Editor | Smart Video Maker by Magisto] [nginx/1.10.3] [Google Tag Manager,Nginx] [f36c41652a2cfd5072fadaf5432aa682]
