http://device.miwifi.com [302] [GET] [text/plain] [] [Tengine] [vhost] [Tengine] [d41d8cd98f00b204e9800998ecf8427e]
http://eu.broker.miwifi.com:8000 [403] [GET] [text/html] [403 Forbidden] [nginx] [Nginx] [64547b5131c24f4eec707dd663d3fa41]
http://eu.broker.miwifi.com:8008 [403] [GET] [text/html] [403 Forbidden] [nginx] [Nginx] [6dfd6031e7c38d1b744c38ab7a9f7adc]
http://eu.broker.miwifi.com:8009 [403] [GET] [text/html] [403 Forbidden] [nginx] [Nginx] [64547b5131c24f4eec707dd663d3fa41]
http://eu.broker.miwifi.com:8010 [403] [GET] [text/html] [403 Forbidden] [nginx] [Nginx] [64547b5131c24f4eec707dd663d3fa41]
http://eu.broker.miwifi.com:8080 [400] [GET] [application/octet-stream] [] [nginx] [vhost] [Nginx] [a7580517da3f5ec0f09c0dd1b2644c4f]
http://eu.broker.miwifi.com:8082 [403] [GET] [text/html] [403 Forbidden] [nginx] [Nginx] [64547b5131c24f4eec707dd663d3fa41]
http://eu.broker.miwifi.com:8083 [403] [GET] [text/html] [403 Forbidden] [nginx] [Nginx] [6dfd6031e7c38d1b744c38ab7a9f7adc]
http://eu.broker.miwifi.com:8085 [403] [GET] [text/html] [403 Forbidden] [nginx] [Nginx] [6dfd6031e7c38d1b744c38ab7a9f7adc]
http://eu.broker.miwifi.com:8087 [403] [GET] [text/html] [403 Forbidden] [nginx] [Nginx] [64547b5131c24f4eec707dd663d3fa41]
http://eu.broker.miwifi.com:8099 [403] [GET] [text/html] [403 Forbidden] [nginx] [Nginx] [64547b5131c24f4eec707dd663d3fa41]
http://eu.broker.miwifi.com:81 [403] [GET] [text/html] [403 Forbidden] [nginx] [Nginx] [64547b5131c24f4eec707dd663d3fa41]
http://eu.broker.miwifi.com:8180 [403] [GET] [text/html] [403 Forbidden] [nginx] [Nginx] [64547b5131c24f4eec707dd663d3fa41]
http://eu.broker.miwifi.com:82 [403] [GET] [text/html] [403 Forbidden] [nginx] [Nginx] [64547b5131c24f4eec707dd663d3fa41]
http://eu.broker.miwifi.com:88 [403] [GET] [text/html] [403 Forbidden] [nginx] [Nginx] [6dfd6031e7c38d1b744c38ab7a9f7adc]
http://eu.broker.miwifi.com:9000 [403] [GET] [text/html] [403 Forbidden] [nginx] [Nginx] [64547b5131c24f4eec707dd663d3fa41]
http://eu.broker.miwifi.com:9001 [403] [GET] [text/html] [403 Forbidden] [nginx] [Nginx] [64547b5131c24f4eec707dd663d3fa41]
http://eu.broker.miwifi.com:9002 [403] [GET] [text/html] [403 Forbidden] [nginx] [Nginx] [6dfd6031e7c38d1b744c38ab7a9f7adc]
http://eu.broker.miwifi.com:9003 [403] [GET] [text/html] [403 Forbidden] [nginx] [Nginx] [6dfd6031e7c38d1b744c38ab7a9f7adc]
http://eu.broker.miwifi.com:9009 [403] [GET] [text/html] [403 Forbidden] [nginx] [Nginx] [6dfd6031e7c38d1b744c38ab7a9f7adc]
http://eu.broker.miwifi.com:9011 [403] [GET] [text/html] [403 Forbidden] [nginx] [Nginx] [64547b5131c24f4eec707dd663d3fa41]
http://eu.broker.miwifi.com:9090 [403] [GET] [text/html] [403 Forbidden] [nginx] [Nginx] [6dfd6031e7c38d1b744c38ab7a9f7adc]
http://eu.broker.miwifi.com:9999 [403] [GET] [text/html] [403 Forbidden] [nginx] [Nginx] [64547b5131c24f4eec707dd663d3fa41]
http://preview.api.miwifi.com [404] [GET] [text/html] [404 Not Found] [Tengine/2.2.0] [Tengine] [8e1ab6d0065eb5edd6965bfa361bc2dc]
http://proxy.miwifi.com [403] [GET] [text/html] [403 Forbidden] [Tengine] [Tengine] [5e81425926e012ccf7fcd689b690a4ec]
http://www.miwifi.com:10012 [400] [GET] [text/html] [400 Bad Request] [nginx] [Nginx] [6519e063167c2f57305cdf6c2c207d5f]
http://www.miwifi.com:1066 [400] [GET] [text/html] [400 Bad Request] [nginx] [Nginx] [443f323e95a7311f0f2f7478e5a73c8c]
http://www.miwifi.com:1086 [400] [GET] [text/html] [400 Bad Request] [nginx] [Nginx] [608ccb5c5b55602ba8c8e5c33a6ad440]
http://www.miwifi.com:1443 [400] [GET] [text/html] [400 Bad Request] [nginx] [Nginx] [0100a1927a76704242390f9fff77047c]
http://www.miwifi.com:15000 [400] [GET] [text/html] [400 Bad Request] [nginx] [Nginx] [fddb1700b74d0045a650ec0cb4eee38a]
http://www.miwifi.com:20005 [400] [GET] [text/html] [400 Bad Request] [nginx] [Nginx] [0382229c04a1d9404aa26cac43ce662b]
http://www.miwifi.com:2323 [404] [GET] [] [] [] [bb1ca97ec761fc37101737ba0aa2e7c5]
http://www.miwifi.com:3306 [400] [GET] [text/html] [400 Bad Request] [nginx] [Nginx] [05597186404d59936360422dc8bb4510]
http://www.miwifi.com:4000 [400] [GET] [text/html] [400 Bad Request] [nginx] [Nginx] [9a1d4a779b3f0bb404e7233a54be4fc5]
http://www.miwifi.com:444 [400] [GET] [text/html] [400 Bad Request] [nginx] [Nginx] [c9ca77a30e0ca57f7fb6320b3e05c923]
http://www.miwifi.com:4443 [400] [GET] [text/html] [400 Bad Request] [nginx] [Nginx] [d7ccd41da83c32f685af2d993a42de2f]
http://www.miwifi.com:4445 [400] [GET] [text/html] [400 Bad Request] [nginx] [Nginx] [732856b96f8392da5e46c40574d4d25a]
http://www.miwifi.com:4446 [400] [GET] [text/html] [400 Bad Request] [nginx] [Nginx] [d634421087bfee668e92f0305e93cbb0]
http://www.miwifi.com:50003 [400] [GET] [text/html] [400 Bad Request] [nginx] [Nginx] [bb6e582bf46c7018a2267e2ee2e252f6]
http://www.miwifi.com:5002 [400] [GET] [text/html] [400 Bad Request] [nginx] [Nginx] [8c81adae5c7476f25e921e53b270ca3d]
http://www.miwifi.com:5030 [400] [GET] [text/html] [400 Bad Request] [nginx] [Nginx] [9019a889ee69c7514ca598479cf493a2]
http://www.miwifi.com:6003 [400] [GET] [text/html] [400 Bad Request] [nginx] [Nginx] [db304de22aad0168bc26478a38eb57bb]
http://www.miwifi.com:6101 [400] [GET] [text/html] [400 Bad Request] [nginx] [Nginx] [b84bf51a8afec0887c954aaa54d2b6f1]
http://www.miwifi.com:7100 [400] [GET] [text/html] [400 Bad Request] [nginx] [Nginx] [f645622d6a44f4dfb28aa91d1cecc4e5]
http://www.miwifi.com:7999 [400] [GET] [text/html] [400 Bad Request] [nginx] [Nginx] [b25e088d07217b03097ca5d46343bec4]
http://www.miwifi.com:8002 [400] [GET] [text/html] [400 Bad Request] [nginx] [Nginx] [94829ee0788eb081129ede97bd65379b]
http://www.miwifi.com:801 [400] [GET] [text/html] [400 Bad Request] [nginx] [Nginx] [fd4bb8784d0c70da1404b9ad1e1daa41]
http://www.miwifi.com:8010 [400] [GET] [text/html] [400 Bad Request] [nginx] [Nginx] [4f2e18472a25d33718218354802c4e1a]
http://www.miwifi.com:8042 [400] [GET] [text/html] [400 Bad Request] [nginx] [Nginx] [834c1492923954d6a11121a20ea8a330]
http://www.miwifi.com:8080 [403] [GET] [text/html] [403 Forbidden] [nginx] [Nginx] [e5b3d908251658b0f7787af49bb40e5c]
http://www.miwifi.com:8082 [400] [GET] [text/html] [400 Bad Request] [nginx] [Nginx] [0400ca61bfbc318d4c8a1791ad09bf1d]
http://www.miwifi.com:8084 [400] [GET] [text/html] [400 Bad Request] [nginx] [Nginx] [2836236300ed4c37130b62dcc5d1ee17]
http://www.miwifi.com:8085 [400] [GET] [text/html] [400 Bad Request] [nginx] [Nginx] [3ec22b69a98c6d79f7ef4149590c2a98]
http://www.miwifi.com:8086 [400] [GET] [text/html] [400 Bad Request] [nginx] [Nginx] [be141568345031d1872b99864f91be7a]
http://www.miwifi.com:8090 [400] [GET] [text/html] [400 Bad Request] [nginx] [Nginx] [f791e22c4a157dbee23744054e29b5a4]
http://www.miwifi.com:8383 [400] [GET] [text/html] [400 Bad Request] [nginx] [Nginx] [7bf01acd69e2fababa01422b1ac7af78]
http://www.miwifi.com:88 [403] [GET] [text/html] [403 Forbidden] [nginx] [Nginx] [2e8296e316d4d302e82a07cdf2308229]
http://www.miwifi.com:8800 [400] [GET] [text/html] [400 Bad Request] [nginx] [Nginx] [7432bb25650a5faf4ee677e4be14b456]
http://www.miwifi.com:9000 [400] [GET] [text/html] [400 Bad Request] [nginx] [Nginx] [26f36ea0e34ca1f89f893b4df75ae5cc]
http://www.miwifi.com:9001 [400] [GET] [text/html] [400 Bad Request] [nginx] [Nginx] [38f9eb69b811cdc492db23793569ae03]
http://www.miwifi.com:9002 [400] [GET] [text/html] [400 Bad Request] [nginx] [Nginx] [de974fb3ea729eeec3c2be8940189702]
http://www.miwifi.com:9009 [400] [GET] [text/html] [400 Bad Request] [nginx] [Nginx] [62ac442631332329108efc8cb8459529]
http://www.miwifi.com:9091 [400] [GET] [text/html] [400 Bad Request] [nginx] [Nginx] [7d96cf9bbb0853edb5b9c3985d0a675e]
http://www.miwifi.com:9099 [400] [GET] [text/html] [400 Bad Request] [nginx] [Nginx] [5976b27089c52ab1960077863167fb20]
http://www.miwifi.com:9100 [400] [GET] [text/html] [400 Bad Request] [nginx] [Nginx] [8463cf6dc096e9c89d45d036795e7470]
http://www.miwifi.com:9101 [400] [GET] [text/html] [400 Bad Request] [nginx] [Nginx] [7c3479e6d533f00160c68dd277725c9e]
http://www.miwifi.com:9103 [400] [GET] [text/html] [400 Bad Request] [nginx] [Nginx] [744bde68d93761b7b18ce7c1418e29f8]
http://www.miwifi.com:9900 [400] [GET] [text/html] [400 Bad Request] [nginx] [Nginx] [0e187ea62ed131d32223e7b4ce499998]
http://www.miwifi.com:9917 [400] [GET] [text/html] [400 Bad Request] [nginx] [Nginx] [46270248ad1318881e4087ea58ffd70b]
http://www.miwifi.com:9929 [400] [GET] [text/html] [400 Bad Request] [nginx] [Nginx] [48dc47e72bb2546122d6eeae74dac272]
http://www.miwifi.com:9944 [400] [GET] [text/html] [400 Bad Request] [nginx] [Nginx] [560db2b4c7b7cf58048b27da093eab33]
http://www.miwifi.com:999 [400] [GET] [text/html] [400 Bad Request] [nginx] [Nginx] [0d4a063958845df00c69a9f009932418]
https://api.miwifi.com [403] [GET] [text/html] [403 Forbidden] [Tengine] [Tengine] [1a1651902c254af73889549b2d548dae]
https://api.miwifi.com [403] [GET] [text/html] [403 Forbidden] [Tengine] [Tengine] [76e10f93350d0108416565c637e994cb]
https://app.miwifi.com [403] [GET] [text/html] [403 Forbidden] [Tengine] [Tengine] [7a8ace6bd5ddd3dc202252613175189f]
https://app.miwifi.com [403] [GET] [text/html] [403 Forbidden] [Tengine] [Tengine] [804428eea1b76d760c4c2bd07cf39626]
https://bigota.miwifi.com [200] [GET] [text/html] [Welcome to tengine!] [Tengine] [vhost] [Tengine] [4d527c4a0d8c71c830aac879ce1a340b]
https://broker.miwifi.com [400] [GET] [application/octet-stream] [] [Tengine] [vhost] [Tengine] [1fe7566d60ce129e7494390f58f6fa24]
https://broker.miwifi.com [400] [GET] [application/octet-stream] [] [Tengine] [vhost] [Tengine] [e3ff6c240fe3be3198b0fe53675e553e]
https://d.miwifi.com [403] [GET] [text/html] [403 Forbidden] [Tengine] [Tengine] [0db87040d2253f6cca33ed28ea701cde]
https://d.miwifi.com [403] [GET] [text/html] [403 Forbidden] [Tengine] [Tengine] [3cd75a1ddb3dcc3663aae7377fcb18fc]
https://eu.api.miwifi.com [404] [GET] [text/html] [404 Not Found] [Tengine] [vhost] [Tengine] [8e1ab6d0065eb5edd6965bfa361bc2dc]
https://eu.broker.miwifi.com [400] [GET] [application/octet-stream] [] [nginx] [vhost] [Nginx] [3be07f8afba0e6401221f3881f83c433]
https://eu.broker.miwifi.com [400] [GET] [application/octet-stream] [] [nginx] [vhost] [Nginx] [ec9a0f98436c63339b8523e3495eb889]
https://eu.broker.miwifi.com:10002 [403] [GET] [text/html] [403 Forbidden] [nginx] [Nginx] [64547b5131c24f4eec707dd663d3fa41]
https://eu.broker.miwifi.com:2222 [403] [GET] [text/html] [403 Forbidden] [nginx] [Nginx] [64547b5131c24f4eec707dd663d3fa41]
https://eu.broker.miwifi.com:444 [403] [GET] [text/html] [403 Forbidden] [nginx] [Nginx] [64547b5131c24f4eec707dd663d3fa41]
https://eu.broker.miwifi.com:8081 [400] [GET] [text/html] [400 Bad Request] [nginx] [Nginx] [71f251b7007a651817b711e5bb5ce88d]
https://eu.broker.miwifi.com:8088 [400] [GET] [text/html] [400 Bad Request] [nginx] [Nginx] [a3a551531ea155bddac26ffb222a8f91]
https://eu.broker.miwifi.com:8090 [400] [GET] [text/html] [400 Bad Request] [nginx] [Nginx] [71f251b7007a651817b711e5bb5ce88d]
https://eu.broker.miwifi.com:8443 [403] [GET] [text/html] [403 Forbidden] [nginx] [Nginx] [6dfd6031e7c38d1b744c38ab7a9f7adc]
https://eu.broker.miwifi.com:9200 [403] [GET] [text/html] [403 Forbidden] [nginx] [Nginx] [6dfd6031e7c38d1b744c38ab7a9f7adc]
https://htp.miwifi.com [403] [GET] [text/html] [403 Forbidden] [Tengine] [Tengine] [5af3d5eeb91c6bf7b4e4b34a1ed9d0f0]
https://htp.miwifi.com [403] [GET] [text/html] [403 Forbidden] [Tengine] [Tengine] [7202a5926e30edd7d212233f2902e320]
https://in.api.miwifi.com [404] [GET] [text/html] [404 Not Found] [Tengine] [vhost] [Tengine] [8e1ab6d0065eb5edd6965bfa361bc2dc]
https://in.broker.miwifi.com [400] [GET] [application/octet-stream] [] [nginx] [vhost] [Nginx] [0d6d11df8c057d6e0885d366d2f3ff9a]
https://in.broker.miwifi.com [400] [GET] [application/octet-stream] [] [nginx] [vhost] [Nginx] [644cd0d00b5ac8572735097775f2fdf7]
https://in.log.miwifi.com [403] [GET] [text/html] [403 Forbidden] [Tengine] [Tengine] [376a6750adf7b0f4ccc565ff1086a959]
https://in.log.miwifi.com [403] [GET] [text/html] [403 Forbidden] [Tengine] [Tengine] [98c33025c86e9af5ba67c0bea08381e9]
https://log.miwifi.com [403] [GET] [text/html] [403 Forbidden] [Tengine] [Tengine] [2c66aca3b6ae72048683c29a03ef86fc]
https://miwifi.com [200] [GET] [text/html] [MiWiFi – 小米路由器官网] [Tengine] [vhost] [Tengine] [84f043a6f1f686146946af54fde92fc3]
https://orig.bigota.miwifi.com [200] [GET] [text/html] [Welcome to tengine!] [Tengine] [Tengine] [4d527c4a0d8c71c830aac879ce1a340b]
https://orig.s.miwifi.com [403] [GET] [text/html] [403 Forbidden] [Tengine] [Tengine] [4f0b8ec69c8a99a28a10a207ab7ea295]
https://orig.s.miwifi.com [403] [GET] [text/html] [403 Forbidden] [Tengine] [Tengine] [84bbe842e6fbdd5d1c4fc2eb5294697a]
https://orig.www.miwifi.com [200] [GET] [text/html] [MiWiFi – 小米路由器官网] [Tengine] [Tengine] [84f043a6f1f686146946af54fde92fc3]
https://pc.api.miwifi.com [404] [GET] [text/html] [404 Not Found] [Tengine] [Tengine] [8e1ab6d0065eb5edd6965bfa361bc2dc]
https://router.miwifi.com [200] [GET] [text/html] [] [Tengine] [Tengine] [708014a9a929b37935e38e94335900df]
https://ru.api.miwifi.com [404] [GET] [text/html] [404 Not Found] [CLOUD ELB 1.0.0] [vhost] [8e1ab6d0065eb5edd6965bfa361bc2dc]
https://ru.broker.miwifi.com [400] [GET] [application/octet-stream] [] [nginx] [vhost] [Nginx] [24188a700eab4f6fcb80cb3a888473e1]
https://ru.broker.miwifi.com [400] [GET] [application/octet-stream] [] [nginx] [vhost] [Nginx] [b6725095443e39e7844d0b9d34350552]
https://sg.api.miwifi.com [404] [GET] [text/html] [404 Not Found] [] [vhost] [8e1ab6d0065eb5edd6965bfa361bc2dc]
https://sg.broker.miwifi.com [400] [GET] [application/octet-stream] [] [nginx] [vhost] [Nginx] [679822f1e5c090d2c01b89a96fc396a8]
https://sg.broker.miwifi.com [400] [GET] [application/octet-stream] [] [nginx] [vhost] [Nginx] [f0e42519015a6e46352083020fe26fb0]
https://tw.api.miwifi.com [404] [GET] [text/html] [404 Not Found] [] [vhost] [8e1ab6d0065eb5edd6965bfa361bc2dc]
https://tw.log.miwifi.com [404] [GET] [text/html] [404 Not Found] [] [vhost] [415635d4e00427a5c3b537aedc5fc14c]
https://tw.log.miwifi.com [404] [GET] [text/html] [404 Not Found] [] [vhost] [b7a5a7724bfa3a24636a7b4f085c268f]
https://us.api.miwifi.com [404] [GET] [text/html] [404 Not Found] [Tengine] [vhost] [Tengine] [8e1ab6d0065eb5edd6965bfa361bc2dc]
https://us.log.miwifi.com [403] [GET] [text/html] [403 Forbidden] [Tengine] [Tengine] [2bbbd395fef838bb189bd5071a49fcce]
https://us.log.miwifi.com [403] [GET] [text/html] [403 Forbidden] [Tengine] [Tengine] [cf52c9be1d9d947d4f30c7ec9f3c2356]
https://weixin.miwifi.com [200] [GET] [text/html] [MiWiFi – 小米路由器官网] [Tengine] [Tengine] [84f043a6f1f686146946af54fde92fc3]
https://www.miwifi.com [200] [GET] [text/html] [MiWiFi – 小米路由器官网] [Tengine] [Tengine] [84f043a6f1f686146946af54fde92fc3]
https://www.miwifi.com:8000 [400] [GET] [text/html] [400 Bad Request] [nginx] [Nginx] [fc5ced5e93dbd73631a3d1c595e99c4f]
https://www.miwifi.com:8081 [400] [GET] [text/html] [400 Bad Request] [nginx] [Nginx] [0bd681f7a9154d2446d81b48ea9574b3]
https://www.miwifi.com:8088 [400] [GET] [text/html] [400 Bad Request] [nginx] [Nginx] [41ed1ae9d6c0a21c76d55a608cf45669]
https://www.miwifi.com:8443 [403] [GET] [text/html] [403 Forbidden] [nginx] [Nginx] [2cc098d15db4f892d6a68f7cec169f81]
https://www1.miwifi.com [200] [GET] [text/html] [MiWiFi – 小米路由器官网] [Tengine] [vhost] [Tengine] [84f043a6f1f686146946af54fde92fc3]
