http://omicron.my.com:2041 [404] [GET] [text/html] [404 Not Found] [nginx/] [Nginx] [cbf063343955459936f277d1fcca9908]
http://push-me.my.com:2041 [404] [GET] [text/html] [404 Not Found] [nginx/] [Nginx] [28fba9f2b31cd8f1388f476000f8f60e]
https://1l-go.my.com [404] [GET] [text/html] [404 Not Found] [nginx/1.14.0 (Ubuntu)] [vhost] [Nginx,Ubuntu] [7e2c427186d4e1bac52813383423e82e]
https://1l-hit.my.com [404] [GET] [text/html] [404 Not Found] [nginx/1.14.0 (Ubuntu)] [vhost] [Nginx,Ubuntu] [7e2c427186d4e1bac52813383423e82e]
https://1l-hit.my.com [404] [GET] [text/html] [404 Not Found] [nginx/1.14.0 (Ubuntu)] [vhost] [Nginx,Ubuntu] [9e47d3a502a7b2bcec1f1375430ca0eb]
https://ads.my.com [204] [GET] [] [] [nginx] [Nginx] [d41d8cd98f00b204e9800998ecf8427e]
https://api.wf.my.com [404] [GET] [application/json] [] [nginx] [vhost] [Nginx] [d41d8cd98f00b204e9800998ecf8427e]
https://appscashout.my.com [302] [GET] [text/html] [] [kittenx] [vhost] [d41d8cd98f00b204e9800998ecf8427e]
https://art.my.com [404] [GET] [text/html] [404 Not Found] [nginx/1.21.6] [vhost] [Nginx] [8eec510e57f5f732fd2cce73df7b73ef]
https://awmobile.my.com [403] [GET] [text/html] [403 Forbidden] [nginx/1.19.4] [vhost] [Nginx] [6cb5d131a22d414179508356d3f1ef99]
https://beta.ml.tracker.my.com [404] [GET] [text/html] [404 Not Found] [nginx] [Nginx] [70461da8b94c6ca5d2fda3260c5a8c3b]
https://beta.ml.tracker.my.com [404] [GET] [text/html] [404 Not Found] [nginx] [Nginx] [8e325dc2fea7c8900fc6c4b8c6c394fe]
https://esports.my.com [301] [GET] [text/html] [301 Moved Permanently] [nginx] [Nginx] [4f8e702cc244ec5d4de32740c0ecbd97]
https://eu.tracker-api.my.com [204] [GET] [] [] [nginx] [Nginx] [d41d8cd98f00b204e9800998ecf8427e]
https://games.my.com [302] [GET] [text/html] [302 Found] [nginx/1.21.6] [vhost] [Nginx] [aff950cab4c0265e21d401db15f1026d]
https://go.aw.my.com [301] [GET] [text/plain] [] [] [vhost] [d41d8cd98f00b204e9800998ecf8427e]
https://go.cb.my.com [301] [GET] [text/plain] [] [] [vhost] [d41d8cd98f00b204e9800998ecf8427e]
https://go.ro.my.com [301] [GET] [text/plain] [] [] [vhost] [d41d8cd98f00b204e9800998ecf8427e]
https://go.sf.my.com [301] [GET] [text/plain] [] [] [vhost] [d41d8cd98f00b204e9800998ecf8427e]
https://m.my.com [302] [GET] [text/html] [302 Found] [nginx/1.9.2] [vhost] [Nginx] [31b843e8e4be3cc57bf0e26fdc4d3487]
https://magicc.my.com [403] [GET] [text/html] [403 Forbidden] [nginx/1.17.9] [Nginx] [159ae43458145d5dd590f99e6bdb35e8]
https://magicc.my.com [403] [GET] [text/html] [403 Forbidden] [nginx/1.17.9] [Nginx] [e5ee2d3ecf1a2387068bcec73b4938b8]
https://mlattach.my.com [404] [GET] [text/html] [404 Not Found] [nginx/1.14.2] [Nginx] [7ccad328e5b7ca3d91bf0b6609723468]
https://mrb6.my.com [204] [GET] [] [] [nginx] [Nginx] [d41d8cd98f00b204e9800998ecf8427e]
https://mrf22.my.com [204] [GET] [] [] [nginx] [Nginx] [d41d8cd98f00b204e9800998ecf8427e]
https://mrf28.my.com [204] [GET] [] [] [nginx] [Nginx] [d41d8cd98f00b204e9800998ecf8427e]
https://mrf29.my.com [204] [GET] [] [] [nginx] [Nginx] [d41d8cd98f00b204e9800998ecf8427e]
https://my.com [200] [GET] [text/html] [My.com — communication and entertainment services: myMail and games.] [nginx/1.21.6] [vhost] [Nginx] [2ace64915b1ba00d7d3de67e12face1d]
https://my.com [200] [GET] [text/html] [My.com — communication and entertainment services: myMail and games.] [nginx/1.21.6] [vhost] [Nginx] [cb44a8f8358f095f3f7fa55e0832c5ab]
https://myua.my.com [302] [GET] [text/html] [] [nginx] [vhost] [Nginx] [d41d8cd98f00b204e9800998ecf8427e]
https://omicron.my.com [301] [GET] [text/html] [301 Moved Permanently] [nginx/] [vhost] [Nginx] [6d32ed31662d4b25201e1cb23f763e1d]
https://pay.my.com [200] [GET] [text/html] [] [nginx/1.9.2] [vhost] [Nginx] [d41d8cd98f00b204e9800998ecf8427e]
https://portal.my.com [403] [GET] [text/html] [403 Forbidden] [nginx/] [Nginx] [de3959ada0d9d1228dac2a4fc8e72d00]
https://portal.my.com [403] [GET] [text/html] [403 Forbidden] [nginx/] [Nginx] [f137e31145039c60faa32169cd0357bd]
https://push-me.my.com [403] [GET] [text/html] [403 Forbidden] [nginx/] [vhost] [Nginx] [f137e31145039c60faa32169cd0357bd]
https://pw.pay.my.com [404] [GET] [text/html] [404 Not Found] [nginx/1.9.2] [Nginx] [5c6c5a28ad063fe3211211041927f4a5]
https://ru.tracker-api.my.com [204] [GET] [] [] [nginx] [vhost] [Nginx] [d41d8cd98f00b204e9800998ecf8427e]
https://sms2.my.com [403] [GET] [text/html] [403 Forbidden] [nginx/1.9.2] [Nginx] [1bfc9b6b08d247314a99129357f5ffdf]
https://sms2.my.com [403] [GET] [text/html] [403 Forbidden] [nginx/1.9.2] [Nginx] [b845aadb5ed3488e8ced97405890c8b5]
https://static.gc.my.com [200] [GET] [text/html] [] [nginx/1.17.1] [vhost] [Nginx] [01c2cf9cd8530e7f1537159194f42671]
https://static.wos.my.com [404] [GET] [text/html] [404 Not Found] [nginx] [Nginx] [70461da8b94c6ca5d2fda3260c5a8c3b]
https://static.wos.my.com [404] [GET] [text/html] [404 Not Found] [nginx] [Nginx] [8e325dc2fea7c8900fc6c4b8c6c394fe]
https://static.zc.my.com [403] [GET] [text/html] [403 Forbidden] [nginx/1.12.2] [Nginx] [03fcd145468df425ed3f88169b0e6d55]
https://streams.games.my.com [301] [GET] [text/html] [301 Moved Permanently] [nginx] [vhost] [Nginx] [4f8e702cc244ec5d4de32740c0ecbd97]
https://support.my.com [301] [GET] [text/html] [301 Moved Permanently] [nginx] [Nginx] [4f8e702cc244ec5d4de32740c0ecbd97]
https://test.wf.my.com [301] [GET] [text/html] [301 Moved Permanently] [nginx] [Nginx] [4f8e702cc244ec5d4de32740c0ecbd97]
https://tracker-api.my.com [204] [GET] [] [] [nginx] [Nginx] [d41d8cd98f00b204e9800998ecf8427e]
https://u.corp.my.com [301] [GET] [text/html] [301 Moved Permanently] [openresty] [vhost] [Nginx,OpenResty] [3ea1c8d079b38532a6e01a96216ba5e2]
https://wa.ping.wf.my.com [200] [GET] [application/octet-stream] [] [nginx/1.14.0 (Ubuntu)] [Nginx,Ubuntu] [9bb4b33d675c27394d1b4982ec5fee82]
https://wfgo.my.com [200] [GET] [text/html] [] [nginx/1.19.4] [vhost] [Nginx] [cb31b2cda04af30a6952f8cc87e851d9]
https://widget.support.my.com [200] [GET] [text/html] [] [nginx] [vhost] [Nginx] [c43eeb1ef8dd02a7ffc949e01e64b889]
https://ws0.games.my.com [400] [GET] [text/plain] [] [] [66a2979176a842f189024c71962a049c]
https://ws2.games.my.com [400] [GET] [text/plain] [] [] [66a2979176a842f189024c71962a049c]
https://www.my.com [301] [GET] [text/html] [301 Moved Permanently] [nginx/1.9.2] [vhost] [Nginx] [a6d69f9600453e48b30f870ea92f2f99]
https://www.wf.my.com [301] [GET] [text/html] [301 Moved Permanently] [nginx] [Nginx] [4f8e702cc244ec5d4de32740c0ecbd97]
