https://auth.ca1sync.myonlinedata.net [200] [GET] [text/html] [Service status page] [nginx] [vhost] [Nginx] [d3f84e00f23184cc49078e393c54989e]
https://auth.devsync.myonlinedata.net [200] [GET] [text/html] [Service status page] [nginx] [vhost] [Nginx] [d3f84e00f23184cc49078e393c54989e]
https://auth.imsync.myonlinedata.net [200] [GET] [text/html] [Service status page] [nginx] [vhost] [Nginx] [d3f84e00f23184cc49078e393c54989e]
https://auth.jp1sync.myonlinedata.net [200] [GET] [text/html] [Service status page] [nginx] [vhost] [Nginx] [d3f84e00f23184cc49078e393c54989e]
https://auth.myonlinedata.net [200] [GET] [text/html] [Service status page] [nginx] [Nginx] [d3f84e00f23184cc49078e393c54989e]
https://auth.qasync.myonlinedata.net [200] [GET] [text/html] [Service status page] [nginx] [vhost] [Nginx] [d3f84e00f23184cc49078e393c54989e]
https://auth.sync.myonlinedata.net [200] [GET] [text/html] [Service status page] [nginx] [vhost] [Nginx] [d3f84e00f23184cc49078e393c54989e]
https://auth.uksync.myonlinedata.net [200] [GET] [text/html] [Service status page] [nginx] [vhost] [Nginx] [d3f84e00f23184cc49078e393c54989e]
https://auth.us2sync.myonlinedata.net [200] [GET] [text/html] [Service status page] [nginx] [vhost] [Nginx] [d3f84e00f23184cc49078e393c54989e]
https://auth.us3sync.myonlinedata.net [200] [GET] [text/html] [Service status page] [nginx] [vhost] [Nginx] [d3f84e00f23184cc49078e393c54989e]
https://auth.us4sync.myonlinedata.net [200] [GET] [text/html] [Service status page] [nginx] [vhost] [Nginx] [d3f84e00f23184cc49078e393c54989e]
https://auth1.myonlinedata.net [200] [GET] [text/html] [Service status page] [nginx] [Nginx] [d3f84e00f23184cc49078e393c54989e]
https://auth2.myonlinedata.net [200] [GET] [text/html] [Service status page] [nginx] [Nginx] [d3f84e00f23184cc49078e393c54989e]
https://auth3.myonlinedata.net [200] [GET] [text/html] [Service status page] [nginx] [Nginx] [d3f84e00f23184cc49078e393c54989e]
https://ca1sync.myonlinedata.net [200] [GET] [text/html] [Service status page] [nginx] [vhost] [Nginx] [d3f84e00f23184cc49078e393c54989e]
https://cas1.dev.myonlinedata.net [404] [GET] [text/html] [404 Not Found] [nginx] [azure] [Nginx] [8e325dc2fea7c8900fc6c4b8c6c394fe]
https://cas1.myonlinedata.net [404] [GET] [text/html] [404 Not Found] [nginx] [azure] [Nginx] [8e325dc2fea7c8900fc6c4b8c6c394fe]
https://cas1.qa.myonlinedata.net [404] [GET] [text/html] [404 Not Found] [nginx] [azure] [Nginx] [70461da8b94c6ca5d2fda3260c5a8c3b]
https://cas10.myonlinedata.net [404] [GET] [text/html] [404 Not Found] [nginx] [azure] [Nginx] [8e325dc2fea7c8900fc6c4b8c6c394fe]
https://cas100.myonlinedata.net [404] [GET] [text/html] [404 Not Found] [nginx] [azure] [Nginx] [8e325dc2fea7c8900fc6c4b8c6c394fe]
https://cas101.myonlinedata.net [404] [GET] [text/html] [404 Not Found] [nginx] [azure] [Nginx] [8e325dc2fea7c8900fc6c4b8c6c394fe]
https://cas102.myonlinedata.net [404] [GET] [text/html] [404 Not Found] [nginx] [azure] [Nginx] [8e325dc2fea7c8900fc6c4b8c6c394fe]
https://cas11.myonlinedata.net [404] [GET] [text/html] [404 Not Found] [nginx] [azure] [Nginx] [8e325dc2fea7c8900fc6c4b8c6c394fe]
https://cas12.myonlinedata.net [404] [GET] [text/html] [404 Not Found] [nginx] [azure] [Nginx] [8e325dc2fea7c8900fc6c4b8c6c394fe]
https://cas14.myonlinedata.net [404] [GET] [text/html] [404 Not Found] [nginx] [azure] [Nginx] [70461da8b94c6ca5d2fda3260c5a8c3b]
https://cas15.myonlinedata.net [404] [GET] [text/html] [404 Not Found] [nginx] [azure] [Nginx] [70461da8b94c6ca5d2fda3260c5a8c3b]
https://cas16.myonlinedata.net [404] [GET] [text/html] [404 Not Found] [nginx] [azure] [Nginx] [70461da8b94c6ca5d2fda3260c5a8c3b]
https://cas18.myonlinedata.net [404] [GET] [text/html] [404 Not Found] [nginx] [azure] [Nginx] [8e325dc2fea7c8900fc6c4b8c6c394fe]
https://cas2.myonlinedata.net [404] [GET] [text/html] [404 Not Found] [nginx] [azure] [Nginx] [8e325dc2fea7c8900fc6c4b8c6c394fe]
https://cas20.myonlinedata.net [404] [GET] [text/html] [404 Not Found] [nginx] [Nginx] [8e325dc2fea7c8900fc6c4b8c6c394fe]
https://cas200.myonlinedata.net [404] [GET] [text/html] [404 Not Found] [nginx] [azure] [Nginx] [8e325dc2fea7c8900fc6c4b8c6c394fe]
https://cas201.myonlinedata.net [404] [GET] [text/html] [404 Not Found] [nginx] [azure] [Nginx] [8e325dc2fea7c8900fc6c4b8c6c394fe]
https://cas22.myonlinedata.net [404] [GET] [text/html] [404 Not Found] [nginx] [Nginx] [8e325dc2fea7c8900fc6c4b8c6c394fe]
https://cas3.myonlinedata.net [404] [GET] [text/html] [404 Not Found] [nginx] [azure] [Nginx] [8e325dc2fea7c8900fc6c4b8c6c394fe]
https://cas3.qa.myonlinedata.net [404] [GET] [text/html] [404 Not Found] [nginx] [azure] [Nginx] [70461da8b94c6ca5d2fda3260c5a8c3b]
https://cas300.myonlinedata.net [404] [GET] [text/html] [404 Not Found] [nginx] [azure] [Nginx] [8e325dc2fea7c8900fc6c4b8c6c394fe]
https://cas301.myonlinedata.net [404] [GET] [text/html] [404 Not Found] [nginx] [azure] [Nginx] [8e325dc2fea7c8900fc6c4b8c6c394fe]
https://cas4.myonlinedata.net [404] [GET] [text/html] [404 Not Found] [nginx] [azure] [Nginx] [8e325dc2fea7c8900fc6c4b8c6c394fe]
https://cas400.myonlinedata.net [404] [GET] [text/html] [404 Not Found] [nginx] [azure] [Nginx] [8e325dc2fea7c8900fc6c4b8c6c394fe]
https://cas401.myonlinedata.net [404] [GET] [text/html] [404 Not Found] [nginx] [azure] [Nginx] [8e325dc2fea7c8900fc6c4b8c6c394fe]
https://cas5.myonlinedata.net [404] [GET] [text/html] [404 Not Found] [nginx] [azure] [Nginx] [8e325dc2fea7c8900fc6c4b8c6c394fe]
https://cas5.qa.myonlinedata.net [404] [GET] [text/html] [404 Not Found] [nginx] [azure] [Nginx] [8e325dc2fea7c8900fc6c4b8c6c394fe]
https://cas6.myonlinedata.net [404] [GET] [text/html] [404 Not Found] [nginx] [azure] [Nginx] [8e325dc2fea7c8900fc6c4b8c6c394fe]
https://cas7.myonlinedata.net [404] [GET] [text/html] [404 Not Found] [nginx] [azure] [Nginx] [70461da8b94c6ca5d2fda3260c5a8c3b]
https://cas8.myonlinedata.net [404] [GET] [text/html] [404 Not Found] [nginx] [azure] [Nginx] [8e325dc2fea7c8900fc6c4b8c6c394fe]
https://cas9.myonlinedata.net [404] [GET] [text/html] [404 Not Found] [nginx] [azure] [Nginx] [70461da8b94c6ca5d2fda3260c5a8c3b]
https://cp.myonlinedata.net [404] [GET] [text/plain] [] [nginx] [vhost] [Nginx] [a3cfecdbb8022c987801c1bf66173323]
https://dev.wopi.myonlinedata.net [404] [GET] [] [] [nginx/1.16.1] [Nginx] [d41d8cd98f00b204e9800998ecf8427e]
https://dev2.wopi.myonlinedata.net [404] [GET] [] [] [nginx/1.16.1] [Nginx] [d41d8cd98f00b204e9800998ecf8427e]
https://dev3.wopi.myonlinedata.net [502] [GET] [text/html] [502 Bad Gateway] [nginx/1.16.1] [vhost] [Nginx] [6fc9af439a30a258022d5d9762dd571d]
https://dev4.wopi.myonlinedata.net [504] [GET] [text/html] [504 Gateway Time-out] [nginx/1.16.1] [vhost] [Nginx] [ab071cce4a5c9aeb7faa2790978815e5]
https://dev5.wopi.myonlinedata.net [504] [GET] [text/html] [504 Gateway Time-out] [nginx/1.16.1] [vhost] [Nginx] [518f8c862018db1e2948de6aadbd0da5]
https://dev5.wopi.myonlinedata.net [504] [GET] [text/html] [504 Gateway Time-out] [nginx/1.16.1] [vhost] [Nginx] [ab071cce4a5c9aeb7faa2790978815e5]
https://dev6.wopi.myonlinedata.net [504] [GET] [text/html] [504 Gateway Time-out] [nginx/1.16.1] [vhost] [Nginx] [ab071cce4a5c9aeb7faa2790978815e5]
https://dev7.wopi.myonlinedata.net [504] [GET] [text/html] [504 Gateway Time-out] [nginx/1.16.1] [vhost] [Nginx] [518f8c862018db1e2948de6aadbd0da5]
https://dev7.wopi.myonlinedata.net [504] [GET] [text/html] [504 Gateway Time-out] [nginx/1.16.1] [vhost] [Nginx] [ab071cce4a5c9aeb7faa2790978815e5]
https://dev8.wopi.myonlinedata.net [504] [GET] [text/html] [504 Gateway Time-out] [nginx/1.16.1] [vhost] [Nginx] [ab071cce4a5c9aeb7faa2790978815e5]
https://dev9.wopi.myonlinedata.net [504] [GET] [text/html] [504 Gateway Time-out] [nginx/1.16.1] [vhost] [Nginx] [518f8c862018db1e2948de6aadbd0da5]
https://devsync.myonlinedata.net [200] [GET] [text/html] [Service status page] [nginx] [vhost] [Nginx] [d3f84e00f23184cc49078e393c54989e]
https://imsync.myonlinedata.net [200] [GET] [text/html] [Service status page] [nginx] [vhost] [Nginx] [d3f84e00f23184cc49078e393c54989e]
https://jp1sync.myonlinedata.net [200] [GET] [text/html] [Service status page] [nginx] [vhost] [Nginx] [d3f84e00f23184cc49078e393c54989e]
https://kms.ca1sync.myonlinedata.net [200] [GET] [text/html] [Service status page] [nginx] [vhost] [Nginx] [d3f84e00f23184cc49078e393c54989e]
https://kms.devsync.myonlinedata.net [200] [GET] [text/html] [Service status page] [nginx] [vhost] [Nginx] [d3f84e00f23184cc49078e393c54989e]
https://kms.imsync.myonlinedata.net [200] [GET] [text/html] [Service status page] [nginx] [vhost] [Nginx] [d3f84e00f23184cc49078e393c54989e]
https://kms.jp1sync.myonlinedata.net [200] [GET] [text/html] [Service status page] [nginx] [vhost] [Nginx] [d3f84e00f23184cc49078e393c54989e]
https://kms.qasync.myonlinedata.net [200] [GET] [text/html] [Service status page] [nginx] [vhost] [Nginx] [d3f84e00f23184cc49078e393c54989e]
https://kms.sync.myonlinedata.net [200] [GET] [text/html] [Service status page] [nginx] [vhost] [Nginx] [d3f84e00f23184cc49078e393c54989e]
https://kms.uksync.myonlinedata.net [200] [GET] [text/html] [Service status page] [nginx] [vhost] [Nginx] [d3f84e00f23184cc49078e393c54989e]
https://kms.us2sync.myonlinedata.net [200] [GET] [text/html] [Service status page] [nginx] [vhost] [Nginx] [d3f84e00f23184cc49078e393c54989e]
https://kms.us3sync.myonlinedata.net [200] [GET] [text/html] [Service status page] [nginx] [vhost] [Nginx] [d3f84e00f23184cc49078e393c54989e]
https://kms.us4sync.myonlinedata.net [200] [GET] [text/html] [Service status page] [nginx] [vhost] [Nginx] [d3f84e00f23184cc49078e393c54989e]
https://qa.wopi.myonlinedata.net [404] [GET] [] [] [nginx/1.16.1] [Nginx] [d41d8cd98f00b204e9800998ecf8427e]
https://qa10.wopi.myonlinedata.net [404] [GET] [] [] [nginx/1.16.1] [Nginx] [d41d8cd98f00b204e9800998ecf8427e]
https://qa11.wopi.myonlinedata.net [504] [GET] [text/html] [504 Gateway Time-out] [nginx/1.16.1] [vhost] [Nginx] [ab071cce4a5c9aeb7faa2790978815e5]
https://qa12.wopi.myonlinedata.net [502] [GET] [text/html] [502 Bad Gateway] [nginx/1.16.1] [vhost] [Nginx] [26aea6efe888c9d99a18b4ebf4922ada]
https://qa12.wopi.myonlinedata.net [502] [GET] [text/html] [502 Bad Gateway] [nginx/1.16.1] [vhost] [Nginx] [6fc9af439a30a258022d5d9762dd571d]
https://qa3.wopi.myonlinedata.net [504] [GET] [text/html] [504 Gateway Time-out] [nginx/1.16.1] [vhost] [Nginx] [ab071cce4a5c9aeb7faa2790978815e5]
https://qa5.wopi.myonlinedata.net [504] [GET] [text/html] [504 Gateway Time-out] [nginx/1.16.1] [vhost] [Nginx] [518f8c862018db1e2948de6aadbd0da5]
https://qa5.wopi.myonlinedata.net [504] [GET] [text/html] [504 Gateway Time-out] [nginx/1.16.1] [vhost] [Nginx] [ab071cce4a5c9aeb7faa2790978815e5]
https://qa6.wopi.myonlinedata.net [504] [GET] [text/html] [504 Gateway Time-out] [nginx/1.16.1] [vhost] [Nginx] [518f8c862018db1e2948de6aadbd0da5]
https://qa6.wopi.myonlinedata.net [504] [GET] [text/html] [504 Gateway Time-out] [nginx/1.16.1] [vhost] [Nginx] [ab071cce4a5c9aeb7faa2790978815e5]
https://qa7.wopi.myonlinedata.net [504] [GET] [text/html] [504 Gateway Time-out] [nginx/1.16.1] [vhost] [Nginx] [518f8c862018db1e2948de6aadbd0da5]
https://qa8.wopi.myonlinedata.net [504] [GET] [text/html] [504 Gateway Time-out] [nginx/1.16.1] [vhost] [Nginx] [ab071cce4a5c9aeb7faa2790978815e5]
https://qa9.wopi.myonlinedata.net [504] [GET] [text/html] [504 Gateway Time-out] [nginx/1.16.1] [vhost] [Nginx] [ab071cce4a5c9aeb7faa2790978815e5]
https://us2sync.myonlinedata.net [200] [GET] [text/html] [Service status page] [nginx] [vhost] [Nginx] [d3f84e00f23184cc49078e393c54989e]
https://us4sync.myonlinedata.net [200] [GET] [text/html] [Service status page] [nginx] [vhost] [Nginx] [d3f84e00f23184cc49078e393c54989e]
https://wopi.ca1sync.myonlinedata.net [404] [GET] [] [] [nginx] [vhost] [Nginx] [d41d8cd98f00b204e9800998ecf8427e]
https://wopi.dev2sync.myonlinedata.net [404] [GET] [] [] [nginx] [vhost] [Nginx] [d41d8cd98f00b204e9800998ecf8427e]
https://wopi.devsync.myonlinedata.net [404] [GET] [] [] [nginx] [vhost] [Nginx] [d41d8cd98f00b204e9800998ecf8427e]
https://wopi.imsync.myonlinedata.net [404] [GET] [] [] [nginx] [vhost] [Nginx] [d41d8cd98f00b204e9800998ecf8427e]
https://wopi.jp1sync.myonlinedata.net [404] [GET] [] [] [nginx] [vhost] [Nginx] [d41d8cd98f00b204e9800998ecf8427e]
https://wopi.qasync.myonlinedata.net [404] [GET] [] [] [nginx] [vhost] [Nginx] [d41d8cd98f00b204e9800998ecf8427e]
https://wopi.sync.myonlinedata.net [404] [GET] [] [] [nginx] [vhost] [Nginx] [d41d8cd98f00b204e9800998ecf8427e]
https://wopi.uksync.myonlinedata.net [404] [GET] [] [] [nginx] [vhost] [Nginx] [d41d8cd98f00b204e9800998ecf8427e]
https://wopi.us2sync.myonlinedata.net [404] [GET] [] [] [nginx] [vhost] [Nginx] [d41d8cd98f00b204e9800998ecf8427e]
https://wopi.us3sync.myonlinedata.net [404] [GET] [] [] [nginx] [vhost] [Nginx] [d41d8cd98f00b204e9800998ecf8427e]
https://wopi.us4sync.myonlinedata.net [404] [GET] [] [] [nginx] [vhost] [Nginx] [d41d8cd98f00b204e9800998ecf8427e]
