http://android-anycast.prod.ftl.netflix.com:4343 [400] [GET] [] [] [] [b634668f41ef53ef6d608dc70c4e0dcb]
http://android-cell4.prod.ftl.netflix.com:4343 [400] [GET] [] [] [] [b634668f41ef53ef6d608dc70c4e0dcb]
http://android-h2.prod.ftl.netflix.com:4343 [400] [GET] [] [] [] [b634668f41ef53ef6d608dc70c4e0dcb]
http://anycast-t0-c0-scm.prod.ftl.netflix.com:4343 [400] [GET] [] [] [] [b634668f41ef53ef6d608dc70c4e0dcb]
http://anycast-t0-c1-scm.prod.ftl.netflix.com:4343 [400] [GET] [] [] [] [b634668f41ef53ef6d608dc70c4e0dcb]
http://anycast-t0-c2-scm.prod.ftl.netflix.com:4343 [400] [GET] [] [] [] [b634668f41ef53ef6d608dc70c4e0dcb]
http://anycast-t0-c3-scm.prod.ftl.netflix.com:4343 [400] [GET] [] [] [] [b634668f41ef53ef6d608dc70c4e0dcb]
http://anycast-t0-c4-scm.prod.ftl.netflix.com:4343 [400] [GET] [] [] [] [b634668f41ef53ef6d608dc70c4e0dcb]
http://anycast-t1-c0-scm.prod.ftl.netflix.com:4343 [400] [GET] [] [] [] [b634668f41ef53ef6d608dc70c4e0dcb]
http://anycast-t1-c1-scm.prod.ftl.netflix.com:4343 [400] [GET] [] [] [] [b634668f41ef53ef6d608dc70c4e0dcb]
http://anycast-t1-c2-scm.prod.ftl.netflix.com:4343 [400] [GET] [] [] [] [b634668f41ef53ef6d608dc70c4e0dcb]
http://anycast-t1-c3-scm.prod.ftl.netflix.com:4343 [400] [GET] [] [] [] [b634668f41ef53ef6d608dc70c4e0dcb]
http://anycast-t1-c4-scm.prod.ftl.netflix.com:4343 [400] [GET] [] [] [] [b634668f41ef53ef6d608dc70c4e0dcb]
http://anycast-t2-c0-scm.prod.ftl.netflix.com:4343 [400] [GET] [] [] [] [b634668f41ef53ef6d608dc70c4e0dcb]
http://anycast-t2-c1-scm.prod.ftl.netflix.com:4343 [400] [GET] [] [] [] [b634668f41ef53ef6d608dc70c4e0dcb]
http://anycast-t2-c2-scm.prod.ftl.netflix.com:4343 [400] [GET] [] [] [] [b634668f41ef53ef6d608dc70c4e0dcb]
http://anycast-t2-c3-scm.prod.ftl.netflix.com:4343 [400] [GET] [] [] [] [b634668f41ef53ef6d608dc70c4e0dcb]
http://anycast-t2-c4-scm.prod.ftl.netflix.com:4343 [400] [GET] [] [] [] [b634668f41ef53ef6d608dc70c4e0dcb]
http://anycast-t3-c0-scm.prod.ftl.netflix.com:4343 [400] [GET] [] [] [] [b634668f41ef53ef6d608dc70c4e0dcb]
http://anycast-t3-c1-scm.prod.ftl.netflix.com:4343 [400] [GET] [] [] [] [b634668f41ef53ef6d608dc70c4e0dcb]
http://anycast-t3-c2-scm.prod.ftl.netflix.com:4343 [400] [GET] [] [] [] [b634668f41ef53ef6d608dc70c4e0dcb]
http://anycast-t3-c3-scm.prod.ftl.netflix.com:4343 [400] [GET] [] [] [] [b634668f41ef53ef6d608dc70c4e0dcb]
http://anycast-t4-c0-scm.prod.ftl.netflix.com:4343 [400] [GET] [] [] [] [b634668f41ef53ef6d608dc70c4e0dcb]
http://anycast-t4-c1-scm.prod.ftl.netflix.com:4343 [400] [GET] [] [] [] [b634668f41ef53ef6d608dc70c4e0dcb]
http://anycast-t4-c2-scm.prod.ftl.netflix.com:4343 [400] [GET] [] [] [] [b634668f41ef53ef6d608dc70c4e0dcb]
http://anycast-t4-c3-scm.prod.ftl.netflix.com:4343 [400] [GET] [] [] [] [b634668f41ef53ef6d608dc70c4e0dcb]
http://anycast-t4-c4-scm.prod.ftl.netflix.com:4343 [400] [GET] [] [] [] [b634668f41ef53ef6d608dc70c4e0dcb]
http://dualstack-anycast.prod.ftl.netflix.com:4343 [400] [GET] [] [] [] [b634668f41ef53ef6d608dc70c4e0dcb]
http://eu-west-1-probe.prod.ftl.netflix.com:4343 [400] [GET] [] [] [] [b634668f41ef53ef6d608dc70c4e0dcb]
http://h1-scm.prod.ftl.netflix.com:4343 [400] [GET] [] [] [] [b634668f41ef53ef6d608dc70c4e0dcb]
http://h2-scm.prod.ftl.netflix.com:4343 [400] [GET] [] [] [] [b634668f41ef53ef6d608dc70c4e0dcb]
http://ios-cell4.prod.ftl.netflix.com:4343 [400] [GET] [] [] [] [b634668f41ef53ef6d608dc70c4e0dcb]
http://ios-h2.prod.ftl.netflix.com:4343 [400] [GET] [] [] [] [b634668f41ef53ef6d608dc70c4e0dcb]
http://ipv4only-anycast.prod.ftl.netflix.com:4343 [400] [GET] [] [] [] [b634668f41ef53ef6d608dc70c4e0dcb]
http://nfrt-mobile-direct.prod.ftl.netflix.com:4343 [400] [GET] [] [] [] [b634668f41ef53ef6d608dc70c4e0dcb]
http://nfrt-mobile-direct6.prod.ftl.netflix.com:4343 [400] [GET] [] [] [] [b634668f41ef53ef6d608dc70c4e0dcb]
http://nfrt-mobile-nlb.prod.ftl.netflix.com:4343 [400] [GET] [] [] [] [b634668f41ef53ef6d608dc70c4e0dcb]
http://nfrt-nrdp-direct.prod.ftl.netflix.com:4343 [400] [GET] [] [] [] [b634668f41ef53ef6d608dc70c4e0dcb]
http://nfrt-nrdp-nlb.prod.ftl.netflix.com:4343 [400] [GET] [] [] [] [b634668f41ef53ef6d608dc70c4e0dcb]
http://nrdp-cell4.prod.ftl.netflix.com:4343 [400] [GET] [] [] [] [b634668f41ef53ef6d608dc70c4e0dcb]
http://probe-cell4.prod.ftl.netflix.com:4343 [400] [GET] [] [] [] [b634668f41ef53ef6d608dc70c4e0dcb]
http://probe-cell7.prod.ftl.netflix.com:4343 [400] [GET] [] [] [] [b634668f41ef53ef6d608dc70c4e0dcb]
http://probe-cell8.prod.ftl.netflix.com:4343 [400] [GET] [] [] [] [b634668f41ef53ef6d608dc70c4e0dcb]
http://probe-cell9.prod.ftl.netflix.com:4343 [400] [GET] [] [] [] [b634668f41ef53ef6d608dc70c4e0dcb]
http://probe-dradis-anycast.prod.ftl.netflix.com:4343 [400] [GET] [] [] [] [b634668f41ef53ef6d608dc70c4e0dcb]
http://probe-h1.prod.ftl.netflix.com:4343 [400] [GET] [] [] [] [b634668f41ef53ef6d608dc70c4e0dcb]
http://probe-h2.prod.ftl.netflix.com:4343 [400] [GET] [] [] [] [b634668f41ef53ef6d608dc70c4e0dcb]
http://us-east-1-probe.prod.ftl.netflix.com:4343 [400] [GET] [] [] [] [b634668f41ef53ef6d608dc70c4e0dcb]
http://us-west-2-probe.prod.ftl.netflix.com:4343 [400] [GET] [] [] [] [b634668f41ef53ef6d608dc70c4e0dcb]
https://acct-api.netflix.com [404] [GET] [text/html] [404 Not Found] [Apache] [Apache] [62962daa1b19bbcc2db10b7bfd531ea6]
https://android-aggressive.prod.ftl.netflix.com [403] [GET] [] [] [api-prod UNKNOWN] [vhost] [d41d8cd98f00b204e9800998ecf8427e]
https://android-anycast.prod.ftl.netflix.com [403] [GET] [] [] [api-prod UNKNOWN] [vhost] [d41d8cd98f00b204e9800998ecf8427e]
https://android-anycast.prod.ftl.netflix.com [404] [GET] [text/html] [HTTP Status 404 – Not Found] [api-prod i-071592360240ef5b9] [vhost] [875927332f52c86065894ba05cabb6c4]
https://android-aws-dradis.prod.ftl.netflix.com [403] [GET] [] [] [api-prod UNKNOWN] [vhost] [d41d8cd98f00b204e9800998ecf8427e]
https://android-cell4.prod.ftl.netflix.com [403] [GET] [] [] [api-prod UNKNOWN] [vhost] [d41d8cd98f00b204e9800998ecf8427e]
https://android-cell4.prod.ftl.netflix.com [404] [GET] [text/html] [HTTP Status 404 – Not Found] [api-prod i-071592360240ef5b9] [vhost] [875927332f52c86065894ba05cabb6c4]
https://android-cell5.prod.ftl.netflix.com [403] [GET] [] [] [api-prod UNKNOWN] [vhost] [d41d8cd98f00b204e9800998ecf8427e]
https://android-cell6.prod.ftl.netflix.com [403] [GET] [] [] [api-prod UNKNOWN] [vhost] [d41d8cd98f00b204e9800998ecf8427e]
https://android-conservative.prod.ftl.netflix.com [403] [GET] [] [] [api-prod UNKNOWN] [vhost] [d41d8cd98f00b204e9800998ecf8427e]
https://android-dradis.prod.ftl.netflix.com [403] [GET] [] [] [api-prod UNKNOWN] [vhost] [d41d8cd98f00b204e9800998ecf8427e]
https://android-future-aws-dradis.prod.ftl.netflix.com [403] [GET] [] [] [api-prod UNKNOWN] [vhost] [d41d8cd98f00b204e9800998ecf8427e]
https://android-h2.prod.ftl.netflix.com [403] [GET] [] [] [api-prod UNKNOWN] [vhost] [d41d8cd98f00b204e9800998ecf8427e]
https://android-h2.prod.ftl.netflix.com [404] [GET] [text/html] [HTTP Status 404 – Not Found] [api-prod i-0a09980c6675a8c01] [vhost] [875927332f52c86065894ba05cabb6c4]
https://android-moderate.prod.ftl.netflix.com [403] [GET] [] [] [api-prod UNKNOWN] [vhost] [d41d8cd98f00b204e9800998ecf8427e]
https://android-sharded.prod.ftl.netflix.com [403] [GET] [] [] [api-prod UNKNOWN] [vhost] [d41d8cd98f00b204e9800998ecf8427e]
https://android.prod.ftl.netflix.com [403] [GET] [] [] [api-prod UNKNOWN] [vhost] [d41d8cd98f00b204e9800998ecf8427e]
https://anycast-t0-c0-scm.prod.ftl.netflix.com [403] [GET] [] [] [api-prod UNKNOWN] [vhost] [d41d8cd98f00b204e9800998ecf8427e]
https://anycast-t0-c0-scm.prod.ftl.netflix.com [404] [GET] [text/html] [HTTP Status 404 – Not Found] [api-prod i-0471c772d9ab690a7] [vhost] [875927332f52c86065894ba05cabb6c4]
https://anycast-t0-c1-scm.prod.ftl.netflix.com [403] [GET] [] [] [api-prod UNKNOWN] [vhost] [d41d8cd98f00b204e9800998ecf8427e]
https://anycast-t0-c1-scm.prod.ftl.netflix.com [404] [GET] [text/html] [HTTP Status 404 – Not Found] [api-prod i-0ef2c5732678e3a17] [vhost] [875927332f52c86065894ba05cabb6c4]
https://anycast-t0-c2-scm.prod.ftl.netflix.com [403] [GET] [] [] [api-prod UNKNOWN] [vhost] [d41d8cd98f00b204e9800998ecf8427e]
https://anycast-t0-c2-scm.prod.ftl.netflix.com [404] [GET] [text/html] [HTTP Status 404 – Not Found] [api-prod i-09307bb1fc2da9969] [vhost] [875927332f52c86065894ba05cabb6c4]
https://anycast-t0-c3-scm.prod.ftl.netflix.com [403] [GET] [] [] [api-prod UNKNOWN] [vhost] [d41d8cd98f00b204e9800998ecf8427e]
https://anycast-t0-c3-scm.prod.ftl.netflix.com [404] [GET] [text/html] [HTTP Status 404 – Not Found] [api-prod i-071592360240ef5b9] [vhost] [875927332f52c86065894ba05cabb6c4]
https://anycast-t0-c4-scm.prod.ftl.netflix.com [403] [GET] [] [] [api-prod UNKNOWN] [vhost] [d41d8cd98f00b204e9800998ecf8427e]
https://anycast-t0-c4-scm.prod.ftl.netflix.com [404] [GET] [text/html] [HTTP Status 404 – Not Found] [api-prod i-0ea725dd36c2d7534] [vhost] [875927332f52c86065894ba05cabb6c4]
https://anycast-t1-c0-scm.prod.ftl.netflix.com [403] [GET] [] [] [api-prod UNKNOWN] [vhost] [d41d8cd98f00b204e9800998ecf8427e]
https://anycast-t1-c0-scm.prod.ftl.netflix.com [404] [GET] [text/html] [HTTP Status 404 – Not Found] [api-prod i-0a09980c6675a8c01] [vhost] [875927332f52c86065894ba05cabb6c4]
https://anycast-t1-c1-scm.prod.ftl.netflix.com [403] [GET] [] [] [api-prod UNKNOWN] [vhost] [d41d8cd98f00b204e9800998ecf8427e]
https://anycast-t1-c1-scm.prod.ftl.netflix.com [404] [GET] [text/html] [HTTP Status 404 – Not Found] [api-prod i-0f14d6cc53890d809] [vhost] [875927332f52c86065894ba05cabb6c4]
https://anycast-t1-c2-scm.prod.ftl.netflix.com [403] [GET] [] [] [api-prod UNKNOWN] [vhost] [d41d8cd98f00b204e9800998ecf8427e]
https://anycast-t1-c2-scm.prod.ftl.netflix.com [404] [GET] [text/html] [HTTP Status 404 – Not Found] [api-prod i-0ea725dd36c2d7534] [vhost] [875927332f52c86065894ba05cabb6c4]
https://anycast-t1-c3-scm.prod.ftl.netflix.com [403] [GET] [] [] [api-prod UNKNOWN] [vhost] [d41d8cd98f00b204e9800998ecf8427e]
https://anycast-t1-c3-scm.prod.ftl.netflix.com [404] [GET] [text/html] [HTTP Status 404 – Not Found] [api-prod i-0ea725dd36c2d7534] [vhost] [875927332f52c86065894ba05cabb6c4]
https://anycast-t1-c4-scm.prod.ftl.netflix.com [403] [GET] [] [] [api-prod UNKNOWN] [vhost] [d41d8cd98f00b204e9800998ecf8427e]
https://anycast-t1-c4-scm.prod.ftl.netflix.com [404] [GET] [text/html] [HTTP Status 404 – Not Found] [api-prod i-0471c772d9ab690a7] [vhost] [875927332f52c86065894ba05cabb6c4]
https://anycast-t2-c0-scm.prod.ftl.netflix.com [403] [GET] [] [] [api-prod UNKNOWN] [vhost] [d41d8cd98f00b204e9800998ecf8427e]
https://anycast-t2-c0-scm.prod.ftl.netflix.com [404] [GET] [text/html] [HTTP Status 404 – Not Found] [api-prod i-0ea725dd36c2d7534] [vhost] [875927332f52c86065894ba05cabb6c4]
https://anycast-t2-c1-scm.prod.ftl.netflix.com [403] [GET] [] [] [api-prod UNKNOWN] [vhost] [d41d8cd98f00b204e9800998ecf8427e]
https://anycast-t2-c1-scm.prod.ftl.netflix.com [404] [GET] [text/html] [HTTP Status 404 – Not Found] [api-prod i-06329a799b09d5948] [vhost] [875927332f52c86065894ba05cabb6c4]
https://anycast-t2-c2-scm.prod.ftl.netflix.com [403] [GET] [] [] [api-prod UNKNOWN] [vhost] [d41d8cd98f00b204e9800998ecf8427e]
https://anycast-t2-c2-scm.prod.ftl.netflix.com [404] [GET] [text/html] [HTTP Status 404 – Not Found] [api-prod i-0471c772d9ab690a7] [vhost] [875927332f52c86065894ba05cabb6c4]
https://anycast-t2-c3-scm.prod.ftl.netflix.com [403] [GET] [] [] [api-prod UNKNOWN] [vhost] [d41d8cd98f00b204e9800998ecf8427e]
https://anycast-t2-c3-scm.prod.ftl.netflix.com [404] [GET] [text/html] [HTTP Status 404 – Not Found] [api-prod i-0ea725dd36c2d7534] [vhost] [875927332f52c86065894ba05cabb6c4]
https://anycast-t2-c4-scm.prod.ftl.netflix.com [403] [GET] [] [] [api-prod UNKNOWN] [vhost] [d41d8cd98f00b204e9800998ecf8427e]
https://anycast-t2-c4-scm.prod.ftl.netflix.com [404] [GET] [text/html] [HTTP Status 404 – Not Found] [api-prod i-06329a799b09d5948] [vhost] [875927332f52c86065894ba05cabb6c4]
https://anycast-t3-c0-scm.prod.ftl.netflix.com [403] [GET] [] [] [api-prod UNKNOWN] [vhost] [d41d8cd98f00b204e9800998ecf8427e]
https://anycast-t3-c0-scm.prod.ftl.netflix.com [404] [GET] [text/html] [HTTP Status 404 – Not Found] [api-prod i-0d45bdb7967d7019f] [vhost] [875927332f52c86065894ba05cabb6c4]
https://anycast-t3-c1-scm.prod.ftl.netflix.com [403] [GET] [] [] [api-prod UNKNOWN] [vhost] [d41d8cd98f00b204e9800998ecf8427e]
https://anycast-t3-c1-scm.prod.ftl.netflix.com [404] [GET] [text/html] [HTTP Status 404 – Not Found] [api-prod i-071592360240ef5b9] [vhost] [875927332f52c86065894ba05cabb6c4]
https://anycast-t3-c2-scm.prod.ftl.netflix.com [403] [GET] [] [] [api-prod UNKNOWN] [vhost] [d41d8cd98f00b204e9800998ecf8427e]
https://anycast-t3-c2-scm.prod.ftl.netflix.com [404] [GET] [text/html] [HTTP Status 404 – Not Found] [api-prod i-071592360240ef5b9] [vhost] [875927332f52c86065894ba05cabb6c4]
https://anycast-t3-c3-scm.prod.ftl.netflix.com [403] [GET] [] [] [api-prod UNKNOWN] [vhost] [d41d8cd98f00b204e9800998ecf8427e]
https://anycast-t3-c3-scm.prod.ftl.netflix.com [404] [GET] [text/html] [HTTP Status 404 – Not Found] [api-prod i-0ea725dd36c2d7534] [vhost] [875927332f52c86065894ba05cabb6c4]
https://anycast-t4-c0-scm.prod.ftl.netflix.com [403] [GET] [] [] [api-prod UNKNOWN] [vhost] [d41d8cd98f00b204e9800998ecf8427e]
https://anycast-t4-c0-scm.prod.ftl.netflix.com [404] [GET] [text/html] [HTTP Status 404 – Not Found] [api-prod i-09307bb1fc2da9969] [vhost] [875927332f52c86065894ba05cabb6c4]
https://anycast-t4-c1-scm.prod.ftl.netflix.com [403] [GET] [] [] [api-prod UNKNOWN] [vhost] [d41d8cd98f00b204e9800998ecf8427e]
https://anycast-t4-c1-scm.prod.ftl.netflix.com [404] [GET] [text/html] [HTTP Status 404 – Not Found] [api-prod i-0ef2c5732678e3a17] [vhost] [875927332f52c86065894ba05cabb6c4]
https://anycast-t4-c2-scm.prod.ftl.netflix.com [403] [GET] [] [] [api-prod UNKNOWN] [vhost] [d41d8cd98f00b204e9800998ecf8427e]
https://anycast-t4-c2-scm.prod.ftl.netflix.com [404] [GET] [text/html] [HTTP Status 404 – Not Found] [api-prod i-06329a799b09d5948] [vhost] [875927332f52c86065894ba05cabb6c4]
https://anycast-t4-c3-scm.prod.ftl.netflix.com [403] [GET] [] [] [api-prod UNKNOWN] [vhost] [d41d8cd98f00b204e9800998ecf8427e]
https://anycast-t4-c3-scm.prod.ftl.netflix.com [404] [GET] [text/html] [HTTP Status 404 – Not Found] [api-prod i-00da835fb2768cbf3] [vhost] [875927332f52c86065894ba05cabb6c4]
https://anycast-t4-c4-scm.prod.ftl.netflix.com [403] [GET] [] [] [api-prod UNKNOWN] [vhost] [d41d8cd98f00b204e9800998ecf8427e]
https://anycast-t4-c4-scm.prod.ftl.netflix.com [404] [GET] [text/html] [HTTP Status 404 – Not Found] [api-prod i-0ef2c5732678e3a17] [vhost] [875927332f52c86065894ba05cabb6c4]
https://api-eu-staging.netflix.com [403] [GET] [] [] [api-staging UNKNOWN] [vhost] [d41d8cd98f00b204e9800998ecf8427e]
https://api-eu-staging.netflix.com [404] [GET] [text/html] [HTTP Status 404 – Not Found] [api-staging i-086ea4886c9e40d1e] [vhost] [875927332f52c86065894ba05cabb6c4]
https://api-eu.netflix.com [403] [GET] [] [] [api-prod UNKNOWN] [vhost] [d41d8cd98f00b204e9800998ecf8427e]
https://api-eu.netflix.com [404] [GET] [text/html] [HTTP Status 404 – Not Found] [api-prod i-0a09980c6675a8c01] [vhost] [875927332f52c86065894ba05cabb6c4]
https://api-ftl.eu-west-1.prodaa.netflix.com [403] [GET] [] [] [api-prod UNKNOWN] [vhost] [d41d8cd98f00b204e9800998ecf8427e]
https://api-ftl.us-west-2.prodaa.netflix.com [403] [GET] [] [] [api-prod UNKNOWN] [vhost] [d41d8cd98f00b204e9800998ecf8427e]
https://api-global-ecc.netflix.com [403] [GET] [] [] [api-prod UNKNOWN] [vhost] [d41d8cd98f00b204e9800998ecf8427e]
https://api-global.dradis.netflix.com [403] [GET] [] [] [api-prod UNKNOWN] [vhost] [d41d8cd98f00b204e9800998ecf8427e]
https://api-global.dradis.netflix.com [404] [GET] [text/html] [HTTP Status 404 – Not Found] [api-prod i-0ef2c5732678e3a17] [vhost] [875927332f52c86065894ba05cabb6c4]
https://api-global.eu-west-1.netflix.com [403] [GET] [] [] [api-prod UNKNOWN] [vhost] [d41d8cd98f00b204e9800998ecf8427e]
https://api-global.eu-west-1.netflix.com [404] [GET] [text/html] [HTTP Status 404 – Not Found] [api-prod i-0f14d6cc53890d809] [vhost] [875927332f52c86065894ba05cabb6c4]
https://api-global.eu-west-1.origin.prodaa.netflix.com [403] [GET] [] [] [api-prod UNKNOWN] [vhost] [d41d8cd98f00b204e9800998ecf8427e]
https://api-global.eu-west-1.origin.prodaa.netflix.com [404] [GET] [text/html] [HTTP Status 404 – Not Found] [api-prod i-0ea725dd36c2d7534] [vhost] [875927332f52c86065894ba05cabb6c4]
https://api-global.eu-west-1.prodaa.netflix.com [403] [GET] [] [] [api-prod UNKNOWN] [vhost] [d41d8cd98f00b204e9800998ecf8427e]
https://api-global.eu-west-1.prodaa.netflix.com [404] [GET] [text/html] [HTTP Status 404 – Not Found] [api-prod i-0ef2c5732678e3a17] [vhost] [875927332f52c86065894ba05cabb6c4]
https://api-global.geo.netflix.com [403] [GET] [] [] [api-prod UNKNOWN] [vhost] [d41d8cd98f00b204e9800998ecf8427e]
https://api-global.geo.netflix.com [404] [GET] [text/html] [HTTP Status 404 – Not Found] [api-prod i-00b59511753088345] [vhost] [875927332f52c86065894ba05cabb6c4]
https://api-global.latency.prodaa.netflix.com [403] [GET] [] [] [api-prod UNKNOWN] [vhost] [d41d8cd98f00b204e9800998ecf8427e]
https://api-global.latency.prodaa.netflix.com [404] [GET] [text/html] [HTTP Status 404 – Not Found] [api-prod i-00da835fb2768cbf3] [vhost] [875927332f52c86065894ba05cabb6c4]
https://api-global.netflix.com [403] [GET] [] [] [api-prod UNKNOWN] [vhost] [d41d8cd98f00b204e9800998ecf8427e]
https://api-global.netflix.com [404] [GET] [text/html] [HTTP Status 404 – Not Found] [api-prod i-09307bb1fc2da9969] [vhost] [875927332f52c86065894ba05cabb6c4]
https://api-global.us-east-1-sa.prodaa.netflix.com [403] [GET] [] [] [api-prod UNKNOWN] [vhost] [d41d8cd98f00b204e9800998ecf8427e]
https://api-global.us-east-1-sa.prodaa.netflix.com [404] [GET] [text/html] [HTTP Status 404 – Not Found] [api-prod i-0fb56e7ba00ac4988] [vhost] [875927332f52c86065894ba05cabb6c4]
https://api-global.us-east-1.netflix.com [403] [GET] [] [] [api-prod UNKNOWN] [vhost] [d41d8cd98f00b204e9800998ecf8427e]
https://api-global.us-east-1.netflix.com [404] [GET] [text/html] [HTTP Status 404 – Not Found] [api-prod i-013270737c8163165] [vhost] [875927332f52c86065894ba05cabb6c4]
https://api-global.us-east-1.origin.prodaa.netflix.com [403] [GET] [] [] [api-prod UNKNOWN] [vhost] [d41d8cd98f00b204e9800998ecf8427e]
https://api-global.us-east-1.origin.prodaa.netflix.com [404] [GET] [text/html] [HTTP Status 404 – Not Found] [api-prod i-00b59511753088345] [vhost] [875927332f52c86065894ba05cabb6c4]
https://api-global.us-east-1.prodaa.netflix.com [403] [GET] [] [] [api-prod UNKNOWN] [vhost] [d41d8cd98f00b204e9800998ecf8427e]
https://api-global.us-east-1.prodaa.netflix.com [404] [GET] [text/html] [HTTP Status 404 – Not Found] [api-prod i-00b59511753088345] [vhost] [875927332f52c86065894ba05cabb6c4]
https://api-global.us-west-2.netflix.com [403] [GET] [] [] [api-prod UNKNOWN] [vhost] [d41d8cd98f00b204e9800998ecf8427e]
https://api-global.us-west-2.netflix.com [404] [GET] [text/html] [HTTP Status 404 – Not Found] [api-prod i-0771dc934a112f1cf] [vhost] [875927332f52c86065894ba05cabb6c4]
https://api-global.us-west-2.origin.prodaa.netflix.com [403] [GET] [] [] [api-prod UNKNOWN] [vhost] [d41d8cd98f00b204e9800998ecf8427e]
https://api-global.us-west-2.origin.prodaa.netflix.com [404] [GET] [text/html] [HTTP Status 404 – Not Found] [api-prod i-0f90dfeaad75a3cf5] [vhost] [875927332f52c86065894ba05cabb6c4]
https://api-global.us-west-2.prodaa.netflix.com [403] [GET] [] [] [api-prod UNKNOWN] [vhost] [d41d8cd98f00b204e9800998ecf8427e]
https://api-global.us-west-2.prodaa.netflix.com [404] [GET] [text/html] [HTTP Status 404 – Not Found] [api-prod i-0f90dfeaad75a3cf5] [vhost] [875927332f52c86065894ba05cabb6c4]
https://api-latam.netflix.com [403] [GET] [] [] [api-prod UNKNOWN] [vhost] [d41d8cd98f00b204e9800998ecf8427e]
https://api-latam.netflix.com [404] [GET] [text/html] [HTTP Status 404 – Not Found] [api-prod i-0edc935b2a6712faa] [vhost] [875927332f52c86065894ba05cabb6c4]
https://api-nook-int.test.netflix.com [403] [GET] [] [] [api-int UNKNOWN] [vhost] [eecba0068950a2df17c47e851e1eef14]
https://api-public.netflix.com [403] [GET] [] [] [api-prod UNKNOWN] [vhost] [d41d8cd98f00b204e9800998ecf8427e]
https://api-public.netflix.com [404] [GET] [text/html] [HTTP Status 404 – Not Found] [api-prod i-0ef2c5732678e3a17] [vhost] [875927332f52c86065894ba05cabb6c4]
https://api-staging.netflix.com [403] [GET] [] [] [api-staging UNKNOWN] [vhost] [d41d8cd98f00b204e9800998ecf8427e]
https://api-staging.netflix.com [404] [GET] [text/html] [HTTP Status 404 – Not Found] [api-staging i-009062975c63ecb05] [vhost] [875927332f52c86065894ba05cabb6c4]
https://api-us.eu-west-1.prodaa.netflix.com [403] [GET] [] [] [api-prod UNKNOWN] [vhost] [d41d8cd98f00b204e9800998ecf8427e]
https://api-us.eu-west-1.prodaa.netflix.com [404] [GET] [text/html] [HTTP Status 404 – Not Found] [api-prod i-00b59511753088345] [vhost] [875927332f52c86065894ba05cabb6c4]
https://api-us.geo.netflix.com [403] [GET] [] [] [api-prod UNKNOWN] [vhost] [d41d8cd98f00b204e9800998ecf8427e]
https://api-us.geo.netflix.com [404] [GET] [text/html] [HTTP Status 404 – Not Found] [api-prod i-00da835fb2768cbf3] [vhost] [875927332f52c86065894ba05cabb6c4]
https://api-us.latency.prodaa.netflix.com [403] [GET] [] [] [api-prod UNKNOWN] [vhost] [d41d8cd98f00b204e9800998ecf8427e]
https://api-us.latency.prodaa.netflix.com [404] [GET] [text/html] [HTTP Status 404 – Not Found] [api-prod i-00b59511753088345] [vhost] [875927332f52c86065894ba05cabb6c4]
https://api-us.test.netflix.com [403] [GET] [] [] [api-test UNKNOWN] [vhost] [eecba0068950a2df17c47e851e1eef14]
https://api-us.us-east-1-sa.prodaa.netflix.com [403] [GET] [] [] [api-prod UNKNOWN] [vhost] [d41d8cd98f00b204e9800998ecf8427e]
https://api-us.us-east-1-sa.prodaa.netflix.com [404] [GET] [text/html] [HTTP Status 404 – Not Found] [api-prod i-0fb56e7ba00ac4988] [vhost] [875927332f52c86065894ba05cabb6c4]
https://api-us.us-east-1.netflix.com [403] [GET] [] [] [api-prod UNKNOWN] [vhost] [d41d8cd98f00b204e9800998ecf8427e]
https://api-us.us-east-1.netflix.com [404] [GET] [text/html] [HTTP Status 404 – Not Found] [api-prod i-0c91c37d4bd56c9a9] [vhost] [875927332f52c86065894ba05cabb6c4]
https://api-us.us-east-1.prodaa.netflix.com [403] [GET] [] [] [api-prod UNKNOWN] [vhost] [d41d8cd98f00b204e9800998ecf8427e]
https://api-us.us-east-1.prodaa.netflix.com [404] [GET] [text/html] [HTTP Status 404 – Not Found] [api-prod i-00b59511753088345] [vhost] [875927332f52c86065894ba05cabb6c4]
https://api-us.us-west-2.netflix.com [403] [GET] [] [] [api-prod UNKNOWN] [vhost] [d41d8cd98f00b204e9800998ecf8427e]
https://api-us.us-west-2.netflix.com [404] [GET] [text/html] [HTTP Status 404 – Not Found] [api-prod i-0cfaaf080d4dbc7e3] [vhost] [875927332f52c86065894ba05cabb6c4]
https://api-us.us-west-2.prodaa.netflix.com [403] [GET] [] [] [api-prod UNKNOWN] [vhost] [d41d8cd98f00b204e9800998ecf8427e]
https://api-us.us-west-2.prodaa.netflix.com [404] [GET] [text/html] [HTTP Status 404 – Not Found] [api-prod i-0771dc934a112f1cf] [vhost] [875927332f52c86065894ba05cabb6c4]
https://api-user.eu-west-1.prodaa.netflix.com [403] [GET] [] [] [api-prod UNKNOWN] [vhost] [d41d8cd98f00b204e9800998ecf8427e]
https://api-user.eu-west-1.prodaa.netflix.com [404] [GET] [text/html] [HTTP Status 404 – Not Found] [api-prod i-0fb56e7ba00ac4988] [vhost] [875927332f52c86065894ba05cabb6c4]
https://api-user.geo.netflix.com [403] [GET] [] [] [api-prod UNKNOWN] [vhost] [d41d8cd98f00b204e9800998ecf8427e]
https://api-user.geo.netflix.com [404] [GET] [text/html] [HTTP Status 404 – Not Found] [api-prod i-00da835fb2768cbf3] [vhost] [875927332f52c86065894ba05cabb6c4]
https://api-user.latency.prodaa.netflix.com [403] [GET] [] [] [api-prod UNKNOWN] [vhost] [d41d8cd98f00b204e9800998ecf8427e]
https://api-user.latency.prodaa.netflix.com [404] [GET] [text/html] [HTTP Status 404 – Not Found] [api-prod i-0c91c37d4bd56c9a9] [vhost] [875927332f52c86065894ba05cabb6c4]
https://api-user.netflix.com [403] [GET] [] [] [api-prod UNKNOWN] [vhost] [d41d8cd98f00b204e9800998ecf8427e]
https://api-user.netflix.com [404] [GET] [text/html] [HTTP Status 404 – Not Found] [api-prod i-0f14d6cc53890d809] [vhost] [875927332f52c86065894ba05cabb6c4]
https://api-user.us-east-1-sa.prodaa.netflix.com [403] [GET] [] [] [api-prod UNKNOWN] [vhost] [d41d8cd98f00b204e9800998ecf8427e]
https://api-user.us-east-1-sa.prodaa.netflix.com [404] [GET] [text/html] [HTTP Status 404 – Not Found] [api-prod i-013270737c8163165] [vhost] [875927332f52c86065894ba05cabb6c4]
https://api-user.us-east-1.netflix.com [403] [GET] [] [] [api-prod UNKNOWN] [vhost] [d41d8cd98f00b204e9800998ecf8427e]
https://api-user.us-east-1.netflix.com [404] [GET] [text/html] [HTTP Status 404 – Not Found] [api-prod i-013270737c8163165] [vhost] [875927332f52c86065894ba05cabb6c4]
https://api-user.us-east-1.prodaa.netflix.com [403] [GET] [] [] [api-prod UNKNOWN] [vhost] [d41d8cd98f00b204e9800998ecf8427e]
https://api-user.us-east-1.prodaa.netflix.com [404] [GET] [text/html] [HTTP Status 404 – Not Found] [api-prod i-0d45bdb7967d7019f] [vhost] [875927332f52c86065894ba05cabb6c4]
https://api-user.us-west-2.netflix.com [403] [GET] [] [] [api-prod UNKNOWN] [vhost] [d41d8cd98f00b204e9800998ecf8427e]
https://api-user.us-west-2.netflix.com [404] [GET] [text/html] [HTTP Status 404 – Not Found] [api-prod i-0af02fb5b31de1869] [vhost] [875927332f52c86065894ba05cabb6c4]
https://api-user.us-west-2.prodaa.netflix.com [403] [GET] [] [] [api-prod UNKNOWN] [vhost] [d41d8cd98f00b204e9800998ecf8427e]
https://api-user.us-west-2.prodaa.netflix.com [404] [GET] [text/html] [HTTP Status 404 – Not Found] [api-prod i-0cfaaf080d4dbc7e3] [vhost] [875927332f52c86065894ba05cabb6c4]
https://api.dradis.netflix.com [403] [GET] [] [] [api-prod UNKNOWN] [vhost] [d41d8cd98f00b204e9800998ecf8427e]
https://api.dradis.netflix.com [404] [GET] [text/html] [HTTP Status 404 – Not Found] [api-prod i-071592360240ef5b9] [vhost] [875927332f52c86065894ba05cabb6c4]
https://api.eu-west-1.origin.prodaa.netflix.com [403] [GET] [] [] [api-prod UNKNOWN] [vhost] [d41d8cd98f00b204e9800998ecf8427e]
https://api.eu-west-1.origin.prodaa.netflix.com [404] [GET] [text/html] [HTTP Status 404 – Not Found] [api-prod i-071592360240ef5b9] [vhost] [875927332f52c86065894ba05cabb6c4]
https://api.eu-west-1.prodaa.netflix.com [403] [GET] [] [] [api-prod UNKNOWN] [vhost] [d41d8cd98f00b204e9800998ecf8427e]
https://api.eu-west-1.prodaa.netflix.com [404] [GET] [text/html] [HTTP Status 404 – Not Found] [api-prod i-0f14d6cc53890d809] [vhost] [875927332f52c86065894ba05cabb6c4]
https://api.geo.netflix.com [403] [GET] [] [] [api-prod UNKNOWN] [vhost] [d41d8cd98f00b204e9800998ecf8427e]
https://api.geo.netflix.com [404] [GET] [text/html] [HTTP Status 404 – Not Found] [api-prod i-0c91c37d4bd56c9a9] [vhost] [875927332f52c86065894ba05cabb6c4]
https://api.latency.prodaa.netflix.com [403] [GET] [] [] [api-prod UNKNOWN] [vhost] [d41d8cd98f00b204e9800998ecf8427e]
https://api.latency.prodaa.netflix.com [404] [GET] [text/html] [HTTP Status 404 – Not Found] [api-prod i-00b59511753088345] [vhost] [875927332f52c86065894ba05cabb6c4]
https://api.monet.netflix.com [503] [GET] [text/html] [503 Service Temporarily Unavailable] [awselb/2.0] [613f79233487af685baf4b32a2397ede]
https://api.monet.test.netflix.com [503] [GET] [text/html] [503 Service Temporarily Unavailable] [awselb/2.0] [613f79233487af685baf4b32a2397ede]
https://api.netflix.com [403] [GET] [] [] [api-prod UNKNOWN] [vhost] [d41d8cd98f00b204e9800998ecf8427e]
https://api.netflix.com [404] [GET] [text/html] [HTTP Status 404 – Not Found] [api-prod i-00da835fb2768cbf3] [vhost] [875927332f52c86065894ba05cabb6c4]
https://api.nrd.netflix.com [404] [GET] [text/html] [HTTP Status 404 – Not Found] [Apache] [Apache] [348b16991e7193cc17b88d753347b58d]
https://api.sandbox.netflix.com [403] [GET] [] [] [api-sandbox UNKNOWN] [vhost] [d41d8cd98f00b204e9800998ecf8427e]
https://api.sandbox.netflix.com [404] [GET] [text/html] [HTTP Status 404 – Not Found] [api-sandbox i-00d827c54084822f4] [vhost] [875927332f52c86065894ba05cabb6c4]
https://api.test.netflix.com [403] [GET] [] [] [api-test UNKNOWN] [vhost] [eecba0068950a2df17c47e851e1eef14]
https://api.us-east-1-sa.prodaa.netflix.com [403] [GET] [] [] [api-prod UNKNOWN] [vhost] [d41d8cd98f00b204e9800998ecf8427e]
https://api.us-east-1-sa.prodaa.netflix.com [404] [GET] [text/html] [HTTP Status 404 – Not Found] [api-prod i-013270737c8163165] [vhost] [875927332f52c86065894ba05cabb6c4]
https://api.us-east-1.netflix.com [403] [GET] [] [] [api-prod UNKNOWN] [vhost] [d41d8cd98f00b204e9800998ecf8427e]
https://api.us-east-1.netflix.com [404] [GET] [text/html] [HTTP Status 404 – Not Found] [api-prod i-00b59511753088345] [vhost] [875927332f52c86065894ba05cabb6c4]
https://api.us-east-1.origin.prodaa.netflix.com [403] [GET] [] [] [api-prod UNKNOWN] [vhost] [d41d8cd98f00b204e9800998ecf8427e]
https://api.us-east-1.origin.prodaa.netflix.com [404] [GET] [text/html] [HTTP Status 404 – Not Found] [api-prod i-00da835fb2768cbf3] [vhost] [875927332f52c86065894ba05cabb6c4]
https://api.us-east-1.prodaa.netflix.com [403] [GET] [] [] [api-prod UNKNOWN] [vhost] [d41d8cd98f00b204e9800998ecf8427e]
https://api.us-east-1.prodaa.netflix.com [404] [GET] [text/html] [HTTP Status 404 – Not Found] [api-prod i-0471c772d9ab690a7] [vhost] [875927332f52c86065894ba05cabb6c4]
https://api.us-west-2.netflix.com [403] [GET] [] [] [api-prod UNKNOWN] [vhost] [d41d8cd98f00b204e9800998ecf8427e]
https://api.us-west-2.netflix.com [404] [GET] [text/html] [HTTP Status 404 – Not Found] [api-prod i-0cfaaf080d4dbc7e3] [vhost] [875927332f52c86065894ba05cabb6c4]
https://api.us-west-2.origin.prodaa.netflix.com [403] [GET] [] [] [api-prod UNKNOWN] [vhost] [d41d8cd98f00b204e9800998ecf8427e]
https://api.us-west-2.origin.prodaa.netflix.com [404] [GET] [text/html] [HTTP Status 404 – Not Found] [api-prod i-0771dc934a112f1cf] [vhost] [875927332f52c86065894ba05cabb6c4]
https://api.us-west-2.prodaa.netflix.com [403] [GET] [] [] [api-prod UNKNOWN] [vhost] [d41d8cd98f00b204e9800998ecf8427e]
https://api.us-west-2.prodaa.netflix.com [404] [GET] [text/html] [HTTP Status 404 – Not Found] [api-prod i-02bdbc27f0345f8dc] [vhost] [875927332f52c86065894ba05cabb6c4]
https://api.vandam.netflix.com [401] [GET] [application/json] [] [Apache] [Apache] [fa045324112de127b6f1c4b57c54cfa6]
https://apis.test.netflix.com [403] [GET] [] [] [api-test UNKNOWN] [vhost] [eecba0068950a2df17c47e851e1eef14]
https://beacon.netflix.com [403] [GET] [] [] [] [vhost] [eecba0068950a2df17c47e851e1eef14]
https://customerevents.netflix.com [403] [GET] [] [] [] [vhost] [eecba0068950a2df17c47e851e1eef14]
https://dch-1-1038-1038.prod.ftl.netflix.com [403] [GET] [] [] [api-prod UNKNOWN] [vhost] [d41d8cd98f00b204e9800998ecf8427e]
https://dch-1-1038-1038.prod.ftl.netflix.com [404] [GET] [text/html] [HTTP Status 404 – Not Found] [api-prod i-02bdbc27f0345f8dc] [vhost] [875927332f52c86065894ba05cabb6c4]
https://dualstack-anycast.prod.ftl.netflix.com [403] [GET] [] [] [api-prod UNKNOWN] [vhost] [d41d8cd98f00b204e9800998ecf8427e]
https://dualstack-anycast.prod.ftl.netflix.com [404] [GET] [text/html] [HTTP Status 404 – Not Found] [api-prod i-071592360240ef5b9] [vhost] [875927332f52c86065894ba05cabb6c4]
https://eu-west-1-probe.prod.ftl.netflix.com [403] [GET] [] [] [api-prod UNKNOWN] [vhost] [d41d8cd98f00b204e9800998ecf8427e]
https://eu-west-1-probe.prod.ftl.netflix.com [404] [GET] [text/html] [HTTP Status 404 – Not Found] [api-prod i-071592360240ef5b9] [vhost] [875927332f52c86065894ba05cabb6c4]
https://future.prod.ftl.netflix.com [403] [GET] [] [] [api-prod UNKNOWN] [vhost] [d41d8cd98f00b204e9800998ecf8427e]
https://h1-aws.prod.ftl.netflix.com [403] [GET] [] [] [api-prod UNKNOWN] [vhost] [d41d8cd98f00b204e9800998ecf8427e]
https://h1-scm.prod.ftl.netflix.com [403] [GET] [] [] [api-prod UNKNOWN] [vhost] [d41d8cd98f00b204e9800998ecf8427e]
https://h1-scm.prod.ftl.netflix.com [404] [GET] [text/html] [HTTP Status 404 – Not Found] [api-prod i-0471c772d9ab690a7] [vhost] [875927332f52c86065894ba05cabb6c4]
https://h2-aws.prod.ftl.netflix.com [403] [GET] [] [] [api-prod UNKNOWN] [vhost] [d41d8cd98f00b204e9800998ecf8427e]
https://h2-scm.prod.ftl.netflix.com [403] [GET] [] [] [api-prod UNKNOWN] [vhost] [d41d8cd98f00b204e9800998ecf8427e]
https://h2-scm.prod.ftl.netflix.com [404] [GET] [text/html] [HTTP Status 404 – Not Found] [api-prod i-06329a799b09d5948] [vhost] [875927332f52c86065894ba05cabb6c4]
https://help.netflix.com [302] [GET] [] [] [poe-secure i-0395ead0e54bddb86] [vhost] [d41d8cd98f00b204e9800998ecf8427e]
https://help.netflix.com [302] [GET] [] [] [poe-secure i-05e76d8ddd76723a5] [vhost] [d41d8cd98f00b204e9800998ecf8427e]
https://ichnaea-ios-aws-control.prod.ftl.netflix.com [405] [GET] [] [] [clingest-secure i-0b508d4ae3229de60] [vhost] [d41d8cd98f00b204e9800998ecf8427e]
https://ichnaea-ios-dradis.prod.ftl.netflix.com [405] [GET] [] [] [clingest-secure i-0426028621c3fc700] [vhost] [d41d8cd98f00b204e9800998ecf8427e]
https://ichnaea-nrdp-dradis.prod.ftl.netflix.com [405] [GET] [] [] [clingest-secure i-0c45550ca5cfc5730] [vhost] [d41d8cd98f00b204e9800998ecf8427e]
https://ichnaea-nrdp-dradis.prod.ftl.netflix.com [405] [GET] [] [] [clingest-secure i-0d7b602a493b20d6d] [vhost] [d41d8cd98f00b204e9800998ecf8427e]
https://ios-aggressive.prod.ftl.netflix.com [403] [GET] [] [] [api-prod UNKNOWN] [vhost] [d41d8cd98f00b204e9800998ecf8427e]
https://ios-aggressive.prod.ftl.netflix.com [404] [GET] [text/html] [HTTP Status 404 – Not Found] [api-prod i-0f14d6cc53890d809] [vhost] [875927332f52c86065894ba05cabb6c4]
https://ios-cell4.prod.ftl.netflix.com [403] [GET] [] [] [api-prod UNKNOWN] [vhost] [d41d8cd98f00b204e9800998ecf8427e]
https://ios-cell4.prod.ftl.netflix.com [404] [GET] [text/html] [HTTP Status 404 – Not Found] [api-prod i-0ea725dd36c2d7534] [vhost] [875927332f52c86065894ba05cabb6c4]
https://ios-cell5.prod.ftl.netflix.com [403] [GET] [] [] [api-prod UNKNOWN] [vhost] [d41d8cd98f00b204e9800998ecf8427e]
https://ios-cell5.prod.ftl.netflix.com [404] [GET] [text/html] [HTTP Status 404 – Not Found] [api-prod i-06329a799b09d5948] [vhost] [875927332f52c86065894ba05cabb6c4]
https://ios-cell6.prod.ftl.netflix.com [403] [GET] [] [] [api-prod UNKNOWN] [vhost] [d41d8cd98f00b204e9800998ecf8427e]
https://ios-conservative.prod.ftl.netflix.com [403] [GET] [] [] [api-prod UNKNOWN] [vhost] [d41d8cd98f00b204e9800998ecf8427e]
https://ios-dradis.prod.ftl.netflix.com [403] [GET] [] [] [api-prod UNKNOWN] [vhost] [d41d8cd98f00b204e9800998ecf8427e]
https://ios-dradis.prod.ftl.netflix.com [404] [GET] [text/html] [HTTP Status 404 – Not Found] [api-prod i-00da835fb2768cbf3] [vhost] [875927332f52c86065894ba05cabb6c4]
https://ios-h2.prod.ftl.netflix.com [403] [GET] [] [] [api-prod UNKNOWN] [vhost] [d41d8cd98f00b204e9800998ecf8427e]
https://ios-h2.prod.ftl.netflix.com [404] [GET] [text/html] [HTTP Status 404 – Not Found] [api-prod i-07fa5b09a8884930a] [vhost] [875927332f52c86065894ba05cabb6c4]
https://ios-moderate.prod.ftl.netflix.com [403] [GET] [] [] [api-prod UNKNOWN] [vhost] [d41d8cd98f00b204e9800998ecf8427e]
https://ios-sharded.prod.ftl.netflix.com [403] [GET] [] [] [api-prod UNKNOWN] [vhost] [d41d8cd98f00b204e9800998ecf8427e]
https://ios.prod.ftl.netflix.com [403] [GET] [] [] [api-prod UNKNOWN] [vhost] [d41d8cd98f00b204e9800998ecf8427e]
https://ios.prod.ftl.netflix.com [404] [GET] [text/html] [HTTP Status 404 – Not Found] [api-prod i-0ea725dd36c2d7534] [vhost] [875927332f52c86065894ba05cabb6c4]
https://ipv4only-anycast.prod.ftl.netflix.com [403] [GET] [] [] [api-prod UNKNOWN] [vhost] [d41d8cd98f00b204e9800998ecf8427e]
https://ipv4only-anycast.prod.ftl.netflix.com [404] [GET] [text/html] [HTTP Status 404 – Not Found] [api-prod i-0ef2c5732678e3a17] [vhost] [875927332f52c86065894ba05cabb6c4]
https://isp-1-4814-4814.prod.ftl.netflix.com [403] [GET] [] [] [api-prod UNKNOWN] [vhost] [d41d8cd98f00b204e9800998ecf8427e]
https://isp-1-4814-4814.prod.ftl.netflix.com [404] [GET] [text/html] [HTTP Status 404 – Not Found] [api-prod i-0edc935b2a6712faa] [vhost] [875927332f52c86065894ba05cabb6c4]
https://jet-api.netflix.com [503] [GET] [text/html] [503 Service Temporarily Unavailable] [awselb/2.0] [613f79233487af685baf4b32a2397ede]
https://jet-api.netflix.com [503] [GET] [text/html] [503 Service Temporarily Unavailable] [awselb/2.0] [81df4d3863debf3eceb5cf84251fd472]
https://meechum.netflix.com [403] [GET] [text/html] [Error] [] [5664a6083dc76d238546690694bbd005]
https://nfrt-mobile-direct.prod.ftl.netflix.com [403] [GET] [] [] [api-prod UNKNOWN] [vhost] [d41d8cd98f00b204e9800998ecf8427e]
https://nfrt-mobile-direct.prod.ftl.netflix.com [404] [GET] [text/html] [HTTP Status 404 – Not Found] [api-prod i-0ef2c5732678e3a17] [vhost] [875927332f52c86065894ba05cabb6c4]
https://nfrt-mobile-direct6.prod.ftl.netflix.com [403] [GET] [] [] [api-prod UNKNOWN] [vhost] [d41d8cd98f00b204e9800998ecf8427e]
https://nfrt-mobile-direct6.prod.ftl.netflix.com [404] [GET] [text/html] [HTTP Status 404 – Not Found] [api-prod i-0ea725dd36c2d7534] [vhost] [875927332f52c86065894ba05cabb6c4]
https://nfrt-mobile-nlb.prod.ftl.netflix.com [403] [GET] [] [] [api-prod UNKNOWN] [vhost] [d41d8cd98f00b204e9800998ecf8427e]
https://nfrt-mobile-nlb.prod.ftl.netflix.com [404] [GET] [text/html] [HTTP Status 404 – Not Found] [api-prod i-0c91c37d4bd56c9a9] [vhost] [875927332f52c86065894ba05cabb6c4]
https://nfrt-nrdp-direct.prod.ftl.netflix.com [403] [GET] [] [] [api-prod UNKNOWN] [vhost] [d41d8cd98f00b204e9800998ecf8427e]
https://nfrt-nrdp-direct.prod.ftl.netflix.com [404] [GET] [text/html] [HTTP Status 404 – Not Found] [api-prod i-0ea725dd36c2d7534] [vhost] [875927332f52c86065894ba05cabb6c4]
https://nfrt-nrdp-nlb.prod.ftl.netflix.com [403] [GET] [] [] [api-prod UNKNOWN] [vhost] [d41d8cd98f00b204e9800998ecf8427e]
https://nfrt-nrdp-nlb.prod.ftl.netflix.com [404] [GET] [text/html] [HTTP Status 404 – Not Found] [api-prod i-09307bb1fc2da9969] [vhost] [875927332f52c86065894ba05cabb6c4]
https://nrd-api.netflix.com [403] [GET] [] [] [api-prod UNKNOWN] [vhost] [d41d8cd98f00b204e9800998ecf8427e]
https://nrd-api.netflix.com [404] [GET] [text/html] [HTTP Status 404 – Not Found] [api-prod i-00b59511753088345] [vhost] [875927332f52c86065894ba05cabb6c4]
https://nrd.api.latency.prodaa.netflix.com [403] [GET] [] [] [api-prod UNKNOWN] [vhost] [d41d8cd98f00b204e9800998ecf8427e]
https://nrd.api.latency.prodaa.netflix.com [404] [GET] [text/html] [HTTP Status 404 – Not Found] [api-prod i-00b59511753088345] [vhost] [875927332f52c86065894ba05cabb6c4]
https://nrdp-aggressive.prod.ftl.netflix.com [403] [GET] [] [] [api-prod UNKNOWN] [vhost] [d41d8cd98f00b204e9800998ecf8427e]
https://nrdp-aws-dradis.prod.ftl.netflix.com [403] [GET] [] [] [api-prod UNKNOWN] [vhost] [d41d8cd98f00b204e9800998ecf8427e]
https://nrdp-aws-dradis.prod.ftl.netflix.com [404] [GET] [text/html] [HTTP Status 404 – Not Found] [api-prod i-0a09980c6675a8c01] [vhost] [875927332f52c86065894ba05cabb6c4]
https://nrdp-cell4.prod.ftl.netflix.com [403] [GET] [] [] [api-prod UNKNOWN] [vhost] [d41d8cd98f00b204e9800998ecf8427e]
https://nrdp-cell4.prod.ftl.netflix.com [404] [GET] [text/html] [HTTP Status 404 – Not Found] [api-prod i-0ea725dd36c2d7534] [vhost] [875927332f52c86065894ba05cabb6c4]
https://nrdp-cell5.prod.ftl.netflix.com [403] [GET] [] [] [api-prod UNKNOWN] [vhost] [d41d8cd98f00b204e9800998ecf8427e]
https://nrdp-cell5.prod.ftl.netflix.com [404] [GET] [text/html] [HTTP Status 404 – Not Found] [api-prod i-09307bb1fc2da9969] [vhost] [875927332f52c86065894ba05cabb6c4]
https://nrdp-cell6.prod.ftl.netflix.com [403] [GET] [] [] [api-prod UNKNOWN] [vhost] [d41d8cd98f00b204e9800998ecf8427e]
https://nrdp-conservative.prod.ftl.netflix.com [403] [GET] [] [] [api-prod UNKNOWN] [vhost] [d41d8cd98f00b204e9800998ecf8427e]
https://nrdp-dradis.prod.ftl.netflix.com [403] [GET] [] [] [api-prod UNKNOWN] [vhost] [d41d8cd98f00b204e9800998ecf8427e]
https://nrdp-ipv4.prod.ftl.netflix.com [403] [GET] [] [] [api-prod UNKNOWN] [vhost] [d41d8cd98f00b204e9800998ecf8427e]
https://nrdp-ipv6.prod.ftl.netflix.com [403] [GET] [] [] [api-prod UNKNOWN] [vhost] [d41d8cd98f00b204e9800998ecf8427e]
https://nrdp-ipv6.prod.ftl.netflix.com [404] [GET] [text/html] [HTTP Status 404 – Not Found] [api-prod i-0a09980c6675a8c01] [vhost] [875927332f52c86065894ba05cabb6c4]
https://nrdp-moderate.prod.ftl.netflix.com [403] [GET] [] [] [api-prod UNKNOWN] [vhost] [d41d8cd98f00b204e9800998ecf8427e]
https://nrdp-sharded.prod.ftl.netflix.com [403] [GET] [] [] [api-prod UNKNOWN] [vhost] [d41d8cd98f00b204e9800998ecf8427e]
https://nrdp.prod.ftl.netflix.com [403] [GET] [] [] [api-prod UNKNOWN] [vhost] [d41d8cd98f00b204e9800998ecf8427e]
https://oca-api.dradis.netflix.com [403] [GET] [] [] [api-prod UNKNOWN] [vhost] [d41d8cd98f00b204e9800998ecf8427e]
https://oca-api.eu-west-1.internal.dradis.netflix.com [403] [GET] [] [] [api-prod UNKNOWN] [vhost] [d41d8cd98f00b204e9800998ecf8427e]
https://oca-api.eu-west-1.origin.prodaa.netflix.com [403] [GET] [] [] [api-prod UNKNOWN] [vhost] [d41d8cd98f00b204e9800998ecf8427e]
https://oca-api.eu-west-1.prodaa.netflix.com [403] [GET] [] [] [api-prod UNKNOWN] [vhost] [d41d8cd98f00b204e9800998ecf8427e]
https://oca-api.geo.netflix.com [403] [GET] [] [] [api-prod UNKNOWN] [vhost] [d41d8cd98f00b204e9800998ecf8427e]
https://oca-api.latency.prodaa.netflix.com [403] [GET] [] [] [api-prod UNKNOWN] [vhost] [d41d8cd98f00b204e9800998ecf8427e]
https://oca-api.netflix.com [403] [GET] [] [] [api-prod UNKNOWN] [vhost] [d41d8cd98f00b204e9800998ecf8427e]
https://oca-api.us-east-1-sa.prodaa.netflix.com [403] [GET] [] [] [api-prod UNKNOWN] [vhost] [d41d8cd98f00b204e9800998ecf8427e]
https://oca-api.us-east-1.internal.dradis.netflix.com [403] [GET] [] [] [api-prod UNKNOWN] [vhost] [d41d8cd98f00b204e9800998ecf8427e]
https://oca-api.us-east-1.origin.prodaa.netflix.com [403] [GET] [] [] [api-prod UNKNOWN] [vhost] [d41d8cd98f00b204e9800998ecf8427e]
https://oca-api.us-east-1.prodaa.netflix.com [403] [GET] [] [] [api-prod UNKNOWN] [vhost] [d41d8cd98f00b204e9800998ecf8427e]
https://oca-api.us-west-2.internal.dradis.netflix.com [403] [GET] [] [] [api-prod UNKNOWN] [vhost] [d41d8cd98f00b204e9800998ecf8427e]
https://oca-api.us-west-2.origin.prodaa.netflix.com [403] [GET] [] [] [api-prod UNKNOWN] [vhost] [d41d8cd98f00b204e9800998ecf8427e]
https://oca-api.us-west-2.prodaa.netflix.com [403] [GET] [] [] [api-prod UNKNOWN] [vhost] [d41d8cd98f00b204e9800998ecf8427e]
https://presentationtracking.netflix.com [403] [GET] [] [] [] [vhost] [eecba0068950a2df17c47e851e1eef14]
https://probe-cell4.prod.ftl.netflix.com [403] [GET] [] [] [api-prod UNKNOWN] [vhost] [d41d8cd98f00b204e9800998ecf8427e]
https://probe-cell4.prod.ftl.netflix.com [404] [GET] [text/html] [HTTP Status 404 – Not Found] [api-prod i-0a09980c6675a8c01] [vhost] [875927332f52c86065894ba05cabb6c4]
https://probe-cell5.prod.ftl.netflix.com [403] [GET] [] [] [api-prod UNKNOWN] [vhost] [d41d8cd98f00b204e9800998ecf8427e]
https://probe-cell6.prod.ftl.netflix.com [403] [GET] [] [] [api-prod UNKNOWN] [vhost] [d41d8cd98f00b204e9800998ecf8427e]
https://probe-cell7.prod.ftl.netflix.com [403] [GET] [] [] [api-prod UNKNOWN] [vhost] [d41d8cd98f00b204e9800998ecf8427e]
https://probe-cell8.prod.ftl.netflix.com [403] [GET] [] [] [api-prod UNKNOWN] [vhost] [d41d8cd98f00b204e9800998ecf8427e]
https://probe-cell9.prod.ftl.netflix.com [403] [GET] [] [] [api-prod UNKNOWN] [vhost] [d41d8cd98f00b204e9800998ecf8427e]
https://probe-dradis-anycast.prod.ftl.netflix.com [403] [GET] [] [] [api-prod UNKNOWN] [vhost] [d41d8cd98f00b204e9800998ecf8427e]
https://probe-dradis-aws-only.prod.ftl.netflix.com [403] [GET] [] [] [api-prod UNKNOWN] [vhost] [d41d8cd98f00b204e9800998ecf8427e]
https://probe-dradis.prod.ftl.netflix.com [403] [GET] [] [] [api-prod UNKNOWN] [vhost] [d41d8cd98f00b204e9800998ecf8427e]
https://probe-h1.prod.ftl.netflix.com [403] [GET] [] [] [api-prod UNKNOWN] [vhost] [d41d8cd98f00b204e9800998ecf8427e]
https://probe-h2.prod.ftl.netflix.com [403] [GET] [] [] [api-prod UNKNOWN] [vhost] [d41d8cd98f00b204e9800998ecf8427e]
https://probe-ixanycast-isp.prod.ftl.netflix.com [403] [GET] [] [] [api-prod UNKNOWN] [vhost] [d41d8cd98f00b204e9800998ecf8427e]
https://probe-ixunicast.prod.ftl.netflix.com [403] [GET] [] [] [api-prod UNKNOWN] [vhost] [d41d8cd98f00b204e9800998ecf8427e]
https://probe.prod.ftl.netflix.com [403] [GET] [] [] [api-prod UNKNOWN] [vhost] [d41d8cd98f00b204e9800998ecf8427e]
https://sch-1-1038-1038.prod.ftl.netflix.com [403] [GET] [] [] [api-prod UNKNOWN] [vhost] [d41d8cd98f00b204e9800998ecf8427e]
https://sch-1-4814-4814.prod.ftl.netflix.com [403] [GET] [] [] [api-prod UNKNOWN] [vhost] [d41d8cd98f00b204e9800998ecf8427e]
https://tcp-1-1038-1038.prod.ftl.netflix.com [403] [GET] [] [] [api-prod UNKNOWN] [vhost] [d41d8cd98f00b204e9800998ecf8427e]
https://us-east-1-probe.prod.ftl.netflix.com [403] [GET] [] [] [api-prod UNKNOWN] [vhost] [d41d8cd98f00b204e9800998ecf8427e]
https://us-west-2-probe.prod.ftl.netflix.com [403] [GET] [] [] [api-prod UNKNOWN] [vhost] [d41d8cd98f00b204e9800998ecf8427e]
https://web-cell5.prod.ftl.netflix.com [200] [GET] [text/html] [Netflix - Watch TV Shows Online, Watch Movies Online] [nq_website_nonmember-prod-release 147eda2f-6c69-48cc-baab-5a6d8855d619] [vhost] [Envoy] [b699578f8b8270d96b78c40cafad4d41]
https://web-cell6.prod.ftl.netflix.com [200] [GET] [text/html] [Netflix - Watch TV Shows Online, Watch Movies Online] [nq_website_nonmember-prod-release 5b1924e7-ebfe-44ac-8c55-45462aacd0d2] [vhost] [Envoy] [4781b6e815183567c345807e6008023a]
https://web.prod.ftl.netflix.com [200] [GET] [text/html] [Netflix - Watch TV Shows Online, Watch Movies Online] [nq_website_nonmember-prod-release cdd06c93-fd64-4654-9ca9-8bf8a3922082] [vhost] [Envoy] [7495c4cd1bee4e841ad2df5510946eb8]
