http://bam-cell.nr-data.net:8080 [301] [GET] [] [] [cloudflare] [d41d8cd98f00b204e9800998ecf8427e]
http://bam.eu01.nr-data.net:8080 [301] [GET] [] [] [cloudflare] [d41d8cd98f00b204e9800998ecf8427e]
http://cloud-collector.eu01.nr-data.net:8080 [301] [GET] [] [] [cloudflare] [d41d8cd98f00b204e9800998ecf8427e]
http://collector-001.eu01.nr-data.net:8080 [301] [GET] [] [] [cloudflare] [d41d8cd98f00b204e9800998ecf8427e]
http://collector-pool.migration.cell.nr-data.net [409] [GET] [text/plain] [] [cloudflare] [f6bbbdc9b05a5af96b6b7e618ee357cc]
http://collector-pool.migration.cell.nr-data.net:8080 [409] [GET] [text/plain] [] [cloudflare] [f6bbbdc9b05a5af96b6b7e618ee357cc]
http://collector-pool.migration.cell.nr-data.net:8443 [400] [GET] [text/html] [400 The plain HTTP request was sent to HTTPS port] [cloudflare] [20ad84d030031252141ca0b3fc0183f0]
http://ingest-test-api.eu01.nr-data.net:8080 [301] [GET] [] [] [cloudflare] [d41d8cd98f00b204e9800998ecf8427e]
http://log-api-origin.cell.nr-data.net [409] [GET] [text/plain] [] [cloudflare] [f6bbbdc9b05a5af96b6b7e618ee357cc]
http://log-api-origin.cell.nr-data.net:8080 [409] [GET] [text/plain] [] [cloudflare] [f6bbbdc9b05a5af96b6b7e618ee357cc]
http://log-api-origin.cell.nr-data.net:8443 [400] [GET] [text/html] [400 The plain HTTP request was sent to HTTPS port] [cloudflare] [cd58783500d7fa3c58f88eb0ba22f4f8]
http://log-api.eu01.nr-data.net:8080 [301] [GET] [] [] [cloudflare] [d41d8cd98f00b204e9800998ecf8427e]
http://metric-api.eu01.nr-data.net:8080 [301] [GET] [] [] [cloudflare] [d41d8cd98f00b204e9800998ecf8427e]
http://staging-bam-cell.nr-data.net:8080 [301] [GET] [] [] [cloudflare] [d41d8cd98f00b204e9800998ecf8427e]
http://staging-insights-collector-origin.nr-data.net [409] [GET] [text/plain] [] [cloudflare] [f6bbbdc9b05a5af96b6b7e618ee357cc]
http://staging-insights-collector-origin.nr-data.net:8080 [409] [GET] [text/plain] [] [cloudflare] [f6bbbdc9b05a5af96b6b7e618ee357cc]
http://staging-insights-collector-origin.nr-data.net:8443 [400] [GET] [text/html] [400 The plain HTTP request was sent to HTTPS port] [cloudflare] [20ad84d030031252141ca0b3fc0183f0]
http://tls10.eu01.nr-data.net:8080 [301] [GET] [] [] [cloudflare] [d41d8cd98f00b204e9800998ecf8427e]
http://tls12.eu01.nr-data.net:8080 [301] [GET] [] [] [cloudflare] [d41d8cd98f00b204e9800998ecf8427e]
https://bam-6.nr-data.net [400] [GET] [] [] [] [d41d8cd98f00b204e9800998ecf8427e]
https://bam-7.nr-data.net [400] [GET] [] [] [] [d41d8cd98f00b204e9800998ecf8427e]
https://bam-8.nr-data.net [400] [GET] [] [] [] [d41d8cd98f00b204e9800998ecf8427e]
https://bam-9.nr-data.net [400] [GET] [] [] [] [d41d8cd98f00b204e9800998ecf8427e]
https://bam-cell.nr-data.net [404] [GET] [text/plain] [] [cloudflare] [vhost] [99914b932bd37a50b983c5e7c90ae93b]
https://bam-cell.nr-data.net:8443 [404] [GET] [text/plain] [] [cloudflare] [vhost] [99914b932bd37a50b983c5e7c90ae93b]
https://bam-f10-i60-30.eu01.nr-data.net [202] [GET] [application/javascript] [] [] [d41d8cd98f00b204e9800998ecf8427e]
https://bam.eu01.nr-data.net [404] [GET] [text/plain] [] [cloudflare] [vhost] [99914b932bd37a50b983c5e7c90ae93b]
https://bam.eu01.nr-data.net:8443 [404] [GET] [text/plain] [] [cloudflare] [vhost] [99914b932bd37a50b983c5e7c90ae93b]
https://bam.nr-data.net [400] [GET] [] [] [] [d41d8cd98f00b204e9800998ecf8427e]
https://chi-prod-cloud-collector.nr-data.net [404] [GET] [application/json] [] [] [99914b932bd37a50b983c5e7c90ae93b]
https://chi-prod-collector.nr-data.net [403] [GET] [text/plain] [] [] [d41d8cd98f00b204e9800998ecf8427e]
https://chi-prod-infra-api.nr-data.net [404] [GET] [text/plain] [] [] [vhost] [d41d8cd98f00b204e9800998ecf8427e]
https://chi-production-insights-collector.nr-data.net [404] [GET] [application/json] [] [] [99914b932bd37a50b983c5e7c90ae93b]
https://chi-staging-cloud-collector.nr-data.net [404] [GET] [application/json] [] [] [99914b932bd37a50b983c5e7c90ae93b]
https://chi-staging-collector.nr-data.net [403] [GET] [text/plain] [] [] [d41d8cd98f00b204e9800998ecf8427e]
https://chi-staging-infra-api.nr-data.net [404] [GET] [text/plain] [] [] [vhost] [d41d8cd98f00b204e9800998ecf8427e]
https://chi-staging-insights-collector.nr-data.net [404] [GET] [application/json] [] [] [99914b932bd37a50b983c5e7c90ae93b]
https://cloud-collector.eu01.nr-data.net [403] [GET] [text/plain] [] [cloudflare] [vhost] [Cloudflare] [d41d8cd98f00b204e9800998ecf8427e]
https://cloud-collector.eu01.nr-data.net:8443 [403] [GET] [text/plain] [] [cloudflare] [vhost] [Cloudflare] [d41d8cd98f00b204e9800998ecf8427e]
https://collector-001.eu01.nr-data.net [403] [GET] [text/plain] [] [cloudflare] [vhost] [Cloudflare] [d41d8cd98f00b204e9800998ecf8427e]
https://collector-001.eu01.nr-data.net:8443 [403] [GET] [text/plain] [] [cloudflare] [vhost] [Cloudflare] [d41d8cd98f00b204e9800998ecf8427e]
https://gov-bam.nr-data.net [400] [GET] [] [] [] [d41d8cd98f00b204e9800998ecf8427e]
https://gov-staging-bam.nr-data.net [400] [GET] [] [] [] [d41d8cd98f00b204e9800998ecf8427e]
https://ingest-test-api.eu01.nr-data.net [404] [GET] [text/plain] [] [cloudflare] [vhost] [99914b932bd37a50b983c5e7c90ae93b]
https://ingest-test-api.eu01.nr-data.net:8443 [404] [GET] [text/plain] [] [cloudflare] [vhost] [99914b932bd37a50b983c5e7c90ae93b]
https://log-api.eu01.nr-data.net [404] [GET] [text/plain] [] [cloudflare] [vhost] [99914b932bd37a50b983c5e7c90ae93b]
https://log-api.eu01.nr-data.net:8443 [404] [GET] [text/plain] [] [cloudflare] [vhost] [99914b932bd37a50b983c5e7c90ae93b]
https://metric-api.eu01.nr-data.net [404] [GET] [text/plain] [] [cloudflare] [vhost] [99914b932bd37a50b983c5e7c90ae93b]
https://metric-api.eu01.nr-data.net:8443 [404] [GET] [text/plain] [] [cloudflare] [vhost] [99914b932bd37a50b983c5e7c90ae93b]
https://mobile-collector.eu01.nr-data.net [403] [GET] [text/plain] [] [cloudflare] [vhost] [Cloudflare] [d41d8cd98f00b204e9800998ecf8427e]
https://mobile-crash-origin.eu01.nr-data.net [503] [GET] [] [] [] [0b12f326642120ebfb529fb9def08aaf]
https://service.nr-data.net [404] [GET] [text/html] [404 Sorry – You've reached an error on New Relic] [] [Google Font API] [6a156d4ca10ebf7a0c97c14ec3d0c3c3]
https://staging-bam-cell.nr-data.net [404] [GET] [text/plain] [] [cloudflare] [vhost] [99914b932bd37a50b983c5e7c90ae93b]
https://staging-bam-cell.nr-data.net:8443 [404] [GET] [text/plain] [] [cloudflare] [vhost] [99914b932bd37a50b983c5e7c90ae93b]
https://staging-bam.nr-data.net [400] [GET] [] [] [] [d41d8cd98f00b204e9800998ecf8427e]
https://staging-otlp.nr-data.net [404] [GET] [text/plain] [] [cloudflare] [vhost] [99914b932bd37a50b983c5e7c90ae93b]
https://staging-service.nr-data.net [404] [GET] [text/html] [404 Sorry – You've reached an error on New Relic] [] [Google Font API] [6a156d4ca10ebf7a0c97c14ec3d0c3c3]
https://staging-synthetics-horde-admin-tmp.nr-data.net [404] [GET] [text/plain] [] [] [595e88012a6521aae3e12cbebe76eb9e]
https://synthetics-horde.nr-data.net [404] [GET] [application/json] [] [] [vhost] [bc2aa9e4302a2bd3005ff4defd589b15]
https://tls10.eu01.nr-data.net [530] [GET] [text/html] [Origin DNS error | tls10.eu01.nr-data.net | Cloudflare] [cloudflare] [vhost] [6a6e1f38252bb7a75c87b08d2c718129]
https://tls10.eu01.nr-data.net [530] [GET] [text/html] [Origin DNS error | tls10.eu01.nr-data.net | Cloudflare] [cloudflare] [vhost] [833298abf76beca233c761ba211c058b]
https://tls10.eu01.nr-data.net:8443 [530] [GET] [text/html] [Origin DNS error | tls10.eu01.nr-data.net | Cloudflare] [cloudflare] [vhost] [c9d672217a4fec783d64e7dfef4338b7]
https://tls12.eu01.nr-data.net [530] [GET] [text/html] [Origin DNS error | tls12.eu01.nr-data.net | Cloudflare] [cloudflare] [vhost] [175967bb44768d70dd1f05630272ef67]
https://tls12.eu01.nr-data.net [530] [GET] [text/html] [Origin DNS error | tls12.eu01.nr-data.net | Cloudflare] [cloudflare] [vhost] [7e63162f9bb07998d906546c560268d3]
https://tls12.eu01.nr-data.net:8443 [530] [GET] [text/html] [Origin DNS error | tls12.eu01.nr-data.net | Cloudflare] [cloudflare] [vhost] [ab0201730aef7ba65ecf3767a3a77747]
