http://feedback.ok.ru [403] [GET] [text/html] [Apache HTTP Server Test Page powered by CentOS] [Apache] [Apache,Bootstrap] [5f3664ed52f6df47c88ec162bb36add4]
http://feedback2.ok.ru [302] [GET] [text/html] [302 Found] [Apache] [Apache] [1bfb5db082e8ff9ee392a2a6cc3f6fed]
http://otrs1.ok.ru [403] [GET] [text/html] [Apache HTTP Server Test Page powered by CentOS] [Apache] [Apache,Bootstrap] [5f3664ed52f6df47c88ec162bb36add4]
http://otrs2.ok.ru [302] [GET] [text/html] [302 Found] [Apache] [Apache] [1bfb5db082e8ff9ee392a2a6cc3f6fed]
http://wg80.ok.ru [204] [GET] [text/html] [] [Apache] [Apache] [d41d8cd98f00b204e9800998ecf8427e]
https://ads.ok.ru [200] [GET] [text/html] [Социальная сеть Одноклассники. Общение с друзьями в ОК. Ваше место встречи с одноклассниками] [Apache] [vhost] [Apache,Google Tag Manager] [572ec7452a7a268b66ffed128e520cde]
https://ads.ok.ru [204] [GET] [text/html] [] [Apache] [Apache] [d41d8cd98f00b204e9800998ecf8427e]
https://adv.ok.ru [200] [GET] [text/html] [Социальная сеть Одноклассники. Общение с друзьями в ОК. Ваше место встречи с одноклассниками] [Apache] [vhost] [Apache,Google Tag Manager] [6812f2ed8c11cafc27680e54fb584ef2]
https://adv.ok.ru [429] [GET] [text/html] [429 Too Many Requests] [Apache] [Apache] [2398cd847a6fd0711befd8d73567aeaf]
https://amigo.api.ok.ru [200] [GET] [text/html] [] [Apache] [vhost] [Apache] [6ca10ab56bf3c64b3e9b8943cc56db32]
https://amigo.www.ok.ru [200] [GET] [text/html] [Социальная сеть Одноклассники. Общение с друзьями в ОК. Ваше место встречи с одноклассниками] [Apache] [vhost] [Apache,Google Tag Manager] [35c772cf519ad6a80d8b0a77229d1aa9]
https://amigo.www.ok.ru [204] [GET] [text/html] [] [Apache] [Apache] [d41d8cd98f00b204e9800998ecf8427e]
https://api-messages-ws.ok.ru [200] [GET] [text/plain] [] [] [e0aa021e21dddbd6d8cecec71e9cf564]
https://api-messages.ok.ru [200] [GET] [text/html] [ТамТам] [] [6b38fc1b14c2b23580570cacaa86d2f4]
https://api-ws.ok.ru [200] [GET] [text/html] [] [Apache] [Apache] [6ca10ab56bf3c64b3e9b8943cc56db32]
https://api-ws.ok.ru [200] [GET] [text/html] [] [Apache] [vhost] [Apache] [6ca10ab56bf3c64b3e9b8943cc56db32]
https://api.ok.ru [200] [GET] [text/html] [] [Apache] [Apache] [6ca10ab56bf3c64b3e9b8943cc56db32]
https://apiijet.ok.ru [200] [GET] [text/html] [] [Apache] [Apache] [6ca10ab56bf3c64b3e9b8943cc56db32]
https://apiijet.ok.ru [200] [GET] [text/html] [] [Apache] [vhost] [Apache] [6ca10ab56bf3c64b3e9b8943cc56db32]
https://apimobile.ok.ru [200] [GET] [text/html] [] [Apache] [Apache] [6ca10ab56bf3c64b3e9b8943cc56db32]
https://apitest.ok.ru [200] [GET] [text/html] [] [Apache] [vhost] [Apache] [6ca10ab56bf3c64b3e9b8943cc56db32]
https://apitest2.ok.ru [200] [GET] [text/html] [] [Apache] [Apache] [6ca10ab56bf3c64b3e9b8943cc56db32]
https://apitest2.ok.ru [200] [GET] [text/html] [] [Apache] [vhost] [Apache] [6ca10ab56bf3c64b3e9b8943cc56db32]
https://apitg.ok.ru [200] [GET] [text/html] [] [Apache] [Apache] [6ca10ab56bf3c64b3e9b8943cc56db32]
https://apitg.ok.ru [200] [GET] [text/html] [] [Apache] [vhost] [Apache] [6ca10ab56bf3c64b3e9b8943cc56db32]
https://auth.ok.ru [200] [GET] [text/html] [Социальная сеть Одноклассники. Общение с друзьями в ОК. Ваше место встречи с одноклассниками] [Apache] [Apache,Google Tag Manager] [362e866ff32db7c2e40c047d860b0ab8]
https://auth.ok.ru [204] [GET] [text/html] [] [Apache] [Apache] [d41d8cd98f00b204e9800998ecf8427e]
https://autodiscover.ok.ru [302] [GET] [] [] [Microsoft-IIS/10.0] [vhost] [IIS,Windows Server] [d41d8cd98f00b204e9800998ecf8427e]
https://canvas.ok.ru [302] [GET] [] [] [Apache] [Apache] [d41d8cd98f00b204e9800998ecf8427e]
https://cards.ok.ru [403] [GET] [text/html] [403 Forbidden] [Apache] [Apache] [e205600a13afb519eb8c0bf833e3e4b3]
https://chronopay.ok.ru [403] [GET] [text/html] [403 Forbidden] [Apache] [Apache] [a0f8d2a6f333d1fe40f11a2c1e29dc2a]
https://click.ok.ru [302] [GET] [] [] [Apache] [Apache] [d41d8cd98f00b204e9800998ecf8427e]
https://connect.ok.ru [302] [GET] [] [] [Apache] [vhost] [Apache] [d41d8cd98f00b204e9800998ecf8427e]
https://dg50.ok.ru [404] [GET] [] [] [Apache] [Apache] [d41d8cd98f00b204e9800998ecf8427e]
https://dg51.ok.ru [404] [GET] [] [] [Apache] [Apache] [d41d8cd98f00b204e9800998ecf8427e]
https://dg52.ok.ru [404] [GET] [] [] [Apache] [Apache] [d41d8cd98f00b204e9800998ecf8427e]
https://dg53.ok.ru [404] [GET] [] [] [Apache] [Apache] [d41d8cd98f00b204e9800998ecf8427e]
https://dg54.ok.ru [404] [GET] [] [] [Apache] [Apache] [d41d8cd98f00b204e9800998ecf8427e]
https://dg55.ok.ru [404] [GET] [] [] [Apache] [Apache] [d41d8cd98f00b204e9800998ecf8427e]
https://discounts.ok.ru [200] [GET] [text/html] [Социальная сеть Одноклассники. Общение с друзьями в ОК. Ваше место встречи с одноклассниками] [Apache] [vhost] [Apache,Google Tag Manager] [b9cce5ddc713579ad229032a4287d26b]
https://discounts.ok.ru [204] [GET] [text/html] [] [Apache] [Apache] [d41d8cd98f00b204e9800998ecf8427e]
https://dmr.ok.ru [403] [GET] [text/html] [403 Forbidden] [Apache] [Apache] [a0f8d2a6f333d1fe40f11a2c1e29dc2a]
https://dmr.ok.ru [403] [GET] [text/html] [403 Forbidden] [Apache] [Apache] [e205600a13afb519eb8c0bf833e3e4b3]
https://dp.ok.ru [404] [GET] [] [] [Apache] [Apache] [d41d8cd98f00b204e9800998ecf8427e]
https://dsm.ok.ru [404] [GET] [] [] [Apache] [Apache] [d41d8cd98f00b204e9800998ecf8427e]
https://dsp.ok.ru [404] [GET] [] [] [Apache] [Apache] [d41d8cd98f00b204e9800998ecf8427e]
https://email.ok.ru [302] [GET] [] [] [Microsoft-IIS/10.0] [vhost] [IIS,Windows Server] [d41d8cd98f00b204e9800998ecf8427e]
https://fedchin.ok.ru [401] [GET] [text/html] [401 Authorization Required] [Apache] [Apache,Basic] [9a8e4692ba119c172e19f35cb975aa2b]
https://games.ok.ru [204] [GET] [text/html] [] [Apache] [Apache] [d41d8cd98f00b204e9800998ecf8427e]
https://games.ok.ru [302] [GET] [] [] [Apache] [vhost] [Apache] [d41d8cd98f00b204e9800998ecf8427e]
https://gic0.ok.ru [404] [GET] [] [] [Apache] [Apache] [d41d8cd98f00b204e9800998ecf8427e]
https://gic1.ok.ru [404] [GET] [] [] [Apache] [Apache] [d41d8cd98f00b204e9800998ecf8427e]
https://gic2.ok.ru [404] [GET] [] [] [Apache] [Apache] [d41d8cd98f00b204e9800998ecf8427e]
https://gic3.ok.ru [404] [GET] [] [] [Apache] [Apache] [d41d8cd98f00b204e9800998ecf8427e]
https://gic4.ok.ru [404] [GET] [] [] [Apache] [Apache] [d41d8cd98f00b204e9800998ecf8427e]
https://gic5.ok.ru [404] [GET] [] [] [Apache] [Apache] [d41d8cd98f00b204e9800998ecf8427e]
https://gic6.ok.ru [404] [GET] [] [] [Apache] [Apache] [d41d8cd98f00b204e9800998ecf8427e]
https://gic7.ok.ru [404] [GET] [] [] [Apache] [Apache] [d41d8cd98f00b204e9800998ecf8427e]
https://gup.ok.ru [404] [GET] [text/html] [HTTP Status 404 – Not Found] [Apache] [vhost] [Apache] [875927332f52c86065894ba05cabb6c4]
https://ia100.ok.ru [404] [GET] [] [] [Apache] [Apache] [d41d8cd98f00b204e9800998ecf8427e]
https://ia127.ok.ru [404] [GET] [] [] [Apache] [Apache] [d41d8cd98f00b204e9800998ecf8427e]
https://ic1.ok.ru [404] [GET] [] [] [Apache] [Apache] [d41d8cd98f00b204e9800998ecf8427e]
https://ic10.ok.ru [404] [GET] [] [] [Apache] [Apache] [d41d8cd98f00b204e9800998ecf8427e]
https://ic11.ok.ru [404] [GET] [] [] [Apache] [Apache] [d41d8cd98f00b204e9800998ecf8427e]
https://ic12.ok.ru [404] [GET] [] [] [Apache] [Apache] [d41d8cd98f00b204e9800998ecf8427e]
https://ic13.ok.ru [404] [GET] [] [] [Apache] [Apache] [d41d8cd98f00b204e9800998ecf8427e]
https://ic14.ok.ru [404] [GET] [] [] [Apache] [Apache] [d41d8cd98f00b204e9800998ecf8427e]
https://ic15.ok.ru [404] [GET] [] [] [Apache] [Apache] [d41d8cd98f00b204e9800998ecf8427e]
https://ic16.ok.ru [404] [GET] [] [] [Apache] [Apache] [d41d8cd98f00b204e9800998ecf8427e]
https://ic17.ok.ru [404] [GET] [] [] [Apache] [Apache] [d41d8cd98f00b204e9800998ecf8427e]
https://ic18.ok.ru [404] [GET] [] [] [Apache] [Apache] [d41d8cd98f00b204e9800998ecf8427e]
https://ic19.ok.ru [404] [GET] [] [] [Apache] [Apache] [d41d8cd98f00b204e9800998ecf8427e]
https://ic2.ok.ru [404] [GET] [] [] [Apache] [Apache] [d41d8cd98f00b204e9800998ecf8427e]
https://ic20.ok.ru [404] [GET] [] [] [Apache] [Apache] [d41d8cd98f00b204e9800998ecf8427e]
https://ic21.ok.ru [404] [GET] [] [] [Apache] [Apache] [d41d8cd98f00b204e9800998ecf8427e]
https://ic22.ok.ru [404] [GET] [] [] [Apache] [Apache] [d41d8cd98f00b204e9800998ecf8427e]
https://ic23.ok.ru [404] [GET] [] [] [Apache] [Apache] [d41d8cd98f00b204e9800998ecf8427e]
https://ic24.ok.ru [404] [GET] [] [] [Apache] [Apache] [d41d8cd98f00b204e9800998ecf8427e]
https://ic3.ok.ru [404] [GET] [] [] [Apache] [Apache] [d41d8cd98f00b204e9800998ecf8427e]
https://ic4.ok.ru [404] [GET] [] [] [Apache] [Apache] [d41d8cd98f00b204e9800998ecf8427e]
https://ic5.ok.ru [404] [GET] [] [] [Apache] [Apache] [d41d8cd98f00b204e9800998ecf8427e]
https://ic6.ok.ru [404] [GET] [] [] [Apache] [Apache] [d41d8cd98f00b204e9800998ecf8427e]
https://ic7.ok.ru [404] [GET] [] [] [Apache] [Apache] [d41d8cd98f00b204e9800998ecf8427e]
https://ic8.ok.ru [404] [GET] [] [] [Apache] [Apache] [d41d8cd98f00b204e9800998ecf8427e]
https://ic9.ok.ru [404] [GET] [] [] [Apache] [Apache] [d41d8cd98f00b204e9800998ecf8427e]
https://icq.ok.ru [302] [GET] [text/html] [302 Found] [nginx] [Nginx] [cfbeaf604823f038b8b46f0ac862b98c]
https://ifree.ok.ru [403] [GET] [text/html] [403 Forbidden] [Apache] [Apache] [a0f8d2a6f333d1fe40f11a2c1e29dc2a]
https://ifree.ok.ru [403] [GET] [text/html] [403 Forbidden] [Apache] [Apache] [e205600a13afb519eb8c0bf833e3e4b3]
https://igry.ok.ru [200] [GET] [text/html] [Социальная сеть Одноклассники. Общение с друзьями в ОК. Ваше место встречи с одноклассниками] [Apache] [Apache,Google Tag Manager] [794cd4d78e5379498de33ddb48eedf28]
https://igry.ok.ru [204] [GET] [text/html] [] [Apache] [Apache] [d41d8cd98f00b204e9800998ecf8427e]
https://inform.ok.ru [403] [GET] [text/html] [403 Forbidden] [Apache] [Apache] [a0f8d2a6f333d1fe40f11a2c1e29dc2a]
https://inform.ok.ru [403] [GET] [text/html] [403 Forbidden] [Apache] [Apache] [e205600a13afb519eb8c0bf833e3e4b3]
https://itd0.ok.ru [404] [GET] [] [] [Apache] [Apache] [d41d8cd98f00b204e9800998ecf8427e]
https://itd1.ok.ru [404] [GET] [] [] [Apache] [Apache] [d41d8cd98f00b204e9800998ecf8427e]
https://itd2.ok.ru [404] [GET] [] [] [Apache] [Apache] [d41d8cd98f00b204e9800998ecf8427e]
https://itd3.ok.ru [404] [GET] [] [] [Apache] [Apache] [d41d8cd98f00b204e9800998ecf8427e]
https://m.ok.ru [200] [GET] [text/html] [Социальная сеть Одноклассники. Общение с друзьями в ОК. Ваше место встречи с одноклассниками.] [Apache] [Apache,Java,React] [f2f17cce9117b816443e69c665ee6b5f]
https://m.ok.ru [302] [GET] [] [] [Apache] [Apache] [d41d8cd98f00b204e9800998ecf8427e]
https://mapi.ok.ru [200] [GET] [text/html] [] [Apache] [Apache] [6ca10ab56bf3c64b3e9b8943cc56db32]
https://mapitest.ok.ru [200] [GET] [text/html] [] [Apache] [Apache] [6ca10ab56bf3c64b3e9b8943cc56db32]
https://mapptest.ok.ru [401] [GET] [text/html] [] [] [Basic] [b5172dd92e85cc89b8bfbaf1b3153bf7]
https://maps.ok.ru [404] [GET] [] [] [] [d41d8cd98f00b204e9800998ecf8427e]
https://messages.ok.ru [200] [GET] [text/html] [ТамТам] [] [6b38fc1b14c2b23580570cacaa86d2f4]
https://mobile.ok.ru [200] [GET] [text/html] [Социальная сеть Одноклассники. Общение с друзьями в ОК. Ваше место встречи с одноклассниками.] [Apache] [vhost] [Apache,Java] [30be14d64f764f043287381e0fd8ac14]
https://mobile.ok.ru [302] [GET] [] [] [Apache] [Apache] [d41d8cd98f00b204e9800998ecf8427e]
https://mobile2.ok.ru [200] [GET] [text/html] [Социальная сеть Одноклассники. Общение с друзьями в ОК. Ваше место встречи с одноклассниками.] [Apache] [vhost] [Apache,Java,React] [e109efc3062fb02a5f3a38df54a70395]
https://mobile2.ok.ru [302] [GET] [] [] [Apache] [Apache] [d41d8cd98f00b204e9800998ecf8427e]
https://mobtest2.ok.ru [401] [GET] [text/html] [401 Authorization Required] [Apache] [Apache,Basic] [444b5a7508c79557f68bfdb7497c0c65]
https://mobtest2.ok.ru [401] [GET] [text/html] [401 Authorization Required] [Apache] [Apache,Basic] [9a8e4692ba119c172e19f35cb975aa2b]
https://moderation-bot.ok.ru [200] [GET] [] [] [Apache] [Apache] [d41d8cd98f00b204e9800998ecf8427e]
https://mtest.ok.ru [401] [GET] [text/html] [401 Authorization Required] [Apache] [Apache,Basic] [444b5a7508c79557f68bfdb7497c0c65]
https://mtest.ok.ru [401] [GET] [text/html] [401 Authorization Required] [Apache] [Apache,Basic] [9a8e4692ba119c172e19f35cb975aa2b]
https://mtest2.ok.ru [401] [GET] [text/html] [401 Authorization Required] [Apache] [Apache,Basic] [9a8e4692ba119c172e19f35cb975aa2b]
https://musicupload.ok.ru [404] [GET] [text/html] [HTTP Status 404 – Not Found] [Apache] [Apache] [506b9dd18fc7a665bafe3cd0bed64961]
https://official.ok.ru [204] [GET] [text/html] [] [Apache] [Apache] [d41d8cd98f00b204e9800998ecf8427e]
https://official.ok.ru [302] [GET] [] [] [Apache] [vhost] [Apache] [d41d8cd98f00b204e9800998ecf8427e]
https://ok.ru [200] [GET] [text/html] [Социальная сеть Одноклассники. Общение с друзьями в ОК. Ваше место встречи с одноклассниками] [Apache] [Apache,Google Tag Manager] [483cd6c6e2deadb3038a5f8c5c30bd3a]
https://ok.ru [204] [GET] [text/html] [] [Apache] [Apache] [d41d8cd98f00b204e9800998ecf8427e]
https://okno.ok.ru [404] [GET] [application/json] [] [Apache] [Apache] [50da45ef32e7297708fffd9b8ca28e5e]
https://okno.ok.ru [404] [GET] [application/json] [] [Apache] [Apache] [6f62a30699b8f0c61c39b69470898721]
https://payment.ok.ru [200] [GET] [] [] [Apache] [Apache] [d41d8cd98f00b204e9800998ecf8427e]
https://paymentnew.ok.ru [200] [GET] [] [] [Apache] [Apache] [d41d8cd98f00b204e9800998ecf8427e]
https://paymenttg.ok.ru [200] [GET] [] [] [Apache] [Apache] [d41d8cd98f00b204e9800998ecf8427e]
https://plastic.ok.ru [403] [GET] [text/html] [403 Forbidden] [Apache] [Apache] [a0f8d2a6f333d1fe40f11a2c1e29dc2a]
https://plastic.ok.ru [403] [GET] [text/html] [403 Forbidden] [Apache] [Apache] [e205600a13afb519eb8c0bf833e3e4b3]
https://play.ok.ru [204] [GET] [text/html] [] [Apache] [Apache] [d41d8cd98f00b204e9800998ecf8427e]
https://play.ok.ru [301] [GET] [] [] [Apache] [vhost] [Apache] [d41d8cd98f00b204e9800998ecf8427e]
https://playfon.ok.ru [403] [GET] [text/html] [403 Forbidden] [Apache] [Apache] [e205600a13afb519eb8c0bf833e3e4b3]
https://playtest.ok.ru [401] [GET] [text/html] [401 Authorization Required] [Apache] [Apache,Basic] [444b5a7508c79557f68bfdb7497c0c65]
https://playtest.ok.ru [401] [GET] [text/html] [401 Authorization Required] [Apache] [Apache,Basic] [9a8e4692ba119c172e19f35cb975aa2b]
https://polygon.ok.ru [403] [GET] [text/html] [403 Forbidden] [Apache] [Apache] [e205600a13afb519eb8c0bf833e3e4b3]
https://qiwi.ok.ru [403] [GET] [text/html] [403 Forbidden] [Apache] [Apache] [a0f8d2a6f333d1fe40f11a2c1e29dc2a]
https://qiwi.ok.ru [403] [GET] [text/html] [403 Forbidden] [Apache] [Apache] [e205600a13afb519eb8c0bf833e3e4b3]
https://robox.ok.ru [403] [GET] [text/html] [403 Forbidden] [Apache] [Apache] [a0f8d2a6f333d1fe40f11a2c1e29dc2a]
https://robox.ok.ru [403] [GET] [text/html] [403 Forbidden] [Apache] [Apache] [e205600a13afb519eb8c0bf833e3e4b3]
https://shopping.ok.ru [200] [GET] [text/html] [Социальная сеть Одноклассники. Общение с друзьями в ОК. Ваше место встречи с одноклассниками] [Apache] [vhost] [Apache,Google Tag Manager] [90672346fbf26b3bfd7ae366cd69bc52]
https://shopping.ok.ru [204] [GET] [text/html] [] [Apache] [Apache] [d41d8cd98f00b204e9800998ecf8427e]
https://smileup.ok.ru [404] [GET] [text/html] [HTTP Status 404 – Not Found] [Apache] [Apache] [2e5c198ab5b91a4b3530ee806d412130]
https://smileup.ok.ru [404] [GET] [text/html] [HTTP Status 404 – Not Found] [Apache] [vhost] [Apache] [2e5c198ab5b91a4b3530ee806d412130]
https://smsdelivery.ok.ru [403] [GET] [text/html] [403 Forbidden] [Apache] [Apache] [e205600a13afb519eb8c0bf833e3e4b3]
https://smsonline.ok.ru [403] [GET] [text/html] [403 Forbidden] [Apache] [Apache] [a0f8d2a6f333d1fe40f11a2c1e29dc2a]
https://smstest.ok.ru [403] [GET] [text/html] [403 Forbidden] [Apache] [Apache] [a0f8d2a6f333d1fe40f11a2c1e29dc2a]
https://soap.ok.ru [403] [GET] [text/html] [403 Forbidden] [Apache] [Apache] [e205600a13afb519eb8c0bf833e3e4b3]
https://stgs.ok.ru [301] [GET] [text/html] [301 Moved Permanently] [Apache] [Apache] [0bbfa2be7753e0ca4e6713612e42adab]
https://tamtam-lp-dc1.ok.ru [200] [GET] [text/plain] [] [] [e0aa021e21dddbd6d8cecec71e9cf564]
https://tamtam-lp-dc2.ok.ru [200] [GET] [text/plain] [] [] [e0aa021e21dddbd6d8cecec71e9cf564]
https://tamtam-lp-kc1.ok.ru [200] [GET] [text/plain] [] [] [e0aa021e21dddbd6d8cecec71e9cf564]
https://tamtam-lp-kc2.ok.ru [200] [GET] [text/plain] [] [] [e0aa021e21dddbd6d8cecec71e9cf564]
https://tamtam-lp-pc1.ok.ru [200] [GET] [text/plain] [] [] [e0aa021e21dddbd6d8cecec71e9cf564]
https://tamtam-lp-pc2.ok.ru [200] [GET] [text/plain] [] [] [e0aa021e21dddbd6d8cecec71e9cf564]
https://tamtam-lp.ok.ru [200] [GET] [text/plain] [] [] [e0aa021e21dddbd6d8cecec71e9cf564]
https://tamtam-ws.ok.ru [200] [GET] [text/plain] [] [] [e0aa021e21dddbd6d8cecec71e9cf564]
https://tamtam.ok.ru [200] [GET] [text/html] [ТамТам] [] [6b38fc1b14c2b23580570cacaa86d2f4]
https://target.ok.ru [301] [GET] [text/html] [301 Moved Permanently] [nginx] [Nginx] [4f8e702cc244ec5d4de32740c0ecbd97]
https://test2.ok.ru [401] [GET] [text/html] [401 Authorization Required] [Apache] [Apache,Basic] [9a8e4692ba119c172e19f35cb975aa2b]
https://test3.ok.ru [401] [GET] [text/html] [401 Authorization Required] [Apache] [Apache,Basic] [444b5a7508c79557f68bfdb7497c0c65]
https://test3.ok.ru [401] [GET] [text/html] [401 Authorization Required] [Apache] [Apache,Basic] [9a8e4692ba119c172e19f35cb975aa2b]
https://testproxy.ok.ru [200] [GET] [text/plain] [] [] [e0aa021e21dddbd6d8cecec71e9cf564]
https://testproxy2.ok.ru [200] [GET] [text/plain] [] [] [e0aa021e21dddbd6d8cecec71e9cf564]
https://tgproxy.ok.ru [200] [GET] [text/plain] [] [] [e0aa021e21dddbd6d8cecec71e9cf564]
https://tgproxy2.ok.ru [200] [GET] [text/plain] [] [] [e0aa021e21dddbd6d8cecec71e9cf564]
https://uld1.ok.ru [404] [GET] [] [] [Apache] [Apache] [d41d8cd98f00b204e9800998ecf8427e]
https://uld11.ok.ru [404] [GET] [] [] [Apache] [Apache] [d41d8cd98f00b204e9800998ecf8427e]
https://uld13.ok.ru [404] [GET] [] [] [Apache] [Apache] [d41d8cd98f00b204e9800998ecf8427e]
https://uld15.ok.ru [404] [GET] [] [] [Apache] [Apache] [d41d8cd98f00b204e9800998ecf8427e]
https://uld3.ok.ru [404] [GET] [] [] [Apache] [Apache] [d41d8cd98f00b204e9800998ecf8427e]
https://uld5.ok.ru [404] [GET] [] [] [Apache] [Apache] [d41d8cd98f00b204e9800998ecf8427e]
https://uld7.ok.ru [404] [GET] [] [] [Apache] [Apache] [d41d8cd98f00b204e9800998ecf8427e]
https://uld9.ok.ru [404] [GET] [] [] [Apache] [Apache] [d41d8cd98f00b204e9800998ecf8427e]
https://vasmedia.ok.ru [403] [GET] [text/html] [403 Forbidden] [Apache] [Apache] [a0f8d2a6f333d1fe40f11a2c1e29dc2a]
https://vasmedia.ok.ru [403] [GET] [text/html] [403 Forbidden] [Apache] [Apache] [e205600a13afb519eb8c0bf833e3e4b3]
https://videoapi.ok.ru [404] [GET] [] [] [Apache-Coyote/1.1] [Apache Tomcat,Java] [d41d8cd98f00b204e9800998ecf8427e]
https://videotest.ok.ru [401] [GET] [text/html] [401 Authorization Required] [Apache] [Apache,Basic] [444b5a7508c79557f68bfdb7497c0c65]
https://videotestapi.ok.ru [200] [GET] [text/html] [] [Apache] [Apache] [6ca10ab56bf3c64b3e9b8943cc56db32]
https://videotgweb.ok.ru [200] [GET] [text/html] [Социальная сеть Одноклассники. Общение с друзьями в ОК. Ваше место встречи с одноклассниками] [Apache] [Apache,Google Tag Manager] [7fd2caf78d3d751de67a7c2c3a229930]
https://videotgweb.ok.ru [204] [GET] [text/html] [] [Apache] [Apache] [d41d8cd98f00b204e9800998ecf8427e]
https://wap.ok.ru [301] [GET] [] [] [Apache] [vhost] [Apache,Java] [d41d8cd98f00b204e9800998ecf8427e]
https://wap.ok.ru [302] [GET] [] [] [Apache] [Apache] [d41d8cd98f00b204e9800998ecf8427e]
https://webmoney.ok.ru [403] [GET] [text/html] [403 Forbidden] [Apache] [Apache] [a0f8d2a6f333d1fe40f11a2c1e29dc2a]
https://webmoney.ok.ru [403] [GET] [text/html] [403 Forbidden] [Apache] [Apache] [e205600a13afb519eb8c0bf833e3e4b3]
https://webrtc-api-tg.ok.ru [404] [GET] [] [] [Apache-Coyote/1.1] [Apache Tomcat,Java] [d41d8cd98f00b204e9800998ecf8427e]
https://wg1.ok.ru [204] [GET] [text/html] [] [Apache] [vhost] [Apache] [d41d8cd98f00b204e9800998ecf8427e]
https://wg1.ok.ru [302] [GET] [] [] [Apache] [vhost] [Apache] [d41d8cd98f00b204e9800998ecf8427e]
https://wg10.ok.ru [204] [GET] [text/html] [] [Apache] [vhost] [Apache] [d41d8cd98f00b204e9800998ecf8427e]
https://wg10.ok.ru [302] [GET] [] [] [Apache] [vhost] [Apache] [d41d8cd98f00b204e9800998ecf8427e]
https://wg101.ok.ru [204] [GET] [text/html] [] [Apache] [Apache] [d41d8cd98f00b204e9800998ecf8427e]
https://wg101.ok.ru [302] [GET] [] [] [Apache] [vhost] [Apache] [d41d8cd98f00b204e9800998ecf8427e]
https://wg106.ok.ru [204] [GET] [text/html] [] [Apache] [Apache] [d41d8cd98f00b204e9800998ecf8427e]
https://wg106.ok.ru [302] [GET] [] [] [Apache] [vhost] [Apache] [d41d8cd98f00b204e9800998ecf8427e]
https://wg11.ok.ru [204] [GET] [text/html] [] [Apache] [vhost] [Apache] [d41d8cd98f00b204e9800998ecf8427e]
https://wg11.ok.ru [302] [GET] [] [] [Apache] [vhost] [Apache] [d41d8cd98f00b204e9800998ecf8427e]
https://wg12.ok.ru [204] [GET] [text/html] [] [Apache] [vhost] [Apache] [d41d8cd98f00b204e9800998ecf8427e]
https://wg12.ok.ru [302] [GET] [] [] [Apache] [vhost] [Apache] [d41d8cd98f00b204e9800998ecf8427e]
https://wg13.ok.ru [204] [GET] [text/html] [] [Apache] [Apache] [d41d8cd98f00b204e9800998ecf8427e]
https://wg13.ok.ru [302] [GET] [] [] [Apache] [vhost] [Apache] [d41d8cd98f00b204e9800998ecf8427e]
https://wg131.ok.ru [204] [GET] [text/html] [] [Apache] [vhost] [Apache] [d41d8cd98f00b204e9800998ecf8427e]
https://wg131.ok.ru [302] [GET] [] [] [Apache] [vhost] [Apache] [d41d8cd98f00b204e9800998ecf8427e]
https://wg14.ok.ru [204] [GET] [text/html] [] [Apache] [vhost] [Apache] [d41d8cd98f00b204e9800998ecf8427e]
https://wg14.ok.ru [302] [GET] [] [] [Apache] [vhost] [Apache] [d41d8cd98f00b204e9800998ecf8427e]
https://wg144.ok.ru [204] [GET] [text/html] [] [Apache] [vhost] [Apache] [d41d8cd98f00b204e9800998ecf8427e]
https://wg144.ok.ru [302] [GET] [] [] [Apache] [vhost] [Apache] [d41d8cd98f00b204e9800998ecf8427e]
https://wg148.ok.ru [204] [GET] [text/html] [] [Apache] [Apache] [d41d8cd98f00b204e9800998ecf8427e]
https://wg148.ok.ru [302] [GET] [] [] [Apache] [vhost] [Apache] [d41d8cd98f00b204e9800998ecf8427e]
https://wg15.ok.ru [204] [GET] [text/html] [] [Apache] [Apache] [d41d8cd98f00b204e9800998ecf8427e]
https://wg15.ok.ru [302] [GET] [] [] [Apache] [vhost] [Apache] [d41d8cd98f00b204e9800998ecf8427e]
https://wg16.ok.ru [204] [GET] [text/html] [] [Apache] [Apache] [d41d8cd98f00b204e9800998ecf8427e]
https://wg16.ok.ru [302] [GET] [] [] [Apache] [vhost] [Apache] [d41d8cd98f00b204e9800998ecf8427e]
https://wg17.ok.ru [204] [GET] [text/html] [] [Apache] [Apache] [d41d8cd98f00b204e9800998ecf8427e]
https://wg17.ok.ru [302] [GET] [] [] [Apache] [vhost] [Apache] [d41d8cd98f00b204e9800998ecf8427e]
https://wg18.ok.ru [204] [GET] [text/html] [] [Apache] [vhost] [Apache] [d41d8cd98f00b204e9800998ecf8427e]
https://wg18.ok.ru [302] [GET] [] [] [Apache] [vhost] [Apache] [d41d8cd98f00b204e9800998ecf8427e]
https://wg19.ok.ru [204] [GET] [text/html] [] [Apache] [Apache] [d41d8cd98f00b204e9800998ecf8427e]
https://wg19.ok.ru [302] [GET] [] [] [Apache] [vhost] [Apache] [d41d8cd98f00b204e9800998ecf8427e]
https://wg2.ok.ru [204] [GET] [text/html] [] [Apache] [vhost] [Apache] [d41d8cd98f00b204e9800998ecf8427e]
https://wg2.ok.ru [302] [GET] [] [] [Apache] [vhost] [Apache] [d41d8cd98f00b204e9800998ecf8427e]
https://wg20.ok.ru [204] [GET] [text/html] [] [Apache] [Apache] [d41d8cd98f00b204e9800998ecf8427e]
https://wg20.ok.ru [302] [GET] [] [] [Apache] [vhost] [Apache] [d41d8cd98f00b204e9800998ecf8427e]
https://wg21.ok.ru [204] [GET] [text/html] [] [Apache] [Apache] [d41d8cd98f00b204e9800998ecf8427e]
https://wg21.ok.ru [302] [GET] [] [] [Apache] [vhost] [Apache] [d41d8cd98f00b204e9800998ecf8427e]
https://wg216.ok.ru [204] [GET] [text/html] [] [Apache] [Apache] [d41d8cd98f00b204e9800998ecf8427e]
https://wg216.ok.ru [302] [GET] [] [] [Apache] [vhost] [Apache] [d41d8cd98f00b204e9800998ecf8427e]
https://wg22.ok.ru [204] [GET] [text/html] [] [Apache] [Apache] [d41d8cd98f00b204e9800998ecf8427e]
https://wg22.ok.ru [302] [GET] [] [] [Apache] [vhost] [Apache] [d41d8cd98f00b204e9800998ecf8427e]
https://wg227.ok.ru [204] [GET] [text/html] [] [Apache] [Apache] [d41d8cd98f00b204e9800998ecf8427e]
https://wg227.ok.ru [302] [GET] [] [] [Apache] [vhost] [Apache] [d41d8cd98f00b204e9800998ecf8427e]
https://wg228.ok.ru [204] [GET] [text/html] [] [Apache] [Apache] [d41d8cd98f00b204e9800998ecf8427e]
https://wg228.ok.ru [302] [GET] [] [] [Apache] [vhost] [Apache] [d41d8cd98f00b204e9800998ecf8427e]
https://wg23.ok.ru [204] [GET] [text/html] [] [Apache] [Apache] [d41d8cd98f00b204e9800998ecf8427e]
https://wg23.ok.ru [302] [GET] [] [] [Apache] [vhost] [Apache] [d41d8cd98f00b204e9800998ecf8427e]
https://wg236.ok.ru [204] [GET] [text/html] [] [Apache] [Apache] [d41d8cd98f00b204e9800998ecf8427e]
https://wg236.ok.ru [302] [GET] [] [] [Apache] [vhost] [Apache] [d41d8cd98f00b204e9800998ecf8427e]
https://wg24.ok.ru [204] [GET] [text/html] [] [Apache] [Apache] [d41d8cd98f00b204e9800998ecf8427e]
https://wg24.ok.ru [302] [GET] [] [] [Apache] [vhost] [Apache] [d41d8cd98f00b204e9800998ecf8427e]
https://wg25.ok.ru [204] [GET] [text/html] [] [Apache] [Apache] [d41d8cd98f00b204e9800998ecf8427e]
https://wg25.ok.ru [302] [GET] [] [] [Apache] [vhost] [Apache] [d41d8cd98f00b204e9800998ecf8427e]
https://wg26.ok.ru [204] [GET] [text/html] [] [Apache] [Apache] [d41d8cd98f00b204e9800998ecf8427e]
https://wg26.ok.ru [302] [GET] [] [] [Apache] [vhost] [Apache] [d41d8cd98f00b204e9800998ecf8427e]
https://wg27.ok.ru [204] [GET] [text/html] [] [Apache] [Apache] [d41d8cd98f00b204e9800998ecf8427e]
https://wg27.ok.ru [302] [GET] [] [] [Apache] [vhost] [Apache] [d41d8cd98f00b204e9800998ecf8427e]
https://wg28.ok.ru [204] [GET] [text/html] [] [Apache] [Apache] [d41d8cd98f00b204e9800998ecf8427e]
https://wg28.ok.ru [302] [GET] [] [] [Apache] [vhost] [Apache] [d41d8cd98f00b204e9800998ecf8427e]
https://wg29.ok.ru [204] [GET] [text/html] [] [Apache] [vhost] [Apache] [d41d8cd98f00b204e9800998ecf8427e]
https://wg29.ok.ru [302] [GET] [] [] [Apache] [vhost] [Apache] [d41d8cd98f00b204e9800998ecf8427e]
https://wg3.ok.ru [204] [GET] [text/html] [] [Apache] [Apache] [d41d8cd98f00b204e9800998ecf8427e]
https://wg3.ok.ru [302] [GET] [] [] [Apache] [vhost] [Apache] [d41d8cd98f00b204e9800998ecf8427e]
https://wg30.ok.ru [204] [GET] [text/html] [] [Apache] [Apache] [d41d8cd98f00b204e9800998ecf8427e]
https://wg30.ok.ru [302] [GET] [] [] [Apache] [vhost] [Apache] [d41d8cd98f00b204e9800998ecf8427e]
https://wg31.ok.ru [204] [GET] [text/html] [] [Apache] [Apache] [d41d8cd98f00b204e9800998ecf8427e]
https://wg31.ok.ru [302] [GET] [] [] [Apache] [vhost] [Apache] [d41d8cd98f00b204e9800998ecf8427e]
https://wg32.ok.ru [204] [GET] [text/html] [] [Apache] [Apache] [d41d8cd98f00b204e9800998ecf8427e]
https://wg32.ok.ru [302] [GET] [] [] [Apache] [vhost] [Apache] [d41d8cd98f00b204e9800998ecf8427e]
https://wg33.ok.ru [204] [GET] [text/html] [] [Apache] [vhost] [Apache] [d41d8cd98f00b204e9800998ecf8427e]
https://wg33.ok.ru [302] [GET] [] [] [Apache] [vhost] [Apache] [d41d8cd98f00b204e9800998ecf8427e]
https://wg34.ok.ru [302] [GET] [] [] [Apache] [Apache] [d41d8cd98f00b204e9800998ecf8427e]
https://wg34.ok.ru [429] [GET] [text/html] [429 Too Many Requests] [Apache] [Apache] [5c1fee147524b8a03b8be448f7c52f16]
https://wg35.ok.ru [204] [GET] [text/html] [] [Apache] [Apache] [d41d8cd98f00b204e9800998ecf8427e]
https://wg35.ok.ru [302] [GET] [] [] [Apache] [Apache] [d41d8cd98f00b204e9800998ecf8427e]
https://wg36.ok.ru [204] [GET] [text/html] [] [Apache] [Apache] [d41d8cd98f00b204e9800998ecf8427e]
https://wg36.ok.ru [302] [GET] [] [] [Apache] [vhost] [Apache] [d41d8cd98f00b204e9800998ecf8427e]
https://wg37.ok.ru [204] [GET] [text/html] [] [Apache] [Apache] [d41d8cd98f00b204e9800998ecf8427e]
https://wg37.ok.ru [302] [GET] [] [] [Apache] [vhost] [Apache] [d41d8cd98f00b204e9800998ecf8427e]
https://wg38.ok.ru [204] [GET] [text/html] [] [Apache] [Apache] [d41d8cd98f00b204e9800998ecf8427e]
https://wg38.ok.ru [302] [GET] [] [] [Apache] [vhost] [Apache] [d41d8cd98f00b204e9800998ecf8427e]
https://wg39.ok.ru [204] [GET] [text/html] [] [Apache] [Apache] [d41d8cd98f00b204e9800998ecf8427e]
https://wg39.ok.ru [302] [GET] [] [] [Apache] [vhost] [Apache] [d41d8cd98f00b204e9800998ecf8427e]
https://wg4.ok.ru [204] [GET] [text/html] [] [Apache] [Apache] [d41d8cd98f00b204e9800998ecf8427e]
https://wg4.ok.ru [302] [GET] [] [] [Apache] [vhost] [Apache] [d41d8cd98f00b204e9800998ecf8427e]
https://wg40.ok.ru [204] [GET] [text/html] [] [Apache] [Apache] [d41d8cd98f00b204e9800998ecf8427e]
https://wg40.ok.ru [302] [GET] [] [] [Apache] [vhost] [Apache] [d41d8cd98f00b204e9800998ecf8427e]
https://wg41.ok.ru [302] [GET] [] [] [Apache] [Apache] [d41d8cd98f00b204e9800998ecf8427e]
https://wg41.ok.ru [429] [GET] [text/html] [429 Too Many Requests] [Apache] [vhost] [Apache] [2398cd847a6fd0711befd8d73567aeaf]
https://wg42.ok.ru [204] [GET] [text/html] [] [Apache] [Apache] [d41d8cd98f00b204e9800998ecf8427e]
https://wg42.ok.ru [302] [GET] [] [] [Apache] [vhost] [Apache] [d41d8cd98f00b204e9800998ecf8427e]
https://wg43.ok.ru [204] [GET] [text/html] [] [Apache] [Apache] [d41d8cd98f00b204e9800998ecf8427e]
https://wg43.ok.ru [302] [GET] [] [] [Apache] [vhost] [Apache] [d41d8cd98f00b204e9800998ecf8427e]
https://wg44.ok.ru [204] [GET] [text/html] [] [Apache] [Apache] [d41d8cd98f00b204e9800998ecf8427e]
https://wg44.ok.ru [302] [GET] [] [] [Apache] [vhost] [Apache] [d41d8cd98f00b204e9800998ecf8427e]
https://wg45.ok.ru [302] [GET] [] [] [Apache] [vhost] [Apache] [d41d8cd98f00b204e9800998ecf8427e]
https://wg45.ok.ru [429] [GET] [text/html] [429 Too Many Requests] [Apache] [Apache] [2398cd847a6fd0711befd8d73567aeaf]
https://wg46.ok.ru [204] [GET] [text/html] [] [Apache] [Apache] [d41d8cd98f00b204e9800998ecf8427e]
https://wg46.ok.ru [302] [GET] [] [] [Apache] [vhost] [Apache] [d41d8cd98f00b204e9800998ecf8427e]
https://wg47.ok.ru [204] [GET] [text/html] [] [Apache] [vhost] [Apache] [d41d8cd98f00b204e9800998ecf8427e]
https://wg47.ok.ru [429] [GET] [text/html] [429 Too Many Requests] [Apache] [Apache] [5c1fee147524b8a03b8be448f7c52f16]
https://wg48.ok.ru [204] [GET] [text/html] [] [Apache] [Apache] [d41d8cd98f00b204e9800998ecf8427e]
https://wg48.ok.ru [302] [GET] [] [] [Apache] [vhost] [Apache] [d41d8cd98f00b204e9800998ecf8427e]
https://wg49.ok.ru [204] [GET] [text/html] [] [Apache] [Apache] [d41d8cd98f00b204e9800998ecf8427e]
https://wg49.ok.ru [302] [GET] [] [] [Apache] [vhost] [Apache] [d41d8cd98f00b204e9800998ecf8427e]
https://wg5.ok.ru [302] [GET] [] [] [Apache] [vhost] [Apache] [d41d8cd98f00b204e9800998ecf8427e]
https://wg5.ok.ru [429] [GET] [text/html] [429 Too Many Requests] [Apache] [vhost] [Apache] [2398cd847a6fd0711befd8d73567aeaf]
https://wg50.ok.ru [204] [GET] [text/html] [] [Apache] [Apache] [d41d8cd98f00b204e9800998ecf8427e]
https://wg50.ok.ru [302] [GET] [] [] [Apache] [vhost] [Apache] [d41d8cd98f00b204e9800998ecf8427e]
https://wg51.ok.ru [302] [GET] [] [] [Apache] [vhost] [Apache] [d41d8cd98f00b204e9800998ecf8427e]
https://wg51.ok.ru [429] [GET] [text/html] [429 Too Many Requests] [Apache] [vhost] [Apache] [5c1fee147524b8a03b8be448f7c52f16]
https://wg52.ok.ru [204] [GET] [text/html] [] [Apache] [Apache] [d41d8cd98f00b204e9800998ecf8427e]
https://wg52.ok.ru [302] [GET] [] [] [Apache] [vhost] [Apache] [d41d8cd98f00b204e9800998ecf8427e]
https://wg53.ok.ru [429] [GET] [text/html] [429 Too Many Requests] [Apache] [Apache] [5c1fee147524b8a03b8be448f7c52f16]
https://wg54.ok.ru [204] [GET] [text/html] [] [Apache] [Apache] [d41d8cd98f00b204e9800998ecf8427e]
https://wg54.ok.ru [429] [GET] [text/html] [429 Too Many Requests] [Apache] [Apache] [5c1fee147524b8a03b8be448f7c52f16]
https://wg55.ok.ru [204] [GET] [text/html] [] [Apache] [vhost] [Apache] [d41d8cd98f00b204e9800998ecf8427e]
https://wg55.ok.ru [302] [GET] [] [] [Apache] [vhost] [Apache] [d41d8cd98f00b204e9800998ecf8427e]
https://wg56.ok.ru [204] [GET] [text/html] [] [Apache] [Apache] [d41d8cd98f00b204e9800998ecf8427e]
https://wg56.ok.ru [302] [GET] [] [] [Apache] [vhost] [Apache] [d41d8cd98f00b204e9800998ecf8427e]
https://wg58.ok.ru [302] [GET] [] [] [Apache] [vhost] [Apache] [d41d8cd98f00b204e9800998ecf8427e]
https://wg58.ok.ru [429] [GET] [text/html] [429 Too Many Requests] [Apache] [Apache] [2398cd847a6fd0711befd8d73567aeaf]
https://wg59.ok.ru [302] [GET] [] [] [Apache] [Apache] [d41d8cd98f00b204e9800998ecf8427e]
https://wg59.ok.ru [429] [GET] [text/html] [429 Too Many Requests] [Apache] [vhost] [Apache] [5c1fee147524b8a03b8be448f7c52f16]
https://wg6.ok.ru [204] [GET] [text/html] [] [Apache] [vhost] [Apache] [d41d8cd98f00b204e9800998ecf8427e]
https://wg6.ok.ru [302] [GET] [] [] [Apache] [vhost] [Apache] [d41d8cd98f00b204e9800998ecf8427e]
https://wg60.ok.ru [204] [GET] [text/html] [] [Apache] [vhost] [Apache] [d41d8cd98f00b204e9800998ecf8427e]
https://wg60.ok.ru [302] [GET] [] [] [Apache] [vhost] [Apache] [d41d8cd98f00b204e9800998ecf8427e]
https://wg63.ok.ru [302] [GET] [] [] [Apache] [vhost] [Apache] [d41d8cd98f00b204e9800998ecf8427e]
https://wg63.ok.ru [429] [GET] [text/html] [429 Too Many Requests] [Apache] [Apache] [5c1fee147524b8a03b8be448f7c52f16]
https://wg64.ok.ru [204] [GET] [text/html] [] [Apache] [vhost] [Apache] [d41d8cd98f00b204e9800998ecf8427e]
https://wg64.ok.ru [429] [GET] [text/html] [429 Too Many Requests] [Apache] [Apache] [5c1fee147524b8a03b8be448f7c52f16]
https://wg65.ok.ru [204] [GET] [text/html] [] [Apache] [vhost] [Apache] [d41d8cd98f00b204e9800998ecf8427e]
https://wg65.ok.ru [302] [GET] [] [] [Apache] [vhost] [Apache] [d41d8cd98f00b204e9800998ecf8427e]
https://wg66.ok.ru [204] [GET] [text/html] [] [Apache] [vhost] [Apache] [d41d8cd98f00b204e9800998ecf8427e]
https://wg66.ok.ru [302] [GET] [] [] [Apache] [vhost] [Apache] [d41d8cd98f00b204e9800998ecf8427e]
https://wg67.ok.ru [302] [GET] [] [] [Apache] [Apache] [d41d8cd98f00b204e9800998ecf8427e]
https://wg67.ok.ru [429] [GET] [text/html] [429 Too Many Requests] [Apache] [vhost] [Apache] [5c1fee147524b8a03b8be448f7c52f16]
https://wg68.ok.ru [204] [GET] [text/html] [] [Apache] [vhost] [Apache] [d41d8cd98f00b204e9800998ecf8427e]
https://wg68.ok.ru [429] [GET] [text/html] [429 Too Many Requests] [Apache] [vhost] [Apache] [5c1fee147524b8a03b8be448f7c52f16]
https://wg69.ok.ru [429] [GET] [text/html] [429 Too Many Requests] [Apache] [Apache] [2398cd847a6fd0711befd8d73567aeaf]
https://wg7.ok.ru [429] [GET] [text/html] [429 Too Many Requests] [Apache] [Apache] [5c1fee147524b8a03b8be448f7c52f16]
https://wg7.ok.ru [429] [GET] [text/html] [429 Too Many Requests] [Apache] [vhost] [Apache] [5c1fee147524b8a03b8be448f7c52f16]
https://wg70.ok.ru [204] [GET] [text/html] [] [Apache] [Apache] [d41d8cd98f00b204e9800998ecf8427e]
https://wg70.ok.ru [302] [GET] [] [] [Apache] [vhost] [Apache] [d41d8cd98f00b204e9800998ecf8427e]
https://wg71.ok.ru [204] [GET] [text/html] [] [Apache] [Apache] [d41d8cd98f00b204e9800998ecf8427e]
https://wg71.ok.ru [302] [GET] [] [] [Apache] [vhost] [Apache] [d41d8cd98f00b204e9800998ecf8427e]
https://wg72.ok.ru [204] [GET] [text/html] [] [Apache] [Apache] [d41d8cd98f00b204e9800998ecf8427e]
https://wg72.ok.ru [302] [GET] [] [] [Apache] [Apache] [d41d8cd98f00b204e9800998ecf8427e]
https://wg73.ok.ru [204] [GET] [text/html] [] [Apache] [Apache] [d41d8cd98f00b204e9800998ecf8427e]
https://wg73.ok.ru [302] [GET] [] [] [Apache] [vhost] [Apache] [d41d8cd98f00b204e9800998ecf8427e]
https://wg74.ok.ru [204] [GET] [text/html] [] [Apache] [Apache] [d41d8cd98f00b204e9800998ecf8427e]
https://wg74.ok.ru [302] [GET] [] [] [Apache] [Apache] [d41d8cd98f00b204e9800998ecf8427e]
https://wg75.ok.ru [302] [GET] [] [] [Apache] [Apache] [d41d8cd98f00b204e9800998ecf8427e]
https://wg75.ok.ru [429] [GET] [text/html] [429 Too Many Requests] [Apache] [vhost] [Apache] [5c1fee147524b8a03b8be448f7c52f16]
https://wg77.ok.ru [204] [GET] [text/html] [] [Apache] [vhost] [Apache] [d41d8cd98f00b204e9800998ecf8427e]
https://wg77.ok.ru [302] [GET] [] [] [Apache] [Apache] [d41d8cd98f00b204e9800998ecf8427e]
https://wg8.ok.ru [204] [GET] [text/html] [] [Apache] [Apache] [d41d8cd98f00b204e9800998ecf8427e]
https://wg8.ok.ru [302] [GET] [] [] [Apache] [vhost] [Apache] [d41d8cd98f00b204e9800998ecf8427e]
https://wg80.ok.ru [204] [GET] [text/html] [] [Apache] [Apache] [d41d8cd98f00b204e9800998ecf8427e]
https://wg81.ok.ru [204] [GET] [text/html] [] [Apache] [Apache] [d41d8cd98f00b204e9800998ecf8427e]
https://wg81.ok.ru [302] [GET] [] [] [Apache] [vhost] [Apache] [d41d8cd98f00b204e9800998ecf8427e]
https://wg82.ok.ru [429] [GET] [text/html] [429 Too Many Requests] [Apache] [Apache] [5c1fee147524b8a03b8be448f7c52f16]
https://wg82.ok.ru [429] [GET] [text/html] [429 Too Many Requests] [Apache] [vhost] [Apache] [5c1fee147524b8a03b8be448f7c52f16]
https://wg83.ok.ru [204] [GET] [text/html] [] [Apache] [Apache] [d41d8cd98f00b204e9800998ecf8427e]
https://wg83.ok.ru [302] [GET] [] [] [Apache] [Apache] [d41d8cd98f00b204e9800998ecf8427e]
https://wg84.ok.ru [302] [GET] [] [] [Apache] [Apache] [d41d8cd98f00b204e9800998ecf8427e]
https://wg84.ok.ru [429] [GET] [text/html] [429 Too Many Requests] [Apache] [Apache] [5c1fee147524b8a03b8be448f7c52f16]
https://wg85.ok.ru [429] [GET] [text/html] [429 Too Many Requests] [Apache] [Apache] [5c1fee147524b8a03b8be448f7c52f16]
https://wg85.ok.ru [429] [GET] [text/html] [429 Too Many Requests] [Apache] [vhost] [Apache] [2398cd847a6fd0711befd8d73567aeaf]
https://wg86.ok.ru [204] [GET] [text/html] [] [Apache] [Apache] [d41d8cd98f00b204e9800998ecf8427e]
https://wg86.ok.ru [302] [GET] [] [] [Apache] [vhost] [Apache] [d41d8cd98f00b204e9800998ecf8427e]
https://wg87.ok.ru [204] [GET] [text/html] [] [Apache] [Apache] [d41d8cd98f00b204e9800998ecf8427e]
https://wg87.ok.ru [302] [GET] [] [] [Apache] [vhost] [Apache] [d41d8cd98f00b204e9800998ecf8427e]
https://wg88.ok.ru [204] [GET] [text/html] [] [Apache] [vhost] [Apache] [d41d8cd98f00b204e9800998ecf8427e]
https://wg88.ok.ru [302] [GET] [] [] [Apache] [Apache] [d41d8cd98f00b204e9800998ecf8427e]
https://wg89.ok.ru [302] [GET] [] [] [Apache] [Apache] [d41d8cd98f00b204e9800998ecf8427e]
https://wg89.ok.ru [429] [GET] [text/html] [429 Too Many Requests] [Apache] [vhost] [Apache] [5c1fee147524b8a03b8be448f7c52f16]
https://wg9.ok.ru [302] [GET] [] [] [Apache] [Apache] [d41d8cd98f00b204e9800998ecf8427e]
https://wg9.ok.ru [429] [GET] [text/html] [429 Too Many Requests] [Apache] [Apache] [5c1fee147524b8a03b8be448f7c52f16]
https://wg90.ok.ru [204] [GET] [text/html] [] [Apache] [Apache] [d41d8cd98f00b204e9800998ecf8427e]
https://wg90.ok.ru [429] [GET] [text/html] [429 Too Many Requests] [Apache] [vhost] [Apache] [5c1fee147524b8a03b8be448f7c52f16]
https://wg91.ok.ru [429] [GET] [text/html] [429 Too Many Requests] [Apache] [Apache] [2398cd847a6fd0711befd8d73567aeaf]
https://wg91.ok.ru [429] [GET] [text/html] [429 Too Many Requests] [Apache] [vhost] [Apache] [5c1fee147524b8a03b8be448f7c52f16]
https://wg92.ok.ru [302] [GET] [] [] [Apache] [Apache] [d41d8cd98f00b204e9800998ecf8427e]
https://wg92.ok.ru [429] [GET] [text/html] [429 Too Many Requests] [Apache] [Apache] [2398cd847a6fd0711befd8d73567aeaf]
https://wg93.ok.ru [429] [GET] [text/html] [429 Too Many Requests] [Apache] [Apache] [5c1fee147524b8a03b8be448f7c52f16]
https://wg94.ok.ru [429] [GET] [text/html] [429 Too Many Requests] [Apache] [Apache] [2398cd847a6fd0711befd8d73567aeaf]
https://wg95.ok.ru [204] [GET] [text/html] [] [Apache] [Apache] [d41d8cd98f00b204e9800998ecf8427e]
https://wg95.ok.ru [302] [GET] [] [] [Apache] [Apache] [d41d8cd98f00b204e9800998ecf8427e]
https://wg96.ok.ru [204] [GET] [text/html] [] [Apache] [Apache] [d41d8cd98f00b204e9800998ecf8427e]
https://wg96.ok.ru [429] [GET] [text/html] [429 Too Many Requests] [Apache] [Apache] [2398cd847a6fd0711befd8d73567aeaf]
https://wg97.ok.ru [302] [GET] [] [] [Apache] [Apache] [d41d8cd98f00b204e9800998ecf8427e]
https://wg97.ok.ru [429] [GET] [text/html] [429 Too Many Requests] [Apache] [Apache] [5c1fee147524b8a03b8be448f7c52f16]
https://wg98.ok.ru [204] [GET] [text/html] [] [Apache] [Apache] [d41d8cd98f00b204e9800998ecf8427e]
https://wg98.ok.ru [302] [GET] [] [] [Apache] [Apache] [d41d8cd98f00b204e9800998ecf8427e]
https://wg99.ok.ru [429] [GET] [text/html] [429 Too Many Requests] [Apache] [Apache] [2398cd847a6fd0711befd8d73567aeaf]
https://wishlist.ok.ru [200] [GET] [text/html] [Социальная сеть Одноклассники. Общение с друзьями в ОК. Ваше место встречи с одноклассниками] [Apache] [Apache,Google Tag Manager] [316a0ba79562bdb95a670e4cc8ebb3ef]
https://wishlist.ok.ru [204] [GET] [text/html] [] [Apache] [Apache] [d41d8cd98f00b204e9800998ecf8427e]
https://wmf.ok.ru [404] [GET] [text/html] [HTTP Status 404 – Not Found] [Apache] [Apache] [506b9dd18fc7a665bafe3cd0bed64961]
https://wmf1.ok.ru [404] [GET] [text/html] [HTTP Status 404 – Not Found] [Apache] [Apache] [506b9dd18fc7a665bafe3cd0bed64961]
https://wmft.ok.ru [404] [GET] [text/html] [HTTP Status 404 – Not Found] [Apache] [Apache] [506b9dd18fc7a665bafe3cd0bed64961]
https://wmftg.ok.ru [404] [GET] [text/html] [HTTP Status 404 – Not Found] [Apache] [Apache] [506b9dd18fc7a665bafe3cd0bed64961]
https://www.ok.ru [204] [GET] [text/html] [] [Apache] [Apache] [d41d8cd98f00b204e9800998ecf8427e]
https://www.ok.ru [429] [GET] [text/html] [429 Too Many Requests] [Apache] [vhost] [Apache] [5c1fee147524b8a03b8be448f7c52f16]
https://yandex.ok.ru [403] [GET] [text/html] [403 Forbidden] [Apache] [Apache] [e205600a13afb519eb8c0bf833e3e4b3]
