http://api.opensea.io:2082 [301] [GET] [] [] [cloudflare] [vhost] [cloudflare] [Cloudflare,Cloudflare Bot Management] [d41d8cd98f00b204e9800998ecf8427e]
http://api.opensea.io:2083 [400] [GET] [text/html] [400 The plain HTTP request was sent to HTTPS port] [cloudflare] [cloudflare] [cd58783500d7fa3c58f88eb0ba22f4f8]
http://api.opensea.io:2086 [301] [GET] [] [] [cloudflare] [vhost] [cloudflare] [Cloudflare,Cloudflare Bot Management] [d41d8cd98f00b204e9800998ecf8427e]
http://api.opensea.io:2087 [400] [GET] [text/html] [400 The plain HTTP request was sent to HTTPS port] [cloudflare] [cloudflare] [20ad84d030031252141ca0b3fc0183f0]
http://api.opensea.io:8080 [301] [GET] [] [] [cloudflare] [vhost] [cloudflare] [Cloudflare,Cloudflare Bot Management] [d41d8cd98f00b204e9800998ecf8427e]
http://api.opensea.io:8443 [400] [GET] [text/html] [400 The plain HTTP request was sent to HTTPS port] [cloudflare] [cloudflare] [20ad84d030031252141ca0b3fc0183f0]
http://api.opensea.io:8880 [301] [GET] [] [] [cloudflare] [vhost] [cloudflare] [Cloudflare,Cloudflare Bot Management] [d41d8cd98f00b204e9800998ecf8427e]
http://api2.opensea.io:2052 [403] [GET] [text/plain] [] [cloudflare] [vhost] [cloudflare] [Cloudflare,Cloudflare Bot Management] [7b5ea53ba332630e5aca8e4abb807f70]
http://api2.opensea.io:2082 [403] [GET] [text/plain] [] [cloudflare] [vhost] [cloudflare] [Cloudflare,Cloudflare Bot Management] [7b5ea53ba332630e5aca8e4abb807f70]
http://api2.opensea.io:2086 [403] [GET] [text/plain] [] [cloudflare] [vhost] [cloudflare] [Cloudflare,Cloudflare Bot Management] [7b5ea53ba332630e5aca8e4abb807f70]
http://api2.opensea.io:8080 [403] [GET] [text/plain] [] [cloudflare] [vhost] [cloudflare] [Cloudflare,Cloudflare Bot Management] [7b5ea53ba332630e5aca8e4abb807f70]
http://api2.opensea.io:8880 [403] [GET] [text/plain] [] [cloudflare] [vhost] [cloudflare] [Cloudflare,Cloudflare Bot Management] [7b5ea53ba332630e5aca8e4abb807f70]
http://atlantis.k8s.opensea.io:8080 [404] [GET] [text/html] [404 Not Found] [] [2e9281cb1598565605593d28a5efa3bb]
http://blog.opensea.io:2082 [301] [GET] [] [] [cloudflare] [vhost] [cloudflare] [Cloudflare,Cloudflare Bot Management] [d41d8cd98f00b204e9800998ecf8427e]
http://blog.opensea.io:2086 [301] [GET] [] [] [cloudflare] [vhost] [cloudflare] [Cloudflare,Cloudflare Bot Management] [d41d8cd98f00b204e9800998ecf8427e]
http://blog.opensea.io:8080 [301] [GET] [] [] [cloudflare] [vhost] [cloudflare] [Cloudflare,Cloudflare Bot Management] [d41d8cd98f00b204e9800998ecf8427e]
http://blog.opensea.io:8880 [301] [GET] [] [] [cloudflare] [vhost] [cloudflare] [Cloudflare,Cloudflare Bot Management] [d41d8cd98f00b204e9800998ecf8427e]
http://castle.opensea.io:2082 [403] [GET] [text/plain] [] [cloudflare] [vhost] [cloudflare] [Cloudflare,Cloudflare Bot Management] [4f20b85ce5ebf225720e040314a7966a]
http://castle.opensea.io:2086 [301] [GET] [] [] [cloudflare] [vhost] [cloudflare] [Cloudflare,Cloudflare Bot Management] [d41d8cd98f00b204e9800998ecf8427e]
http://castle.opensea.io:8080 [301] [GET] [] [] [cloudflare] [vhost] [cloudflare] [Cloudflare,Cloudflare Bot Management] [d41d8cd98f00b204e9800998ecf8427e]
http://castle.opensea.io:8880 [301] [GET] [] [] [cloudflare] [vhost] [cloudflare] [Cloudflare,Cloudflare Bot Management] [d41d8cd98f00b204e9800998ecf8427e]
http://creatures-api.opensea.io:2082 [301] [GET] [] [] [cloudflare] [vhost] [cloudflare] [Cloudflare,Cloudflare Bot Management] [d41d8cd98f00b204e9800998ecf8427e]
http://creatures-api.opensea.io:2086 [301] [GET] [] [] [cloudflare] [vhost] [cloudflare] [Cloudflare,Cloudflare Bot Management] [d41d8cd98f00b204e9800998ecf8427e]
http://creatures-api.opensea.io:2087 [400] [GET] [text/html] [400 The plain HTTP request was sent to HTTPS port] [cloudflare] [cloudflare] [cd58783500d7fa3c58f88eb0ba22f4f8]
http://creatures-api.opensea.io:8080 [301] [GET] [] [] [cloudflare] [vhost] [cloudflare] [Cloudflare,Cloudflare Bot Management] [d41d8cd98f00b204e9800998ecf8427e]
http://creatures-api.opensea.io:8443 [400] [GET] [text/html] [400 The plain HTTP request was sent to HTTPS port] [cloudflare] [cloudflare] [cd58783500d7fa3c58f88eb0ba22f4f8]
http://creatures-api.opensea.io:8880 [301] [GET] [] [] [cloudflare] [vhost] [cloudflare] [Cloudflare,Cloudflare Bot Management] [d41d8cd98f00b204e9800998ecf8427e]
http://dev-storage.opensea.io:8080 [404] [GET] [text/html] [404 Not Found] [] [2e9281cb1598565605593d28a5efa3bb]
http://developers.opensea.io:2052 [301] [GET] [] [] [cloudflare] [vhost] [cloudflare] [Cloudflare,Cloudflare Bot Management] [d41d8cd98f00b204e9800998ecf8427e]
http://developers.opensea.io:2082 [301] [GET] [] [] [cloudflare] [vhost] [cloudflare] [Cloudflare,Cloudflare Bot Management] [d41d8cd98f00b204e9800998ecf8427e]
http://developers.opensea.io:2086 [301] [GET] [] [] [cloudflare] [vhost] [cloudflare] [Cloudflare,Cloudflare Bot Management] [d41d8cd98f00b204e9800998ecf8427e]
http://developers.opensea.io:8080 [301] [GET] [] [] [cloudflare] [vhost] [cloudflare] [Cloudflare,Cloudflare Bot Management] [d41d8cd98f00b204e9800998ecf8427e]
http://developers.opensea.io:8880 [301] [GET] [] [] [cloudflare] [vhost] [cloudflare] [Cloudflare,Cloudflare Bot Management] [d41d8cd98f00b204e9800998ecf8427e]
http://docs.opensea.io:2082 [301] [GET] [] [] [cloudflare] [vhost] [cloudflare] [d41d8cd98f00b204e9800998ecf8427e]
http://docs.opensea.io:2083 [400] [GET] [text/html] [400 The plain HTTP request was sent to HTTPS port] [cloudflare] [cloudflare] [cd58783500d7fa3c58f88eb0ba22f4f8]
http://docs.opensea.io:2086 [301] [GET] [] [] [cloudflare] [vhost] [cloudflare] [d41d8cd98f00b204e9800998ecf8427e]
http://docs.opensea.io:2087 [400] [GET] [text/html] [400 The plain HTTP request was sent to HTTPS port] [cloudflare] [cloudflare] [20ad84d030031252141ca0b3fc0183f0]
http://docs.opensea.io:2095 [301] [GET] [] [] [cloudflare] [vhost] [cloudflare] [d41d8cd98f00b204e9800998ecf8427e]
http://docs.opensea.io:2096 [400] [GET] [text/html] [400 The plain HTTP request was sent to HTTPS port] [cloudflare] [cloudflare] [20ad84d030031252141ca0b3fc0183f0]
http://docs.opensea.io:8080 [301] [GET] [] [] [cloudflare] [vhost] [cloudflare] [d41d8cd98f00b204e9800998ecf8427e]
http://docs.opensea.io:8443 [400] [GET] [text/html] [400 The plain HTTP request was sent to HTTPS port] [cloudflare] [cloudflare] [20ad84d030031252141ca0b3fc0183f0]
http://docs.opensea.io:8880 [301] [GET] [] [] [cloudflare] [vhost] [cloudflare] [d41d8cd98f00b204e9800998ecf8427e]
http://email.opensea.io:2052 [301] [GET] [] [] [cloudflare] [vhost] [cloudflare] [Cloudflare,Cloudflare Bot Management] [d41d8cd98f00b204e9800998ecf8427e]
http://email.opensea.io:2082 [301] [GET] [] [] [cloudflare] [vhost] [cloudflare] [Cloudflare,Cloudflare Bot Management] [d41d8cd98f00b204e9800998ecf8427e]
http://email.opensea.io:2083 [400] [GET] [text/html] [400 The plain HTTP request was sent to HTTPS port] [cloudflare] [cloudflare] [20ad84d030031252141ca0b3fc0183f0]
http://email.opensea.io:2086 [301] [GET] [] [] [cloudflare] [vhost] [cloudflare] [Cloudflare,Cloudflare Bot Management] [d41d8cd98f00b204e9800998ecf8427e]
http://email.opensea.io:2087 [400] [GET] [text/html] [400 The plain HTTP request was sent to HTTPS port] [cloudflare] [cloudflare] [cd58783500d7fa3c58f88eb0ba22f4f8]
http://email.opensea.io:8080 [301] [GET] [] [] [cloudflare] [vhost] [cloudflare] [Cloudflare,Cloudflare Bot Management] [d41d8cd98f00b204e9800998ecf8427e]
http://email.opensea.io:8443 [400] [GET] [text/html] [400 The plain HTTP request was sent to HTTPS port] [cloudflare] [cloudflare] [cd58783500d7fa3c58f88eb0ba22f4f8]
http://email.opensea.io:8880 [301] [GET] [] [] [cloudflare] [vhost] [cloudflare] [Cloudflare,Cloudflare Bot Management] [d41d8cd98f00b204e9800998ecf8427e]
http://features-proxy.opensea.io:2082 [301] [GET] [] [] [cloudflare] [vhost] [cloudflare] [Cloudflare,Cloudflare Bot Management] [d41d8cd98f00b204e9800998ecf8427e]
http://features-proxy.opensea.io:2083 [400] [GET] [text/html] [400 The plain HTTP request was sent to HTTPS port] [cloudflare] [cloudflare] [cd58783500d7fa3c58f88eb0ba22f4f8]
http://features-proxy.opensea.io:2086 [301] [GET] [] [] [cloudflare] [vhost] [cloudflare] [Cloudflare,Cloudflare Bot Management] [d41d8cd98f00b204e9800998ecf8427e]
http://features-proxy.opensea.io:2087 [400] [GET] [text/html] [400 The plain HTTP request was sent to HTTPS port] [cloudflare] [cloudflare] [20ad84d030031252141ca0b3fc0183f0]
http://features-proxy.opensea.io:8080 [301] [GET] [] [] [cloudflare] [vhost] [cloudflare] [Cloudflare,Cloudflare Bot Management] [d41d8cd98f00b204e9800998ecf8427e]
http://features-proxy.opensea.io:8443 [400] [GET] [text/html] [400 The plain HTTP request was sent to HTTPS port] [cloudflare] [cloudflare] [cd58783500d7fa3c58f88eb0ba22f4f8]
http://features-proxy.opensea.io:8880 [301] [GET] [] [] [cloudflare] [vhost] [cloudflare] [Cloudflare,Cloudflare Bot Management] [d41d8cd98f00b204e9800998ecf8427e]
http://matic.opensea.io:2082 [301] [GET] [] [] [cloudflare] [vhost] [cloudflare] [Cloudflare,Cloudflare Bot Management] [d41d8cd98f00b204e9800998ecf8427e]
http://matic.opensea.io:2086 [301] [GET] [] [] [cloudflare] [vhost] [cloudflare] [Cloudflare,Cloudflare Bot Management] [d41d8cd98f00b204e9800998ecf8427e]
http://matic.opensea.io:8080 [301] [GET] [] [] [cloudflare] [vhost] [cloudflare] [Cloudflare,Cloudflare Bot Management] [d41d8cd98f00b204e9800998ecf8427e]
http://matic.opensea.io:8880 [301] [GET] [] [] [cloudflare] [vhost] [cloudflare] [Cloudflare,Cloudflare Bot Management] [d41d8cd98f00b204e9800998ecf8427e]
http://opensea.io:2082 [301] [GET] [] [] [cloudflare] [vhost] [cloudflare] [Cloudflare,Cloudflare Bot Management] [d41d8cd98f00b204e9800998ecf8427e]
http://opensea.io:2086 [301] [GET] [] [] [cloudflare] [vhost] [cloudflare] [Cloudflare,Cloudflare Bot Management] [d41d8cd98f00b204e9800998ecf8427e]
http://opensea.io:8080 [301] [GET] [] [] [cloudflare] [vhost] [cloudflare] [Cloudflare,Cloudflare Bot Management] [d41d8cd98f00b204e9800998ecf8427e]
http://opensea.io:8880 [301] [GET] [] [] [cloudflare] [vhost] [cloudflare] [Cloudflare,Cloudflare Bot Management] [d41d8cd98f00b204e9800998ecf8427e]
http://rinkeby-api.opensea.io:2082 [301] [GET] [] [] [cloudflare] [vhost] [cloudflare] [Cloudflare,Cloudflare Bot Management] [d41d8cd98f00b204e9800998ecf8427e]
http://rinkeby-api.opensea.io:2086 [301] [GET] [] [] [cloudflare] [vhost] [cloudflare] [Cloudflare,Cloudflare Bot Management] [d41d8cd98f00b204e9800998ecf8427e]
http://rinkeby-api.opensea.io:8080 [301] [GET] [] [] [cloudflare] [vhost] [cloudflare] [Cloudflare,Cloudflare Bot Management] [d41d8cd98f00b204e9800998ecf8427e]
http://rinkeby-api.opensea.io:8880 [301] [GET] [] [] [cloudflare] [vhost] [cloudflare] [Cloudflare,Cloudflare Bot Management] [d41d8cd98f00b204e9800998ecf8427e]
http://rinkeby-storage.opensea.io:2082 [301] [GET] [] [] [cloudflare] [vhost] [cloudflare] [Cloudflare,Cloudflare Bot Management] [d41d8cd98f00b204e9800998ecf8427e]
http://rinkeby-storage.opensea.io:2083 [400] [GET] [text/html] [400 The plain HTTP request was sent to HTTPS port] [cloudflare] [cloudflare] [cd58783500d7fa3c58f88eb0ba22f4f8]
http://rinkeby-storage.opensea.io:2086 [301] [GET] [] [] [cloudflare] [vhost] [cloudflare] [Cloudflare,Cloudflare Bot Management] [d41d8cd98f00b204e9800998ecf8427e]
http://rinkeby-storage.opensea.io:2087 [400] [GET] [text/html] [400 The plain HTTP request was sent to HTTPS port] [cloudflare] [cloudflare] [20ad84d030031252141ca0b3fc0183f0]
http://rinkeby-storage.opensea.io:8080 [301] [GET] [] [] [cloudflare] [vhost] [cloudflare] [Cloudflare,Cloudflare Bot Management] [d41d8cd98f00b204e9800998ecf8427e]
http://rinkeby-storage.opensea.io:8443 [400] [GET] [text/html] [400 The plain HTTP request was sent to HTTPS port] [cloudflare] [cloudflare] [20ad84d030031252141ca0b3fc0183f0]
http://rinkeby-storage.opensea.io:8880 [301] [GET] [] [] [cloudflare] [vhost] [cloudflare] [Cloudflare,Cloudflare Bot Management] [d41d8cd98f00b204e9800998ecf8427e]
http://rinkeby.opensea.io:2052 [301] [GET] [] [] [cloudflare] [vhost] [cloudflare] [Cloudflare,Cloudflare Bot Management] [d41d8cd98f00b204e9800998ecf8427e]
http://rinkeby.opensea.io:2082 [301] [GET] [] [] [cloudflare] [vhost] [cloudflare] [Cloudflare,Cloudflare Bot Management] [d41d8cd98f00b204e9800998ecf8427e]
http://rinkeby.opensea.io:2086 [301] [GET] [] [] [cloudflare] [vhost] [cloudflare] [Cloudflare,Cloudflare Bot Management] [d41d8cd98f00b204e9800998ecf8427e]
http://rinkeby.opensea.io:8080 [301] [GET] [] [] [cloudflare] [vhost] [cloudflare] [Cloudflare,Cloudflare Bot Management] [d41d8cd98f00b204e9800998ecf8427e]
http://rinkeby.opensea.io:8880 [301] [GET] [] [] [cloudflare] [vhost] [cloudflare] [Cloudflare,Cloudflare Bot Management] [d41d8cd98f00b204e9800998ecf8427e]
http://static.opensea.io:2052 [301] [GET] [] [] [cloudflare] [vhost] [cloudflare] [Cloudflare,Cloudflare Bot Management] [d41d8cd98f00b204e9800998ecf8427e]
http://static.opensea.io:2082 [301] [GET] [] [] [cloudflare] [vhost] [cloudflare] [Cloudflare,Cloudflare Bot Management] [d41d8cd98f00b204e9800998ecf8427e]
http://static.opensea.io:2083 [400] [GET] [text/html] [400 The plain HTTP request was sent to HTTPS port] [cloudflare] [cloudflare] [20ad84d030031252141ca0b3fc0183f0]
http://static.opensea.io:2086 [301] [GET] [] [] [cloudflare] [vhost] [cloudflare] [Cloudflare,Cloudflare Bot Management] [d41d8cd98f00b204e9800998ecf8427e]
http://static.opensea.io:2087 [400] [GET] [text/html] [400 The plain HTTP request was sent to HTTPS port] [cloudflare] [cloudflare] [cd58783500d7fa3c58f88eb0ba22f4f8]
http://static.opensea.io:8080 [301] [GET] [] [] [cloudflare] [vhost] [cloudflare] [Cloudflare,Cloudflare Bot Management] [d41d8cd98f00b204e9800998ecf8427e]
http://static.opensea.io:8443 [400] [GET] [text/html] [400 The plain HTTP request was sent to HTTPS port] [cloudflare] [cloudflare] [cd58783500d7fa3c58f88eb0ba22f4f8]
http://static.opensea.io:8880 [301] [GET] [] [] [cloudflare] [vhost] [cloudflare] [Cloudflare,Cloudflare Bot Management] [d41d8cd98f00b204e9800998ecf8427e]
http://storage.opensea.io:2052 [301] [GET] [] [] [cloudflare] [vhost] [cloudflare] [Cloudflare,Cloudflare Bot Management] [d41d8cd98f00b204e9800998ecf8427e]
http://storage.opensea.io:2082 [301] [GET] [] [] [cloudflare] [vhost] [cloudflare] [Cloudflare,Cloudflare Bot Management] [d41d8cd98f00b204e9800998ecf8427e]
http://storage.opensea.io:2083 [400] [GET] [text/html] [400 The plain HTTP request was sent to HTTPS port] [cloudflare] [cloudflare] [cd58783500d7fa3c58f88eb0ba22f4f8]
http://storage.opensea.io:2086 [301] [GET] [] [] [cloudflare] [vhost] [cloudflare] [Cloudflare,Cloudflare Bot Management] [d41d8cd98f00b204e9800998ecf8427e]
http://storage.opensea.io:2087 [400] [GET] [text/html] [400 The plain HTTP request was sent to HTTPS port] [cloudflare] [cloudflare] [20ad84d030031252141ca0b3fc0183f0]
http://storage.opensea.io:8080 [301] [GET] [] [] [cloudflare] [vhost] [cloudflare] [Cloudflare,Cloudflare Bot Management] [d41d8cd98f00b204e9800998ecf8427e]
http://storage.opensea.io:8443 [400] [GET] [text/html] [400 The plain HTTP request was sent to HTTPS port] [cloudflare] [cloudflare] [cd58783500d7fa3c58f88eb0ba22f4f8]
http://storage.opensea.io:8880 [301] [GET] [] [] [cloudflare] [vhost] [cloudflare] [Cloudflare,Cloudflare Bot Management] [d41d8cd98f00b204e9800998ecf8427e]
http://support.opensea.io:2083 [400] [GET] [text/html] [400 The plain HTTP request was sent to HTTPS port] [cloudflare] [cloudflare] [20ad84d030031252141ca0b3fc0183f0]
http://support.opensea.io:2087 [400] [GET] [text/html] [400 The plain HTTP request was sent to HTTPS port] [cloudflare] [cloudflare] [cd58783500d7fa3c58f88eb0ba22f4f8]
http://support.opensea.io:2096 [400] [GET] [text/html] [400 The plain HTTP request was sent to HTTPS port] [cloudflare] [cloudflare] [cd58783500d7fa3c58f88eb0ba22f4f8]
http://support.opensea.io:8443 [400] [GET] [text/html] [400 The plain HTTP request was sent to HTTPS port] [cloudflare] [cloudflare] [cd58783500d7fa3c58f88eb0ba22f4f8]
http://testnets-api.opensea.io:2082 [301] [GET] [] [] [cloudflare] [vhost] [cloudflare] [Cloudflare,Cloudflare Bot Management] [d41d8cd98f00b204e9800998ecf8427e]
http://testnets-api.opensea.io:2083 [400] [GET] [text/html] [400 The plain HTTP request was sent to HTTPS port] [cloudflare] [cloudflare] [20ad84d030031252141ca0b3fc0183f0]
http://testnets-api.opensea.io:2086 [301] [GET] [] [] [cloudflare] [vhost] [cloudflare] [Cloudflare,Cloudflare Bot Management] [d41d8cd98f00b204e9800998ecf8427e]
http://testnets-api.opensea.io:2087 [400] [GET] [text/html] [400 The plain HTTP request was sent to HTTPS port] [cloudflare] [cloudflare] [cd58783500d7fa3c58f88eb0ba22f4f8]
http://testnets-api.opensea.io:8080 [301] [GET] [] [] [cloudflare] [vhost] [cloudflare] [Cloudflare,Cloudflare Bot Management] [d41d8cd98f00b204e9800998ecf8427e]
http://testnets-api.opensea.io:8443 [400] [GET] [text/html] [400 The plain HTTP request was sent to HTTPS port] [cloudflare] [cloudflare] [20ad84d030031252141ca0b3fc0183f0]
http://testnets-api.opensea.io:8880 [301] [GET] [] [] [cloudflare] [vhost] [cloudflare] [Cloudflare,Cloudflare Bot Management] [d41d8cd98f00b204e9800998ecf8427e]
http://testnets.opensea.io:2082 [301] [GET] [] [] [cloudflare] [vhost] [cloudflare] [Cloudflare,Cloudflare Bot Management] [d41d8cd98f00b204e9800998ecf8427e]
http://testnets.opensea.io:2086 [301] [GET] [] [] [cloudflare] [vhost] [cloudflare] [Cloudflare,Cloudflare Bot Management] [d41d8cd98f00b204e9800998ecf8427e]
http://testnets.opensea.io:8080 [301] [GET] [] [] [cloudflare] [vhost] [cloudflare] [Cloudflare,Cloudflare Bot Management] [d41d8cd98f00b204e9800998ecf8427e]
http://testnets.opensea.io:8880 [301] [GET] [] [] [cloudflare] [vhost] [cloudflare] [Cloudflare,Cloudflare Bot Management] [d41d8cd98f00b204e9800998ecf8427e]
http://www.atlantis.k8s.opensea.io:8080 [404] [GET] [text/html] [404 Not Found] [] [2e9281cb1598565605593d28a5efa3bb]
http://www.opensea.io:2082 [301] [GET] [] [] [cloudflare] [vhost] [cloudflare] [Cloudflare,Cloudflare Bot Management] [d41d8cd98f00b204e9800998ecf8427e]
http://www.opensea.io:2086 [301] [GET] [] [] [cloudflare] [vhost] [cloudflare] [Cloudflare,Cloudflare Bot Management] [d41d8cd98f00b204e9800998ecf8427e]
http://www.opensea.io:8080 [301] [GET] [] [] [cloudflare] [vhost] [cloudflare] [Cloudflare,Cloudflare Bot Management] [d41d8cd98f00b204e9800998ecf8427e]
http://www.opensea.io:8880 [301] [GET] [] [] [cloudflare] [vhost] [cloudflare] [Cloudflare,Cloudflare Bot Management] [d41d8cd98f00b204e9800998ecf8427e]
https://api.opensea.io [404] [GET] [application/json] [] [cloudflare] [vhost] [cloudflare] [Cloudflare,Cloudflare Bot Management] [d9e31441c04c32264c6821f4ec958ca5]
https://api2.opensea.io [403] [GET] [text/plain] [] [cloudflare] [vhost] [cloudflare] [Cloudflare,Cloudflare Bot Management] [7b5ea53ba332630e5aca8e4abb807f70]
https://api2.opensea.io:2083 [403] [GET] [text/plain] [] [cloudflare] [vhost] [cloudflare] [Cloudflare,Cloudflare Bot Management] [7b5ea53ba332630e5aca8e4abb807f70]
https://api2.opensea.io:2087 [403] [GET] [text/plain] [] [cloudflare] [vhost] [cloudflare] [Cloudflare,Cloudflare Bot Management] [7b5ea53ba332630e5aca8e4abb807f70]
https://api2.opensea.io:8443 [403] [GET] [text/plain] [] [cloudflare] [vhost] [cloudflare] [Cloudflare,Cloudflare Bot Management] [7b5ea53ba332630e5aca8e4abb807f70]
https://atlantis.k8s.opensea.io [502] [GET] [text/html] [502 Server Error] [] [vhost] [47151679e6193060d77a7d92cbe4658c]
https://blog.opensea.io [301] [GET] [] [] [cloudflare] [vhost] [cloudflare] [Cloudflare,Cloudflare Bot Management] [d41d8cd98f00b204e9800998ecf8427e]
https://blog.opensea.io:2083 [301] [GET] [] [] [cloudflare] [vhost] [cloudflare] [Cloudflare,Cloudflare Bot Management] [d41d8cd98f00b204e9800998ecf8427e]
https://blog.opensea.io:2087 [301] [GET] [] [] [cloudflare] [vhost] [cloudflare] [Cloudflare,Cloudflare Bot Management] [d41d8cd98f00b204e9800998ecf8427e]
https://blog.opensea.io:8443 [301] [GET] [] [] [cloudflare] [vhost] [cloudflare] [Cloudflare,Cloudflare Bot Management] [d41d8cd98f00b204e9800998ecf8427e]
https://castle.opensea.io [302] [GET] [] [] [cloudflare] [vhost] [cloudflare] [Cloudflare,Cloudflare Bot Management] [d41d8cd98f00b204e9800998ecf8427e]
https://castle.opensea.io:2083 [302] [GET] [] [] [cloudflare] [vhost] [cloudflare] [Cloudflare,Cloudflare Bot Management] [d41d8cd98f00b204e9800998ecf8427e]
https://castle.opensea.io:2087 [302] [GET] [] [] [cloudflare] [vhost] [cloudflare] [Cloudflare,Cloudflare Bot Management] [d41d8cd98f00b204e9800998ecf8427e]
https://castle.opensea.io:8443 [302] [GET] [] [] [cloudflare] [vhost] [cloudflare] [Cloudflare,Cloudflare Bot Management] [d41d8cd98f00b204e9800998ecf8427e]
https://creatures-api.opensea.io [404] [GET] [text/html] [404 Not Found] [cloudflare] [vhost] [cloudflare] [Cloudflare,Cloudflare Bot Management,Heroku] [30b9fc59927dfe68735ba965f007e616]
https://creatures-api.opensea.io [404] [GET] [text/html] [404 Not Found] [cloudflare] [vhost] [cloudflare] [Cloudflare,Cloudflare Bot Management,Heroku] [d5e8e8f1b2352238ff3d71a6721e7f8d]
https://creatures-api.opensea.io:2083 [403] [GET] [text/plain] [] [cloudflare] [vhost] [cloudflare] [Cloudflare,Cloudflare Bot Management] [4f20b85ce5ebf225720e040314a7966a]
https://csp.opensea.io [403] [GET] [application/json] [] [] [vhost] [cloudfront] [Amazon Cloudfront,Amazon Web Services] [905b1fbb26e082557ff0b3b3553cda6c]
https://dev-storage.opensea.io [403] [GET] [application/xml] [] [UploadServer] [vhost] [e7a9350210b4dba641f6020447c96045]
https://developers.opensea.io [301] [GET] [] [] [cloudflare] [vhost] [cloudflare] [Cloudflare,Cloudflare Bot Management] [d41d8cd98f00b204e9800998ecf8427e]
https://developers.opensea.io:2083 [301] [GET] [] [] [cloudflare] [vhost] [cloudflare] [Cloudflare,Cloudflare Bot Management] [d41d8cd98f00b204e9800998ecf8427e]
https://developers.opensea.io:2087 [301] [GET] [] [] [cloudflare] [vhost] [cloudflare] [Cloudflare,Cloudflare Bot Management] [d41d8cd98f00b204e9800998ecf8427e]
https://developers.opensea.io:8443 [301] [GET] [] [] [cloudflare] [vhost] [cloudflare] [Cloudflare,Cloudflare Bot Management] [d41d8cd98f00b204e9800998ecf8427e]
https://docs.opensea.io [200] [GET] [text/html] [OpenSea Developer Documentation] [cloudflare] [vhost] [cloudflare] [AngularJS,Cloudflare,Google Font API,Heroku] [3b4b0ea326dd52823064a9758e8eba82]
https://docs.opensea.io [200] [GET] [text/html] [OpenSea Developer Documentation] [cloudflare] [vhost] [cloudflare] [AngularJS,Cloudflare,Google Font API,Heroku] [f4f4016ad1580d03173b432cb1b4de06]
https://email.opensea.io [404] [GET] [] [] [cloudflare] [vhost] [cloudflare] [Cloudflare,Cloudflare Bot Management,Google Cloud,Google Cloud CDN] [d41d8cd98f00b204e9800998ecf8427e]
https://features-proxy.opensea.io [404] [GET] [text/html] [Error] [cloudflare] [vhost] [cloudflare] [Cloudflare,Cloudflare Bot Management] [51d3137eb55f12cc8356b5fcc35ea77f]
https://features-proxy.opensea.io [404] [GET] [text/html] [Error] [cloudflare] [vhost] [cloudflare] [Cloudflare,Cloudflare Bot Management] [f777cfc868e8834f9a9105c67d0222fc]
https://matic.opensea.io [301] [GET] [] [] [cloudflare] [vhost] [cloudflare] [Cloudflare,Cloudflare Bot Management] [d41d8cd98f00b204e9800998ecf8427e]
https://matic.opensea.io:2083 [301] [GET] [] [] [cloudflare] [vhost] [cloudflare] [Cloudflare,Cloudflare Bot Management] [d41d8cd98f00b204e9800998ecf8427e]
https://matic.opensea.io:2087 [301] [GET] [] [] [cloudflare] [vhost] [cloudflare] [Cloudflare,Cloudflare Bot Management] [d41d8cd98f00b204e9800998ecf8427e]
https://matic.opensea.io:8443 [301] [GET] [] [] [cloudflare] [vhost] [cloudflare] [Cloudflare,Cloudflare Bot Management] [d41d8cd98f00b204e9800998ecf8427e]
https://opensea.io [403] [GET] [text/plain] [] [cloudflare] [vhost] [cloudflare] [Cloudflare,Cloudflare Bot Management] [7b5ea53ba332630e5aca8e4abb807f70]
https://opensea.io:2083 [403] [GET] [text/plain] [] [cloudflare] [vhost] [cloudflare] [Cloudflare,Cloudflare Bot Management] [7b5ea53ba332630e5aca8e4abb807f70]
https://opensea.io:2087 [403] [GET] [text/plain] [] [cloudflare] [vhost] [cloudflare] [Cloudflare,Cloudflare Bot Management] [7b5ea53ba332630e5aca8e4abb807f70]
https://opensea.io:8443 [403] [GET] [text/plain] [] [cloudflare] [vhost] [cloudflare] [Cloudflare,Cloudflare Bot Management] [7b5ea53ba332630e5aca8e4abb807f70]
https://rinkeby-api.opensea.io [302] [GET] [] [] [cloudflare] [vhost] [cloudflare] [Cloudflare,Cloudflare Bot Management] [d41d8cd98f00b204e9800998ecf8427e]
https://rinkeby-api.opensea.io:2083 [302] [GET] [] [] [cloudflare] [vhost] [cloudflare] [Cloudflare,Cloudflare Bot Management] [d41d8cd98f00b204e9800998ecf8427e]
https://rinkeby-api.opensea.io:2087 [302] [GET] [] [] [cloudflare] [vhost] [cloudflare] [Cloudflare,Cloudflare Bot Management] [d41d8cd98f00b204e9800998ecf8427e]
https://rinkeby-api.opensea.io:8443 [302] [GET] [] [] [cloudflare] [vhost] [cloudflare] [Cloudflare,Cloudflare Bot Management] [d41d8cd98f00b204e9800998ecf8427e]
https://rinkeby-storage.opensea.io [403] [GET] [application/xml] [] [cloudflare] [vhost] [cloudflare] [Cloudflare,Cloudflare Bot Management] [e7a9350210b4dba641f6020447c96045]
https://rinkeby.opensea.io [301] [GET] [] [] [cloudflare] [vhost] [cloudflare] [Cloudflare,Cloudflare Bot Management] [d41d8cd98f00b204e9800998ecf8427e]
https://rinkeby.opensea.io:2083 [301] [GET] [] [] [cloudflare] [vhost] [cloudflare] [Cloudflare,Cloudflare Bot Management] [d41d8cd98f00b204e9800998ecf8427e]
https://rinkeby.opensea.io:2087 [301] [GET] [] [] [cloudflare] [vhost] [cloudflare] [Cloudflare,Cloudflare Bot Management] [d41d8cd98f00b204e9800998ecf8427e]
https://rinkeby.opensea.io:8443 [301] [GET] [] [] [cloudflare] [vhost] [cloudflare] [Cloudflare,Cloudflare Bot Management] [d41d8cd98f00b204e9800998ecf8427e]
https://static.opensea.io [403] [GET] [application/xml] [] [cloudflare] [vhost] [cloudflare] [Cloudflare,Cloudflare Bot Management] [e7a9350210b4dba641f6020447c96045]
https://status.opensea.io [200] [GET] [text/html] [OpenSea Status] [] [vhost] [Atlassian Statuspage] [d92bedc2fbd8473ed5a25067c7d8bd56]
https://storage.opensea.io [403] [GET] [application/xml] [] [cloudflare] [vhost] [cloudflare] [Cloudflare,Cloudflare Bot Management] [e7a9350210b4dba641f6020447c96045]
https://support.opensea.io [301] [GET] [text/html] [] [cloudflare] [vhost] [cloudflare] [Cloudflare,Cloudflare Network Error Logging,Zendesk] [c3a5bd1bf34df5c912a942420b732959]
https://testnets-api.opensea.io [404] [GET] [application/json] [] [cloudflare] [vhost] [cloudflare] [Cloudflare,Cloudflare Bot Management] [d9e31441c04c32264c6821f4ec958ca5]
https://testnets.opensea.io [403] [GET] [text/plain] [] [cloudflare] [vhost] [cloudflare] [Cloudflare,Cloudflare Bot Management] [7b5ea53ba332630e5aca8e4abb807f70]
https://testnets.opensea.io:2083 [403] [GET] [text/plain] [] [cloudflare] [vhost] [cloudflare] [Cloudflare,Cloudflare Bot Management] [7b5ea53ba332630e5aca8e4abb807f70]
https://testnets.opensea.io:2087 [403] [GET] [text/plain] [] [cloudflare] [vhost] [cloudflare] [Cloudflare,Cloudflare Bot Management] [7b5ea53ba332630e5aca8e4abb807f70]
https://testnets.opensea.io:8443 [403] [GET] [text/plain] [] [cloudflare] [vhost] [cloudflare] [Cloudflare,Cloudflare Bot Management] [7b5ea53ba332630e5aca8e4abb807f70]
https://www.atlantis.k8s.opensea.io [502] [GET] [text/html] [502 Server Error] [] [vhost] [47151679e6193060d77a7d92cbe4658c]
https://www.opensea.io [301] [GET] [] [] [cloudflare] [vhost] [cloudflare] [Cloudflare,Cloudflare Bot Management] [d41d8cd98f00b204e9800998ecf8427e]
https://www.opensea.io:2083 [301] [GET] [] [] [cloudflare] [vhost] [cloudflare] [Cloudflare,Cloudflare Bot Management] [d41d8cd98f00b204e9800998ecf8427e]
https://www.opensea.io:2087 [301] [GET] [] [] [cloudflare] [vhost] [cloudflare] [Cloudflare,Cloudflare Bot Management] [d41d8cd98f00b204e9800998ecf8427e]
https://www.opensea.io:8443 [301] [GET] [] [] [cloudflare] [vhost] [cloudflare] [Cloudflare,Cloudflare Bot Management] [d41d8cd98f00b204e9800998ecf8427e]
