http://bream-dev.opera.software [301] [GET] [text/html] [301 Moved Permanently] [nginx] [Nginx] [cd2e0e43980a00fb6a2742d3afd803b8]
http://install.opera.software [200] [GET] [text/html] [Welcome to nginx on Debian!] [nginx/1.10.3] [Nginx] [9341805ff485c40b268e3a4e40e919ad]
http://screw.opera.software:8080 [404] [GET] [text/html] [404 Not Found] [] [2e9281cb1598565605593d28a5efa3bb]
http://trial-ci-cdn.osp.opera.software:8080 [404] [GET] [text/html] [404 Not Found] [] [2e9281cb1598565605593d28a5efa3bb]
https://admin.speeddials.opera.software [302] [GET] [text/html] [] [nginx] [vhost] [Nginx] [7e1cae3d2015d512d794045866cd6ebc]
https://admin.speeddials.opera.software [302] [GET] [text/html] [] [nginx] [vhost] [Nginx] [b2ce210b95baefa919fa0f14f9f5f26c]
https://airflow-dev.osp.opera.software [200] [GET] [text/html] [] [nginx] [Nginx] [d41d8cd98f00b204e9800998ecf8427e]
https://airflow-legacy.osp.opera.software [200] [GET] [text/html] [] [nginx] [Nginx] [d41d8cd98f00b204e9800998ecf8427e]
https://airflow.osp.opera.software [302] [GET] [text/html] [] [nginx/1.20.2] [vhost] [Nginx] [37d1e7118a2b29bf6d1706699fbde7f7]
https://airflow.osp.opera.software [302] [GET] [text/html] [] [nginx/1.20.2] [vhost] [Nginx] [c5148faae1c47007d9752a2b048d48d3]
https://am4.vpn.opera.software [302] [GET] [text/html] [] [] [Pulse Secure] [d41d8cd98f00b204e9800998ecf8427e]
https://amsterdam.vpn.opera.software [302] [GET] [text/html] [] [] [Pulse Secure] [d41d8cd98f00b204e9800998ecf8427e]
https://apt-internal.opera.software [403] [GET] [text/html] [403 Forbidden] [nginx/1.20.2] [Nginx] [14b49a54284dd39299b3f2b8aa194c4c]
https://apt-internal.opera.software [403] [GET] [text/html] [403 Forbidden] [nginx/1.20.2] [Nginx] [8fcfc5242f716fda1aab91f517e044b1]
https://aws.opera.software [301] [GET] [text/html] [301 Moved Permanently] [nginx] [vhost] [Nginx] [cd2e0e43980a00fb6a2742d3afd803b8]
https://bbui.android.opera.software [302] [GET] [text/html] [] [nginx] [vhost] [Nginx] [8356ba5939b0ceec0ee9a8edd24151d6]
https://bbui.android.opera.software [302] [GET] [text/html] [] [nginx] [vhost] [Nginx] [d0dfaec0364d3cb37e0ed471b8ff3a40]
https://bream.opera.software [302] [GET] [text/html] [] [nginx] [vhost] [Nginx] [13aee9811f0b8bcf7edb2cb1cda6bd78]
https://bream.opera.software [302] [GET] [text/html] [] [nginx] [vhost] [Nginx] [bf8f4685910df1c44d416ccd13f0b942]
https://buildbot-dev.opera.software [404] [GET] [text/plain] [] [nginx] [vhost] [Nginx] [53af239ee5d3e261545dededcb6ffd57]
https://buildbot.opera.software [302] [GET] [text/html] [] [nginx] [vhost] [Nginx] [0f99f48071d681fd16cdc9d9eddf814e]
https://buildbot.opera.software [302] [GET] [text/html] [] [nginx] [vhost] [Nginx] [5f8533aa2db23baee510df1bb030ae3c]
https://desktop-assistant-sub.osp.opera.software [404] [GET] [text/html] [404 Not Found] [nginx/1.18.0] [Nginx] [26017130abca7d511d22eea19ce6d7a1]
https://desktop-dna.osp.opera.software [404] [GET] [text/html] [404 Not Found] [nginx/1.18.0] [Nginx] [26017130abca7d511d22eea19ce6d7a1]
https://desktop-netinstaller-sub.osp.opera.software [404] [GET] [text/html] [404 Not Found] [nginx/1.18.0] [Nginx] [706a98254456810d3e849c3957af9d01]
https://desktop-qualityclient-sub.osp.opera.software [404] [GET] [text/html] [404 Not Found] [nginx/1.18.0] [Nginx] [26017130abca7d511d22eea19ce6d7a1]
https://desktop-sessions-sub.osp.opera.software [404] [GET] [text/html] [404 Not Found] [nginx/1.18.0] [Nginx] [26017130abca7d511d22eea19ce6d7a1]
https://dns-ui.opera.software [302] [GET] [text/html] [] [nginx] [vhost] [Nginx] [231ee1e7ea35e2bda0d57640f0d27981]
https://dns-ui.opera.software [302] [GET] [text/html] [] [nginx] [vhost] [Nginx] [4633f8264851a43d4b5c0eec06427705]
https://era.opera.software [302] [GET] [text/html] [] [nginx] [vhost] [Nginx] [613368cf653c3657c57914d1cfb9bfea]
https://era.opera.software [302] [GET] [text/html] [] [nginx] [vhost] [Nginx] [8a69f24a94b7912ee2e455c64a39298e]
https://footer.opera.software [302] [GET] [text/html] [] [nginx] [vhost] [Nginx] [125fb5a0b7ac305be927e1e3c16f540e]
https://footer.opera.software [302] [GET] [text/html] [] [nginx] [vhost] [Nginx] [659b402082198486ce7ed18b7994afa8]
https://gitlab.opera.software [302] [GET] [text/html] [] [nginx] [vhost] [Nginx] [340e4905d66ba29becda390f74927fc3]
https://gitlab.opera.software [302] [GET] [text/html] [] [nginx] [vhost] [Nginx] [8a6e001c71fc0f75c523b0048d854812]
https://graylog.opera.software [302] [GET] [text/html] [] [nginx] [vhost] [Nginx] [0cef6aade0f159fd70e9fcfe79d12638]
https://graylog.opera.software [302] [GET] [text/html] [] [nginx] [vhost] [Nginx] [536263bb810ddaab9b43c07821d1d05c]
https://h05-17-01.osp.opera.software [404] [GET] [text/html] [404 Not Found] [nginx/1.18.0] [Nginx] [706a98254456810d3e849c3957af9d01]
https://h05-17-02.osp.opera.software [404] [GET] [text/html] [404 Not Found] [nginx/1.18.0] [Nginx] [26017130abca7d511d22eea19ce6d7a1]
https://h05-17-03.osp.opera.software [404] [GET] [text/html] [404 Not Found] [nginx/1.18.0] [Nginx] [26017130abca7d511d22eea19ce6d7a1]
https://h05-17-04.osp.opera.software [404] [GET] [text/html] [404 Not Found] [nginx/1.18.0] [Nginx] [26017130abca7d511d22eea19ce6d7a1]
https://h05-18-02.osp.opera.software [404] [GET] [text/html] [404 Not Found] [nginx/1.18.0] [Nginx] [706a98254456810d3e849c3957af9d01]
https://h05-18-03.osp.opera.software [404] [GET] [text/html] [404 Not Found] [nginx/1.18.0] [Nginx] [706a98254456810d3e849c3957af9d01]
https://h05-18-04.osp.opera.software [404] [GET] [text/html] [404 Not Found] [nginx/1.18.0] [Nginx] [706a98254456810d3e849c3957af9d01]
https://h05-19-01.osp.opera.software [404] [GET] [text/html] [404 Not Found] [nginx/1.18.0] [Nginx] [706a98254456810d3e849c3957af9d01]
https://h05-19-02.osp.opera.software [404] [GET] [text/html] [404 Not Found] [nginx/1.18.0] [Nginx] [706a98254456810d3e849c3957af9d01]
https://h05-19-03.osp.opera.software [404] [GET] [text/html] [404 Not Found] [nginx/1.18.0] [Nginx] [706a98254456810d3e849c3957af9d01]
https://h05-19-04.osp.opera.software [404] [GET] [text/html] [404 Not Found] [nginx/1.18.0] [Nginx] [706a98254456810d3e849c3957af9d01]
https://h06-18-02.osp.opera.software [404] [GET] [text/html] [404 Not Found] [nginx/1.18.0] [Nginx] [26017130abca7d511d22eea19ce6d7a1]
https://h06-18-03.osp.opera.software [404] [GET] [text/html] [404 Not Found] [nginx/1.18.0] [Nginx] [26017130abca7d511d22eea19ce6d7a1]
https://h06-18-04.osp.opera.software [404] [GET] [text/html] [404 Not Found] [nginx/1.18.0] [Nginx] [26017130abca7d511d22eea19ce6d7a1]
https://h06-19-01.osp.opera.software [404] [GET] [text/html] [404 Not Found] [nginx/1.18.0] [Nginx] [26017130abca7d511d22eea19ce6d7a1]
https://h06-19-02.osp.opera.software [404] [GET] [text/html] [404 Not Found] [nginx/1.18.0] [Nginx] [26017130abca7d511d22eea19ce6d7a1]
https://h06-19-03.osp.opera.software [404] [GET] [text/html] [404 Not Found] [nginx/1.18.0] [Nginx] [26017130abca7d511d22eea19ce6d7a1]
https://h06-19-04.osp.opera.software [404] [GET] [text/html] [404 Not Found] [nginx/1.18.0] [Nginx] [706a98254456810d3e849c3957af9d01]
https://h07-20-01.osp.opera.software [404] [GET] [text/html] [404 Not Found] [nginx/1.18.0] [Nginx] [706a98254456810d3e849c3957af9d01]
https://h07-20-02.osp.opera.software [404] [GET] [text/html] [404 Not Found] [nginx/1.18.0] [Nginx] [706a98254456810d3e849c3957af9d01]
https://h07-20-03.osp.opera.software [404] [GET] [text/html] [404 Not Found] [nginx/1.18.0] [Nginx] [706a98254456810d3e849c3957af9d01]
https://h07-20-04.osp.opera.software [404] [GET] [text/html] [404 Not Found] [nginx/1.18.0] [Nginx] [26017130abca7d511d22eea19ce6d7a1]
https://h07-21-01.osp.opera.software [404] [GET] [text/html] [404 Not Found] [nginx/1.18.0] [Nginx] [26017130abca7d511d22eea19ce6d7a1]
https://h07-21-02.osp.opera.software [404] [GET] [text/html] [404 Not Found] [nginx/1.18.0] [Nginx] [706a98254456810d3e849c3957af9d01]
https://h07-21-03.osp.opera.software [404] [GET] [text/html] [404 Not Found] [nginx/1.18.0] [Nginx] [706a98254456810d3e849c3957af9d01]
https://h07-21-04.osp.opera.software [404] [GET] [text/html] [404 Not Found] [nginx/1.18.0] [Nginx] [26017130abca7d511d22eea19ce6d7a1]
https://hoardr.opera.software [302] [GET] [text/html] [] [nginx] [vhost] [Nginx] [0d62c83f3b648d94b06fcf9722705229]
https://hoardr.opera.software [302] [GET] [text/html] [] [nginx] [vhost] [Nginx] [3da74e538d8bacc57750dbc1a15e1826]
https://icinga-01.osp.opera.software [301] [GET] [text/html] [301 Moved Permanently] [nginx/1.20.2] [Nginx] [9527755784f5014d2c94dcabdf6ae892]
https://lati-otp.opera.software [200] [GET] [text/html] [WebADM Web Applications Portal] [nginx] [vhost] [Nginx] [48a8babd6e1e95b53254c8b72038fa89]
https://lvs-ash-test.osp.opera.software [404] [GET] [text/html] [404 Not Found] [nginx/1.18.0] [Nginx] [26017130abca7d511d22eea19ce6d7a1]
https://mailing-list.opera.software [302] [GET] [text/html] [] [nginx] [vhost] [Nginx] [2bd8488afe7b06e9e949abb3333538db]
https://mailing-list.opera.software [302] [GET] [text/html] [] [nginx] [vhost] [Nginx] [537afac83c0b437e00ec33558ca0faf2]
https://mobsf.opera.software [302] [GET] [text/html] [] [nginx] [vhost] [Nginx] [1df1fd94a2ae8dd589cbc0d427f1a98a]
https://mobsf.opera.software [302] [GET] [text/html] [] [nginx] [vhost] [Nginx] [efdc68e221eb77300a0707123c98aab1]
https://n-infra-affive.opera.software [302] [GET] [text/html] [] [nginx] [vhost] [Nginx] [36a94a4df729a4fe118e8995c3d3dea0]
https://n-infra-affive.opera.software [302] [GET] [text/html] [] [nginx] [vhost] [Nginx] [83913c99397cd04a6ae1c9fd9a7d328b]
https://nessus.opera.software [302] [GET] [text/html] [] [nginx] [vhost] [Nginx] [aab69159a4b263dca0eb77f359523575]
https://nessus.opera.software [302] [GET] [text/html] [] [nginx] [vhost] [Nginx] [e1f567f434f40d076d0619169fbb19fb]
https://ofa-b-sub.osp.opera.software [404] [GET] [text/html] [404 Not Found] [nginx/1.18.0] [Nginx] [706a98254456810d3e849c3957af9d01]
https://ofa-r-sub.osp.opera.software [404] [GET] [text/html] [404 Not Found] [nginx/1.18.0] [Nginx] [706a98254456810d3e849c3957af9d01]
https://ofa-sub.osp.opera.software [404] [GET] [text/html] [404 Not Found] [nginx/1.18.0] [Nginx] [26017130abca7d511d22eea19ce6d7a1]
https://ofa.android.opera.software [302] [GET] [text/html] [] [nginx] [vhost] [Nginx] [61d989b6d449aa8ef79107c50789ee48]
https://ofa.android.opera.software [302] [GET] [text/html] [] [nginx] [vhost] [Nginx] [6b3d5640b1e23bb8adbb1877f2b64597]
https://operamini-sub.osp.opera.software [404] [GET] [text/html] [404 Not Found] [nginx/1.18.0] [Nginx] [26017130abca7d511d22eea19ce6d7a1]
https://operanews-lite-app-sub.osp.opera.software [404] [GET] [text/html] [404 Not Found] [nginx/1.18.0] [Nginx] [26017130abca7d511d22eea19ce6d7a1]
https://operanews-sub.osp.opera.software [404] [GET] [text/html] [404 Not Found] [nginx/1.18.0] [Nginx] [26017130abca7d511d22eea19ce6d7a1]
https://ospstatus.osp.opera.software [302] [GET] [text/html] [Redirecting...] [nginx/1.20.2] [Nginx] [757ce31cd78f2106d3e8f14882f0d9d0]
https://ospsubmit-ash-01.osp.opera.software [404] [GET] [text/html] [404 Not Found] [nginx/1.18.0] [Nginx] [26017130abca7d511d22eea19ce6d7a1]
https://ospsubmit-ash-02.osp.opera.software [404] [GET] [text/html] [404 Not Found] [nginx/1.18.0] [Nginx] [26017130abca7d511d22eea19ce6d7a1]
https://ospsubmit-ash-03.osp.opera.software [404] [GET] [text/html] [404 Not Found] [nginx/1.18.0] [Nginx] [26017130abca7d511d22eea19ce6d7a1]
https://ospsubmit-ash-05.osp.opera.software [404] [GET] [text/html] [404 Not Found] [nginx/1.18.0] [Nginx] [706a98254456810d3e849c3957af9d01]
https://ospsubmit-ash-06.osp.opera.software [404] [GET] [text/html] [404 Not Found] [nginx/1.18.0] [Nginx] [26017130abca7d511d22eea19ce6d7a1]
https://ospsubmit-ash-07.osp.opera.software [404] [GET] [text/html] [404 Not Found] [nginx/1.18.0] [Nginx] [706a98254456810d3e849c3957af9d01]
https://ospsubmit-ash-08.osp.opera.software [404] [GET] [text/html] [404 Not Found] [nginx/1.18.0] [Nginx] [706a98254456810d3e849c3957af9d01]
https://ospsubmit-ash-09.osp.opera.software [404] [GET] [text/html] [404 Not Found] [nginx/1.18.0] [Nginx] [26017130abca7d511d22eea19ce6d7a1]
https://ospsubmit-ash-10.osp.opera.software [404] [GET] [text/html] [404 Not Found] [nginx/1.18.0] [Nginx] [26017130abca7d511d22eea19ce6d7a1]
https://ospsubmit-ash-11.osp.opera.software [404] [GET] [text/html] [404 Not Found] [nginx/1.18.0] [Nginx] [706a98254456810d3e849c3957af9d01]
https://ospsubmit-ash-12.osp.opera.software [404] [GET] [text/html] [404 Not Found] [nginx/1.18.0] [Nginx] [26017130abca7d511d22eea19ce6d7a1]
https://ospsubmit-ash-13.osp.opera.software [404] [GET] [text/html] [404 Not Found] [nginx/1.18.0] [Nginx] [26017130abca7d511d22eea19ce6d7a1]
https://ospsubmit-ash-14.osp.opera.software [404] [GET] [text/html] [404 Not Found] [nginx/1.18.0] [Nginx] [26017130abca7d511d22eea19ce6d7a1]
https://ospsubmit-ash-15.osp.opera.software [404] [GET] [text/html] [404 Not Found] [nginx/1.18.0] [Nginx] [26017130abca7d511d22eea19ce6d7a1]
https://ospsubmit-ash-16.osp.opera.software [404] [GET] [text/html] [404 Not Found] [nginx/1.18.0] [Nginx] [26017130abca7d511d22eea19ce6d7a1]
https://ospsubmit-ash-17.osp.opera.software [404] [GET] [text/html] [404 Not Found] [nginx/1.18.0] [Nginx] [706a98254456810d3e849c3957af9d01]
https://ospsubmit-ash-18.osp.opera.software [404] [GET] [text/html] [404 Not Found] [nginx/1.18.0] [Nginx] [26017130abca7d511d22eea19ce6d7a1]
https://ospsubmit-ash-19.osp.opera.software [404] [GET] [text/html] [404 Not Found] [nginx/1.18.0] [Nginx] [26017130abca7d511d22eea19ce6d7a1]
https://otp.opera.software [200] [GET] [text/html] [WebADM Web Applications Portal] [nginx] [vhost] [Nginx] [48a8babd6e1e95b53254c8b72038fa89]
https://password.opera.software [302] [GET] [text/html] [] [nginx] [vhost] [Nginx] [6a43c809a63e927124349177f075e6a1]
https://password.opera.software [302] [GET] [text/html] [] [nginx] [vhost] [Nginx] [fc3bb67729e4165772f3b1a4923b2163]
https://pns.opera.software [200] [GET] [text/html] [PNS Console] [nginx] [vhost] [Nginx] [d46fcddc526d3c76fc2e7b5c7ff1e664]
https://redash.opera.software [302] [GET] [text/html] [] [nginx] [vhost] [Nginx] [1ad8f301735297f25c75e51888ac5d24]
https://redash.opera.software [302] [GET] [text/html] [] [nginx] [vhost] [Nginx] [7fd7744a7fbe0e3635a6132b00df9e9c]
https://request.opera.software [302] [GET] [text/html] [] [nginx] [vhost] [Nginx] [421cb5a33c77c61ce834cf2fdbfba632]
https://request.opera.software [302] [GET] [text/html] [] [nginx] [vhost] [Nginx] [9a8a7981ed52821f061d7a80497fc281]
https://revenueapi-test.osp.opera.software [404] [GET] [application/problem+json] [] [nginx/1.20.2] [Nginx] [f4c963e670e1f109758c26f4da9af56b]
https://revenueapi.osp.opera.software [404] [GET] [application/problem+json] [] [nginx/1.20.2] [Nginx] [f4c963e670e1f109758c26f4da9af56b]
https://sadb.opera.software [302] [GET] [text/html] [] [nginx] [vhost] [Nginx] [2213737672eef402249960d5f556d361]
https://sadb.opera.software [302] [GET] [text/html] [] [nginx] [vhost] [Nginx] [f8bc63eed6c2e66058ce219f73b4cc6e]
https://schemaserver.osp.opera.software [302] [GET] [text/html] [Redirecting...] [nginx/1.20.2] [Nginx] [fdca6f8436d1de3fbbd5a9370b154085]
https://screw.opera.software [302] [GET] [] [] [] [vhost] [d41d8cd98f00b204e9800998ecf8427e]
https://secret.opera.software [200] [GET] [text/html] [Yopass: Share Secrets Securely] [nginx] [Nginx] [925854e5b4bc24e8c5f5d6499ec712f2]
https://security.opera.software [302] [GET] [text/html] [] [nginx] [vhost] [Nginx] [4860cb8002e1ba27c81fe07502a314ec]
https://security.opera.software [302] [GET] [text/html] [] [nginx] [vhost] [Nginx] [948f94e2bee585de2c8ee05c54bbb3b6]
https://sentry-am3-01.osp.opera.software [302] [GET] [text/html] [] [nginx/1.20.2] [Nginx] [8bd7e16a4ff283334360efe85370d816]
https://sg1.opera.software [200] [GET] [text/html] [] [nginx] [Nginx] [d41d8cd98f00b204e9800998ecf8427e]
https://sonarqube.opera.software [302] [GET] [text/html] [] [nginx] [vhost] [Nginx] [36ed1e15fdd051346983e532827edc15]
https://sonarqube.opera.software [302] [GET] [text/html] [] [nginx] [vhost] [Nginx] [ca0fa8a90c4168faa25b8311db373089]
https://submit-am4.osp.opera.software [404] [GET] [text/html] [404 Not Found] [nginx/1.18.0] [Nginx] [706a98254456810d3e849c3957af9d01]
https://submit-ash.osp.opera.software [404] [GET] [text/html] [404 Not Found] [nginx/1.18.0] [Nginx] [706a98254456810d3e849c3957af9d01]
https://submit-com-am4.osp.opera.software [404] [GET] [text/html] [404 Not Found] [nginx/1.18.0] [Nginx] [26017130abca7d511d22eea19ce6d7a1]
https://submit-com-ash.osp.opera.software [404] [GET] [text/html] [404 Not Found] [nginx/1.18.0] [Nginx] [26017130abca7d511d22eea19ce6d7a1]
https://submit-com-target.osp.opera.software [404] [GET] [text/html] [404 Not Found] [nginx/1.18.0] [Nginx] [706a98254456810d3e849c3957af9d01]
https://submit-target.osp.opera.software [404] [GET] [text/html] [404 Not Found] [nginx/1.18.0] [Nginx] [26017130abca7d511d22eea19ce6d7a1]
https://trial-ci-cdn.osp.opera.software [403] [GET] [application/xml] [] [UploadServer] [vhost] [e7a9350210b4dba641f6020447c96045]
https://usernames.opera.software [302] [GET] [text/html] [] [nginx] [vhost] [Nginx] [a3aeb1942e5956db3d69680ab7291e4e]
https://usernames.opera.software [302] [GET] [text/html] [] [nginx] [vhost] [Nginx] [fdd090c7f19e6772d1984386782d2fec]
https://vault.opera.software [302] [GET] [text/html] [] [nginx] [vhost] [Nginx] [611870c35844fb6b4550ef62fe50d60f]
https://vault.opera.software [302] [GET] [text/html] [] [nginx] [vhost] [Nginx] [a2063b210427fe7fd2809569247e8b61]
https://vpn.opera.software [302] [GET] [text/html] [] [] [Pulse Secure] [d41d8cd98f00b204e9800998ecf8427e]
https://wiki.opera.software [302] [GET] [text/html] [] [Apache/2.4.25 (Debian)] [Apache,Atlassian Confluence,Debian,Java] [d41d8cd98f00b204e9800998ecf8427e]
https://xenos.opera.software [302] [GET] [text/html] [] [nginx] [vhost] [Nginx] [96c74274c2441e579a4924da8e7e5a5a]
https://xenos.opera.software [302] [GET] [text/html] [] [nginx] [vhost] [Nginx] [c816df55ad3545703372ddf863e90b3e]
