http://engpki.paydiant.com [403] [GET] [text/html] [403 Forbidden] [Apache/2.4.6 (CentOS)] [Apache,CentOS] [0152ed695f4291488741d98ba066d280]
http://ftp.paydiant.com [404] [GET] [text/html] [UltraDNS Client Redirection Service] [] [5311190e012854b19ebeb6e9b4c1cd26]
http://paydiant.com [302] [GET] [text/html] [] [] [vhost] [81051bcc2cf1bedf378224b0a93e2877]
http://prodpki.paydiant.com [403] [GET] [text/html] [403 Forbidden] [Apache/2.4.6 (CentOS)] [Apache,CentOS] [0152ed695f4291488741d98ba066d280]
https://apache1.eng.paydiant.com [400] [GET] [text/html] [400 Bad Request] [awselb/2.0] [d6c04e4eb745292df372c0de6e76d82e]
https://api-b2b.certification.paydiant.com [404] [GET] [text/plain] [] [awselb/2.0] [9d1ead73e678fa2f51a70a933b0bf017]
https://api-b2b.paydiant.com [404] [GET] [text/plain] [] [awselb/2.0] [9d1ead73e678fa2f51a70a933b0bf017]
https://api-b2b.qa.paydiant.com [404] [GET] [text/plain] [] [awselb/2.0] [9d1ead73e678fa2f51a70a933b0bf017]
https://api-b2b.staging.paydiant.com [404] [GET] [text/plain] [] [awselb/2.0] [9d1ead73e678fa2f51a70a933b0bf017]
https://api-b2b.testing.paydiant.com [404] [GET] [text/plain] [] [awselb/2.0] [9d1ead73e678fa2f51a70a933b0bf017]
https://atm.paydiant.com [400] [GET] [text/html] [400 Bad Request] [awselb/2.0] [d6c04e4eb745292df372c0de6e76d82e]
https://atmgateway-iso.certification.paydiant.com [400] [GET] [text/html] [400 Bad Request] [awselb/2.0] [d6c04e4eb745292df372c0de6e76d82e]
https://atmgateway-iso.paydiant.com [400] [GET] [text/html] [400 Bad Request] [awselb/2.0] [d6c04e4eb745292df372c0de6e76d82e]
https://atmgateway.certification.paydiant.com [404] [GET] [text/plain] [] [awselb/2.0] [9d1ead73e678fa2f51a70a933b0bf017]
https://atmgateway.paydiant.com [404] [GET] [text/plain] [] [awselb/2.0] [9d1ead73e678fa2f51a70a933b0bf017]
https://atmgateway.paydiant.com:445 [400] [GET] [text/html] [400 Bad Request] [awselb/2.0] [d6c04e4eb745292df372c0de6e76d82e]
https://atmgateway.staging.paydiant.com [400] [GET] [text/html] [400 Bad Request] [awselb/2.0] [d6c04e4eb745292df372c0de6e76d82e]
https://auto.eng.paydiant.com [400] [GET] [text/html] [400 Bad Request] [awselb/2.0] [d6c04e4eb745292df372c0de6e76d82e]
https://bmoharris-b2b.paydiant.com [404] [GET] [text/plain] [] [awselb/2.0] [9d1ead73e678fa2f51a70a933b0bf017]
https://bmoharris-b2b.paydiant.com:445 [400] [GET] [text/html] [400 Bad Request] [awselb/2.0] [d6c04e4eb745292df372c0de6e76d82e]
https://cdn-demo.paydiant.com [502] [GET] [text/html] [ERROR: The request could not be satisfied] [CloudFront] [vhost] [cloudfront] [Amazon Cloudfront,Amazon Web Services] [b4266292bee9bc7f18425490791aa4ad]
https://cdn-staging.paydiant.com [502] [GET] [text/html] [ERROR: The request could not be satisfied] [CloudFront] [vhost] [cloudfront] [Amazon Cloudfront,Amazon Web Services] [b4266292bee9bc7f18425490791aa4ad]
https://cdn.paydiant.com [403] [GET] [application/xml] [] [AmazonS3] [vhost] [cloudfront] [Amazon Cloudfront,Amazon S3,Amazon Web Services] [40304a681526b14eb3ac171e71220579]
https://certification-sitestatus.external.skybridge.paydiant.com [403] [GET] [application/json] [] [] [vhost] [905b1fbb26e082557ff0b3b3553cda6c]
https://client-vpn.us-east-1.infprod.hub.paydiant.com [200] [GET] [text/xml] [] [] [da8d8cdd87111962f9de1b5d0797d655]
https://dc6-sslvpn.paydiant.com [200] [GET] [text/html] [] [] [f67f7c219b0107103dfbbc219b691337]
https://dc6.sslvpn.paydiant.com [200] [GET] [text/html] [] [] [f67f7c219b0107103dfbbc219b691337]
https://fis.eng.paydiant.com [400] [GET] [text/html] [400 Bad Request] [awselb/2.0] [d6c04e4eb745292df372c0de6e76d82e]
https://lb-blue.us-east-1.certification.core.paydiant.com [404] [GET] [text/plain] [] [awselb/2.0] [9d1ead73e678fa2f51a70a933b0bf017]
https://lb-blue.us-east-1.engineering.core.paydiant.com [404] [GET] [text/plain] [] [awselb/2.0] [9d1ead73e678fa2f51a70a933b0bf017]
https://lb-blue.us-east-1.production.core.paydiant.com [404] [GET] [text/plain] [] [awselb/2.0] [9d1ead73e678fa2f51a70a933b0bf017]
https://lb-blue.us-east-1.staging.core.paydiant.com [404] [GET] [text/plain] [] [awselb/2.0] [9d1ead73e678fa2f51a70a933b0bf017]
https://lb-blue.us-east-1.testing.core.paydiant.com [404] [GET] [text/plain] [] [awselb/2.0] [9d1ead73e678fa2f51a70a933b0bf017]
https://lb-green.us-east-1.certification.core.paydiant.com [404] [GET] [text/plain] [] [awselb/2.0] [9d1ead73e678fa2f51a70a933b0bf017]
https://lb-green.us-east-1.engineering.core.paydiant.com [404] [GET] [text/plain] [] [awselb/2.0] [9d1ead73e678fa2f51a70a933b0bf017]
https://lb-green.us-east-1.production.core.paydiant.com [404] [GET] [text/plain] [] [awselb/2.0] [9d1ead73e678fa2f51a70a933b0bf017]
https://lb-green.us-east-1.staging.core.paydiant.com [404] [GET] [text/plain] [] [awselb/2.0] [9d1ead73e678fa2f51a70a933b0bf017]
https://lb-green.us-east-1.testing.core.paydiant.com [404] [GET] [text/plain] [] [awselb/2.0] [9d1ead73e678fa2f51a70a933b0bf017]
https://lb-sasi.us-east-1.certification.core.paydiant.com [404] [GET] [text/plain] [] [awselb/2.0] [9d1ead73e678fa2f51a70a933b0bf017]
https://lb-sasi.us-east-1.engineering.core.paydiant.com [404] [GET] [text/plain] [] [awselb/2.0] [9d1ead73e678fa2f51a70a933b0bf017]
https://lb-sasi.us-east-1.production.core.paydiant.com [404] [GET] [text/plain] [] [awselb/2.0] [9d1ead73e678fa2f51a70a933b0bf017]
https://lb-sasi.us-east-1.staging.core.paydiant.com [404] [GET] [text/plain] [] [awselb/2.0] [9d1ead73e678fa2f51a70a933b0bf017]
https://lb-sasi.us-east-1.testing.core.paydiant.com [404] [GET] [text/plain] [] [awselb/2.0] [9d1ead73e678fa2f51a70a933b0bf017]
https://lb.us-east-1.certification.core.paydiant.com [404] [GET] [text/plain] [] [awselb/2.0] [9d1ead73e678fa2f51a70a933b0bf017]
https://lb.us-east-1.engineering.core.paydiant.com [404] [GET] [text/plain] [] [awselb/2.0] [9d1ead73e678fa2f51a70a933b0bf017]
https://lb.us-east-1.production.core.paydiant.com [404] [GET] [text/plain] [] [awselb/2.0] [9d1ead73e678fa2f51a70a933b0bf017]
https://lb.us-east-1.staging.core.paydiant.com [404] [GET] [text/plain] [] [awselb/2.0] [9d1ead73e678fa2f51a70a933b0bf017]
https://lb.us-east-1.testing.core.paydiant.com [404] [GET] [text/plain] [] [awselb/2.0] [9d1ead73e678fa2f51a70a933b0bf017]
https://macys.eng.paydiant.com [400] [GET] [text/html] [400 Bad Request] [awselb/2.0] [d6c04e4eb745292df372c0de6e76d82e]
https://mainapi-b2b.paydiant.com [404] [GET] [text/plain] [] [awselb/2.0] [9d1ead73e678fa2f51a70a933b0bf017]
https://prod-sitestatus.external.skybridge.paydiant.com [403] [GET] [application/json] [] [] [vhost] [905b1fbb26e082557ff0b3b3553cda6c]
https://sasi.staging.paydiant.com [404] [GET] [text/plain] [] [awselb/2.0] [9d1ead73e678fa2f51a70a933b0bf017]
https://sasiapi-b2b.paydiant.com [404] [GET] [text/plain] [] [awselb/2.0] [9d1ead73e678fa2f51a70a933b0bf017]
https://sasiapi-b2b.staging.paydiant.com [404] [GET] [text/plain] [] [awselb/2.0] [9d1ead73e678fa2f51a70a933b0bf017]
https://sasiatmgateway.paydiant.com [404] [GET] [text/plain] [] [awselb/2.0] [9d1ead73e678fa2f51a70a933b0bf017]
https://sslvpn-test.paydiant.com [200] [GET] [text/html] [] [] [f67f7c219b0107103dfbbc219b691337]
https://sslvpn.paydiant.com [200] [GET] [text/html] [] [] [f67f7c219b0107103dfbbc219b691337]
https://staging-sitestatus.external.skybridge.paydiant.com [403] [GET] [application/json] [] [] [vhost] [905b1fbb26e082557ff0b3b3553cda6c]
https://wifiguest.paydiant.com [403] [GET] [text/html] [403 Forbidden] [cloudflare] [0127426bf3ba07ff7211399ddf5186c4]
