https://247.paylution.com [302] [GET] [text/html] [Document moved] [] [vhost] [Java] [68d9b9edb7938b1f3e4e514a42e0586f]
https://aco.paylution.com [302] [GET] [text/html] [Document moved] [] [vhost] [Java] [e410b39a01ed82db9b5142000f2fc06d]
https://alphay.paylution.com [302] [GET] [text/html] [Document moved] [] [vhost] [Java] [ce14091a5f9114d87e7b1b5196dd3fca]
https://alumiermd.paylution.com [302] [GET] [text/html] [Document moved] [] [vhost] [Java] [dc17fc347b5b8b845bec775a82d26d4d]
https://amcglobal.paylution.com [302] [GET] [text/html] [Document moved] [] [vhost] [Java] [a2d83347f45d52e8c996dfa3b1b9eece]
https://amway.paylution.com [400] [GET] [text/html] [Error] [] [vhost] [Java] [8ef735b4e0b12cc3a863ef77bea4c34f]
https://andorra.paylution.com [302] [GET] [text/html] [Document moved] [] [vhost] [Java] [c2dc4c8a3d369263df9c6a4c9ec56f55]
https://api.paylution.com [302] [GET] [text/html] [Document moved] [] [vhost] [Java] [f84c97df3469a2b8c28940c479bd2d81]
https://aps.paylution.com [302] [GET] [text/html] [Document moved] [] [vhost] [Java] [5b0e0e613369ff4da9c8c5f2a2b62a22]
https://arogalife.paylution.com [302] [GET] [text/html] [Document moved] [] [vhost] [Java] [8308adab07afd237e7816af633bfc4b9]
https://avisae.paylution.com [302] [GET] [text/html] [Document moved] [] [vhost] [Java] [917096897be9e43d87ba6891c15c5dbf]
https://bbtv.paylution.com [302] [GET] [text/html] [Document moved] [] [vhost] [Java] [5c1d825d352f4dc943fb74f92ceb7a15]
https://bemergroup.paylution.com [302] [GET] [text/html] [Document moved] [] [vhost] [Java] [ce2817425ca05775b48effdca8225b04]
https://bwl.paylution.com [302] [GET] [text/html] [Document moved] [] [vhost] [Java] [e97404e8ae778c802cf29df06ca15f16]
https://claruspower.paylution.com [302] [GET] [text/html] [Document moved] [] [vhost] [Java] [6dda78117683eaa89ff25e1419211455]
https://clincierge.paylution.com [302] [GET] [text/html] [Document moved] [] [vhost] [Java] [81ca7fe79c35912049375d4e1c770cb5]
https://commissions.paylution.com [302] [GET] [text/html] [Document moved] [] [vhost] [Java] [bb733aa65ea4107c5fd3e44d0a21819c]
https://criusenergy.paylution.com [302] [GET] [text/html] [Document moved] [] [vhost] [Java] [3a730eb0ed92451ce77f02a3c58b7a44]
https://dcc.paylution.com [503] [GET] [text/html] [@PRODUCT_NAME@ - Welcome] [BigIP] [F5 BigIP,Google Font API] [0380548c782cd8e645e488952408d624]
https://demo.paylution.com [302] [GET] [text/html] [Document moved] [] [vhost] [Java] [5a5af0a1c8d035c0d32dafa45dd736be]
https://directselling.paylution.com [302] [GET] [text/html] [Document moved] [] [vhost] [Java] [dcf25efa199f0615757c8940728b2a98]
https://disrupt.paylution.com [400] [GET] [text/html] [Error] [] [vhost] [Java] [8ef735b4e0b12cc3a863ef77bea4c34f]
https://divaderme.paylution.com [400] [GET] [text/html] [Error] [] [vhost] [Java] [8ef735b4e0b12cc3a863ef77bea4c34f]
https://dlgworld.paylution.com [302] [GET] [text/html] [Document moved] [] [vhost] [Java] [6d79001a76363e78ec7858e1de01069e]
https://dorms.paylution.com [400] [GET] [text/html] [Error] [] [vhost] [Java] [8ef735b4e0b12cc3a863ef77bea4c34f]
https://drivers.paylution.com [302] [GET] [text/html] [Document moved] [] [vhost] [Java] [464b7d6e6468f947ee20aacb6ffb28a5]
https://dublixpress.paylution.com [302] [GET] [text/html] [Document moved] [] [vhost] [Java] [97928aacdd4ee4595ad5eb82123bbc91]
https://edn.paylution.com [302] [GET] [text/html] [Document moved] [] [vhost] [Java] [414f5e59f650c3d9483ada2be10d99ed]
https://empowerment.paylution.com [302] [GET] [text/html] [Document moved] [] [vhost] [Java] [732fc0b1d02ed346e2fe70ddc37137cc]
https://eniva.paylution.com [302] [GET] [text/html] [Document moved] [] [vhost] [Java] [b032b5e56afb235346185831c3ef240b]
https://enzacta.paylution.com [302] [GET] [text/html] [Document moved] [] [vhost] [Java] [9185d5f1892fb58d1f64e63dacb24acd]
https://foxx.paylution.com [302] [GET] [text/html] [Document moved] [] [vhost] [Java] [1a7ab07bb60c6c81f6af2a881c0376ea]
https://freelife.paylution.com [302] [GET] [text/html] [Document moved] [] [vhost] [Java] [3daf6f502ba1cc67a8c9979484434513]
https://globalmobility.paylution.com [400] [GET] [text/html] [Error] [] [vhost] [Java] [8ef735b4e0b12cc3a863ef77bea4c34f]
https://handybook.paylution.com [302] [GET] [text/html] [Document moved] [] [vhost] [Java] [73125e1d442a5bf575d0678fc8d63c46]
https://hds.paylution.com [302] [GET] [text/html] [Document moved] [] [vhost] [Java] [74d30790c7ef962af379169a199e28a3]
https://herbalife.paylution.com [302] [GET] [text/html] [Document moved] [] [vhost] [Java] [bf8d831e7f86217a2dd667d346e5959d]
https://hitrecord.paylution.com [302] [GET] [text/html] [Document moved] [] [vhost] [Java] [e528444b4a242696af5bab0b8a91e3d3]
https://hodo.paylution.com [400] [GET] [text/html] [Error] [] [vhost] [Java] [8ef735b4e0b12cc3a863ef77bea4c34f]
https://hydroderm.paylution.com [302] [GET] [text/html] [Document moved] [] [vhost] [Java] [57a119b449de120292945001a8f0c2d5]
https://i-butler.paylution.com [302] [GET] [text/html] [Document moved] [] [vhost] [Java] [9f2943aa56e4202a0ec02e8300265e31]
https://idlife.paylution.com [302] [GET] [text/html] [Document moved] [] [vhost] [Java] [e54fd2d8a4a909b238a01cec2edb2f19]
https://imarketslive.paylution.com [503] [GET] [text/html] [iMarketsLive - Welcome] [BigIP] [F5 BigIP,Google Font API] [20bd28b5c04b486b52cc3c532a7734de]
https://ionicware.paylution.com [302] [GET] [text/html] [Document moved] [] [vhost] [Java] [c577e3f42f685752aa7cbe5e91cc26fd]
https://javita.paylution.com [302] [GET] [text/html] [Document moved] [] [vhost] [Java] [55a6fb304be953c972e295b15a64cf76]
https://jeunessepay.paylution.com [302] [GET] [text/html] [Document moved] [] [vhost] [Java] [cd94a74875d41afa98d6535280ddec5c]
https://jewelscent.paylution.com [302] [GET] [text/html] [Document moved] [] [vhost] [Java] [4511f362e279b21ec5910b6b5982d572]
https://jusuru.paylution.com [302] [GET] [text/html] [Document moved] [] [vhost] [Java] [3af879dbaaec2a5a94cc9ae072573bbc]
https://karrot.paylution.com [302] [GET] [text/html] [Document moved] [] [vhost] [Java] [5a894b6cafb83777804c6bbaf9296012]
https://keep-collective.paylution.com [302] [GET] [text/html] [Document moved] [] [vhost] [Java] [1d1083a8515c1c145f2be019a5f73f6c]
https://kendal.paylution.com [302] [GET] [text/html] [Document moved] [] [vhost] [Java] [6f09fdcb015b3f1160deb6e36bf6cb5d]
https://keprea.paylution.com [302] [GET] [text/html] [Document moved] [] [vhost] [Java] [0d8cacb1055e5d2986d59f2e59016552]
https://l4t.paylution.com [302] [GET] [text/html] [Document moved] [] [vhost] [Java] [7b1b0a1f02dfcb93f86f6330831eac55]
https://lagunablends.paylution.com [302] [GET] [text/html] [Document moved] [] [vhost] [Java] [03f4bb0a4acea8ab9f0e5d1bdaf98417]
https://ldara.paylution.com [302] [GET] [text/html] [Document moved] [] [vhost] [Java] [8d4012906b01849cffe8892427d9d0b6]
https://lhd.paylution.com [302] [GET] [text/html] [Document moved] [] [vhost] [Java] [83c04084fa5ec656ccae8b313895c1a4]
https://lifeplus.paylution.com [400] [GET] [text/html] [Error] [] [vhost] [Java] [8ef735b4e0b12cc3a863ef77bea4c34f]
https://limelight.paylution.com [302] [GET] [text/html] [Document moved] [] [vhost] [Java] [69b1e457f07b89de2c2552dce8b5e9d9]
https://links.paylution.com [404] [GET] [text/html] [404 Not Found] [nginx] [Nginx] [70461da8b94c6ca5d2fda3260c5a8c3b]
https://links.paylution.com [404] [GET] [text/html] [404 Not Found] [nginx] [Nginx] [8e325dc2fea7c8900fc6c4b8c6c394fe]
https://m5.paylution.com [302] [GET] [text/html] [Document moved] [] [vhost] [Java] [eb9eaab1c907c07d3d1945e7f393b5f4]
https://maelle.paylution.com [503] [GET] [text/html] [Paylution - Welcome] [BigIP] [F5 BigIP,Google Font API] [d850d4fa30a38b20bb60de28a46fc5c0]
https://makeuperaser.paylution.com [302] [GET] [text/html] [Document moved] [] [vhost] [Java] [de1e0e1275dc0c7860dfedbdf2bd5329]
https://maskcarabeauty.paylution.com [302] [GET] [text/html] [Document moved] [] [vhost] [Java] [abce32e4cd2c5bd8fbae50370f3afdee]
https://maxicom.paylution.com [302] [GET] [text/html] [Document moved] [] [vhost] [Java] [a81592524857a992d3139b350b6a2482]
https://mayvenn.paylution.com [302] [GET] [text/html] [Document moved] [] [vhost] [Java] [22067fb51c1f8e129a5ed68449ee30c2]
https://mazuglobal.paylution.com [302] [GET] [text/html] [Document moved] [] [vhost] [Java] [c222eee3d54720ecb675ead19b09b707]
https://mobileapi.paylution.com [302] [GET] [text/html] [Document moved] [] [vhost] [Java] [4621711197c07ca46b46fa84cb5cd7f6]
https://mojilife.paylution.com [302] [GET] [text/html] [Document moved] [] [vhost] [Java] [fcea6c5d55c73443b46590245946e4ef]
https://mojito.paylution.com [302] [GET] [text/html] [Document moved] [] [vhost] [Java] [5d5eb3ec2a6979c7804aa9fbbf4e3d34]
https://monat.paylution.com [302] [GET] [text/html] [Document moved] [] [vhost] [Java] [af090dcdb439b763453678b0b626c06f]
https://mystream.paylution.com [302] [GET] [text/html] [Document moved] [] [vhost] [Java] [cf25fa230a5db2d7e79bb34d7dec1eeb]
https://nimblify.paylution.com [302] [GET] [text/html] [Document moved] [] [vhost] [Java] [859ab54f11d5a99197e7bdeb6d30887f]
https://northwestern.paylution.com [400] [GET] [text/html] [Error] [] [vhost] [Java] [8ef735b4e0b12cc3a863ef77bea4c34f]
https://nucerity.paylution.com [302] [GET] [text/html] [Document moved] [] [vhost] [Java] [0cfef952d7696505eb50d1a6b0f8ad8d]
https://nutronix.paylution.com [302] [GET] [text/html] [Document moved] [] [vhost] [Java] [8454d13d2c846b6d096dc760fdefc0d4]
https://nuviza.paylution.com [400] [GET] [text/html] [Error] [] [vhost] [Java] [8ef735b4e0b12cc3a863ef77bea4c34f]
https://obs.paylution.com [302] [GET] [text/html] [Document moved] [] [vhost] [Java] [304aef343fdf737fa283a297ba388957]
https://ocs.paylution.com [302] [GET] [text/html] [Document moved] [] [vhost] [Java] [bb87af6ed11e387ad8564a252e928b97]
https://onfrontiers.paylution.com [302] [GET] [text/html] [Document moved] [] [vhost] [Java] [3914925a81d9828b380f1e63f002cce5]
https://opskins.paylution.com [302] [GET] [text/html] [Document moved] [] [vhost] [Java] [575a24cd337043e2685b41ad49b0a369]
https://pangea.paylution.com [302] [GET] [text/html] [Document moved] [] [vhost] [Java] [83e69aa3694993b2d98905cbeceb4450]
https://paylution.com [302] [GET] [text/html] [Document moved] [] [vhost] [Java] [c135775e9c4568989e51bb0f5f6da829]
https://phcpayments.paylution.com [302] [GET] [text/html] [Document moved] [] [vhost] [Java] [34ce183308c3d387b89560cd34f5bc1f]
https://plannetmarketing.paylution.com [302] [GET] [text/html] [Document moved] [] [vhost] [Java] [729ab59b2be1a8216e97216536b92ca9]
https://plexusworldwide.paylution.com [302] [GET] [text/html] [Document moved] [] [vhost] [Java] [6c0f6eaad92af9c5f75df3016197739f]
https://pm-international.paylution.com [302] [GET] [text/html] [Document moved] [] [vhost] [Java] [91ec97e5e4bb112ffeaa01063c8f95c0]
https://powerleadsystem.paylution.com [302] [GET] [text/html] [Document moved] [] [vhost] [Java] [0814a00ea1b280698b18832c6f58ce09]
https://priv.paylution.com [302] [GET] [text/html] [Document moved] [] [vhost] [Java] [dff5362dcf55c065f463870c1132bd4f]
https://qiclub.paylution.com [302] [GET] [text/html] [Document moved] [] [vhost] [Java] [226fbbc582f4f36b582b69dbea5711bd]
https://qpay.paylution.com [302] [GET] [text/html] [Document moved] [] [vhost] [Java] [6c7a24a28bf839e5193cae100cc4dec0]
https://quantum.paylution.com [302] [GET] [text/html] [Document moved] [] [vhost] [Java] [53571f81b4ff4eea9c413f2bcaf86f2d]
https://quivers.paylution.com [302] [GET] [text/html] [Document moved] [] [vhost] [Java] [c0b30dc2c495c45b688f2469942238af]
https://rain.paylution.com [302] [GET] [text/html] [Document moved] [] [vhost] [Java] [253973e0e6c94427195413446e776a29]
https://rbc.paylution.com [302] [GET] [text/html] [Document moved] [] [vhost] [Java] [9269d0cfda9ae3f550c272a430450da4]
https://realtimepay.paylution.com [302] [GET] [text/html] [Document moved] [] [vhost] [Java] [f23e1cd26f838abb1206f1064a244817]
https://redcross.paylution.com [400] [GET] [text/html] [Error] [] [vhost] [Java] [8ef735b4e0b12cc3a863ef77bea4c34f]
https://richway.paylution.com [302] [GET] [text/html] [Document moved] [] [vhost] [Java] [60d2ca503c8a6a748193e9ab53bf865c]
https://robkellermd.paylution.com [302] [GET] [text/html] [Document moved] [] [vhost] [Java] [95a6d51198e04aba3fa72db987dd2f8b]
https://royalprestige.paylution.com [302] [GET] [text/html] [Document moved] [] [vhost] [Java] [ed2c952d240d60adcf68247ca678001d]
https://scriptrelief.paylution.com [302] [GET] [text/html] [Document moved] [] [vhost] [Java] [618d8625a11e3cc61d4886fc4a350531]
https://seacret.paylution.com [302] [GET] [text/html] [Document moved] [] [vhost] [Java] [798962e3f018df8cd748646cffa16824]
https://simply.paylution.com [302] [GET] [text/html] [Document moved] [] [vhost] [Java] [7fe679a843e71c4bed659d0a7dbc62b9]
https://sorvana.paylution.com [302] [GET] [text/html] [Document moved] [] [vhost] [Java] [84f4436b6de922029e2804409a3bd759]
https://stanford.paylution.com [302] [GET] [text/html] [Document moved] [] [vhost] [Java] [17c29a3b98b4aeaa12f8035df4048f93]
https://talkfusion.paylution.com [302] [GET] [text/html] [Document moved] [] [vhost] [Java] [8771e55fbf224f195dc08d1291e00b88]
https://tcd.paylution.com [302] [GET] [text/html] [Document moved] [] [vhost] [Java] [8bf8be60983d0a63d6b06372a70823f7]
https://teameffort.paylution.com [302] [GET] [text/html] [Document moved] [] [vhost] [Java] [064e1dac3df4cb91157850ee1d42e9ad]
https://textcheck.paylution.com [302] [GET] [text/html] [Document moved] [] [vhost] [Java] [9d95674a4dac62a723d5f5dbdb79492b]
https://thinksmart.paylution.com [302] [GET] [text/html] [Document moved] [] [vhost] [Java] [1425897a321de56d560c9a06943641e9]
https://trivesta.paylution.com [302] [GET] [text/html] [Document moved] [] [vhost] [Java] [afba2179ce3b6bb5037a0418bae7ed8f]
https://trivita.paylution.com [302] [GET] [text/html] [Document moved] [] [vhost] [Java] [c79c0d68035484062641db1d33f4ac5f]
https://truvisionhealth.paylution.com [302] [GET] [text/html] [Document moved] [] [vhost] [Java] [f10ee9d7c7eafb78452cfed24f8ff13c]
https://tsfl.paylution.com [400] [GET] [text/html] [Error] [] [vhost] [Java] [8ef735b4e0b12cc3a863ef77bea4c34f]
https://txp.paylution.com [302] [GET] [text/html] [Document moved] [] [vhost] [Java] [abfe5a85eb230bc3ba15316dcdd0229e]
https://uat-americanredcross.paylution.com [302] [GET] [text/html] [Document moved] [] [vhost] [Java] [38bde07dde817d7829d3f8ddc6f1c459]
https://uat-api.paylution.com [302] [GET] [text/html] [Document moved] [] [vhost] [Java] [0e7829480a5d0dced320b2ba8c0de043]
https://uat-aps.paylution.com [302] [GET] [text/html] [Document moved] [] [vhost] [Java] [46a0e179bdd5644a753b10fdba9916c4]
https://uat-astonish.paylution.com [400] [GET] [text/html] [Error] [] [vhost] [Java] [8ef735b4e0b12cc3a863ef77bea4c34f]
https://uat-bwl.paylution.com [302] [GET] [text/html] [Document moved] [] [vhost] [Java] [dc4e570baf6625bf9cc23fe8d56a9ae1]
https://uat-commissions.paylution.com [302] [GET] [text/html] [Document moved] [] [vhost] [Java] [dd86826420e7bca19eb2beccea8cef55]
https://uat-dcc.paylution.com [302] [GET] [text/html] [Document moved] [] [vhost] [Java] [c4300bf77e0d1f4c9c0215723614df2f]
https://uat-divaderme.paylution.com [400] [GET] [text/html] [Error] [] [vhost] [Java] [8ef735b4e0b12cc3a863ef77bea4c34f]
https://uat-dorms.paylution.com [302] [GET] [text/html] [Document moved] [] [vhost] [Java] [f489ea890e32874d7b3539b4126b4438]
https://uat-drivers.paylution.com [302] [GET] [text/html] [Document moved] [] [vhost] [Java] [8ef43e21af21a739d729ebddfd828d10]
https://uat-ecopower.paylution.com [400] [GET] [text/html] [Error] [] [vhost] [Java] [8ef735b4e0b12cc3a863ef77bea4c34f]
https://uat-edn.paylution.com [302] [GET] [text/html] [Document moved] [] [vhost] [Java] [b0a4302bb2873c82b87ab7ab953be3d5]
https://uat-elken.paylution.com [302] [GET] [text/html] [Document moved] [] [vhost] [Java] [a08252776bd15276b9c7b8dbf1cb5081]
https://uat-enzacta.paylution.com [302] [GET] [text/html] [Document moved] [] [vhost] [Java] [99fa4711c88d2331960c3c50cd381896]
https://uat-evolv.paylution.com [400] [GET] [text/html] [Error] [] [vhost] [Java] [8ef735b4e0b12cc3a863ef77bea4c34f]
https://uat-expedia.paylution.com [302] [GET] [text/html] [Document moved] [] [vhost] [Java] [cc8c41db3ae5418cd448ff66f8c6c8d3]
https://uat-foxx.paylution.com [302] [GET] [text/html] [Document moved] [] [vhost] [Java] [0f344056f3856b4116d6f1d7c96d075d]
https://uat-handybook.paylution.com [400] [GET] [text/html] [Error] [] [vhost] [Java] [8ef735b4e0b12cc3a863ef77bea4c34f]
https://uat-hodo.paylution.com [302] [GET] [text/html] [Document moved] [] [vhost] [Java] [aafd6f4ce149b5fc7b65c883d83faa61]
https://uat-hydroderm.paylution.com [400] [GET] [text/html] [Error] [] [vhost] [Java] [8ef735b4e0b12cc3a863ef77bea4c34f]
https://uat-kendal.paylution.com [302] [GET] [text/html] [Document moved] [] [vhost] [Java] [c6a64786e9b36f873027ab57a130abd2]
https://uat-keprea.paylution.com [302] [GET] [text/html] [Document moved] [] [vhost] [Java] [82a5149886d08cb0706b803adc05926e]
https://uat-l4t.paylution.com [302] [GET] [text/html] [Document moved] [] [vhost] [Java] [8927338f498524ecdeb1700e35b402c7]
https://uat-lifematters.paylution.com [302] [GET] [text/html] [Document moved] [] [vhost] [Java] [d9e63a0bded0f6387c1ceb34326e3b22]
https://uat-lifeplus.paylution.com [302] [GET] [text/html] [Document moved] [] [vhost] [Java] [31bace93c17f562a734f521447600fa8]
https://uat-liverich.paylution.com [400] [GET] [text/html] [Error] [] [vhost] [Java] [8ef735b4e0b12cc3a863ef77bea4c34f]
https://uat-maxicom.paylution.com [302] [GET] [text/html] [Document moved] [] [vhost] [Java] [9dd9676208e41eb135162d37bcc1b986]
https://uat-myhbn.paylution.com [302] [GET] [text/html] [Document moved] [] [vhost] [Java] [4e29d81d96ee9062d7d1371558ba4f0e]
https://uat-nutraease.paylution.com [302] [GET] [text/html] [Document moved] [] [vhost] [Java] [67337ca431167275a9e50fec952aaf3a]
https://uat-plexusworldwide.paylution.com [302] [GET] [text/html] [Document moved] [] [vhost] [Java] [47ab5dfdd24fd38cb99782837030017b]
https://uat-qiclub.paylution.com [302] [GET] [text/html] [Document moved] [] [vhost] [Java] [8b98059fc5542b502e6a3c41dfdde4f4]
https://uat-quantum.paylution.com [302] [GET] [text/html] [Document moved] [] [vhost] [Java] [1ad243546874f128fa044af61b3996b4]
https://uat-sakura.paylution.com [302] [GET] [text/html] [Document moved] [] [vhost] [Java] [3d45f4fd41c2d6ff2a13484ba928cd39]
https://uat-trivita.paylution.com [302] [GET] [text/html] [Document moved] [] [vhost] [Java] [eb176ddc97f3b447fa7b48710553d3d6]
https://uat-tsfl.paylution.com [302] [GET] [text/html] [Document moved] [] [vhost] [Java] [58270394c2e34df0a3c4560f83bec168]
https://uat-txp.paylution.com [302] [GET] [text/html] [Document moved] [] [vhost] [Java] [01a6d58d4aa3da52a97746795f038a12]
https://uat-uncorked.paylution.com [400] [GET] [text/html] [Error] [] [vhost] [Java] [8ef735b4e0b12cc3a863ef77bea4c34f]
https://uat-vemma.paylution.com [302] [GET] [text/html] [Document moved] [] [vhost] [Java] [8beafd45be245e55728f84d8fbe9a5fc]
https://uat-vfinity.paylution.com [500] [GET] [text/html] ["" - Error report] [] [vhost] [Java] [53e21fb6b24ddd1666ce58df6d0688ab]
https://uat-victory100.paylution.com [302] [GET] [text/html] [Document moved] [] [vhost] [Java] [a544453eea335ff2f3b158ed382bf6ec]
https://uat-zurvita.paylution.com [302] [GET] [text/html] [Document moved] [] [vhost] [Java] [9afd72d0c54616b8e60d77df2959216d]
https://uat.paylution.com [302] [GET] [text/html] [Document moved] [] [vhost] [Java] [1e51ab579404312f9bbf10cfb8b7015e]
https://uncorked.paylution.com [400] [GET] [text/html] [Error] [] [vhost] [Java] [8ef735b4e0b12cc3a863ef77bea4c34f]
https://unicity.paylution.com [302] [GET] [text/html] [Document moved] [] [vhost] [Java] [7882cc1333b1e9043e0ae697bb565888]
https://valentus.paylution.com [302] [GET] [text/html] [Document moved] [] [vhost] [Java] [9992cabf26b92373832aff03fbe5f70e]
https://valitor.paylution.com [302] [GET] [text/html] [Document moved] [] [vhost] [Java] [b57ae1e786708e71474ade3a817ff956]
https://vfinity.paylution.com [302] [GET] [text/html] [Document moved] [] [vhost] [Java] [737dae6e7da01ed607cb14757de5ace9]
https://viaonehope.paylution.com [302] [GET] [text/html] [Document moved] [] [vhost] [Java] [42de9dbd020ed75b4034903fc741be3e]
https://victory100.paylution.com [302] [GET] [text/html] [Document moved] [] [vhost] [Java] [3d7e6a5b154c8e09e7f9608e0ed0aab7]
https://vida.paylution.com [302] [GET] [text/html] [Document moved] [] [vhost] [Java] [fa19d9975df954f4feab6d10149ebe39]
https://vidadivina.paylution.com [302] [GET] [text/html] [Document moved] [] [vhost] [Java] [de1d1df6f2e413833311a503eb2629f9]
https://viridian.paylution.com [302] [GET] [text/html] [Document moved] [] [vhost] [Java] [c7a33253b44e31002e9886290588dd49]
https://visaluspay.paylution.com [302] [GET] [text/html] [Document moved] [] [vhost] [Java] [5fbdd6354d12cc65234a546c1d00f1e0]
https://visi.paylution.com [302] [GET] [text/html] [Document moved] [] [vhost] [Java] [117ca2c42ed4202d1296d24b936ed371]
https://wellu.paylution.com [302] [GET] [text/html] [Document moved] [] [vhost] [Java] [779e0f3da505a479feea20b78eb9a690]
https://worldventures.paylution.com [302] [GET] [text/html] [Document moved] [] [vhost] [Java] [f44f4e271779baad5db90796931f7e06]
https://wuonline.paylution.com [302] [GET] [text/html] [Document moved] [] [vhost] [Java] [fcd61d504589a3d6f6548abb46c17191]
https://www.paylution.com [302] [GET] [text/html] [Document moved] [] [vhost] [Java] [c135775e9c4568989e51bb0f5f6da829]
https://ygyi.paylution.com [302] [GET] [text/html] [Document moved] [] [vhost] [Java] [01dc90f02b50b982e11b1e68f6fa90a9]
https://yleurope.paylution.com [302] [GET] [text/html] [Document moved] [] [vhost] [Java] [14912841db9a62bfb0ee5ea16d26ca87]
https://youlabglobalpay.paylution.com [302] [GET] [text/html] [Document moved] [] [vhost] [Java] [adcd2107e705c5f8d686416eb9badf64]
https://youngliving.paylution.com [302] [GET] [text/html] [Document moved] [] [vhost] [Java] [a8fe36453838d7e84be248dacb3fabb0]
https://zija.paylution.com [302] [GET] [text/html] [Document moved] [] [vhost] [Java] [2f546d5de9846e9f8206b76b691e843b]
https://zilis.paylution.com [302] [GET] [text/html] [Document moved] [] [vhost] [Java] [ca202679fd51f4f85fe3448d81773e40]
https://zurvita.paylution.com [400] [GET] [text/html] [Error] [] [vhost] [Java] [8ef735b4e0b12cc3a863ef77bea4c34f]
https://zvi.paylution.com [302] [GET] [text/html] [Document moved] [] [vhost] [Java] [eab1de78da5dfc2d452ae2c974535740]
