http://dev-vidman-eu-west-1.periscope.tv:1935 [400] [GET] [text/plain] [] [] [3073b4fb3dbc30dd1509ea9c3638987d]
http://vidman-ap-northeast-1.periscope.tv:1935 [400] [GET] [text/plain] [] [] [3073b4fb3dbc30dd1509ea9c3638987d]
http://vidman-ap-northeast-2.periscope.tv:1935 [400] [GET] [text/plain] [] [] [3073b4fb3dbc30dd1509ea9c3638987d]
http://vidman-ap-southeast-1.periscope.tv:1935 [400] [GET] [text/plain] [] [] [3073b4fb3dbc30dd1509ea9c3638987d]
http://vidman-ap-southeast-2.periscope.tv:1935 [400] [GET] [text/plain] [] [] [3073b4fb3dbc30dd1509ea9c3638987d]
http://vidman-eu-central-1.periscope.tv:1935 [400] [GET] [text/plain] [] [] [3073b4fb3dbc30dd1509ea9c3638987d]
http://vidman-eu-west-1.periscope.tv:1935 [400] [GET] [text/plain] [] [] [3073b4fb3dbc30dd1509ea9c3638987d]
http://vidman-sa-east-1.periscope.tv:1935 [400] [GET] [text/plain] [] [] [3073b4fb3dbc30dd1509ea9c3638987d]
http://vidman-us-east-1.periscope.tv:1935 [400] [GET] [text/plain] [] [] [3073b4fb3dbc30dd1509ea9c3638987d]
http://vidman-us-west-2.periscope.tv:1935 [400] [GET] [text/plain] [] [] [3073b4fb3dbc30dd1509ea9c3638987d]
https://admin.periscope.tv [301] [GET] [text/html] [] [] [Algolia] [1edbf98f325872ac3ccc3dec7c796d21]
https://api.periscope.tv [404] [GET] [text/plain] [] [] [595e88012a6521aae3e12cbebe76eb9e]
https://assets.periscope.tv [403] [GET] [application/xml] [] [AmazonS3] [vhost] [cloudfront] [Amazon Cloudfront,Amazon S3,Amazon Web Services] [27b920bdfd6b70d82f0d9a1cc3aa30ed]
https://assets.periscope.tv [403] [GET] [application/xml] [] [AmazonS3] [vhost] [cloudfront] [Amazon Cloudfront,Amazon S3,Amazon Web Services] [5659b6608051f5e12bf3c0de0fc8913d]
https://canary-api.periscope.tv [404] [GET] [text/plain] [] [] [595e88012a6521aae3e12cbebe76eb9e]
https://canary-channels.periscope.tv [404] [GET] [text/plain] [] [] [595e88012a6521aae3e12cbebe76eb9e]
https://canary-guest.periscope.tv [404] [GET] [text/plain] [] [] [595e88012a6521aae3e12cbebe76eb9e]
https://canary-notification-service.periscope.tv [503] [GET] [] [] [] [d41d8cd98f00b204e9800998ecf8427e]
https://canary-payman.periscope.tv [404] [GET] [text/plain] [] [] [595e88012a6521aae3e12cbebe76eb9e]
https://canary-text-classification.periscope.tv [404] [GET] [text/plain] [] [] [595e88012a6521aae3e12cbebe76eb9e]
https://canary-transcode-proxy-us-east-1.periscope.tv [404] [GET] [text/plain] [] [] [595e88012a6521aae3e12cbebe76eb9e]
https://canary-transcode-us-east-1.periscope.tv [404] [GET] [text/plain] [] [] [595e88012a6521aae3e12cbebe76eb9e]
https://canary-web.periscope.tv [200] [GET] [text/html] [Watch LIVE] [] [vhost] [React] [5b60d363f95c85bd2a8961e65db7dfa8]
https://canary-web.periscope.tv [200] [GET] [text/html] [Watch LIVE] [] [vhost] [React] [746a4f2bb63623f30a000b04389fa374]
https://channels.periscope.tv [404] [GET] [text/plain] [] [] [595e88012a6521aae3e12cbebe76eb9e]
https://chatman-replay-us-east-1.periscope.tv [404] [GET] [text/plain] [] [] [ef81e41d11c9e7193ddd3d470dbb3eda]
https://chatman-replay-us-west-2.periscope.tv [404] [GET] [text/plain] [] [] [ef81e41d11c9e7193ddd3d470dbb3eda]
https://dev-ap-southeast-1.periscope.tv [500] [GET] [text/html] [Fastly error: unknown domain dev-ap-southeast-1.periscope.tv] [Varnish] [fastly] [aec8b33bf78a425ffc9554eb263fb296]
https://dev-ap-southeast-1.periscope.tv [500] [GET] [text/html] [Fastly error: unknown domain dev-ap-southeast-1.periscope.tv] [Varnish] [fastly] [d53eb9962d6c8b5d2614ce2d4a3cccb3]
https://dev-ap-southeast-2.periscope.tv [500] [GET] [text/html] [Fastly error: unknown domain dev-ap-southeast-2.periscope.tv] [Varnish] [fastly] [3efe9b565d5943620a0003a4c672c37a]
https://dev-ap-southeast-2.periscope.tv [500] [GET] [text/html] [Fastly error: unknown domain dev-ap-southeast-2.periscope.tv] [Varnish] [fastly] [ac616900a4416bb8518fa33be96ac0e3]
https://dev-api.periscope.tv [404] [GET] [text/plain] [] [] [595e88012a6521aae3e12cbebe76eb9e]
https://dev-assets.periscope.tv [403] [GET] [application/xml] [] [AmazonS3] [vhost] [cloudfront] [Amazon Cloudfront,Amazon S3,Amazon Web Services] [18cf9e022215f69c231a86fbf82bf321]
https://dev-assets.periscope.tv [403] [GET] [application/xml] [] [AmazonS3] [vhost] [cloudfront] [Amazon Cloudfront,Amazon S3,Amazon Web Services] [54920ecf23ec707c187d51c6235f7f78]
https://dev-audit-trail.periscope.tv [404] [GET] [text/plain] [] [] [595e88012a6521aae3e12cbebe76eb9e]
https://dev-channels.periscope.tv [404] [GET] [text/plain] [] [] [595e88012a6521aae3e12cbebe76eb9e]
https://dev-chatman-ancillary-eu-west-1.periscope.tv [404] [GET] [text/plain] [] [] [ef81e41d11c9e7193ddd3d470dbb3eda]
https://dev-chatman-replay-eu-west-1.periscope.tv [404] [GET] [text/plain] [] [] [ef81e41d11c9e7193ddd3d470dbb3eda]
https://dev-chatman-replay-us-west-2.periscope.tv [404] [GET] [text/plain] [] [] [ef81e41d11c9e7193ddd3d470dbb3eda]
https://dev-email.periscope.tv [404] [GET] [text/plain] [] [] [595e88012a6521aae3e12cbebe76eb9e]
https://dev-embed.periscope.tv [403] [GET] [application/json] [] [AmazonS3] [vhost] [fastly] [Amazon S3,Amazon Web Services] [d7d918a81ba976005b2383d8730489ce]
https://dev-embed.periscope.tv [403] [GET] [application/json] [] [AmazonS3] [vhost] [fastly] [Amazon S3,Amazon Web Services] [e2cbbefd647a0e7bb0ed43349ce23f3a]
https://dev-eu-west-1.periscope.tv [500] [GET] [text/html] [Fastly error: unknown domain dev-eu-west-1.periscope.tv] [Varnish] [fastly] [7188275e02b7fee1cd4e53728413e4a0]
https://dev-eu-west-1.periscope.tv [500] [GET] [text/html] [Fastly error: unknown domain dev-eu-west-1.periscope.tv] [Varnish] [fastly] [bd2258dd2044d4cca9616b80de1e9403]
https://dev-masks.periscope.tv [403] [GET] [application/xml] [] [AmazonS3] [vhost] [cloudfront] [Amazon Cloudfront,Amazon S3,Amazon Web Services] [821e7710b7fc61b2b9d9981d9d2f96e8]
https://dev-masks.periscope.tv [403] [GET] [application/xml] [] [AmazonS3] [vhost] [cloudfront] [Amazon Cloudfront,Amazon S3,Amazon Web Services] [d9eaa8544756a0126c81ad6330a07ba6]
https://dev-notification-service.periscope.tv [503] [GET] [] [] [] [d41d8cd98f00b204e9800998ecf8427e]
https://dev-payman.periscope.tv [404] [GET] [text/plain] [] [] [595e88012a6521aae3e12cbebe76eb9e]
https://dev-profile.periscope.tv [403] [GET] [application/xml] [] [AmazonS3] [vhost] [cloudfront] [Amazon Cloudfront,Amazon S3,Amazon Web Services] [b2e67a70e84e4c230bb08e160de9c02d]
https://dev-profile.periscope.tv [403] [GET] [application/xml] [] [AmazonS3] [vhost] [cloudfront] [Amazon Cloudfront,Amazon S3,Amazon Web Services] [d42c239cd9faa5f87d6797eecb1db564]
https://dev-public-api-assets.periscope.tv [403] [GET] [application/xml] [] [AmazonS3] [vhost] [cloudfront] [Amazon Cloudfront,Amazon S3,Amazon Web Services] [16c926a298a62ffd4365c53b8ca72c1d]
https://dev-public-api-assets.periscope.tv [403] [GET] [application/xml] [] [AmazonS3] [vhost] [cloudfront] [Amazon Cloudfront,Amazon S3,Amazon Web Services] [415e2e8454631d7169aa606189153771]
https://dev-public-api.periscope.tv [404] [GET] [text/plain] [] [] [595e88012a6521aae3e12cbebe76eb9e]
https://dev-replay.periscope.tv [403] [GET] [text/xml] [] [CloudFront] [vhost] [cloudfront] [Amazon Cloudfront,Amazon Web Services] [40a481f43ca93bbbdd18621b439ea397]
https://dev-signer-eu-west-1.periscope.tv [200] [GET] [application/json] [] [] [c1da567631175532d893899f42e714c8]
https://dev-signer-us-west-2.periscope.tv [200] [GET] [application/json] [] [] [vhost] [7dd318b3f5d8ac2d16274e0a1f86a96b]
https://dev-signer.periscope.tv [200] [GET] [application/json] [] [] [7dd318b3f5d8ac2d16274e0a1f86a96b]
https://dev-text-classification.periscope.tv [404] [GET] [text/plain] [] [] [595e88012a6521aae3e12cbebe76eb9e]
https://dev-tn.periscope.tv [403] [GET] [text/xml] [] [CloudFront] [vhost] [cloudfront] [Amazon Cloudfront,Amazon Web Services] [40a481f43ca93bbbdd18621b439ea397]
https://dev-transcode-eu-west-1.periscope.tv [404] [GET] [text/plain] [] [] [595e88012a6521aae3e12cbebe76eb9e]
https://dev-transcode-proxy-eu-west-1.periscope.tv [404] [GET] [text/plain] [] [] [595e88012a6521aae3e12cbebe76eb9e]
https://dev-transcode-proxy-us-west-2.periscope.tv [404] [GET] [text/plain] [] [] [595e88012a6521aae3e12cbebe76eb9e]
https://dev-transcode-us-west-2.periscope.tv [404] [GET] [text/plain] [] [] [595e88012a6521aae3e12cbebe76eb9e]
https://dev-video-us-west-2.periscope.tv [400] [GET] [text/html] [400 no stream name] [Varnish] [vhost] [fastly] [3a675d88a93198dac5cef3cc2834f2a8]
https://dev-video-us-west-2.periscope.tv [400] [GET] [text/html] [400 no stream name] [Varnish] [vhost] [fastly] [a471d108dd8bcafac1210b08abf188b2]
https://dev-vidman-eu-west-1.periscope.tv [400] [GET] [text/plain] [] [] [3073b4fb3dbc30dd1509ea9c3638987d]
https://email.periscope.tv [404] [GET] [text/plain] [] [] [595e88012a6521aae3e12cbebe76eb9e]
https://embed.periscope.tv [403] [GET] [application/json] [] [AmazonS3] [vhost] [fastly] [Amazon S3,Amazon Web Services] [27fe6c36e5bb872146065aa63efa3881]
https://embed.periscope.tv [403] [GET] [application/json] [] [AmazonS3] [vhost] [fastly] [Amazon S3,Amazon Web Services] [a629872b38e252b749e641474ce93501]
https://guest.periscope.tv [404] [GET] [text/plain] [] [] [595e88012a6521aae3e12cbebe76eb9e]
https://help.periscope.tv [301] [GET] [] [] [AmazonS3] [vhost] [cloudfront] [Amazon Cloudfront,Amazon S3,Amazon Web Services] [d41d8cd98f00b204e9800998ecf8427e]
https://hls.periscope.tv [500] [GET] [text/html] [Fastly error: unknown domain hls.periscope.tv] [Varnish] [fastly] [49be5af2d17599252078a8047db01484]
https://hls.periscope.tv [500] [GET] [text/html] [Fastly error: unknown domain hls.periscope.tv] [Varnish] [fastly] [a205b4de2291d4ab7708f09162f9810b]
https://notification-service.periscope.tv [503] [GET] [] [] [] [d41d8cd98f00b204e9800998ecf8427e]
https://payman.periscope.tv [404] [GET] [text/plain] [] [] [595e88012a6521aae3e12cbebe76eb9e]
https://periscope.tv [302] [GET] [text/plain] [] [] [vhost] [68ce607b1b8755d934d7d771f8aa11da]
https://prod-ap-northeast-1.periscope.tv [500] [GET] [text/html] [Fastly error: unknown domain prod-ap-northeast-1.periscope.tv] [Varnish] [fastly] [1b3c007f4a75c4130dd8d552ed4d6305]
https://prod-ap-northeast-1.periscope.tv [500] [GET] [text/html] [Fastly error: unknown domain prod-ap-northeast-1.periscope.tv] [Varnish] [fastly] [787733177b4bd9205756cc13f673880f]
https://prod-ap-southeast-2.periscope.tv [500] [GET] [text/html] [Fastly error: unknown domain prod-ap-southeast-2.periscope.tv] [Varnish] [fastly] [12c43e75a3c4261def617ea6851e975d]
https://prod-ap-southeast-2.periscope.tv [500] [GET] [text/html] [Fastly error: unknown domain prod-ap-southeast-2.periscope.tv] [Varnish] [fastly] [50e13bbf837a6ce5a56b92886642a595]
https://prod-assets.periscope.tv [403] [GET] [application/xml] [] [AmazonS3] [vhost] [cloudfront] [Amazon Cloudfront,Amazon S3,Amazon Web Services] [6bf5982d303e1deaa04992c1164398fc]
https://prod-assets.periscope.tv [403] [GET] [application/xml] [] [AmazonS3] [vhost] [cloudfront] [Amazon Cloudfront,Amazon S3,Amazon Web Services] [b94fc9aaec43cb1042d15ecd9087eea3]
https://prod-chatman-ancillary-ap-northeast-1.periscope.tv [404] [GET] [text/plain] [] [] [ef81e41d11c9e7193ddd3d470dbb3eda]
https://prod-chatman-ancillary-eu-central-1.periscope.tv [404] [GET] [text/plain] [] [] [ef81e41d11c9e7193ddd3d470dbb3eda]
https://prod-chatman-ancillary-us-east-1.periscope.tv [404] [GET] [text/plain] [] [] [ef81e41d11c9e7193ddd3d470dbb3eda]
https://prod-chatman-ancillary-us-west-2.periscope.tv [404] [GET] [text/plain] [] [] [ef81e41d11c9e7193ddd3d470dbb3eda]
https://prod-ec-ap-northeast-1.video.periscope.tv [404] [GET] [text/plain] [] [ECAcc (tkb/73B7)] [vhost] [595e88012a6521aae3e12cbebe76eb9e]
https://prod-ec-ap-southeast-1.video.periscope.tv [403] [GET] [text/html] [403 Forbidden] [Varnish] [vhost] [4246ae61b642a49aabebf4f6deb56952]
https://prod-ec-ap-southeast-1.video.periscope.tv [403] [GET] [text/html] [403 Forbidden] [Varnish] [vhost] [66b26277ee336884b9576ce16da48601]
https://prod-ec-eu-central-1.video.periscope.tv [404] [GET] [text/plain] [] [ECAcc (frc/8F68)] [vhost] [595e88012a6521aae3e12cbebe76eb9e]
https://prod-ec-eu-central-1.video.periscope.tv [404] [GET] [text/plain] [] [ECAcc (frc/8F93)] [vhost] [595e88012a6521aae3e12cbebe76eb9e]
https://prod-ec-eu-west-1.video.periscope.tv [404] [GET] [text/plain] [] [ECAcc (lhb/63A1)] [vhost] [595e88012a6521aae3e12cbebe76eb9e]
https://prod-ec-eu-west-3.video.periscope.tv [404] [GET] [text/plain] [] [ECAcc (pab/6F61)] [vhost] [595e88012a6521aae3e12cbebe76eb9e]
https://prod-ec-sa-east-1.video.periscope.tv [404] [GET] [text/plain] [] [ECAcc (spb/E548)] [vhost] [595e88012a6521aae3e12cbebe76eb9e]
https://prod-ec-us-east-1.video.periscope.tv [404] [GET] [text/plain] [] [ECAcc (dcc/725C)] [vhost] [595e88012a6521aae3e12cbebe76eb9e]
https://prod-ec-us-west-1.video.periscope.tv [404] [GET] [text/plain] [] [ECAcc (sab/578E)] [vhost] [595e88012a6521aae3e12cbebe76eb9e]
https://prod-ec-us-west-2.video.periscope.tv [404] [GET] [text/plain] [] [ECAcc (sec/96CE)] [vhost] [595e88012a6521aae3e12cbebe76eb9e]
https://prod-eu-central-1.periscope.tv [500] [GET] [text/html] [Fastly error: unknown domain prod-eu-central-1.periscope.tv] [Varnish] [fastly] [9429e83d104092d1c4576eb2b928c533]
https://prod-eu-central-1.periscope.tv [500] [GET] [text/html] [Fastly error: unknown domain prod-eu-central-1.periscope.tv] [Varnish] [fastly] [e3fbed4cdd74b04a1ea42e253ec04098]
https://prod-fastly-ap-northeast-1.video.periscope.tv [404] [GET] [text/plain] [] [] [vhost] [fastly] [595e88012a6521aae3e12cbebe76eb9e]
https://prod-fastly-ap-northeast-2.video.periscope.tv [404] [GET] [text/plain] [] [] [vhost] [fastly] [595e88012a6521aae3e12cbebe76eb9e]
https://prod-fastly-ap-south-1.video.periscope.tv [403] [GET] [text/html] [403 Forbidden] [Varnish] [vhost] [fastly] [b8f76b72b0cb8a6d811ba43a9f8d63fe]
https://prod-fastly-ap-south-1.video.periscope.tv [403] [GET] [text/html] [403 Forbidden] [Varnish] [vhost] [fastly] [dda3916a1e0e5a9af69362829b512501]
https://prod-fastly-ap-southeast-1.video.periscope.tv [403] [GET] [text/html] [403 Forbidden] [Varnish] [vhost] [fastly] [53c043b767689d59a43025b47dd50727]
https://prod-fastly-ap-southeast-1.video.periscope.tv [404] [GET] [text/plain] [] [] [vhost] [fastly] [595e88012a6521aae3e12cbebe76eb9e]
https://prod-fastly-ap-southeast-2.video.periscope.tv [404] [GET] [text/plain] [] [] [vhost] [fastly] [595e88012a6521aae3e12cbebe76eb9e]
https://prod-fastly-eu-central-1.video.periscope.tv [404] [GET] [text/plain] [] [] [vhost] [fastly] [595e88012a6521aae3e12cbebe76eb9e]
https://prod-fastly-eu-west-1.video.periscope.tv [404] [GET] [text/plain] [] [] [vhost] [fastly] [595e88012a6521aae3e12cbebe76eb9e]
https://prod-fastly-eu-west-3.video.periscope.tv [404] [GET] [text/plain] [] [] [vhost] [fastly] [595e88012a6521aae3e12cbebe76eb9e]
https://prod-fastly-sa-east-1.video.periscope.tv [404] [GET] [text/plain] [] [] [vhost] [fastly] [595e88012a6521aae3e12cbebe76eb9e]
https://prod-fastly-us-east-1.video.periscope.tv [404] [GET] [text/plain] [] [] [vhost] [fastly] [595e88012a6521aae3e12cbebe76eb9e]
https://prod-fastly-us-west-1.video.periscope.tv [404] [GET] [text/plain] [] [] [vhost] [fastly] [595e88012a6521aae3e12cbebe76eb9e]
https://prod-fastly-us-west-2.video.periscope.tv [404] [GET] [text/plain] [] [] [vhost] [fastly] [595e88012a6521aae3e12cbebe76eb9e]
https://prod-masks.periscope.tv [403] [GET] [application/xml] [] [AmazonS3] [vhost] [cloudfront] [Amazon Cloudfront,Amazon S3,Amazon Web Services] [2e5bd56b8b37ff42a993031423e9dfff]
https://prod-masks.periscope.tv [403] [GET] [application/xml] [] [AmazonS3] [vhost] [cloudfront] [Amazon Cloudfront,Amazon S3,Amazon Web Services] [38c4b0c09f33e2b4645057e79a1189b2]
https://prod-profile.periscope.tv [403] [GET] [application/xml] [] [AmazonS3] [vhost] [cloudfront] [Amazon Cloudfront,Amazon S3,Amazon Web Services] [60e2289cf73dcacbb898ad9c72455a88]
https://prod-profile.periscope.tv [403] [GET] [application/xml] [] [AmazonS3] [vhost] [cloudfront] [Amazon Cloudfront,Amazon S3,Amazon Web Services] [6f845ad33cda4adf177627b2ce7230d6]
https://prod-public-api-assets.periscope.tv [403] [GET] [application/xml] [] [AmazonS3] [vhost] [cloudfront] [Amazon Cloudfront,Amazon S3,Amazon Web Services] [ac9086c556a0ae9fab54bc12b40d1c72]
https://prod-public-api-assets.periscope.tv [403] [GET] [application/xml] [] [AmazonS3] [vhost] [cloudfront] [Amazon Cloudfront,Amazon S3,Amazon Web Services] [c4e348b9cd72bb1d64a11c01cff06ffa]
https://prod-sa-east-1.periscope.tv [500] [GET] [text/html] [Fastly error: unknown domain prod-sa-east-1.periscope.tv] [Varnish] [fastly] [56fef46dee57ccc9aa9052717bd8c296]
https://prod-sa-east-1.periscope.tv [500] [GET] [text/html] [Fastly error: unknown domain prod-sa-east-1.periscope.tv] [Varnish] [fastly] [9fc2b66dd04ecd38c557c256fd3efd1f]
https://prod-text-classification.periscope.tv [404] [GET] [text/plain] [] [] [595e88012a6521aae3e12cbebe76eb9e]
https://prod-transcode-ap-northeast-2.periscope.tv [404] [GET] [text/plain] [] [] [595e88012a6521aae3e12cbebe76eb9e]
https://prod-transcode-ap-south-1.periscope.tv [404] [GET] [text/plain] [] [] [595e88012a6521aae3e12cbebe76eb9e]
https://prod-transcode-ap-southeast-1.periscope.tv [404] [GET] [text/plain] [] [] [595e88012a6521aae3e12cbebe76eb9e]
https://prod-transcode-ap-southeast-2.periscope.tv [404] [GET] [text/plain] [] [] [595e88012a6521aae3e12cbebe76eb9e]
https://prod-transcode-eu-central-1.periscope.tv [404] [GET] [text/plain] [] [] [595e88012a6521aae3e12cbebe76eb9e]
https://prod-transcode-eu-west-1.periscope.tv [404] [GET] [text/plain] [] [] [595e88012a6521aae3e12cbebe76eb9e]
https://prod-transcode-eu-west-3.periscope.tv [404] [GET] [text/plain] [] [] [595e88012a6521aae3e12cbebe76eb9e]
https://prod-transcode-proxy-ap-northeast-1.periscope.tv [404] [GET] [text/plain] [] [] [595e88012a6521aae3e12cbebe76eb9e]
https://prod-transcode-proxy-ap-south-1.periscope.tv [404] [GET] [text/plain] [] [] [595e88012a6521aae3e12cbebe76eb9e]
https://prod-transcode-proxy-ap-southeast-1.periscope.tv [404] [GET] [text/plain] [] [] [595e88012a6521aae3e12cbebe76eb9e]
https://prod-transcode-proxy-eu-west-3.periscope.tv [404] [GET] [text/plain] [] [] [595e88012a6521aae3e12cbebe76eb9e]
https://prod-transcode-proxy-us-east-1.periscope.tv [404] [GET] [text/plain] [] [] [595e88012a6521aae3e12cbebe76eb9e]
https://prod-transcode-sa-east-1.periscope.tv [404] [GET] [text/plain] [] [] [595e88012a6521aae3e12cbebe76eb9e]
https://prod-transcode-us-east-1.periscope.tv [404] [GET] [text/plain] [] [] [595e88012a6521aae3e12cbebe76eb9e]
https://prod-transcode-us-west-1.periscope.tv [404] [GET] [text/plain] [] [] [595e88012a6521aae3e12cbebe76eb9e]
https://prod-transcode-us-west-2.periscope.tv [404] [GET] [text/plain] [] [] [595e88012a6521aae3e12cbebe76eb9e]
https://prod-us-east-1.periscope.tv [500] [GET] [text/html] [Fastly error: unknown domain prod-us-east-1.periscope.tv] [Varnish] [fastly] [27cccb87c5d7bb0731b725b01649779f]
https://prod-us-east-1.periscope.tv [500] [GET] [text/html] [Fastly error: unknown domain prod-us-east-1.periscope.tv] [Varnish] [fastly] [ce0d84edf40aeeffbffe4690e0576ad9]
https://prod-us-west-1.periscope.tv [500] [GET] [text/html] [Fastly error: unknown domain prod-us-west-1.periscope.tv] [Varnish] [fastly] [504b264d702aea05440c193977a73330]
https://prod-us-west-1.periscope.tv [500] [GET] [text/html] [Fastly error: unknown domain prod-us-west-1.periscope.tv] [Varnish] [fastly] [65b2183a46c1dcae6f9efecdc2d3bfac]
https://prod-us-west-2.periscope.tv [500] [GET] [text/html] [Fastly error: unknown domain prod-us-west-2.periscope.tv] [Varnish] [fastly] [11b4208cae6f0b4d0b2b1968bdadb4cc]
https://prod-us-west-2.periscope.tv [500] [GET] [text/html] [Fastly error: unknown domain prod-us-west-2.periscope.tv] [Varnish] [fastly] [367727c06b53964664ca83137cf2423b]
https://prod-video-ap-northeast-1.periscope.tv [400] [GET] [text/html] [400 no stream name] [Varnish] [vhost] [fastly] [2596ba1a9a29422f6e7892294ec786af]
https://prod-video-ap-northeast-1.periscope.tv [400] [GET] [text/html] [400 no stream name] [Varnish] [vhost] [fastly] [aebbe4aa0ce9f90daa65188bf8d9a00d]
https://prod-video-ap-northeast-2.periscope.tv [400] [GET] [text/html] [400 no stream name] [Varnish] [vhost] [fastly] [134c5ada2df14772391d60781fc3e458]
https://prod-video-ap-northeast-2.periscope.tv [400] [GET] [text/html] [400 no stream name] [Varnish] [vhost] [fastly] [970928bdfcf80acc4087b79d3857c622]
https://prod-video-ap-south-1.periscope.tv [400] [GET] [text/html] [400 no stream name] [Varnish] [vhost] [fastly] [bfc020e961f24d3eaac28b3a58ce0b70]
https://prod-video-ap-south-1.periscope.tv [400] [GET] [text/html] [400 no stream name] [Varnish] [vhost] [fastly] [c2e8129a988211007bb4d9fabc0f86d2]
https://prod-video-ap-southeast-1.periscope.tv [400] [GET] [text/html] [400 no stream name] [Varnish] [vhost] [fastly] [bc38e5174ee823eae18e9999e9002993]
https://prod-video-ap-southeast-1.periscope.tv [400] [GET] [text/html] [400 no stream name] [Varnish] [vhost] [fastly] [e07622233967d106ac43401e2799de91]
https://prod-video-ap-southeast-2.periscope.tv [400] [GET] [text/html] [400 no stream name] [Varnish] [vhost] [fastly] [168efbc971295d5fee394543ec0ddc3d]
https://prod-video-ap-southeast-2.periscope.tv [400] [GET] [text/html] [400 no stream name] [Varnish] [vhost] [fastly] [7bb73fcd71271793ae7e9fb8b22baa49]
https://prod-video-eu-central-1.periscope.tv [400] [GET] [text/html] [400 no stream name] [Varnish] [vhost] [fastly] [31c15ae2b817138b08a6ed5ef3761afb]
https://prod-video-eu-central-1.periscope.tv [400] [GET] [text/html] [400 no stream name] [Varnish] [vhost] [fastly] [938d26732b874c7830f5d3467c31859c]
https://prod-video-eu-west-1.periscope.tv [400] [GET] [text/html] [400 no stream name] [Varnish] [vhost] [fastly] [42e10903046be5c8d1f068d038df21f4]
https://prod-video-eu-west-1.periscope.tv [400] [GET] [text/html] [400 no stream name] [Varnish] [vhost] [fastly] [505b338433c7d59cd376fccab9017b57]
https://prod-video-eu-west-3.periscope.tv [400] [GET] [text/html] [400 no stream name] [Varnish] [vhost] [fastly] [142146d73a3190987fcabd3d7f128d73]
https://prod-video-eu-west-3.periscope.tv [400] [GET] [text/html] [400 no stream name] [Varnish] [vhost] [fastly] [3a58c9a663e7e79b8658a12e727f11ad]
https://prod-video-sa-east-1.periscope.tv [400] [GET] [text/html] [400 no stream name] [Varnish] [vhost] [fastly] [13839b784dfa96c1fe0df4aef731e039]
https://prod-video-sa-east-1.periscope.tv [400] [GET] [text/html] [400 no stream name] [Varnish] [vhost] [fastly] [94c3f9e84b9951b568dddc963f60bb9f]
https://prod-video-us-east-1.periscope.tv [400] [GET] [text/html] [400 no stream name] [Varnish] [vhost] [fastly] [0d65aab37fd0f678cc4bc15dfb07730d]
https://prod-video-us-east-1.periscope.tv [400] [GET] [text/html] [400 no stream name] [Varnish] [vhost] [fastly] [249a5ebe1f54256d88a82c1ccbc48302]
https://prod-video-us-west-1.periscope.tv [400] [GET] [text/html] [400 no stream name] [Varnish] [vhost] [fastly] [412ce4ecaef10269660666bd8bc9f4de]
https://prod-video-us-west-1.periscope.tv [400] [GET] [text/html] [400 no stream name] [Varnish] [vhost] [fastly] [c6ecfe78a41b5c5e9d4dc2726cfc505e]
https://prod-video-us-west-2.periscope.tv [400] [GET] [text/html] [400 no stream name] [Varnish] [vhost] [fastly] [e5a53d9fe16879310ede48c5228c75f8]
https://prod-video-us-west-2.periscope.tv [400] [GET] [text/html] [400 no stream name] [Varnish] [vhost] [fastly] [fda084faf6d85c6a6eab2a6601454569]
https://public-api-ws.periscope.tv [404] [GET] [text/plain] [] [] [595e88012a6521aae3e12cbebe76eb9e]
https://public-api.periscope.tv [404] [GET] [text/plain] [] [] [595e88012a6521aae3e12cbebe76eb9e]
https://replay.periscope.tv [403] [GET] [text/xml] [] [CloudFront] [vhost] [cloudfront] [Amazon Cloudfront,Amazon Web Services] [40a481f43ca93bbbdd18621b439ea397]
https://safety.periscope.tv [404] [GET] [text/plain] [] [] [595e88012a6521aae3e12cbebe76eb9e]
https://signer-ap-northeast-1.periscope.tv [200] [GET] [application/json] [] [] [955e7eaf56cb40c3c4544b3324e53fdf]
https://signer-ap-northeast-2.periscope.tv [200] [GET] [application/json] [] [] [6b69d656a5dfac29e5e9091a72fa7850]
https://signer-ap-south-1.periscope.tv [200] [GET] [application/json] [] [] [9424f3998d453582129800c73d2a525a]
https://signer-ap-southeast-2.periscope.tv [200] [GET] [application/json] [] [] [af2f9e0a4df7d9d0b90229fa7ac3603f]
https://signer-eu-central-1.periscope.tv [200] [GET] [application/json] [] [] [190a879c11cce7db9110106fc27e990b]
https://signer-eu-west-1.periscope.tv [200] [GET] [application/json] [] [] [c1da567631175532d893899f42e714c8]
https://signer-sa-east-1.periscope.tv [200] [GET] [application/json] [] [] [8543ed1622ac8753a302c3ecc32ee68c]
https://signer-us-west-2.periscope.tv [200] [GET] [application/json] [] [] [7dd318b3f5d8ac2d16274e0a1f86a96b]
https://signer.periscope.tv [200] [GET] [application/json] [] [] [vhost] [2da38e09d389fb38c62a9e003dbfae88]
https://tn.periscope.tv [403] [GET] [text/xml] [] [CloudFront] [vhost] [cloudfront] [Amazon Cloudfront,Amazon Web Services] [40a481f43ca93bbbdd18621b439ea397]
https://vidman-ap-northeast-1.periscope.tv [400] [GET] [text/plain] [] [] [3073b4fb3dbc30dd1509ea9c3638987d]
https://vidman-ap-northeast-2.periscope.tv [400] [GET] [text/plain] [] [] [3073b4fb3dbc30dd1509ea9c3638987d]
https://vidman-ap-southeast-1.periscope.tv [400] [GET] [text/plain] [] [] [3073b4fb3dbc30dd1509ea9c3638987d]
https://vidman-ap-southeast-2.periscope.tv [400] [GET] [text/plain] [] [] [3073b4fb3dbc30dd1509ea9c3638987d]
https://vidman-eu-central-1.periscope.tv [400] [GET] [text/plain] [] [] [3073b4fb3dbc30dd1509ea9c3638987d]
https://vidman-eu-west-1.periscope.tv [400] [GET] [text/plain] [] [] [3073b4fb3dbc30dd1509ea9c3638987d]
https://vidman-sa-east-1.periscope.tv [400] [GET] [text/plain] [] [] [3073b4fb3dbc30dd1509ea9c3638987d]
https://vidman-us-east-1.periscope.tv [400] [GET] [text/plain] [] [] [3073b4fb3dbc30dd1509ea9c3638987d]
https://vidman-us-west-2.periscope.tv [400] [GET] [text/plain] [] [] [3073b4fb3dbc30dd1509ea9c3638987d]
https://web-ap-northeast-2.periscope.tv [403] [GET] [text/html] [] [] [849426656a510e49d017b16626255f12]
https://web-ap-south-1.periscope.tv [403] [GET] [text/html] [] [] [849426656a510e49d017b16626255f12]
https://web-ap-southeast-1.periscope.tv [403] [GET] [text/html] [] [] [849426656a510e49d017b16626255f12]
https://web-ap-southeast-2.periscope.tv [403] [GET] [text/html] [] [] [849426656a510e49d017b16626255f12]
https://web-eu-west-1.periscope.tv [403] [GET] [text/html] [] [] [849426656a510e49d017b16626255f12]
https://web-sa-east-1.periscope.tv [403] [GET] [text/html] [] [] [849426656a510e49d017b16626255f12]
https://web-us-east-1.periscope.tv [403] [GET] [text/html] [] [] [849426656a510e49d017b16626255f12]
https://web-us-west-1.periscope.tv [403] [GET] [text/html] [] [] [849426656a510e49d017b16626255f12]
https://web-us-west-2.periscope.tv [403] [GET] [text/html] [] [] [849426656a510e49d017b16626255f12]
https://web.periscope.tv [403] [GET] [text/html] [] [] [849426656a510e49d017b16626255f12]
https://www.periscope.tv [200] [GET] [text/html] [Watch LIVE] [] [vhost] [React] [52a1f11af755ae8fa41522a3d1178f15]
https://www.periscope.tv [200] [GET] [text/html] [Watch LIVE] [] [vhost] [React] [6c8320657e36e365d02b14c7cdaf7108]
