https://api-server.pexels.com [301] [GET] [text/html] [301 Moved Permanently] [cloudflare] [vhost] [cloudflare] [Cloudflare,Cloudflare Bot Management] [42c394b8f0152b372537ace9acc3f7bb]
https://api.pexels.com [404] [GET] [text/html] [404 Not Found] [cloudflare] [vhost] [cloudflare] [Cloudflare,Cloudflare Bot Management] [220c3ea4bab62e011dedba84ada920bb]
https://api.pexels.com [404] [GET] [text/html] [404 Not Found] [cloudflare] [vhost] [cloudflare] [Cloudflare,Cloudflare Bot Management] [6693d844aa4efc9267bc7c583084a519]
https://blog.pexels.com [301] [GET] [] [] [cloudflare] [vhost] [cloudflare] [Cloudflare,Cloudflare Bot Management] [d41d8cd98f00b204e9800998ecf8427e]
https://cat.pexels.com [301] [GET] [text/html] [301 Moved Permanently] [cloudflare] [vhost] [cloudflare] [Cloudflare,Cloudflare Bot Management] [42c394b8f0152b372537ace9acc3f7bb]
https://e.community.pexels.com [403] [GET] [text/html] [CNAME Cross-User Banned | Cloudflare] [cloudflare] [vhost] [cloudflare] [15d566b07f72c1392644e702e80f73e1]
https://e.community.pexels.com [403] [GET] [text/plain] [] [cloudflare] [vhost] [cloudflare] [Cloudflare,Cloudflare Bot Management] [4f20b85ce5ebf225720e040314a7966a]
https://elephant.pexels.com [401] [GET] [text/html] [401 Authorization Required] [cloudflare] [vhost] [cloudflare] [Basic,Cloudflare,Cloudflare Bot Management] [6a3633baa617d6a443f14005662f5d32]
https://elephant.pexels.com [401] [GET] [text/html] [401 Authorization Required] [cloudflare] [vhost] [cloudflare] [Basic,Cloudflare,Cloudflare Bot Management] [fb5853a11582105c5884f2b5ad23c8b8]
https://email.pexels.com [200] [GET] [application/octet-stream] [] [nginx] [Nginx] [9f36c1c909fa94ed5e7af41387ae3dae]
https://flamingo.pexels.com [401] [GET] [text/html] [401 Authorization Required] [cloudflare] [vhost] [cloudflare] [Basic,Cloudflare,Cloudflare Bot Management] [05fb44bcf3a1ac7781742b4557cc072a]
https://flamingo.pexels.com [401] [GET] [text/html] [401 Authorization Required] [cloudflare] [vhost] [cloudflare] [Basic,Cloudflare,Cloudflare Bot Management] [3f36a1b92aa238240b70fd8474aca831]
https://help.pexels.com [301] [GET] [text/html] [] [cloudflare] [vhost] [cloudflare] [Cloudflare,Cloudflare Network Error Logging,Zendesk] [3cbfdd56513e9b16f650d74801fae4ea]
https://images.pexels.com [200] [GET] [text/html] [imgix - Image Processing On-Demand, Served By CDN] [cloudflare] [vhost] [cloudflare] [Cloudflare,Cloudflare Bot Management] [50248e073dcffddcba3737b5ae3af376]
https://images.pexels.com [200] [GET] [text/html] [imgix - Image Processing On-Demand, Served By CDN] [cloudflare] [vhost] [cloudflare] [Cloudflare,Cloudflare Bot Management] [90835e4b3bd90ca432d31d33ca07ac2c]
https://kibana.pexels.com [530] [GET] [text/html] [Origin DNS error | kibana.pexels.com | Cloudflare] [cloudflare] [vhost] [cloudflare] [9e4d3de5f4e3b9f0c482500b44030817]
https://kibana.pexels.com [530] [GET] [text/html] [Origin DNS error | kibana.pexels.com | Cloudflare] [cloudflare] [vhost] [cloudflare] [e9e06163679545094bd53ba5039913b3]
https://l.community.pexels.com [404] [GET] [text/html] [404 Not Found] [cloudflare] [vhost] [cloudflare] [Cloudflare,Cloudflare Bot Management] [19fc505c7542efbd6c2da1ca995f7b68]
https://l.community.pexels.com [404] [GET] [text/html] [404 Not Found] [cloudflare] [vhost] [cloudflare] [Cloudflare,Cloudflare Bot Management] [c3d249eb318ca85b6c9edd9647d9b969]
https://lion.pexels.com [401] [GET] [text/html] [401 Authorization Required] [cloudflare] [vhost] [cloudflare] [Basic,Cloudflare,Cloudflare Bot Management] [63bdd5db3670d5c159bec948580fb028]
https://lion.pexels.com [401] [GET] [text/html] [401 Authorization Required] [cloudflare] [vhost] [cloudflare] [Basic,Cloudflare,Cloudflare Bot Management] [dfe4330e966a13f6f07aa74c3c1cf9f0]
https://mantis.pexels.com [401] [GET] [text/html] [401 Authorization Required] [cloudflare] [vhost] [cloudflare] [Basic,Cloudflare,Cloudflare Bot Management] [3bf33109749589d6d662fc15417a4767]
https://mantis.pexels.com [401] [GET] [text/html] [401 Authorization Required] [cloudflare] [vhost] [cloudflare] [Basic,Cloudflare,Cloudflare Bot Management] [f045c588fc73a6f04d84c12a076b182a]
https://mobius.pexels.com [521] [GET] [] [] [cloudflare] [vhost] [cloudflare] [Cloudflare,Cloudflare Bot Management] [d41d8cd98f00b204e9800998ecf8427e]
https://newsletter.pexels.com [301] [GET] [text/html] [] [cloudflare] [vhost] [cloudflare] [Cloudflare,Cloudflare Bot Management,Heroku,PHP] [d41d8cd98f00b204e9800998ecf8427e]
https://o2986.e.community.pexels.com [403] [GET] [text/html] [403 Forbidden] [cloudflare] [cloudflare] [0127426bf3ba07ff7211399ddf5186c4]
https://platypus.pexels.com [401] [GET] [text/html] [401 Authorization Required] [cloudflare] [vhost] [cloudflare] [Basic,Cloudflare,Cloudflare Bot Management] [5f61350c3270b8df1e7aa103c576b3c4]
https://platypus.pexels.com [401] [GET] [text/html] [401 Authorization Required] [cloudflare] [vhost] [cloudflare] [Basic,Cloudflare,Cloudflare Bot Management] [d959cea6f60f49678f4e7145bbbeb96e]
https://presets.pexels.com [404] [GET] [text/html] [404 Not Found] [cloudflare] [vhost] [cloudflare] [Cloudflare,Cloudflare Bot Management,Google Font API] [b12fefe76ddc5a6d0cb866aefd88c061]
https://presets.pexels.com [404] [GET] [text/html] [404 Not Found] [cloudflare] [vhost] [cloudflare] [Cloudflare,Cloudflare Bot Management,Google Font API] [da1cc210ce39d1e8633cba05263aafa8]
https://react.pexels.com [200] [GET] [text/html] [Free stock photos · Pexels] [cloudflare] [vhost] [cloudflare] [Cloudflare,Cloudflare Bot Management,Next.js,Node.js,React,webpack] [236f4a8fada89dc30503310976e3e027]
https://react.pexels.com [200] [GET] [text/html] [Free stock photos · Pexels] [cloudflare] [vhost] [cloudflare] [Cloudflare,Cloudflare Bot Management,Next.js,Node.js,React,webpack] [ad59e6922dd3c661f318e9848f3ff0b7]
https://reacta.pexels.com [401] [GET] [text/plain] [] [cloudflare] [vhost] [cloudflare] [Basic,Cloudflare,Cloudflare Bot Management] [5d5b4ef52218ca790ec5a0e5213cf9a4]
https://reactb.pexels.com [401] [GET] [text/plain] [] [cloudflare] [vhost] [cloudflare] [Basic,Cloudflare,Cloudflare Bot Management] [5d5b4ef52218ca790ec5a0e5213cf9a4]
https://sendy.pexels.com [401] [GET] [text/html] [401 Unauthorized] [cloudflare] [vhost] [cloudflare] [Basic,Cloudflare,Cloudflare Bot Management] [882881cd853efb332afb4c14bdefbf56]
https://sendy.pexels.com [401] [GET] [text/html] [401 Unauthorized] [cloudflare] [vhost] [cloudflare] [Basic,Cloudflare,Cloudflare Bot Management] [fd312704a53741a40bd7dbe4651ed160]
https://staging.pexels.com [401] [GET] [text/html] [401 Authorization Required] [cloudflare] [vhost] [cloudflare] [Basic,Cloudflare,Cloudflare Bot Management] [30c43e2f36f00683b4b7a3e6247bb0b5]
https://staging.pexels.com [401] [GET] [text/html] [401 Authorization Required] [cloudflare] [vhost] [cloudflare] [Basic,Cloudflare,Cloudflare Bot Management] [e0489a0166d83920397cabb46ca66c6a]
https://static-videos.pexels.com [200] [GET] [text/html] [imgix - Image Processing On-Demand, Served By CDN] [cloudflare] [vhost] [cloudflare] [Cloudflare,Cloudflare Bot Management] [6a734bf3bf4d78c50de4ac9349e37d09]
https://static-videos.pexels.com [200] [GET] [text/html] [imgix - Image Processing On-Demand, Served By CDN] [cloudflare] [vhost] [cloudflare] [Cloudflare,Cloudflare Bot Management] [88856a80b5d0a677bce44cc9a3a50e2f]
https://static.pexels.com [301] [GET] [] [] [cloudflare] [vhost] [cloudflare] [Cloudflare,Cloudflare Bot Management] [d41d8cd98f00b204e9800998ecf8427e]
https://www.pexels.com [403] [GET] [text/html] [Attention Required! | Cloudflare] [cloudflare] [vhost] [cloudflare] [Cloudflare,Cloudflare Bot Management,hCaptcha] [6fbae5b4373611ac2998405326954c94]
https://www.pexels.com [403] [GET] [text/html] [Attention Required! | Cloudflare] [cloudflare] [vhost] [cloudflare] [Cloudflare,Cloudflare Bot Management,hCaptcha] [d9e8486d85260286fb3d13a93505f835]
https://zoomapp.pexels.com [200] [GET] [text/html] [] [cloudflare] [vhost] [cloudflare] [Cloudflare,Cloudflare Bot Management] [8a26220f389830080739911a084cf1b6]
https://zoomapp.pexels.com [200] [GET] [text/html] [] [cloudflare] [vhost] [cloudflare] [Cloudflare,Cloudflare Bot Management] [f2970c8c78caeddd2495e5b15fe7012f]
