http://au.pscp.tv:1935 [400] [GET] [text/plain] [] [] [3073b4fb3dbc30dd1509ea9c3638987d]
http://br.pscp.tv:1935 [400] [GET] [text/plain] [] [] [3073b4fb3dbc30dd1509ea9c3638987d]
http://ca.pscp.tv:1935 [400] [GET] [text/plain] [] [] [3073b4fb3dbc30dd1509ea9c3638987d]
http://dca.pscp.tv:1935 [400] [GET] [text/plain] [] [] [3073b4fb3dbc30dd1509ea9c3638987d]
http://de.pscp.tv:1935 [400] [GET] [text/plain] [] [] [3073b4fb3dbc30dd1509ea9c3638987d]
http://dev-vidman-eu-west-1.pscp.tv:1935 [400] [GET] [text/plain] [] [] [3073b4fb3dbc30dd1509ea9c3638987d]
http://dev-vidman-us-west-2.pscp.tv:1935 [400] [GET] [text/plain] [] [] [3073b4fb3dbc30dd1509ea9c3638987d]
http://die.pscp.tv:1935 [400] [GET] [text/plain] [] [] [3073b4fb3dbc30dd1509ea9c3638987d]
http://fr.pscp.tv:1935 [400] [GET] [text/plain] [] [] [3073b4fb3dbc30dd1509ea9c3638987d]
http://ie.pscp.tv:1935 [400] [GET] [text/plain] [] [] [3073b4fb3dbc30dd1509ea9c3638987d]
http://in.pscp.tv:1935 [400] [GET] [text/plain] [] [] [3073b4fb3dbc30dd1509ea9c3638987d]
http://jp.pscp.tv:1935 [400] [GET] [text/plain] [] [] [3073b4fb3dbc30dd1509ea9c3638987d]
http://kr.pscp.tv:1935 [400] [GET] [text/plain] [] [] [3073b4fb3dbc30dd1509ea9c3638987d]
http://metrics.pscp.tv [403] [GET] [text/html] [403 Forbidden] [AmazonS3] [vhost] [Amazon S3,Amazon Web Services] [bc69c32199c9c8036ff295302e64ba97]
http://or.pscp.tv:1935 [400] [GET] [text/plain] [] [] [3073b4fb3dbc30dd1509ea9c3638987d]
http://sg.pscp.tv:1935 [400] [GET] [text/plain] [] [] [3073b4fb3dbc30dd1509ea9c3638987d]
http://va.pscp.tv:1935 [400] [GET] [text/plain] [] [] [3073b4fb3dbc30dd1509ea9c3638987d]
http://vidman-ap-northeast-1.pscp.tv:1935 [400] [GET] [text/plain] [] [] [3073b4fb3dbc30dd1509ea9c3638987d]
http://vidman-ap-northeast-2.pscp.tv:1935 [400] [GET] [text/plain] [] [] [3073b4fb3dbc30dd1509ea9c3638987d]
http://vidman-ap-southeast-1.pscp.tv:1935 [400] [GET] [text/plain] [] [] [3073b4fb3dbc30dd1509ea9c3638987d]
http://vidman-ap-southeast-2.pscp.tv:1935 [400] [GET] [text/plain] [] [] [3073b4fb3dbc30dd1509ea9c3638987d]
http://vidman-eu-central-1.pscp.tv:1935 [400] [GET] [text/plain] [] [] [3073b4fb3dbc30dd1509ea9c3638987d]
http://vidman-eu-west-1.pscp.tv:1935 [400] [GET] [text/plain] [] [] [3073b4fb3dbc30dd1509ea9c3638987d]
http://vidman-eu-west-3.pscp.tv:1935 [400] [GET] [text/plain] [] [] [3073b4fb3dbc30dd1509ea9c3638987d]
http://vidman-sa-east-1.pscp.tv:1935 [400] [GET] [text/plain] [] [] [3073b4fb3dbc30dd1509ea9c3638987d]
http://vidman-us-east-1.pscp.tv:1935 [400] [GET] [text/plain] [] [] [3073b4fb3dbc30dd1509ea9c3638987d]
http://vidman-us-west-1.pscp.tv:1935 [400] [GET] [text/plain] [] [] [3073b4fb3dbc30dd1509ea9c3638987d]
http://vidman-us-west-2.pscp.tv:1935 [400] [GET] [text/plain] [] [] [3073b4fb3dbc30dd1509ea9c3638987d]
http://zz.pscp.tv:1935 [400] [GET] [text/plain] [] [] [3073b4fb3dbc30dd1509ea9c3638987d]
https://a.pscp.tv [404] [GET] [text/plain] [] [] [595e88012a6521aae3e12cbebe76eb9e]
https://api-ws.pscp.tv [404] [GET] [text/plain] [] [] [595e88012a6521aae3e12cbebe76eb9e]
https://api.pscp.tv [404] [GET] [text/plain] [] [] [595e88012a6521aae3e12cbebe76eb9e]
https://assets.pscp.tv [403] [GET] [application/xml] [] [AmazonS3] [vhost] [cloudfront] [Amazon Cloudfront,Amazon S3,Amazon Web Services] [7ddbbdab520e54a8a83eec9e56edd68a]
https://assets.pscp.tv [403] [GET] [application/xml] [] [AmazonS3] [vhost] [cloudfront] [Amazon Cloudfront,Amazon S3,Amazon Web Services] [a77a0190d3bdb25697cc48e935dac713]
https://au.pscp.tv [400] [GET] [text/plain] [] [] [3073b4fb3dbc30dd1509ea9c3638987d]
https://audit-trail.pscp.tv [404] [GET] [text/plain] [] [] [595e88012a6521aae3e12cbebe76eb9e]
https://br.pscp.tv [400] [GET] [text/plain] [] [] [3073b4fb3dbc30dd1509ea9c3638987d]
https://ca.pscp.tv [400] [GET] [text/plain] [] [] [3073b4fb3dbc30dd1509ea9c3638987d]
https://canary-channels.pscp.tv [404] [GET] [text/plain] [] [] [595e88012a6521aae3e12cbebe76eb9e]
https://canary-chatman-ancillary-us-west-2.pscp.tv [404] [GET] [text/plain] [] [] [ef81e41d11c9e7193ddd3d470dbb3eda]
https://canary-exp-video-us-east-1.pscp.tv [500] [GET] [text/html] [Fastly error: unknown domain canary-exp-video-us-east-1.pscp.tv] [Varnish] [fastly] [2c26990ee48a24c36ec364146b64fef1]
https://canary-exp-video-us-east-1.pscp.tv [500] [GET] [text/html] [Fastly error: unknown domain canary-exp-video-us-east-1.pscp.tv] [Varnish] [fastly] [8782b6bc2fbd58c87c756896a18fe8c0]
https://canary-guest.pscp.tv [404] [GET] [text/plain] [] [] [595e88012a6521aae3e12cbebe76eb9e]
https://canary-proxsee.pscp.tv [404] [GET] [text/plain] [] [] [595e88012a6521aae3e12cbebe76eb9e]
https://canary-safety.pscp.tv [404] [GET] [text/plain] [] [] [595e88012a6521aae3e12cbebe76eb9e]
https://canary-text-classification.pscp.tv [404] [GET] [text/plain] [] [] [595e88012a6521aae3e12cbebe76eb9e]
https://canary-transcode-proxy-us-east-1.pscp.tv [404] [GET] [text/plain] [] [] [595e88012a6521aae3e12cbebe76eb9e]
https://canary-transcode-us-east-1.pscp.tv [404] [GET] [text/plain] [] [] [595e88012a6521aae3e12cbebe76eb9e]
https://canary-video-us-east-1.pscp.tv [404] [GET] [text/plain] [] [] [vhost] [fastly] [595e88012a6521aae3e12cbebe76eb9e]
https://canary-web.pscp.tv [200] [GET] [text/html] [Watch LIVE] [] [vhost] [React] [07fe81f43c450e7fd4e87b3d15848294]
https://canary-web.pscp.tv [200] [GET] [text/html] [Watch LIVE] [] [vhost] [React] [744a91784e6bc584a7dfe8cbcb931c22]
https://channel-thumbnails-dev.pscp.tv [403] [GET] [application/xml] [] [AmazonS3] [vhost] [cloudfront] [Amazon Cloudfront,Amazon S3,Amazon Web Services] [8bc3e4c6658f777b80102b661f78a9a5]
https://channel-thumbnails-dev.pscp.tv [403] [GET] [application/xml] [] [AmazonS3] [vhost] [cloudfront] [Amazon Cloudfront,Amazon S3,Amazon Web Services] [ac5350c02e78dca2da9ea9744ee909e7]
https://channel-thumbnails-live.pscp.tv [403] [GET] [application/xml] [] [AmazonS3] [vhost] [cloudfront] [Amazon Cloudfront,Amazon S3,Amazon Web Services] [84874a8039469ab2a559025fbef2fefb]
https://channel-thumbnails-live.pscp.tv [403] [GET] [application/xml] [] [AmazonS3] [vhost] [cloudfront] [Amazon Cloudfront,Amazon S3,Amazon Web Services] [ee759bf3c344e0585635f5edd29b8bdf]
https://channels.pscp.tv [404] [GET] [text/plain] [] [] [595e88012a6521aae3e12cbebe76eb9e]
https://chatman-replay-ap-northeast-1.pscp.tv [404] [GET] [text/plain] [] [] [ef81e41d11c9e7193ddd3d470dbb3eda]
https://chatman-replay-eu-central-1.pscp.tv [404] [GET] [text/plain] [] [] [ef81e41d11c9e7193ddd3d470dbb3eda]
https://chatman-replay-us-east-1.pscp.tv [404] [GET] [text/plain] [] [] [ef81e41d11c9e7193ddd3d470dbb3eda]
https://chatman-replay-us-west-2.pscp.tv [404] [GET] [text/plain] [] [] [ef81e41d11c9e7193ddd3d470dbb3eda]
https://d.pscp.tv [404] [GET] [text/plain] [] [] [595e88012a6521aae3e12cbebe76eb9e]
https://dca.pscp.tv [400] [GET] [text/plain] [] [] [3073b4fb3dbc30dd1509ea9c3638987d]
https://de.pscp.tv [400] [GET] [text/plain] [] [] [3073b4fb3dbc30dd1509ea9c3638987d]
https://dev-api-ws.pscp.tv [404] [GET] [text/plain] [] [] [595e88012a6521aae3e12cbebe76eb9e]
https://dev-api.pscp.tv [404] [GET] [text/plain] [] [] [595e88012a6521aae3e12cbebe76eb9e]
https://dev-assets.pscp.tv [403] [GET] [application/xml] [] [AmazonS3] [vhost] [cloudfront] [Amazon Cloudfront,Amazon S3,Amazon Web Services] [af83da49f70e61863e72c0594f85b475]
https://dev-assets.pscp.tv [403] [GET] [application/xml] [] [AmazonS3] [vhost] [cloudfront] [Amazon Cloudfront,Amazon S3,Amazon Web Services] [d90754eb5faba11bea5b0f2ba8ecfd9a]
https://dev-audit-trail.pscp.tv [404] [GET] [text/plain] [] [] [595e88012a6521aae3e12cbebe76eb9e]
https://dev-channels-thumbnails.pscp.tv [403] [GET] [application/xml] [] [AmazonS3] [vhost] [cloudfront] [Amazon Cloudfront,Amazon S3,Amazon Web Services] [86a82da89a30a53fdbba427657db49e3]
https://dev-channels-thumbnails.pscp.tv [403] [GET] [application/xml] [] [AmazonS3] [vhost] [cloudfront] [Amazon Cloudfront,Amazon S3,Amazon Web Services] [a361a8f938267de3a27bfb4f5bd1e824]
https://dev-chatman-ancillary-us-west-2.pscp.tv [404] [GET] [text/plain] [] [] [ef81e41d11c9e7193ddd3d470dbb3eda]
https://dev-chatman-replay-eu-west-1.pscp.tv [404] [GET] [text/plain] [] [] [ef81e41d11c9e7193ddd3d470dbb3eda]
https://dev-chatman-replay-us-west-2.pscp.tv [404] [GET] [text/plain] [] [] [ef81e41d11c9e7193ddd3d470dbb3eda]
https://dev-email.pscp.tv [404] [GET] [text/plain] [] [] [595e88012a6521aae3e12cbebe76eb9e]
https://dev-embed.pscp.tv [403] [GET] [application/json] [] [AmazonS3] [vhost] [fastly] [Amazon S3,Amazon Web Services] [7ba474ae22d83ff133e2e9312746dc17]
https://dev-embed.pscp.tv [403] [GET] [application/json] [] [AmazonS3] [vhost] [fastly] [Amazon S3,Amazon Web Services] [864e604d37f4ec4458b0fe19ef8f0aac]
https://dev-exp-video-eu-west-1.pscp.tv [400] [GET] [text/html] [400 no stream name] [Varnish] [vhost] [fastly] [0bde62d80f9b119faf8d0114b0eab7b1]
https://dev-exp-video-eu-west-1.pscp.tv [400] [GET] [text/html] [400 no stream name] [Varnish] [vhost] [fastly] [f349f7ca002e1736490bfd32723a733d]
https://dev-exp-video-us-west-2.pscp.tv [400] [GET] [text/html] [400 no stream name] [Varnish] [vhost] [fastly] [88df2246e81674989f867d2529394392]
https://dev-exp-video-us-west-2.pscp.tv [400] [GET] [text/html] [400 no stream name] [Varnish] [vhost] [fastly] [f07774e9d7e300988cd54801283efcd5]
https://dev-guest.pscp.tv [404] [GET] [text/plain] [] [] [595e88012a6521aae3e12cbebe76eb9e]
https://dev-hlspull.pscp.tv [404] [GET] [text/plain] [] [] [595e88012a6521aae3e12cbebe76eb9e]
https://dev-masks.pscp.tv [403] [GET] [application/xml] [] [AmazonS3] [vhost] [cloudfront] [Amazon Cloudfront,Amazon S3,Amazon Web Services] [9903ad4a91b728f4e28c3c3fd946621c]
https://dev-masks.pscp.tv [403] [GET] [application/xml] [] [AmazonS3] [vhost] [cloudfront] [Amazon Cloudfront,Amazon S3,Amazon Web Services] [f78961ffec34693bdc11c55bfba1342d]
https://dev-profile.pscp.tv [403] [GET] [application/xml] [] [AmazonS3] [vhost] [cloudfront] [Amazon Cloudfront,Amazon S3,Amazon Web Services] [0e9782d9d08f259be7d4a8d00b4e554a]
https://dev-profile.pscp.tv [403] [GET] [application/xml] [] [AmazonS3] [vhost] [cloudfront] [Amazon Cloudfront,Amazon S3,Amazon Web Services] [fb6a33a536bdcd4bb246bbb88271f765]
https://dev-proxsee.pscp.tv [404] [GET] [text/plain] [] [] [595e88012a6521aae3e12cbebe76eb9e]
https://dev-public-api-assets.pscp.tv [403] [GET] [application/xml] [] [AmazonS3] [vhost] [cloudfront] [Amazon Cloudfront,Amazon S3,Amazon Web Services] [35bed20d50dff37cfd004e99a0faaa58]
https://dev-public-api-assets.pscp.tv [403] [GET] [application/xml] [] [AmazonS3] [vhost] [cloudfront] [Amazon Cloudfront,Amazon S3,Amazon Web Services] [c124494d135de1d7c6637a2030c5e8e9]
https://dev-safety.pscp.tv [404] [GET] [text/plain] [] [] [595e88012a6521aae3e12cbebe76eb9e]
https://dev-signer-eu-west-1.pscp.tv [200] [GET] [application/json] [] [] [c1da567631175532d893899f42e714c8]
https://dev-signer.pscp.tv [200] [GET] [application/json] [] [] [7dd318b3f5d8ac2d16274e0a1f86a96b]
https://dev-text-classification.pscp.tv [404] [GET] [text/plain] [] [] [595e88012a6521aae3e12cbebe76eb9e]
https://dev-thumbnail.pscp.tv [403] [GET] [application/xml] [] [AmazonS3] [vhost] [cloudfront] [Amazon Cloudfront,Amazon S3,Amazon Web Services] [ac1f236991af323038a096a13cb64f55]
https://dev-thumbnail.pscp.tv [403] [GET] [application/xml] [] [AmazonS3] [vhost] [cloudfront] [Amazon Cloudfront,Amazon S3,Amazon Web Services] [ea49712a72028adce2eafd6bbf25bd3a]
https://dev-transcode-us-west-2.pscp.tv [404] [GET] [text/plain] [] [] [595e88012a6521aae3e12cbebe76eb9e]
https://dev-video-eu-west-1.pscp.tv [400] [GET] [text/html] [400 no stream name] [Varnish] [vhost] [fastly] [13ec0b125d4e72be3625a0d3b20933d6]
https://dev-video-eu-west-1.pscp.tv [400] [GET] [text/html] [400 no stream name] [Varnish] [vhost] [fastly] [deb0300effb4acac42dc5e815fa6c1b1]
https://dev-video-us-west-2.pscp.tv [400] [GET] [text/html] [400 no stream name] [Varnish] [vhost] [fastly] [64e36574b9640ea1312162ca2bc4e8a9]
https://dev-video-us-west-2.pscp.tv [400] [GET] [text/html] [400 no stream name] [Varnish] [vhost] [fastly] [6cbf884f4d47195387145528114d6b13]
https://dev-vidman-eu-west-1.pscp.tv [400] [GET] [text/plain] [] [] [3073b4fb3dbc30dd1509ea9c3638987d]
https://dev-vidman-us-west-2.pscp.tv [400] [GET] [text/plain] [] [] [3073b4fb3dbc30dd1509ea9c3638987d]
https://die.pscp.tv [400] [GET] [text/plain] [] [] [3073b4fb3dbc30dd1509ea9c3638987d]
https://email.pscp.tv [404] [GET] [text/plain] [] [] [595e88012a6521aae3e12cbebe76eb9e]
https://embed.pscp.tv [403] [GET] [application/json] [] [AmazonS3] [vhost] [fastly] [Amazon S3,Amazon Web Services] [924017058d1ddb75349ec84804d7d5f1]
https://embed.pscp.tv [403] [GET] [application/json] [] [AmazonS3] [vhost] [fastly] [Amazon S3,Amazon Web Services] [c8060a77f0a1e2e71061d057968dd1e2]
https://fr.pscp.tv [400] [GET] [text/plain] [] [] [3073b4fb3dbc30dd1509ea9c3638987d]
https://guest.pscp.tv [404] [GET] [text/plain] [] [] [595e88012a6521aae3e12cbebe76eb9e]
https://gw-canary-hydra-us-east-1.pscp.tv [400] [GET] [text/plain] [] [] [3073b4fb3dbc30dd1509ea9c3638987d]
https://gw-dev-hydra-eu-west-1.pscp.tv [400] [GET] [text/plain] [] [] [3073b4fb3dbc30dd1509ea9c3638987d]
https://gw-dev-hydra-us-west-2.pscp.tv [400] [GET] [text/plain] [] [] [3073b4fb3dbc30dd1509ea9c3638987d]
https://gw-prod-hydra-ap-south-1.pscp.tv [400] [GET] [text/plain] [] [] [3073b4fb3dbc30dd1509ea9c3638987d]
https://gw-prod-hydra-eu-central-1.pscp.tv [400] [GET] [text/plain] [] [] [3073b4fb3dbc30dd1509ea9c3638987d]
https://gw-prod-hydra-eu-west-3.pscp.tv [400] [GET] [text/plain] [] [] [3073b4fb3dbc30dd1509ea9c3638987d]
https://gw-prod-hydra-us-west-1.pscp.tv [400] [GET] [text/plain] [] [] [3073b4fb3dbc30dd1509ea9c3638987d]
https://gw-prod-hydra-us-west-2.pscp.tv [400] [GET] [text/plain] [] [] [3073b4fb3dbc30dd1509ea9c3638987d]
https://help.pscp.tv [301] [GET] [] [] [AmazonS3] [vhost] [cloudfront] [Amazon Cloudfront,Amazon S3,Amazon Web Services] [d41d8cd98f00b204e9800998ecf8427e]
https://hls.pscp.tv [500] [GET] [text/html] [Fastly error: unknown domain hls.pscp.tv] [Varnish] [fastly] [4d9fb2bb80d304ce1966d2137603ebe9]
https://hls.pscp.tv [500] [GET] [text/html] [Fastly error: unknown domain hls.pscp.tv] [Varnish] [fastly] [9effabf6b12ac45d10d9bec7e146ebe3]
https://hlspull.pscp.tv [404] [GET] [text/plain] [] [] [595e88012a6521aae3e12cbebe76eb9e]
https://ie.pscp.tv [400] [GET] [text/plain] [] [] [3073b4fb3dbc30dd1509ea9c3638987d]
https://in.pscp.tv [400] [GET] [text/plain] [] [] [3073b4fb3dbc30dd1509ea9c3638987d]
https://jp.pscp.tv [400] [GET] [text/plain] [] [] [3073b4fb3dbc30dd1509ea9c3638987d]
https://kr.pscp.tv [400] [GET] [text/plain] [] [] [3073b4fb3dbc30dd1509ea9c3638987d]
https://notification-service.pscp.tv [503] [GET] [] [] [] [d41d8cd98f00b204e9800998ecf8427e]
https://or.pscp.tv [400] [GET] [text/plain] [] [] [3073b4fb3dbc30dd1509ea9c3638987d]
https://payman.pscp.tv [404] [GET] [text/plain] [] [] [595e88012a6521aae3e12cbebe76eb9e]
https://prod-assets.pscp.tv [403] [GET] [application/xml] [] [AmazonS3] [vhost] [cloudfront] [Amazon Cloudfront,Amazon S3,Amazon Web Services] [b8f05d3ef7ec70218b36d893c43bf517]
https://prod-assets.pscp.tv [403] [GET] [application/xml] [] [AmazonS3] [vhost] [cloudfront] [Amazon Cloudfront,Amazon S3,Amazon Web Services] [fee4bf48cde9d7bc128f2083a7c20d60]
https://prod-channels-thumbnails.pscp.tv [403] [GET] [application/xml] [] [AmazonS3] [vhost] [cloudfront] [Amazon Cloudfront,Amazon S3,Amazon Web Services] [324a7ea86cac23a6e72fb998d9ef9966]
https://prod-channels-thumbnails.pscp.tv [403] [GET] [application/xml] [] [AmazonS3] [vhost] [cloudfront] [Amazon Cloudfront,Amazon S3,Amazon Web Services] [a5bfdc6ba167165ae4532fcdb53a618c]
https://prod-chatman-ancillary-ap-northeast-1.pscp.tv [404] [GET] [text/plain] [] [] [ef81e41d11c9e7193ddd3d470dbb3eda]
https://prod-chatman-ancillary-eu-central-1.pscp.tv [404] [GET] [text/plain] [] [] [ef81e41d11c9e7193ddd3d470dbb3eda]
https://prod-chatman-ancillary-us-east-1.pscp.tv [404] [GET] [text/plain] [] [] [ef81e41d11c9e7193ddd3d470dbb3eda]
https://prod-chatman-ancillary-us-west-2.pscp.tv [404] [GET] [text/plain] [] [] [ef81e41d11c9e7193ddd3d470dbb3eda]
https://prod-cloudfront-tn-ap-northeast-1-replay.video.pscp.tv [403] [GET] [text/xml] [] [CloudFront] [vhost] [cloudfront] [Amazon Cloudfront,Amazon Web Services] [40a481f43ca93bbbdd18621b439ea397]
https://prod-cloudfront-tn-ap-southeast-1-replay.video.pscp.tv [403] [GET] [text/xml] [] [CloudFront] [vhost] [cloudfront] [Amazon Cloudfront,Amazon Web Services] [40a481f43ca93bbbdd18621b439ea397]
https://prod-cloudfront-tn-eu-central-1-live.video.pscp.tv [403] [GET] [text/xml] [] [CloudFront] [vhost] [cloudfront] [Amazon Cloudfront,Amazon Web Services] [40a481f43ca93bbbdd18621b439ea397]
https://prod-cloudfront-tn-eu-central-1-replay.video.pscp.tv [403] [GET] [text/xml] [] [CloudFront] [vhost] [cloudfront] [Amazon Cloudfront,Amazon Web Services] [40a481f43ca93bbbdd18621b439ea397]
https://prod-cloudfront-tn-eu-west-1-live.video.pscp.tv [403] [GET] [text/xml] [] [CloudFront] [vhost] [cloudfront] [Amazon Cloudfront,Amazon Web Services] [40a481f43ca93bbbdd18621b439ea397]
https://prod-cloudfront-tn-eu-west-1-replay.video.pscp.tv [403] [GET] [text/xml] [] [CloudFront] [vhost] [cloudfront] [Amazon Cloudfront,Amazon Web Services] [40a481f43ca93bbbdd18621b439ea397]
https://prod-cloudfront-tn-eu-west-3-live.video.pscp.tv [403] [GET] [text/xml] [] [CloudFront] [vhost] [cloudfront] [Amazon Cloudfront,Amazon Web Services] [40a481f43ca93bbbdd18621b439ea397]
https://prod-cloudfront-tn-eu-west-3-replay.video.pscp.tv [403] [GET] [text/xml] [] [CloudFront] [vhost] [cloudfront] [Amazon Cloudfront,Amazon Web Services] [40a481f43ca93bbbdd18621b439ea397]
https://prod-cloudfront-tn-sa-east-1-live.video.pscp.tv [403] [GET] [text/xml] [] [CloudFront] [vhost] [cloudfront] [Amazon Cloudfront,Amazon Web Services] [40a481f43ca93bbbdd18621b439ea397]
https://prod-cloudfront-tn-sa-east-1-replay.video.pscp.tv [403] [GET] [text/xml] [] [CloudFront] [vhost] [cloudfront] [Amazon Cloudfront,Amazon Web Services] [40a481f43ca93bbbdd18621b439ea397]
https://prod-cloudfront-tn-us-east-1-live.video.pscp.tv [403] [GET] [text/xml] [] [CloudFront] [vhost] [cloudfront] [Amazon Cloudfront,Amazon Web Services] [40a481f43ca93bbbdd18621b439ea397]
https://prod-cloudfront-tn-us-east-1-replay.video.pscp.tv [403] [GET] [text/xml] [] [CloudFront] [vhost] [cloudfront] [Amazon Cloudfront,Amazon Web Services] [40a481f43ca93bbbdd18621b439ea397]
https://prod-cloudfront-tn-us-west-1-live.video.pscp.tv [403] [GET] [text/xml] [] [CloudFront] [vhost] [cloudfront] [Amazon Cloudfront,Amazon Web Services] [40a481f43ca93bbbdd18621b439ea397]
https://prod-cloudfront-tn-us-west-1-replay.video.pscp.tv [403] [GET] [text/xml] [] [CloudFront] [vhost] [cloudfront] [Amazon Cloudfront,Amazon Web Services] [40a481f43ca93bbbdd18621b439ea397]
https://prod-cloudfront-tn-us-west-2-live.video.pscp.tv [403] [GET] [text/xml] [] [CloudFront] [vhost] [cloudfront] [Amazon Cloudfront,Amazon Web Services] [40a481f43ca93bbbdd18621b439ea397]
https://prod-cloudfront-tn-us-west-2-replay.video.pscp.tv [403] [GET] [text/xml] [] [CloudFront] [vhost] [cloudfront] [Amazon Cloudfront,Amazon Web Services] [40a481f43ca93bbbdd18621b439ea397]
https://prod-ec-ap-northeast-1.video.pscp.tv [404] [GET] [text/plain] [] [ECAcc (tkb/73B7)] [vhost] [595e88012a6521aae3e12cbebe76eb9e]
https://prod-ec-ap-northeast-2.video.pscp.tv [404] [GET] [text/plain] [] [ECAcc (tka/8891)] [vhost] [595e88012a6521aae3e12cbebe76eb9e]
https://prod-ec-ap-south-1.video.pscp.tv [403] [GET] [text/html] [403 Forbidden] [Varnish] [vhost] [45dca202ab1950116f5cf59715ff3b53]
https://prod-ec-ap-south-1.video.pscp.tv [403] [GET] [text/html] [403 Forbidden] [Varnish] [vhost] [5d47b611f9a5fecbc45f47f51c0db4c7]
https://prod-ec-ap-southeast-1.video.pscp.tv [403] [GET] [text/html] [403 Forbidden] [Varnish] [vhost] [3dd3b6dbfffbc52e6507e0da50a07192]
https://prod-ec-ap-southeast-1.video.pscp.tv [403] [GET] [text/html] [403 Forbidden] [Varnish] [vhost] [ff80465a376e5843de1c57126792438f]
https://prod-ec-ap-southeast-2.video.pscp.tv [404] [GET] [text/plain] [] [ECAcc (nwa/E7C0)] [vhost] [595e88012a6521aae3e12cbebe76eb9e]
https://prod-ec-eu-central-1.video.pscp.tv [404] [GET] [text/plain] [] [ECAcc (frc/8F13)] [vhost] [595e88012a6521aae3e12cbebe76eb9e]
https://prod-ec-eu-west-1.video.pscp.tv [404] [GET] [text/plain] [] [ECAcc (lhb/63A1)] [vhost] [595e88012a6521aae3e12cbebe76eb9e]
https://prod-ec-eu-west-3.video.pscp.tv [404] [GET] [text/plain] [] [ECAcc (pab/6F61)] [vhost] [595e88012a6521aae3e12cbebe76eb9e]
https://prod-ec-sa-east-1.video.pscp.tv [404] [GET] [text/plain] [] [ECAcc (spb/E49C)] [vhost] [595e88012a6521aae3e12cbebe76eb9e]
https://prod-ec-sa-east-1.video.pscp.tv [404] [GET] [text/plain] [] [ECAcc (spb/E548)] [vhost] [595e88012a6521aae3e12cbebe76eb9e]
https://prod-ec-us-east-1.video.pscp.tv [404] [GET] [text/plain] [] [ECAcc (dcc/725C)] [vhost] [595e88012a6521aae3e12cbebe76eb9e]
https://prod-ec-us-west-1.video.pscp.tv [404] [GET] [text/plain] [] [ECAcc (sab/578E)] [vhost] [595e88012a6521aae3e12cbebe76eb9e]
https://prod-ec-us-west-2.video.pscp.tv [404] [GET] [text/plain] [] [ECAcc (sec/96CE)] [vhost] [595e88012a6521aae3e12cbebe76eb9e]
https://prod-exp-video-ap-southeast-2.pscp.tv [400] [GET] [text/html] [400 no stream name] [Varnish] [vhost] [fastly] [0198283ea2e749a5ca02698f1052cf77]
https://prod-exp-video-ap-southeast-2.pscp.tv [400] [GET] [text/html] [400 no stream name] [Varnish] [vhost] [fastly] [a421dfb9d6ffbcd0be753a7ebe947a93]
https://prod-exp-video-eu-central-1.pscp.tv [400] [GET] [text/html] [400 no stream name] [Varnish] [vhost] [fastly] [225035c87775074511be04c61ce9c862]
https://prod-exp-video-eu-central-1.pscp.tv [400] [GET] [text/html] [400 no stream name] [Varnish] [vhost] [fastly] [8bc23ad60596fd570342f3f6d6e80655]
https://prod-exp-video-eu-west-1.pscp.tv [400] [GET] [text/html] [400 no stream name] [Varnish] [vhost] [fastly] [3c255483b9eab026cb8ff67516a8f50b]
https://prod-exp-video-eu-west-1.pscp.tv [400] [GET] [text/html] [400 no stream name] [Varnish] [vhost] [fastly] [9e4ec13c86018fa094d55aa571001f26]
https://prod-exp-video-sa-east-1.pscp.tv [400] [GET] [text/html] [400 no stream name] [Varnish] [vhost] [fastly] [2cfa06206d5b29b5f3bb5c89cefea330]
https://prod-exp-video-sa-east-1.pscp.tv [400] [GET] [text/html] [400 no stream name] [Varnish] [vhost] [fastly] [8012204ada9de68315508eab91163cb3]
https://prod-exp-video-us-east-1.pscp.tv [400] [GET] [text/html] [400 no stream name] [Varnish] [vhost] [fastly] [a237297968bb450631abcc876ca61289]
https://prod-exp-video-us-east-1.pscp.tv [400] [GET] [text/html] [400 no stream name] [Varnish] [vhost] [fastly] [ae1332c486263330a2b5e9318997e689]
https://prod-fastly-ap-northeast-1.video.pscp.tv [404] [GET] [text/plain] [] [] [vhost] [fastly] [595e88012a6521aae3e12cbebe76eb9e]
https://prod-fastly-ap-northeast-2.video.pscp.tv [404] [GET] [text/plain] [] [] [vhost] [fastly] [595e88012a6521aae3e12cbebe76eb9e]
https://prod-fastly-ap-south-1.video.pscp.tv [403] [GET] [text/html] [403 Forbidden] [Varnish] [vhost] [fastly] [1c28393ac6d63ad7c55878742e5002fe]
https://prod-fastly-ap-south-1.video.pscp.tv [403] [GET] [text/html] [403 Forbidden] [Varnish] [vhost] [fastly] [dabccd819ab136489bc69cd18676e111]
https://prod-fastly-ap-southeast-1.video.pscp.tv [403] [GET] [text/html] [403 Forbidden] [Varnish] [vhost] [fastly] [2b9074bd2d8ad030c9e77f061e2796d9]
https://prod-fastly-ap-southeast-1.video.pscp.tv [403] [GET] [text/html] [403 Forbidden] [Varnish] [vhost] [fastly] [b07f6207733afd1cb0d0dfb274c86b66]
https://prod-fastly-ap-southeast-2.video.pscp.tv [404] [GET] [text/plain] [] [] [vhost] [fastly] [595e88012a6521aae3e12cbebe76eb9e]
https://prod-fastly-eu-central-1.video.pscp.tv [404] [GET] [text/plain] [] [] [vhost] [fastly] [595e88012a6521aae3e12cbebe76eb9e]
https://prod-fastly-eu-west-1.video.pscp.tv [404] [GET] [text/plain] [] [] [vhost] [fastly] [595e88012a6521aae3e12cbebe76eb9e]
https://prod-fastly-eu-west-3.video.pscp.tv [404] [GET] [text/plain] [] [] [vhost] [fastly] [595e88012a6521aae3e12cbebe76eb9e]
https://prod-fastly-sa-east-1.video.pscp.tv [404] [GET] [text/plain] [] [] [vhost] [fastly] [595e88012a6521aae3e12cbebe76eb9e]
https://prod-fastly-us-east-1.video.pscp.tv [404] [GET] [text/plain] [] [] [vhost] [fastly] [595e88012a6521aae3e12cbebe76eb9e]
https://prod-fastly-us-west-1.video.pscp.tv [404] [GET] [text/plain] [] [] [vhost] [fastly] [595e88012a6521aae3e12cbebe76eb9e]
https://prod-fastly-us-west-2.video.pscp.tv [404] [GET] [text/plain] [] [] [vhost] [fastly] [595e88012a6521aae3e12cbebe76eb9e]
https://prod-masks.pscp.tv [403] [GET] [application/xml] [] [AmazonS3] [vhost] [cloudfront] [Amazon Cloudfront,Amazon S3,Amazon Web Services] [aa1aa45a6e072030d8c433a114d3c303]
https://prod-masks.pscp.tv [403] [GET] [application/xml] [] [AmazonS3] [vhost] [cloudfront] [Amazon Cloudfront,Amazon S3,Amazon Web Services] [ff7b76ac83a94e0f8d16e894d632bc7a]
https://prod-profile.pscp.tv [403] [GET] [application/xml] [] [AmazonS3] [vhost] [cloudfront] [Amazon Cloudfront,Amazon S3,Amazon Web Services] [2d2aa8bc614a6fbb4830ea7ad11bbd19]
https://prod-profile.pscp.tv [403] [GET] [application/xml] [] [AmazonS3] [vhost] [cloudfront] [Amazon Cloudfront,Amazon S3,Amazon Web Services] [9c15ea447d3765701b50c7712630ab2e]
https://prod-public-api-assets.pscp.tv [403] [GET] [application/xml] [] [AmazonS3] [vhost] [cloudfront] [Amazon Cloudfront,Amazon S3,Amazon Web Services] [11b8bed632da2f806436c165b4ff6a76]
https://prod-public-api-assets.pscp.tv [403] [GET] [application/xml] [] [AmazonS3] [vhost] [cloudfront] [Amazon Cloudfront,Amazon S3,Amazon Web Services] [123a8c55ae60fabb15d3ccddbb63b21f]
https://prod-text-classification.pscp.tv [404] [GET] [text/plain] [] [] [595e88012a6521aae3e12cbebe76eb9e]
https://prod-thumbnail-small.pscp.tv [403] [GET] [application/xml] [] [AmazonS3] [vhost] [cloudfront] [Amazon Cloudfront,Amazon S3,Amazon Web Services] [7a2eb4bd2516937fc6e55c3b12066216]
https://prod-thumbnail-small.pscp.tv [403] [GET] [application/xml] [] [AmazonS3] [vhost] [cloudfront] [Amazon Cloudfront,Amazon S3,Amazon Web Services] [7d9ce42cbb1a37458355448bd7aae67a]
https://prod-thumbnail.pscp.tv [403] [GET] [application/xml] [] [AmazonS3] [vhost] [cloudfront] [Amazon Cloudfront,Amazon S3,Amazon Web Services] [93cc2a02cf80df3d6fd7a2b98dbb31fe]
https://prod-thumbnail.pscp.tv [403] [GET] [application/xml] [] [AmazonS3] [vhost] [cloudfront] [Amazon Cloudfront,Amazon S3,Amazon Web Services] [cb5ad7a9dc59e80bca896690628626c2]
https://prod-transcode-ap-northeast-2.pscp.tv [404] [GET] [text/plain] [] [] [595e88012a6521aae3e12cbebe76eb9e]
https://prod-transcode-ap-south-1.pscp.tv [404] [GET] [text/plain] [] [] [595e88012a6521aae3e12cbebe76eb9e]
https://prod-transcode-ap-southeast-1.pscp.tv [404] [GET] [text/plain] [] [] [595e88012a6521aae3e12cbebe76eb9e]
https://prod-transcode-ap-southeast-2.pscp.tv [404] [GET] [text/plain] [] [] [595e88012a6521aae3e12cbebe76eb9e]
https://prod-transcode-eu-central-1.pscp.tv [404] [GET] [text/plain] [] [] [595e88012a6521aae3e12cbebe76eb9e]
https://prod-transcode-eu-west-1.pscp.tv [404] [GET] [text/plain] [] [] [595e88012a6521aae3e12cbebe76eb9e]
https://prod-transcode-eu-west-3.pscp.tv [404] [GET] [text/plain] [] [] [595e88012a6521aae3e12cbebe76eb9e]
https://prod-transcode-proxy-ap-south-1.pscp.tv [404] [GET] [text/plain] [] [] [595e88012a6521aae3e12cbebe76eb9e]
https://prod-transcode-proxy-ap-southeast-2.pscp.tv [404] [GET] [text/plain] [] [] [595e88012a6521aae3e12cbebe76eb9e]
https://prod-transcode-proxy-eu-central-1.pscp.tv [404] [GET] [text/plain] [] [] [595e88012a6521aae3e12cbebe76eb9e]
https://prod-transcode-proxy-eu-west-1.pscp.tv [404] [GET] [text/plain] [] [] [595e88012a6521aae3e12cbebe76eb9e]
https://prod-transcode-proxy-eu-west-3.pscp.tv [404] [GET] [text/plain] [] [] [595e88012a6521aae3e12cbebe76eb9e]
https://prod-transcode-proxy-sa-east-1.pscp.tv [404] [GET] [text/plain] [] [] [595e88012a6521aae3e12cbebe76eb9e]
https://prod-transcode-proxy-us-east-1.pscp.tv [404] [GET] [text/plain] [] [] [595e88012a6521aae3e12cbebe76eb9e]
https://prod-transcode-sa-east-1.pscp.tv [404] [GET] [text/plain] [] [] [595e88012a6521aae3e12cbebe76eb9e]
https://prod-transcode-us-east-1.pscp.tv [404] [GET] [text/plain] [] [] [595e88012a6521aae3e12cbebe76eb9e]
https://prod-transcode-us-west-2.pscp.tv [404] [GET] [text/plain] [] [] [595e88012a6521aae3e12cbebe76eb9e]
https://prod-video-ap-northeast-1.pscp.tv [400] [GET] [text/html] [400 no stream name] [Varnish] [vhost] [fastly] [aff452495916b342f01bcb94417d8cb4]
https://prod-video-ap-northeast-1.pscp.tv [400] [GET] [text/html] [400 no stream name] [Varnish] [vhost] [fastly] [dd87581c208dd5b411a289dc1d2df9a4]
https://prod-video-ap-northeast-2.pscp.tv [400] [GET] [text/html] [400 no stream name] [Varnish] [vhost] [fastly] [2831c818e9d9a828a796a5ca34de1377]
https://prod-video-ap-northeast-2.pscp.tv [400] [GET] [text/html] [400 no stream name] [Varnish] [vhost] [fastly] [59d0f1ec43d991af8296fd92eb05bf9b]
https://prod-video-ap-south-1.pscp.tv [400] [GET] [text/html] [400 no stream name] [Varnish] [vhost] [fastly] [61793b7bc564419c5b6336ec1a366bdf]
https://prod-video-ap-south-1.pscp.tv [400] [GET] [text/html] [400 no stream name] [Varnish] [vhost] [fastly] [d3d71dc88615ffbbc5da2e58b3129d78]
https://prod-video-ap-southeast-1.pscp.tv [400] [GET] [text/html] [400 no stream name] [Varnish] [vhost] [fastly] [52e33671d3ae5139273b39a87834e825]
https://prod-video-ap-southeast-1.pscp.tv [400] [GET] [text/html] [400 no stream name] [Varnish] [vhost] [fastly] [9e8a85d52cae9174378547d4e6bd5711]
https://prod-video-ap-southeast-2.pscp.tv [400] [GET] [text/html] [400 no stream name] [Varnish] [vhost] [fastly] [8bdbf25908ddb84289113b65f0c31c63]
https://prod-video-ap-southeast-2.pscp.tv [400] [GET] [text/html] [400 no stream name] [Varnish] [vhost] [fastly] [8be566a5ef6172d990c75e10da2dabfe]
https://prod-video-eu-central-1.pscp.tv [400] [GET] [text/html] [400 no stream name] [Varnish] [vhost] [fastly] [deba3329b9ee1491bd4f9adb32584e80]
https://prod-video-eu-central-1.pscp.tv [400] [GET] [text/html] [400 no stream name] [Varnish] [vhost] [fastly] [e46796284ffb3024beeb7ff5330ffad9]
https://prod-video-eu-west-1.pscp.tv [400] [GET] [text/html] [400 no stream name] [Varnish] [vhost] [fastly] [63cc8e3abe205f3bada34cf6b41756bf]
https://prod-video-eu-west-1.pscp.tv [400] [GET] [text/html] [400 no stream name] [Varnish] [vhost] [fastly] [e26fa4208cab26a2461ab5fcc7189ccd]
https://prod-video-eu-west-3.pscp.tv [400] [GET] [text/html] [400 no stream name] [Varnish] [vhost] [fastly] [2bcb5a7da5371f09cdd400170381b446]
https://prod-video-eu-west-3.pscp.tv [400] [GET] [text/html] [400 no stream name] [Varnish] [vhost] [fastly] [c4df368ab1f78c35a1a8a081690c06d7]
https://prod-video-sa-east-1.pscp.tv [400] [GET] [text/html] [400 no stream name] [Varnish] [vhost] [fastly] [0388cb0e9ac6bcf9b73494c45db9b0c7]
https://prod-video-sa-east-1.pscp.tv [400] [GET] [text/html] [400 no stream name] [Varnish] [vhost] [fastly] [a270274fcb61222f71dfd09c7c58b363]
https://prod-video-us-east-1.pscp.tv [400] [GET] [text/html] [400 no stream name] [Varnish] [vhost] [fastly] [3bd340fad22db3e713f71a6d73d30802]
https://prod-video-us-east-1.pscp.tv [400] [GET] [text/html] [400 no stream name] [Varnish] [vhost] [fastly] [5da71e8d1832bf560b7a68152a71c926]
https://prod-video-us-west-1.pscp.tv [400] [GET] [text/html] [400 no stream name] [Varnish] [vhost] [fastly] [8af561e27f82bdad4240ff45fa2e4697]
https://prod-video-us-west-1.pscp.tv [400] [GET] [text/html] [400 no stream name] [Varnish] [vhost] [fastly] [9cfc4c97a1a4d8d2daaef7197c642463]
https://prod-video-us-west-2.pscp.tv [400] [GET] [text/html] [400 no stream name] [Varnish] [vhost] [fastly] [4c34b5dd0a41b9fe74531ca841b1ff55]
https://prod-video-us-west-2.pscp.tv [400] [GET] [text/html] [400 no stream name] [Varnish] [vhost] [fastly] [cd422a2f7af6f6da8ccca9b18feeac3e]
https://proxsee.pscp.tv [404] [GET] [text/plain] [] [] [595e88012a6521aae3e12cbebe76eb9e]
https://pscp.tv [302] [GET] [text/plain] [] [] [vhost] [c3345ce39bc9d1cad3d922330a1c3a70]
https://safety.pscp.tv [404] [GET] [text/plain] [] [] [595e88012a6521aae3e12cbebe76eb9e]
https://sg.pscp.tv [400] [GET] [text/plain] [] [] [3073b4fb3dbc30dd1509ea9c3638987d]
https://signer-ap-northeast-1.pscp.tv [200] [GET] [application/json] [] [] [955e7eaf56cb40c3c4544b3324e53fdf]
https://signer-ap-southeast-1.pscp.tv [200] [GET] [application/json] [] [] [44678677e90ff3958cfe1632432c9ffa]
https://signer-eu-west-1.pscp.tv [200] [GET] [application/json] [] [] [c1da567631175532d893899f42e714c8]
https://signer-sa-east-1.pscp.tv [200] [GET] [application/json] [] [] [8543ed1622ac8753a302c3ecc32ee68c]
https://signer-us-west-2.pscp.tv [200] [GET] [application/json] [] [] [7dd318b3f5d8ac2d16274e0a1f86a96b]
https://signer.pscp.tv [200] [GET] [application/json] [] [] [7dd318b3f5d8ac2d16274e0a1f86a96b]
https://test-help.pscp.tv [301] [GET] [] [] [AmazonS3] [vhost] [cloudfront] [Amazon Cloudfront,Amazon S3,Amazon Web Services] [d41d8cd98f00b204e9800998ecf8427e]
https://va.pscp.tv [400] [GET] [text/plain] [] [] [3073b4fb3dbc30dd1509ea9c3638987d]
https://vidman-ap-northeast-1.pscp.tv [400] [GET] [text/plain] [] [] [3073b4fb3dbc30dd1509ea9c3638987d]
https://vidman-ap-northeast-2.pscp.tv [400] [GET] [text/plain] [] [] [3073b4fb3dbc30dd1509ea9c3638987d]
https://vidman-ap-southeast-1.pscp.tv [400] [GET] [text/plain] [] [] [3073b4fb3dbc30dd1509ea9c3638987d]
https://vidman-ap-southeast-2.pscp.tv [400] [GET] [text/plain] [] [] [3073b4fb3dbc30dd1509ea9c3638987d]
https://vidman-eu-central-1.pscp.tv [400] [GET] [text/plain] [] [] [3073b4fb3dbc30dd1509ea9c3638987d]
https://vidman-eu-west-1.pscp.tv [400] [GET] [text/plain] [] [] [3073b4fb3dbc30dd1509ea9c3638987d]
https://vidman-eu-west-3.pscp.tv [400] [GET] [text/plain] [] [] [3073b4fb3dbc30dd1509ea9c3638987d]
https://vidman-sa-east-1.pscp.tv [400] [GET] [text/plain] [] [] [3073b4fb3dbc30dd1509ea9c3638987d]
https://vidman-us-east-1.pscp.tv [400] [GET] [text/plain] [] [] [3073b4fb3dbc30dd1509ea9c3638987d]
https://vidman-us-west-1.pscp.tv [400] [GET] [text/plain] [] [] [3073b4fb3dbc30dd1509ea9c3638987d]
https://vidman-us-west-2.pscp.tv [400] [GET] [text/plain] [] [] [3073b4fb3dbc30dd1509ea9c3638987d]
https://web-ap-northeast-1.pscp.tv [403] [GET] [text/html] [] [] [849426656a510e49d017b16626255f12]
https://web-ap-northeast-2.pscp.tv [403] [GET] [text/html] [] [] [849426656a510e49d017b16626255f12]
https://web-ap-south-1.pscp.tv [403] [GET] [text/html] [] [] [849426656a510e49d017b16626255f12]
https://web-ap-southeast-1.pscp.tv [403] [GET] [text/html] [] [] [849426656a510e49d017b16626255f12]
https://web-ap-southeast-2.pscp.tv [403] [GET] [text/html] [] [] [849426656a510e49d017b16626255f12]
https://web-eu-central-1.pscp.tv [403] [GET] [text/html] [] [] [849426656a510e49d017b16626255f12]
https://web-eu-west-1.pscp.tv [403] [GET] [text/html] [] [] [849426656a510e49d017b16626255f12]
https://web-us-east-1.pscp.tv [403] [GET] [text/html] [] [] [849426656a510e49d017b16626255f12]
https://web-us-west-2.pscp.tv [403] [GET] [text/html] [] [] [849426656a510e49d017b16626255f12]
https://web.pscp.tv [403] [GET] [text/html] [] [] [849426656a510e49d017b16626255f12]
https://www.pscp.tv [200] [GET] [text/html] [Watch LIVE] [] [vhost] [React] [04183b9e606db850b293c40c011a3732]
https://www.pscp.tv [200] [GET] [text/html] [Watch LIVE] [] [vhost] [React] [c85a792ac439df70e277258fb4fbb8b7]
https://zz.pscp.tv [400] [GET] [text/plain] [] [] [3073b4fb3dbc30dd1509ea9c3638987d]
