http://calendar.quantopian.com [302] [GET] [text/html] [302 Moved] [ghs] [vhost] [a8edbeca549cf85b5eb750c9bb16af6f]
http://dataloader.quantopian.com [200] [GET] [text/html] [!@#$%^&*] [nginx/1.18.0] [Nginx] [138c431a21650bcc8cb8b0ae45826347]
http://docs.quantopian.com [302] [GET] [text/html] [302 Moved] [ghs] [vhost] [f78c1181ee9b2b5e515976af354134a9]
http://mail.quantopian.com [301] [GET] [text/html] [301 Moved] [ghs] [vhost] [69585f9a2196c1ffbc2d36ea3c6501fa]
https://blog.quantopian.com [301] [GET] [] [] [cloudflare] [vhost] [cloudflare] [Cloudflare Network Error Logging] [d41d8cd98f00b204e9800998ecf8427e]
https://eks-proxy.quantopian.com [530] [GET] [text/html] [Origin DNS error | eks-proxy.quantopian.com | Cloudflare] [cloudflare] [vhost] [cloudflare] [5339a07651723ae5a386b3632991a6e5]
https://eks-proxy.quantopian.com [530] [GET] [text/html] [Origin DNS error | eks-proxy.quantopian.com | Cloudflare] [cloudflare] [vhost] [cloudflare] [7d8a610d9b2645f4fd6f81c87fb34c88]
https://email2.quantopian.com [404] [GET] [text/html] [404 Not Found] [cloudflare] [vhost] [cloudflare] [Cloudflare,Cloudflare Network Error Logging] [70461da8b94c6ca5d2fda3260c5a8c3b]
https://email2.quantopian.com [404] [GET] [text/html] [404 Not Found] [cloudflare] [vhost] [cloudflare] [Cloudflare,Cloudflare Network Error Logging] [8e325dc2fea7c8900fc6c4b8c6c394fe]
https://email3.quantopian.com [404] [GET] [text/html] [404 Not Found] [cloudflare] [vhost] [cloudflare] [Cloudflare,Cloudflare Network Error Logging] [8e325dc2fea7c8900fc6c4b8c6c394fe]
https://factset.quantopian.com [530] [GET] [text/html] [Origin DNS error | factset.quantopian.com | Cloudflare] [cloudflare] [vhost] [cloudflare] [285bd71fba03e4cfe31abaf7d75e4fdf]
https://factset.quantopian.com [530] [GET] [text/html] [Origin DNS error | factset.quantopian.com | Cloudflare] [cloudflare] [vhost] [cloudflare] [edde95090819db0779165036c4a2ee04]
https://image-proxy.quantopian.com [530] [GET] [text/html] [Origin DNS error | image-proxy.quantopian.com | Cloudflare] [cloudflare] [vhost] [cloudflare] [212858e898904be4c5332ba13a85fa93]
https://image-proxy.quantopian.com [530] [GET] [text/html] [Origin DNS error | image-proxy.quantopian.com | Cloudflare] [cloudflare] [vhost] [cloudflare] [684a898ffaa3abd1780a2a90c1e0bd15]
https://media.quantopian.com [530] [GET] [text/html] [Origin DNS error | media.quantopian.com | Cloudflare] [cloudflare] [vhost] [cloudflare] [938634be86acb5c5e9873d1d4fe604a8]
https://media.quantopian.com [530] [GET] [text/html] [Origin DNS error | media.quantopian.com | Cloudflare] [cloudflare] [vhost] [cloudflare] [a60ad55fed35030cb5f9bc7844507ddb]
https://qf.quantopian.com [530] [GET] [text/html] [Origin DNS error | qf.quantopian.com | Cloudflare] [cloudflare] [vhost] [cloudflare] [87b5f2e639f70fa90057afbd93544151]
https://qf.quantopian.com [530] [GET] [text/html] [Origin DNS error | qf.quantopian.com | Cloudflare] [cloudflare] [vhost] [cloudflare] [8afbbd85c6fb6b7286ced5db189cdc4b]
https://www.quantopian.com [530] [GET] [text/html] [Origin DNS error | www.quantopian.com | Cloudflare] [cloudflare] [vhost] [cloudflare] [7f595cc2a25173f545d09f3ba1b1e369]
https://www.quantopian.com [530] [GET] [text/html] [Origin DNS error | www.quantopian.com | Cloudflare] [cloudflare] [vhost] [cloudflare] [92f6a5ccea778859116a077f9e1eceef]
