http://docs.net.quora.com [302] [GET] [text/html] [302 Moved] [ghs] [vhost] [0d86061247f15eb9b9b8b3a6d2b31a42]
http://help.quora.com:2083 [400] [GET] [text/html] [400 The plain HTTP request was sent to HTTPS port] [cloudflare] [cloudflare] [cd58783500d7fa3c58f88eb0ba22f4f8]
http://help.quora.com:2087 [400] [GET] [text/html] [400 The plain HTTP request was sent to HTTPS port] [cloudflare] [cloudflare] [cd58783500d7fa3c58f88eb0ba22f4f8]
http://help.quora.com:8443 [400] [GET] [text/html] [400 The plain HTTP request was sent to HTTPS port] [cloudflare] [cloudflare] [cd58783500d7fa3c58f88eb0ba22f4f8]
http://mail.contractor.quora.com [301] [GET] [text/html] [301 Moved] [ghs] [vhost] [5857be0bd7ab67b00da5ccd9c11325b9]
http://mail.net.quora.com [301] [GET] [text/html] [301 Moved] [ghs] [vhost] [de7fd5a06d1c41694d633e09892f6e92]
https://aws-east-www.edge.quora.com [302] [GET] [text/html] [] [nginx] [Nginx] [d41d8cd98f00b204e9800998ecf8427e]
https://aws-east-www.edge.quora.com [302] [GET] [text/html] [] [nginx] [vhost] [Nginx] [d41d8cd98f00b204e9800998ecf8427e]
https://go.ad.quora.com [302] [GET] [text/html] [] [nginx] [fastly] [Nginx] [d41d8cd98f00b204e9800998ecf8427e]
https://help.quora.com [301] [GET] [text/html] [] [cloudflare] [vhost] [cloudflare] [Cloudflare,Cloudflare Network Error Logging,Zendesk] [fb8c1ade9c8cbdf60f273c7aa279aa8d]
https://info.quora.com [200] [GET] [text/html] [] [cloudflare] [vhost] [cloudflare] [Cloudflare,Cloudflare Bot Management] [8bc4374c7fe9ae7a1abb6518f3bf9af1]
https://localhost.quora.com [200] [GET] [text/html] [Localhost] [nginx] [vhost] [fastly] [Nginx] [3aa6805d32e4b6be7950e9aa08fad98b]
https://localhost.quora.com [200] [GET] [text/html] [Localhost] [nginx] [vhost] [fastly] [Nginx] [c8cadf2486775ea70b9b27366cf6b955]
https://log.quora.com [301] [GET] [text/html] [301 Moved Permanently] [nginx] [vhost] [Nginx] [4f8e702cc244ec5d4de32740c0ecbd97]
https://main.quora.com [302] [GET] [text/html] [] [nginx] [vhost] [fastly] [Nginx] [d41d8cd98f00b204e9800998ecf8427e]
https://post.quora.com [302] [GET] [text/html] [] [nginx] [Nginx] [d41d8cd98f00b204e9800998ecf8427e]
https://post.quora.com [302] [GET] [text/html] [] [nginx] [vhost] [Nginx] [d41d8cd98f00b204e9800998ecf8427e]
https://q.quora.com [404] [GET] [text/plain] [] [nginx] [vhost] [Nginx] [3be7b8b182ccd96e48989b4e57311193]
https://quora.com [308] [GET] [text/html] [308 Permanent Redirect] [nginx] [vhost] [Nginx] [f23c4815ecaef1588f16ac735c0e15d6]
https://tch.corp.quora.com [302] [GET] [text/html] [] [nginx] [vhost] [fastly] [Nginx] [d41d8cd98f00b204e9800998ecf8427e]
https://tch.quora.com [302] [GET] [text/html] [] [nginx] [vhost] [fastly] [Nginx] [d41d8cd98f00b204e9800998ecf8427e]
https://tch.www.quora.com [302] [GET] [text/html] [] [nginx] [vhost] [fastly] [Nginx] [d41d8cd98f00b204e9800998ecf8427e]
https://upload.quora.com [302] [GET] [text/html] [] [nginx] [Nginx] [d41d8cd98f00b204e9800998ecf8427e]
https://upload.quora.com [302] [GET] [text/html] [] [nginx] [vhost] [Nginx] [d41d8cd98f00b204e9800998ecf8427e]
https://www.quora.com [200] [GET] [text/html] [Quora - A place to share knowledge and better understand the world] [nginx] [vhost] [fastly] [Nginx] [d339b761537df26a3c9dd94244b515eb]
https://www.quora.com [200] [GET] [text/html] [Quora] [nginx] [vhost] [fastly] [Nginx] [79bd1b51b422bc7e3ffca66ad68d6564]
