http://qpay.rapida.ru:444 [400] [GET] [text/html] [400 The plain HTTP request was sent to HTTPS port] [nginx-wallarm] [Nginx] [ffcec3a011b0f37b33fdf4556a4854ec]
http://qpaygost.rapida.ru:444 [400] [GET] [text/html] [400 The plain HTTP request was sent to HTTPS port] [nginx-wallarm] [Nginx] [706ad480c836ef9c047055dd27b7d866]
http://tqpay.rapida.ru:444 [400] [GET] [text/html] [400 The plain HTTP request was sent to HTTPS port] [nginx-wallarm] [Nginx] [706ad480c836ef9c047055dd27b7d866]
http://tqpaygost.rapida.ru:444 [400] [GET] [text/html] [400 The plain HTTP request was sent to HTTPS port] [nginx-wallarm] [Nginx] [706ad480c836ef9c047055dd27b7d866]
https://agents.rapida.ru [301] [GET] [text/html] [301 Moved Permanently] [nginx] [vhost] [Nginx] [4f8e702cc244ec5d4de32740c0ecbd97]
https://autopay.rapida.ru [200] [GET] [text/html] [] [nginx] [Nginx] [9c5aa0ce9a33d21a110980d8e5ded82b]
https://autopay.rapida.ru:8443 [200] [GET] [text/html] [] [nginx] [Nginx] [9c5aa0ce9a33d21a110980d8e5ded82b]
https://contact.rapida.ru [200] [GET] [text/html] [Contact.Rapida.Ru :: Добро пожаловать в Contact.Rapida.Ru!] [nginx-wallarm] [Bootstrap,Nginx] [37a9f8835df265aa2c67b3219dc63caf]
https://contact.rapida.ru [200] [GET] [text/html] [Contact.Rapida.Ru :: Добро пожаловать в Contact.Rapida.Ru!] [nginx-wallarm] [Bootstrap,Nginx] [c118952d02c08c01a20bf61056285421]
https://lk.rapida.ru [400] [GET] [text/html] [400 No required SSL certificate was sent] [nginx] [Nginx] [6be05d19e4ca80eb3ef0a7f16f937f13]
https://new.rapida.ru [200] [GET] [text/html] [] [nginx] [Nginx] [e0aa021e21dddbd6d8cecec71e9cf564]
https://online.rapida.ru [200] [GET] [text/html] [Rapida Online] [nginx/1.14.2] [Google Font API,Nginx] [203d0074ac5820a435401f1abd7e28c3]
https://qpay.rapida.ru [400] [GET] [text/html] [400 No required SSL certificate was sent] [nginx-wallarm] [Nginx] [200fcf2ce095a9ef6e333d03a31e48cc]
https://qpaygost.rapida.ru [400] [GET] [text/html] [400 No required SSL certificate was sent] [nginx-wallarm] [Nginx] [200fcf2ce095a9ef6e333d03a31e48cc]
https://rapida.ru [200] [GET] [text/html] [Рапида - Главная] [nginx] [vhost] [Google Font API,Nginx] [5c444856f0b38364e292a002d35e4ba8]
https://service.rapida.ru [403] [GET] [text/html] [403 Forbidden] [nginx] [Nginx] [4b074b0b59693fa9f94fb71b175fb187]
https://service.rapida.ru [403] [GET] [text/html] [403 Forbidden] [nginx] [Nginx] [9fe3cb2b7313dc79bb477bc8fde184a7]
https://soft.rapida.ru [302] [GET] [text/html] [] [nginx] [vhost] [Nginx] [d41d8cd98f00b204e9800998ecf8427e]
https://soup.rapida.ru [200] [GET] [text/html] [] [nginx] [Nginx] [e0aa021e21dddbd6d8cecec71e9cf564]
https://stat.rapida.ru [200] [GET] [text/html] [] [nginx] [Nginx] [e0aa021e21dddbd6d8cecec71e9cf564]
https://static.rapida.ru [404] [GET] [text/html] [] [nginx] [Nginx] [7215ee9c7d9dc229d2921a40e899ec5f]
https://thunder.rapida.ru [400] [GET] [text/html] [400 No required SSL certificate was sent] [nginx] [Nginx] [08fee48a957bb5fb09679a318ee48bbc]
https://tqpay.rapida.ru [400] [GET] [text/html] [400 No required SSL certificate was sent] [nginx-wallarm] [Nginx] [1a967745c8d79137c550f790a8458729]
https://tqpaygost.rapida.ru [400] [GET] [text/html] [400 No required SSL certificate was sent] [nginx-wallarm] [Nginx] [1a967745c8d79137c550f790a8458729]
https://wallet.rapida.ru [200] [GET] [text/html] [Rapida Online] [nginx] [vhost] [Nginx] [6a6b6d06ef7e8a3591fd41606abf4188]
https://wallet.rapida.ru [200] [GET] [text/html] [Rapida Online] [nginx] [vhost] [Nginx] [a84e684f2a627adb5f1c22280e4c3d84]
https://www.rapida.ru [200] [GET] [text/html] [Рапида - Главная] [nginx] [vhost] [Google Font API,Nginx] [5c444856f0b38364e292a002d35e4ba8]
