http://argus.rbx.com:8080 [404] [GET] [text/html] [404 Not Found] [] [2e9281cb1598565605593d28a5efa3bb]
http://autodiscover.rbx.com [301] [GET] [] [] [Microsoft-IIS/10.0] [vhost] [IIS,Microsoft ASP.NET,Windows Server] [d41d8cd98f00b204e9800998ecf8427e]
http://events.rbx.com:8080 [404] [GET] [text/html] [404 Not Found] [] [2e9281cb1598565605593d28a5efa3bb]
http://forensics.rbx.com:8080 [404] [GET] [text/html] [404 Not Found] [] [2e9281cb1598565605593d28a5efa3bb]
https://argus.rbx.com [302] [GET] [] [] [] [vhost] [d41d8cd98f00b204e9800998ecf8427e]
https://artifactory-edge01.rbx.com [302] [GET] [text/html] [302 Found] [nginx/1.20.0] [vhost] [Amazon ALB,Amazon Web Services,Nginx] [c02f49a6f7239447eb46e4018c9c4d4d]
https://aws-eu-central-1b-lms.rbx.com [200] [GET] [image/gif] [] [] [vhost] [Amazon ALB,Amazon Web Services] [ad4b0f606e0f8465bc4c4c170b37e1a3]
https://bpo-vpn.rbx.com [200] [GET] [text/html] [] [] [f91a416be352a03c76b6ce8f948eda4d]
https://confluence-dev.rbx.com [302] [GET] [text/html] [302 Found] [awselb/2.0] [vhost] [f366e0e18b589cb6f243bf43ce75e83c]
https://confluence-stage.rbx.com [302] [GET] [text/html] [302 Found] [awselb/2.0] [vhost] [f366e0e18b589cb6f243bf43ce75e83c]
https://confluence.rbx.com [302] [GET] [text/html] [302 Found] [awselb/2.0] [vhost] [f366e0e18b589cb6f243bf43ce75e83c]
https://discourse.rbx.com [302] [GET] [text/html] [] [nginx] [vhost] [Nginx] [3e66609ff6f79e857fffc3753b88cb2a]
https://drone-ghc.rbx.com [403] [GET] [text/plain] [] [awselb/2.0] [08de2fdaabcd120b8ca1388d21179921]
https://events.rbx.com [200] [GET] [text/html] [Events Home | Roblox] [nginx] [vhost] [Google Cloud,Google Cloud CDN,Nginx] [9059571dfbac0f939c253dda80fe2551]
https://events.rbx.com [200] [GET] [text/html] [Events Home | Roblox] [nginx] [vhost] [Google Cloud,Google Cloud CDN,Nginx] [f0493067315a1efffefd7416e79e39ee]
https://forensics.rbx.com [404] [GET] [text/plain] [] [] [Google Cloud,Google Cloud CDN] [1cd7bc4b228010dbdf01f2df97123407]
https://fossa.rbx.com [302] [GET] [text/html] [302 Found] [awselb/2.0] [vhost] [f366e0e18b589cb6f243bf43ce75e83c]
https://github-flow.rbx.com [503] [GET] [text/plain] [] [awselb/2.0] [d41d8cd98f00b204e9800998ecf8427e]
https://hkg-gw.bpo-vpn.rbx.com [502] [GET] [text/html] [502 Bad Gateway] [] [967fea9bf419f24f2bf014bcc02ae480]
https://iad-gw.bpo-vpn.rbx.com [502] [GET] [text/html] [502 Bad Gateway] [] [967fea9bf419f24f2bf014bcc02ae480]
https://jira-ros.rbx.com [302] [GET] [text/html] [302 Found] [awselb/2.0] [vhost] [f366e0e18b589cb6f243bf43ce75e83c]
https://jira-stage.rbx.com [302] [GET] [text/html] [302 Found] [awselb/2.0] [vhost] [f366e0e18b589cb6f243bf43ce75e83c]
https://jira.rbx.com [302] [GET] [text/html] [302 Found] [awselb/2.0] [vhost] [f366e0e18b589cb6f243bf43ce75e83c]
https://ord-full-gw.vpn.rbx.com [502] [GET] [text/html] [502 Bad Gateway] [] [967fea9bf419f24f2bf014bcc02ae480]
https://ord-gw.vpn.rbx.com [502] [GET] [text/html] [502 Bad Gateway] [] [1bbe96c37fd18f08054036c3684cdac3]
https://rbx.com [200] [GET] [text/html] [This page left intentionally blank] [AmazonS3] [vhost] [cloudfront] [Amazon Cloudfront,Amazon S3,Amazon Web Services] [fd53bbf0336757f402d6f2afc08cc5f8]
https://ros.rbx.com [200] [GET] [text/html] [] [AmazonS3] [vhost] [cloudfront] [Amazon Cloudfront,Amazon S3,Amazon Web Services] [4edc1dce5037c1836b01a4b2bc5b3506]
https://scim.rbx.com [200] [GET] [text/html] [1Password SCIM Bridge Login] [] [1458e5f1376d8b5333adce09ed932ca3]
https://sea-full-gw.vpn.rbx.com [502] [GET] [text/html] [502 Bad Gateway] [] [1bbe96c37fd18f08054036c3684cdac3]
https://sea-gw.vpn.rbx.com [502] [GET] [text/html] [502 Bad Gateway] [] [1bbe96c37fd18f08054036c3684cdac3]
https://sjc-full-gw.vpn.rbx.com [502] [GET] [text/html] [502 Bad Gateway] [] [967fea9bf419f24f2bf014bcc02ae480]
https://sjc-gw.vpn.rbx.com [502] [GET] [text/html] [502 Bad Gateway] [] [1bbe96c37fd18f08054036c3684cdac3]
https://status-stage.rbx.com [302] [GET] [text/html] [302 Found] [awselb/2.0] [vhost] [f366e0e18b589cb6f243bf43ce75e83c]
https://tfe.rbx.com [302] [GET] [text/html] [302 Found] [awselb/2.0] [vhost] [f366e0e18b589cb6f243bf43ce75e83c]
https://vpn.rbx.com [200] [GET] [text/html] [] [] [f91a416be352a03c76b6ce8f948eda4d]
