http://relay.redmart.com [403] [GET] [text/html] [403] [] [cf4bf23ae244e6fd5ca63598d4dcc82d]
http://relay.redmart.com:8080 [404] [GET] [text/html] [404 Not Found] [] [2e9281cb1598565605593d28a5efa3bb]
http://timetravel.redmart.com [403] [GET] [text/html] [403] [] [cf4bf23ae244e6fd5ca63598d4dcc82d]
http://timetravel.redmart.com:8080 [404] [GET] [text/html] [404 Not Found] [] [2e9281cb1598565605593d28a5efa3bb]
https://ablink.em.redmart.com [307] [GET] [text/html] [] [openresty] [vhost] [Nginx,OpenResty] [093de9ac4fb3268eaa1a379183b4c972]
https://console-api.alpha.redmart.com [502] [GET] [text/plain] [] [] [ece4f2496fd3e47a3aec9e5f015710e5]
https://console-api.redmart.com [502] [GET] [text/plain] [] [] [vhost] [ece4f2496fd3e47a3aec9e5f015710e5]
https://console.alpha.redmart.com [200] [GET] [text/html] [] [Tengine/Aserver] [vhost] [Tengine] [02af3fb074442c0867b5ad28e243a342]
https://console.redmart.com [200] [GET] [text/html] [] [Tengine/Aserver] [vhost] [Tengine] [c1bbff9ac89b28c512c95b7d6be2d4cb]
https://datainsight.redmart.com [200] [GET] [text/html] [] [Tengine/Aserver] [vhost] [Tengine] [43a6bd43d6b8d9afa37c39e40f0a8c6e]
https://media.redmart.com [403] [GET] [application/xml] [] [AliyunOSS] [vhost] [66e7a250ecad59286f64523c80483a15]
https://media.redmart.com [403] [GET] [application/xml] [] [AliyunOSS] [vhost] [e768d4bdfd809e4357fabe547838ddea]
https://mp-api.redmart.com [404] [GET] [text/html] [] [Tengine/Aserver] [vhost] [Express,Node.js,Tengine] [48cf7197aa04d2caacaaf8d05739e3a0]
https://partners-api.alpha.redmart.com [404] [GET] [application/json] [] [Tengine/Aserver] [vhost] [Tengine] [2c7ef3e2a869dd3196f197e7c6b27070]
https://partners-api.redmart.com [404] [GET] [application/json] [] [Tengine/Aserver] [vhost] [Tengine] [2c7ef3e2a869dd3196f197e7c6b27070]
https://partners.alpha.redmart.com [200] [GET] [text/html] [Partner Portal] [Tengine/Aserver] [vhost] [AngularJS,Google Font API,Tengine] [22afdd25df0482b57f00ac19291d4dc6]
https://partners.redmart.com [200] [GET] [text/html] [Partner Portal] [Tengine/Aserver] [vhost] [AngularJS,Google Font API,Tengine] [b7235d25514d0ba238bfce9888d02559]
https://redmart.com [301] [GET] [text/html] [301 Moved Permanently] [Tengine/Aserver] [vhost] [Tengine] [ec0f2d6d8da7997a10f72a2537729e59]
https://tableau-console.redmart.com [200] [GET] [text/html] [] [Tengine/Aserver] [vhost] [Tengine] [43a6bd43d6b8d9afa37c39e40f0a8c6e]
https://westfc-api.redmart.com [502] [GET] [text/plain] [] [] [vhost] [ece4f2496fd3e47a3aec9e5f015710e5]
