https://adtworld.reflexion.net [302] [GET] [] [] [Apache-Coyote/1.1] [Apache Tomcat,Java] [d41d8cd98f00b204e9800998ecf8427e]
https://api.reflexion.net [404] [GET] [] [] [Apache-Coyote/1.1] [vhost] [Amazon ALB,Amazon Web Services,Apache Tomcat,Java] [d41d8cd98f00b204e9800998ecf8427e]
https://archive.reflexion.net [200] [GET] [text/html] [] [Apache-Coyote/1.1] [vhost] [Amazon ALB,Amazon Web Services,Apache Tomcat,Java] [915a99fbccfc639879d33f05cfbfac73]
https://arrc.reflexion.net [302] [GET] [] [] [Apache-Coyote/1.1] [Apache Tomcat,Java] [d41d8cd98f00b204e9800998ecf8427e]
https://arterian.reflexion.net [302] [GET] [] [] [Apache-Coyote/1.1] [Apache Tomcat,Java] [d41d8cd98f00b204e9800998ecf8427e]
https://asp-0.reflexion.net [302] [GET] [] [] [Apache-Coyote/1.1] [Apache Tomcat,Java] [d41d8cd98f00b204e9800998ecf8427e]
https://asp-1.reflexion.net [302] [GET] [] [] [Apache-Coyote/1.1] [Apache Tomcat,Java] [d41d8cd98f00b204e9800998ecf8427e]
https://asp-2.reflexion.net [302] [GET] [] [] [Apache-Coyote/1.1] [Apache Tomcat,Java] [d41d8cd98f00b204e9800998ecf8427e]
https://asp-3.reflexion.net [302] [GET] [] [] [Apache-Coyote/1.1] [Apache Tomcat,Java] [d41d8cd98f00b204e9800998ecf8427e]
https://asp-4.reflexion.net [302] [GET] [] [] [Apache-Coyote/1.1] [Apache Tomcat,Java] [d41d8cd98f00b204e9800998ecf8427e]
https://asp-5.reflexion.net [302] [GET] [] [] [Apache-Coyote/1.1] [Apache Tomcat,Java] [d41d8cd98f00b204e9800998ecf8427e]
https://asp-6.reflexion.net [302] [GET] [] [] [Apache-Coyote/1.1] [Apache Tomcat,Java] [d41d8cd98f00b204e9800998ecf8427e]
https://asp-7.reflexion.net [302] [GET] [] [] [Apache-Coyote/1.1] [Apache Tomcat,Java] [d41d8cd98f00b204e9800998ecf8427e]
https://asp-8.reflexion.net [302] [GET] [] [] [Apache-Coyote/1.1] [Apache Tomcat,Java] [d41d8cd98f00b204e9800998ecf8427e]
https://asp-9.reflexion.net [302] [GET] [] [] [Apache-Coyote/1.1] [Apache Tomcat,Java] [d41d8cd98f00b204e9800998ecf8427e]
https://asp.reflexion.net [302] [GET] [] [] [Apache-Coyote/1.1] [Apache Tomcat,Java] [d41d8cd98f00b204e9800998ecf8427e]
https://axonus.reflexion.net [302] [GET] [] [] [Apache-Coyote/1.1] [Apache Tomcat,Java] [d41d8cd98f00b204e9800998ecf8427e]
https://babybrowns.reflexion.net [302] [GET] [] [] [Apache-Coyote/1.1] [Apache Tomcat,Java] [d41d8cd98f00b204e9800998ecf8427e]
https://bcv.reflexion.net [302] [GET] [] [] [Apache-Coyote/1.1] [Apache Tomcat,Java] [d41d8cd98f00b204e9800998ecf8427e]
https://blockit.reflexion.net [302] [GET] [] [] [Apache-Coyote/1.1] [Apache Tomcat,Java] [d41d8cd98f00b204e9800998ecf8427e]
https://cheetah.reflexion.net [302] [GET] [] [] [Apache-Coyote/1.1] [Apache Tomcat,Java] [d41d8cd98f00b204e9800998ecf8427e]
https://chipremier.reflexion.net [302] [GET] [] [] [Apache-Coyote/1.1] [Apache Tomcat,Java] [d41d8cd98f00b204e9800998ecf8427e]
https://cmitradar.reflexion.net [200] [GET] [text/html] [] [Apache-Coyote/1.1] [vhost] [Amazon ALB,Amazon Web Services,Apache Tomcat,Java] [915a99fbccfc639879d33f05cfbfac73]
https://cmitsolutions.reflexion.net [302] [GET] [] [] [Apache-Coyote/1.1] [Apache Tomcat,Java] [d41d8cd98f00b204e9800998ecf8427e]
https://coastline.reflexion.net [302] [GET] [] [] [Apache-Coyote/1.1] [Apache Tomcat,Java] [d41d8cd98f00b204e9800998ecf8427e]
https://commander.reflexion.net [200] [GET] [text/html] [Commander™] [Apache-Coyote/1.1] [Apache Tomcat,Java] [7514b8e33fa114ae5c3c7ef2c7f138e4]
https://connectwise.reflexion.net [302] [GET] [] [] [Apache-Coyote/1.1] [Apache Tomcat,Java] [d41d8cd98f00b204e9800998ecf8427e]
https://csgsupport.reflexion.net [302] [GET] [] [] [Apache-Coyote/1.1] [Apache Tomcat,Java] [d41d8cd98f00b204e9800998ecf8427e]
https://ctech.reflexion.net [302] [GET] [] [] [Apache-Coyote/1.1] [Apache Tomcat,Java] [d41d8cd98f00b204e9800998ecf8427e]
https://cvts-radar.reflexion.net [200] [GET] [text/html] [] [Apache-Coyote/1.1] [vhost] [Amazon ALB,Amazon Web Services,Apache Tomcat,Java] [915a99fbccfc639879d33f05cfbfac73]
https://ddk.reflexion.net [302] [GET] [] [] [Apache-Coyote/1.1] [Apache Tomcat,Java] [d41d8cd98f00b204e9800998ecf8427e]
https://dedicatedit.reflexion.net [302] [GET] [] [] [Apache-Coyote/1.1] [Apache Tomcat,Java] [d41d8cd98f00b204e9800998ecf8427e]
https://deeleyit.reflexion.net [302] [GET] [] [] [Apache-Coyote/1.1] [Apache Tomcat,Java] [d41d8cd98f00b204e9800998ecf8427e]
https://dspi.reflexion.net [302] [GET] [] [] [Apache-Coyote/1.1] [Apache Tomcat,Java] [d41d8cd98f00b204e9800998ecf8427e]
https://dtmail.reflexion.net [302] [GET] [] [] [Apache-Coyote/1.1] [Apache Tomcat,Java] [d41d8cd98f00b204e9800998ecf8427e]
https://ecopixel.reflexion.net [302] [GET] [] [] [Apache-Coyote/1.1] [Apache Tomcat,Java] [d41d8cd98f00b204e9800998ecf8427e]
https://enersystems.reflexion.net [302] [GET] [] [] [Apache-Coyote/1.1] [Apache Tomcat,Java] [d41d8cd98f00b204e9800998ecf8427e]
https://eob.reflexion.net [302] [GET] [] [] [Apache-Coyote/1.1] [Apache Tomcat,Java] [d41d8cd98f00b204e9800998ecf8427e]
https://facultare.reflexion.net [302] [GET] [] [] [Apache-Coyote/1.1] [Apache Tomcat,Java] [d41d8cd98f00b204e9800998ecf8427e]
https://fidelis.reflexion.net [302] [GET] [] [] [Apache-Coyote/1.1] [Apache Tomcat,Java] [d41d8cd98f00b204e9800998ecf8427e]
https://fireit.reflexion.net [302] [GET] [] [] [Apache-Coyote/1.1] [Apache Tomcat,Java] [d41d8cd98f00b204e9800998ecf8427e]
https://flaming.reflexion.net [302] [GET] [] [] [Apache-Coyote/1.1] [Apache Tomcat,Java] [d41d8cd98f00b204e9800998ecf8427e]
https://fpm3.reflexion.net [302] [GET] [] [] [Apache-Coyote/1.1] [Apache Tomcat,Java] [d41d8cd98f00b204e9800998ecf8427e]
https://gearytech.reflexion.net [302] [GET] [] [] [Apache-Coyote/1.1] [Apache Tomcat,Java] [d41d8cd98f00b204e9800998ecf8427e]
https://getair.reflexion.net [302] [GET] [] [] [Apache-Coyote/1.1] [Apache Tomcat,Java] [d41d8cd98f00b204e9800998ecf8427e]
https://godesign.reflexion.net [302] [GET] [] [] [Apache-Coyote/1.1] [Apache Tomcat,Java] [d41d8cd98f00b204e9800998ecf8427e]
https://groffnetworks.reflexion.net [302] [GET] [] [] [Apache-Coyote/1.1] [Apache Tomcat,Java] [d41d8cd98f00b204e9800998ecf8427e]
https://gsnsecure.reflexion.net [302] [GET] [] [] [Apache-Coyote/1.1] [Apache Tomcat,Java] [d41d8cd98f00b204e9800998ecf8427e]
https://hcez.reflexion.net [302] [GET] [] [] [Apache-Coyote/1.1] [Apache Tomcat,Java] [d41d8cd98f00b204e9800998ecf8427e]
https://hes.reflexion.net [302] [GET] [] [] [Apache-Coyote/1.1] [Apache Tomcat,Java] [d41d8cd98f00b204e9800998ecf8427e]
https://i3.reflexion.net [302] [GET] [] [] [Apache-Coyote/1.1] [Apache Tomcat,Java] [d41d8cd98f00b204e9800998ecf8427e]
https://ingenium.reflexion.net [302] [GET] [] [] [Apache-Coyote/1.1] [Apache Tomcat,Java] [d41d8cd98f00b204e9800998ecf8427e]
https://internetic.reflexion.net [302] [GET] [] [] [Apache-Coyote/1.1] [Apache Tomcat,Java] [d41d8cd98f00b204e9800998ecf8427e]
https://intersoft.reflexion.net [302] [GET] [] [] [Apache-Coyote/1.1] [Apache Tomcat,Java] [d41d8cd98f00b204e9800998ecf8427e]
https://jenaly-radar.reflexion.net [200] [GET] [text/html] [] [Apache-Coyote/1.1] [vhost] [Amazon ALB,Amazon Web Services,Apache Tomcat,Java] [915a99fbccfc639879d33f05cfbfac73]
https://jenaly.reflexion.net [302] [GET] [] [] [Apache-Coyote/1.1] [Apache Tomcat,Java] [d41d8cd98f00b204e9800998ecf8427e]
https://jwcs.reflexion.net [302] [GET] [] [] [Apache-Coyote/1.1] [Apache Tomcat,Java] [d41d8cd98f00b204e9800998ecf8427e]
https://kmsi.reflexion.net [302] [GET] [] [] [Apache-Coyote/1.1] [Apache Tomcat,Java] [d41d8cd98f00b204e9800998ecf8427e]
https://lifeline.reflexion.net [302] [GET] [] [] [Apache-Coyote/1.1] [Apache Tomcat,Java] [d41d8cd98f00b204e9800998ecf8427e]
https://limeleap.reflexion.net [302] [GET] [] [] [Apache-Coyote/1.1] [Apache Tomcat,Java] [d41d8cd98f00b204e9800998ecf8427e]
https://lionfield.reflexion.net [302] [GET] [] [] [Apache-Coyote/1.1] [Apache Tomcat,Java] [d41d8cd98f00b204e9800998ecf8427e]
https://logical.reflexion.net [302] [GET] [] [] [Apache-Coyote/1.1] [Apache Tomcat,Java] [d41d8cd98f00b204e9800998ecf8427e]
https://mail.reflexion.net [302] [GET] [] [] [Apache-Coyote/1.1] [Apache Tomcat,Java,Sqreen] [d41d8cd98f00b204e9800998ecf8427e]
https://maildefender.reflexion.net [302] [GET] [] [] [Apache-Coyote/1.1] [Apache Tomcat,Java] [d41d8cd98f00b204e9800998ecf8427e]
https://makios.reflexion.net [302] [GET] [] [] [Apache-Coyote/1.1] [Apache Tomcat,Java] [d41d8cd98f00b204e9800998ecf8427e]
https://meritech.reflexion.net [302] [GET] [] [] [Apache-Coyote/1.1] [Apache Tomcat,Java] [d41d8cd98f00b204e9800998ecf8427e]
https://mettle.reflexion.net [302] [GET] [] [] [Apache-Coyote/1.1] [Apache Tomcat,Java] [d41d8cd98f00b204e9800998ecf8427e]
https://mitm.reflexion.net [302] [GET] [] [] [Apache-Coyote/1.1] [Apache Tomcat,Java] [d41d8cd98f00b204e9800998ecf8427e]
https://monitor.reflexion.net [200] [GET] [text/html] [Reflexion Monitor] [Apache/2.2.15 (CentOS)] [Apache,CentOS] [b910cf3cc79071f76bbf02db5c00809a]
https://mx-100.reflexion.net [302] [GET] [] [] [Apache-Coyote/1.1] [Apache Tomcat,Java] [d41d8cd98f00b204e9800998ecf8427e]
https://mx-110.reflexion.net [302] [GET] [] [] [Apache-Coyote/1.1] [Apache Tomcat,Java] [d41d8cd98f00b204e9800998ecf8427e]
https://ncg.reflexion.net [302] [GET] [] [] [Apache-Coyote/1.1] [Apache Tomcat,Java] [d41d8cd98f00b204e9800998ecf8427e]
https://netops.reflexion.net [302] [GET] [] [] [Apache-Coyote/1.1] [Apache Tomcat,Java] [d41d8cd98f00b204e9800998ecf8427e]
https://netsolutions.reflexion.net [302] [GET] [] [] [Apache-Coyote/1.1] [Apache Tomcat,Java] [d41d8cd98f00b204e9800998ecf8427e]
https://newtrend.reflexion.net [302] [GET] [] [] [Apache-Coyote/1.1] [Apache Tomcat,Java] [d41d8cd98f00b204e9800998ecf8427e]
https://nsync.reflexion.net [302] [GET] [] [] [Apache-Coyote/1.1] [Apache Tomcat,Java] [d41d8cd98f00b204e9800998ecf8427e]
https://ntegrity.reflexion.net [302] [GET] [] [] [Apache-Coyote/1.1] [Apache Tomcat,Java] [d41d8cd98f00b204e9800998ecf8427e]
https://optimum.reflexion.net [302] [GET] [] [] [Apache-Coyote/1.1] [Apache Tomcat,Java] [d41d8cd98f00b204e9800998ecf8427e]
https://osiris.reflexion.net [302] [GET] [] [] [Apache-Coyote/1.1] [Apache Tomcat,Java] [d41d8cd98f00b204e9800998ecf8427e]
https://outbound-mail-208-16.reflexion.net [302] [GET] [] [] [Apache-Coyote/1.1] [Apache Tomcat,Java] [d41d8cd98f00b204e9800998ecf8427e]
https://outbound-mail-208-17.reflexion.net [302] [GET] [] [] [Apache-Coyote/1.1] [Apache Tomcat,Java] [d41d8cd98f00b204e9800998ecf8427e]
https://outbound-mail-208-18.reflexion.net [302] [GET] [] [] [Apache-Coyote/1.1] [Apache Tomcat,Java] [d41d8cd98f00b204e9800998ecf8427e]
https://outbound-mail-208-251.reflexion.net [302] [GET] [] [] [Apache-Coyote/1.1] [Apache Tomcat,Java,Sqreen] [d41d8cd98f00b204e9800998ecf8427e]
https://pchelp.reflexion.net [302] [GET] [] [] [Apache-Coyote/1.1] [Apache Tomcat,Java] [d41d8cd98f00b204e9800998ecf8427e]
https://performasys.reflexion.net [302] [GET] [] [] [Apache-Coyote/1.1] [Apache Tomcat,Java] [d41d8cd98f00b204e9800998ecf8427e]
https://phaser2.reflexion.net [200] [GET] [text/html] [] [Apache-Coyote/1.1] [vhost] [Amazon ALB,Amazon Web Services,Apache Tomcat,Java] [915a99fbccfc639879d33f05cfbfac73]
https://pinnacle.reflexion.net [302] [GET] [] [] [Apache-Coyote/1.1] [Apache Tomcat,Java] [d41d8cd98f00b204e9800998ecf8427e]
https://pop3.reflexion.net [200] [GET] [text/html] [] [Apache-Coyote/1.1] [vhost] [Amazon ALB,Amazon Web Services,Apache Tomcat,Java] [915a99fbccfc639879d33f05cfbfac73]
https://portal.reflexion.net [302] [GET] [] [] [Apache-Coyote/1.1] [vhost] [Amazon ALB,Amazon Web Services,Apache Tomcat,Java] [d41d8cd98f00b204e9800998ecf8427e]
https://proofpoint.reflexion.net [200] [GET] [text/html] [] [Apache-Coyote/1.1] [vhost] [Amazon ALB,Amazon Web Services,Apache Tomcat,Java] [915a99fbccfc639879d33f05cfbfac73]
https://qa.reflexion.net [502] [GET] [text/html] [502 Bad Gateway] [awselb/2.0] [2b04736d96787f2c09e31a234e40273e]
https://qa.reflexion.net [502] [GET] [text/html] [502 Bad Gateway] [awselb/2.0] [7418cbee906b4db0f20614d0eeebceff]
https://qlan.reflexion.net [302] [GET] [] [] [Apache-Coyote/1.1] [Apache Tomcat,Java] [d41d8cd98f00b204e9800998ecf8427e]
https://radar-commander.reflexion.net [200] [GET] [text/html] [Commander™] [Apache-Coyote/1.1] [Apache Tomcat,Java] [7514b8e33fa114ae5c3c7ef2c7f138e4]
https://radar-pop3.reflexion.net [200] [GET] [text/html] [] [Apache-Coyote/1.1] [vhost] [Amazon ALB,Amazon Web Services,Apache Tomcat,Java] [915a99fbccfc639879d33f05cfbfac73]
https://radar.reflexion.net [200] [GET] [text/html] [] [Apache-Coyote/1.1] [vhost] [Amazon ALB,Amazon Web Services,Apache Tomcat,Java] [915a99fbccfc639879d33f05cfbfac73]
https://reflexion.net [301] [GET] [] [] [] [vhost] [cloudfront] [Amazon Cloudfront,Amazon Web Services] [d41d8cd98f00b204e9800998ecf8427e]
https://rfx-asp.reflexion.net [302] [GET] [] [] [Apache-Coyote/1.1] [Apache Tomcat,Java,Sqreen] [d41d8cd98f00b204e9800998ecf8427e]
https://rfx-monitor.reflexion.net [200] [GET] [text/html] [Reflexion Monitor] [Apache/2.2.15 (CentOS)] [Apache,CentOS] [b910cf3cc79071f76bbf02db5c00809a]
https://saber.reflexion.net [302] [GET] [] [] [Apache-Coyote/1.1] [Apache Tomcat,Java] [d41d8cd98f00b204e9800998ecf8427e]
https://securemail.reflexion.net [301] [GET] [] [] [] [d41d8cd98f00b204e9800998ecf8427e]
https://sophos.reflexion.net [200] [GET] [text/html] [] [Apache-Coyote/1.1] [vhost] [Amazon ALB,Amazon Web Services,Apache Tomcat,Java] [915a99fbccfc639879d33f05cfbfac73]
https://stemp.reflexion.net [200] [GET] [text/html] [] [Apache-Coyote/1.1] [vhost] [Amazon ALB,Amazon Web Services,Apache Tomcat,Java] [915a99fbccfc639879d33f05cfbfac73]
https://sysarc.reflexion.net [302] [GET] [] [] [Apache-Coyote/1.1] [Apache Tomcat,Java] [d41d8cd98f00b204e9800998ecf8427e]
https://technologyvisionaries.reflexion.net [302] [GET] [] [] [Apache-Coyote/1.1] [Apache Tomcat,Java] [d41d8cd98f00b204e9800998ecf8427e]
https://technovisionaries.reflexion.net [302] [GET] [] [] [Apache-Coyote/1.1] [Apache Tomcat,Java] [d41d8cd98f00b204e9800998ecf8427e]
https://techprosource.reflexion.net [302] [GET] [] [] [Apache-Coyote/1.1] [Apache Tomcat,Java] [d41d8cd98f00b204e9800998ecf8427e]
https://test.reflexion.net [301] [GET] [] [] [] [vhost] [cloudfront] [Amazon Cloudfront,Amazon Web Services] [d41d8cd98f00b204e9800998ecf8427e]
https://thenetnow.reflexion.net [302] [GET] [] [] [Apache-Coyote/1.1] [Apache Tomcat,Java] [d41d8cd98f00b204e9800998ecf8427e]
https://thenetnow.reflexion.net [302] [GET] [] [] [Apache-Coyote/1.1] [vhost] [Apache Tomcat,Java] [d41d8cd98f00b204e9800998ecf8427e]
https://tmsnet.reflexion.net [302] [GET] [] [] [Apache-Coyote/1.1] [Apache Tomcat,Java] [d41d8cd98f00b204e9800998ecf8427e]
https://tns.reflexion.net [302] [GET] [] [] [Apache-Coyote/1.1] [Apache Tomcat,Java] [d41d8cd98f00b204e9800998ecf8427e]
https://unified.reflexion.net [302] [GET] [] [] [Apache-Coyote/1.1] [Apache Tomcat,Java] [d41d8cd98f00b204e9800998ecf8427e]
https://webserv.reflexion.net [302] [GET] [] [] [Apache-Coyote/1.1] [Apache Tomcat,Java] [d41d8cd98f00b204e9800998ecf8427e]
https://www.reflexion.net [301] [GET] [] [] [] [vhost] [cloudfront] [Amazon Cloudfront,Amazon Web Services] [d41d8cd98f00b204e9800998ecf8427e]
https://xbar.reflexion.net [302] [GET] [] [] [Apache-Coyote/1.1] [Apache Tomcat,Java] [d41d8cd98f00b204e9800998ecf8427e]
https://zconnect.reflexion.net [302] [GET] [] [] [Apache-Coyote/1.1] [Apache Tomcat,Java] [d41d8cd98f00b204e9800998ecf8427e]
