http://api.rocketleague.com:8080 [404] [GET] [text/html] [404 Not Found] [] [2e9281cb1598565605593d28a5efa3bb]
http://competitive.rocketleague.com:2082 [301] [GET] [] [] [cloudflare] [cloudflare] [d41d8cd98f00b204e9800998ecf8427e]
http://competitive.rocketleague.com:2086 [301] [GET] [] [] [cloudflare] [cloudflare] [d41d8cd98f00b204e9800998ecf8427e]
http://competitive.rocketleague.com:2095 [301] [GET] [] [] [cloudflare] [cloudflare] [d41d8cd98f00b204e9800998ecf8427e]
http://competitive.rocketleague.com:8080 [301] [GET] [] [] [cloudflare] [cloudflare] [d41d8cd98f00b204e9800998ecf8427e]
http://competitive.rocketleague.com:8880 [301] [GET] [] [] [cloudflare] [cloudflare] [d41d8cd98f00b204e9800998ecf8427e]
http://pass.rocketleague.com:2082 [301] [GET] [] [] [cloudflare] [cloudflare] [d41d8cd98f00b204e9800998ecf8427e]
http://pass.rocketleague.com:2086 [301] [GET] [] [] [cloudflare] [cloudflare] [d41d8cd98f00b204e9800998ecf8427e]
http://pass.rocketleague.com:2095 [301] [GET] [] [] [cloudflare] [cloudflare] [d41d8cd98f00b204e9800998ecf8427e]
http://pass.rocketleague.com:8080 [301] [GET] [] [] [cloudflare] [cloudflare] [d41d8cd98f00b204e9800998ecf8427e]
http://pass.rocketleague.com:8880 [301] [GET] [] [] [cloudflare] [cloudflare] [d41d8cd98f00b204e9800998ecf8427e]
http://rewards-test.rocketleague.com:2083 [400] [GET] [text/html] [400 The plain HTTP request was sent to HTTPS port] [cloudflare] [cloudflare] [20ad84d030031252141ca0b3fc0183f0]
http://rewards-test.rocketleague.com:2087 [400] [GET] [text/html] [400 The plain HTTP request was sent to HTTPS port] [cloudflare] [cloudflare] [cd58783500d7fa3c58f88eb0ba22f4f8]
http://rewards-test.rocketleague.com:8443 [400] [GET] [text/html] [400 The plain HTTP request was sent to HTTPS port] [cloudflare] [cloudflare] [cd58783500d7fa3c58f88eb0ba22f4f8]
http://rewards.rocketleague.com:2082 [301] [GET] [] [] [cloudflare] [cloudflare] [d41d8cd98f00b204e9800998ecf8427e]
http://rewards.rocketleague.com:2086 [301] [GET] [] [] [cloudflare] [cloudflare] [d41d8cd98f00b204e9800998ecf8427e]
http://rewards.rocketleague.com:2095 [301] [GET] [] [] [cloudflare] [cloudflare] [d41d8cd98f00b204e9800998ecf8427e]
http://rewards.rocketleague.com:8080 [301] [GET] [] [] [cloudflare] [cloudflare] [d41d8cd98f00b204e9800998ecf8427e]
http://rewards.rocketleague.com:8880 [301] [GET] [] [] [cloudflare] [cloudflare] [d41d8cd98f00b204e9800998ecf8427e]
http://support.rocketleague.com:2083 [400] [GET] [text/html] [400 The plain HTTP request was sent to HTTPS port] [cloudflare] [cloudflare] [cd58783500d7fa3c58f88eb0ba22f4f8]
http://support.rocketleague.com:2087 [400] [GET] [text/html] [400 The plain HTTP request was sent to HTTPS port] [cloudflare] [cloudflare] [20ad84d030031252141ca0b3fc0183f0]
http://support.rocketleague.com:2096 [400] [GET] [text/html] [400 The plain HTTP request was sent to HTTPS port] [cloudflare] [cloudflare] [cd58783500d7fa3c58f88eb0ba22f4f8]
http://support.rocketleague.com:8443 [400] [GET] [text/html] [400 The plain HTTP request was sent to HTTPS port] [cloudflare] [cloudflare] [cd58783500d7fa3c58f88eb0ba22f4f8]
http://zendesk1.rocketleague.com:2082 [403] [GET] [text/plain] [] [cloudflare] [vhost] [cloudflare] [Cloudflare] [1e592c666f49ec5d3c8933c571646d79]
http://zendesk1.rocketleague.com:2086 [403] [GET] [text/plain] [] [cloudflare] [vhost] [cloudflare] [Cloudflare] [1e592c666f49ec5d3c8933c571646d79]
http://zendesk1.rocketleague.com:8080 [403] [GET] [text/plain] [] [cloudflare] [vhost] [cloudflare] [Cloudflare] [1e592c666f49ec5d3c8933c571646d79]
http://zendesk1.rocketleague.com:8880 [403] [GET] [text/plain] [] [cloudflare] [vhost] [cloudflare] [Cloudflare] [1e592c666f49ec5d3c8933c571646d79]
http://zendesk2.rocketleague.com:2082 [403] [GET] [text/plain] [] [cloudflare] [vhost] [cloudflare] [Cloudflare] [1e592c666f49ec5d3c8933c571646d79]
http://zendesk2.rocketleague.com:8080 [403] [GET] [text/plain] [] [cloudflare] [vhost] [cloudflare] [Cloudflare] [1e592c666f49ec5d3c8933c571646d79]
http://zendesk2.rocketleague.com:8880 [403] [GET] [text/plain] [] [cloudflare] [vhost] [cloudflare] [Cloudflare] [1e592c666f49ec5d3c8933c571646d79]
http://zendesk3.rocketleague.com:2082 [403] [GET] [text/plain] [] [cloudflare] [vhost] [cloudflare] [Cloudflare] [1e592c666f49ec5d3c8933c571646d79]
http://zendesk3.rocketleague.com:8080 [403] [GET] [text/plain] [] [cloudflare] [vhost] [cloudflare] [Cloudflare] [1e592c666f49ec5d3c8933c571646d79]
http://zendesk3.rocketleague.com:8880 [403] [GET] [text/plain] [] [cloudflare] [vhost] [cloudflare] [Cloudflare] [1e592c666f49ec5d3c8933c571646d79]
http://zendesk4.rocketleague.com:2082 [403] [GET] [text/plain] [] [cloudflare] [vhost] [cloudflare] [Cloudflare] [1e592c666f49ec5d3c8933c571646d79]
http://zendesk4.rocketleague.com:8080 [403] [GET] [text/plain] [] [cloudflare] [vhost] [cloudflare] [Cloudflare] [1e592c666f49ec5d3c8933c571646d79]
http://zendesk4.rocketleague.com:8880 [403] [GET] [text/plain] [] [cloudflare] [vhost] [cloudflare] [Cloudflare] [1e592c666f49ec5d3c8933c571646d79]
https://api.rocketleague.com [200] [GET] [text/html] [Rocket League API 			 - Welcome] [gunicorn/19.7.1] [Bootstrap,Font Awesome,Google Cloud,Google Cloud CDN,Python,ZURB Foundation,gunicorn] [743a1c8e79d3b472ff3efede87c292a9]
https://competitive.rocketleague.com [301] [GET] [] [] [cloudflare] [vhost] [cloudflare] [d41d8cd98f00b204e9800998ecf8427e]
https://competitive.rocketleague.com:2083 [301] [GET] [] [] [cloudflare] [vhost] [cloudflare] [d41d8cd98f00b204e9800998ecf8427e]
https://competitive.rocketleague.com:2087 [301] [GET] [] [] [cloudflare] [vhost] [cloudflare] [d41d8cd98f00b204e9800998ecf8427e]
https://competitive.rocketleague.com:8443 [301] [GET] [] [] [cloudflare] [vhost] [cloudflare] [d41d8cd98f00b204e9800998ecf8427e]
https://esports.rocketleague.com [200] [GET] [text/html] [Rocket League Esports | Rocket League Esports] [] [vhost] [fastly] [Typekit,animate.css] [de496d8298ba6a33972bbd257b74a610]
https://oauth2.rocketleague.com [404] [GET] [] [] [] [vhost] [Google Cloud,Google Cloud CDN] [d41d8cd98f00b204e9800998ecf8427e]
https://pass.rocketleague.com [301] [GET] [] [] [cloudflare] [vhost] [cloudflare] [d41d8cd98f00b204e9800998ecf8427e]
https://pass.rocketleague.com:2083 [301] [GET] [] [] [cloudflare] [vhost] [cloudflare] [d41d8cd98f00b204e9800998ecf8427e]
https://pass.rocketleague.com:2087 [301] [GET] [] [] [cloudflare] [vhost] [cloudflare] [d41d8cd98f00b204e9800998ecf8427e]
https://pass.rocketleague.com:8443 [301] [GET] [] [] [cloudflare] [vhost] [cloudflare] [d41d8cd98f00b204e9800998ecf8427e]
https://rewards-test.rocketleague.com [404] [GET] [text/html] [Error 404 (Not Found)!!1] [cloudflare] [vhost] [cloudflare] [Cloudflare] [b81150861bf911f947660cf73bce77f6]
https://rewards.rocketleague.com [301] [GET] [] [] [cloudflare] [vhost] [cloudflare] [d41d8cd98f00b204e9800998ecf8427e]
https://rewards.rocketleague.com:2083 [301] [GET] [] [] [cloudflare] [vhost] [cloudflare] [d41d8cd98f00b204e9800998ecf8427e]
https://rewards.rocketleague.com:2087 [301] [GET] [] [] [cloudflare] [vhost] [cloudflare] [d41d8cd98f00b204e9800998ecf8427e]
https://rewards.rocketleague.com:8443 [301] [GET] [] [] [cloudflare] [vhost] [cloudflare] [d41d8cd98f00b204e9800998ecf8427e]
https://rocketleague.com [301] [GET] [text/html] [] [] [vhost] [fastly] [d41d8cd98f00b204e9800998ecf8427e]
https://sideswipe.rocketleague.com [200] [GET] [text/html] [Rocket League Sideswipe | Rocket League Sideswipe] [] [vhost] [fastly] [Typekit,ZURB Foundation] [305dfee58bdd3c3a8b35d4f5a8bba7c6]
https://support.rocketleague.com [301] [GET] [text/html] [] [cloudflare] [vhost] [cloudflare] [Cloudflare,Cloudflare Network Error Logging,Zendesk] [cd9345ac50462be1be4c47d4f5fd63a9]
https://www.rocketleague.com [200] [GET] [text/html] [Rocket League ® | Rocket League® - Official Site] [] [vhost] [fastly] [Fourthwall,Typekit,YouTube] [57a41031c095eac464b7b79307d2562d]
https://zendesk1.rocketleague.com [403] [GET] [text/plain] [] [cloudflare] [vhost] [cloudflare] [Cloudflare] [1e592c666f49ec5d3c8933c571646d79]
https://zendesk1.rocketleague.com:2053 [403] [GET] [text/html] [403 Forbidden] [cloudflare] [cloudflare] [Cloudflare] [0127426bf3ba07ff7211399ddf5186c4]
https://zendesk1.rocketleague.com:2083 [403] [GET] [text/html] [403 Forbidden] [cloudflare] [cloudflare] [Cloudflare] [0127426bf3ba07ff7211399ddf5186c4]
https://zendesk1.rocketleague.com:2087 [403] [GET] [text/html] [403 Forbidden] [cloudflare] [cloudflare] [Cloudflare] [0127426bf3ba07ff7211399ddf5186c4]
https://zendesk1.rocketleague.com:8443 [403] [GET] [text/html] [403 Forbidden] [cloudflare] [vhost] [cloudflare] [Cloudflare] [c371fa8374a06a3c0535fc341d454236]
https://zendesk2.rocketleague.com [403] [GET] [text/plain] [] [cloudflare] [vhost] [cloudflare] [Cloudflare] [1e592c666f49ec5d3c8933c571646d79]
https://zendesk2.rocketleague.com:2083 [403] [GET] [text/html] [403 Forbidden] [cloudflare] [cloudflare] [Cloudflare] [0127426bf3ba07ff7211399ddf5186c4]
https://zendesk2.rocketleague.com:2087 [403] [GET] [text/html] [403 Forbidden] [cloudflare] [cloudflare] [Cloudflare] [0127426bf3ba07ff7211399ddf5186c4]
https://zendesk2.rocketleague.com:8443 [403] [GET] [text/html] [403 Forbidden] [cloudflare] [cloudflare] [Cloudflare] [0127426bf3ba07ff7211399ddf5186c4]
https://zendesk3.rocketleague.com [403] [GET] [text/plain] [] [cloudflare] [vhost] [cloudflare] [Cloudflare] [1e592c666f49ec5d3c8933c571646d79]
https://zendesk3.rocketleague.com:2083 [403] [GET] [text/html] [403 Forbidden] [cloudflare] [vhost] [cloudflare] [Cloudflare] [c371fa8374a06a3c0535fc341d454236]
https://zendesk3.rocketleague.com:2087 [403] [GET] [text/html] [403 Forbidden] [cloudflare] [cloudflare] [Cloudflare] [0127426bf3ba07ff7211399ddf5186c4]
https://zendesk3.rocketleague.com:8443 [403] [GET] [text/html] [403 Forbidden] [cloudflare] [vhost] [cloudflare] [Cloudflare] [c371fa8374a06a3c0535fc341d454236]
https://zendesk4.rocketleague.com [403] [GET] [text/plain] [] [cloudflare] [vhost] [cloudflare] [Cloudflare] [1e592c666f49ec5d3c8933c571646d79]
https://zendesk4.rocketleague.com:2083 [403] [GET] [text/html] [403 Forbidden] [cloudflare] [vhost] [cloudflare] [Cloudflare] [c371fa8374a06a3c0535fc341d454236]
https://zendesk4.rocketleague.com:2087 [403] [GET] [text/html] [403 Forbidden] [cloudflare] [cloudflare] [Cloudflare] [0127426bf3ba07ff7211399ddf5186c4]
https://zendesk4.rocketleague.com:8443 [403] [GET] [text/html] [403 Forbidden] [cloudflare] [cloudflare] [Cloudflare] [0127426bf3ba07ff7211399ddf5186c4]
