http://assets.s-bol.com:8080 [404] [GET] [text/html] [404 Not Found] [] [2e9281cb1598565605593d28a5efa3bb]
http://media-stg.s-bol.com:8080 [404] [GET] [text/html] [404 Not Found] [] [2e9281cb1598565605593d28a5efa3bb]
http://media.s-bol.com:8080 [404] [GET] [text/html] [404 Not Found] [] [2e9281cb1598565605593d28a5efa3bb]
http://productdatamodel.s-bol.com:8080 [404] [GET] [text/html] [404 Not Found] [] [2e9281cb1598565605593d28a5efa3bb]
https://addressvalidation.s-bol.com [301] [GET] [text/html] [301 Moved Permanently] [Apache] [Apache] [90aeca9b41de8647b8f6e80259ae456c]
https://assets.s-bol.com [200] [GET] [text/html] [assets-bol] [UploadServer] [Google Cloud,Google Cloud Storage] [efcc378670ee1dec10fb6b938dbe2560]
https://bltg.s-bol.com [302] [GET] [] [] [Apache] [vhost] [Apache] [d41d8cd98f00b204e9800998ecf8427e]
https://css.s-bol.com [301] [GET] [text/html] [301 Moved Permanently] [] [vhost] [2998896ec1693435a50353f8a29c1309]
https://css2.s-bol.com [405] [GET] [text/html] [405 Not allowed] [Varnish] [4ddc443a8f6e6f7654df74e18bb0bfdf]
https://css2.s-bol.com [405] [GET] [text/html] [405 Not allowed] [Varnish] [a793c7b69509aaae6fe63936f6683dc5]
https://font.s-bol.com [301] [GET] [text/html] [301 Moved Permanently] [] [vhost] [2998896ec1693435a50353f8a29c1309]
https://font2.s-bol.com [405] [GET] [text/html] [405 Not allowed] [Varnish] [8d9f2cb1fb6164fe4d9eb8c9a44bd778]
https://font2.s-bol.com [405] [GET] [text/html] [405 Not allowed] [Varnish] [a5e41f0b9ef566620590af60debfaf08]
https://js.s-bol.com [301] [GET] [text/html] [301 Moved Permanently] [] [vhost] [2998896ec1693435a50353f8a29c1309]
https://js2.s-bol.com [405] [GET] [text/html] [405 Not allowed] [Varnish] [57fcf0d3fef437df53b988d6bede238f]
https://js2.s-bol.com [405] [GET] [text/html] [405 Not allowed] [Varnish] [bf6b90c53db3904fddb191893d503502]
https://media-stg.s-bol.com [403] [GET] [application/xml] [] [UploadServer] [vhost] [e7a9350210b4dba641f6020447c96045]
https://media.s-bol.com [403] [GET] [application/xml] [] [UploadServer] [vhost] [e7a9350210b4dba641f6020447c96045]
https://media2.s-bol.com [405] [GET] [text/html] [405 Not allowed] [Varnish] [6b1862cc7f4844b94b9d839ea415fb82]
https://media2.s-bol.com [405] [GET] [text/html] [405 Not allowed] [Varnish] [d4d4a629fd5d6e070dd1cd2c7853403b]
https://pro-web-proxy-vip.s-bol.com [301] [GET] [text/html] [301 Moved Permanently] [Apache] [Apache] [90aeca9b41de8647b8f6e80259ae456c]
https://productdatamodel.s-bol.com [403] [GET] [application/xml] [] [UploadServer] [vhost] [e7a9350210b4dba641f6020447c96045]
https://searchsuggestions.s-bol.com [301] [GET] [text/html] [301 Moved Permanently] [Apache] [Apache] [90aeca9b41de8647b8f6e80259ae456c]
https://zoeksuggesties.s-bol.com [301] [GET] [text/html] [301 Moved Permanently] [Apache] [Apache] [240180dc348d6c597f76a71c48dac4e9]
