http://collector.logs.scopely.io [302] [GET] [text/html] [] [nginx/1.18.0 + Phusion Passenger(R) 6.0.8] [Nginx,Phusion Passenger,RackCache,Ruby] [d8c4b88076dd75d9632ba72201a3454d]
http://dev-confluence.scopely.io [301] [GET] [text/html] [301 Moved Permanently] [awselb/2.0] [4aa7a432bb447f094408f1bd6229c605]
http://prod-api.spinnaker.playgami.scopely.io:8443 [400] [GET] [text/plain] [] [] [f106c309184b96ad94e6ca4f3f8a0e37]
http://sandbox-api.spinnaker.playgami.scopely.io:8443 [400] [GET] [text/plain] [] [] [f106c309184b96ad94e6ca4f3f8a0e37]
https://1p.adev.scopely.io [403] [GET] [text/html] [403 Forbidden] [AmazonS3] [vhost] [cloudfront] [Amazon Cloudfront,Amazon S3,Amazon Web Services] [642482ba37f2df69fb0edd8164c49378]
https://1p.adev.scopely.io [403] [GET] [text/html] [403 Forbidden] [AmazonS3] [vhost] [cloudfront] [Amazon Cloudfront,Amazon S3,Amazon Web Services] [73c045069d19e8f5d8cec89dc5a4c6b5]
https://30-tsthyperion-default-euw-analytics.adev.scopely.io [403] [GET] [text/html] [403 Forbidden] [AmazonS3] [vhost] [cloudfront] [Amazon Cloudfront,Amazon S3,Amazon Web Services] [67aff9977851abe0b6a7472a70d78664]
https://30-tsthyperion-default-euw-analytics.adev.scopely.io [403] [GET] [text/html] [403 Forbidden] [AmazonS3] [vhost] [cloudfront] [Amazon Cloudfront,Amazon S3,Amazon Web Services] [6d2999919a21f84ad582986d876b7dd8]
https://489a19fa-d831-4954-858d-46436d5cdb20.event.collector.scopely.io [404] [GET] [application/json] [] [] [vhost] [ec9f98753198f614467e22b136f90a66]
https://489a19fa-d831-4954-858d-46436d5cdb20.register.collector.scopely.io [404] [GET] [application/json] [] [] [vhost] [98794f1a18ac50cf397fcbb66d7605b4]
https://4af7c20b-7646-4fb7-b64f-ae0a8c51c1f1.event.collector.scopely.io [404] [GET] [application/json] [] [] [vhost] [426f98c638aab85c47867e87eda553db]
https://4af7c20b-7646-4fb7-b64f-ae0a8c51c1f1.register.collector.scopely.io [404] [GET] [application/json] [] [] [vhost] [f5627db45ce132ce0ccf21208f89cd7a]
https://58d677d4-37b9-4499-a28c-36043700aba3.event.collector.scopely.io [404] [GET] [application/json] [] [] [vhost] [39492d39299979ce46348010d2ca18df]
https://58d677d4-37b9-4499-a28c-36043700aba3.register.collector.scopely.io [404] [GET] [application/json] [] [] [vhost] [df90f23c69540b3de8358ee8bfed9e6a]
https://6b73d00a-d4a1-4350-825a-cd3f49afa460.event.collector.scopely.io [404] [GET] [application/json] [] [] [vhost] [6dece36e3760e76f0b637e4e3cca319f]
https://6b73d00a-d4a1-4350-825a-cd3f49afa460.register.collector.scopely.io [404] [GET] [application/json] [] [] [vhost] [b01051c82bf18c04700574fbea15d99a]
https://8fd3b6aa-5aea-469d-96fb-2670cc379215.event.collector.scopely.io [404] [GET] [application/json] [] [] [vhost] [4694de19fdc07886118306e443880cc1]
https://a645ce61-6cce-4fed-9dba-0a20f53b9886.event.collector.scopely.io [404] [GET] [application/json] [] [] [vhost] [964eb2df2ca9f8fb6adad0a3d9871ffe]
https://a645ce61-6cce-4fed-9dba-0a20f53b9886.register.collector.scopely.io [404] [GET] [application/json] [] [] [vhost] [243d9c2043a1fbf18bb95a842a38b45d]
https://airflow-flower.aprod.scopely.io [502] [GET] [text/html] [502 Bad Gateway] [awselb/2.0] [vhost] [7418cbee906b4db0f20614d0eeebceff]
https://airflow.adev.scopely.io [302] [GET] [text/html] [] [] [vhost] [7faa9ba4b5f6510008f5b56842927d77]
https://airflow.adev.scopely.io [302] [GET] [text/html] [] [] [vhost] [db8c74a56576f6262d184c32c43f931e]
https://airflow.aprod.scopely.io [302] [GET] [text/html] [] [] [vhost] [91bc74b96f07fc18aa35fbf3c40c303d]
https://airflow.aprod.scopely.io [302] [GET] [text/html] [] [] [vhost] [c0a8b5645d701915cc765affa417a806]
https://alt-defaultfeb.adev.scopely.io [403] [GET] [text/html] [403 Forbidden] [AmazonS3] [vhost] [cloudfront] [Amazon Cloudfront,Amazon S3,Amazon Web Services] [dd80e11a820ec69a508cef0c348ca715]
https://alt-defaultfeb.adev.scopely.io [403] [GET] [text/html] [403 Forbidden] [AmazonS3] [vhost] [cloudfront] [Amazon Cloudfront,Amazon S3,Amazon Web Services] [ef5096135f4cb7f2d628ba72a46ee900]
https://apollo.scopely.io [200] [GET] [text/html] [Apollo - Scopely] [nginx] [vhost] [Google Tag Manager,Nginx] [c078e7366054a7b77f4d7966ade60a2a]
https://arche-abtest-dahtzee.aprod.scopely.io [404] [GET] [application/json] [] [] [vhost] [22834a57527fe425c645983b956356ee]
https://arche-abtest-default.adev.scopely.io [404] [GET] [application/json] [] [] [vhost] [de5f173282a848e3a285e29710e5cc3a]
https://arche-abtest-default.aprod.scopely.io [404] [GET] [application/json] [] [] [vhost] [694be057c2340a9c1a6aa50061d2873f]
https://arche-abtest.adev.scopely.io [404] [GET] [application/json] [] [] [vhost] [b5aecb31706b827d3e08c8e91bc28582]
https://arche-abtest.aprod.scopely.io [404] [GET] [application/json] [] [] [vhost] [018a06f40623d1ea3b7dd83c5caef4be]
https://arche-dahtzee.aprod.scopely.io [404] [GET] [application/json] [] [] [vhost] [7ab36b3159460ca64c73792ce8216391]
https://arche-default.adev.scopely.io [404] [GET] [application/json] [] [] [vhost] [f7394afc0d9e3e7185d3dd7b7938c28c]
https://arche-default.aprod.scopely.io [404] [GET] [application/json] [] [] [vhost] [96fb988ac54cfd3c11deac6b1122dd96]
https://arche.adev.scopely.io [404] [GET] [application/json] [] [] [vhost] [fc4b043f5df6eff565a71b83fae1e0ad]
https://arche.aprod.scopely.io [404] [GET] [application/json] [] [] [vhost] [62d3de8c964dffc060ab52866ae5846a]
https://ariel.scopely.io [404] [GET] [application/json] [] [] [vhost] [aadfee9f1a55e8544b82f2369b593ea0]
https://artflow-dev.games.scopely.io [404] [GET] [] [] [Kestrel] [vhost] [Amazon ALB,Amazon Web Services,Kestrel,Microsoft ASP.NET] [d41d8cd98f00b204e9800998ecf8427e]
https://artflow.games.scopely.io [404] [GET] [] [] [Kestrel] [vhost] [Amazon ALB,Amazon Web Services,Kestrel,Microsoft ASP.NET] [d41d8cd98f00b204e9800998ecf8427e]
https://bamboo.scopely.io [302] [GET] [] [] [] [Java] [d41d8cd98f00b204e9800998ecf8427e]
https://bd13e7b5-16cb-41e3-ac8b-253f9700ae69.event.collector.scopely.io [404] [GET] [application/json] [] [] [vhost] [e4e6329ae63a17e79553b142f24f55af]
https://bd13e7b5-16cb-41e3-ac8b-253f9700ae69.register.collector.scopely.io [404] [GET] [application/json] [] [] [vhost] [d915fc06b41796920877e2ae6933057a]
https://callisto.scopely.io [404] [GET] [application/json] [] [callisto] [vhost] [621ae330f88fe87fe7f8027ba6851675]
https://catalog.adev.scopely.io [404] [GET] [application/octet-stream] [] [] [vhost] [58b0fd607f0e5db127936608fee1fd11]
https://catalog.aprod.scopely.io [404] [GET] [application/octet-stream] [] [] [vhost] [37fb78da6d14f4c4ce5f9f99e97414e6]
https://cde7f281-566c-496d-b025-a3c60cc3073c.event.collector.scopely.io [404] [GET] [application/json] [] [] [vhost] [d091e24ed9906938457dec1389851b09]
https://cde7f281-566c-496d-b025-a3c60cc3073c.register.collector.scopely.io [404] [GET] [application/json] [] [] [vhost] [ffdd717c73fa8250232aead70cc33661]
https://cerebro.adev.scopely.io [302] [GET] [text/html] [] [] [vhost] [2b1bbbd50020e05ab65c598a319ef61f]
https://cerebro.adev.scopely.io [302] [GET] [text/html] [] [] [vhost] [9a26e63c536e329bb82ae97eed746de3]
https://cerebro.aprod.scopely.io [302] [GET] [text/html] [] [] [vhost] [52e0e24b8954761fbb9d92bb6a316457]
https://cerebro.aprod.scopely.io [302] [GET] [text/html] [] [] [vhost] [c2e02abbdcce2a2d2c37eaada98f371a]
https://chijyokikaku.adev.scopely.io [403] [GET] [text/html] [403 Forbidden] [AmazonS3] [vhost] [cloudfront] [Amazon Cloudfront,Amazon S3,Amazon Web Services] [6960debbd83c7862001e753459454553]
https://chijyokikaku.adev.scopely.io [403] [GET] [text/html] [403 Forbidden] [AmazonS3] [vhost] [cloudfront] [Amazon Cloudfront,Amazon S3,Amazon Web Services] [9345956e1baa17ae323c124f918ff351]
https://collector-dahtzee.aprod.scopely.io [404] [GET] [application/json] [] [] [vhost] [5bedffc19ed573c488c97f43c7f2433f]
https://collector-headshot.aprod.scopely.io [404] [GET] [application/json] [] [] [vhost] [82819799c60a35de886919d5542ae30e]
https://collector-scrabble.aprod.scopely.io [404] [GET] [application/json] [] [] [vhost] [830df649e44a3bc46003bf3d5839b20f]
https://collector.scopely.io [404] [GET] [application/json] [] [] [3c70e9834b94c644482b8fb498db6f27]
https://config.sdk.scopely.io [403] [GET] [application/xml] [] [AmazonS3] [vhost] [cloudfront] [Amazon Cloudfront,Amazon S3,Amazon Web Services] [616cbee2c933a6bae9d4d2376762f788]
https://config.sdk.scopely.io [403] [GET] [application/xml] [] [AmazonS3] [vhost] [cloudfront] [Amazon Cloudfront,Amazon S3,Amazon Web Services] [fea1b4d38356941969bb3f1f16efb7c8]
https://confluence.scopely.io [302] [GET] [text/html] [] [] [vhost] [Amazon ALB,Amazon Web Services,Atlassian Confluence,Java] [d41d8cd98f00b204e9800998ecf8427e]
https://d87bcf46-9411-4ac5-a79e-f8791357a7a6.event.collector.scopely.io [404] [GET] [application/json] [] [] [vhost] [d6238e2b3f0b9c94eb800e74a64012a1]
https://d87bcf46-9411-4ac5-a79e-f8791357a7a6.register.collector.scopely.io [404] [GET] [application/json] [] [] [vhost] [96e4a1d7e8ebed8757e3452143b99539]
https://dev-bamboo.scopely.io [302] [GET] [] [] [] [Java] [d41d8cd98f00b204e9800998ecf8427e]
https://dev-jira.scopely.io [302] [GET] [text/html] [System Dashboard - Jira] [] [vhost] [cloudfront] [Amazon ALB,Amazon Cloudfront,Amazon Web Services,Atlassian Jira,Java] [259533e59370084c37c08afcd0a7f536]
https://dione.scopely.io [404] [GET] [application/octet-stream] [] [] [vhost] [9be11ef6e4b2618ccf70d8c7fec9b0b4]
https://eks-east-logs.games.scopely.io [302] [GET] [text/html] [] [nginx/1.17.8] [vhost] [Nginx] [1855ad75a6f924690b21e6a5b9b658c6]
https://eks-east-logs.games.scopely.io [302] [GET] [text/html] [] [nginx/1.17.8] [vhost] [Nginx] [8dec7ff31631f61b08c36cf684e98834]
https://elasticband.adev.scopely.io [302] [GET] [text/html] [] [] [vhost] [2d147c1bc567254dbf3e50fbc7081be8]
https://elasticband.adev.scopely.io [302] [GET] [text/html] [] [] [vhost] [a54a5ecda418bcfd323a20e1b2422167]
https://elasticband.aprod.scopely.io [302] [GET] [text/html] [] [] [vhost] [c46ee4226fde7b2b05900c42db254d82]
https://elasticband.aprod.scopely.io [302] [GET] [text/html] [] [] [vhost] [eb0708176d8696e9021daf3c2d9c4718]
https://elasticband.games.scopely.io [503] [GET] [text/html] [503 Service Temporarily Unavailable] [nginx/1.17.8] [vhost] [Nginx] [00d3fcfdc40e241a68e320d2fb081105]
https://elasticband.games.scopely.io [503] [GET] [text/html] [503 Service Temporarily Unavailable] [nginx/1.17.8] [vhost] [Nginx] [77b8df00324489cdf0ae139a8040dac1]
https://email.adev.scopely.io [200] [GET] [application/octet-stream] [] [nginx] [Nginx] [9f36c1c909fa94ed5e7af41387ae3dae]
https://email.email.scopely.io [200] [GET] [application/octet-stream] [] [nginx] [Nginx] [9f36c1c909fa94ed5e7af41387ae3dae]
https://email.scopely.io [200] [GET] [application/octet-stream] [] [nginx] [Nginx] [9f36c1c909fa94ed5e7af41387ae3dae]
https://epicycle.adev.scopely.io [404] [GET] [application/octet-stream] [] [] [vhost] [87c67dc45377c8fb23a2a5753ded8b73]
https://epicycle.aprod.scopely.io [404] [GET] [application/octet-stream] [] [] [vhost] [16025a3c29cfe4472ac30c6f0965a8eb]
https://epicycle.scopely.io [404] [GET] [application/octet-stream] [] [] [vhost] [4beda8cf53a5d5e7e1fce8f4b3dd9b08]
https://event.collector.scopely.io [404] [GET] [application/json] [] [] [7dcc6fc297d5ecb0d61f7eb4b0181f0a]
https://falcon-dahtzee.aprod.scopely.io [404] [GET] [application/octet-stream] [] [] [vhost] [7b91ad192316c72846e1ea7246d51eda]
https://falcon-scrabble.aprod.scopely.io [404] [GET] [application/octet-stream] [] [] [vhost] [42b1db7cdfe50de536c843a3a6e83ec2]
https://falcon.adev.scopely.io [404] [GET] [application/octet-stream] [] [] [vhost] [a375bcb0779521b45fa16c2bfc2a3d54]
https://falcon.aprod.scopely.io [404] [GET] [application/octet-stream] [] [] [vhost] [a9c0c5af4c100001477d319ab6f7398b]
https://fca3700d-51f3-4377-bf4a-2def366d439b.event.collector.scopely.io [404] [GET] [application/json] [] [] [vhost] [a37b178112ffb9f45367b32956be35bc]
https://fca3700d-51f3-4377-bf4a-2def366d439b.register.collector.scopely.io [404] [GET] [application/json] [] [] [vhost] [31eced1e61acb82e1683e588d741caf7]
https://flock-default.adev.scopely.io [404] [GET] [application/octet-stream] [] [] [vhost] [9b7e6447d4841f4ef5ed30b3439839ae]
https://flock-default.aprod.scopely.io [404] [GET] [application/octet-stream] [] [] [vhost] [7c6a0c85b66a7c6c3c26a5876704cb0b]
https://flock.adev.scopely.io [404] [GET] [application/octet-stream] [] [] [vhost] [8c8e5270dc53772f9314cb5804e44f83]
https://flock.aprod.scopely.io [404] [GET] [application/octet-stream] [] [] [vhost] [00401205a1b35b6c40498aa9dcbb3654]
https://forum-latin-tsthyperion-ssoeuwe.adev.scopely.io [403] [GET] [text/html] [403 Forbidden] [AmazonS3] [vhost] [cloudfront] [Amazon Cloudfront,Amazon S3,Amazon Web Services] [0ab7d84ea050c27af0d16f83beaf2336]
https://forum-latin-tsthyperion-ssoeuwe.adev.scopely.io [403] [GET] [text/html] [403 Forbidden] [AmazonS3] [vhost] [cloudfront] [Amazon Cloudfront,Amazon S3,Amazon Web Services] [904b1bb0756017393512bb28bb45dd2f]
https://ftp-tsthyperion-default-x.adev.scopely.io [403] [GET] [text/html] [403 Forbidden] [AmazonS3] [vhost] [cloudfront] [Amazon Cloudfront,Amazon S3,Amazon Web Services] [9d348786bcb1371e3eb29ba69ff261d9]
https://ftp-tsthyperion-default-x.adev.scopely.io [403] [GET] [text/html] [403 Forbidden] [AmazonS3] [vhost] [cloudfront] [Amazon Cloudfront,Amazon S3,Amazon Web Services] [c7281a6f98cd23b3a0f599a337be0a87]
https://gammaray.aprod.scopely.io [403] [GET] [application/json] [] [] [vhost] [cloudfront] [Amazon Cloudfront,Amazon Web Services] [bc45704aad57d445b6dfa58b101071e3]
https://github.scopely.io [302] [GET] [text/html] [] [GitHub.com] [vhost] [GitHub Pages,Ruby on Rails] [4e807550cea8284a96b10168dd637913]
https://hyperion.scopely.io [302] [GET] [application/json] [] [hyperion] [vhost] [37a6259cc0c1dae299a7866489dff0bd]
https://id.adev.scopely.io [403] [GET] [text/html] [403 Forbidden] [AmazonS3] [vhost] [cloudfront] [Amazon Cloudfront,Amazon S3,Amazon Web Services] [3112280cbc9776c659b46d9020bb2e75]
https://id.adev.scopely.io [403] [GET] [text/html] [403 Forbidden] [AmazonS3] [vhost] [cloudfront] [Amazon Cloudfront,Amazon S3,Amazon Web Services] [59066220d3640b335d7eae36bfffc859]
https://infra.games.scopely.io [200] [GET] [text/html] [Playgami Infra Status] [Kestrel] [vhost] [Amazon ALB,Amazon Web Services,Bootstrap,Kestrel,Microsoft ASP.NET] [198b4fede16c6fdb3850fe6b12b2b46c]
https://infra.games.scopely.io [200] [GET] [text/html] [Playgami Infra Status] [Kestrel] [vhost] [Amazon ALB,Amazon Web Services,Bootstrap,Kestrel,Microsoft ASP.NET] [b363087839d37e4a033ab1278dab70a6]
https://jira.scopely.io [302] [GET] [text/html] [System Dashboard - Jira] [] [Amazon ALB,Amazon Web Services,Atlassian Jira,Java] [42d0015e7e0ed1cfb6fd9ccedd04ed65]
https://jira.scopely.io [302] [GET] [text/html] [System Dashboard - Jira] [] [Amazon ALB,Amazon Web Services,Atlassian Jira,Java] [6ee75e8764595ec910a9c6a85574c290]
https://k9.adev.scopely.io [302] [GET] [text/html] [] [] [vhost] [1ee1c5879fbded35609ff5b90ebb281a]
https://k9.adev.scopely.io [302] [GET] [text/html] [] [] [vhost] [b6b6a2e1ab19d640b8a0986d3c464959]
https://k9.aprod.scopely.io [302] [GET] [text/html] [] [] [vhost] [34182fb025f4bd17a279406f5c28b659]
https://k9.aprod.scopely.io [302] [GET] [text/html] [] [] [vhost] [73106637f4cb783e0f0e8f0a45d1889f]
https://kisu-no-hi.adev.scopely.io [403] [GET] [text/html] [403 Forbidden] [AmazonS3] [vhost] [cloudfront] [Amazon Cloudfront,Amazon S3,Amazon Web Services] [50ffaaea612a0b2c3c7e2aaf60e81a58]
https://kisu-no-hi.adev.scopely.io [403] [GET] [text/html] [403 Forbidden] [AmazonS3] [vhost] [cloudfront] [Amazon Cloudfront,Amazon S3,Amazon Web Services] [5d34c32b0339c452baa2daa0e45339ea]
https://korwarehouse-loadbalancer.adev.scopely.io [403] [GET] [text/html] [403 Forbidden] [AmazonS3] [vhost] [cloudfront] [Amazon Cloudfront,Amazon S3,Amazon Web Services] [262c12c947e8c86d2578ede93a316b16]
https://korwarehouse-loadbalancer.adev.scopely.io [403] [GET] [text/html] [403 Forbidden] [AmazonS3] [vhost] [cloudfront] [Amazon Cloudfront,Amazon S3,Amazon Web Services] [733ddd5199b6fe5e6677e357bb5f0f2e]
https://kraken.scopely.io [404] [GET] [application/json] [] [] [vhost] [55ef5cd7bd44f9c094d6ac103c698c0c]
https://logs.amgmt.scopely.io [403] [GET] [application/json] [] [] [e342f157cd270c2a09da2eb11b446a5c]
https://menura.adev.scopely.io [404] [GET] [application/octet-stream] [] [] [vhost] [be4839a1d4403672ae6a457be56c1fc5]
https://menura.aprod.scopely.io [404] [GET] [application/octet-stream] [] [] [vhost] [8d54c9108575228103c4bd3f97d33617]
https://metricscatalog.aprod.scopely.io [404] [GET] [application/octet-stream] [] [] [vhost] [11a2e82369d07cff7f42d8cc6d9f9573]
https://mimir.scopely.io [404] [GET] [application/octet-stream] [] [] [vhost] [45e7d3767aacd35167a1297e2cc3dc06]
https://mneme.scopely.io [404] [GET] [application/octet-stream] [] [] [vhost] [4612963b61dc6c46f66e5fbb0f898155]
https://mock.adev.scopely.io [403] [GET] [text/html] [403 Forbidden] [AmazonS3] [vhost] [cloudfront] [Amazon Cloudfront,Amazon S3,Amazon Web Services] [d4a43dcfde9c01f56330bb32cdb287bb]
https://morty.aprod.scopely.io [200] [GET] [text/html] [morty] [] [vhost] [Google Font API,Materialize CSS,Meteor,MongoDB,Node.js] [2d88b3c1a29d84041ff1f13cab950080]
https://morty.scopely.io [200] [GET] [text/html] [morty] [] [vhost] [Google Font API,Materialize CSS,Meteor,MongoDB,Node.js] [2d88b3c1a29d84041ff1f13cab950080]
https://origin-dev-jira.scopely.io [403] [GET] [text/plain] [] [awselb/2.0] [d41d8cd98f00b204e9800998ecf8427e]
https://perf.scopely.io [200] [GET] [text/html] [Voltron Starbase] [nginx/1.17.8] [vhost] [Nginx] [2c27e1a716693bd508d7d8e087796a4f]
https://pigeon-default.adev.scopely.io [404] [GET] [application/octet-stream] [] [] [vhost] [e119e5055938434df6e3e54d4632ec4d]
https://pigeon-default.aprod.scopely.io [404] [GET] [application/octet-stream] [] [] [vhost] [d8aede93245476a95854996bcc0246ca]
https://pigeon.adev.scopely.io [404] [GET] [application/octet-stream] [] [] [vhost] [94dd6281a41f99bd13f19c2c6ea9526c]
https://pigeon.aprod.scopely.io [404] [GET] [application/octet-stream] [] [] [vhost] [5d6b0fbd5fc29039b1950d99c3837e25]
https://playgami.adev.scopely.io [403] [GET] [text/html] [403 Forbidden] [AmazonS3] [vhost] [cloudfront] [Amazon Cloudfront,Amazon S3,Amazon Web Services] [44eb3f82ddd5b95cba7f7e5f8ffa61b6]
https://playgami.adev.scopely.io [403] [GET] [text/html] [403 Forbidden] [AmazonS3] [vhost] [cloudfront] [Amazon Cloudfront,Amazon S3,Amazon Web Services] [e722effca6f24fa0860041af49396576]
https://pm1023.adev.scopely.io [403] [GET] [text/html] [403 Forbidden] [AmazonS3] [vhost] [cloudfront] [Amazon Cloudfront,Amazon S3,Amazon Web Services] [c37e8d12516c4a464721334d169867bd]
https://pm1023.adev.scopely.io [403] [GET] [text/html] [403 Forbidden] [AmazonS3] [vhost] [cloudfront] [Amazon Cloudfront,Amazon S3,Amazon Web Services] [fe02ec7aceac6a2d35733a6e5146cccf]
https://portal.scopely.io [200] [GET] [text/html] [] [AmazonS3] [vhost] [cloudfront] [Amazon Cloudfront,Amazon S3,Amazon Web Services] [a573c075cb2f722fc96a5b9f1ead6782]
https://porter-default.aprod.scopely.io [404] [GET] [application/json] [] [porter] [vhost] [621ae330f88fe87fe7f8027ba6851675]
https://porter-wb.aprod.scopely.io [404] [GET] [application/json] [] [porter] [vhost] [621ae330f88fe87fe7f8027ba6851675]
https://porter-withbuddies.scopely.io [404] [GET] [application/json] [] [porter] [vhost] [621ae330f88fe87fe7f8027ba6851675]
https://porter.scopely.io [404] [GET] [application/json] [] [porter] [vhost] [621ae330f88fe87fe7f8027ba6851675]
https://pr-apollo.scopely.io [503] [GET] [] [] [] [d41d8cd98f00b204e9800998ecf8427e]
https://preview-ariel.scopely.io [404] [GET] [application/octet-stream] [] [] [vhost] [bd68782951242e48e74dd3e0cba3bd2c]
https://preview-callisto.scopely.io [404] [GET] [application/json] [] [callisto] [vhost] [621ae330f88fe87fe7f8027ba6851675]
https://preview-dione.scopely.io [404] [GET] [application/octet-stream] [] [] [vhost] [42d4dae93bf6a8669d6951e2e52e7af8]
https://preview-epicycle.scopely.io [404] [GET] [text/plain] [] [awselb/2.0] [d41d8cd98f00b204e9800998ecf8427e]
https://preview-hyperion.scopely.io [302] [GET] [application/json] [] [hyperion] [vhost] [37a6259cc0c1dae299a7866489dff0bd]
https://preview-kraken.scopely.io [404] [GET] [application/json] [] [] [vhost] [fa813a7dd1cc698e4ba203898feaaf82]
https://preview-mimir.scopely.io [404] [GET] [application/octet-stream] [] [] [vhost] [879b08f7de64280767cf45e385f262a5]
https://preview-mneme.scopely.io [404] [GET] [application/octet-stream] [] [] [vhost] [bae86cd80f9a2d5fcb4562bf8012ff83]
https://preview-porter.scopely.io [404] [GET] [application/json] [] [porter] [vhost] [621ae330f88fe87fe7f8027ba6851675]
https://preview-prometheus.scopely.io [404] [GET] [application/octet-stream] [] [] [vhost] [a08a103b47fbafb34a95530c47cc5a1e]
https://preview-segments.scopely.io [404] [GET] [text/plain] [] [awselb/2.0] [d41d8cd98f00b204e9800998ecf8427e]
https://preview-titan-admin.scopely.io [404] [GET] [application/json] [] [] [vhost] [176f602fc95620eaa1db2945fae1ebb1]
https://preview-umbriel.scopely.io [404] [GET] [application/octet-stream] [] [] [vhost] [df62140d5b947aa3e156967f23ed1436]
https://primary.github.scopely.io [301] [GET] [] [] [GitHub.com] [GitHub Pages,Ruby on Rails] [d41d8cd98f00b204e9800998ecf8427e]
https://prometheus.scopely.io [404] [GET] [application/octet-stream] [] [] [vhost] [21410b15dcdb98de5c431b875eadc104]
https://pub-logs.adev.scopely.io [403] [GET] [application/json] [] [] [e342f157cd270c2a09da2eb11b446a5c]
https://pub-logs.aprod.scopely.io [403] [GET] [application/json] [] [] [e342f157cd270c2a09da2eb11b446a5c]
https://puck.scopely.io [403] [GET] [application/json] [] [] [vhost] [cloudfront] [Amazon Cloudfront,Amazon Web Services] [905b1fbb26e082557ff0b3b3553cda6c]
https://raven-dahtzee.aprod.scopely.io [404] [GET] [application/octet-stream] [] [] [vhost] [67ffe96586bacf1f306a9f753a18b6d8]
https://raven-default.adev.scopely.io [404] [GET] [application/octet-stream] [] [] [vhost] [1b45b75c5e4440c0f7aa22b60d963db9]
https://raven-default.aprod.scopely.io [404] [GET] [application/octet-stream] [] [] [vhost] [4ce0b64562a065b4c0965cb98f4d80fb]
https://raven-pepe.aprod.scopely.io [404] [GET] [application/octet-stream] [] [] [vhost] [47455aa356111d020006b707c5847524]
https://raven-prime.aprod.scopely.io [404] [GET] [application/octet-stream] [] [] [vhost] [77fda3179530033e042306dfa34dbdab]
https://raven-wwe.aprod.scopely.io [404] [GET] [application/octet-stream] [] [] [vhost] [6cf4cd0a1ab5dc4f9ac78829f2cd4e96]
https://raven.adev.scopely.io [404] [GET] [application/octet-stream] [] [] [vhost] [8afd7050ea61a6f9ab45abf207d86d75]
https://raven.aprod.scopely.io [404] [GET] [application/octet-stream] [] [] [vhost] [08806db44ed34b2855585f7a2bb87b6a]
https://register.collector.scopely.io [404] [GET] [application/json] [] [] [0d5500133bed806fffe3063b868ddc35]
https://rooster-default.adev.scopely.io [404] [GET] [application/octet-stream] [] [] [vhost] [ccbb4c00adb75a1905fb3c0b351f4b3a]
https://rooster-default.aprod.scopely.io [404] [GET] [application/octet-stream] [] [] [vhost] [d9cd8557e3cea07d09a7df59c9ba8bb4]
https://rooster.adev.scopely.io [404] [GET] [application/octet-stream] [] [] [vhost] [e3dc88370951dccec9a66d9f9ba5e043]
https://rooster.aprod.scopely.io [404] [GET] [application/octet-stream] [] [] [vhost] [7fac560f0d7c12a4ba3a25ad210507b0]
https://s53.b.scopely.io [301] [GET] [text/html] [301 Moved Permanently] [nginx/1.14.1] [Nginx] [a107aba61c93cdf7882a9c6750a4b8fc]
https://sam.scopely.io [200] [GET] [text/html] [SAM - Scopely Asset Management: Sign In] [nginx] [vhost] [AngularJS,Bootstrap,Ionicons,Java,Nginx] [a0defe81c5e524deabbf363c9ce19e2d]
https://secondary.github.scopely.io [301] [GET] [] [] [GitHub.com] [GitHub Pages,Ruby on Rails] [d41d8cd98f00b204e9800998ecf8427e]
https://segments.scopely.io [404] [GET] [application/octet-stream] [] [] [vhost] [262f99ff1e4ab057c36e8926b617e589]
https://spinnaker.amgmt.scopely.io [503] [GET] [] [] [] [d41d8cd98f00b204e9800998ecf8427e]
https://spinnaker.amgmt.scopely.io:8084 [503] [GET] [] [] [] [d41d8cd98f00b204e9800998ecf8427e]
https://staging-apollo.scopely.io [200] [GET] [text/html] [Apollo - Scopely] [nginx] [vhost] [Google Tag Manager,Nginx] [2cd07b91f4f1550f51a96b0f5f20b3bd]
https://staging-starbase.voltron.scopely.io [200] [GET] [text/html] [Voltron Starbase] [nginx/1.17.8] [vhost] [Nginx] [2c27e1a716693bd508d7d8e087796a4f]
https://staging.perf.scopely.io [200] [GET] [text/html] [Voltron Starbase] [nginx/1.17.8] [vhost] [Nginx] [2c27e1a716693bd508d7d8e087796a4f]
https://starbase.voltron.scopely.io [200] [GET] [text/html] [Voltron Starbase] [nginx/1.17.8] [vhost] [Nginx] [2c27e1a716693bd508d7d8e087796a4f]
https://static.adev.scopely.io [403] [GET] [application/xml] [] [AmazonS3] [vhost] [cloudfront] [Amazon Cloudfront,Amazon S3,Amazon Web Services] [2c5c6611309e2ef2cb6e31d90b178744]
https://static.adev.scopely.io [403] [GET] [application/xml] [] [AmazonS3] [vhost] [cloudfront] [Amazon Cloudfront,Amazon S3,Amazon Web Services] [ac4efe5f3b57cb4ead19a413d8ade59c]
https://static.aprod.scopely.io [403] [GET] [application/xml] [] [AmazonS3] [vhost] [cloudfront] [Amazon Cloudfront,Amazon S3,Amazon Web Services] [007d49c9b0345bac7d4327adfcf60c37]
https://static.aprod.scopely.io [403] [GET] [application/xml] [] [AmazonS3] [vhost] [cloudfront] [Amazon Cloudfront,Amazon S3,Amazon Web Services] [59044ea1aa6687b524ecf01f950344e3]
https://static.sdk.scopely.io [403] [GET] [application/xml] [] [AmazonS3] [vhost] [cloudfront] [Amazon Cloudfront,Amazon S3,Amazon Web Services] [44885fe1d6aa9dcd0eaaaae6ab3c10a6]
https://static.sdk.scopely.io [403] [GET] [application/xml] [] [AmazonS3] [vhost] [cloudfront] [Amazon Cloudfront,Amazon S3,Amazon Web Services] [de948448e0e5ac65552e147e9bc531a9]
https://teamwork.games.scopely.io [200] [GET] [text/html] [Teamwork] [nginx/1.17.8] [vhost] [Google Font API,Nginx] [296be2a734cbc045cfa61e5e9aeefc89]
https://test1-ssonl-europe.adev.scopely.io [403] [GET] [text/html] [403 Forbidden] [AmazonS3] [vhost] [cloudfront] [Amazon Cloudfront,Amazon S3,Amazon Web Services] [54a08a6d367424f6feabce559ef61b42]
https://test1-ssonl-europe.adev.scopely.io [403] [GET] [text/html] [403 Forbidden] [AmazonS3] [vhost] [cloudfront] [Amazon Cloudfront,Amazon S3,Amazon Web Services] [e99081cf36396068f36fefdd98bfb5d3]
https://titan-admin.scopely.io [404] [GET] [application/json] [] [] [vhost] [c028d3162bee5e259acd432d72e0149f]
https://tsthyperion-default-lax-uat.adev.scopely.io [403] [GET] [text/html] [403 Forbidden] [AmazonS3] [vhost] [cloudfront] [Amazon Cloudfront,Amazon S3,Amazon Web Services] [10f068e97772c4bc9d856420eca96619]
https://tsthyperion-default-lax-uat.adev.scopely.io [403] [GET] [text/html] [403 Forbidden] [AmazonS3] [vhost] [cloudfront] [Amazon Cloudfront,Amazon S3,Amazon Web Services] [bcc028a59753df01b6222f841ab12a44]
https://ua.adev.scopely.io [403] [GET] [text/html] [403 Forbidden] [AmazonS3] [vhost] [cloudfront] [Amazon Cloudfront,Amazon S3,Amazon Web Services] [6ebe465749822c34fd4ff9dd46baff9c]
https://ua.adev.scopely.io [403] [GET] [text/html] [403 Forbidden] [AmazonS3] [vhost] [cloudfront] [Amazon Cloudfront,Amazon S3,Amazon Web Services] [7369b470df97867d943d0bc1ce7c3823]
https://umbriel.scopely.io [404] [GET] [application/octet-stream] [] [] [vhost] [046769d8220edd85c4e101490e4b2658]
https://unity-registry-url-auth.adev.scopely.io [200] [GET] [] [] [] [vhost] [d41d8cd98f00b204e9800998ecf8427e]
https://unity-registry-url-auth.aprod.scopely.io [200] [GET] [] [] [] [vhost] [d41d8cd98f00b204e9800998ecf8427e]
https://warehouse.adev.scopely.io [403] [GET] [text/html] [403 Forbidden] [AmazonS3] [vhost] [cloudfront] [Amazon Cloudfront,Amazon S3,Amazon Web Services] [3e92f0004a6166969ea06d810c6ffe18]
https://warehouse.adev.scopely.io [403] [GET] [text/html] [403 Forbidden] [AmazonS3] [vhost] [cloudfront] [Amazon Cloudfront,Amazon S3,Amazon Web Services] [905dd3f24b09b70ee477b0ff070d196b]
https://withboard.aprod.scopely.io [200] [GET] [text/html] [] [] [vhost] [Google Font API,Meteor,MongoDB,Node.js] [e8246286da5fb947414be2d40991a748]
https://withboard.scopely.io [200] [GET] [text/html] [] [] [vhost] [Google Font API,Meteor,MongoDB,Node.js] [4d18cda2133245184ffbd62fffdbe021]
https://yellowjacket-automation.y.scopely.io [403] [GET] [text/plain] [] [awselb/2.0] [vhost] [6e4eb7362a64c0779a4a8f9a7680e80f]
https://yellowjacket-dev.y.scopely.io [403] [GET] [text/plain] [] [awselb/2.0] [vhost] [c02acee921f5aeb15c7ab5d1aed3c938]
