http://autodiscover.scopely.com [301] [GET] [] [] [Microsoft-IIS/10.0] [vhost] [IIS,Microsoft ASP.NET,Windows Server] [d41d8cd98f00b204e9800998ecf8427e]
http://calendar.scopely.com [302] [GET] [text/html] [302 Moved] [ghs] [vhost] [2f3fb2309b880ab95586cc5865e1e11a]
http://codereview.scopely.com [404] [GET] [text/html] [Error 404 (Not Found)!!1] [ghs] [b81150861bf911f947660cf73bce77f6]
http://developer.scopely.com:8080 [301] [GET] [] [] [cloudflare] [vhost] [cloudflare] [d41d8cd98f00b204e9800998ecf8427e]
http://developer.scopely.com:8443 [400] [GET] [text/html] [400 The plain HTTP request was sent to HTTPS port] [cloudflare] [cloudflare] [20ad84d030031252141ca0b3fc0183f0]
http://docs.scopely.com [302] [GET] [text/html] [302 Moved] [ghs] [vhost] [4d708d392fde0746c0af5ec73ff5aced]
http://mail.scopely.com [301] [GET] [text/html] [301 Moved] [ghs] [vhost] [1cc1ce1c97cf85f21e5f8ee81420195b]
http://preview-inapp-help.scopely.com [200] [GET] [text/html] [Help] [AmazonS3] [vhost] [Amazon S3,Amazon Web Services] [a78fe2abb4031666b7173a8e5a74f8af]
https://cdn2.scopely.com [403] [GET] [application/xml] [] [AmazonS3] [vhost] [cloudfront] [Amazon Cloudfront,Amazon S3,Amazon Web Services] [881b437de5055e944fdb8925bcb76867]
https://cdn2.scopely.com [403] [GET] [application/xml] [] [AmazonS3] [vhost] [cloudfront] [Amazon Cloudfront,Amazon S3,Amazon Web Services] [8c4030484561870ac73316c24c6a9f3e]
https://design.playgami.scopely.com [200] [GET] [text/html] [Playgami DS] [nginx] [vhost] [Nginx,Ruby,Ruby on Rails,Sentry] [d183aa901a231d90a1fbcbb31da3c040]
https://design.playgami.scopely.com [200] [GET] [text/html] [Playgami DS] [nginx] [vhost] [Nginx,Ruby,Ruby on Rails,Sentry] [d96b000a00f22538e3c396202849b2c4]
https://developer.scopely.com [200] [GET] [text/html] [scopely-enterprise-group] [cloudflare] [vhost] [cloudflare] [Cloudflare,Google Font API,Heroku] [ba794b59c35d15df8e078b5525bc9207]
https://fonts.cdn.scopely.com [403] [GET] [application/xml] [] [AmazonS3] [vhost] [cloudfront] [Amazon Cloudfront,Amazon S3,Amazon Web Services] [034e0f270f356f7578d0bb7a8576c9b3]
https://fonts.cdn.scopely.com [403] [GET] [application/xml] [] [AmazonS3] [vhost] [cloudfront] [Amazon Cloudfront,Amazon S3,Amazon Web Services] [ca7f1dd3ee41b4096200705d0f7db435]
https://id-sandbox.scopely.com [302] [GET] [text/html] [] [nginx] [vhost] [Nginx] [d41d8cd98f00b204e9800998ecf8427e]
https://id.scopely.com [200] [GET] [text/html] [Scopely - Sign In] [nginx] [vhost] [Java,Nginx] [fd329cbfa9ad7414b31d8fabb3dc8772]
https://inapp-help.scopely.com [200] [GET] [text/html] [Help] [AmazonS3] [vhost] [cloudfront] [Amazon Cloudfront,Amazon S3,Amazon Web Services] [677a79bb164dd82939335b72408c1c8c]
https://inside.scopely.com [302] [GET] [] [] [] [vhost] [azure] [d41d8cd98f00b204e9800998ecf8427e]
https://jp-startrekfleetcommand.scopely.com [200] [GET] [text/html] [Star Trek Fleet Command -] [nginx] [vhost] [MySQL,Nginx,PHP,UIKit,WordPress,Yoast SEO] [f643d1557978d342d0ef29092c939fe8]
https://looker.playgami.scopely.com [302] [GET] [text/html] [] [] [vhost] [d41d8cd98f00b204e9800998ecf8427e]
https://looneytuneswom.scopely.com [200] [GET] [text/html] [Looney Tunes World of Mayhem - Official looney blog] [nginx] [vhost] [MySQL,Nginx,PHP,UIKit,WordPress,Yoast SEO] [8a11cfba824408bf1028d5725009a221]
https://looneytuneswom.scopely.com [200] [GET] [text/html] [Looney Tunes World of Mayhem - Official looney blog] [nginx] [vhost] [MySQL,Nginx,PHP,UIKit,WordPress,Yoast SEO] [d05ae9fde4e628bbf0250e13352dbb25]
https://lyncdiscover.scopely.com [200] [GET] [application/json] [] [] [vhost] [1b6f533c9e255b44eb8b2ac1bfccf78e]
https://oie-sandbox.scopely.com [302] [GET] [text/html] [] [nginx] [vhost] [Nginx] [d41d8cd98f00b204e9800998ecf8427e]
https://playgami.scopely.com [302] [GET] [] [] [CloudFront] [vhost] [cloudfront] [Amazon Cloudfront,Amazon Web Services] [fa9c4d78ecc827b34cb33a86960a1292]
https://servicedesk.scopely.com [301] [GET] [] [] [AmazonS3] [vhost] [cloudfront] [Amazon Cloudfront,Amazon S3,Amazon Web Services] [d41d8cd98f00b204e9800998ecf8427e]
https://sip.scopely.com [404] [GET] [text/plain] [] [RTC/7.0] [88ca53e8f8236530518cbceb7f4813a7]
https://startrekfleetcommand.scopely.com [301] [GET] [text/html] [] [nginx] [vhost] [Nginx] [d41d8cd98f00b204e9800998ecf8427e]
https://support.playgami.scopely.com [301] [GET] [text/html] [301 Moved Permanently] [awselb/2.0] [vhost] [4aa7a432bb447f094408f1bd6229c605]
https://tech.scopely.com [307] [GET] [text/html] [] [openresty] [vhost] [Envoy,Nginx,OpenResty] [d325919831011dfdd03543a1af9e5910]
https://thewalkingdeadrts.scopely.com [200] [GET] [text/html] [The Walking Dead: Road to Survival - The Official Mobile RPG of The Walking Dead] [nginx] [vhost] [MySQL,Nginx,PHP,UIKit,WordPress,Yoast SEO] [5d540445dd555e57bde9cfeae8d42612]
https://thewalkingdeadrts.scopely.com [200] [GET] [text/html] [The Walking Dead: Road to Survival - The Official Mobile RPG of The Walking Dead] [nginx] [vhost] [MySQL,Nginx,PHP,UIKit,WordPress,Yoast SEO] [9e208dc8de7f3aab2669b982118a374b]
https://uaads.scopely.com [200] [GET] [text/html] [] [AmazonS3] [vhost] [cloudfront] [Amazon Cloudfront,Amazon S3,Amazon Web Services,Bootstrap,Microsoft Word] [5d1827934a87addb8a863e3e84bcd42e]
https://wwechampions.scopely.com [200] [GET] [text/html] [WWE Champions 2022 -] [nginx] [vhost] [MySQL,Nginx,PHP,UIKit,WordPress,Yoast SEO] [2ae258b95ccb7c41d4d7a6a762f8d53c]
https://www.scopely.com [301] [GET] [text/html] [301 Moved Permanently] [nginx] [vhost] [Nginx] [4f8e702cc244ec5d4de32740c0ecbd97]
https://www.servicedesk.scopely.com [301] [GET] [] [] [AmazonS3] [vhost] [cloudfront] [Amazon Cloudfront,Amazon S3,Amazon Web Services] [d41d8cd98f00b204e9800998ecf8427e]
https://www.tech.scopely.com [302] [GET] [text/html] [302 Found] [openresty] [vhost] [Nginx,OpenResty] [cfbeaf604823f038b8b46f0ac862b98c]
