http://amp.secnews.gr:8080 [301] [GET] [] [] [cloudflare] [cloudflare] [d41d8cd98f00b204e9800998ecf8427e]
http://calendar.secnews.gr [302] [GET] [text/html] [302 Moved] [ghs] [vhost] [448d4900361d191cefdc1b18ef531109]
http://docs.secnews.gr [302] [GET] [text/html] [302 Moved] [ghs] [vhost] [0d443f6c8a61a70fd7de8d40251d0811]
http://feeds.secnews.gr [404] [GET] [text/html] [] [GSE] [vhost] [Java,OpenGSE] [aa2be34e145d33c9d05d5ca889d9e420]
http://groups.secnews.gr [302] [GET] [text/html] [302 Moved] [ghs] [vhost] [5c8b7d13bbddfc5bda573e78f1131586]
http://imgcdn.secnews.gr:8080 [404] [GET] [text/html] [404 Not Found] [] [2e9281cb1598565605593d28a5efa3bb]
http://mail.secnews.gr [404] [GET] [text/html] [Error 404 (Not Found)!!1] [ghs] [b81150861bf911f947660cf73bce77f6]
http://secnews.gr:8080 [301] [GET] [] [] [cloudflare] [cloudflare] [d41d8cd98f00b204e9800998ecf8427e]
http://sites.secnews.gr [302] [GET] [text/html] [302 Moved] [ghs] [vhost] [ea0de6306c7f45afb432a335b92d0629]
http://webmail.secnews.gr [301] [GET] [text/html] [301 Moved] [ghs] [vhost] [8d19a1337244a74da73472ba4a181252]
http://www.secnews.gr:8080 [301] [GET] [] [] [cloudflare] [cloudflare] [d41d8cd98f00b204e9800998ecf8427e]
https://amp.secnews.gr [403] [GET] [text/html] [Please Wait... | Cloudflare] [cloudflare] [vhost] [cloudflare] [hCaptcha] [7160074f3b5f32a89bcdef4129eec443]
https://amp.secnews.gr [403] [GET] [text/html] [Please Wait... | Cloudflare] [cloudflare] [vhost] [cloudflare] [hCaptcha] [942e2c6ad871de208a962172524337a2]
https://amp.secnews.gr:8443 [403] [GET] [text/html] [Please Wait... | Cloudflare] [cloudflare] [vhost] [cloudflare] [hCaptcha] [6731a48f311e20e6f77b60f61cad156d]
https://cdn.secnews.gr [200] [GET] [text/html] [] [CloudFront] [vhost] [cloudfront] [Amazon Cloudfront,Amazon Web Services] [9e076f5885f5cc16a4b5aeb8de4adff5]
https://de.secnews.gr [403] [GET] [text/html] [Please Wait... | Cloudflare] [cloudflare] [vhost] [cloudflare] [hCaptcha] [0e292d8d92e3843b86902947740d8bf8]
https://de.secnews.gr [403] [GET] [text/html] [Please Wait... | Cloudflare] [cloudflare] [vhost] [cloudflare] [hCaptcha] [abee497a1abac50dcd35ac6ec0510d25]
https://en.secnews.gr [403] [GET] [text/html] [Please Wait... | Cloudflare] [cloudflare] [vhost] [cloudflare] [hCaptcha] [54847c6c6ea5453e9a13dfce79c083c2]
https://en.secnews.gr [403] [GET] [text/html] [Please Wait... | Cloudflare] [cloudflare] [vhost] [cloudflare] [hCaptcha] [87839b4312d9e283c20997b42f6c8557]
https://fr.secnews.gr [403] [GET] [text/html] [Please Wait... | Cloudflare] [cloudflare] [vhost] [cloudflare] [hCaptcha] [25ec805bbde3009997413dd9b4de154b]
https://fr.secnews.gr [403] [GET] [text/html] [Please Wait... | Cloudflare] [cloudflare] [vhost] [cloudflare] [hCaptcha] [5344c16788500d2c9ccd7dd48a957266]
https://hack.secnews.gr [301] [GET] [text/html] [301 Moved Permanently] [cloudflare] [vhost] [cloudflare] [Cloudflare] [4f8e702cc244ec5d4de32740c0ecbd97]
https://img.secnews.gr [200] [GET] [application/xml] [] [UploadServer] [vhost] [fc3e68f50d38a36da32d2ddc892fede3]
https://imgcdn.secnews.gr [200] [GET] [application/xml] [] [UploadServer] [fc3e68f50d38a36da32d2ddc892fede3]
https://publish.secnews.gr [401] [GET] [text/html] [] [Pressidium] [vhost] [Basic] [d082d535139118dba1fa126fa9e54013]
https://report.secnews.gr [403] [GET] [text/html] [Please Wait... | Cloudflare] [cloudflare] [vhost] [cloudflare] [hCaptcha] [523f3c7ca3de46aa57a066c435cbd810]
https://report.secnews.gr [403] [GET] [text/html] [Please Wait... | Cloudflare] [cloudflare] [vhost] [cloudflare] [hCaptcha] [f2f14cfc2a18055800ee7e9eef4d6929]
https://ru.secnews.gr [403] [GET] [text/html] [Please Wait... | Cloudflare] [cloudflare] [vhost] [cloudflare] [hCaptcha] [afad2b81f32905225b96f502c88921ad]
https://ru.secnews.gr [403] [GET] [text/html] [Please Wait... | Cloudflare] [cloudflare] [vhost] [cloudflare] [hCaptcha] [c9d6fdf8135b06b1b23ad09e00830284]
https://secnews.gr [403] [GET] [text/html] [Please Wait... | Cloudflare] [cloudflare] [vhost] [cloudflare] [hCaptcha] [16d3d657421822e615dadd5627c34cde]
https://secnews.gr [403] [GET] [text/html] [Please Wait... | Cloudflare] [cloudflare] [vhost] [cloudflare] [hCaptcha] [517bc2c3545bfdf1ef45ca4d0460f4fb]
https://secnews.gr:8443 [403] [GET] [text/html] [Please Wait... | Cloudflare] [cloudflare] [vhost] [cloudflare] [hCaptcha] [32d42c52c355c8ef07108646a8189b64]
https://tr.secnews.gr [403] [GET] [text/html] [Please Wait... | Cloudflare] [cloudflare] [vhost] [cloudflare] [hCaptcha] [5b6123c474e669668351548f316dfc5a]
https://tr.secnews.gr [403] [GET] [text/html] [Please Wait... | Cloudflare] [cloudflare] [vhost] [cloudflare] [hCaptcha] [801f1717a62974f6484bd4b024cba88c]
https://www.publish.secnews.gr [301] [GET] [text/html] [301 Moved Permanently] [Pressidium] [vhost] [3ea1c8d079b38532a6e01a96216ba5e2]
https://www.secnews.gr [403] [GET] [text/html] [Please Wait... | Cloudflare] [cloudflare] [vhost] [cloudflare] [hCaptcha] [b173eafe5b128cfcaa3a4a678c2ba863]
https://www.secnews.gr [403] [GET] [text/html] [Please Wait... | Cloudflare] [cloudflare] [vhost] [cloudflare] [hCaptcha] [d567e24a82168169520eab67501a8758]
https://www.secnews.gr:8443 [403] [GET] [text/html] [Please Wait... | Cloudflare] [cloudflare] [vhost] [cloudflare] [hCaptcha] [af1e11f76f4be93d6f3068492a2b8b13]
https://zh-cn.secnews.gr [403] [GET] [text/html] [Please Wait... | Cloudflare] [cloudflare] [vhost] [cloudflare] [hCaptcha] [8e05784809ad4e298a78bb52c2220942]
https://zh-cn.secnews.gr [403] [GET] [text/html] [Please Wait... | Cloudflare] [cloudflare] [vhost] [cloudflare] [hCaptcha] [d97717a3c2849250157b102d08a0ced1]
https://zh-tw.secnews.gr [403] [GET] [text/html] [Please Wait... | Cloudflare] [cloudflare] [vhost] [cloudflare] [hCaptcha] [4fb61660f76e89a67de9b3e232449ebd]
https://zh-tw.secnews.gr [403] [GET] [text/html] [Please Wait... | Cloudflare] [cloudflare] [vhost] [cloudflare] [hCaptcha] [a48a5e90300cefcd5c377b8f699c5002]
