http://distance.2014.sg.seek.com [301] [GET] [] [] [cloudflare] [vhost] [cloudflare] [Cloudflare,Cloudflare Bot Management] [d41d8cd98f00b204e9800998ecf8427e]
http://distance.billing.sg.seek.com [301] [GET] [] [] [cloudflare] [vhost] [cloudflare] [Cloudflare,Cloudflare Bot Management] [d41d8cd98f00b204e9800998ecf8427e]
http://distance.cn.sg.seek.com [301] [GET] [] [] [cloudflare] [vhost] [cloudflare] [Cloudflare,Cloudflare Bot Management] [d41d8cd98f00b204e9800998ecf8427e]
http://distance.neurophys.sg.seek.com [301] [GET] [] [] [cloudflare] [vhost] [cloudflare] [Cloudflare,Cloudflare Bot Management] [d41d8cd98f00b204e9800998ecf8427e]
http://distance.org.sg.seek.com [301] [GET] [] [] [cloudflare] [vhost] [cloudflare] [Cloudflare,Cloudflare Bot Management] [d41d8cd98f00b204e9800998ecf8427e]
http://distance.swagger.sg.seek.com [301] [GET] [] [] [cloudflare] [vhost] [cloudflare] [Cloudflare,Cloudflare Bot Management] [d41d8cd98f00b204e9800998ecf8427e]
http://distance.w3.sg.seek.com [301] [GET] [] [] [cloudflare] [vhost] [cloudflare] [Cloudflare,Cloudflare Bot Management] [d41d8cd98f00b204e9800998ecf8427e]
http://elasticbeanstalk.distance.sg.seek.com [301] [GET] [] [] [cloudflare] [vhost] [cloudflare] [Cloudflare,Cloudflare Bot Management] [d41d8cd98f00b204e9800998ecf8427e]
http://employer.au.staging.unified.seek.com.unified.staging.seek.com:2052 [403] [GET] [text/plain] [] [cloudflare] [cloudflare] [7b5ea53ba332630e5aca8e4abb807f70]
http://employer.au.staging.unified.seek.com.unified.staging.seek.com:2082 [403] [GET] [text/plain] [] [cloudflare] [cloudflare] [7b5ea53ba332630e5aca8e4abb807f70]
http://employer.au.staging.unified.seek.com.unified.staging.seek.com:2086 [403] [GET] [text/plain] [] [cloudflare] [cloudflare] [7b5ea53ba332630e5aca8e4abb807f70]
http://employer.au.staging.unified.seek.com.unified.staging.seek.com:8080 [403] [GET] [text/plain] [] [cloudflare] [cloudflare] [7b5ea53ba332630e5aca8e4abb807f70]
http://employer.au.staging.unified.seek.com.unified.staging.seek.com:8880 [403] [GET] [text/plain] [] [cloudflare] [cloudflare] [7b5ea53ba332630e5aca8e4abb807f70]
http://employer.au.unified.seek.com:2082 [403] [GET] [text/plain] [] [cloudflare] [cloudflare] [7b5ea53ba332630e5aca8e4abb807f70]
http://employer.au.unified.seek.com:2086 [403] [GET] [text/plain] [] [cloudflare] [cloudflare] [7b5ea53ba332630e5aca8e4abb807f70]
http://employer.au.unified.seek.com:8080 [403] [GET] [text/plain] [] [cloudflare] [cloudflare] [7b5ea53ba332630e5aca8e4abb807f70]
http://employer.au.unified.seek.com:8880 [403] [GET] [text/plain] [] [cloudflare] [cloudflare] [7b5ea53ba332630e5aca8e4abb807f70]
http://employer.hk.jobsdb.staging.unified.seek.com.unified.staging.seek.com:2052 [403] [GET] [text/plain] [] [cloudflare] [cloudflare] [7b5ea53ba332630e5aca8e4abb807f70]
http://employer.hk.jobsdb.staging.unified.seek.com.unified.staging.seek.com:2082 [403] [GET] [text/plain] [] [cloudflare] [cloudflare] [7b5ea53ba332630e5aca8e4abb807f70]
http://employer.hk.jobsdb.staging.unified.seek.com.unified.staging.seek.com:2086 [403] [GET] [text/plain] [] [cloudflare] [cloudflare] [7b5ea53ba332630e5aca8e4abb807f70]
http://employer.hk.jobsdb.staging.unified.seek.com.unified.staging.seek.com:8080 [403] [GET] [text/plain] [] [cloudflare] [cloudflare] [7b5ea53ba332630e5aca8e4abb807f70]
http://employer.hk.jobsdb.staging.unified.seek.com.unified.staging.seek.com:8880 [403] [GET] [text/plain] [] [cloudflare] [cloudflare] [7b5ea53ba332630e5aca8e4abb807f70]
http://employer.hk.jobsdb.unified.seek.com:2082 [403] [GET] [text/plain] [] [cloudflare] [cloudflare] [7b5ea53ba332630e5aca8e4abb807f70]
http://employer.hk.jobsdb.unified.seek.com:2086 [403] [GET] [text/plain] [] [cloudflare] [cloudflare] [7b5ea53ba332630e5aca8e4abb807f70]
http://employer.hk.jobsdb.unified.seek.com:8080 [403] [GET] [text/plain] [] [cloudflare] [cloudflare] [7b5ea53ba332630e5aca8e4abb807f70]
http://employer.hk.jobsdb.unified.seek.com:8880 [403] [GET] [text/plain] [] [cloudflare] [cloudflare] [7b5ea53ba332630e5aca8e4abb807f70]
http://employer.id.jobstreet.staging.unified.seek.com.unified.staging.seek.com:2052 [403] [GET] [text/plain] [] [cloudflare] [cloudflare] [7b5ea53ba332630e5aca8e4abb807f70]
http://employer.id.jobstreet.staging.unified.seek.com.unified.staging.seek.com:2082 [403] [GET] [text/plain] [] [cloudflare] [cloudflare] [7b5ea53ba332630e5aca8e4abb807f70]
http://employer.id.jobstreet.staging.unified.seek.com.unified.staging.seek.com:2086 [403] [GET] [text/plain] [] [cloudflare] [cloudflare] [7b5ea53ba332630e5aca8e4abb807f70]
http://employer.id.jobstreet.staging.unified.seek.com.unified.staging.seek.com:8080 [403] [GET] [text/plain] [] [cloudflare] [cloudflare] [7b5ea53ba332630e5aca8e4abb807f70]
http://employer.id.jobstreet.staging.unified.seek.com.unified.staging.seek.com:8880 [403] [GET] [text/plain] [] [cloudflare] [cloudflare] [7b5ea53ba332630e5aca8e4abb807f70]
http://employer.id.jobstreet.unified.seek.com:2082 [403] [GET] [text/plain] [] [cloudflare] [cloudflare] [7b5ea53ba332630e5aca8e4abb807f70]
http://employer.id.jobstreet.unified.seek.com:2086 [403] [GET] [text/plain] [] [cloudflare] [cloudflare] [7b5ea53ba332630e5aca8e4abb807f70]
http://employer.id.jobstreet.unified.seek.com:8080 [403] [GET] [text/plain] [] [cloudflare] [cloudflare] [7b5ea53ba332630e5aca8e4abb807f70]
http://employer.id.jobstreet.unified.seek.com:8880 [403] [GET] [text/plain] [] [cloudflare] [cloudflare] [7b5ea53ba332630e5aca8e4abb807f70]
http://employer.my.jobstreet.staging.unified.seek.com.unified.staging.seek.com:2082 [403] [GET] [text/plain] [] [cloudflare] [cloudflare] [7b5ea53ba332630e5aca8e4abb807f70]
http://employer.my.jobstreet.staging.unified.seek.com.unified.staging.seek.com:2086 [403] [GET] [text/plain] [] [cloudflare] [cloudflare] [7b5ea53ba332630e5aca8e4abb807f70]
http://employer.my.jobstreet.staging.unified.seek.com.unified.staging.seek.com:8080 [403] [GET] [text/plain] [] [cloudflare] [cloudflare] [7b5ea53ba332630e5aca8e4abb807f70]
http://employer.my.jobstreet.staging.unified.seek.com.unified.staging.seek.com:8880 [403] [GET] [text/plain] [] [cloudflare] [cloudflare] [7b5ea53ba332630e5aca8e4abb807f70]
http://employer.my.jobstreet.unified.seek.com:2052 [403] [GET] [text/plain] [] [cloudflare] [cloudflare] [7b5ea53ba332630e5aca8e4abb807f70]
http://employer.my.jobstreet.unified.seek.com:2082 [403] [GET] [text/plain] [] [cloudflare] [cloudflare] [7b5ea53ba332630e5aca8e4abb807f70]
http://employer.my.jobstreet.unified.seek.com:8080 [403] [GET] [text/plain] [] [cloudflare] [cloudflare] [7b5ea53ba332630e5aca8e4abb807f70]
http://employer.my.jobstreet.unified.seek.com:8880 [403] [GET] [text/plain] [] [cloudflare] [cloudflare] [7b5ea53ba332630e5aca8e4abb807f70]
http://employer.nz.unified.seek.com:2052 [403] [GET] [text/plain] [] [cloudflare] [cloudflare] [7b5ea53ba332630e5aca8e4abb807f70]
http://employer.nz.unified.seek.com:2082 [403] [GET] [text/plain] [] [cloudflare] [cloudflare] [7b5ea53ba332630e5aca8e4abb807f70]
http://employer.nz.unified.seek.com:2086 [403] [GET] [text/plain] [] [cloudflare] [cloudflare] [7b5ea53ba332630e5aca8e4abb807f70]
http://employer.nz.unified.seek.com:8080 [403] [GET] [text/plain] [] [cloudflare] [cloudflare] [7b5ea53ba332630e5aca8e4abb807f70]
http://employer.nz.unified.seek.com:8880 [403] [GET] [text/plain] [] [cloudflare] [cloudflare] [7b5ea53ba332630e5aca8e4abb807f70]
http://employer.ph.jobstreet.staging.unified.seek.com.unified.staging.seek.com:2082 [403] [GET] [text/plain] [] [cloudflare] [cloudflare] [7b5ea53ba332630e5aca8e4abb807f70]
http://employer.ph.jobstreet.staging.unified.seek.com.unified.staging.seek.com:2086 [403] [GET] [text/plain] [] [cloudflare] [cloudflare] [7b5ea53ba332630e5aca8e4abb807f70]
http://employer.ph.jobstreet.staging.unified.seek.com.unified.staging.seek.com:8080 [403] [GET] [text/plain] [] [cloudflare] [cloudflare] [7b5ea53ba332630e5aca8e4abb807f70]
http://employer.ph.jobstreet.staging.unified.seek.com.unified.staging.seek.com:8880 [403] [GET] [text/plain] [] [cloudflare] [cloudflare] [7b5ea53ba332630e5aca8e4abb807f70]
http://employer.ph.jobstreet.unified.seek.com:2052 [403] [GET] [text/plain] [] [cloudflare] [cloudflare] [7b5ea53ba332630e5aca8e4abb807f70]
http://employer.ph.jobstreet.unified.seek.com:2082 [403] [GET] [text/plain] [] [cloudflare] [cloudflare] [7b5ea53ba332630e5aca8e4abb807f70]
http://employer.ph.jobstreet.unified.seek.com:8080 [403] [GET] [text/plain] [] [cloudflare] [cloudflare] [7b5ea53ba332630e5aca8e4abb807f70]
http://employer.ph.jobstreet.unified.seek.com:8880 [403] [GET] [text/plain] [] [cloudflare] [cloudflare] [7b5ea53ba332630e5aca8e4abb807f70]
http://employer.sg.jobstreet.staging.unified.seek.com.unified.staging.seek.com:2082 [403] [GET] [text/plain] [] [cloudflare] [cloudflare] [7b5ea53ba332630e5aca8e4abb807f70]
http://employer.sg.jobstreet.staging.unified.seek.com.unified.staging.seek.com:2086 [403] [GET] [text/plain] [] [cloudflare] [cloudflare] [7b5ea53ba332630e5aca8e4abb807f70]
http://employer.sg.jobstreet.staging.unified.seek.com.unified.staging.seek.com:8080 [403] [GET] [text/plain] [] [cloudflare] [cloudflare] [7b5ea53ba332630e5aca8e4abb807f70]
http://employer.sg.jobstreet.staging.unified.seek.com.unified.staging.seek.com:8880 [403] [GET] [text/plain] [] [cloudflare] [cloudflare] [7b5ea53ba332630e5aca8e4abb807f70]
http://employer.sg.jobstreet.unified.seek.com:2082 [403] [GET] [text/plain] [] [cloudflare] [cloudflare] [7b5ea53ba332630e5aca8e4abb807f70]
http://employer.sg.jobstreet.unified.seek.com:2086 [403] [GET] [text/plain] [] [cloudflare] [cloudflare] [7b5ea53ba332630e5aca8e4abb807f70]
http://employer.sg.jobstreet.unified.seek.com:8080 [403] [GET] [text/plain] [] [cloudflare] [cloudflare] [7b5ea53ba332630e5aca8e4abb807f70]
http://employer.sg.jobstreet.unified.seek.com:8880 [403] [GET] [text/plain] [] [cloudflare] [cloudflare] [7b5ea53ba332630e5aca8e4abb807f70]
http://employer.th.jobsdb.staging.unified.seek.com.unified.staging.seek.com:2052 [403] [GET] [text/plain] [] [cloudflare] [cloudflare] [7b5ea53ba332630e5aca8e4abb807f70]
http://employer.th.jobsdb.staging.unified.seek.com.unified.staging.seek.com:2082 [403] [GET] [text/plain] [] [cloudflare] [cloudflare] [7b5ea53ba332630e5aca8e4abb807f70]
http://employer.th.jobsdb.staging.unified.seek.com.unified.staging.seek.com:2086 [403] [GET] [text/plain] [] [cloudflare] [cloudflare] [7b5ea53ba332630e5aca8e4abb807f70]
http://employer.th.jobsdb.staging.unified.seek.com.unified.staging.seek.com:8080 [403] [GET] [text/plain] [] [cloudflare] [cloudflare] [7b5ea53ba332630e5aca8e4abb807f70]
http://employer.th.jobsdb.staging.unified.seek.com.unified.staging.seek.com:8880 [403] [GET] [text/plain] [] [cloudflare] [cloudflare] [7b5ea53ba332630e5aca8e4abb807f70]
http://employer.th.jobsdb.unified.seek.com:2082 [403] [GET] [text/plain] [] [cloudflare] [cloudflare] [7b5ea53ba332630e5aca8e4abb807f70]
http://employer.th.jobsdb.unified.seek.com:2086 [403] [GET] [text/plain] [] [cloudflare] [cloudflare] [7b5ea53ba332630e5aca8e4abb807f70]
http://employer.th.jobsdb.unified.seek.com:8080 [403] [GET] [text/plain] [] [cloudflare] [cloudflare] [7b5ea53ba332630e5aca8e4abb807f70]
http://employer.th.jobsdb.unified.seek.com:8880 [403] [GET] [text/plain] [] [cloudflare] [cloudflare] [7b5ea53ba332630e5aca8e4abb807f70]
http://nov-staff.service.dev.sg.seek.com [301] [GET] [] [] [cloudflare] [vhost] [cloudflare] [Cloudflare,Cloudflare Bot Management] [d41d8cd98f00b204e9800998ecf8427e]
http://stwindows2f.service.dev.sg.seek.com [301] [GET] [] [] [cloudflare] [vhost] [cloudflare] [Cloudflare,Cloudflare Bot Management] [d41d8cd98f00b204e9800998ecf8427e]
http://yahoodistance.billing.sg.seek.com [301] [GET] [] [] [cloudflare] [vhost] [cloudflare] [Cloudflare,Cloudflare Bot Management] [d41d8cd98f00b204e9800998ecf8427e]
https://5distance.sg.seek.com [418] [GET] [text/plain] [] [cloudflare] [vhost] [cloudflare] [Cloudflare,Cloudflare Bot Management] [416e916bfd36d5b865cfe2b5ab61bdcb]
https://adm-distance.sg.seek.com [418] [GET] [text/plain] [] [cloudflare] [vhost] [cloudflare] [Cloudflare,Cloudflare Bot Management] [416e916bfd36d5b865cfe2b5ab61bdcb]
https://alias-api-au-oidc.rr.seek.com [502] [GET] [text/html] [ERROR: The request could not be satisfied] [CloudFront] [vhost] [cloudfront] [Amazon Cloudfront,Amazon Web Services] [394d852c816d772223968c0180904428]
https://alias-api-au-oidc.rr.seek.com [502] [GET] [text/html] [ERROR: The request could not be satisfied] [CloudFront] [vhost] [cloudfront] [Amazon Cloudfront,Amazon Web Services] [71961f4c2e0ac1df9b943853f01380f3]
https://alias-api-sg.rr.seek.com [502] [GET] [text/html] [ERROR: The request could not be satisfied] [CloudFront] [vhost] [cloudfront] [Amazon Cloudfront,Amazon Web Services] [bba2d83644fe62dd0c8b908de29d3c45]
https://alias-api-sg.rr.seek.com [502] [GET] [text/html] [ERROR: The request could not be satisfied] [CloudFront] [vhost] [cloudfront] [Amazon Cloudfront,Amazon Web Services] [e43fce7036903e93a8f4a0d2471b3507]
https://apex-metrics.sg.seek.com [200] [GET] [text/html] [] [cloudflare] [vhost] [cloudflare] [Cloudflare,Cloudflare Bot Management,Express,Node.js] [46498370a073f6885ed11c7842b8e230]
https://au.unified.seek.com [403] [GET] [text/plain] [] [cloudflare] [vhost] [cloudflare] [7b5ea53ba332630e5aca8e4abb807f70]
https://auth.seek.com [302] [GET] [text/plain] [] [cloudflare] [vhost] [cloudflare] [Cloudflare,Cloudflare Bot Management] [c90105d026913943cfba58e46d175897]
https://auth.staging.seek.com [302] [GET] [text/plain] [] [cloudflare] [vhost] [cloudflare] [Cloudflare,Cloudflare Bot Management] [3187ddab9c604f859ab8848976d2970d]
https://authenticate.seek.com [302] [GET] [text/plain] [] [cloudflare] [vhost] [cloudflare] [Cloudflare,Cloudflare Bot Management] [d33db1de325b1ea35d8cb5f00d08c54f]
https://authenticate.staging.seek.com [302] [GET] [text/plain] [] [cloudflare] [vhost] [cloudflare] [Cloudflare,Cloudflare Bot Management] [3187ddab9c604f859ab8848976d2970d]
https://authenticatedistance.sg.seek.com [418] [GET] [text/plain] [] [cloudflare] [vhost] [cloudflare] [Cloudflare,Cloudflare Bot Management] [416e916bfd36d5b865cfe2b5ab61bdcb]
https://backenddistance.sg.seek.com [418] [GET] [text/plain] [] [cloudflare] [vhost] [cloudflare] [Cloudflare,Cloudflare Bot Management] [416e916bfd36d5b865cfe2b5ab61bdcb]
https://bivj.sg.seek.com [418] [GET] [text/plain] [] [cloudflare] [vhost] [cloudflare] [Cloudflare,Cloudflare Bot Management] [416e916bfd36d5b865cfe2b5ab61bdcb]
https://candidate-graphql.sg-dev.seek.com [400] [GET] [text/html] [] [istio-envoy] [vhost] [cloudfront] [Amazon Cloudfront,Amazon Web Services,Envoy,Express,Node.js] [129abf301e12da2879eca02a1be6065a]
https://candidate-graphql.sg.seek.com [400] [GET] [text/html] [] [istio-envoy] [vhost] [cloudfront] [Amazon Cloudfront,Amazon Web Services,Envoy,Express,Node.js] [129abf301e12da2879eca02a1be6065a]
https://cloudfront-distance.sg.seek.com [418] [GET] [text/plain] [] [cloudflare] [vhost] [cloudflare] [Cloudflare,Cloudflare Bot Management] [416e916bfd36d5b865cfe2b5ab61bdcb]
https://dev.sg.seek.com [418] [GET] [text/plain] [] [cloudflare] [vhost] [cloudflare] [Cloudflare,Cloudflare Bot Management] [416e916bfd36d5b865cfe2b5ab61bdcb]
https://developer.seek.com [200] [GET] [text/html] [SEEK Developer] [AmazonS3] [vhost] [cloudfront] [Amazon Cloudfront,Amazon S3,Amazon Web Services,Google Font API,React] [ff0cbf6ca2298356245d52c6b676162e]
https://distance-10.sg.seek.com [418] [GET] [text/plain] [] [cloudflare] [vhost] [cloudflare] [Cloudflare,Cloudflare Bot Management] [416e916bfd36d5b865cfe2b5ab61bdcb]
https://distance-forms.sg.seek.com [418] [GET] [text/plain] [] [cloudflare] [vhost] [cloudflare] [Cloudflare,Cloudflare Bot Management] [416e916bfd36d5b865cfe2b5ab61bdcb]
https://distance-private.sg.seek.com [418] [GET] [text/plain] [] [cloudflare] [vhost] [cloudflare] [Cloudflare,Cloudflare Bot Management] [416e916bfd36d5b865cfe2b5ab61bdcb]
https://distanceadmin1.sg.seek.com [418] [GET] [text/plain] [] [cloudflare] [vhost] [cloudflare] [Cloudflare,Cloudflare Bot Management] [416e916bfd36d5b865cfe2b5ab61bdcb]
https://distancedev.sg.seek.com [418] [GET] [text/plain] [] [cloudflare] [vhost] [cloudflare] [Cloudflare,Cloudflare Bot Management] [416e916bfd36d5b865cfe2b5ab61bdcb]
https://distancehw.sg.seek.com [418] [GET] [text/plain] [] [cloudflare] [vhost] [cloudflare] [Cloudflare,Cloudflare Bot Management] [416e916bfd36d5b865cfe2b5ab61bdcb]
https://distancemisono.sg.seek.com [418] [GET] [text/plain] [] [cloudflare] [vhost] [cloudflare] [Cloudflare,Cloudflare Bot Management] [416e916bfd36d5b865cfe2b5ab61bdcb]
https://distancereceita.sg.seek.com [418] [GET] [text/plain] [] [cloudflare] [vhost] [cloudflare] [Cloudflare,Cloudflare Bot Management] [416e916bfd36d5b865cfe2b5ab61bdcb]
https://distancereviews.sg.seek.com [418] [GET] [text/plain] [] [cloudflare] [vhost] [cloudflare] [Cloudflare,Cloudflare Bot Management] [416e916bfd36d5b865cfe2b5ab61bdcb]
https://distancev2.sg.seek.com [418] [GET] [text/plain] [] [cloudflare] [vhost] [cloudflare] [Cloudflare,Cloudflare Bot Management] [416e916bfd36d5b865cfe2b5ab61bdcb]
https://distancewafuwafu.sg.seek.com [418] [GET] [text/plain] [] [cloudflare] [vhost] [cloudflare] [Cloudflare,Cloudflare Bot Management] [416e916bfd36d5b865cfe2b5ab61bdcb]
https://distancewannabefemlexi.sg.seek.com [418] [GET] [text/plain] [] [cloudflare] [vhost] [cloudflare] [Cloudflare,Cloudflare Bot Management] [416e916bfd36d5b865cfe2b5ab61bdcb]
https://employer.au.staging.unified.seek.com.unified.staging.seek.com [403] [GET] [text/plain] [] [cloudflare] [vhost] [cloudflare] [7b5ea53ba332630e5aca8e4abb807f70]
https://employer.au.staging.unified.seek.com.unified.staging.seek.com:2083 [403] [GET] [text/plain] [] [cloudflare] [vhost] [cloudflare] [7b5ea53ba332630e5aca8e4abb807f70]
https://employer.au.staging.unified.seek.com.unified.staging.seek.com:2087 [403] [GET] [text/plain] [] [cloudflare] [vhost] [cloudflare] [7b5ea53ba332630e5aca8e4abb807f70]
https://employer.au.staging.unified.seek.com.unified.staging.seek.com:8443 [403] [GET] [text/plain] [] [cloudflare] [vhost] [cloudflare] [7b5ea53ba332630e5aca8e4abb807f70]
https://employer.au.unified.seek.com [403] [GET] [text/plain] [] [cloudflare] [vhost] [cloudflare] [7b5ea53ba332630e5aca8e4abb807f70]
https://employer.au.unified.seek.com:2053 [403] [GET] [text/plain] [] [cloudflare] [vhost] [cloudflare] [7b5ea53ba332630e5aca8e4abb807f70]
https://employer.au.unified.seek.com:2083 [403] [GET] [text/plain] [] [cloudflare] [vhost] [cloudflare] [7b5ea53ba332630e5aca8e4abb807f70]
https://employer.au.unified.seek.com:2087 [403] [GET] [text/plain] [] [cloudflare] [vhost] [cloudflare] [7b5ea53ba332630e5aca8e4abb807f70]
https://employer.au.unified.seek.com:8443 [403] [GET] [text/plain] [] [cloudflare] [vhost] [cloudflare] [7b5ea53ba332630e5aca8e4abb807f70]
https://employer.hk.jobsdb.staging.unified.seek.com.unified.staging.seek.com [403] [GET] [text/plain] [] [cloudflare] [vhost] [cloudflare] [7b5ea53ba332630e5aca8e4abb807f70]
https://employer.hk.jobsdb.staging.unified.seek.com.unified.staging.seek.com:2083 [403] [GET] [text/plain] [] [cloudflare] [vhost] [cloudflare] [7b5ea53ba332630e5aca8e4abb807f70]
https://employer.hk.jobsdb.staging.unified.seek.com.unified.staging.seek.com:2087 [403] [GET] [text/plain] [] [cloudflare] [vhost] [cloudflare] [7b5ea53ba332630e5aca8e4abb807f70]
https://employer.hk.jobsdb.staging.unified.seek.com.unified.staging.seek.com:8443 [403] [GET] [text/plain] [] [cloudflare] [vhost] [cloudflare] [7b5ea53ba332630e5aca8e4abb807f70]
https://employer.hk.jobsdb.unified.seek.com [403] [GET] [text/plain] [] [cloudflare] [vhost] [cloudflare] [7b5ea53ba332630e5aca8e4abb807f70]
https://employer.hk.jobsdb.unified.seek.com:2053 [403] [GET] [text/plain] [] [cloudflare] [vhost] [cloudflare] [7b5ea53ba332630e5aca8e4abb807f70]
https://employer.hk.jobsdb.unified.seek.com:2083 [403] [GET] [text/plain] [] [cloudflare] [vhost] [cloudflare] [7b5ea53ba332630e5aca8e4abb807f70]
https://employer.hk.jobsdb.unified.seek.com:2087 [403] [GET] [text/plain] [] [cloudflare] [vhost] [cloudflare] [7b5ea53ba332630e5aca8e4abb807f70]
https://employer.hk.jobsdb.unified.seek.com:8443 [403] [GET] [text/plain] [] [cloudflare] [vhost] [cloudflare] [7b5ea53ba332630e5aca8e4abb807f70]
https://employer.id.jobstreet.staging.unified.seek.com.unified.staging.seek.com [403] [GET] [text/plain] [] [cloudflare] [vhost] [cloudflare] [7b5ea53ba332630e5aca8e4abb807f70]
https://employer.id.jobstreet.staging.unified.seek.com.unified.staging.seek.com:2083 [403] [GET] [text/plain] [] [cloudflare] [vhost] [cloudflare] [7b5ea53ba332630e5aca8e4abb807f70]
https://employer.id.jobstreet.staging.unified.seek.com.unified.staging.seek.com:2087 [403] [GET] [text/plain] [] [cloudflare] [vhost] [cloudflare] [7b5ea53ba332630e5aca8e4abb807f70]
https://employer.id.jobstreet.staging.unified.seek.com.unified.staging.seek.com:8443 [403] [GET] [text/plain] [] [cloudflare] [vhost] [cloudflare] [7b5ea53ba332630e5aca8e4abb807f70]
https://employer.id.jobstreet.unified.seek.com [403] [GET] [text/plain] [] [cloudflare] [vhost] [cloudflare] [7b5ea53ba332630e5aca8e4abb807f70]
https://employer.id.jobstreet.unified.seek.com:2053 [403] [GET] [text/plain] [] [cloudflare] [vhost] [cloudflare] [7b5ea53ba332630e5aca8e4abb807f70]
https://employer.id.jobstreet.unified.seek.com:2083 [403] [GET] [text/plain] [] [cloudflare] [vhost] [cloudflare] [7b5ea53ba332630e5aca8e4abb807f70]
https://employer.id.jobstreet.unified.seek.com:2087 [403] [GET] [text/plain] [] [cloudflare] [vhost] [cloudflare] [7b5ea53ba332630e5aca8e4abb807f70]
https://employer.id.jobstreet.unified.seek.com:8443 [403] [GET] [text/plain] [] [cloudflare] [vhost] [cloudflare] [7b5ea53ba332630e5aca8e4abb807f70]
https://employer.my.jobstreet.staging.unified.seek.com.unified.staging.seek.com [403] [GET] [text/plain] [] [cloudflare] [vhost] [cloudflare] [7b5ea53ba332630e5aca8e4abb807f70]
https://employer.my.jobstreet.staging.unified.seek.com.unified.staging.seek.com:2083 [403] [GET] [text/plain] [] [cloudflare] [vhost] [cloudflare] [7b5ea53ba332630e5aca8e4abb807f70]
https://employer.my.jobstreet.staging.unified.seek.com.unified.staging.seek.com:2087 [403] [GET] [text/plain] [] [cloudflare] [vhost] [cloudflare] [7b5ea53ba332630e5aca8e4abb807f70]
https://employer.my.jobstreet.staging.unified.seek.com.unified.staging.seek.com:8443 [403] [GET] [text/plain] [] [cloudflare] [vhost] [cloudflare] [7b5ea53ba332630e5aca8e4abb807f70]
https://employer.my.jobstreet.unified.seek.com [403] [GET] [text/plain] [] [cloudflare] [vhost] [cloudflare] [7b5ea53ba332630e5aca8e4abb807f70]
https://employer.my.jobstreet.unified.seek.com:2083 [403] [GET] [text/plain] [] [cloudflare] [vhost] [cloudflare] [7b5ea53ba332630e5aca8e4abb807f70]
https://employer.my.jobstreet.unified.seek.com:2087 [403] [GET] [text/plain] [] [cloudflare] [vhost] [cloudflare] [7b5ea53ba332630e5aca8e4abb807f70]
https://employer.my.jobstreet.unified.seek.com:8443 [403] [GET] [text/plain] [] [cloudflare] [vhost] [cloudflare] [7b5ea53ba332630e5aca8e4abb807f70]
https://employer.nz.unified.seek.com [403] [GET] [text/plain] [] [cloudflare] [vhost] [cloudflare] [7b5ea53ba332630e5aca8e4abb807f70]
https://employer.nz.unified.seek.com:2083 [403] [GET] [text/plain] [] [cloudflare] [vhost] [cloudflare] [7b5ea53ba332630e5aca8e4abb807f70]
https://employer.nz.unified.seek.com:2087 [403] [GET] [text/plain] [] [cloudflare] [vhost] [cloudflare] [7b5ea53ba332630e5aca8e4abb807f70]
https://employer.nz.unified.seek.com:8443 [403] [GET] [text/plain] [] [cloudflare] [vhost] [cloudflare] [7b5ea53ba332630e5aca8e4abb807f70]
https://employer.ph.jobstreet.staging.unified.seek.com.unified.staging.seek.com [403] [GET] [text/plain] [] [cloudflare] [vhost] [cloudflare] [7b5ea53ba332630e5aca8e4abb807f70]
https://employer.ph.jobstreet.staging.unified.seek.com.unified.staging.seek.com:2083 [403] [GET] [text/plain] [] [cloudflare] [vhost] [cloudflare] [7b5ea53ba332630e5aca8e4abb807f70]
https://employer.ph.jobstreet.staging.unified.seek.com.unified.staging.seek.com:2087 [403] [GET] [text/plain] [] [cloudflare] [vhost] [cloudflare] [7b5ea53ba332630e5aca8e4abb807f70]
https://employer.ph.jobstreet.staging.unified.seek.com.unified.staging.seek.com:8443 [403] [GET] [text/plain] [] [cloudflare] [vhost] [cloudflare] [7b5ea53ba332630e5aca8e4abb807f70]
https://employer.ph.jobstreet.unified.seek.com [403] [GET] [text/plain] [] [cloudflare] [vhost] [cloudflare] [7b5ea53ba332630e5aca8e4abb807f70]
https://employer.ph.jobstreet.unified.seek.com:2083 [403] [GET] [text/plain] [] [cloudflare] [vhost] [cloudflare] [7b5ea53ba332630e5aca8e4abb807f70]
https://employer.ph.jobstreet.unified.seek.com:2087 [403] [GET] [text/plain] [] [cloudflare] [vhost] [cloudflare] [7b5ea53ba332630e5aca8e4abb807f70]
https://employer.ph.jobstreet.unified.seek.com:8443 [403] [GET] [text/plain] [] [cloudflare] [vhost] [cloudflare] [7b5ea53ba332630e5aca8e4abb807f70]
https://employer.sg.jobstreet.staging.unified.seek.com.unified.staging.seek.com [403] [GET] [text/plain] [] [cloudflare] [vhost] [cloudflare] [7b5ea53ba332630e5aca8e4abb807f70]
https://employer.sg.jobstreet.staging.unified.seek.com.unified.staging.seek.com:2083 [403] [GET] [text/plain] [] [cloudflare] [vhost] [cloudflare] [7b5ea53ba332630e5aca8e4abb807f70]
https://employer.sg.jobstreet.staging.unified.seek.com.unified.staging.seek.com:2087 [403] [GET] [text/plain] [] [cloudflare] [vhost] [cloudflare] [7b5ea53ba332630e5aca8e4abb807f70]
https://employer.sg.jobstreet.staging.unified.seek.com.unified.staging.seek.com:8443 [403] [GET] [text/plain] [] [cloudflare] [vhost] [cloudflare] [7b5ea53ba332630e5aca8e4abb807f70]
https://employer.sg.jobstreet.unified.seek.com [403] [GET] [text/plain] [] [cloudflare] [vhost] [cloudflare] [7b5ea53ba332630e5aca8e4abb807f70]
https://employer.sg.jobstreet.unified.seek.com:2053 [403] [GET] [text/plain] [] [cloudflare] [vhost] [cloudflare] [7b5ea53ba332630e5aca8e4abb807f70]
https://employer.sg.jobstreet.unified.seek.com:2083 [403] [GET] [text/plain] [] [cloudflare] [vhost] [cloudflare] [7b5ea53ba332630e5aca8e4abb807f70]
https://employer.sg.jobstreet.unified.seek.com:2087 [403] [GET] [text/plain] [] [cloudflare] [vhost] [cloudflare] [7b5ea53ba332630e5aca8e4abb807f70]
https://employer.sg.jobstreet.unified.seek.com:8443 [403] [GET] [text/plain] [] [cloudflare] [vhost] [cloudflare] [7b5ea53ba332630e5aca8e4abb807f70]
https://employer.th.jobsdb.staging.unified.seek.com.unified.staging.seek.com [403] [GET] [text/plain] [] [cloudflare] [vhost] [cloudflare] [7b5ea53ba332630e5aca8e4abb807f70]
https://employer.th.jobsdb.staging.unified.seek.com.unified.staging.seek.com:2083 [403] [GET] [text/plain] [] [cloudflare] [vhost] [cloudflare] [7b5ea53ba332630e5aca8e4abb807f70]
https://employer.th.jobsdb.staging.unified.seek.com.unified.staging.seek.com:2087 [403] [GET] [text/plain] [] [cloudflare] [vhost] [cloudflare] [7b5ea53ba332630e5aca8e4abb807f70]
https://employer.th.jobsdb.staging.unified.seek.com.unified.staging.seek.com:8443 [403] [GET] [text/plain] [] [cloudflare] [vhost] [cloudflare] [7b5ea53ba332630e5aca8e4abb807f70]
https://employer.th.jobsdb.unified.seek.com [403] [GET] [text/plain] [] [cloudflare] [vhost] [cloudflare] [7b5ea53ba332630e5aca8e4abb807f70]
https://employer.th.jobsdb.unified.seek.com:2053 [403] [GET] [text/plain] [] [cloudflare] [vhost] [cloudflare] [7b5ea53ba332630e5aca8e4abb807f70]
https://employer.th.jobsdb.unified.seek.com:2083 [403] [GET] [text/plain] [] [cloudflare] [vhost] [cloudflare] [7b5ea53ba332630e5aca8e4abb807f70]
https://employer.th.jobsdb.unified.seek.com:2087 [403] [GET] [text/plain] [] [cloudflare] [vhost] [cloudflare] [7b5ea53ba332630e5aca8e4abb807f70]
https://employer.th.jobsdb.unified.seek.com:8443 [403] [GET] [text/plain] [] [cloudflare] [vhost] [cloudflare] [7b5ea53ba332630e5aca8e4abb807f70]
https://engineeringdistance.sg.seek.com [418] [GET] [text/plain] [] [cloudflare] [vhost] [cloudflare] [Cloudflare,Cloudflare Bot Management] [416e916bfd36d5b865cfe2b5ab61bdcb]
https://espace-distance.sg.seek.com [418] [GET] [text/plain] [] [cloudflare] [vhost] [cloudflare] [Cloudflare,Cloudflare Bot Management] [416e916bfd36d5b865cfe2b5ab61bdcb]
https://exea.sg.seek.com [418] [GET] [text/plain] [] [cloudflare] [vhost] [cloudflare] [Cloudflare,Cloudflare Bot Management] [416e916bfd36d5b865cfe2b5ab61bdcb]
https://f1.sg.seek.com [418] [GET] [text/plain] [] [cloudflare] [vhost] [cloudflare] [Cloudflare,Cloudflare Bot Management] [416e916bfd36d5b865cfe2b5ab61bdcb]
https://formsidle.sg-dev.seek.com [403] [GET] [text/html] [Attention Required! | Cloudflare] [cloudflare] [vhost] [cloudflare] [Cloudflare,Cloudflare Bot Management] [cb07abcd258241396b185930f333ec67]
https://formsidle.sg-dev.seek.com [418] [GET] [text/plain] [] [cloudflare] [vhost] [cloudflare] [Cloudflare,Cloudflare Bot Management] [416e916bfd36d5b865cfe2b5ab61bdcb]
https://global-recs-api.sg.seek.com [401] [GET] [text/plain] [] [cloudflare] [vhost] [cloudflare] [Cloudflare,Cloudflare Bot Management] [8c187a45c3c9fa913b3183bde798ad2f]
https://global-recs-users.sg.seek.com [418] [GET] [text/plain] [] [cloudflare] [vhost] [cloudflare] [Cloudflare,Cloudflare Bot Management] [416e916bfd36d5b865cfe2b5ab61bdcb]
https://graphql.seek.com [404] [GET] [text/html] [SEEK Developer] [AmazonS3] [vhost] [cloudfront] [Amazon Cloudfront,Amazon S3,Amazon Web Services,Google Font API,React] [707bc164c49ac2e7085130edf1683402]
https://idle.sg-dev.seek.com [418] [GET] [text/plain] [] [cloudflare] [vhost] [cloudflare] [Cloudflare,Cloudflare Bot Management] [416e916bfd36d5b865cfe2b5ab61bdcb]
https://idleapp.sg-dev.seek.com [418] [GET] [text/plain] [] [cloudflare] [vhost] [cloudflare] [Cloudflare,Cloudflare Bot Management] [416e916bfd36d5b865cfe2b5ab61bdcb]
https://idleedge.sg-dev.seek.com [418] [GET] [text/plain] [] [cloudflare] [vhost] [cloudflare] [Cloudflare,Cloudflare Bot Management] [416e916bfd36d5b865cfe2b5ab61bdcb]
https://idp-refresh.sg-dev.seek.com [418] [GET] [text/plain] [] [cloudflare] [vhost] [cloudflare] [Cloudflare,Cloudflare Bot Management] [416e916bfd36d5b865cfe2b5ab61bdcb]
https://idp-refresh.sg.seek.com [418] [GET] [text/plain] [] [cloudflare] [vhost] [cloudflare] [Cloudflare,Cloudflare Bot Management] [416e916bfd36d5b865cfe2b5ab61bdcb]
https://info.seek.com [200] [GET] [] [] [jag] [d41d8cd98f00b204e9800998ecf8427e]
https://jobsdb.unified.staging.seek.com [403] [GET] [text/plain] [] [cloudflare] [cloudflare] [7b5ea53ba332630e5aca8e4abb807f70]
https://jobstreet.unified.staging.seek.com [403] [GET] [text/plain] [] [cloudflare] [cloudflare] [7b5ea53ba332630e5aca8e4abb807f70]
https://korea-idle.sg-dev.seek.com [418] [GET] [text/plain] [] [cloudflare] [vhost] [cloudflare] [Cloudflare,Cloudflare Bot Management] [416e916bfd36d5b865cfe2b5ab61bdcb]
https://login.seek.com [302] [GET] [text/plain] [] [cloudflare] [vhost] [cloudflare] [Cloudflare,Cloudflare Bot Management] [c90105d026913943cfba58e46d175897]
https://login.staging.seek.com [302] [GET] [text/plain] [] [cloudflare] [vhost] [cloudflare] [Cloudflare,Cloudflare Bot Management] [3187ddab9c604f859ab8848976d2970d]
https://manage.developer.seek.com [200] [GET] [text/html] [Developer Dashboard | SEEK] [AmazonS3] [vhost] [cloudfront] [Amazon Cloudfront,Amazon S3,Amazon Web Services,Google Font API] [34d97097dd6e6417cc972d5b173dec6c]
https://php-rr-api-oauth.sg.seek.com [418] [GET] [text/plain] [] [cloudflare] [vhost] [cloudflare] [Cloudflare,Cloudflare Bot Management] [416e916bfd36d5b865cfe2b5ab61bdcb]
https://polandidle.sg-dev.seek.com [418] [GET] [text/plain] [] [cloudflare] [vhost] [cloudflare] [Cloudflare,Cloudflare Bot Management] [416e916bfd36d5b865cfe2b5ab61bdcb]
https://redirector-idle.sg-dev.seek.com [418] [GET] [text/plain] [] [cloudflare] [vhost] [cloudflare] [Cloudflare,Cloudflare Bot Management] [416e916bfd36d5b865cfe2b5ab61bdcb]
https://rr-api-oauth-l.sg.seek.com [418] [GET] [text/plain] [] [cloudflare] [vhost] [cloudflare] [Cloudflare,Cloudflare Bot Management] [416e916bfd36d5b865cfe2b5ab61bdcb]
https://rr-api-oauthengima.sg.seek.com [418] [GET] [text/plain] [] [cloudflare] [vhost] [cloudflare] [Cloudflare,Cloudflare Bot Management] [416e916bfd36d5b865cfe2b5ab61bdcb]
https://rr-metrics-forwarder.sg.seek.com [200] [GET] [text/html] [] [cloudflare] [vhost] [cloudflare] [Cloudflare,Cloudflare Bot Management,Express,Node.js] [e17cc10b1ee6f3322ba730aba2af9b39]
https://secure.info.seek.com [200] [GET] [] [] [jag] [d41d8cd98f00b204e9800998ecf8427e]
https://secure.info.seek.com [200] [GET] [] [] [jag] [vhost] [d41d8cd98f00b204e9800998ecf8427e]
https://seek.com [301] [GET] [text/html] [301 Moved Permanently] [awselb/2.0] [4aa7a432bb447f094408f1bd6229c605]
https://smtp-api-oauth.sg.seek.com [418] [GET] [text/plain] [] [cloudflare] [vhost] [cloudflare] [Cloudflare,Cloudflare Bot Management] [416e916bfd36d5b865cfe2b5ab61bdcb]
https://static.rr.seek.com [403] [GET] [application/xml] [] [AmazonS3] [vhost] [cloudfront] [Amazon Cloudfront,Amazon S3,Amazon Web Services] [85e4d52490effdb78aff623688744a45]
https://static.rr.seek.com [403] [GET] [application/xml] [] [AmazonS3] [vhost] [cloudfront] [Amazon Cloudfront,Amazon S3,Amazon Web Services] [f93df70ff6ba168c89c17f55b9dc3b68]
https://status.seek.com [200] [GET] [text/html] [SEEK API Status] [] [vhost] [Atlassian Statuspage] [dcc4f2470fa468a47b668c3bc9550b8e]
https://talentsearch-api-priv.sg.seek.com [418] [GET] [text/plain] [] [cloudflare] [vhost] [cloudflare] [Cloudflare,Cloudflare Bot Management] [416e916bfd36d5b865cfe2b5ab61bdcb]
https://talentsearch-api.sg.seek.com [403] [GET] [text/html] [403 Forbidden] [cloudflare] [vhost] [cloudflare] [Cloudflare,Cloudflare Bot Management] [2e40045efe5134ada9942798c090d269]
https://talentsearch-api.sg.seek.com [403] [GET] [text/html] [403 Forbidden] [cloudflare] [vhost] [cloudflare] [Cloudflare,Cloudflare Bot Management] [bad2e8579dcdb79399aac2064216a37d]
https://talentsearch-w.sg.seek.com [418] [GET] [text/plain] [] [cloudflare] [vhost] [cloudflare] [Cloudflare,Cloudflare Bot Management] [416e916bfd36d5b865cfe2b5ab61bdcb]
https://test.test.sg-dev.seek.com [200] [GET] [text/plain] [] [nginx] [vhost] [cloudfront] [Amazon Cloudfront,Amazon Web Services,Nginx] [832c6ceaa8f539ec799bedf13298b7a2]
https://udcy.sg-dev.seek.com [418] [GET] [text/plain] [] [cloudflare] [vhost] [cloudflare] [Cloudflare,Cloudflare Bot Management] [416e916bfd36d5b865cfe2b5ab61bdcb]
https://udcyf.sg-dev.seek.com [418] [GET] [text/plain] [] [cloudflare] [vhost] [cloudflare] [Cloudflare,Cloudflare Bot Management] [416e916bfd36d5b865cfe2b5ab61bdcb]
https://unified.seek.com [301] [GET] [text/html] [301 Moved Permanently] [awselb/2.0] [4aa7a432bb447f094408f1bd6229c605]
https://wildcard.sg.seek.com [418] [GET] [text/plain] [] [cloudflare] [vhost] [cloudflare] [Cloudflare,Cloudflare Bot Management] [416e916bfd36d5b865cfe2b5ab61bdcb]
https://www.seek.com [301] [GET] [text/html] [301 Moved Permanently] [nginx] [vhost] [cloudfront] [Amazon Cloudfront,Amazon Web Services,Nginx] [4f8e702cc244ec5d4de32740c0ecbd97]
https://www.staging.seek.com [301] [GET] [text/html] [301 Moved Permanently] [nginx/1.14.0 (Ubuntu)] [vhost] [cloudfront] [Amazon Cloudfront,Amazon Web Services,Nginx,Ubuntu] [4f8e702cc244ec5d4de32740c0ecbd97]
