http://help.sketchfab.com:2083 [400] [GET] [text/html] [400 The plain HTTP request was sent to HTTPS port] [cloudflare] [cloudflare] [cd58783500d7fa3c58f88eb0ba22f4f8]
http://help.sketchfab.com:2087 [400] [GET] [text/html] [400 The plain HTTP request was sent to HTTPS port] [cloudflare] [cloudflare] [20ad84d030031252141ca0b3fc0183f0]
http://help.sketchfab.com:2096 [400] [GET] [text/html] [400 The plain HTTP request was sent to HTTPS port] [cloudflare] [cloudflare] [cd58783500d7fa3c58f88eb0ba22f4f8]
http://help.sketchfab.com:8443 [400] [GET] [text/html] [400 The plain HTTP request was sent to HTTPS port] [cloudflare] [cloudflare] [cd58783500d7fa3c58f88eb0ba22f4f8]
http://img.email1.sketchfab.com:2053 [400] [GET] [text/html] [400 The plain HTTP request was sent to HTTPS port] [cloudflare] [cloudflare] [20ad84d030031252141ca0b3fc0183f0]
http://img.email1.sketchfab.com:2083 [400] [GET] [text/html] [400 The plain HTTP request was sent to HTTPS port] [cloudflare] [cloudflare] [cd58783500d7fa3c58f88eb0ba22f4f8]
http://img.email1.sketchfab.com:2087 [400] [GET] [text/html] [400 The plain HTTP request was sent to HTTPS port] [cloudflare] [cloudflare] [20ad84d030031252141ca0b3fc0183f0]
http://img.email1.sketchfab.com:2096 [400] [GET] [text/html] [400 The plain HTTP request was sent to HTTPS port] [cloudflare] [cloudflare] [20ad84d030031252141ca0b3fc0183f0]
http://img.email1.sketchfab.com:8443 [400] [GET] [text/html] [400 The plain HTTP request was sent to HTTPS port] [cloudflare] [cloudflare] [cd58783500d7fa3c58f88eb0ba22f4f8]
http://img.email2.sketchfab.com:2053 [400] [GET] [text/html] [400 The plain HTTP request was sent to HTTPS port] [cloudflare] [cloudflare] [cd58783500d7fa3c58f88eb0ba22f4f8]
http://img.email2.sketchfab.com:2083 [400] [GET] [text/html] [400 The plain HTTP request was sent to HTTPS port] [cloudflare] [cloudflare] [20ad84d030031252141ca0b3fc0183f0]
http://img.email2.sketchfab.com:2087 [400] [GET] [text/html] [400 The plain HTTP request was sent to HTTPS port] [cloudflare] [cloudflare] [20ad84d030031252141ca0b3fc0183f0]
http://img.email2.sketchfab.com:2096 [400] [GET] [text/html] [400 The plain HTTP request was sent to HTTPS port] [cloudflare] [cloudflare] [cd58783500d7fa3c58f88eb0ba22f4f8]
http://img.email2.sketchfab.com:8443 [400] [GET] [text/html] [400 The plain HTTP request was sent to HTTPS port] [cloudflare] [cloudflare] [cd58783500d7fa3c58f88eb0ba22f4f8]
http://img.email3.sketchfab.com:2053 [400] [GET] [text/html] [400 The plain HTTP request was sent to HTTPS port] [cloudflare] [cloudflare] [20ad84d030031252141ca0b3fc0183f0]
http://img.email3.sketchfab.com:2083 [400] [GET] [text/html] [400 The plain HTTP request was sent to HTTPS port] [cloudflare] [cloudflare] [20ad84d030031252141ca0b3fc0183f0]
http://img.email3.sketchfab.com:2087 [400] [GET] [text/html] [400 The plain HTTP request was sent to HTTPS port] [cloudflare] [cloudflare] [20ad84d030031252141ca0b3fc0183f0]
http://img.email3.sketchfab.com:2096 [400] [GET] [text/html] [400 The plain HTTP request was sent to HTTPS port] [cloudflare] [cloudflare] [cd58783500d7fa3c58f88eb0ba22f4f8]
http://img.email3.sketchfab.com:8443 [400] [GET] [text/html] [400 The plain HTTP request was sent to HTTPS port] [cloudflare] [cloudflare] [20ad84d030031252141ca0b3fc0183f0]
http://landings.sketchfab.com:2082 [301] [GET] [] [] [cloudflare] [vhost] [Cloudflare Network Error Logging] [d41d8cd98f00b204e9800998ecf8427e]
http://landings.sketchfab.com:2086 [301] [GET] [] [] [cloudflare] [vhost] [Cloudflare Network Error Logging] [d41d8cd98f00b204e9800998ecf8427e]
http://landings.sketchfab.com:8080 [301] [GET] [] [] [cloudflare] [vhost] [Cloudflare Network Error Logging] [d41d8cd98f00b204e9800998ecf8427e]
http://landings.sketchfab.com:8880 [301] [GET] [] [] [cloudflare] [vhost] [Cloudflare Network Error Logging] [d41d8cd98f00b204e9800998ecf8427e]
http://zendesk1.sketchfab.com [409] [GET] [text/plain] [] [cloudflare] [cloudflare] [f6bbbdc9b05a5af96b6b7e618ee357cc]
http://zendesk1.sketchfab.com:2082 [409] [GET] [text/plain] [] [cloudflare] [cloudflare] [f6bbbdc9b05a5af96b6b7e618ee357cc]
http://zendesk1.sketchfab.com:2083 [400] [GET] [text/html] [400 The plain HTTP request was sent to HTTPS port] [cloudflare] [cloudflare] [cd58783500d7fa3c58f88eb0ba22f4f8]
http://zendesk1.sketchfab.com:2087 [400] [GET] [text/html] [400 The plain HTTP request was sent to HTTPS port] [cloudflare] [cloudflare] [cd58783500d7fa3c58f88eb0ba22f4f8]
http://zendesk1.sketchfab.com:8080 [409] [GET] [text/plain] [] [cloudflare] [cloudflare] [f6bbbdc9b05a5af96b6b7e618ee357cc]
http://zendesk1.sketchfab.com:8443 [400] [GET] [text/html] [400 The plain HTTP request was sent to HTTPS port] [cloudflare] [cloudflare] [cd58783500d7fa3c58f88eb0ba22f4f8]
http://zendesk1.sketchfab.com:8880 [409] [GET] [text/plain] [] [cloudflare] [cloudflare] [f6bbbdc9b05a5af96b6b7e618ee357cc]
http://zendesk2.sketchfab.com [409] [GET] [text/plain] [] [cloudflare] [cloudflare] [f6bbbdc9b05a5af96b6b7e618ee357cc]
http://zendesk2.sketchfab.com:2082 [409] [GET] [text/plain] [] [cloudflare] [cloudflare] [f6bbbdc9b05a5af96b6b7e618ee357cc]
http://zendesk2.sketchfab.com:2083 [400] [GET] [text/html] [400 The plain HTTP request was sent to HTTPS port] [cloudflare] [cloudflare] [20ad84d030031252141ca0b3fc0183f0]
http://zendesk2.sketchfab.com:2087 [400] [GET] [text/html] [400 The plain HTTP request was sent to HTTPS port] [cloudflare] [cloudflare] [20ad84d030031252141ca0b3fc0183f0]
http://zendesk2.sketchfab.com:8080 [409] [GET] [text/plain] [] [cloudflare] [cloudflare] [f6bbbdc9b05a5af96b6b7e618ee357cc]
http://zendesk2.sketchfab.com:8443 [400] [GET] [text/html] [400 The plain HTTP request was sent to HTTPS port] [cloudflare] [cloudflare] [20ad84d030031252141ca0b3fc0183f0]
http://zendesk2.sketchfab.com:8880 [409] [GET] [text/plain] [] [cloudflare] [cloudflare] [f6bbbdc9b05a5af96b6b7e618ee357cc]
http://zendesk3.sketchfab.com [409] [GET] [text/plain] [] [cloudflare] [cloudflare] [f6bbbdc9b05a5af96b6b7e618ee357cc]
http://zendesk3.sketchfab.com:2053 [400] [GET] [text/html] [400 The plain HTTP request was sent to HTTPS port] [cloudflare] [cloudflare] [20ad84d030031252141ca0b3fc0183f0]
http://zendesk3.sketchfab.com:2082 [409] [GET] [text/plain] [] [cloudflare] [cloudflare] [f6bbbdc9b05a5af96b6b7e618ee357cc]
http://zendesk3.sketchfab.com:2083 [400] [GET] [text/html] [400 The plain HTTP request was sent to HTTPS port] [cloudflare] [cloudflare] [cd58783500d7fa3c58f88eb0ba22f4f8]
http://zendesk3.sketchfab.com:2086 [409] [GET] [text/plain] [] [cloudflare] [cloudflare] [f6bbbdc9b05a5af96b6b7e618ee357cc]
http://zendesk3.sketchfab.com:2087 [400] [GET] [text/html] [400 The plain HTTP request was sent to HTTPS port] [cloudflare] [cloudflare] [cd58783500d7fa3c58f88eb0ba22f4f8]
http://zendesk3.sketchfab.com:8080 [409] [GET] [text/plain] [] [cloudflare] [cloudflare] [f6bbbdc9b05a5af96b6b7e618ee357cc]
http://zendesk3.sketchfab.com:8443 [400] [GET] [text/html] [400 The plain HTTP request was sent to HTTPS port] [cloudflare] [cloudflare] [cd58783500d7fa3c58f88eb0ba22f4f8]
http://zendesk3.sketchfab.com:8880 [409] [GET] [text/plain] [] [cloudflare] [cloudflare] [f6bbbdc9b05a5af96b6b7e618ee357cc]
http://zendesk4.sketchfab.com [409] [GET] [text/plain] [] [cloudflare] [cloudflare] [f6bbbdc9b05a5af96b6b7e618ee357cc]
http://zendesk4.sketchfab.com:2053 [400] [GET] [text/html] [400 The plain HTTP request was sent to HTTPS port] [cloudflare] [cloudflare] [20ad84d030031252141ca0b3fc0183f0]
http://zendesk4.sketchfab.com:2082 [409] [GET] [text/plain] [] [cloudflare] [cloudflare] [f6bbbdc9b05a5af96b6b7e618ee357cc]
http://zendesk4.sketchfab.com:2083 [400] [GET] [text/html] [400 The plain HTTP request was sent to HTTPS port] [cloudflare] [cloudflare] [cd58783500d7fa3c58f88eb0ba22f4f8]
http://zendesk4.sketchfab.com:2086 [409] [GET] [text/plain] [] [cloudflare] [cloudflare] [f6bbbdc9b05a5af96b6b7e618ee357cc]
http://zendesk4.sketchfab.com:2087 [400] [GET] [text/html] [400 The plain HTTP request was sent to HTTPS port] [cloudflare] [cloudflare] [cd58783500d7fa3c58f88eb0ba22f4f8]
http://zendesk4.sketchfab.com:8080 [409] [GET] [text/plain] [] [cloudflare] [cloudflare] [f6bbbdc9b05a5af96b6b7e618ee357cc]
http://zendesk4.sketchfab.com:8443 [400] [GET] [text/html] [400 The plain HTTP request was sent to HTTPS port] [cloudflare] [cloudflare] [cd58783500d7fa3c58f88eb0ba22f4f8]
http://zendesk4.sketchfab.com:8880 [409] [GET] [text/plain] [] [cloudflare] [cloudflare] [f6bbbdc9b05a5af96b6b7e618ee357cc]
https://api.sketchfab.com [301] [GET] [text/html] [301 Moved Permanently] [awselb/2.0] [vhost] [cloudfront] [Amazon Cloudfront,Amazon Web Services] [4aa7a432bb447f094408f1bd6229c605]
https://apps.sketchfab.com [403] [GET] [application/xml] [] [AmazonS3] [vhost] [cloudfront] [Amazon Cloudfront,Amazon S3,Amazon Web Services] [b9f7c0777d9be3f66e409b476878d820]
https://apps.sketchfab.com [403] [GET] [application/xml] [] [AmazonS3] [vhost] [cloudfront] [Amazon Cloudfront,Amazon S3,Amazon Web Services] [f9a83cba9e64b8670f2e5081e356fb70]
https://clients.sketchfab.com [403] [GET] [application/xml] [] [AmazonS3] [vhost] [cloudfront] [Amazon Cloudfront,Amazon S3,Amazon Web Services] [5e854856b5fe344cbc55d7a8d9a2e8d2]
https://clients.sketchfab.com [403] [GET] [application/xml] [] [AmazonS3] [vhost] [cloudfront] [Amazon Cloudfront,Amazon S3,Amazon Web Services] [f33b191d257a7ccd545df33475384914]
https://demos.sketchfab.com [403] [GET] [application/xml] [] [AmazonS3] [vhost] [cloudfront] [Amazon Cloudfront,Amazon S3,Amazon Web Services] [8833573827f6aa0574de6cc10bb25ca6]
https://demos.sketchfab.com [403] [GET] [application/xml] [] [AmazonS3] [vhost] [cloudfront] [Amazon Cloudfront,Amazon S3,Amazon Web Services] [ab193a96311f267920234b293154e033]
https://docs.sketchfab.com [403] [GET] [application/xml] [] [AmazonS3] [vhost] [cloudfront] [Amazon Cloudfront,Amazon S3,Amazon Web Services] [07e41a1af164997ad82e53ecb51c7922]
https://docs.sketchfab.com [403] [GET] [application/xml] [] [AmazonS3] [vhost] [cloudfront] [Amazon Cloudfront,Amazon S3,Amazon Web Services] [13eef7e951c71f429516f108eda38fd3]
https://email.sketchfab.com [200] [GET] [application/octet-stream] [] [nginx] [Nginx] [9f36c1c909fa94ed5e7af41387ae3dae]
https://forum.sketchfab.com [200] [GET] [text/html] [Sketchfab Forum] [openresty] [vhost] [Discourse,Nginx,OpenResty,Ruby on Rails] [07817231ee42efe6939fffe8fa113151]
https://gltf.sketchfab.com [403] [GET] [application/xml] [] [AmazonS3] [vhost] [cloudfront] [Amazon Cloudfront,Amazon S3,Amazon Web Services] [1ba8e2c5ac54443c965255e9cd79f5d6]
https://gltf.sketchfab.com [403] [GET] [application/xml] [] [AmazonS3] [vhost] [cloudfront] [Amazon Cloudfront,Amazon S3,Amazon Web Services] [aa3772f33b305bf05aeea178bf72a70d]
https://help.sketchfab.com [301] [GET] [text/html] [] [cloudflare] [vhost] [cloudflare] [Cloudflare,Cloudflare Network Error Logging,Zendesk] [ad1900cde8f4a6df009f81eef33a7ff3]
https://img.email1.sketchfab.com [301] [GET] [text/html] [] [cloudflare] [vhost] [cloudflare] [Cloudflare] [d41d8cd98f00b204e9800998ecf8427e]
https://img.email2.sketchfab.com [301] [GET] [text/html] [] [cloudflare] [vhost] [cloudflare] [Cloudflare] [d41d8cd98f00b204e9800998ecf8427e]
https://img.email3.sketchfab.com [301] [GET] [text/html] [] [cloudflare] [vhost] [cloudflare] [Cloudflare] [d41d8cd98f00b204e9800998ecf8427e]
https://labs.sketchfab.com [301] [GET] [text/html] [301 Moved Permanently] [nginx/1.15.2] [vhost] [cloudfront] [Amazon Cloudfront,Amazon Web Services,Nginx] [ad9e88a2915dcd1f1530ac80bcd48d25]
https://landings.sketchfab.com [200] [GET] [text/html] [Sketchfab] [cloudflare] [vhost] [Cloudflare Network Error Logging,Google Font API,HubSpot,HubSpot CMS Hub] [d8af1b2b8c1d164d06915cb001ceb28e]
https://landings.sketchfab.com:2083 [200] [GET] [text/html] [Sketchfab] [cloudflare] [vhost] [Cloudflare Network Error Logging,Google Font API,HubSpot,HubSpot CMS Hub] [d8af1b2b8c1d164d06915cb001ceb28e]
https://landings.sketchfab.com:2087 [200] [GET] [text/html] [Sketchfab] [cloudflare] [vhost] [Cloudflare Network Error Logging,Google Font API,HubSpot,HubSpot CMS Hub] [d8af1b2b8c1d164d06915cb001ceb28e]
https://landings.sketchfab.com:8443 [200] [GET] [text/html] [Sketchfab] [cloudflare] [vhost] [Cloudflare Network Error Logging,Google Font API,HubSpot,HubSpot CMS Hub] [d8af1b2b8c1d164d06915cb001ceb28e]
https://media.sketchfab.com [403] [GET] [application/xml] [] [AmazonS3] [vhost] [cloudfront] [Amazon Cloudfront,Amazon S3,Amazon Web Services] [be1eee9f36044ef4c1bc54345221afed]
https://media.sketchfab.com [403] [GET] [application/xml] [] [AmazonS3] [vhost] [cloudfront] [Amazon Cloudfront,Amazon S3,Amazon Web Services] [ec9207708b841902d3fbcd867d78a0c3]
https://r.email1.sketchfab.com [301] [GET] [text/html] [] [nginx] [vhost] [Nginx] [d41d8cd98f00b204e9800998ecf8427e]
https://r.email2.sketchfab.com [301] [GET] [text/html] [] [nginx] [vhost] [Nginx] [d41d8cd98f00b204e9800998ecf8427e]
https://r.email3.sketchfab.com [301] [GET] [text/html] [] [nginx] [vhost] [Nginx] [d41d8cd98f00b204e9800998ecf8427e]
https://sketchfab.com [200] [GET] [text/html] [Sketchfab - The best 3D viewer on the web] [gunicorn/20.0.4] [vhost] [cloudfront] [Amazon Cloudfront,Amazon Web Services,Python,gunicorn] [c335d8b35ea2f10baf385d4d690c6999]
https://staging2.blog.sketchfab.com [403] [GET] [text/html] [clouds_shape] [nginx] [vhost] [Google Font API,Nginx,SiteGround] [dcc4e47f2e8acc6928ab7e5d2fa69d61]
https://static.sketchfab.com [403] [GET] [application/xml] [] [AmazonS3] [vhost] [cloudfront] [Amazon Cloudfront,Amazon S3,Amazon Web Services] [07fa5e686723d664d69c38da12a72bd6]
https://static.sketchfab.com [403] [GET] [application/xml] [] [AmazonS3] [vhost] [cloudfront] [Amazon Cloudfront,Amazon S3,Amazon Web Services] [0c46dcc864d967018b16d3eab6f301cb]
https://www.sketchfab.com [301] [GET] [text/html] [301 Moved Permanently] [awselb/2.0] [vhost] [cloudfront] [Amazon Cloudfront,Amazon Web Services] [4aa7a432bb447f094408f1bd6229c605]
https://www.staging2.blog.sketchfab.com [403] [GET] [text/html] [clouds_shape] [nginx] [vhost] [Google Font API,Nginx,SiteGround] [dcc4e47f2e8acc6928ab7e5d2fa69d61]
