http://tableau.snooguts.net:8080 [404] [GET] [text/html] [404 Not Found] [] [2e9281cb1598565605593d28a5efa3bb]
http://tsm.tableau.snooguts.net:8080 [404] [GET] [text/html] [404 Not Found] [] [2e9281cb1598565605593d28a5efa3bb]
http://www.vault.ads.ue1.snooguts.net [301] [GET] [text/html] [301 Moved Permanently] [nginx] [Nginx] [cd2e0e43980a00fb6a2742d3afd803b8]
http://www.vault.reddit.ue1.snooguts.net [301] [GET] [text/html] [301 Moved Permanently] [nginx] [Nginx] [cd2e0e43980a00fb6a2742d3afd803b8]
http://www.vault.relevance.ue1.snooguts.net [301] [GET] [text/html] [301 Moved Permanently] [nginx] [Nginx] [cd2e0e43980a00fb6a2742d3afd803b8]
https://assets.github.snooguts.net [301] [GET] [] [] [GitHub.com] [GitHub Pages,Ruby on Rails] [d41d8cd98f00b204e9800998ecf8427e]
https://avatars.github.snooguts.net [302] [GET] [text/html] [302 Found] [GitHub.com] [vhost] [GitHub Pages,Ruby on Rails] [aff950cab4c0265e21d401db15f1026d]
https://codeload.github.snooguts.net [301] [GET] [] [] [] [d41d8cd98f00b204e9800998ecf8427e]
https://docker.github.snooguts.net [301] [GET] [] [] [GitHub.com] [GitHub Pages,Ruby on Rails] [d41d8cd98f00b204e9800998ecf8427e]
https://gist.github.snooguts.net [302] [GET] [text/html] [302 Found] [GitHub.com] [vhost] [GitHub Pages,Ruby on Rails] [aff950cab4c0265e21d401db15f1026d]
https://maven.github.snooguts.net [301] [GET] [] [] [GitHub.com] [GitHub Pages,Ruby on Rails] [d41d8cd98f00b204e9800998ecf8427e]
https://media.github.snooguts.net [302] [GET] [] [] [GitHub.com] [vhost] [GitHub Pages,Ruby on Rails] [d41d8cd98f00b204e9800998ecf8427e]
https://npm.github.snooguts.net [301] [GET] [] [] [GitHub.com] [GitHub Pages,Ruby on Rails] [d41d8cd98f00b204e9800998ecf8427e]
https://nuget.github.snooguts.net [301] [GET] [] [] [GitHub.com] [GitHub Pages,Ruby on Rails] [d41d8cd98f00b204e9800998ecf8427e]
https://pages.github.snooguts.net [301] [GET] [text/html] [301 Moved Permanently] [GitHub.com] [vhost] [GitHub Pages,Ruby on Rails] [4f8e702cc244ec5d4de32740c0ecbd97]
https://raw.github.snooguts.net [301] [GET] [] [] [] [d41d8cd98f00b204e9800998ecf8427e]
https://render.github.snooguts.net [302] [GET] [text/html] [302 Found] [GitHub.com] [vhost] [GitHub Pages,Ruby on Rails] [aff950cab4c0265e21d401db15f1026d]
https://rubygems.github.snooguts.net [301] [GET] [] [] [GitHub.com] [GitHub Pages,Ruby on Rails] [d41d8cd98f00b204e9800998ecf8427e]
https://snoo360.snooguts.net [302] [GET] [text/html] [] [Google Frontend] [vhost] [Google App Engine,Google Cloud,Google Cloud Trace] [a679fad644bccc811244b3434f847257]
https://snoo360.snooguts.net [302] [GET] [text/html] [] [Google Frontend] [vhost] [Google App Engine,Google Cloud,Google Cloud Trace] [cbd8888c4f4f0914cd63d67026f633e2]
https://tableau.snooguts.net [302] [GET] [] [] [] [vhost] [d41d8cd98f00b204e9800998ecf8427e]
https://test.ue1.snooguts.net [302] [GET] [text/html] [302 Found] [openresty] [Nginx,OpenResty] [82c98e8e012b79c922655461171cc2fa]
https://tsm.tableau.snooguts.net [302] [GET] [] [] [] [vhost] [d41d8cd98f00b204e9800998ecf8427e]
https://uploads.github.snooguts.net [301] [GET] [] [] [GitHub.com] [GitHub Pages,Ruby on Rails] [d41d8cd98f00b204e9800998ecf8427e]
https://vault.ads.ue1.snooguts.net [303] [GET] [text/html] [303 See Other] [nginx] [Nginx] [0d168a9f3acc87bdc19720e491d1bca6]
https://vault.antievil.ue1.snooguts.net [303] [GET] [text/html] [303 See Other] [nginx] [Nginx] [0d168a9f3acc87bdc19720e491d1bca6]
https://vault.build.ue1.snooguts.net [303] [GET] [text/html] [303 See Other] [nginx] [Nginx] [0d168a9f3acc87bdc19720e491d1bca6]
https://vault.dev.ue1.snooguts.net [303] [GET] [text/html] [303 See Other] [nginx] [Nginx] [0d168a9f3acc87bdc19720e491d1bca6]
https://vault.reddit.ue1.snooguts.net [303] [GET] [text/html] [303 See Other] [nginx] [Nginx] [0d168a9f3acc87bdc19720e491d1bca6]
https://vault.relevance.ue1.snooguts.net [303] [GET] [text/html] [303 See Other] [nginx] [Nginx] [0d168a9f3acc87bdc19720e491d1bca6]
https://vault.search.ue1.snooguts.net [303] [GET] [text/html] [303 See Other] [nginx] [Nginx] [0d168a9f3acc87bdc19720e491d1bca6]
https://vpn.snooguts.net [302] [GET] [text/html] [Redirecting...] [] [4be46641e1b732403ecfbeb07f296cc7]
