http://api-test.solarcity.com [403] [GET] [text/html] [403 - Forbidden: Access is denied.] [Microsoft-IIS/10.0] [IIS,Microsoft ASP.NET,Windows Server] [11ca4578cb026a23713aea6781b8ece3]
http://gsa.solarcity.com [302] [GET] [] [] [BigIP] [F5 BigIP] [d41d8cd98f00b204e9800998ecf8427e]
http://origin-gsa.solarcity.com [302] [GET] [] [] [BigIP] [F5 BigIP] [d41d8cd98f00b204e9800998ecf8427e]
http://origin-login.solarcity.com [302] [GET] [] [] [BigIP] [F5 BigIP] [d41d8cd98f00b204e9800998ecf8427e]
https://api.solarcity.com [401] [GET] [text/html] [] [] [vhost] [38559c871fba28d992ead51549367f83]
https://gw.solarcity.com:2013 [404] [GET] [] [] [] [d41d8cd98f00b204e9800998ecf8427e]
https://hamilton-edge.scfs.solarcity.com [400] [GET] [text/html] [Invalid URL] [AkamaiGHost] [1f2c2071871725f3cae9cb39c74bda89]
https://hamilton-edge.scfs.solarcity.com [400] [GET] [text/html] [Invalid URL] [AkamaiGHost] [fb2039f0be685dad295acd7aac7c96f2]
https://isapi.solarcity.com [200] [GET] [text/html] [] [Microsoft-IIS/10.0] [vhost] [IIS,Microsoft ASP.NET,Windows Server] [6ed72c41ae3f0b44db27918ed8a0d1f5]
https://login.solarcity.com [302] [GET] [text/html] [Object moved] [] [vhost] [06e84e341bbb6ca012fb9dda7351d400]
https://login.solarcity.com [302] [GET] [text/html] [Object moved] [] [vhost] [c527d6242572090cdf11a19834b5379f]
https://origin-sg-1.solarcity.com [401] [GET] [text/html] [401 - Unauthorized: Access is denied due to invalid credentials.] [Microsoft-IIS/10.0] [IIS,Microsoft ASP.NET,Windows Server] [5720392716b0be81c8110c6f0598e01b]
https://origin-sg.solarcity.com [401] [GET] [text/html] [401 - Unauthorized: Access is denied due to invalid credentials.] [Microsoft-IIS/10.0] [IIS,Microsoft ASP.NET,Windows Server] [5720392716b0be81c8110c6f0598e01b]
https://parser.solarcity.com [401] [GET] [text/html] [401 - Unauthorized: Access is denied due to invalid credentials.] [Microsoft-IIS/10.0] [IIS,Microsoft ASP.NET,Windows Server] [5720392716b0be81c8110c6f0598e01b]
https://payments.billing.solarcity.com [200] [GET] [text/html] [] [Apache/2.4.52 ()] [Apache] [79fbb7469af4b7797a35ad345db6068a]
https://payments.solarcity.com [200] [GET] [text/html] [] [Apache/2.4.52 ()] [Apache] [79fbb7469af4b7797a35ad345db6068a]
https://prod-athena-cust-alb.scfs.solarcity.com [503] [GET] [text/html] [503 Service Temporarily Unavailable] [awselb/2.0] [81df4d3863debf3eceb5cf84251fd472]
https://prod-gw.scsg.solarcity.com:2013 [404] [GET] [] [] [] [d41d8cd98f00b204e9800998ecf8427e]
https://prod-helios-cust-alb.scfs.solarcity.com [200] [GET] [text/html] [] [Apache/2.4.52 ()] [Apache] [89cf8e9713567447dd9616aab3093227]
https://secure-test.solarcity.com [302] [GET] [text/html] [Object moved] [Microsoft-IIS/10.0] [IIS,Microsoft ASP.NET,Windows Server] [253da5d39a01f5601f32b127ec6d0008]
https://sg-1.solarcity.com [401] [GET] [text/html] [401 - Unauthorized: Access is denied due to invalid credentials.] [Microsoft-IIS/10.0] [IIS,Microsoft ASP.NET,Windows Server] [5720392716b0be81c8110c6f0598e01b]
https://sg.solarcity.com [401] [GET] [text/html] [401 - Unauthorized: Access is denied due to invalid credentials.] [Microsoft-IIS/10.0] [IIS,Microsoft ASP.NET,Windows Server] [5720392716b0be81c8110c6f0598e01b]
https://solarbonds.solarcity.com [200] [GET] [text/html] [] [Apache/2.4.52 ()] [Apache] [89cf8e9713567447dd9616aab3093227]
https://solarcity.com [301] [GET] [] [] [LB] [d41d8cd98f00b204e9800998ecf8427e]
https://solarguard.solarcity.com [302] [GET] [text/html] [Object moved] [Microsoft-IIS/8.5] [vhost] [IIS,Microsoft ASP.NET,Windows Server] [e77d8ff37512d48803813a97ccb748c6]
https://warp.solarcity.com [200] [GET] [text/html] [] [Microsoft-IIS/10.0] [vhost] [IIS,Microsoft ASP.NET,Windows Server] [581069974176b1a6d77a8a9217e35850]
https://webmail.solarcity.com [302] [GET] [] [] [Microsoft-IIS/10.0] [vhost] [IIS,Microsoft ASP.NET,Windows Server] [d41d8cd98f00b204e9800998ecf8427e]
https://websocket-prod.scsg.solarcity.com:2013 [404] [GET] [] [] [] [d41d8cd98f00b204e9800998ecf8427e]
https://ws-gw.scsg.solarcity.com [404] [GET] [] [] [] [d41d8cd98f00b204e9800998ecf8427e]
https://www.solarbonds.solarcity.com [200] [GET] [text/html] [] [Apache/2.4.52 ()] [Apache] [89cf8e9713567447dd9616aab3093227]
https://www.solarcity.com [301] [GET] [] [] [LB] [d41d8cd98f00b204e9800998ecf8427e]
