http://airflow.soundcloud.org:8080 [404] [GET] [text/html] [404 Not Found] [] [2e9281cb1598565605593d28a5efa3bb]
http://alertmanager.soundcloud.org:8080 [404] [GET] [text/html] [404 Not Found] [] [2e9281cb1598565605593d28a5efa3bb]
http://api.sc-sean.soundcloud.org:8080 [404] [GET] [text/html] [404 Not Found] [] [2e9281cb1598565605593d28a5efa3bb]
http://backstage-staging.soundcloud.org:8080 [404] [GET] [text/html] [404 Not Found] [] [2e9281cb1598565605593d28a5efa3bb]
http://backstage.soundcloud.org:8080 [404] [GET] [text/html] [404 Not Found] [] [2e9281cb1598565605593d28a5efa3bb]
http://build-artifacts.soundcloud.org:8080 [404] [GET] [text/html] [404 Not Found] [] [2e9281cb1598565605593d28a5efa3bb]
http://ci-test.soundcloud.org:8080 [404] [GET] [text/html] [404 Not Found] [] [2e9281cb1598565605593d28a5efa3bb]
http://ci.soundcloud.org:8080 [404] [GET] [text/html] [404 Not Found] [] [2e9281cb1598565605593d28a5efa3bb]
http://client-productivity-service.soundcloud.org:8080 [404] [GET] [text/html] [404 Not Found] [] [2e9281cb1598565605593d28a5efa3bb]
http://codescene.sc-sean.soundcloud.org:8080 [404] [GET] [text/html] [404 Not Found] [] [2e9281cb1598565605593d28a5efa3bb]
http://codesearch-test.soundcloud.org:8080 [404] [GET] [text/html] [404 Not Found] [] [2e9281cb1598565605593d28a5efa3bb]
http://codesearch.soundcloud.org:8080 [404] [GET] [text/html] [404 Not Found] [] [2e9281cb1598565605593d28a5efa3bb]
http://collins.soundcloud.org:8080 [404] [GET] [text/html] [404 Not Found] [] [2e9281cb1598565605593d28a5efa3bb]
http://community-staging.soundcloud.org:8080 [404] [GET] [text/html] [404 Not Found] [] [2e9281cb1598565605593d28a5efa3bb]
http://ctf.soundcloud.org:8080 [404] [GET] [text/html] [404 Not Found] [] [2e9281cb1598565605593d28a5efa3bb]
http://devsupport.soundcloud.org:8080 [404] [GET] [text/html] [404 Not Found] [] [2e9281cb1598565605593d28a5efa3bb]
http://echo-test.soundcloud.org:8080 [404] [GET] [text/html] [404 Not Found] [] [2e9281cb1598565605593d28a5efa3bb]
http://echo.soundcloud.org:8080 [404] [GET] [text/html] [404 Not Found] [] [2e9281cb1598565605593d28a5efa3bb]
http://gists.soundcloud.org:8080 [404] [GET] [text/html] [404 Not Found] [] [2e9281cb1598565605593d28a5efa3bb]
http://go.soundcloud.org:8080 [404] [GET] [text/html] [404 Not Found] [] [2e9281cb1598565605593d28a5efa3bb]
http://grafana-staging.soundcloud.org:8080 [404] [GET] [text/html] [404 Not Found] [] [2e9281cb1598565605593d28a5efa3bb]
http://grafana.soundcloud.org:8080 [404] [GET] [text/html] [404 Not Found] [] [2e9281cb1598565605593d28a5efa3bb]
http://k8s-api-db.soundcloud.org:8080 [404] [GET] [text/html] [404 Not Found] [] [2e9281cb1598565605593d28a5efa3bb]
http://mermaid.soundcloud.org:8080 [404] [GET] [text/html] [404 Not Found] [] [2e9281cb1598565605593d28a5efa3bb]
http://periskop-db.soundcloud.org:8080 [404] [GET] [text/html] [404 Not Found] [] [2e9281cb1598565605593d28a5efa3bb]
http://periskop-staging.soundcloud.org:8080 [404] [GET] [text/html] [404 Not Found] [] [2e9281cb1598565605593d28a5efa3bb]
http://retool-staging.soundcloud.org:8080 [404] [GET] [text/html] [404 Not Found] [] [2e9281cb1598565605593d28a5efa3bb]
http://retool.soundcloud.org:8080 [404] [GET] [text/html] [404 Not Found] [] [2e9281cb1598565605593d28a5efa3bb]
http://rocket.soundcloud.org:8080 [404] [GET] [text/html] [404 Not Found] [] [2e9281cb1598565605593d28a5efa3bb]
http://sflow.soundcloud.org:8080 [404] [GET] [text/html] [404 Not Found] [] [2e9281cb1598565605593d28a5efa3bb]
http://slog.soundcloud.org:8080 [404] [GET] [text/html] [404 Not Found] [] [2e9281cb1598565605593d28a5efa3bb]
http://sonar-staging.soundcloud.org:8080 [404] [GET] [text/html] [404 Not Found] [] [2e9281cb1598565605593d28a5efa3bb]
http://sonar.soundcloud.org:8080 [404] [GET] [text/html] [404 Not Found] [] [2e9281cb1598565605593d28a5efa3bb]
http://soundcloud.org:8080 [404] [GET] [text/html] [404 Not Found] [] [2e9281cb1598565605593d28a5efa3bb]
http://style.soundcloud.org:8080 [404] [GET] [text/html] [404 Not Found] [] [2e9281cb1598565605593d28a5efa3bb]
http://thanos.soundcloud.org:8080 [404] [GET] [text/html] [404 Not Found] [] [2e9281cb1598565605593d28a5efa3bb]
http://traefik.soundcloud.org:8080 [404] [GET] [text/html] [404 Not Found] [] [2e9281cb1598565605593d28a5efa3bb]
http://tv.soundcloud.org:8080 [404] [GET] [text/html] [404 Not Found] [] [2e9281cb1598565605593d28a5efa3bb]
http://users-cs-staging.soundcloud.org:8080 [404] [GET] [text/html] [404 Not Found] [] [2e9281cb1598565605593d28a5efa3bb]
http://users-cs.soundcloud.org:8080 [404] [GET] [text/html] [404 Not Found] [] [2e9281cb1598565605593d28a5efa3bb]
http://vault.soundcloud.org:8080 [404] [GET] [text/html] [404 Not Found] [] [2e9281cb1598565605593d28a5efa3bb]
http://yopass.soundcloud.org:8080 [404] [GET] [text/html] [404 Not Found] [] [2e9281cb1598565605593d28a5efa3bb]
http://zipkin.soundcloud.org:8080 [404] [GET] [text/html] [404 Not Found] [] [2e9281cb1598565605593d28a5efa3bb]
https://airflow.soundcloud.org [302] [GET] [] [] [] [vhost] [d41d8cd98f00b204e9800998ecf8427e]
https://alertmanager.soundcloud.org [302] [GET] [] [] [] [vhost] [d41d8cd98f00b204e9800998ecf8427e]
https://api.sc-sean.soundcloud.org [404] [GET] [] [] [] [Google Cloud,Google Cloud CDN] [d41d8cd98f00b204e9800998ecf8427e]
https://backstage-staging.soundcloud.org [302] [GET] [] [] [] [vhost] [d41d8cd98f00b204e9800998ecf8427e]
https://backstage.soundcloud.org [302] [GET] [] [] [] [vhost] [d41d8cd98f00b204e9800998ecf8427e]
https://build-artifacts.soundcloud.org [302] [GET] [] [] [] [vhost] [d41d8cd98f00b204e9800998ecf8427e]
https://ci-test.soundcloud.org [302] [GET] [] [] [] [vhost] [d41d8cd98f00b204e9800998ecf8427e]
https://ci.soundcloud.org [302] [GET] [] [] [] [vhost] [d41d8cd98f00b204e9800998ecf8427e]
https://client-productivity-service.soundcloud.org [302] [GET] [] [] [] [vhost] [d41d8cd98f00b204e9800998ecf8427e]
https://codescene.sc-sean.soundcloud.org [302] [GET] [] [] [] [vhost] [d41d8cd98f00b204e9800998ecf8427e]
https://codesearch-test.soundcloud.org [302] [GET] [] [] [] [vhost] [d41d8cd98f00b204e9800998ecf8427e]
https://codesearch.soundcloud.org [302] [GET] [] [] [] [vhost] [d41d8cd98f00b204e9800998ecf8427e]
https://collins.soundcloud.org [302] [GET] [] [] [] [vhost] [d41d8cd98f00b204e9800998ecf8427e]
https://community-staging.soundcloud.org [302] [GET] [] [] [] [vhost] [d41d8cd98f00b204e9800998ecf8427e]
https://ctf.soundcloud.org [302] [GET] [] [] [] [vhost] [d41d8cd98f00b204e9800998ecf8427e]
https://devsupport.soundcloud.org [302] [GET] [] [] [] [vhost] [d41d8cd98f00b204e9800998ecf8427e]
https://echo-test.soundcloud.org [302] [GET] [] [] [] [vhost] [d41d8cd98f00b204e9800998ecf8427e]
https://echo.soundcloud.org [302] [GET] [] [] [] [vhost] [d41d8cd98f00b204e9800998ecf8427e]
https://gists.soundcloud.org [302] [GET] [] [] [] [vhost] [d41d8cd98f00b204e9800998ecf8427e]
https://go.soundcloud.org [302] [GET] [] [] [] [vhost] [d41d8cd98f00b204e9800998ecf8427e]
https://grafana-staging.soundcloud.org [302] [GET] [] [] [] [vhost] [d41d8cd98f00b204e9800998ecf8427e]
https://grafana.soundcloud.org [302] [GET] [] [] [] [vhost] [d41d8cd98f00b204e9800998ecf8427e]
https://jira.soundcloud.org [301] [GET] [] [] [] [vhost] [cloudfront] [Amazon Cloudfront,Amazon Web Services] [d41d8cd98f00b204e9800998ecf8427e]
https://k8s-api-db.soundcloud.org [302] [GET] [] [] [] [vhost] [d41d8cd98f00b204e9800998ecf8427e]
https://mermaid.soundcloud.org [302] [GET] [] [] [] [vhost] [d41d8cd98f00b204e9800998ecf8427e]
https://periskop-db.soundcloud.org [302] [GET] [] [] [] [vhost] [d41d8cd98f00b204e9800998ecf8427e]
https://periskop-staging.soundcloud.org [302] [GET] [] [] [] [vhost] [d41d8cd98f00b204e9800998ecf8427e]
https://retool-staging.soundcloud.org [302] [GET] [] [] [] [vhost] [d41d8cd98f00b204e9800998ecf8427e]
https://retool.soundcloud.org [302] [GET] [] [] [] [vhost] [d41d8cd98f00b204e9800998ecf8427e]
https://rocket.soundcloud.org [302] [GET] [] [] [] [vhost] [d41d8cd98f00b204e9800998ecf8427e]
https://sflow.soundcloud.org [302] [GET] [] [] [] [vhost] [d41d8cd98f00b204e9800998ecf8427e]
https://slog.soundcloud.org [302] [GET] [] [] [] [vhost] [d41d8cd98f00b204e9800998ecf8427e]
https://sonar-staging.soundcloud.org [302] [GET] [] [] [] [vhost] [d41d8cd98f00b204e9800998ecf8427e]
https://sonar.soundcloud.org [302] [GET] [] [] [] [vhost] [d41d8cd98f00b204e9800998ecf8427e]
https://soundcloud.org [302] [GET] [text/html] [] [] [vhost] [Google Cloud,Google Cloud CDN] [1306e5bc3f84feead6a45e58c8ea00e1]
https://style.soundcloud.org [302] [GET] [] [] [] [vhost] [d41d8cd98f00b204e9800998ecf8427e]
https://support.soundcloud.org [302] [GET] [text/html] [] [fwe] [vhost] [Envoy] [5518ca185e6e3eb97d1a01bd7582e0a1]
https://thanos.soundcloud.org [302] [GET] [] [] [] [vhost] [d41d8cd98f00b204e9800998ecf8427e]
https://traefik.soundcloud.org [302] [GET] [] [] [] [vhost] [d41d8cd98f00b204e9800998ecf8427e]
https://tv.soundcloud.org [302] [GET] [] [] [] [vhost] [d41d8cd98f00b204e9800998ecf8427e]
https://users-cs-staging.soundcloud.org [302] [GET] [] [] [] [vhost] [d41d8cd98f00b204e9800998ecf8427e]
https://users-cs.soundcloud.org [302] [GET] [] [] [] [vhost] [d41d8cd98f00b204e9800998ecf8427e]
https://vault.soundcloud.org [302] [GET] [] [] [] [vhost] [d41d8cd98f00b204e9800998ecf8427e]
https://yopass.soundcloud.org [200] [GET] [text/html] [Yopass: Share Secrets Securely] [] [vhost] [Google Cloud,Google Cloud CDN,Google Font API] [1d936770ce542a2261a81d8ad81946b1]
https://zipkin.soundcloud.org [302] [GET] [] [] [] [vhost] [d41d8cd98f00b204e9800998ecf8427e]
