http://about-recommendations.spotify.com:8080 [404] [GET] [text/html] [404 Not Found] [] [2e9281cb1598565605593d28a5efa3bb]
http://accounts-staging.spotify.com:8080 [404] [GET] [text/html] [404 Not Found] [] [2e9281cb1598565605593d28a5efa3bb]
http://accounts.spotify.com:8080 [404] [GET] [text/html] [404 Not Found] [] [2e9281cb1598565605593d28a5efa3bb]
http://adeventtracker.spotify.com:8080 [404] [GET] [text/html] [404 Not Found] [] [2e9281cb1598565605593d28a5efa3bb]
http://adgen-dev.spotify.com:8080 [404] [GET] [text/html] [404 Not Found] [] [2e9281cb1598565605593d28a5efa3bb]
http://adgen.spotify.com:8080 [404] [GET] [text/html] [404 Not Found] [] [2e9281cb1598565605593d28a5efa3bb]
http://adidas-superstar.withspotify.com [404] [GET] [text/html] [Error 404 (Not Found)!!1] [ghs] [b81150861bf911f947660cf73bce77f6]
http://adidasoriginals.withspotify.com [404] [GET] [text/html] [Error 404 (Not Found)!!1] [ghs] [b81150861bf911f947660cf73bce77f6]
http://adlab.spotify.com:8080 [404] [GET] [text/html] [404 Not Found] [] [2e9281cb1598565605593d28a5efa3bb]
http://admocker.spotify.com:8080 [404] [GET] [text/html] [404 Not Found] [] [2e9281cb1598565605593d28a5efa3bb]
http://ads.developer.spotify.com:8080 [404] [GET] [text/html] [404 Not Found] [] [2e9281cb1598565605593d28a5efa3bb]
http://adsgtm-sandbox.spotify.com:8080 [404] [GET] [text/html] [404 Not Found] [] [2e9281cb1598565605593d28a5efa3bb]
http://adsgtm.spotify.com:8080 [404] [GET] [text/html] [404 Not Found] [] [2e9281cb1598565605593d28a5efa3bb]
http://adstudio-help.spotify.com:8080 [404] [GET] [text/html] [404 Not Found] [] [2e9281cb1598565605593d28a5efa3bb]
http://adstudio.spotify.com:8080 [404] [GET] [text/html] [404 Not Found] [] [2e9281cb1598565605593d28a5efa3bb]
http://analytics-staging.spotify.com:8080 [404] [GET] [text/html] [404 Not Found] [] [2e9281cb1598565605593d28a5efa3bb]
http://analytics.spotify.com:8080 [404] [GET] [text/html] [404 Not Found] [] [2e9281cb1598565605593d28a5efa3bb]
http://ananas.spotify.com:8080 [404] [GET] [text/html] [404 Not Found] [] [2e9281cb1598565605593d28a5efa3bb]
http://api-canary.wg.spotify.com:8080 [404] [GET] [text/html] [404 Not Found] [] [2e9281cb1598565605593d28a5efa3bb]
http://api-internal.spotify.com:8080 [404] [GET] [text/html] [404 Not Found] [] [2e9281cb1598565605593d28a5efa3bb]
http://api-ipv6.spotify.com:8080 [404] [GET] [text/html] [404 Not Found] [] [2e9281cb1598565605593d28a5efa3bb]
http://api-ipv6.wg.spotify.com:8080 [404] [GET] [text/html] [404 Not Found] [] [2e9281cb1598565605593d28a5efa3bb]
http://api-partner.spotify.com:8080 [404] [GET] [text/html] [404 Not Found] [] [2e9281cb1598565605593d28a5efa3bb]
http://api-tv.spotify.com:8080 [404] [GET] [text/html] [404 Not Found] [] [2e9281cb1598565605593d28a5efa3bb]
http://api.spotify.com:8080 [404] [GET] [text/html] [404 Not Found] [] [2e9281cb1598565605593d28a5efa3bb]
http://app-report.spotify.com:8080 [404] [GET] [text/html] [404 Not Found] [] [2e9281cb1598565605593d28a5efa3bb]
http://apresolve.spotify.com:8080 [404] [GET] [text/html] [404 Not Found] [] [2e9281cb1598565605593d28a5efa3bb]
http://arlalactofree.withspotify.com [404] [GET] [text/html] [Error 404 (Not Found)!!1] [ghs] [b81150861bf911f947660cf73bce77f6]
http://artistinsights-downloads.spotify.com:8080 [404] [GET] [text/html] [404 Not Found] [] [2e9281cb1598565605593d28a5efa3bb]
http://artistinsights-realtime.spotify.com:8080 [404] [GET] [text/html] [404 Not Found] [] [2e9281cb1598565605593d28a5efa3bb]
http://artistinsights-realtime3.spotify.com:8080 [404] [GET] [text/html] [404 Not Found] [] [2e9281cb1598565605593d28a5efa3bb]
http://artists-staging.spotify.com:8080 [404] [GET] [text/html] [404 Not Found] [] [2e9281cb1598565605593d28a5efa3bb]
http://artists.spotify.com:8080 [404] [GET] [text/html] [404 Not Found] [] [2e9281cb1598565605593d28a5efa3bb]
http://artistyearinmusic.spotify.com:8080 [404] [GET] [text/html] [404 Not Found] [] [2e9281cb1598565605593d28a5efa3bb]
http://ask.spotify.com:8080 [404] [GET] [text/html] [404 Not Found] [] [2e9281cb1598565605593d28a5efa3bb]
http://auditdesk-server.spotify.com:8080 [404] [GET] [text/html] [404 Not Found] [] [2e9281cb1598565605593d28a5efa3bb]
http://axp.spotify.com:8080 [404] [GET] [text/html] [404 Not Found] [] [2e9281cb1598565605593d28a5efa3bb]
http://beta.spotify.com:8080 [404] [GET] [text/html] [404 Not Found] [] [2e9281cb1598565605593d28a5efa3bb]
http://blog.spotify.com:8080 [404] [GET] [text/html] [404 Not Found] [] [2e9281cb1598565605593d28a5efa3bb]
http://bloodhound.spotify.com:8080 [404] [GET] [text/html] [404 Not Found] [] [2e9281cb1598565605593d28a5efa3bb]
http://cal.spotify.com [302] [GET] [text/html] [302 Moved] [ghs] [vhost] [e84f3a7edbdeee7a56ed053f61319140]
http://californiaalmonds.withspotify.com [404] [GET] [text/html] [Error 404 (Not Found)!!1] [ghs] [b81150861bf911f947660cf73bce77f6]
http://canary-certificate-for-noop.spotify.com:8080 [404] [GET] [text/html] [404 Not Found] [] [2e9281cb1598565605593d28a5efa3bb]
http://carthing.spotify.com:8080 [404] [GET] [text/html] [404 Not Found] [] [2e9281cb1598565605593d28a5efa3bb]
http://certomato.spotify.com:8080 [404] [GET] [text/html] [404 Not Found] [] [2e9281cb1598565605593d28a5efa3bb]
http://change.withspotify.com [404] [GET] [text/html] [Error 404 (Not Found)!!1] [ghs] [b81150861bf911f947660cf73bce77f6]
http://churchill.withspotify.com [404] [GET] [text/html] [Error 404 (Not Found)!!1] [ghs] [b81150861bf911f947660cf73bce77f6]
http://clienttoken.spotify.com:8080 [404] [GET] [text/html] [404 Not Found] [] [2e9281cb1598565605593d28a5efa3bb]
http://cms.spotify.com:8080 [404] [GET] [text/html] [404 Not Found] [] [2e9281cb1598565605593d28a5efa3bb]
http://contra-algoritmo-itau.withspotify.com [404] [GET] [text/html] [Error 404 (Not Found)!!1] [ghs] [b81150861bf911f947660cf73bce77f6]
http://cookieplayground.spotify.com:8080 [404] [GET] [text/html] [404 Not Found] [] [2e9281cb1598565605593d28a5efa3bb]
http://crashdump.spotify.com:8080 [404] [GET] [text/html] [404 Not Found] [] [2e9281cb1598565605593d28a5efa3bb]
http://creativeservice.spotify.com:8080 [404] [GET] [text/html] [404 Not Found] [] [2e9281cb1598565605593d28a5efa3bb]
http://creator.wg.spotify.com:8080 [404] [GET] [text/html] [404 Not Found] [] [2e9281cb1598565605593d28a5efa3bb]
http://csat-support-help-page-mobile.spotify.com:8080 [404] [GET] [text/html] [404 Not Found] [] [2e9281cb1598565605593d28a5efa3bb]
http://cws.spotify.com:8080 [404] [GET] [text/html] [404 Not Found] [] [2e9281cb1598565605593d28a5efa3bb]
http://cws2.spotify.com:8080 [404] [GET] [text/html] [404 Not Found] [] [2e9281cb1598565605593d28a5efa3bb]
http://dailydrive.spotify.com:8080 [404] [GET] [text/html] [404 Not Found] [] [2e9281cb1598565605593d28a5efa3bb]
http://daytona.spotify.com:8080 [404] [GET] [text/html] [404 Not Found] [] [2e9281cb1598565605593d28a5efa3bb]
http://dealer.spotify.com:8080 [404] [GET] [text/html] [404 Not Found] [] [2e9281cb1598565605593d28a5efa3bb]
http://desktop.spotify.com:8080 [404] [GET] [text/html] [404 Not Found] [] [2e9281cb1598565605593d28a5efa3bb]
http://desperados.withspotify.com [404] [GET] [text/html] [Error 404 (Not Found)!!1] [ghs] [b81150861bf911f947660cf73bce77f6]
http://dev.spotify.com:8080 [404] [GET] [text/html] [404 Not Found] [] [2e9281cb1598565605593d28a5efa3bb]
http://devaccount.spotify.com:8080 [404] [GET] [text/html] [404 Not Found] [] [2e9281cb1598565605593d28a5efa3bb]
http://developers.spotify.com:8080 [404] [GET] [text/html] [404 Not Found] [] [2e9281cb1598565605593d28a5efa3bb]
http://devnews.spotify.com:8080 [404] [GET] [text/html] [404 Not Found] [] [2e9281cb1598565605593d28a5efa3bb]
http://dewars-disfruta-el-doble.withspotify.com [404] [GET] [text/html] [Error 404 (Not Found)!!1] [ghs] [b81150861bf911f947660cf73bce77f6]
http://discord.spotify.com:8080 [404] [GET] [text/html] [404 Not Found] [] [2e9281cb1598565605593d28a5efa3bb]
http://docs.spotify.com [302] [GET] [text/html] [302 Moved] [ghs] [vhost] [892a7c01c12ed56c1122b06c7993eb7a]
http://doesmydogmissme.justaddspotify.com [301] [GET] [text/html] [] [Apache] [vhost] [Apache] [d41d8cd98f00b204e9800998ecf8427e]
http://dreamworkstrollsworldtour.withspotify.com [404] [GET] [text/html] [Error 404 (Not Found)!!1] [ghs] [b81150861bf911f947660cf73bce77f6]
http://edge-grpc.dual-gslb.spotify.com:8080 [404] [GET] [text/html] [404 Not Found] [] [2e9281cb1598565605593d28a5efa3bb]
http://edge-web-russia.dual-gslb.spotify.com:8080 [404] [GET] [text/html] [404 Not Found] [] [2e9281cb1598565605593d28a5efa3bb]
http://edge-web-split-geo.dual-gslb.spotify.com:8080 [404] [GET] [text/html] [404 Not Found] [] [2e9281cb1598565605593d28a5efa3bb]
http://edge-web.dual-gslb.spotify.com:8080 [404] [GET] [text/html] [404 Not Found] [] [2e9281cb1598565605593d28a5efa3bb]
http://embed-gslb.spotify.com:8080 [404] [GET] [text/html] [404 Not Found] [] [2e9281cb1598565605593d28a5efa3bb]
http://embed.spotify.com:8080 [404] [GET] [text/html] [404 Not Found] [] [2e9281cb1598565605593d28a5efa3bb]
http://engineering.atspotify.com:8080 [404] [GET] [text/html] [404 Not Found] [] [2e9281cb1598565605593d28a5efa3bb]
http://esteelauder.withspotify.com [404] [GET] [text/html] [Error 404 (Not Found)!!1] [ghs] [b81150861bf911f947660cf73bce77f6]
http://exp-canary.wg.spotify.com:8080 [404] [GET] [text/html] [404 Not Found] [] [2e9281cb1598565605593d28a5efa3bb]
http://exp-ipv6.wg.spotify.com [404] [GET] [text/html] [404 Not Found] [] [2e9281cb1598565605593d28a5efa3bb]
http://exp-ipv6.wg.spotify.com:8080 [404] [GET] [text/html] [404 Not Found] [] [2e9281cb1598565605593d28a5efa3bb]
http://exp.wg.spotify.com:8080 [404] [GET] [text/html] [404 Not Found] [] [2e9281cb1598565605593d28a5efa3bb]
http://extraction.withspotify.com [404] [GET] [text/html] [Error 404 (Not Found)!!1] [ghs] [b81150861bf911f947660cf73bce77f6]
http://facebook-callback.spotify.com:8080 [404] [GET] [text/html] [404 Not Found] [] [2e9281cb1598565605593d28a5efa3bb]
http://fanbase.spotify.com:8080 [404] [GET] [text/html] [404 Not Found] [] [2e9281cb1598565605593d28a5efa3bb]
http://fansfirstcampaigns.spotify.com:8080 [404] [GET] [text/html] [404 Not Found] [] [2e9281cb1598565605593d28a5efa3bb]
http://fb-user-webhooks.spotify.com:8080 [404] [GET] [text/html] [404 Not Found] [] [2e9281cb1598565605593d28a5efa3bb]
http://fellowship.spotify.com:8080 [404] [GET] [text/html] [404 Not Found] [] [2e9281cb1598565605593d28a5efa3bb]
http://festivaltools.withspotify.com:8080 [404] [GET] [text/html] [404 Not Found] [] [2e9281cb1598565605593d28a5efa3bb]
http://ffcampaign.spotify.com:8080 [404] [GET] [text/html] [404 Not Found] [] [2e9281cb1598565605593d28a5efa3bb]
http://fonter.withspotify.com [404] [GET] [text/html] [Error 404 (Not Found)!!1] [ghs] [b81150861bf911f947660cf73bce77f6]
http://forglowinghearts.withspotify.com [404] [GET] [text/html] [Error 404 (Not Found)!!1] [ghs] [b81150861bf911f947660cf73bce77f6]
http://gae-spclient.spotify.com:8080 [404] [GET] [text/html] [404 Not Found] [] [2e9281cb1598565605593d28a5efa3bb]
http://garagegigs.withspotify.com [404] [GET] [text/html] [Error 404 (Not Found)!!1] [ghs] [b81150861bf911f947660cf73bce77f6]
http://generic-canary.wg.spotify.com:8080 [404] [GET] [text/html] [404 Not Found] [] [2e9281cb1598565605593d28a5efa3bb]
http://generic-ipv6.wg.spotify.com:8080 [404] [GET] [text/html] [404 Not Found] [] [2e9281cb1598565605593d28a5efa3bb]
http://generic.wg.spotify.com:8080 [404] [GET] [text/html] [404 Not Found] [] [2e9281cb1598565605593d28a5efa3bb]
http://gew-spclient.spotify.com:8080 [404] [GET] [text/html] [404 Not Found] [] [2e9281cb1598565605593d28a5efa3bb]
http://global-dealer-ssl.spotify.com:8080 [404] [GET] [text/html] [404 Not Found] [] [2e9281cb1598565605593d28a5efa3bb]
http://groups.spotify.com [302] [GET] [text/html] [302 Moved] [ghs] [vhost] [7bba285361525a948c44dcdcbd3f06fb]
http://guc-spclient.spotify.com:8080 [404] [GET] [text/html] [404 Not Found] [] [2e9281cb1598565605593d28a5efa3bb]
http://homething.spotify.com:8080 [404] [GET] [text/html] [404 Not Found] [] [2e9281cb1598565605593d28a5efa3bb]
http://identifiersettings.spotify.com:8080 [404] [GET] [text/html] [404 Not Found] [] [2e9281cb1598565605593d28a5efa3bb]
http://image-upload.spotify.com:8080 [404] [GET] [text/html] [404 Not Found] [] [2e9281cb1598565605593d28a5efa3bb]
http://image-upload4.spotify.com:8080 [404] [GET] [text/html] [404 Not Found] [] [2e9281cb1598565605593d28a5efa3bb]
http://inapp-support.spotify.com:8080 [404] [GET] [text/html] [404 Not Found] [] [2e9281cb1598565605593d28a5efa3bb]
http://insights.spotify.com:8080 [404] [GET] [text/html] [404 Not Found] [] [2e9281cb1598565605593d28a5efa3bb]
http://investors.spotify.com:8080 [403] [GET] [text/html] [Attention Required! | Cloudflare] [cloudflare] [vhost] [cloudflare] [Cloudflare,Cloudflare Bot Management] [ae97abbcf66fe4b5c18e8cddc02e45e2]
http://labs.spotify.com:8080 [404] [GET] [text/html] [404 Not Found] [] [2e9281cb1598565605593d28a5efa3bb]
http://lb.sso.spotify.com:8080 [404] [GET] [text/html] [404 Not Found] [] [2e9281cb1598565605593d28a5efa3bb]
http://lbnoreload.sso.spotify.com:8080 [404] [GET] [text/html] [404 Not Found] [] [2e9281cb1598565605593d28a5efa3bb]
http://lbtest.sso.spotify.com:8080 [404] [GET] [text/html] [404 Not Found] [] [2e9281cb1598565605593d28a5efa3bb]
http://lexikon-slack-app.spotify.com:8080 [404] [GET] [text/html] [404 Not Found] [] [2e9281cb1598565605593d28a5efa3bb]
http://licensors.spotify.com:8080 [404] [GET] [text/html] [404 Not Found] [] [2e9281cb1598565605593d28a5efa3bb]
http://line-in.spotify.com:8080 [404] [GET] [text/html] [404 Not Found] [] [2e9281cb1598565605593d28a5efa3bb]
http://linein.spotify.com:8080 [404] [GET] [text/html] [404 Not Found] [] [2e9281cb1598565605593d28a5efa3bb]
http://lite-images-i.spotify.com:8080 [404] [GET] [text/html] [404 Not Found] [] [2e9281cb1598565605593d28a5efa3bb]
http://log.spotify.com:8080 [404] [GET] [text/html] [404 Not Found] [] [2e9281cb1598565605593d28a5efa3bb]
http://log2.spotify.com:8080 [404] [GET] [text/html] [404 Not Found] [] [2e9281cb1598565605593d28a5efa3bb]
http://login2.spotify.com:8080 [404] [GET] [text/html] [404 Not Found] [] [2e9281cb1598565605593d28a5efa3bb]
http://login5.spotify.com:8080 [404] [GET] [text/html] [404 Not Found] [] [2e9281cb1598565605593d28a5efa3bb]
http://mail.spotify.com [301] [GET] [text/html] [301 Moved] [ghs] [vhost] [e00fd5ed91ae954c0fd715668f89aabb]
http://market.spotify.com:8080 [404] [GET] [text/html] [404 Not Found] [] [2e9281cb1598565605593d28a5efa3bb]
http://metadatafeedback.spotify.com:8080 [404] [GET] [text/html] [404 Not Found] [] [2e9281cb1598565605593d28a5efa3bb]
http://mydata.spotify.com:8080 [404] [GET] [text/html] [404 Not Found] [] [2e9281cb1598565605593d28a5efa3bb]
http://news.spotify.com:8080 [404] [GET] [text/html] [404 Not Found] [] [2e9281cb1598565605593d28a5efa3bb]
http://notifs-webhooks.spotify.com:8080 [404] [GET] [text/html] [404 Not Found] [] [2e9281cb1598565605593d28a5efa3bb]
http://oktascimserver-test.spotify.com:8080 [404] [GET] [text/html] [404 Not Found] [] [2e9281cb1598565605593d28a5efa3bb]
http://oktascimserver.spotify.com:8080 [404] [GET] [text/html] [404 Not Found] [] [2e9281cb1598565605593d28a5efa3bb]
http://open.spotify.com:8080 [404] [GET] [text/html] [404 Not Found] [] [2e9281cb1598565605593d28a5efa3bb]
http://opensource.spotify.com:8080 [404] [GET] [text/html] [404 Not Found] [] [2e9281cb1598565605593d28a5efa3bb]
http://origin-play.spotify.com:8080 [404] [GET] [text/html] [404 Not Found] [] [2e9281cb1598565605593d28a5efa3bb]
http://partner-accounts.spotify.com:8080 [404] [GET] [text/html] [404 Not Found] [] [2e9281cb1598565605593d28a5efa3bb]
http://partner-provisioning.spotify.com:8080 [404] [GET] [text/html] [404 Not Found] [] [2e9281cb1598565605593d28a5efa3bb]
http://partner.spotify.com:8080 [404] [GET] [text/html] [404 Not Found] [] [2e9281cb1598565605593d28a5efa3bb]
http://partneraudiences.spotify.com:8080 [404] [GET] [text/html] [404 Not Found] [] [2e9281cb1598565605593d28a5efa3bb]
http://partnerportal.spotify.com [302] [GET] [text/html] [Moved Temporarily] [GSE] [vhost] [Java,OpenGSE] [a2b64873b13a96fb01a3037be9a727e3]
http://partners.spotify.com:8080 [404] [GET] [text/html] [404 Not Found] [] [2e9281cb1598565605593d28a5efa3bb]
http://partners.wg.spotify.com:8080 [404] [GET] [text/html] [404 Not Found] [] [2e9281cb1598565605593d28a5efa3bb]
http://pixel-static.spotify.com:8080 [404] [GET] [text/html] [404 Not Found] [] [2e9281cb1598565605593d28a5efa3bb]
http://pixel.spotify.com:8080 [404] [GET] [text/html] [404 Not Found] [] [2e9281cb1598565605593d28a5efa3bb]
http://play.spotify.com:8080 [404] [GET] [text/html] [404 Not Found] [] [2e9281cb1598565605593d28a5efa3bb]
http://player.spotify.com:8080 [404] [GET] [text/html] [404 Not Found] [] [2e9281cb1598565605593d28a5efa3bb]
http://podcasters.spotify.com:8080 [404] [GET] [text/html] [404 Not Found] [] [2e9281cb1598565605593d28a5efa3bb]
http://podstart.spotify.com:8080 [404] [GET] [text/html] [404 Not Found] [] [2e9281cb1598565605593d28a5efa3bb]
http://press.spotify.com:8080 [404] [GET] [text/html] [404 Not Found] [] [2e9281cb1598565605593d28a5efa3bb]
http://publishers.spotify.com:8080 [404] [GET] [text/html] [404 Not Found] [] [2e9281cb1598565605593d28a5efa3bb]
http://recsys-challenge.spotify.com:8080 [404] [GET] [text/html] [404 Not Found] [] [2e9281cb1598565605593d28a5efa3bb]
http://repository-origin.spotify.com:8080 [404] [GET] [text/html] [404 Not Found] [] [2e9281cb1598565605593d28a5efa3bb]
http://research.spotify.com:8080 [404] [GET] [text/html] [404 Not Found] [] [2e9281cb1598565605593d28a5efa3bb]
http://reverb.spotify.com:8080 [404] [GET] [text/html] [404 Not Found] [] [2e9281cb1598565605593d28a5efa3bb]
http://sap-testing.spotify.com:8080 [404] [GET] [text/html] [404 Not Found] [] [2e9281cb1598565605593d28a5efa3bb]
http://sap.spotify.com:8080 [404] [GET] [text/html] [404 Not Found] [] [2e9281cb1598565605593d28a5efa3bb]
http://scannables.spotify.com:8080 [404] [GET] [text/html] [404 Not Found] [] [2e9281cb1598565605593d28a5efa3bb]
http://sendgridsink.spotify.com:8080 [404] [GET] [text/html] [404 Not Found] [] [2e9281cb1598565605593d28a5efa3bb]
http://shareables.spotify.com:8080 [404] [GET] [text/html] [404 Not Found] [] [2e9281cb1598565605593d28a5efa3bb]
http://shelter.spotify.com:8080 [404] [GET] [text/html] [404 Not Found] [] [2e9281cb1598565605593d28a5efa3bb]
http://showsportal.spotify.com:8080 [404] [GET] [text/html] [404 Not Found] [] [2e9281cb1598565605593d28a5efa3bb]
http://shrt.spotify.com:8080 [404] [GET] [text/html] [404 Not Found] [] [2e9281cb1598565605593d28a5efa3bb]
http://spcLiENt.Wg.spotify.com:8080 [404] [GET] [text/html] [404 Not Found] [] [2e9281cb1598565605593d28a5efa3bb]
http://spclient-canary.wg.spotify.com:8080 [404] [GET] [text/html] [404 Not Found] [] [2e9281cb1598565605593d28a5efa3bb]
http://spclient-ipv6.wg.spotify.com:8080 [404] [GET] [text/html] [404 Not Found] [] [2e9281cb1598565605593d28a5efa3bb]
http://spclient-test.wg.spotify.com:8080 [404] [GET] [text/html] [404 Not Found] [] [2e9281cb1598565605593d28a5efa3bb]
http://spclient.wg.spotify.com:8080 [404] [GET] [text/html] [404 Not Found] [] [2e9281cb1598565605593d28a5efa3bb]
http://speech-recognition-test.spotify.com:8080 [404] [GET] [text/html] [404 Not Found] [] [2e9281cb1598565605593d28a5efa3bb]
http://speech-recognition.spotify.com:8080 [404] [GET] [text/html] [404 Not Found] [] [2e9281cb1598565605593d28a5efa3bb]
http://spm.spotify.com:8080 [404] [GET] [text/html] [404 Not Found] [] [2e9281cb1598565605593d28a5efa3bb]
http://sponsored-recommendations.spotify.com:8080 [404] [GET] [text/html] [404 Not Found] [] [2e9281cb1598565605593d28a5efa3bb]
http://spotify.com:8080 [404] [GET] [text/html] [404 Not Found] [] [2e9281cb1598565605593d28a5efa3bb]
http://spotter.spotify.com:8080 [404] [GET] [text/html] [404 Not Found] [] [2e9281cb1598565605593d28a5efa3bb]
http://start.spotify.com [302] [GET] [text/html] [302 Moved] [ghs] [vhost] [f7c6f08fb9693c3e5e32484e6e5d79b6]
http://stations.spotify.com:8080 [404] [GET] [text/html] [404 Not Found] [] [2e9281cb1598565605593d28a5efa3bb]
http://support.spotify.com:8080 [404] [GET] [text/html] [404 Not Found] [] [2e9281cb1598565605593d28a5efa3bb]
http://surveys.spotify.com:8080 [404] [GET] [text/html] [404 Not Found] [] [2e9281cb1598565605593d28a5efa3bb]
http://tableau-slack-app.spotify.com:8080 [404] [GET] [text/html] [404 Not Found] [] [2e9281cb1598565605593d28a5efa3bb]
http://timecapsule.spotify.com:8080 [404] [GET] [text/html] [404 Not Found] [] [2e9281cb1598565605593d28a5efa3bb]
http://tracing.spotify.com:8080 [404] [GET] [text/html] [404 Not Found] [] [2e9281cb1598565605593d28a5efa3bb]
http://tts.spotify.com:8080 [404] [GET] [text/html] [404 Not Found] [] [2e9281cb1598565605593d28a5efa3bb]
http://uplink.spotify.com:8080 [404] [GET] [text/html] [404 Not Found] [] [2e9281cb1598565605593d28a5efa3bb]
http://useradmin.spotify.com:8080 [404] [GET] [text/html] [404 Not Found] [] [2e9281cb1598565605593d28a5efa3bb]
http://vsdk-speech-proxy.spotify.com:8080 [404] [GET] [text/html] [404 Not Found] [] [2e9281cb1598565605593d28a5efa3bb]
http://wave.spotify.com [302] [GET] [text/html] [302 Moved] [ghs] [vhost] [bba27fea7e6220bef76179e55fa8e4ff]
http://webapi-wg.dual-gslb.spotify.com:8080 [404] [GET] [text/html] [404 Not Found] [] [2e9281cb1598565605593d28a5efa3bb]
http://webplayersupport.spotify.com:8080 [404] [GET] [text/html] [404 Not Found] [] [2e9281cb1598565605593d28a5efa3bb]
http://wg-ipv6.spotify.com:8080 [404] [GET] [text/html] [404 Not Found] [] [2e9281cb1598565605593d28a5efa3bb]
http://wg.spotify.com:8080 [404] [GET] [text/html] [404 Not Found] [] [2e9281cb1598565605593d28a5efa3bb]
http://works.spotify.com:8080 [404] [GET] [text/html] [404 Not Found] [] [2e9281cb1598565605593d28a5efa3bb]
http://wrapped-share.spotify.com:8080 [404] [GET] [text/html] [404 Not Found] [] [2e9281cb1598565605593d28a5efa3bb]
http://ws-lon-oauth1.spotify.com:8080 [404] [GET] [text/html] [404 Not Found] [] [2e9281cb1598565605593d28a5efa3bb]
http://wts.spotify.com:8080 [404] [GET] [text/html] [404 Not Found] [] [2e9281cb1598565605593d28a5efa3bb]
http://www.labs.spotify.com:8080 [404] [GET] [text/html] [404 Not Found] [] [2e9281cb1598565605593d28a5efa3bb]
http://www.m.spotify.com:8080 [404] [GET] [text/html] [404 Not Found] [] [2e9281cb1598565605593d28a5efa3bb]
http://www.spotify.com:8080 [404] [GET] [text/html] [404 Not Found] [] [2e9281cb1598565605593d28a5efa3bb]
http://xfactor.spotify.com:8080 [404] [GET] [text/html] [404 Not Found] [] [2e9281cb1598565605593d28a5efa3bb]
http://yearinmusic.spotify.com:8080 [404] [GET] [text/html] [404 Not Found] [] [2e9281cb1598565605593d28a5efa3bb]
https://a1live.withspotify.com [200] [GET] [text/html] [A1 Live is coming to Sydney] [Google Frontend] [vhost] [Contentful,Gatsby,Google App Engine,Google Cloud,Google Cloud Trace,React,webpack] [643b99305c85033b5c58f7660da5ac4b]
https://about-recommendations.spotify.com [200] [GET] [text/html] [About recommendations] [envoy] [vhost] [Envoy,Next.js,Node.js,React,webpack] [1b6f139baa023f477bf1fc3eb116857b]
https://accounts-staging.spotify.com [200] [GET] [text/html] [Login - Spotify] [envoy] [vhost] [Envoy] [20630edeb70370eade45bd12e074864d]
https://accounts-staging.spotify.com [200] [GET] [text/html] [Login - Spotify] [envoy] [vhost] [Envoy] [bc0a2863740a9e8fb21ae5c7137f51ee]
https://accounts.spotify.com [200] [GET] [text/html] [Login - Spotify] [envoy] [vhost] [Envoy] [b3b722edf1ab885b849dcd4ae8d89eab]
https://accounts.spotify.com [200] [GET] [text/html] [Login - Spotify] [envoy] [vhost] [Envoy] [f29d8158c0628ccd77c80632461064d0]
https://adeventtracker.spotify.com [404] [GET] [] [] [envoy] [vhost] [Envoy] [d41d8cd98f00b204e9800998ecf8427e]
https://adgen-dev.spotify.com [303] [GET] [text/html] [303 See Other] [Apache] [vhost] [Apache,Google Cloud,Google Cloud CDN] [81aff6bc335c5a8eab0fa470a0f98396]
https://adgen.spotify.com [301] [GET] [] [] [envoy] [vhost] [Envoy] [d41d8cd98f00b204e9800998ecf8427e]
https://adidas-nitejogger.withspotify.com [200] [GET] [text/html] [Adidas Nite Jogger – Your Nite Score] [nginx] [vhost] [Nginx] [c1bb2c24eef3e6e17860ca700018c87a]
https://adlab.spotify.com [404] [GET] [] [] [envoy] [Envoy] [d41d8cd98f00b204e9800998ecf8427e]
https://admocker.spotify.com [404] [GET] [] [] [envoy] [vhost] [Envoy] [d41d8cd98f00b204e9800998ecf8427e]
https://ads.developer.spotify.com [200] [GET] [text/html] [Spotify Ads API] [envoy] [vhost] [Envoy,Google Font API] [e894a2f50f5a4679b8d92819ffb8d0ba]
https://ads.spotify.com [301] [GET] [] [] [envoy] [vhost] [Envoy,Express,Node.js] [d41d8cd98f00b204e9800998ecf8427e]
https://adsgtm-sandbox.spotify.com [404] [GET] [] [] [envoy] [vhost] [Envoy] [d41d8cd98f00b204e9800998ecf8427e]
https://adsgtm.spotify.com [404] [GET] [] [] [envoy] [vhost] [Envoy] [d41d8cd98f00b204e9800998ecf8427e]
https://adstudio-help.spotify.com [404] [GET] [] [] [envoy] [Envoy] [d41d8cd98f00b204e9800998ecf8427e]
https://adstudio.spotify.com [301] [GET] [] [] [envoy] [vhost] [Envoy] [d41d8cd98f00b204e9800998ecf8427e]
https://allears-podcastsummit.byspotify.com [200] [GET] [text/html] [ALL EARS - Der Podcast Summit von Spotify] [Google Frontend] [vhost] [Google App Engine,Google Cloud,Google Cloud Trace,Node.js,Nuxt.js,Vue.js] [19063a55d30e1508dfa85de319aa10e6]
https://alpsea.byspotify.com [200] [GET] [text/html] [Make Your Mark] [Google Frontend] [vhost] [Google App Engine,Google Cloud,Google Cloud Trace] [4dc6bc790b2790984f20acf1f960456d]
https://alpsea.byspotify.com [200] [GET] [text/html] [Make Your Mark] [Google Frontend] [vhost] [Google App Engine,Google Cloud,Google Cloud Trace] [5050f823ee233de395b6187e6c535405]
https://analytics-staging.spotify.com [403] [GET] [text/html] [403 Forbidden] [Apache] [Apache,Google Cloud,Google Cloud CDN] [bb8f534fbff5ee61a95af9c4740ae043]
https://analytics.spotify.com [301] [GET] [] [] [envoy] [vhost] [Envoy] [d41d8cd98f00b204e9800998ecf8427e]
https://ananas.spotify.com [503] [GET] [text/plain] [] [envoy] [vhost] [Envoy] [376389c82d3c6e15c3c40b25e1701efc]
https://api-canary.wg.spotify.com [301] [GET] [] [] [envoy] [vhost] [Envoy] [d41d8cd98f00b204e9800998ecf8427e]
https://api-internal.spotify.com [503] [GET] [text/plain] [] [envoy] [vhost] [Envoy] [376389c82d3c6e15c3c40b25e1701efc]
https://api-ipv6.spotify.com [301] [GET] [] [] [envoy] [vhost] [Envoy] [d41d8cd98f00b204e9800998ecf8427e]
https://api-ipv6.wg.spotify.com [404] [GET] [] [] [envoy] [Envoy] [d41d8cd98f00b204e9800998ecf8427e]
https://api-partner.spotify.com [301] [GET] [] [] [envoy] [vhost] [Envoy] [d41d8cd98f00b204e9800998ecf8427e]
https://api-tv.spotify.com [301] [GET] [] [] [envoy] [vhost] [Envoy] [d41d8cd98f00b204e9800998ecf8427e]
https://api.spotify.com [301] [GET] [] [] [envoy] [vhost] [Envoy] [d41d8cd98f00b204e9800998ecf8427e]
https://app-report.spotify.com [503] [GET] [text/plain] [] [envoy] [vhost] [Envoy] [376389c82d3c6e15c3c40b25e1701efc]
https://apresolve.spotify.com [200] [GET] [application/json] [] [] [Google Cloud,Google Cloud CDN] [a5664c0674709d601ff97bcd160ba9d8]
https://apresolve.spotify.com [200] [GET] [application/json] [] [] [Google Cloud,Google Cloud CDN] [a909701075ed7013851eb8615681dae4]
https://artistinsights-downloads.spotify.com [404] [GET] [] [] [envoy] [vhost] [Envoy] [d41d8cd98f00b204e9800998ecf8427e]
https://artistinsights-realtime.spotify.com [404] [GET] [] [] [envoy] [Envoy] [d41d8cd98f00b204e9800998ecf8427e]
https://artistinsights-realtime3.spotify.com [404] [GET] [] [] [envoy] [Envoy] [d41d8cd98f00b204e9800998ecf8427e]
https://artists-staging.spotify.com [403] [GET] [text/html] [403 Forbidden] [Apache] [Apache,Google Cloud,Google Cloud CDN] [bb8f534fbff5ee61a95af9c4740ae043]
https://artists.spotify.com [200] [GET] [text/html] [Fans Make it Possible – Spotify for Artists] [envoy] [vhost] [Contentful,Envoy,Google Tag Manager,React] [062359a60734feb8e95e1e8e21ebaa00]
https://artists.spotify.com [200] [GET] [text/html] [Fans Make it Possible – Spotify for Artists] [envoy] [vhost] [Contentful,Envoy,Google Tag Manager,React] [7408ceb0a85f8746f51590a00a4c907c]
https://artistyearinmusic.spotify.com [404] [GET] [] [] [envoy] [Envoy] [d41d8cd98f00b204e9800998ecf8427e]
https://ask.spotify.com [503] [GET] [text/plain] [] [envoy] [vhost] [Envoy] [376389c82d3c6e15c3c40b25e1701efc]
https://assets.spotify.com [302] [GET] [text/html] [] [nginx] [vhost] [cloudfront] [Amazon Cloudfront,Amazon Web Services,Nginx] [d41d8cd98f00b204e9800998ecf8427e]
https://audiohub.byspotify.com [200] [GET] [text/html] [Audio Hub] [Google Frontend] [vhost] [Bootstrap,Google App Engine,Google Cloud,Google Cloud Trace] [4e82facf7bb546c7d0fcbe6b8255405b]
https://auditdesk-server.spotify.com [404] [GET] [] [] [envoy] [Envoy] [d41d8cd98f00b204e9800998ecf8427e]
https://axp.spotify.com [404] [GET] [] [] [envoy] [Envoy] [d41d8cd98f00b204e9800998ecf8427e]
https://backstage-licensing.spotify.com [404] [GET] [application/vnd.api+json] [] [Cowboy] [vhost] [Cowboy,Heroku] [0dab05018aeb2e4227cb8d30be3d4dfb]
https://backstage-licensing.spotify.com [404] [GET] [application/vnd.api+json] [] [Cowboy] [vhost] [Cowboy,Heroku] [1c472ca187f74e8456c5d9add836bb60]
https://beta.developer.spotify.com [200] [GET] [text/html] [SpotifyDev_SearchX] [] [vhost] [fastly] [Bootstrap,Font Awesome] [3be4f2dc08b50cd91c811d2b90ff81d4]
https://beta.spotify.com [404] [GET] [] [] [envoy] [Envoy] [d41d8cd98f00b204e9800998ecf8427e]
https://blog.spotify.com [404] [GET] [] [] [envoy] [Envoy] [d41d8cd98f00b204e9800998ecf8427e]
https://bloodhound.spotify.com [404] [GET] [] [] [envoy] [vhost] [Envoy] [d41d8cd98f00b204e9800998ecf8427e]
https://boniver.withspotify.com [200] [GET] [text/html] [ViiSUALiiZER] [Google Frontend] [vhost] [Google App Engine,Google Cloud,Google Cloud Trace] [107cd00e2527acbf0bce39453972e0d0]
https://brand.atspotify.com [302] [GET] [text/html] [] [Google Frontend] [vhost] [Google App Engine] [d41d8cd98f00b204e9800998ecf8427e]
https://cadburysilk.withspotify.com [200] [GET] [text/html] [Cadbury Silk & Spotify] [Google Frontend] [vhost] [Google App Engine,Google Cloud,Google Cloud Trace,Laravel,PHP] [8f07a35f7b4bba94a2110fa162a5f234]
https://californiaroadtrips.withspotify.com [200] [GET] [text/html] [Visit California] [Google Frontend] [vhost] [Gatsby,Google App Engine,Google Cloud,Google Cloud Trace,React,webpack] [c25358dd4a08f9d3242c9aae30b960c0]
https://canary-certificate-for-noop.spotify.com [404] [GET] [] [] [envoy] [Envoy] [d41d8cd98f00b204e9800998ecf8427e]
https://canvas.spotify.com [302] [GET] [text/plain] [] [Google Frontend] [vhost] [Express,Google App Engine,Google Cloud,Google Cloud Trace,Node.js] [10cab7ec64d8d24b6bcb12c43aedf805]
https://carthing.spotify.com [200] [GET] [text/html] [Car Thing. Spotify’s new smart player designed for your drive.] [envoy] [vhost] [Envoy,PayPal] [5bc42d08f2e3af2ec8560fed8076893f]
https://certomato.spotify.com [200] [GET] [text/html] [Cer-🍅] [envoy] [vhost] [Envoy] [b443ec837b63206b665de2c06ab515c5]
https://clienttoken.spotify.com [404] [GET] [] [] [envoy] [vhost] [Envoy] [d41d8cd98f00b204e9800998ecf8427e]
https://cms.spotify.com [401] [GET] [text/html] [Spotify Catalog Manager] [envoy] [vhost] [Envoy,PHP] [f61d3892905976f28f758281b912f978]
https://cms.spotify.com [401] [GET] [text/html] [Spotify Catalog Manager] [envoy] [vhost] [Envoy,PHP] [fbfdad21d3439f743e399617caa3ac00]
https://community-stage.spotify.com [401] [GET] [text/html] [401 Authorization Required] [Apache] [vhost] [cloudfront] [Amazon ALB,Amazon Cloudfront,Amazon Web Services,Apache,Basic] [68d0f9f83d6399544686f51629f01971]
https://community.spotify.com [200] [GET] [text/html] [Home - The Spotify Community] [Apache] [vhost] [cloudfront] [Amazon ALB,Amazon Cloudfront,Amazon Web Services,Apache,Bootstrap,Google Tag Manager,Lithium,OWL Carousel,PHP,Svelte,jQuery] [306d967b512cfa3e2ff6f500980bf8d2]
https://community.spotify.com [200] [GET] [text/html] [Home - The Spotify Community] [Apache] [vhost] [cloudfront] [Amazon ALB,Amazon Cloudfront,Amazon Web Services,Apache,Bootstrap,Google Tag Manager,Lithium,OWL Carousel,PHP,Svelte,jQuery] [3d0fb4dd390e808e3d5f8586374e79de]
https://cookieplayground.spotify.com [200] [GET] [text/html] [React App] [envoy] [vhost] [Envoy] [55caeaab8dc9c6997f8d6991b3b4e60c]
https://covid19musicrelief.byspotify.com [200] [GET] [text/html] [Spotify Redirect] [Google Frontend] [vhost] [Google App Engine,Google Cloud,Google Cloud Trace] [c4e05b017306f132815f51d0744baeba]
https://crashdump.spotify.com [200] [GET] [] [] [envoy] [vhost] [Envoy] [d41d8cd98f00b204e9800998ecf8427e]
https://creativeservice.spotify.com [404] [GET] [] [] [envoy] [vhost] [Envoy] [d41d8cd98f00b204e9800998ecf8427e]
https://creator.wg.spotify.com [301] [GET] [] [] [envoy] [vhost] [Envoy] [d41d8cd98f00b204e9800998ecf8427e]
https://csat-support-help-page-mobile.spotify.com [200] [GET] [text/html] [csat-support-help-page-mobile] [envoy] [vhost] [Envoy,Next.js,Node.js,React,webpack] [e835988df2fa8225deb3a63f470f9f66]
https://cws.spotify.com [404] [GET] [] [] [envoy] [Envoy] [d41d8cd98f00b204e9800998ecf8427e]
https://cws2.spotify.com [404] [GET] [] [] [envoy] [Envoy] [d41d8cd98f00b204e9800998ecf8427e]
https://dailydrive.spotify.com [503] [GET] [text/plain] [] [envoy] [vhost] [Envoy] [376389c82d3c6e15c3c40b25e1701efc]
https://daytona.spotify.com [404] [GET] [] [] [envoy] [Envoy] [d41d8cd98f00b204e9800998ecf8427e]
https://dealer.spotify.com [401] [GET] [] [] [] [987ec9e1c847709406571048e5a96a18]
https://desktop.spotify.com [404] [GET] [] [] [envoy] [Envoy] [d41d8cd98f00b204e9800998ecf8427e]
https://dev.doesmydogmissme.justaddspotify.com [302] [GET] [text/html] [] [Google Frontend] [vhost] [Google App Engine] [d41d8cd98f00b204e9800998ecf8427e]
https://dev.howamistillhungover.justaddspotify.com [302] [GET] [text/html] [] [Google Frontend] [vhost] [Google App Engine] [d41d8cd98f00b204e9800998ecf8427e]
https://dev.howtosurvivearoadtrip.justaddspotify.com [302] [GET] [text/html] [] [Google Frontend] [vhost] [Google App Engine] [d41d8cd98f00b204e9800998ecf8427e]
https://dev.howtotellyourkidswherebabiescomefrom.justaddspotify.com [302] [GET] [text/html] [] [Google Frontend] [vhost] [Google App Engine] [d41d8cd98f00b204e9800998ecf8427e]
https://dev.justaddspotify.com [302] [GET] [text/html] [] [Google Frontend] [vhost] [Google App Engine] [d41d8cd98f00b204e9800998ecf8427e]
https://dev.spotify.com [301] [GET] [] [] [envoy] [vhost] [Envoy] [d41d8cd98f00b204e9800998ecf8427e]
https://dev.whatisapushplaylist.justaddspotify.com [302] [GET] [text/html] [] [Google Frontend] [vhost] [Google App Engine] [d41d8cd98f00b204e9800998ecf8427e]
https://dev.whatsgoingonintheworld.justaddspotify.com [302] [GET] [text/html] [] [Google Frontend] [vhost] [Google App Engine] [d41d8cd98f00b204e9800998ecf8427e]
https://dev.whatsthedealwithasmr.justaddspotify.com [302] [GET] [text/html] [] [Google Frontend] [vhost] [Google App Engine] [d41d8cd98f00b204e9800998ecf8427e]
https://dev.whatswrongwithmysucculent.justaddspotify.com [302] [GET] [text/html] [] [Google Frontend] [vhost] [Google App Engine] [d41d8cd98f00b204e9800998ecf8427e]
https://dev.whycantigettosleep.justaddspotify.com [302] [GET] [text/html] [] [Google Frontend] [vhost] [Google App Engine] [d41d8cd98f00b204e9800998ecf8427e]
https://devaccount.spotify.com [301] [GET] [] [] [envoy] [vhost] [Envoy] [d41d8cd98f00b204e9800998ecf8427e]
https://developer.spotify.com [200] [GET] [text/html] [SpotifyDev_SearchX] [] [vhost] [fastly] [Bootstrap,Font Awesome] [3be4f2dc08b50cd91c811d2b90ff81d4]
https://developers.spotify.com [301] [GET] [] [] [envoy] [vhost] [Envoy] [d41d8cd98f00b204e9800998ecf8427e]
https://devnews.spotify.com [301] [GET] [] [] [envoy] [vhost] [Envoy] [d41d8cd98f00b204e9800998ecf8427e]
https://directory.byspotify.com [200] [GET] [text/html] [Artist Resource Directory] [Google Frontend] [vhost] [Bootstrap,Google App Engine,Google Cloud,Google Cloud Trace,Google Tag Manager,Next.js,Node.js,React,webpack] [c202efdf4ee4d2226f24282934ed4e30]
https://discord.spotify.com [404] [GET] [] [] [envoy] [vhost] [Envoy] [d41d8cd98f00b204e9800998ecf8427e]
https://diy.byspotify.com [302] [GET] [text/html] [] [Google Frontend] [vhost] [Google App Engine] [d41d8cd98f00b204e9800998ecf8427e]
https://download.spotify.com [403] [GET] [text/html] [403 Forbidden] [] [vhost] [fastly] [287f74ff1f294622f2de773b5be39440]
https://download.spotify.com [403] [GET] [text/html] [403 Forbidden] [] [vhost] [fastly] [b9da77adcba617063341c1996cfd8ae7]
https://duolovesongs.byspotify.com [200] [GET] [text/html] [Spotify Duo: The Ultimate Love Experience.] [Google Frontend] [vhost] [Google App Engine,Google Cloud,Google Cloud Trace,Next.js,Node.js,React,webpack] [bb71eb3be3ab112c700328c2281aa136]
https://dynamicworkplace4wtc.spotify.com [302] [GET] [application/binary] [] [ESF] [vhost] [d41d8cd98f00b204e9800998ecf8427e]
https://edge-grpc.dual-gslb.spotify.com [404] [GET] [] [] [envoy] [Envoy] [d41d8cd98f00b204e9800998ecf8427e]
https://edge-web-russia.dual-gslb.spotify.com [404] [GET] [] [] [envoy] [Envoy] [d41d8cd98f00b204e9800998ecf8427e]
https://edge-web-split-geo.dual-gslb.spotify.com [404] [GET] [] [] [envoy] [Envoy] [d41d8cd98f00b204e9800998ecf8427e]
https://edge-web.dual-gslb.spotify.com [404] [GET] [] [] [envoy] [Envoy] [d41d8cd98f00b204e9800998ecf8427e]
https://embed-gslb.spotify.com [404] [GET] [] [] [envoy] [Envoy] [d41d8cd98f00b204e9800998ecf8427e]
https://embed.spotify.com [302] [GET] [text/html] [302 Found] [envoy] [vhost] [Envoy] [aff950cab4c0265e21d401db15f1026d]
https://escutaaasminas.byspotify.com [200] [GET] [text/html] [Homepage | Escuta as Minas] [Google Frontend] [vhost] [Express,Gatsby,Google App Engine,Google Cloud,Google Cloud Trace,Node.js,React,YouTube,webpack] [d3926efe035e62597000fbc2a7759c10]
https://exp-canary.wg.spotify.com [503] [GET] [text/plain] [] [envoy] [vhost] [Envoy] [376389c82d3c6e15c3c40b25e1701efc]
https://exp.wg.spotify.com [200] [GET] [] [] [envoy] [vhost] [Envoy] [d41d8cd98f00b204e9800998ecf8427e]
https://facebook-callback.spotify.com [404] [GET] [] [] [envoy] [Envoy] [d41d8cd98f00b204e9800998ecf8427e]
https://fanbase.spotify.com [303] [GET] [text/html] [303 See Other] [Apache] [vhost] [Apache,Google Cloud,Google Cloud CDN] [9b7861a589c59c6e1a810a8891468ee5]
https://fansfirstcampaigns.spotify.com [404] [GET] [] [] [envoy] [Envoy] [d41d8cd98f00b204e9800998ecf8427e]
https://fb-user-webhooks.spotify.com [404] [GET] [] [] [envoy] [vhost] [Envoy] [d41d8cd98f00b204e9800998ecf8427e]
https://feedback.spotify.com [301] [GET] [] [] [] [vhost] [d41d8cd98f00b204e9800998ecf8427e]
https://fellowship.spotify.com [200] [GET] [text/html] [Spotify NYC Tech Fellowship] [envoy] [vhost] [Envoy] [e55821c6dd571d351a61762dbf0d50ec]
https://festivaltools.withspotify.com [200] [GET] [text/html] [Spotify Festivals Dashboard] [nginx/1.10.3] [Google Cloud,Google Cloud CDN,Nginx] [caf3fe5491ee515ad7fc4c15344dfb7a]
https://ffcampaign.spotify.com [404] [GET] [] [] [envoy] [Envoy] [d41d8cd98f00b204e9800998ecf8427e]
https://frontleftlive.withspotify.com [200] [GET] [text/html] [Front Left Live is coming to Melbourne] [Google Frontend] [vhost] [Contentful,Gatsby,Google App Engine,Google Cloud,Google Cloud Trace,React,webpack] [d966023e469f71181acec54b3623f0b2]
https://gae-spclient.spotify.com [301] [GET] [] [] [envoy] [vhost] [Envoy] [d41d8cd98f00b204e9800998ecf8427e]
https://generic-canary.wg.spotify.com [301] [GET] [] [] [envoy] [vhost] [Envoy] [d41d8cd98f00b204e9800998ecf8427e]
https://generic-ipv6.wg.spotify.com [301] [GET] [] [] [envoy] [vhost] [Envoy] [d41d8cd98f00b204e9800998ecf8427e]
https://generic.wg.spotify.com [301] [GET] [] [] [envoy] [vhost] [Envoy] [d41d8cd98f00b204e9800998ecf8427e]
https://gew-spclient.spotify.com [301] [GET] [] [] [envoy] [vhost] [Envoy] [d41d8cd98f00b204e9800998ecf8427e]
https://global-dealer-ssl.spotify.com [401] [GET] [] [] [] [987ec9e1c847709406571048e5a96a18]
https://grafana.dual-gslb.spotify.com [200] [GET] [text/html] [Sign In] [nginx] [Nginx] [f6371e81b4e6b04c90a52de10c73c69a]
https://guc-spclient.spotify.com [301] [GET] [] [] [envoy] [vhost] [Envoy] [d41d8cd98f00b204e9800998ecf8427e]
https://heads-fa.spotify.com [403] [GET] [text/html] [403 Forbidden] [] [vhost] [fastly] [cc60f86b6bcef7ebcd9cd1efa3628bf4]
https://heads-fa.spotify.com [403] [GET] [text/html] [403 Forbidden] [] [vhost] [fastly] [dc4d950038f7c93d9eeada64a9d78537]
https://heads-fab.spotify.com [403] [GET] [text/html] [403 Forbidden] [] [vhost] [fastly] [2e247c90b5e39c9f62ed768ffc8c9b91]
https://heads-fab.spotify.com [403] [GET] [text/html] [403 Forbidden] [] [vhost] [fastly] [702cdcd7db038c5609a8bbc77ed69436]
https://heads-fac.spotify.com [403] [GET] [text/html] [403 Forbidden] [] [vhost] [fastly] [297cbdf833499c527a9e7ff2f04a22d2]
https://heads-fac.spotify.com [403] [GET] [text/html] [403 Forbidden] [] [vhost] [fastly] [446ee2090870563073606f4badd23872]
https://homething.spotify.com [404] [GET] [] [] [envoy] [Envoy] [d41d8cd98f00b204e9800998ecf8427e]
https://hrblog.spotify.com [200] [GET] [text/html] [HR Blog] [Google Frontend] [vhost] [Bootstrap,Google App Engine,Google Cloud,Google Cloud Trace,Google Tag Manager,MySQL,PHP,WordPress] [4885a877aa8904f5804ac5e2b6c46c77]
https://identifiersettings.spotify.com [404] [GET] [] [] [envoy] [Envoy] [d41d8cd98f00b204e9800998ecf8427e]
https://image-upload.spotify.com [404] [GET] [text/html] [Error 404 Not Found] [envoy] [vhost] [Envoy] [fa324fe28605d87a6738b568dbfe63ba]
https://image-upload4.spotify.com [404] [GET] [text/html] [Error 404 Not Found] [envoy] [vhost] [Envoy] [160044126c988732993aabab69bdd259]
https://image-upload4.spotify.com [404] [GET] [text/html] [Error 404 Not Found] [envoy] [vhost] [Envoy] [fa324fe28605d87a6738b568dbfe63ba]
https://images.spotify.com [403] [GET] [text/html] [403 Forbidden] [] [vhost] [fastly] [033ccd8ec38ddcbf4b9013352a3692ac]
https://images.spotify.com [403] [GET] [text/html] [403 Forbidden] [] [vhost] [fastly] [3d2af369678bb2cec0dbac617fa249a4]
https://inapp-support.spotify.com [404] [GET] [] [] [envoy] [Envoy] [d41d8cd98f00b204e9800998ecf8427e]
https://insights.spotify.com [404] [GET] [] [] [envoy] [Envoy] [d41d8cd98f00b204e9800998ecf8427e]
https://investors.spotify.com [301] [GET] [text/html] [Object moved] [cloudflare] [vhost] [cloudflare] [Cloudflare,Cloudflare Bot Management] [3640f8f9fb5008d67ba4031c01f495d7]
https://investors.spotify.com [301] [GET] [text/html] [Object moved] [cloudflare] [vhost] [cloudflare] [Cloudflare,Cloudflare Bot Management] [ce5c7109e19030f4abd3656e3aa36d4b]
https://investors.spotify.com:8443 [403] [GET] [text/html] [Attention Required! | Cloudflare] [cloudflare] [vhost] [cloudflare] [Cloudflare,Cloudflare Bot Management] [8116a5d2a0e12a065489b2b00ba685d9]
https://labs.spotify.com [301] [GET] [] [] [envoy] [vhost] [Envoy] [d41d8cd98f00b204e9800998ecf8427e]
https://lb.sso.spotify.com [403] [GET] [text/html] [403 Forbidden] [Apache] [Apache,Google Cloud,Google Cloud CDN] [bb8f534fbff5ee61a95af9c4740ae043]
https://lbnoreload.sso.spotify.com [403] [GET] [text/html] [403 Forbidden] [Apache] [Apache,Google Cloud,Google Cloud CDN] [bb8f534fbff5ee61a95af9c4740ae043]
https://lbtest.sso.spotify.com [403] [GET] [text/html] [403 Forbidden] [Apache] [Apache,Google Cloud,Google Cloud CDN] [bb8f534fbff5ee61a95af9c4740ae043]
https://lexikon-slack-app.spotify.com [404] [GET] [text/html] [Error] [nginx] [Express,Google Cloud,Google Cloud CDN,Nginx,Node.js] [da7da7d630292e7a2a7dda8ca87b3d39]
https://licensors.spotify.com [301] [GET] [] [] [envoy] [vhost] [Envoy] [d41d8cd98f00b204e9800998ecf8427e]
https://line-in.spotify.com [404] [GET] [] [] [envoy] [Envoy] [d41d8cd98f00b204e9800998ecf8427e]
https://linein.spotify.com [404] [GET] [] [] [envoy] [Envoy] [d41d8cd98f00b204e9800998ecf8427e]
https://links.spotify.com [303] [GET] [] [] [iterable-links 08b0] [d41d8cd98f00b204e9800998ecf8427e]
https://links.spotify.com [303] [GET] [] [] [iterable-links 15ed] [d41d8cd98f00b204e9800998ecf8427e]
https://lite-images-i.spotify.com [404] [GET] [] [] [envoy] [Envoy] [d41d8cd98f00b204e9800998ecf8427e]
https://log.spotify.com [200] [GET] [] [] [envoy] [vhost] [Envoy] [d41d8cd98f00b204e9800998ecf8427e]
https://log2.spotify.com [503] [GET] [text/plain] [] [envoy] [vhost] [Envoy] [376389c82d3c6e15c3c40b25e1701efc]
https://login2.spotify.com [301] [GET] [] [] [envoy] [vhost] [Envoy] [d41d8cd98f00b204e9800998ecf8427e]
https://login5.spotify.com [404] [GET] [] [] [envoy] [vhost] [Envoy] [d41d8cd98f00b204e9800998ecf8427e]
https://market.spotify.com [503] [GET] [text/plain] [] [envoy] [vhost] [Envoy] [376389c82d3c6e15c3c40b25e1701efc]
https://metadatafeedback.spotify.com [503] [GET] [text/plain] [] [envoy] [vhost] [Envoy] [376389c82d3c6e15c3c40b25e1701efc]
https://mydata.spotify.com [403] [GET] [application/xml] [] [UploadServer] [vhost] [e7a9350210b4dba641f6020447c96045]
https://news.spotify.com [301] [GET] [] [] [envoy] [vhost] [Envoy] [d41d8cd98f00b204e9800998ecf8427e]
https://newsroom.spotify.com [200] [GET] [text/html] [Spotify — For the Record] [Google Frontend] [vhost] [Contentful,Google App Engine,Google Cloud,Google Cloud Trace,Google Tag Manager,MailChimp,MySQL,PHP,WordPress,Yoast SEO] [86136126224916a597d53d92994cf307]
https://noteable.spotify.com [200] [GET] [text/html] [Noteable | Spotify for Artists] [Google Frontend] [vhost] [Contentful,Google App Engine,Google Cloud,Google Cloud Trace,Google Tag Manager,Next.js,Node.js,React,Typekit,YouTube,webpack] [0cf0078eb79c66c06e09c866c8bcd610]
https://noteable.spotify.com [200] [GET] [text/html] [Noteable | Spotify for Artists] [Google Frontend] [vhost] [Contentful,Google App Engine,Google Cloud,Google Cloud Trace,Google Tag Manager,Next.js,Node.js,React,Typekit,YouTube,webpack] [0fb844ba9146426bdc720f176368394a]
https://notifs-webhooks.spotify.com [503] [GET] [text/plain] [] [envoy] [vhost] [Envoy] [376389c82d3c6e15c3c40b25e1701efc]
https://oktascimserver-test.spotify.com [503] [GET] [text/plain] [] [envoy] [vhost] [Envoy] [376389c82d3c6e15c3c40b25e1701efc]
https://oktascimserver.spotify.com [503] [GET] [text/plain] [] [envoy] [vhost] [Envoy] [376389c82d3c6e15c3c40b25e1701efc]
https://open.spotify.com [200] [GET] [text/html] [Unsupported browser] [envoy] [vhost] [Envoy] [f57799500b2e20d208657c5141a89e3a]
https://open.spotify.com [200] [GET] [text/html] [iOS Loader Icon] [envoy] [vhost] [Envoy] [046b7608d2a81ef4af39f76e68cb2d1d]
https://opensource.spotify.com [301] [GET] [] [] [envoy] [vhost] [Envoy] [d41d8cd98f00b204e9800998ecf8427e]
https://origin-play.spotify.com [301] [GET] [] [] [envoy] [vhost] [Envoy] [d41d8cd98f00b204e9800998ecf8427e]
https://partner-accounts.spotify.com [404] [GET] [] [] [envoy] [vhost] [Envoy] [d41d8cd98f00b204e9800998ecf8427e]
https://partner-links.spotify.com [403] [GET] [text/html] [403 Forbidden] [] [vhost] [fastly] [1872fb828d80a53fa2d7af0dbfecb464]
https://partner-links.spotify.com [403] [GET] [text/html] [403 Forbidden] [] [vhost] [fastly] [1ddc72a8ba4f1c15abd83e78c3e21c0a]
https://partner-provisioning.spotify.com [403] [GET] [text/html] [Page not found - Spotify] [envoy] [vhost] [Envoy] [2239088cdb7afc3109623b865e1ff140]
https://partner-service.spotify.com [404] [GET] [] [] [envoy] [Envoy] [d41d8cd98f00b204e9800998ecf8427e]
https://partner.spotify.com [200] [GET] [text/html] [Partner Activation Flow] [envoy] [vhost] [Envoy,Express,Google Tag Manager,Node.js] [0fbbd20f2aa1b17de169a049698997b5]
https://partneraudiences.spotify.com [503] [GET] [text/plain] [] [envoy] [vhost] [Envoy] [376389c82d3c6e15c3c40b25e1701efc]
https://partners.spotify.com [301] [GET] [] [] [envoy] [vhost] [Envoy] [d41d8cd98f00b204e9800998ecf8427e]
https://partners.wg.spotify.com [301] [GET] [] [] [envoy] [vhost] [Envoy] [d41d8cd98f00b204e9800998ecf8427e]
https://payment-callback.spotify.com [404] [GET] [] [] [envoy] [Envoy] [d41d8cd98f00b204e9800998ecf8427e]
https://pci-testing.spotify.com [404] [GET] [text/plain] [] [Google Frontend] [vhost] [Google App Engine,Google Cloud,Google Cloud Trace] [595e88012a6521aae3e12cbebe76eb9e]
https://pci.spotify.com [404] [GET] [text/plain] [] [Google Frontend] [vhost] [Google App Engine,Google Cloud,Google Cloud Trace] [595e88012a6521aae3e12cbebe76eb9e]
https://pixel-static.spotify.com [403] [GET] [text/html] [403 Forbidden] [envoy] [vhost] [Envoy] [4dec45889e09ec3ceb63fd65825d0f11]
https://pixel-static.spotify.com [403] [GET] [text/html] [403 Forbidden] [envoy] [vhost] [Envoy] [bc56979a0b381a791dd59713198a87fb]
https://pixel.spotify.com [404] [GET] [] [] [envoy] [vhost] [Envoy] [d41d8cd98f00b204e9800998ecf8427e]
https://play.spotify.com [301] [GET] [] [] [envoy] [vhost] [Envoy] [d41d8cd98f00b204e9800998ecf8427e]
https://player.spotify.com [301] [GET] [] [] [envoy] [vhost] [Envoy] [d41d8cd98f00b204e9800998ecf8427e]
https://podcasters.spotify.com [200] [GET] [text/html] [Spotify for Podcasters] [envoy] [vhost] [Envoy] [58deafe8c3c8443dcd5433d0992f90c5]
https://podstart.spotify.com [401] [GET] [text/plain] [] [envoy] [vhost] [Envoy] [e0722dcaa2f9af771e4b924405dbeae2]
https://press.spotify.com [301] [GET] [] [] [envoy] [vhost] [Envoy] [d41d8cd98f00b204e9800998ecf8427e]
https://promo.spotify.com [200] [GET] [text/html] [/us] [] [vhost] [fastly] [51fd6093ac6084ee6f04dbccca52867f]
https://publishers.spotify.com [301] [GET] [] [] [envoy] [vhost] [Envoy] [d41d8cd98f00b204e9800998ecf8427e]
https://recsys-challenge.spotify.com [301] [GET] [] [] [envoy] [vhost] [Envoy] [d41d8cd98f00b204e9800998ecf8427e]
https://repository-origin.spotify.com [403] [GET] [text/html] [403 Forbidden] [envoy] [vhost] [Envoy] [4dec45889e09ec3ceb63fd65825d0f11]
https://repository-origin.spotify.com [403] [GET] [text/html] [403 Forbidden] [envoy] [vhost] [Envoy] [bc56979a0b381a791dd59713198a87fb]
https://repository.spotify.com [403] [GET] [text/html] [403 Forbidden] [envoy] [vhost] [cloudfront] [Amazon Cloudfront,Amazon Web Services,Envoy] [bc56979a0b381a791dd59713198a87fb]
https://research.spotify.com [301] [GET] [] [] [envoy] [vhost] [Envoy] [d41d8cd98f00b204e9800998ecf8427e]
https://reverb.spotify.com [303] [GET] [text/html] [303 See Other] [Apache] [vhost] [Apache,Google Cloud,Google Cloud CDN] [4cd95584d68fbe3ef68c152721a8a6d6]
https://sap-testing.spotify.com [404] [GET] [] [] [envoy] [Envoy] [d41d8cd98f00b204e9800998ecf8427e]
https://sap.spotify.com [404] [GET] [] [] [envoy] [Envoy] [d41d8cd98f00b204e9800998ecf8427e]
https://scannables.spotify.com [404] [GET] [] [] [envoy] [vhost] [Envoy] [d41d8cd98f00b204e9800998ecf8427e]
https://sendgridsink.spotify.com [404] [GET] [] [] [envoy] [vhost] [Envoy] [d41d8cd98f00b204e9800998ecf8427e]
https://shareables.spotify.com [404] [GET] [] [] [envoy] [vhost] [Envoy] [d41d8cd98f00b204e9800998ecf8427e]
https://shelter.spotify.com [200] [GET] [text/html] [shelter-web] [envoy] [vhost] [Envoy,Next.js,Node.js,React,webpack] [8dfa7d0cd55a8965d8c1ba0f4d81e13b]
https://showsportal.spotify.com [200] [GET] [text/html] [Spotify for Podcasters] [envoy] [vhost] [Envoy] [58deafe8c3c8443dcd5433d0992f90c5]
https://shrt.spotify.com [400] [GET] [] [] [envoy] [vhost] [Envoy] [d41d8cd98f00b204e9800998ecf8427e]
https://slackin.spotify.com [200] [GET] [text/html] [Join Spotify FOSS on Slack!] [envoy] [vhost] [Envoy,Express,Node.js] [8b84962360952070079ee78da5a6975d]
https://sparta-api-testing.spotify.com [404] [GET] [] [] [envoy] [Envoy] [d41d8cd98f00b204e9800998ecf8427e]
https://spcLiENt.Wg.spotify.com [301] [GET] [] [] [envoy] [vhost] [Envoy] [d41d8cd98f00b204e9800998ecf8427e]
https://spclient-canary.wg.spotify.com [301] [GET] [] [] [envoy] [vhost] [Envoy] [d41d8cd98f00b204e9800998ecf8427e]
https://spclient-ipv6.wg.spotify.com [301] [GET] [] [] [envoy] [vhost] [Envoy] [d41d8cd98f00b204e9800998ecf8427e]
https://spclient-test.wg.spotify.com [301] [GET] [] [] [envoy] [vhost] [Envoy] [d41d8cd98f00b204e9800998ecf8427e]
https://spclient.wg.spotify.com [301] [GET] [] [] [envoy] [vhost] [Envoy] [d41d8cd98f00b204e9800998ecf8427e]
https://speech-recognition-test.spotify.com [401] [GET] [text/plain] [] [envoy] [vhost] [Envoy] [e0722dcaa2f9af771e4b924405dbeae2]
https://speech-recognition.spotify.com [401] [GET] [text/plain] [] [envoy] [vhost] [Envoy] [e0722dcaa2f9af771e4b924405dbeae2]
https://spm.spotify.com [307] [GET] [] [] [envoy] [vhost] [Envoy] [d41d8cd98f00b204e9800998ecf8427e]
https://sponsored-recommendations.spotify.com [200] [GET] [text/html] [Sponsored Recommendations] [envoy] [vhost] [Envoy,Next.js,Node.js,React,webpack] [9b6649411420e353287b29ef402ec203]
https://spotify.com [301] [GET] [] [] [envoy] [vhost] [Envoy] [d41d8cd98f00b204e9800998ecf8427e]
https://spotter.spotify.com [404] [GET] [] [] [envoy] [Envoy] [d41d8cd98f00b204e9800998ecf8427e]
https://stations.spotify.com [302] [GET] [] [] [envoy] [vhost] [Envoy] [d41d8cd98f00b204e9800998ecf8427e]
https://support-sf.spotify.com [200] [GET] [application/json] [] [] [vhost] [ApexPages,Salesforce] [d41d8cd98f00b204e9800998ecf8427e]
https://support.spotify.com [302] [GET] [text/html] [302 Found] [envoy] [vhost] [Envoy] [aff950cab4c0265e21d401db15f1026d]
https://surveys.spotify.com [503] [GET] [text/plain] [] [envoy] [vhost] [Envoy] [376389c82d3c6e15c3c40b25e1701efc]
https://tableau-slack-app.spotify.com [200] [GET] [text/html] [] [gunicorn/19.9.0] [Google Cloud,Google Cloud CDN,Python,gunicorn] [d41d8cd98f00b204e9800998ecf8427e]
https://tags.spotify.com [400] [GET] [text/html] [] [Google Frontend] [vhost] [Google App Engine,Google Cloud,Google Cloud Trace] [d41d8cd98f00b204e9800998ecf8427e]
https://testcdn.spotify.com [404] [GET] [] [] [Varnish] [vhost] [fastly] [d41d8cd98f00b204e9800998ecf8427e]
https://timecapsule.spotify.com [200] [GET] [text/html] [Your Time Capsule – Spotify] [envoy] [vhost] [Envoy] [093d73c59955bae0924b3621b656c583]
https://tracing.spotify.com [404] [GET] [] [] [envoy] [Envoy] [d41d8cd98f00b204e9800998ecf8427e]
https://tts.spotify.com [401] [GET] [] [] [envoy] [vhost] [Basic,Envoy] [d41d8cd98f00b204e9800998ecf8427e]
https://upgrade.spotify.com [403] [GET] [text/html] [403 Forbidden] [] [vhost] [fastly] [2635df9123bff3f4dc58329edf81d5cf]
https://upgrade.spotify.com [403] [GET] [text/html] [403 Forbidden] [] [vhost] [fastly] [2d7808e89440ebbc15949a4c8c77ec61]
https://uplink.spotify.com [200] [GET] [text/html] [] [envoy] [vhost] [Envoy,Google Tag Manager,Next.js,Node.js,React,webpack] [41f0b031f5b61d3737f978daa01be576]
https://useradmin.spotify.com [303] [GET] [text/html] [303 See Other] [Apache] [vhost] [Apache,Google Cloud,Google Cloud CDN] [9cd343a864b985c70eb45d916946165c]
https://vsdk-speech-proxy.spotify.com [400] [GET] [] [] [envoy] [vhost] [Envoy] [d41d8cd98f00b204e9800998ecf8427e]
https://webapi-wg.dual-gslb.spotify.com [404] [GET] [] [] [envoy] [Envoy] [d41d8cd98f00b204e9800998ecf8427e]
https://webplayersupport.spotify.com [404] [GET] [] [] [envoy] [Envoy] [d41d8cd98f00b204e9800998ecf8427e]
https://wg-ipv6.spotify.com [404] [GET] [] [] [envoy] [Envoy] [d41d8cd98f00b204e9800998ecf8427e]
https://wg.spotify.com [404] [GET] [] [] [envoy] [Envoy] [d41d8cd98f00b204e9800998ecf8427e]
https://wl.spotify.com [307] [GET] [text/html] [] [openresty] [vhost] [Nginx,OpenResty] [437e3b443e8a508e94eaea86e1c9f203]
https://wl.support.spotify.com [404] [GET] [text/html] [404 Not Found] [nginx] [Nginx] [70461da8b94c6ca5d2fda3260c5a8c3b]
https://wl.support.spotify.com [404] [GET] [text/html] [404 Not Found] [nginx] [Nginx] [8e325dc2fea7c8900fc6c4b8c6c394fe]
https://works.spotify.com [200] [GET] [text/html] [Spotify for Publishing] [envoy] [vhost] [Envoy,Google Tag Manager] [5c58fec3a74ed849959476e0277c5341]
https://wrapped-share.spotify.com [503] [GET] [text/plain] [] [envoy] [vhost] [Envoy] [376389c82d3c6e15c3c40b25e1701efc]
https://ws-lon-oauth1.spotify.com [503] [GET] [text/plain] [] [envoy] [vhost] [Envoy] [376389c82d3c6e15c3c40b25e1701efc]
https://ws-partner.spotify.com [404] [GET] [] [] [envoy] [Envoy] [d41d8cd98f00b204e9800998ecf8427e]
https://wts.spotify.com [503] [GET] [text/plain] [] [envoy] [vhost] [Envoy] [376389c82d3c6e15c3c40b25e1701efc]
https://www.canvas.spotify.com [302] [GET] [text/plain] [] [Google Frontend] [vhost] [Express,Google App Engine,Google Cloud,Google Cloud Trace,Node.js] [10cab7ec64d8d24b6bcb12c43aedf805]
https://www.hrblog.spotify.com [200] [GET] [text/html] [HR Blog] [Google Frontend] [vhost] [Bootstrap,Google App Engine,Google Cloud,Google Cloud Trace,Google Tag Manager,MySQL,PHP,WordPress] [20e63d0f4ceb63dac9279f6819576721]
https://www.labs.spotify.com [301] [GET] [] [] [envoy] [vhost] [Envoy] [d41d8cd98f00b204e9800998ecf8427e]
https://www.m.spotify.com [404] [GET] [] [] [envoy] [Envoy] [d41d8cd98f00b204e9800998ecf8427e]
https://www.newsroom.spotify.com [200] [GET] [text/html] [Spotify — For the Record] [Google Frontend] [vhost] [Contentful,Google App Engine,Google Cloud,Google Cloud Trace,Google Tag Manager,MailChimp,MySQL,PHP,WordPress,Yoast SEO] [722f0bf400a434ecc38b46b410ab8212]
https://www.noteable.spotify.com [200] [GET] [text/html] [Noteable | Spotify for Artists] [Google Frontend] [vhost] [Contentful,Google App Engine,Google Cloud,Google Cloud Trace,Google Tag Manager,Next.js,Node.js,React,Typekit,YouTube,webpack] [0cf0078eb79c66c06e09c866c8bcd610]
https://www.noteable.spotify.com [200] [GET] [text/html] [Noteable | Spotify for Artists] [Google Frontend] [vhost] [Contentful,Google App Engine,Google Cloud,Google Cloud Trace,Google Tag Manager,Next.js,Node.js,React,Typekit,YouTube,webpack] [0fb844ba9146426bdc720f176368394a]
https://www.spotify.com [302] [GET] [text/html] [302 Found] [envoy] [vhost] [Envoy] [aff950cab4c0265e21d401db15f1026d]
https://xfactor.spotify.com [404] [GET] [] [] [envoy] [Envoy] [d41d8cd98f00b204e9800998ecf8427e]
https://yearinmusic.spotify.com [301] [GET] [] [] [envoy] [vhost] [Envoy] [d41d8cd98f00b204e9800998ecf8427e]
