http://128186363643e3o.xn--80aswg.xn--80aadem8adnnc1b3iwa.xn--p1ai.test.sqills.com [404] [GET] [text/html] [404 Not Found] [nginx] [Nginx] [370e16c3b7dba286cff055f93b9a94d8]
http://booking.izy-acc.cloud.sqills.com [301] [GET] [text/html] [301 Moved Permanently] [awselb/2.0] [4aa7a432bb447f094408f1bd6229c605]
http://booking.izy-prod.cloud.sqills.com [403] [GET] [text/html] [ERROR: The request could not be satisfied] [CloudFront] [cloudfront] [Amazon Cloudfront,Amazon Web Services] [2f9fd9257668bef74d0eb6091af4d56f]
http://booking.ouibus-acc.cloud.sqills.com [301] [GET] [text/html] [301 Moved Permanently] [awselb/2.0] [4aa7a432bb447f094408f1bd6229c605]
http://booking.ouigo-prod.cloud.sqills.com [403] [GET] [text/html] [ERROR: The request could not be satisfied] [CloudFront] [cloudfront] [Amazon Cloudfront,Amazon Web Services] [ec91ab0ca2b669077c7d71b558a0c466]
http://currencyofprogress.xn--80aswg.xn--80aadem8adnnc1b3iwa.xn--p1ai.test.sqills.com [404] [GET] [text/html] [404 Not Found] [nginx] [Nginx] [370e16c3b7dba286cff055f93b9a94d8]
http://d3.c5.b7.a1.top.xn--80aswg.xn--80aadem8adnnc1b3iwa.xn--p1ai.test.sqills.com [404] [GET] [text/html] [404 Not Found] [nginx] [Nginx] [370e16c3b7dba286cff055f93b9a94d8]
https://128186363643e3o.xn--80aswg.xn--80aadem8adnnc1b3iwa.xn--p1ai.test.sqills.com [404] [GET] [text/html] [404 Not Found] [nginx] [Nginx] [370e16c3b7dba286cff055f93b9a94d8]
https://admin.eurostar-dev-test.cloud.sqills.com [503] [GET] [text/html] [503 Service Temporarily Unavailable] [awselb/2.0] [613f79233487af685baf4b32a2397ede]
https://admin.eurostar-dev-test.cloud.sqills.com [503] [GET] [text/html] [503 Service Temporarily Unavailable] [awselb/2.0] [81df4d3863debf3eceb5cf84251fd472]
https://admin.eurostar-uat-acc.cloud.sqills.com [200] [GET] [text/html] [S3 Passenger back-office loading...] [nginx] [vhost] [Nginx] [68094ea9befa4e0fc51fcadda7307572]
https://admin.ouigo-acc.sqills.com [200] [GET] [text/html] [S3 Passenger back-office loading...] [nginx] [vhost] [Nginx] [68094ea9befa4e0fc51fcadda7307572]
https://admin.test.sqills.com [404] [GET] [text/html] [404 Not Found] [nginx] [Nginx] [370e16c3b7dba286cff055f93b9a94d8]
https://admin.test.sqills.com [404] [GET] [text/html] [404 Not Found] [nginx] [Nginx] [8eec510e57f5f732fd2cce73df7b73ef]
https://alt-booking.ouigo-acc.sqills.com [404] [GET] [text/html] [404 Not Found] [nginx] [Nginx] [370e16c3b7dba286cff055f93b9a94d8]
https://antivirus.izy-acc.cloud.sqills.com [503] [GET] [text/html] [503 Service Temporarily Unavailable] [awselb/2.0] [613f79233487af685baf4b32a2397ede]
https://antivirus.izy-acc.cloud.sqills.com [503] [GET] [text/html] [503 Service Temporarily Unavailable] [awselb/2.0] [81df4d3863debf3eceb5cf84251fd472]
https://api.izy-prod.cloud.sqills.com [404] [GET] [] [] [nginx] [vhost] [Nginx] [d0fbda9855d118740f1105334305c126]
https://api.ouibus-prod.cloud.sqills.com [404] [GET] [] [] [nginx] [vhost] [Nginx] [d0fbda9855d118740f1105334305c126]
https://api.ouibus-prod.sqills.com [404] [GET] [] [] [nginx] [vhost] [Nginx] [d0fbda9855d118740f1105334305c126]
https://api.ouigo-acc.cloud.sqills.com [404] [GET] [] [] [nginx] [vhost] [Nginx] [d0fbda9855d118740f1105334305c126]
https://api.ouigo-acc.sqills.com [404] [GET] [] [] [nginx] [vhost] [Nginx] [d0fbda9855d118740f1105334305c126]
https://api.ouigo-prod.cloud.sqills.com [404] [GET] [] [] [nginx] [vhost] [Nginx] [d0fbda9855d118740f1105334305c126]
https://api.ouigo-prod.sqills.com [404] [GET] [] [] [nginx] [vhost] [Nginx] [d0fbda9855d118740f1105334305c126]
https://arriva-aap.mock.test.sqills.com [404] [GET] [text/html] [404 Not Found] [nginx] [Nginx] [370e16c3b7dba286cff055f93b9a94d8]
https://arriva-e-tickets.rest-mock.test.sqills.com [404] [GET] [text/html] [404 Not Found] [nginx] [Nginx] [8eec510e57f5f732fd2cce73df7b73ef]
https://arriva-preference-registration.accept.sqills.com [403] [GET] [text/html] [403 Forbidden] [nginx] [vhost] [Nginx] [4b074b0b59693fa9f94fb71b175fb187]
https://arriva-xc-website.rest-mock.test.sqills.com [404] [GET] [text/html] [404 Not Found] [nginx] [Nginx] [370e16c3b7dba286cff055f93b9a94d8]
https://arriva-xc-website.rest-mock.test.sqills.com [404] [GET] [text/html] [404 Not Found] [nginx] [Nginx] [8eec510e57f5f732fd2cce73df7b73ef]
https://backoffice.izy-prod.cloud.sqills.com [403] [GET] [text/html] [403 Forbidden] [nginx] [vhost] [Nginx] [4b074b0b59693fa9f94fb71b175fb187]
https://backoffice.izy-prod.cloud.sqills.com [403] [GET] [text/html] [403 Forbidden] [nginx] [vhost] [Nginx] [9fe3cb2b7313dc79bb477bc8fde184a7]
https://backoffice.ouibus.prod.sqills.com [404] [GET] [text/html] [404 Not Found] [nginx] [Nginx] [8eec510e57f5f732fd2cce73df7b73ef]
https://backoffice.ouigo-acc.sqills.com [403] [GET] [text/html] [403 Forbidden] [nginx] [vhost] [Nginx] [4b074b0b59693fa9f94fb71b175fb187]
https://backoffice.ouigo-prod.sqills.com [403] [GET] [text/html] [403 Forbidden] [nginx] [vhost] [Nginx] [4b074b0b59693fa9f94fb71b175fb187]
https://backoffice.ouigo-prod.sqills.com [403] [GET] [text/html] [403 Forbidden] [nginx] [vhost] [Nginx] [9fe3cb2b7313dc79bb477bc8fde184a7]
https://backoffice.test.sqills.com [404] [GET] [text/html] [404 Not Found] [nginx] [Nginx] [370e16c3b7dba286cff055f93b9a94d8]
https://bitbucket-ssh.sqills.com [404] [GET] [text/html] [404 Not Found] [nginx] [Nginx] [370e16c3b7dba286cff055f93b9a94d8]
https://bitbucket-ssh.sqills.com [404] [GET] [text/html] [404 Not Found] [nginx] [Nginx] [8eec510e57f5f732fd2cce73df7b73ef]
https://bitbucket.cloud.sqills.com [403] [GET] [text/html] [403 Forbidden] [nginx] [vhost] [Nginx] [4b074b0b59693fa9f94fb71b175fb187]
https://bitbucket.sqills.com [403] [GET] [text/html] [403 Forbidden] [nginx] [vhost] [Nginx] [9fe3cb2b7313dc79bb477bc8fde184a7]
https://booking-fargate.ouigo-acc.cloud.sqills.com [404] [GET] [text/html] [404 Not Found] [nginx] [Nginx] [370e16c3b7dba286cff055f93b9a94d8]
https://booking-fargate.ouigo-acc.cloud.sqills.com [404] [GET] [text/html] [404 Not Found] [nginx] [Nginx] [8eec510e57f5f732fd2cce73df7b73ef]
https://booking-vanilla.ouigo-acc.sqills.com [403] [GET] [text/html] [403 Forbidden] [nginx] [vhost] [Nginx] [4b074b0b59693fa9f94fb71b175fb187]
https://booking-vanilla.ouigo-acc.sqills.com [403] [GET] [text/html] [403 Forbidden] [nginx] [vhost] [Nginx] [9fe3cb2b7313dc79bb477bc8fde184a7]
https://booking-vpn.ouigo-prod.cloud.sqills.com [404] [GET] [text/html] [404 Not Found] [nginx] [Nginx] [370e16c3b7dba286cff055f93b9a94d8]
https://booking.blablabus-prod.cloud.sqills.com [200] [GET] [text/html] [] [nginx] [vhost] [Nginx] [184cdaa8a17a58c1bfafc35ced23b6e7]
https://booking.juniorcie-prod.cloud.sqills.com [503] [GET] [text/html] [] [nginx] [vhost] [Nginx] [ff4ed829ffd04e9c6095842b07d11f09]
https://booking.ouibus-prod.cloud.sqills.com [200] [GET] [text/html] [] [nginx] [vhost] [Nginx] [184cdaa8a17a58c1bfafc35ced23b6e7]
https://booking.ouibus-prod.sqills.com [200] [GET] [text/html] [] [nginx] [vhost] [Nginx] [184cdaa8a17a58c1bfafc35ced23b6e7]
https://booking.ouigo-acc.cloud.sqills.com [200] [GET] [text/html] [Billets de train pas cher SNCF -TGV low cost – OUIGO] [Apache] [vhost] [Apache] [b5d251bab317726bc60164c1d4902068]
https://booking.ouigo-b-acc.cloud.sqills.com [200] [GET] [text/html] [Billets de train pas cher SNCF -TGV low cost – OUIGO] [Apache] [vhost] [Apache] [69b0dbf104f3b94c6c42fb5637f1d837]
https://booking.ouigo-preprod-acc.cloud.sqills.com [200] [GET] [text/html] [Billets de train pas cher SNCF -TGV low cost – OUIGO] [Apache] [vhost] [Apache] [20f832d9eb8f4bc4cbad7209f49fd50c]
https://booking.ouigo-prod.sqills.com [200] [GET] [text/html] [Billets de train pas cher SNCF -TGV low cost – OUIGO] [Apache] [vhost] [Apache] [20f832d9eb8f4bc4cbad7209f49fd50c]
https://booking.ouigo-training-test.cloud.sqills.com [200] [GET] [text/html] [Billets de train pas cher SNCF -TGV low cost – OUIGO] [Apache] [vhost] [Apache] [20f832d9eb8f4bc4cbad7209f49fd50c]
https://booking.shared.ouigo-acc.cloud.sqills.com [403] [GET] [text/html] [403 Forbidden] [nginx] [vhost] [Nginx] [4b074b0b59693fa9f94fb71b175fb187]
https://booking.shared.ouigo-acc.cloud.sqills.com [403] [GET] [text/html] [403 Forbidden] [nginx] [vhost] [Nginx] [9fe3cb2b7313dc79bb477bc8fde184a7]
https://booking.sqills-integration-dev-test.cloud.sqills.com [200] [GET] [text/html] [] [nginx] [vhost] [Nginx] [0b60ae20799be7778a5f159612b00112]
https://booking.sqills-integration-dev-test.cloud.sqills.com [200] [GET] [text/html] [] [nginx] [vhost] [Nginx] [4a1207d7d5b15da4a2e666c2b8816b5c]
https://booking.worldpay-mock.ouigo-preprod-acc.cloud.sqills.com [403] [GET] [text/html] [403 Forbidden] [nginx] [vhost] [Nginx] [4b074b0b59693fa9f94fb71b175fb187]
https://booking2.ouigo-acc.cloud.sqills.com [404] [GET] [text/html] [404 Not Found] [nginx] [Nginx] [8eec510e57f5f732fd2cce73df7b73ef]
https://booking2.ouigo-b-acc.cloud.sqills.com [404] [GET] [text/html] [404 Not Found] [nginx] [Nginx] [370e16c3b7dba286cff055f93b9a94d8]
https://booking2.ouigo-b-acc.cloud.sqills.com [404] [GET] [text/html] [404 Not Found] [nginx] [Nginx] [8eec510e57f5f732fd2cce73df7b73ef]
https://booking2.ouigo-training-test.cloud.sqills.com [503] [GET] [text/html] [503 Service Temporarily Unavailable] [awselb/2.0] [613f79233487af685baf4b32a2397ede]
https://booking2.ouigo-training-test.cloud.sqills.com [503] [GET] [text/html] [503 Service Temporarily Unavailable] [awselb/2.0] [81df4d3863debf3eceb5cf84251fd472]
https://ccommodation.accept.sqills.com [404] [GET] [text/html] [404 Not Found] [nginx] [Nginx] [370e16c3b7dba286cff055f93b9a94d8]
https://cnptia.r55.cf3.test.sqills.com [404] [GET] [text/html] [404 Not Found] [nginx] [Nginx] [370e16c3b7dba286cff055f93b9a94d8]
https://cnptia.r55.cf3.test.sqills.com [404] [GET] [text/html] [404 Not Found] [nginx] [Nginx] [8eec510e57f5f732fd2cce73df7b73ef]
https://confluence-archive.sqills.com [503] [GET] [text/html] [503 Service Temporarily Unavailable] [awselb/2.0] [613f79233487af685baf4b32a2397ede]
https://confluence.sqills.com [302] [GET] [text/html] [] [nginx] [vhost] [Atlassian Confluence,Java,Nginx] [d41d8cd98f00b204e9800998ecf8427e]
https://currencyofprogress.xn--80aswg.xn--80aadem8adnnc1b3iwa.xn--p1ai.test.sqills.com [404] [GET] [text/html] [404 Not Found] [nginx] [Nginx] [370e16c3b7dba286cff055f93b9a94d8]
https://cvs.test.sqills.com [404] [GET] [text/html] [404 Not Found] [nginx] [Nginx] [370e16c3b7dba286cff055f93b9a94d8]
https://d-cobs.prod.sqills.com [404] [GET] [text/html] [404 Not Found] [nginx] [Nginx] [370e16c3b7dba286cff055f93b9a94d8]
https://d3.c5.b7.a1.top.xn--80aswg.xn--80aadem8adnnc1b3iwa.xn--p1ai.test.sqills.com [404] [GET] [text/html] [404 Not Found] [nginx] [Nginx] [370e16c3b7dba286cff055f93b9a94d8]
https://dashboard.booking.ouigo-b-acc.cloud.sqills.com [404] [GET] [text/html] [404 Not Found] [nginx] [Nginx] [370e16c3b7dba286cff055f93b9a94d8]
https://dashboard.booking.ouigo-b-acc.cloud.sqills.com [404] [GET] [text/html] [404 Not Found] [nginx] [Nginx] [8eec510e57f5f732fd2cce73df7b73ef]
https://dummy.izy-prod.cloud.sqills.com [404] [GET] [text/html] [404 Not Found] [nginx] [Nginx] [370e16c3b7dba286cff055f93b9a94d8]
https://dummy.ouibus-prod.cloud.sqills.com [404] [GET] [text/html] [404 Not Found] [nginx] [Nginx] [370e16c3b7dba286cff055f93b9a94d8]
https://dummy.ouigo-prod.cloud.sqills.com [403] [GET] [text/html] [403 Forbidden] [awselb/2.0] [bad2e8579dcdb79399aac2064216a37d]
https://dummy.ouigo-prod.cloud.sqills.com [404] [GET] [text/html] [404 Not Found] [nginx] [Nginx] [370e16c3b7dba286cff055f93b9a94d8]
https://eticket-arriva-c.test.sqills.com [404] [GET] [text/html] [404 Not Found] [nginx] [Nginx] [370e16c3b7dba286cff055f93b9a94d8]
https://eticket-arriva.accept.sqills.com [403] [GET] [text/html] [403 Forbidden] [nginx] [vhost] [Nginx] [4b074b0b59693fa9f94fb71b175fb187]
https://eticket-arriva.test.sqills.com [404] [GET] [text/html] [404 Not Found] [nginx] [Nginx] [370e16c3b7dba286cff055f93b9a94d8]
https://eticket-assist-arriva.test.sqills.com [404] [GET] [text/html] [404 Not Found] [nginx] [Nginx] [370e16c3b7dba286cff055f93b9a94d8]
https://eticket-assist-arriva.test.sqills.com [404] [GET] [text/html] [404 Not Found] [nginx] [Nginx] [8eec510e57f5f732fd2cce73df7b73ef]
https://ext-134.vdc.sqills.com [403] [GET] [text/html] [403 Forbidden] [] [vhost] [85cb5f9cb8db1c144f09cbd6b1d31805]
https://ext-135.vdc.sqills.com [404] [GET] [text/html] [404 Not Found] [nginx] [Nginx] [370e16c3b7dba286cff055f93b9a94d8]
https://ext-137.vdc.sqills.com [404] [GET] [text/html] [404 Not Found] [nginx] [Nginx] [370e16c3b7dba286cff055f93b9a94d8]
https://ext-137.vdc.sqills.com [404] [GET] [text/html] [404 Not Found] [nginx] [Nginx] [8eec510e57f5f732fd2cce73df7b73ef]
https://ext-138.vdc.sqills.com [404] [GET] [text/html] [404 Not Found] [nginx] [Nginx] [370e16c3b7dba286cff055f93b9a94d8]
https://ext-138.vdc.sqills.com [404] [GET] [text/html] [404 Not Found] [nginx] [Nginx] [8eec510e57f5f732fd2cce73df7b73ef]
https://ext-140.vdc.sqills.com [403] [GET] [text/html] [403 Forbidden] [nginx] [Nginx] [4b074b0b59693fa9f94fb71b175fb187]
https://ext-143.vdc.sqills.com [404] [GET] [text/html] [404 Not Found] [nginx] [Nginx] [370e16c3b7dba286cff055f93b9a94d8]
https://ext-155.vdc.sqills.com [404] [GET] [text/html] [404 Not Found] [nginx] [Nginx] [370e16c3b7dba286cff055f93b9a94d8]
https://ext-155.vdc.sqills.com [404] [GET] [text/html] [404 Not Found] [nginx] [Nginx] [8eec510e57f5f732fd2cce73df7b73ef]
https://ext-158.vdc.sqills.com [404] [GET] [text/html] [404 Not Found] [nginx] [Nginx] [8eec510e57f5f732fd2cce73df7b73ef]
https://greuling.r55.cf3.test.sqills.com [404] [GET] [text/html] [404 Not Found] [nginx] [Nginx] [370e16c3b7dba286cff055f93b9a94d8]
https://guard.sqills.com [302] [GET] [text/html] [Redirecting to /login] [nginx] [vhost] [Nginx,PHP] [cf87c37063686277c8722da952b76148]
https://heiset.r55.cf3.test.sqills.com [404] [GET] [text/html] [404 Not Found] [nginx] [Nginx] [370e16c3b7dba286cff055f93b9a94d8]
https://heiset.r55.cf3.test.sqills.com [404] [GET] [text/html] [404 Not Found] [nginx] [Nginx] [8eec510e57f5f732fd2cce73df7b73ef]
https://hkx-online.accept.sqills.com [404] [GET] [text/html] [404 Not Found] [nginx] [Nginx] [370e16c3b7dba286cff055f93b9a94d8]
https://hkx-online.accept.sqills.com [404] [GET] [text/html] [404 Not Found] [nginx] [Nginx] [8eec510e57f5f732fd2cce73df7b73ef]
https://hotink.r55.cf3.test.sqills.com [404] [GET] [text/html] [404 Not Found] [nginx] [Nginx] [370e16c3b7dba286cff055f93b9a94d8]
https://ingress-booking.ouibus-acc.cloud.sqills.com [404] [GET] [text/html] [404 Not Found] [nginx] [Nginx] [370e16c3b7dba286cff055f93b9a94d8]
https://jenkins.sqills.com [403] [GET] [text/html] [403 Forbidden] [] [vhost] [85cb5f9cb8db1c144f09cbd6b1d31805]
https://jira-account-manager.cloud.sqills.com [401] [GET] [application/json] [] [] [vhost] [Basic] [6beba43f75111faeb2f4f15e3063e515]
https://k8s-prdbooking.ouigo-preprod-acc.cloud.sqills.com [404] [GET] [text/html] [404 Not Found] [nginx] [Nginx] [370e16c3b7dba286cff055f93b9a94d8]
https://k8s-prdbooking.ouigo-preprod-acc.cloud.sqills.com [404] [GET] [text/html] [404 Not Found] [nginx] [Nginx] [8eec510e57f5f732fd2cce73df7b73ef]
https://keyhub.sqills.com [302] [GET] [] [] [] [vhost] [d41d8cd98f00b204e9800998ecf8427e]
https://m.test.sqills.com [404] [GET] [text/html] [404 Not Found] [nginx] [Nginx] [370e16c3b7dba286cff055f93b9a94d8]
https://m.test.sqills.com [404] [GET] [text/html] [404 Not Found] [nginx] [Nginx] [8eec510e57f5f732fd2cce73df7b73ef]
https://mafi.r55.cf3.test.sqills.com [404] [GET] [text/html] [404 Not Found] [nginx] [Nginx] [370e16c3b7dba286cff055f93b9a94d8]
https://mafi.r55.cf3.test.sqills.com [404] [GET] [text/html] [404 Not Found] [nginx] [Nginx] [8eec510e57f5f732fd2cce73df7b73ef]
https://maps.izy-prod.cloud.sqills.com [404] [GET] [] [] [nginx] [vhost] [Nginx] [d0fbda9855d118740f1105334305c126]
https://maps.ouigo-acc.sqills.com [404] [GET] [] [] [nginx] [vhost] [Nginx] [d0fbda9855d118740f1105334305c126]
https://mixx-backend.test.sqills.com [404] [GET] [text/html] [404 Not Found] [nginx] [Nginx] [370e16c3b7dba286cff055f93b9a94d8]
https://mixx-backend.test.sqills.com [404] [GET] [text/html] [404 Not Found] [nginx] [Nginx] [8eec510e57f5f732fd2cce73df7b73ef]
https://mocks.accept.sqills.com [404] [GET] [text/html] [404 Not Found] [nginx] [Nginx] [370e16c3b7dba286cff055f93b9a94d8]
https://mocks.accept.sqills.com [404] [GET] [text/html] [404 Not Found] [nginx] [Nginx] [8eec510e57f5f732fd2cce73df7b73ef]
https://msm-booking.accept.sqills.com [404] [GET] [text/html] [404 Not Found] [nginx] [Nginx] [370e16c3b7dba286cff055f93b9a94d8]
https://msm-booking.accept.sqills.com [404] [GET] [text/html] [404 Not Found] [nginx] [Nginx] [8eec510e57f5f732fd2cce73df7b73ef]
https://mta-sts.sqills.com [403] [GET] [text/html] [403 Forbidden] [nginx] [vhost] [Nginx] [4b074b0b59693fa9f94fb71b175fb187]
https://nessus.sqills.com [200] [GET] [text/html] [Nessus] [NessusWWW] [vhost] [ed46f643fc744b8f4dfa5b898efec22a]
https://ocebo-api.test.sqills.com [404] [GET] [text/html] [404 Not Found] [nginx] [Nginx] [370e16c3b7dba286cff055f93b9a94d8]
https://ocebo-api.test.sqills.com [404] [GET] [text/html] [404 Not Found] [nginx] [Nginx] [8eec510e57f5f732fd2cce73df7b73ef]
https://ouibus-backoffice.test.sqills.com [404] [GET] [text/html] [404 Not Found] [nginx] [Nginx] [8eec510e57f5f732fd2cce73df7b73ef]
https://ouibus-booking.test.sqills.com [404] [GET] [text/html] [404 Not Found] [nginx] [Nginx] [8eec510e57f5f732fd2cce73df7b73ef]
https://ovidius-gvb.prod.sqills.com [404] [GET] [text/html] [404 Not Found] [nginx] [Nginx] [370e16c3b7dba286cff055f93b9a94d8]
https://ovidius-gvb.prod.sqills.com [404] [GET] [text/html] [404 Not Found] [nginx] [Nginx] [8eec510e57f5f732fd2cce73df7b73ef]
https://ovidius-gvb.test.sqills.com [404] [GET] [text/html] [404 Not Found] [nginx] [Nginx] [370e16c3b7dba286cff055f93b9a94d8]
https://ovidius-gvb.test.sqills.com [404] [GET] [text/html] [404 Not Found] [nginx] [Nginx] [8eec510e57f5f732fd2cce73df7b73ef]
https://ovidius-htm.accept.sqills.com [404] [GET] [text/html] [404 Not Found] [nginx] [Nginx] [370e16c3b7dba286cff055f93b9a94d8]
https://ovidius-htm.prod.sqills.com [404] [GET] [text/html] [404 Not Found] [nginx] [Nginx] [370e16c3b7dba286cff055f93b9a94d8]
https://ovidius-htm.test.sqills.com [404] [GET] [text/html] [404 Not Found] [nginx] [Nginx] [8eec510e57f5f732fd2cce73df7b73ef]
https://packages.sqills.com [404] [GET] [text/html] [404 Not Found] [nginx] [Nginx] [8eec510e57f5f732fd2cce73df7b73ef]
https://payment.ouigo-acc.sqills.com [404] [GET] [] [] [nginx] [vhost] [Nginx] [d0fbda9855d118740f1105334305c126]
https://paypal-community.com.r55.cf3.test.sqills.com [404] [GET] [text/html] [404 Not Found] [nginx] [Nginx] [370e16c3b7dba286cff055f93b9a94d8]
https://paypal-community.com.r55.cf3.test.sqills.com [404] [GET] [text/html] [404 Not Found] [nginx] [Nginx] [8eec510e57f5f732fd2cce73df7b73ef]
https://prod-ui-los-sync1services.r55.cf3.test.sqills.com [404] [GET] [text/html] [404 Not Found] [nginx] [Nginx] [370e16c3b7dba286cff055f93b9a94d8]
https://prod-ui-los-sync1services.r55.cf3.test.sqills.com [404] [GET] [text/html] [404 Not Found] [nginx] [Nginx] [8eec510e57f5f732fd2cce73df7b73ef]
https://proxy-22.ty4.r55.cf3.test.sqills.com [404] [GET] [text/html] [404 Not Found] [nginx] [Nginx] [370e16c3b7dba286cff055f93b9a94d8]
https://proxy-22.ty4.r55.cf3.test.sqills.com [404] [GET] [text/html] [404 Not Found] [nginx] [Nginx] [8eec510e57f5f732fd2cce73df7b73ef]
https://pure-energie.prod.sqills.com [404] [GET] [text/html] [404 Not Found] [nginx] [Nginx] [370e16c3b7dba286cff055f93b9a94d8]
https://qbuzz.accept.sqills.com [404] [GET] [text/html] [404 Not Found] [nginx] [Nginx] [370e16c3b7dba286cff055f93b9a94d8]
https://queenslandrail-api.test.sqills.com [404] [GET] [text/html] [404 Not Found] [nginx] [Nginx] [370e16c3b7dba286cff055f93b9a94d8]
https://queenslandrail-api.test.sqills.com [404] [GET] [text/html] [404 Not Found] [nginx] [Nginx] [8eec510e57f5f732fd2cce73df7b73ef]
https://queenslandrail-backoffice.test.sqills.com [404] [GET] [text/html] [404 Not Found] [nginx] [Nginx] [370e16c3b7dba286cff055f93b9a94d8]
https://queenslandrail-backoffice.test.sqills.com [404] [GET] [text/html] [404 Not Found] [nginx] [Nginx] [8eec510e57f5f732fd2cce73df7b73ef]
https://queenslandrail-booking.test.sqills.com [404] [GET] [text/html] [404 Not Found] [nginx] [Nginx] [370e16c3b7dba286cff055f93b9a94d8]
https://queenslandrail-booking.test.sqills.com [404] [GET] [text/html] [404 Not Found] [nginx] [Nginx] [8eec510e57f5f732fd2cce73df7b73ef]
https://s3-docs.sqills.com [401] [GET] [text/html] [401 Authorization Required] [nginx] [vhost] [Basic,Nginx] [28c5f434e4ab2e2a682400cb005fb08b]
https://s3-docs.sqills.com [401] [GET] [text/html] [401 Authorization Required] [nginx] [vhost] [Basic,Nginx] [55f69d37caed0efafa4d15970ed5f18e]
https://s3-portal.ouibus-prod.cloud.sqills.com [200] [GET] [text/html] [S3 Portal] [nginx] [vhost] [Nginx] [057af34b855650462dba3dc937d23c28]
https://s3-portal.ouibus-prod.sqills.com [200] [GET] [text/html] [S3 Portal] [nginx] [vhost] [Nginx] [057af34b855650462dba3dc937d23c28]
https://s3-portal.ouigo-acc.sqills.com [403] [GET] [text/html] [403 Forbidden] [nginx] [vhost] [Nginx] [4b074b0b59693fa9f94fb71b175fb187]
https://s3a-backoffice.test.sqills.com [404] [GET] [text/html] [404 Not Found] [nginx] [Nginx] [370e16c3b7dba286cff055f93b9a94d8]
https://s3a-backoffice.test.sqills.com [404] [GET] [text/html] [404 Not Found] [nginx] [Nginx] [8eec510e57f5f732fd2cce73df7b73ef]
https://s3p-abc.izy-acc.cloud.sqills.com [403] [GET] [application/json] [] [] [vhost] [905b1fbb26e082557ff0b3b3553cda6c]
https://s3p-abc.izy-prod.cloud.sqills.com [403] [GET] [application/json] [] [] [vhost] [905b1fbb26e082557ff0b3b3553cda6c]
https://s3p-amplifier.ouigo-acc.sqills.com [403] [GET] [text/html] [403 Forbidden] [nginx] [vhost] [Nginx] [4b074b0b59693fa9f94fb71b175fb187]
https://s3p-amplifier.ouigo-acc.sqills.com [403] [GET] [text/html] [403 Forbidden] [nginx] [vhost] [Nginx] [9fe3cb2b7313dc79bb477bc8fde184a7]
https://s3p-care.ouigo-acc.sqills.com [403] [GET] [text/html] [403 Forbidden] [nginx] [vhost] [Nginx] [4b074b0b59693fa9f94fb71b175fb187]
https://s3p-care.ouigo-acc.sqills.com [403] [GET] [text/html] [403 Forbidden] [nginx] [vhost] [Nginx] [9fe3cb2b7313dc79bb477bc8fde184a7]
https://s3p-cgi.ter-hno-dev-test.cloud.sqills.com [404] [GET] [text/plain] [] [awselb/2.0] [9e076f5885f5cc16a4b5aeb8de4adff5]
https://s3p-cgi.ter-hno-preprod-acc.cloud.sqills.com [404] [GET] [text/plain] [] [awselb/2.0] [d41d8cd98f00b204e9800998ecf8427e]
https://s3p-cgi.ter-hno-prod.cloud.sqills.com [403] [GET] [text/html] [403 Forbidden] [nginx] [vhost] [Nginx] [4b074b0b59693fa9f94fb71b175fb187]
https://s3p-cgi.ter-hno-prod.cloud.sqills.com [403] [GET] [text/html] [403 Forbidden] [nginx] [vhost] [Nginx] [9fe3cb2b7313dc79bb477bc8fde184a7]
https://s3p-cgi.ter-hno-training-test.cloud.sqills.com [404] [GET] [text/plain] [] [awselb/2.0] [d41d8cd98f00b204e9800998ecf8427e]
https://s3p-core.ouigo-acc.sqills.com [403] [GET] [text/html] [403 Forbidden] [nginx] [vhost] [Nginx] [4b074b0b59693fa9f94fb71b175fb187]
https://s3p-dashboard.cloud.sqills.com [302] [GET] [text/html] [] [] [vhost] [cb0b177a86bb404bfe3fb7697196e9b7]
https://s3p-jdarpo.ouigo-acc.sqills.com [403] [GET] [text/html] [403 Forbidden] [nginx] [vhost] [Nginx] [4b074b0b59693fa9f94fb71b175fb187]
https://s3p-jdarpo.ouigo-acc.sqills.com [403] [GET] [text/html] [403 Forbidden] [nginx] [vhost] [Nginx] [9fe3cb2b7313dc79bb477bc8fde184a7]
https://s3p-jenkins.ouigo-acc.sqills.com [403] [GET] [text/html] [403 Forbidden] [nginx] [vhost] [Nginx] [4b074b0b59693fa9f94fb71b175fb187]
https://s3p-monitoring.cloud.sqills.com [302] [GET] [text/html] [] [] [vhost] [cb0b177a86bb404bfe3fb7697196e9b7]
https://s3p-orientation.ouigo-acc.sqills.com [403] [GET] [text/html] [403 Forbidden] [nginx] [vhost] [Nginx] [4b074b0b59693fa9f94fb71b175fb187]
https://s3p-orientation.ouigo-acc.sqills.com [403] [GET] [text/html] [403 Forbidden] [nginx] [vhost] [Nginx] [9fe3cb2b7313dc79bb477bc8fde184a7]
https://s3p-osdm.cloud.sqills.com [200] [GET] [text/html] [] [Apache/2.4.38 (Debian)] [Apache,Debian] [357a46cd1682ee10dc1198fe9f2c642a]
https://s3p-sbsg.falbala-dev-test.cloud.sqills.com [404] [GET] [text/plain] [] [awselb/2.0] [d41d8cd98f00b204e9800998ecf8427e]
https://s3p-sbsg.falbala-preprod-test.cloud.sqills.com [404] [GET] [text/plain] [] [awselb/2.0] [d41d8cd98f00b204e9800998ecf8427e]
https://s3p-sbsg.ouigoespana-prod.cloud.sqills.com [404] [GET] [text/plain] [] [awselb/2.0] [d41d8cd98f00b204e9800998ecf8427e]
https://s3p-ssim.ouigo-acc.sqills.com [403] [GET] [text/html] [403 Forbidden] [nginx] [vhost] [Nginx] [4b074b0b59693fa9f94fb71b175fb187]
https://s3p-ssim.ouigo-acc.sqills.com [403] [GET] [text/html] [403 Forbidden] [nginx] [vhost] [Nginx] [9fe3cb2b7313dc79bb477bc8fde184a7]
https://s3passenger-backoffice.test.sqills.com [404] [GET] [text/html] [404 Not Found] [nginx] [Nginx] [8eec510e57f5f732fd2cce73df7b73ef]
https://sanc.r55.cf3.test.sqills.com [404] [GET] [text/html] [404 Not Found] [nginx] [Nginx] [370e16c3b7dba286cff055f93b9a94d8]
https://sanc.r55.cf3.test.sqills.com [404] [GET] [text/html] [404 Not Found] [nginx] [Nginx] [8eec510e57f5f732fd2cce73df7b73ef]
https://satis.sqills.com [403] [GET] [text/html] [403 Forbidden] [nginx] [vhost] [Nginx] [4b074b0b59693fa9f94fb71b175fb187]
https://satis.sqills.com [403] [GET] [text/html] [403 Forbidden] [nginx] [vhost] [Nginx] [9fe3cb2b7313dc79bb477bc8fde184a7]
https://sni167749.r55.cf3.test.sqills.com [404] [GET] [text/html] [404 Not Found] [nginx] [Nginx] [370e16c3b7dba286cff055f93b9a94d8]
https://sni21411.r55.cf3.test.sqills.com [404] [GET] [text/html] [404 Not Found] [nginx] [Nginx] [370e16c3b7dba286cff055f93b9a94d8]
https://sni230758.r55.cf3.test.sqills.com [404] [GET] [text/html] [404 Not Found] [nginx] [Nginx] [8eec510e57f5f732fd2cce73df7b73ef]
https://sni46139.r55.cf3.test.sqills.com [404] [GET] [text/html] [404 Not Found] [nginx] [Nginx] [370e16c3b7dba286cff055f93b9a94d8]
https://sni46139.r55.cf3.test.sqills.com [404] [GET] [text/html] [404 Not Found] [nginx] [Nginx] [8eec510e57f5f732fd2cce73df7b73ef]
https://sonar.cloud.sqills.com [503] [GET] [text/plain] [] [awselb/2.0] [d41d8cd98f00b204e9800998ecf8427e]
https://sonar.sqills.com [403] [GET] [text/html] [403 Forbidden] [] [vhost] [85cb5f9cb8db1c144f09cbd6b1d31805]
https://sonarqube.cloud.sqills.com [503] [GET] [text/plain] [] [awselb/2.0] [d41d8cd98f00b204e9800998ecf8427e]
https://sono3pb7w7.execute-api.ap-southeast-1.r55.cf3.test.sqills.com [404] [GET] [text/html] [404 Not Found] [nginx] [Nginx] [370e16c3b7dba286cff055f93b9a94d8]
https://sono3pb7w7.execute-api.ap-southeast-1.r55.cf3.test.sqills.com [404] [GET] [text/html] [404 Not Found] [nginx] [Nginx] [8eec510e57f5f732fd2cce73df7b73ef]
https://sqills.com [200] [GET] [text/html] [Sqills - exceeding expectations] [nginx] [vhost] [Google Tag Manager,Gravity Forms,MySQL,Nginx,PHP,WordPress,Yoast SEO,Yoast SEO Premium] [2e53d27ceacec854a0f8b8d454eb69bd]
https://ssim.ouigo-acc.sqills.com [401] [GET] [text/html] [] [nginx] [vhost] [Basic,Nginx] [b5172dd92e85cc89b8bfbaf1b3153bf7]
https://stash.sqills.com [403] [GET] [text/html] [403 Forbidden] [nginx] [vhost] [Nginx] [9fe3cb2b7313dc79bb477bc8fde184a7]
https://statics.sqills.com [403] [GET] [application/xml] [] [AmazonS3] [vhost] [cloudfront] [Amazon Cloudfront,Amazon S3,Amazon Web Services] [652884003bcdc03a5119749b6e1c3102]
https://statics.sqills.com [403] [GET] [application/xml] [] [AmazonS3] [vhost] [cloudfront] [Amazon Cloudfront,Amazon S3,Amazon Web Services] [be1dca983bd8fbfb330f6141cb68d911]
https://support.sqills.com [302] [GET] [text/html] [] [nginx] [vhost] [Java,Nginx] [d41d8cd98f00b204e9800998ecf8427e]
https://syntus.accept.sqills.com [404] [GET] [text/html] [404 Not Found] [nginx] [Nginx] [370e16c3b7dba286cff055f93b9a94d8]
https://syntus.accept.sqills.com [404] [GET] [text/html] [404 Not Found] [nginx] [Nginx] [8eec510e57f5f732fd2cce73df7b73ef]
https://syntus.test.sqills.com [404] [GET] [text/html] [404 Not Found] [nginx] [Nginx] [370e16c3b7dba286cff055f93b9a94d8]
https://template.izy-prod.cloud.sqills.com [404] [GET] [] [] [nginx] [vhost] [Nginx] [d0fbda9855d118740f1105334305c126]
https://template.ouigo-acc.sqills.com [404] [GET] [] [] [nginx] [vhost] [Nginx] [d0fbda9855d118740f1105334305c126]
https://tesowebsite.accept.sqills.com [404] [GET] [text/html] [404 Not Found] [nginx] [Nginx] [370e16c3b7dba286cff055f93b9a94d8]
https://ticket.izy-prod.cloud.sqills.com [404] [GET] [] [] [nginx] [vhost] [Nginx] [d0fbda9855d118740f1105334305c126]
https://ticket.ouigo-acc.sqills.com [404] [GET] [] [] [nginx] [vhost] [Nginx] [d0fbda9855d118740f1105334305c126]
https://todayisnew.eurostar-uat-acc.cloud.sqills.com [404] [GET] [text/html] [404 Not Found] [nginx] [Nginx] [370e16c3b7dba286cff055f93b9a94d8]
https://todayisnew.eurostar-uat-acc.cloud.sqills.com [404] [GET] [text/html] [404 Not Found] [nginx] [Nginx] [8eec510e57f5f732fd2cce73df7b73ef]
https://tutoriaisreckless.r55.cf3.test.sqills.com [404] [GET] [text/html] [404 Not Found] [nginx] [Nginx] [370e16c3b7dba286cff055f93b9a94d8]
https://tw.ss.r55.cf3.test.sqills.com [404] [GET] [text/html] [404 Not Found] [nginx] [Nginx] [370e16c3b7dba286cff055f93b9a94d8]
https://upgrade-xbooker.accept.sqills.com [404] [GET] [text/html] [404 Not Found] [nginx] [Nginx] [370e16c3b7dba286cff055f93b9a94d8]
https://upgrade-xbooker.accept.sqills.com [404] [GET] [text/html] [404 Not Found] [nginx] [Nginx] [8eec510e57f5f732fd2cce73df7b73ef]
https://ventes.ouigo-acc.cloud.sqills.com [404] [GET] [text/html] [404 Not Found] [nginx] [Nginx] [370e16c3b7dba286cff055f93b9a94d8]
https://ventes.ouigo-acc.cloud.sqills.com [404] [GET] [text/html] [404 Not Found] [nginx] [Nginx] [8eec510e57f5f732fd2cce73df7b73ef]
https://vikispeaks.r55.cf3.test.sqills.com [404] [GET] [text/html] [404 Not Found] [nginx] [Nginx] [8eec510e57f5f732fd2cce73df7b73ef]
https://webservice-proxy.prod.sqills.com [404] [GET] [text/html] [404 Not Found] [nginx] [Nginx] [370e16c3b7dba286cff055f93b9a94d8]
https://webservice-proxy.prod.sqills.com [404] [GET] [text/html] [404 Not Found] [nginx] [Nginx] [8eec510e57f5f732fd2cce73df7b73ef]
https://webshop-arriva-hotfix.test.sqills.com [404] [GET] [text/html] [404 Not Found] [nginx] [Nginx] [370e16c3b7dba286cff055f93b9a94d8]
https://webshop-arriva.accept.sqills.com [404] [GET] [text/html] [404 Not Found] [nginx] [Nginx] [370e16c3b7dba286cff055f93b9a94d8]
https://webshop-arriva.test.sqills.com [404] [GET] [text/html] [404 Not Found] [nginx] [Nginx] [8eec510e57f5f732fd2cce73df7b73ef]
https://webshop-gvb.accept.sqills.com [404] [GET] [text/html] [404 Not Found] [nginx] [Nginx] [370e16c3b7dba286cff055f93b9a94d8]
https://webshop-gvb.accept.sqills.com [404] [GET] [text/html] [404 Not Found] [nginx] [Nginx] [8eec510e57f5f732fd2cce73df7b73ef]
https://webshop-gvb.test.sqills.com [404] [GET] [text/html] [404 Not Found] [nginx] [Nginx] [370e16c3b7dba286cff055f93b9a94d8]
https://webshop-gvb.test.sqills.com [404] [GET] [text/html] [404 Not Found] [nginx] [Nginx] [8eec510e57f5f732fd2cce73df7b73ef]
https://webshop-htm.prod.sqills.com [404] [GET] [text/html] [404 Not Found] [nginx] [Nginx] [370e16c3b7dba286cff055f93b9a94d8]
https://webshop-htm.prod.sqills.com [404] [GET] [text/html] [404 Not Found] [nginx] [Nginx] [8eec510e57f5f732fd2cce73df7b73ef]
https://webshop-qbuzz.prod.sqills.com [404] [GET] [text/html] [404 Not Found] [nginx] [Nginx] [370e16c3b7dba286cff055f93b9a94d8]
https://webshop-syntus.accept.sqills.com [403] [GET] [text/html] [403 Forbidden] [nginx] [vhost] [Nginx] [4b074b0b59693fa9f94fb71b175fb187]
https://webshop-syntus.accept.sqills.com [403] [GET] [text/html] [403 Forbidden] [nginx] [vhost] [Nginx] [9fe3cb2b7313dc79bb477bc8fde184a7]
https://websqills-team-rip-qbuzz.prod.sqills.com [404] [GET] [text/html] [404 Not Found] [nginx] [Nginx] [370e16c3b7dba286cff055f93b9a94d8]
https://websqills-team-rip-qbuzz.prod.sqills.com [404] [GET] [text/html] [404 Not Found] [nginx] [Nginx] [8eec510e57f5f732fd2cce73df7b73ef]
https://worldpay-mock.cloud.sqills.com [404] [GET] [text/html] [] [] [vhost] [3b39e859f6cd98ebd05d296946b10fe4]
https://wshom.r55.cf3.test.sqills.com [404] [GET] [text/html] [404 Not Found] [nginx] [Nginx] [370e16c3b7dba286cff055f93b9a94d8]
https://wshom.r55.cf3.test.sqills.com [404] [GET] [text/html] [404 Not Found] [nginx] [Nginx] [8eec510e57f5f732fd2cce73df7b73ef]
https://www.555.r55.cf3.test.sqills.com [404] [GET] [text/html] [404 Not Found] [nginx] [Nginx] [370e16c3b7dba286cff055f93b9a94d8]
https://www.555.r55.cf3.test.sqills.com [404] [GET] [text/html] [404 Not Found] [nginx] [Nginx] [8eec510e57f5f732fd2cce73df7b73ef]
https://www.baliseyh.r55.cf3.test.sqills.com [404] [GET] [text/html] [404 Not Found] [nginx] [Nginx] [370e16c3b7dba286cff055f93b9a94d8]
https://www.baliseyh.r55.cf3.test.sqills.com [404] [GET] [text/html] [404 Not Found] [nginx] [Nginx] [8eec510e57f5f732fd2cce73df7b73ef]
https://www.booking.izy-acc.cloud.sqills.com [503] [GET] [text/html] [503 Service Temporarily Unavailable] [awselb/2.0] [81df4d3863debf3eceb5cf84251fd472]
https://www.d-cobs.prod.sqills.com [404] [GET] [text/html] [404 Not Found] [nginx] [Nginx] [370e16c3b7dba286cff055f93b9a94d8]
https://www.d-cobs.prod.sqills.com [404] [GET] [text/html] [404 Not Found] [nginx] [Nginx] [8eec510e57f5f732fd2cce73df7b73ef]
https://www.milesellis.r55.cf3.test.sqills.com [404] [GET] [text/html] [404 Not Found] [nginx] [Nginx] [370e16c3b7dba286cff055f93b9a94d8]
https://www.milesellis.r55.cf3.test.sqills.com [404] [GET] [text/html] [404 Not Found] [nginx] [Nginx] [8eec510e57f5f732fd2cce73df7b73ef]
https://www.sqills.com [200] [GET] [text/html] [Sqills - exceeding expectations] [nginx] [vhost] [Google Tag Manager,Gravity Forms,MySQL,Nginx,PHP,WordPress,Yoast SEO,Yoast SEO Premium] [d270b2615981f67c9f6bd33317df69ee]
https://xbooker-s3accommodation.accept.sqills.com [404] [GET] [text/html] [404 Not Found] [nginx] [Nginx] [370e16c3b7dba286cff055f93b9a94d8]
https://zabbix-api.sqills.com [403] [GET] [text/html] [403 Forbidden] [] [vhost] [85cb5f9cb8db1c144f09cbd6b1d31805]
https://zabbix.sqills.com [403] [GET] [text/html] [403 Forbidden] [] [vhost] [85cb5f9cb8db1c144f09cbd6b1d31805]
https://zakelijk-arriva.accept.sqills.com [404] [GET] [text/html] [404 Not Found] [nginx] [Nginx] [370e16c3b7dba286cff055f93b9a94d8]
https://zakelijk-arriva.accept.sqills.com [404] [GET] [text/html] [404 Not Found] [nginx] [Nginx] [8eec510e57f5f732fd2cce73df7b73ef]
