http://info.techcrunch.com:8443 [400] [GET] [text/html] [400 The plain HTTP request was sent to HTTPS port] [cloudflare] [cloudflare] [cd58783500d7fa3c58f88eb0ba22f4f8]
http://mailing.techcrunch.com:8443 [400] [GET] [text/html] [400 The plain HTTP request was sent to HTTPS port] [cloudflare] [cloudflare] [cd58783500d7fa3c58f88eb0ba22f4f8]
https://api.login.techcrunch.com [404] [GET] [text/html] [Error 404 Not Found] [ATS] [vhost] [Apache Traffic Server] [75cdd623b778d588f598b4b39eb808e6]
https://apply.techcrunch.com [301] [GET] [text/html] [Document Has Moved] [ATS] [vhost] [Apache Traffic Server] [81a6eaf09427bb7612454037529d4e2f]
https://beta.techcrunch.com [301] [GET] [text/html] [Document Has Moved] [ATS] [vhost] [Apache Traffic Server] [8e9b33454285ae16f6a788e6b4e2933f]
https://develop.techcrunch.com [302] [GET] [text/html] [TechCrunch] [ATS] [vhost] [Apache Traffic Server] [09b31d8832f2777b5c3594eb226d432e]
https://develop.techcrunch.com [302] [GET] [text/html] [TechCrunch] [ATS] [vhost] [Apache Traffic Server] [55d35e12ceace97a3e79a64693fbdb8f]
https://eu.techcrunch.com [301] [GET] [text/html] [Document Has Moved] [ATS] [vhost] [Apache Traffic Server] [8e9b33454285ae16f6a788e6b4e2933f]
https://fr.techcrunch.com [301] [GET] [text/html] [Document Has Moved] [ATS] [vhost] [Apache Traffic Server] [8e9b33454285ae16f6a788e6b4e2933f]
https://future.techcrunch.com [200] [GET] [text/html] [TechCrunch (future) – Startup and Technology News] [nginx] [vhost] [MySQL,Nginx,PHP,WordPress,WordPress VIP] [34c073aa00a64b52ffa5f66b5d1750bf]
https://future.techcrunch.com [200] [GET] [text/html] [TechCrunch (future) – Startup and Technology News] [nginx] [vhost] [MySQL,Nginx,PHP,WordPress,WordPress VIP] [4935127cf425b30c6ddfc375c4745198]
https://guce.login.techcrunch.com [404] [GET] [text/html] [techcrunch] [guce] [11acf80920fe6c6aef0190e8929f9039]
https://guce.login.techcrunch.com:4443 [404] [GET] [application/json] [] [guce] [b528230b3d55854845b988305f7f3b9f]
https://guce.techcrunch.com [404] [GET] [text/html] [techcrunch] [guce] [d1f2367d682a5a01c0785c93519417c7]
https://guce.techcrunch.com:4443 [404] [GET] [application/json] [] [guce] [b528230b3d55854845b988305f7f3b9f]
https://horizon.techcrunch.com [404] [GET] [text/html] [] [Sailthru] [d41d8cd98f00b204e9800998ecf8427e]
https://info.techcrunch.com [302] [GET] [text/html] [] [cloudflare] [vhost] [cloudflare] [Cloudflare,Cloudflare Bot Management] [1626239f1c077be053b585baadd4a0f8]
https://jp-preprod.techcrunch.com [200] [GET] [text/html] [TechCrunch Japan - 最新のテクノロジーとスタートアップ・Webに関するニュースを配信するブログメディア] [ATS] [vhost] [Apache Traffic Server,MySQL,PHP,WordPress,WordPress VIP,comScore] [8afdf2e9ecb0a963743beef075846961]
https://jp-preprod.techcrunch.com [200] [GET] [text/html] [TechCrunch Japan - 最新のテクノロジーとスタートアップ・Webに関するニュースを配信するブログメディア] [ATS] [vhost] [Apache Traffic Server,MySQL,PHP,WordPress,WordPress VIP,comScore] [c17a6004a6b62079c10ec47419808d06]
https://jp.techcrunch.com [200] [GET] [text/html] [TechCrunch Japan - 最新のテクノロジーとスタートアップ・Webに関するニュースを配信するブログメディア] [ATS] [vhost] [Apache Traffic Server,MySQL,PHP,WordPress,WordPress VIP,comScore] [0fdfc220731085f4e49ae53d5f117c13]
https://jp.techcrunch.com [200] [GET] [text/html] [TechCrunch Japan - 最新のテクノロジーとスタートアップ・Webに関するニュースを配信するブログメディア] [ATS] [vhost] [Apache Traffic Server,MySQL,PHP,WordPress,WordPress VIP,comScore] [4d1584fed70216efe71bb6c967367552]
https://link.techcrunch.com [302] [GET] [text/html] [] [Sailthru] [d41d8cd98f00b204e9800998ecf8427e]
https://login.techcrunch.com [200] [GET] [text/html] [TechCrunch] [ATS] [vhost] [Apache Traffic Server] [28ccb85a7bd03c2fd8afb8a2dbd1e5e8]
https://login.techcrunch.com [200] [GET] [text/html] [TechCrunch] [ATS] [vhost] [Apache Traffic Server] [5a8a6eb074822f5d5655bccf53a80f1e]
https://m.jp.techcrunch.com [404] [GET] [text/html] [404 Not Found] [ATS] [vhost] [Apache Traffic Server] [370e16c3b7dba286cff055f93b9a94d8]
https://m.jp.techcrunch.com [404] [GET] [text/html] [404 Not Found] [ATS] [vhost] [Apache Traffic Server] [8eec510e57f5f732fd2cce73df7b73ef]
https://m.techcrunch.com [301] [GET] [text/html] [Document Has Moved] [ATS] [vhost] [Apache Traffic Server] [8e9b33454285ae16f6a788e6b4e2933f]
https://madison.techcrunch.com [301] [GET] [text/html] [Document Has Moved] [ATS] [vhost] [Apache Traffic Server] [8e9b33454285ae16f6a788e6b4e2933f]
https://mailing.techcrunch.com [200] [GET] [text/html] [] [cloudflare] [vhost] [cloudflare] [Cloudflare,Cloudflare Bot Management] [8bc4374c7fe9ae7a1abb6518f3bf9af1]
https://networking.techcrunch.com [301] [GET] [text/html] [301 Moved Permanently] [] [vhost] [4f8e702cc244ec5d4de32740c0ecbd97]
https://oidc.techcrunch.com [404] [GET] [application/json] [] [ATS] [Apache Traffic Server] [2e0f364cef7e93e58404283a5cde7fde]
https://on.techcrunch.com [301] [GET] [text/html] [Document Has Moved] [ATS] [vhost] [Apache Traffic Server] [8e9b33454285ae16f6a788e6b4e2933f]
https://pixel.techcrunch.com [404] [GET] [text/html] [Aol] [ATS] [Apache Traffic Server] [244f706b32d925eda028bf943c780574]
https://pixel.techcrunch.com [404] [GET] [text/html] [Aol] [ATS] [Apache Traffic Server] [70c4f1ac1f00ce2b59e0a1d225341a5a]
https://podcast.techcrunch.com [404] [GET] [text/html] [Yahoo] [ATS] [Apache Traffic Server] [32cf31157ea80c6917e8353792d19b60]
https://podcast.techcrunch.com [404] [GET] [text/html] [Yahoo] [ATS] [Apache Traffic Server] [7ea2314f19ffd724ecbb08e27e35f664]
https://preprod.techcrunch.com [302] [GET] [text/html] [TechCrunch] [ATS] [vhost] [Apache Traffic Server] [55421ad9c808a78b2f69f127308f2ef7]
https://preprod.techcrunch.com [302] [GET] [text/html] [TechCrunch] [ATS] [vhost] [Apache Traffic Server] [fda5d06f6186a29b2a88fb8abb975db3]
https://ryot.techcrunch.com [404] [GET] [text/html] [Page Not Found] [] [vhost] [fastly] [7fff55d8849ced593f082de4a36d3e3a]
https://search.techcrunch.com [404] [GET] [text/html] [] [ATS] [vhost] [Apache Traffic Server] [980373ab828ee2714e84636f177c3a08]
https://social.techcrunch.com [302] [GET] [] [] [Cowboy] [vhost] [Cowboy,Heroku] [d41d8cd98f00b204e9800998ecf8427e]
https://stage.api.login.techcrunch.com [404] [GET] [text/html] [Error 404 Not Found] [ATS] [vhost] [Apache Traffic Server] [baf31ea293daf671171757d36b41f42e]
https://stage.api.login.techcrunch.com [404] [GET] [text/html] [Error 404 Not Found] [ATS] [vhost] [Apache Traffic Server] [bce156d8cbc2d3c89eb83af9b763f4fd]
https://stage.guce.login.techcrunch.com [404] [GET] [text/html] [techcrunch] [guce] [77321c16773159fe9eaf3ae55e30f0dd]
https://stage.guce.login.techcrunch.com:4443 [404] [GET] [application/json] [] [guce] [b528230b3d55854845b988305f7f3b9f]
https://stage.guce.techcrunch.com [404] [GET] [text/html] [techcrunch] [guce] [68c5eeecdd3611ea8a7c65b798406068]
https://stage.guce.techcrunch.com:4443 [404] [GET] [application/json] [] [guce] [b528230b3d55854845b988305f7f3b9f]
https://stage.login.techcrunch.com [403] [GET] [text/plain] [] [ATS] [Apache Traffic Server] [722969577a96ca3953e84e3d949dee81]
https://stage.login.techcrunch.com [403] [GET] [text/plain] [] [ATS] [vhost] [Apache Traffic Server] [722969577a96ca3953e84e3d949dee81]
https://stage.oidc.techcrunch.com [404] [GET] [application/json] [] [ATS] [Apache Traffic Server] [2e0f364cef7e93e58404283a5cde7fde]
https://techcrunch.com [200] [GET] [text/html] [TechCrunch – Startup and Technology News] [ATS] [vhost] [Apache Traffic Server,MySQL,PHP,WordPress,WordPress VIP] [6f06410d41fd3dff87e7749587f7711c]
https://techcrunch.com [200] [GET] [text/html] [TechCrunch – Startup and Technology News] [ATS] [vhost] [Apache Traffic Server,MySQL,PHP,WordPress,WordPress VIP] [861db6bcbaa77a24407ffc95f83a4f4d]
https://trunk.guce.login.techcrunch.com [404] [GET] [text/html] [techcrunch] [guce] [be099aadb530d327384346a012b0864f]
https://trunk.guce.login.techcrunch.com:4443 [404] [GET] [application/json] [] [guce] [b528230b3d55854845b988305f7f3b9f]
https://trunk.guce.techcrunch.com [404] [GET] [text/html] [techcrunch] [guce] [d97addec431ee1f74668d0b5be62cac4]
https://trunk.guce.techcrunch.com:4443 [404] [GET] [application/json] [] [guce] [b528230b3d55854845b988305f7f3b9f]
https://video.techcrunch.com [301] [GET] [text/html] [Document Has Moved] [ATS] [vhost] [Apache Traffic Server] [8e9b33454285ae16f6a788e6b4e2933f]
https://www.techcrunch.com [301] [GET] [text/html] [Document Has Moved] [ATS] [vhost] [Apache Traffic Server] [8e9b33454285ae16f6a788e6b4e2933f]
