http://3.tesla.cn [302] [GET] [] [] [BigIP] [F5 BigIP] [d41d8cd98f00b204e9800998ecf8427e]
http://autodiscover.tesla.cn [301] [GET] [] [] [Microsoft-IIS/10.0] [vhost] [IIS,Microsoft ASP.NET,Windows Server] [d41d8cd98f00b204e9800998ecf8427e]
http://origin-static-assets.tesla.cn [302] [GET] [] [] [BigIP] [F5 BigIP] [d41d8cd98f00b204e9800998ecf8427e]
http://tesla.cn [302] [GET] [] [] [BigIP] [F5 BigIP] [d41d8cd98f00b204e9800998ecf8427e]
https://apm.tesla.cn [200] [GET] [application/x-directory] [] [AmazonS3] [vhost] [Amazon S3,Amazon Web Services] [d41d8cd98f00b204e9800998ecf8427e]
https://app.tesla.cn [404] [GET] [] [] [AkamaiNetStorage] [vhost] [7605968e79d0ca095ab1231486d2b814]
https://auth-stage.tesla.cn [200] [GET] [text/html] [SVG Lookup Table] [] [vhost] [Akamai] [7142e1d0e69bb3f95e652f8c0460b846]
https://auth.tesla.cn [200] [GET] [text/html] [SVG Lookup Table] [] [vhost] [Akamai] [2312254c21d7f675ec6ccebd63d1fefe]
https://community.tesla.cn [200] [GET] [text/html] [Tesla] [] [vhost] [80681c13c65692eb1a312d032dc67804]
https://digitalassets-shop.tesla.cn [301] [GET] [] [] [Cloudinary] [vhost] [d41d8cd98f00b204e9800998ecf8427e]
https://enterpriseenrollment.tesla.cn [302] [GET] [] [] [Microsoft-IIS/10.0] [azure] [IIS,Microsoft ASP.NET,Windows Server] [d41d8cd98f00b204e9800998ecf8427e]
https://enterpriseregistration.tesla.cn [404] [GET] [text/html] [Service] [] [azure] [17654c28a506596d05424ea295203bac]
https://events.tesla.cn [301] [GET] [] [] [AkamaiGHost] [vhost] [d41d8cd98f00b204e9800998ecf8427e]
https://inside.tesla.cn [301] [GET] [text/html] [301 Moved Permanently] [] [vhost] [4c555068310076e85908835c721911f5]
https://insurance.tesla.cn [404] [GET] [text/html] [404] [] [vhost] [952fa5852ff0f882d60ce394ef362e13]
https://livestream.tesla.cn [302] [GET] [] [] [AkamaiGHost] [vhost] [d41d8cd98f00b204e9800998ecf8427e]
https://livestreamapi.tesla.cn [302] [GET] [] [] [AkamaiGHost] [vhost] [d41d8cd98f00b204e9800998ecf8427e]
https://location-services-prd.tesla.cn [503] [GET] [text/html] [Error] [AkamaiGHost] [vhost] [3fc73e5ec7c8f728cd457137b4559ee1]
https://location-services-prd.tesla.cn [503] [GET] [text/html] [Error] [AkamaiGHost] [vhost] [957273b14eb7633e8d1104a37563606e]
https://lyncdiscover.tesla.cn [404] [GET] [application/json] [] [] [vhost] [373397b4ebf514ea3578818e90f5f9b6]
https://media-server-me.tesla.cn [404] [GET] [text/plain] [] [] [vhost] [ef81e41d11c9e7193ddd3d470dbb3eda]
https://mfs-supplier-eng.mo.tesla.cn [200] [GET] [text/html] [MFS Supplier Portal] [] [vhost] [c99bbce97632dfe975092e3e54e17271]
https://mfs-supplier.mo.tesla.cn [200] [GET] [text/html] [MFS Supplier Portal] [] [vhost] [b7e3496daa0abc36c5cfc10cf2bdd6e5]
https://model3.tesla.cn [503] [GET] [text/html] [Service Unavailable] [AkamaiGHost] [vhost] [42149c18d3692ca3344f78f68751b6be]
https://model3.tesla.cn [503] [GET] [text/html] [Service Unavailable] [AkamaiGHost] [vhost] [9384a183a2ed8373daee05e7cd4773bf]
https://msoid.tesla.cn [302] [GET] [text/html] [Object moved] [] [vhost] [ee731a8c5f053e7e52f9107a1fbfcad8]
https://nav-prd-maps.tesla.cn [400] [GET] [text/html] [400 No required SSL certificate was sent] [] [vhost] [6be05d19e4ca80eb3ef0a7f16f937f13]
https://onboarding-pre-delivery.tesla.cn [503] [GET] [text/html] [Page Unavailable] [Varnish] [vhost] [0605279020bccb4f17d6dcf32e190089]
https://ownership.tesla.cn [200] [GET] [text/plain] [] [] [vhost] [e0aa021e21dddbd6d8cecec71e9cf564]
https://partners.tesla.cn [403] [GET] [text/html] [] [] [vhost] [6351030f724f6f42fd11ec9aa6ee8c76]
https://profile.tesla.cn [301] [GET] [text/html] [301 Moved Permanently] [] [vhost] [4c555068310076e85908835c721911f5]
https://service.tesla.cn [200] [GET] [text/html] [Tesla Service] [] [vhost] [1de27777a08925232dad455e112e5653]
https://servicegateway.tesla.cn [302] [GET] [] [] [AkamaiGHost] [vhost] [d41d8cd98f00b204e9800998ecf8427e]
https://shop.tesla.cn [200] [GET] [text/html] [Tesla 官方商店 | Tesla] [Tesla Commerce 1.0] [vhost] [87d6f9cf349ab7958d251c0d9c087666]
https://sip.tesla.cn [404] [GET] [text/plain] [] [RTC/7.0] [010339df59005efcb5a752da9c614c07]
https://static-assets-pay.tesla.cn [404] [GET] [text/html] [Error] [] [vhost] [Express,Node.js] [da7da7d630292e7a2a7dda8ca87b3d39]
https://static-assets.tesla.cn [404] [GET] [text/html] [] [nginx/1.16.1] [vhost] [Nginx] [742e8aed4a68d3372cf3c102bb2e1340]
https://tutorial.vn.cloud.tesla.cn [403] [GET] [application/xml] [] [AmazonS3] [vhost] [cloudfront] [Amazon Cloudfront,Amazon S3,Amazon Web Services] [696815e5646b351c952a9eb7cdcd2635]
https://tutorial.vn.cloud.tesla.cn [403] [GET] [application/xml] [] [AmazonS3] [vhost] [cloudfront] [Amazon Cloudfront,Amazon S3,Amazon Web Services] [bc39efd2840dafa79f51ecdfaa828de8]
https://wechat-stg.tesla.cn [302] [GET] [text/html] [Redirecting to https://wechat-stg.tesla.cn/admin] [nginx] [vhost] [Nginx] [729c61e5a6d97d4b43f551df739d19ea]
https://wechat.tesla.cn [302] [GET] [text/html] [Redirecting to https://wechat.tesla.cn/admin] [nginx] [vhost] [Nginx] [ebcf47ef7c366ea658fe65aecf5ddf7c]
https://www.tesla.cn [200] [GET] [text/html] [纯电动车、太阳能和清洁能源 | 特斯拉中国] [] [vhost] [Akamai,Drupal,PHP] [2d0077f98c474807742b3d1dac68a62f]
https://www.tesla.cn [200] [GET] [text/html] [纯电动车、太阳能和清洁能源 | 特斯拉中国] [] [vhost] [Akamai,Drupal,PHP] [a3ff76d1702486bf15b864863197ecde]
