http://autodiscover.tiktok.com [301] [GET] [] [] [Microsoft-IIS/10.0] [vhost] [IIS,Microsoft ASP.NET,Windows Server] [d41d8cd98f00b204e9800998ecf8427e]
https://activity.tiktok.com [404] [GET] [text/html] [404 Not Found] [nginx] [vhost] [Nginx] [70461da8b94c6ca5d2fda3260c5a8c3b]
https://activity.tiktok.com [404] [GET] [text/html] [404 Not Found] [nginx] [vhost] [Nginx] [8e325dc2fea7c8900fc6c4b8c6c394fe]
https://ads-sg.tiktok.com [302] [GET] [text/html] [Redirecting...] [nginx] [vhost] [Nginx] [e460bdff6d382f5c9eefc7043bf1821b]
https://ads-va.tiktok.com [404] [GET] [text/html] [404 Not Found] [nginx] [vhost] [Nginx] [70461da8b94c6ca5d2fda3260c5a8c3b]
https://ads-va.tiktok.com [404] [GET] [text/html] [404 Not Found] [nginx] [vhost] [Nginx] [8e325dc2fea7c8900fc6c4b8c6c394fe]
https://ads.tiktok.com [302] [GET] [text/html] [Redirecting...] [nginx] [vhost] [Nginx] [e460bdff6d382f5c9eefc7043bf1821b]
https://adsinsightslab.tiktok.com [301] [GET] [text/html] [] [] [vhost] [cloudfront] [Amazon Cloudfront,Amazon Web Services] [bbe85aa3efe48e57ed8158ec3d3cee72]
https://affiliate-id.tiktok.com [404] [GET] [text/html] [404 Not Found] [nginx] [vhost] [Nginx] [70461da8b94c6ca5d2fda3260c5a8c3b]
https://affiliate-id.tiktok.com [404] [GET] [text/html] [404 Not Found] [nginx] [vhost] [Nginx] [8e325dc2fea7c8900fc6c4b8c6c394fe]
https://affiliate.tiktok.com [200] [GET] [text/html] [TikTok Shop Affiliate] [nginx] [vhost] [Nginx] [62d8c28f908fe69b20104e12848a144a]
https://analytics-sg.tiktok.com [404] [GET] [text/html] [404 Not Found] [nginx] [vhost] [Nginx] [70461da8b94c6ca5d2fda3260c5a8c3b]
https://analytics-sg.tiktok.com [404] [GET] [text/html] [404 Not Found] [nginx] [vhost] [Nginx] [8e325dc2fea7c8900fc6c4b8c6c394fe]
https://analytics.tiktok.com [404] [GET] [text/html] [404 Not Found] [nginx] [vhost] [Nginx] [70461da8b94c6ca5d2fda3260c5a8c3b]
https://analytics.tiktok.com [404] [GET] [text/html] [404 Not Found] [nginx] [vhost] [Nginx] [8e325dc2fea7c8900fc6c4b8c6c394fe]
https://api-m.tiktok.com [404] [GET] [text/html] [404 Not Found] [nginx] [vhost] [Nginx] [8e325dc2fea7c8900fc6c4b8c6c394fe]
https://api.tiktok.com [404] [GET] [text/html] [404 Not Found] [nginx] [vhost] [Nginx] [70461da8b94c6ca5d2fda3260c5a8c3b]
https://artist.tiktok.com [302] [GET] [text/html] [302 Found] [nginx] [vhost] [Nginx] [cfbeaf604823f038b8b46f0ac862b98c]
https://artists.tiktok.com [302] [GET] [text/html] [302 Found] [nginx] [vhost] [Nginx] [cfbeaf604823f038b8b46f0ac862b98c]
https://business-sso.tiktok.com [404] [GET] [text/plain] [] [nginx] [vhost] [Nginx] [d41d8cd98f00b204e9800998ecf8427e]
https://business.tiktok.com [200] [GET] [text/html] [TikTok Business Center] [nginx] [vhost] [Nginx] [376a82b0aa42f680935533438701c518]
https://careers.tiktok.com [404] [GET] [text/plain] [] [nginx] [vhost] [Nginx] [764030f575902daac9795d84e37ea06e]
https://cc.tiktok.com [404] [GET] [text/html] [404 Not Found] [nginx] [vhost] [Nginx] [8e325dc2fea7c8900fc6c4b8c6c394fe]
https://creatormarketplace-va.tiktok.com [403] [GET] [text/html] [403 Forbidden] [nginx] [vhost] [Nginx] [4dec45889e09ec3ceb63fd65825d0f11]
https://creatormarketplace-va.tiktok.com [403] [GET] [text/html] [403 Forbidden] [nginx] [vhost] [Nginx] [bc56979a0b381a791dd59713198a87fb]
https://creatormarketplace.tiktok.com [200] [GET] [text/html] [TikTok Creator Marketplace] [nginx] [vhost] [Nginx,Vue.js] [dd6a6be2244c5c9f42b8c134fb10d630]
https://developer.tiktok.com [301] [GET] [text/html] [301 Moved Permanently] [nginx] [vhost] [Nginx] [cd2e0e43980a00fb6a2742d3afd803b8]
https://developers.tiktok.com [200] [GET] [text/html] [TikTok for Developers] [nginx] [vhost] [Nginx] [db877bf74c476f9d7cc2950c6d28d26f]
https://effect-api-sg.tiktok.com [502] [GET] [text/html] [502 Bad Gateway] [nginx] [vhost] [Nginx] [8dce59ae8ddc42b04d1f7e2c0c95ec3d]
https://effect-api-va.tiktok.com [502] [GET] [text/html] [502 Bad Gateway] [nginx] [vhost] [Nginx] [8dce59ae8ddc42b04d1f7e2c0c95ec3d]
https://effect.tiktok.com [301] [GET] [text/html] [301 Moved Permanently] [nginx] [vhost] [Nginx] [cd2e0e43980a00fb6a2742d3afd803b8]
https://experiment.tiktok.com [404] [GET] [text/html] [404 Not Found] [nginx] [vhost] [Nginx] [70461da8b94c6ca5d2fda3260c5a8c3b]
https://experiment.tiktok.com [404] [GET] [text/html] [404 Not Found] [nginx] [vhost] [Nginx] [8e325dc2fea7c8900fc6c4b8c6c394fe]
https://feelgood-api.tiktok.com [404] [GET] [text/html] [404 Not Found] [nginx] [vhost] [Nginx] [8e325dc2fea7c8900fc6c4b8c6c394fe]
https://getstarted.tiktok.com [200] [GET] [text/html] [Get your business discovered on TikTok] [nginx] [vhost] [Nginx,Node.js,Nuxt.js,Vue.js] [ca75c136c1cc1fd21a2f4a07f7594779]
https://getstarted.tiktok.com [200] [GET] [text/html] [Get your business discovered on TikTok] [nginx] [vhost] [Nginx,Node.js,Nuxt.js,Vue.js] [f115a129b1763b2a0ced42fa3c3b2304]
https://gma.tiktok.com [502] [GET] [text/html] [502 Bad Gateway] [nginx] [vhost] [Nginx] [8dce59ae8ddc42b04d1f7e2c0c95ec3d]
https://h1-16.tiktok.com [502] [GET] [text/html] [502 Bad Gateway] [nginx] [vhost] [Nginx] [261b1f079fa0a5c0c32d181e43440c05]
https://h1-16.tiktok.com [502] [GET] [text/html] [502 Bad Gateway] [nginx] [vhost] [Nginx] [8dce59ae8ddc42b04d1f7e2c0c95ec3d]
https://h2-16.tiktok.com [302] [GET] [text/html] [302 Found] [nginx] [vhost] [Nginx] [cfbeaf604823f038b8b46f0ac862b98c]
https://h2-16.tiktok.com [502] [GET] [text/html] [502 Bad Gateway] [nginx] [vhost] [Nginx] [8dce59ae8ddc42b04d1f7e2c0c95ec3d]
https://im-ws-sg.tiktok.com [404] [GET] [text/html] [404 Not Found] [nginx] [Nginx] [70461da8b94c6ca5d2fda3260c5a8c3b]
https://im-ws-sg.tiktok.com [404] [GET] [text/html] [404 Not Found] [nginx] [Nginx] [8e325dc2fea7c8900fc6c4b8c6c394fe]
https://im-ws-va.tiktok.com [404] [GET] [text/html] [404 Not Found] [nginx] [Nginx] [8e325dc2fea7c8900fc6c4b8c6c394fe]
https://image-va.tiktok.com [403] [GET] [text/html] [403 Forbidden] [nginx] [vhost] [Nginx] [4dec45889e09ec3ceb63fd65825d0f11]
https://image-va.tiktok.com [403] [GET] [text/html] [403 Forbidden] [nginx] [vhost] [Nginx] [bc56979a0b381a791dd59713198a87fb]
https://in.tiktok.com [403] [GET] [text/html] [Access Denied] [AkamaiGHost] [vhost] [81471ea17d32d4d91a47a35c542d24cf]
https://in.tiktok.com [403] [GET] [text/html] [Access Denied] [AkamaiGHost] [vhost] [8a2b3895afe7ce720732ec034498df89]
https://link.e.tiktok.com [404] [GET] [text/html] [404 Not Found] [nginx] [vhost] [cloudfront] [Amazon Cloudfront,Amazon Web Services,Nginx] [70461da8b94c6ca5d2fda3260c5a8c3b]
https://login.tiktok.com [301] [GET] [text/html] [301 Moved Permanently] [nginx] [vhost] [Nginx] [cd2e0e43980a00fb6a2742d3afd803b8]
https://m.tiktok.com [403] [GET] [text/html] [Access Denied] [AkamaiGHost] [vhost] [32b803170b949a811fe9019db4d094bf]
https://m.tiktok.com [403] [GET] [text/html] [Access Denied] [AkamaiGHost] [vhost] [ee9a371bdb38981cef9cd69f91ccef24]
https://m1-16.tiktok.com [502] [GET] [text/html] [502 Bad Gateway] [nginx] [vhost] [Nginx] [8dce59ae8ddc42b04d1f7e2c0c95ec3d]
https://m2-16.tiktok.com [502] [GET] [text/html] [502 Bad Gateway] [nginx] [vhost] [Nginx] [8dce59ae8ddc42b04d1f7e2c0c95ec3d]
https://media.tiktok.com [502] [GET] [text/html] [502 Bad Gateway] [nginx] [vhost] [Nginx] [8dce59ae8ddc42b04d1f7e2c0c95ec3d]
https://meteor.tiktok.com [404] [GET] [text/html] [404 Not Found] [nginx] [vhost] [Nginx] [8e325dc2fea7c8900fc6c4b8c6c394fe]
https://mg.tiktok.com [404] [GET] [text/html] [404 Not Found] [nginx] [Nginx] [70461da8b94c6ca5d2fda3260c5a8c3b]
https://mg.tiktok.com [404] [GET] [text/html] [404 Not Found] [nginx] [Nginx] [8e325dc2fea7c8900fc6c4b8c6c394fe]
https://musician.tiktok.com [302] [GET] [text/html] [302 Found] [nginx] [vhost] [Nginx] [cfbeaf604823f038b8b46f0ac862b98c]
https://newsroom.tiktok.com [302] [GET] [text/html] [] [nginx] [vhost] [Nginx] [f2fa66ea1fe9d480289c75c19ba023b0]
https://open-api-useast1a.tiktok.com [404] [GET] [text/html] [404 Not Found] [nginx] [vhost] [Nginx] [8e325dc2fea7c8900fc6c4b8c6c394fe]
https://open-api.tiktok.com [404] [GET] [text/html] [404 Not Found] [nginx] [vhost] [Nginx] [70461da8b94c6ca5d2fda3260c5a8c3b]
https://open-api.tiktok.com [404] [GET] [text/html] [404 Not Found] [nginx] [vhost] [Nginx] [8e325dc2fea7c8900fc6c4b8c6c394fe]
https://s16-ies-useast2a.tiktok.com [403] [GET] [application/json] [] [nginx] [vhost] [Nginx] [f6386d13121f42784ad70bcda5aca1d2]
https://s16-ies.tiktok.com [200] [GET] [application/octet-stream] [] [nginx] [vhost] [Nginx] [d41d8cd98f00b204e9800998ecf8427e]
https://seller-id.tiktok.com [200] [GET] [text/html] [] [nginx] [vhost] [Nginx] [aa53fa6b8108274ca4d3a8766ff00c3c]
https://seller-uk.tiktok.com [200] [GET] [text/html] [] [nginx] [vhost] [Nginx] [fb53b1feb83c2aee4ec2fbac20f88131]
https://seller.tiktok.com [200] [GET] [text/html] [TikTok Shop Seller Center | Select Portal] [nginx] [vhost] [Nginx] [460aa946e6703fc5f69ed0b31542a055]
https://shop-id.tiktok.com [404] [GET] [text/html] [404 Not Found] [nginx] [vhost] [Nginx] [8e325dc2fea7c8900fc6c4b8c6c394fe]
https://shop-uk.tiktok.com [404] [GET] [text/html] [404 Not Found] [nginx] [vhost] [Nginx] [70461da8b94c6ca5d2fda3260c5a8c3b]
https://shop-uk.tiktok.com [404] [GET] [text/html] [404 Not Found] [nginx] [vhost] [Nginx] [8e325dc2fea7c8900fc6c4b8c6c394fe]
https://shop.tiktok.com [302] [GET] [text/html] [] [nginx] [vhost] [Nginx] [ba986da9949fb264af5e175f131b1d9a]
https://spotlight.tiktok.com [302] [GET] [text/html] [302 Found] [nginx] [vhost] [Nginx] [cfbeaf604823f038b8b46f0ac862b98c]
https://suggestions.tiktok.com [404] [GET] [text/html] [404 Not Found] [nginx] [vhost] [Nginx] [70461da8b94c6ca5d2fda3260c5a8c3b]
https://support.tiktok.com [302] [GET] [text/html] [] [nginx] [vhost] [Nginx] [bc4507e76193f7e1ff4d46e93057dde8]
https://survey.tiktok.com [200] [GET] [text/html] [] [nginx] [vhost] [Nginx] [2633d07aa90c1dbe1ae194930096a470]
https://survey.tiktok.com [200] [GET] [text/html] [] [nginx] [vhost] [Nginx] [3dca9b4d037eb7a1640b3749cda3ef30]
https://t.tiktok.com [403] [GET] [text/html] [Access Denied] [AkamaiGHost] [vhost] [517c8ce7c0bca897b7283d1620684bbf]
https://t.tiktok.com [403] [GET] [text/html] [Access Denied] [AkamaiGHost] [vhost] [5dd10374555a5f62d476d52ddc358ef9]
https://tiktok.com [301] [GET] [] [] [CloudFront] [vhost] [cloudfront] [Amazon Cloudfront,Amazon Web Services] [d41d8cd98f00b204e9800998ecf8427e]
https://tv.tiktok.com [403] [GET] [text/html] [Access Denied] [AkamaiGHost] [vhost] [39acda0ae23424ca432bcc300bcbea2b]
https://tv.tiktok.com [403] [GET] [text/html] [Access Denied] [AkamaiGHost] [vhost] [48472a94e44b235348ec55d5dc3f441d]
https://url4077.ads-service.tiktok.com [404] [GET] [text/html] [404 Not Found] [nginx] [Nginx] [70461da8b94c6ca5d2fda3260c5a8c3b]
https://url4077.ads-service.tiktok.com [404] [GET] [text/html] [404 Not Found] [nginx] [Nginx] [8e325dc2fea7c8900fc6c4b8c6c394fe]
https://url4153.service.tiktok.com [404] [GET] [text/html] [404 Not Found] [nginx] [Nginx] [8e325dc2fea7c8900fc6c4b8c6c394fe]
https://url7709.account.tiktok.com [404] [GET] [text/html] [404 Not Found] [nginx] [Nginx] [70461da8b94c6ca5d2fda3260c5a8c3b]
https://url7709.account.tiktok.com [404] [GET] [text/html] [404 Not Found] [nginx] [Nginx] [8e325dc2fea7c8900fc6c4b8c6c394fe]
https://us.tiktok.com [403] [GET] [text/html] [Access Denied] [AkamaiGHost] [vhost] [927155fc0387cb28899d4741bb2ef3fa]
https://us.tiktok.com [403] [GET] [text/html] [Access Denied] [AkamaiGHost] [vhost] [ab81df5a69e454e7f0e74215c5e824a0]
https://v16-web-tv.tiktok.com [403] [GET] [text/html] [Access Denied] [AkamaiGHost] [vhost] [da33eacb3f5da60b20ba0f06827aa43c]
https://v16-web-tv.tiktok.com [403] [GET] [text/html] [Access Denied] [AkamaiGHost] [vhost] [ffb67fba4b958698d30f601bef245f05]
https://v16-web.tiktok.com [403] [GET] [text/html] [Access Denied] [AkamaiGHost] [vhost] [4bd2b0141d87e4f1c8ea42c7b41908ed]
https://v16-web.tiktok.com [403] [GET] [text/html] [Access Denied] [AkamaiGHost] [vhost] [fe3f469b9bde7d83187d110165106f20]
https://vm.tiktok.com [302] [GET] [text/html] [] [nginx] [vhost] [Nginx] [e678472dddd67d479d82cb5314e773da]
https://vt.tiktok.com [302] [GET] [text/html] [] [nginx] [vhost] [Nginx] [e678472dddd67d479d82cb5314e773da]
https://webapp-sg.tiktok.com [403] [GET] [text/html] [403 Forbidden] [nginx] [vhost] [Nginx] [4dec45889e09ec3ceb63fd65825d0f11]
https://webapp-sg.tiktok.com [403] [GET] [text/html] [403 Forbidden] [nginx] [vhost] [Nginx] [bc56979a0b381a791dd59713198a87fb]
https://webapp-va.tiktok.com [403] [GET] [text/html] [403 Forbidden] [nginx] [vhost] [Nginx] [4dec45889e09ec3ceb63fd65825d0f11]
https://webapp-va.tiktok.com [403] [GET] [text/html] [403 Forbidden] [nginx] [vhost] [Nginx] [bc56979a0b381a791dd59713198a87fb]
https://webcast-m.tiktok.com [404] [GET] [text/html] [404 Not Found] [nginx] [vhost] [Nginx] [8e325dc2fea7c8900fc6c4b8c6c394fe]
https://webcast-t.tiktok.com [404] [GET] [text/html] [404 Not Found] [nginx] [vhost] [Nginx] [8e325dc2fea7c8900fc6c4b8c6c394fe]
https://webcast.tiktok.com [404] [GET] [text/html] [404 Not Found] [nginx] [vhost] [Nginx] [70461da8b94c6ca5d2fda3260c5a8c3b]
https://webcast.tiktok.com [404] [GET] [text/html] [404 Not Found] [nginx] [vhost] [Nginx] [8e325dc2fea7c8900fc6c4b8c6c394fe]
https://www-useast1a.tiktok.com [301] [GET] [text/html] [] [nginx] [vhost] [Nginx] [dfb424d492f51b0880fd5d009dc2f69f]
https://www.tiktok.com [403] [GET] [text/html] [Access Denied] [AkamaiGHost] [vhost] [d2eb23c419df0f63a38e6f3e8ce7a25f]
https://www.tiktok.com [403] [GET] [text/html] [Access Denied] [AkamaiGHost] [vhost] [e912ef770958ef4e4099978f24c835c4]
