http://www.help.tinder.com:2083 [400] [GET] [text/html] [400 The plain HTTP request was sent to HTTPS port] [cloudflare] [cloudflare] [cd58783500d7fa3c58f88eb0ba22f4f8]
http://www.help.tinder.com:2087 [400] [GET] [text/html] [400 The plain HTTP request was sent to HTTPS port] [cloudflare] [cloudflare] [cd58783500d7fa3c58f88eb0ba22f4f8]
http://www.help.tinder.com:8443 [400] [GET] [text/html] [400 The plain HTTP request was sent to HTTPS port] [cloudflare] [cloudflare] [cd58783500d7fa3c58f88eb0ba22f4f8]
https://2076032.alerts.tinder.com [404] [GET] [text/html] [404 Not Found] [nginx] [Nginx] [8e325dc2fea7c8900fc6c4b8c6c394fe]
https://2076032.alerts.tinder.com.tinder.com [404] [GET] [text/html] [404 Not Found] [nginx] [Nginx] [70461da8b94c6ca5d2fda3260c5a8c3b]
https://2076032.alerts.tinder.com.tinder.com [404] [GET] [text/html] [404 Not Found] [nginx] [Nginx] [8e325dc2fea7c8900fc6c4b8c6c394fe]
https://2076032.newsletter.tinder.com [404] [GET] [text/html] [404 Not Found] [nginx] [Nginx] [70461da8b94c6ca5d2fda3260c5a8c3b]
https://2076032.newsletter.tinder.com [404] [GET] [text/html] [404 Not Found] [nginx] [Nginx] [8e325dc2fea7c8900fc6c4b8c6c394fe]
https://2076032.notifications.tinder.com [404] [GET] [text/html] [404 Not Found] [nginx] [Nginx] [70461da8b94c6ca5d2fda3260c5a8c3b]
https://2076032.notifications.tinder.com [404] [GET] [text/html] [404 Not Found] [nginx] [Nginx] [8e325dc2fea7c8900fc6c4b8c6c394fe]
https://2076032.welcome.tinder.com [404] [GET] [text/html] [404 Not Found] [nginx] [Nginx] [70461da8b94c6ca5d2fda3260c5a8c3b]
https://2076032.welcome.tinder.com [404] [GET] [text/html] [404 Not Found] [nginx] [Nginx] [8e325dc2fea7c8900fc6c4b8c6c394fe]
https://2116317.welcome.tinder.com [404] [GET] [text/html] [404 Not Found] [nginx] [Nginx] [8e325dc2fea7c8900fc6c4b8c6c394fe]
https://2116321.notifications.tinder.com [404] [GET] [text/html] [404 Not Found] [nginx] [Nginx] [8e325dc2fea7c8900fc6c4b8c6c394fe]
https://2116324.newsletter.tinder.com [404] [GET] [text/html] [404 Not Found] [nginx] [Nginx] [8e325dc2fea7c8900fc6c4b8c6c394fe]
https://4123565.mail.tinder.com [404] [GET] [text/html] [404 Not Found] [nginx] [Nginx] [8e325dc2fea7c8900fc6c4b8c6c394fe]
https://4123565.tinder.com [404] [GET] [text/html] [404 Not Found] [nginx] [Nginx] [70461da8b94c6ca5d2fda3260c5a8c3b]
https://abmail.tinder.com [404] [GET] [text/html] [404 Not Found] [nginx] [Nginx] [70461da8b94c6ca5d2fda3260c5a8c3b]
https://abmail.tinder.com [404] [GET] [text/html] [404 Not Found] [nginx] [Nginx] [8e325dc2fea7c8900fc6c4b8c6c394fe]
https://emoji.tinder.com [200] [GET] [text/html] [Tinder | Interracial Couple Emoji Project] [Netlify] [vhost] [Gatsby,Netlify,React,webpack] [bd82bbfe6d1801f122fec237fdb5322b]
https://go.tinder.com [307] [GET] [] [] [openresty] [vhost] [Express,Nginx,Node.js,OpenResty] [d41d8cd98f00b204e9800998ecf8427e]
https://invite.tinder.com [404] [GET] [text/plain] [] [openresty/1.19.9.1] [Nginx,OpenResty] [a9b24901fc28dc8d21a1bba23679731c]
https://link.mail.tinder.com [404] [GET] [text/html] [404 Not Found] [nginx] [vhost] [cloudfront] [Amazon Cloudfront,Amazon Web Services,Nginx] [8e325dc2fea7c8900fc6c4b8c6c394fe]
https://link.tinder.com [404] [GET] [text/html] [404 Not Found] [nginx] [vhost] [cloudfront] [Amazon Cloudfront,Amazon Web Services,Nginx] [70461da8b94c6ca5d2fda3260c5a8c3b]
https://link.tinder.com [404] [GET] [text/html] [404 Not Found] [nginx] [vhost] [cloudfront] [Amazon Cloudfront,Amazon Web Services,Nginx] [8e325dc2fea7c8900fc6c4b8c6c394fe]
https://link.updates.tinder.com [404] [GET] [text/html] [404 Not Found] [nginx] [vhost] [cloudfront] [Amazon Cloudfront,Amazon Web Services,Nginx] [70461da8b94c6ca5d2fda3260c5a8c3b]
https://lite.tinder.com [200] [GET] [text/html] [Tinder | Dating, Make Friends & Meet New People] [nginx/1.20.0] [vhost] [cloudfront] [Amazon ALB,Amazon Cloudfront,Amazon Web Services,Nginx,React] [11f6ffe2a56f6aec40052e1a4689e075]
https://lite.tinder.com [200] [GET] [text/html] [Tinder | Dating, Make Friends & Meet New People] [nginx/1.20.0] [vhost] [cloudfront] [Amazon ALB,Amazon Cloudfront,Amazon Web Services,Nginx,React] [5a3168a9d7f78f00703e4ddae5d20952]
https://open.tinder.com [404] [GET] [text/plain] [] [openresty/1.19.9.1] [Nginx,OpenResty] [a9b24901fc28dc8d21a1bba23679731c]
https://policies.tinder.com [200] [GET] [text/html] [Tinder Policy Pages | Tinder | Match. Chat. Meet. Modern Dating.] [AmazonS3] [vhost] [cloudfront] [Amazon Cloudfront,Amazon S3,Amazon Web Services,Gatsby,React,webpack] [03c1531b4ec56a35001121457d9b6a07]
https://polls.tinder.com [403] [GET] [text/plain] [] [] [vhost] [980021208d52c1907a8256f57f077691]
https://staging.tinder.com [200] [GET] [text/html] [Tinder | Dating, Make Friends & Meet New People] [nginx/1.20.0] [vhost] [cloudfront] [Amazon ALB,Amazon Cloudfront,Amazon Web Services,Nginx,React] [5f810c182ab638848119667328e31b04]
https://staging.tinder.com [200] [GET] [text/html] [Tinder | Dating, Make Friends & Meet New People] [nginx/1.20.0] [vhost] [cloudfront] [Amazon ALB,Amazon Cloudfront,Amazon Web Services,Nginx,React] [69e80398926cbb5a13329592297ce057]
https://swipelife.tinder.com [301] [GET] [] [] [CloudFront] [vhost] [cloudfront] [Amazon Cloudfront,Amazon Web Services] [d41d8cd98f00b204e9800998ecf8427e]
https://swipenight.tinder.com [301] [GET] [text/plain] [] [Netlify] [vhost] [Netlify] [fa940f4af44a6c49dada920a9ced3438]
https://tech.tinder.com [302] [GET] [] [] [CloudFront] [vhost] [cloudfront] [Amazon Cloudfront,Amazon Web Services] [d41d8cd98f00b204e9800998ecf8427e]
https://tinder.com [200] [GET] [text/html] [Tinder | Dating, Make Friends & Meet New People] [nginx/1.20.0] [vhost] [cloudfront] [Amazon ALB,Amazon Cloudfront,Amazon Web Services,Nginx,React] [4fcc879b3aed32bb2ac5c8eaa336c19c]
https://tinder.com [200] [GET] [text/html] [Tinder | Dating, Make Friends & Meet New People] [nginx/1.20.0] [vhost] [cloudfront] [Amazon ALB,Amazon Cloudfront,Amazon Web Services,Nginx,React] [58623b395f128bd156b9ffa3cffd910c]
https://www.help.tinder.com [301] [GET] [text/html] [] [cloudflare] [vhost] [cloudflare] [Cloudflare,Cloudflare Network Error Logging,Zendesk] [37c270291ef28e3a1091e292b5202d6c]
https://www.swipenight.tinder.com [301] [GET] [text/plain] [] [Netlify] [vhost] [Netlify] [fa940f4af44a6c49dada920a9ced3438]
https://www.tinder.com [301] [GET] [text/plain] [] [nginx/1.20.0] [vhost] [cloudfront] [Amazon ALB,Amazon Cloudfront,Amazon Web Services,Nginx] [f2888df6d8d7ba3b6e3a4f163ca84958]
