http://fintech.tochka.com:1443 [400] [GET] [text/html] [400 The plain HTTP request was sent to HTTPS port] [nginx/1.20.1] [Nginx] [926013dc38261ab8b1e36bbedfbd82d5]
http://push.shop.tochka.com [301] [GET] [text/html] [301 Moved Permanently] [nginx/1.20.1] [Nginx] [0f952b73d3f5586637ea9a5a789d48f4]
https://allo-special.tochka.com [200] [GET] [text/html] [Работа над ошибками] [ddos-guard] [vhost] [Tilda] [ddeab83797bb1e1a79b85f648229f749]
https://allo.tochka.com [200] [GET] [text/html] [] [Variti/0.9.3a] [2479a514d5690b3b0c06c678f55a7784]
https://allo.tochka.com [200] [GET] [text/html] [] [Variti/0.9.3a] [99ead56a153fc5b36fc5b0da3724b79e]
https://api-pro-dev.tochka.com [200] [GET] [text/html] [Точка] [nginx] [Google Font API,Nginx] [383ecf51b6f0ae990e1cae3b86d7f193]
https://api-pro-dev.tochka.com:3000 [200] [GET] [application/octet-stream] [] [nginx] [Nginx] [d41d8cd98f00b204e9800998ecf8427e]
https://api.tochka.com [200] [GET] [text/html] [Интернет-банк для предпринимателей от банка Точка] [nginx] [vhost] [Nginx] [c399884bd80a91719d3872a69cc0ab76]
https://arms.tochka.com [404] [GET] [text/plain] [] [nginx] [vhost] [Nginx] [595e88012a6521aae3e12cbebe76eb9e]
https://autodiscover.tochka.com [302] [GET] [] [] [] [vhost] [d41d8cd98f00b204e9800998ecf8427e]
https://bigdemo.tochka.com [200] [GET] [text/html] [Большое Демо Точки : UPDATE SHOW] [ddos-guard] [vhost] [Tilda] [23c930e9e919dc021c94f1e5ce25495a]
https://bitrix.tochka.com [404] [GET] [text/html] [404 Not Found] [nginx] [Nginx] [42ad531d9c9f8d662fc110e4070ed282]
https://bitrix.tochka.com [404] [GET] [text/html] [404 Not Found] [nginx] [Nginx] [77307808faebb1453004a3a6b95330fc]
https://bsm.tochka.com [405] [GET] [] [] [nginx] [Nginx] [d41d8cd98f00b204e9800998ecf8427e]
https://bsm.tochka.com:8443 [404] [GET] [text/html] [404 Not Found] [nginx] [Nginx] [8e325dc2fea7c8900fc6c4b8c6c394fe]
https://bz.tochka.com [302] [GET] [text/html] [] [nginx] [vhost] [Django,Django CMS,Nginx,PostgreSQL,Python] [d41d8cd98f00b204e9800998ecf8427e]
https://card-payment.tochka.com [403] [GET] [text/html] [] [nginx] [vhost] [Nginx] [d41d8cd98f00b204e9800998ecf8427e]
https://card.tochka.com [302] [GET] [text/html] [Document moved] [nginx] [vhost] [Java,Nginx] [26fa37e11e3cdf4f167e3b2ff5d49998]
https://card.tochka.com:3000 [200] [GET] [application/octet-stream] [] [nginx] [Nginx] [d41d8cd98f00b204e9800998ecf8427e]
https://chat-ext.tochka.com [403] [GET] [text/html] [403 Forbidden] [nginx] [Nginx] [4b074b0b59693fa9f94fb71b175fb187]
https://chat-ext.tochka.com [403] [GET] [text/html] [403 Forbidden] [nginx] [Nginx] [9fe3cb2b7313dc79bb477bc8fde184a7]
https://chronos.tochka.com [200] [GET] [text/html] [Chronos - календарь] [nginx] [vhost] [Nginx] [a4f9970a5f5acc4f116da0b9b02bf3c6]
https://chronos.tochka.com:3000 [200] [GET] [application/octet-stream] [] [nginx] [Nginx] [d41d8cd98f00b204e9800998ecf8427e]
https://cloud.tochka.com [302] [GET] [text/html] [] [nginx] [vhost] [Nginx] [d41d8cd98f00b204e9800998ecf8427e]
https://crm-dws.tochka.com [503] [GET] [text/html] [] [] [ff4ed829ffd04e9c6095842b07d11f09]
https://crm-ws.tochka.com [403] [GET] [text/html] [403 Forbidden] [nginx] [Nginx] [4b074b0b59693fa9f94fb71b175fb187]
https://crm-ws.tochka.com [403] [GET] [text/html] [403 Forbidden] [nginx] [Nginx] [9fe3cb2b7313dc79bb477bc8fde184a7]
https://crm.tochka.com [302] [GET] [text/html] [Object moved] [Microsoft-IIS/10.0] [vhost] [IIS,Microsoft ASP.NET,Windows Server] [4c98d779ab3fb57361c4f3d61632c199]
https://crm.tochka.com [302] [GET] [text/html] [Object moved] [Microsoft-IIS/10.0] [vhost] [IIS,Microsoft ASP.NET,Windows Server] [ead46eb133ae40746c634e104156b822]
https://cs-seahorse-stage.tochka.com [404] [GET] [text/html] [404 Not Found] [nginx] [Nginx] [7dfb9a4219d20c6babc4877451844e3c]
https://cs-seahorse-stage.tochka.com:2000 [404] [GET] [text/html] [404 Not Found] [nginx] [Nginx] [7dfb9a4219d20c6babc4877451844e3c]
https://digital-hr.tochka.com [200] [GET] [text/html] [Неработа] [nginx] [Nginx] [653099e689011568d86ac2983bbea7af]
https://do.tochka.com [200] [GET] [text/html] [Скажи это делом!] [ddos-guard] [vhost] [Google Font API,Tilda] [a125ef1759ea470e7013811618df87ee]
https://echo.tochka.com [200] [GET] [text/html] [Общий / Точка] [nginx/1.17.9] [vhost] [Bootstrap,Django,Django CMS,Google Font API,Nginx,PostgreSQL,Python] [8e3078bd55a399114ffae778bc1fd070]
https://echo.tochka.com [200] [GET] [text/html] [Общий / Точка] [nginx/1.17.9] [vhost] [Bootstrap,Django,Django CMS,Google Font API,Nginx,PostgreSQL,Python] [f0c4da53177c14f9f4372ea8d630b53e]
https://edik-pre.tochka.com [403] [GET] [text/html] [403 Forbidden] [nginx] [Nginx] [4b074b0b59693fa9f94fb71b175fb187]
https://edik-pre.tochka.com [403] [GET] [text/html] [403 Forbidden] [nginx] [Nginx] [9fe3cb2b7313dc79bb477bc8fde184a7]
https://edik-stage.tochka.com [200] [GET] [text/html] [Caddy] [nginx] [vhost] [Nginx] [b6a2b0e9ba9849f8bb9f3f4f6335eed2]
https://edik-stage.tochka.com:2000 [200] [GET] [text/html] [Caddy] [nginx] [vhost] [Nginx] [b6a2b0e9ba9849f8bb9f3f4f6335eed2]
https://enter.tochka.com [404] [GET] [application/json] [] [nginx] [Nginx] [2c7ef3e2a869dd3196f197e7c6b27070]
https://enter.tochka.com:2000 [400] [GET] [text/html] [400 No required SSL certificate was sent] [nginx] [Nginx] [6be05d19e4ca80eb3ef0a7f16f937f13]
https://ex13.tochka.com [302] [GET] [] [] [] [vhost] [d41d8cd98f00b204e9800998ecf8427e]
https://ext-test-stage.tochka.com [404] [GET] [text/html] [404 Not Found] [nginx] [Nginx] [7dfb9a4219d20c6babc4877451844e3c]
https://ext-test-stage.tochka.com:2000 [404] [GET] [text/html] [404 Not Found] [nginx] [Nginx] [7dfb9a4219d20c6babc4877451844e3c]
https://ext-test.tochka.com [403] [GET] [text/html] [403 Forbidden] [nginx] [vhost] [Nginx] [4b074b0b59693fa9f94fb71b175fb187]
https://ext-test.tochka.com:2000 [404] [GET] [] [] [nginx] [vhost] [Nginx] [d41d8cd98f00b204e9800998ecf8427e]
https://extranet.tochka.com [504] [GET] [text/html] [504 Gateway Time-out] [nginx] [Nginx] [8f52075fa8fc84dd48c2c7ec2f2598d7]
https://fintech.tochka.com [403] [GET] [text/html] [403 Forbidden] [nginx/1.20.1] [Nginx] [017e85b72abae1ff2ba80f3f0a08b4e8]
https://greetings.tochka.com [200] [GET] [text/html] [ACS Сервис регистрации 3-D Secure] [nginx] [Java,Nginx] [2493a49e8a24c4325123ff3b5986fa45]
https://happy.tochka.com [200] [GET] [text/html] [Шаблон Обратная связь. Оценка.] [ddos-guard] [vhost] [Tilda] [cc1181dab0c1218299fba27762b19ce4]
https://home.tochka.com [504] [GET] [text/html] [504 Gateway Time-out] [nginx] [Nginx] [8f52075fa8fc84dd48c2c7ec2f2598d7]
https://iam.tochka.com [200] [GET] [text/html] [TW Payment Gateway] [nginx] [Java,Nginx] [f27aa651fd562962beae5c0a547ebbc7]
https://in4sec.tochka.com [403] [GET] [text/html] [403 Forbidden] [nginx] [Nginx] [4b074b0b59693fa9f94fb71b175fb187]
https://in4sec.tochka.com [403] [GET] [text/html] [403 Forbidden] [nginx] [Nginx] [9fe3cb2b7313dc79bb477bc8fde184a7]
https://jira.tochka.com [302] [GET] [text/html] [] [nginx] [Nginx] [d41d8cd98f00b204e9800998ecf8427e]
https://job.tochka.com [200] [GET] [text/html] [Приходи в команду решительных и смелых] [ddos-guard] [vhost] [Google Tag Manager,Tilda] [530c21267b36614226a13f8a57af39b2]
https://lampa.tochka.com [301] [GET] [] [] [] [vhost] [d41d8cd98f00b204e9800998ecf8427e]
https://meeting.tochka.com [200] [GET] [text/html] [Назначение встречи] [nginx] [vhost] [Nginx] [31e54f3c208b4cc25765b3cca2a3feb1]
https://meeting.tochka.com:3000 [200] [GET] [application/octet-stream] [] [nginx] [Nginx] [d41d8cd98f00b204e9800998ecf8427e]
https://my.tochka.com [200] [GET] [text/html] [Выполняется вход в систему Интернет-банк] [nginx] [vhost] [Nginx] [8aada9ea9991e44f421e1cc9b42869bc]
https://network.tochka.com [200] [GET] [text/html] [Точка Нетворк] [nginx] [vhost] [Google Tag Manager,Nginx] [2bc0d6d45e13772bb3a98940362b711d]
https://network.tochka.com:3000 [200] [GET] [application/octet-stream] [] [nginx] [Nginx] [d41d8cd98f00b204e9800998ecf8427e]
https://onlyoffice.tochka.com [403] [GET] [text/html] [403 Forbidden] [nginx] [vhost] [Nginx] [9fe3cb2b7313dc79bb477bc8fde184a7]
https://open.tochka.com [403] [GET] [text/html] [Система для открытия расчетных счетов] [nginx] [vhost] [Drupal,Nginx,PHP] [5c893e7453391d9ae801de4afdf5123f]
https://open.tochka.com [403] [GET] [text/html] [Система для открытия расчетных счетов] [nginx] [vhost] [Drupal,Nginx,PHP] [eddacd2a79ffae6baeadba3e09a0d482]
https://open.tochka.com:3000 [403] [GET] [text/html] [403 Forbidden] [nginx] [vhost] [Nginx] [4b074b0b59693fa9f94fb71b175fb187]
https://p2p.tochka.com [302] [GET] [text/html] [Redirecting to https://tochka.com] [nginx] [vhost] [Nginx] [e9cea312f7b6f7854d2a58b10cb9a08d]
https://partner.tochka.com [200] [GET] [text/html] [Счёт для ИП и ООО от 0 рублей в месяц] [ddos-guard] [vhost] [Google Tag Manager,Tilda] [4b0eb0030f6799b01f321645cfffd401]
https://possbp.tochka.com [404] [GET] [application/json] [] [nginx] [Nginx] [2c7ef3e2a869dd3196f197e7c6b27070]
https://possbp.tochka.com:2000 [400] [GET] [text/html] [400 No required SSL certificate was sent] [nginx] [Nginx] [08fee48a957bb5fb09679a318ee48bbc]
https://punk-bank.tochka.com [200] [GET] [text/html] [Станьте социальным капиталистом!] [nginx] [vhost] [Nginx,Tilda] [2a133a3b7e2e68c48ea748989e393ee1]
https://push.tochka.com [200] [GET] [] [] [openresty] [Envoy,Nginx,OpenResty] [9a843f20677a52ca79af903123147af0]
https://pwd.tochka.com [302] [GET] [text/html] [302 Found] [nginx] [vhost] [Nginx] [aff950cab4c0265e21d401db15f1026d]
https://qiwi-payout-gateway.tochka.com [404] [GET] [application/json] [] [nginx] [vhost] [Nginx] [1bbd3b441de7b107b7a86d6376f1ff9a]
https://qiwi-payout-gateway.tochka.com [404] [GET] [application/json] [] [nginx] [vhost] [Nginx] [2f064cd85d0ef830c8fa321b5b40be2a]
https://reklama.tochka.com [200] [GET] [text/html] [Продвигайте бизнес в интернете с помощью Точка Реклама] [nginx] [vhost] [Google Tag Manager,Nginx,Tilda] [3282da0ef32d81e9ae4bd541e3a99d02]
https://rel.tochka.com [200] [GET] [text/html] [Home] [ddos-guard] [vhost] [Google Tag Manager,Tilda] [004adbc315a387505fbcd3f55a23b165]
https://rk.tochka.com [200] [GET] [text/html] [] [nginx/1.18.0 (Ubuntu)] [Nginx,Ubuntu] [a6f291f9590a4d8706b1fc6006686690]
https://rko.tochka.com [200] [GET] [text/html] [Откроем счёт для ИП и ООО онлайн] [ddos-guard] [vhost] [Google Tag Manager,Tilda] [d419bcbb3811e9d3329db68ae72428f1]
https://salute.tochka.com [500] [GET] [text/html] [Error] [nginx] [vhost] [Nginx] [bc3e3c6783ba409ab816873c5bceec01]
https://service.tochka.com [200] [GET] [text/html] [Счёт для ИП и ООО от 0 рублей в месяц] [ddos-guard] [vhost] [Google Tag Manager,Tilda] [4616dac5fde427969bef1e07f0acf006]
https://shop.tochka.com [302] [GET] [text/html] [] [nginx] [Nginx,OpenCart,PHP] [d41d8cd98f00b204e9800998ecf8427e]
https://sirena.tochka.com [404] [GET] [text/plain] [] [nginx] [vhost] [Nginx] [3be7b8b182ccd96e48989b4e57311193]
https://sirena.tochka.com:3000 [200] [GET] [application/octet-stream] [] [nginx] [Nginx] [d41d8cd98f00b204e9800998ecf8427e]
https://sks.tochka.com [404] [GET] [text/html] [404 Not Found] [nginx] [Nginx] [7dfb9a4219d20c6babc4877451844e3c]
https://sm.tochka.com [405] [GET] [] [] [nginx] [Nginx] [d41d8cd98f00b204e9800998ecf8427e]
https://sm.tochka.com:8443 [404] [GET] [text/html] [404 Not Found] [nginx] [Nginx] [8e325dc2fea7c8900fc6c4b8c6c394fe]
https://sm1.tochka.com [405] [GET] [] [] [nginx] [Nginx] [d41d8cd98f00b204e9800998ecf8427e]
https://sm1.tochka.com:8443 [404] [GET] [text/html] [404 Not Found] [nginx] [Nginx] [8e325dc2fea7c8900fc6c4b8c6c394fe]
https://sm2.tochka.com [405] [GET] [] [] [nginx] [Nginx] [d41d8cd98f00b204e9800998ecf8427e]
https://sm2.tochka.com:8443 [404] [GET] [text/html] [404 Not Found] [nginx] [Nginx] [8e325dc2fea7c8900fc6c4b8c6c394fe]
https://sso.tochka.com [404] [GET] [text/html] [Not Found] [Microsoft-HTTPAPI/2.0] [vhost] [Microsoft HTTPAPI] [67932d4b695e1d6b19dfc2e3610761ff]
https://staff.tochka.com [302] [GET] [text/html] [Redirecting to https://z.tochka.com/login/?to=https%3A%2F%2Fstaff.tochka.com] [nginx] [vhost] [Nginx,PHP] [b50dc88a82687015652d8af0f0c212c1]
https://staff.tochka.com:3000 [200] [GET] [application/octet-stream] [] [nginx] [Nginx] [d41d8cd98f00b204e9800998ecf8427e]
https://stage-digital-hr.tochka.com [200] [GET] [text/html] [Неработа] [nginx] [vhost] [Nginx] [007d437306b62ed6e7d4d7f5e0f346b5]
https://stage-p2p.tochka.com [403] [GET] [text/html] [403 Forbidden] [nginx] [vhost] [Nginx] [4b074b0b59693fa9f94fb71b175fb187]
https://stage-p2p.tochka.com [403] [GET] [text/html] [403 Forbidden] [nginx] [vhost] [Nginx] [9fe3cb2b7313dc79bb477bc8fde184a7]
https://stage-p2p.tochka.com:2000 [302] [GET] [text/html] [Redirecting to https://tochka.com] [nginx] [vhost] [Nginx] [e9cea312f7b6f7854d2a58b10cb9a08d]
https://stage-qiwi-payout-gateway.tochka.com [404] [GET] [application/json] [] [nginx] [vhost] [Nginx] [2568bd2c12fc93beeb788198fc01bc1e]
https://stage-qiwi-payout-gateway.tochka.com [404] [GET] [application/json] [] [nginx] [vhost] [Nginx] [797b9a0102a961a1bc6b4b1641293252]
https://stage-qiwi-payout-gateway.tochka.com:2000 [404] [GET] [application/json] [] [nginx] [vhost] [Nginx] [7b717611799e03ce1c2a6a009170a485]
https://stage-uapi.tochka.com [403] [GET] [text/html] [403 Forbidden] [nginx] [vhost] [Nginx] [4b074b0b59693fa9f94fb71b175fb187]
https://stage-uapi.tochka.com:2000 [404] [GET] [application/json] [] [nginx] [vhost] [Nginx] [2c7ef3e2a869dd3196f197e7c6b27070]
https://t2api.tochka.com [200] [GET] [text/html] [Точка] [nginx] [Google Font API,Nginx] [383ecf51b6f0ae990e1cae3b86d7f193]
https://t2api.tochka.com:3000 [200] [GET] [application/octet-stream] [] [nginx] [Nginx] [d41d8cd98f00b204e9800998ecf8427e]
https://tn.tochka.com [200] [GET] [text/html] [Сервисы Точки] [nginx] [vhost] [Nginx] [9a772383321e915639fc0d36cce51cc6]
https://tochka.com [200] [GET] [text/html] [] [Variti/0.9.3a] [1665db4435a023e80751916168e739ce]
https://tochka.com [200] [GET] [text/html] [] [Variti/0.9.3a] [1f04047bf15703b890d7a4db2419087c]
https://virtual-card.tochka.com [404] [GET] [application/json] [] [nginx] [vhost] [Nginx] [b43ecf6a7b1c9e6a15ec322ff9c7c8f1]
https://virtual-card.tochka.com [404] [GET] [application/json] [] [nginx] [vhost] [Nginx] [da7ed5947b9fe0289337cdf0747c7afd]
https://vpn-mobile.tochka.com [302] [GET] [text/html] [] [CPWS] [cd871148eb5c6b36144e84cb43306a2f]
https://vpn-new.tochka.com [302] [GET] [text/html] [] [CPWS] [ce948f4f38ce50ebaeb087be85e0c40b]
https://vpn-test.tochka.com [302] [GET] [text/html] [] [CPWS] [cd871148eb5c6b36144e84cb43306a2f]
https://vpn.tochka.com [301] [GET] [text/html] [] [CPWS] [cd871148eb5c6b36144e84cb43306a2f]
https://web-view-mobile-front.tochka.com [500] [GET] [text/html] [500 Internal Server Error] [nginx] [Nginx] [d43ff1cca0f48e07ce8e41f6a639bf0a]
https://web-view-mobile-front.tochka.com [500] [GET] [text/html] [500 Internal Server Error] [nginx] [Nginx] [ef5716489455d9a12fa729e6b74d0533]
https://welcome.tochka.com [200] [GET] [text/html] [ACS Сервис регистрации 3-D Secure] [nginx] [Java,Nginx] [2493a49e8a24c4325123ff3b5986fa45]
https://work.tochka.com [404] [GET] [text/plain] [] [nginx] [vhost] [Nginx] [595e88012a6521aae3e12cbebe76eb9e]
https://www.allo-special.tochka.com [301] [GET] [text/html] [301 Moved Permanently] [ddos-guard] [vhost] [cce70f8653231e729757f267716d83d7]
https://www.allo.tochka.com [200] [GET] [text/html] [] [Variti/0.9.3a] [0f81c11f71c15328b049f9703fdd64ab]
https://www.allo.tochka.com [200] [GET] [text/html] [] [Variti/0.9.3a] [dacc24178eee2be9c247bfb54dd2873c]
https://www.bigdemo.tochka.com [200] [GET] [text/html] [Большое Демо Точки : UPDATE SHOW] [ddos-guard] [vhost] [Tilda] [23c930e9e919dc021c94f1e5ce25495a]
https://www.do.tochka.com [200] [GET] [text/html] [Скажи это делом!] [ddos-guard] [vhost] [Google Font API,Tilda] [a125ef1759ea470e7013811618df87ee]
https://www.happy.tochka.com [200] [GET] [text/html] [Шаблон Обратная связь. Оценка.] [ddos-guard] [vhost] [Tilda] [cc1181dab0c1218299fba27762b19ce4]
https://www.job.tochka.com [200] [GET] [text/html] [Приходи в команду решительных и смелых] [ddos-guard] [vhost] [Google Tag Manager,Tilda] [530c21267b36614226a13f8a57af39b2]
https://www.lampa.tochka.com [200] [GET] [text/html] [Лампа] [] [vhost] [React,Wix] [a04e2c8f7712784ce34270bbf175977a]
https://www.lampa.tochka.com [403] [GET] [text/html] [] [] [vhost] [AngularJS] [2c1c09e9ecd51bc35767bf914e9963e3]
https://www.partner.tochka.com [200] [GET] [text/html] [Счёт для ИП и ООО от 0 рублей в месяц] [ddos-guard] [vhost] [Google Tag Manager,Tilda] [4b0eb0030f6799b01f321645cfffd401]
https://www.rel.tochka.com [200] [GET] [text/html] [Home] [ddos-guard] [vhost] [Google Tag Manager,Tilda] [004adbc315a387505fbcd3f55a23b165]
https://www.rko.tochka.com [200] [GET] [text/html] [Откроем счёт для ИП и ООО онлайн] [ddos-guard] [vhost] [Google Tag Manager,Tilda] [d419bcbb3811e9d3329db68ae72428f1]
https://www.service.tochka.com [200] [GET] [text/html] [Счёт для ИП и ООО от 0 рублей в месяц] [ddos-guard] [vhost] [Google Tag Manager,Tilda] [4616dac5fde427969bef1e07f0acf006]
https://www.tochka.com [200] [GET] [text/html] [] [Variti/0.9.3a] [051e88441836a4fc719fb74409d82aa7]
https://www.tochka.com [200] [GET] [text/html] [] [Variti/0.9.3a] [faf06b99998b641af0d931c136eecda3]
https://z.tochka.com [200] [GET] [text/html] [Интернет-банк для предпринимателей от банка Точка] [nginx] [vhost] [Nginx] [c399884bd80a91719d3872a69cc0ab76]
