http://blog.trello.com:8080 [301] [GET] [] [] [cloudflare] [vhost] [Cloudflare Network Error Logging] [d41d8cd98f00b204e9800998ecf8427e]
http://br.blog.trello.com:8080 [301] [GET] [] [] [cloudflare] [vhost] [Cloudflare Network Error Logging] [d41d8cd98f00b204e9800998ecf8427e]
http://info.trello.com:8080 [301] [GET] [] [] [cloudflare] [vhost] [Cloudflare Network Error Logging] [d41d8cd98f00b204e9800998ecf8427e]
http://mclick.trello.com [409] [GET] [text/plain] [] [cloudflare] [cloudflare] [f6bbbdc9b05a5af96b6b7e618ee357cc]
https://admin.trello.com [404] [GET] [text/html] [Moving Mountains] [globaledge-envoy] [aee1f66dd320d65503fd3ac69ccf2086]
https://api-gateway.trello.com [404] [GET] [] [] [globaledge-envoy] [vhost] [d41d8cd98f00b204e9800998ecf8427e]
https://api.trello.com [301] [GET] [] [] [globaledge-envoy] [vhost] [Envoy] [d41d8cd98f00b204e9800998ecf8427e]
https://blog.trello.com [200] [GET] [text/html] [Trello Blog | Helping teams work better, together.] [cloudflare] [vhost] [Cloudflare,Cloudflare Network Error Logging,Google Tag Manager,HubSpot,HubSpot CMS Hub] [7109fba38d639b9431aa2d3d1148dd48]
https://blog.trello.com [200] [GET] [text/html] [Trello Blog | Helping teams work better, together.] [cloudflare] [vhost] [Cloudflare,Cloudflare Network Error Logging,Google Tag Manager,HubSpot,HubSpot CMS Hub] [899504e32fcd2f1186b561b4827205a1]
https://blog.trello.com:8443 [200] [GET] [text/html] [Trello Blog | Helping teams work better, together.] [cloudflare] [vhost] [Cloudflare Network Error Logging,Google Tag Manager,HubSpot,HubSpot CMS Hub] [9c0672b31c3fa54a965a372de7594683]
https://br.blog.trello.com [301] [GET] [] [] [cloudflare] [vhost] [Cloudflare,Cloudflare Network Error Logging] [d41d8cd98f00b204e9800998ecf8427e]
https://br.blog.trello.com:8443 [521] [GET] [] [] [cloudflare] [vhost] [Cloudflare,Cloudflare Network Error Logging] [d41d8cd98f00b204e9800998ecf8427e]
https://c.trello.com [403] [GET] [application/xml] [] [AmazonS3] [vhost] [cloudfront] [Amazon Cloudfront,Amazon S3,Amazon Web Services] [35c107dac85f2d6cd5cd4925ebcbea83]
https://c.trello.com [403] [GET] [application/xml] [] [AmazonS3] [vhost] [cloudfront] [Amazon Cloudfront,Amazon S3,Amazon Web Services] [9f02a91e84ccafdaadd138567eac7401]
https://design.trello.com [301] [GET] [] [] [AmazonS3] [vhost] [cloudfront] [Amazon Cloudfront,Amazon S3,Amazon Web Services] [d41d8cd98f00b204e9800998ecf8427e]
https://developers.trello.com [200] [GET] [text/html] [Redirecter] [AmazonS3] [vhost] [cloudfront] [Amazon Cloudfront,Amazon S3,Amazon Web Services] [c096e8867e17cd22f1e2f1c7067a89be]
https://dnstest.trello.com [302] [GET] [text/html] [302 Moved] [HTTP server (unknown)] [4603cd027760d24928f83c9f6530313c]
https://go.trello.com [503] [GET] [text/html] [Moving Mountains] [globaledge-envoy] [vhost] [aa334045c09c0d6f0576a362a6cf8fa7]
https://help.trello.com [200] [GET] [text/html] [Trello Help] [openresty] [vhost] [Nginx,OpenResty,Play,Scala] [d50075b84ae12bc373e87851508238d1]
https://info.trello.com [301] [GET] [] [] [cloudflare] [vhost] [Cloudflare,Cloudflare Network Error Logging] [d41d8cd98f00b204e9800998ecf8427e]
https://info.trello.com:8443 [521] [GET] [text/html] [521 Origin Down] [cloudflare] [vhost] [Cloudflare Network Error Logging] [78f6172748bd555a4e93b975fce4cded]
https://mgo.trello.com [200] [GET] [text/html] [] [cloudflare] [vhost] [cloudflare] [Cloudflare,Cloudflare Bot Management] [8bc4374c7fe9ae7a1abb6518f3bf9af1]
https://r53.trello.com [302] [GET] [text/html] [302 Moved] [HTTP server (unknown)] [4603cd027760d24928f83c9f6530313c]
https://sptrack.trello.com [404] [GET] [text/plain] [404 Not Found] [msys-http] [vhost] [cloudfront] [Amazon Cloudfront,Amazon Web Services] [1525bf648f8863382b299a8ffe15b544]
https://status.trello.com [301] [GET] [] [] [AmazonS3] [vhost] [cloudfront] [Amazon Cloudfront,Amazon S3,Amazon Web Services] [d41d8cd98f00b204e9800998ecf8427e]
https://support.trello.com [301] [GET] [] [] [AmazonS3] [vhost] [cloudfront] [Amazon Cloudfront,Amazon S3,Amazon Web Services] [d41d8cd98f00b204e9800998ecf8427e]
https://tech.trello.com [200] [GET] [text/html] [Tech at Trello] [AmazonS3] [vhost] [cloudfront] [Amazon Cloudfront,Amazon S3,Amazon Web Services] [2a03319eb9beaf825e7baf48c2d12c72]
https://trello.com [200] [GET] [text/html] [Trello] [globaledge-envoy] [vhost] [Envoy,Google Font API] [2309b790813aabe03ba303559092a568]
https://www.trello.com [301] [GET] [] [] [globaledge-envoy] [vhost] [Envoy] [d41d8cd98f00b204e9800998ecf8427e]
