https://box.staging.trello.services [200] [GET] [text/html] [] [envoy] [vhost] [cloudfront] [Amazon Cloudfront,Amazon Web Services,Envoy] [d7da56f8691083beed2907bae7c79299]
https://box.trello.services [200] [GET] [text/html] [] [envoy] [vhost] [cloudfront] [Amazon Cloudfront,Amazon Web Services,Envoy] [941cc2944ad1a1fd7aaccb7f26989247]
https://calendar.staging.trello.services [200] [GET] [text/plain] [] [envoy] [vhost] [cloudfront] [Amazon Cloudfront,Amazon Web Services,Envoy] [e0aa021e21dddbd6d8cecec71e9cf564]
https://calendar.trello.services [200] [GET] [text/plain] [] [envoy] [vhost] [cloudfront] [Amazon Cloudfront,Amazon Web Services,Envoy] [e0aa021e21dddbd6d8cecec71e9cf564]
https://card-aging.staging.trello.services [200] [GET] [text/plain] [] [envoy] [vhost] [cloudfront] [Amazon Cloudfront,Amazon Web Services,Envoy] [e0aa021e21dddbd6d8cecec71e9cf564]
https://card-aging.trello.services [200] [GET] [text/plain] [] [envoy] [vhost] [cloudfront] [Amazon Cloudfront,Amazon Web Services,Envoy] [e0aa021e21dddbd6d8cecec71e9cf564]
https://card-fields.staging.trello.services [200] [GET] [text/html] [] [envoy] [vhost] [cloudfront] [Amazon Cloudfront,Amazon Web Services,Envoy] [4718e3b4d09d5d4093c0a409c8905666]
https://card-fields.trello.services [200] [GET] [text/html] [] [envoy] [vhost] [cloudfront] [Amazon Cloudfront,Amazon Web Services,Envoy] [2f56b008297f0f3e468543ca8f21bf51]
https://card-snooze.staging.trello.services [200] [GET] [text/html] [] [envoy] [vhost] [cloudfront] [Amazon Cloudfront,Amazon Web Services,Envoy] [1d82b2b48438d18d316018810e3e0705]
https://card-snooze.trello.services [200] [GET] [text/html] [] [envoy] [vhost] [cloudfront] [Amazon Cloudfront,Amazon Web Services,Envoy] [cdc791b9340a1cdc1c1e8da824a2df50]
https://confluence.staging.trello.services [200] [GET] [text/html] [Confluence Power-Up] [envoy] [vhost] [cloudfront] [Amazon Cloudfront,Amazon Web Services,Envoy] [9cade41753ab60785ab03725f9e465f0]
https://confluence.trello.services [200] [GET] [text/html] [Confluence Power-Up] [envoy] [vhost] [cloudfront] [Amazon Cloudfront,Amazon Web Services,Envoy] [52bb7f17607ab9c2ab22dfc13fe8c5ae]
https://evernote.staging.trello.services [200] [GET] [text/html] [] [envoy] [vhost] [cloudfront] [Amazon Cloudfront,Amazon Web Services,Envoy] [06250a3a4d785a8e9b387d57dd90e581]
https://evernote.trello.services [200] [GET] [text/html] [] [envoy] [vhost] [cloudfront] [Amazon Cloudfront,Amazon Web Services,Envoy] [d6c9ae6630d38b65454afee1fafefe40]
https://giphy.staging.trello.services [200] [GET] [text/html] [] [envoy] [vhost] [cloudfront] [Amazon Cloudfront,Amazon Web Services,Envoy] [d6c67144b05ccc3d02e772c7f1c53382]
https://giphy.trello.services [200] [GET] [text/html] [] [envoy] [vhost] [cloudfront] [Amazon Cloudfront,Amazon Web Services,Envoy] [2e7401fc63cdddb4a88ad859ad93ea35]
https://github.staging.trello.services [200] [GET] [text/html] [GitHub Power-Up] [envoy] [vhost] [cloudfront] [Amazon Cloudfront,Amazon Web Services,Envoy] [9d9b3fa75ae52ae1e500730ba7b6ab79]
https://github.trello.services [200] [GET] [text/html] [GitHub Power-Up] [envoy] [vhost] [cloudfront] [Amazon Cloudfront,Amazon Web Services,Envoy] [69370082f456b8888d22e68fdeb7c169]
https://google-drive.staging.trello.services [200] [GET] [text/html] [Google Drive Power-Up] [envoy] [vhost] [cloudfront] [Amazon Cloudfront,Amazon Web Services,Envoy] [21d22c8b422b9a3e33b6bb631e1dfdb6]
https://google-drive.trello.services [200] [GET] [text/html] [Google Drive Power-Up] [envoy] [vhost] [cloudfront] [Amazon Cloudfront,Amazon Web Services,Envoy] [f722fc844263afad5b7f06278f261905]
https://google-hangouts.staging.trello.services [200] [GET] [text/html] [] [envoy] [vhost] [cloudfront] [Amazon Cloudfront,Amazon Web Services,Envoy] [0d618ded38c4c7cf4891b0b86dbf9519]
https://google-hangouts.trello.services [200] [GET] [text/html] [] [envoy] [vhost] [cloudfront] [Amazon Cloudfront,Amazon Web Services,Envoy] [23915f74d844a4af2422441187cac79e]
https://integrations.staging.trello.services [200] [GET] [text/html] [] [envoy] [vhost] [cloudfront] [Amazon Cloudfront,Amazon Web Services,Envoy] [76dd309cc60d222322d65740ee66f346]
https://integrations.trello.services [200] [GET] [text/html] [] [envoy] [vhost] [cloudfront] [Amazon Cloudfront,Amazon Web Services,Envoy] [c8befac3b5d6c937f7ef4ac84139e9f7]
https://list-limits.staging.trello.services [200] [GET] [text/html] [] [envoy] [vhost] [cloudfront] [Amazon Cloudfront,Amazon Web Services,Envoy] [d323e4b3942337298dbbb6c0cdbc29e3]
https://list-limits.trello.services [200] [GET] [text/html] [] [envoy] [vhost] [cloudfront] [Amazon Cloudfront,Amazon Web Services,Envoy] [68f67c5e946a85295accd0d5755d0520]
https://mailchimp.staging.trello.services [200] [GET] [text/html] [] [envoy] [vhost] [cloudfront] [Amazon Cloudfront,Amazon Web Services,Envoy] [c64b5978dec412f0ed21aa6feaa087f0]
https://mailchimp.trello.services [200] [GET] [text/html] [] [envoy] [vhost] [cloudfront] [Amazon Cloudfront,Amazon Web Services,Envoy] [f50c0a50de280baacb0e68b714226beb]
https://map.staging.trello.services [200] [GET] [text/plain] [] [envoy] [vhost] [cloudfront] [Amazon Cloudfront,Amazon Web Services,Envoy] [e0aa021e21dddbd6d8cecec71e9cf564]
https://onedrive.staging.trello.services [200] [GET] [text/html] [] [envoy] [vhost] [cloudfront] [Amazon Cloudfront,Amazon Web Services,Envoy] [5db03989e0f3dce2602f3a91c501a1df]
https://onedrive.trello.services [200] [GET] [text/html] [] [envoy] [vhost] [cloudfront] [Amazon Cloudfront,Amazon Web Services,Envoy] [19bc054672e48781f4c672c378333850]
https://origin.staging.trello.services [200] [GET] [text/plain] [] [envoy] [Envoy] [e0aa021e21dddbd6d8cecec71e9cf564]
https://origin.trello.services [200] [GET] [text/plain] [] [envoy] [Envoy] [e0aa021e21dddbd6d8cecec71e9cf564]
https://package-tracker.staging.trello.services [200] [GET] [text/html] [] [envoy] [vhost] [cloudfront] [Amazon Cloudfront,Amazon Web Services,Envoy] [d08854d384cf8112a068bf66e9986797]
https://package-tracker.trello.services [200] [GET] [text/html] [] [envoy] [vhost] [cloudfront] [Amazon Cloudfront,Amazon Web Services,Envoy] [f03ad5064ca289744b7b4bf58d99c674]
https://plugin.staging.trello.services [200] [GET] [text/plain] [] [envoy] [vhost] [cloudfront] [Amazon Cloudfront,Amazon Web Services,Envoy] [e0aa021e21dddbd6d8cecec71e9cf564]
https://plugin.trello.services [200] [GET] [text/plain] [] [envoy] [vhost] [cloudfront] [Amazon Cloudfront,Amazon Web Services,Envoy] [e0aa021e21dddbd6d8cecec71e9cf564]
https://plugins.staging.trello.services [200] [GET] [text/plain] [] [envoy] [vhost] [cloudfront] [Amazon Cloudfront,Amazon Web Services,Envoy] [e0aa021e21dddbd6d8cecec71e9cf564]
https://plugins.trello.services [200] [GET] [text/plain] [] [envoy] [vhost] [cloudfront] [Amazon Cloudfront,Amazon Web Services,Envoy] [e0aa021e21dddbd6d8cecec71e9cf564]
https://readme.staging.trello.services [200] [GET] [text/html] [Trello ReadMe Power-Up] [envoy] [vhost] [cloudfront] [Amazon Cloudfront,Amazon Web Services,Envoy] [badaed5bd09a5df5b64ad4bd2a764804]
https://readme.trello.services [200] [GET] [text/html] [Trello ReadMe Power-Up] [envoy] [vhost] [cloudfront] [Amazon Cloudfront,Amazon Web Services,Envoy] [52f15a476c53bef882966709c7ed647a]
https://recurring-cards.staging.trello.services [200] [GET] [text/html] [] [envoy] [vhost] [cloudfront] [Amazon Cloudfront,Amazon Web Services,Envoy] [da529e29e1f71dec7648a8354a5ad7b1]
https://recurring-cards.trello.services [200] [GET] [text/html] [] [envoy] [vhost] [cloudfront] [Amazon Cloudfront,Amazon Web Services,Envoy] [46d9ea92cf4e58654e08057c6fa78f13]
https://salesforce.staging.trello.services [200] [GET] [text/html] [] [envoy] [vhost] [cloudfront] [Amazon Cloudfront,Amazon Web Services,Envoy] [37436b41715fc0862d177c7e1d74c3e0]
https://salesforce.trello.services [200] [GET] [text/html] [] [envoy] [vhost] [cloudfront] [Amazon Cloudfront,Amazon Web Services,Envoy] [fde9a0e36ed3b78cfda79397c6efd2b2]
https://slack-chat.staging.trello.services [200] [GET] [text/plain] [] [] [vhost] [cloudfront] [Amazon Cloudfront,Amazon Web Services,Express,Node.js] [e0aa021e21dddbd6d8cecec71e9cf564]
https://slack-chat.trello.services [200] [GET] [text/plain] [] [] [vhost] [cloudfront] [Amazon Cloudfront,Amazon Web Services,Express,Node.js] [e0aa021e21dddbd6d8cecec71e9cf564]
https://slack.staging.trello.services [200] [GET] [text/html] [] [envoy] [vhost] [cloudfront] [Amazon Cloudfront,Amazon Web Services,Envoy] [87e09f11c81713f59a12c065d23d123e]
https://slack.trello.services [200] [GET] [text/html] [] [envoy] [vhost] [cloudfront] [Amazon Cloudfront,Amazon Web Services,Envoy] [ecdcd2230548f3b5df1f733eb0370c8d]
https://surveymonkey.staging.trello.services [200] [GET] [text/html] [] [envoy] [vhost] [cloudfront] [Amazon Cloudfront,Amazon Web Services,Envoy] [ab9f33f2ed4c53692010ff8a40dd0b9e]
https://surveymonkey.trello.services [200] [GET] [text/html] [] [envoy] [vhost] [cloudfront] [Amazon Cloudfront,Amazon Web Services,Envoy] [5c0e8a6b26d7daad9d7f840a6ff22868]
https://twitter.staging.trello.services [200] [GET] [text/html] [] [envoy] [vhost] [cloudfront] [Amazon Cloudfront,Amazon Web Services,Envoy] [6ec04868c70b36c9fbce8e662b5b56a2]
https://twitter.trello.services [200] [GET] [text/html] [] [envoy] [vhost] [cloudfront] [Amazon Cloudfront,Amazon Web Services,Envoy] [57fc04cace84e8ea550b82cb540c6f34]
https://voting.staging.trello.services [200] [GET] [text/plain] [] [envoy] [vhost] [cloudfront] [Amazon Cloudfront,Amazon Web Services,Envoy] [e0aa021e21dddbd6d8cecec71e9cf564]
https://voting.trello.services [200] [GET] [text/plain] [] [envoy] [vhost] [cloudfront] [Amazon Cloudfront,Amazon Web Services,Envoy] [e0aa021e21dddbd6d8cecec71e9cf564]
https://zendesk.staging.trello.services [200] [GET] [text/html] [] [envoy] [vhost] [cloudfront] [Amazon Cloudfront,Amazon Web Services,Envoy] [241e32c353276a656bdad0c9858cbdb8]
https://zendesk.trello.services [200] [GET] [text/html] [] [envoy] [vhost] [cloudfront] [Amazon Cloudfront,Amazon Web Services,Envoy] [f5c0a04a7495845bfa23b17a5386d289]
