http://advertorial.trouw.nl [301] [GET] [] [] [AkamaiGHost] [vhost] [d41d8cd98f00b204e9800998ecf8427e]
http://caps-acc.trouw.nl [301] [GET] [] [] [AkamaiGHost] [vhost] [d41d8cd98f00b204e9800998ecf8427e]
http://caps.trouw.nl [301] [GET] [] [] [AkamaiGHost] [vhost] [d41d8cd98f00b204e9800998ecf8427e]
http://puzzels.trouw.nl [404] [GET] [text/html] [Not Found] [Microsoft-HTTPAPI/2.0] [Microsoft HTTPAPI] [67932d4b695e1d6b19dfc2e3610761ff]
https://acc.exclusief.trouw.nl [301] [GET] [] [] [AkamaiGHost] [vhost] [d41d8cd98f00b204e9800998ecf8427e]
https://acc.trouw.nl [401] [GET] [text/html] [Access Denied] [AkamaiGHost] [vhost] [Basic] [056db61daa690d7a8bff37d4f5c8d469]
https://acc.trouw.nl [401] [GET] [text/html] [Access Denied] [AkamaiGHost] [vhost] [Basic] [778960d04cbdbf757c076280d58ec09f]
https://acc2.trouw.nl [400] [GET] [text/html] [Invalid URL] [AkamaiGHost] [8ff22eb380fe64337f8a753773e78edb]
https://acc2.trouw.nl [400] [GET] [text/html] [Invalid URL] [AkamaiGHost] [e3591dc9d70ad187eeb58ff604d46fb5]
https://acc43.trouw.nl [400] [GET] [text/html] [Invalid URL] [AkamaiGHost] [315f87b2e6b74533f8b2eedc631345da]
https://acc43.trouw.nl [400] [GET] [text/html] [Invalid URL] [AkamaiGHost] [c798217c8d4ccced4bce266bb1e7516e]
https://accounts.trouw.nl [200] [GET] [text/html] [] [] [IIS,Microsoft ASP.NET] [d41d8cd98f00b204e9800998ecf8427e]
https://actie.trouw.nl [404] [GET] [text/html] [-] [NCSA/1.4.2] [d57424ca602fa39a59d65a02e43e5e55]
https://afval.trouw.nl [301] [GET] [] [] [AkamaiGHost] [vhost] [d41d8cd98f00b204e9800998ecf8427e]
https://beta.trouw.nl [301] [GET] [] [] [AkamaiGHost] [vhost] [d41d8cd98f00b204e9800998ecf8427e]
https://borealis.trouw.nl [301] [GET] [text/html] [301 Moved Permanently] [awselb/2.0] [vhost] [4aa7a432bb447f094408f1bd6229c605]
https://brandedcontent.trouw.nl [200] [GET] [text/html] [DPG Media Branded Content -] [Apache] [vhost] [Apache,Font Awesome,Google Font API,MySQL,PHP,W3 Total Cache,WordPress,Yoast SEO] [42d6037db6d7b0e16ab4988bad3f07e5]
https://cmp.trouw.nl [403] [GET] [application/xml] [] [AmazonS3] [vhost] [cloudfront] [Amazon Cloudfront,Amazon S3,Amazon Web Services] [65420a4881ec9be91e6f693a8506e628]
https://cmp.trouw.nl [403] [GET] [application/xml] [] [AmazonS3] [vhost] [cloudfront] [Amazon Cloudfront,Amazon S3,Amazon Web Services] [df27f70dff84513d27b52fda083e53db]
https://copacabana.trouw.nl [400] [GET] [text/html] [Invalid URL] [AkamaiGHost] [75b722909e989162a364ffe3d95c13e0]
https://copacabana.trouw.nl [400] [GET] [text/html] [Invalid URL] [AkamaiGHost] [dbc5949e7b03d644524bd31e03799337]
https://dev-service.trouw.nl [400] [GET] [text/html] [Invalid URL] [AkamaiGHost] [cc6ae21b5daa00c4cf609cde04b10de0]
https://dev-service.trouw.nl [400] [GET] [text/html] [Invalid URL] [AkamaiGHost] [e833ef9b47fe333048ffdcf0d29a0225]
https://digitalekrant.trouw.nl [302] [GET] [text/html] [] [nginx] [vhost] [Nginx] [d41d8cd98f00b204e9800998ecf8427e]
https://e.email.trouw.nl [200] [GET] [text/html] [You received emails from this domain, didn't you?] [nginx] [Nginx,PHP,Webflow] [c0666cde79e5426946974302fe3307c3]
https://esales-test.trouw.nl [404] [GET] [application/json] [] [nginx/1.20.0] [vhost] [Amazon ALB,Amazon Web Services,Nginx] [835467db281dd7a369f1ab846ab54eb8]
https://esales-test.trouw.nl [404] [GET] [application/json] [] [nginx/1.20.0] [vhost] [Amazon ALB,Amazon Web Services,Nginx] [fb237b3051f9f546d927f3307a58b23e]
https://esales.trouw.nl [404] [GET] [application/json] [] [nginx/1.20.0] [vhost] [Amazon ALB,Amazon Web Services,Nginx] [05535d7180c6e305f4ef99d748e699ea]
https://esales.trouw.nl [404] [GET] [application/json] [] [nginx/1.20.0] [vhost] [Amazon ALB,Amazon Web Services,Nginx] [40cb67e958ec8a0a831e97e012070938]
https://exclusief.trouw.nl [301] [GET] [] [] [AkamaiGHost] [vhost] [d41d8cd98f00b204e9800998ecf8427e]
https://ims.trouw.nl [403] [GET] [text/html] [403 - Forbidden: Access is denied.] [] [vhost] [11ca4578cb026a23713aea6781b8ece3]
https://krant.trouw.nl [302] [GET] [text/html] [] [nginx] [vhost] [Nginx,PHP] [d41d8cd98f00b204e9800998ecf8427e]
https://landingpage.trouw.nl [200] [GET] [text/html] [DPG Media Branded Content -] [Apache] [vhost] [Apache,Font Awesome,Google Font API,MySQL,PHP,W3 Total Cache,WordPress,Yoast SEO] [15aa51e6569d1fa4accc22a1f0e4d099]
https://login.trouw.nl [406] [GET] [text/html] [] [AkamaiGHost] [vhost] [e202c2aad4fd1205f0c6a20516e48d3a]
https://login2.trouw.nl [406] [GET] [text/html] [] [AkamaiGHost] [vhost] [e202c2aad4fd1205f0c6a20516e48d3a]
https://luther.trouw.nl [200] [GET] [text/html] [] [Apache/2.4.10 (Debian)] [vhost] [Apache,Debian] [69ffdc2502008031854ee5788352ed60]
https://m.trouw.nl [301] [GET] [] [] [AkamaiGHost] [vhost] [d41d8cd98f00b204e9800998ecf8427e]
https://manuscript.trouw.nl [301] [GET] [] [] [AkamaiGHost] [vhost] [d41d8cd98f00b204e9800998ecf8427e]
https://marketingactie.trouw.nl [200] [GET] [text/html] [DPG Media Branded Content -] [Apache] [vhost] [Apache,Font Awesome,Google Font API,MySQL,PHP,W3 Total Cache,WordPress,Yoast SEO] [2901711c517b6730f9e9e09494d69ec3]
https://marketingactie.trouw.nl [200] [GET] [text/html] [DPG Media Branded Content -] [Apache] [vhost] [Apache,Font Awesome,Google Font API,MySQL,PHP,W3 Total Cache,WordPress,Yoast SEO] [4772dc35998b94bc6183e6089d5fdb61]
https://mijn.trouw.nl [301] [GET] [] [] [] [vhost] [d41d8cd98f00b204e9800998ecf8427e]
https://mijnomgeving-acc.trouw.nl [403] [GET] [text/html] [Access Denied] [] [vhost] [6cc99d740b3e5cc5381c5ad2e0ab87db]
https://mijnomgeving-acc.trouw.nl [403] [GET] [text/html] [Access Denied] [] [vhost] [c796eec321519bc49878dfa240f8b7b4]
https://mijnomgeving.trouw.nl [503] [GET] [text/html] [Error] [] [vhost] [cefd6563f0b21c61ecc950480ab7049e]
https://mijnomgeving.trouw.nl [503] [GET] [text/html] [Error] [] [vhost] [f7bb23a8ee8b5de2a5dba949959625ed]
https://mobile-acc.trouw.nl [302] [GET] [] [] [AkamaiGHost] [vhost] [d41d8cd98f00b204e9800998ecf8427e]
https://mobile2.trouw.nl [200] [GET] [text/html] [Trouw | Nieuws en Verdieping] [] [vhost] [941fecee1ac72ba230b52fcfaff28711]
https://mobile2.trouw.nl [302] [GET] [] [] [AkamaiGHost] [vhost] [d41d8cd98f00b204e9800998ecf8427e]
https://myaccount.trouw.nl [302] [GET] [text/html] [] [] [vhost] [d41d8cd98f00b204e9800998ecf8427e]
https://pmail.trouw.nl [200] [GET] [text/html] [] [nginx] [vhost] [Nginx] [8cd38890681852d184cbc40bbbd8ed43]
https://prod.trouw.nl [400] [GET] [text/html] [Invalid URL] [AkamaiGHost] [25af209aa916d9d097d72412c3c20c99]
https://prod.trouw.nl [400] [GET] [text/html] [Invalid URL] [AkamaiGHost] [c13dbfd4a7c7fe918bffbf972ad76cee]
https://secure-acc.trouw.nl [503] [GET] [text/html] [Service Unavailable] [AkamaiGHost] [vhost] [00839d3173e8b48d702b4a5c35727bfd]
https://secure-acc.trouw.nl [503] [GET] [text/html] [Service Unavailable] [AkamaiGHost] [vhost] [c23d955b70d503dd91287c38b3fbdc20]
https://social.trouw.nl [200] [GET] [text/html] [] [] [IIS,Microsoft ASP.NET] [d41d8cd98f00b204e9800998ecf8427e]
https://story.trouw.nl [200] [GET] [text/html] [DPG Media Branded Content -] [Apache] [vhost] [Apache,Font Awesome,Google Font API,MySQL,PHP,W3 Total Cache,WordPress,Yoast SEO] [c838eb2a560c3d8a9a5b83efc8d07a24]
https://t.trouw.nl [400] [GET] [] [] [] [vhost] [d41d8cd98f00b204e9800998ecf8427e]
https://verhalen.trouw.nl [200] [GET] [text/html] [Home - Trouw] [Apache/2.4.38 (Debian)] [vhost] [Apache,Debian,Divi,Font Awesome,Google Tag Manager,MySQL,PHP,WordPress,Yoast SEO] [79965892db31f518a4fa706caff5afa4]
https://verhalen.trouw.nl [302] [GET] [text/html] [] [] [vhost] [d41d8cd98f00b204e9800998ecf8427e]
https://video.trouw.nl [404] [GET] [] [] [AkamaiNetStorage] [vhost] [ddf0e2c382137c5bee8ee282368616f4]
https://web.trouw.nl [200] [GET] [text/html] [You received emails from this domain, didn't you?] [nginx] [Nginx,PHP,Webflow] [c0666cde79e5426946974302fe3307c3]
https://webwinkel.trouw.nl [200] [GET] [text/html] [Van Trouw speciaal voor jou - De Trouw Shop] [] [vhost] [Google Tag Manager,Next.js,Node.js,React,webpack] [db3e659f941fd3968344e42e958a41cc]
https://wedstrijd.trouw.nl [404] [GET] [text/html] [-] [NCSA/1.4.2] [d57424ca602fa39a59d65a02e43e5e55]
https://winkel.trouw.nl [403] [GET] [text/html] [Web App - Unavailable] [] [vhost] [azure] [fa175a75967d5661c4d38eaf18e28fc8]
https://www.trouw.nl [302] [GET] [] [] [AkamaiGHost] [vhost] [d41d8cd98f00b204e9800998ecf8427e]
