http://android-adr-docs.mobile.tstaging.com [403] [GET] [text/html] [403 Forbidden] [AmazonS3] [vhost] [Amazon S3,Amazon Web Services] [d813a6ef235f8c16631c21f860d584c9]
http://keepalive-cloudfront.ue1.d3.tstaging.com [301] [GET] [text/html] [301 Moved Permanently] [CloudFront] [vhost] [cloudfront] [Amazon Cloudfront,Amazon Web Services] [e4e384d6672787c1bb2a9b500114f1f5]
http://keepalive.ue1.d2.tstaging.com [301] [GET] [text/html] [301 Moved Permanently] [awselb/2.0] [vhost] [4aa7a432bb447f094408f1bd6229c605]
https://airflow.ue1.d1.tstaging.com [200] [GET] [text/html] [Welcome to nginx!] [nginx/1.13.9] [vhost] [Nginx] [e3eb0a1df437f3f97a64aca5952c8ea0]
https://airflow.ue1.d3.tstaging.com [503] [GET] [] [] [] [d41d8cd98f00b204e9800998ecf8427e]
https://airflow.ue1.stg1.tstaging.com [200] [GET] [text/html] [Welcome to nginx!] [nginx/1.13.9] [vhost] [Nginx] [e3eb0a1df437f3f97a64aca5952c8ea0]
https://api-cloudfront.a.ue1.stg1.tstaging.com [404] [GET] [] [] [nginx] [vhost] [Nginx] [d41d8cd98f00b204e9800998ecf8427e]
https://api-cloudfront.ue1.d3.tstaging.com [200] [GET] [text/html] [Welcome to nginx!] [nginx/1.13.9] [vhost] [cloudfront] [Amazon Cloudfront,Amazon Web Services,Nginx] [e3eb0a1df437f3f97a64aca5952c8ea0]
https://api-cloudfront.ue1.stg1.tstaging.com [404] [GET] [] [] [nginx] [vhost] [Nginx] [d41d8cd98f00b204e9800998ecf8427e]
https://api.s11.tstaging.com [502] [GET] [text/html] [ERROR: The request could not be satisfied] [CloudFront] [vhost] [cloudfront] [Amazon Cloudfront,Amazon Web Services] [2056770d04ab19200b1258eee6d92e94]
https://api.s11.tstaging.com [502] [GET] [text/html] [ERROR: The request could not be satisfied] [CloudFront] [vhost] [cloudfront] [Amazon Cloudfront,Amazon Web Services] [9fbeab6c884ef1c6e72371caf6786173]
https://api.ue1.d1.tstaging.com [404] [GET] [] [] [nginx] [vhost] [Nginx] [d41d8cd98f00b204e9800998ecf8427e]
https://api.ue1.d3.tstaging.com [200] [GET] [text/html] [Welcome to nginx!] [nginx/1.13.9] [vhost] [Nginx] [e3eb0a1df437f3f97a64aca5952c8ea0]
https://api.ue1.d4.tstaging.com [404] [GET] [] [] [nginx] [vhost] [Nginx] [d41d8cd98f00b204e9800998ecf8427e]
https://api.ue1.stg1.tstaging.com [404] [GET] [] [] [nginx] [vhost] [cloudfront] [Amazon Cloudfront,Amazon Web Services,Nginx] [d41d8cd98f00b204e9800998ecf8427e]
https://botrank.ue1.d1.tstaging.com [403] [GET] [text/html] [403 Forbidden] [nginx/1.13.9] [vhost] [Nginx] [2db2161f5f170aa97a4ebc90c980f2cf]
https://botrank.ue1.d3.tstaging.com [503] [GET] [] [] [] [d41d8cd98f00b204e9800998ecf8427e]
https://botrank.ue1.d4.tstaging.com [403] [GET] [text/html] [403 Forbidden] [nginx/1.13.9] [vhost] [Nginx] [ff0a4cd9136fa9ace51f4db63c510fce]
https://botrank.ue1.stg1.tstaging.com [403] [GET] [text/html] [403 Forbidden] [nginx/1.13.9] [vhost] [Nginx] [2db2161f5f170aa97a4ebc90c980f2cf]
https://clientmodels.ue1.d1.tstaging.com [403] [GET] [application/xml] [] [AmazonS3] [vhost] [cloudfront] [Amazon Cloudfront,Amazon S3,Amazon Web Services] [2dc01b36f87418ab9e0d4f7851510f39]
https://clientmodels.ue1.d1.tstaging.com [403] [GET] [application/xml] [] [AmazonS3] [vhost] [cloudfront] [Amazon Cloudfront,Amazon S3,Amazon Web Services] [b8c7a5a0ab8913c105f5a47dc0f5831c]
https://fakebook.ue1.d1.tstaging.com [400] [GET] [text/javascript] [] [nginx/1.13.9] [vhost] [Express,Nginx,Node.js] [c06972d39b3437c36e4c01ca35c6fd94]
https://flower.ue1.d1.tstaging.com [503] [GET] [] [] [] [d41d8cd98f00b204e9800998ecf8427e]
https://images-ssl-v2.ue1.d3.tstaging.com [200] [GET] [text/html] [imgix - Image Processing On-Demand, Served By CDN] [Varnish] [vhost] [cloudfront] [Amazon Cloudfront,Amazon Web Services] [d8fe5479a72c7c74c1922951a8676eed]
https://imageupload.s11.tstaging.com [502] [GET] [text/html] [ERROR: The request could not be satisfied] [CloudFront] [vhost] [cloudfront] [Amazon Cloudfront,Amazon Web Services] [66575189b71dbdd8d67b7eb83623b815]
https://imageupload.s11.tstaging.com [502] [GET] [text/html] [ERROR: The request could not be satisfied] [CloudFront] [vhost] [cloudfront] [Amazon Cloudfront,Amazon Web Services] [9ea4d36bac661e4a5e045dcdc0fb3b65]
https://keepalive-cloudfront.a.ue1.stg1.tstaging.com [404] [GET] [] [] [nginx] [vhost] [Nginx] [d41d8cd98f00b204e9800998ecf8427e]
https://keepalive-cloudfront.ue1.stg1.tstaging.com [404] [GET] [] [] [nginx] [vhost] [Nginx] [d41d8cd98f00b204e9800998ecf8427e]
https://keepalive.ue1.d1.tstaging.com [404] [GET] [] [] [] [vhost] [d41d8cd98f00b204e9800998ecf8427e]
https://keepalive.ue1.d3.tstaging.com [503] [GET] [text/html] [503 Service Temporarily Unavailable] [awselb/2.0] [vhost] [613f79233487af685baf4b32a2397ede]
https://keepalive.ue1.d3.tstaging.com [503] [GET] [text/html] [503 Service Temporarily Unavailable] [awselb/2.0] [vhost] [81df4d3863debf3eceb5cf84251fd472]
https://keepalive.ue1.stg1.tstaging.com [404] [GET] [] [] [] [vhost] [cloudfront] [Amazon Cloudfront,Amazon Web Services] [d41d8cd98f00b204e9800998ecf8427e]
https://linktest.ue1.d1.tstaging.com [400] [GET] [] [] [] [vhost] [cloudfront] [Amazon Cloudfront,Amazon Web Services] [d41d8cd98f00b204e9800998ecf8427e]
https://previewmapping.ue1.d1.tstaging.com [403] [GET] [application/xml] [] [AmazonS3] [vhost] [cloudfront] [Amazon Cloudfront,Amazon S3,Amazon Web Services] [73a1f3d35bf52f04815ac41a24e42bb5]
https://previewmapping.ue1.d1.tstaging.com [403] [GET] [application/xml] [] [AmazonS3] [vhost] [cloudfront] [Amazon Cloudfront,Amazon S3,Amazon Web Services] [a59b4cce2bfcdbe4e74fee26f3f9dbce]
https://previewmapping.ue1.d2.tstaging.com [502] [GET] [text/html] [ERROR: The request could not be satisfied] [CloudFront] [vhost] [cloudfront] [Amazon Cloudfront,Amazon Web Services] [c89566ff76717597e09108670e49220f]
https://previewmapping.ue1.d3.tstaging.com [502] [GET] [text/html] [ERROR: The request could not be satisfied] [CloudFront] [vhost] [cloudfront] [Amazon Cloudfront,Amazon Web Services] [f97ab781eb61a30d0546714ab37d54ce]
https://previewmapping.ue1.d4.tstaging.com [502] [GET] [text/html] [ERROR: The request could not be satisfied] [CloudFront] [vhost] [cloudfront] [Amazon Cloudfront,Amazon Web Services] [5891b274e4d26b5ea26b7522924fe78c]
https://previewmapping.ue1.stg1.tstaging.com [403] [GET] [application/xml] [] [AmazonS3] [vhost] [cloudfront] [Amazon Cloudfront,Amazon S3,Amazon Web Services] [0df2c7481042e1beb6e327a6c39ba9ca]
https://previewmapping.ue1.stg1.tstaging.com [403] [GET] [application/xml] [] [AmazonS3] [vhost] [cloudfront] [Amazon Cloudfront,Amazon S3,Amazon Web Services] [13900cbfa7b2bb27a99ec2ecbb05906e]
https://quickfire.ue1.d1.tstaging.com [200] [GET] [text/html] [Welcome to nginx!] [nginx/1.13.9] [vhost] [Nginx] [e3eb0a1df437f3f97a64aca5952c8ea0]
https://quickfire.ue1.d4.tstaging.com [200] [GET] [text/html] [Welcome to nginx!] [nginx/1.13.9] [vhost] [Nginx] [e3eb0a1df437f3f97a64aca5952c8ea0]
https://quickfire.ue1.stg1.tstaging.com [200] [GET] [text/html] [Welcome to nginx!] [nginx/1.13.9] [vhost] [Nginx] [e3eb0a1df437f3f97a64aca5952c8ea0]
https://rapidfire.ue1.d1.tstaging.com [200] [GET] [text/html] [Welcome to nginx!] [nginx/1.13.9] [vhost] [Nginx] [e3eb0a1df437f3f97a64aca5952c8ea0]
https://rapidfire.ue1.d3.tstaging.com [503] [GET] [] [] [] [d41d8cd98f00b204e9800998ecf8427e]
https://rapidfire.ue1.d4.tstaging.com [200] [GET] [text/html] [Welcome to nginx!] [nginx/1.13.9] [vhost] [Nginx] [e3eb0a1df437f3f97a64aca5952c8ea0]
https://rapidfire.ue1.stg1.tstaging.com [200] [GET] [text/html] [Welcome to nginx!] [nginx/1.13.9] [vhost] [Nginx] [e3eb0a1df437f3f97a64aca5952c8ea0]
https://rapidfirepublish.ue1.stg1.tstaging.com [200] [GET] [] [] [nginx/1.15.6] [vhost] [Nginx] [d41d8cd98f00b204e9800998ecf8427e]
https://story-assets.ue1.d1.tstaging.com [403] [GET] [application/xml] [] [AmazonS3] [vhost] [cloudfront] [Amazon Cloudfront,Amazon S3,Amazon Web Services] [ba197f03e39c8e6903fd0ac97351b432]
https://story-assets.ue1.d1.tstaging.com [403] [GET] [application/xml] [] [AmazonS3] [vhost] [cloudfront] [Amazon Cloudfront,Amazon S3,Amazon Web Services] [bae8be41da74b36bf0057ea63a5a5c91]
https://story-assets.ue1.stg1.tstaging.com [403] [GET] [text/xml] [] [CloudFront] [vhost] [cloudfront] [Amazon Cloudfront,Amazon Web Services] [40a481f43ca93bbbdd18621b439ea397]
https://testrail.ue1.d1.tstaging.com [502] [GET] [text/html] [502 Bad Gateway] [nginx/1.13.9] [vhost] [Nginx] [bd63470edb6c592feb165f12ab6551b1]
