http://gaggle.twitter.com [404] [GET] [text/html] [Error 404 (Not Found)!!1] [ghs] [b81150861bf911f947660cf73bce77f6]
http://sheets.twitter.com [301] [GET] [text/html] [301 Moved Permanently] [nginx/1.20.1] [vhost] [Nginx] [0f952b73d3f5586637ea9a5a789d48f4]
http://slides.twitter.com [301] [GET] [text/html] [301 Moved Permanently] [nginx/1.20.1] [vhost] [Nginx] [0f952b73d3f5586637ea9a5a789d48f4]
https://2010.twitter.com [302] [GET] [] [] [tsa_b] [vhost] [d41d8cd98f00b204e9800998ecf8427e]
https://2011.twitter.com [302] [GET] [] [] [tsa_b] [vhost] [d41d8cd98f00b204e9800998ecf8427e]
https://2013.twitter.com [301] [GET] [] [] [tsa_b] [vhost] [d41d8cd98f00b204e9800998ecf8427e]
https://2014.twitter.com [301] [GET] [] [] [tsa_b] [vhost] [d41d8cd98f00b204e9800998ecf8427e]
https://2015.twitter.com [301] [GET] [] [] [tsa_b] [vhost] [d41d8cd98f00b204e9800998ecf8427e]
https://2chainz.twitter.com [404] [GET] [] [] [tsa_b] [vhost] [d41d8cd98f00b204e9800998ecf8427e]
https://30secondstomars.twitter.com [302] [GET] [] [] [tsa_b] [vhost] [d41d8cd98f00b204e9800998ecf8427e]
https://6nations.twitter.com [302] [GET] [] [] [tsa_b] [vhost] [d41d8cd98f00b204e9800998ecf8427e]
https://about-staging.twitter.com [404] [GET] [] [] [tsa_b] [vhost] [d41d8cd98f00b204e9800998ecf8427e]
https://about.twitter.com [302] [GET] [text/html] [302 Found] [tsa_b] [vhost] [d2ab0b8d230c73d0159e7d0df39b7ad0]
https://aboveandbeyond.twitter.com [302] [GET] [] [] [tsa_b] [vhost] [d41d8cd98f00b204e9800998ecf8427e]
https://ac.twitter.com [302] [GET] [] [] [tsa_b] [vhost] [d41d8cd98f00b204e9800998ecf8427e]
https://acmawards.twitter.com [404] [GET] [] [] [tsa_b] [vhost] [d41d8cd98f00b204e9800998ecf8427e]
https://ads-api-sandbox.twitter.com [404] [GET] [application/json] [] [tsa_b] [vhost] [a7b5053414fa67a1de222b4aba9603df]
https://ads-api.twitter.com [404] [GET] [application/json] [] [tsa_b] [vhost] [a7b5053414fa67a1de222b4aba9603df]
https://ads-beta.twitter.com [404] [GET] [] [] [tsa_b] [vhost] [d41d8cd98f00b204e9800998ecf8427e]
https://ads-bidder-api.twitter.com [301] [GET] [] [] [tsa_b] [vhost] [d41d8cd98f00b204e9800998ecf8427e]
https://ads-dev.twitter.com [404] [GET] [] [] [tsa_b] [vhost] [d41d8cd98f00b204e9800998ecf8427e]
https://ads-staging.twitter.com [404] [GET] [] [] [tsa_b] [vhost] [d41d8cd98f00b204e9800998ecf8427e]
https://ads.twitter.com [302] [GET] [] [] [tsa_b] [vhost] [d41d8cd98f00b204e9800998ecf8427e]
https://advertising.twitter.com [301] [GET] [] [] [tsa_b] [vhost] [d41d8cd98f00b204e9800998ecf8427e]
https://aem-author-dev.twitter.com [301] [GET] [] [] [tsa_b] [vhost] [d41d8cd98f00b204e9800998ecf8427e]
https://afl.twitter.com [302] [GET] [] [] [tsa_b] [vhost] [d41d8cd98f00b204e9800998ecf8427e]
https://amplify.twitter.com [301] [GET] [] [] [tsa_b] [vhost] [d41d8cd98f00b204e9800998ecf8427e]
https://analytics.twitter.com [307] [GET] [] [] [tsa_b] [vhost] [d41d8cd98f00b204e9800998ecf8427e]
https://analyticsbeta.twitter.com [404] [GET] [] [] [tsa_b] [vhost] [d41d8cd98f00b204e9800998ecf8427e]
https://anywhere.twitter.com [301] [GET] [] [] [tsa_b] [vhost] [d41d8cd98f00b204e9800998ecf8427e]
https://api-0-4-0.twitter.com [404] [GET] [] [] [tsa_b] [vhost] [d41d8cd98f00b204e9800998ecf8427e]
https://api-0-4-3.twitter.com [404] [GET] [] [] [tsa_b] [vhost] [d41d8cd98f00b204e9800998ecf8427e]
https://api-0-4-4.twitter.com [404] [GET] [] [] [tsa_b] [vhost] [d41d8cd98f00b204e9800998ecf8427e]
https://api-0-4-6.twitter.com [404] [GET] [] [] [tsa_b] [vhost] [d41d8cd98f00b204e9800998ecf8427e]
https://api-0-5-0.twitter.com [404] [GET] [] [] [tsa_b] [vhost] [d41d8cd98f00b204e9800998ecf8427e]
https://api-1-0-0.twitter.com [404] [GET] [] [] [tsa_k] [vhost] [d41d8cd98f00b204e9800998ecf8427e]
https://api-20-0-0.twitter.com [404] [GET] [] [] [tsa_f] [vhost] [d41d8cd98f00b204e9800998ecf8427e]
https://api-23-0-0.twitter.com [404] [GET] [] [] [tsa_b] [vhost] [d41d8cd98f00b204e9800998ecf8427e]
https://api-24-0-0.twitter.com [404] [GET] [] [] [tsa_b] [vhost] [d41d8cd98f00b204e9800998ecf8427e]
https://api-26-0-0.twitter.com [404] [GET] [] [] [tsa_o] [vhost] [d41d8cd98f00b204e9800998ecf8427e]
https://api-28-0-0.twitter.com [404] [GET] [] [] [tsa_b] [vhost] [d41d8cd98f00b204e9800998ecf8427e]
https://api-3-0-0.twitter.com [404] [GET] [] [] [tsa_b] [vhost] [d41d8cd98f00b204e9800998ecf8427e]
https://api-30-0-0.twitter.com [404] [GET] [] [] [tsa_a] [vhost] [d41d8cd98f00b204e9800998ecf8427e]
https://api-33-0-0.twitter.com [404] [GET] [] [] [tsa_f] [vhost] [d41d8cd98f00b204e9800998ecf8427e]
https://api-34-0-0.twitter.com [404] [GET] [] [] [tsa_c] [vhost] [d41d8cd98f00b204e9800998ecf8427e]
https://api-35-0-0.twitter.com [404] [GET] [] [] [tsa_b] [vhost] [d41d8cd98f00b204e9800998ecf8427e]
https://api-36-0-0.twitter.com [404] [GET] [] [] [tsa_b] [vhost] [d41d8cd98f00b204e9800998ecf8427e]
https://api-37-0-0.twitter.com [404] [GET] [] [] [tsa_a] [vhost] [d41d8cd98f00b204e9800998ecf8427e]
https://api-38-0-0.twitter.com [404] [GET] [] [] [tsa_f] [vhost] [d41d8cd98f00b204e9800998ecf8427e]
https://api-39-0-0.twitter.com [404] [GET] [] [] [tsa_d] [vhost] [d41d8cd98f00b204e9800998ecf8427e]
https://api-40-0-0.twitter.com [404] [GET] [] [] [tsa_a] [vhost] [d41d8cd98f00b204e9800998ecf8427e]
https://api-41-0-0.twitter.com [404] [GET] [] [] [tsa_k] [vhost] [d41d8cd98f00b204e9800998ecf8427e]
https://api-42-0-0.twitter.com [404] [GET] [] [] [tsa_a] [vhost] [d41d8cd98f00b204e9800998ecf8427e]
https://api-43-0-0.twitter.com [404] [GET] [] [] [tsa_o] [vhost] [d41d8cd98f00b204e9800998ecf8427e]
https://api-45-0-0.twitter.com [404] [GET] [] [] [tsa_m] [vhost] [d41d8cd98f00b204e9800998ecf8427e]
https://api-46-0-0.twitter.com [404] [GET] [] [] [tsa_m] [vhost] [d41d8cd98f00b204e9800998ecf8427e]
https://api-stream.twitter.com [404] [GET] [] [] [tsa_b] [vhost] [d41d8cd98f00b204e9800998ecf8427e]
https://api-test.twitter.com [404] [GET] [] [] [tsa_a] [vhost] [d41d8cd98f00b204e9800998ecf8427e]
https://api.twitter.com [404] [GET] [] [] [tsa_b] [vhost] [d41d8cd98f00b204e9800998ecf8427e]
https://api2.twitter.com [404] [GET] [] [] [tsa_a] [vhost] [d41d8cd98f00b204e9800998ecf8427e]
https://api4.twitter.com [404] [GET] [] [] [tsa_a] [vhost] [d41d8cd98f00b204e9800998ecf8427e]
https://apistatus.twitter.com [301] [GET] [] [] [tsa_b] [vhost] [d41d8cd98f00b204e9800998ecf8427e]
https://apiwiki.twitter.com [301] [GET] [] [] [tsa_b] [vhost] [d41d8cd98f00b204e9800998ecf8427e]
https://apple.twitter.com [404] [GET] [] [] [tsa_b] [vhost] [d41d8cd98f00b204e9800998ecf8427e]
https://appleevent.twitter.com [404] [GET] [] [] [tsa_b] [vhost] [d41d8cd98f00b204e9800998ecf8427e]
https://apps.twitter.com [301] [GET] [] [] [tsa_b] [vhost] [d41d8cd98f00b204e9800998ecf8427e]
https://arsenal.twitter.com [404] [GET] [] [] [tsa_b] [vhost] [d41d8cd98f00b204e9800998ecf8427e]
https://arthouse.twitter.com [404] [GET] [text/html] [Twitter / ?] [tsa_b] [vhost] [Fourthwall] [5a400c099a66251049a0123dc199862c]
https://askobama.twitter.com [302] [GET] [] [] [tsa_b] [vhost] [d41d8cd98f00b204e9800998ecf8427e]
https://assets0.twitter.com [404] [GET] [] [] [tsa_b] [vhost] [d41d8cd98f00b204e9800998ecf8427e]
https://assets1.twitter.com [404] [GET] [] [] [tsa_b] [vhost] [d41d8cd98f00b204e9800998ecf8427e]
https://assets2.twitter.com [404] [GET] [] [] [tsa_b] [vhost] [d41d8cd98f00b204e9800998ecf8427e]
https://assets3-backup.twitter.com [404] [GET] [] [] [tsa_a] [vhost] [d41d8cd98f00b204e9800998ecf8427e]
https://assets3.twitter.com [404] [GET] [] [] [tsa_b] [vhost] [d41d8cd98f00b204e9800998ecf8427e]
https://assets4.twitter.com [404] [GET] [] [] [tsa_b] [vhost] [d41d8cd98f00b204e9800998ecf8427e]
https://atl-api.twitter.com [404] [GET] [] [] [tsa_b] [vhost] [d41d8cd98f00b204e9800998ecf8427e]
https://atla-partnerstream1.twitter.com [404] [GET] [] [] [tsa_b] [vhost] [d41d8cd98f00b204e9800998ecf8427e]
https://barstool.twitter.com [404] [GET] [] [] [tsa_b] [vhost] [d41d8cd98f00b204e9800998ecf8427e]
https://battlegrounds.twitter.com [302] [GET] [] [] [tsa_b] [vhost] [d41d8cd98f00b204e9800998ecf8427e]
https://bbcelection.twitter.com [302] [GET] [] [] [tsa_b] [vhost] [d41d8cd98f00b204e9800998ecf8427e]
https://bbmas.twitter.com [302] [GET] [] [] [tsa_b] [vhost] [d41d8cd98f00b204e9800998ecf8427e]
https://bestoftweets.twitter.com [200] [GET] [text/html] [Prix #BestofTweets] [tsa_b] [vhost] [adafd869f352e926806b6a75a0be1549]
https://bestoftweets.twitter.com [200] [GET] [text/html] [Prix #BestofTweets] [tsa_b] [vhost] [d2ff5a9abfdf6f49dd52c5246e0ceb57]
https://bet.twitter.com [302] [GET] [] [] [tsa_b] [vhost] [d41d8cd98f00b204e9800998ecf8427e]
https://birdseye.twitter.com [404] [GET] [] [] [tsa_b] [vhost] [d41d8cd98f00b204e9800998ecf8427e]
https://biz.twitter.com [301] [GET] [] [] [tsa_b] [vhost] [d41d8cd98f00b204e9800998ecf8427e]
https://blog-dev.twitter.com [404] [GET] [] [] [tsa_b] [vhost] [d41d8cd98f00b204e9800998ecf8427e]
https://blog-staging.twitter.com [404] [GET] [] [] [tsa_b] [vhost] [d41d8cd98f00b204e9800998ecf8427e]
https://blog.de.twitter.com [301] [GET] [] [] [tsa_b] [vhost] [d41d8cd98f00b204e9800998ecf8427e]
https://blog.kr.twitter.com [301] [GET] [] [] [tsa_b] [vhost] [d41d8cd98f00b204e9800998ecf8427e]
https://blog.pt.twitter.com [301] [GET] [] [] [tsa_b] [vhost] [d41d8cd98f00b204e9800998ecf8427e]
https://blog.ru.twitter.com [301] [GET] [] [] [tsa_b] [vhost] [d41d8cd98f00b204e9800998ecf8427e]
https://blog.tr.twitter.com [301] [GET] [] [] [tsa_b] [vhost] [d41d8cd98f00b204e9800998ecf8427e]
https://blog.twitter.com [200] [GET] [text/html] [Blog] [tsa_b] [vhost] [000103e574bd1c3dacd0df5c3562b47c]
https://blog.twitter.com [200] [GET] [text/html] [Blog] [tsa_b] [vhost] [5c823aed1868d106760f528ad80b5bf4]
https://blog.uk.twitter.com [301] [GET] [] [] [tsa_b] [vhost] [d41d8cd98f00b204e9800998ecf8427e]
https://bloomberg.twitter.com [404] [GET] [] [] [tsa_b] [vhost] [d41d8cd98f00b204e9800998ecf8427e]
https://bloombergdaybreak.twitter.com [302] [GET] [] [] [tsa_b] [vhost] [d41d8cd98f00b204e9800998ecf8427e]
https://bloombergtechnology.twitter.com [302] [GET] [] [] [tsa_b] [vhost] [d41d8cd98f00b204e9800998ecf8427e]
https://boxing.twitter.com [302] [GET] [] [] [tsa_b] [vhost] [d41d8cd98f00b204e9800998ecf8427e]
https://branch.twitter.com [301] [GET] [] [] [tsa_b] [vhost] [d41d8cd98f00b204e9800998ecf8427e]
https://brand-dev.twitter.com [404] [GET] [] [] [tsa_b] [vhost] [d41d8cd98f00b204e9800998ecf8427e]
https://brand.twitter.com [302] [GET] [text/html] [302 Found] [tsa_b] [vhost] [cbc222bcaac956e18f674d1775f08c09]
https://brandhub.twitter.com [404] [GET] [text/html] [Twitter / ?] [tsa_b] [vhost] [Fourthwall] [5a400c099a66251049a0123dc199862c]
https://bravo.twitter.com [302] [GET] [] [] [tsa_b] [vhost] [d41d8cd98f00b204e9800998ecf8427e]
https://breakingnews.twitter.com [302] [GET] [] [] [tsa_b] [vhost] [d41d8cd98f00b204e9800998ecf8427e]
https://btsportscore.twitter.com [302] [GET] [] [] [tsa_b] [vhost] [d41d8cd98f00b204e9800998ecf8427e]
https://bullriding.twitter.com [404] [GET] [] [] [tsa_b] [vhost] [d41d8cd98f00b204e9800998ecf8427e]
https://burberry.twitter.com [302] [GET] [] [] [tsa_b] [vhost] [d41d8cd98f00b204e9800998ecf8427e]
https://business-dev.twitter.com [404] [GET] [] [] [tsa_b] [vhost] [d41d8cd98f00b204e9800998ecf8427e]
https://business-staging.twitter.com [404] [GET] [] [] [tsa_b] [vhost] [d41d8cd98f00b204e9800998ecf8427e]
https://business.twitter.com [200] [GET] [text/html] [Twitter for Business | Twitter tips, tools, and best practices] [tsa_b] [vhost] [82a7e4b17c057db4b09828ca5ef029a3]
https://business.twitter.com [200] [GET] [text/html] [Twitter for Business | Twitter tips, tools, and best practices] [tsa_b] [vhost] [fe65b18afb5c6dd0a80ed98478c25137]
https://buzzfeed.twitter.com [302] [GET] [] [] [tsa_b] [vhost] [d41d8cd98f00b204e9800998ecf8427e]
https://calendar.twitter.com [301] [GET] [] [] [tsa_b] [vhost] [d41d8cd98f00b204e9800998ecf8427e]
https://canary.twitter.com [404] [GET] [] [] [tsa_a] [vhost] [d41d8cd98f00b204e9800998ecf8427e]
https://caps-staging.twitter.com [404] [GET] [] [] [tsa_b] [vhost] [d41d8cd98f00b204e9800998ecf8427e]
https://caps.twitter.com [404] [GET] [text/html] [Twitter / ?] [tsa_b] [vhost] [Fourthwall] [5a400c099a66251049a0123dc199862c]
https://cards-dev.twitter.com [404] [GET] [text/html] [Twitter / ?] [tsa_b] [vhost] [Fourthwall] [5a400c099a66251049a0123dc199862c]
https://cards-frame.twitter.com [404] [GET] [] [] [tsa_b] [vhost] [d41d8cd98f00b204e9800998ecf8427e]
https://cards-staging.twitter.com [301] [GET] [] [] [tsa_b] [vhost] [d41d8cd98f00b204e9800998ecf8427e]
https://cards.twitter.com [301] [GET] [] [] [tsa_b] [vhost] [d41d8cd98f00b204e9800998ecf8427e]
https://careers-dev.twitter.com [404] [GET] [] [] [tsa_b] [vhost] [d41d8cd98f00b204e9800998ecf8427e]
https://careers.twitter.com [200] [GET] [text/html] [Twitter Careers] [tsa_b] [vhost] [fd101228300d1199a31c74e127e80147]
https://cdn.syndication.twitter.com [404] [GET] [] [] [tsa_b] [vhost] [d41d8cd98f00b204e9800998ecf8427e]
https://ces.twitter.com [302] [GET] [] [] [tsa_b] [vhost] [d41d8cd98f00b204e9800998ecf8427e]
https://cfl.twitter.com [404] [GET] [] [] [tsa_b] [vhost] [d41d8cd98f00b204e9800998ecf8427e]
https://charlottesville.twitter.com [404] [GET] [] [] [tsa_b] [vhost] [d41d8cd98f00b204e9800998ecf8427e]
https://cheddar.twitter.com [302] [GET] [] [] [tsa_b] [vhost] [d41d8cd98f00b204e9800998ecf8427e]
https://chirp.twitter.com [301] [GET] [] [] [tsa_b] [vhost] [d41d8cd98f00b204e9800998ecf8427e]
https://churchilldowns.twitter.com [404] [GET] [] [] [tsa_b] [vhost] [d41d8cd98f00b204e9800998ecf8427e]
https://circuitbreaker.twitter.com [302] [GET] [] [] [tsa_b] [vhost] [d41d8cd98f00b204e9800998ecf8427e]
https://claws.twitter.com [302] [GET] [] [] [tsa_b] [vhost] [d41d8cd98f00b204e9800998ecf8427e]
https://coachella.twitter.com [404] [GET] [] [] [tsa_b] [vhost] [d41d8cd98f00b204e9800998ecf8427e]
https://comiccon.twitter.com [302] [GET] [] [] [tsa_b] [vhost] [d41d8cd98f00b204e9800998ecf8427e]
https://comicon.twitter.com [302] [GET] [] [] [tsa_b] [vhost] [d41d8cd98f00b204e9800998ecf8427e]
https://concacaf.twitter.com [302] [GET] [] [] [tsa_b] [vhost] [d41d8cd98f00b204e9800998ecf8427e]
https://concon-staging.twitter.com [404] [GET] [] [] [tsa_b] [vhost] [d41d8cd98f00b204e9800998ecf8427e]
https://concon.twitter.com [404] [GET] [] [] [tsa_b] [vhost] [d41d8cd98f00b204e9800998ecf8427e]
https://content.twitter.com [404] [GET] [] [] [tsa_b] [vhost] [d41d8cd98f00b204e9800998ecf8427e]
https://converse.twitter.com [302] [GET] [] [] [tsa_b] [vhost] [d41d8cd98f00b204e9800998ecf8427e]
https://cortex-dev.twitter.com [404] [GET] [] [] [tsa_b] [vhost] [d41d8cd98f00b204e9800998ecf8427e]
https://cortex-staging.twitter.com [404] [GET] [] [] [tsa_b] [vhost] [d41d8cd98f00b204e9800998ecf8427e]
https://cortex.twitter.com [200] [GET] [text/html] [Twitter Cortex] [tsa_b] [vhost] [264e16db688bcfdab000e92e457aff4c]
https://covid19.twitter.com [302] [GET] [] [] [tsa_b] [vhost] [d41d8cd98f00b204e9800998ecf8427e]
https://creative.twitter.com [302] [GET] [] [] [tsa_b] [vhost] [d41d8cd98f00b204e9800998ecf8427e]
https://dashboard.twitter.com [404] [GET] [] [] [tsa_b] [vhost] [d41d8cd98f00b204e9800998ecf8427e]
https://dasient.twitter.com [302] [GET] [] [] [tsa_b] [vhost] [d41d8cd98f00b204e9800998ecf8427e]
https://data-api.twitter.com [404] [GET] [] [] [tsa_b] [vhost] [d41d8cd98f00b204e9800998ecf8427e]
https://data-dev.twitter.com [404] [GET] [] [] [tsa_b] [vhost] [d41d8cd98f00b204e9800998ecf8427e]
https://data-staging.twitter.com [404] [GET] [] [] [tsa_b] [vhost] [d41d8cd98f00b204e9800998ecf8427e]
https://data.twitter.com [302] [GET] [text/html] [302 Found] [tsa_b] [vhost] [84fb87094daef22290dfcb7f1d0c241a]
https://datastream.twitter.com [404] [GET] [] [] [tsa_b] [vhost] [d41d8cd98f00b204e9800998ecf8427e]
https://dc-api.twitter.com [404] [GET] [] [] [tsa_b] [vhost] [d41d8cd98f00b204e9800998ecf8427e]
https://deadlineday.twitter.com [302] [GET] [] [] [tsa_b] [vhost] [d41d8cd98f00b204e9800998ecf8427e]
https://debate.twitter.com [302] [GET] [] [] [tsa_b] [vhost] [d41d8cd98f00b204e9800998ecf8427e]
https://debates.twitter.com [302] [GET] [] [] [tsa_b] [vhost] [d41d8cd98f00b204e9800998ecf8427e]
https://depechemode.twitter.com [404] [GET] [] [] [tsa_b] [vhost] [d41d8cd98f00b204e9800998ecf8427e]
https://developer-dev.twitter.com [404] [GET] [] [] [tsa_b] [vhost] [d41d8cd98f00b204e9800998ecf8427e]
https://developer-staging.twitter.com [404] [GET] [] [] [tsa_b] [vhost] [d41d8cd98f00b204e9800998ecf8427e]
https://developer.twitter.com [302] [GET] [text/html] [302 Found] [tsa_b] [vhost] [a9e9a646b05470bdcde5b2b5dd5d09ba]
https://developers.twitter.com [301] [GET] [] [] [tsa_b] [vhost] [d41d8cd98f00b204e9800998ecf8427e]
https://directresponse.twitter.com [301] [GET] [] [] [tsa_b] [vhost] [d41d8cd98f00b204e9800998ecf8427e]
https://discover.twitter.com [301] [GET] [] [] [tsa_b] [vhost] [d41d8cd98f00b204e9800998ecf8427e]
https://discovery.twitter.com [404] [GET] [] [] [tsa_b] [vhost] [d41d8cd98f00b204e9800998ecf8427e]
https://diversity.twitter.com [302] [GET] [] [] [tsa_b] [vhost] [d41d8cd98f00b204e9800998ecf8427e]
https://donate.twitter.com [404] [GET] [] [] [tsa_b] [vhost] [d41d8cd98f00b204e9800998ecf8427e]
https://dota2.twitter.com [404] [GET] [] [] [tsa_b] [vhost] [d41d8cd98f00b204e9800998ecf8427e]
https://download.twitter.com [404] [GET] [] [] [tsa_b] [vhost] [d41d8cd98f00b204e9800998ecf8427e]
https://dreamforce.twitter.com [302] [GET] [] [] [tsa_b] [vhost] [d41d8cd98f00b204e9800998ecf8427e]
https://dreamhack.twitter.com [302] [GET] [] [] [tsa_b] [vhost] [d41d8cd98f00b204e9800998ecf8427e]
https://dreamleague.twitter.com [302] [GET] [] [] [tsa_b] [vhost] [d41d8cd98f00b204e9800998ecf8427e]
https://drl.twitter.com [404] [GET] [] [] [tsa_b] [vhost] [d41d8cd98f00b204e9800998ecf8427e]
https://dubainye.twitter.com [404] [GET] [] [] [tsa_b] [vhost] [d41d8cd98f00b204e9800998ecf8427e]
https://dugout.twitter.com [302] [GET] [] [] [tsa_b] [vhost] [d41d8cd98f00b204e9800998ecf8427e]
https://e3.twitter.com [302] [GET] [] [] [tsa_b] [vhost] [d41d8cd98f00b204e9800998ecf8427e]
https://echidna.twitter.com [404] [GET] [] [] [tsa_b] [vhost] [d41d8cd98f00b204e9800998ecf8427e]
https://eclipse2017.twitter.com [302] [GET] [] [] [tsa_b] [vhost] [d41d8cd98f00b204e9800998ecf8427e]
https://eleague.twitter.com [302] [GET] [] [] [tsa_b] [vhost] [d41d8cd98f00b204e9800998ecf8427e]
https://election.twitter.com [302] [GET] [] [] [tsa_b] [vhost] [d41d8cd98f00b204e9800998ecf8427e]
https://elections.twitter.com [302] [GET] [] [] [tsa_b] [vhost] [d41d8cd98f00b204e9800998ecf8427e]
https://em.events.twitter.com [404] [GET] [text/html] [404 Not Found] [nginx] [Nginx] [70461da8b94c6ca5d2fda3260c5a8c3b]
https://em.events.twitter.com [404] [GET] [text/html] [404 Not Found] [nginx] [Nginx] [8e325dc2fea7c8900fc6c4b8c6c394fe]
https://ema.twitter.com [302] [GET] [] [] [tsa_b] [vhost] [d41d8cd98f00b204e9800998ecf8427e]
https://empire.twitter.com [404] [GET] [] [] [tsa_b] [vhost] [d41d8cd98f00b204e9800998ecf8427e]
https://eng.twitter.com [301] [GET] [] [] [tsa_b] [vhost] [d41d8cd98f00b204e9800998ecf8427e]
https://engineering.twitter.com [302] [GET] [] [] [tsa_b] [vhost] [d41d8cd98f00b204e9800998ecf8427e]
https://esl.twitter.com [302] [GET] [] [] [tsa_b] [vhost] [d41d8cd98f00b204e9800998ecf8427e]
https://esports.twitter.com [302] [GET] [] [] [tsa_b] [vhost] [d41d8cd98f00b204e9800998ecf8427e]
https://essence.twitter.com [404] [GET] [] [] [tsa_b] [vhost] [d41d8cd98f00b204e9800998ecf8427e]
https://ethicshelpline.twitter.com [302] [GET] [] [] [tsa_b] [vhost] [d41d8cd98f00b204e9800998ecf8427e]
https://euro2012.twitter.com [404] [GET] [] [] [tsa_b] [vhost] [d41d8cd98f00b204e9800998ecf8427e]
https://everyday.twitter.com [302] [GET] [] [] [tsa_b] [vhost] [d41d8cd98f00b204e9800998ecf8427e]
https://facebook.twitter.com [404] [GET] [] [] [tsa_b] [vhost] [d41d8cd98f00b204e9800998ecf8427e]
https://faith.twitter.com [301] [GET] [] [] [tsa_b] [vhost] [d41d8cd98f00b204e9800998ecf8427e]
https://fashionweek.twitter.com [404] [GET] [] [] [tsa_b] [vhost] [d41d8cd98f00b204e9800998ecf8427e]
https://fashionweekmi.twitter.com [404] [GET] [] [] [tsa_b] [vhost] [d41d8cd98f00b204e9800998ecf8427e]
https://fb-staging.twitter.com [404] [GET] [] [] [tsa_a] [vhost] [d41d8cd98f00b204e9800998ecf8427e]
https://fifthharmony.twitter.com [404] [GET] [] [] [tsa_b] [vhost] [d41d8cd98f00b204e9800998ecf8427e]
https://firefox.twitter.com [301] [GET] [] [] [tsa_b] [vhost] [d41d8cd98f00b204e9800998ecf8427e]
https://flightschool.twitter.com [302] [GET] [text/html] [302 Found] [tsa_b] [vhost] [40f1b77c0fc6a2085cba365a8716464c]
https://fly.twitter.com [301] [GET] [] [] [tsa_b] [vhost] [d41d8cd98f00b204e9800998ecf8427e]
https://fonts.twitter.com [403] [GET] [text/html] [403 Forbidden] [tsa_b] [vhost] [bb8f534fbff5ee61a95af9c4740ae043]
https://forza.twitter.com [302] [GET] [] [] [tsa_b] [vhost] [d41d8cd98f00b204e9800998ecf8427e]
https://forzarc.twitter.com [302] [GET] [] [] [tsa_b] [vhost] [d41d8cd98f00b204e9800998ecf8427e]
https://fox.twitter.com [302] [GET] [] [] [tsa_b] [vhost] [d41d8cd98f00b204e9800998ecf8427e]
https://fra-api.twitter.com [404] [GET] [] [] [tsa_o] [vhost] [d41d8cd98f00b204e9800998ecf8427e]
https://frenchelection.twitter.com [302] [GET] [] [] [tsa_b] [vhost] [d41d8cd98f00b204e9800998ecf8427e]
https://frenchelections.twitter.com [302] [GET] [] [] [tsa_b] [vhost] [d41d8cd98f00b204e9800998ecf8427e]
https://futbol.twitter.com [404] [GET] [] [] [tsa_b] [vhost] [d41d8cd98f00b204e9800998ecf8427e]
https://fyf.twitter.com [302] [GET] [] [] [tsa_b] [vhost] [d41d8cd98f00b204e9800998ecf8427e]
https://fyffest.twitter.com [302] [GET] [] [] [tsa_b] [vhost] [d41d8cd98f00b204e9800998ecf8427e]
https://gcf.twitter.com [404] [GET] [] [] [tsa_b] [vhost] [d41d8cd98f00b204e9800998ecf8427e]
https://gdpr-staging.twitter.com [404] [GET] [] [] [tsa_b] [vhost] [d41d8cd98f00b204e9800998ecf8427e]
https://gdpr.twitter.com [200] [GET] [text/html] [GDPR] [tsa_b] [vhost] [6c457650eb434fb0331c0a944e16cbc7]
https://geo1.api.twitter.com [404] [GET] [] [] [tsa_b] [vhost] [d41d8cd98f00b204e9800998ecf8427e]
https://geo5.twitter.com [404] [GET] [] [] [tsa_b] [vhost] [d41d8cd98f00b204e9800998ecf8427e]
https://ghosted.twitter.com [302] [GET] [] [] [tsa_b] [vhost] [d41d8cd98f00b204e9800998ecf8427e]
https://glaad.twitter.com [302] [GET] [] [] [tsa_b] [vhost] [d41d8cd98f00b204e9800998ecf8427e]
https://globalcitizen.twitter.com [302] [GET] [] [] [tsa_b] [vhost] [d41d8cd98f00b204e9800998ecf8427e]
https://globalcitizenfestival.twitter.com [302] [GET] [] [] [tsa_b] [vhost] [d41d8cd98f00b204e9800998ecf8427e]
https://gnip-api.twitter.com [404] [GET] [] [] [tsa_b] [vhost] [d41d8cd98f00b204e9800998ecf8427e]
https://gnip-stream.twitter.com [404] [GET] [] [] [tsa_b] [vhost] [d41d8cd98f00b204e9800998ecf8427e]
https://goldenglobes.twitter.com [302] [GET] [] [] [tsa_b] [vhost] [d41d8cd98f00b204e9800998ecf8427e]
https://gov.twitter.com [404] [GET] [] [] [tsa_b] [vhost] [d41d8cd98f00b204e9800998ecf8427e]
https://grammys.twitter.com [302] [GET] [] [] [tsa_b] [vhost] [d41d8cd98f00b204e9800998ecf8427e]
https://graphql.twitter.com [404] [GET] [] [] [tsa_b] [vhost] [d41d8cd98f00b204e9800998ecf8427e]
https://groups.twitter.com [301] [GET] [] [] [tsa_b] [vhost] [d41d8cd98f00b204e9800998ecf8427e]
https://gtcp2.twitter.com [404] [GET] [] [] [tsa_b] [vhost] [d41d8cd98f00b204e9800998ecf8427e]
https://gtcp3.twitter.com [404] [GET] [] [] [tsa_b] [vhost] [d41d8cd98f00b204e9800998ecf8427e]
https://gttr-staging.twitter.com [404] [GET] [] [] [tsa_b] [vhost] [d41d8cd98f00b204e9800998ecf8427e]
https://handinhand.twitter.com [404] [GET] [] [] [tsa_b] [vhost] [d41d8cd98f00b204e9800998ecf8427e]
https://happening-staging.twitter.com [404] [GET] [] [] [tsa_b] [vhost] [d41d8cd98f00b204e9800998ecf8427e]
https://happening.twitter.com [302] [GET] [text/html] [302 Found] [tsa_b] [vhost] [64c3e220bd0af5803bbf8b7f81921e1c]
https://hearings.twitter.com [404] [GET] [] [] [tsa_b] [vhost] [d41d8cd98f00b204e9800998ecf8427e]
https://help-dev.twitter.com [404] [GET] [] [] [tsa_b] [vhost] [d41d8cd98f00b204e9800998ecf8427e]
https://help-internal.twitter.com [404] [GET] [] [] [tsa_b] [vhost] [d41d8cd98f00b204e9800998ecf8427e]
https://help-staging.twitter.com [404] [GET] [] [] [tsa_b] [vhost] [d41d8cd98f00b204e9800998ecf8427e]
https://help.twitter.com [302] [GET] [text/html] [302 Found] [tsa_b] [vhost] [8287baf8129cbcd461b5b1ec8252db01]
https://hope140.twitter.com [302] [GET] [] [] [tsa_b] [vhost] [d41d8cd98f00b204e9800998ecf8427e]
https://horizon-dev.twitter.com [404] [GET] [] [] [tsa_b] [vhost] [d41d8cd98f00b204e9800998ecf8427e]
https://horizon-staging.twitter.com [404] [GET] [] [] [tsa_b] [vhost] [d41d8cd98f00b204e9800998ecf8427e]
https://horizon.twitter.com [404] [GET] [text/html] [Twitter / ?] [tsa_b] [vhost] [Fourthwall] [5a400c099a66251049a0123dc199862c]
https://iem.twitter.com [302] [GET] [] [] [tsa_b] [vhost] [d41d8cd98f00b204e9800998ecf8427e]
https://ifl.twitter.com [302] [GET] [] [] [tsa_b] [vhost] [d41d8cd98f00b204e9800998ecf8427e]
https://ign.twitter.com [302] [GET] [] [] [tsa_b] [vhost] [d41d8cd98f00b204e9800998ecf8427e]
https://ijf.twitter.com [302] [GET] [] [] [tsa_b] [vhost] [d41d8cd98f00b204e9800998ecf8427e]
https://imaginedragons.twitter.com [302] [GET] [] [] [tsa_b] [vhost] [d41d8cd98f00b204e9800998ecf8427e]
https://imdb.twitter.com [302] [GET] [] [] [tsa_b] [vhost] [d41d8cd98f00b204e9800998ecf8427e]
https://inauguration.twitter.com [302] [GET] [] [] [tsa_b] [vhost] [d41d8cd98f00b204e9800998ecf8427e]
https://innovators.twitter.com [200] [GET] [text/html] [Innovators] [tsa_b] [vhost] [fb89a72487545f7e8525d1eea69da985]
https://insights.twitter.com [301] [GET] [] [] [tsa_b] [vhost] [d41d8cd98f00b204e9800998ecf8427e]
https://integratedsearch.twitter.com [404] [GET] [] [] [tsa_b] [vhost] [d41d8cd98f00b204e9800998ecf8427e]
https://interactive.twitter.com [302] [GET] [] [] [tsa_b] [vhost] [d41d8cd98f00b204e9800998ecf8427e]
https://intl.twitter.com [404] [GET] [] [] [tsa_o] [vhost] [d41d8cd98f00b204e9800998ecf8427e]
https://investor.twitter.com [301] [GET] [] [] [tsa_b] [vhost] [d41d8cd98f00b204e9800998ecf8427e]
https://ittr-staging.twitter.com [404] [GET] [] [] [tsa_b] [vhost] [d41d8cd98f00b204e9800998ecf8427e]
https://ittr.twitter.com [404] [GET] [] [] [tsa_b] [vhost] [d41d8cd98f00b204e9800998ecf8427e]
https://jleague.twitter.com [404] [GET] [] [] [tsa_b] [vhost] [d41d8cd98f00b204e9800998ecf8427e]
https://jobs.twitter.com [301] [GET] [] [] [tsa_b] [vhost] [d41d8cd98f00b204e9800998ecf8427e]
https://jointsession.twitter.com [302] [GET] [] [] [tsa_b] [vhost] [d41d8cd98f00b204e9800998ecf8427e]
https://jtbc.twitter.com [302] [GET] [] [] [tsa_b] [vhost] [d41d8cd98f00b204e9800998ecf8427e]
https://judo.twitter.com [302] [GET] [] [] [tsa_b] [vhost] [d41d8cd98f00b204e9800998ecf8427e]
https://katyperry.twitter.com [404] [GET] [] [] [tsa_b] [vhost] [d41d8cd98f00b204e9800998ecf8427e]
https://kbs.twitter.com [404] [GET] [] [] [tsa_b] [vhost] [d41d8cd98f00b204e9800998ecf8427e]
https://kentuckyderby.twitter.com [302] [GET] [] [] [tsa_b] [vhost] [d41d8cd98f00b204e9800998ecf8427e]
https://khalid.twitter.com [302] [GET] [] [] [tsa_b] [vhost] [d41d8cd98f00b204e9800998ecf8427e]
https://koreanelection.twitter.com [404] [GET] [] [] [tsa_b] [vhost] [d41d8cd98f00b204e9800998ecf8427e]
https://laliga.twitter.com [404] [GET] [] [] [tsa_b] [vhost] [d41d8cd98f00b204e9800998ecf8427e]
https://leagueoflegends.twitter.com [302] [GET] [] [] [tsa_b] [vhost] [d41d8cd98f00b204e9800998ecf8427e]
https://legacy-api.twitter.com [404] [GET] [] [] [tsa_b] [vhost] [d41d8cd98f00b204e9800998ecf8427e]
https://legal-staging.twitter.com [404] [GET] [] [] [tsa_b] [vhost] [d41d8cd98f00b204e9800998ecf8427e]
https://legal.twitter.com [302] [GET] [text/html] [] [tsa_b] [vhost] [d41d8cd98f00b204e9800998ecf8427e]
https://legalrequests.twitter.com [307] [GET] [] [] [tsa_b] [vhost] [d41d8cd98f00b204e9800998ecf8427e]
https://lite-dev.twitter.com [404] [GET] [] [] [tsa_b] [vhost] [d41d8cd98f00b204e9800998ecf8427e]
https://lite-staging.twitter.com [404] [GET] [] [] [tsa_b] [vhost] [d41d8cd98f00b204e9800998ecf8427e]
https://lite.twitter.com [301] [GET] [] [] [tsa_b] [vhost] [d41d8cd98f00b204e9800998ecf8427e]
https://live.twitter.com [302] [GET] [] [] [tsa_b] [vhost] [d41d8cd98f00b204e9800998ecf8427e]
https://livenation.twitter.com [302] [GET] [] [] [tsa_b] [vhost] [d41d8cd98f00b204e9800998ecf8427e]
https://lnb.twitter.com [302] [GET] [] [] [tsa_b] [vhost] [d41d8cd98f00b204e9800998ecf8427e]
https://lol.twitter.com [404] [GET] [] [] [tsa_b] [vhost] [d41d8cd98f00b204e9800998ecf8427e]
https://lon-api.twitter.com [404] [GET] [] [] [tsa_f] [vhost] [d41d8cd98f00b204e9800998ecf8427e]
https://m.twitter.com [301] [GET] [] [] [tsa_b] [vhost] [d41d8cd98f00b204e9800998ecf8427e]
https://mail.twitter.com [301] [GET] [] [] [tsa_b] [vhost] [d41d8cd98f00b204e9800998ecf8427e]
https://marchmadness.twitter.com [302] [GET] [] [] [tsa_b] [vhost] [d41d8cd98f00b204e9800998ecf8427e]
https://marketing-dev.twitter.com [404] [GET] [] [] [tsa_b] [vhost] [d41d8cd98f00b204e9800998ecf8427e]
https://marketing-staging.twitter.com [404] [GET] [] [] [tsa_b] [vhost] [d41d8cd98f00b204e9800998ecf8427e]
https://marketing.twitter.com [302] [GET] [text/html] [302 Found] [tsa_b] [vhost] [3005520b3d27c11c67894f25f12649ab]
https://measure2.twitter.com [404] [GET] [] [] [tsa_b] [vhost] [d41d8cd98f00b204e9800998ecf8427e]
https://measure3.twitter.com [404] [GET] [] [] [tsa_b] [vhost] [d41d8cd98f00b204e9800998ecf8427e]
https://media-dev.twitter.com [404] [GET] [] [] [tsa_b] [vhost] [d41d8cd98f00b204e9800998ecf8427e]
https://media-staging.twitter.com [404] [GET] [] [] [tsa_b] [vhost] [d41d8cd98f00b204e9800998ecf8427e]
https://media.twitter.com [200] [GET] [text/html] [Media] [tsa_b] [vhost] [9e22de60beaf654f4e264647a1e4274d]
https://melbournecup.twitter.com [302] [GET] [] [] [tsa_b] [vhost] [d41d8cd98f00b204e9800998ecf8427e]
https://mia-api.twitter.com [404] [GET] [] [] [tsa_c] [vhost] [d41d8cd98f00b204e9800998ecf8427e]
https://michaelkors.twitter.com [302] [GET] [] [] [tsa_b] [vhost] [d41d8cd98f00b204e9800998ecf8427e]
https://mit-election.twitter.com [404] [GET] [] [] [tsa_b] [vhost] [d41d8cd98f00b204e9800998ecf8427e]
https://mlb.twitter.com [302] [GET] [] [] [tsa_b] [vhost] [d41d8cd98f00b204e9800998ecf8427e]
https://mll.twitter.com [302] [GET] [] [] [tsa_b] [vhost] [d41d8cd98f00b204e9800998ecf8427e]
https://mls.twitter.com [404] [GET] [] [] [tsa_b] [vhost] [d41d8cd98f00b204e9800998ecf8427e]
https://mmafighting.twitter.com [404] [GET] [] [] [tsa_b] [vhost] [d41d8cd98f00b204e9800998ecf8427e]
https://mobile.twitter.com [200] [GET] [text/html] [] [tsa_b] [vhost] [Express,Node.js] [13b8d169bf08d1fe6cc44b0e666aa260]
https://mobile.twitter.com [400] [GET] [text/html] [] [tsa_b] [vhost] [Express,Node.js] [707ce03a500ab9f161b71c152cd6ab9a]
https://mobilefeedback.twitter.com [302] [GET] [] [] [tsa_b] [vhost] [d41d8cd98f00b204e9800998ecf8427e]
https://momentmaker.twitter.com [200] [GET] [text/html] [MomentMaker] [tsa_b] [vhost] [Express,Node.js] [dc3ef967393503c8820b6428e2c3e39d]
https://moments.twitter.com [404] [GET] [] [] [tsa_b] [vhost] [d41d8cd98f00b204e9800998ecf8427e]
https://monsterstrike.twitter.com [302] [GET] [] [] [tsa_b] [vhost] [d41d8cd98f00b204e9800998ecf8427e]
https://mp-internal-dev.twitter.com [404] [GET] [] [] [tsa_b] [vhost] [d41d8cd98f00b204e9800998ecf8427e]
https://mp-internal.twitter.com [200] [GET] [text/html] [Advanced Bidding] [tsa_b] [vhost] [b1f35c81db89579254f397dac6635b1e]
https://ms1.twitter.com [404] [GET] [] [] [tsa_b] [vhost] [d41d8cd98f00b204e9800998ecf8427e]
https://ms2.twitter.com [404] [GET] [] [] [tsa_b] [vhost] [d41d8cd98f00b204e9800998ecf8427e]
https://ms3.twitter.com [404] [GET] [] [] [tsa_b] [vhost] [d41d8cd98f00b204e9800998ecf8427e]
https://ms4.twitter.com [404] [GET] [] [] [tsa_b] [vhost] [d41d8cd98f00b204e9800998ecf8427e]
https://ms5.twitter.com [404] [GET] [] [] [tsa_b] [vhost] [d41d8cd98f00b204e9800998ecf8427e]
https://mtv.twitter.com [302] [GET] [] [] [tsa_b] [vhost] [d41d8cd98f00b204e9800998ecf8427e]
https://mux.twitter.com [404] [GET] [] [] [tsa_b] [vhost] [d41d8cd98f00b204e9800998ecf8427e]
https://nabc.twitter.com [302] [GET] [] [] [tsa_b] [vhost] [d41d8cd98f00b204e9800998ecf8427e]
https://nascar.twitter.com [302] [GET] [] [] [tsa_b] [vhost] [d41d8cd98f00b204e9800998ecf8427e]
https://natgeo.twitter.com [404] [GET] [] [] [tsa_b] [vhost] [d41d8cd98f00b204e9800998ecf8427e]
https://nationalgeographic.twitter.com [404] [GET] [] [] [tsa_b] [vhost] [d41d8cd98f00b204e9800998ecf8427e]
https://neptune.twitter.com [404] [GET] [] [] [tsa_b] [vhost] [d41d8cd98f00b204e9800998ecf8427e]
https://nfl.twitter.com [302] [GET] [] [] [tsa_b] [vhost] [d41d8cd98f00b204e9800998ecf8427e]
https://nhl.twitter.com [302] [GET] [] [] [tsa_b] [vhost] [d41d8cd98f00b204e9800998ecf8427e]
https://nike.twitter.com [302] [GET] [] [] [tsa_b] [vhost] [d41d8cd98f00b204e9800998ecf8427e]
https://nikebreaking2.twitter.com [302] [GET] [] [] [tsa_b] [vhost] [d41d8cd98f00b204e9800998ecf8427e]
https://nll.twitter.com [404] [GET] [] [] [tsa_b] [vhost] [d41d8cd98f00b204e9800998ecf8427e]
https://nonprofits.twitter.com [301] [GET] [] [] [tsa_b] [vhost] [d41d8cd98f00b204e9800998ecf8427e]
https://nwhl.twitter.com [302] [GET] [] [] [tsa_b] [vhost] [d41d8cd98f00b204e9800998ecf8427e]
https://opensource.twitter.com [301] [GET] [] [] [tsa_b] [vhost] [d41d8cd98f00b204e9800998ecf8427e]
https://operator.twitter.com [404] [GET] [] [] [tsa_b] [vhost] [d41d8cd98f00b204e9800998ecf8427e]
https://oscars.twitter.com [302] [GET] [] [] [tsa_b] [vhost] [d41d8cd98f00b204e9800998ecf8427e]
https://overwatch.twitter.com [404] [GET] [] [] [tsa_b] [vhost] [d41d8cd98f00b204e9800998ecf8427e]
https://overwatchwc.twitter.com [404] [GET] [] [] [tsa_b] [vhost] [d41d8cd98f00b204e9800998ecf8427e]
https://partner-stream.twitter.com [404] [GET] [] [] [tsa_b] [vhost] [d41d8cd98f00b204e9800998ecf8427e]
https://partners-api.twitter.com [404] [GET] [] [] [tsa_b] [vhost] [d41d8cd98f00b204e9800998ecf8427e]
https://partners-dev.twitter.com [404] [GET] [] [] [tsa_b] [vhost] [d41d8cd98f00b204e9800998ecf8427e]
https://partners-staging.twitter.com [404] [GET] [] [] [tsa_b] [vhost] [d41d8cd98f00b204e9800998ecf8427e]
https://partners.twitter.com [302] [GET] [text/html] [302 Found] [tsa_b] [vhost] [f9a88422a9da7768479f5c4a8e78f07b]
https://partnerstream2.twitter.com [404] [GET] [] [] [tsa_b] [vhost] [d41d8cd98f00b204e9800998ecf8427e]
https://pbr.twitter.com [302] [GET] [] [] [tsa_b] [vhost] [d41d8cd98f00b204e9800998ecf8427e]
https://pbs.twitter.com [302] [GET] [] [] [tsa_b] [vhost] [d41d8cd98f00b204e9800998ecf8427e]
https://people.twitter.com [302] [GET] [] [] [tsa_b] [vhost] [d41d8cd98f00b204e9800998ecf8427e]
https://pgatourlive.twitter.com [404] [GET] [] [] [tsa_b] [vhost] [d41d8cd98f00b204e9800998ecf8427e]
https://pic.twitter.com [200] [GET] [text/html] [http://twitter.com/] [tsa_b] [vhost] [153184bd89b54769443f082b41fa3d3c]
https://platform.twitter.com [403] [GET] [application/xml] [] [AmazonS3] [vhost] [Amazon S3,Amazon Web Services] [33d01bf319c3eddb50c21350dfd694b6]
https://platform.twitter.com [403] [GET] [application/xml] [] [AmazonS3] [vhost] [Amazon S3,Amazon Web Services] [f32fd6a0e4504cfe1951509efa473afc]
https://polygon.twitter.com [404] [GET] [] [] [tsa_b] [vhost] [d41d8cd98f00b204e9800998ecf8427e]
https://pop-api.twitter.com [404] [GET] [] [] [tsa_b] [vhost] [d41d8cd98f00b204e9800998ecf8427e]
https://portugaltheman.twitter.com [302] [GET] [] [] [tsa_b] [vhost] [d41d8cd98f00b204e9800998ecf8427e]
https://preferencecenter.twitter.com [200] [GET] [text/html] [Preference Center] [tsa_b] [vhost] [af7f37f0d52d12f9cb9fcdb3809cc394]
https://privacy.twitter.com [302] [GET] [text/html] [302 Found] [tsa_b] [vhost] [7b3963f8ae54ba573af427c28ec8ea97]
https://probe.twitter.com [404] [GET] [] [] [tsa_b] [vhost] [d41d8cd98f00b204e9800998ecf8427e]
https://publish.twitter.com [200] [GET] [text/html] [Twitter Publish] [tsa_b] [vhost] [2b83efe8d4dd56b35c95eebedcd1838f]
https://publisher.twitter.com [301] [GET] [] [] [tsa_b] [vhost] [d41d8cd98f00b204e9800998ecf8427e]
https://pulse.twitter.com [301] [GET] [] [] [tsa_b] [vhost] [d41d8cd98f00b204e9800998ecf8427e]
https://radiodisney.twitter.com [404] [GET] [] [] [tsa_b] [vhost] [d41d8cd98f00b204e9800998ecf8427e]
https://rainbow6.twitter.com [302] [GET] [] [] [tsa_b] [vhost] [d41d8cd98f00b204e9800998ecf8427e]
https://rally.twitter.com [302] [GET] [] [] [tsa_b] [vhost] [d41d8cd98f00b204e9800998ecf8427e]
https://rdma.twitter.com [404] [GET] [] [] [tsa_b] [vhost] [d41d8cd98f00b204e9800998ecf8427e]
https://records.twitter.com [404] [GET] [] [] [tsa_b] [vhost] [d41d8cd98f00b204e9800998ecf8427e]
https://redbull.twitter.com [404] [GET] [] [] [tsa_b] [vhost] [d41d8cd98f00b204e9800998ecf8427e]
https://redcarpet.twitter.com [404] [GET] [] [] [tsa_b] [vhost] [d41d8cd98f00b204e9800998ecf8427e]
https://redzone.twitter.com [404] [GET] [] [] [tsa_b] [vhost] [d41d8cd98f00b204e9800998ecf8427e]
https://research.twitter.com [301] [GET] [] [] [tsa_b] [vhost] [d41d8cd98f00b204e9800998ecf8427e]
https://reverb.twitter.com [404] [GET] [] [] [tsa_b] [vhost] [d41d8cd98f00b204e9800998ecf8427e]
https://rockinrio.twitter.com [404] [GET] [] [] [tsa_b] [vhost] [d41d8cd98f00b204e9800998ecf8427e]
https://rogueone.twitter.com [302] [GET] [] [] [tsa_b] [vhost] [d41d8cd98f00b204e9800998ecf8427e]
https://rule.twitter.com [302] [GET] [] [] [tsa_b] [vhost] [d41d8cd98f00b204e9800998ecf8427e]
https://rules.twitter.com [302] [GET] [] [] [tsa_b] [vhost] [d41d8cd98f00b204e9800998ecf8427e]
https://sa.twitter.com [404] [GET] [] [] [tsa_b] [vhost] [d41d8cd98f00b204e9800998ecf8427e]
https://safety.twitter.com [301] [GET] [] [] [tsa_b] [vhost] [d41d8cd98f00b204e9800998ecf8427e]
https://samanthabee.twitter.com [302] [GET] [] [] [tsa_b] [vhost] [d41d8cd98f00b204e9800998ecf8427e]
https://sambee.twitter.com [302] [GET] [] [] [tsa_b] [vhost] [d41d8cd98f00b204e9800998ecf8427e]
https://sao-api.twitter.com [404] [GET] [] [] [tsa_d] [vhost] [d41d8cd98f00b204e9800998ecf8427e]
https://scribe.twitter.com [404] [GET] [] [] [tsa_b] [vhost] [d41d8cd98f00b204e9800998ecf8427e]
https://sdcc.twitter.com [302] [GET] [] [] [tsa_b] [vhost] [d41d8cd98f00b204e9800998ecf8427e]
https://search.twitter.com [301] [GET] [] [] [tsa_b] [vhost] [d41d8cd98f00b204e9800998ecf8427e]
https://search2.twitter.com [404] [GET] [] [] [tsa_b] [vhost] [d41d8cd98f00b204e9800998ecf8427e]
https://showtime.twitter.com [302] [GET] [] [] [tsa_b] [vhost] [d41d8cd98f00b204e9800998ecf8427e]
https://showtimeboxing.twitter.com [302] [GET] [] [] [tsa_b] [vhost] [d41d8cd98f00b204e9800998ecf8427e]
https://sites.twitter.com [301] [GET] [] [] [tsa_b] [vhost] [d41d8cd98f00b204e9800998ecf8427e]
https://sitestream.twitter.com [404] [GET] [] [] [tsa_b] [vhost] [d41d8cd98f00b204e9800998ecf8427e]
https://skyboxing.twitter.com [404] [GET] [] [] [tsa_b] [vhost] [d41d8cd98f00b204e9800998ecf8427e]
https://skynews.twitter.com [404] [GET] [] [] [tsa_b] [vhost] [d41d8cd98f00b204e9800998ecf8427e]
https://smf-api.twitter.com [404] [GET] [] [] [tsa_a] [vhost] [d41d8cd98f00b204e9800998ecf8427e]
https://sms-be-vip.twitter.com [404] [GET] [text/html] [Twitter / ?] [tsa_b] [vhost] [Fourthwall] [5a400c099a66251049a0123dc199862c]
https://sms-be.twitter.com [404] [GET] [text/html] [Twitter / ?] [tsa_b] [vhost] [Fourthwall] [5a400c099a66251049a0123dc199862c]
https://sms.twitter.com [404] [GET] [text/html] [Twitter / ?] [tsa_b] [vhost] [Fourthwall] [5a400c099a66251049a0123dc199862c]
https://soccer.twitter.com [404] [GET] [] [] [tsa_b] [vhost] [d41d8cd98f00b204e9800998ecf8427e]
https://solareclipse.twitter.com [404] [GET] [] [] [tsa_b] [vhost] [d41d8cd98f00b204e9800998ecf8427e]
https://ss.twitter.com [404] [GET] [] [] [tsa_a] [vhost] [d41d8cd98f00b204e9800998ecf8427e]
https://stadium.twitter.com [404] [GET] [] [] [tsa_b] [vhost] [d41d8cd98f00b204e9800998ecf8427e]
https://staging-jobs.twitter.com [404] [GET] [] [] [tsa_b] [vhost] [d41d8cd98f00b204e9800998ecf8427e]
https://staging.video.twitter.com [404] [GET] [] [] [tsa_b] [vhost] [d41d8cd98f00b204e9800998ecf8427e]
https://staging1-partnerstream1.twitter.com [404] [GET] [] [] [tsa_b] [vhost] [d41d8cd98f00b204e9800998ecf8427e]
https://staging2-partnerstream1.twitter.com [404] [GET] [] [] [tsa_b] [vhost] [d41d8cd98f00b204e9800998ecf8427e]
https://stanford.twitter.com [301] [GET] [] [] [tsa_b] [vhost] [d41d8cd98f00b204e9800998ecf8427e]
https://start.twitter.com [301] [GET] [] [] [tsa_b] [vhost] [d41d8cd98f00b204e9800998ecf8427e]
https://starters.twitter.com [302] [GET] [] [] [tsa_b] [vhost] [d41d8cd98f00b204e9800998ecf8427e]
https://static.twitter.com [404] [GET] [] [] [tsa_b] [vhost] [d41d8cd98f00b204e9800998ecf8427e]
https://stories.twitter.com [301] [GET] [] [] [tsa_b] [vhost] [d41d8cd98f00b204e9800998ecf8427e]
https://stream.twitter.com [404] [GET] [] [] [tsa_b] [vhost] [d41d8cd98f00b204e9800998ecf8427e]
https://streamys.twitter.com [302] [GET] [] [] [tsa_b] [vhost] [d41d8cd98f00b204e9800998ecf8427e]
https://studio.twitter.com [307] [GET] [] [] [tsa_b] [vhost] [d41d8cd98f00b204e9800998ecf8427e]
https://support.twitter.com [301] [GET] [] [] [tsa_b] [vhost] [d41d8cd98f00b204e9800998ecf8427e]
https://sxsw.twitter.com [302] [GET] [] [] [tsa_b] [vhost] [d41d8cd98f00b204e9800998ecf8427e]
https://syd-api.twitter.com [404] [GET] [] [] [tsa_l] [vhost] [d41d8cd98f00b204e9800998ecf8427e]
https://syndication.twitter.com [404] [GET] [] [] [tsa_b] [vhost] [d41d8cd98f00b204e9800998ecf8427e]
https://takeflight-staging.twitter.com [404] [GET] [] [] [tsa_b] [vhost] [d41d8cd98f00b204e9800998ecf8427e]
https://takeflight.twitter.com [302] [GET] [text/html] [302 Found] [tsa_b] [vhost] [40f1b77c0fc6a2085cba365a8716464c]
https://tales.twitter.com [301] [GET] [] [] [tsa_b] [vhost] [d41d8cd98f00b204e9800998ecf8427e]
https://td.twitter.com [301] [GET] [] [] [tsa_b] [vhost] [d41d8cd98f00b204e9800998ecf8427e]
https://tdapi.twitter.com [301] [GET] [] [] [tsa_b] [vhost] [d41d8cd98f00b204e9800998ecf8427e]
https://tdweb.twitter.com [301] [GET] [] [] [tsa_b] [vhost] [d41d8cd98f00b204e9800998ecf8427e]
https://thedugout.twitter.com [302] [GET] [] [] [tsa_b] [vhost] [d41d8cd98f00b204e9800998ecf8427e]
https://theemawards.twitter.com [302] [GET] [] [] [tsa_b] [vhost] [d41d8cd98f00b204e9800998ecf8427e]
https://thegameawards.twitter.com [302] [GET] [] [] [tsa_b] [vhost] [d41d8cd98f00b204e9800998ecf8427e]
https://theplayers.twitter.com [404] [GET] [] [] [tsa_b] [vhost] [d41d8cd98f00b204e9800998ecf8427e]
https://therally.twitter.com [302] [GET] [] [] [tsa_b] [vhost] [d41d8cd98f00b204e9800998ecf8427e]
https://thewarmup.twitter.com [302] [GET] [] [] [tsa_b] [vhost] [d41d8cd98f00b204e9800998ecf8427e]
https://tinteractive-staging.twitter.com [404] [GET] [] [] [tsa_b] [vhost] [d41d8cd98f00b204e9800998ecf8427e]
https://tinteractive.twitter.com [404] [GET] [text/html] [Twitter / ?] [tsa_b] [vhost] [Fourthwall] [5a400c099a66251049a0123dc199862c]
https://tnf.twitter.com [302] [GET] [] [] [tsa_b] [vhost] [d41d8cd98f00b204e9800998ecf8427e]
https://tnt.twitter.com [302] [GET] [] [] [tsa_b] [vhost] [d41d8cd98f00b204e9800998ecf8427e]
https://tommynow.twitter.com [302] [GET] [] [] [tsa_b] [vhost] [d41d8cd98f00b204e9800998ecf8427e]
https://ton.twitter.com [400] [GET] [] [] [tsa_b] [vhost] [d41d8cd98f00b204e9800998ecf8427e]
https://tpop-api.twitter.com [404] [GET] [] [] [tsa_b] [vhost] [d41d8cd98f00b204e9800998ecf8427e]
https://train.twitter.com [302] [GET] [] [] [tsa_b] [vhost] [d41d8cd98f00b204e9800998ecf8427e]
https://translate.twitter.com [200] [GET] [text/html] [Twitter Translation Center] [tsa_b] [vhost] [Ruby,Ruby on Rails] [060fd4bd293f8836671886540f53cbd0]
https://translate.twitter.com [200] [GET] [text/html] [Twitter Translation Center] [tsa_b] [vhost] [Ruby,Ruby on Rails] [6d86065157753c865cc6cbf6937a3b24]
https://transparency-staging.twitter.com [404] [GET] [] [] [tsa_b] [vhost] [d41d8cd98f00b204e9800998ecf8427e]
https://transparency.twitter.com [200] [GET] [text/html] [Twitter Transparency Center] [tsa_b] [vhost] [063347d200f0111b7a47100d84b99c8a]
https://tv-api.twitter.com [404] [GET] [] [] [tsa_b] [vhost] [d41d8cd98f00b204e9800998ecf8427e]
https://tw-ton.twitter.com [400] [GET] [] [] [tsa_b] [vhost] [d41d8cd98f00b204e9800998ecf8427e]
https://tweet.twitter.com [404] [GET] [] [] [tsa_b] [vhost] [d41d8cd98f00b204e9800998ecf8427e]
https://tweetdeck.twitter.com [200] [GET] [text/html] [TweetDeck] [tsa_b] [vhost] [bf43ac4b969d71a7587b57fd67090281]
https://tweetdeck.twitter.com [302] [GET] [] [] [tsa_b] [vhost] [d41d8cd98f00b204e9800998ecf8427e]
https://twemoji.twitter.com [200] [GET] [text/html] [Twemoji] [tsa_b] [vhost] [90d32738465753a611784552b80de1f2]
https://twitter.com [302] [GET] [] [] [tsa_b] [vhost] [d41d8cd98f00b204e9800998ecf8427e]
https://tyo-api.twitter.com [404] [GET] [] [] [tsa_m] [vhost] [d41d8cd98f00b204e9800998ecf8427e]
https://uclfinal.twitter.com [302] [GET] [] [] [tsa_b] [vhost] [d41d8cd98f00b204e9800998ecf8427e]
https://ufes.twitter.com [302] [GET] [] [] [tsa_b] [vhost] [d41d8cd98f00b204e9800998ecf8427e]
https://ukelection.twitter.com [404] [GET] [] [] [tsa_b] [vhost] [d41d8cd98f00b204e9800998ecf8427e]
https://university.twitter.com [301] [GET] [] [] [tsa_b] [vhost] [d41d8cd98f00b204e9800998ecf8427e]
https://upload-0-0-0-0.twitter.com [410] [GET] [text/plain] [] [tsa_b] [vhost] [db2c415a21674e9480e825696d313b61]
https://upload-0-4-6.twitter.com [410] [GET] [text/plain] [] [tsa_b] [vhost] [db2c415a21674e9480e825696d313b61]
https://upload-36-0-0.twitter.com [410] [GET] [text/plain] [] [tsa_b] [vhost] [db2c415a21674e9480e825696d313b61]
https://upload-45-0-0.twitter.com [410] [GET] [text/plain] [] [tsa_b] [vhost] [db2c415a21674e9480e825696d313b61]
https://upload.twitter.com [410] [GET] [text/plain] [] [tsa_b] [vhost] [db2c415a21674e9480e825696d313b61]
https://userstream.twitter.com [404] [GET] [] [] [tsa_b] [vhost] [d41d8cd98f00b204e9800998ecf8427e]
https://vanityfair.twitter.com [302] [GET] [] [] [tsa_b] [vhost] [d41d8cd98f00b204e9800998ecf8427e]
https://vast.twitter.com [404] [GET] [] [] [tsa_b] [vhost] [d41d8cd98f00b204e9800998ecf8427e]
https://verification.twitter.com [302] [GET] [text/html] [] [tsa_b] [vhost] [063123e53db16cbba1345c0e79f1f5f1]
https://vevo.twitter.com [302] [GET] [] [] [tsa_b] [vhost] [d41d8cd98f00b204e9800998ecf8427e]
https://vice.twitter.com [404] [GET] [] [] [tsa_b] [vhost] [d41d8cd98f00b204e9800998ecf8427e]
https://video.twitter.com [301] [GET] [] [] [tsa_b] [vhost] [d41d8cd98f00b204e9800998ecf8427e]
https://videoads.twitter.com [404] [GET] [] [] [tsa_b] [vhost] [d41d8cd98f00b204e9800998ecf8427e]
https://vine.twitter.com [404] [GET] [] [] [tsa_b] [vhost] [d41d8cd98f00b204e9800998ecf8427e]
https://vivelatino.twitter.com [302] [GET] [] [] [tsa_b] [vhost] [d41d8cd98f00b204e9800998ecf8427e]
https://vmas.twitter.com [302] [GET] [] [] [tsa_b] [vhost] [d41d8cd98f00b204e9800998ecf8427e]
https://warmup.twitter.com [302] [GET] [] [] [tsa_b] [vhost] [d41d8cd98f00b204e9800998ecf8427e]
https://watchstadium.twitter.com [404] [GET] [] [] [tsa_b] [vhost] [d41d8cd98f00b204e9800998ecf8427e]
https://wimbledon.twitter.com [302] [GET] [] [] [tsa_b] [vhost] [d41d8cd98f00b204e9800998ecf8427e]
https://wwdc.twitter.com [404] [GET] [] [] [tsa_b] [vhost] [d41d8cd98f00b204e9800998ecf8427e]
https://wwe.twitter.com [404] [GET] [] [] [tsa_b] [vhost] [d41d8cd98f00b204e9800998ecf8427e]
https://www.debate.twitter.com [404] [GET] [] [] [tsa_b] [vhost] [d41d8cd98f00b204e9800998ecf8427e]
https://www.debates.twitter.com [404] [GET] [] [] [tsa_b] [vhost] [d41d8cd98f00b204e9800998ecf8427e]
https://www.search.twitter.com [404] [GET] [] [] [tsa_b] [vhost] [d41d8cd98f00b204e9800998ecf8427e]
https://www.tnf.twitter.com [404] [GET] [] [] [tsa_b] [vhost] [d41d8cd98f00b204e9800998ecf8427e]
https://www.twitter.com [302] [GET] [] [] [tsa_b] [vhost] [d41d8cd98f00b204e9800998ecf8427e]
https://www2.twitter.com [404] [GET] [] [] [tsa_a] [vhost] [d41d8cd98f00b204e9800998ecf8427e]
https://xbox.twitter.com [302] [GET] [] [] [tsa_b] [vhost] [d41d8cd98f00b204e9800998ecf8427e]
https://yearinreview.twitter.com [302] [GET] [] [] [tsa_b] [vhost] [d41d8cd98f00b204e9800998ecf8427e]
https://zacbrown.twitter.com [302] [GET] [] [] [tsa_b] [vhost] [d41d8cd98f00b204e9800998ecf8427e]
https://zacbrownband.twitter.com [302] [GET] [] [] [tsa_b] [vhost] [d41d8cd98f00b204e9800998ecf8427e]
https://zbb.twitter.com [302] [GET] [] [] [tsa_b] [vhost] [d41d8cd98f00b204e9800998ecf8427e]
https://zedd.twitter.com [302] [GET] [] [] [tsa_b] [vhost] [d41d8cd98f00b204e9800998ecf8427e]
https://zero.twitter.com [404] [GET] [] [] [tsa_b] [vhost] [d41d8cd98f00b204e9800998ecf8427e]
