http://calendar.ubnt.com [302] [GET] [text/html] [302 Moved] [ghs] [vhost] [77541b5ba2d8ccf510f9a506df3ef523]
http://dev-config.ubnt.com:8080 [302] [GET] [text/html] [302 Found] [nginx] [Nginx] [aff950cab4c0265e21d401db15f1026d]
http://dev-elite-billing.ubnt.com:8080 [302] [GET] [text/html] [Redirecting...] [gunicorn/19.8.1] [Python,gunicorn] [1d0839c07fed1b65c2fdedc5a7595ef4]
http://dev-fw-update2.ubnt.com [301] [GET] [text/html] [301 Moved Permanently] [CloudFront] [vhost] [cloudfront] [Amazon Cloudfront,Amazon Web Services] [e4e384d6672787c1bb2a9b500114f1f5]
http://dev-store.ubnt.com:8080 [403] [GET] [text/html] [Attention Required! | Cloudflare] [cloudflare] [4b56c3ee122a795caba83e17f83983ae]
http://dev-ubnt-redirect.ubnt.com:8080 [503] [GET] [text/html] [503 Service Temporarily Unavailable] [awselb/2.0] [81df4d3863debf3eceb5cf84251fd472]
http://dev-unifi-go.ubnt.com:8080 [301] [GET] [text/html] [Redirecting...] [gunicorn/19.8.1] [Python,gunicorn] [c41ed388569634b3a7c274018b25412c]
http://dev-unms-micro.ubnt.com:8080 [503] [GET] [text/html] [503 Service Temporarily Unavailable] [awselb/2.0] [613f79233487af685baf4b32a2397ede]
http://dl-origin.ubnt.com [403] [GET] [text/html] [403 Forbidden] [Apache] [Apache] [0152ed695f4291488741d98ba066d280]
http://docs.ubnt.com [302] [GET] [text/html] [302 Moved] [ghs] [vhost] [69a4f00544cd1ed80ae34a13e34c6081]
http://ir.ubnt.com [301] [GET] [text/html] [301 Moved Permanently] [] [vhost] [Amazon ALB,Amazon Web Services] [0d2025547d8004437a5b0b5242e78a02]
http://lt.corp.ubnt.com:9081 [302] [GET] [] [] [Jetty(9.4.14.v20181114)] [Java,Jetty] [d41d8cd98f00b204e9800998ecf8427e]
http://mail.ubnt.com [301] [GET] [text/html] [301 Moved] [ghs] [vhost] [875f52104efa8be4f34d8f6339b276b1]
http://repo.svc.ubnt.com [404] [GET] [text/html] [404 Not Found] [AmazonS3] [vhost] [Amazon S3,Amazon Web Services] [d082b62f016ce79900d0de886d37ec6f]
http://repo.ubnt.com [403] [GET] [text/html] [403 Forbidden] [Apache] [Apache] [0152ed695f4291488741d98ba066d280]
http://riga.corp.ubnt.com [200] [GET] [text/html] [] [nginx] [Nginx] [99914b932bd37a50b983c5e7c90ae93b]
http://stg-link.ubnt.com [301] [GET] [text/html] [301 Moved Permanently] [CloudFront] [vhost] [cloudfront] [Amazon Cloudfront,Amazon Web Services] [e4e384d6672787c1bb2a9b500114f1f5]
http://tw.corp.ubnt.com:8080 [302] [GET] [] [] [] [d41d8cd98f00b204e9800998ecf8427e]
http://ubnt.com:8080 [503] [GET] [text/html] [503 Service Temporarily Unavailable] [awselb/2.0] [613f79233487af685baf4b32a2397ede]
http://www.ubnt.com:8080 [503] [GET] [text/html] [503 Service Temporarily Unavailable] [awselb/2.0] [613f79233487af685baf4b32a2397ede]
https://aircontrol.ubnt.com [503] [GET] [text/html] [503 Service Temporarily Unavailable] [awselb/2.0] [613f79233487af685baf4b32a2397ede]
https://aircrm.ubnt.com [301] [GET] [text/html] [301 Moved Permanently] [nginx] [Nginx] [4f8e702cc244ec5d4de32740c0ecbd97]
https://airlink-be.ubnt.com [200] [GET] [application/json] [] [nginx/1.19.6] [Nginx] [c1ba58b05f6245f221ad65391fa6690b]
https://airlink.ubnt.com [301] [GET] [text/html] [301 Moved Permanently] [nginx] [Nginx] [4f8e702cc244ec5d4de32740c0ecbd97]
https://airmax.ubnt.com [301] [GET] [text/html] [301 Moved Permanently] [nginx] [Nginx] [4f8e702cc244ec5d4de32740c0ecbd97]
https://airos-api.ubnt.com [403] [GET] [text/html] [403 Forbidden] [Apache/2] [Apache] [eafa9a46abf629077c17e1f562721098]
https://airos-demo.ubnt.com [301] [GET] [text/html] [301 Moved Permanently] [nginx] [Nginx] [4f8e702cc244ec5d4de32740c0ecbd97]
https://api.ubnt.com [404] [GET] [text/html] [Not Found] [nginx/1.18.0] [vhost] [cloudfront] [Amazon Cloudfront,Amazon Web Services,Nginx] [c1631a03286061359054d70b9e158848]
https://app-switcher.ubnt.com [200] [GET] [text/html] [UniFi Application Switcher] [nginx] [Nginx] [f071de8d6001c03d948f3ea1734981ca]
https://billing-assets-prod.ec2-us-west-1.us1.svc.ubnt.com [404] [GET] [text/html] [] [nginx/1.1.19] [Nginx] [fedf23d133fee5e4f4770f19debcedc3]
https://blog.ubnt.com [301] [GET] [text/html] [301 Moved Permanently] [nginx] [Nginx] [4f8e702cc244ec5d4de32740c0ecbd97]
https://careers.ubnt.com [301] [GET] [text/html] [301 Moved Permanently] [nginx] [Nginx] [4f8e702cc244ec5d4de32740c0ecbd97]
https://cloudaccess.svc.ubnt.com [403] [GET] [application/json] [] [] [vhost] [cloudfront] [Amazon Cloudfront,Amazon Web Services] [905b1fbb26e082557ff0b3b3553cda6c]
https://community.ubnt.com [301] [GET] [text/html] [301 Moved Permanently] [nginx] [Nginx] [4f8e702cc244ec5d4de32740c0ecbd97]
https://compliance.ubnt.com [301] [GET] [text/html] [301 Moved Permanently] [nginx] [Nginx] [4f8e702cc244ec5d4de32740c0ecbd97]
https://conference.ubnt.com [301] [GET] [text/html] [301 Moved Permanently] [nginx] [Nginx] [4f8e702cc244ec5d4de32740c0ecbd97]
https://config.ubnt.com [302] [GET] [text/html] [302 Found] [nginx] [vhost] [cloudfront] [Amazon Cloudfront,Amazon Web Services,Nginx] [aff950cab4c0265e21d401db15f1026d]
https://demo.ubnt.com [301] [GET] [text/html] [301 Moved Permanently] [nginx] [Nginx] [4f8e702cc244ec5d4de32740c0ecbd97]
https://dev-account.ubnt.com [301] [GET] [text/html] [301 Moved Permanently] [nginx] [Nginx] [4f8e702cc244ec5d4de32740c0ecbd97]
https://dev-airlink.ubnt.com [301] [GET] [text/html] [301 Moved Permanently] [nginx] [Nginx] [4f8e702cc244ec5d4de32740c0ecbd97]
https://dev-config.ubnt.com [302] [GET] [text/html] [302 Found] [nginx] [Nginx] [aff950cab4c0265e21d401db15f1026d]
https://dev-config.ubnt.com:8443 [302] [GET] [text/html] [302 Found] [nginx] [Nginx] [aff950cab4c0265e21d401db15f1026d]
https://dev-demo.ubnt.com [301] [GET] [text/html] [301 Moved Permanently] [nginx] [Nginx] [4f8e702cc244ec5d4de32740c0ecbd97]
https://dev-direct.ubnt.com [301] [GET] [text/html] [301 Moved Permanently] [nginx] [Nginx] [4f8e702cc244ec5d4de32740c0ecbd97]
https://dev-elite-billing.ubnt.com [302] [GET] [text/html] [Redirecting...] [gunicorn/19.8.1] [Python,gunicorn] [ee506f975c9cd094160d4a0d0d87ae5f]
https://dev-elite-billing.ubnt.com:8443 [302] [GET] [text/html] [Redirecting...] [gunicorn/19.8.1] [Python,gunicorn] [ee506f975c9cd094160d4a0d0d87ae5f]
https://dev-home.ubnt.com [301] [GET] [text/html] [301 Moved Permanently] [nginx] [Nginx] [4f8e702cc244ec5d4de32740c0ecbd97]
https://dev-regional-community-es.ubnt.com [403] [GET] [text/html] [ERROR: The request could not be satisfied] [CloudFront] [vhost] [cloudfront] [Amazon Cloudfront,Amazon Web Services] [159bcdb6568fdf62b4c5a00cf4714042]
https://dev-regional-community-es.ubnt.com [403] [GET] [text/html] [ERROR: The request could not be satisfied] [CloudFront] [vhost] [cloudfront] [Amazon Cloudfront,Amazon Web Services] [bddcce7db2b1ead9ccb65ef47dde9e73]
https://dev-regional-community-pt.ubnt.com [403] [GET] [text/html] [ERROR: The request could not be satisfied] [CloudFront] [vhost] [cloudfront] [Amazon Cloudfront,Amazon Web Services] [a63036a99d7a84468f9ffc369141761e]
https://dev-regional-community-pt.ubnt.com [403] [GET] [text/html] [ERROR: The request could not be satisfied] [CloudFront] [vhost] [cloudfront] [Amazon Cloudfront,Amazon Web Services] [b16e62858c9c05dc1194a40784683cc9]
https://dev-sso.ubnt.com [404] [GET] [text/html] [Not Found] [nginx/1.18.0] [vhost] [cloudfront] [Amazon Cloudfront,Amazon Web Services,Nginx] [1e29101045f654458089a3d9b90f9105]
https://dev-sso.ubnt.com [404] [GET] [text/html] [Not Found] [nginx/1.18.0] [vhost] [cloudfront] [Amazon Cloudfront,Amazon Web Services,Nginx] [a93f56788e51dbb81d0e2fb3e7038e04]
https://dev-static.ubnt.com [302] [GET] [text/html] [302 Found] [nginx] [vhost] [cloudfront] [Amazon Cloudfront,Amazon Web Services,Nginx] [aff950cab4c0265e21d401db15f1026d]
https://dev-store.ubnt.com [302] [GET] [text/html] [] [cloudflare] [vhost] [Cloudflare,Shopify] [c9c1ff2aa661a3cb89aabc05647f3e5d]
https://dev-store.ubnt.com:8443 [403] [GET] [text/html] [Attention Required! | Cloudflare] [cloudflare] [vhost] [891002d2ff1d5852bdd57d856742ec40]
https://dev-training.ubnt.com [301] [GET] [] [] [lighttpd/1.4.55] [vhost] [lighttpd] [d41d8cd98f00b204e9800998ecf8427e]
https://dev-ubnt-redirect.ubnt.com [301] [GET] [text/html] [301 Moved Permanently] [nginx] [Nginx] [4f8e702cc244ec5d4de32740c0ecbd97]
https://dev-ubnt-redirect.ubnt.com:8443 [503] [GET] [text/html] [503 Service Temporarily Unavailable] [awselb/2.0] [613f79233487af685baf4b32a2397ede]
https://dev-unifi-ethermagic-micro.ubnt.com [301] [GET] [text/html] [301 Moved Permanently] [nginx] [Nginx] [4f8e702cc244ec5d4de32740c0ecbd97]
https://dev-unifi-go.ubnt.com [302] [GET] [text/html] [Redirecting...] [gunicorn/19.8.1] [Python,gunicorn] [165348528a0a8656d9c7104c34b15adf]
https://dev-unifi-go.ubnt.com:8443 [302] [GET] [text/html] [Redirecting...] [gunicorn/19.8.1] [Python,gunicorn] [165348528a0a8656d9c7104c34b15adf]
https://dev-unifi-mesh-micro.ubnt.com [301] [GET] [text/html] [301 Moved Permanently] [nginx] [Nginx] [4f8e702cc244ec5d4de32740c0ecbd97]
https://dev-unifi-micro.ubnt.com [301] [GET] [text/html] [301 Moved Permanently] [nginx] [Nginx] [4f8e702cc244ec5d4de32740c0ecbd97]
https://dev-unifi.ubnt.com [301] [GET] [text/html] [301 Moved Permanently] [nginx] [vhost] [cloudfront] [Amazon Cloudfront,Amazon Web Services,Nginx] [4f8e702cc244ec5d4de32740c0ecbd97]
https://dev-unms-demo.ubnt.com [301] [GET] [text/html] [301 Moved Permanently] [nginx] [Nginx] [4f8e702cc244ec5d4de32740c0ecbd97]
https://dev-unms-micro.ubnt.com [403] [GET] [text/html] [Sign In] [nginx] [Nginx] [fe4e6ad737f1363f2c5bf2876bbae799]
https://dev-unms-micro.ubnt.com:8443 [503] [GET] [text/html] [503 Service Temporarily Unavailable] [awselb/2.0] [613f79233487af685baf4b32a2397ede]
https://dev-www.ubnt.com [301] [GET] [text/html] [301 Moved Permanently] [nginx] [Nginx] [4f8e702cc244ec5d4de32740c0ecbd97]
https://dev.ubnt.com [403] [GET] [text/html] [403 Forbidden] [Apache/2] [Apache] [d2f56bd7fd91c028b9e6c9a60c568449]
https://direct.ubnt.com [301] [GET] [text/html] [301 Moved Permanently] [nginx] [Nginx] [4f8e702cc244ec5d4de32740c0ecbd97]
https://dl.ubnt.com [404] [GET] [text/html] [] [Apache] [vhost] [cloudfront] [Amazon Cloudfront,Amazon Web Services,Apache,Font Awesome,Google Font API] [f5e3836d84838c926eabae4c4be47331]
https://documentation.ubnt.com [301] [GET] [text/html] [301 Moved Permanently] [nginx] [Nginx] [4f8e702cc244ec5d4de32740c0ecbd97]
https://download.ubnt.com [301] [GET] [text/html] [301 Moved Permanently] [nginx] [Nginx] [4f8e702cc244ec5d4de32740c0ecbd97]
https://downloads.ubnt.com [301] [GET] [text/html] [301 Moved Permanently] [nginx] [Nginx] [4f8e702cc244ec5d4de32740c0ecbd97]
https://elevation-link.ubnt.com [403] [GET] [application/xml] [] [AmazonS3] [vhost] [cloudfront] [Amazon Cloudfront,Amazon S3,Amazon Web Services] [458f38201e839ddd82f43168c1c3a3a8]
https://elevation-link.ubnt.com [403] [GET] [application/xml] [] [AmazonS3] [vhost] [cloudfront] [Amazon Cloudfront,Amazon S3,Amazon Web Services] [a88b657b2f5c263c441e157e6d4910bd]
https://elite-billing.ubnt.com [302] [GET] [text/html] [Redirecting...] [gunicorn/19.8.1] [Python,gunicorn] [ee506f975c9cd094160d4a0d0d87ae5f]
https://elite-device.svc.ubnt.com [500] [GET] [application/json] [] [awselb/2.0] [d41d8cd98f00b204e9800998ecf8427e]
https://elite.ubnt.com [301] [GET] [text/html] [301 Moved Permanently] [nginx] [Nginx] [4f8e702cc244ec5d4de32740c0ecbd97]
https://ethermagic.ubnt.com [301] [GET] [text/html] [301 Moved Permanently] [nginx] [Nginx] [4f8e702cc244ec5d4de32740c0ecbd97]
https://eu.ubnt.com [301] [GET] [text/html] [301 Moved Permanently] [nginx] [Nginx] [4f8e702cc244ec5d4de32740c0ecbd97]
https://exams.ubnt.com [301] [GET] [text/html] [301 Moved Permanently] [nginx] [Nginx] [4f8e702cc244ec5d4de32740c0ecbd97]
https://experts.ubnt.com [301] [GET] [text/html] [301 Moved Permanently] [nginx] [Nginx] [4f8e702cc244ec5d4de32740c0ecbd97]
https://fiber.ubnt.com [301] [GET] [text/html] [301 Moved Permanently] [nginx] [Nginx] [4f8e702cc244ec5d4de32740c0ecbd97]
https://financing.ubnt.com [301] [GET] [text/html] [301 Moved Permanently] [nginx] [Nginx] [4f8e702cc244ec5d4de32740c0ecbd97]
https://forum-es.ubnt.com [301] [GET] [text/html] [301 Moved Permanently] [nginx] [Nginx] [4f8e702cc244ec5d4de32740c0ecbd97]
https://forum-pt-cdn.ubnt.com [200] [GET] [text/html] [Comunidade UBNT em Português] [Apache/2.4.38 (Debian)] [vhost] [cloudfront] [Amazon Cloudfront,Amazon Web Services,Apache,Debian,Google Font API,Google Tag Manager,PHP,Vanilla] [dd6f265b4414a6f2635d20811f7c96d2]
https://forum-pt.ubnt.com [301] [GET] [text/html] [301 Moved Permanently] [nginx] [Nginx] [4f8e702cc244ec5d4de32740c0ecbd97]
https://forum-reg-cdn.ubnt.com [200] [GET] [text/html] [Comunidad UBNT en Español] [Apache/2.4.38 (Debian)] [vhost] [cloudfront] [Amazon Cloudfront,Amazon Web Services,Apache,Debian,Google Font API,Google Tag Manager,PHP,Vanilla] [e80abf2b74ff5f3fa035178764398218]
https://forum-reg-cdn.ubnt.com [500] [GET] [text/html] [Something has gone wrong.] [Apache/2.4.38 (Debian)] [vhost] [cloudfront] [Amazon Cloudfront,Amazon Web Services,Apache,Debian,PHP] [8eaee0c5c063d113928a047dea3d0bd8]
https://forum.ubnt.com [301] [GET] [text/html] [301 Moved Permanently] [nginx] [Nginx] [4f8e702cc244ec5d4de32740c0ecbd97]
https://fw-download.ubnt.com [403] [GET] [application/xml] [] [AmazonS3] [vhost] [cloudfront] [Amazon Cloudfront,Amazon S3,Amazon Web Services] [90978df174df8b3a9f2ab8f3ef0ea69e]
https://fw-download.ubnt.com [403] [GET] [application/xml] [] [AmazonS3] [vhost] [cloudfront] [Amazon Cloudfront,Amazon S3,Amazon Web Services] [c5a196c38a19c9aadb167e5a5313d680]
https://fw-update.ubnt.com [404] [GET] [application/json] [] [] [98db852f61504f975f136da683b58305]
https://help-center-assets.ubnt.com [200] [GET] [text/html] [Ubiquiti Networks Support and Help Center] [nginx/1.11.13] [vhost] [cloudfront] [Amazon Cloudfront,Amazon Web Services,Nginx] [4eb90ee582f6ff97c7f20d1746432821]
https://help.ubnt.com [301] [GET] [text/html] [301 Moved Permanently] [nginx] [Nginx] [4f8e702cc244ec5d4de32740c0ecbd97]
https://inwall-hd.ubnt.com [301] [GET] [text/html] [301 Moved Permanently] [nginx] [Nginx] [4f8e702cc244ec5d4de32740c0ecbd97]
https://inwall.ubnt.com [301] [GET] [text/html] [301 Moved Permanently] [nginx] [Nginx] [4f8e702cc244ec5d4de32740c0ecbd97]
https://kb.ubnt.com [301] [GET] [text/html] [301 Moved Permanently] [nginx] [Nginx] [4f8e702cc244ec5d4de32740c0ecbd97]
https://link.ubnt.com [302] [GET] [text/plain] [] [] [Express,Node.js] [c67debd343c8276a52b20b4936a724ac]
https://ltu.ubnt.com [301] [GET] [text/html] [301 Moved Permanently] [nginx] [Nginx] [4f8e702cc244ec5d4de32740c0ecbd97]
https://mfi.ubnt.com [301] [GET] [text/html] [301 Moved Permanently] [nginx] [Nginx] [4f8e702cc244ec5d4de32740c0ecbd97]
https://nanohd.ubnt.com [301] [GET] [text/html] [301 Moved Permanently] [nginx] [Nginx] [4f8e702cc244ec5d4de32740c0ecbd97]
https://ping.ubnt.com [403] [GET] [text/html] [403 Forbidden] [cloudflare] [0127426bf3ba07ff7211399ddf5186c4]
https://prd-dev.ubnt.com [403] [GET] [text/html] [403 Forbidden] [Apache/2] [Apache] [04f12d7ef44eace16dbfb27457319e8a]
https://prd-regional-community-es.ubnt.com [500] [GET] [text/html] [Something has gone wrong.] [Apache/2.4.38 (Debian)] [vhost] [cloudfront] [Amazon Cloudfront,Amazon Web Services,Apache,Debian,PHP] [8eaee0c5c063d113928a047dea3d0bd8]
https://prd-ufv-updates.ubnt.com [404] [GET] [text/html] [Error] [] [Express,Node.js] [da7da7d630292e7a2a7dda8ca87b3d39]
https://prd-www-cdn.ubnt.com [403] [GET] [application/xml] [] [AmazonS3] [vhost] [cloudfront] [Amazon Cloudfront,Amazon S3,Amazon Web Services] [cbd28510d9c2922e9fc878bb11e01f53]
https://prd-www-cdn.ubnt.com [403] [GET] [application/xml] [] [AmazonS3] [vhost] [cloudfront] [Amazon Cloudfront,Amazon S3,Amazon Web Services] [da3d8ffe10e67abda7904c0b346422f8]
https://prd-www.ubnt.com [200] [GET] [text/html] [Ubiquiti - Simplifying IT] [nginx] [Google Font API,Nginx,React] [f884ae3efd04cc700a138b01b06f52d0]
https://protect.ubnt.com [301] [GET] [text/html] [301 Moved Permanently] [nginx] [Nginx] [4f8e702cc244ec5d4de32740c0ecbd97]
https://redirect.ubnt.com [301] [GET] [text/html] [301 Moved Permanently] [nginx] [Nginx] [4f8e702cc244ec5d4de32740c0ecbd97]
https://rma.ubnt.com [301] [GET] [text/html] [301 Moved Permanently] [nginx] [Nginx] [4f8e702cc244ec5d4de32740c0ecbd97]
https://sdn.ubnt.com [301] [GET] [text/html] [301 Moved Permanently] [nginx] [Nginx] [4f8e702cc244ec5d4de32740c0ecbd97]
https://security.ubnt.com [301] [GET] [text/html] [301 Moved Permanently] [nginx] [Nginx] [4f8e702cc244ec5d4de32740c0ecbd97]
https://shutdown.ubnt.com [301] [GET] [text/html] [301 Moved Permanently] [nginx] [Nginx] [4f8e702cc244ec5d4de32740c0ecbd97]
https://speed.ubnt.com [301] [GET] [text/html] [301 Moved Permanently] [nginx] [Nginx] [4f8e702cc244ec5d4de32740c0ecbd97]
https://sso-stage.ubnt.com [404] [GET] [text/html] [Not Found] [nginx/1.18.0] [vhost] [cloudfront] [Amazon Cloudfront,Amazon Web Services,Nginx] [8942f5b5d4e17f86d16c79d16f5f24d7]
https://sso-stage.ubnt.com [404] [GET] [text/html] [Not Found] [nginx/1.18.0] [vhost] [cloudfront] [Amazon Cloudfront,Amazon Web Services,Nginx] [eaa599f70acf3a87ed00bb93c5d9ffba]
https://sso.ubnt.com [404] [GET] [text/html] [Not Found] [nginx/1.18.0] [vhost] [cloudfront] [Amazon Cloudfront,Amazon Web Services,Nginx] [c1631a03286061359054d70b9e158848]
https://staging-account.ubnt.com [301] [GET] [text/html] [301 Moved Permanently] [nginx] [Nginx] [4f8e702cc244ec5d4de32740c0ecbd97]
https://static.ubnt.com [302] [GET] [text/html] [302 Found] [nginx] [vhost] [cloudfront] [Amazon Cloudfront,Amazon Web Services,Nginx] [aff950cab4c0265e21d401db15f1026d]
https://status.ubnt.com [301] [GET] [text/html] [301 Moved Permanently] [nginx] [Nginx] [4f8e702cc244ec5d4de32740c0ecbd97]
https://stg-airlink.ubnt.com [301] [GET] [text/html] [301 Moved Permanently] [nginx] [Nginx] [4f8e702cc244ec5d4de32740c0ecbd97]
https://stg-config.ubnt.com [302] [GET] [text/html] [302 Found] [nginx] [Nginx] [aff950cab4c0265e21d401db15f1026d]
https://stg-demo.ubnt.com [301] [GET] [text/html] [301 Moved Permanently] [nginx] [Nginx] [4f8e702cc244ec5d4de32740c0ecbd97]
https://stg-dev.ubnt.com [403] [GET] [text/html] [403 Forbidden] [Apache/2] [Apache] [463132a8a2147e6120f0bbdbf76bd462]
https://stg-elevation-link.ubnt.com [403] [GET] [application/xml] [] [AmazonS3] [vhost] [cloudfront] [Amazon Cloudfront,Amazon S3,Amazon Web Services] [c487fe3f8411708d6e45b22b0c5f0944]
https://stg-elevation-link.ubnt.com [403] [GET] [application/xml] [] [AmazonS3] [vhost] [cloudfront] [Amazon Cloudfront,Amazon S3,Amazon Web Services] [e3d0a61f2ea33fa2c2e576a3ef1f875f]
https://stg-elite-billing.ubnt.com [302] [GET] [text/html] [Redirecting...] [gunicorn/19.8.1] [Python,gunicorn] [ee506f975c9cd094160d4a0d0d87ae5f]
https://stg-regional-community-es.ubnt.com [403] [GET] [text/html] [ERROR: The request could not be satisfied] [CloudFront] [vhost] [cloudfront] [Amazon Cloudfront,Amazon Web Services] [f97b6c274a1227d7b9226f4da8458080]
https://stg-regional-community-es.ubnt.com [403] [GET] [text/html] [ERROR: The request could not be satisfied] [CloudFront] [vhost] [cloudfront] [Amazon Cloudfront,Amazon Web Services] [fd9e061aeb5ad63f17a10896e9287265]
https://stg-regional-community-pt.ubnt.com [403] [GET] [text/html] [ERROR: The request could not be satisfied] [CloudFront] [vhost] [cloudfront] [Amazon Cloudfront,Amazon Web Services] [0d46617334e964802451fc18fa43202c]
https://stg-sso.ubnt.com [404] [GET] [text/html] [Not Found] [nginx/1.18.0] [vhost] [cloudfront] [Amazon Cloudfront,Amazon Web Services,Nginx] [8ec5b01da1853b57f3b61c7abb873eb8]
https://stg-sso.ubnt.com [404] [GET] [text/html] [Not Found] [nginx/1.18.0] [vhost] [cloudfront] [Amazon Cloudfront,Amazon Web Services,Nginx] [eaa599f70acf3a87ed00bb93c5d9ffba]
https://stg-static.ubnt.com [503] [GET] [text/html] [503 Service Temporarily Unavailable] [awselb/2.0] [vhost] [cloudfront] [Amazon Cloudfront,Amazon Web Services] [81df4d3863debf3eceb5cf84251fd472]
https://stg-ubnt-careers.ubnt.com [301] [GET] [text/html] [301 Moved Permanently] [nginx] [Nginx] [4f8e702cc244ec5d4de32740c0ecbd97]
https://stg-unifi-mesh-micro.ubnt.com [301] [GET] [text/html] [301 Moved Permanently] [nginx] [Nginx] [4f8e702cc244ec5d4de32740c0ecbd97]
https://stg-unifi-micro.ubnt.com [301] [GET] [text/html] [301 Moved Permanently] [nginx] [Nginx] [4f8e702cc244ec5d4de32740c0ecbd97]
https://stg-unifi.ubnt.com [301] [GET] [text/html] [301 Moved Permanently] [nginx] [vhost] [cloudfront] [Amazon Cloudfront,Amazon Web Services,Nginx] [4f8e702cc244ec5d4de32740c0ecbd97]
https://stg-unms-demo.ubnt.com [301] [GET] [text/html] [301 Moved Permanently] [nginx] [Nginx] [4f8e702cc244ec5d4de32740c0ecbd97]
https://stg-unms-micro.ubnt.com [301] [GET] [text/html] [301 Moved Permanently] [nginx] [Nginx] [4f8e702cc244ec5d4de32740c0ecbd97]
https://stg-www-cdn.ubnt.com [403] [GET] [application/xml] [] [AmazonS3] [vhost] [cloudfront] [Amazon Cloudfront,Amazon S3,Amazon Web Services] [6ea2419ef647b05b93826c78fc03ab32]
https://stg-www-cdn.ubnt.com [403] [GET] [application/xml] [] [AmazonS3] [vhost] [cloudfront] [Amazon Cloudfront,Amazon S3,Amazon Web Services] [b8fc8d9fa9a9e0a9de4b80edad633da1]
https://stg-www.ubnt.com [301] [GET] [text/html] [301 Moved Permanently] [nginx] [Nginx] [4f8e702cc244ec5d4de32740c0ecbd97]
https://store.ubnt.com [301] [GET] [text/html] [301 Moved Permanently] [nginx] [Nginx] [4f8e702cc244ec5d4de32740c0ecbd97]
https://style-guide.ubnt.com [403] [GET] [text/html] [Sign In] [nginx/1.11.13] [Nginx] [1c72a5d16fc0feb93feca447f3fdaf16]
https://sunlink-prod.ec2-us-west-1.us1.svc.ubnt.com [200] [GET] [text/html] [SunMax] [nginx] [AngularJS,Google Font API,Nginx] [c0e1b357fcd86e57c6ba0515e093e10f]
https://sunlink.ubnt.com [301] [GET] [text/html] [301 Moved Permanently] [nginx] [Nginx] [4f8e702cc244ec5d4de32740c0ecbd97]
https://sunmax.ubnt.com [301] [GET] [text/html] [301 Moved Permanently] [nginx] [Nginx] [4f8e702cc244ec5d4de32740c0ecbd97]
https://support.ubnt.com [301] [GET] [text/html] [301 Moved Permanently] [nginx] [Nginx] [4f8e702cc244ec5d4de32740c0ecbd97]
https://switch.ubnt.com [301] [GET] [text/html] [301 Moved Permanently] [nginx] [Nginx] [4f8e702cc244ec5d4de32740c0ecbd97]
https://testing-demo.ubnt.com [301] [GET] [text/html] [301 Moved Permanently] [nginx] [Nginx] [4f8e702cc244ec5d4de32740c0ecbd97]
https://tr.ubnt.com [302] [GET] [text/html] [] [nginx/1.4.6 (Ubuntu)] [Nginx,PHP,Ubuntu] [d41d8cd98f00b204e9800998ecf8427e]
https://training.ubnt.com [301] [GET] [] [] [lighttpd/1.4.55] [vhost] [lighttpd] [d41d8cd98f00b204e9800998ecf8427e]
https://ubnt.com [301] [GET] [text/html] [301 Moved Permanently] [nginx] [Nginx] [4f8e702cc244ec5d4de32740c0ecbd97]
https://ubnt.com:8443 [503] [GET] [text/html] [503 Service Temporarily Unavailable] [awselb/2.0] [613f79233487af685baf4b32a2397ede]
https://ucrm-billing-stats.ubnt.com [302] [GET] [text/html] [302 Found] [nginx] [Nginx] [cfbeaf604823f038b8b46f0ac862b98c]
https://ucrm-demo.ubnt.com [301] [GET] [text/html] [301 Moved Permanently] [nginx] [Nginx] [4f8e702cc244ec5d4de32740c0ecbd97]
https://ucrm.ubnt.com [301] [GET] [text/html] [301 Moved Permanently] [nginx] [Nginx] [4f8e702cc244ec5d4de32740c0ecbd97]
https://ulabs.ubnt.com [301] [GET] [text/html] [301 Moved Permanently] [nginx] [Nginx] [4f8e702cc244ec5d4de32740c0ecbd97]
https://unifi-elite.ubnt.com [301] [GET] [text/html] [301 Moved Permanently] [nginx] [Nginx] [4f8e702cc244ec5d4de32740c0ecbd97]
https://unifi-go.ubnt.com [302] [GET] [text/html] [Redirecting...] [gunicorn/19.8.1] [Python,gunicorn] [165348528a0a8656d9c7104c34b15adf]
https://unifi-hd.ubnt.com [301] [GET] [text/html] [301 Moved Permanently] [nginx] [Nginx] [4f8e702cc244ec5d4de32740c0ecbd97]
https://unifi-led.ubnt.com [301] [GET] [text/html] [301 Moved Permanently] [nginx] [Nginx] [4f8e702cc244ec5d4de32740c0ecbd97]
https://unifi-mesh-contest.ubnt.com [301] [GET] [text/html] [301 Moved Permanently] [nginx] [Nginx] [4f8e702cc244ec5d4de32740c0ecbd97]
https://unifi-mesh.ubnt.com [301] [GET] [text/html] [301 Moved Permanently] [nginx] [Nginx] [4f8e702cc244ec5d4de32740c0ecbd97]
https://unifi-nanohd.ubnt.com [301] [GET] [text/html] [301 Moved Permanently] [nginx] [Nginx] [4f8e702cc244ec5d4de32740c0ecbd97]
https://unifi-planner.ubnt.com [301] [GET] [text/html] [301 Moved Permanently] [nginx] [Nginx] [4f8e702cc244ec5d4de32740c0ecbd97]
https://unifi-protect.ubnt.com [301] [GET] [text/html] [301 Moved Permanently] [nginx] [Nginx] [4f8e702cc244ec5d4de32740c0ecbd97]
https://unifi-report.ubnt.com [404] [GET] [text/plain] [] [] [9d1ead73e678fa2f51a70a933b0bf017]
https://unifi-sdn.ubnt.com [301] [GET] [text/html] [301 Moved Permanently] [nginx] [Nginx] [4f8e702cc244ec5d4de32740c0ecbd97]
https://unifi-shd.ubnt.com [301] [GET] [text/html] [301 Moved Permanently] [nginx] [Nginx] [4f8e702cc244ec5d4de32740c0ecbd97]
https://unifi-stage.ubnt.com [301] [GET] [text/html] [301 Moved Permanently] [nginx] [vhost] [cloudfront] [Amazon Cloudfront,Amazon Web Services,Nginx] [4f8e702cc244ec5d4de32740c0ecbd97]
https://unifi-video.ubnt.com [301] [GET] [text/html] [301 Moved Permanently] [nginx] [Nginx] [4f8e702cc244ec5d4de32740c0ecbd97]
https://unifi-xg.ubnt.com [301] [GET] [text/html] [301 Moved Permanently] [nginx] [Nginx] [4f8e702cc244ec5d4de32740c0ecbd97]
https://unifi.ubnt.com [301] [GET] [text/html] [301 Moved Permanently] [nginx] [vhost] [cloudfront] [Amazon Cloudfront,Amazon Web Services,Nginx] [4f8e702cc244ec5d4de32740c0ecbd97]
https://unms-demo.ubnt.com [301] [GET] [text/html] [301 Moved Permanently] [nginx] [Nginx] [4f8e702cc244ec5d4de32740c0ecbd97]
https://unms-go.ubnt.com [302] [GET] [text/html] [Redirecting...] [gunicorn/19.8.1] [Python,gunicorn] [165348528a0a8656d9c7104c34b15adf]
https://unms.ubnt.com [301] [GET] [text/html] [301 Moved Permanently] [nginx] [Nginx] [4f8e702cc244ec5d4de32740c0ecbd97]
https://unstable-demo.ubnt.com [301] [GET] [text/html] [301 Moved Permanently] [nginx] [Nginx] [4f8e702cc244ec5d4de32740c0ecbd97]
https://video-dev.ubnt.com [301] [GET] [text/html] [301 Moved Permanently] [nginx] [Nginx] [4f8e702cc244ec5d4de32740c0ecbd97]
https://video-stage.ubnt.com [301] [GET] [text/html] [301 Moved Permanently] [nginx] [Nginx] [4f8e702cc244ec5d4de32740c0ecbd97]
https://video.ubnt.com [301] [GET] [text/html] [301 Moved Permanently] [nginx] [Nginx] [4f8e702cc244ec5d4de32740c0ecbd97]
https://wiki.ubnt.com [301] [GET] [text/html] [301 Moved Permanently] [nginx] [Nginx] [4f8e702cc244ec5d4de32740c0ecbd97]
https://www.ubnt.com [301] [GET] [text/html] [301 Moved Permanently] [nginx] [Nginx] [4f8e702cc244ec5d4de32740c0ecbd97]
https://www.ubnt.com:8443 [503] [GET] [text/html] [503 Service Temporarily Unavailable] [awselb/2.0] [613f79233487af685baf4b32a2397ede]
