http://gc-origin.verizondigitalmedia.com [200] [GET] [text/html] [] [gunicorn/19.9.0] [Google Cloud,Google Cloud CDN,Python,gunicorn] [17deaffbc0668c9815a6faa6e08b45cb]
http://gc-origin.verizondigitalmedia.com:8080 [404] [GET] [text/html] [404 Not Found] [] [2e9281cb1598565605593d28a5efa3bb]
http://tools.verizondigitalmedia.com [301] [GET] [] [] [ECD (nya/79CD)] [vhost] [d41d8cd98f00b204e9800998ecf8427e]
https://adn-origin.verizondigitalmedia.com [404] [GET] [text/html] [Microsoft Azure Web App - Error 404] [] [azure] [30df3c0287ff1b1551e6be944501c461]
https://adn-vzgoweb.verizondigitalmedia.com [404] [GET] [text/html] [Microsoft Azure Web App - Error 404] [] [azure] [30df3c0287ff1b1551e6be944501c461]
https://demos.verizondigitalmedia.com [301] [GET] [] [] [ECAcc (nyb/1D71)] [vhost] [d41d8cd98f00b204e9800998ecf8427e]
https://dev-www.verizondigitalmedia.com [404] [GET] [text/html] [Microsoft Azure Web App - Error 404] [ECAcc (chb/02DC)] [vhost] [ed28fca1b56fe57fbf6341faaf8e34dc]
https://eng.verizondigitalmedia.com [301] [GET] [] [] [ECS (nyb/1D0E)] [vhost] [Amazon ECS,Amazon Web Services,Docker] [d41d8cd98f00b204e9800998ecf8427e]
https://eng.verizondigitalmedia.com [301] [GET] [] [] [ECS (nyb/1D21)] [vhost] [Amazon ECS,Amazon Web Services,Docker] [d41d8cd98f00b204e9800998ecf8427e]
https://files.verizondigitalmedia.com [404] [GET] [application/xml] [] [Blob Service Version 1.0 Microsoft-HTTPAPI/2.0] [vhost] [Microsoft HTTPAPI] [228440bc210d77d39bcd97b916ba9810]
https://files.verizondigitalmedia.com [404] [GET] [application/xml] [] [Blob Service Version 1.0 Microsoft-HTTPAPI/2.0] [vhost] [Microsoft HTTPAPI] [7f070097cbe6dbc5142f29309632a0c3]
https://go.verizondigitalmedia.com [302] [GET] [] [] [ECD (nya/79BE)] [vhost] [d41d8cd98f00b204e9800998ecf8427e]
https://i.verizondigitalmedia.com [301] [GET] [] [] [ECS (nyb/1D1F)] [vhost] [Amazon ECS,Amazon Web Services,Docker] [d41d8cd98f00b204e9800998ecf8427e]
https://i.verizondigitalmedia.com [301] [GET] [] [] [ECS (nyb/1D2E)] [vhost] [Amazon ECS,Amazon Web Services,Docker] [d41d8cd98f00b204e9800998ecf8427e]
https://images.verizondigitalmedia.com [302] [GET] [] [] [ECD (nya/78BA)] [vhost] [d41d8cd98f00b204e9800998ecf8427e]
https://images.verizondigitalmedia.com [302] [GET] [] [] [ECD (nya/79BE)] [vhost] [d41d8cd98f00b204e9800998ecf8427e]
https://info.verizondigitalmedia.com [302] [GET] [text/html] [] [PardotServer] [vhost] [Pardot] [d41d8cd98f00b204e9800998ecf8427e]
https://jobs.verizondigitalmedia.com [302] [GET] [] [] [ECD (nya/78BA)] [vhost] [d41d8cd98f00b204e9800998ecf8427e]
https://jobs.verizondigitalmedia.com [302] [GET] [] [] [ECD (nya/79BE)] [vhost] [d41d8cd98f00b204e9800998ecf8427e]
https://my.verizondigitalmedia.com [302] [GET] [] [] [ECD (nya/79BE)] [vhost] [d41d8cd98f00b204e9800998ecf8427e]
https://nxt.verizondigitalmedia.com [200] [GET] [text/html] [Best Streaming Delivery Security | Verizon Media Platform] [ECAcc (nyb/1D71)] [vhost] [Google Tag Manager] [adb82fa87961857190af5caf9d744695]
https://perf.verizondigitalmedia.com [301] [GET] [] [] [ECAcc (nyb/1D71)] [vhost] [d41d8cd98f00b204e9800998ecf8427e]
https://research-stage.verizondigitalmedia.com [200] [GET] [text/html] [Best Streaming Delivery Security | Verizon Media Platform] [ECAcc (nyb/1D71)] [vhost] [Google Tag Manager] [d3a95d157444b8241f396f2fe2c3cc2c]
https://research-staging.verizondigitalmedia.com [200] [GET] [text/html] [Verizon Digital Media Services - Research] [ECD (nya/78BA)] [vhost] [Font Awesome,Google Tag Manager,MySQL,PHP,WordPress] [c4de58c429d9183e6a74dc40fa698158]
https://research.verizondigitalmedia.com [301] [GET] [] [] [ECAcc (nyb/1D71)] [vhost] [d41d8cd98f00b204e9800998ecf8427e]
https://rss.verizondigitalmedia.com [301] [GET] [] [] [ECAcc (nyb/1D71)] [vhost] [d41d8cd98f00b204e9800998ecf8427e]
https://s0.verizondigitalmedia.com [302] [GET] [] [] [ECD (nya/78BA)] [vhost] [d41d8cd98f00b204e9800998ecf8427e]
https://s0.verizondigitalmedia.com [302] [GET] [] [] [ECD (nya/79BE)] [vhost] [d41d8cd98f00b204e9800998ecf8427e]
https://s1.verizondigitalmedia.com [302] [GET] [] [] [ECD (nya/78BA)] [vhost] [d41d8cd98f00b204e9800998ecf8427e]
https://s1.verizondigitalmedia.com [302] [GET] [] [] [ECD (nya/79BE)] [vhost] [d41d8cd98f00b204e9800998ecf8427e]
https://s2.verizondigitalmedia.com [302] [GET] [] [] [ECD (nya/78BA)] [vhost] [d41d8cd98f00b204e9800998ecf8427e]
https://s3.verizondigitalmedia.com [302] [GET] [] [] [ECD (nya/78BA)] [vhost] [d41d8cd98f00b204e9800998ecf8427e]
https://s3.verizondigitalmedia.com [302] [GET] [] [] [ECD (nya/79BE)] [vhost] [d41d8cd98f00b204e9800998ecf8427e]
https://s4.verizondigitalmedia.com [302] [GET] [] [] [ECD (nya/78BA)] [vhost] [d41d8cd98f00b204e9800998ecf8427e]
https://s4.verizondigitalmedia.com [302] [GET] [] [] [ECD (nya/79BE)] [vhost] [d41d8cd98f00b204e9800998ecf8427e]
https://s5.verizondigitalmedia.com [302] [GET] [] [] [ECD (nya/78BA)] [vhost] [d41d8cd98f00b204e9800998ecf8427e]
https://s5.verizondigitalmedia.com [302] [GET] [] [] [ECD (nya/79BE)] [vhost] [d41d8cd98f00b204e9800998ecf8427e]
https://sales.verizondigitalmedia.com [204] [GET] [] [] [] [vhost] [d41d8cd98f00b204e9800998ecf8427e]
https://stage-www.verizondigitalmedia.com [301] [GET] [] [] [ECAcc (nyb/1D71)] [vhost] [d41d8cd98f00b204e9800998ecf8427e]
https://status.verizondigitalmedia.com [301] [GET] [] [] [ECS (nyb/1D0B)] [vhost] [Amazon ECS,Amazon Web Services,Docker] [d41d8cd98f00b204e9800998ecf8427e]
https://status.verizondigitalmedia.com [301] [GET] [] [] [ECS (nyb/1D10)] [vhost] [Amazon ECS,Amazon Web Services,Docker] [d41d8cd98f00b204e9800998ecf8427e]
https://verizondigitalmedia.com [301] [GET] [] [] [ECD (nya/78BA)] [vhost] [d41d8cd98f00b204e9800998ecf8427e]
https://vzgo.verizondigitalmedia.com [302] [GET] [] [] [ECD (nya/78BA)] [vhost] [d41d8cd98f00b204e9800998ecf8427e]
https://vzgoweb.verizondigitalmedia.com [302] [GET] [] [] [ECD (nya/78BA)] [vhost] [d41d8cd98f00b204e9800998ecf8427e]
