http://advertorial.volkskrant.nl [301] [GET] [] [] [AkamaiGHost] [vhost] [d41d8cd98f00b204e9800998ecf8427e]
http://caps-acc.volkskrant.nl [301] [GET] [] [] [AkamaiGHost] [vhost] [d41d8cd98f00b204e9800998ecf8427e]
http://caps.volkskrant.nl [301] [GET] [] [] [AkamaiGHost] [vhost] [d41d8cd98f00b204e9800998ecf8427e]
http://puzzels.volkskrant.nl [404] [GET] [text/html] [Not Found] [Microsoft-HTTPAPI/2.0] [Microsoft HTTPAPI] [67932d4b695e1d6b19dfc2e3610761ff]
https://acc.inclusief.volkskrant.nl [301] [GET] [] [] [AkamaiGHost] [vhost] [d41d8cd98f00b204e9800998ecf8427e]
https://accounts.volkskrant.nl [200] [GET] [text/html] [] [] [IIS,Microsoft ASP.NET] [d41d8cd98f00b204e9800998ecf8427e]
https://actie.volkskrant.nl [404] [GET] [text/html] [-] [NCSA/1.4.2] [d57424ca602fa39a59d65a02e43e5e55]
https://beta.volkskrant.nl [301] [GET] [] [] [AkamaiGHost] [vhost] [d41d8cd98f00b204e9800998ecf8427e]
https://brandedcontent.volkskrant.nl [200] [GET] [text/html] [DPG Media Branded Content -] [Apache] [vhost] [Apache,Font Awesome,Google Font API,MySQL,PHP,W3 Total Cache,WordPress,Yoast SEO] [7d6c92725f0d21228a8ab9afc0cf5075]
https://brandedcontent.volkskrant.nl [200] [GET] [text/html] [DPG Media Branded Content -] [Apache] [vhost] [Apache,Font Awesome,Google Font API,MySQL,PHP,W3 Total Cache,WordPress,Yoast SEO] [ee657818dbd800069fe0e52184f760e6]
https://cmp.volkskrant.nl [403] [GET] [application/xml] [] [AmazonS3] [vhost] [cloudfront] [Amazon Cloudfront,Amazon S3,Amazon Web Services] [0d96b14274c1145a20c96dfde5e01411]
https://cmp.volkskrant.nl [403] [GET] [application/xml] [] [AmazonS3] [vhost] [cloudfront] [Amazon Cloudfront,Amazon S3,Amazon Web Services] [a9b261f5228f0f9030774b4ae20f16c1]
https://dev-service.volkskrant.nl [400] [GET] [text/html] [Invalid URL] [AkamaiGHost] [184c5543f1eb503ef24a9c1b4823ffe0]
https://dev-service.volkskrant.nl [400] [GET] [text/html] [Invalid URL] [AkamaiGHost] [76b6074d794f96ac126fbfa7aa9bdf67]
https://digitalekrant.volkskrant.nl [302] [GET] [text/html] [] [nginx] [vhost] [Nginx] [d41d8cd98f00b204e9800998ecf8427e]
https://e.email.volkskrant.nl [200] [GET] [text/html] [You received emails from this domain, didn't you?] [nginx] [Nginx,PHP,Webflow] [c0666cde79e5426946974302fe3307c3]
https://esales-test.volkskrant.nl [404] [GET] [application/json] [] [nginx/1.20.0] [vhost] [Amazon ALB,Amazon Web Services,Nginx] [01886170171256d6047774417098b105]
https://esales-test.volkskrant.nl [404] [GET] [application/json] [] [nginx/1.20.0] [vhost] [Amazon ALB,Amazon Web Services,Nginx] [6fd2a0341ffd068e6bcb93a53d772091]
https://esales.volkskrant.nl [404] [GET] [application/json] [] [nginx/1.20.0] [vhost] [Amazon ALB,Amazon Web Services,Nginx] [82a02f140a03033e3c0d0b2ecb23ee75]
https://esales.volkskrant.nl [404] [GET] [application/json] [] [nginx/1.20.0] [vhost] [Amazon ALB,Amazon Web Services,Nginx] [8f007c4fdcc644b3e75ecc1aa9089cee]
https://ims.volkskrant.nl [403] [GET] [text/html] [403 - Forbidden: Access is denied.] [] [vhost] [11ca4578cb026a23713aea6781b8ece3]
https://inclusief.volkskrant.nl [301] [GET] [] [] [AkamaiGHost] [vhost] [d41d8cd98f00b204e9800998ecf8427e]
https://krant.volkskrant.nl [302] [GET] [text/html] [] [nginx] [vhost] [Nginx,PHP] [d41d8cd98f00b204e9800998ecf8427e]
https://labs.volkskrant.nl [302] [GET] [text/html] [] [nginx/1.14.0 (Ubuntu)] [Nginx,Ubuntu] [d41d8cd98f00b204e9800998ecf8427e]
https://landingpage.volkskrant.nl [200] [GET] [text/html] [DPG Media Branded Content -] [Apache] [vhost] [Apache,Font Awesome,Google Font API,MySQL,PHP,W3 Total Cache,WordPress,Yoast SEO] [1cfaa71d587af127b60d3c1028f1fb66]
https://landingpage.volkskrant.nl [200] [GET] [text/html] [DPG Media Branded Content -] [Apache] [vhost] [Apache,Font Awesome,Google Font API,MySQL,PHP,W3 Total Cache,WordPress,Yoast SEO] [44790d9de46cb47ff2e545b680485eb2]
https://lezersreizen.volkskrant.nl [404] [GET] [text/plain] [] [awselb/2.0] [2296e789c8b48dd525d924aa236a61e0]
https://login.volkskrant.nl [406] [GET] [text/html] [] [AkamaiGHost] [vhost] [e202c2aad4fd1205f0c6a20516e48d3a]
https://login2.volkskrant.nl [406] [GET] [text/html] [] [AkamaiGHost] [vhost] [e202c2aad4fd1205f0c6a20516e48d3a]
https://marketingactie.volkskrant.nl [200] [GET] [text/html] [DPG Media Branded Content -] [Apache] [vhost] [Apache,Font Awesome,Google Font API,MySQL,PHP,W3 Total Cache,WordPress,Yoast SEO] [ff397f01eaaf03f79f4beec5c9127725]
https://mijn.volkskrant.nl [301] [GET] [] [] [] [vhost] [d41d8cd98f00b204e9800998ecf8427e]
https://mijnomgeving-acc.volkskrant.nl [403] [GET] [text/html] [Access Denied] [] [vhost] [ac31abef03d81bd1fc87ea8e5117f4b1]
https://mijnomgeving-acc.volkskrant.nl [403] [GET] [text/html] [Access Denied] [] [vhost] [fea9d7097df347ea2e26890104e314a0]
https://mijnomgeving.volkskrant.nl [503] [GET] [text/html] [Error] [] [vhost] [8ceb732d0d0be8cf510f4351a566846f]
https://mijnomgeving.volkskrant.nl [503] [GET] [text/html] [Error] [] [vhost] [a595fe8951137c6e3ccffd19d7ac0f54]
https://mobile-vkgo-acc.volkskrant.nl [401] [GET] [text/html] [Access Denied] [AkamaiGHost] [vhost] [Basic] [9ea0ce355df0e740e798fa03fff33dd0]
https://mobile-vkgo-acc.volkskrant.nl [401] [GET] [text/html] [Access Denied] [AkamaiGHost] [vhost] [Basic] [a1a093b1ab5b4e3879b78178780e552a]
https://mobile.volkskrant.nl [302] [GET] [] [] [AkamaiGHost] [vhost] [d41d8cd98f00b204e9800998ecf8427e]
https://myaccount.volkskrant.nl [302] [GET] [text/html] [] [] [vhost] [d41d8cd98f00b204e9800998ecf8427e]
https://openredactie.volkskrant.nl [200] [GET] [text/html] [logo-volkskrant] [nginx/1.14.0 (Ubuntu)] [vhost] [Nginx,Node.js,Nuxt.js,Ubuntu,Vue.js] [9f7f48c3226c04534895a84611e5a06d]
https://pdf-archive.volkskrant.nl [403] [GET] [application/xml] [] [AmazonS3] [vhost] [Amazon Cloudfront,Amazon S3,Amazon Web Services] [17b1e1af617a1d18658034e941d0ea1c]
https://pdf-archive.volkskrant.nl [403] [GET] [application/xml] [] [AmazonS3] [vhost] [Amazon Cloudfront,Amazon S3,Amazon Web Services] [a48ded988c1dd69fdaef09e3f3164b99]
https://pmail.volkskrant.nl [200] [GET] [text/html] [] [nginx] [vhost] [Nginx] [8cd38890681852d184cbc40bbbd8ed43]
https://prod.volkskrant.nl [400] [GET] [text/html] [Invalid URL] [AkamaiGHost] [60457d708b1b04643fc851ea9723f741]
https://prod.volkskrant.nl [400] [GET] [text/html] [Invalid URL] [AkamaiGHost] [b99a37ca06ebe9c04b1f3ec854164977]
https://secure-acc.volkskrant.nl [503] [GET] [text/html] [Service Unavailable] [AkamaiGHost] [vhost] [9e1c1ce81fdfea3381e075935d1423d1]
https://secure-acc.volkskrant.nl [503] [GET] [text/html] [Service Unavailable] [AkamaiGHost] [vhost] [e94370be757f76e60499833923498a88]
https://social.volkskrant.nl [200] [GET] [text/html] [] [] [IIS,Microsoft ASP.NET] [d41d8cd98f00b204e9800998ecf8427e]
https://story.volkskrant.nl [200] [GET] [text/html] [DPG Media Branded Content -] [Apache] [vhost] [Apache,Font Awesome,Google Font API,MySQL,PHP,W3 Total Cache,WordPress,Yoast SEO] [2ff13bd9a903135eb5c6559b4d071381]
https://t.volkskrant.nl [400] [GET] [] [] [] [vhost] [d41d8cd98f00b204e9800998ecf8427e]
https://temptation.volkskrant.nl [403] [GET] [application/xml] [] [AmazonS3] [vhost] [Amazon S3,Amazon Web Services] [53615acbd13b9cb2b031eb461444bbff]
https://temptation.volkskrant.nl [403] [GET] [application/xml] [] [AmazonS3] [vhost] [Amazon S3,Amazon Web Services] [6163dd967890af03be1ae7d9d2e799c4]
https://test-openredactie.volkskrant.nl [200] [GET] [text/html] [logo-volkskrant] [nginx/1.14.0 (Ubuntu)] [vhost] [Nginx,Node.js,Nuxt.js,Ubuntu,Vue.js] [f22fed3c85817a7b162c0c48e6ed8bbc]
https://video.volkskrant.nl [404] [GET] [] [] [AkamaiNetStorage] [vhost] [ddf0e2c382137c5bee8ee282368616f4]
https://volkskrant.nl [301] [GET] [] [] [AkamaiGHost] [vhost] [d41d8cd98f00b204e9800998ecf8427e]
https://web.volkskrant.nl [200] [GET] [text/html] [You received emails from this domain, didn't you?] [nginx] [Nginx,PHP,Webflow] [c0666cde79e5426946974302fe3307c3]
https://webwinkel.volkskrant.nl [200] [GET] [text/html] [Van de Volkskrant speciaal voor jou - De Volkskrant Shop] [] [vhost] [Google Tag Manager,Next.js,Node.js,React,webpack] [34579bdc4c0d4ba4e1d0d36a3fe0e3d9]
https://welkom.staging.volkskrant.nl [302] [GET] [text/html] [] [Apache] [vhost] [Apache,Craft CMS,Yii] [d41d8cd98f00b204e9800998ecf8427e]
https://welkom.volkskrant.nl [302] [GET] [text/html] [] [] [vhost] [d41d8cd98f00b204e9800998ecf8427e]
https://wiki.volkskrant.nl [200] [GET] [text/html] [] [nginx/1.14.0 (Ubuntu)] [vhost] [Nginx,Ubuntu] [eaa3ed1a7c625b7e466f27894d729c0f]
https://winkel.volkskrant.nl [301] [GET] [text/html] [Document Moved] [Microsoft-IIS/10.0] [vhost] [azure] [IIS,Windows Server] [9275c78ef83965c97389e85801703d86]
https://www.acceptance.volkskrant.nl [401] [GET] [text/html] [Access Denied] [AkamaiGHost] [vhost] [Basic] [281dcbe8d00110133e25a45cc52cfa7d]
https://www.acceptance.volkskrant.nl [401] [GET] [text/html] [Access Denied] [AkamaiGHost] [vhost] [Basic] [e79800aa46bfa666c0588253b7cd9609]
https://www.photo.volkskrant.nl [403] [GET] [text/html] [Access Denied] [AkamaiGHost] [vhost] [535b93543cb5bdaad440a958659bc777]
https://www.photo.volkskrant.nl [403] [GET] [text/html] [Access Denied] [AkamaiGHost] [vhost] [a3b14628814889ac992c5e2ba9d53dad]
https://www.volkskrant.nl [302] [GET] [] [] [AkamaiGHost] [vhost] [d41d8cd98f00b204e9800998ecf8427e]
