http://grannyprix.vtm.be [200] [GET] [text/html] [Geen website beschikbaar (grannyprix.vtm.be)] [Apache/2.2.16 (Debian)] [Apache,Debian,PHP] [f0ecb5c5880081191942a96d90c10c54]
http://l3.streaming.vtm.be [503] [GET] [text/html] [] [] [ff4ed829ffd04e9c6095842b07d11f09]
http://streaming.vtm.be [503] [GET] [text/html] [] [] [ff4ed829ffd04e9c6095842b07d11f09]
http://zendesk1.vtm.be [409] [GET] [text/plain] [] [cloudflare] [cloudflare] [f6bbbdc9b05a5af96b6b7e618ee357cc]
http://zendesk2.vtm.be [409] [GET] [text/plain] [] [cloudflare] [cloudflare] [f6bbbdc9b05a5af96b6b7e618ee357cc]
http://zendesk3.vtm.be [409] [GET] [text/plain] [] [cloudflare] [cloudflare] [f6bbbdc9b05a5af96b6b7e618ee357cc]
http://zendesk4.vtm.be [409] [GET] [text/plain] [] [cloudflare] [cloudflare] [f6bbbdc9b05a5af96b6b7e618ee357cc]
https://1024.dev.api.vtm.be [503] [GET] [text/html] [Service Unavailable] [] [vhost] [4f8efbc2ec6fc1aba6be2fd2928ad23a]
https://1024.dev.api.vtm.be [503] [GET] [text/html] [Service Unavailable] [] [vhost] [53a33af2fa1ccbb667c644fa5ae130d6]
https://actie.vtm.be [404] [GET] [text/html] [-] [NCSA/1.4.2] [d57424ca602fa39a59d65a02e43e5e55]
https://admin.auditie.thevoice.vtm.be [200] [GET] [text/html] [DPGMedia: Moved] [] [6e57a8679da85415624f07323d0b8cdd]
https://admin.degrotesprong.vtm.be [200] [GET] [text/html] [DPGMedia: Moved] [] [6e57a8679da85415624f07323d0b8cdd]
https://akamai.vtm.be [400] [GET] [text/html] [Invalid URL] [AkamaiGHost] [bb29beb2237d4bc4a93f2e52cb2723cb]
https://akamai.vtm.be [400] [GET] [text/html] [Invalid URL] [AkamaiGHost] [c709478e6a53012d44c9244794e2d3de]
https://akamaitest.vtm.be [400] [GET] [text/html] [Invalid URL] [AkamaiGHost] [0f105bbedd727ff852dd7d3e57317890]
https://akamaitest.vtm.be [400] [GET] [text/html] [Invalid URL] [AkamaiGHost] [b6112796495a8870477fab7a0aa4b2dc]
https://api.vtm.be [503] [GET] [text/html] [Service Unavailable] [] [vhost] [9324651a371e7184e3def91e4d617b7b]
https://api.vtm.be [503] [GET] [text/html] [Service Unavailable] [] [vhost] [bf87d883d1ab7ccafe5e13ab65bf4c85]
https://assets.vtm.be [403] [GET] [application/json] [] [] [vhost] [905b1fbb26e082557ff0b3b3553cda6c]
https://auditie.thevoice.vtm.be [301] [GET] [text/html] [301 Moved Permanently] [awselb/2.0] [vhost] [4aa7a432bb447f094408f1bd6229c605]
https://beleving-assets-stag.vtm.be [503] [GET] [text/html] [Service Unavailable] [AkamaiGHost] [vhost] [0b21c7e472d80aef3a863dee51d40eb3]
https://beleving-assets-stag.vtm.be [503] [GET] [text/html] [Service Unavailable] [AkamaiGHost] [vhost] [d42b1bad576ffba1c9418523adaec676]
https://beleving-assets.vtm.be [503] [GET] [text/html] [Service Unavailable] [AkamaiGHost] [vhost] [a121e88c912810c20ff6298f7a008c54]
https://beleving-assets.vtm.be [503] [GET] [text/html] [Service Unavailable] [AkamaiGHost] [vhost] [b63bbc3f0aa39261b4bca1c98538490d]
https://belgiums-got-talent.vtm.be [200] [GET] [text/html] [DPGMedia: Moved] [] [6e57a8679da85415624f07323d0b8cdd]
https://c.vtm.be [404] [GET] [text/plain] [] [akka-http/10.2.7] [Akka HTTP] [75d8bea19790a638a8dde30fd475dba6]
https://campingcoppens.vtm.be [200] [GET] [text/html] [Camping Coppens - Op weg naar Zweden] [Apache] [vhost] [Apache,Bootstrap,Google Font API,Google Tag Manager] [44e5d6256f5e28400018190e35ac6ad3]
https://cmp.vtm.be [403] [GET] [application/xml] [] [AmazonS3] [vhost] [cloudfront] [Amazon Cloudfront,Amazon S3,Amazon Web Services] [13b8d69f86ca4f701e4acf99353c625e]
https://cmp.vtm.be [403] [GET] [application/xml] [] [AmazonS3] [vhost] [cloudfront] [Amazon Cloudfront,Amazon S3,Amazon Web Services] [452ecc5acb77a887e70819d9995c371f]
https://cms-stag.vtm.be [200] [GET] [text/html] [Log in | VTM] [Apache/2.4.29 (Ubuntu)] [vhost] [Apache,Drupal,PHP,Ubuntu] [536a041ef2d31a16d1197e3edf357e0f]
https://cms.vtm.be [200] [GET] [text/html] [Log in | VTM] [Apache/2.4.29 (Ubuntu)] [vhost] [Apache,Drupal,PHP,Ubuntu] [72e714d0d02ffefa3c86628fe50dabb7]
https://code-van-coppens.vtm.be [503] [GET] [text/html] [Error] [AkamaiGHost] [vhost] [4f589ab327207aea588723908c94748a]
https://code-van-coppens.vtm.be [503] [GET] [text/html] [Error] [AkamaiGHost] [vhost] [90b6c91a3742f0abbac0928c7dba0ab7]
https://communicatie.vtm.be [200] [GET] [text/html] [VTM - Pressroom] [] [vhost] [Google Font API,Section.io,Sentry,Sqreen] [84e0a2229dc9e25f957b29c4e7acc9c2]
https://customerservice.vtm.be [301] [GET] [text/html] [] [cloudflare] [vhost] [cloudflare] [Cloudflare,Cloudflare Network Error Logging,Zendesk] [3619ef09ac1fc432bc833e4cbb57c3e5]
https://customerservicekoken.vtm.be [301] [GET] [text/html] [] [cloudflare] [vhost] [cloudflare] [Cloudflare,Cloudflare Network Error Logging,Zendesk] [dd7ce603fa12d04c3f411cd0c75c1d40]
https://customerservicenieuws.vtm.be [301] [GET] [text/html] [] [cloudflare] [vhost] [cloudflare] [Cloudflare,Cloudflare Network Error Logging,Zendesk] [9568ca6406a2f306ff361510089b544d]
https://dev-errorpages.vtm.be [403] [GET] [application/xml] [] [AmazonS3] [vhost] [Amazon S3,Amazon Web Services] [b85b68027439131c3f272ba05679c0a1]
https://dev-errorpages.vtm.be [403] [GET] [application/xml] [] [AmazonS3] [vhost] [Amazon S3,Amazon Web Services] [fcd6153c28d12faab7c431d769a6ae9d]
https://dev.koken.vtm.be [302] [GET] [] [] [AkamaiGHost] [vhost] [d41d8cd98f00b204e9800998ecf8427e]
https://dev.video.auditie.thevoice.vtm.be [200] [GET] [text/html] [DPGMedia: Moved] [] [6e57a8679da85415624f07323d0b8cdd]
https://dev.vtm.be [302] [GET] [text/html] [] [] [vhost] [d41d8cd98f00b204e9800998ecf8427e]
https://deverraders-staging.vtm.be [200] [GET] [text/html] [VTM - De Verraders] [AmazonS3] [vhost] [cloudfront] [Amazon Cloudfront,Amazon S3,Amazon Web Services,Google Font API] [e2be6a0abc1b42bee2123df80febb80e]
https://deverraders.vtm.be [200] [GET] [text/html] [VTM - De Verraders] [AmazonS3] [vhost] [cloudfront] [Amazon Cloudfront,Amazon S3,Amazon Web Services,Google Font API] [57fe1a52da96dd8dd64bf960bb6a9b8c]
https://errnetstorage.vtm.be [400] [GET] [text/html] [Invalid URL] [AkamaiGHost] [60fbf737f001ab8f5f5f63247af53d5e]
https://errnetstorage.vtm.be [400] [GET] [text/html] [Invalid URL] [AkamaiGHost] [96e0e3b9dbd0b9f95d49b5daed376485]
https://errorpages.vtm.be [403] [GET] [application/xml] [] [AmazonS3] [vhost] [Amazon S3,Amazon Web Services] [743cd90d815ecafffea7dd07bdbeac7f]
https://errorpages.vtm.be [403] [GET] [application/xml] [] [AmazonS3] [vhost] [Amazon S3,Amazon Web Services] [a1e7c2def413f6b45dcd73acfbcc8b03]
https://flvpd.vtm.be [403] [GET] [text/html] [403 Forbidden] [Apache/2.4.29 (Ubuntu)] [vhost] [Apache,Ubuntu] [b64e9f4e30fc4c43eeaba6d24f7bd0bd]
https://icsyv-staging.vtm.be [200] [GET] [text/html] [I can see your voice - VTM] [AmazonS3] [vhost] [Amazon Cloudfront,Amazon S3,Amazon Web Services,Google Font API] [cb8f2ffb3df804d9176ce2bf66b81117]
https://icsyv.vtm.be [200] [GET] [text/html] [I can see your voice - VTM] [AmazonS3] [vhost] [Amazon Cloudfront,Amazon S3,Amazon Web Services,Google Font API] [0f23fe46d617812a0efe4314e8a867a8]
https://image.vtm.be [302] [GET] [text/html] [302 Found] [awselb/2.0] [vhost] [f366e0e18b589cb6f243bf43ce75e83c]
https://ims.vtm.be [403] [GET] [text/html] [403 - Forbidden: Access is denied.] [] [vhost] [11ca4578cb026a23713aea6781b8ece3]
https://k2zoektk3-assets.vtm.be [404] [GET] [application/xml] [] [AmazonS3] [vhost] [Amazon S3,Amazon Web Services] [3b40d23a3bad1ba0124f470f940e546d]
https://k2zoektk3-assets.vtm.be [404] [GET] [application/xml] [] [AmazonS3] [vhost] [Amazon S3,Amazon Web Services] [4908ff5c38fac93c0a7732d485fc2804]
https://k2zoektk3.vtm.be [400] [GET] [text/html] [Invalid URL] [AkamaiGHost] [66365da57fe57fc542a6cc8a41c14e0a]
https://k2zoektk3.vtm.be [400] [GET] [text/html] [Invalid URL] [AkamaiGHost] [c3c23e706ee43f4d14c7f3d84cd1ee01]
https://koken.vtm.be [302] [GET] [] [] [AkamaiGHost] [vhost] [d41d8cd98f00b204e9800998ecf8427e]
https://l3.static.degrotesprong.vtm.be [200] [GET] [text/html] [DPGMedia: Moved] [] [6e57a8679da85415624f07323d0b8cdd]
https://l3.static.thevoice.vtm.be [200] [GET] [text/html] [DPGMedia: Moved] [] [6e57a8679da85415624f07323d0b8cdd]
https://login.vtm.be [406] [GET] [text/html] [] [AkamaiGHost] [vhost] [e202c2aad4fd1205f0c6a20516e48d3a]
https://login2.vtm.be [406] [GET] [text/html] [] [AkamaiGHost] [vhost] [e202c2aad4fd1205f0c6a20516e48d3a]
https://maintenance.vtm.be [200] [GET] [text/html] [] [AmazonS3] [vhost] [Amazon S3,Amazon Web Services] [b7735461cf28d93ea015e2c95ee39179]
https://mijn.vtm.be [301] [GET] [] [] [] [vhost] [d41d8cd98f00b204e9800998ecf8427e]
https://myaccount.vtm.be [302] [GET] [text/html] [] [] [vhost] [d41d8cd98f00b204e9800998ecf8427e]
https://nieuws.vtm.be [301] [GET] [text/html] [301 Moved Permanently] [awselb/2.0] [vhost] [4aa7a432bb447f094408f1bd6229c605]
https://qualifio.koken.vtm.be [404] [GET] [text/html] [-] [NCSA/1.4.2] [d57424ca602fa39a59d65a02e43e5e55]
https://qualifio.nieuws.vtm.be [404] [GET] [text/html] [-] [NCSA/1.4.2] [d57424ca602fa39a59d65a02e43e5e55]
https://qualifio.vtm.be [404] [GET] [text/html] [-] [NCSA/1.4.2] [d57424ca602fa39a59d65a02e43e5e55]
https://seymour-acc.vtm.be [400] [GET] [text/html] [Invalid URL] [AkamaiGHost] [3d0f4da35f5575a1b44bbfd58c26158a]
https://seymour-acc.vtm.be [400] [GET] [text/html] [Invalid URL] [AkamaiGHost] [80f60ea48a28fdb39737b52b49f3f855]
https://seymour-test.vtm.be [400] [GET] [text/html] [Invalid URL] [AkamaiGHost] [ad748c1e46dd4b85eda30049b571f997]
https://seymour-test.vtm.be [400] [GET] [text/html] [Invalid URL] [AkamaiGHost] [f5208591ce455304f12a131c90707459]
https://seymour.vtm.be [400] [GET] [text/html] [Invalid URL] [AkamaiGHost] [0ae3b9ad14bcb2026926824a2f852ce7]
https://seymour.vtm.be [400] [GET] [text/html] [Invalid URL] [AkamaiGHost] [f0f6c29b4ba9258b586272def7540171]
https://sst.vtm.be [400] [GET] [] [] [] [vhost] [d41d8cd98f00b204e9800998ecf8427e]
https://stag.api.vtm.be [503] [GET] [text/html] [Service Unavailable] [] [vhost] [7337a8b10f122b937454cb295c44b114]
https://stag.api.vtm.be [503] [GET] [text/html] [Service Unavailable] [] [vhost] [7f0a3615a2d1887a38d13d1e5a16cf31]
https://stag.assets.vtm.be [403] [GET] [application/json] [] [] [vhost] [905b1fbb26e082557ff0b3b3553cda6c]
https://stag.cms.vtm.be [200] [GET] [text/html] [Log in | VTM] [Apache/2.4.29 (Ubuntu)] [vhost] [Apache,Drupal,PHP,Ubuntu] [536a041ef2d31a16d1197e3edf357e0f]
https://stag.koken.vtm.be [302] [GET] [] [] [AkamaiGHost] [vhost] [d41d8cd98f00b204e9800998ecf8427e]
https://stag.vtm.be [401] [GET] [text/html] [] [] [vhost] [Basic] [d41d8cd98f00b204e9800998ecf8427e]
https://static-koken.vtm.be [302] [GET] [] [] [AkamaiGHost] [vhost] [d41d8cd98f00b204e9800998ecf8427e]
https://static-vtm.vtm.be [302] [GET] [text/html] [] [] [vhost] [d41d8cd98f00b204e9800998ecf8427e]
https://stem-dev.vtm.be [302] [GET] [text/html] [] [] [vhost] [d41d8cd98f00b204e9800998ecf8427e]
https://stem-stag.vtm.be [401] [GET] [text/html] [Access Denied] [AkamaiGHost] [vhost] [Basic] [7837950a1edb86613f58cf9776141908]
https://stem-stag.vtm.be [401] [GET] [text/html] [Access Denied] [AkamaiGHost] [vhost] [Basic] [f1c619507596cecd22a669c26b8c73fb]
https://stem.vtm.be [401] [GET] [text/html] [Access Denied] [AkamaiGHost] [vhost] [Basic] [2427a27c9fa65435853366f3c78e22bb]
https://stem.vtm.be [401] [GET] [text/html] [Access Denied] [AkamaiGHost] [vhost] [Basic] [92b2a2d7ecd74ffc9966081bad89793f]
https://sytycd.vtm.be [301] [GET] [text/html] [301 Moved Permanently] [awselb/2.0] [vhost] [4aa7a432bb447f094408f1bd6229c605]
https://themaskedsinger-demo.vtm.be [200] [GET] [text/html] [The masked singer] [AmazonS3] [vhost] [Amazon Cloudfront,Amazon S3,Amazon Web Services] [577b7621c0263b8d5d650df08d0af2a0]
https://themaskedsinger-staging.vtm.be [200] [GET] [text/html] [The masked singer] [AmazonS3] [vhost] [Amazon Cloudfront,Amazon S3,Amazon Web Services] [0e6bdcf8ef465b743e7373b1400fa50b]
https://themaskedsinger.vtm.be [200] [GET] [text/html] [The masked singer] [AmazonS3] [vhost] [Amazon Cloudfront,Amazon S3,Amazon Web Services] [dde905d46549f22a41ff0d9cc5124876]
https://thevoice-auditieruimte.vtm.be [404] [GET] [text/html] [Not Found] [Microsoft-HTTPAPI/2.0] [Microsoft HTTPAPI] [67932d4b695e1d6b19dfc2e3610761ff]
https://thevoicevanvlaanderen.vtm.be [404] [GET] [text/plain] [] [awselb/2.0] [2296e789c8b48dd525d924aa236a61e0]
https://tickets.vtm.be [301] [GET] [text/html] [301 Moved Permanently] [] [vhost] [3ea1c8d079b38532a6e01a96216ba5e2]
https://tms.vtm.be [302] [GET] [text/html] [] [] [vhost] [d41d8cd98f00b204e9800998ecf8427e]
https://voorjaar2019.vtm.be [301] [GET] [text/html] [301 Moved Permanently] [awselb/2.0] [vhost] [4aa7a432bb447f094408f1bd6229c605]
https://vtm.be [302] [GET] [text/html] [] [] [vhost] [d41d8cd98f00b204e9800998ecf8427e]
https://www.vtm.be [302] [GET] [text/html] [] [] [vhost] [d41d8cd98f00b204e9800998ecf8427e]
