http://app.hostadvance.withairbnb.com [301] [GET] [] [] [] [vhost] [d41d8cd98f00b204e9800998ecf8427e]
http://multifamily.withairbnb.com [301] [GET] [] [] [AmazonS3] [vhost] [Amazon S3,Amazon Web Services] [d41d8cd98f00b204e9800998ecf8427e]
http://realestate.withairbnb.com:8080 [404] [GET] [text/html] [404 Not Found] [] [2e9281cb1598565605593d28a5efa3bb]
http://www.multifamily.withairbnb.com [301] [GET] [] [] [AmazonS3] [vhost] [Amazon S3,Amazon Web Services] [d41d8cd98f00b204e9800998ecf8427e]
http://www.realestate.withairbnb.com:8080 [404] [GET] [text/html] [404 Not Found] [] [2e9281cb1598565605593d28a5efa3bb]
https://app.hostadvance-reg.withairbnb.com [403] [GET] [text/html] [Access Denied] [] [vhost] [75bd0c1a69057550b73bb572b60a5c43]
https://app.hostadvance-reg.withairbnb.com [403] [GET] [text/html] [Access Denied] [] [vhost] [8bc3bfa9be8efcfa5abdf84a4b2d99b2]
https://app.hostadvance.withairbnb.com [200] [GET] [text/html] [Airbnb Host Capital | Powered by K Servicing] [] [de84f7178652c0a82d92fd4672bf1c74]
https://community-staging.withairbnb.com [401] [GET] [text/html] [401 Authorization Required] [Apache] [vhost] [cloudfront] [Amazon ALB,Amazon Cloudfront,Amazon Web Services,Apache,Basic] [68d0f9f83d6399544686f51629f01971]
https://community.withairbnb.com [302] [GET] [] [] [Apache] [vhost] [cloudfront] [Amazon ALB,Amazon Cloudfront,Amazon Web Services,Apache,Lithium,PHP] [d41d8cd98f00b204e9800998ecf8427e]
https://hostadvance.withairbnb.com [301] [GET] [text/html] [301 Moved Permanently] [awselb/2.0] [vhost] [4aa7a432bb447f094408f1bd6229c605]
https://protools.withairbnb.com [302] [GET] [text/html] [] [nginx] [vhost] [Nginx] [d41d8cd98f00b204e9800998ecf8427e]
https://realestate-dev.withairbnb.com [404] [GET] [text/html] [404 Not Found] [nginx] [Nginx] [370e16c3b7dba286cff055f93b9a94d8]
https://realestate-dev.withairbnb.com [404] [GET] [text/html] [404 Not Found] [nginx] [Nginx] [8eec510e57f5f732fd2cce73df7b73ef]
https://realestate.withairbnb.com [404] [GET] [text/html] [Pageserver 404] [openresty] [Google Cloud,Google Cloud CDN,Nginx,OpenResty] [0e7596d656fedb0ad4242903b80a9866]
https://realestate.withairbnb.com [404] [GET] [text/html] [Pageserver 404] [openresty] [Google Cloud,Google Cloud CDN,Nginx,OpenResty] [b6486e3e59a3981b463eece282e8d0a6]
https://suppliers-dev.withairbnb.com [200] [GET] [text/html] [Supplier Diversity Development Registration Form] [nginx/1.14.0 (Ubuntu)] [Express,Nginx,Node.js,Ubuntu] [5475695adb27b72f47f131c33ae962f1]
https://suppliers.withairbnb.com [200] [GET] [text/html] [Supplier Diversity Development Registration Form] [nginx/1.14.0 (Ubuntu)] [Express,Nginx,Node.js,Ubuntu] [5475695adb27b72f47f131c33ae962f1]
https://www.hostadvance-reg.withairbnb.com [301] [GET] [] [] [] [vhost] [d41d8cd98f00b204e9800998ecf8427e]
https://www.hostadvance.withairbnb.com [301] [GET] [] [] [] [vhost] [d41d8cd98f00b204e9800998ecf8427e]
https://www.realestate.withairbnb.com [404] [GET] [text/html] [Pageserver 404] [openresty] [Google Cloud,Google Cloud CDN,Nginx,OpenResty] [0e7596d656fedb0ad4242903b80a9866]
https://www.realestate.withairbnb.com [404] [GET] [text/html] [Pageserver 404] [openresty] [Google Cloud,Google Cloud CDN,Nginx,OpenResty] [b6486e3e59a3981b463eece282e8d0a6]
