http://admin.withbuddies.com [404] [GET] [text/html] [404 Not Found] [AmazonS3] [vhost] [Amazon S3,Amazon Web Services] [8ef10739dafb745cb7dc52a07ab46a2a]
http://locust.dev.tophat.withbuddies.com [503] [GET] [] [] [] [d41d8cd98f00b204e9800998ecf8427e]
http://locust.loadtest.tophat.withbuddies.com [503] [GET] [] [] [] [d41d8cd98f00b204e9800998ecf8427e]
http://mail.withbuddies.com [404] [GET] [text/html] [Error 404 (Not Found)!!1] [ghs] [b81150861bf911f947660cf73bce77f6]
http://preview-admin.withbuddies.com [301] [GET] [] [] [AmazonS3] [vhost] [Amazon S3,Amazon Web Services] [d41d8cd98f00b204e9800998ecf8427e]
http://preview-wheeloffortune-admin.withbuddies.com [301] [GET] [] [] [AmazonS3] [vhost] [Amazon S3,Amazon Web Services] [d41d8cd98f00b204e9800998ecf8427e]
http://wheeloffortune-admin.withbuddies.com [301] [GET] [] [] [AmazonS3] [vhost] [Amazon S3,Amazon Web Services] [d41d8cd98f00b204e9800998ecf8427e]
https://admin-west.withbuddies.com [301] [GET] [] [] [Microsoft-IIS/10.0] [IIS,Microsoft ASP.NET,Windows Server] [d41d8cd98f00b204e9800998ecf8427e]
https://admin.content.odyssey.withbuddies.com [503] [GET] [text/html] [503 Service Temporarily Unavailable] [awselb/2.0] [vhost] [81df4d3863debf3eceb5cf84251fd472]
https://admin.design.odyssey.withbuddies.com [302] [GET] [] [] [nginx/1.14.0 (Ubuntu)] [vhost] [Nginx,Ubuntu] [d41d8cd98f00b204e9800998ecf8427e]
https://admin.dev.odyssey.withbuddies.com [302] [GET] [] [] [nginx/1.14.0 (Ubuntu)] [vhost] [Nginx,Ubuntu] [d41d8cd98f00b204e9800998ecf8427e]
https://admin.dev.panda.withbuddies.com [302] [GET] [] [] [nginx/1.14.0 (Ubuntu)] [vhost] [Nginx,Ubuntu] [d41d8cd98f00b204e9800998ecf8427e]
https://admin.dev.pantheon.withbuddies.com [302] [GET] [text/html] [302 Found] [awselb/2.0] [vhost] [f366e0e18b589cb6f243bf43ce75e83c]
https://admin.dev.sample.withbuddies.com [302] [GET] [] [] [nginx/1.14.0 (Ubuntu)] [vhost] [Nginx,Ubuntu] [d41d8cd98f00b204e9800998ecf8427e]
https://admin.dev.tophat.withbuddies.com [302] [GET] [] [] [nginx/1.14.0 (Ubuntu)] [vhost] [Nginx,Ubuntu] [d41d8cd98f00b204e9800998ecf8427e]
https://admin.dev.tuscany.withbuddies.com [302] [GET] [] [] [nginx/1.14.0 (Ubuntu)] [vhost] [Nginx,Ubuntu] [d41d8cd98f00b204e9800998ecf8427e]
https://admin.loadtest.tophat.withbuddies.com [302] [GET] [] [] [nginx/1.14.0 (Ubuntu)] [vhost] [Nginx,Ubuntu] [d41d8cd98f00b204e9800998ecf8427e]
https://admin.preview.dice.withbuddies.com [302] [GET] [] [] [nginx/1.14.0 (Ubuntu)] [vhost] [Nginx,Ubuntu] [d41d8cd98f00b204e9800998ecf8427e]
https://admin.preview.pantheon.withbuddies.com [302] [GET] [] [] [nginx/1.14.0 (Ubuntu)] [vhost] [Nginx,Ubuntu] [d41d8cd98f00b204e9800998ecf8427e]
https://admin.preview.scrabble.withbuddies.com [302] [GET] [] [] [nginx/1.18.0 (Ubuntu)] [vhost] [Nginx,Ubuntu] [d41d8cd98f00b204e9800998ecf8427e]
https://admin.preview.wheel.withbuddies.com [302] [GET] [] [] [nginx/1.14.0 (Ubuntu)] [vhost] [Nginx,Ubuntu] [d41d8cd98f00b204e9800998ecf8427e]
https://admin.prod.dice.withbuddies.com [302] [GET] [] [] [nginx/1.14.0 (Ubuntu)] [vhost] [Nginx,Ubuntu] [d41d8cd98f00b204e9800998ecf8427e]
https://admin.prod.odyssey.withbuddies.com [302] [GET] [] [] [nginx/1.14.0 (Ubuntu)] [vhost] [Nginx,Ubuntu] [d41d8cd98f00b204e9800998ecf8427e]
https://admin.prod.panda.withbuddies.com [302] [GET] [] [] [nginx/1.14.0 (Ubuntu)] [vhost] [Nginx,Ubuntu] [d41d8cd98f00b204e9800998ecf8427e]
https://admin.prod.wheel.withbuddies.com [302] [GET] [] [] [nginx/1.14.0 (Ubuntu)] [vhost] [Nginx,Ubuntu] [d41d8cd98f00b204e9800998ecf8427e]
https://admin.production.scrabble.withbuddies.com [302] [GET] [] [] [nginx/1.18.0 (Ubuntu)] [vhost] [Nginx,Ubuntu] [d41d8cd98f00b204e9800998ecf8427e]
https://admin.qa.dice.withbuddies.com [302] [GET] [] [] [nginx/1.14.0 (Ubuntu)] [vhost] [Nginx,Ubuntu] [d41d8cd98f00b204e9800998ecf8427e]
https://admin.qa.panda.withbuddies.com [302] [GET] [] [] [nginx/1.14.0 (Ubuntu)] [vhost] [Nginx,Ubuntu] [d41d8cd98f00b204e9800998ecf8427e]
https://admin.qa.tophat.withbuddies.com [302] [GET] [] [] [nginx/1.14.0 (Ubuntu)] [vhost] [Nginx,Ubuntu] [d41d8cd98f00b204e9800998ecf8427e]
https://admin.qa.wheel.withbuddies.com [302] [GET] [] [] [nginx/1.14.0 (Ubuntu)] [vhost] [Nginx,Ubuntu] [d41d8cd98f00b204e9800998ecf8427e]
https://admin.qa2.panda.withbuddies.com [302] [GET] [] [] [nginx/1.14.0 (Ubuntu)] [vhost] [Nginx,Ubuntu] [d41d8cd98f00b204e9800998ecf8427e]
https://admin.sandbox1.tophat.withbuddies.com [302] [GET] [] [] [nginx/1.14.0 (Ubuntu)] [vhost] [Nginx,Ubuntu] [d41d8cd98f00b204e9800998ecf8427e]
https://admin.sandbox2.tophat.withbuddies.com [302] [GET] [] [] [nginx/1.14.0 (Ubuntu)] [vhost] [Nginx,Ubuntu] [d41d8cd98f00b204e9800998ecf8427e]
https://admin.stable1.odyssey.withbuddies.com [503] [GET] [text/html] [503 Service Temporarily Unavailable] [awselb/2.0] [vhost] [613f79233487af685baf4b32a2397ede]
https://admin.stable1.odyssey.withbuddies.com [503] [GET] [text/html] [503 Service Temporarily Unavailable] [awselb/2.0] [vhost] [81df4d3863debf3eceb5cf84251fd472]
https://admin.stable2.odyssey.withbuddies.com [503] [GET] [text/html] [503 Service Temporarily Unavailable] [awselb/2.0] [vhost] [613f79233487af685baf4b32a2397ede]
https://admin.stable2.odyssey.withbuddies.com [503] [GET] [text/html] [503 Service Temporarily Unavailable] [awselb/2.0] [vhost] [81df4d3863debf3eceb5cf84251fd472]
https://admin.stage.dice.withbuddies.com [302] [GET] [] [] [nginx/1.14.0 (Ubuntu)] [vhost] [Nginx,Ubuntu] [d41d8cd98f00b204e9800998ecf8427e]
https://admin.stage.odyssey.withbuddies.com [503] [GET] [text/html] [503 Service Temporarily Unavailable] [awselb/2.0] [vhost] [613f79233487af685baf4b32a2397ede]
https://admin.stage.panda.withbuddies.com [302] [GET] [] [] [nginx/1.14.0 (Ubuntu)] [vhost] [Nginx,Ubuntu] [d41d8cd98f00b204e9800998ecf8427e]
https://admin.stage.scrabble.withbuddies.com [302] [GET] [] [] [nginx/1.18.0 (Ubuntu)] [vhost] [Nginx,Ubuntu] [d41d8cd98f00b204e9800998ecf8427e]
https://admin.stage.tophat.withbuddies.com [302] [GET] [] [] [nginx/1.14.0 (Ubuntu)] [vhost] [Nginx,Ubuntu] [d41d8cd98f00b204e9800998ecf8427e]
https://admin.staging.odyssey.withbuddies.com [302] [GET] [] [] [nginx/1.14.0 (Ubuntu)] [vhost] [Nginx,Ubuntu] [d41d8cd98f00b204e9800998ecf8427e]
https://api-test.content.odyssey.withbuddies.com [503] [GET] [text/html] [503 Service Temporarily Unavailable] [awselb/2.0] [vhost] [613f79233487af685baf4b32a2397ede]
https://api-test.design.odyssey.withbuddies.com [503] [GET] [text/html] [503 Service Temporarily Unavailable] [awselb/2.0] [vhost] [613f79233487af685baf4b32a2397ede]
https://api-test.dev.odyssey.withbuddies.com [503] [GET] [text/html] [503 Service Temporarily Unavailable] [awselb/2.0] [vhost] [613f79233487af685baf4b32a2397ede]
https://api-test.dev.panda.withbuddies.com [503] [GET] [text/html] [503 Service Temporarily Unavailable] [awselb/2.0] [vhost] [613f79233487af685baf4b32a2397ede]
https://api-test.dev.panda.withbuddies.com [503] [GET] [text/html] [503 Service Temporarily Unavailable] [awselb/2.0] [vhost] [81df4d3863debf3eceb5cf84251fd472]
https://api-test.dev.pantheon.withbuddies.com [404] [GET] [text/plain] [] [awselb/2.0] [9d1ead73e678fa2f51a70a933b0bf017]
https://api-test.preview.dice.withbuddies.com [503] [GET] [text/html] [503 Service Temporarily Unavailable] [awselb/2.0] [vhost] [613f79233487af685baf4b32a2397ede]
https://api-test.preview.pantheon.withbuddies.com [503] [GET] [text/html] [503 Service Temporarily Unavailable] [awselb/2.0] [vhost] [613f79233487af685baf4b32a2397ede]
https://api-test.preview.scrabble.withbuddies.com [503] [GET] [text/html] [503 Service Temporarily Unavailable] [awselb/2.0] [vhost] [613f79233487af685baf4b32a2397ede]
https://api-test.preview.scrabble.withbuddies.com [503] [GET] [text/html] [503 Service Temporarily Unavailable] [awselb/2.0] [vhost] [81df4d3863debf3eceb5cf84251fd472]
https://api-test.prod.odyssey.withbuddies.com [503] [GET] [text/html] [503 Service Temporarily Unavailable] [awselb/2.0] [vhost] [81df4d3863debf3eceb5cf84251fd472]
https://api-test.production.scrabble.withbuddies.com [503] [GET] [text/html] [503 Service Temporarily Unavailable] [awselb/2.0] [vhost] [613f79233487af685baf4b32a2397ede]
https://api-test.stable1.odyssey.withbuddies.com [503] [GET] [text/html] [503 Service Temporarily Unavailable] [awselb/2.0] [vhost] [613f79233487af685baf4b32a2397ede]
https://api-test.stable1.odyssey.withbuddies.com [503] [GET] [text/html] [503 Service Temporarily Unavailable] [awselb/2.0] [vhost] [81df4d3863debf3eceb5cf84251fd472]
https://api-test.stage.odyssey.withbuddies.com [503] [GET] [text/html] [503 Service Temporarily Unavailable] [awselb/2.0] [vhost] [613f79233487af685baf4b32a2397ede]
https://api-test.stage.scrabble.withbuddies.com [503] [GET] [text/html] [503 Service Temporarily Unavailable] [awselb/2.0] [vhost] [613f79233487af685baf4b32a2397ede]
https://api-test.stage.scrabble.withbuddies.com [503] [GET] [text/html] [503 Service Temporarily Unavailable] [awselb/2.0] [vhost] [81df4d3863debf3eceb5cf84251fd472]
https://api-test.staging.odyssey.withbuddies.com [503] [GET] [text/html] [503 Service Temporarily Unavailable] [awselb/2.0] [vhost] [613f79233487af685baf4b32a2397ede]
https://api.design.odyssey.withbuddies.com [404] [GET] [] [] [nginx/1.14.0 (Ubuntu)] [vhost] [Nginx,Ubuntu] [d41d8cd98f00b204e9800998ecf8427e]
https://api.dev.legend.withbuddies.com [302] [GET] [] [] [nginx/1.14.0 (Ubuntu)] [vhost] [Nginx,Ubuntu] [d41d8cd98f00b204e9800998ecf8427e]
https://api.dev.odyssey.withbuddies.com [302] [GET] [] [] [nginx/1.14.0 (Ubuntu)] [vhost] [Nginx,Ubuntu] [d41d8cd98f00b204e9800998ecf8427e]
https://api.dev.panda.withbuddies.com [302] [GET] [] [] [nginx/1.14.0 (Ubuntu)] [vhost] [Nginx,Ubuntu] [d41d8cd98f00b204e9800998ecf8427e]
https://api.dev.pantheon.withbuddies.com [404] [GET] [text/plain] [] [awselb/2.0] [9d1ead73e678fa2f51a70a933b0bf017]
https://api.dev.sample.withbuddies.com [302] [GET] [] [] [nginx/1.14.0 (Ubuntu)] [vhost] [Nginx,Ubuntu] [d41d8cd98f00b204e9800998ecf8427e]
https://api.dev.tophat.withbuddies.com [302] [GET] [] [] [nginx/1.14.0 (Ubuntu)] [vhost] [Nginx,Ubuntu] [d41d8cd98f00b204e9800998ecf8427e]
https://api.dev.tuscany.withbuddies.com [302] [GET] [] [] [nginx/1.14.0 (Ubuntu)] [vhost] [Nginx,Ubuntu] [d41d8cd98f00b204e9800998ecf8427e]
https://api.loadtest.tophat.withbuddies.com [404] [GET] [] [] [nginx/1.14.0 (Ubuntu)] [vhost] [Nginx,Ubuntu] [d41d8cd98f00b204e9800998ecf8427e]
https://api.preview.pantheon.withbuddies.com [404] [GET] [] [] [nginx/1.14.0 (Ubuntu)] [vhost] [Nginx,Ubuntu] [d41d8cd98f00b204e9800998ecf8427e]
https://api.preview.scrabble.withbuddies.com [302] [GET] [] [] [nginx/1.18.0 (Ubuntu)] [vhost] [Nginx,Ubuntu] [d41d8cd98f00b204e9800998ecf8427e]
https://api.preview.wheel.withbuddies.com [302] [GET] [] [] [nginx/1.14.0 (Ubuntu)] [vhost] [Nginx,Ubuntu] [d41d8cd98f00b204e9800998ecf8427e]
https://api.prod.dice.withbuddies.com [404] [GET] [] [] [nginx/1.14.0 (Ubuntu)] [vhost] [Nginx,Ubuntu] [d41d8cd98f00b204e9800998ecf8427e]
https://api.prod.odyssey.withbuddies.com [404] [GET] [] [] [nginx/1.14.0 (Ubuntu)] [vhost] [Nginx,Ubuntu] [d41d8cd98f00b204e9800998ecf8427e]
https://api.prod.panda.withbuddies.com [302] [GET] [] [] [nginx/1.14.0 (Ubuntu)] [vhost] [Nginx,Ubuntu] [d41d8cd98f00b204e9800998ecf8427e]
https://api.prod.wheel.withbuddies.com [404] [GET] [] [] [nginx/1.14.0 (Ubuntu)] [vhost] [Nginx,Ubuntu] [d41d8cd98f00b204e9800998ecf8427e]
https://api.production.scrabble.withbuddies.com [404] [GET] [] [] [nginx/1.18.0 (Ubuntu)] [vhost] [cloudfront] [Amazon Cloudfront,Amazon Web Services,Nginx,Ubuntu] [d41d8cd98f00b204e9800998ecf8427e]
https://api.qa.dice.withbuddies.com [404] [GET] [] [] [nginx/1.14.0 (Ubuntu)] [vhost] [Nginx,Ubuntu] [d41d8cd98f00b204e9800998ecf8427e]
https://api.qa.panda.withbuddies.com [302] [GET] [] [] [nginx/1.14.0 (Ubuntu)] [vhost] [Nginx,Ubuntu] [d41d8cd98f00b204e9800998ecf8427e]
https://api.qa.scrabble.withbuddies.com [302] [GET] [] [] [nginx/1.14.0 (Ubuntu)] [Nginx,Ubuntu] [d41d8cd98f00b204e9800998ecf8427e]
https://api.qa.tophat.withbuddies.com [302] [GET] [] [] [nginx/1.14.0 (Ubuntu)] [vhost] [Nginx,Ubuntu] [d41d8cd98f00b204e9800998ecf8427e]
https://api.qa.wheel.withbuddies.com [404] [GET] [] [] [nginx/1.14.0 (Ubuntu)] [vhost] [Nginx,Ubuntu] [d41d8cd98f00b204e9800998ecf8427e]
https://api.qa2.panda.withbuddies.com [302] [GET] [] [] [nginx/1.14.0 (Ubuntu)] [vhost] [Nginx,Ubuntu] [d41d8cd98f00b204e9800998ecf8427e]
https://api.sandbox1.tophat.withbuddies.com [302] [GET] [] [] [nginx/1.14.0 (Ubuntu)] [vhost] [Nginx,Ubuntu] [d41d8cd98f00b204e9800998ecf8427e]
https://api.sandbox2.tophat.withbuddies.com [302] [GET] [] [] [nginx/1.14.0 (Ubuntu)] [vhost] [Nginx,Ubuntu] [d41d8cd98f00b204e9800998ecf8427e]
https://api.stable1.odyssey.withbuddies.com [503] [GET] [text/html] [503 Service Temporarily Unavailable] [awselb/2.0] [vhost] [613f79233487af685baf4b32a2397ede]
https://api.stage.dice.withbuddies.com [404] [GET] [] [] [nginx/1.14.0 (Ubuntu)] [vhost] [Nginx,Ubuntu] [d41d8cd98f00b204e9800998ecf8427e]
https://api.stage.odyssey.withbuddies.com [503] [GET] [text/html] [503 Service Temporarily Unavailable] [awselb/2.0] [vhost] [613f79233487af685baf4b32a2397ede]
https://api.stage.panda.withbuddies.com [302] [GET] [] [] [nginx/1.14.0 (Ubuntu)] [vhost] [Nginx,Ubuntu] [d41d8cd98f00b204e9800998ecf8427e]
https://api.stage.scrabble.withbuddies.com [404] [GET] [] [] [nginx/1.18.0 (Ubuntu)] [vhost] [Nginx,Ubuntu] [d41d8cd98f00b204e9800998ecf8427e]
https://api.stage.tophat.withbuddies.com [302] [GET] [] [] [nginx/1.14.0 (Ubuntu)] [vhost] [Nginx,Ubuntu] [d41d8cd98f00b204e9800998ecf8427e]
https://api.staging.odyssey.withbuddies.com [404] [GET] [] [] [nginx/1.14.0 (Ubuntu)] [vhost] [Nginx,Ubuntu] [d41d8cd98f00b204e9800998ecf8427e]
https://api2.production.scrabble.withbuddies.com [404] [GET] [] [] [nginx/1.18.0 (Ubuntu)] [Nginx,Ubuntu] [d41d8cd98f00b204e9800998ecf8427e]
https://cf-dice-api.withbuddies.com [404] [GET] [] [] [nginx/1.14.0 (Ubuntu)] [vhost] [Nginx,Ubuntu] [d41d8cd98f00b204e9800998ecf8427e]
https://dev-wheeloffortune-api.withbuddies.com [302] [GET] [] [] [nginx/1.14.0 (Ubuntu)] [vhost] [Nginx,Ubuntu] [d41d8cd98f00b204e9800998ecf8427e]
https://dice-admin.withbuddies.com [302] [GET] [text/html] [302 Found] [awselb/2.0] [vhost] [f366e0e18b589cb6f243bf43ce75e83c]
https://dice-api.withbuddies.com [404] [GET] [] [] [nginx/1.14.0 (Ubuntu)] [vhost] [cloudfront] [Amazon Cloudfront,Amazon Web Services,Nginx,Ubuntu] [d41d8cd98f00b204e9800998ecf8427e]
https://dice-hangfire.withbuddies.com [302] [GET] [text/html] [302 Found] [awselb/2.0] [vhost] [f366e0e18b589cb6f243bf43ce75e83c]
https://email.withbuddies.com [404] [GET] [text/html] [404 Not Found] [nginx] [Nginx] [8e325dc2fea7c8900fc6c4b8c6c394fe]
https://facebook-dice.withbuddies.com [404] [GET] [] [] [nginx/1.14.0 (Ubuntu)] [vhost] [Nginx,Ubuntu] [d41d8cd98f00b204e9800998ecf8427e]
https://facebookapi.preview.dice.withbuddies.com [404] [GET] [] [] [nginx/1.14.0 (Ubuntu)] [vhost] [Nginx,Ubuntu] [d41d8cd98f00b204e9800998ecf8427e]
https://facebookapi.prod.dice.withbuddies.com [404] [GET] [] [] [nginx/1.14.0 (Ubuntu)] [vhost] [Nginx,Ubuntu] [d41d8cd98f00b204e9800998ecf8427e]
https://facebookapi.qa.dice.withbuddies.com [404] [GET] [] [] [nginx/1.14.0 (Ubuntu)] [vhost] [Nginx,Ubuntu] [d41d8cd98f00b204e9800998ecf8427e]
https://facebookapi.stage.dice.withbuddies.com [404] [GET] [] [] [nginx/1.14.0 (Ubuntu)] [vhost] [Nginx,Ubuntu] [d41d8cd98f00b204e9800998ecf8427e]
https://flora-render-prod.prod.petunia.withbuddies.com [403] [GET] [text/plain] [] [awselb/2.0] [vhost] [cloudfront] [Amazon Cloudfront,Amazon Web Services] [d41d8cd98f00b204e9800998ecf8427e]
https://gateway.dev.odyssey.withbuddies.com [404] [GET] [] [] [] [vhost] [d41d8cd98f00b204e9800998ecf8427e]
https://hangfire.content.odyssey.withbuddies.com [503] [GET] [text/html] [503 Service Temporarily Unavailable] [awselb/2.0] [vhost] [613f79233487af685baf4b32a2397ede]
https://hangfire.design.odyssey.withbuddies.com [302] [GET] [] [] [nginx/1.14.0 (Ubuntu)] [vhost] [Nginx,Ubuntu] [d41d8cd98f00b204e9800998ecf8427e]
https://hangfire.dev.legend.withbuddies.com [302] [GET] [] [] [nginx/1.14.0 (Ubuntu)] [vhost] [Nginx,Ubuntu] [d41d8cd98f00b204e9800998ecf8427e]
https://hangfire.dev.odyssey.withbuddies.com [302] [GET] [] [] [nginx/1.14.0 (Ubuntu)] [vhost] [Nginx,Ubuntu] [d41d8cd98f00b204e9800998ecf8427e]
https://hangfire.dev.panda.withbuddies.com [302] [GET] [] [] [nginx/1.14.0 (Ubuntu)] [vhost] [Nginx,Ubuntu] [d41d8cd98f00b204e9800998ecf8427e]
https://hangfire.dev.pantheon.withbuddies.com [302] [GET] [text/html] [302 Found] [awselb/2.0] [vhost] [f366e0e18b589cb6f243bf43ce75e83c]
https://hangfire.dev.sample.withbuddies.com [302] [GET] [] [] [nginx/1.14.0 (Ubuntu)] [vhost] [Nginx,Ubuntu] [d41d8cd98f00b204e9800998ecf8427e]
https://hangfire.dev.tophat.withbuddies.com [302] [GET] [] [] [nginx/1.14.0 (Ubuntu)] [vhost] [Nginx,Ubuntu] [d41d8cd98f00b204e9800998ecf8427e]
https://hangfire.dev.tuscany.withbuddies.com [302] [GET] [] [] [nginx/1.14.0 (Ubuntu)] [vhost] [Nginx,Ubuntu] [d41d8cd98f00b204e9800998ecf8427e]
https://hangfire.loadtest.tophat.withbuddies.com [302] [GET] [] [] [nginx/1.14.0 (Ubuntu)] [vhost] [Nginx,Ubuntu] [d41d8cd98f00b204e9800998ecf8427e]
https://hangfire.preview.dice.withbuddies.com [302] [GET] [] [] [nginx/1.14.0 (Ubuntu)] [vhost] [Nginx,Ubuntu] [d41d8cd98f00b204e9800998ecf8427e]
https://hangfire.preview.pantheon.withbuddies.com [302] [GET] [] [] [nginx/1.14.0 (Ubuntu)] [vhost] [Nginx,Ubuntu] [d41d8cd98f00b204e9800998ecf8427e]
https://hangfire.preview.scrabble.withbuddies.com [302] [GET] [] [] [nginx/1.18.0 (Ubuntu)] [vhost] [Nginx,Ubuntu] [d41d8cd98f00b204e9800998ecf8427e]
https://hangfire.preview.wheel.withbuddies.com [302] [GET] [] [] [nginx/1.14.0 (Ubuntu)] [vhost] [Nginx,Ubuntu] [d41d8cd98f00b204e9800998ecf8427e]
https://hangfire.prod.dice.withbuddies.com [302] [GET] [] [] [nginx/1.14.0 (Ubuntu)] [vhost] [Nginx,Ubuntu] [d41d8cd98f00b204e9800998ecf8427e]
https://hangfire.prod.odyssey.withbuddies.com [302] [GET] [] [] [nginx/1.14.0 (Ubuntu)] [vhost] [Nginx,Ubuntu] [d41d8cd98f00b204e9800998ecf8427e]
https://hangfire.prod.panda.withbuddies.com [302] [GET] [] [] [nginx/1.14.0 (Ubuntu)] [vhost] [Nginx,Ubuntu] [d41d8cd98f00b204e9800998ecf8427e]
https://hangfire.prod.wheel.withbuddies.com [302] [GET] [] [] [nginx/1.14.0 (Ubuntu)] [vhost] [Nginx,Ubuntu] [d41d8cd98f00b204e9800998ecf8427e]
https://hangfire.production.scrabble.withbuddies.com [302] [GET] [] [] [nginx/1.18.0 (Ubuntu)] [vhost] [Nginx,Ubuntu] [d41d8cd98f00b204e9800998ecf8427e]
https://hangfire.qa.dice.withbuddies.com [302] [GET] [] [] [nginx/1.14.0 (Ubuntu)] [vhost] [Nginx,Ubuntu] [d41d8cd98f00b204e9800998ecf8427e]
https://hangfire.qa.panda.withbuddies.com [302] [GET] [] [] [nginx/1.14.0 (Ubuntu)] [vhost] [Nginx,Ubuntu] [d41d8cd98f00b204e9800998ecf8427e]
https://hangfire.qa.tophat.withbuddies.com [302] [GET] [] [] [nginx/1.14.0 (Ubuntu)] [vhost] [Nginx,Ubuntu] [d41d8cd98f00b204e9800998ecf8427e]
https://hangfire.qa.wheel.withbuddies.com [302] [GET] [] [] [nginx/1.14.0 (Ubuntu)] [vhost] [Nginx,Ubuntu] [d41d8cd98f00b204e9800998ecf8427e]
https://hangfire.qa2.panda.withbuddies.com [302] [GET] [] [] [nginx/1.14.0 (Ubuntu)] [vhost] [Nginx,Ubuntu] [d41d8cd98f00b204e9800998ecf8427e]
https://hangfire.sandbox1.tophat.withbuddies.com [302] [GET] [] [] [nginx/1.14.0 (Ubuntu)] [vhost] [Nginx,Ubuntu] [d41d8cd98f00b204e9800998ecf8427e]
https://hangfire.sandbox2.tophat.withbuddies.com [302] [GET] [] [] [nginx/1.14.0 (Ubuntu)] [vhost] [Nginx,Ubuntu] [d41d8cd98f00b204e9800998ecf8427e]
https://hangfire.stable1.odyssey.withbuddies.com [503] [GET] [text/html] [503 Service Temporarily Unavailable] [awselb/2.0] [vhost] [613f79233487af685baf4b32a2397ede]
https://hangfire.stable1.odyssey.withbuddies.com [503] [GET] [text/html] [503 Service Temporarily Unavailable] [awselb/2.0] [vhost] [81df4d3863debf3eceb5cf84251fd472]
https://hangfire.stage.dice.withbuddies.com [302] [GET] [] [] [nginx/1.14.0 (Ubuntu)] [vhost] [Nginx,Ubuntu] [d41d8cd98f00b204e9800998ecf8427e]
https://hangfire.stage.odyssey.withbuddies.com [503] [GET] [text/html] [503 Service Temporarily Unavailable] [awselb/2.0] [vhost] [613f79233487af685baf4b32a2397ede]
https://hangfire.stage.odyssey.withbuddies.com [503] [GET] [text/html] [503 Service Temporarily Unavailable] [awselb/2.0] [vhost] [81df4d3863debf3eceb5cf84251fd472]
https://hangfire.stage.panda.withbuddies.com [302] [GET] [] [] [nginx/1.14.0 (Ubuntu)] [vhost] [Nginx,Ubuntu] [d41d8cd98f00b204e9800998ecf8427e]
https://hangfire.stage.scrabble.withbuddies.com [302] [GET] [] [] [nginx/1.18.0 (Ubuntu)] [vhost] [Nginx,Ubuntu] [d41d8cd98f00b204e9800998ecf8427e]
https://hangfire.stage.tophat.withbuddies.com [302] [GET] [] [] [nginx/1.14.0 (Ubuntu)] [vhost] [Nginx,Ubuntu] [d41d8cd98f00b204e9800998ecf8427e]
https://hangfire.staging.odyssey.withbuddies.com [302] [GET] [] [] [nginx/1.14.0 (Ubuntu)] [vhost] [Nginx,Ubuntu] [d41d8cd98f00b204e9800998ecf8427e]
https://jenkins-client.odyssey.withbuddies.com [403] [GET] [text/plain] [] [awselb/2.0] [vhost] [c376d5cdfec8760b7db93856767ca31d]
https://jenkins.content.odyssey.withbuddies.com [403] [GET] [text/plain] [] [awselb/2.0] [vhost] [c02acee921f5aeb15c7ab5d1aed3c938]
https://jenkins.design.odyssey.withbuddies.com [403] [GET] [text/plain] [] [awselb/2.0] [vhost] [c02acee921f5aeb15c7ab5d1aed3c938]
https://jenkins.dev.legend.withbuddies.com [403] [GET] [text/plain] [] [awselb/2.0] [vhost] [c02acee921f5aeb15c7ab5d1aed3c938]
https://jenkins.dev.odyssey.withbuddies.com [403] [GET] [text/plain] [] [awselb/2.0] [vhost] [c02acee921f5aeb15c7ab5d1aed3c938]
https://jenkins.dev.panda.withbuddies.com [403] [GET] [text/plain] [] [awselb/2.0] [vhost] [c02acee921f5aeb15c7ab5d1aed3c938]
https://jenkins.dev.sample.withbuddies.com [403] [GET] [text/plain] [] [awselb/2.0] [vhost] [c02acee921f5aeb15c7ab5d1aed3c938]
https://jenkins.dev.tophat.withbuddies.com [403] [GET] [text/plain] [] [awselb/2.0] [vhost] [c02acee921f5aeb15c7ab5d1aed3c938]
https://jenkins.dev.tuscany.withbuddies.com [403] [GET] [text/plain] [] [awselb/2.0] [vhost] [c02acee921f5aeb15c7ab5d1aed3c938]
https://jenkins.loadtest.tophat.withbuddies.com [403] [GET] [text/plain] [] [awselb/2.0] [vhost] [c02acee921f5aeb15c7ab5d1aed3c938]
https://jenkins.odyssey.withbuddies.com [404] [GET] [text/plain] [] [awselb/2.0] [9d1ead73e678fa2f51a70a933b0bf017]
https://jenkins.pantheon.withbuddies.com [403] [GET] [text/plain] [] [awselb/2.0] [vhost] [4a765da1bb598791d577807e16932805]
https://jenkins.preview.dice.withbuddies.com [403] [GET] [text/plain] [] [awselb/2.0] [vhost] [c02acee921f5aeb15c7ab5d1aed3c938]
https://jenkins.preview.pantheon.withbuddies.com [403] [GET] [text/plain] [] [awselb/2.0] [vhost] [c02acee921f5aeb15c7ab5d1aed3c938]
https://jenkins.preview.scrabble.withbuddies.com [403] [GET] [text/plain] [] [awselb/2.0] [vhost] [c02acee921f5aeb15c7ab5d1aed3c938]
https://jenkins.preview.wheel.withbuddies.com [403] [GET] [text/plain] [] [awselb/2.0] [vhost] [c02acee921f5aeb15c7ab5d1aed3c938]
https://jenkins.prod.dice.withbuddies.com [403] [GET] [text/plain] [] [awselb/2.0] [vhost] [c02acee921f5aeb15c7ab5d1aed3c938]
https://jenkins.prod.odyssey.withbuddies.com [403] [GET] [text/plain] [] [awselb/2.0] [vhost] [c02acee921f5aeb15c7ab5d1aed3c938]
https://jenkins.prod.panda.withbuddies.com [403] [GET] [text/plain] [] [awselb/2.0] [vhost] [c02acee921f5aeb15c7ab5d1aed3c938]
https://jenkins.prod.wheel.withbuddies.com [403] [GET] [text/plain] [] [awselb/2.0] [vhost] [c02acee921f5aeb15c7ab5d1aed3c938]
https://jenkins.production.scrabble.withbuddies.com [403] [GET] [text/plain] [] [awselb/2.0] [vhost] [c02acee921f5aeb15c7ab5d1aed3c938]
https://jenkins.qa.dice.withbuddies.com [403] [GET] [text/plain] [] [awselb/2.0] [vhost] [c02acee921f5aeb15c7ab5d1aed3c938]
https://jenkins.qa.panda.withbuddies.com [403] [GET] [text/plain] [] [awselb/2.0] [vhost] [c02acee921f5aeb15c7ab5d1aed3c938]
https://jenkins.qa.tophat.withbuddies.com [403] [GET] [text/plain] [] [awselb/2.0] [vhost] [c02acee921f5aeb15c7ab5d1aed3c938]
https://jenkins.qa.wheel.withbuddies.com [403] [GET] [text/plain] [] [awselb/2.0] [vhost] [c02acee921f5aeb15c7ab5d1aed3c938]
https://jenkins.qa2.panda.withbuddies.com [403] [GET] [text/plain] [] [awselb/2.0] [vhost] [c02acee921f5aeb15c7ab5d1aed3c938]
https://jenkins.sandbox1.tophat.withbuddies.com [403] [GET] [text/plain] [] [awselb/2.0] [vhost] [c02acee921f5aeb15c7ab5d1aed3c938]
https://jenkins.sandbox2.tophat.withbuddies.com [403] [GET] [text/plain] [] [awselb/2.0] [vhost] [c02acee921f5aeb15c7ab5d1aed3c938]
https://jenkins.stable1.odyssey.withbuddies.com [403] [GET] [text/plain] [] [awselb/2.0] [vhost] [c02acee921f5aeb15c7ab5d1aed3c938]
https://jenkins.stable2.odyssey.withbuddies.com [403] [GET] [text/plain] [] [awselb/2.0] [vhost] [c02acee921f5aeb15c7ab5d1aed3c938]
https://jenkins.stage.dice.withbuddies.com [403] [GET] [text/plain] [] [awselb/2.0] [vhost] [c02acee921f5aeb15c7ab5d1aed3c938]
https://jenkins.stage.odyssey.withbuddies.com [403] [GET] [text/plain] [] [awselb/2.0] [vhost] [c02acee921f5aeb15c7ab5d1aed3c938]
https://jenkins.stage.panda.withbuddies.com [403] [GET] [text/plain] [] [awselb/2.0] [vhost] [c02acee921f5aeb15c7ab5d1aed3c938]
https://jenkins.stage.scrabble.withbuddies.com [403] [GET] [text/plain] [] [awselb/2.0] [vhost] [c02acee921f5aeb15c7ab5d1aed3c938]
https://jenkins.stage.tophat.withbuddies.com [403] [GET] [text/plain] [] [awselb/2.0] [vhost] [c02acee921f5aeb15c7ab5d1aed3c938]
https://jenkins.staging.odyssey.withbuddies.com [403] [GET] [text/plain] [] [awselb/2.0] [vhost] [c02acee921f5aeb15c7ab5d1aed3c938]
https://jenkins.withbuddies.com [403] [GET] [text/plain] [] [awselb/2.0] [vhost] [c02acee921f5aeb15c7ab5d1aed3c938]
https://logs.design.odyssey.withbuddies.com [302] [GET] [text/html] [302 Found] [awselb/2.0] [vhost] [f366e0e18b589cb6f243bf43ce75e83c]
https://logs.dev.legend.withbuddies.com [302] [GET] [text/html] [302 Found] [awselb/2.0] [vhost] [f366e0e18b589cb6f243bf43ce75e83c]
https://logs.dev.odyssey.withbuddies.com [302] [GET] [text/html] [302 Found] [awselb/2.0] [vhost] [f366e0e18b589cb6f243bf43ce75e83c]
https://logs.dev.panda.withbuddies.com [302] [GET] [text/html] [302 Found] [awselb/2.0] [vhost] [f366e0e18b589cb6f243bf43ce75e83c]
https://logs.dev.sample.withbuddies.com [302] [GET] [text/html] [302 Found] [awselb/2.0] [vhost] [f366e0e18b589cb6f243bf43ce75e83c]
https://logs.dev.tophat.withbuddies.com [302] [GET] [text/html] [302 Found] [awselb/2.0] [vhost] [f366e0e18b589cb6f243bf43ce75e83c]
https://logs.dev.tuscany.withbuddies.com [302] [GET] [text/html] [302 Found] [awselb/2.0] [vhost] [f366e0e18b589cb6f243bf43ce75e83c]
https://logs.preview.dice.withbuddies.com [302] [GET] [text/html] [302 Found] [awselb/2.0] [vhost] [f366e0e18b589cb6f243bf43ce75e83c]
https://logs.preview.pantheon.withbuddies.com [302] [GET] [text/html] [302 Found] [awselb/2.0] [vhost] [f366e0e18b589cb6f243bf43ce75e83c]
https://logs.preview.scrabble.withbuddies.com [302] [GET] [text/html] [302 Found] [awselb/2.0] [vhost] [f366e0e18b589cb6f243bf43ce75e83c]
https://logs.preview.wheel.withbuddies.com [302] [GET] [text/html] [302 Found] [awselb/2.0] [vhost] [f366e0e18b589cb6f243bf43ce75e83c]
https://logs.prod.dice.withbuddies.com [302] [GET] [text/html] [302 Found] [awselb/2.0] [vhost] [f366e0e18b589cb6f243bf43ce75e83c]
https://logs.prod.odyssey.withbuddies.com [302] [GET] [text/html] [302 Found] [awselb/2.0] [vhost] [f366e0e18b589cb6f243bf43ce75e83c]
https://logs.prod.panda.withbuddies.com [302] [GET] [text/html] [302 Found] [awselb/2.0] [vhost] [f366e0e18b589cb6f243bf43ce75e83c]
https://logs.prod.wheel.withbuddies.com [302] [GET] [text/html] [302 Found] [awselb/2.0] [vhost] [f366e0e18b589cb6f243bf43ce75e83c]
https://logs.production.scrabble.withbuddies.com [302] [GET] [text/html] [302 Found] [awselb/2.0] [vhost] [f366e0e18b589cb6f243bf43ce75e83c]
https://logs.qa.dice.withbuddies.com [302] [GET] [text/html] [302 Found] [awselb/2.0] [vhost] [f366e0e18b589cb6f243bf43ce75e83c]
https://logs.qa.panda.withbuddies.com [302] [GET] [text/html] [302 Found] [awselb/2.0] [vhost] [f366e0e18b589cb6f243bf43ce75e83c]
https://logs.qa.tophat.withbuddies.com [302] [GET] [text/html] [302 Found] [awselb/2.0] [vhost] [f366e0e18b589cb6f243bf43ce75e83c]
https://logs.qa.wheel.withbuddies.com [302] [GET] [text/html] [302 Found] [awselb/2.0] [vhost] [f366e0e18b589cb6f243bf43ce75e83c]
https://logs.qa2.panda.withbuddies.com [302] [GET] [text/html] [302 Found] [awselb/2.0] [vhost] [f366e0e18b589cb6f243bf43ce75e83c]
https://logs.sandbox1.tophat.withbuddies.com [302] [GET] [text/html] [302 Found] [awselb/2.0] [vhost] [f366e0e18b589cb6f243bf43ce75e83c]
https://logs.sandbox2.tophat.withbuddies.com [302] [GET] [text/html] [302 Found] [awselb/2.0] [vhost] [f366e0e18b589cb6f243bf43ce75e83c]
https://logs.stage.dice.withbuddies.com [302] [GET] [text/html] [302 Found] [awselb/2.0] [vhost] [f366e0e18b589cb6f243bf43ce75e83c]
https://logs.stage.odyssey.withbuddies.com [302] [GET] [text/html] [302 Found] [awselb/2.0] [vhost] [f366e0e18b589cb6f243bf43ce75e83c]
https://logs.stage.panda.withbuddies.com [302] [GET] [text/html] [302 Found] [awselb/2.0] [vhost] [f366e0e18b589cb6f243bf43ce75e83c]
https://logs.stage.scrabble.withbuddies.com [302] [GET] [text/html] [302 Found] [awselb/2.0] [vhost] [f366e0e18b589cb6f243bf43ce75e83c]
https://logs.stage.tophat.withbuddies.com [302] [GET] [text/html] [302 Found] [awselb/2.0] [vhost] [f366e0e18b589cb6f243bf43ce75e83c]
https://logs.staging.odyssey.withbuddies.com [302] [GET] [text/html] [302 Found] [awselb/2.0] [vhost] [f366e0e18b589cb6f243bf43ce75e83c]
https://preview-api.withbuddies.com [503] [GET] [text/html] [503 Service Temporarily Unavailable] [awselb/2.0] [613f79233487af685baf4b32a2397ede]
https://preview-dice-admin.withbuddies.com [302] [GET] [text/html] [302 Found] [awselb/2.0] [vhost] [f366e0e18b589cb6f243bf43ce75e83c]
https://preview-dice-api.withbuddies.com [302] [GET] [] [] [nginx/1.14.0 (Ubuntu)] [vhost] [Nginx,Ubuntu] [d41d8cd98f00b204e9800998ecf8427e]
https://preview-dice-hangfire.withbuddies.com [404] [GET] [text/plain] [] [awselb/2.0] [9d1ead73e678fa2f51a70a933b0bf017]
https://preview-facebook-dice.withbuddies.com [503] [GET] [text/html] [503 Service Temporarily Unavailable] [awselb/2.0] [613f79233487af685baf4b32a2397ede]
https://preview-facebook-dice.withbuddies.com [503] [GET] [text/html] [503 Service Temporarily Unavailable] [awselb/2.0] [81df4d3863debf3eceb5cf84251fd472]
https://preview-facebookapi.withbuddies.com [503] [GET] [text/html] [503 Service Temporarily Unavailable] [awselb/2.0] [613f79233487af685baf4b32a2397ede]
https://preview-facebookapi.withbuddies.com [503] [GET] [text/html] [503 Service Temporarily Unavailable] [awselb/2.0] [81df4d3863debf3eceb5cf84251fd472]
https://preview-wheel-admin.withbuddies.com [302] [GET] [text/html] [302 Found] [awselb/2.0] [vhost] [f366e0e18b589cb6f243bf43ce75e83c]
https://preview-wheel-hangfire.withbuddies.com [404] [GET] [text/plain] [] [awselb/2.0] [9d1ead73e678fa2f51a70a933b0bf017]
https://preview-wheeloffortune-api.withbuddies.com [302] [GET] [] [] [nginx/1.14.0 (Ubuntu)] [vhost] [Nginx,Ubuntu] [d41d8cd98f00b204e9800998ecf8427e]
https://r.withbuddies.com [301] [GET] [] [] [Microsoft-IIS/10.0] [IIS,Microsoft ASP.NET,Windows Server] [d41d8cd98f00b204e9800998ecf8427e]
https://sonarqube.dev.odyssey.withbuddies.com [200] [GET] [text/html] [SonarQube] [] [vhost] [Java,SonarQubes] [09a75e6ff8d2256408f3ac9b4ff0fbfc]
https://stage-admin.withbuddies.com [404] [GET] [text/plain] [] [awselb/2.0] [d41d8cd98f00b204e9800998ecf8427e]
https://stage-api.withbuddies.com [404] [GET] [text/plain] [] [awselb/2.0] [d41d8cd98f00b204e9800998ecf8427e]
https://stage-dice-admin.withbuddies.com [302] [GET] [text/html] [302 Found] [awselb/2.0] [vhost] [f366e0e18b589cb6f243bf43ce75e83c]
https://stage-dice-api.withbuddies.com [404] [GET] [] [] [nginx/1.14.0 (Ubuntu)] [vhost] [Nginx,Ubuntu] [d41d8cd98f00b204e9800998ecf8427e]
https://stage-dice-hangfire.withbuddies.com [404] [GET] [text/plain] [] [awselb/2.0] [9d1ead73e678fa2f51a70a933b0bf017]
https://stage-wheel-admin.withbuddies.com [503] [GET] [text/html] [503 Service Temporarily Unavailable] [awselb/2.0] [vhost] [613f79233487af685baf4b32a2397ede]
https://stage-wheel-hangfire.withbuddies.com [503] [GET] [text/html] [503 Service Temporarily Unavailable] [awselb/2.0] [vhost] [613f79233487af685baf4b32a2397ede]
https://stage-wheeloffortune-admin.withbuddies.com [503] [GET] [text/html] [503 Service Temporarily Unavailable] [awselb/2.0] [vhost] [613f79233487af685baf4b32a2397ede]
https://stage-wheeloffortune-admin.withbuddies.com [503] [GET] [text/html] [503 Service Temporarily Unavailable] [awselb/2.0] [vhost] [81df4d3863debf3eceb5cf84251fd472]
https://stage-wheeloffortune-api.withbuddies.com [404] [GET] [] [] [nginx/1.14.0 (Ubuntu)] [vhost] [Nginx,Ubuntu] [d41d8cd98f00b204e9800998ecf8427e]
https://staging-api.withbuddies.com [404] [GET] [text/plain] [] [awselb/2.0] [d41d8cd98f00b204e9800998ecf8427e]
https://v3-admin.withbuddies.com [302] [GET] [text/html] [Object moved] [Microsoft-IIS/10.0] [vhost] [IIS,Microsoft ASP.NET,Windows Server] [8a63de4febd6aacbabbe7fa512d58e5e]
https://webportal.dev.tuscany.withbuddies.com [401] [GET] [] [] [CloudFront] [vhost] [cloudfront] [Amazon Cloudfront,Amazon Web Services,Basic] [d41d8cd98f00b204e9800998ecf8427e]
https://wheel-admin.withbuddies.com [302] [GET] [] [] [nginx/1.14.0 (Ubuntu)] [vhost] [Nginx,Ubuntu] [d41d8cd98f00b204e9800998ecf8427e]
https://wheeloffortune-api.withbuddies.com [404] [GET] [] [] [nginx/1.14.0 (Ubuntu)] [vhost] [cloudfront] [Amazon Cloudfront,Amazon Web Services,Nginx,Ubuntu] [d41d8cd98f00b204e9800998ecf8427e]
https://withbuddies.com [301] [GET] [text/html] [301 Moved Permanently] [awselb/2.0] [vhost] [4aa7a432bb447f094408f1bd6229c605]
