http://stage-marketplace.yoyogames.com [403] [GET] [text/html] [ERROR: The request could not be satisfied] [CloudFront] [cloudfront] [Amazon Cloudfront,Amazon Web Services] [d02a6598ea2f429cb4f9969c24bc4fe7]
https://account.yoyogames.com [301] [GET] [text/html] [301 Moved Permanently] [awselb/2.0] [vhost] [4aa7a432bb447f094408f1bd6229c605]
https://accounts-cdn.yoyogames.com [302] [GET] [text/html] [] [] [vhost] [73a7a0331805c91d3317ce3ae4b4d547]
https://accounts-stage-cdn.yoyogames.com [302] [GET] [text/html] [] [nginx] [vhost] [Nginx] [6d39d14bb4261a5199d0ab541c6b55cc]
https://accounts.yoyogames.com [302] [GET] [text/html] [] [] [vhost] [5c08770b78ff32a0609057565c3cd7a0]
https://accounts.yoyogames.com [503] [GET] [] [] [] [vhost] [08af20b2b154281e0e48c604c0b749b8]
https://accountsstage-cdn.yoyogames.com [200] [GET] [text/html] [StackPath] [nginx] [vhost] [Nginx] [a9d3c7468b65af096d76b99a02751b34]
https://accountsstage-cdn.yoyogames.com [200] [GET] [text/html] [StackPath] [nginx] [vhost] [Nginx] [b174549f8f79ac21075ea22b80b13f81]
https://admin-cdn.yoyogames.com [302] [GET] [text/html] [] [nginx] [vhost] [Nginx] [aaae81680e8670569c339e83aa8f261f]
https://admin-stage-cdn.yoyogames.com [302] [GET] [text/html] [] [nginx] [vhost] [Nginx] [948b95b135f0175c1ada909f267500c2]
https://adminstage.yoyogames.com [302] [GET] [text/html] [] [] [vhost] [37888b8f02e6b8339b137451af13a873]
https://api.yoyogames.com [200] [GET] [application/json] [] [awselb/2.0] [vhost] [20e941e44d5e331a6ff20f54106e0c4d]
https://asset-bundles.yoyogames.com [200] [GET] [application/json] [] [awselb/2.0] [vhost] [cloudfront] [Amazon Cloudfront,Amazon Web Services] [20e941e44d5e331a6ff20f54106e0c4d]
https://assetstag.yoyogames.com [200] [GET] [text/html] [GameMaker: Marketplace] [] [vhost] [Google Tag Manager,RackCache,Ruby,Ruby on Rails] [a3018196ce66954a610df9f2f195889d]
https://bacon.yoyogames.com [404] [GET] [text/plain] [] [nginx] [vhost] [Nginx] [180dca210094772b0626b73a99eb049d]
https://beta-manual-br.yoyogames.com [200] [GET] [text/html] [GameMaker Studio 2 Manual] [AmazonS3] [vhost] [cloudfront] [Adobe RoboHelp,Amazon Cloudfront,Amazon S3,Amazon Web Services,Stimulus] [e72a6802850e07b2090fc5fe8b756185]
https://beta-manual-de.yoyogames.com [200] [GET] [text/html] [GameMaker Studio 2 Manual] [AmazonS3] [vhost] [Adobe RoboHelp,Amazon Cloudfront,Amazon S3,Amazon Web Services,Stimulus] [8f500f1aaf525ffb04a47ad0604ec8f2]
https://beta-manual-en.yoyogames.com [200] [GET] [text/html] [GameMaker Studio 2 Manual] [AmazonS3] [vhost] [cloudfront] [Adobe RoboHelp,Amazon Cloudfront,Amazon S3,Amazon Web Services,Stimulus] [de0dbbe18763f0a5a212d8b0119f175e]
https://beta-manual-es.yoyogames.com [200] [GET] [text/html] [GameMaker Studio 2 Manual] [AmazonS3] [vhost] [cloudfront] [Adobe RoboHelp,Amazon Cloudfront,Amazon S3,Amazon Web Services,Stimulus] [ef50f434c1e831023afac3a889526b24]
https://beta-manual-fr.yoyogames.com [200] [GET] [text/html] [GameMaker Studio 2 Manual] [AmazonS3] [vhost] [Adobe RoboHelp,Amazon Cloudfront,Amazon S3,Amazon Web Services,Stimulus] [c974ca7628a2771297b96a896e6371dc]
https://beta-manual-ru.yoyogames.com [200] [GET] [text/html] [GameMaker Studio 2 Manual] [AmazonS3] [vhost] [cloudfront] [Adobe RoboHelp,Amazon Cloudfront,Amazon S3,Amazon Web Services,Stimulus] [acc6a0c29e1ef9e03d44687b489cb960]
https://beta-manual-zh.yoyogames.com [200] [GET] [text/html] [GameMaker Studio 2 Manual] [AmazonS3] [vhost] [Adobe RoboHelp,Amazon Cloudfront,Amazon S3,Amazon Web Services,Stimulus] [cb5b22d8df9d478d0d2f558e5439c909]
https://beta-manual.yoyogames.com [200] [GET] [text/html] [GameMaker Studio 2 Manual] [AmazonS3] [vhost] [cloudfront] [Adobe RoboHelp,Amazon Cloudfront,Amazon S3,Amazon Web Services,Stimulus] [de0dbbe18763f0a5a212d8b0119f175e]
https://bootstage.yoyogames.com [302] [GET] [text/html] [] [] [vhost] [d41d8cd98f00b204e9800998ecf8427e]
https://cdn.yoyogames.com [403] [GET] [application/xml] [] [nginx] [vhost] [Nginx] [40aa64e7e8dd32872f964a46e65bfe5f]
https://cdn.yoyogames.com [403] [GET] [application/xml] [] [nginx] [vhost] [Nginx] [8ac8dc2609e7abe1958ad7f56ae6f66e]
https://coal.yoyogames.com [403] [GET] [application/xml] [] [nginx] [vhost] [Amazon Cloudfront,Amazon Web Services,Nginx] [7b6c34d0b7e3a1ccd6e25c0e6c3f8abd]
https://coal.yoyogames.com [403] [GET] [application/xml] [] [nginx] [vhost] [Amazon Cloudfront,Amazon Web Services,Nginx] [96a5d82f8e252fcf056f555df6f06604]
https://demos.yoyogames.com [403] [GET] [application/xml] [] [AmazonS3] [vhost] [cloudfront] [Amazon Cloudfront,Amazon S3,Amazon Web Services] [1b71b2bf33d51016d88a55da8579e379]
https://demos.yoyogames.com [403] [GET] [application/xml] [] [AmazonS3] [vhost] [cloudfront] [Amazon Cloudfront,Amazon S3,Amazon Web Services] [68612b46788b0c933ab42788ea811890]
https://docs.yoyogames.com [301] [GET] [text/html] [301 Moved Permanently] [awselb/2.0] [vhost] [4aa7a432bb447f094408f1bd6229c605]
https://docs2.yoyogames.com [301] [GET] [text/html] [301 Moved Permanently] [awselb/2.0] [vhost] [4aa7a432bb447f094408f1bd6229c605]
https://download.yoyogames.com [403] [GET] [application/xml] [] [nginx] [vhost] [Nginx] [8a553ddf79325fba5cbb515e2ca8ec23]
https://download.yoyogames.com [403] [GET] [application/xml] [] [nginx] [vhost] [Nginx] [a704710e88af79f1a8b50da5e1546b8b]
https://forum-assets.yoyogames.com [503] [GET] [text/plain] [] [nginx] [vhost] [Nginx] [d41d8cd98f00b204e9800998ecf8427e]
https://forum-storage.yoyogames.com [200] [GET] [application/x-directory] [] [nginx] [vhost] [Amazon Cloudfront,Amazon Web Services,Nginx] [d41d8cd98f00b204e9800998ecf8427e]
https://forum.yoyogames.com [301] [GET] [text/html] [] [nginx] [vhost] [Nginx,PHP] [d41d8cd98f00b204e9800998ecf8427e]
https://forums.yoyogames.com [301] [GET] [text/html] [301 Moved Permanently] [awselb/2.0] [vhost] [4aa7a432bb447f094408f1bd6229c605]
https://gm2016.yoyogames.com [403] [GET] [application/xml] [] [AmazonS3] [vhost] [Amazon S3,Amazon Web Services] [380896c56f9744504e58013c9f4feda8]
https://gm2016.yoyogames.com [403] [GET] [application/xml] [] [AmazonS3] [vhost] [Amazon S3,Amazon Web Services] [dc452a30bdb301ecde4b5f008ecd20ff]
https://gminstall.yoyogames.com [502] [GET] [text/html] [We're sorry, but something went wrong (500)] [nginx] [vhost] [Nginx] [b401f9d1940f58e07d74ea83126c19f2]
https://gms.yoyogames.com [403] [GET] [application/xml] [] [AmazonS3] [vhost] [Amazon S3,Amazon Web Services] [c30a263415ccc8fdadb5533724c03d26]
https://gms.yoyogames.com [403] [GET] [application/xml] [] [AmazonS3] [vhost] [Amazon S3,Amazon Web Services] [fdaeced699337c8fab068aeb7fffd168]
https://identity.yoyogames.com [200] [GET] [application/json] [] [awselb/2.0] [dab23e008787d64f3be89e56ca08cb19]
https://kickstart.yoyogames.com [200] [GET] [application/json] [] [awselb/2.0] [vhost] [20e941e44d5e331a6ff20f54106e0c4d]
https://legacy.yoyogames.com [302] [GET] [text/html] [] [] [vhost] [95903f4c29bd74b10ba2785447a1155b]
https://manual-br.yoyogames.com [200] [GET] [text/html] [GameMaker Studio 2 Manual] [AmazonS3] [vhost] [Adobe RoboHelp,Amazon Cloudfront,Amazon S3,Amazon Web Services,Stimulus] [e72a6802850e07b2090fc5fe8b756185]
https://manual-de.yoyogames.com [200] [GET] [text/html] [GameMaker Studio 2 Manual] [AmazonS3] [vhost] [cloudfront] [Adobe RoboHelp,Amazon Cloudfront,Amazon S3,Amazon Web Services,Stimulus] [8f500f1aaf525ffb04a47ad0604ec8f2]
https://manual-en.yoyogames.com [200] [GET] [text/html] [GameMaker Studio 2 Manual] [AmazonS3] [vhost] [cloudfront] [Adobe RoboHelp,Amazon Cloudfront,Amazon S3,Amazon Web Services,Stimulus] [de0dbbe18763f0a5a212d8b0119f175e]
https://manual-es.yoyogames.com [200] [GET] [text/html] [GameMaker Studio 2 Manual] [AmazonS3] [vhost] [cloudfront] [Adobe RoboHelp,Amazon Cloudfront,Amazon S3,Amazon Web Services,Stimulus] [ef50f434c1e831023afac3a889526b24]
https://manual-fr.yoyogames.com [200] [GET] [text/html] [GameMaker Studio 2 Manual] [AmazonS3] [vhost] [cloudfront] [Adobe RoboHelp,Amazon Cloudfront,Amazon S3,Amazon Web Services,Stimulus] [c974ca7628a2771297b96a896e6371dc]
https://manual-ru.yoyogames.com [200] [GET] [text/html] [GameMaker Studio 2 Manual] [AmazonS3] [vhost] [cloudfront] [Adobe RoboHelp,Amazon Cloudfront,Amazon S3,Amazon Web Services,Stimulus] [acc6a0c29e1ef9e03d44687b489cb960]
https://manual-zh.yoyogames.com [200] [GET] [text/html] [GameMaker Studio 2 Manual] [AmazonS3] [vhost] [Adobe RoboHelp,Amazon Cloudfront,Amazon S3,Amazon Web Services,Stimulus] [cb5b22d8df9d478d0d2f558e5439c909]
https://manual.yoyogames.com [200] [GET] [text/html] [GameMaker Studio 2 Manual] [AmazonS3] [vhost] [cloudfront] [Adobe RoboHelp,Amazon Cloudfront,Amazon S3,Amazon Web Services,Stimulus] [de0dbbe18763f0a5a212d8b0119f175e]
https://marketplace-cdn-stage.yoyogames.com [403] [GET] [application/xml] [] [nginx] [vhost] [Nginx] [7b093b89fe1d354bb530b8ea786d0d87]
https://marketplace-cdn-stage.yoyogames.com [403] [GET] [application/xml] [] [nginx] [vhost] [Nginx] [fefc6abc55611cfd0984ae3d88ec2d48]
https://marketplace.yoyogames.com [200] [GET] [text/html] [GameMaker: Marketplace] [] [vhost] [Google Tag Manager,RackCache,Ruby,Ruby on Rails] [349bf3bda2770f9a3721fcde2ada0ed4]
https://marketplacecdn.yoyogames.com [403] [GET] [application/xml] [] [AmazonS3] [vhost] [Amazon Cloudfront,Amazon S3,Amazon Web Services] [05d7ccfc08bd9fc4dbc5cc2faf2da20c]
https://marketplacecdn.yoyogames.com [403] [GET] [application/xml] [] [AmazonS3] [vhost] [Amazon Cloudfront,Amazon S3,Amazon Web Services] [8818955d69cfafa76bb3c870f54a8018]
https://nextstep.yoyogames.com [503] [GET] [text/plain] [] [cloudflare] [vhost] [cloudflare] [Cloudflare,Cloudflare Network Error Logging] [d41d8cd98f00b204e9800998ecf8427e]
https://staff.yoyogames.com [302] [GET] [text/html] [] [] [vhost] [aaae81680e8670569c339e83aa8f261f]
https://stage-identity.yoyogames.com [200] [GET] [application/json] [] [awselb/2.0] [dab23e008787d64f3be89e56ca08cb19]
https://static-marketplace-assets.yoyogames.com [200] [GET] [text/html] [GameMaker: Marketplace] [nginx] [vhost] [Google Tag Manager,Nginx,RackCache,Ruby,Ruby on Rails] [8bccc47c827cc512460c4365ca98e5c7]
https://steam-connector.yoyogames.com [200] [GET] [application/json] [] [awselb/2.0] [vhost] [20e941e44d5e331a6ff20f54106e0c4d]
https://steam-kickstart.yoyogames.com [200] [GET] [application/json] [] [awselb/2.0] [vhost] [20e941e44d5e331a6ff20f54106e0c4d]
https://store.yoyogames.com [200] [GET] [text/plain] [] [awselb/2.0] [vhost] [d41d8cd98f00b204e9800998ecf8427e]
https://tech-blog-assets.yoyogames.com [403] [GET] [application/xml] [] [nginx] [vhost] [Nginx] [1ebafa3bd47438e3ba55a983614e3b90]
https://tech-blog-assets.yoyogames.com [403] [GET] [application/xml] [] [nginx] [vhost] [Nginx] [d4ba53f2cfc7f61762dd86d74fc3e007]
https://test-marketplace-cdn.yoyogames.com [200] [GET] [text/html] [GameMaker: Marketplace] [] [vhost] [Google Tag Manager,RackCache,Ruby,Ruby on Rails] [9778f7dee6184e78aab2fc0f519d50ea]
https://update2.yoyogames.com [200] [GET] [text/html] [GameMaker: Studio Updater Service] [nginx] [vhost] [Nginx,Ruby,Ruby on Rails] [7231cc23c53d28f74de8a9c29f08d29a]
https://update2.yoyogames.com [200] [GET] [text/html] [GameMaker: Studio Updater Service] [nginx] [vhost] [Nginx,Ruby,Ruby on Rails] [d428140187b951d4d5743c12bab04b56]
https://updatecdn.yoyogames.com [403] [GET] [application/xml] [] [nginx] [vhost] [Nginx] [3e9bc9bf0b475bc743cb327c2255c7d5]
https://updatecdn.yoyogames.com [403] [GET] [application/xml] [] [nginx] [vhost] [Nginx] [f25eafdc5d0a78a4fdd8b8922cb511e3]
https://updater.yoyogames.com [200] [GET] [text/html] [GameMaker: Studio Updater Service] [nginx] [vhost] [Nginx,Ruby,Ruby on Rails] [36a10f14ade484e05d42510c01beb8cc]
https://updater.yoyogames.com [200] [GET] [text/html] [GameMaker: Studio Updater Service] [nginx] [vhost] [Nginx,Ruby,Ruby on Rails] [ab1831933d5ed0c656dfe5e541a90fbf]
https://updateraws.yoyogames.com [200] [GET] [text/html] [GameMaker: Studio Updater Service] [nginx] [vhost] [Nginx,Ruby,Ruby on Rails] [9c77e41c14dc8bec2f9e609c2b23435b]
https://updateraws.yoyogames.com [200] [GET] [text/html] [GameMaker: Studio Updater Service] [nginx] [vhost] [Nginx,Ruby,Ruby on Rails] [bff34746e224bec3aa10f68078edef8d]
https://updatercdn.yoyogames.com [403] [GET] [application/xml] [] [nginx] [vhost] [Nginx] [395db1e2b6fd25f095a8c6d47200d4fe]
https://updatercdn.yoyogames.com [403] [GET] [application/xml] [] [nginx] [vhost] [Nginx] [ebafb9e5f7b92db6c73d5acd475582e6]
https://wagon-wheel.yoyogames.com [403] [GET] [application/xml] [] [AmazonS3] [vhost] [cloudfront] [Amazon Cloudfront,Amazon S3,Amazon Web Services] [3aab4ff71802d8b5a5aea12140ed8997]
https://wagon-wheel.yoyogames.com [403] [GET] [application/xml] [] [AmazonS3] [vhost] [cloudfront] [Amazon Cloudfront,Amazon S3,Amazon Web Services] [6d32f80229b4cf5425dc72e626627428]
https://www.yoyogames.com [302] [GET] [text/html] [] [] [vhost] [d41d8cd98f00b204e9800998ecf8427e]
https://yoyo-www.yoyogames.com [403] [GET] [application/xml] [] [AmazonS3] [vhost] [cloudfront] [Amazon Cloudfront,Amazon S3,Amazon Web Services] [01adf4bcd522aedae1c62f1dc3317d77]
https://yoyo-www.yoyogames.com [403] [GET] [application/xml] [] [AmazonS3] [vhost] [cloudfront] [Amazon Cloudfront,Amazon S3,Amazon Web Services] [f8c30a3a29c1c271bb7749637a9fe725]
https://zeus.yoyogames.com [403] [GET] [application/xml] [] [AmazonS3] [vhost] [Amazon S3,Amazon Web Services] [58100648bcae0863c1245038f3df8dc3]
https://zeus.yoyogames.com [403] [GET] [application/xml] [] [AmazonS3] [vhost] [Amazon S3,Amazon Web Services] [733030a3b6a1a18459475f7b98ff6c9e]
