http://knowledgegraph.zomans.com [302] [GET] [text/html] [302 Found] [akamai/nginx] [Nginx] [eca6689edbddf94b7551638ba408fc0f]
https://access.zomans.com [200] [GET] [text/html] [] [akamai/nginx] [AngularJS,Nginx] [f775bd0715e046757eccfbbee5a0a014]
https://access.zomans.com [200] [GET] [text/html] [] [akamai/nginx] [AngularJS,Nginx] [f93b05841b1585577d8e190b2fb72ba1]
https://acdlite.zomans.com [503] [GET] [] [] [] [vhost] [d41d8cd98f00b204e9800998ecf8427e]
https://adhoc-presto.zomans.com [302] [GET] [text/html] [302 Found] [akamai/nginx] [Nginx] [26444fa57af4a9e32cec9d2442f74d50]
https://adhoc-presto.zomans.com [302] [GET] [text/html] [302 Found] [akamai/nginx] [Nginx] [6ddd7cfedecaf45282ab73cd81f6c7a1]
https://admin-fw.zomans.com [302] [GET] [text/html] [302 Found] [akamai/nginx] [Nginx] [9ea1aab26b81af4bafc16814eea33eea]
https://admin-fw.zomans.com [302] [GET] [text/html] [302 Found] [akamai/nginx] [Nginx] [df6f4455f7aae08d4c1e4705c93e8e3b]
https://admin.zomans.com [302] [GET] [text/html] [302 Found] [akamai/nginx] [vhost] [Nginx] [a0ca5917cabc1238577feef9585bb28e]
https://admin.zomans.com [302] [GET] [text/html] [302 Found] [akamai/nginx] [vhost] [Nginx] [b0d12ff96ac217d199ccc9a28a0eb33c]
https://airflow-hpanalytics.zomans.com [302] [GET] [text/html] [302 Found] [akamai/nginx] [Nginx] [3b8a641f6288452f5298439a040dc48c]
https://airflow-hpanalytics.zomans.com [302] [GET] [text/html] [302 Found] [akamai/nginx] [Nginx] [4caf0b6d8edb659195504601d08c9cf4]
https://alertmanager.zomans.com [302] [GET] [text/html] [302 Found] [akamai/nginx] [Nginx] [13944a9df2f1d83d4946cf546b8d2020]
https://alertmanager.zomans.com [302] [GET] [text/html] [302 Found] [akamai/nginx] [Nginx] [ca8b26baaef0eb3109188c24bf0aa65f]
https://amundsen.zomans.com [302] [GET] [text/html] [302 Found] [akamai/nginx] [Nginx] [3bb1092ecb2a3eb8d63dcdfe2dea7ee4]
https://amundsen.zomans.com [302] [GET] [text/html] [302 Found] [akamai/nginx] [Nginx] [56fad1c4be46eb84140d6655cfdb7dfd]
https://android-jenkins.zomans.com [302] [GET] [text/html] [302 Found] [akamai/nginx] [Nginx] [0c5985e6daa6cd591805eecba5fb71fe]
https://android-jenkins.zomans.com [302] [GET] [text/html] [302 Found] [akamai/nginx] [Nginx] [467390f1c54b4248bc7aecc61d12059f]
https://api.zomans.com [302] [GET] [text/html] [302 Found] [akamai/nginx] [Nginx] [4eae59d6b96c8ba91f9353f99b5bfd6a]
https://api.zomans.com [302] [GET] [text/html] [302 Found] [akamai/nginx] [Nginx] [e5a03cab9ebeae43753d42b0a90d4bce]
https://artifacts.zomans.com [401] [GET] [text/plain] [] [akamai/nginx] [Basic,Nginx] [a2ea232f9e46fd19210e635637b80e93]
https://aws.zomans.com [302] [GET] [text/html] [302 Found] [akamai/nginx] [Nginx] [19b6797ba8f7bfb40d84e51e1149ba89]
https://aws.zomans.com [302] [GET] [text/html] [302 Found] [akamai/nginx] [Nginx] [91cb9294a95bed6876cccea722184f0e]
https://cafe-fw.zomans.com [302] [GET] [text/html] [302 Found] [akamai/nginx] [Nginx] [4f173c0db87ab9fcbbc615ff712b6c79]
https://cafe-fw.zomans.com [302] [GET] [text/html] [302 Found] [akamai/nginx] [Nginx] [8a95c2680b19bd73dd20be9de39de731]
https://cafe-stag-fw.zomans.com [401] [GET] [text/plain] [] [akamai/nginx] [Basic,Nginx] [a2ea232f9e46fd19210e635637b80e93]
https://chef-stag-fw.zomans.com [401] [GET] [text/plain] [] [akamai/nginx] [Basic,Nginx] [a2ea232f9e46fd19210e635637b80e93]
https://chronos.zomans.com [302] [GET] [text/html] [302 Found] [akamai/nginx] [Nginx] [bfeb81d6f2e2656c6cf918c5aa0f0000]
https://chronos.zomans.com [302] [GET] [text/html] [302 Found] [akamai/nginx] [Nginx] [d137388caecd7c87cb093f15f1e99eef]
https://cloudm.zomans.com [302] [GET] [text/html] [302 Found] [akamai/nginx] [Nginx] [d48a044e4d7847c2531d5460dd858bfb]
https://cloudm.zomans.com [302] [GET] [text/html] [302 Found] [akamai/nginx] [Nginx] [fbbce9dd5c9886944d591d8495b75553]
https://dashboards.zomans.com [302] [GET] [text/html] [302 Found] [akamai/nginx] [Nginx] [8721689befa213a18bcf10adcaa97e0e]
https://dashboards.zomans.com [302] [GET] [text/html] [302 Found] [akamai/nginx] [Nginx] [f7e2b84db30d7fbaea3e157eb5aafb0f]
https://dev-metabase-hpanalytics-ext.zomans.com [302] [GET] [text/html] [302 Found] [akamai/nginx] [Nginx] [23813d5948dc28837781ddf8722ac204]
https://dev-metabase-hpanalytics-ext.zomans.com [302] [GET] [text/html] [302 Found] [akamai/nginx] [Nginx] [bc34a5b72d91f89337fcb96ae2b3858d]
https://dev-metabase-hpanalytics.zomans.com [302] [GET] [text/html] [302 Found] [akamai/nginx] [Nginx] [cd9646d5d05499a8a5a3747ae135a6ab]
https://dev-metabase-hpanalytics.zomans.com [302] [GET] [text/html] [302 Found] [akamai/nginx] [Nginx] [fe66602435c269ad269b1025c1702a6d]
https://devhpadmin.zomans.com [302] [GET] [text/html] [302 Found] [akamai/nginx] [Nginx] [7041ea6ab1ccfa189c2b961ef87a316e]
https://devhpadmin.zomans.com [302] [GET] [text/html] [302 Found] [akamai/nginx] [Nginx] [e3c691ec65d4085e429fd881cdb13cd0]
https://dominos-external.zomans.com [302] [GET] [text/html] [302 Found] [akamai/nginx] [Nginx] [1c5c02764bc74aee6f23cc8717efda78]
https://dominos-external.zomans.com [302] [GET] [text/html] [302 Found] [akamai/nginx] [Nginx] [2bcb4dfd9295539a1f8e8fe14c70ddbe]
https://dominos.zomans.com [302] [GET] [text/html] [302 Found] [akamai/nginx] [Nginx] [635c413279c20ff69609cf3afc7094e3]
https://dominos.zomans.com [302] [GET] [text/html] [302 Found] [akamai/nginx] [Nginx] [e4933ae2eb94e3c11e5039bbcff6e28c]
https://e2z-stag-fw.zomans.com [401] [GET] [text/plain] [] [akamai/nginx] [Basic,Nginx] [a2ea232f9e46fd19210e635637b80e93]
https://eaa-client.zomans.com [200] [GET] [text/html] [] [akamai/nginx] [AngularJS,Nginx] [63217fa4d2e02a2d511d827cef40da33]
https://eaa-client.zomans.com [200] [GET] [text/html] [] [akamai/nginx] [AngularJS,Nginx] [877a4155c95d9084161dc6d780e45693]
https://explore-fw.zomans.com [302] [GET] [text/html] [302 Found] [akamai/nginx] [Nginx] [5e8381c51339d096b945e7c018c968fc]
https://explore-fw.zomans.com [302] [GET] [text/html] [302 Found] [akamai/nginx] [Nginx] [71deca5c69461c6542f2543c24c10006]
https://external-access.zomans.com [200] [GET] [text/html] [] [akamai/nginx] [AngularJS,Nginx] [8057ec19e59ace75e08931be6893652f]
https://external-access.zomans.com [200] [GET] [text/html] [] [akamai/nginx] [AngularJS,Nginx] [8f2fd1fd00b942e7dbb89a1559dd44ba]
https://external.zomans.com [302] [GET] [text/html] [302 Found] [akamai/nginx] [vhost] [Nginx] [91493c9955efdcf9e048aacdb0511a08]
https://external.zomans.com [302] [GET] [text/html] [302 Found] [akamai/nginx] [vhost] [Nginx] [fd0fc1602bb35f86fe822b03c26c155c]
https://feedingindia.zomans.com [302] [GET] [text/html] [302 Found] [akamai/nginx] [Nginx] [566b8bf5e3d822628654e1e79361de9c]
https://feedingindia.zomans.com [302] [GET] [text/html] [302 Found] [akamai/nginx] [Nginx] [b3179efb0af9aa5ac49adca99cb73167]
https://fi-admin.zomans.com [302] [GET] [text/html] [302 Found] [akamai/nginx] [Nginx] [a01cac5948898920e4b170f5976b4c18]
https://fi-admin.zomans.com [302] [GET] [text/html] [302 Found] [akamai/nginx] [Nginx] [b5dfb2e3f0bb74cdcfbfac07ac557511]
https://fin-stag-fw.zomans.com [401] [GET] [text/plain] [] [akamai/nginx] [Basic,Nginx] [a2ea232f9e46fd19210e635637b80e93]
https://finance-fw.zomans.com [302] [GET] [text/html] [302 Found] [akamai/nginx] [Nginx] [4315239646fbf3ca4b19ce3eac38ea9d]
https://finance-fw.zomans.com [302] [GET] [text/html] [302 Found] [akamai/nginx] [Nginx] [cdfbb39c4c47bb8de1c1866ce0d98de0]
https://fw-stag-fw.zomans.com [401] [GET] [text/plain] [] [akamai/nginx] [Basic,Nginx] [a2ea232f9e46fd19210e635637b80e93]
https://grafana.zomans.com [302] [GET] [text/html] [302 Found] [akamai/nginx] [Nginx] [6861d1f08e5a0601d0c2c8c40a89fa25]
https://grafana.zomans.com [302] [GET] [text/html] [302 Found] [akamai/nginx] [Nginx] [beb0e2d3f3b67361281d66897ae02133]
https://hp-access.zomans.com [200] [GET] [text/html] [] [akamai/nginx] [AngularJS,Nginx] [133dd6d19b401cc885499c2756acc369]
https://hp-access.zomans.com [200] [GET] [text/html] [] [akamai/nginx] [AngularJS,Nginx] [889155f3d43f90e110cbe3f89e5a0a77]
https://hpadmin-ext.zomans.com [302] [GET] [text/html] [302 Found] [akamai/nginx] [Nginx] [19dbe44e49b58608e23ba8d1b7acecde]
https://hpadmin-ext.zomans.com [302] [GET] [text/html] [302 Found] [akamai/nginx] [Nginx] [e9ee167480080fb27c3f3cdc4739bb55]
https://hpadmin.zomans.com [302] [GET] [text/html] [302 Found] [akamai/nginx] [Nginx] [4bd945de4f755087551ab8ebcabef613]
https://hpadmin.zomans.com [302] [GET] [text/html] [302 Found] [akamai/nginx] [Nginx] [9855931bb021d80a87d0dd25ec05f7af]
https://hpadminpod-ext.zomans.com [302] [GET] [text/html] [302 Found] [akamai/nginx] [Nginx] [4af332d721b3cee126e11646e9259682]
https://hpadminpod-ext.zomans.com [302] [GET] [text/html] [302 Found] [akamai/nginx] [Nginx] [c1052faaa610d59e4a1223860d8d72e2]
https://hpadminpod.zomans.com [302] [GET] [text/html] [302 Found] [akamai/nginx] [Nginx] [a5c8c52a275f62c17762625b9093b552]
https://hpadminpod.zomans.com [302] [GET] [text/html] [302 Found] [akamai/nginx] [Nginx] [ef55aeda85baa966876e6fe7eaa1e45c]
https://hpdd.zomans.com [302] [GET] [text/html] [302 Found] [akamai/nginx] [Nginx] [a654db9c9c481bf2b5b048690389c4f9]
https://hpdd.zomans.com [302] [GET] [text/html] [302 Found] [akamai/nginx] [Nginx] [bf66270341d3ee0dca2fecf6d94813e2]
https://hpwms.zomans.com [302] [GET] [text/html] [302 Found] [akamai/nginx] [Nginx] [2a342253127f088e0f298964ce590e59]
https://hpwms.zomans.com [302] [GET] [text/html] [302 Found] [akamai/nginx] [Nginx] [bc5cc627079a85c00149439cc7bde32c]
https://hpwmsz.zomans.com [302] [GET] [text/html] [302 Found] [akamai/nginx] [Nginx] [51d27c50891aed81784ded832330d8b6]
https://hpwmsz.zomans.com [302] [GET] [text/html] [302 Found] [akamai/nginx] [Nginx] [bfd1588cd7a152d72b19a6b29b3035af]
https://jenkins.zomans.com [302] [GET] [text/html] [302 Found] [akamai/nginx] [Nginx] [631b646a7a1915006b62628c2a606dcb]
https://jenkins.zomans.com [302] [GET] [text/html] [302 Found] [akamai/nginx] [Nginx] [f9cb73a8ea03f04970523dfd46df227f]
https://jupyterlab.zomans.com [302] [GET] [text/html] [302 Found] [akamai/nginx] [Nginx] [76a190e4e484a5d74049c9b794fe09de]
https://jupyterlab.zomans.com [302] [GET] [text/html] [302 Found] [akamai/nginx] [Nginx] [f66602344480a8e0acc4a20ce7d705a6]
https://kibana.zomans.com [302] [GET] [text/html] [302 Found] [akamai/nginx] [Nginx] [5c28a95a76090b2867ce8080e22bc1b2]
https://kibana.zomans.com [302] [GET] [text/html] [302 Found] [akamai/nginx] [Nginx] [99fe64fb410143d9b0b2905e75bfc75d]
https://logs-fw.zomans.com [302] [GET] [text/html] [302 Found] [akamai/nginx] [Nginx] [9f94c34a39fcbfa2b6efd9df537fba56]
https://logs-fw.zomans.com [302] [GET] [text/html] [302 Found] [akamai/nginx] [Nginx] [e0b16a11b709a8c0c5623cbfff0c0d5f]
https://mfinmis.zomans.com [302] [GET] [text/html] [302 Found] [akamai/nginx] [Nginx] [184ccd9fa7abfcb9eefc6aeab4bc1074]
https://mfinmis.zomans.com [302] [GET] [text/html] [302 Found] [akamai/nginx] [Nginx] [d199d106b5ef434e777c8ae55d7f65ac]
https://mraph.zomans.com [302] [GET] [text/html] [302 Found] [akamai/nginx] [Nginx] [a9a7854f252e1ea149acb383170b4407]
https://mraph.zomans.com [302] [GET] [text/html] [302 Found] [akamai/nginx] [Nginx] [c2a97b3cad9abc3c03fa6571ca88d87f]
https://observability.zomans.com [302] [GET] [text/html] [302 Found] [akamai/nginx] [Nginx] [4df01eb5e8162fffc14c1850eb3af218]
https://observability.zomans.com [302] [GET] [text/html] [302 Found] [akamai/nginx] [Nginx] [d91dc0f100d1d8e0eddadf7c9cc662af]
https://ops.zomans.com [302] [GET] [text/html] [302 Found] [akamai/nginx] [Nginx] [8b764aef968cc4f5fb9b44107e33fbc3]
https://ops.zomans.com [302] [GET] [text/html] [302 Found] [akamai/nginx] [Nginx] [97c315b41a7d2422dc8236b7a742f5fe]
https://order-stag-fw.zomans.com [401] [GET] [text/plain] [] [akamai/nginx] [Basic,Nginx] [a2ea232f9e46fd19210e635637b80e93]
https://pg-explore-fw.zomans.com [302] [GET] [text/html] [302 Found] [akamai/nginx] [Nginx] [39aef172926a248384368076c6706ff3]
https://pg-explore-fw.zomans.com [302] [GET] [text/html] [302 Found] [akamai/nginx] [Nginx] [4dcfc575a476c0bb27683c86611cf91d]
https://prodhpadmin-ext.zomans.com [302] [GET] [text/html] [302 Found] [akamai/nginx] [Nginx] [854ea9d5d33f4f8e3020ddd3d181de55]
https://prodhpadmin-ext.zomans.com [302] [GET] [text/html] [302 Found] [akamai/nginx] [Nginx] [e0233a933835c9c0d4559a93665c7ad7]
https://prodhpadmin.zomans.com [302] [GET] [text/html] [302 Found] [akamai/nginx] [Nginx] [6022fcc9884734bddf14aff8a3149d21]
https://prodhpadmin.zomans.com [302] [GET] [text/html] [302 Found] [akamai/nginx] [Nginx] [711fce209c07cb7a0831fa4a894ec52a]
https://pwastaging.zomans.com [200] [GET] [text/html] [React App] [AmazonS3] [vhost] [cloudfront] [Amazon Cloudfront,Amazon S3,Amazon Web Services] [0f022b5df6fbc52725ef567368ffe8dd]
https://quicksilver.zomans.com [302] [GET] [text/html] [302 Found] [akamai/nginx] [Nginx] [2eb56ce7167515d8a72faec1f9e95bb3]
https://quicksilver.zomans.com [302] [GET] [text/html] [302 Found] [akamai/nginx] [Nginx] [d0afd4e0cfaf9553a17ff87dfbed99e7]
https://rap-access.zomans.com [200] [GET] [text/html] [] [akamai/nginx] [AngularJS,Nginx] [0678830e194183829c28f6285a685e24]
https://rap-access.zomans.com [200] [GET] [text/html] [] [akamai/nginx] [AngularJS,Nginx] [e23168a0617a9138bde797afa4680a74]
https://redash.zomans.com [302] [GET] [text/html] [302 Found] [akamai/nginx] [Nginx] [46aa6b956c22c99eb570b1a2d2ea9fa9]
https://redash.zomans.com [302] [GET] [text/html] [302 Found] [akamai/nginx] [Nginx] [5bdc818e38aa872502522f1732d3539f]
https://reporting-presto.zomans.com [302] [GET] [text/html] [302 Found] [akamai/nginx] [Nginx] [a9ee4c3d74875fddb59725daeef84e21]
https://reporting-presto.zomans.com [302] [GET] [text/html] [302 Found] [akamai/nginx] [Nginx] [f177d4784abb63cf478ff3ff45c78cbe]
https://rstudio.zomans.com [302] [GET] [text/html] [302 Found] [akamai/nginx] [Nginx] [2bfd6d34ce92a3ce6ab88502b40496a0]
https://rstudio.zomans.com [302] [GET] [text/html] [302 Found] [akamai/nginx] [Nginx] [cb07d0de68ae4216ff48530b42738310]
https://securitywebhook.zomans.com [200] [GET] [text/plain] [] [awselb/2.0] [vhost] [26b63f278101527e06a5547719568bb5]
https://sentry.zomans.com [302] [GET] [text/html] [302 Found] [akamai/nginx] [Nginx] [62b3cb9f48eb96b887b8f93cb5b98f8d]
https://sentry.zomans.com [302] [GET] [text/html] [302 Found] [akamai/nginx] [Nginx] [b1061e6bb2a524559c74e9642220eabf]
https://sentryinternal.zomans.com [302] [GET] [text/html] [302 Found] [akamai/nginx] [Nginx] [28e70a1b3bbd4e42d3e23a4407fc9788]
https://sentryinternal.zomans.com [302] [GET] [text/html] [302 Found] [akamai/nginx] [Nginx] [6d34aba0b31873b5d554e2fff157c12c]
https://sharing.zomans.com [302] [GET] [text/html] [302 Found] [akamai/nginx] [Nginx] [85f9bb18d6ceebe0918b1587fb306c21]
https://sharing.zomans.com [302] [GET] [text/html] [302 Found] [akamai/nginx] [Nginx] [d3f9e3a47a88784aab26942e7fc67070]
https://slackbot.zomans.com [403] [GET] [text/plain] [] [] [vhost] [e06d1ba70f1331e9f9a113cc2f887d3f]
https://sng-dd3.zomans.com [302] [GET] [text/html] [302 Found] [akamai/nginx] [Nginx] [38ed59bef77c817e057e3f42d447929b]
https://sng-dd3.zomans.com [302] [GET] [text/html] [302 Found] [akamai/nginx] [Nginx] [61f76a08e32f8ea29f5392fc14320af5]
https://solro2cluster.zomans.com [302] [GET] [text/html] [302 Found] [akamai/nginx] [Nginx] [74b2a71dfe3c76a3a6ab66d2da19e27c]
https://solro2cluster.zomans.com [302] [GET] [text/html] [302 Found] [akamai/nginx] [Nginx] [ebf2df8787a3ab64b2d391e8d75c20a6]
https://stag-airflow.zomans.com [302] [GET] [text/html] [302 Found] [akamai/nginx] [Nginx] [642c507ee24187aba4d693e859d31ea2]
https://stag-airflow.zomans.com [302] [GET] [text/html] [302 Found] [akamai/nginx] [Nginx] [a0a28a1ba27e174e67a5f4aa379b5cab]
https://stg-kibana.zomans.com [302] [GET] [text/html] [302 Found] [akamai/nginx] [Nginx] [a146e71dbe01c45151e574e6f22ae2c4]
https://stg-kibana.zomans.com [302] [GET] [text/html] [302 Found] [akamai/nginx] [Nginx] [ca3bb8151d3475764287224b2edd4601]
https://stream.zomans.com [403] [GET] [text/html] [403 Forbidden] [Tengine] [vhost] [Tengine] [f9fe2e9a4770fe7ef4eebdbd6385299d]
https://tableau-admin-fw.zomans.com [302] [GET] [text/html] [302 Found] [akamai/nginx] [Nginx] [05b9cf59da21cf2a4878174230601fce]
https://tableau-admin-fw.zomans.com [302] [GET] [text/html] [302 Found] [akamai/nginx] [Nginx] [a4f2b040e7916a198bf5f46e49c55df0]
https://tableau-fw.zomans.com [302] [GET] [text/html] [302 Found] [akamai/nginx] [Nginx] [13fdd5d2a745147ced845093afb87b75]
https://tableau-fw.zomans.com [302] [GET] [text/html] [302 Found] [akamai/nginx] [Nginx] [fe4448bc2377b4e27e6ff54d035cc642]
https://tableau.zomans.com [200] [GET] [text/html] [] [Tableau] [vhost] [AngularJS] [942435ca1be597d3982c9e415296579e]
https://thanos-prod.zomans.com [302] [GET] [text/html] [302 Found] [akamai/nginx] [Nginx] [6e2d67c95e135370d38295c4a58eadce]
https://thanos-prod.zomans.com [302] [GET] [text/html] [302 Found] [akamai/nginx] [Nginx] [c57bfa2f8d4dbf122fcbedf11965a801]
https://thanos.zomans.com [302] [GET] [text/html] [302 Found] [akamai/nginx] [Nginx] [54ca539592d179875a370e840564f736]
https://thanos.zomans.com [302] [GET] [text/html] [302 Found] [akamai/nginx] [Nginx] [5886d2f5deb4cb966bd3d974806125e2]
https://weblate.zomans.com [302] [GET] [text/html] [302 Found] [akamai/nginx] [Nginx] [47b66adff01030881a3516cfd21fef10]
https://weblate.zomans.com [302] [GET] [text/html] [302 Found] [akamai/nginx] [Nginx] [bb1c934bf6138ede12fe528611c2f084]
https://webuikit.zomans.com [302] [GET] [text/html] [302 Found] [akamai/nginx] [Nginx] [a1164df5e5b58cb36cb2f84522ea6e3b]
https://webuikit.zomans.com [302] [GET] [text/html] [302 Found] [akamai/nginx] [Nginx] [cb00f8222a789d080f994878d9503604]
https://wiki.zomans.com [302] [GET] [text/html] [302 Found] [akamai/nginx] [Nginx] [cc67e49b1ebd179de94915085b868e34]
https://wiki.zomans.com [302] [GET] [text/html] [302 Found] [akamai/nginx] [Nginx] [fdab52b5a62da790b160c32c4e23618f]
