1debit.com
adm1.1debit.com
adm3.ord.1debit.com
adm4.ord.1debit.com
adm5.iad.1debit.com
admin-dev1.1debit.com
admin-qa.1debit.com
admin-qa1.1debit.com
admin.1debit.com
artifactory.ue1.1debit.com
artifactory1.ord.1debit.com
automation.ord.1debit.com
backupsrv.ord.1debit.com
balancer.1debit.com
bastion.hub.ue1.1debit.com
build.ord.1debit.com
build2.ord.1debit.com
cache01.ord.1debit.com
cache02.ord.1debit.com
cache03.ord.1debit.com
cache04.ord.1debit.com
cache05.ord.1debit.com
cache06.ord.1debit.com
cache07.ord.1debit.com
cache08.ord.1debit.com
cb.ord.1debit.com
chimelogs.ue1.1debit.com
chimeprd.prdrl.ord.1debit.com
chimeqa.qarl.ord.1debit.com
citus-co1-int.ord.1debit.com
citus-co1.ord.1debit.com
citus-co2-int.ord.1debit.com
citus-co2.ord.1debit.com
citus-mon.ord.1debit.com
citus1a-int.ord.1debit.com
citus1a.ord.1debit.com
citus1b-int.ord.1debit.com
citus1b.ord.1debit.com
citus2a-int.ord.1debit.com
citus2a.ord.1debit.com
citus2b-int.ord.1debit.com
citus2b.ord.1debit.com
citus3a-int.ord.1debit.com
citus3a.ord.1debit.com
citus3b-int.ord.1debit.com
citus3b.ord.1debit.com
citus4a-int.ord.1debit.com
citus4a.ord.1debit.com
citus4b-int.ord.1debit.com
citus4b.ord.1debit.com
citus5a-int.ord.1debit.com
citus5a.ord.1debit.com
citus5b-int.ord.1debit.com
citus5b.ord.1debit.com
citus6a-int.ord.1debit.com
citus6a.ord.1debit.com
citus6b-int.ord.1debit.com
citus6b.ord.1debit.com
citus7a-int.ord.1debit.com
citus7a.ord.1debit.com
citus7b-int.ord.1debit.com
citus7b.ord.1debit.com
citus8a-int.ord.1debit.com
citus8a.ord.1debit.com
citus8b-int.ord.1debit.com
citus8b.ord.1debit.com
cnm.chimeqa.qarl.ord.1debit.com
cnm.internal.chimeqa.qarl.ord.1debit.com
consul1.ord.1debit.com
consul2.ord.1debit.com
consul3.ord.1debit.com
db01.ord.1debit.com
db1.iad.1debit.com
db11.ord.1debit.com
db12.ord.1debit.com
db13.ord.1debit.com
db14.ord.1debit.com
db15.ord.1debit.com
db3.ord.1debit.com
db4.ord.1debit.com
db5.ord.1debit.com
db6.ord.1debit.com
dbadmin.ord.1debit.com
dbmaster.ord.1debit.com
dbslave.ord.1debit.com
deploy.ord.1debit.com
deploy2.iad.1debit.com
dev03.ord.1debit.com
dw01.ord.1debit.com
es01.ord.1debit.com
es02.ord.1debit.com
fboauth.1debit.com
fboauth.ord.1debit.com
fivetran-proxy.ord.1debit.com
fluent.ue1.1debit.com
fluent1.ord.1debit.com
ftp.1debit.com
graphite.ord.1debit.com
gsftp.1debit.com
internal.chimeprd.prdrl.ord.1debit.com
internal.chimeqa.qarl.ord.1debit.com
jenkins.hub.ue1.1debit.com
jumpbox.hub.ue1.1debit.com
kdc.ue1.1debit.com
kibana.ord.1debit.com
log01.ord.1debit.com
manyeyes.ord.1debit.com
merchant.1debit.com
monitor.ord.1debit.com
ns1.chimeprd.prdrl.ord.1debit.com
ns1.internal.chimeprd.prdrl.ord.1debit.com
ns1.internal.chimeqa.qarl.ord.1debit.com
ns2.chimeprd.prdrl.ord.1debit.com
ns2.chimeqa.qarl.ord.1debit.com
ns2.internal.chimeprd.prdrl.ord.1debit.com
ns3.chimeprd.prdrl.ord.1debit.com
ns3.internal.chimeprd.prdrl.ord.1debit.com
ns3.internal.chimeqa.qarl.ord.1debit.com
ns4.chimeprd.prdrl.ord.1debit.com
ns4.internal.chimeprd.prdrl.ord.1debit.com
ns5.chimeprd.prdrl.ord.1debit.com
ns5.internal.chimeprd.prdrl.ord.1debit.com
oauth.ord.1debit.com
oldadmin.1debit.com
pac01.ord.1debit.com
pac02.ord.1debit.com
pac03.ord.1debit.com
pac04.ord.1debit.com
pac05.ord.1debit.com
pac06.ord.1debit.com
pac07.ord.1debit.com
pac08.ord.1debit.com
pac09.ord.1debit.com
pac10.ord.1debit.com
pac11.ord.1debit.com
pac12.ord.1debit.com
pac13.ord.1debit.com
pac14.ord.1debit.com
pac15.ord.1debit.com
pac16.ord.1debit.com
pac17.ord.1debit.com
pac18.ord.1debit.com
pac19.ord.1debit.com
pac20.ord.1debit.com
pac21.ord.1debit.com
pac22.ord.1debit.com
pac23.ord.1debit.com
pac24.ord.1debit.com
pac25.ord.1debit.com
pac26.ord.1debit.com
pac27.ord.1debit.com
pac28.ord.1debit.com
pac29.ord.1debit.com
pac30.ord.1debit.com
pac31.ord.1debit.com
pac32.ord.1debit.com
pac33.ord.1debit.com
pac34.ord.1debit.com
pac35.ord.1debit.com
pac36.ord.1debit.com
pac37.ord.1debit.com
pac38.ord.1debit.com
pac39.ord.1debit.com
pac40.ord.1debit.com
pac41.ord.1debit.com
pac42.ord.1debit.com
pac43.ord.1debit.com
pac44.ord.1debit.com
pac45.ord.1debit.com
pac46.ord.1debit.com
pac47.ord.1debit.com
pac48.ord.1debit.com
pac50.ord.1debit.com
pac51.ord.1debit.com
pac52.ord.1debit.com
pac53.ord.1debit.com
pac54.ord.1debit.com
pac55.ord.1debit.com
pac56.ord.1debit.com
pac57.ord.1debit.com
pac58.ord.1debit.com
pac59.ord.1debit.com
pac60.ord.1debit.com
pac61.ord.1debit.com
pac62.ord.1debit.com
pac63.ord.1debit.com
pac64.ord.1debit.com
pac65.ord.1debit.com
pac66.ord.1debit.com
pac67.ord.1debit.com
pac69.ord.1debit.com
pac70.ord.1debit.com
pac71.ord.1debit.com
pac72.ord.1debit.com
pac73.ord.1debit.com
pac74.ord.1debit.com
pac75.ord.1debit.com
pac76.ord.1debit.com
pac77.ord.1debit.com
pac78.ord.1debit.com
pac79.ord.1debit.com
pac80.ord.1debit.com
pac81.ord.1debit.com
pac82.ord.1debit.com
pac83.ord.1debit.com
pac84.ord.1debit.com
pac85.ord.1debit.com
pac86.ord.1debit.com
pac87.ord.1debit.com
pac88.ord.1debit.com
pac89.ord.1debit.com
pao01.ord.1debit.com
papi01.ord.1debit.com
papi02.ord.1debit.com
papi03.ord.1debit.com
papi04.ord.1debit.com
papi05.ord.1debit.com
papi06.ord.1debit.com
papi07.ord.1debit.com
papi08.ord.1debit.com
papi09.ord.1debit.com
papi10.ord.1debit.com
papi11.ord.1debit.com
papi12.ord.1debit.com
papi13.ord.1debit.com
papi14.ord.1debit.com
papi15.ord.1debit.com
papi16.ord.1debit.com
papi17.ord.1debit.com
papi18.ord.1debit.com
papi19.ord.1debit.com
papi20.ord.1debit.com
papi21.ord.1debit.com
papi22.ord.1debit.com
papi23.ord.1debit.com
papi24.ord.1debit.com
papi25.ord.1debit.com
papi26.ord.1debit.com
papi27.ord.1debit.com
papi28.ord.1debit.com
papi29.ord.1debit.com
papi30.ord.1debit.com
papi31.ord.1debit.com
papi32.ord.1debit.com
papi33.ord.1debit.com
papi34.ord.1debit.com
papi35.ord.1debit.com
papi36.ord.1debit.com
papi37.ord.1debit.com
papi38.ord.1debit.com
papi39.ord.1debit.com
papi40.ord.1debit.com
papi42.ord.1debit.com
papi43.ord.1debit.com
papi44.ord.1debit.com
papi45.ord.1debit.com
papi46.ord.1debit.com
papi47.ord.1debit.com
papi48.ord.1debit.com
papi49.ord.1debit.com
papi50.ord.1debit.com
papi51.ord.1debit.com
papi52.ord.1debit.com
papi53.ord.1debit.com
papi54.ord.1debit.com
papi55.ord.1debit.com
papi56.ord.1debit.com
papi57.ord.1debit.com
papi58.ord.1debit.com
papi60.ord.1debit.com
papi62.ord.1debit.com
papi63.ord.1debit.com
papi64.ord.1debit.com
papi65.ord.1debit.com
papi66.ord.1debit.com
papi67.ord.1debit.com
papi68.ord.1debit.com
papi69.ord.1debit.com
papi70.ord.1debit.com
papi71.ord.1debit.com
papi72.ord.1debit.com
papi73.ord.1debit.com
papi74.ord.1debit.com
papi75.ord.1debit.com
papi76.ord.1debit.com
papi77.ord.1debit.com
papi78.ord.1debit.com
papi79.ord.1debit.com
pat01.ord.1debit.com
pat02.ord.1debit.com
pat03.ord.1debit.com
pat04.ord.1debit.com
pat05.ord.1debit.com
pat06.ord.1debit.com
pat07.ord.1debit.com
pat08.ord.1debit.com
pat09.ord.1debit.com
pat10.ord.1debit.com
pat11.ord.1debit.com
pat12.ord.1debit.com
pat13.ord.1debit.com
pat14.ord.1debit.com
pat15.ord.1debit.com
pat16.ord.1debit.com
pat17.ord.1debit.com
pat18.ord.1debit.com
pat19.ord.1debit.com
pat20.ord.1debit.com
pat21.ord.1debit.com
pat22.ord.1debit.com
pat24.ord.1debit.com
pat25.ord.1debit.com
pat26.ord.1debit.com
pat27.ord.1debit.com
pat28.ord.1debit.com
pat29.ord.1debit.com
paw01.ord.1debit.com
paw02.ord.1debit.com
paw03.ord.1debit.com
paw04.ord.1debit.com
paw06.ord.1debit.com
paw07.ord.1debit.com
paw08.ord.1debit.com
pb.1debit.com
pba01.ord.1debit.com
pba02.ord.1debit.com
pbc01.ord.1debit.com
pbc02.ord.1debit.com
pbc03.ord.1debit.com
pbc04.ord.1debit.com
pbp01.ord.1debit.com
pbp02.ord.1debit.com
pbp03.ord.1debit.com
pbp04.ord.1debit.com
pbp05.ord.1debit.com
pbp06.ord.1debit.com
pbp07.ord.1debit.com
pbp08.ord.1debit.com
pbp09.ord.1debit.com
pbp10.ord.1debit.com
pbp11.ord.1debit.com
pbp12.ord.1debit.com
pbp13.ord.1debit.com
pbp14.ord.1debit.com
pbp15.ord.1debit.com
pbp16.ord.1debit.com
pbp17.ord.1debit.com
pbp18.ord.1debit.com
pbp19.ord.1debit.com
pbp20.ord.1debit.com
pbp21.ord.1debit.com
pbp22.ord.1debit.com
pbp23.ord.1debit.com
pbp24.ord.1debit.com
pbp25.ord.1debit.com
pbp28.ord.1debit.com
pbp29.ord.1debit.com
pbu01.ord.1debit.com
pbu02.ord.1debit.com
pbw01.ord.1debit.com
pbw02.ord.1debit.com
pbw03.ord.1debit.com
pbw05.ord.1debit.com
processor.1debit.com
prod-redis01.ord.1debit.com
prod-redis02.ord.1debit.com
prod-redis03.ord.1debit.com
prod-redis04.ord.1debit.com
prod-redis05.ord.1debit.com
proto.1debit.com
proxy.ord.1debit.com
prp01.ord.1debit.com
prp02.ord.1debit.com
prp03.ord.1debit.com
prp04.ord.1debit.com
prp05.ord.1debit.com
prp06.ord.1debit.com
psase.ord.1debit.com
psase01.ord.1debit.com
psase02.ord.1debit.com
psase03.ord.1debit.com
psba.ord.1debit.com
psba01.ord.1debit.com
psba02.ord.1debit.com
psba03.ord.1debit.com
psba04.ord.1debit.com
psba05.ord.1debit.com
psba06.ord.1debit.com
psba07.ord.1debit.com
psba08.ord.1debit.com
psba09.ord.1debit.com
psba10.ord.1debit.com
psba11.ord.1debit.com
psba12.ord.1debit.com
psba13.ord.1debit.com
psba14.ord.1debit.com
psba15.ord.1debit.com
psba16.ord.1debit.com
psba17.ord.1debit.com
psba18.ord.1debit.com
psba19.ord.1debit.com
psba20.ord.1debit.com
psba21.ord.1debit.com
psba22.ord.1debit.com
psba23.ord.1debit.com
psba24.ord.1debit.com
psba25.ord.1debit.com
psba26.ord.1debit.com
psba27.ord.1debit.com
psba28.ord.1debit.com
psba29.ord.1debit.com
psba30.ord.1debit.com
psba31.ord.1debit.com
psba32.ord.1debit.com
psba33.ord.1debit.com
psba34.ord.1debit.com
psba35.ord.1debit.com
psba36.ord.1debit.com
psba37.ord.1debit.com
psba38.ord.1debit.com
psba39.ord.1debit.com
psba40.ord.1debit.com
psba41.ord.1debit.com
psba42.ord.1debit.com
psba44.ord.1debit.com
psba45.ord.1debit.com
psba46.ord.1debit.com
psba47.ord.1debit.com
psba48.ord.1debit.com
psba49.ord.1debit.com
psba50.ord.1debit.com
psba51.ord.1debit.com
psba52.ord.1debit.com
psba53.ord.1debit.com
psba54.ord.1debit.com
psba55.ord.1debit.com
psba56.ord.1debit.com
psba57.ord.1debit.com
psba58.ord.1debit.com
psba59.ord.1debit.com
psba60.ord.1debit.com
psba61.ord.1debit.com
psba62.ord.1debit.com
psba63.ord.1debit.com
psba64.ord.1debit.com
psba65.ord.1debit.com
psba66.ord.1debit.com
psba67.ord.1debit.com
psba68.ord.1debit.com
psba69.ord.1debit.com
psd.ord.1debit.com
psd01.ord.1debit.com
psd02.ord.1debit.com
psd03.ord.1debit.com
psdds01.ord.1debit.com
psdds02.ord.1debit.com
psdds03.ord.1debit.com
psu.ord.1debit.com
psu01.ord.1debit.com
psu02.ord.1debit.com
psu03.ord.1debit.com
psu04.ord.1debit.com
psu06.ord.1debit.com
psu07.ord.1debit.com
psu08.ord.1debit.com
psu09.ord.1debit.com
psu10.ord.1debit.com
psu11.ord.1debit.com
psu12.ord.1debit.com
psu13.ord.1debit.com
pwa01.ord.1debit.com
pwa02.ord.1debit.com
pwa03.ord.1debit.com
pwa04.ord.1debit.com
pwa05.ord.1debit.com
pwa06.ord.1debit.com
pwa07.ord.1debit.com
pwa4.ord.1debit.com
pwa5.ord.1debit.com
pwc01.ord.1debit.com
pwc02.ord.1debit.com
pwc03.ord.1debit.com
pwc04.ord.1debit.com
pwc05.ord.1debit.com
pwc06.ord.1debit.com
pwc07.ord.1debit.com
pwc08.ord.1debit.com
pwc09.ord.1debit.com
pwc10.ord.1debit.com
pwc11.ord.1debit.com
pwc12.ord.1debit.com
pwc13.ord.1debit.com
pwc14.ord.1debit.com
pwc15.ord.1debit.com
pwc16.ord.1debit.com
pwc17.ord.1debit.com
pwc18.ord.1debit.com
pwc19.ord.1debit.com
pwc20.ord.1debit.com
pwc21.ord.1debit.com
pwc23.ord.1debit.com
pwc24.ord.1debit.com
pwc25.ord.1debit.com
pwc26.ord.1debit.com
pwc27.ord.1debit.com
pwc28.ord.1debit.com
pwc29.ord.1debit.com
pwc30.ord.1debit.com
pwc31.ord.1debit.com
pwc32.ord.1debit.com
pwc33.ord.1debit.com
pwc34.ord.1debit.com
pwc35.ord.1debit.com
pwc36.ord.1debit.com
pwc37.ord.1debit.com
pwc38.ord.1debit.com
pwc39.ord.1debit.com
pwp01.ord.1debit.com
pwp02.ord.1debit.com
pwp03.ord.1debit.com
pwp04.ord.1debit.com
pwp05.ord.1debit.com
pwp06.ord.1debit.com
pwp07.ord.1debit.com
pwp08.ord.1debit.com
pwp09.ord.1debit.com
pwp10.ord.1debit.com
pwp11.ord.1debit.com
pwp12.ord.1debit.com
pwp13.ord.1debit.com
pwp14.ord.1debit.com
pwp15.ord.1debit.com
pwp16.ord.1debit.com
pwp17.ord.1debit.com
pwp18.ord.1debit.com
pwp19.ord.1debit.com
pwp20.ord.1debit.com
pwrs01.ord.1debit.com
pwrs02.ord.1debit.com
pwrs03.ord.1debit.com
pww01.ord.1debit.com
ra.1debit.com
redis-10002.chimeprd.prdrl.ord.1debit.com
redis-10002.chimeqa.qarl.ord.1debit.com
redis-10002.internal.chimeprd.prdrl.ord.1debit.com
redis-10002.internal.chimeqa.qarl.ord.1debit.com
redis-10003.chimeprd.prdrl.ord.1debit.com
redis-10003.chimeqa.qarl.ord.1debit.com
redis-10003.internal.chimeprd.prdrl.ord.1debit.com
redis-10003.internal.chimeqa.qarl.ord.1debit.com
redis-10004.chimeqa.qarl.ord.1debit.com
redis-10004.internal.chimeqa.qarl.ord.1debit.com
redis-10005.chimeprd.prdrl.ord.1debit.com
redis-10005.chimeqa.qarl.ord.1debit.com
redis-10005.internal.chimeqa.qarl.ord.1debit.com
redis-10006.chimeprd.prdrl.ord.1debit.com
redis-10006.chimeqa.qarl.ord.1debit.com
redis-10006.internal.chimeprd.prdrl.ord.1debit.com
redis-10006.internal.chimeqa.qarl.ord.1debit.com
redis-10007.chimeqa.qarl.ord.1debit.com
redis-10008.chimeprd.prdrl.ord.1debit.com
redis-10008.chimeqa.qarl.ord.1debit.com
redis-10008.internal.chimeqa.qarl.ord.1debit.com
redis-10009.chimeprd.prdrl.ord.1debit.com
redis-10009.chimeqa.qarl.ord.1debit.com
redis-10009.internal.chimeprd.prdrl.ord.1debit.com
redis-10009.internal.chimeqa.qarl.ord.1debit.com
redis-10010.chimeprd.prdrl.ord.1debit.com
redis-10010.internal.chimeprd.prdrl.ord.1debit.com
redis-10011.chimeprd.prdrl.ord.1debit.com
redis-10011.internal.chimeprd.prdrl.ord.1debit.com
redis-10012.chimeprd.prdrl.ord.1debit.com
redis-10012.internal.chimeprd.prdrl.ord.1debit.com
redis-10013.chimeprd.prdrl.ord.1debit.com
repos.1debit.com
salt.hub.ue1.1debit.com
salt.ord.1debit.com
saltmaster.ue1.1debit.com
sapi01.ord.1debit.com
schemas.1debit.com
segment.1debit.com
segment.ord.1debit.com
sensu-server.ord.1debit.com
sensu1.iad.1debit.com
sfapi.1debit.com
sim.ord.1debit.com
spapi.1debit.com
spapi.ue1.1debit.com
spui.1debit.com
spui.ue1.1debit.com
ssba01.ord.1debit.com
ssd01.ord.1debit.com
ssu01.ord.1debit.com
stage-admin.1debit.com
stage-api2.1debit.com
stage-octave.1debit.com
stage2-admin.1debit.com
swa01.ord.1debit.com
swa02.ord.1debit.com
swc01.ord.1debit.com
swc02.ord.1debit.com
swrs01.ord.1debit.com
tapi01.ord.1debit.com
tapi02.ord.1debit.com
tat01.ord.1debit.com
taw01.ord.1debit.com
taw02.ord.1debit.com
test-admin.1debit.com
test-consumer.1debit.com
test-merchant.1debit.com
test-octave.1debit.com
test-processor.1debit.com
test-redis01.ord.1debit.com
test-redis02.ord.1debit.com
test-redis03.ord.1debit.com
test-redis04.ord.1debit.com
test-redis05.ord.1debit.com
test-redis06.ord.1debit.com
test.1debit.com
test1.1debit.com
test2.1debit.com
test3.1debit.com
test4.1debit.com
test5.1debit.com
tsase01.ord.1debit.com
tsba01.ord.1debit.com
tsd01.ord.1debit.com
tsu01.ord.1debit.com
twa01.ord.1debit.com
twa02.ord.1debit.com
twc01.ord.1debit.com
twc02.ord.1debit.com
twc03.ord.1debit.com
twc04.ord.1debit.com
twg01.ord.1debit.com
twp01.ord.1debit.com
twrs01.ord.1debit.com
ua.1debit.com
upsource.1debit.com
v-stage.ord.1debit.com
wh-v.ord.1debit.com
www.1debit.com
