5nine.com
5nineservice.demo.5nine.com
alt.5nine.com
api.5nine.com
api2.5nine.com
autodiscover.5nine.com
blog.5nine.com
demo.5nine.com
development.5nine.com
enterpriseenrollment.5nine.com
enterpriseregistration.5nine.com
evolve.5nine.com
forum.5nine.com
gatekeeper.5nine.com
go.5nine.com
ideas.5nine.com
info.5nine.com
kb.5nine.com
lyncdiscover.5nine.com
njmail.5nine.com
ns.5nine.com
rdg.5nine.com
salesloft.5nine.com
sip.5nine.com
staging.5nine.com
swagger.5nine.com
try.5nine.com
viprebuilds.5nine.com
webdemo.5nine.com
wired.5nine.com
ww.5nine.com
www.5nine.com
www.go.5nine.com
www.try.5nine.com
