3ds.9l3.9lives.be
3ds.9lives.be
3ds.ds.9lives.be
3ds.pc.9lives.be
3ds.wii.9lives.be
3ds.x360.9lives.be
3ds.xbox.9lives.be
9lives.9lives.be
9lives.be
admin.9lives.be
assets.9lives.be
autodiscover.9lives.be
digitaal.9lives.be
hardware.9lives.be
imap.9lives.be
m.9lives.be
mail.9lives.be
mobile.9lives.be
msoid.9lives.be
nds.9lives.be
nds.ds.9lives.be
nds.ps2.9lives.be
nds.wii.9lives.be
nds.xbox.9lives.be
pc.9lives.be
pc.ds.9lives.be
pc.wii.9lives.be
pc.xbox.9lives.be
pop.9lives.be
ps2.9lives.be
ps2.ds.9lives.be
ps2.wii.9lives.be
ps2.xbox.9lives.be
ps3.9lives.be
ps3.ds.9lives.be
ps3.ps2.9lives.be
ps3.xbox.9lives.be
ps4.9lives.be
psp.9lives.be
psp.ds.9lives.be
psp.xbox.9lives.be
psv.9l3.9lives.be
psv.9lives.be
psv.ds.9lives.be
psv.xbox.9lives.be
smtp.9lives.be
uat.9lives.be
webmail.9lives.be
wii.9lives.be
wii.ds.9lives.be
wii.ps2.9lives.be
wii.xbox.9lives.be
wiiu.9lives.be
wiiu.ds.9lives.be
www.9lives.be
www.ds.9lives.be
www.ps2.9lives.be
www.xbox.9lives.be
wwww.9lives.be
x360.9lives.be
x360.ds.9lives.be
x360.pc.9lives.be
x360.wii.9lives.be
x360.x360.9lives.be
x360.xbox.9lives.be
xboxone.9lives.be
