actnow.airbnbcitizen.com
actually.airbnbcitizen.com
ad.airbnbcitizen.com
africa.airbnbcitizen.com
ahwp.airbnbcitizen.com
airbnbcitizen.com
alpha.airbnbcitizen.com
amsterdam.airbnbcitizen.com
angeles.airbnbcitizen.com
anhth.airbnbcitizen.com
apps.airbnbcitizen.com
archive.airbnbcitizen.com
argentina.airbnbcitizen.com
arizona.airbnbcitizen.com
austin.airbnbcitizen.com
australia.airbnbcitizen.com
austria.airbnbcitizen.com
baltimore.airbnbcitizen.com
barcelona.airbnbcitizen.com
bcnfix.airbnbcitizen.com
belgium.airbnbcitizen.com
berlin.airbnbcitizen.com
blog.airbnbcitizen.com
bookmarks.airbnbcitizen.com
boston.airbnbcitizen.com
brazil.airbnbcitizen.com
britain.airbnbcitizen.com
brussels.airbnbcitizen.com
california.airbnbcitizen.com
canada.airbnbcitizen.com
ce.airbnbcitizen.com
chicago.airbnbcitizen.com
china.airbnbcitizen.com
city.airbnbcitizen.com
cleveland.airbnbcitizen.com
co.airbnbcitizen.com
console.airbnbcitizen.com
copenhagen.airbnbcitizen.com
corp.airbnbcitizen.com
corporate.airbnbcitizen.com
crm.airbnbcitizen.com
d.airbnbcitizen.com
dc.airbnbcitizen.com
de.airbnbcitizen.com
denmark.airbnbcitizen.com
developers.airbnbcitizen.com
development.airbnbcitizen.com
docs.airbnbcitizen.com
everbank.airbnbcitizen.com
files.airbnbcitizen.com
florida.airbnbcitizen.com
france.airbnbcitizen.com
francisco.airbnbcitizen.com
frankfurt.airbnbcitizen.com
ftp.airbnbcitizen.com
gamma.airbnbcitizen.com
germany.airbnbcitizen.com
groups.airbnbcitizen.com
ha2-vl.airbnbcitizen.com
hamburg.airbnbcitizen.com
hawaii.airbnbcitizen.com
help.airbnbcitizen.com
hong-kong.airbnbcitizen.com
hongkong.airbnbcitizen.com
iceland.airbnbcitizen.com
ifornia.airbnbcitizen.com
illinois.airbnbcitizen.com
imap.airbnbcitizen.com
img.airbnbcitizen.com
india.airbnbcitizen.com
info.airbnbcitizen.com
int.airbnbcitizen.com
intranet.airbnbcitizen.com
ireland.airbnbcitizen.com
israel.airbnbcitizen.com
italy.airbnbcitizen.com
japan.airbnbcitizen.com
japanpostcards.airbnbcitizen.com
kb.airbnbcitizen.com
korea.airbnbcitizen.com
lisbon.airbnbcitizen.com
lists.airbnbcitizen.com
london.airbnbcitizen.com
los-angeles.airbnbcitizen.com
losangeles.airbnbcitizen.com
louisiana.airbnbcitizen.com
m.airbnbcitizen.com
madrid.airbnbcitizen.com
mail.airbnbcitizen.com
marker.airbnbcitizen.com
massachusetts.airbnbcitizen.com
members.airbnbcitizen.com
mexico.airbnbcitizen.com
miami.airbnbcitizen.com
milan.airbnbcitizen.com
mobile.airbnbcitizen.com
montreal.airbnbcitizen.com
munich.airbnbcitizen.com
nashville.airbnbcitizen.com
netherlands.airbnbcitizen.com
new-orleans.airbnbcitizen.com
new-south-wales.airbnbcitizen.com
new-york-city.airbnbcitizen.com
new-york-state.airbnbcitizen.com
new-york.airbnbcitizen.com
new-zealand.airbnbcitizen.com
new.airbnbcitizen.com
newsletter.airbnbcitizen.com
newyorkcity.airbnbcitizen.com
next.airbnbcitizen.com
norway.airbnbcitizen.com
nothing.airbnbcitizen.com
now.airbnbcitizen.com
ns1.airbnbcitizen.com
nsw.airbnbcitizen.com
nyc.airbnbcitizen.com
nys.airbnbcitizen.com
opportunity.airbnbcitizen.com
oregon.airbnbcitizen.com
oslo.airbnbcitizen.com
paris.airbnbcitizen.com
parto.airbnbcitizen.com
perth.airbnbcitizen.com
philadelphia.airbnbcitizen.com
portland.airbnbcitizen.com
postcards.airbnbcitizen.com
queensland.airbnbcitizen.com
rome.airbnbcitizen.com
san-francisco.airbnbcitizen.com
sanfrancisco.airbnbcitizen.com
seattle.airbnbcitizen.com
secure.airbnbcitizen.com
services.airbnbcitizen.com
singapore.airbnbcitizen.com
south-africa.airbnbcitizen.com
southkorea.airbnbcitizen.com
spain.airbnbcitizen.com
spool.airbnbcitizen.com
staging.airbnbcitizen.com
status.airbnbcitizen.com
store.airbnbcitizen.com
sweden.airbnbcitizen.com
switzerland.airbnbcitizen.com
taiwan.airbnbcitizen.com
tajikistan.airbnbcitizen.com
tasmania.airbnbcitizen.com
th.airbnbcitizen.com
toronto.airbnbcitizen.com
unauthorized.airbnbcitizen.com
unbounce.airbnbcitizen.com
united-kingdom.airbnbcitizen.com
vancouver.airbnbcitizen.com
victoria.airbnbcitizen.com
voipa02d.airbnbcitizen.com
voipa036.airbnbcitizen.com
voipa038.airbnbcitizen.com
voipa057.airbnbcitizen.com
vu.airbnbcitizen.com
w.airbnbcitizen.com
washington-dc.airbnbcitizen.com
washington.airbnbcitizen.com
washingtondc.airbnbcitizen.com
web.airbnbcitizen.com
webmail.airbnbcitizen.com
ws.airbnbcitizen.com
www-staging.airbnbcitizen.com
www.airbnbcitizen.com
www.sanfrancisco.airbnbcitizen.com
www.ycg.airbnbcitizen.com
y.airbnbcitizen.com
ycg.airbnbcitizen.com
