a.staging.airtable.com
api-future-staging.airtable.com
api-staging.airtable.com
api-tlsv1-staging.airtable.com
api.fs.staging.airtable.com
api2-staging.airtable.com
cdn.fs.staging.airtable.com
cloud.fs.staging.airtable.com
dialog.fs.staging.airtable.com
dl.staging.airtable.com
dl3.staging.airtable.com
email.staging.airtable.com
fs.staging.airtable.com
hooks.staging.airtable.com
internal-test.staging.airtable.com
lightstep.staging.airtable.com
process.fs.staging.airtable.com
rt-staging.airtable.com
rt2-staging.airtable.com
rt3-staging.airtable.com
rt4-staging.airtable.com
rt5-staging.airtable.com
rtb-staging.airtable.com
rtd-staging.airtable.com
sco-assets.support.staging.airtable.com
srp.staging.airtable.com
staging.airtable.com
static.fs.staging.airtable.com
static.staging.airtable.com
www.fs.staging.airtable.com
www.staging.airtable.com
www1.staging.airtable.com
