1cified.av.ru
365.av.ru
ams.av.ru
api.av.ru
ass.av.ru
av.ru
b2b.av.ru
b2c.av.ru
backdoor.av.ru
backend.vkusomania.av.ru
beta-ims.av.ru
beta-lms.av.ru
bi.av.ru
blackhole.av.ru
blog.av.ru
cars.av.ru
catering.av.ru
choice.av.ru
competition.av.ru
create.av.ru
ddpd.av.ru
dev.av.ru
devlink.av.ru
doc.av.ru
docs.av.ru
doska.av.ru
dpdd-zabbix.av.ru
dpdd.av.ru
drive.av.ru
edm-soap.av.ru
educenter.av.ru
express.av.ru
fbmaps.av.ru
feedback.av.ru
filecloud.av.ru
forms.av.ru
freeav.av.ru
ftp.av.ru
gitlab.av.ru
greeting.av.ru
help.av.ru
heroes.av.ru
host.ns2.mx1.ns1.ns1.ns2.ns2.ns2.av.ru
hostmaster.shop.av.ru
i.av.ru
images.av.ru
images.spb.av.ru
ims.av.ru
invest.av.ru
kusomania.av.ru
line214-95.av.ru
link.av.ru
linkem.av.ru
lms.av.ru
lp.av.ru
lrns.av.ru
lvmqqslbrvtbocg.av.ru
m.av.ru
mail.av.ru
market.av.ru
mf.educenter.av.ru
mos.av.ru
mp3.av.ru
msk.av.ru
new.av.ru
nfcid.av.ru
nikecompani.av.ru
novyetscenniky.av.ru
ny2009.av.ru
oauth.av.ru
ocientistaportugues.av.ru
oms-dev.av.ru
oms.av.ru
owa.av.ru
pa.av.ru
parol.av.ru
pay.av.ru
plot.av.ru
poll.av.ru
pop3.av.ru
portal.av.ru
ppp78-37-6-81.pppoe.av.ru
ppp89-110-12-148.pppoe.av.ru
ppp91-122-16-230.pppoe.av.ru
ppp92-100-113-53.pppoe.av.ru
ppp92-100-14-208.pppoe.av.ru
pppoe.178-65-178-225.dynamic.av.ru
pppoe.178-65-58-99.dynamic.av.ru
pppoe.178-65-9-143.dynamic.av.ru
pppoe.178-65-98-187.dynamic.av.ru
pppoe.178-66-162-94.dynamic.av.ru
pppoe.178-66-253-188.dynamic.av.ru
projects.av.ru
promo.av.ru
psktur.susu.av.ru
push.av.ru
push.express.av.ru
push.spb.av.ru
pwd.av.ru
recipes.av.ru
redmine.av.ru
s.av.ru
sbp.av.ru
sentry.av.ru
services-api.av.ru
shop.av.ru
shops.av.ru
smtp.av.ru
soap-siebel.av.ru
soap.shop.av.ru
spb.av.ru
spl.av.ru
srv.av.ru
stand.av.ru
status.av.ru
store.av.ru
tips.av.ru
tomall.av.ru
uat-express-api.av.ru
uat.av.ru
ums.av.ru
unspecified.av.ru
vkusomaia.av.ru
vkusomania.av.ru
vkusomaniapp.av.ru
waste.av.ru
wvcavhyn.av.ru
www.av.ru
www.b2b.av.ru
www.backend.vkusomania.av.ru
www.catering.av.ru
www.create.av.ru
www.dpdd.av.ru
www.educenter.av.ru
www.haicot.av.ru
www.images.spb.av.ru
www.lp.av.ru
www.marcet.av.ru
www.projects.av.ru
www.promo.av.ru
www.shop.av.ru
www.spb.av.ru
www.tube.av.ru
www.vkusomania.av.ru
www.zayac.av.ru
zabbix.av.ru
zayac.av.ru
