account-messaging.betfair.se
account.betfair.se
apieds.betfair.se
apiems.betfair.se
apiemsios.betfair.se
apismx.betfair.se
apismxios.betfair.se
arcade.betfair.se
assets.betfair.se
beatthedrop.betfair.se
betfair.se
bingo.betfair.se
cashout-exchange.betfair.se
cashout-service.betfair.se
casino.betfair.se
cbs.betfair.se
ccc.betfair.se
cro.betfair.se
ebs-api.betfair.se
en.learning.betfair.se
ero.betfair.se
etx.betfair.se
exchangegaming.betfair.se
fcq-service.betfair.se
fcq.betfair.se
games.betfair.se
gamesportal.betfair.se
gfe.betfair.se
gmd.betfair.se
goldengoals.betfair.se
graphs.betfair.se
grouting.betfair.se
horseracing.betfair.se
identitysso-cert.betfair.se
identitysso.betfair.se
ie1-account-messaging.betfair.se
ie1-apiems.betfair.se
ie1-graphs.betfair.se
ie1-promotions.betfair.se
ie1-smd.betfair.se
ie2-account-messaging.betfair.se
ie2-apiems.betfair.se
ie2-graphs.betfair.se
ie2-promotions.betfair.se
ie2-smd.betfair.se
inplay.betfair.se
ips.betfair.se
launcher.betfair.se
lbr.betfair.se
m.mail.betfair.se
maintenance.betfair.se
mcasino.betfair.se
messaging.betfair.se
myacc.betfair.se
myaccount.betfair.se
myactivity.betfair.se
mycards.betfair.se
myfunds.betfair.se
mypromos.betfair.se
nxt.betfair.se
play.betfair.se
playerprotection.betfair.se
poker.betfair.se
poker1.betfair.se
promotions.betfair.se
push-subscription.betfair.se
redirect.betfair.se
register.betfair.se
sco.betfair.se
sib.betfair.se
simulator.betfair.se
site.arcade.betfair.se
site.games.betfair.se
smd.betfair.se
smp.betfair.se
soccer.betfair.se
spb.betfair.se
splash.betfair.se
sports.betfair.se
sportsgaming.betfair.se
sportsiteexweb.betfair.se
ssc.betfair.se
strands.betfair.se
strandstwine.betfair.se
strandsweave.betfair.se
support.betfair.se
t.mail.betfair.se
uk-api.betfair.se
vegasslots.betfair.se
videoplayer.betfair.se
vqa.betfair.se
was.betfair.se
wss.betfair.se
www.betfair.se
