api.binance.org
binance.org
bsc-dataseed-test.binance.org
bsc-dataseed.binance.org
bsc-dataseed1.binance.org
bsc-dataseed2.binance.org
bsc-dataseed3.binance.org
bsc-dataseed4.binance.org
bsc-test.binance.org
data-seed-0-s1.binance.org
data-seed-0-s3.binance.org
data-seed-1-s1.binance.org
data-seed-1-s2.binance.org
data-seed-1-s3.binance.org
data-seed-2-s1.binance.org
data-seed-2-s2.binance.org
data-seed-2-s3.binance.org
data-seed-pre-0-s1.binance.org
data-seed-pre-0-s3.binance.org
data-seed-pre-1-s1.binance.org
data-seed-pre-1-s3.binance.org
data-seed-pre-2-s1.binance.org
data-seed-pre-2-s3.binance.org
data-seed-prealpha-1-s1.binance.org
data-seed-prealpha-2-s1.binance.org
data-seed-prebsc-1-s1.binance.org
data-seed-prebsc-1-s2.binance.org
data-seed-prebsc-1-s3.binance.org
data-seed-prebsc-2-s1.binance.org
data-seed-prebsc-2-s2.binance.org
data-seed-prebsc-2-s3.binance.org
dataseed1.binance.org
dataseed2.binance.org
dataseed3.binance.org
dataseed4.binance.org
dataseed5.binance.org
dex-asiapacific.binance.org
dex-atlantic.binance.org
dex-european.binance.org
dex.binance.org
docs.binance.org
explorer.binance.org
gnosis-safe-react.binance.org
gnosis-safe-transaction.binance.org
gnosis-safe.binance.org
gnosis.binance.org
preprod.binance.org
seed-pre-s1.binance.org
seed-pre-s3.binance.org
static.binance.org
test.binance.org
testnet-api.binance.org
testnet-bsc-dataseed.binance.org
testnet-dex-asiapacific.binance.org
testnet-dex-atlantic.binance.org
testnet-dex-oregon.binance.org
testnet-dex.binance.org
testnet-explorer.binance.org
testnet-preprod.binance.org
testnet-staking.binance.org
testnet-static.binance.org
testnet-ud.binance.org
testnet-wallet.binance.org
testnet.binance.org
ud.binance.org
wallet-bridge.binance.org
wallet-push.binance.org
wallet.binance.org
www.binance.org
