*.probability.bingo.com
220th.bingo.com
2855.bingo.com
ads.bingo.com
affiliates.bingo.com
api.bingo.com
autodiscover.bingo.com
autodiscover.brand.bingo.com
bingo.bingo.com
bingo.com
bonanza.bingo.com
br.bingo.com
brand.bingo.com
cash.bingo.com
cash75.bingo.com
cash90.bingo.com
cdyn.bingo.com
corporate.bingo.com
de.bingo.com
dog-qa1.bingo.com
easthartford.bingo.com
es.bingo.com
eum.bingo.com
evolivecasino.bingo.com
fi.bingo.com
flip.bingo.com
fr.bingo.com
free.bingo.com
freemail.bingo.com
ftp.mail.bingo.com
gaia.bingo.com
gam01.bingo.com
gam02.bingo.com
gam03.bingo.com
gam04.bingo.com
gam05.bingo.com
gam06.bingo.com
games.bingo.com
games2.bingo.com
gameshownetwork.bingo.com
gsn.bingo.com
hsn.bingo.com
img1.bingo.com
itv.bingo.com
juno.bingo.com
link.email.bingo.com
livechat.bingo.com
loki.bingo.com
lucian15.bingo.com
m-uk.bingo.com
m.bingo.com
mail.bingo.com
mar.bingo.com
mars.bingo.com
miniclip.bingo.com
ml.bingo.com
new.bingo.com
no-qa1.bingo.com
no-si1.bingo.com
no.bingo.com
ns1.bingo.com
ns2.bingo.com
online.bingo.com
online2.bingo.com
payment.bingo.com
pl.bingo.com
pretzel.bingo.com
s3www.bingo.com
se-qa1.bingo.com
se-si1.bingo.com
se.bingo.com
skill.bingo.com
smtp208.mail.bingo.com
smtp215.mail.bingo.com
smtp249.mail.bingo.com
staging.es.bingo.com
staging.www.bingo.com
t.links.bingo.com
thor.bingo.com
tmp.bingo.com
trophy.bingo.com
u.k.bingo.com
uk-qa1.bingo.com
uk-si1.bingo.com
uk.bingo.com
uproar.bingo.com
valkommen.bingo.com
web2.bingo.com
web3.bingo.com
web4.bingo.com
weba1.bingo.com
weba2.bingo.com
webaxones.bingo.com
webinfra.bingo.com
welcome.bingo.com
welcome.uk.bingo.com
wlliamhill.bingo.com
ww.bingo.com
ww.gala.bingo.com
www-qa1.bingo.com
www-si1.bingo.com
www.360.bingo.com
www.a.d.f.bingo.com
www.abc.bingo.com
www.alo.bingo.com
www.ande.bingo.com
www.bingeon.bingo.com
www.bingo.com
www.christainlouboutin.bingo.com
www.empior.bingo.com
www.eventshow.bingo.com
www.gnc.bingo.com
www.lesoliviers.bingo.com
www.lhi.bingo.com
www.lucky.7.bingo.com
www.maria.bingo.com
www.moosejaw.bingo.com
www.mplayer.bingo.com
www.mundopsicologo.bingo.com
www.network.bingo.com
www.oakvillebaby.bingo.com
www.oklahoma.city.casino.bingo.com
www.pogoezwin.bingo.com
www.purkupekka.bingo.com
www.thugliferesume.bingo.com
www.uproar.promo.bingo.com
www.wink.bingo.com
www.zone.bingo.com
xns.bingo.com
yahoo.bingo.com
