5olmdbg26r.bitmex.com
affiliates.bitmex.com
ahuwltc4de.bitmex.com
anal.bitmex.com
analytics.bitmex.com
api.testnet.bitmex.com
auth.bitmex.com
auth.devhk.bitmex.com
auth.devsf2.bitmex.com
auth.devsf3.bitmex.com
auth.testnet.bitmex.com
aws.ws.services.bitmex.com
aws.ws.testnet.services.bitmex.com
beta.bitmex.com
bitmex.com
blog-do.bitmex.com
cf.ws.services.bitmex.com
cf.ws.testnet.services.bitmex.com
compliance-fbnotify.prod.services.bitmex.com
ctf.bitmex.com
dev.bitmex.com
devhk-internal.bitmex.com
devhk-static.bitmex.com
devhk.bitmex.com
devsf-cf.bitmex.com
devsf-internal.bitmex.com
devsf.bitmex.com
devsf2-internal.bitmex.com
devsf2.bitmex.com
devsf3.bitmex.com
documents.bitmex.com
documents.devsf3.bitmex.com
documents.testnet.bitmex.com
email.mg.bitmex.com
fbnotify.dev.devhk.services.bitmex.com
fbnotify.devhk.services.bitmex.com
fbnotify.prod.services.bitmex.com
fbnotify.public.testnet.services.bitmex.com
fbnotify.testnet.services.bitmex.com
fddkim.bitmex.com
finfabrik-dev.bitmex.com
finfabrik.bitmex.com
fix.testnet.bitmex.com
freshdesk.services.bitmex.com
freshworks.services.bitmex.com
game.bitmex.com
internal-prod.bitmex.com
jason.bitmex.com
jitsi.bitmex.com
kaiwa.bitmex.com
l.m.bitmex.com
l.m.testnet.bitmex.com
ldap.bitmex.com
lib.academy.bitmex.com
logstash.bitmex.com
mobile-config.services.bitmex.com
mobile-config.testnet.services.bitmex.com
mumble.bitmex.com
o1.m.bitmex.com
o10.m.bitmex.com
o3.m.bitmex.com
o4.m.bitmex.com
o5.m.bitmex.com
o6.m.bitmex.com
o8.m.bitmex.com
o9.m.bitmex.com
onfido.bitmex.com
onfido.devsf3.bitmex.com
onfido.testnet.bitmex.com
podcasts.academy.bitmex.com
production-app-calico.services.bitmex.com
production-app.services.bitmex.com
radius.bitmex.com
research-ch.bitmex.com
research-cn.bitmex.com
sc-dtc.bitmex.com
securemail.bitmex.com
sentry-ff.bitmex.com
sentry.bitmex.com
sentry.services.bitmex.com
sentry.testnet.services.bitmex.com
static.bitmex.com
support.rescue.services.bitmex.com
support.rescue.testnet.services.bitmex.com
support.services.bitmex.com
support.testnet.bitmex.com
support.testnet.services.bitmex.com
testnet-app-calico.services.bitmex.com
testnet-app.services.bitmex.com
testnet-dev.bitmex.com
testnet-dtc.bitmex.com
testnet-internal.bitmex.com
testnet-static.bitmex.com
testnet.bitmex.com
testnet.internal.bitmex.com
testnet2.bitmex.com
testo.lond.bitmex.com
token.services.bitmex.com
trade.bitmex.com
ts.bitmex.com
upload.bitmex.com
upload.devsf3.bitmex.com
upload.testnet.bitmex.com
video.bitmex.com
w2.devsf2.bitmex.com
watchlist.dev.bitmex.com
webmail.videomarketing.bitmex.com
wechat.testnet.bitmex.com
ws.bitmex.com
ws.devsf-cf.bitmex.com
ws.production-app.services.bitmex.com
ws.rescue.services.bitmex.com
ws.rescue.testnet.services.bitmex.com
ws.services.bitmex.com
ws.testnet.bitmex.com
ws.testnet.services.bitmex.com
ww.bitmex.com
www.app-calico.services.bitmex.com
www.app-calico.testnet.services.bitmex.com
www.hosting23.bitmex.com
www.internal.bitmex.com
www.myprint.bitmex.com
www.promnight.bitmex.com
www.rescue.services.bitmex.com
www.rescue.testnet.services.bitmex.com
www.services.bitmex.com
www.testnet.services.bitmex.com
www.theinternetmarketingmaven.bitmex.com
www.whosonleave.bitmex.com
www2.bitmex.com
xcoajvlkty.bitmex.com
znc-internal.bitmex.com
