1p-sc.canva.com
about.canva.com
about2.canva.com
advocates.canva.com
afe.canva.com
affiliates.canva.com
album.canva.com
alpha.canva.com
android.canva.com
animator.canva.com
api.canva.com
app-resources.canva.com
apps.canva.com
ar-eg.about.canva.com
assets.canva.com
audio-ftp.canva.com
audio-private.canva.com
audio-public.canva.com
audio-upload.canva.com
backup.media-private.canva.com
backup.media-public.canva.com
banner-static.canva.com
blog.canva.com
build.canva.com
button-demo.canva.com
buy-zippotton-demo.canva.com
calendar.canva.com
canva.com
capi.cse.canva.com
careers.canva.com
category-public.canva.com
cfe.canva.com
cl.canva.com
clicks.engage.canva.com
clicks.newsletter.canva.com
community.canva.com
content-management-files.canva.com
contribute.canva.com
corp.canva.com
cost-per-day.canva.com
create.canva.com
creator.canva.com
cse.canva.com
ct.canva.com
da-dk.about.canva.com
de-de.about.canva.com
de-de.learn.canva.com
deploy.canva.com
design-automation-font-recommendations.canva.com
design-automation-preset-styles.canva.com
designers.canva.com
designschool.canva.com
desktop-release.canva.com
dev-static.canva.com
developer.canva.com
developers.canva.com
docs.developer.canva.com
document-export-2.canva.com
document-export.canva.com
download.canva.com
drive.canva.com
e.engage.canva.com
email-design-template.canva.com
email-public.canva.com
email.canva.com
email.teamable.canva.com
en-in.about.canva.com
engage.canva.com
engineering.canva.com
es-ar.about.canva.com
es-co.about.canva.com
es-es.about.canva.com
es-mx.about.canva.com
es-mx.learn.canva.com
es-us.about.canva.com
events.canva.com
experiments-static.canva.com
export-download.canva.com
export.canva.com
facebookads.canva.com
file-uploads.cse.canva.com
font-ingest.canva.com
font-private.canva.com
font-public.canva.com
font-subsets.canva.com
fr-fr.about.canva.com
fr-fr.learn.canva.com
ftp.canva.com
ftp2.canva.com
go.canva.com
go.edu.canva.com
help-public.canva.com
id-id.about.canva.com
id-id.learn.canva.com
image-bg-removal.canva.com
image-manipulation.canva.com
image.canva.com
import-contributor-upload.canva.com
import.canva.com
inproductmarketing-static.canva.com
insights.canva.com
issues.canva.com
it-it.about.canva.com
ja-jp.about.canva.com
ja-jp.learn.canva.com
ko-kr.about.canva.com
l.create.canva.com
l.engage.canva.com
l.support.canva.com
learn.canva.com
mail.canva.com
mailer1.canva.com
mailer2.canva.com
marketing.canva.com
marketplace.canva.com
media-private-2.canva.com
media-private-cloudfront.canva.com
media-private.canva.com
media-public-2.canva.com
media-public.canva.com
mobile-foundation-static.canva.com
ms-my.about.canva.com
mta-sts.mail.1768486366.mdia-private.canva.com
mta1.email.canva.com
mta2.email.canva.com
mta3.email.canva.com
mta4.email.canva.com
mta5.email.canva.com
mta6.email.canva.com
nb-no.about.canva.com
newftp.canva.com
newsupport.canva.com
nl-nl.about.canva.com
ns1.canva.com
ns2.canva.com
o1006.e.engage.canva.com
o1007.e.engage.canva.com
o682.engage.canva.com
o683.create.canva.com
o684.support.canva.com
partner.canva.com
partnership-artwork.canva.com
partnership-assets.canva.com
phoenix.canva.com
photo-editor.canva.com
pl-pl.about.canva.com
pm-bounces.canva.com
press.canva.com
print-assets.canva.com
print-product-assets.canva.com
product.canva.com
profile.canva.com
proxy-failover.dd.canva.com
proxy.cse.canva.com
proxy.dd.canva.com
pt-br.about.canva.com
pt-br.learn.canva.com
pt-pt.about.canva.com
public-file-uploads.cse.canva.com
redessociales.about.comwww.canva.com
renderer.cse.canva.com
resources.canva.com
ru-ru.about.canva.com
ru-ru.learn.canva.com
schedule.canva.com
sdk.canva.com
sfe.canva.com
share-upload.canva.com
share.canva.com
sitemap.canva.com
sites.canva.com
smartling-support.canva.com
smartling.canva.com
spf1.canva.com
static-2.canva.com
static-cse.canva.com
static.canva.com
static.cse.canva.com
status.canva.com
support.canva.com
sv-se.about.canva.com
swww.canva.com
template-private.canva.com
template.canva.com
test.cse.canva.com
th-th.about.canva.com
thumbnail.canva.com
tools.canva.com
tr-tr.about.canva.com
tracing.canva.com
track.canva.com
tracking.canva.com
typegenius-dynamic.canva.com
typegenius-static.canva.com
typegenius.canva.com
u002fdocument-export.canva.com
u002ffont-public.canva.com
u002fmedia-private.canva.com
u002fmedia-public.canva.com
u002fprofile.canva.com
u002fsdk.canva.com
u002fstatic.canva.com
u002fwww.canva.com
uk-ua.about.canva.com
unauthorized.canva.com
unhcr-design-for-a-cause-uploads.cse.canva.com
upload.canva.com
us-east-1.newftp.canva.com
us-west-1.newftp.canva.com
uservoice.canva.com
vi-vn.about.canva.com
video-placeholders.canva.com
video-private-assets.canva.com
video-private.canva.com
video-public.canva.com
video-upload.canva.com
welcome.canva.com
wiki.canva.com
wordpress.canva.com
wpassets.canva.com
ww.canva.com
www.canva.com
www.ftp.canva.com
www.support.canva.com
x22cl.canva.com
x22document-export.canva.com
x22static.canva.com
zendesk1.canva.com
zendesk2.canva.com
zendesk3.canva.com
zendesk4.canva.com
zh-cn.about.canva.com
zh-cn.learn.canva.com
zh-hk.about.canva.com
zh-tw.about.canva.com
