admin-ui-prod.certsy.com
admin.certsy.com
alb-admin-ui-prod.certsy.com
alb-candidate-ui-prod.certsy.com
alb-hirer-ui-prod.certsy.com
api-prod.certsy.com
app.certsy.com
auth.certsy.com
autodiscover.certsy.com
bastion.certsy.com
bounce.certsy.com
candidate-docs.certsy.com
candidate-ui-prod.certsy.com
certsy.com
docs.certsy.com
help.certsy.com
hirer-ui-prod.certsy.com
hirer.certsy.com
landing.certsy.com
mail.certsy.com
matomo.certsy.com
rtw-poc.certsy.com
status.certsy.com
www.certsy.com
www.hirer.certsy.com
zendesk1.certsy.com
zendesk2.certsy.com
zendesk3.certsy.com
zendesk4.certsy.com
