16002407.account.chime.com
16002407.notify.chime.com
165.227.32.chime.com
227.32.chime.com
32.chime.com
36.119.62.chime.com
abovenet.chime.com
accounts.chime.com
adventurepop.chime.com
airport-01.chime.com
airport-02.chime.com
airport-03.chime.com
airport-04.chime.com
airport-05.chime.com
airport-06.chime.com
airport-07.chime.com
airport-08.chime.com
airport-09.chime.com
airport-base.chime.com
apply.chime.com
argocd-dev1.chime.com
argocd-qa.chime.com
argocd.chime.com
arihest.chime.com
armyofme.chime.com
attachments.chime.com
autobots-dev1.chime.com
autobots-qa.chime.com
autobots-test.chime.com
autobots.chime.com
benkweller.chime.com
benkweller.media.chime.com
beta.madonna.chime.com
blowcam.chime.com
brainsong.chime.com
cgi.chime.com
chat.viewstream.chime.com
chat3.viewstream.chime.com
chime-d6.chime.com
chime-prime.chime.com
chime-ubuntu16.chime.com
chime.com
chriscornell.chime.com
circleofhealthintl.chime.com
clariasmusic.chime.com
colinhay.chime.com
console.chime.com
darkhorse.chime.com
dear-leader.chime.com
dev.chime.com
dispatchmusic.chime.com
dolbyventures.chime.com
dsl-net.chime.com
dss.chime.com
element.chime.com
email.ethnio.chime.com
email.gh-mail.chime.com
email.gh-mail.ext.chime.com
email.mg.chime.com
email.teamable.chime.com
enterpriseenrollment.chime.com
enterpriseregistration.chime.com
entourage.chime.com
error-pages.chime.com
fezzy.chime.com
fifthbeatlemovie.chime.com
flashpaper-dev1.chime.com
flashpaper-qa.chime.com
flashpaper-test.chime.com
flashpaper.chime.com
flowerbooking.chime.com
foundationsrecords.chime.com
ftp.chime.com
ftp.goodcompany.chime.com
gem-proxy-dev1.chime.com
gem-proxy-test.chime.com
gem-proxy.chime.com
giftofthegame.chime.com
glassbox.chime.com
goodsports.chime.com
gorn.chime.com
grahamcolton.chime.com
grok.chime.com
help-test.chime.com
help.chime.com
hirschfeld.chime.com
howsyournews.chime.com
html-dual.viewstream.chime.com
html-shared.viewstream.chime.com
html.viewstream.chime.com
inspector-dev1.chime.com
inspector-qa.chime.com
inspector-test.chime.com
inspector.chime.com
jarsofclay.chime.com
jentrynin.chime.com
jkss.chime.com
johncuniberti.transfer.chime.com
join-dev1.chime.com
join-qa.chime.com
join-qa1.chime.com
join.chime.com
kidstokids.chime.com
klinzhai.chime.com
kpig.chime.com
labs.chime.com
laptop.chime.com
laurenshera.chime.com
links.account.chime.com
links.notify.chime.com
localhost.chime.com
locations-qa.chime.com
locations.chime.com
lorettalynch.chime.com
loslobos.chime.com
mail.chime.com
marleysghostband.chime.com
media.ofarevolution.chime.com
member-dev1.chime.com
member-qa.chime.com
member-qa1.chime.com
member.chime.com
menber.chime.com
migration.chime.com
mike-gordon.chime.com
mobile-state.chime.com
mobilesite.chime.com
monocle-dev1.chime.com
monocle-qa.chime.com
monocle-test.chime.com
monocle.chime.com
mos-messageboard.chime.com
mpanashville.chime.com
mx.chime.com
mx2.chime.com
nd.chime.com
newguy.chime.com
nickolasproductions.chime.com
nimpon.chime.com
nineup.chime.com
ns.chime.com
ns2.chime.com
o2939.em.notify.chime.com
o2940.em.notify.chime.com
o2941.em.notify.chime.com
o2942.em.account.chime.com
o2943.em.account.chime.com
o2944.em.account.chime.com
o2945.em.account.chime.com
o2946.em.account.chime.com
octave-dev1.chime.com
octave-qa.chime.com
octave.chime.com
ofarevolution.chime.com
old-ns2.chime.com
oldwww.chime.com
orange.chime.com
otherones.chime.com
pascalsview.chime.com
penny-dev1.chime.com
penny-qa.chime.com
penny-test.chime.com
penny.chime.com
phpbb.foundationsrecords.chime.com
public-assets-dev1.chime.com
public-assets-qa.chime.com
public-assets-test.chime.com
public-assets.chime.com
putz.chime.com
qa-mas.chime.com
qa-wp.chime.com
qa1.chime.com
r4ny.chime.com
redlightmanagement.chime.com
richardmarx.chime.com
richpricemusic.chime.com
riotsquadrecords.chime.com
router.chime.com
rtsp.chime.com
scccu-sonicwall.chime.com
scruzccu.chime.com
sctcc.chime.com
sdev1.chime.com
secure.chime.com
securelinks.chime.com
shell.chime.com
sk6.messageboard.chime.com
smtrek.chime.com
solanarecords.chime.com
spasm.chime.com
spoontheband.chime.com
stage-wp.chime.com
stage.chime.com
stage2.chime.com
static-attachments.chime.com
status.chime.com
stephenkellogg.chime.com
tassel.chime.com
tbdrecords.chime.com
test-api2.chime.com
test2-api2.chime.com
thomasdolby.media.chime.com
toadthewetsprocket.chime.com
transaction.chime.com
updates.chime.com
viewstream.chime.com
waybacks.chime.com
webmail.chime.com
workhorse.chime.com
wp-dev1.chime.com
wp-dev2.chime.com
wp-dev3.chime.com
wp-dev4.chime.com
wp-dev5.chime.com
wp-integ.chime.com
wp-qa.chime.com
wp.chime.com
www.accounts.chime.com
www.chime.com
www.mobilesite.chime.com
www.otherones.chime.com
wylder.chime.com
yoke.chime.com
zendesk1.chime.com
zendesk2.chime.com
zendesk3.chime.com
zendesk4.chime.com
zoxband.chime.com
