apps.citymeal.com
at-cdn.citymeal.com
at-fopa.citymeal.com
at.citymeal.com
aux.citymeal.com
be-cdn.citymeal.com
be-fopa.citymeal.com
be.citymeal.com
beta.citymeal.com
bg-cdn.citymeal.com
bg-fopa.citymeal.com
bg.citymeal.com
blogbeta.citymeal.com
ch-cdn.citymeal.com
ch-fopa.citymeal.com
ch.citymeal.com
citymeal.com
de-cdn.citymeal.com
de-fopa.citymeal.com
de.citymeal.com
debug.citymeal.com
denmark.citymeal.com
dk-cdn.citymeal.com
dk.citymeal.com
fallbackapps.citymeal.com
false.citymeal.com
fastly.citymeal.com
fopa.citymeal.com
fr-cdn.citymeal.com
fr.citymeal.com
gb.citymeal.com
il-fopa.citymeal.com
lu-cdn.citymeal.com
lu-fopa.citymeal.com
lu.citymeal.com
mail.citymeal.com
merchandiseapi.citymeal.com
merchandiseapidev.citymeal.com
news.citymeal.com
nl-cdn.citymeal.com
nl-fopa.citymeal.com
nl.citymeal.com
no-cdn.citymeal.com
no.citymeal.com
ns1.citymeal.com
ns2.citymeal.com
order.citymeal.com
paypalec.citymeal.com
php7.citymeal.com
pl-cdn.citymeal.com
pl-fopa.citymeal.com
pl.citymeal.com
pt-cdn.citymeal.com
pt-fopa.citymeal.com
pt.citymeal.com
restaurants.citymeal.com
ro-cdn.citymeal.com
ro-fopa.citymeal.com
ro.citymeal.com
samsung.citymeal.com
static.citymeal.com
tbb.citymeal.com
tbb2.citymeal.com
uk.citymeal.com
vn-cdn.citymeal.com
vn.citymeal.com
www.citymeal.com
