9q0w1h-8.clubhouse.com
admin.clubhouse.com
anacouper.clubhouse.com
api.clubhouse.com
blog.clubhouse.com
c.a.b.s.clubhouse.com
clubhouse.com
clubhouseconversations.clubhouse.com
community.clubhouse.com
creatorfirst.clubhouse.com
creators.clubhouse.com
disney.clubhouse.com
eng-blog.clubhouse.com
go.clubhouse.com
imap.clubhouse.com
ios.clubhouse.com
join.clubhouse.com
mail.clubhouse.com
mx2.clubhouse.com
my.clubhouse.com
ns2.clubhouse.com
pic.clubhouse.com
privacy.clubhouse.com
profilealert.clubhouse.com
share.clubhouse.com
staging.clubhouse.com
support.clubhouse.com
suspension.clubhouse.com
tos.clubhouse.com
url4926.clubhouse.com
welcome.clubhouse.com
whatsnew.clubhouse.com
www.clubhouse.com
www.disney.clubhouse.com
www.mickey.mouse.clubhouse.com
www.nashville.clubhouse.com
www.s.d.clubhouse.com
www.stlouis.clubhouse.com
www.vacationowners.clubhouse.com
wwwlevin.clubhouse.com
wwwthe.clubhouse.com
