admin.cobinhood.com
api-admin.cobinhood.com
api-beta.cobinhood.com
api.cobinhood.com
beta.cobinhood.com
ci.cobinhood.com
cobinhood.com
demo-trade.cobinhood.com
dev.cobinhood.com
faq.cobinhood.com
feed-beta.cobinhood.com
feed.cobinhood.com
go.cobinhood.com
iota.cobinhood.com
iota1.cobinhood.com
iota2.cobinhood.com
live.cobinhood.com
mail.cobinhood.com
o1.sendgrid.cobinhood.com
refund.cobinhood.com
sandbox-api.cobinhood.com
sandbox-feed.cobinhood.com
sendgrid.cobinhood.com
slack.cobinhood.com
spi.cobinhood.com
stage.cobinhood.com
subdomain.cobinhood.com
test.cobinhood.com
trade.cobinhood.com
url391.cobinhood.com
vietaccent.admin.cobinhood.com
ws.cobinhood.com
www.cobinhood.com
