autodiscover.contact-sys.com
ci.contact-sys.com
client.contact-sys.com
club.contact-sys.com
contact-sys.com
contactws.contact-sys.com
development.contact-sys.com
enter-reserve.contact-sys.com
enter.contact-sys.com
jira.contact-sys.com
lk.contact-sys.com
ns1.contact-sys.com
old.contact-sys.com
online-test.contact-sys.com
online.contact-sys.com
prepare-club.contact-sys.com
prepare-contactws.contact-sys.com
prepare-enter.contact-sys.com
prepare-lk.contact-sys.com
prepare-online.contact-sys.com
prod.contact-sys.com
staging.contact-sys.com
testing.contact-sys.com
vitrina.contact-sys.com
www.client.contact-sys.com
www.contact-sys.com
www.contactws.contact-sys.com
www.enter.contact-sys.com
www.vitrina.contact-sys.com
