ablink.emails.eat.ch
ablink.orders.eat.ch
abmail.emails.eat.ch
acc-shop.eat.ch
achilles.eat.ch
analytics.eat.ch
anzeigewww.eat.ch
api-new.eat.ch
api-qa.eat.ch
api.eat.ch
app-maintenance.eat.ch
app-test.eat.ch
app.eat.ch
app01.eat.ch
app02.eat.ch
app04.eat.ch
apps.eat.ch
autoconfig.eat.ch
autodiscover.eat.ch
beta-api.eat.ch
beta-engine.eat.ch
beta.eat.ch
blog.eat.ch
bounce.mail.eat.ch
braceforimpact.eat.ch
bwz-rappi.eat.ch
bwz.eat.ch
bwzrappi.eat.ch
campaigns.eat.ch
canvas.eat.ch
click.email.eat.ch
click.update.eat.ch
cloud.update.eat.ch
connect.eat.ch
contract.eat.ch
cp.eat.ch
devapp.eat.ch
disg.eat.ch
dispo.eat.ch
driver.eat.ch
eat.ch
egine.eat.ch
email-bouncer.eat.ch
email.eat.ch
emails.eat.ch
engine.eat.ch
enigne.eat.ch
eninge.eat.ch
frontend.office.prod.clops.eat.ch
frontend.office.stag.clops.eat.ch
ftp.mail.eat.ch
google.chwww.eat.ch
graphhopper.eat.ch
harbor.eat.ch
html2pdf.eat.ch
hydra-old.eat.ch
hydra.eat.ch
image.email.eat.ch
image.update.eat.ch
imap.eat.ch
img.news.eat.ch
img.newsletter.eat.ch
ishtar.eat.ch
lists.eat.ch
live-orders.eat.ch
localhost.connect.eat.ch
localhost.email.eat.ch
localhost.update.eat.ch
m.eat.ch
mail.eat.ch
mail2.eat.ch
microsites.eat.ch
mobile.eat.ch
monitoring.eat.ch
mta.update.eat.ch
mta1.news.eat.ch
mta1.newsletter.eat.ch
mta2.news.eat.ch
mta2.newsletter.eat.ch
mta3.news.eat.ch
mta4.news.eat.ch
mta5.news.eat.ch
mta6.news.eat.ch
mta7.news.eat.ch
mta8.news.eat.ch
net-age.eat.ch
news.eat.ch
newsletter.eat.ch
notary.eat.ch
notime.eat.ch
o1505.abmail.emails.eat.ch
o1803.abmail.orders.eat.ch
order.eat.ch
orders.eat.ch
origin-api-new.eat.ch
origin-api.eat.ch
origin-contract.eat.ch
origin-delivery-tracker-api.eat.ch
origin-driver-api.eat.ch
origin-driver-wss.eat.ch
origin-driver.eat.ch
origin-m.eat.ch
origin-partner.eat.ch
origin-pos-integration.eat.ch
origin-restaurants.eat.ch
origin-wss.eat.ch
origin-www.eat.ch
origin.eat.ch
orion.eat.ch
pages.email.eat.ch
pages.update.eat.ch
partner.eat.ch
pop.eat.ch
pos-integration.eat.ch
press.eat.ch
print.eat.ch
printadmin.eat.ch
printapi.eat.ch
prometheus-k8s.eat.ch
prometheus.eat.ch
pub.email.eat.ch
red.news.eat.ch
red.newsletter.eat.ch
restaurant.eat.ch
restaurants-pagespeed1.eat.ch
restaurants-pagespeed2.eat.ch
restaurants-pagespeed3.eat.ch
restaurants.eat.ch
rewards.eat.ch
rock.eat.ch
search.eat.ch
shop.eat.ch
smtp.eat.ch
staging.eat.ch
static.eat.ch
staticaws.eat.ch
subfolder-proxy-deals.eat.ch
subfolder-proxy-foodwiki.eat.ch
subfolder-proxy-lb.eat.ch
subfolder-proxy-partnerblog.eat.ch
subfolder-proxy-signup.eat.ch
subfolder-proxy-takeawaypay.eat.ch
tempmail.eat.ch
test-shop.eat.ch
tests-restaurants.eat.ch
tpm.eat.ch
translations.eat.ch
tv.eat.ch
update.eat.ch
varuna.eat.ch
view.email.eat.ch
view.update.eat.ch
webmail.eat.ch
webservice.eat.ch
wiki.eat.ch
wss.eat.ch
ww.eat.ch
www.blog.eat.ch
www.cp.eat.ch
www.danieli.eat.ch
www.eat.ch
www.i-can.eat.ch
www.mail.eat.ch
wwww.eat.ch
zendesk1.eat.ch
zendesk2.eat.ch
zendesk3.eat.ch
zendesk4.eat.ch
