a.exodus.io
ada.exodus.io
algo-api.a.exodus.io
algo-s.a.exodus.io
algo.a.exodus.io
ark.exodus.io
assets.exodus.io
atom.exodus.io
atom3.a.exodus.io
atom3.exodus.io
atom4.a.exodus.io
aws.exodus.io
bastion.devops.exodus.io
bitcoin.a.exodus.io
bitcoin.exodus.io
bitcoincash.a.exodus.io
bitcoincash.exodus.io
bitcoincashnode.a.exodus.io
bitcoingold.a.exodus.io
bitcoingold.exodus.io
bitcoinsv.a.exodus.io
bitcoinsv.exodus.io
blog.exodus.io
cardano.a.exodus.io
compound.exodus.io
console-d.exodus.io
console-s.exodus.io
console.exodus.io
dash-insight-new.exodus.io
dash-insight.exodus.io
dash.a.exodus.io
dash.exodus.io
dcr1-us-east-1.assets.exodus.io
dev.exodus.io
devops-handbook.a.exodus.io
digibyte.a.exodus.io
digibyte.exodus.io
dogecoin.a.exodus.io
dogecoin.exodus.io
downloads.exodus.io
eos.a.exodus.io
eos.exodus.io
etc.a.exodus.io
etc.exodus.io
eth.a.exodus.io
eth.exodus.io
ethereum.exodus.io
ethereumclassic.exodus.io
exchange-d.exodus.io
exchange-eden.exodus.io
exchange-p.exodus.io
exchange-s.exodus.io
exchange.exodus.io
exodus-javascript-sdk.a.exodus.io
exodus.io
exokit.a.exodus.io
exotrack-dev.exodus.io
exotrack.exodus.io
factom.exodus.io
factombeta.exodus.io
fiat-exchange-d.exodus.io
fiat-exchange-p.exodus.io
fiat-exchange-s.exodus.io
fiat-exchange.exodus.io
fusion.exodus.io
getc.a.exodus.io
geth.a.exodus.io
ghost.exodus.io
gl.exodus.io
global-coin-height.exodus.io
grafana.exodus.io
hedera.a.exodus.io
help.exodus.io
hund.exodus.io
image-resizer.exodus.io
insight-btc0.exodus.io
jenkins.dev.exodus.io
kibana-d.exodus.io
kibana-s.exodus.io
kibana.exodus.io
kibona.a.exodus.io
litecoin-insight.exodus.io
litecoin.a.exodus.io
litecoin.exodus.io
magnifier.exodus.io
marley-d.exodus.io
marley-p.exodus.io
master.compound.exodus.io
metadata.exodus.io
mgmt.aws.exodus.io
monero.prod.aws.exodus.io
nano-timestamps.exodus.io
nano.a.exodus.io
nano.exodus.io
nem.exodus.io
neo-mag-d.a.exodus.io
neo-mag.a.exodus.io
neo.a.exodus.io
neo.exodus.io
neo.prod.aws.exodus.io
neo.stage.aws.exodus.io
netlify.exodus.io
nf.exodus.io
oauth-d.exodus.io
oauth-s.exodus.io
oauth.exodus.io
ont.a.exodus.io
ont.exodus.io
ontexplorer.a.exodus.io
ontexplorer.exodus.io
pm-bounces.exodus.io
price-feed.prod.aws.exodus.io
pricing-d.a.exodus.io
pricing.a.exodus.io
pricing.exodus.io
prod.aws.exodus.io
pta-d.exodus.io
pta-p.exodus.io
pto-d.exodus.io
pto-p.exodus.io
ptp-d.exodus.io
ptp-p.exodus.io
qtum.a.exodus.io
qtum.exodus.io
raven-d.a.exodus.io
raven.exodus.io
remote-config-dev.exodus.io
remote-config.exodus.io
ripple-cl.prod.aws.exodus.io
ripple.a.exodus.io
ripple.exodus.io
safe-report-d.exodus.io
safe-report.exodus.io
sandbox.aws.exodus.io
server.exodus.io
slack-invite.exodus.io
stage.aws.exodus.io
status.exodus.io
support-lt.exodus.io
support.exodus.io
tezos.a.exodus.io
tezos.exodus.io
updates.exodus.io
vertcoin.exodus.io
vet.a.exodus.io
vet.exodus.io
waves.exodus.io
web3.a.exodus.io
www.exchange.exodus.io
www.exodus.io
www.server.exodus.io
xmr.a.exodus.io
xmr.exodus.io
xtz.exodus.io
zcash.a.exodus.io
zcash.exodus.io
zilliqa-p.a.exodus.io
