16-www.fallguys.com
2.fallguys.com
2010.fallguys.com
2012.fallguys.com
2012www.fallguys.com
2014.fallguys.com
america.fallguys.com
antispam.fallguys.com
babymashi.fallguys.com
backup.fallguys.com
brand.fallguys.com
chefwww.fallguys.com
container.fallguys.com
demo.fallguys.com
email.fallguys.com
engine.fallguys.com
fallguys.com
forum.fallguys.com
git.fallguys.com
home.fallguys.com
legal.fallguys.com
mail6.fallguys.com
mailgw.fallguys.com
mailrelay.fallguys.com
merch.fallguys.com
merchwww.fallguys.com
mxs.fallguys.com
nl.fallguys.com
northamerica-www.fallguys.com
oceania.fallguys.com
out.fallguys.com
postmaster.fallguys.com
profile.fallguys.com
proxy.fallguys.com
search.fallguys.com
skins.fallguys.com
smtpauth.fallguys.com
staging.fallguys.com
support.fallguys.com
survery.fallguys.com
survey.fallguys.com
swagger.fallguys.com
turk.fallguys.com
uat.fallguys.com
www-accept.fallguys.com
www-ci.fallguys.com
www-internal.fallguys.com
www-westeurope.fallguys.com
www.fallguys.com
wwwelb.fallguys.com
