0-volt.flocktory.com
001lottothai.flocktory.com
09.15are-distancelearnpre.flocktory.com
09.15are.flocktory.com
123.flocktory.com
125d0136903643e3o.flocktory.com
136-144.flocktory.com
139-3.flocktory.com
143368670318392e6530.flocktory.com
158-174wc-access-staging.staging.flocktory.com
15are.flocktory.com
166-115.flocktory.com
168.227.flocktory.com
1833.demoshop.flocktory.com
192-236.flocktory.com
1c1covid19.flocktory.com
205-0.flocktory.com
20585027p.flocktory.com
21.09.15are.flocktory.com
2125.demoshop.flocktory.com
2174.demoshop.flocktory.com
2177.demoshop.flocktory.com
2178.demoshop.flocktory.com
220-volt.flocktory.com
2287.demoshop.flocktory.com
2652.demoshop.flocktory.com
2747.demoshop.flocktory.com
29186.flocktory.com
2d173.flocktory.com
2d2a6.flocktory.com
2e557.flocktory.com
2fassets.flocktory.com
2fcabinet.faq-staging.staging.flocktory.com
2fwww.flocktory.com
3-staging.staging.flocktory.com
317551.stopcovid19.flocktory.com
3220f.flocktory.com
331551.flocktory.com
34-179c-access-staging.staging.flocktory.com
39441.flocktory.com
4-getavirus-com.getavirus-com.flocktory.com
4-staging.staging.flocktory.com
4beb-adf6-61fd6a6ae241.arialdomartini-gmail-com.flocktory.com
4n.flocktory.com
5-cabinet.staging.flocktory.com
60.demoshop.flocktory.com
7.flocktory.com
8-cabinet.staging.flocktory.com
81.52.flocktory.com
818-v-ironmask.flocktory.com
87.demoshop.flocktory.com
9-staging-cabinet.staging.flocktory.com
9vxtopcovid19.flocktory.com
_cisco-uds._tcp.flocktory.com
_cisco-uds.flocktory.com
_collab-edge._tls.flocktory.com
_collab-edge.flocktory.com
_cuplogin._tcp.flocktory.com
_cuplogin.flocktory.com
_etcd-server-ssl.flocktory.com
_mta-sts.flocktory.com
_target-fulltest.flocktory.com
_tcp.flocktory.com
_tls.flocktory.com
a-distance-4.flocktory.com
a.demoshop.flocktory.com
a.flocktory.com
aapo.flocktory.com
abl.flocktory.com
ablinks.emailcorona.flocktory.com
aboutpresidentabrahamlincoln.flocktory.com
acapi.flocktory.com
access-cabinet.staging.flocktory.com
adamas.flocktory.com
adamaskawanishi.flocktory.com
adamaskaze.flocktory.com
adamaskds221.flocktory.com
adamaskhc744601.flocktory.com
adamaskn19051.flocktory.com
adamaskyoka.flocktory.com
adi.flocktory.com
admin.flocktory.com
advancedsoftedgefoammaskingtape.flocktory.com
adzerk-fix-cabinet.staging.flocktory.com
agriexamask.flocktory.com
aht-ameriprise.flocktory.com
ainara.demoshop.flocktory.com
aipccave.flocktory.com
akamai-test-origin.flocktory.com
akamai-test.flocktory.com
akamai.flocktory.com
akuariummaskoki.flocktory.com
aleks3.flocktory.com
alerts-cabinet.staging.flocktory.com
alisoviejo.flocktory.com
alkafloc-15571-staging.staging.flocktory.com
alpinabook.flocktory.com
alysum.flocktory.com
am.flocktory.com
andabertanyaateismenjawab.flocktory.com
andreaperla.flocktory.com
andromeda2.flocktory.com
angry.flocktory.com
anonymousmask.flocktory.com
antemask.flocktory.com
antoninomauro.flocktory.com
antonio.demoshop.flocktory.com
ap.floc-15364-staging.staging.flocktory.com
api-mm.flocktory.com
api.flocktory.com
api.kube.flocktory.com
app.flocktory.com
apply.mba.flocktory.com
apps.postcheckout-staging.staging.flocktory.com
appsforoffice-edog.flocktory.com
arenaceme.flocktory.com
armantop.flocktory.com
aroundthedistance.flocktory.com
artifacts.dev.flocktory.com
ashish.flocktory.com
asset.flocktory.com
assets.flocktory.com
athleteinfo.flocktory.com
athletics-lps-ca.flocktory.com
atl50.flocktory.com
audiences-fix-cabinet.staging.flocktory.com
auth-fix-cabinet.staging.flocktory.com
auth.flocktory.com
autoconfig.flocktory.com
autodiscover.flocktory.com
automasking.flocktory.com
automated-programs-unauthorized.flocktory.com
autovaccination.flocktory.com
av.flocktory.com
averdadeiraumbanda.flocktory.com
awsdashboard.flocktory.com
b.demoshop.flocktory.com
b.flocktory.com
bamabydistance.flocktory.com
bankofamerica.com.login.update.secure.flocktory.com
baringtheaegis.flocktory.com
basic-nodejs-dev.flocktory.com
basic.flocktory.com
bayanmaskara.flocktory.com
bbs.flocktory.com
bce1f84082daa55e.flocktory.com
bd.flocktory.com
bestlashmascara.flocktory.com
beta-cabinet.flocktory.com
beta-cabinet.staging.flocktory.com
beta-sp.flocktory.com
beta.flocktory.com
betsaida.demoshop.flocktory.com
bge-kernel-panic.flocktory.com
bialystok.flocktory.com
bitfloc-15571-staging.staging.flocktory.com
blackfriday.flocktory.com
blank-biodata-form.flocktory.com
blockdmask.flocktory.com
blog.flocktory.com
blogphunu1.flocktory.com
blogs.flocktory.com
bmix-lon-yp-e4ba0730-1b25-4beb-adf6-61fd6a6ae241.arialdomartini-gmail-com.flocktory.com
bondgirlmascara.flocktory.com
bork.flocktory.com
botmask.flocktory.com
braininfection.flocktory.com
builder.flocktory.com
bukatopengmu07.flocktory.com
buttonmotionmask.flocktory.com
c-domain__target-fulltest.flocktory.com
c-domain__target-petshopmaskan.flocktory.com
c.flocktory.com
cabinet.15670-utm-tooltip-staging.staging.flocktory.com
cabinet.adzerk-staging.staging.flocktory.com
cabinet.app-exchange-staging.staging.flocktory.com
cabinet.application-name-staging.staging.flocktory.com
cabinet.banners-staging.staging.flocktory.com
cabinet.beta-staging.staging.flocktory.com
cabinet.blacklist-beta-staging.staging.flocktory.com
cabinet.bootstrap-staging.staging.flocktory.com
cabinet.campaigns-map-staging.staging.flocktory.com
cabinet.categories-staging-master.staging.flocktory.com
cabinet.categories-staging.staging.flocktory.com
cabinet.cookies-test-staging.staging.flocktory.com
cabinet.editro-dnd-staging.staging.flocktory.com
cabinet.email-staging.staging.flocktory.com
cabinet.exchange-staging.staging.flocktory.com
cabinet.exchange-workflow-staging.staging.flocktory.com
cabinet.exclusions-concept-staging.staging.flocktory.com
cabinet.faq-staging.staging.flocktory.com
cabinet.feed-staging.staging.flocktory.com
cabinet.fix-blur-staging.staging.flocktory.com
cabinet.fix-notes-staging.staging.flocktory.com
cabinet.flights-staging.staging.flocktory.com
cabinet.floc-12179-xpush-staging.staging.flocktory.com
cabinet.floc-12904-staging.staging.flocktory.com
cabinet.floc-14287-staging.staging.flocktory.com
cabinet.floc-15043-staging.staging.flocktory.com
cabinet.floc-15062-staging.staging.flocktory.com
cabinet.floc-15103-staging.staging.flocktory.com
cabinet.floc-15110-staging.staging.flocktory.com
cabinet.floc-15151-staging.staging.flocktory.com
cabinet.floc-15184-staging.staging.flocktory.com
cabinet.floc-15230-staging.staging.flocktory.com
cabinet.floc-15361-staging.staging.flocktory.com
cabinet.floc-15361-staging.staging.maskan.flocktory.com
cabinet.floc-15364-staging.staging.flocktory.com
cabinet.floc-15544-staging.staging.flocktory.com
cabinet.floc-15571-staging.staging.flocktory.com
cabinet.floc-15581-staging.staging.flocktory.com
cabinet.floc-15600-staging.staging.flocktory.com
cabinet.floc-15615-staging.staging.flocktory.com
cabinet.floc-15616-staging.staging.flocktory.com
cabinet.floc-15623-staging.staging.flocktory.com
cabinet.floc-15672-staging.staging.flocktory.com
cabinet.floc-15693-staging.staging.flocktory.com
cabinet.floc-15710-staging.staging.flocktory.com
cabinet.floc-15747-staging.staging.flocktory.com
cabinet.floc-15759-staging.staging.flocktory.com
cabinet.floc-15778-staging.staging.flocktory.com
cabinet.floc-15938-staging.staging.flocktory.com
cabinet.floc-15944-staging.staging.flocktory.com
cabinet.floc-15947-staging.staging.flocktory.com
cabinet.floc-15960-staging.staging.flocktory.com
cabinet.floc-15974-staging.staging.flocktory.com
cabinet.floc-16018-staging.staging.flocktory.com
cabinet.floc-16024-hotkeys-staging.staging.flocktory.com
cabinet.floc-16027-staging.staging.flocktory.com
cabinet.floc-16039-staging.staging.flocktory.com
cabinet.floc-16116-staging.staging.flocktory.com
cabinet.floc-16133-staging.staging.flocktory.com
cabinet.floc-16135-staging.staging.flocktory.com
cabinet.floc-16148-staging.staging.flocktory.com
cabinet.floc-16224-staging.staging.flocktory.com
cabinet.floc-16233-staging.staging.flocktory.com
cabinet.floc-16252-16253-staging.staging.flocktory.com
cabinet.floc-16364-hotfix-staging.staging.flocktory.com
cabinet.floc-16471-staging.staging.flocktory.com
cabinet.floc-16522-staging.staging.flocktory.com
cabinet.floc-16551-staging.staging.flocktory.com
cabinet.floc-16599-staging.staging.flocktory.com
cabinet.floc-16742-staging.staging.flocktory.com
cabinet.floc-16814-staging.staging.flocktory.com
cabinet.floc-16823-staging.staging.flocktory.com
cabinet.floc-16882-staging.staging.flocktory.com
cabinet.floc-16995-staging.staging.flocktory.com
cabinet.floc-17106-staging.staging.flocktory.com
cabinet.floc-17111-staging.staging.flocktory.com
cabinet.floc-17237-staging.staging.flocktory.com
cabinet.floc-17424-staging.staging.flocktory.com
cabinet.floc-17462-staging.staging.flocktory.com
cabinet.floc-17463-staging.staging.flocktory.com
cabinet.floc-17539-staging.staging.flocktory.com
cabinet.floc-17633-staging.staging.flocktory.com
cabinet.floc-17706-staging.staging.flocktory.com
cabinet.floc-17840-staging.staging.flocktory.com
cabinet.floc-17898-staging.staging.flocktory.com
cabinet.floc-17911-staging.staging.flocktory.com
cabinet.floc-18066-staging.staging.flocktory.com
cabinet.floc-18111-staging.staging.flocktory.com
cabinet.floc-18160-staging.staging.flocktory.com
cabinet.floc-18432-staging.staging.flocktory.com
cabinet.floc-18459-staging.staging.flocktory.com
cabinet.floc-19293-staging.staging.flocktory.com
cabinet.floc-19294-staging.staging.flocktory.com
cabinet.floc-19300-staging.staging.flocktory.com
cabinet.floc-19350-staging.staging.flocktory.com
cabinet.floc-19969-staging.staging.flocktory.com
cabinet.floc-19999-staging.staging.flocktory.com
cabinet.floc-20508-staging.staging.flocktory.com
cabinet.floc-20832-staging.staging.flocktory.com
cabinet.flocktory.com
cabinet.geo-overhead-staging.staging.flocktory.com
cabinet.integration-staging.staging.corona-pad4.flocktory.com
cabinet.integration-staging.staging.flocktory.com
cabinet.integrity-ui-staging.staging.flocktory.com
cabinet.library-staging.staging.flocktory.com
cabinet.me-bug-staging.staging.flocktory.com
cabinet.me-staging.staging.flocktory.com
cabinet.menu-staging.staging.flocktory.com
cabinet.mm-segments-staging.staging.flocktory.com
cabinet.mm-staging.staging.flocktory.com
cabinet.new-login-staging.staging.flocktory.com
cabinet.nginx-staging.staging.flocktory.com
cabinet.no-task-error-staging.staging.flocktory.com
cabinet.offline-billing-staging.staging.flocktory.com
cabinet.ops-237-staging.staging.flocktory.com
cabinet.optin-trigger-staging.staging.flocktory.com
cabinet.percent-staging.staging.flocktory.com
cabinet.picasso-staging.staging.flocktory.com
cabinet.postcheckout-staging.staging.flocktory.com
cabinet.postcheckout-tracking-logs-staging.staging.flocktory.com
cabinet.precheckout-staging.staging.flocktory.com
cabinet.preview-editor-staging.staging.flocktory.com
cabinet.push-email-hint-staging.staging.flocktory.com
cabinet.r-staging.staging.flocktory.com
cabinet.react-staging.staging.flocktory.com
cabinet.request-staging.staging.flocktory.com
cabinet.ruby-staging.staging.flocktory.com
cabinet.send-new-account-email-staging.staging.flocktory.com
cabinet.sequence-templates-staging.staging.flocktory.com
cabinet.service-emails-via-mailjet-staging.staging.flocktory.com
cabinet.spn-staging.staging.flocktory.com
cabinet.sponsored-emails-workflow-staging.staging-virus0316.flocktory.com
cabinet.sponsored-emails-workflow-staging.staging.flocktory.com
cabinet.sponsored-xmail-staging.staging.flocktory.com
cabinet.spp-staging.staging.flocktory.com
cabinet.staging.flocktory.com
cabinet.temp-staging.staging.flocktory.com
cabinet.templates-staging.staging.flocktory.com
cabinet.titles-staging.staging.flocktory.com
cabinet.tooltip-hotfix-staging.staging.flocktory.com
cabinet.traffic-staging.staging.flocktory.com
cabinet.try-log-staging.staging.flocktory.com
cabinet.wc-access-staging.staging.flocktory.com
cabinet.webpack-staging.staging.flocktory.com
cabinet.xmail-reminder-staging.staging.flocktory.com
cabinet.xmail-staging.staging.flocktory.com
cae-lenvol-dijon.flocktory.com
calendar-cabinet.staging.flocktory.com
calendar-fix-cabinet.staging.flocktory.com
calendar-hotfix-cabinet.staging.flocktory.com
camel.flocktory.com
campaign-map-fix-cabinet.staging.flocktory.com
careers.flocktory.com
cbsms01-cberloc-15571-staging.staging.flocktory.com
cdg3.flocktory.com
cdn.flocktory.com
cdq-api.flocktory.com
cegtic.flocktory.com
centrocorona.flocktory.com
cert.flocktory.com
certificate.flocktory.com
cfca25a8-68d6-4707-a2bd-a313d6fba15e.harmaskonyv-fogado.flocktory.com
cglobal.flocktory.com
check.flocktory.com
chemodan.flocktory.com
cholesteroladminphotomania-floc-16039-staging.staging.flocktory.com
chozo.flocktory.com
ci.corona.flocktory.com
cialisprice.flocktory.com
cihangir.demoshop.flocktory.com
cim-api-dev.flocktory.com
cim-api-qa.flocktory.com
cim-api-uat.flocktory.com
cim-api.flocktory.com
cim-data-quality-qa.flocktory.com
cim-dev.flocktory.com
cim-geo-dev.flocktory.com
citrix.flocktory.com
civilairpatrol.flocktory.com
click.flocktory.com
client.flocktory.com
clients.flocktory.com
cloud.flocktory.com
cm.flocktory.com
cname.flocktory.com
coachadistance.flocktory.com
cod-servicebyharleymassimokorona.flocktory.com
code.flocktory.com
coffeemal5emplates-staging.staging.flocktory.com
collab.flocktory.com
collegeporn.flocktory.com
colormask.flocktory.com
components-ui-cabinet.staging.flocktory.com
con-wad02ahrvergnugentemplates-staging.staging.flocktory.com
conditional-report-cabinet.staging.flocktory.com
consul.dev.flocktory.com
consul.flocktory.com
corona-locksmith.flocktory.com
corona-pad3.flocktory.com
corona-target-technopark.flocktory.com
corona.canary.production.flocktory.com
corona13.flocktory.com
corona3.flocktory.com
coronaextra.flocktory.com
coronamexicocom.flocktory.com
coronanachrichten.flocktory.com
coronaonfluence.law.api.flocktory.com
coronapinhooking.flocktory.com
covd.flocktory.com
covid1996.flocktory.com
cp.flocktory.com
cp.icp2.mpp.extranet.flocktory.com
cpanel.33.api.api.respiratory.atp.flocktory.com
cpanel.42.integrity-ui-staging.staging-api.respiratory.atp.flocktory.com
cpanel.42.integrity-ui-staging.stagingapi.respiratory.atp.flocktory.com
cpanel.am.philips.mask.flocktory.com
cpanel.ao.floc-12904-staging.floc-17463-staging.flocktory.com
cpanel.ao.floc-12904-staging.staging-mascara.flocktory.com
cpanel.at.integration-staging.staging.mascara.flocktory.com
cpanel.be.philips.corona.flocktory.com
cpanel.comask.flocktory.com
cpanel.dh.optin-trigger-webpack-staging.webpack-staging-virus.flocktory.com
cpanel.eo-api.respiratory.atp.flocktory.com
cpanel.flocktory.com
cpanel.m.sikorski.reports.flocktory.com
cppm-prd2.flocktory.com
crm.flocktory.com
cs.flocktory.com
cs837530.flocktory.com
ctmask.flocktory.com
ctwitter.flocktory.com
cust122.flocktory.com
cust48.flocktory.com
cust76.flocktory.com
cust97.flocktory.com
customers.flocktory.com
cuvidstream1.flocktory.com
cveapi.flocktory.com
cycling.flocktory.com
d2015.flocktory.com
daffamp3.flocktory.com
danieapp.flocktory.com
danil.demoshop.flocktory.com
data00.flocktory.com
database1.flocktory.com
db.flocktory.com
dc.flocktory.com
de.flocktory.com
demo.flocktory.com
demoshop.flocktory.com
demoshop1.flocktory.com
detenganlavacuna.flocktory.com
dev.flocktory.com
dev.virtualtour.flocktory.com
dev1.poise.mx.flocktory.com
dev3.flocktory.com
dhimaskirana.flocktory.com
dimasya.flocktory.com
distance-piece.flocktory.com
distanceeducation.flocktory.com
distanceinstitute.flocktory.com
distancelearnapi.flocktory.com
distancelearnprearget-dochkisinochki.flocktory.com
distancelearnpreooking.flocktory.com
distancemind.flocktory.com
distribution.flocktory.com
distributionmaskan.flocktory.com
dnm.flocktory.com
dns.flocktory.com
dns1.flocktory.com
dns2.flocktory.com
docentes.flocktory.com
dochkisinochki.flocktory.com
docker.dev.flocktory.com
docker.flocktory.com
documentos.flocktory.com
dog-breeding.flocktory.com
dogfood-dev.flocktory.com
dogstore.update.secure.flocktory.com
domainnamelockdown.flocktory.com
download.flocktory.com
doyan99.flocktory.com
doyouthink.flocktory.com
dr.integrity-ui-staging.staging.virus0316.flocktory.com
dramaskfan.flocktory.com
dyn.flocktory.com
e.flocktory.com
eapteka.flocktory.com
eb23ddinis-m.flocktory.com
ebolainfection.flocktory.com
ecolivaccine.flocktory.com
edge-mask.flocktory.com
edge.flocktory.com
editro-ace-cabinet.staging.flocktory.com
editro-ace-new-cabinet.staging.flocktory.com
editro-bug-cabinet.staging.flocktory.com
educadigital.flocktory.com
ee.flocktory.com
eforum.flocktory.com
eks.flocktory.com
elastic.flocktory.com
elite.flocktory.com
em.flocktory.com
email.flocktory.com
email2.quarantine.flocktory.com
emailquarantine.flocktory.com
emails.flocktory.com
en.flocktory.com
engrishforum.flocktory.com
enter.flocktory.com
errors-cabinet.staging.flocktory.com
eset.flocktory.com
eshiponline.flocktory.com
esky.flocktory.com
esthetedemule.flocktory.com
estrutura.flocktory.com
esy-cas1.flocktory.com
etacovda.flocktory.com
eu.quarantine.flocktory.com
ew54384r9atcg3wc-access-staging.staging.flocktory.com
exchange-emails-fix-cabinet.staging.flocktory.com
exchange.flocktory.com
exr01.flocktory.com
facmask.flocktory.com
fairpoker88.flocktory.com
faq-staging.staging.flocktory.com
fboni.flocktory.com
fbsigprocmask.flocktory.com
fetch-segment-schema-hotfix-cabinet.staging.flocktory.com
fixes-cabinet.staging.flocktory.com
floc-15571-staging.staging.flocktory.com
floc-16039-staging.staging.flocktory.com
floc-16882-staging.staging.flocktory.com
floc-17428-cabinet.staging.flocktory.com
floc-17834-cabinet.staging.flocktory.com
floc-17932-cabinet.staging.flocktory.com
floc-18228-cabinet.staging.flocktory.com
floc-18229-staging-cabinet.staging.flocktory.com
floc-18255-cabinet.staging.flocktory.com
floc-18347-cabinet.staging.flocktory.com
floc-18370-cabinet.staging.flocktory.com
floc-18386-cabinet.staging.flocktory.com
floc-18390-cabinet.staging.flocktory.com
floc-18471-cabinet.staging.flocktory.com
floc-18524-cabinet.staging.flocktory.com
floc-18561-cabinet.staging.flocktory.com
floc-18574-cabinet.staging.flocktory.com
floc-18608-cabinet.staging.flocktory.com
floc-18657-cabinet.staging.flocktory.com
floc-18658-cabinet.staging.flocktory.com
floc-18692-cabinet.staging.flocktory.com
floc-18718-cabinet.staging.flocktory.com
floc-18719-cabinet.staging.flocktory.com
floc-18752-cabinet.staging.flocktory.com
floc-18814-cabinet.staging.flocktory.com
floc-18945-cabinet.staging.flocktory.com
floc-18946-cabinet.staging.flocktory.com
floc-18981-cabinet.staging.flocktory.com
floc-19140-cabinet.staging.flocktory.com
floc-19167-cabinet.staging.flocktory.com
floc-19177-cabinet.staging.flocktory.com
floc-19187-cabinet.staging.flocktory.com
floc-19281-cabinet.staging.flocktory.com
floc-19307-cabinet.staging.flocktory.com
floc-19329-cabinet.staging.flocktory.com
floc-19335-cabinet.staging.flocktory.com
floc-19431-cabinet.staging.flocktory.com
floc-19438-cabinet.staging.flocktory.com
floc-19524-cabinet.staging.flocktory.com
floc-19535-cabinet.staging.flocktory.com
floc-19552-cabinet.staging.flocktory.com
floc-19555-cabinet.staging.flocktory.com
floc-19599-cabinet.staging.flocktory.com
floc-19675-cabinet.staging.flocktory.com
floc-19744-cabinet.staging.flocktory.com
floc-19746-cabinet.staging.flocktory.com
floc-19817-cabinet.staging.flocktory.com
floc-19825-cabinet.staging.flocktory.com
floc-19855-cabinet.staging.flocktory.com
floc-19956-cabinet.staging.flocktory.com
floc-19956-hotfix-cabinet.staging.flocktory.com
floc-19961-cabinet.staging.flocktory.com
floc-20059-cabinet.staging.flocktory.com
floc-20124-cabinet.staging.flocktory.com
floc-20125-cabinet.staging.flocktory.com
floc-20183-cabinet.staging.flocktory.com
floc-20203-cabinet.staging.flocktory.com
floc-20237-cabinet.staging.flocktory.com
floc-20387-cabinet.staging.flocktory.com
floc-20389-cabinet.staging.flocktory.com
floc-20438-cabinet.staging.flocktory.com
floc-20458-cabinet.staging.flocktory.com
floc-20471-cabinet.staging.flocktory.com
floc-20514-cabinet.staging.flocktory.com
floc-20563-cabinet.staging.flocktory.com
floc-20619-cabinet.staging.flocktory.com
floc-20620-cabinet.staging.flocktory.com
floc-20633-cabinet.staging.flocktory.com
floc-20682-cabinet.staging.flocktory.com
floc-20693-cabinet.staging.flocktory.com
floc-20717-cabinet.staging.flocktory.com
floc-20723-cabinet.staging.flocktory.com
floc-20741-cabinet.staging.flocktory.com
floc-20776-cabinet.staging.flocktory.com
flocktory.com
flocktory.comdistancelearnpre.flocktory.com
flovv.flocktory.com
fluvaccine.flocktory.com
fo3.flocktory.com
fonbetatemplates-staging.staging.flocktory.com
foo.flocktory.com
foodvaccine.flocktory.com
forex-bcs.flocktory.com
forexbiddinbcs.flocktory.com
forum.flocktory.com
forums.flocktory.com
frankeringsmaskin.flocktory.com
free6.flocktory.com
friendsoflafayette.flocktory.com
ftp.flocktory.com
fulltest.flocktory.com
fundgrube.flocktory.com
fw.flocktory.com
ga.flocktory.com
gac-rds-external-readonly-preprod.flocktory.com
gac-rds-external-readonly.flocktory.com
gcom-product-find-dev.flocktory.com
gcom-product-find-qa.flocktory.com
gcs4.flocktory.com
gentlemanlike.flocktory.com
gesta.flocktory.com
gestion-integracion-empleado.flocktory.com
getavirus-com.flocktory.com
ghostfacemask.flocktory.com
gifts.flocktory.com
git.flocktory.com
gitlab.flocktory.com
gitleaks-cabinet.staging.flocktory.com
gmwiki.flocktory.com
go.flocktory.com
godo128311-wc-access-staging.staging.flocktory.com
godogodo-023ry-wc-access-staging.staging.flocktory.com
gold.flocktory.com
gold24.flocktory.com
gosso.flocktory.com
gothedistance.flocktory.com
grafana.dev.flocktory.com
groupon.flocktory.com
gsgroup.flocktory.com
gu-tworzy.flocktory.com
gui.flocktory.com
guia.flocktory.com
gw.flocktory.com
gws-api-sandbox.flocktory.com
gws-dev.flocktory.com
gws-qa.flocktory.com
gws-rds-external-readonly-uat.flocktory.com
gws-uat.flocktory.com
gws.flocktory.com
h2omask.flocktory.com
hannah74.flocktory.com
hare.flocktory.com
headstrongloc-15571-staging.staging.flocktory.com
helityponeocovidevdealerwaress.sa.flocktory.com
help-cabinet.staging.flocktory.com
help-link-extended-cabinet.staging.flocktory.com
help-new-cabinet.staging.flocktory.com
help.flocktory.com
hernawatisamlosir.flocktory.com
home.flocktory.com
host.flocktory.com
hostmaster.flocktory.com
hotfix-exchange-extra-cabinet.staging.flocktory.com
hotfix-exchange-fields-cabinet.staging.flocktory.com
hotfix-image-preview-cabinet.staging.flocktory.com
hotfix-nameless-campaigns-cabinet.staging.flocktory.com
hpp.flocktory.com
hq.flocktory.com
hshare.flocktory.com
httpbin.flocktory.com
hulpopafstand.flocktory.com
humblechic.flocktory.com
huss.flocktory.com
hydrowash.flocktory.com
i69.flocktory.com
iam.flocktory.com
ibk-ea.flocktory.com
icemask.flocktory.com
iktisatbilgisi.flocktory.com
ilja.demoshop.flocktory.com
images.flocktory.com
imap.flocktory.com
img.flocktory.com
img.sib.flocktory.com
inallar.flocktory.com
inbound.flocktory.com
infection-resources.co.flocktory.com
infection.flocktory.com
infektion.flocktory.com
info.flocktory.com
integrity-backfill-hotfix-cabinet.staging.flocktory.com
integrity.flocktory.com
interferon.flocktory.com
ion-audio.flocktory.com
ip.flocktory.com
ipv6.flocktory.com
islamtoday.flocktory.com
isob-samba.flocktory.com
it.flocktory.com
jiexi.flocktory.com
jira.ad.emaskja.flocktory.com
jmask.flocktory.com
job.flocktory.com
jobs.flocktory.com
jquery-validation-cabinet.staging.flocktory.com
jsapi.local.dev.flocktory.com
json-fix-cabinet.staging.flocktory.com
just.flocktory.com
jy_7-wc-access-staging.staging.flocktory.com
k8s.flocktory.com
kafka-connect.flocktory.com
kaspersky-anti-virus.en.flocktory.com
keycodemask.flocktory.com
kilby.flocktory.com
kistiemafloc-15571-staging.staging.flocktory.com
kitchenscience.flocktory.com
knowledgemanagement.flocktory.com
komus.flocktory.com
koronaii.flocktory.com
koronakrolow.vod.flocktory.com
koujiyacamera.flocktory.com
krefeld.flocktory.com
kronosweb.flocktory.com
ks-inventory-api.flocktory.com
ks-invoice-api.flocktory.com
ks-limits-api.flocktory.com
ks-order-api.flocktory.com
ks-program-api.flocktory.com
ks-vendingtransactions-mq0.flocktory.com
ks-vendingtransactions-mq1.flocktory.com
ks-vendingtransactions-mq2.flocktory.com
ks-vendingtransactions-mq3.flocktory.com
ks-vendingtransactions-mq4.flocktory.com
kubernetes.flocktory.com
kuikensonline.flocktory.com
kulikov.flocktory.com
kunstimuuseum.flocktory.com
l13nypool01.ny.flocktory.com
l3dloc-15571-staging.staging.flocktory.com
lacouronne.flocktory.com
ladies-gentlemen.flocktory.com
lamilanorossonera.flocktory.com
laredoute.flocktory.com
lenobl.flocktory.com
letraecia.flocktory.com
lhc.flocktory.com
lhr52.flocktory.com
linebook.flocktory.com
list-cabinet.staging.flocktory.com
list-optimization-cabinet.staging.flocktory.com
list-optimization-wo-tooltip-cabinet.staging.flocktory.com
lists.flocktory.com
liuchiu.flocktory.com
livedrive.flocktory.com
liveuamapcom.flocktory.com
liveupdate.flocktory.com
loc-15571-staging.staging.flocktory.com
localhost.flocktory.com
loccitane.flocktory.com
lockdown1.flocktory.com
lockdownteam.flocktory.com
login.flocktory.com
logout-cabinet.staging.flocktory.com
longdistancemoving.flocktory.com
longdistancetelephone.flocktory.com
lshop.flocktory.com
lsoma.flocktory.com
ludin.flocktory.com
lujaiguej.flocktory.com
lulkovich.flocktory.com
lunpandemimi.flocktory.com
luppachhof.flocktory.com
m.220-volt.flocktory.com
m.cod-servicebyharleymassimokorona.flocktory.com
m.distance.flocktory.com
m.flocktory.com
m.gosso.flocktory.com
m.sapporovaccine.flocktory.com
m2.220-volt.flocktory.com
m2.alpinabook.flocktory.com
mail.flocktory.com
mail1.flocktory.com
mail2.flocktory.com
mailserver.flocktory.com
main-page-cabinet.staging.flocktory.com
manuelashopping.flocktory.com
mascara-tutankhamon-microsite.flocktory.com
mascara1-bce1f84082daa55e.flocktory.com
mask13.flocktory.com
mask9.flocktory.com
maska.flocktory.com
maskable.flocktory.com
maskakone.flocktory.com
maskalonge.flocktory.com
maskcara.flocktory.com
maskdorei.blog66.flocktory.com
masked-tk.flocktory.com
maskedfp.flocktory.com
maskevin.flocktory.com
maskfishing.blog73.flocktory.com
maskgift.en.flocktory.com
maskilimpublishing.flocktory.com
maskingdom.flocktory.com
maskkwon.flocktory.com
maskman626.flocktory.com
maskofgoblin.flocktory.com
maskola.flocktory.com
maskottchen.flocktory.com
maskworld.flocktory.com
mba.flocktory.com
mdm.flocktory.com
mebelpintujepara.flocktory.com
media.flocktory.com
mellamaskayla.flocktory.com
mento.flocktory.com
menu-fixes-cabinet.staging.flocktory.com
menu-items-fix-cabinet.staging.flocktory.com
merchandising-preview.flocktory.com
metrics.dev.flocktory.com
metrics.flocktory.com
mgm-cabinet.staging.flocktory.com
miami.flocktory.com
middle-distance-classic.flocktory.com
millionmaskmarch.flocktory.com
mindenkimaskeppegyforma.flocktory.com
minmaskin.flocktory.com
ml.flocktory.com
mm-fail-cabinet.staging.flocktory.com
mm-segments-cabinet.staging.flocktory.com
mm.flocktory.com
mobile-rest.flocktory.com
mobile.flocktory.com
mongo.flocktory.com
mongodb.flocktory.com
monitor.dev.flocktory.com
montebellosulsangro-ch.flocktory.com
mosigra.flocktory.com
mr-salvi.flocktory.com
mrmasking.flocktory.com
mssql.flocktory.com
mta-sts.flocktory.com
mtl.categories-staging.staging.flocktory.com
muhunupothamuluthange.flocktory.com
mutual-exclusions-cabinet.staging.flocktory.com
mvctutorialsandguides.flocktory.com
mx-api.flocktory.com
mx.flocktory.com
mx01.flocktory.com
mx1.flocktory.com
mx2.flocktory.com
my.flocktory.com
mysql.flocktory.com
mytoys.flocktory.com
mzaidan.flocktory.com
nanovaccine.flocktory.com
nationalcareersservice.flocktory.com
navcms.flocktory.com
neringosuzrasai.flocktory.com
new-ui-cabinet.staging.flocktory.com
new.flocktory.com
newmask.flocktory.com
news.flocktory.com
nexus.flocktory.com
nexus3.flocktory.com
nginx-newest.flocktory.com
nginx-newest1.flocktory.com
nginx.flocktory.com
nl.afstand-meten.flocktory.com
nl.flocktory.com
no-task-bracketsameline-cabinet.staging.flocktory.com
no-task-build-cabinet.staging.flocktory.com
no-task-consent-cabinet.staging.flocktory.com
no-task-error-staging.staging.flocktory.com
no-task-tests-cabinet.staging.flocktory.com
no-task-textarea-fixes-cabinet.staging.flocktory.com
no-user-voice-cabinet.staging.flocktory.com
nodejs-dev.flocktory.com
nodejs.flocktory.com
nodestaging.flocktory.com
non-prod.flocktory.com
not-task-cabinet.staging.flocktory.com
ns.flocktory.com
ns1.flocktory.com
ns2.flocktory.com
ns3.flocktory.com
ns4.flocktory.com
ntagil.flocktory.com
o1.em.flocktory.com
objectlockdown.flocktory.com
october-2017.flocktory.com
office.flocktory.com
okta.flocktory.com
old.flocktory.com
omaskaluggage.en.flocktory.com
omathewson.flocktory.com
onlinedistance.flocktory.com
onlineshop2.flocktory.com
ontel.flocktory.com
ops-173-cabinet.staging.flocktory.com
ops-237-cabinet.staging.flocktory.com
orders-fix-cabinet.staging.flocktory.com
orders-state-cabinet.staging.flocktory.com
orders.flocktory.com
osda.flocktory.com
outlook.flocktory.com
output61.flocktory.com
overdracht.flocktory.com
owa.flocktory.com
paket-tour-ke-bali.flocktory.com
pandemia.flocktory.com
paper-shop.flocktory.com
pattayaonemediagroup.flocktory.com
pb.flocktory.com
pelenka.flocktory.com
pencarrieukl.flocktory.com
permascara.flocktory.com
petshop.flocktory.com
picasso-cabinet.staging.flocktory.com
piumosso.flocktory.com
plagueinc.flocktory.com
platform-virus0316.flocktory.com
pluricon.flocktory.com
pokervip88.flocktory.com
ponominalu.flocktory.com
ponominaludistancelearnpre.flocktory.com
pop.flocktory.com
pop3.flocktory.com
pormask.flocktory.com
portal.flocktory.com
poskj.flocktory.com
postcheckout-variation-fix-cabinet.staging.flocktory.com
postmaster.flocktory.com
potensidirimu.flocktory.com
potereaipiccoli.flocktory.com
pre-prod.flocktory.com
pre.flocktory.com
precheckout-shows-cabinet.staging.flocktory.com
preonline.flocktory.com
preprod05.flocktory.com
preview.flocktory.com
prizedraw.flocktory.com
pro-berdyansk-info.flocktory.com
pronys-zamaska.flocktory.com
proskater.flocktory.com
prova-floc-16039-staging.staging.flocktory.com
proxy.flocktory.com
pt3.flocktory.com
pub-distance.flocktory.com
publishing-catalog.flocktory.com
publishing-preview.flocktory.com
pureclaymask.flocktory.com
push.flocktory.com
pvcmaskkousoku.blog43.flocktory.com
qa4.flocktory.com
qiwibonus.flocktory.com
qlean.flocktory.com
quarantaine.flocktory.com
quarantine-leg.flocktory.com
quarantine51.flocktory.com
quick-heal-anti-virus.en.flocktory.com
r.sib.flocktory.com
raclettegrill.flocktory.com
randallstown.flocktory.com
rasha.flocktory.com
rdv-04.flocktory.com
read.flocktory.com
recvoid.flocktory.com
redken.flocktory.com
regapi.flocktory.com
regierungsprogramm.flocktory.com
remote.flocktory.com
reparatiitermopane-bucuresti.flocktory.com
reporthub.flocktory.com
reports-hotfix-cabinet.staging.flocktory.com
reports.flocktory.com
reports.internal.flocktory.com
requarantine.flocktory.com
resetmask.flocktory.com
respiratorycare.flocktory.com
retail.flocktory.com
revert-63-floc-18814-cabinet.staging.flocktory.com
reviews.flocktory.com
rfmaska.flocktory.com
riflescope.flocktory.com
rimaskoli.flocktory.com
rks-corp6.flocktory.com
robuxhack.flocktory.com
root.flocktory.com
roseltorg.flocktory.com
rriemplates-staging.staging.flocktory.com
rrqfpa.flocktory.com
rx.flocktory.com
s1424atemplates-staging.staging.flocktory.com
s7.flocktory.com
schodek.flocktory.com
sciachimica.flocktory.com
sdce-virus3.flocktory.com
search-link-hotfix-cabinet.staging.flocktory.com
searchportal-dev.flocktory.com
searchportal-qa.flocktory.com
searchportal.flocktory.com
sector-floc-16039-staging-840-floc-15571-staging.staging.flocktory.com
secure.flocktory.com
securev3.flocktory.com
select-date-hotfix-cabinet.staging.flocktory.com
selenium-cabinet.staging.flocktory.com
sembositech.flocktory.com
sender6p5.flocktory.com
sephora.api.flocktory.com
sephora.flocktory.com
server.flocktory.com
server1.flocktory.com
servers.flocktory.com
sets.flocktory.com
severnaya-korona.flocktory.com
share.flocktory.com
share.flocktory.comshare.flocktory.com
shop-philips.flocktory.com
shop.flocktory.com
shop.philips.flocktory.com
shophair.flocktory.com
shubaka.flocktory.com
sib.flocktory.com
sifec.flocktory.com
signin.flocktory.com
signup.flocktory.com
silvermask.flocktory.com
simpleseo.flocktory.com
sip.flocktory.com
sippool.flocktory.com
sitecore.flocktory.com
siteintercept.flocktory.com
skininfection.flocktory.com
skycontrol.flocktory.com
sleepmask.flocktory.com
slotuk.flocktory.com
smartmaps.flocktory.com
smtp.flocktory.com
snakesentence.flocktory.com
sni114597.flocktory.com
sni117024.flocktory.com
sni135742.flocktory.com
sni136780.flocktory.com
sni150966.flocktory.com
sni151565.flocktory.com
sni151831.flocktory.com
sni152590.flocktory.com
sni152660.flocktory.com
sni154513.flocktory.com
sni156380.flocktory.com
sni161777.flocktory.com
sni163635.flocktory.com
sni170755.flocktory.com
sni190106.flocktory.com
sni193964.flocktory.com
sni196841.flocktory.com
sni200884.flocktory.com
sni210134.flocktory.com
sni217282.flocktory.com
sni217370.flocktory.com
sni228623.flocktory.com
sni23135.flocktory.com
sni232352.flocktory.com
sni240356.flocktory.com
sni248564.flocktory.com
sni30324.flocktory.com
sni33538.flocktory.com
sni41327.flocktory.com
sni69862.flocktory.com
sni796747.flocktory.com
sni9960.flocktory.com
snie.flocktory.com
sonar-cabinet.staging.flocktory.com
sp.flocktory.com
spain.demoshop.flocktory.com
spain1.demoshop.flocktory.com
spain2.demoshop.flocktory.com
spain3.demoshop.flocktory.com
spain4.demoshop.flocktory.com
spain6.demoshop.flocktory.com
spf.flocktory.com
spinnaker-api.flocktory.com
spinnaker.flocktory.com
spocscl.flocktory.com
spookymrsboo.flocktory.com
spreadreward.flocktory.com
springmask.flocktory.com
sql.flocktory.com
ssl.flocktory.com
sslvpn.flocktory.com
sso.flocktory.com
stage.flocktory.com
staging.flocktory.com
staging.staging.flocktory.com
static.flocktory.com
stats.flocktory.com
stemcellmask.flocktory.com
stoeff.flocktory.com
store.flocktory.com
storybook.flocktory.com
sul.flocktory.com
summeradmin.flocktory.com
sunpop.flocktory.com
sup-16162-cabinet.staging.flocktory.com
support.flocktory.com
svampinfektion.flocktory.com
svyasnoy.flocktory.com
svyaznoy.flocktory.com
tapi.flocktory.com
technopark.flocktory.com
teekaewpreecha2555.flocktory.com
temp-asfaleies.asfaleies.flocktory.com
templates-cabinet.staging.flocktory.com
templates-list-fix-cabinet.staging.flocktory.com
tender.flocktory.com
test-cabinet.staging.flocktory.com
test.flocktory.com
test2.flocktory.com
test3.flocktory.com
testkitchen.flocktory.com
testkitdesigner3.flocktory.com
thanhvo.flocktory.com
the-mask.flocktory.com
the-red-queen.flocktory.com
theatreenliberte.flocktory.com
thecodegeneral.flocktory.com
thecon.flocktory.com
themaskedmoron.flocktory.com
theoutlet.flocktory.com
thomaskindlon.flocktory.com
thomaskinkade.flocktory.com
thomaskonrad.flocktory.com
titanmaskin.flocktory.com
tls.flocktory.com
tom-tailor-online.flocktory.com
tomaskoren.flocktory.com
tomb-of-the-mask.en.flocktory.com
tools.flocktory.com
torimaskepp.flocktory.com
toy.flocktory.com
training.flocktory.com
transacional.flocktory.com
trovacinema.flocktory.com
tsmaskin.flocktory.com
tstats.flocktory.com
ttochappira.flocktory.com
turismoona-www.mvacunah.flocktory.com
turkey.demoshop.flocktory.com
tx.flocktory.com
ui-cabinet.staging.flocktory.com
ui-refactor-cabinet.staging.flocktory.com
uk.flocktory.com
ukpd.flocktory.com
unauthorized.flocktory.com
upload.flocktory.com
us-east-1.flocktory.com
us-east.flocktory.com
usb-shortcut-virus-remover.en.flocktory.com
useast.flocktory.com
used-uk.flocktory.com
utku.demoshop.flocktory.com
utku.demoshop1.flocktory.com
utku5.demoshop.flocktory.com
vaccin-voyage-ghparis10.flocktory.com
vaccinal.flocktory.com
vaccinationsgruppen.flocktory.com
vaccine-bc-huang.flocktory.com
vaccinetemperature.flocktory.com
vaccinetracker.qa00.flocktory.com
vaccinetrackerqa00.flocktory.com
vampiros-a-mascara.flocktory.com
vapid-test-cabinet.staging.flocktory.com
vata.flocktory.com
vault.flocktory.com
vcinjectionasli.flocktory.com
vendor-api.flocktory.com
vendor.flocktory.com
vendors.flocktory.com
vertica.flocktory.com
video.flocktory.com
videos.flocktory.com
vie50.flocktory.com
view.flocktory.com
vinay-patrika.flocktory.com
vip-ssp.flocktory.com
virus-20.flocktory.com
virus-checking.flocktory.com
virus-jira.c.flocktory.com
virus-kpop.flocktory.com
virus.lsi.flocktory.com
virus0316.flocktory.com
virus11.flocktory.com
virus19.flocktory.com
virusdetective.flocktory.com
virusec.flocktory.com
virusmarketing.flocktory.com
virusscan.flocktory.com
viruswall.flocktory.com
visibilitychangemask.flocktory.com
voice.flocktory.com
vpn.flocktory.com
vpninfo.flocktory.com
vpod638.flocktory.com
w8.flocktory.com
walkingmask.flocktory.com
wap.flocktory.com
wassets.flocktory.com
web.flocktory.com
web18825-floc-16039-staging.staging.flocktory.com
webdisk.flocktory.com
webhook.flocktory.com
webmail.flocktory.com
werkenopafstand.flocktory.com
wfm-service.flocktory.com
whitelabel.flocktory.com
whm.flocktory.com
whois.flocktory.com
whoisrayban.flocktory.com
wiki.flocktory.com
wizard-errors-cabinet.staging.flocktory.com
woodenmask.flocktory.com
wordpress.flocktory.com
workflow-clone-fix-cabinet.staging.flocktory.com
workflow-fix-cabinet.staging.flocktory.com
workflow-interactions-cabinet.staging.flocktory.com
wp.flocktory.com
ww1.flocktory.com
www.220-volt.flocktory.com
www.accountsecuritylockdown.flocktory.com
www.assets.flocktory.com
www.cabinet.flocktory.com
www.chungcuvidecvutongphan.flocktory.com
www.corona.flocktory.com
www.datamask.flocktory.com
www.distance.flocktory.com
www.distancelearning.flocktory.com
www.einstein.flocktory.com
www.flocktory.com
www.fundcentral.flocktory.com
www.highaltitudetrainingmask.flocktory.com
www.hulpopafstand.flocktory.com
www.infektionsmedizin.flocktory.com
www.korona.flocktory.com
www.mask11.flocktory.com
www.mask7.flocktory.com
www.mekatronikegitim.flocktory.com
www.miracleglow-mask.flocktory.com
www.mosigra.flocktory.com
www.pandemic.flocktory.com
www.push.flocktory.com
www.reports.flocktory.com
www.share.flocktory.com
www.sp.flocktory.com
www.stpierre.flocktory.com
www.temaskal.flocktory.com
www.testmask.flocktory.com
www.topeng.flocktory.com
www1.flocktory.com
www2.flocktory.com
wwwlc4.flocktory.com
xmask.flocktory.com
xn--b1amahumm1i.flocktory.com
yellowfevervaccine.flocktory.com
ylwmask.en.flocktory.com
yournewcoronahome.flocktory.com
yves-rocher.flocktory.com
zipcodedistanceapi.flocktory.com
zmascara.flocktory.com
