acc.gamma.nl
acceptatie.gamma.nl
active.hybris.acc.gamma.nl
active.hybris.prd.gamma.nl
afspraakmaken.gamma.nl
api.acc.gamma.nl
api.acceptatie.gamma.nl
api.afspraakmaken.gamma.nl
api.dev.gamma.nl
api.gamma.nl
buitenradar.gamma.nl
cdn.email.gamma.nl
chatapp.gamma.nl
cloudfront.dev.gamma.nl
data.email.gamma.nl
dev.gamma.nl
dev.kibana.gamma.nl
duurzaamheidszuil.gamma.nl
e-folder.gamma.nl
eureka.gamma.nl
feedback.gamma.nl
folder.gamma.nl
gamma.nl
hybris.acc.gamma.nl
hybris.dev.gamma.nl
hybris.gamma.nl
hybris.prd.gamma.nl
kassa.acceptatie.gamma.nl
kassa.dev.gamma.nl
kassa.gamma.nl
kassa.tst.gamma.nl
kassa2.acceptatie.gamma.nl
kassa2.gamma.nl
keuzehulp.gamma.nl
kiosk.acceptatie.gamma.nl
kiosk.gamma.nl
kioskadmin.acceptatie.gamma.nl
kioskadmin.gamma.nl
linkchecker.gamma.nl
mail.gamma.nl
mijn.acceptatie.gamma.nl
mijn.dev.gamma.nl
mijn.gamma.nl
mijn.tst.gamma.nl
mijn1.acceptatie.gamma.nl
mijn2.acceptatie.gamma.nl
mijn2.gamma.nl
my.acceptatie.gamma.nl
my.dev.gamma.nl
my.gamma.nl
nieuwsbrieven.gamma.nl
origin.api.acc.gamma.nl
origin.api.dev.gamma.nl
origin.api.prd.gamma.nl
origin.checkout.acc.gamma.nl
origin.checkout.dev.gamma.nl
origin.checkout.prd.gamma.nl
origin.hybris.acc.gamma.nl
origin.hybris.dev.gamma.nl
origin.hybris.prd.gamma.nl
origin.my.acc.gamma.nl
origin.my.acceptatie.gamma.nl
origin.my.dev.gamma.nl
origin.my.gamma.nl
origin.my.prd.gamma.nl
origin.myaccount.acc.gamma.nl
origin.myaccount.dev.gamma.nl
origin.myaccount.prd.gamma.nl
origin.shopfront.acc.gamma.nl
origin.shopfront.dev.gamma.nl
origin.shopfront.prd.gamma.nl
origin.sorry.gamma.nl
prd.gamma.nl
privatelease.gamma.nl
raamdecoratieconfigurator.gamma.nl
shopfront.acceptatie.gamma.nl
shopfront.dev.gamma.nl
shopfront.gamma.nl
sitemap.acceptatie.gamma.nl
sitemap.gamma.nl
sorry.gamma.nl
static-acceptatie.gamma.nl
static.gamma.nl
styleguide.dev.gamma.nl
styleguide.tst.gamma.nl
subsidie-admin.gamma.nl
w.gamma.nl
www.acceptatie.gamma.nl
www.chatapp.gamma.nl
www.dev.gamma.nl
www.duurzaamheidszuil.gamma.nl
www.gamma.nl
www.mail.gamma.nl
www.raamdecoratieconfigurator.gamma.nl
www.tst.gamma.nl
