?.goldman.com
akamai-qa-test.goldman.com
akamai-test.goldman.com
api.ayco.goldman.com
api.aycouat.goldman.com
api.xs2a.goldman.com
auth.xs2a.goldman.com
beta.invest.goldman.com
beta.uat.invest.goldman.com
cbr.goldman.com
cbr.pilot.goldman.com
cbr.prod.goldman.com
cbr.qa3.goldman.com
cbvqo.hyamibr.goldman.com
checkfree-qa.goldman.com
checkfree.goldman.com
cobrowse.goldman.com
cobrowse.qa2.goldman.com
content-qa.goldman.com
content-staging.goldman.com
content.goldman.com
cwm-qa.goldman.com
cwm.goldman.com
cwm1.goldman.com
developer.xs2a.goldman.com
ext-qa.goldman.com
ext.goldman.com
ext1.goldman.com
f.goldman.com
fastlink.goldman.com
fastlinkqa.goldman.com
gm.goldman.com
goldman.com
gs.invest.goldman.com
gsg-ukqa.goldman.com
gsgqa.goldman.com
gspfqa.goldman.com
help.invest.goldman.com
help.uat.invest.goldman.com
invest.goldman.com
kpmg.beta.invest.goldman.com
kpmg.beta.uat.invest.goldman.com
kpmg.invest.goldman.com
kpmg.pilot.invest.goldman.com
kpmg.pilot.uat.invest.goldman.com
kpmg.uat.invest.goldman.com
login-qa.goldman.com
login-qa.psd.goldman.com
login.goldman.com
login.mfa.goldman.com
lonebuffao.goldman.com
m.goldman.com
m.origin-pilot.goldman.com
m.pilot.goldman.com
m.prod.goldman.com
m.qa.goldman.com
mail01.goldman.com
mail02.goldman.com
mail03.goldman.com
mail04.goldman.com
mail05.goldman.com
mail06.goldman.com
mail07.goldman.com
mail08.goldman.com
mail09.goldman.com
mail10.goldman.com
mail11.goldman.com
mail12.goldman.com
mfa-qa-srp.goldman.com
mfa-qa.goldman.com
mfa-qa.goldman.commfa-qa.goldman.commfa-qa.goldman.commfa-qa.goldman.com
mfa-srp.goldman.com
mfa.goldman.com
mfa.qa.goldman.com
mobile.goldman.com
mobile.pilot.goldman.com
mobile.qa.goldman.com
ofx.goldman.com
ofx.qa.goldman.com
origin-mfa.goldman.com
origin-pilot.goldman.com
origin-qa.goldman.com
origin1.goldman.com
pilot.goldman.com
pilot.gs.invest.goldman.com
pilot.invest.goldman.com
pilot.mfa.goldman.com
pilot.uat.gs.invest.goldman.com
pilot.uat.invest.goldman.com
preview-mobile.goldman.com
preview-mobile.pilot.goldman.com
preview-mobile.qa.goldman.com
prod.goldman.com
psd.qa.goldman.com
qa.finologee.goldman.com
qa.goldman.com
qa.login.psd.goldman.com
qawebid.goldman.com
qawebid2.goldman.com
resources-qa.goldman.com
resources.goldman.com
sandbox.xs2a.goldman.com
sports.goldman.com
uat.gs.invest.goldman.com
uat.invest.goldman.com
uat.sports.goldman.com
v.goldman.com
v.invest.goldman.com
w.goldman.com
wealth.goldman.com
webid.goldman.com
www.alfamart.goldman.com
www.beta.invest.goldman.com
www.beta.uat.invest.goldman.com
www.goldman.com
www.invest.goldman.com
www.kpmg.beta.invest.goldman.com
www.kpmg.beta.uat.invest.goldman.com
www.kpmg.invest.goldman.com
www.kpmg.pilot.invest.goldman.com
www.kpmg.pilot.uat.invest.goldman.com
www.kpmg.uat.invest.goldman.com
www.mr.goldman.com
www.origin.goldman.com
www.pilot.invest.goldman.com
www.pilot.uat.invest.goldman.com
www.sports.goldman.com
www.uat.invest.goldman.com
www.wealth.goldman.com
