_dmarc.iredmail.grabtaxi.com
_mta-sts.iredmail.grabtaxi.com
api.grabtaxi.com
aws.grabtaxi.com
calendar.grabtaxi.com
codility.grabtaxi.com
collend.voice.grabtaxi.com
dispatcher-v3-zerorized.grabtaxi.com
dispatcher-v5-zerorized.grabtaxi.com
dispatcher-v5.grabtaxi.com
docs.grabtaxi.com
drive.grabtaxi.com
e.grabtaxi.com
engineering.grabtaxi.com
enterprise-gfb-portal-api.grabtaxi.com
epr.grabtaxi.com
ftp.grabtaxi.com
gamma-int.grabtaxi.com
gamma.grabtaxi.com
geo-tools.grabtaxi.com
gm-driver.grabtaxi.com
gm-pax.grabtaxi.com
gpapp.grabtaxi.com
gpns.grabtaxi.com
grab-attention.grabtaxi.com
grab-comm.grabtaxi.com
grab-fare.grabtaxi.com
grab-food.grabtaxi.com
grab-hitch.grabtaxi.com
grab-money.grabtaxi.com
grabsekampus.grabtaxi.com
grabtaxi.com
groups.grabtaxi.com
gundam.grabtaxi.com
hermes.grabtaxi.com
hermes2.grabtaxi.com
hermes2a.grabtaxi.com
hermes2b.grabtaxi.com
hitch.grabtaxi.com
hub.grabtaxi.com
id-t1.voice.grabtaxi.com
id-t2.voice.grabtaxi.com
id-t3.voice.grabtaxi.com
invite.grabtaxi.com
iredmail.grabtaxi.com
jira.grabtaxi.com
kh.voice.grabtaxi.com
launcher.grabtaxi.com
mail.grabtaxi.com
manage-public.grabtaxi.com
manage.grabtaxi.com
mcd-gateway.grabtaxi.com
mm.voice.grabtaxi.com
motionpoc.voice.grabtaxi.com
my.voice.grabtaxi.com
nerf.grabtaxi.com
oauth.grabtaxi.com
overlay-dev.grabtaxi.com
overlay.grabtaxi.com
p.grabtaxi.com
paysi-int.grabtaxi.com
paysi.grabtaxi.com
ph.voice.grabtaxi.com
pm.grabtaxi.com
poi.grabtaxi.com
s.grabtaxi.com
sg.voice.grabtaxi.com
share.grabtaxi.com
shazam.voice.grabtaxi.com
slackwechat.grabtaxi.com
static.grabtaxi.com
stg.shazam.voice.grabtaxi.com
stgmotion.voice.grabtaxi.com
stgshuttle.voice.grabtaxi.com
support.grabtaxi.com
test-api.grabtaxi.com
test.grabtaxi.com
th.grabtaxi.com
th.voice.grabtaxi.com
tpicollection.voice.grabtaxi.com
track.grabtaxi.com
upload.grabtaxi.com
vidaoo-stg.voice.grabtaxi.com
vidaoo.voice.grabtaxi.com
vn.voice.grabtaxi.com
voice.grabtaxi.com
web-api.grabtaxi.com
wiki.grabtaxi.com
www.epr.grabtaxi.com
www.grabsekampus.grabtaxi.com
www.grabtaxi.com
zendesk1.grabtaxi.com
zendesk2.grabtaxi.com
zendesk3.grabtaxi.com
zendesk4.grabtaxi.com
