1.106.198.35.bc.gs.de
3.gs.de
app.gs.de
autodiscover.aaworldwide.gs.de
b.gs.de
backend.gs.de
beta.gs.de
blumex.gs.de
classic-twitch.gs.de
classic.gs.de
com.konami-europe.gs.de
console.gs.de
cotendo.gs.de
dev.gs.de
frigidaire-refrigerators-center-maintenance.gs.de
funkyfro.gs.de
grf.gs.de
gsha-mailsrv.gs.de
hostmaster.gs.de
hostmaster.hostmaster.hostmaster.hostmaster.hostmaster.hostmaster.gs.de
i4132n.1d9m.gs.de
link.email.gs.de
link.info.gs.de
local.gs.de
mail.gs.de
members.gs.de
o.gs.de
pib.gs.de
platzer.gs.de
rod.gs.de
schule-100.gs.de
shortgameperformance.gs.de
smtp.gs.de
solvians-push1.www.gs.de
solvians-push2.beta.gs.de
solvians-push2.www.gs.de
static.gs.de
topblo.gs.de
w.gs.de
webmail.gs.de
www-test.gs.de
www.b.gs.de
www.bandlinks.gs.de
www.cityrealms.minecraft.gs.de
www.cli.gs.de
www.esa.gs.de
www.gs.de
www.kuhland.gs.de
www.lastminute.gs.de
www.pfadfinder.gs.de
www.platzer.gs.de
www.schmuck.gs.de
www.teletubbie.1a.gs.de
www.teletubbies.1a.gs.de
www.warrants.gs.de
