33e29758de884da3ac1055a562a0ab03.thematic.gsam.com
aimsdiligence.gsam.com
allvue.api.gsam.com
atlas.gsam.com
docreview.gsam.com
docreview.uat.gsam.com
drm-qa.gsam.com
drm.gsam.com
fiai.gsam.com
gsam.com
internal-qa.gsam.com
internal.bdc.gsam.com
internal.cdc.gsam.com
internal.gsam.com
intranet.gsam.com
intranet.qa.gsam.com
login-qa.gsam.com
login.gsam.com
marketing.gsam.com
orgin-allvue.gsam.com
orgin-qa.allvue.gsam.com
orgin.allvue.gsam.com
origin-allvue.gsam.com
origin.gsam.com
portal-webid-int.web.gsam.com
prod.gsam.com
qa.allvue.api.gsam.com
qa.gsam.com
qa.marketing.gsam.com
qa.sma.gsam.com
qa.tracking.gsam.com
qawebid.gsam.com
qawebid2.gsam.com
sso.gsam.com
sso.qa.gsam.com
subdocreview.uat.gsam.com
thematic.gsam.com
tracking.gsam.com
uat.aimsdiligence.gsam.com
uat.atlas.gsam.com
video.gsam.com
video.qa.gsam.com
videos.gsam.com
videos.qa.gsam.com
webid.gsam.com
webid2.gsam.com
www.aimsdiligence.gsam.com
www.allvue.gsam.com
www.atlas.gsam.com
www.docreview.gsam.com
www.gsam.com
www.qa.allvue.gsam.com
www.s.gsam.com
www.uat.atlas.gsam.com
wwwqa.atlas.gsam.com
wwwqa.gsam.com
