admin.hardware.info
api.hardware.info
autoconfig.beta.hardware.info
autodiscover.beta.hardware.info
autodiscover.hardware.info
be.beta.hardware.info
be.hardware.info
beta.hardware.info
clickout.hardware.info
cmp.hardware.info
content.beta.hardware.info
de.beta.hardware.info
de.hardware.info
hardware.info
images.hardware.info
localhost.hardware.info
m.beta.hardware.info
mobile.hardware.info
nl.beta.hardware.info
nl.hardware.info
nostalgie.hardware.info
nostalgie2.hardware.info
pda.hardware.info
prijs.hardware.info
uk.beta.hardware.info
uk.hardware.info
us.beta.hardware.info
us.hardware.info
webdisk.beta.hardware.info
www.beta.hardware.info
www.hardware.info
