admin.demo.honestdollar.com
admin.dev.honestdollar.com
admin.honestdollar.com
admin.qa.honestdollar.com
admin.staging.honestdollar.com
admin.uat.honestdollar.com
api-demo.honestdollar.com
api-dev.honestdollar.com
api-qa.honestdollar.com
api-staging.honestdollar.com
api-uat.honestdollar.com
api.demo.honestdollar.com
api.dev.honestdollar.com
api.honestdollar.com
api.qa.honestdollar.com
api.staging.honestdollar.com
api.uat.honestdollar.com
assets.honestdollar.com
b2b.honestdollar.com
b2b.uat.honestdollar.com
beta.honestdollar.com
beta.uat.honestdollar.com
help.honestdollar.com
honestdollar.com
legacy.honestdollar.com
login-qa.honestdollar.com
login.honestdollar.com
mail.honestdollar.com
my.demo.honestdollar.com
my.dev.honestdollar.com
my.honestdollar.com
my.qa.honestdollar.com
my.staging.honestdollar.com
my.uat.honestdollar.com
origin-hd.honestdollar.com
origin-hd.uat.honestdollar.com
origin.honestdollar.com
origin.uat.honestdollar.com
pilot.honestdollar.com
pilot.uat.honestdollar.com
services.honestdollar.com
services.uat.honestdollar.com
site.honestdollar.com
site.uat.honestdollar.com
staging.honestdollar.com
strategic.honestdollar.com
uat-legacy.honestdollar.com
uat-strategic.honestdollar.com
uat.help.honestdollar.com
uat.honestdollar.com
v.honestdollar.com
welcome.demo.honestdollar.com
welcome.dev.honestdollar.com
welcome.honestdollar.com
welcome.qa.honestdollar.com
welcome.staging.honestdollar.com
welcome.uat.honestdollar.com
www.demo.honestdollar.com
www.dev.honestdollar.com
www.finnmark.honestdollar.com
www.honestdollar.com
www.qa.honestdollar.com
www.staging.honestdollar.com
www.uat.honestdollar.com
