admin.sandbox.huffingtonpost.com.mx
api.sandbox.huffingtonpost.com.mx
b-admin.sandbox.huffingtonpost.com.mx
b-mesg.sandbox.huffingtonpost.com.mx
b-www.api.sandbox.huffingtonpost.com.mx
b.my.sandbox.huffingtonpost.com.mx
b.reg.sandbox.huffingtonpost.com.mx
b.signin.sandbox.huffingtonpost.com.mx
beta-developer.sandbox.huffingtonpost.com.mx
beta-www.mipapplication.sandbox.huffingtonpost.com.mx
beta-www.sandbox.huffingtonpost.com.mx
beta.api.sandbox.huffingtonpost.com.mx
beta.huffingtonpost.com.mx
beta.m.huffingtonpost.com.mx
beta.preview.m.huffingtonpost.com.mx
beta.preview.www.huffingtonpost.com.mx
beta.reg.sandbox.huffingtonpost.com.mx
beta.sandbox.huffingtonpost.com.mx
beta.ws.sandbox.huffingtonpost.com.mx
beta.www.huffingtonpost.com.mx
beta.www.mipapplication.sandbox.huffingtonpost.com.mx
betaapi.sandbox.huffingtonpost.com.mx
betadeveloper.sandbox.huffingtonpost.com.mx
breg.sandbox.huffingtonpost.com.mx
cms.huffingtonpost.com.mx
dashboard.sandbox.huffingtonpost.com.mx
developer.sandbox.huffingtonpost.com.mx
guce.huffingtonpost.com.mx
m.beta.huffingtonpost.com.mx
m.beta.www.huffingtonpost.com.mx
m.huffingtonpost.com.mx
m.sandbox.huffingtonpost.com.mx
m.staging.www.huffingtonpost.com.mx
m.vdms.sandbox.huffingtonpost.com.mx
m.www.huffingtonpost.com.mx
mesg.sandbox.huffingtonpost.com.mx
mipapplication.sandbox.huffingtonpost.com.mx
mobile-dashboard.sandbox.huffingtonpost.com.mx
mobile-www.mipapplication.sandbox.huffingtonpost.com.mx
mobile-www.sandbox.huffingtonpost.com.mx
mobile.huffingtonpost.com.mx
mobile.ws.sandbox.huffingtonpost.com.mx
mobilemesg.sandbox.huffingtonpost.com.mx
mobilewww.mipapplication.sandbox.huffingtonpost.com.mx
my.sandbox.huffingtonpost.com.mx
origin-www.mipapplication.sandbox.huffingtonpost.com.mx
origin.dashboard.sandbox.huffingtonpost.com.mx
origin.huffingtonpost.com.mx
origin.m.sandbox.huffingtonpost.com.mx
origin.www.sandbox.huffingtonpost.com.mx
originws.sandbox.huffingtonpost.com.mx
preview.m.huffingtonpost.com.mx
preview.www.huffingtonpost.com.mx
projects-developer.sandbox.huffingtonpost.com.mx
projects-my.sandbox.huffingtonpost.com.mx
projects.huffingtonpost.com.mx
projectsm.sandbox.huffingtonpost.com.mx
qa.m.huffingtonpost.com.mx
qa.preview.m.huffingtonpost.com.mx
qa.preview.www.huffingtonpost.com.mx
qa.www.huffingtonpost.com.mx
reg.sandbox.huffingtonpost.com.mx
sandbox.huffingtonpost.com.mx
signin.sandbox.huffingtonpost.com.mx
stage.guce.huffingtonpost.com.mx
staging.preview.m.huffingtonpost.com.mx
staging.preview.www.huffingtonpost.com.mx
staging.www.huffingtonpost.com.mx
store.sandbox.huffingtonpost.com.mx
trunk.guce.huffingtonpost.com.mx
vdms.sandbox.huffingtonpost.com.mx
ws.sandbox.huffingtonpost.com.mx
www.api.sandbox.huffingtonpost.com.mx
www.huffingtonpost.com.mx
www.mipapplication.sandbox.huffingtonpost.com.mx
www.sandbox.huffingtonpost.com.mx
