contributor.huffpost.co.uk
dev.search.huffpost.co.uk
guce.huffpost.co.uk
huffpost.co.uk
perf.search.huffpost.co.uk
preview.thespoils.huffpost.co.uk
qa-r.search.huffpost.co.uk
qa-ri.search.huffpost.co.uk
qa-thespoils.huffpost.co.uk
qa.contributor.huffpost.co.uk
qa.preview.thespoils.huffpost.co.uk
qa.search.huffpost.co.uk
qa.thespoils.huffpost.co.uk
search.huffpost.co.uk
stage.guce.huffpost.co.uk
staging-thespoils.huffpost.co.uk
staging.contributor.huffpost.co.uk
staging.preview.thespoils.huffpost.co.uk
staging.thespoils.huffpost.co.uk
thespoils.huffpost.co.uk
trunk.guce.huffpost.co.uk
uk.bf1.qa-trunk.web.search.huffpost.co.uk
uk.gq1.qa-trunk.web.search.huffpost.co.uk
uk.ir2.qa-trunk.web.search.huffpost.co.uk
us.bf1.qa-trunk.web.search.huffpost.co.uk
us.gq1.qa-trunk.web.search.huffpost.co.uk
www.huffpost.co.uk
