amp.edge.huffpo.net
api1.dtc.huffpo.net
api2.dtc.huffpo.net
assets.git.huffpo.net
avatars.git.huffpo.net
bct.huffpo.net
beta-hanami-varnish.use1.huffpo.net
beta-hanami.use1.huffpo.net
beta-origin-cambria-alb.huffpo.net
beta-origin-hanami-alb.huffpo.net
beta-origin-hanami.huffpo.net
beta-origin-life-preview.huffpo.net
beta-origin-life.huffpo.net
beta-preview-origin-cambria-alb.huffpo.net
beta-preview-origin-life.huffpo.net
buildbot.huffpo.net
cacti.dtc.huffpo.net
cacti.huffpo.net
cacti2.dtc.huffpo.net
cambria-production.huffpo.net
cambria-staging.huffpo.net
chronos.huffpo.net
ci.huffpo.net
content.huffingtonpost.com.amp.huffpo.net
cron-rebuild1.dtc.huffpo.net
daemon1.dtc.huffpo.net
damon1.dtc.huffpo.net
dash.huffpo.net
design-kraken.use1.huffpo.net
dev-ml-datalearning-01.use1.huffpo.net
dev-nmapi-cms-01.use1.huffpo.net
edge.huffpo.net
edit1.dtc.huffpo.net
edit2.dtc.huffpo.net
editorial-gslb.production.use1.huffpo.net
env-elections-utility-01.use1.huffpo.net
ewr.huffpo.net
fiji-production-ws.use1.huffpo.net
fiji-wslb-production.use1.huffpo.net
gcm01.dtc.huffpo.net
git.huffpo.net
grafana.huffpo.net
graphite.huffpo.net
hp-websockets-dev.huffpo.net
hue.huffpo.net
huffpo.net
images.use1.huffpo.net
jenkins.huffpo.net
maestro-production.dtc.huffpo.net
maestro-staging.dtc.huffpo.net
mapi1.dtc.huffpo.net
mem1.dtc.huffpo.net
mem2.dtc.huffpo.net
mon.huffpo.net
monitor.huffpo.net
monkeys.huffpo.net
nagios.dtc.huffpo.net
nexus.huffpo.net
nyc.huffpo.net
origin-api.huffpo.net
origin-devmapi.huffpo.net
origin-hanami-alb.huffpo.net
origin-hanami-staging.huffpo.net
origin-hanami-test.huffpo.net
origin-hanami-varnish.huffpo.net
origin-hanami.huffpo.net
origin-kraken-staging.huffpo.net
origin-kraken.huffpo.net
origin-life-ats.huffpo.net
origin-life-preview.huffpo.net
origin-life.huffpo.net
origin-pollster.huffpo.net
origin-production.mobile.huffpo.net
origin-production.mobile.use1.huffpo.net
origin-staging-pollster.huffpo.net
origin-staging.mobile.huffpo.net
origin-wfe.huffpo.net
outside-ssh-ewr.huffpo.net
outside-ssh-nyc.huffpo.net
pages.git.huffpo.net
platform-app-beta.dtc.huffpo.net
platform-ci01.dtc.huffpo.net
platform-db-beta.dtc.huffpo.net
preview-origin-cambria-alb.huffpo.net
preview-origin-life.huffpo.net
production-apple-news-writer.use1.huffpo.net
production-athena-autoscale-blog.use1.huffpo.net
production-athena-autoscale-content-varnish.use1.huffpo.net
production-athena-autoscale-edit.use1.huffpo.net
production-athena-autoscale-preview.use1.huffpo.net
production-athena-blog.use1.huffpo.net
production-athena-content.use1.huffpo.net
production-athena-ea-mongo-cms-01.use1.huffpo.net
production-athena-ea-mongo-cms-02.use1.huffpo.net
production-athena-ea-mongo-cms-03.use1.huffpo.net
production-athena-ea-mongo-cms-61-254.use1.huffpo.net
production-athena-ea-mongo-cms-62-211.use1.huffpo.net
production-athena-ea-mongo-cms-66-222.use1.huffpo.net
production-athena-ea-mongo-cms-66-224.use1.huffpo.net
production-athena-ea-mongo-cms-70-217.use1.huffpo.net
production-athena-ea-mongo-cms-71-55.use1.huffpo.net
production-athena-ea-mongo-image-01.use1.huffpo.net
production-athena-ea-mongo-image-02.use1.huffpo.net
production-athena-ea-mongo-image-03.use1.huffpo.net
production-athena-ea-mongo-image-63-169.use1.huffpo.net
production-athena-ea-mongo-image-65-15.use1.huffpo.net
production-athena-ea-mongo-image-70-83.use1.huffpo.net
production-athena-edit-alb.use1.huffpo.net
production-athena-edit.use1.huffpo.net
production-athena-image.use1.huffpo.net
production-athena-mongo-cms.huffpo.net
production-athena-mongo-image.huffpo.net
production-athena-oath-edit-alb.use1.huffpo.net
production-athena-preview.use1.huffpo.net
production-athenizer.use1.huffpo.net
production-chaski-public.use1.huffpo.net
production-cloudmanager-01.use1.huffpo.net
production-cloudmanager-02.use1.huffpo.net
production-cloudmanager.huffpo.net
production-conjur-followers.huffpo.net
production-conjur.huffpo.net
production-content-transform.use1.huffpo.net
production-dataland.use1.huffpo.net
production-docker-jenkins-master-01.use1.huffpo.net
production-docker-jenkins.use1.huffpo.net
production-docker-registry.use1.huffpo.net
production-elections-internal.use1.huffpo.net
production-elections-ss-internal.use1.huffpo.net
production-elections-varnish-autoscale.use1.huffpo.net
production-elections.use1.huffpo.net
production-enc-grafana.use1.huffpo.net
production-fiji-mobile.use1.huffpo.net
production-fijiprime-load_balancer-01.use1.huffpo.net
production-fijiprime.use1.huffpo.net
production-gamp-api.use1.huffpo.net
production-gamp-ecs.use1.huffpo.net
production-github-enterprise-01.usw2.huffpo.net
production-gollumwiki-01.usw2.huffpo.net
production-gollumwiki-32-75.usw2.huffpo.net
production-gollumwiki-36-38.usw2.huffpo.net
production-gollumwiki-61-41.use1.huffpo.net
production-grafana.use1.huffpo.net
production-hanami-varnish.use1.huffpo.net
production-hanami.use1.huffpo.net
production-hector-varnish.use1.huffpo.net
production-hector.use1.huffpo.net
production-hermione.use1.huffpo.net
production-hpstatus-ecs.use1.huffpo.net
production-identifiers.use1.huffpo.net
production-ipa.use1.huffpo.net
production-janus.use1.huffpo.net
production-kraken-preview-01.use1.huffpo.net
production-kraken-preview.use1.huffpo.net
production-kraken-valencia-preview.use1.huffpo.net
production-kraken.use1.huffpo.net
production-leak.use1.huffpo.net
production-longform-elb.use1.huffpo.net
production-longform-lb.use1.huffpo.net
production-magellan.use1.huffpo.net
production-modulous-api-lb.use1.huffpo.net
production-modulous-api-nlb.use1.huffpo.net
production-modulous-api-varnish.use1.huffpo.net
production-modulous-cms-alb.use1.huffpo.net
production-modulous-cms-bf.use1.huffpo.net
production-modulous-cms-lb.use1.huffpo.net
production-modulous-cms.use1.huffpo.net
production-modulous-tag-manager.use1.huffpo.net
production-mongo-cloudmanager-61-59.use1.huffpo.net
production-mongo-cloudmanager-64-20.use1.huffpo.net
production-mt-failover.use1.huffpo.net
production-mt-varnish-52-212.use1.huffpo.net
production-mt-varnish-lb.use1.huffpo.net
production-mt-wfe-lb.use1.huffpo.net
production-mtkiller-mongo-01.use1.huffpo.net
production-mtkiller-mongo-02.use1.huffpo.net
production-mtkiller-mongo-03.use1.huffpo.net
production-mtkiller-mongo-61-202.use1.huffpo.net
production-mtkiller-mongo-64-123.use1.huffpo.net
production-mtkiller-mongo-68-224.use1.huffpo.net
production-mtkiller-mongo.use1.huffpo.net
production-mtkiller.use1.huffpo.net
production-mtsql-07.use1.huffpo.net
production-mtsql-08.use1.huffpo.net
production-mtsql-snapshot-01.use1.huffpo.net
production-nmapi-preview-01.use1.huffpo.net
production-nmapi-preview-02.use1.huffpo.net
production-nmapi-preview-03.use1.huffpo.net
production-nmapi-preview.use1.huffpo.net
production-redirector.use1.huffpo.net
production-servicedesk-lb.use1.huffpo.net
production-sitetools-asg-app.use1.huffpo.net
production-trait-manager.use1.huffpo.net
production-userapi-api.use1.huffpo.net
production-widget.use1.huffpo.net
production-wiki-01.use1.huffpo.net
puppet-assets.huffpo.net
puppet.dtc.huffpo.net
qa-apple-news-writer.use1.huffpo.net
qa-athena-autoscale-content-varnish.use1.huffpo.net
qa-athena-blog.use1.huffpo.net
qa-athena-ea-mongo-cms-01.use1.huffpo.net
qa-athena-ea-mongo-cms-02.use1.huffpo.net
qa-athena-ea-mongo-cms-03.use1.huffpo.net
qa-athena-ea-mongo-cms-60-27.use1.huffpo.net
qa-athena-ea-mongo-cms-61-21.use1.huffpo.net
qa-athena-ea-mongo-cms-66-209.use1.huffpo.net
qa-athena-ea-mongo-cms-66-28.use1.huffpo.net
qa-athena-ea-mongo-cms-68-158.use1.huffpo.net
qa-athena-ea-mongo-cms-71-120.use1.huffpo.net
qa-athena-ea-mongo-image-01.use1.huffpo.net
qa-athena-ea-mongo-image-02.use1.huffpo.net
qa-athena-ea-mongo-image-03.use1.huffpo.net
qa-athena-ea-mongo-image-61-112.use1.huffpo.net
qa-athena-ea-mongo-image-66-254.use1.huffpo.net
qa-athena-ea-mongo-image-69-255.use1.huffpo.net
qa-athena-edit.use1.huffpo.net
qa-athena-image.huffpo.net
qa-athena-mongo-cms.huffpo.net
qa-athena-mongo-image.huffpo.net
qa-athena-oath-edit-alb.use1.huffpo.net
qa-athena-preview.use1.huffpo.net
qa-chaski.huffpo.net
qa-chaski.use1.huffpo.net
qa-hector-varnish.use1.huffpo.net
qa-hector.use1.huffpo.net
qa-hermione.use1.huffpo.net
qa-ipa.use1.huffpo.net
qa-janus.use1.huffpo.net
qa-kraken.use1.huffpo.net
qa-mtkiller-mongo-01.use1.huffpo.net
qa-mtkiller-mongo-02.use1.huffpo.net
qa-mtkiller-mongo-03.use1.huffpo.net
qa-mtkiller-mongo-63-19.use1.huffpo.net
qa-mtkiller-mongo-66-74.use1.huffpo.net
qa-mtkiller-mongo-70-230.use1.huffpo.net
qa-mtkiller-mongo.use1.huffpo.net
qa-mtkiller.use1.huffpo.net
qa-origin-cambria-alb.huffpo.net
qa-origin-life-preview.huffpo.net
qa-origin-life.huffpo.net
qa-preview-origin-cambria-alb.huffpo.net
qa-preview-origin-life.huffpo.net
qa-userapi-api.use1.huffpo.net
qa.hbogoeview.huffpo.net
redis1.dtc.huffpo.net
redis2.dtc.huffpo.net
rim.huffpo.net
rpms.huffpo.net
search1.dtc.huffpo.net
search2.dtc.huffpo.net
smoke.rim.huffpo.net
snas.dtc.huffpo.net
spaceblanket.usw2.huffpo.net
sphinx01.dtc.huffpo.net
sphinx02.dtc.huffpo.net
sql-backup1.dtc.huffpo.net
sql-backup2.dtc.huffpo.net
sql-debug.huffpo.net
sql-degbug.huffpo.net
sql-peek.huffpo.net
sql-staging.huffpo.net
sql1.dtc.huffpo.net
sql2.dtc.huffpo.net
sql3.dtc.huffpo.net
sql4.dtc.huffpo.net
sql5.dtc.huffpo.net
sql6.dtc.huffpo.net
sql7.dtc.huffpo.net
sql8.dtc.huffpo.net
sql9.dtc.huffpo.net
stagin-mtkiller-mongo-03.use1.huffpo.net
staging-apple-news-writer.use1.huffpo.net
staging-athena-autoscale-content-varnish.use1.huffpo.net
staging-athena-ea-mongo-cms-01.use1.huffpo.net
staging-athena-ea-mongo-cms-02.use1.huffpo.net
staging-athena-ea-mongo-cms-03.use1.huffpo.net
staging-athena-ea-mongo-cms-60-159.use1.huffpo.net
staging-athena-ea-mongo-cms-62-208.use1.huffpo.net
staging-athena-ea-mongo-cms-64-5.use1.huffpo.net
staging-athena-ea-mongo-cms-66-101.use1.huffpo.net
staging-athena-ea-mongo-cms-68-77.use1.huffpo.net
staging-athena-ea-mongo-cms-68-87.use1.huffpo.net
staging-athena-ea-mongo-image-01.use1.huffpo.net
staging-athena-ea-mongo-image-02.use1.huffpo.net
staging-athena-ea-mongo-image-03.use1.huffpo.net
staging-athena-ea-mongo-image-62-37.use1.huffpo.net
staging-athena-ea-mongo-image-66-135.use1.huffpo.net
staging-athena-ea-mongo-image-68-134.use1.huffpo.net
staging-athena-edit-alb.use1.huffpo.net
staging-athena-edit.use1.huffpo.net
staging-athena-image.huffpo.net
staging-athena-mongo-cms.huffpo.net
staging-athena-mongo-image.huffpo.net
staging-athena-oath-edit-alb.use1.huffpo.net
staging-audiogram.use1.huffpo.net
staging-chaski.huffpo.net
staging-chaski.use1.huffpo.net
staging-conjur-followers.huffpo.net
staging-conjur-followers.use1.huffpo.net
staging-conjur.huffpo.net
staging-conjur.use1.huffpo.net
staging-content-transform.use1.huffpo.net
staging-dataland.use1.huffpo.net
staging-elections-varnish-autoscale.use1.huffpo.net
staging-elections.use1.huffpo.net
staging-fiji-mobile.use1.huffpo.net
staging-fiji-mobileapi.use1.huffpo.net
staging-hanami-varnish.use1.huffpo.net
staging-hanami.use1.huffpo.net
staging-hector-varnish.use1.huffpo.net
staging-hector.use1.huffpo.net
staging-hermione.use1.huffpo.net
staging-ia3.use1.huffpo.net
staging-ipa.use1.huffpo.net
staging-janus.use1.huffpo.net
staging-kraken-preview.use1.huffpo.net
staging-kraken-valencia-preview.use1.huffpo.net
staging-kraken.use1.huffpo.net
staging-leak.use1.huffpo.net
staging-magellan.use1.huffpo.net
staging-modulous-api-lb.use1.huffpo.net
staging-modulous-api-nlb.use1.huffpo.net
staging-modulous-api-varnish.use1.huffpo.net
staging-modulous-cms-alb.use1.huffpo.net
staging-modulous-cms-bf.use1.huffpo.net
staging-modulous-cms-lb.use1.huffpo.net
staging-modulous-cms.use1.huffpo.net
staging-modulous-tag-manager.use1.huffpo.net
staging-mtkiller-mongo-01.use1.huffpo.net
staging-mtkiller-mongo-02.use1.huffpo.net
staging-mtkiller-mongo-03.use1.huffpo.net
staging-mtkiller-mongo-60-124.use1.huffpo.net
staging-mtkiller-mongo-67-132.use1.huffpo.net
staging-mtkiller-mongo-69-216.use1.huffpo.net
staging-mtkiller-mongo.use1.huffpo.net
staging-mtkiller.use1.huffpo.net
staging-origin-hanami-alb.huffpo.net
staging-origin-hanami-test.huffpo.net
staging-origin-hanami.huffpo.net
staging-origin-life-ats.huffpo.net
staging-origin-life-preview.huffpo.net
staging-origin-life.huffpo.net
staging-parse-mongo-01.use1.huffpo.net
staging-parse-mongo-02.use1.huffpo.net
staging-parse-mongo-03.use1.huffpo.net
staging-pets-3.use1.huffpo.net
staging-pets-db.use1.huffpo.net
staging-preview-origin-cambria-alb.huffpo.net
staging-preview-origin-life.huffpo.net
staging-servicedesk-lb.use1.huffpo.net
staging-sitetools-asg-app.use1.huffpo.net
staging-trait-manager.use1.huffpo.net
staging-userapi-api.use1.huffpo.net
statsd.huffpo.net
testing-modulous-api-varnish-01.use1.huffpo.net
thrasher.dtc.huffpo.net
twit-sql1.dtc.huffpo.net
twit-sql2.dtc.huffpo.net
use1.huffpo.net
usw2.huffpo.net
varnish1.dtc.huffpo.net
varnish2.dtc.huffpo.net
vs-app1.ewr.huffpo.net
vs-app1.nyc.huffpo.net
vs-app2.ewr.huffpo.net
vs-app3.ewr.huffpo.net
vs-app4.nyc.huffpo.net
vs-cacti.bct.huffpo.net
vs-cacti.nyc.huffpo.net
vs-wfe.bct.huffpo.net
vs-wfe8.nyc.huffpo.net
wfe1.dtc.huffpo.net
wfe10.dtc.huffpo.net
wfe11.dtc.huffpo.net
wfe12.dtc.huffpo.net
wfe13.dtc.huffpo.net
wfe14.dtc.huffpo.net
wfe2.dtc.huffpo.net
wfe3.dtc.huffpo.net
wfe4.dtc.huffpo.net
wfe5.dtc.huffpo.net
wfe6.dtc.huffpo.net
wfe7.dtc.huffpo.net
wfe8.dtc.huffpo.net
wfe9.dtc.huffpo.net
