admin.sandbox.huffingtonpost.es
api.sandbox.huffingtonpost.es
b-aws.huffingtonpost.es
b.huffingtonpost.es
backstage.huffingtonpost.es
beta.huffingtonpost.es
beta.m.huffingtonpost.es
beta.preview.m.huffingtonpost.es
beta.preview.www.huffingtonpost.es
beta.www.huffingtonpost.es
chaski.huffingtonpost.es
cms.huffingtonpost.es
dashboard.sandbox.huffingtonpost.es
dev.search.huffingtonpost.es
developer.sandbox.huffingtonpost.es
guce.huffingtonpost.es
horizon.huffingtonpost.es
huffingtonpost.es
link.huffingtonpost.es
m.beta.www.huffingtonpost.es
m.huffingtonpost.es
m.sandbox.huffingtonpost.es
m.staging.www.huffingtonpost.es
m.www.huffingtonpost.es
mesg.sandbox.huffingtonpost.es
my.sandbox.huffingtonpost.es
origin-qa.www.huffingtonpost.es
origin-staging.www.huffingtonpost.es
origin.huffingtonpost.es
preview.m.huffingtonpost.es
preview.www.huffingtonpost.es
projects.huffingtonpost.es
qa.m.huffingtonpost.es
qa.preview.m.huffingtonpost.es
qa.preview.www.huffingtonpost.es
qa.search.huffingtonpost.es
qa.www.huffingtonpost.es
reg.sandbox.huffingtonpost.es
sandbox.huffingtonpost.es
search.huffingtonpost.es
signin.sandbox.huffingtonpost.es
stage.guce.huffingtonpost.es
staging.m.huffingtonpost.es
staging.preview.m.huffingtonpost.es
staging.preview.www.huffingtonpost.es
staging.search.huffingtonpost.es
staging.www.huffingtonpost.es
store.sandbox.huffingtonpost.es
trunk.guce.huffingtonpost.es
vdms.sandbox.huffingtonpost.es
ws.sandbox.huffingtonpost.es
www.api.sandbox.huffingtonpost.es
www.huffingtonpost.es
www.mipapplication.sandbox.huffingtonpost.es
www.sandbox.huffingtonpost.es
