20in.sandbox.projects.huffingtonpost.ca
admin.sandbox.huffingtonpost.ca
admin.sandbox.projects.huffingtonpost.ca
admin.sandbox.quebec.huffingtonpost.ca
api.sandbox.huffingtonpost.ca
api.sandbox.projects.huffingtonpost.ca
api.sandbox.quebec.huffingtonpost.ca
b-aws.huffingtonpost.ca
b.huffingtonpost.ca
backstage.huffingtonpost.ca
beta-admin.sandbox.quebec.huffingtonpost.ca
beta-api.sandbox.quebec.huffingtonpost.ca
beta-dashboard.sandbox.quebec.huffingtonpost.ca
beta-developer.sandbox.quebec.huffingtonpost.ca
beta-m.sandbox.quebec.huffingtonpost.ca
beta-mesg.sandbox.quebec.huffingtonpost.ca
beta-my.sandbox.quebec.huffingtonpost.ca
beta-reg.sandbox.quebec.huffingtonpost.ca
beta-signin.sandbox.quebec.huffingtonpost.ca
beta-store.sandbox.quebec.huffingtonpost.ca
beta-ws.sandbox.quebec.huffingtonpost.ca
beta-www.api.sandbox.quebec.huffingtonpost.ca
beta-www.mipapplication.sandbox.quebec.huffingtonpost.ca
beta-www.sandbox.quebec.huffingtonpost.ca
beta.admin.sandbox.quebec.huffingtonpost.ca
beta.api.sandbox.quebec.huffingtonpost.ca
beta.dashboard.sandbox.quebec.huffingtonpost.ca
beta.developer.sandbox.quebec.huffingtonpost.ca
beta.huffingtonpost.ca
beta.m.huffingtonpost.ca
beta.m.quebec.huffingtonpost.ca
beta.m.sandbox.quebec.huffingtonpost.ca
beta.mesg.sandbox.quebec.huffingtonpost.ca
beta.my.sandbox.quebec.huffingtonpost.ca
beta.preview.m.huffingtonpost.ca
beta.preview.m.quebec.huffingtonpost.ca
beta.preview.quebec.huffingtonpost.ca
beta.preview.www.huffingtonpost.ca
beta.quebec.huffingtonpost.ca
beta.reg.sandbox.quebec.huffingtonpost.ca
beta.sandbox.quebec.huffingtonpost.ca
beta.signin.sandbox.quebec.huffingtonpost.ca
beta.store.sandbox.quebec.huffingtonpost.ca
beta.ws.sandbox.quebec.huffingtonpost.ca
beta.www.api.sandbox.quebec.huffingtonpost.ca
beta.www.huffingtonpost.ca
beta.www.mipapplication.sandbox.quebec.huffingtonpost.ca
beta.www.sandbox.quebec.huffingtonpost.ca
betaadmin.sandbox.quebec.huffingtonpost.ca
betaapi.sandbox.quebec.huffingtonpost.ca
betadashboard.sandbox.quebec.huffingtonpost.ca
betadeveloper.sandbox.quebec.huffingtonpost.ca
betam.sandbox.quebec.huffingtonpost.ca
betamesg.sandbox.quebec.huffingtonpost.ca
betamy.sandbox.quebec.huffingtonpost.ca
betareg.sandbox.quebec.huffingtonpost.ca
betasignin.sandbox.quebec.huffingtonpost.ca
betastore.sandbox.quebec.huffingtonpost.ca
betaws.sandbox.quebec.huffingtonpost.ca
betawww.api.sandbox.quebec.huffingtonpost.ca
betawww.mipapplication.sandbox.quebec.huffingtonpost.ca
betawww.sandbox.quebec.huffingtonpost.ca
ceros.huffingtonpost.ca
chaski.huffingtonpost.ca
chaski.quebec.huffingtonpost.ca
dashboard.sandbox.huffingtonpost.ca
dashboard.sandbox.projects.huffingtonpost.ca
dashboard.sandbox.quebec.huffingtonpost.ca
data-typeww.huffingtonpost.ca
dev.search.huffingtonpost.ca
dev.search.quebec.huffingtonpost.ca
developer.sandbox.huffingtonpost.ca
developer.sandbox.projects.huffingtonpost.ca
developer.sandbox.quebec.huffingtonpost.ca
guce.huffingtonpost.ca
horizon.huffingtonpost.ca
huffingtonpost.ca
in.sandbox.projects.huffingtonpost.ca
link.huffingtonpost.ca
link.quebec.huffingtonpost.ca
m-admin.sandbox.quebec.huffingtonpost.ca
m-api.sandbox.quebec.huffingtonpost.ca
m-dashboard.sandbox.quebec.huffingtonpost.ca
m-developer.sandbox.quebec.huffingtonpost.ca
m-m.sandbox.quebec.huffingtonpost.ca
m-mesg.sandbox.quebec.huffingtonpost.ca
m-my.sandbox.quebec.huffingtonpost.ca
m-reg.sandbox.quebec.huffingtonpost.ca
m-signin.sandbox.quebec.huffingtonpost.ca
m-store.sandbox.quebec.huffingtonpost.ca
m-ws.sandbox.quebec.huffingtonpost.ca
m-www.api.sandbox.quebec.huffingtonpost.ca
m-www.mipapplication.sandbox.quebec.huffingtonpost.ca
m-www.sandbox.quebec.huffingtonpost.ca
m.admin.sandbox.quebec.huffingtonpost.ca
m.api.sandbox.quebec.huffingtonpost.ca
m.beta.huffingtonpost.ca
m.beta.quebec.huffingtonpost.ca
m.beta.www.huffingtonpost.ca
m.dashboard.sandbox.quebec.huffingtonpost.ca
m.developer.sandbox.quebec.huffingtonpost.ca
m.huffingtonpost.ca
m.m.sandbox.quebec.huffingtonpost.ca
m.mesg.sandbox.quebec.huffingtonpost.ca
m.my.sandbox.quebec.huffingtonpost.ca
m.quebec.huffingtonpost.ca
m.reg.sandbox.quebec.huffingtonpost.ca
m.sandbox.huffingtonpost.ca
m.sandbox.projects.huffingtonpost.ca
m.sandbox.quebec.huffingtonpost.ca
m.signin.sandbox.quebec.huffingtonpost.ca
m.staging.quebec.huffingtonpost.ca
m.staging.www.huffingtonpost.ca
m.store.sandbox.quebec.huffingtonpost.ca
m.vdms.sandbox.huffingtonpost.ca
m.vdms.sandbox.quebec.huffingtonpost.ca
m.ws.sandbox.quebec.huffingtonpost.ca
m.www.api.sandbox.quebec.huffingtonpost.ca
m.www.huffingtonpost.ca
m.www.mipapplication.sandbox.quebec.huffingtonpost.ca
m.www.sandbox.quebec.huffingtonpost.ca
madmin.sandbox.quebec.huffingtonpost.ca
mapi.sandbox.quebec.huffingtonpost.ca
mdashboard.sandbox.quebec.huffingtonpost.ca
mdeveloper.sandbox.quebec.huffingtonpost.ca
mesg.sandbox.huffingtonpost.ca
mesg.sandbox.projects.huffingtonpost.ca
mesg.sandbox.quebec.huffingtonpost.ca
mipapplication.sandbox.projects.huffingtonpost.ca
mm.sandbox.quebec.huffingtonpost.ca
mmesg.sandbox.quebec.huffingtonpost.ca
mmy.sandbox.quebec.huffingtonpost.ca
mreg.sandbox.quebec.huffingtonpost.ca
msignin.sandbox.quebec.huffingtonpost.ca
mstore.sandbox.quebec.huffingtonpost.ca
mws.sandbox.quebec.huffingtonpost.ca
mwww.api.sandbox.quebec.huffingtonpost.ca
mwww.mipapplication.sandbox.quebec.huffingtonpost.ca
mwww.sandbox.quebec.huffingtonpost.ca
my.sandbox.huffingtonpost.ca
my.sandbox.projects.huffingtonpost.ca
my.sandbox.quebec.huffingtonpost.ca
ns.huffingtonpost.ca
origin-admin.sandbox.quebec.huffingtonpost.ca
origin-api.sandbox.quebec.huffingtonpost.ca
origin-dashboard.sandbox.quebec.huffingtonpost.ca
origin-developer.sandbox.quebec.huffingtonpost.ca
origin-m.sandbox.quebec.huffingtonpost.ca
origin-mesg.sandbox.quebec.huffingtonpost.ca
origin-my.sandbox.quebec.huffingtonpost.ca
origin-production.quebec.huffingtonpost.ca
origin-qa.quebec.huffingtonpost.ca
origin-qa.www.huffingtonpost.ca
origin-reg.sandbox.quebec.huffingtonpost.ca
origin-signin.sandbox.quebec.huffingtonpost.ca
origin-staging.quebec.huffingtonpost.ca
origin-staging.www.huffingtonpost.ca
origin-store.sandbox.quebec.huffingtonpost.ca
origin-ws.sandbox.quebec.huffingtonpost.ca
origin-www.api.sandbox.quebec.huffingtonpost.ca
origin-www.mipapplication.sandbox.quebec.huffingtonpost.ca
origin-www.sandbox.quebec.huffingtonpost.ca
origin.admin.sandbox.quebec.huffingtonpost.ca
origin.api.sandbox.quebec.huffingtonpost.ca
origin.dashboard.sandbox.quebec.huffingtonpost.ca
origin.developer.sandbox.quebec.huffingtonpost.ca
origin.huffingtonpost.ca
origin.m.sandbox.quebec.huffingtonpost.ca
origin.mesg.sandbox.quebec.huffingtonpost.ca
origin.my.sandbox.quebec.huffingtonpost.ca
origin.quebec.huffingtonpost.ca
origin.reg.sandbox.quebec.huffingtonpost.ca
origin.sandbox.quebec.huffingtonpost.ca
origin.signin.sandbox.quebec.huffingtonpost.ca
origin.store.sandbox.quebec.huffingtonpost.ca
origin.ws.sandbox.quebec.huffingtonpost.ca
origin.www.api.sandbox.quebec.huffingtonpost.ca
origin.www.mipapplication.sandbox.quebec.huffingtonpost.ca
origin.www.sandbox.quebec.huffingtonpost.ca
originadmin.sandbox.quebec.huffingtonpost.ca
originapi.sandbox.quebec.huffingtonpost.ca
origindashboard.sandbox.quebec.huffingtonpost.ca
origindeveloper.sandbox.quebec.huffingtonpost.ca
originm.sandbox.quebec.huffingtonpost.ca
originmesg.sandbox.quebec.huffingtonpost.ca
originmy.sandbox.quebec.huffingtonpost.ca
originreg.sandbox.quebec.huffingtonpost.ca
originsignin.sandbox.quebec.huffingtonpost.ca
originstore.sandbox.quebec.huffingtonpost.ca
originws.sandbox.quebec.huffingtonpost.ca
originwww.api.sandbox.quebec.huffingtonpost.ca
originwww.mipapplication.sandbox.quebec.huffingtonpost.ca
originwww.sandbox.quebec.huffingtonpost.ca
orthodoxmom3.wordpress.comn-qa.quebec.huffingtonpost.ca
preview.m.huffingtonpost.ca
preview.m.quebec.huffingtonpost.ca
preview.quebec.huffingtonpost.ca
preview.www.huffingtonpost.ca
projects.huffingtonpost.ca
qa.m.huffingtonpost.ca
qa.m.quebec.huffingtonpost.ca
qa.preview.m.huffingtonpost.ca
qa.preview.m.quebec.huffingtonpost.ca
qa.preview.quebec.huffingtonpost.ca
qa.preview.www.huffingtonpost.ca
qa.quebec.huffingtonpost.ca
qa.search.huffingtonpost.ca
qa.search.quebec.huffingtonpost.ca
qa.www.huffingtonpost.ca
quebec.huffingtonpost.ca
reg.sandbox.huffingtonpost.ca
reg.sandbox.projects.huffingtonpost.ca
reg.sandbox.quebec.huffingtonpost.ca
sandbox.huffingtonpost.ca
sandbox.projects.huffingtonpost.ca
sandbox.quebec.huffingtonpost.ca
search.huffingtonpost.ca
search.quebec.huffingtonpost.ca
signin.sandbox.huffingtonpost.ca
signin.sandbox.projects.huffingtonpost.ca
signin.sandbox.quebec.huffingtonpost.ca
stage.guce.huffingtonpost.ca
staging.huffingtonpost.ca
staging.m.huffingtonpost.ca
staging.preview.m.huffingtonpost.ca
staging.preview.m.quebec.huffingtonpost.ca
staging.preview.quebec.huffingtonpost.ca
staging.preview.www.huffingtonpost.ca
staging.quebec.huffingtonpost.ca
staging.www.huffingtonpost.ca
store.sandbox.huffingtonpost.ca
store.sandbox.projects.huffingtonpost.ca
store.sandbox.quebec.huffingtonpost.ca
trunk.guce.huffingtonpost.ca
vdms.sandbox.huffingtonpost.ca
vdms.sandbox.quebec.huffingtonpost.ca
ws.sandbox.huffingtonpost.ca
ws.sandbox.projects.huffingtonpost.ca
ws.sandbox.quebec.huffingtonpost.ca
ww.huffingtonpost.ca
www.api.sandbox.huffingtonpost.ca
www.api.sandbox.projects.huffingtonpost.ca
www.api.sandbox.quebec.huffingtonpost.ca
www.huffingtonpost.ca
www.mipapplication.sandbox.huffingtonpost.ca
www.mipapplication.sandbox.projects.huffingtonpost.ca
www.mipapplication.sandbox.quebec.huffingtonpost.ca
www.quebec.huffingtonpost.ca
www.sandbox.huffingtonpost.ca
www.sandbox.projects.huffingtonpost.ca
www.sandbox.quebec.huffingtonpost.ca
