admin.sandbox.huffingtonpost.fr
api.sandbox.huffingtonpost.fr
archives-lepost.huffingtonpost.fr
b-aws.huffingtonpost.fr
b.huffingtonpost.fr
backstage.huffingtonpost.fr
beta.huffingtonpost.fr
beta.m.huffingtonpost.fr
beta.preview.m.huffingtonpost.fr
beta.preview.www.huffingtonpost.fr
beta.www.huffingtonpost.fr
chaski.huffingtonpost.fr
cmp.huffingtonpost.fr
cms.huffingtonpost.fr
dashboard.sandbox.huffingtonpost.fr
dev.search.huffingtonpost.fr
developer.sandbox.huffingtonpost.fr
guce.huffingtonpost.fr
horizon.huffingtonpost.fr
huffingtonpost.fr
lavieestbelge-en-wallonie.huffingtonpost.fr
lem.huffingtonpost.fr
link.huffingtonpost.fr
m.beta.www.huffingtonpost.fr
m.huffingtonpost.fr
m.sandbox.huffingtonpost.fr
m.staging.www.huffingtonpost.fr
m.www.huffingtonpost.fr
mesg.sandbox.huffingtonpost.fr
mobile.huffingtonpost.fr
my.sandbox.huffingtonpost.fr
origin-qa.www.huffingtonpost.fr
origin-staging.www.huffingtonpost.fr
origin.huffingtonpost.fr
preview.m.huffingtonpost.fr
preview.www.huffingtonpost.fr
projects.huffingtonpost.fr
qa.m.huffingtonpost.fr
qa.preview.m.huffingtonpost.fr
qa.preview.www.huffingtonpost.fr
qa.search.huffingtonpost.fr
qa.www.huffingtonpost.fr
reg.sandbox.huffingtonpost.fr
search.huffingtonpost.fr
signin.sandbox.huffingtonpost.fr
sourced.ssl.sandbox.sourced.huffingtonpost.fr
stage.guce.huffingtonpost.fr
staging.huffingtonpost.fr
staging.m.huffingtonpost.fr
staging.preview.m.huffingtonpost.fr
staging.preview.www.huffingtonpost.fr
staging.search.huffingtonpost.fr
staging.www.huffingtonpost.fr
store.sandbox.huffingtonpost.fr
trunk.guce.huffingtonpost.fr
videos.huffingtonpost.fr
ws.sandbox.huffingtonpost.fr
www.api.sandbox.huffingtonpost.fr
www.huffingtonpost.fr
www.mipapplication.sandbox.huffingtonpost.fr
www.sandbox.huffingtonpost.fr
