admin.sandbox.huffingtonpost.it
api.sandbox.huffingtonpost.it
b-aws.huffingtonpost.it
b.huffingtonpost.it
beta.huffingtonpost.it
beta.m.huffingtonpost.it
beta.preview.m.huffingtonpost.it
beta.preview.www.huffingtonpost.it
beta.www.huffingtonpost.it
chaski.huffingtonpost.it
cms.huffingtonpost.it
dashboard.sandbox.huffingtonpost.it
dev.search.huffingtonpost.it
developer.sandbox.huffingtonpost.it
eulogin.huffingtonpost.it
eulogin.shop.huffingtonpost.it
guce.huffingtonpost.it
horizon.huffingtonpost.it
huffingtonpost.it
link.huffingtonpost.it
m.beta.www.huffingtonpost.it
m.huffingtonpost.it
m.sandbox.huffingtonpost.it
m.staging.www.huffingtonpost.it
m.www.huffingtonpost.it
mesg.sandbox.huffingtonpost.it
my.sandbox.huffingtonpost.it
ns.huffingtonpost.it
oas.huffingtonpost.it
origin-qa.www.huffingtonpost.it
origin-staging.www.huffingtonpost.it
origin-video.huffingtonpost.it
origin.huffingtonpost.it
preview.m.huffingtonpost.it
preview.www.huffingtonpost.it
projects.huffingtonpost.it
qa.m.huffingtonpost.it
qa.preview.m.huffingtonpost.it
qa.preview.www.huffingtonpost.it
qa.search.huffingtonpost.it
qa.www.huffingtonpost.it
reg.sandbox.huffingtonpost.it
sandbox.huffingtonpost.it
search.huffingtonpost.it
servizi.huffingtonpost.it
shop.huffingtonpost.it
signin.sandbox.huffingtonpost.it
speciali.huffingtonpost.it
stage.guce.huffingtonpost.it
stage.huffingtonpost.it
staging.m.huffingtonpost.it
staging.preview.m.huffingtonpost.it
staging.preview.www.huffingtonpost.it
staging.search.huffingtonpost.it
staging.www.huffingtonpost.it
store.sandbox.huffingtonpost.it
test-servizi.huffingtonpost.it
test-shop.huffingtonpost.it
test.huffingtonpost.it
trunk.guce.huffingtonpost.it
vdms.staging.huffingtonpost.it
video.huffingtonpost.it
ws.sandbox.huffingtonpost.it
www.api.sandbox.huffingtonpost.it
www.huffingtonpost.it
www.mipapplication.sandbox.huffingtonpost.it
www.sandbox.huffingtonpost.it
zephr-origin.test.huffingtonpost.it
