2fwww.huffingtonpost.com.au
admin.sandbox.huffingtonpost.com.au
amp.huffingtonpost.com.au
api.sandbox.huffingtonpost.com.au
b.huffingtonpost.com.au
beta.huffingtonpost.com.au
beta.m.huffingtonpost.com.au
beta.preview.m.huffingtonpost.com.au
beta.preview.www.huffingtonpost.com.au
beta.sandbox.huffingtonpost.com.au
beta.www.huffingtonpost.com.au
chaski.huffingtonpost.com.au
cms.huffingtonpost.com.au
dashboard.sandbox.huffingtonpost.com.au
dev-2zfki.sandbox.amp.huffingtonpost.com.au
dev.search.huffingtonpost.com.au
developer.sandbox.huffingtonpost.com.au
guce.huffingtonpost.com.au
horizon.huffingtonpost.com.au
huffingtonpost.com.au
link.huffingtonpost.com.au
m.beta.www.huffingtonpost.com.au
m.huffingtonpost.com.au
m.sandbox.huffingtonpost.com.au
m.staging.www.huffingtonpost.com.au
m.www.huffingtonpost.com.au
mesg.sandbox.huffingtonpost.com.au
mobile.huffingtonpost.com.au
my.sandbox.huffingtonpost.com.au
origin-qa.www.huffingtonpost.com.au
origin.huffingtonpost.com.au
preview.m.huffingtonpost.com.au
preview.www.huffingtonpost.com.au
projects.huffingtonpost.com.au
qa.m.huffingtonpost.com.au
qa.preview.m.huffingtonpost.com.au
qa.preview.www.huffingtonpost.com.au
qa.search.huffingtonpost.com.au
qa.www.huffingtonpost.com.au
reg.sandbox.huffingtonpost.com.au
search.huffingtonpost.com.au
signin.sandbox.huffingtonpost.com.au
stage.guce.huffingtonpost.com.au
staging.m.huffingtonpost.com.au
staging.preview.m.huffingtonpost.com.au
staging.preview.www.huffingtonpost.com.au
staging.sandbox.huffingtonpost.com.au
staging.www.huffingtonpost.com.au
store.sandbox.huffingtonpost.com.au
stories.huffingtonpost.com.au
trunk.guce.huffingtonpost.com.au
ws.sandbox.huffingtonpost.com.au
www.api.sandbox.huffingtonpost.com.au
www.huffingtonpost.com.au
www.mipapplication.sandbox.huffingtonpost.com.au
www.sandbox.huffingtonpost.com.au
