19710d5acc58b0cb405e5aa1e903394cd2b55713.2.damoh.huffingtonpost.de
29053af64097afbc28c4c6fc796baf3638a2c242.1.damoh.huffingtonpost.de
3f035669753ea13c026e760fe1b3c29efabedc6b.2.damoh.huffingtonpost.de
408484203e382c8fbab79582a8ecbf8901754a2b.2.damoh.huffingtonpost.de
4b4ea366a6d90121c78f1a5cb588bd7740a791c7.1.damoh.huffingtonpost.de
4dbc3283094931125e76b00761cbcbf6b5d3d360.1.damoh.huffingtonpost.de
574a0efcb2d50b345c8023e2145572e2d67402c0.3.damoh.huffingtonpost.de
76b0e21380cf0f4042dfa0cb302c3e46da449efc.1.damoh.huffingtonpost.de
968f0de72a8d6a14408c9b5d65b76b6422d67460.1.damoh.huffingtonpost.de
98f7ea8a99930aae623cfd5a4af0d4a188c6c82a.3.damoh.huffingtonpost.de
analytics.1.damoh.huffingtonpost.de
analytics.2.damoh.huffingtonpost.de
analytics.3.damoh.huffingtonpost.de
analytics.huffingtonpost.de
api.2.damoh.huffingtonpost.de
b-aws.1.damoh.huffingtonpost.de
b-aws.2.damoh.huffingtonpost.de
b-aws.3.damoh.huffingtonpost.de
b-aws.huffingtonpost.de
b.1.damoh.huffingtonpost.de
b.2.damoh.huffingtonpost.de
b.3.damoh.huffingtonpost.de
b.huffingtonpost.de
b300087e7ac03d8d5bea1267e1a1f9610f42b739.3.damoh.huffingtonpost.de
beta.1.damoh.huffingtonpost.de
beta.2.damoh.huffingtonpost.de
beta.3.damoh.huffingtonpost.de
beta.huffingtonpost.de
beta.m.huffingtonpost.de
beta.preview.m.huffingtonpost.de
beta.preview.www.huffingtonpost.de
beta.www.huffingtonpost.de
d6e978b0525a33d9c8f0ae6497f4f091e21ded51.1.damoh.huffingtonpost.de
damoh.1.damoh.huffingtonpost.de
damoh.2.damoh.huffingtonpost.de
damoh.3.damoh.huffingtonpost.de
dc7fe880c7ca0bc3af2d3b0bd631d7b09d29d7d8.1.damoh.huffingtonpost.de
e91c1924254ca82dbf93c874ffd5a3c14c9896e0.2.damoh.huffingtonpost.de
eaaf0312bc6064ddb2ed8d37e10885d2dc72f58f.2.damoh.huffingtonpost.de
esc-relaunch.huffingtonpost.de
f3a01aae472004f0e99058a16bdc25ac69d32fbf.3.damoh.huffingtonpost.de
fbia.1.damoh.huffingtonpost.de
fbia.2.damoh.huffingtonpost.de
fbia.3.damoh.huffingtonpost.de
fbia.huffingtonpost.de
guce.1.damoh.huffingtonpost.de
guce.2.damoh.huffingtonpost.de
guce.3.damoh.huffingtonpost.de
guce.huffingtonpost.de
m.1.damoh.huffingtonpost.de
m.2.damoh.huffingtonpost.de
m.3.damoh.huffingtonpost.de
m.beta.www.huffingtonpost.de
m.huffingtonpost.de
m.staging.www.huffingtonpost.de
m.video.huffingtonpost.de
m.videos.huffingtonpost.de
m.www.huffingtonpost.de
mail.1.damoh.huffingtonpost.de
mail.2.damoh.huffingtonpost.de
ns.huffingtonpost.de
origin-qa.www.huffingtonpost.de
origin-staging.www.huffingtonpost.de
origin.1.damoh.huffingtonpost.de
origin.2.damoh.huffingtonpost.de
origin.3.damoh.huffingtonpost.de
origin.huffingtonpost.de
preview.m.huffingtonpost.de
preview.www.huffingtonpost.de
projects.1.damoh.huffingtonpost.de
projects.2.damoh.huffingtonpost.de
projects.3.damoh.huffingtonpost.de
projects.huffingtonpost.de
qa.m.huffingtonpost.de
qa.preview.m.huffingtonpost.de
qa.preview.www.huffingtonpost.de
qa.www.huffingtonpost.de
sandbox.1.damoh.huffingtonpost.de
sandbox.2.damoh.huffingtonpost.de
sandbox.3.damoh.huffingtonpost.de
sandbox.huffingtonpost.de
sourced.1.damoh.huffingtonpost.de
sourced.2.damoh.huffingtonpost.de
sourced.3.damoh.huffingtonpost.de
sourced.ssl.sandbox.sourced.huffingtonpost.de
ssl.1.damoh.huffingtonpost.de
ssl.2.damoh.huffingtonpost.de
ssl.3.damoh.huffingtonpost.de
stage.guce.huffingtonpost.de
staging.preview.m.huffingtonpost.de
staging.preview.www.huffingtonpost.de
staging.www.huffingtonpost.de
trunk.guce.huffingtonpost.de
video.1.damoh.huffingtonpost.de
video.2.damoh.huffingtonpost.de
video.3.damoh.huffingtonpost.de
video.huffingtonpost.de
videoplay.1.damoh.huffingtonpost.de
videoplay.2.damoh.huffingtonpost.de
videoplay.3.damoh.huffingtonpost.de
videoplay.huffingtonpost.de
videos.1.damoh.huffingtonpost.de
videos.2.damoh.huffingtonpost.de
videos.3.damoh.huffingtonpost.de
videos.huffingtonpost.de
www.1.damoh.huffingtonpost.de
www.2.damoh.huffingtonpost.de
www.3.damoh.huffingtonpost.de
www.huffingtonpost.de
