admin-dev.hwigroup.com
admin.hwigroup.com
ads.hwigroup.com
andromeda.hwigroup.com
backup.hwigroup.com
bewebserver.hwigroup.com
castor.hwigroup.com
cygnus.hwigroup.com
delphinus.hwigroup.com
dvddev.hwigroup.com
eshead.hwigroup.com
git.hwigroup.com
hwi3.hwigroup.com
hwi3dev.hwigroup.com
hwidesign.hwigroup.com
hwidev.hwigroup.com
hwigroup.com
hydra.hwigroup.com
karel.connect.hwigroup.com
karel.hwigroup.com
kvm.hwigroup.com
localhost.hwigroup.com
login.hwigroup.com
mail.hwigroup.com
mantis.hwigroup.com
mercurius.hwigroup.com
munin.hwigroup.com
new.hwigroup.com
nlwebserver.hwigroup.com
nlwebserverssl.hwigroup.com
office.hwigroup.com
orion.hwigroup.com
pcevps.hwigroup.com
pdu.hwigroup.com
phoenix.hwigroup.com
pollux.hwigroup.com
q.hwigroup.com
scorpius.hwigroup.com
svn.hwigroup.com
taurus.hwigroup.com
testbak.hwigroup.com
ukwebserver.hwigroup.com
upload.hwigroup.com
upload2.hwigroup.com
uswebserver.hwigroup.com
virtual.hwigroup.com
webmail.hwigroup.com
websvn.hwigroup.com
www.hwigroup.com
www.office.hwigroup.com
