3monkstea.hyperwallet.com
a2a.hyperwallet.com
activate.hyperwallet.com
advocare.hyperwallet.com
agape.hyperwallet.com
agodarefund.hyperwallet.com
airpoints.hyperwallet.com
amakersstudio.hyperwallet.com
amazon.hyperwallet.com
americanredcross.hyperwallet.com
amusepay.hyperwallet.com
amway.uat.hyperwallet.com
api.sandbox.hyperwallet.com
api.uat.hyperwallet.com
arbonnepurepay.hyperwallet.com
ariixpay.hyperwallet.com
assets.hyperwallet.com
asurion.hyperwallet.com
asurionhomeplus.hyperwallet.com
avion.hyperwallet.com
aws.hyperwallet.com
awsvpn.hyperwallet.com
beautycounter.hyperwallet.com
bedandbreakfast.hyperwallet.com
bellame.hyperwallet.com
beneyou.hyperwallet.com
beta-docs.hyperwallet.com
beta-portal.hyperwallet.com
bodepro.hyperwallet.com
boisset.hyperwallet.com
boisset.uat.hyperwallet.com
budjet.hyperwallet.com
cabootypay.hyperwallet.com
camellife.hyperwallet.com
cardsettlement.hyperwallet.com
cc.hyperwallet.com
celerionpay.hyperwallet.com
cerule.hyperwallet.com
chalkpay.hyperwallet.com
citrix.hyperwallet.com
clientplus.hyperwallet.com
coinstarintl.hyperwallet.com
core.hyperwallet.com
corp.hyperwallet.com
damselindefense.hyperwallet.com
damselindefense.uat.hyperwallet.com
dcx.hyperwallet.com
dealerpolicy.hyperwallet.com
demo-fi.hyperwallet.com
demo-paygate.hyperwallet.com
demo.hyperwallet.com
developer-sandbox.hyperwallet.com
developer.hyperwallet.com
directdeposit.hyperwallet.com
disburse.hyperwallet.com
diwoh.hyperwallet.com
dlgworld.hyperwallet.com
docs.hyperwallet.com
dosh.hyperwallet.com
doterra.hyperwallet.com
dreambigger.hyperwallet.com
dylyver.hyperwallet.com
eleganceinc.hyperwallet.com
elevare360.hyperwallet.com
epicgames.hyperwallet.com
epicgames.uat.hyperwallet.com
espritapay.hyperwallet.com
eventbrite.hyperwallet.com
everbright.hyperwallet.com
expansion.hyperwallet.com
expedia.hyperwallet.com
expedia.uat.hyperwallet.com
expediataap.hyperwallet.com
fanshield.hyperwallet.com
fastspring.hyperwallet.com
fastspring.uat.hyperwallet.com
fi.hyperwallet.com
fiverr.hyperwallet.com
flucamppay.hyperwallet.com
fluentworlds.hyperwallet.com
flybillet.hyperwallet.com
forte.hyperwallet.com
framy.hyperwallet.com
funcash.hyperwallet.com
future.hyperwallet.com
geometry.hyperwallet.com
get.hyperwallet.com
ggc.hyperwallet.com
givedirectly.hyperwallet.com
globalrally.hyperwallet.com
globalvoices.hyperwallet.com
goat.hyperwallet.com
goodlife.hyperwallet.com
goodlife.uat.hyperwallet.com
gps.hyperwallet.com
grab.hyperwallet.com
halogen.hyperwallet.com
hitrecord.hyperwallet.com
hodo.hyperwallet.com
homeaway.hyperwallet.com
homebank.hyperwallet.com
hostelworld.hyperwallet.com
hw._spf.hyperwallet.com
hwcorp._spf.hyperwallet.com
hyperwallet.com
hytenglobal.hyperwallet.com
id.hyperwallet.com
id.sandbox.hyperwallet.com
iherb.hyperwallet.com
immunotec.hyperwallet.com
incruises.hyperwallet.com
info.hyperwallet.com
inteletravel.hyperwallet.com
inteletravel.uat.hyperwallet.com
intlsos.hyperwallet.com
iveypubs.hyperwallet.com
javamomma.hyperwallet.com
jayride.hyperwallet.com
kuverapay.hyperwallet.com
lasfw3.hyperwallet.com
lava.hyperwallet.com
lbcompany.hyperwallet.com
lencoo.hyperwallet.com
lifebrook.hyperwallet.com
lifefunds.hyperwallet.com
lime.hyperwallet.com
limelife.hyperwallet.com
litupp.hyperwallet.com
liv.hyperwallet.com
livit.hyperwallet.com
lvpay.hyperwallet.com
lvpay.uat.hyperwallet.com
maellepay.hyperwallet.com
mail.hyperwallet.com
mail2.hyperwallet.com
mail3.hyperwallet.com
mail4.hyperwallet.com
mail6.hyperwallet.com
marketplacer.hyperwallet.com
marketspaceusa.uat.hyperwallet.com
merchant.hyperwallet.com
modere.hyperwallet.com
momentouspay.hyperwallet.com
mybutterflybeauty.hyperwallet.com
mylittlejob.hyperwallet.com
mytibena.hyperwallet.com
naativ.hyperwallet.com
neora.hyperwallet.com
neowallet.hyperwallet.com
netqube.hyperwallet.com
neunrg.hyperwallet.com
newearth.hyperwallet.com
nimblify.hyperwallet.com
notifications.hyperwallet.com
o1.notifications.hyperwallet.com
omega.hyperwallet.com
opentable.hyperwallet.com
optavia.hyperwallet.com
pages.hyperwallet.com
parklu.hyperwallet.com
partandparcelpay.hyperwallet.com
pawpay.hyperwallet.com
pay.hyperwallet.com
pay.uat.hyperwallet.com
paygate.hyperwallet.com
payouts.hyperwallet.com
paypal.hyperwallet.com
paypeytonbre.hyperwallet.com
paytrek.hyperwallet.com
pearl.hyperwallet.com
perks.hyperwallet.com
placeholder1.hyperwallet.com
placeholder3.hyperwallet.com
placeholder5.hyperwallet.com
placeholder6.hyperwallet.com
portal.hyperwallet.com
poshpay.hyperwallet.com
preview.hyperwallet.com
projectbaseline.hyperwallet.com
proposify.hyperwallet.com
proposify.uat.hyperwallet.com
psivet.hyperwallet.com
pulsarhalo.hyperwallet.com
redaspenlove.hyperwallet.com
redsoda.hyperwallet.com
redsoda.uat.hyperwallet.com
renewfinancial.hyperwallet.com
renovaworldwide.hyperwallet.com
retropay.hyperwallet.com
revitalu.hyperwallet.com
saatchiart.hyperwallet.com
saba.hyperwallet.com
salespromotions.hyperwallet.com
sandbox.hyperwallet.com
saverlife.hyperwallet.com
scoutaccount.hyperwallet.com
sellers-apac.hyperwallet.com
sellers-apac.uat.hyperwallet.com
sellers-europe.hyperwallet.com
sellers-europe.uat.hyperwallet.com
sellers-japan.hyperwallet.com
sellers-japan.uat.hyperwallet.com
sellers.hyperwallet.com
sellers.uat.hyperwallet.com
service.hyperwallet.com
sfr.hyperwallet.com
sfr2018.hyperwallet.com
simplyfun.hyperwallet.com
singlecare.hyperwallet.com
smtp-in.hyperwallet.com
smtp.dcx.hyperwallet.com
smtp.hyperwallet.com
staples.hyperwallet.com
status.hyperwallet.com
stockx.hyperwallet.com
streamloots.hyperwallet.com
summitaffiliate.hyperwallet.com
summitsocialacademy.hyperwallet.com
support.hyperwallet.com
synergy.hyperwallet.com
tavala.hyperwallet.com
tcvpn.hyperwallet.com
test.hyperwallet.com
theglobalpaycard.hyperwallet.com
thehub.hyperwallet.com
tiberriver.hyperwallet.com
ticketio.hyperwallet.com
tidelift.hyperwallet.com
tilr.hyperwallet.com
tlc.hyperwallet.com
tracynegoshian.hyperwallet.com
travelstart.hyperwallet.com
trelar.hyperwallet.com
trip.hyperwallet.com
tripfuser.hyperwallet.com
truaura.hyperwallet.com
trurise.hyperwallet.com
tsweb.hyperwallet.com
turo.hyperwallet.com
uat-hotels.hyperwallet.com
uat-pay.hyperwallet.com
uat.hyperwallet.com
uat.payouts.hyperwallet.com
univiapays.hyperwallet.com
url5676.hyperwallet.com
validation.hyperwallet.com
verily.hyperwallet.com
via.hyperwallet.com
vitaleaf.hyperwallet.com
vivri.hyperwallet.com
vivwallet.hyperwallet.com
voices-sandbox.hyperwallet.com
voices.hyperwallet.com
voxxpay.hyperwallet.com
vpn1.hyperwallet.com
vyvo.hyperwallet.com
walmart.hyperwallet.com
welocalize.hyperwallet.com
windpay.hyperwallet.com
winknaturals.hyperwallet.com
worker.hyperwallet.com
workgenius.hyperwallet.com
wssellers.hyperwallet.com
www-sandbox.hyperwallet.com
www.api.sandbox.hyperwallet.com
www.citrix.hyperwallet.com
www.developer.hyperwallet.com
www.fi.hyperwallet.com
www.hyperwallet.com
www.lava.hyperwallet.com
www.mail.hyperwallet.com
www.yourbrandhere.hyperwallet.com
xelliss.hyperwallet.com
xyngular.hyperwallet.com
yanbal.hyperwallet.com
ylyver.hyperwallet.com
yoli.hyperwallet.com
yoli.uat.hyperwallet.com
youngliving.hyperwallet.com
yourbrand.hyperwallet.com
yourbrandhere.hyperwallet.com
yvr-vpn.hyperwallet.com
