adjust-clickstram.staging2.iconjob.co
adjust-clickstream.iconjob.co
adjust-clickstream.preprod.iconjob.co
adjust-clickstream.staging.iconjob.co
adjust-clickstream.staging2.iconjob.co
admin.iconjob.co
airflow.iconjob.co
airflow.staging.iconjob.co
airflow.staging2.iconjob.co
airflow.staging3.iconjob.co
airflow2.iconjob.co
allure.iconjob.co
api.iconjob.co
api.preprod.iconjob.co
api.stage.iconjob.co
api.staging.iconjob.co
api.staging2.iconjob.co
apm.iconjob.co
ch.iconjob.co
consul.iconjob.co
dcr.iconjob.co
gate.iconjob.co
gate.preprod.iconjob.co
gate.staging.iconjob.co
geo.staging.iconjob.co
git.iconjob.co
grafana.iconjob.co
grafana.internal.iconjob.co
habarovsk.preprod.iconjob.co
hr.preprod.iconjob.co
hr.stage.iconjob.co
hr.staging.iconjob.co
hr.staging2.iconjob.co
iconjob.co
insight.iconjob.co
internal.iconjob.co
ivanovo.foo.stage.iconjob.co
ivanovo.stage.iconjob.co
jupyter.internal.iconjob.co
jupyterhub.iconjob.co
kibana.iconjob.co
mail.iconjob.co
metabase.iconjob.co
metabase.internal.iconjob.co
notary.internal.iconjob.co
npm.iconjob.co
oldgoodtimes.iconjob.co
onelink.staging.iconjob.co
pghero.iconjob.co
preprod.iconjob.co
prometheus.iconjob.co
qa.iconjob.co
r.iconjob.co
redash.iconjob.co
registry.internal.iconjob.co
s3.iconjob.co
sales.iconjob.co
sales.preprod.iconjob.co
sales.staging.iconjob.co
sales.staging2.iconjob.co
selenoid.iconjob.co
sentry.iconjob.co
stage.iconjob.co
staging.iconjob.co
staging2.iconjob.co
staging3.iconjob.co
support.iconjob.co
tc.iconjob.co
vault.iconjob.co
www.iconjob.co
