api.igame.com
apistaging.igame.com
attached.igame.com
autodiscover.igame.com
backup.igame.com
backupbo.igame.com
banner.igame.com
baramr.igame.com
blog.igame.com
bo.igame.com
bong2.igame.com
bostaging.igame.com
c182-76.igame.com
calendar.igame.com
ci.igame.com
coming.igame.com
cs100.udb.igame.com
deploy.igame.com
docs.igame.com
elastic.igame.com
enas.igame.com
esports.igame.com
eum.igame.com
evolivecasino.igame.com
fb.igame.com
fi-qa1.igame.com
fi-si1.igame.com
fi.igame.com
forum.igame.com
front.igame.com
frontstage.igame.com
fshare.igame.com
gitpush.igame.com
go.igame.com
igame.com
knowledgebase.igame.com
leijona.igame.com
link.email.igame.com
livecasino.igame.com
livechat.igame.com
m.igame.com
mail.igame.com
no-qa1.igame.com
no-si1.igame.com
no.igame.com
nopeustesti.igame.com
payment.igame.com
rancher.igame.com
s3fr.igame.com
sbanner.igame.com
se-qa1.igame.com
se-si1.igame.com
se.igame.com
servant2.igame.com
sgw.igame.com
sports.igame.com
sportsstage.igame.com
sportstest3.igame.com
staging.igame.com
stats.igame.com
vodafone.igame.com
vpn.igame.com
w.igame.com
welcome.igame.com
ws1.igame.com
ws1s.igame.com
ws2.igame.com
ws2s.igame.com
wvw.igame.com
www-old.igame.com
www-orig.igame.com
www-qa1.igame.com
www-si1.igame.com
www.igame.com
www.retailmanager.igame.com
www.sea.igame.com
www.sina.igame.com
www.store.igame.com
www.tarskereso.igame.com
www.wvw.igame.com
wwwstaging.igame.com
xns.igame.com
