20.indeed.com
22www.indeed.com
2fwww.indeed.com
3c4c2f5a70206.indeed.com
81b9df08195.indeed.com
9ff4420a1.indeed.com
_de.indeed.com
_spf1.indeed.com
_spf2.indeed.com
a.vpn.indeed.com
a.web1-1.c-4cfalt.nl.1.1.0.1.ce.vpn.indeed.com
aarp.indeed.com
about.indeed.com
account.indeed.com
accounts.indeed.com
activity-report.indeed.com
adcentral-legacy.indeed.com
adcentral.indeed.com
adh.indeed.com
admin.indeed.com
ads-demo.indeed.com
ads.dyn.indeed.com
ads.indeed.com
advertiser-budget-plugin.indeed.com
adwebapp.dyn.indeed.com
ae.conv.indeed.com
ae.indeed.com
aggcentral.indeed.com
aggtest.indeed.com
alberttocoronado.portal2.ext.indeed.com
allbusiness.indeed.com
aloha.corp.indeed.com
aloha2.corp.indeed.com
americas.dyn.indeed.com
analytics.dyn.indeed.com
analytics.indeed.com
analyticsperf-analytics.indeed.com
andes.indeed.com
anti-virus-rants.aggtest.indeed.com
antivirus.ap-southeast-2.vpn.indeed.com
antivirusi.aggtest.indeed.com
ap-southeast-2.vpn.indeed.com
apacvpn.indeed.com
api-edu-webapp.indeed.com
api-gw.indeed.com
api-title-webapp.indeed.com
api.ext.indeed.com
api.indeed.com
apirss.dyn.indeed.com
apis.indeed.com
application.indeed.com
applies.indeed.com
apply-feedback.indeed.com
apply-geo.dyn.indeed.com
apply-preview.indeed.com
apply-td.dyn.indeed.com
apply.dyn.indeed.com
apply.indeed.com
appsstatus.indeed.com
apptracker.indeed.com
apricot.indeed.com
aq.conv.indeed.com
aq.indeed.com
ar.conv.indeed.com
ar.indeed.com
ar.ma.indeed.com
arribada.sg.indeed.com
asa-1.vpn.indeed.com
at.conv.indeed.com
at.indeed.com
ats-management.indeed.com
au.conv.indeed.com
au.indeed.com
au.vpn.indeed.com
auth.dyn.indeed.com
auth.indeed.com
autocomplete.dyn.indeed.com
autocomplete.indeed.com
autoconfig.vpn.indeed.com
aws.vpn.indeed.com
b.indeed.com
backend.vpn.indeed.com
background-employers.indeed.com
background.indeed.com
backup.americas.dyn.indeed.com
backup.eastasian.dyn.indeed.com
backup.europe.dyn.indeed.com
backup.us.dyn.indeed.com
backup.vpn.indeed.com
baito.indeed.com
banana.indeed.com
be.conv.indeed.com
be.indeed.com
beseen.indeed.com
beyondvirus.backend.vpn.indeed.com
bgrv06a8nh.indeed.com
bh.conv.indeed.com
bh.indeed.com
billing-employers.indeed.com
billing.indeed.com
billing2.indeed.com
bj.vpn.indeed.com
blog-qa.indeed.com
blog.au.indeed.com
blog.de.indeed.com
blog.indeed.com
blog.jp.indeed.com
bloomberg.indeed.com
br.conv.indeed.com
br.indeed.com
brand.indeed.com
bridge.indeed.com
bronto.indeed.com
bugs-qa.indeed.com
bugs.indeed.com
bulkupload-employers.indeed.com
c.indeed.com
ca.conv.indeed.com
ca.indeed.com
calendar.indeed.com
campaign-management-plugin.indeed.com
campus.indeed.com
canada.indeed.com
captive.indeed.com
career-pages.indeed.com
career.indeed.com
cass-employers.indeed.com
central.indeed.com
ch-fr.indeed.com
ch.conv.indeed.com
ch.indeed.com
chat-inquiry-qa.indeed.com
chat.indeed.com
cherry.indeed.com
choice.indeed.com
chrome.indeed.com
cl.conv.indeed.com
cl.indeed.com
clicktocall.labs.indeed.com
clientvpn.indeed.com
clk.indeed.com
cluster.indeed.com
cmh-ga.indeed.com
cmh-nonga.indeed.com
cmh.apply.indeed.com
cmhprod.indeed.com
cn.conv.indeed.com
cn.indeed.com
co.conv.indeed.com
co.indeed.com
cocos-api.indeed.com
code.corp.indeed.com
com.connect-57-2.vpn.indeed.com
compare.indeed.com
confluence.connect-33.vpn.indeed.com
connect--5-3-9-1.region.vpn.indeed.com
connect-1--99-5.twitch.vpn.indeed.com
connect-10-3-1.14.vpn.indeed.com
connect-13-5.restricted.vpn.indeed.com
connect-14-4-api.vpn.indeed.com
connect-4-57.hwcdn.vpn.indeed.com
connect-6-1-86.trial.vpn.indeed.com
connect-6-14-3.devops.vpn.indeed.com
connect-7-9-5.a.vpn.indeed.com
connect.indeed.com
connect.vpn.indeed.com
connect071-3-51-7-2.swagger.vpn.indeed.com
connect63-85-6-59ids.vpn.indeed.com
connect64137-701-c.vpn.indeed.com
consent.indeed.com
content.indeed.com
conv.indeed.com
cookiemgr.indeed.com
coronaangelica.portal.ext.indeed.com
coronacapital.portal.ext.indeed.com
coronadelmar.logmetrics.ext.indeed.com
coronado-ranch.aggtest.indeed.com
coronasantorosario.portal2.ext.indeed.com
corp.indeed.com
corpvpn.indeed.com
covid1996.aggtest.indeed.com
covid1996.pages.corp.indeed.com
cpd-employers.indeed.com
cpqa-employers.indeed.com
cr.conv.indeed.com
cr.indeed.com
crowd.indeed.com
cts.indeed.com
cz.conv.indeed.com
cz.indeed.com
da29fd00111.indeed.com
de.conv.indeed.com
de.indeed.com
deletev9redirectvirus.aggtest.indeed.com
demo.indeed.com
depannage-ordinateur-windows-virus.aggtest.indeed.com
devops.indeed.com
directapply.indeed.com
directtointerview.indeed.com
ditto.indeed.com
dk.conv.indeed.com
dk.indeed.com
durian.indeed.com
dustbin.indeed.com
dustbin2.indeed.com
dyn.indeed.com
dyn2.indeed.com
dyn3.indeed.com
dyn4.indeed.com
dyn5.indeed.com
dyn6.indeed.com
e.indeed.com
e96746581a.indeed.com
eastasian.dyn.indeed.com
ebscovideos.au.vpn.indeed.com
ec.conv.indeed.com
ec.indeed.com
ec5d4273b.indeed.com
ecovidrio.aggtest.indeed.com
edu.indeed.com
eee.indeed.com
eg.conv.indeed.com
eg.indeed.com
eip.indeed.com
elderberry.indeed.com
email.indeed.com
embox.indeed.com
emeavpn.indeed.com
emob.indeed.com
emplois.be.indeed.com
emplois.ca.indeed.com
employal-employers.indeed.com
employer.dyn.indeed.com
employer.indeed.com
employers-cmhprod.indeed.com
employers-resumes.indeed.com
employers-rezsearch.indeed.com
employers.dyn.indeed.com
employers.indeed.com
en.indeed.com
enable.indeed.com
enableapply.indeed.com
encserv.indeed.com
endorse.indeed.com
engineering-qa.indeed.com
engineering.indeed.com
entincjobs-employers.indeed.com
entry.indeed.com
ers.indeed.com
es.conv.indeed.com
es.indeed.com
estimate.indeed.com
europe.dyn.indeed.com
event-schedule.indeed.com
events.indeed.com
everyone.indeed.com
ewa.indeed.com
exchange.indeed.com
excite.indeed.com
expenses.indeed.com
expert.indeed.com
ext.indeed.com
family.indeed.com
fbcompany2.indeed.com
fbcompany3.indeed.com
fi.conv.indeed.com
fi.indeed.com
files.aggtest.indeed.com
firefox.indeed.com
fisheye.indeed.com
flame.indeed.com
foryou.indeed.com
fr.conv.indeed.com
fr.indeed.com
franchise.indeed.com
ftp.indeed.com
fulfill.indeed.com
gb.conv.indeed.com
gb.dyn.indeed.com
gb.indeed.com
gdc.indeed.com
gigs.indeed.com
github.portal2-9-1.ext.indeed.com
global.indeed.com
gmail.indeed.com
go.indeed.com
goodtimes.indeed.com
goodtimesmodelevaluator.indeed.com
gotajob.indeed.com
gr.conv.indeed.com
gr.indeed.com
grape.indeed.com
guide.indeed.com
heartbeat.indeed.com
hello.indeed.com
help.indeed.com
helpwanted.indeed.com
hero-employers.indeed.com
heroaux.indeed.com
hire.indeed.com
hirec-service.indeed.com
hirecentral.corp.indeed.com
hiresignal-employers.indeed.com
hk.conv.indeed.com
hk.indeed.com
hkg.apply.indeed.com
hkgprod.indeed.com
homepage.indeed.com
honeydew.indeed.com
host.indeed.com
host12.indeed.com
host15.indeed.com
hr-canada.indeed.com
hr.indeed.com
http.accounts.indeed.com
http.ads.indeed.com
http.analytics.indeed.com
http.analyticsperf-analytics.indeed.com
http.andes.indeed.com
http.apis.indeed.com
http.at.indeed.com
http.background-employers.indeed.com
http.be.conv.indeed.com
http.billing-employers.indeed.com
http.bugs.indeed.com
http.bulkupload-employers.indeed.com
http.campus.indeed.com
http.career-pages.indeed.com
http.cass-employers.indeed.com
http.chat.indeed.com
http.clicktocall.labs.indeed.com
http.connect.indeed.com
http.consent.indeed.com
http.content.indeed.com
http.cpd-employers.indeed.com
http.cpqa-employers.indeed.com
http.de.conv.indeed.com
http.employal-employers.indeed.com
http.employer.indeed.com
http.employers-resumes.indeed.com
http.employers.indeed.com
http.entincjobs-employers.indeed.com
http.es.indeed.com
http.events.indeed.com
http.fr.indeed.com
http.gigs.indeed.com
http.goodtimesmodelevaluator.indeed.com
http.gr.indeed.com
http.heartbeat.indeed.com
http.hero-employers.indeed.com
http.hiresignal-employers.indeed.com
http.idjq-employers.indeed.com
http.incandidate-employers.indeed.com
http.indeedbot.indeed.com
http.indeedcrowd-employers.indeed.com
http.internships.indeed.com
http.inwidget-employers.indeed.com
http.iq-employers.indeed.com
http.it.indeed.com
http.jobfairs.indeed.com
http.jobinator.indeed.com
http.jobspotter.indeed.com
http.jpdp-employers.indeed.com
http.js.indeed.com
http.kr.indeed.com
http.kumquat.indeed.com
http.labkit.indeed.com
http.linebot.indeed.com
http.loyal-employers.indeed.com
http.match-employers.indeed.com
http.matches.indeed.com
http.mechabugs.indeed.com
http.messages.indeed.com
http.nagios.indeed.com
http.net.indeed.com
http.nz.indeed.com
http.offers.indeed.com
http.ohiomeansjobs.indeed.com
http.oss.indeed.com
http.p.cluster.indeed.com
http.passwordreset.indeed.com
http.pet.indeed.com
http.pie-employers.indeed.com
http.placement.indeed.com
http.press.indeed.com
http.primejobs.indeed.com
http.prospect.indeed.com
http.questions.indeed.com
http.redirects.indeed.com
http.referrals.indeed.com
http.reportcontent.indeed.com
http.resumecreator.indeed.com
http.resumes.indeed.com
http.roadrunner.indeed.com
http.rochesterworks.indeed.com
http.rss.indeed.com
http.screener-questions.indeed.com
http.seenjobs.indeed.com
http.select.indeed.com
http.senior.indeed.com
http.sentrylabs.indeed.com
http.skap-employers.indeed.com
http.smb-communication-employers.indeed.com
http.sponsor-employers.indeed.com
http.spotlight.indeed.com
http.student.indeed.com
http.subscriptions.indeed.com
http.t.indeed.com
http.talent.indeed.com
http.tezjobs.indeed.com
http.tr.indeed.com
http.trends.indeed.com
http.uglifruit.indeed.com
http.usnews.indeed.com
hu.conv.indeed.com
hu.indeed.com
hwkmail1.indeed.com
hwkmail10.indeed.com
hwkmail11.indeed.com
hwkmail12.indeed.com
hwkmail2.indeed.com
hwkmail3.indeed.com
hwkmail4.indeed.com
hwkmail5.indeed.com
hwkmail6.indeed.com
hwkmail7.indeed.com
hwkmail8.indeed.com
hwkmail9.indeed.com
i.connect-86.vpn.indeed.com
i.swagger-connect-86.vpn.indeed.com
iad.apply.indeed.com
iadprod.indeed.com
iam-adminweb.corp.indeed.com
id.conv.indeed.com
id.indeed.com
idjq-employers.indeed.com
ids.connect-064.vpn.indeed.com
idsync.indeed.com
ie.conv.indeed.com
ie.indeed.com
igloo.indeed.com
il.conv.indeed.com
il.indeed.com
ilearn.indeed.com
imaginemynewjob.indeed.com
imptest.indeed.com
imvaccine.backend.vpn.indeed.com
in.conv.indeed.com
in.indeed.com
inbox.indeed.com
incandidate-employers.indeed.com
indeed-cmhprod.indeed.com
indeed.com
indeedbot.indeed.com
indeedcrowd-employers.indeed.com
indeedhire-draw-plugin.indeed.com
indeedhire-employer.indeed.com
indeedhire-jobseeker.indeed.com
india.indeed.com
info.indeed.com
inman.indeed.com
insider.indeed.com
internal.indeed.com
internships.indeed.com
interview.indeed.com
interviewdays.indeed.com
interviewpool.indeed.com
interviews-redirect.indeed.com
interviews.indeed.com
intranet.indeed.com
intsignup.indeed.com
inwidget-employers.indeed.com
iq-employers.indeed.com
it.conv.indeed.com
it.indeed.com
itapalm.indeed.com
itaportal.indeed.com
jls.corp.indeed.com
job-hunt.indeed.com
jobbankusa.indeed.com
jobfairs.indeed.com
jobinator.indeed.com
jobox.indeed.com
jobroll.indeed.com
jobs.eg.indeed.com
jobs.id.indeed.com
jobs.th.indeed.com
jobs.vn.indeed.com
jobspotter-mturk.indeed.com
jobspotter.indeed.com
jobsurf.indeed.com
johncovered.backend.vpn.indeed.com
jp.conv.indeed.com
jp.engineering.indeed.com
jp.indeed.com
jpdp-employers.indeed.com
jproxy.indeed.com
js.indeed.com
jscheckout.indeed.com
jsna-gw.indeed.com
jsna.indeed.com
jujube.indeed.com
karma.indeed.com
kimoyo-qa.indeed.com
kimoyo.indeed.com
kosuncovered.aggtest.indeed.com
kr.conv.indeed.com
kr.indeed.com
kumquat.indeed.com
kw.conv.indeed.com
kw.indeed.com
l.indeed.com
labkit.indeed.com
labs.dyn.indeed.com
labsapi.indeed.com
ldapcluster.corp.indeed.com
le-api.indeed.com
learn.indeed.com
legal.indeed.com
lemon.indeed.com
lesvirus.aggtest.indeed.com
linealerts-iu-qa.indeed.com
linebot.indeed.com
link.indeed.com
liveherpesvaccine.files.aggtest.indeed.com
local.indeed.com
log.indeed.com
logmetrics-3-49accounts.ext.indeed.com
logmetrics-83-8-9vpn.ext.indeed.com
logmetrics.ext.indeed.com
logos.indeed.com
lon.apply.indeed.com
loncov2.aws.vpn.indeed.com
loncov6.asa-1.vpn.indeed.com
lonprod.indeed.com
lookingglass-qa.indeed.com
loyal-employers.indeed.com
lu.conv.indeed.com
lu.indeed.com
lumos.indeed.com
m3.apply.indeed.com
m4.apply.indeed.com
m5.apply.indeed.com
ma.conv.indeed.com
ma.indeed.com
mail.indeed.com
mail.virus32.aggtest.indeed.com
mail32.indeed.com
mail33.indeed.com
mail34.indeed.com
mail35.indeed.com
mail36.indeed.com
mail37.indeed.com
mail38.indeed.com
mail39.indeed.com
mail64.indeed.com
mail65.indeed.com
mail66.indeed.com
mail67.indeed.com
mail68.indeed.com
mail69.indeed.com
mail70.indeed.com
mail71.indeed.com
mail72.indeed.com
mail73.indeed.com
mail74.indeed.com
mail75.indeed.com
mail76.indeed.com
mail77.indeed.com
mail78.indeed.com
mail79.indeed.com
mail80.indeed.com
mail81.indeed.com
mail82.indeed.com
mail83.indeed.com
mail84.indeed.com
mail85.indeed.com
mail86.indeed.com
mail87.indeed.com
mail88.indeed.com
mail89.indeed.com
mail90.indeed.com
mail91.indeed.com
mail92.indeed.com
mail93.indeed.com
mail94.indeed.com
mail95.indeed.com
malaysia.indeed.com
mango.indeed.com
marketplace.indeed.com
marvin-sigsci.ausprod.indeed.com
match-employers.indeed.com
match.indeed.com
matches.indeed.com
mechabugs.indeed.com
merch-portal4-7-7.ext.indeed.com
messages.indeed.com
mezhvencovij-uplotnitel.ap-southeast-2.vpn.indeed.com
micro-content-api.dyn.indeed.com
micro-content-api.indeed.com
migrationcover.a.vpn.indeed.com
military.indeed.com
mint.indeed.com
models.indeed.com
mx.conv.indeed.com
mx.indeed.com
my.conv.indeed.com
my.dyn.indeed.com
my.indeed.com
myjobs.indeed.com
myoffice.indeed.com
nagios.indeed.com
nda.indeed.com
nectarine.indeed.com
ner.indeed.com
net.indeed.com
netqa.indeed.com
next.indeed.com
nextant.indeed.com
nexus.corp.indeed.com
ng.conv.indeed.com
ng.indeed.com
nicovideo.cdn.ap-southeast-2.vpn.indeed.com
nl.conv.indeed.com
nl.indeed.com
no.conv.indeed.com
no.indeed.com
nortonantivirus.aggtest.indeed.com
notantivirus-ru.aggtest.indeed.com
npm.corp.indeed.com
nurseful.indeed.com
nytimes.indeed.com
nz.conv.indeed.com
nz.indeed.com
o1.sendgrid.indeed.com
o2.sendgrid.indeed.com
o3.sendgrid.indeed.com
o4.sendgrid.indeed.com
o5.sendgrid.indeed.com
ocamp.indeed.com
oceania.dyn.indeed.com
odincovo.aggtest.indeed.com
offers.indeed.com
officevpn.indeed.com
offload.ausprod.indeed.com
offload.bcdprod.indeed.com
offload.cmhprod.indeed.com
offload.dubprod1.indeed.com
offload.hkgprod.indeed.com
offload.iadprod.indeed.com
offload.lonprod.indeed.com
offload.ordprod.indeed.com
offload.sjcprod.indeed.com
offload.sydprod.indeed.com
ohiomeansjobs.indeed.com
om.conv.indeed.com
om.indeed.com
onboard.indeed.com
onboarding.indeed.com
one.indeed.com
onenav.indeed.com
onlineevents.indeed.com
opensource.indeed.com
ops.connect-8-93.vpn.indeed.com
optimizely.indeed.com
orange.indeed.com
orb.indeed.com
ord.apply.indeed.com
ordprod.indeed.com
origin-jujube.indeed.com
oss.indeed.com
p.cluster.indeed.com
p.indeed.com
pa.conv.indeed.com
pa.indeed.com
pages.corp.indeed.com
partner.indeed.com
partnerships.indeed.com
passwordreset.indeed.com
path.indeed.com
paynow.indeed.com
pc21.indeed.com
pdl.indeed.com
pe.conv.indeed.com
pe.indeed.com
peach.indeed.com
pet.dyn.indeed.com
pet.indeed.com
ph.conv.indeed.com
ph.indeed.com
phoner-qa.indeed.com
phoner.indeed.com
pie-employers.indeed.com
pk.conv.indeed.com
pk.indeed.com
pl.conv.indeed.com
pl.indeed.com
placement.indeed.com
polyfill.indeed.com
portal-8-6-7euwe.ext.indeed.com
portal-8019-lax1.ext.indeed.com
portal.ext.indeed.com
portal0-68data.ext.indeed.com
portal3--99euw.ext.indeed.com
portal3.ext.indeed.com
press.indeed.com
prime.indeed.com
primejobs.indeed.com
priv-portal3-624.ext.indeed.com
privacy.indeed.com
prod.statics.indeed.com
profile-api.dyn.indeed.com
profile-api.indeed.com
profile-native.dyn.indeed.com
profile-native.indeed.com
promo.indeed.com
prospect.indeed.com
prosper.indeed.com
prototypes.indeed.com
proxy-draw-plugin.indeed.com
prw.indeed.com
pt.conv.indeed.com
pt.indeed.com
pubdom-americas.indeed.com
pubdom-aus.indeed.com
pure.adcentral.indeed.com
pxl.indeed.com
qa.conv.indeed.com
qa.indeed.com
qa.statics.indeed.com
quartermaster-autoscaler-endpoint-qa.indeed.com
questions.indeed.com
quince.indeed.com
raspberry.indeed.com
recruiter.indeed.com
redirects-ssl.indeed.com
redirects.indeed.com
refer.indeed.com
referrals.indeed.com
registry.corp.indeed.com
remote.indeed.com
reportcontent.indeed.com
reporting-plugin.indeed.com
req.indeed.com
responsive.indeed.com
resumatch.indeed.com
resume-review.indeed.com
resume.indeed.com
resumebuilder.indeed.com
resumeconnect-8-93.vpn.indeed.com
resumecontacts.indeed.com
resumecreator.indeed.com
resumefaq.indeed.com
resumejp.indeed.com
resumes.indeed.com
revan.indeed.com
revan2-stage.indeed.com
revan2.indeed.com
revenue.indeed.com
reviews.indeed.com
rhone.indeed.com
rmt.indeed.com
ro.conv.indeed.com
ro.indeed.com
roadmap.indeed.com
roadrunner.indeed.com
rochesterworks.indeed.com
rooms.indeed.com
rss.indeed.com
ru.conv.indeed.com
ru.indeed.com
s3.indeed.com
sa.conv.indeed.com
sa.indeed.com
saiyo.indeed.com
sam.dyn.indeed.com
sao.apply.indeed.com
schedule.dyn.indeed.com
schedule.indeed.com
scheduler.indeed.com
screener-questions.dyn.indeed.com
screener-questions.indeed.com
scriptions.indeed.com
scum.indeed.com
sdepannagegger.vpn.indeed.com
sdp.indeed.com
se.conv.indeed.com
se.indeed.com
secure-gw.indeed.com
secure.dyn.indeed.com
secure.indeed.com
seen.indeed.com
seenapi.indeed.com
seenjobs.indeed.com
seenlabs.indeed.com
sekhmet.indeed.com
select.indeed.com
sendgrid._spf.indeed.com
sendgrid.indeed.com
senior.indeed.com
sentry.indeed.com
sentrylabs.indeed.com
senzavirus.aggtest.indeed.com
server.indeed.com
sftp.indeed.com
sg.conv.indeed.com
sg.indeed.com
sgadmin.indeed.com
shecodes.indeed.com
shortlist.indeed.com
shukatsu.indeed.com
sjc.apply.indeed.com
sjcprod.indeed.com
skap-employers.indeed.com
sketchy.indeed.com
skidmore.indeed.com
slack-employer-service-qa.indeed.com
slomo-qa.indeed.com
smb-communication-employers.indeed.com
smb-employers-cmhprod.indeed.com
smbrez-resume-conversion-plugin.indeed.com
sms.indeed.com
smtp.secure.indeed.com
solo-stage.indeed.com
solo.indeed.com
spark-post-tracking-qa.indeed.com
sponsor-employers.indeed.com
spotlight.indeed.com
squall.indeed.com
sso.indeed.com
staff.indeed.com
stage-solo.indeed.com
start.indeed.com
station.indeed.com
status.indeed.com
strawberry.indeed.com
student.indeed.com
subscriptions.dyn.indeed.com
subscriptions.indeed.com
support.indeed.com
survey.indeed.com
sydprod.indeed.com
t.dyn.indeed.com
t.indeed.com
tableau-stage.corp.indeed.com
tags.indeed.com
talent.indeed.com
talentpool.indeed.com
tangerine.indeed.com
tarkin.indeed.com
tax.indeed.com
tcpa.indeed.com
tenshoku.indeed.com
testrail.corp.indeed.com
textmaster-webapp-qa.indeed.com
textmaster-webapp.indeed.com
tezjobs.indeed.com
th.conv.indeed.com
th.indeed.com
thestandard.indeed.com
thevirus.aggtest.indeed.com
time.indeed.com
to.indeed.com
tr.conv.indeed.com
tr.indeed.com
travel.indeed.com
trends.indeed.com
truckers.indeed.com
tube.indeed.com
tw.conv.indeed.com
tw.indeed.com
twilio.indeed.com
twn.indeed.com
u002fads.indeed.com
u002fclicktocall.labs.indeed.com
u002fendorse.indeed.com
u002fgo.indeed.com
u002fmy.indeed.com
u002fsecure.indeed.com
u002fwww.indeed.com
ua.conv.indeed.com
ua.indeed.com
uae.indeed.com
uatwindscreencover.aggtest.indeed.com
uglifruit.indeed.com
uk.indeed.com
uk.ua.indeed.com
uncover.dev.backend.vpn.indeed.com
uncovered.aggtest.indeed.com
updatekey-antivirus.aggtest.indeed.com
upsource.indeed.com
us.conv.indeed.com
us.dyn.indeed.com
us.jsna.indeed.com
us1.dns.indeed.com
us2.dns.indeed.com
usajobs.indeed.com
usnews.indeed.com
uy.conv.indeed.com
uy.indeed.com
vaccine.a.vpn.indeed.com
vaccinetracker.backend.vpn.indeed.com
ve.conv.indeed.com
ve.indeed.com
ve1134e.indeed.com
veterans.indeed.com
video.indeed.com
virus32.aggtest.indeed.com
virusfalcon.autoconfig.vpn.indeed.com
virusisrbija.ap-southeast-2.vpn.indeed.com
virusisrbija.bj.vpn.indeed.com
visa.indeed.com
vn.conv.indeed.com
vn.indeed.com
vpn.indeed.com
wiki.indeed.com
wilma.indeed.com
wizard.indeed.com
worknow.indeed.com
worth.indeed.com
wowjobs.indeed.com
ww.indeed.com
www.anti-virus.aws.vpn.indeed.com
www.antivirus1.backend.vpn.indeed.com
www.bestantivirussoftware.backend.vpn.indeed.com
www.central.indeed.com
www.depannage-ordinateur-windows-virus.aggtest.indeed.com
www.ecovida.backup.vpn.indeed.com
www.helpwanted.indeed.com
www.indeed.com
www.kefalos-uncovered.aws.vpn.indeed.com
www.kosuncovered.aggtest.indeed.com
www.nortonantivirus.aggtest.indeed.com
www.odincovo.aggtest.indeed.com
www.travel.indeed.com
www.uncovered.aggtest.indeed.com
www.virusscan.backend.vpn.indeed.com
www.vpn.indeed.com
www.zikavirushome.bj.vpn.indeed.com
www2.indeed.com
wwww.indeed.com
xavier.indeed.com
xmon.indeed.com
z.connect-8-50-3-7-4.vpn.indeed.com
za.conv.indeed.com
za.indeed.com
zikavirushome.aggtest.indeed.com
zithjf164p.indeed.com
zoominfo.indeed.com
