0.0-u-wwwjamf.innogames.com
0.innogames.com
01.innogames.com
021308194805.c.innogames.com
03.www.blog.innogames.com
072.innogames.com
078.innogames.com
09-68c6e088.innogames.com
1-anti-virus.innogames.com
1-mail-outbound.innogames.com
1.innogames.com
10.anti-virus.innogames.com
10.innogames.com
10anti-virus.innogames.com
12.anti-virus.innogames.com
12.innogames.com
12anti-virus.innogames.com
12ster.innogames.com
13-anti-virus.innogames.com
13.anti-virus.innogames.com
13.t.innogames.com
13anta-anti-virus-va-anti-virusrus.innogames.com
13anti-virus.innogames.com
14-anti-virus.innogames.com
14.anti-virus.innogames.com
14.innogames.com
15.anti-virus.innogames.com
15.innogames.com
16.innogames.com
17-anti-virus.innogames.com
17.innogames.com
178.innogames.com
18.anti-virus.innogames.com
18irus.innogames.com
19.innogames.com
19dn.innogames.com
1www.innogames.com
2-om.innogames.com
2.anti-virus.innogames.com
2.innogames.com
2009-anti-virus.innogames.com
2009.innogames.com
2009anti-virus.innogames.com
2010-anti-virus.innogames.com
2010.anti-virus.innogames.com
2011-anti-virus.innogames.com
2011.anti-virus.innogames.com
2011.innogames.com
2012-anti-virus.innogames.com
2012.anti-virus.innogames.com
2012.innogames.com
2013.innogames.com
2013anti-virus.innogames.com
2015-anti-virus.innogames.com
2017.anti-virus.innogames.com
2024www.innogames.com
23er.innogames.com
24.innogames.com
24www.innogames.com
253asupport.innogames.com
26682710.innogames.com
27-1.innogames.com
283-1.innogames.com
283.innogames.com
2bded.innogames.com
2ss.innogames.com
2ww-2.blog.innogames.com
2www.innogames.com
3.anti-virus.innogames.com
3.innogames.com
34-5.innogames.com
34.innogames.com
39.innogames.com
3anti-virus.innogames.com
3asupport.innogames.com
3lias.innogames.com
4-anti-virus.innogames.com
4.innogames.com
42.innogames.com
45-8.innogames.com
495.innogames.com
4anti-virus.innogames.com
4w-8dc.ilias.innogames.com
5-0-1.innogames.com
5-0.innogames.com
5-04.innogames.com
5-2.innogames.com
5-5.innogames.com
5-8.innogames.com
5.anti-virus.innogames.com
5.innogames.com
6-anti-virus.innogames.com
69.innogames.com
7-9.innogames.com
7-anti-virus.innogames.com
7-forwarder.innogames.com
7.anti-virus.innogames.com
74.innogames.com
75.innogames.com
77.innogames.com
772.innogames.com
78.innogames.com
7anti-virus.innogames.com
7ca.innogames.com
7ncing.innogames.com
7qponmlkjih.innogames.com
7w.innogames.com
8.innogames.com
87.innogames.com
8staging-legal.innogames.com
9-anti-virus.innogames.com
91.innogames.com
92.innogames.com
94-8.innogames.com
978.innogames.com
9thspace.innogames.com
_cisco-uds.innogames.com
_collab-edge._tls.innogames.com
_collab-edge.innogames.com
_cuplogin.innogames.com
_dmarc.innogames.com
_etcd-server-ssl.innogames.com
_mta-sts.innogames.com
_sip._tcp.innogames.com
_sip._udp.innogames.com
_sips._tcp.innogames.com
_xmpp-server._tcp.innogames.com
a-anti-virus.innogames.com
a.anti-virus.innogames.com
a.innogames.com
a0.innogames.com
a40.innogames.com
a61.innogames.com
a65.innogames.com
a8e.innogames.com
a99.2.innogames.com
a99.innogames.com
aaa.innogames.com
aanti-virus.innogames.com
abc.ilias.innogames.com
ac.innogames.com
acapi.innogames.com
acc-media.innogames.com
acc.anti-virus.innogames.com
acc.innogames.com
accounts.anti-virus.innogames.com
acp.innogames.com
activate-1.g.innogames.com
adam.innogames.com
adjust-staging.innogames.com
adjust.innogames.com
admin.innogames.com
admin1-anti-virus.innogames.com
admin1anti-virus.innogames.com
administrator.anti-virus.innogames.com
administrator.innogames.com
affiliate.innogames.com
akali-anti-virus.innogames.com
akali.innogames.com
akalianti-virus.innogames.com
akamai-anti-virus.innogames.com
akamai-test-origin.innogames.com
akamai-test.innogames.com
akamai.anti-virus.innogames.com
akamai.innogames.com
alpha-anti-virus.innogames.com
alpha.innogames.com
alphaanti-virus.innogames.com
alt.anti-virus.innogames.com
altanti-virus.innogames.com
aly.innogames.com
am.innogames.com
americaanti-virus.innogames.com
an19i-virus.res19ric19ed.innogames.com
analytics.anti-virus.innogames.com
antestantii-virus.innogames.com
antfw-vfwrus20.innogames.com
anti-2018irus.innogames.com
anti-anti-virus-uatrus-edge.innogames.com
anti-asanarus2010.innogames.com
anti-cirus.april.innogames.com
anti-confluencerus-dev.innogames.com
anti-idsrus.innogames.com
anti-virebs.games.innogames.com
anti-viruanti-virus8api1.innogames.com
anti-virugatewayr.innogames.com
anti-virulas-container.innogames.com
anti-virus-1.innogames.com
anti-virus-14.innogames.com
anti-virus-2.innogames.com
anti-virus-20.innogames.com
anti-virus-2009.innogames.com
anti-virus-2010.innogames.com
anti-virus-2012.innogames.com
anti-virus-2013.innogames.com
anti-virus-2015.innogames.com
anti-virus-2016.innogames.com
anti-virus-3.innogames.com
anti-virus-4.innogames.com
anti-virus-6.innogames.com
anti-virus-7.innogames.com
anti-virus-acc.innogames.com
anti-virus-accounts.innogames.com
anti-virus-admin.innogames.com
anti-virus-admin1.innogames.com
anti-virus-administrator.innogames.com
anti-virus-alpha.innogames.com
anti-virus-analytics.innogames.com
anti-virus-apollo.innogames.com
anti-virus-backend.innogames.com
anti-virus-beta.innogames.com
anti-virus-billing.innogames.com
anti-virus-box.innogames.com
anti-virus-brasil.innogames.com
anti-virus-brazil.innogames.com
anti-virus-c.innogames.com
anti-virus-cf.innogames.com
anti-virus-chef.innogames.com
anti-virus-ci.innogames.com
anti-virus-com.innogames.com
anti-virus-container.innogames.com
anti-virus-data.innogames.com
anti-virus-dec.innogames.com
anti-virus-dev.innogames.com
anti-virus-developer.innogames.com
anti-virus-devops.innogames.com
anti-virus-docker.innogames.com
anti-virus-docs.innogames.com
anti-virus-drop.innogames.com
anti-virus-edge.innogames.com
anti-virus-email.innogames.com
anti-virus-eng.innogames.com
anti-virus-engima.innogames.com
anti-virus-engineering.innogames.com
anti-virus-europe.innogames.com
anti-virus-europewest.innogames.com
anti-virus-euw.innogames.com
anti-virus-evelynn.innogames.com
anti-virus-feb.innogames.com
anti-virus-forum.innogames.com
anti-virus-frontpage.innogames.com
anti-virus-fw.innogames.com
anti-virus-games.innogames.com
anti-virus-git.innogames.com
anti-virus-global.innogames.com
anti-virus-hkg.innogames.com
anti-virus-hw.innogames.com
anti-virus-ids.innogames.com
anti-virus-internal.innogames.com
anti-virus-jenkins.innogames.com
anti-virus-jinx.innogames.com
anti-virus-july.innogames.com
anti-virus-kr.innogames.com
anti-virus-lan.innogames.com
anti-virus-las.innogames.com
anti-virus-lascomwww.innogames.com
anti-virus-lax.innogames.com
anti-virus-lb.innogames.com
anti-virus-loadbalancer.innogames.com
anti-virus-merch.innogames.com
anti-virus-nl.innogames.com
anti-virus-nov.innogames.com
anti-virus-oceania.innogames.com
anti-virus-org.innogames.com
anti-virus-origin.innogames.com
anti-virus-pantheon.innogames.com
anti-virus-pass.innogames.com
anti-virus-pl.innogames.com
anti-virus-poland.innogames.com
anti-virus-preferences.innogames.com
anti-virus-private.innogames.com
anti-virus-prod.innogames.com
anti-virus-profile.innogames.com
anti-virus-promotion.innogames.com
anti-virus-repo.innogames.com
anti-virus-restricted.innogames.com
anti-virus-s.innogames.com
anti-virus-sandbox.innogames.com
anti-virus-search.innogames.com
anti-virus-secure.innogames.com
anti-virus-security.innogames.com
anti-virus-service.innogames.com
anti-virus-singed.innogames.com
anti-virus-staff.innogames.com
anti-virus-staging.innogames.com
anti-virus-static.innogames.com
anti-virus-support.innogames.com
anti-virus-system.innogames.com
anti-virus-t.innogames.com
anti-virus-testbed.innogames.com
anti-virus-testing.innogames.com
anti-virus-tomcat.innogames.com
anti-virus-tr.innogames.com
anti-virus-turk.innogames.com
anti-virus-twitch.innogames.com
anti-virus-uat.innogames.com
anti-virus-v1.innogames.com
anti-virus-v2.innogames.com
anti-virus-vpn.innogames.com
anti-virus-web.innogames.com
anti-virus.10.innogames.com
anti-virus.12.innogames.com
anti-virus.14.innogames.com
anti-virus.15.innogames.com
anti-virus.16.innogames.com
anti-virus.17.innogames.com
anti-virus.19.innogames.com
anti-virus.2.innogames.com
anti-virus.2009.innogames.com
anti-virus.2011.innogames.com
anti-virus.2012.innogames.com
anti-virus.2013.innogames.com
anti-virus.3.innogames.com
anti-virus.4.innogames.com
anti-virus.8.innogames.com
anti-virus.acc.innogames.com
anti-virus.administrator.innogames.com
anti-virus.akali.innogames.com
anti-virus.alpha.innogames.com
anti-virus.apollo.innogames.com
anti-virus.april.innogames.com
anti-virus.beta.innogames.com
anti-virus.billing.innogames.com
anti-virus.box.innogames.com
anti-virus.bucket.innogames.com
anti-virus.chef.innogames.com
anti-virus.confluence.innogames.com
anti-virus.dec.innogames.com
anti-virus.dev.innogames.com
anti-virus.drop.innogames.com
anti-virus.edge.innogames.com
anti-virus.email.innogames.com
anti-virus.engima.innogames.com
anti-virus.engine.innogames.com
anti-virus.europe.innogames.com
anti-virus.europewest.innogames.com
anti-virus.euw.innogames.com
anti-virus.firewall.innogames.com
anti-virus.forms.innogames.com
anti-virus.games.innogames.com
anti-virus.germany.innogames.com
anti-virus.gh.innogames.com
anti-virus.hkg.innogames.com
anti-virus.hw.innogames.com
anti-virus.hwcdn.innogames.com
anti-virus.innogames.com
anti-virus.int.innogames.com
anti-virus.internal.innogames.com
anti-virus.jenkins.innogames.com
anti-virus.june.innogames.com
anti-virus.kr.innogames.com
anti-virus.lax.innogames.com
anti-virus.loadbalancer.innogames.com
anti-virus.login.innogames.com
anti-virus.mirror.innogames.com
anti-virus.mobileclient.innogames.com
anti-virus.na.innogames.com
anti-virus.nautilus.innogames.com
anti-virus.net.innogames.com
anti-virus.netherlands.innogames.com
anti-virus.nl.innogames.com
anti-virus.nov.innogames.com
anti-virus.oceania.innogames.com
anti-virus.origin.innogames.com
anti-virus.page.innogames.com
anti-virus.pass.innogames.com
anti-virus.payment.innogames.com
anti-virus.php.innogames.com
anti-virus.preferences.innogames.com
anti-virus.private.innogames.com
anti-virus.prod.innogames.com
anti-virus.promotion.innogames.com
anti-virus.proxy.innogames.com
anti-virus.repo.innogames.com
anti-virus.repository.innogames.com
anti-virus.reset.innogames.com
anti-virus.restrict.innogames.com
anti-virus.restricted.innogames.com
anti-virus.reviews.innogames.com
anti-virus.s3.innogames.com
anti-virus.sandbox.innogames.com
anti-virus.search.innogames.com
anti-virus.secure.innogames.com
anti-virus.security.innogames.com
anti-virus.server.innogames.com
anti-virus.skins.innogames.com
anti-virus.staff.innogames.com
anti-virus.stage.innogames.com
anti-virus.stage1.innogames.com
anti-virus.swagger.innogames.com
anti-virus.system.innogames.com
anti-virus.team.innogames.com
anti-virus.test.innogames.com
anti-virus.tomcat.innogames.com
anti-virus.tpe.innogames.com
anti-virus.trial.innogames.com
anti-virus.turk.innogames.com
anti-virus.twitch.innogames.com
anti-virus.v1.innogames.com
anti-virus.v2.innogames.com
anti-virus.vi.innogames.com
anti-virus.w3.innogames.com
anti-virus.web1.innogames.com
anti-virus.westeurope.innogames.com
anti-virus10.innogames.com
anti-virus15.innogames.com
anti-virus2.innogames.com
anti-virus20.innogames.com
anti-virus2010.innogames.com
anti-virus2012.innogames.com
anti-virus2013.innogames.com
anti-virus2017.innogames.com
anti-virus5.innogames.com
anti-virus7.innogames.com
anti-virus8.innogames.com
anti-virusa-fucaisandzimihuizong.innogames.com
anti-virusa.innogames.com
anti-virusadmin.innogames.com
anti-virusadministrator.innogames.com
anti-virusalt.innogames.com
anti-virusamerica.innogames.com
anti-virusapi.innogames.com
anti-virusapi1.innogames.com
anti-virusb.innogames.com
anti-virusbeta.innogames.com
anti-virusboards.innogames.com
anti-virusbrand.innogames.com
anti-virusbrazil.innogames.com
anti-virusbucky.innogames.com
anti-virusc.innogames.com
anti-viruscdn.innogames.com
anti-viruscf.innogames.com
anti-virusclient.innogames.com
anti-viruscloudfront.innogames.com
anti-viruscmfw.innogames.com
anti-viruscms1.innogames.com
anti-viruscom.innogames.com
anti-viruscontainer.innogames.com
anti-viruscontrol.innogames.com
anti-virusdemo.innogames.com
anti-virusdevops.innogames.com
anti-virusdocs.innogames.com
anti-viruselb.innogames.com
anti-virusemail.innogames.com
anti-viruseurope.innogames.com
anti-viruseuropewest.innogames.com
anti-viruseuw.innogames.com
anti-viruseuwe.innogames.com
anti-viruseuwenti-virus-7.innogames.com
anti-virusevents.innogames.com
anti-virusfirewall.innogames.com
anti-virusfw.innogames.com
anti-virusgh.innogames.com
anti-virusgit.innogames.com
anti-virushw.innogames.com
anti-virusinternal.innogames.com
anti-virusjenkins.innogames.com
anti-virusjuly.innogames.com
anti-viruskor.innogames.com
anti-viruskorea.innogames.com
anti-viruskr.innogames.com
anti-viruslas.innogames.com
anti-viruslax1.innogames.com
anti-virusloadbalancer.innogames.com
anti-viruslogin.innogames.com
anti-virusmachine.innogames.com
anti-virusmail.innogames.com
anti-virusmirror.innogames.com
anti-virusnet.innogames.com
anti-virusnetherlands.innogames.com
anti-virusnl.innogames.com
anti-virusops.innogames.com
anti-virusorg.innogames.com
anti-viruspage.innogames.com
anti-viruspass.innogames.com
anti-viruspay.innogames.com
anti-viruspayment.innogames.com
anti-viruspc.innogames.com
anti-viruspoland.innogames.com
anti-virusprivate.innogames.com
anti-virusprod.innogames.com
anti-virusprofile.innogames.com
anti-virusprofiles.innogames.com
anti-viruspromo.innogames.com
anti-virusregion.innogames.com
anti-virusrepository.innogames.com
anti-virusreset.innogames.com
anti-virusrestricted.innogames.com
anti-viruss.innogames.com
anti-virussandbox.innogames.com
anti-virussearch.innogames.com
anti-virussecurity.innogames.com
anti-virusservice.innogames.com
anti-virusspring.innogames.com
anti-virusstaff.innogames.com
anti-virusstage1.innogames.com
anti-virussupport.innogames.com
anti-virusswagger.innogames.com
anti-virussystem.innogames.com
anti-virustest.innogames.com
anti-virustestbed.innogames.com
anti-virustesting.innogames.com
anti-virustesting1.innogames.com
anti-virustpe.innogames.com
anti-virustr.innogames.com
anti-virustrial.innogames.com
anti-virustur.innogames.com
anti-virusturk.innogames.com
anti-virusturkomcaanti-virusturk-ananti-virusturki-virus.innogames.com
anti-virusuat.innogames.com
anti-virusv2.innogames.com
anti-virusvi.innogames.com
anti-virusweb.innogames.com
anti-virusz.innogames.com
antorg-vorgrus.alpha.innogames.com
antvpn-vvpnrus.innogames.com
api-anti-virus.innogames.com
api-docs-anti-virus.innogames.com
api-docs.anti-virus.innogames.com
api-docsanti-virus.innogames.com
api.anti-virus.innogames.com
api.innogames.com
api1.anti-virus.innogames.com
api1anti-virus.innogames.com
apollo-anti-virus.innogames.com
apollo.anti-virus.innogames.com
apollo.innogames.com
apollowww.innogames.com
app.innogames.com
applicationnti-virus-edge.innogames.com
april.innogames.com
aprilanti-virus.innogames.com
aprillegal.innogames.com
aq8.innogames.com
as.innogames.com
assets.innogames.com
auth.innogames.com
author.getaheadca.fedex.innogames.com
autoadmin1anti-virus.innogames.com
autoconfig.innogames.com
autodisco2023er.innogames.com
autodiscover-org.innogames.com
autodiscover.innogames.com
autodiscoverids.innogames.com
aw.innogames.com
aws-anti-virus.innogames.com
awsdashboard.innogames.com
aye.innogames.com
b-06.innogames.com
b-16.innogames.com
b-18-6.innogames.com
b-2.innogames.com
b-38-7.innogames.com
b-57.innogames.com
b-75.innogames.com
b-87.innogames.com
b-94.innogames.com
b.anti-virus.innogames.com
b.innogames.com
b0-83.innogames.com
b0-89.innogames.com
b1-2.innogames.com
b1-81.innogames.com
b1.innogames.com
b2-8.innogames.com
b2-80.innogames.com
b2-85.innogames.com
b3-8.innogames.com
b4-6.innogames.com
b5.innogames.com
b7-5.innogames.com
b7-7.innogames.com
b7-80.innogames.com
b7-83.innogames.com
b7-89.innogames.com
b7-9.innogames.com
b7-96.innogames.com
b8-8.innogames.com
b9-7.innogames.com
b9-83.innogames.com
ba.banking.innogames.com
backend-anti-virus.innogames.com
backend.anti-virus.innogames.com
backend.innogames.com
backendanti-virus.innogames.com
baidu.innogames.com
banking.innogames.com
banking5.innogames.com
basic-nodejs-dev.innogames.com
basic.innogames.com
bato.dc.innogames.com
bbs.innogames.com
be4.innogames.com
bea-1.ilias.innogames.com
bea.ilias.innogames.com
bestjobs.innogames.com
beta-anti-virus.innogames.com
beta.anti-virus.innogames.com
beta.innogames.com
billing-anti-virus.innogames.com
billing.innogames.com
bip.innogames.com
blog-1.innogames.com
blog-global.innogames.com
blog.innogames.com
blog1-05.innogames.com
blog1-4.innogames.com
blog1-6.innogames.com
blog3-5.innogames.com
blog4-05.innogames.com
blog5-0.innogames.com
blog5-07.innogames.com
blog5.innogames.com
blogs.innogames.com
blogtest-0.innogames.com
blogtest.innogames.com
boards-corporate.innogames.com
boards.anti-virus.innogames.com
boardsanti-virus.innogames.com
bookmarks.innogames.com
boulder.ilias.innogames.com
box-anti-virus.innogames.com
box-goodbye.innogames.com
box.innogames.com
brand-anti-virus.innogames.com
brandanti-virus.innogames.com
brasil-anti-virus.innogames.com
brazil.anti-virus.innogames.com
bs.innogames.com
bsd9.innogames.com
bsd97.innogames.com
bucket-anti-virus.innogames.com
bucket.innogames.com
bucketanti-virus.innogames.com
bucky-anti-virus.innogames.com
bucky.anti-virus.innogames.com
builder.innogames.com
byol-online.innogames.com
c.anti-virus.innogames.com
c.danil.innogames.com
c.innogames.com
c.truenature-jp.innogames.com
career.innogames.com
careers.innogames.com
cdn-anti-virus.innogames.com
cdn-prod.d.innogames.com
cdn.anti-virus.innogames.com
cdn.innogames.com
cdn.www.innogames.com
cdq-api.innogames.com
cert.innogames.com
certificate.innogames.com
cfanti-virus.innogames.com
cfrope.anti-virus.innogames.com
check.innogames.com
checkout.au.innogames.com
chef.innogames.com
chuase.p.innogames.com
cim-api-dev.innogames.com
cim-api-qa.innogames.com
cim-api-uat.innogames.com
cim-api.innogames.com
cim-data-quality-qa.innogames.com
cim-dev.innogames.com
cim-geo-dev.innogames.com
citrix.innogames.com
class.innogames.com
click.innogames.com
client.anti-virus.innogames.com
clientanti-virus.innogames.com
cloud.innogames.com
club.innogames.com
cmail.innogames.com
cms-anti-virus.innogames.com
cms.anti-virus.innogames.com
cms1.anti-virus.innogames.com
cn-anti-virus.innogames.com
cn.anti-virus.innogames.com
cn.innogames.com
cname.innogames.com
code.innogames.com
collab.innogames.com
com.innogames.com
comsupport.innogames.com
comwww.innogames.com
conferencing-3-8.innogames.com
confluence-anti-virus.innogames.com
confluence.innogames.com
confluence.z.innogames.com
confluenceanti-virus.innogames.com
consul.innogames.com
container-anti-virus.innogames.com
containeranti-virus.innogames.com
controlanti-virus.innogames.com
core02.innogames.com
core96.innogames.com
corp.4.innogames.com
corp.blogtest.innogames.com
corp.innogames.com
corporate-0.innogames.com
corporate-new.innogames.com
corporate-old.innogames.com
corporate-staging.innogames.com
corporate.innogames.com
corporate118-1.innogames.com
corporate118.innogames.com
corporate30.innogames.com
corporate44.innogames.com
corporate449-3.innogames.com
corporate449.innogames.com
corporate519.innogames.com
corporate9.innogames.com
corporate91.innogames.com
corporate913.innogames.com
corporate93.innogames.com
corporatenew.innogames.com
courses.corporate-new.innogames.com
cp.innogames.com
cpanel.c.cmr.innogames.com
cpanel.innogames.com
cpanel.is.innogames.com
cpu-towerdefense.innogames.com
crm.innogames.com
cs.innogames.com
cse.innogames.com
csg.innogames.com
css.example.blog.innogames.com
ctf.innogames.com
cust0.innogames.com
cust00.innogames.com
cust0010.innogames.com
cust003.innogames.com
cust005-33.innogames.com
cust005-5.innogames.com
cust005-9.innogames.com
cust008.innogames.com
cust015.innogames.com
cust02.innogames.com
cust03.innogames.com
cust040.innogames.com
cust05-8.innogames.com
cust05.ilias.innogames.com
cust102.innogames.com
cust104.innogames.com
cust1046.innogames.com
cust105-0.innogames.com
cust108.innogames.com
cust118.aw.innogames.com
cust17.innogames.com
cust201.innogames.com
cust205-0.innogames.com
cust205-04.innogames.com
cust205-8.innogames.com
cust2074.innogames.com
cust25-5.innogames.com
cust28.innogames.com
cust3014.innogames.com
cust305-4.innogames.com
cust305-7-5.innogames.com
cust305-8.innogames.com
cust34.innogames.com
cust4042.innogames.com
cust4045-8.innogames.com
cust40495.innogames.com
cust405-0-1.innogames.com
cust405-2.innogames.com
cust405-5.innogames.com
cust407-9.innogames.com
cust501.innogames.com
cust505-0-6.innogames.com
cust505-6.innogames.com
cust505-7.innogames.com
cust506.innogames.com
cust508.innogames.com
cust52.innogames.com
cust55-7-6.innogames.com
cust605-0.innogames.com
cust605-02.innogames.com
cust605-1.innogames.com
cust605-3-9.innogames.com
cust605-3.innogames.com
cust605-32-0.innogames.com
cust605-7.innogames.com
cust607.innogames.com
cust66.ilias.innogames.com
cust7013.innogames.com
cust704.innogames.com
cust705-00.innogames.com
cust708.innogames.com
cust709.innogames.com
cust80.innogames.com
cust804.innogames.com
cust8047.innogames.com
cust805-2.innogames.com
cust900.innogames.com
cust903.innogames.com
cust905-0.innogames.com
cust905-1-0.innogames.com
cust907.innogames.com
cust95-0.innogames.com
cust95-5.innogames.com
cust96.innogames.com
cveapi.innogames.com
danieapp.innogames.com
data.anti-virus.innogames.com
dataanti-viru3.innogames.com
dataanti-virus.innogames.com
datenschutz.innogames.com
db.innogames.com
dc.innogames.com
dd.innogames.com
de.innogames.com
dec-anti-virus.innogames.com
dec.innogames.com
decanti-virus.innogames.com
ded.innogames.com
deloitte.innogames.com
demo-anti-brazilrus.innogames.com
demo-anti-virus.innogames.com
demo-sandboxnti-virus.innogames.com
demo.anti-virus.innogames.com
demo.innogames.com
designer1.innogames.com
dev-anti-virus.innogames.com
dev.innogames.com
dev1anti-virus.innogames.com
dev2.innogames.com
devblog.innogames.com
developer.anti-virus.innogames.com
development.innogames.com
device1574009-68c6e088.innogames.com
devops-anti-virus.innogames.com
devops.anti-virus.innogames.com
devopsanti-virus.innogames.com
di.innogames.com
dialin.rueil.innogames.com
digilander.innogames.com
dng-staginggg.innogames.com
dnm.innogames.com
dns.innogames.com
dns1.innogames.com
dns2.innogames.com
docker.innogames.com
docs.anti-virus.innogames.com
dogfood-dev.innogames.com
download.innogames.com
drop-goodbye.innogames.com
drop.anti-virus.innogames.com
drop.innogames.com
dropanti-virus.innogames.com
drt-test.innogames.com
dyn.innogames.com
e.innogames.com
edge-anti-virus.innogames.com
edge.innogames.com
edgeanti-virus.innogames.com
eft.ap.innogames.com
elastic.innogames.com
elasticbeanstalk-anti-virus.innogames.com
elasticbeanstalk.anti-virus.innogames.com
elasticbeanstalkanti-virus.innogames.com
elb-anti-virus.innogames.com
elb.anti-virus.innogames.com
email-anti-virus.innogames.com
email-changer.innogames.com
email.innogames.com
email.pay.innogames.com
en.innogames.com
eng.anti-virus.innogames.com
engima-anti-virus.innogames.com
engima.innogames.com
engimaanti-virus.innogames.com
engine.innogames.com
engineanti-virus.innogames.com
engineering.anti-emailrus.innogames.com
engineering.anti-virus.innogames.com
engineeringanti-virus.innogames.com
eta.blogtest.innogames.com
eu.anti-virus.innogames.com
euforum.innogames.com
europe-anti-virus.innogames.com
europe.anti-virus.innogames.com
europe.innogames.com
europeanti-virus.innogames.com
europewedev1t.innogames.com
europewest.innogames.com
euw-anti-virus.innogames.com
euw.innogames.com
euwanti-virus.innogames.com
euwe.anti-virus.innogames.com
euwelegal-staging.innogames.com
evelynn-anti-virus.innogames.com
evelynn.anti-virus.innogames.com
events.innogames.com
example.blog.innogames.com
example2.blog.innogames.com
exchange.innogames.com
facebook.innogames.com
fastutil.di.innogames.com
fb-gamepage.innogames.com
feb-anti-virus.innogames.com
feeds.innogames.com
ff.innogames.com
filecloud.innogames.com
filenti-virus.privfilete.innogames.com
firewall-anti-virus.innogames.com
firewall.anti-virus.innogames.com
firewall.innogames.com
fluvaccines6532e.innogames.com
forms-anti-virus.innogames.com
forms.anti-virus.innogames.com
forms.innogames.com
forum-5.innogames.com
forum.innogames.com
forum13.innogames.com
forum130.innogames.com
forum23-7-7.innogames.com
forum23-7-8.innogames.com
forum23-7.innogames.com
forum43-1.innogames.com
forum43-7-7.innogames.com
forum43.innogames.com
forum53-7.innogames.com
forum630.innogames.com
forum73-7-9.innogames.com
forum8.innogames.com
forum86.innogames.com
forum93.innogames.com
forums-accounts.innogames.com
forums-eng.innogames.com
forums.innogames.com
forumsearch.innogames.com
forumsept.innogames.com
forumss3.innogames.com
fr.innogames.com
frank.www.blog.innogames.com
frontpage-anti-virus.innogames.com
ftp.blog.blog.innogames.com
ftp.blog.innogames.com
ftp.innogames.com
fw-anti-virus.innogames.com
fw-mailgun-send-01.innogames.com
fw.anti-virmaster.innogames.com
fw.anti-virus.innogames.com
fw.innogames.com
fwsm33.innogames.com
fwsm68.innogames.com
fwsm83.innogames.com
fwsm95.innogames.com
ga.innogames.com
gac-rds-external-readonly-preprod.innogames.com
gac-rds-external-readonly.innogames.com
galleries6.innogames.com
gamejam-4.innogames.com
gamejam-staging.innogames.com
gamejam.innogames.com
games.innogames.com
gamesanti-virus.innogames.com
gamescom2014.innogames.com
gamesgoodbye.innogames.com
ganime.innogames.com
gcom-product-find-dev.innogames.com
gcom-product-find-qa.innogames.com
germany.innogames.com
germanyanti-virus.innogames.com
getr200.innogames.com
gh.innogames.com
ghcpi.anti-virus.innogames.com
ghcpianti-virus.innogames.com
git.innogames.com
gitanti-virus.innogames.com
github-anti-virus.innogames.com
githubforums.innogames.com
gitlab.innogames.com
global-anti-virus.innogames.com
global.anti-virus.innogames.com
globalanti-virus.innogames.com
gnlmes.innogames.com
go.innogames.com
goodbye.innogames.com
goodbyeprivate.innogames.com
gotfriends.innogames.com
gport-www-68.ilias.innogames.com
grc2go.innogames.com
gui.innogames.com
gw.innogames.com
gws-api-sandbox.innogames.com
gws-dev.innogames.com
gws-qa.innogames.com
gws-rds-external-readonly-uat.innogames.com
gws-uat.innogames.com
gws.innogames.com
h2.innogames.com
h3.innogames.com
h4.innogames.com
h6.innogames.com
header-footer-options.innogames.com
helcome.innogames.com
help.innogames.com
hkg.innogames.com
hkganti-virus.innogames.com
home.innogames.com
homepage.innogames.com
homepage1.innogames.com
homepage2.innogames.com
homepage3.innogames.com
host.innogames.com
hostmaster.innogames.com
httpbin.innogames.com
hub.innogames.com
hw-anti-virus.innogames.com
hw-outbound.innogames.com
hw.innogames.com
hwcdn.innogames.com
i-anti-virus.innogames.com
i.innogames.com
iam.innogames.com
ias.blogtest.innogames.com
id.3.innogames.com
idsanti-virus.innogames.com
ie.innogames.com
iimahd.innogames.com
ilias-5.innogames.com
ilias.innogames.com
images.innogames.com
imap.blog.blog.innogames.com
imap.innogames.com
imap4.blog.blog.innogames.com
img.innogames.com
inbound.innogames.com
info.innogames.com
infolab.innogames.com
informatik.innogames.com
innogames.com
innogames.comnwww.blog.innogames.com
innohub.innogames.com
inst.innogames.com
int.innogames.com
internal-anti-virus.innogames.com
internal-inbound.innogames.com
internal.innogames.com
internalanti-virus.innogames.com
intranet.innogames.com
ip.innogames.com
ipsec-gw-1.blog.innogames.com
ipsec-gw.blog.innogames.com
ipsec-gw1.blog.innogames.com
ipv6.innogames.com
jameslux.innogames.com
jamf-0.innogames.com
jamf-proxy.innogames.com
jenkins-anti-virus.innogames.com
jenkins.anti-virus.innogames.com
jenkins.innogames.com
jinx-anti-virus.innogames.com
jira.innogames.com
jn.innogames.com
job.innogames.com
jobs.innogames.com
julyanti-virus.innogames.com
june.anti-virus.innogames.com
june.innogames.com
k2.innogames.com
k3.innogames.com
k8s.innogames.com
kavoshgaranco.innogames.com
kb-v1-demo-ase.p.innogames.com
kelcome.innogames.com
kevin.c.innogames.com
kk.innogames.com
kng.innogames.com
knowledgemanagement.innogames.com
knoxville-7.ilias.innogames.com
knoxville.ilias.innogames.com
kor-anti-virus.innogames.com
koreaanti-virus.innogames.com
kr-anti-virus.innogames.com
kr.anti-virus.innogames.com
kr.innogames.com
kramaxautopilot.innogames.com
kranti-virus.innogames.com
ks-inventory-api.innogames.com
ks-invoice-api.innogames.com
ks-limits-api.innogames.com
ks-order-api.innogames.com
ks-program-api.innogames.com
ks-vendingtransactions-mq0.innogames.com
ks-vendingtransactions-mq1.innogames.com
ks-vendingtransactions-mq2.innogames.com
ks-vendingtransactions-mq3.innogames.com
ks-vendingtransactions-mq4.innogames.com
ku1720.innogames.com
kubernetes.innogames.com
lan-anti-virus.innogames.com
lananti-virus.innogames.com
las.anti-virus.innogames.com
lasanti-virus.innogames.com
laserjet--2.innogames.com
laserjet--5.innogames.com
laserjet-0-0.innogames.com
laserjet-0-5.innogames.com
laserjet-0-7.innogames.com
laserjet-1-4.innogames.com
laserjet-2-3.innogames.com
laserjet-2-5.innogames.com
laserjet-3-4.innogames.com
laserjet-3-5.innogames.com
laserjet-3-6.innogames.com
laserjet-3-7-0.innogames.com
laserjet-4-2.innogames.com
laserjet-4-3.innogames.com
laserjet-4-7.innogames.com
laserjet-5-3.innogames.com
laserjet-5-6.innogames.com
laserjet-5-7-45.innogames.com
laserjet-6-6.innogames.com
laserjet-7-5.innogames.com
laserjet-7-6.innogames.com
laserjet-7-7.innogames.com
laserjet-7-9.innogames.com
laserjet-8-8.innogames.com
laserjet-9-5.innogames.com
laserjet-9-7-4.innogames.com
laserjet-9-8-0.innogames.com
latin-anti-virus.innogames.com
latin.anti-virus.innogames.com
latinamerica.anti-virus.innogames.com
latinamericaanti-virus.innogames.com
lax.innogames.com
lax1-anti-virus.innogames.com
lax1.anti-virus.innogames.com
lax1anti-virus.innogames.com
laxanti-virus.innogames.com
lb-anti-virus.innogames.com
lb.anti-virus.innogames.com
lbanti-virus.innogames.com
legal-4.innogames.com
legal-staging-bucky.innogames.com
legal-staging-pl.innogames.com
legal-staging.innogames.com
legal-staginghkg.innogames.com
legal-toolbar.innogames.com
legal.innogames.com
link-staging-dec.innogames.com
link-staging.innogames.com
link.innogames.com
lists.innogames.com
live.comwww.innogames.com
live.innogames.com
liveupdate.innogames.com
loadanti-virusalancer.anti-virus.innogames.com
loadbalancer.ananti-virusfwi-virus.innogames.com
loadbalancer.anti-virus.innogames.com
loadbalancer.innogames.com
local.innogames.com
localhost.innogames.com
lodocumentationdbdocumentationldocumentationncer.documentationnti-virus.innogames.com
login-anti-virus.innogames.com
login.innogames.com
lps--9-7.innogames.com
lps--9.innogames.com
lps-0-66.innogames.com
lps-2-6.innogames.com
lps-2.innogames.com
lps-24.innogames.com
lps-3-53.innogames.com
lps-343.innogames.com
lps-347.innogames.com
lps-39-8.innogames.com
lps-39.innogames.com
lps-393.innogames.com
lps-4-0.innogames.com
lps-4-6-3.innogames.com
lps-4-6.innogames.com
lps-4-67-8.innogames.com
lps-4-67.innogames.com
lps-4-7.innogames.com
lps-5-53.innogames.com
lps-54.innogames.com
lps-6-61.innogames.com
lps-6-65.innogames.com
lps-6-67-0.innogames.com
lps-6-8.innogames.com
lps-62.innogames.com
lps-629.innogames.com
lps-66-8.innogames.com
lps-66.innogames.com
lps-698.innogames.com
lps-7-0.innogames.com
lps-8-5.innogames.com
lps-8-50.innogames.com
lps-84.innogames.com
lps-840.innogames.com
lps-946.innogames.com
lps-97.innogames.com
lps.innogames.com
lps350.innogames.com
lps55.innogames.com
lps551.innogames.com
lps6.innogames.com
lps65.innogames.com
lptester.innogames.com
lw-0.blogtest.innogames.com
m.innogames.com
maadminl.innogames.com
machine-anti-virus.innogames.com
machineanti-virus.innogames.com
machinedjust.innogames.com
madrid.blog.innogames.com
mail-6.innogames.com
mail-anti-virus.innogames.com
mail-forwarder-forwarder.innogames.com
mail-forwarder-ipv6.innogames.com
mail-forwarder.innogames.com
mail-inbound.innogames.com
mail-outbound-search.innogames.com
mail-outbound.innogames.com
mail-outbound02.innogames.com
mail-scan.innogames.com
mail.owen.careers.innogames.com
mail1.innogames.com
mail2.innogames.com
mail2019dn.innogames.com
mailanti-virus-preferences.innogames.com
mailcdn.innogames.com
mailgun-send-01.innogames.com
mailgun-send-01.pay.innogames.com
mailgun-send-01active.innogames.com
mailserver.innogames.com
mailv2.innogames.com
march.anti-virus.innogames.com
marchanti-virus.innogames.com
math.innogames.com
mdm.innogames.com
media-0.innogames.com
media-ghcpi.innogames.com
media-p.innogames.com
media-secure.innogames.com
media.innogames.com
mediabrazil.innogames.com
mediaengima.innogames.com
meet-18.innogames.com
meet-6.innogames.com
members.innogames.com
merch-anti-virus.innogames.com
merchandising-preview.innogames.com
merchantesmerchant.innogames.com
merchanti-virus.innogames.com
metrics.innogames.com
microw3oft.comwww.innogames.com
ming-legal.innogames.com
mirror-anti-virus.innogames.com
mirror.anti-virus.innogames.com
mirror.innogames.com
ml.innogames.com
mobile-rest.innogames.com
mobile.innogames.com
moldingboxecovida.innogames.com
mongo.innogames.com
mongodb.innogames.com
mpk.innogames.com
mra-8.innogames.com
msoid.innogames.com
mssql.innogames.com
mta-sts.innogames.com
music.innogames.com
mvn.innogames.com
mx.innogames.com
mx0.innogames.com
mx01.innogames.com
mx1.innogames.com
mx2.innogames.com
my.innogames.com
myhome.innogames.com
mysql.innogames.com
na-anti-virus.innogames.com
na.anti-virus.innogames.com
na.innogames.com
nautilus.innogames.com
net.innogames.com
netherlands.anti-virus.innogames.com
netherlands.innogames.com
new-production.innogames.com
new-produition.innogames.com
new.innogames.com
news.2.innogames.com
news.genapi.euwww.innogames.com
news.innogames.com
news8.innogames.com
nforum.innogames.com
nginx-anti-virus.innogames.com
nginx-newest.innogames.com
nginx-newest1.innogames.com
nginx.anti-virus.innogames.com
nginx.innogames.com
nginxanti-virus.innogames.com
ngoodbye.innogames.com
nl.innogames.com
node-anti-virus.innogames.com
node.anti-virus.innogames.com
node.blogtest.innogames.com
nodeanti-virus.innogames.com
nodejs-dev.innogames.com
nodejs.innogames.com
non-prod.innogames.com
northeasternuniversity.live-corporate519.innogames.com
nov.innogames.com
npn.innogames.com
ns.innogames.com
ns1.innogames.com
ns2.corp.blogtest.innogames.com
ns2.innogames.com
ns3.innogames.com
ns4.innogames.com
nservices.innogames.com
nsip.innogames.com
nta-anti-virus-va-anti-virusrus.innogames.com
oakland-1-7.innogames.com
oakland-2-3.innogames.com
oakland7.innogames.com
oceania-anti-virus.innogames.com
oceania.anti-virus.innogames.com
oceania.innogames.com
oct.anti-virus.innogames.com
office.innogames.com
okta.innogames.com
old.innogames.com
om-0-0-0.innogames.com
om-1-0-5.innogames.com
om-1-0.innogames.com
om-2-0-0.innogames.com
om-29.innogames.com
om-3-1-3.innogames.com
om-3-1.innogames.com
om-5-1-2.innogames.com
om-7-1-4.innogames.com
om-7-6.innogames.com
om-7.innogames.com
om-78.innogames.com
om.innogames.com
om7.innogames.com
openx.innogames.com
orders.blogtest.innogames.com
orders.innogames.com
oregon5.innogames.com
org-anti-virus.innogames.com
org.anti-virus.innogames.com
organti-virus.innogames.com
origin-anti-virus.innogames.com
origin.anti-virus.innogames.com
origin.innogames.com
outlook.innogames.com
outlook.live.comwww.innogames.com
owa.innogames.com
p-adjust-staging.innogames.com
p.innogames.com
page-anti-virus.innogames.com
page.innogames.com
pantheon-anti-virus.innogames.com
partner-6.innogames.com
partner.innogames.com
pass.innogames.com
passanti-virus.innogames.com
passport.innogames.com
pay-anti-virus.innogames.com
pay.2.innogames.com
pay.anti-virus.innogames.com
pay.innogames.com
payment-anti-virus.innogames.com
payment.anti-virus.innogames.com
payment.innogames.com
pc.anti-virus.innogames.com
pc13.innogames.com
pc28.blogtest.innogames.com
pc3.innogames.com
pcanti-virus.innogames.com
pf.innogames.com
pgp.innogames.com
php-anti-virus.innogames.com
php.innogames.com
phpgoodbye.innogames.com
pictures.innogames.com
pl-anti-virus.innogames.com
pl.anti-virus.innogames.com
planti-virus.innogames.com
pn3.innogames.com
poland-anti-virus.innogames.com
pop.innogames.com
pop3.innogames.com
portal.innogames.com
postmaster.innogames.com
pp.innogames.com
pport.innogames.com
pre-prod.innogames.com
pre.innogames.com
preferences.anti-virus.innogames.com
preferences.innogames.com
prelive.innogames.com
press.innogames.com
press2.innogames.com
preview.innogames.com
priv.anti-virus.innogames.com
private-anti-virus.innogames.com
private.innogames.com
privoriginte.innogames.com
prod.anti-virus.innogames.com
prod.innogames.com
production.anti-virus.innogames.com
profiles-anti-virus.innogames.com
promo.anti-virus.innogames.com
promoanti-virus.innogames.com
promolegal.innogames.com
promotion-anti-virus.innogames.com
promotion.innogames.com
proxy.anti-virus.innogames.com
proxy.innogames.com
publishing-catalog.innogames.com
publishing-preview.innogames.com
purple-3.innogames.com
q54.ilias.innogames.com
qmail.innogames.com
qw.innogames.com
ral.innogames.com
recommend.innogames.com
redirector-anti-virus.innogames.com
redirector.anti-virus.innogames.com
redirectoranti-virus.innogames.com
regionanti-virus.innogames.com
regioncloud.innogames.com
regione.innogames.com
release.innogames.com
remote.aw.innogames.com
remote.innogames.com
removevirusmalwares.innogames.com
repo.anti-virus.innogames.com
repo.innogames.com
repository.anti-5rus.innogames.com
repository.anti-virus.innogames.com
repository.innogames.com
repositoryadjust-staging.innogames.com
reset.anti-virus.innogames.com
reset.innogames.com
restrict.innogames.com
restrictanti-virus.innogames.com
restricted-anti-virus.innogames.com
restricted.anti-virus.innogames.com
restricted.innogames.com
restrictedanti-virus.innogames.com
retail.innogames.com
reviews-anti-virus.innogames.com
reviews.anti-virus.innogames.com
reviews.innogames.com
reviewsanti-virus.innogames.com
ripemtg.innogames.com
root.innogames.com
rootsweb.innogames.com
rqp.innogames.com
rqponmlkjih.innogames.com
ru.innogames.com
rx.innogames.com
s-anti-virus.innogames.com
s.anti-virsupport-staging.innogames.com
s.anti-virus.innogames.com
s2213.t.innogames.com
s3.anti-virus.innogames.com
s3.innogames.com
s40.as.innogames.com
s4356a-bocaiwangxuzhou.www.magazinedf.tu9srvbirvvtmyrwaxhlbc5hbmktdmlldy5jb200.g00.innogames.com
s5927.blogtest.innogames.com
sandbox.innogames.com
sanfrancisco1.innogames.com
santi-virus.innogames.com
search-anti-virus.innogames.com
search.anti-virus.innogames.com
search.innogames.com
searchportal-dev.innogames.com
searchportal-qa.innogames.com
searchportal.innogames.com
secure.anti-virus.innogames.com
secure.innogames.com
secureanti-virus.innogames.com
security-anti-virus.innogames.com
security.innogames.com
server.anti-virus.innogames.com
server.innogames.com
server1.innogames.com
serveranti-virus.innogames.com
servers.innogames.com
service.anti-virus.innogames.com
services.innogames.com
sevenlands.innogames.com
shelley.innogames.com
shop.innogames.com
signin.innogames.com
signup.innogames.com
singular-staging.innogames.com
singular.innogames.com
sipprofile.innogames.com
sitecore.innogames.com
sites.innogames.com
sk.3.innogames.com
skins-anti-virus.innogames.com
skins.innogames.com
skinsanti-virus.innogames.com
sl.innogames.com
slovari.innogames.com
smtp.innogames.com
so.blogtest.innogames.com
so1.blogtest.innogames.com
so4.blogtest.innogames.com
southdakota-7.ilias.innogames.com
southdakota.ilias.innogames.com
spf.innogames.com
sql.innogames.com
ssl-anti-virus.innogames.com
ssl.innogames.com
sslanti-virus.innogames.com
sslvpn.innogames.com
sso.innogames.com
staff-anti-virus.innogames.com
staff.innogames.com
staffanti-virus.innogames.com
stage-anti-virus.innogames.com
stage.innogames.com
stage1-anti-virus.innogames.com
stage1.anti-virus.innogames.com
stage1.innogames.com
stage1anti-virus.innogames.com
stageanti-virus.innogames.com
staging-11.innogames.com
staging-legal-docker.innogames.com
staging-legal.innogames.com
staging.anti-virus.innogames.com
staging.innogames.com
static-anti-virus.innogames.com
static.anti-virus.innogames.com
static.innogames.com
stats.innogames.com
status.innogames.com
store.innogames.com
storybook.innogames.com
submit.banking.innogames.com
support-staging.innogames.com
support-test.innogames.com
support.anti-virus.innogames.com
support.innogames.com
support4.innogames.com
supportanti-virus.innogames.com
supportc.innogames.com
supportci.innogames.com
supporttest.innogames.com
svn.innogames.com
swagger-anti-virus.innogames.com
swagger.anti-virus.innogames.com
swagger.innogames.com
swaggeranti-virus.innogames.com
symposium.innogames.com
system.innogames.com
systemanti-virus.innogames.com
tailsweep.c.innogames.com
talentworkshop.innogames.com
tcp.innogames.com
team-anti-virus.innogames.com
team-anti-viruviruspage.innogames.com
team-corporate.innogames.com
team.innogames.com
tech.innogames.com
test-staging-legal.innogames.com
test.anti-virus.innogames.com
test.innogames.com
test1.innogames.com
testanti-virus.innogames.com
testbedanti-virus.innogames.com
testing-anti-virus.innogames.com
testing-m2012ster.innogames.com
testing-master-client.innogames.com
testing-master.innogames.com
testing-mastertestbed.innogames.com
testing.anti-virus.innogames.com
testing1.anti-virus.innogames.com
testing1anti-virus.innogames.com
thenerdynursecom.r.innogames.com
tile-service.weather.microsoft.comwww.innogames.com
tls.innogames.com
tomcat-anti-virus.innogames.com
tomcat.anti-virus.innogames.com
tomcat.innogames.com
tomcatanti-virus.innogames.com
tools.innogames.com
top100.innogames.com
tpe-anti-virus.innogames.com
tpe.anti-virus.innogames.com
tpe.innogames.com
tpeanti-viranti-virus5.innogames.com
tpeanti-virus.innogames.com
tr-anti-virus.innogames.com
tranti-virus.innogames.com
trial.anti-virus.innogames.com
trial.innogames.com
tribunale.innogames.com
tur-anti-virus.innogames.com
tur.anti-sitrus.innogames.com
tur.anti-virus.innogames.com
turanti-virus.innogames.com
turk.innogames.com
turkey.anti-virus.innogames.com
twh5tch.innogames.com
twitch-anti-virus.innogames.com
twitch.innogames.com
tx.innogames.com
u.innogames.com
uat-vaccines-moldingbox.innogames.com
ubamlkj.ilias.innogames.com
udp.4.innogames.com
udp.innogames.com
uk.innogames.com
unauthorized.innogames.com
unbounce.innogames.com
uni.innogames.com
union.innogames.com
univ.innogames.com
up.innogames.com
upload.innogames.com
us-east-1.innogames.com
us-east.innogames.com
useast.innogames.com
user.ilias.innogames.com
user.innogames.com
users.blogtest.innogames.com
users.innogames.com
uspec.innogames.com
utah.innogames.com
v1.innogames.com
v1anti-virus.innogames.com
v2.anti-virus.innogames.com
v2.innogames.com
varnish.innogames.com
vault.innogames.com
vcbab49.blogtest.innogames.com
vendor-api.innogames.com
vendor.innogames.com
vendors.innogames.com
verify.innogames.com
vhcdn.r.innogames.com
vi.innogames.com
victor.www.blogtest.innogames.com
video.innogames.com
videos.innogames.com
view.innogames.com
violet.innogames.com
virus-detect.innogames.com
virustotal.innogames.com
voice.innogames.com
voipa035.innogames.com
voipa038.innogames.com
voipa043.innogames.com
voipa04b.innogames.com
voipa057.innogames.com
voipa05f.innogames.com
voipa069.innogames.com
voipa06b.innogames.com
voipa074.innogames.com
voipa07f.innogames.com
vpn-legal.innogames.com
vpn.innogames.com
w-send-01.innogames.com
w3.anti-virus.innogames.com
w3.innogames.com
w3anti-virus.innogames.com
wap.innogames.com
weapreher.microsofpre.comwww.innogames.com
web-anti-virus.innogames.com
web.anti-virus.innogames.com
web.h.innogames.com
web.innogames.com
web1-anti-virus.innogames.com
web1.anti-virus.innogames.com
web1.innogames.com
webanti-virus.innogames.com
webapp.anti-virus.innogames.com
webappanti-virus.innogames.com
webdisk.innogames.com
webdisktage1-anti-viruwebdisk.innogames.com
webhook.innogames.com
webmail.innogames.com
webucky1.innogames.com
welcome-9.innogames.com
welcome-brazil.innogames.com
welcome.innogames.com
welcome3.innogames.com
welcome8.innogames.com
wenku.innogames.com
westeurope-anti-virus.innogames.com
westeurope.innogames.com
wfm-service.innogames.com
whm.innogames.com
whois.innogames.com
wiki.blogtest.innogames.com
wiki.innogames.com
windows2003.www.blog.innogames.com
wome.innogames.com
wordpress.innogames.com
wp.innogames.com
ww1.innogames.com
ww5.innogames.com
www-2-4.innogames.com
www-24.innogames.com
www-4.blogtest.innogames.com
www-4.innogames.com
www-5.innogames.com
www-59.innogames.com
www-6.innogames.com
www-71.innogames.com
www-9-1.innogames.com
www-9.innogames.com
www-95.innogames.com
www.blog.innogames.com
www.blogtest.innogames.com
www.career.innogames.com
www.carreer.innogames.com
www.corporate.innogames.com
www.forum.innogames.com
www.goodbye.innogames.com
www.google.comsupport.innogames.com
www.gosfordpestcontrol.1.innogames.com
www.ilias.innogames.com
www.in.innogames.com
www.innogames.com
www.login.innogames.com
www.om.4.innogames.com
www.om.innogames.com
www.partner.innogames.com
www.removevirusmalwares.innogames.com
www.spfood.innogames.com
www.updatev3.2.innogames.com
www.welcome.innogames.com
www.zusatz.innogames.com
www1.innogames.com
www2.innogames.com
www2s.innogames.com
www5a.innogames.com
www5b.innogames.com
www5c.innogames.com
www5d.innogames.com
www5f.innogames.com
www7b.innogames.com
wwwgfedcba83.innogames.com
wwww.innogames.com
xn--ww-cva.innogames.com
xn--www-qea.innogames.com
xroads.innogames.com
youtube-com.innogames.com
yport.innogames.com
z.anti-virus.innogames.com
za.innogames.com
zanti-virus.innogames.com
zcpi.anti-virus.innogames.com
zorum.innogames.com
