admin-sftp-infra-development.dev.instacart.tools
admin.instacart.tools
ads-web.dev.instacart.tools
ads.instacart.tools
api-web-ads-backend-ads-dev.dev.instacart.tools
api-web-ads-backend-ads-kami-015428.kamino-test2.instacart.tools
api-web-ads-backend-ads-kamino-test2.kamino-test2.instacart.tools
api-web-ads-backend-ads-sandbox.sandbox.instacart.tools
apidocs.instacart.tools
atlantis.dev.instacart.tools
atlantis.haven.instacart.tools
atlantis.instacart.tools
atlas.dev.instacart.tools
atlas.instacart.tools
aws-657189893875.instacart.tools
bento.instacart.tools
beta.api-web-ads-backend-ads-dev.dev.instacart.tools
beta.api-web-ads-backend-ads-kamino-test2.kamino-test2.instacart.tools
beta.api-web-ads-backend-ads-sandbox.sandbox.instacart.tools
bigeye-demo.dev.instacart.tools
bigeye.dev.instacart.tools
bigeye.kamino-test2.instacart.tools
bigeye.sandbox.instacart.tools
blazer-backend.instacart.tools
blazer-beta.instacart.tools
blazer.instacart.tools
bugs.instacart.tools
catalog.instacart.tools
cf.customers.dev.instacart.tools
cfalt.customers.dev.instacart.tools
cfalternate.customers.dev.instacart.tools
cfaltnew.customers.dev.instacart.tools
connect.dev.instacart.tools
costcoca-onecart.pbis-cf.dev.instacart.tools
costcous.dev.instacart.tools
costcous.pbis-cf-dev.instacart.tools
customers.dev.instacart.tools
dashboard-api.instacart.tools
data-ingestion.instacart.tools
dev.instacart.tools
display.dev.instacart.tools
dle-api.dev.instacart.tools
dle.dev.instacart.tools
enterprise-api.instacart.tools
events-store.instacart.tools
experiments.instacart.tools
expy.instacart.tools
foo-bar.instacart.tools
foodlion.dev.instacart.tools
go.instacart.tools
gradle-cache.instacart.tools
graphql.instacart.tools
heinens-onecart.dev.instacart.tools
ids.instacart.tools
instacart.tools
internal.instacart.tools
isc-sandbox.instacart.tools
jenkins-1-artifacts.instacart.tools
jenkins-1.instacart.tools
jenkins-2-artifacts.instacart.tools
jenkins-2.instacart.tools
jenkins-3-artifacts.instacart.tools
jenkins-3.instacart.tools
jenkins-4-artifacts.instacart.tools
jenkins-4.instacart.tools
jenkins-5-artifacts.instacart.tools
jenkins-5.instacart.tools
jenkins-6-artifacts.instacart.tools
jenkins-artifacts.instacart.tools
jenkins.instacart.tools
kamino-test.instacart.tools
kamino-test2.instacart.tools
login.dev.instacart.tools
logistics.instacart.tools
mypricechopperdelivers-onecart.dev.instacart.tools
node0.vpn.instacart.tools
node1.vpn.instacart.tools
node2.vpn.instacart.tools
node3.vpn.instacart.tools
node4.vpn.instacart.tools
notebooks.instacart.tools
notebooks.logistics.dev.instacart.tools
notebooks.logistics.instacart.tools
notebooks.logistics.kamino-test2.instacart.tools
notebooks.logistics.sandbox.instacart.tools
pbis.dev.instacart.tools
portal.instacart.tools
preview.ads.dev.instacart.tools
pumpkin.instacart.tools
qa-customers.dev.instacart.tools
redmine.instacart.tools
reset.sftp-catalog-development.dev.instacart.tools
reset.sftp-catalog.dev.instacart.tools
reset.sftp-customers-development.dev.instacart.tools
reset.sftp-customers.dev.instacart.tools
reset.sftp-dataeng-development.dev.instacart.tools
reset.sftp-dataeng.dev.instacart.tools
reset.sftp-demo.dev.instacart.tools
reset.sftp-infra-development.dev.instacart.tools
reset.sftp-infra.dev.instacart.tools
reset.sftp-payments.dev.instacart.tools
sandbox.instacart.tools
security-scanner.instacart.tools
sftp-admin-catalog-development.dev.instacart.tools
sftp-admin-catalog.dev.instacart.tools
sftp-admin-customers-development.dev.instacart.tools
sftp-admin-customers.dev.instacart.tools
sftp-admin-dataeng-development.dev.instacart.tools
sftp-admin-dataeng.dev.instacart.tools
sftp-admin-demo.dev.instacart.tools
sftp-admin-infra-development.dev.instacart.tools
sftp-admin-infra.dev.instacart.tools
sftp-admin-payments.dev.instacart.tools
sftp-catalog-development.dev.instacart.tools
sftp-catalog.dev.instacart.tools
sftp-customers-development.dev.instacart.tools
sftp-customers.dev.instacart.tools
sftp-dataeng-development.dev.instacart.tools
sftp-dataeng.dev.instacart.tools
sftp-demo.dev.instacart.tools
sftp-infra-development.dev.instacart.tools
sftp-infra.dev.instacart.tools
shoppers-admin.instacart.tools
snowplow.dev.instacart.tools
sproutspbi.dev.instacart.tools
sproutspbi.pbis-cf-dev.instacart.tools
sre.instacart.tools
test.pbis-cf-dev.instacart.tools
test.pbis-cf.dev.instacart.tools
thefreshmarket-onecart.dev.instacart.tools
tools-auth.instacart.tools
tops-onecart.dev.instacart.tools
tux.instacart.tools
vault.dev.instacart.tools
vault.instacart.tools
vault.kamino-test2.instacart.tools
vault.sandbox.instacart.tools
vpn-beta.instacart.tools
vpn-c.instacart.tools
vpn.instacart.tools
vpne-beta.instacart.tools
vpne.instacart.tools
weglegacy.dev.instacart.tools
wiki.instacart.tools
www.instacart.tools
