acc-service-cp.intergamma.nl
acc.intergamma.nl
acceptance-environment.intergamma.nl
acceptatie.rest.intergamma.nl
acceptatie.topdesk.intergamma.nl
amc.intergamma.nl
autodiscover.intergamma.nl
bamboo.intergamma.nl
barracuda.intergamma.nl
cms.intergamma.nl
confluence.intergamma.nl
dam.intergamma.nl
damtest.intergamma.nl
enterpriseenrollment.intergamma.nl
enterpriseregistration.intergamma.nl
feedback.intergamma.nl
fhb.intergamma.nl
filecap.intergamma.nl
franchise.intergamma.nl
ftp.intergamma.nl
hybridmail.intergamma.nl
iam.intergamma.nl
intergamma.nl
jira.intergamma.nl
levportal.intergamma.nl
lyncdiscover.intergamma.nl
mail.intergamma.nl
mailserver.intergamma.nl
mdm.intergamma.nl
msoid.intergamma.nl
nexus.intergamma.nl
nieuws.intergamma.nl
recruitment.intergamma.nl
rest.intergamma.nl
service-cp.intergamma.nl
service.intergamma.nl
sharepoint.intergamma.nl
sip.intergamma.nl
sonarqube.intergamma.nl
telefonie.intergamma.nl
telemetry.intergamma.nl
topdesk.intergamma.nl
tracking.intergamma.nl
upsource.intergamma.nl
vpn.intergamma.nl
vpnbackup.intergamma.nl
webmail.intergamma.nl
www.dam.intergamma.nl
www.damtest.intergamma.nl
www.fhb.intergamma.nl
www.intergamma.nl
www.levportal.intergamma.nl
www.telefonie.intergamma.nl
www.telemetry.intergamma.nl
www.vpn.intergamma.nl
www.vpnbackup.intergamma.nl
www.zabbix.intergamma.nl
zabbix.intergamma.nl
