acc.gammabe.intergamma.cloud
acc.gammanl.intergamma.cloud
acc.intergamma.cloud
acc.intgammgmt.intergamma.cloud
acc.karweinl.intergamma.cloud
acc.mgmt.intergamma.cloud
auth.microservice.acc.gammabe.intergamma.cloud
auth.microservice.acc.gammanl.intergamma.cloud
auth.microservice.acc.karweinl.intergamma.cloud
dev.gammabe.intergamma.cloud
dev.gammanl.intergamma.cloud
dev.karweinl.intergamma.cloud
elasticsearch-acc.intergamma.cloud
elasticsearch-prd.intergamma.cloud
elasticsearch-tst.intergamma.cloud
ext.api.acc.gammabe.intergamma.cloud
ext.api.acc.gammanl.intergamma.cloud
ext.api.acc.karweinl.intergamma.cloud
hr.acc.intergamma.cloud
hr.intergamma.cloud
intergamma.cloud
kibana-dev.intergamma.cloud
kibana.intergamma.cloud
levportal-acc.intergamma.cloud
levportal.intergamma.cloud
prd.gammabe.intergamma.cloud
prd.gammanl.intergamma.cloud
prd.intergamma.cloud
prd.intgammgmt.intergamma.cloud
prd.karweinl.intergamma.cloud
prd.mgmt.intergamma.cloud
promotool.acc.intergamma.cloud
promotool.prd.intergamma.cloud
proxy.intergamma.cloud
proxyconfig.intergamma.cloud
sftp.intergamma.cloud
swagger.acc.intergamma.cloud
swagger.prd.intergamma.cloud
