alertmanager-runway-au.jobapi.net
alertmanager-runway-dev.jobapi.net
alertmanager-runway-staging.jobapi.net
alertmanager-runway.jobapi.net
alt-kafka1-staging-pkt-sjc1-us.jobapi.net
api.jobapi.net
dev0-bm-sjc04-us.jobapi.net
dev1-bm-sjc04-us.jobapi.net
dev1-bm-syd01-au.jobapi.net
dev2-bm-sjc04-us.jobapi.net
dev3-bm-sjc04-us.jobapi.net
dev4-bm-sjc04-us.jobapi.net
dev5-bm-sjc04-us.jobapi.net
dev6-bm-sjc04-us.jobapi.net
fallback.jobapi.net
grafana-aips.jobapi.net
grafana-personalisation.jobapi.net
grafana-runway-au.jobapi.net
grafana-runway-dev.jobapi.net
grafana-runway-staging.jobapi.net
grafana-runway.jobapi.net
grafana-staging.jobapi.net
grafana.jobapi.net
hdfs-slave01-prod-soft-sjc04-us.jobapi.net
ingestion.jobapi.net
ingestion0-bm-sjc04-us.jobapi.net
ingestion1-bm-sjc04-us.jobapi.net
jobapi.net
jobsearch-staging.jobapi.net
k8sc5-dev-pkt-sjc1-us-dev.jobapi.net
k8sc6-dev-pkt-sjc1-us-dev.jobapi.net
kafka.jobapi.net
kafka1-bm-sjc04-us.jobapi.net
kafka1-bm-syd01-au.jobapi.net
kibana-runway-dev.jobapi.net
kibana-runway.jobapi.net
kibana.jobapi.net
kubespray06-dev2.jobapi.net
lb-bm-sjc04-us.jobapi.net
lb-bm-syd01-au.jobapi.net
lb0-bm-sjc04-us.jobapi.net
lb0-bm-syd01-au.jobapi.net
lb1-bm-sjc04-us.jobapi.net
lb1-bm-syd01-au.jobapi.net
monitor0-bm-sjc04-us.jobapi.net
partner-portal.jobapi.net
pipeweed-staging.jobapi.net
prometheus-aips.jobapi.net
prometheus-grafana-virtual1-prod-soft-sjc4-us-production.jobapi.net
prometheus-grafana-virtual2-prod-soft-sjc4-us-production.jobapi.net
prometheus-grafana0-staging-pkt-sjc1-us-staging.jobapi.net
prometheus-grafana1-prod-soft-sjc4-us-production.jobapi.net
prometheus-runway-au.jobapi.net
prometheus-runway-dev.jobapi.net
prometheus-runway-staging.jobapi.net
prometheus-runway.jobapi.net
prometheus-staging.jobapi.net
prometheus.jobapi.net
role-req-stream-reader.sjc1.jobapi.net
rproxy-prod-soft-syd01-aus.jobapi.net
rproxy-staging-aws-syd-au.jobapi.net
rproxy.jobapi.net
runway-adminapi01-pkt-sjc1-us.jobapi.net
sandbox.jobapi.net
search-au.jobapi.net
search-us.jobapi.net
search.jobapi.net
search0-bm-sjc04-us.jobapi.net
search0-bm-syd01-au.jobapi.net
search1-bm-sjc04-us.jobapi.net
search1-bm-syd01-au.jobapi.net
search2-bm-sjc04-us.jobapi.net
search2-bm-syd01-au.jobapi.net
search3-bm-sjc04-us.jobapi.net
search3-bm-syd01-au.jobapi.net
search4-bm-sjc04-us.jobapi.net
search4-bm-syd01-au.jobapi.net
search5-bm-sjc04-us.jobapi.net
search5-bm-syd01-au.jobapi.net
search6-bm-sjc04-us.jobapi.net
search6-bm-syd01-au.jobapi.net
search7-bm-sjc04-us.jobapi.net
search7-bm-syd01-au.jobapi.net
search8-bm-sjc04-us.jobapi.net
search8-bm-syd01-au.jobapi.net
search9-bm-syd01-au.jobapi.net
services-dev-elastic-ip.jobapi.net
services-dev.jobapi.net
services-dev2.jobapi.net
services-staging.jobapi.net
services.jobapi.net
sol-http-v20-staging-pkt-sjc1-us-staging.jobapi.net
sol-lb.jobapi.net
sol-staging-lb.jobapi.net
sol-staging.jobapi.net
sol.jobapi.net
spark2-soft-sjc4-us.jobapi.net
stream.jobapi.net
tableau-preprod.jobapi.net
tableau.jobapi.net
ui01-dev-aws-use1-dev.jobapi.net
ui01-dev-pkt-sjc1-us-dev.jobapi.net
ui01-prod-au-aws-sydney-au.jobapi.net
ui01-prod-us-aws-usw1.jobapi.net
ui01-prod-us-pkt-sjc1-us.jobapi.net
ui01-staging-aws-use1-staging.jobapi.net
www.jobapi.net
yarn-master01-staging-pkt-sjc1-us.jobapi.net
yarn-slave02-staging-pkt-sjc1-us.jobapi.net
zeppelin.jobapi.net
