adjuster.webhooks.api.joinverse.com
ambassador.joinverse.com
ambassadors.joinverse.com
api.alpha.joinverse.com
api.beta.joinverse.com
api.joinverse.com
app.joinverse.com
arago.joinverse.com
bankpayouts.joinverse.com
bulldozer.joinverse.com
cert-man-test.alpha.joinverse.com
certgen.joinverse.com
challenge.joinverse.com
code.alpha.joinverse.com
code.beta.joinverse.com
code.joinverse.com
drone.proxy.joinverse.com
drone.webhooks.joinverse.com
echoheaders.alpha.joinverse.com
echoheaders.beta.joinverse.com
echoheaders.joinverse.com
genesiswebhooks.alpha.joinverse.com
globalx.joinverse.com
ios-beta-enroll.joinverse.com
joinverse.com
landing.joinverse.com
mcduck-private.alpha.joinverse.com
mcduck-private.beta.joinverse.com
mcduck.alpha.joinverse.com
mcduck.beta.joinverse.com
mcduck.joinverse.com
merchant.alpha.joinverse.com
merchant.beta.joinverse.com
multiverse-sandbox.joinverse.com
multiverse.alpha.joinverse.com
multiverse.beta.joinverse.com
multiverse.joinverse.com
pics.joinverse.com
registry.joinverse.com
sms.api.joinverse.com
smsmailbox.api.joinverse.com
tableau.joinverse.com
testapi.joinverse.com
testapi2.joinverse.com
tls.webhooks.joinverse.com
v4b-dashboard.beta.joinverse.com
v4b.beta.joinverse.com
web.beta.joinverse.com
webhooks.alpha.joinverse.com
webhooks.api.joinverse.com
webhooks.beta.joinverse.com
webhooks.joinverse.com
webhooks.testapi.joinverse.com
www.ambassadors.joinverse.com
www.joinverse.com
www.web.beta.joinverse.com
