ablink.emails.just-eat.fr
ablink.orders.just-eat.fr
acc-shop.just-eat.fr
api.just-eat.fr
app.just-eat.fr
autoconfig.email.just-eat.fr
autoconfig.staging.just-eat.fr
autodiscover.email.just-eat.fr
autodiscover.staging.just-eat.fr
awards.just-eat.fr
aws.just-eat.fr
beta.just-eat.fr
blog.just-eat.fr
bounce.info.just-eat.fr
bounce.news.just-eat.fr
bounce.newsletter.just-eat.fr
click.email.just-eat.fr
click.update.just-eat.fr
cloud.email.just-eat.fr
cloud.update.just-eat.fr
cms.just-eat.fr
commandes.just-eat.fr
connect.just-eat.fr
content.just-eat.fr
corporate.just-eat.fr
crl.microsoft.comwww.just-eat.fr
dashboard.just-eat.fr
elb-restapi.just-eat.fr
elb.partner.just-eat.fr
elb.proxy.just-eat.fr
email.just-eat.fr
emails.just-eat.fr
events.just-eat.fr
frontend.office.prod.clops.just-eat.fr
frontend.office.stag.clops.just-eat.fr
image.email.just-eat.fr
image.update.just-eat.fr
img.info.just-eat.fr
img.news.just-eat.fr
img.newsletter.just-eat.fr
just-eat.fr
load.just-eat.fr
m.just-eat.fr
mail.just-eat.fr
mailing.just-eat.fr
maintenance.just-eat.fr
msdn.com.frontend.office.prod.clops.just-eat.fr
mta.email.just-eat.fr
mta.update.just-eat.fr
mta1.news.just-eat.fr
mta1.newsletter.just-eat.fr
mta10.news.just-eat.fr
mta11.news.just-eat.fr
mta12.news.just-eat.fr
mta2.news.just-eat.fr
mta2.newsletter.just-eat.fr
mta3.news.just-eat.fr
mta4.news.just-eat.fr
mta5.news.just-eat.fr
mta6.news.just-eat.fr
mta7.news.just-eat.fr
mta8.news.just-eat.fr
mta9.news.just-eat.fr
o1.email.just-eat.fr
o1477.abmail.emails.just-eat.fr
o1806.abmail.orders.just-eat.fr
order.just-eat.fr
orders.just-eat.fr
partenaires.just-eat.fr
partner.just-eat.fr
preprod.just-eat.fr
qa.just-eat.fr
red.info.just-eat.fr
red.news.just-eat.fr
red.newsletter.just-eat.fr
restapi-staging.just-eat.fr
restapi.just-eat.fr
restaurant.just-eat.fr
restaurants.just-eat.fr
restaurateurs.just-eat.fr
restoshop.just-eat.fr
returns.ti.just-eat.fr
shop.just-eat.fr
staging.just-eat.fr
subfolder-proxy-awards.just-eat.fr
subfolder-proxy-deals.just-eat.fr
subfolder-proxy-drivers.just-eat.fr
subfolder-proxy-foodwiki.just-eat.fr
subfolder-proxy-lb.just-eat.fr
subfolder-proxy-takeawaypay.just-eat.fr
tags.just-eat.fr
test-shop.just-eat.fr
tests-restaurants.just-eat.fr
tv.just-eat.fr
update.just-eat.fr
view.email.just-eat.fr
view.update.just-eat.fr
webdisk.email.just-eat.fr
webdisk.staging.just-eat.fr
wiki.just-eat.fr
www.email.just-eat.fr
www.just-eat.fr
www.staging.just-eat.fr
www.update.just-eat.fr
www2.just-eat.fr
