1.just-eat.no
ablink.emails.just-eat.no
ablink.orders.just-eat.no
acc-shop.just-eat.no
antispam.just-eat.no
api.just-eat.no
aroma-tandoori.just-eat.no
art.just-eat.no
autodiscover.just-eat.no
bagel-and-juice.just-eat.no
bambus.just-eat.no
barracuda.just-eat.no
beta.just-eat.no
bippat-restaurant.just-eat.no
bit-oslo.just-eat.no
blog.just-eat.no
box.just-eat.no
brandmanagement.just-eat.no
burger-baron.just-eat.no
cappadocia.just-eat.no
cdn.just-eat.no
cloud.update.just-eat.no
club-maccaroni.just-eat.no
cm.just-eat.no
comune.just-eat.no
connect.just-eat.no
consumerweb.just-eat.no
couriers.just-eat.no
cs.just-eat.no
currytoppen.just-eat.no
customermanagement.just-eat.no
daawat-indian.just-eat.no
dalat.just-eat.no
deja-vu.just-eat.no
direct.just-eat.no
dominos-pizza-bogerud.just-eat.no
dominos-pizza-grunerlokka.just-eat.no
e.just-eat.no
email.just-eat.no
eml.just-eat.no
endpoint.just-eat.no
events.just-eat.no
express-grill.just-eat.no
expresspizza-molde.just-eat.no
fax.just-eat.no
frontend.office.prod.clops.just-eat.no
frontend.office.stag.clops.just-eat.no
frontend2.just-eat.no
fusion-restaurant.just-eat.no
galgeberg-sushi.just-eat.no
gate.just-eat.no
gateway.just-eat.no
guard.just-eat.no
gw.just-eat.no
handle.just-eat.no
haveli-tandoori.just-eat.no
hermes.just-eat.no
home.just-eat.no
hongkongrestaurant.just-eat.no
host.just-eat.no
house-of-sushi.just-eat.no
img.news.just-eat.no
img.newsletter.just-eat.no
internet.just-eat.no
japp_pizza.just-eat.no
just-eat.no
kababina-hamburgerbar.just-eat.no
kaffistova.just-eat.no
karma-grill.just-eat.no
ladepizzaoggrill.just-eat.no
lahori-tandoori.just-eat.no
lillestrom-pizza.just-eat.no
link.just-eat.no
live-orders.just-eat.no
local.just-eat.no
maestro-pizza.just-eat.no
mail.just-eat.no
mail01.just-eat.no
mail02.just-eat.no
mail10.just-eat.no
mail11.just-eat.no
mail12.just-eat.no
mail3.just-eat.no
mail4.just-eat.no
mail5.just-eat.no
mail6.just-eat.no
mail7.just-eat.no
mail8.just-eat.no
mail9.just-eat.no
mailbox.just-eat.no
mailrelay.just-eat.no
mails.just-eat.no
mailsrv.just-eat.no
mamo-sushi.just-eat.no
mbox.just-eat.no
milano_pizzeria.just-eat.no
mister-india.just-eat.no
mix-karlsrud.just-eat.no
mix_karlsrud.just-eat.no
model.just-eat.no
ms.just-eat.no
ms1.just-eat.no
mta.email.just-eat.no
mta.just-eat.no
mx0.just-eat.no
mx01.just-eat.no
mx02.just-eat.no
mx1.just-eat.no
mx10.just-eat.no
mx20.just-eat.no
mx3.just-eat.no
mx5.just-eat.no
mx7.just-eat.no
mxs.just-eat.no
newmail.just-eat.no
no-brandmanagement.just-eat.no
no-partnercentre.just-eat.no
norma-grill.just-eat.no
nydalen-sushi.just-eat.no
nye-papa-rosa.just-eat.no
nyeoppsalpizza.just-eat.no
o1517.abmail.emails.just-eat.no
o1809.abmail.orders.just-eat.no
order.just-eat.no
orders.just-eat.no
origin-connect.just-eat.no
origin.just-eat.no
outmail.just-eat.no
owa.just-eat.no
paradis-pizza.just-eat.no
partner-centre.just-eat.no
partner-details.just-eat.no
partner.just-eat.no
peking-garden.just-eat.no
pizza-baronen-gamlebyen-natt.just-eat.no
pizza-baronen-gamlebyen.just-eat.no
pizza-baronen-kaldbakken.just-eat.no
pizza-baronen-lilleaker-natt.just-eat.no
pizza-baronen-lilleaker.just-eat.no
pizza-baronen-lillestrom.just-eat.no
pizza-baronen-lorenskog-natt.just-eat.no
pizza-baronen-lorenskog.just-eat.no
pizza-baronen-moss-natt.just-eat.no
pizza-baronen-moss.just-eat.no
pizza-baronen-toyen.just-eat.no
pizza-baroren-hauketo.just-eat.no
pizza-plutselig.just-eat.no
pizzaxpressenfredrikstad.just-eat.no
po.just-eat.no
portal.just-eat.no
posta.just-eat.no
ppc.just-eat.no
pronto-pizza.just-eat.no
red.news.just-eat.no
red.newsletter.just-eat.no
relay1.just-eat.no
relay2.just-eat.no
restaurant.just-eat.no
restaurants.just-eat.no
rustad-grill.just-eat.no
saga-pizza.just-eat.no
saga-restaurant.just-eat.no
san-lorenzo.just-eat.no
server1.just-eat.no
server2.just-eat.no
shalimar-tandoori.just-eat.no
shop.just-eat.no
smtp01.just-eat.no
smtps.just-eat.no
smtpseguro.just-eat.no
sniper.just-eat.no
sorumsand-pizza.just-eat.no
srv.just-eat.no
ssl.just-eat.no
staging.just-eat.no
strommen-pizza-og-grill.just-eat.no
subfolder-proxy-deals.just-eat.no
subfolder-proxy-drivers.just-eat.no
subfolder-proxy-foodwiki.just-eat.no
sushiexpressen.just-eat.no
sushiogthai.just-eat.no
tags.just-eat.no
taste-home.just-eat.no
tasty-food.just-eat.no
tesrest.just-eat.no
test-connect.just-eat.no
test-partner.just-eat.no
test-shop.just-eat.no
test.just-eat.no
testrest.just-eat.no
toro-toro-loren.just-eat.no
toro-toro.just-eat.no
travbanen-pizza.just-eat.no
tw.just-eat.no
update.just-eat.no
village-pizza.just-eat.no
vitis-vinifera.just-eat.no
vmail.just-eat.no
vps.just-eat.no
www.just-eat.no
www.mail.just-eat.no
www1.just-eat.no
xo.just-eat.no
zmail.just-eat.no
