0063fwww.kinepolis.be
04a8www.kinepolis.be
112-224.kinepolis.be
12-fiestademascaras.kinepolis.be
13-fiestademascaras.kinepolis.be
14fiestademascaras.kinepolis.be
19-fiestademascaras.kinepolis.be
3adfd.kinepolis.be
4.kinepolis.be
51www.kinepolis.be
5fiestademascaras.kinepolis.be
691e0www.kinepolis.be
9-fiestademascaras.kinepolis.be
a1.kinepolis.be
acc.kinepolis.be
adminfiestademascaras.kinepolis.be
alan.kinepolis.be
allwww.kinepolis.be
anothermask.kinepolis.be
app.kinepolis.be
autodiscover.eecu.kinepolis.be
autodiscover.kinepolis.be
awww.kinepolis.be
beta-fiestademascaras.kinepolis.be
big5dns.kinepolis.be
billing.kinepolis.be
business.kinepolis.be
businessemea.kinepolis.be
bywww.kinepolis.be
cert-hrnl.kinepolis.be
corporate.kinepolis.be
countwww.kinepolis.be
cowww.kinepolis.be
datewww.kinepolis.be
determine.kinepolis.be
dev.kinepolis.be
devfiestademascaras.kinepolis.be
dfd.kinepolis.be
discovidev.kinepolis.be
distancelearnadmin.kinepolis.be
doesdefinatelynotexist.ffa.kinepolis.be
du.kinepolis.be
dwww.kinepolis.be
ecolife.kinepolis.be
energy.kinepolis.be
enterpriseenrollment.kinepolis.be
etermine.kinepolis.be
everbank.kinepolis.be
expawww.kinepolis.be
fandecine.kinepolis.be
fax.kinepolis.be
fedsignin.kinepolis.be
fiestademascaras-12.kinepolis.be
fiestademascaras-14.kinepolis.be
fiestademascaras-17.kinepolis.be
fiestademascaras-18.kinepolis.be
fiestademascaras-5.kinepolis.be
fiestademascaras-9.kinepolis.be
fiestademascaras-a.kinepolis.be
fiestademascaras-internal.kinepolis.be
fiestademascaras-s3.kinepolis.be
fiestademascaras-ssl.kinepolis.be
fiestademascaras-testing.kinepolis.be
fiestademascaras-vpn.kinepolis.be
fiestademascaras.kinepolis.be
fiestademascaras1.kinepolis.be
fiestademascaras13.kinepolis.be
fiestademascaras15.kinepolis.be
fiestademascaras16.kinepolis.be
fiestademascaras17.kinepolis.be
fiestademascaras19.kinepolis.be
fiestademascaras20.kinepolis.be
fiestademascaras8.kinepolis.be
fiestademascarasdlfkgjnvpeir.kinepolis.be
fiestademascarasinternal.kinepolis.be
fiestademascarasstag.kinepolis.be
fiestademascarasstage.kinepolis.be
fiestademascarastesting.kinepolis.be
fiestademascarasvpn.kinepolis.be
flume.kinepolis.be
fne.kinepolis.be
grazianoscorona.kinepolis.be
greatescape.kinepolis.be
guns.kinepolis.be
highaltitudetrainingmask.kinepolis.be
hostmaster.kinepolis.be
hrfr.kinepolis.be
hrnl.kinepolis.be
https.www.kinepolis.be
hwvirus.kinepolis.be
ilcovoditom.kinepolis.be
instructors.kinepolis.be
interactions.kinepolis.be
kinepolis.be
kwww.kinepolis.be
lan-fiestademascaras.kinepolis.be
limpiadordevirus.kinepolis.be
lll-icts-5.kinepolis.be
long-distance-fun.kinepolis.be
lwww.kinepolis.be
lyncdiscover.kinepolis.be
lyncdiscover.uc-lab.kinepolis.be
mail.kinepolis.be
maskana.kinepolis.be
maskaninisites-dev.kinepolis.be
maskin.kinepolis.be
members.kinepolis.be
messagent.kinepolis.be
minisites-dev.kinepolis.be
minisites-php7.kinepolis.be
minisites.kinepolis.be
minisites01.prod.kinepolis.be
minisitesdev.kinepolis.be
mobile.kinepolis.be
moviematcher.kinepolis.be
msoid.kinepolis.be
mysql06.csaudio.kinepolis.be
nns01.kinepolis.be
nns02.kinepolis.be
ns01.kinepolis.be
ns02.kinepolis.be
observations.kinepolis.be
ontour.kinepolis.be
ontourtickets.kinepolis.be
openviewww.kinepolis.be
opwww.kinepolis.be
otrs.kinepolis.be
polaris.kinepolis.be
prive.kinepolis.be
privetickets.kinepolis.be
prod-mail01.kinepolis.be
quarantaine.kinepolis.be
rampup.kinepolis.be
renew.kinepolis.be
restore-master.kinepolis.be
sbc1gamma.kinepolis.be
shop-dev.kinepolis.be
shop.kinepolis.be
shopdev.kinepolis.be
sim.kinepolis.be
siman01.kinepolis.be
siman01.sim.kinepolis.be
simweb01.sim.kinepolis.be
siness.kinepolis.be
sql1.kinepolis.be
stage-githube.kinepolis.be
stage-ontour.billing.kinepolis.be
stage-ontour.kinepolis.be
stage-ontourprod.kinepolis.be
stage-ontourtickets.kinepolis.be
stage-prive.kinepolis.be
stage-privetickets.kinepolis.be
stage-tribe.kinepolis.be
staging-fiestademascaras.kinepolis.be
startwww.kinepolis.be
starwww.kinepolis.be
streams-jpnet.kinepolis.be
strict6.kinepolis.be
studenthealth-kinepolis.kinepolis.be
studenthealthbeta.kinepolis.be
summary.kinepolis.be
sun2.kinepolis.be
supportfiestademascaras.kinepolis.be
te-in.kinepolis.be
test-fiestademascaras.kinepolis.be
testkitdesigner.kinepolis.be
tickets.kinepolis.be
tns01.kinepolis.be
tns02.kinepolis.be
uirusu.kinepolis.be
unauthorized.kinepolis.be
v-corona-is.kinepolis.be
vaccination.kinepolis.be
viruscheck.kinepolis.be
virusmusic.kinepolis.be
virusscan.kinepolis.be
wallet-acc.kinepolis.be
wallet.kinepolis.be
web1.kinepolis.be
werkenopafstand.kinepolis.be
www.business.cloudapp.kinepolis.be
www.business.kinepolis.be
www.cal.dev.kinepolis.be
www.greatescape.kinepolis.be
www.khousewww.kinepolis.be
www.kiarchivewww.kinepolis.be
www.kiarchiwww.kinepolis.be
www.kiarcwww.kinepolis.be
www.kinepolis.be
www.kinwww.kinepolis.be
www.mobile.kinepolis.be
www.my-excellence.kinepolis.be
www.shop.kinepolis.be
wwww.kinepolis.be
wwwww.kinepolis.be
yeastinfectionnomore.kinepolis.be
