admhz.kolikkopelit.com
api.kolikkopelit.com
auth.kolikkopelit.com
autodiscover.kolikkopelit.com
cdn.kolikkopelit.com
css.kolikkopelit.com
email.kolikkopelit.com
eum.kolikkopelit.com
evolivecasino.kolikkopelit.com
feed.kolikkopelit.com
flash.kolikkopelit.com
fontit.kolikkopelit.com
imagebank.kolikkopelit.com
js.kolikkopelit.com
kolikkopelit.com
kuvat.kolikkopelit.com
kuvat0.kolikkopelit.com
kuvat1.kolikkopelit.com
kuvat2.kolikkopelit.com
kuvat3.kolikkopelit.com
laskulla.kolikkopelit.com
link.email.kolikkopelit.com
link.notifications.kolikkopelit.com
linkki.kolikkopelit.com
livechat.kolikkopelit.com
m.kolikkopelit.com
m.stage.kolikkopelit.com
mail.kolikkopelit.com
mstatic.kolikkopelit.com
o19.sg.email.kolikkopelit.com
o20.sg.email.kolikkopelit.com
o21.sg.email.kolikkopelit.com
pay.kolikkopelit.com
payment-qa1.kolikkopelit.com
payment.kolikkopelit.com
stage.kolikkopelit.com
test.kolikkopelit.com
w.kolikkopelit.com
welcome.kolikkopelit.com
wvw.kolikkopelit.com
www-qa1.kolikkopelit.com
www-si1.kolikkopelit.com
www.feed.kolikkopelit.com
www.kolikkopelit.com
www.laskulla.kolikkopelit.com
www.wvw.kolikkopelit.com
