account.krisp.ai
account.prelive.krisp.ai
analytics.krisp.ai
api.krisp.ai
api.prelive.krisp.ai
app.krisp.ai
blog.krisp.ai
cdn.krisp.ai
ci.krisp.ai
dev.account.krisp.ai
dev.api.krisp.ai
dev.new.account.krisp.ai
dev.r.krisp.ai
dev.upld.krisp.ai
download.krisp.ai
download.prelive.krisp.ai
files.krisp.ai
files.prelive.krisp.ai
help.krisp.ai
help1.krisp.ai
jobs.krisp.ai
jpmchase-uat.krisp.ai
jpmchase.krisp.ai
kond.krisp.ai
kond.prelive.krisp.ai
krisp.ai
krstage.analytics.krisp.ai
krytics.krisp.ai
landing.krisp.ai
new.account.krisp.ai
new.account.prelive.krisp.ai
o1.ptr4412.mail.krisp.ai
o1.ptr7818.krisp.ai
o2.ptr1215.krisp.ai
o3.ptr4616.krisp.ai
old.account.krisp.ai
ops.krisp.ai
plive.account.krisp.ai
plive.analytics.krisp.ai
plive.api.krisp.ai
plive.download.krisp.ai
plive.old.account.krisp.ai
plive.r.krisp.ai
plive.ref.krisp.ai
plive.upld.krisp.ai
pre-prod.analytics.krisp.ai
r.krisp.ai
r.prelive.krisp.ai
ref.krisp.ai
ref.prelive.krisp.ai
releasenotes.krisp.ai
resources.krisp.ai
sales.krisp.ai
service.krisp.ai
sso.dev.api.krisp.ai
stage.account.krisp.ai
stage.analytics.krisp.ai
stage.api.krisp.ai
stage.krisp.ai
stage.krytics.krisp.ai
stage.new.account.krisp.ai
stage.r.krisp.ai
stage.upld.krisp.ai
syn-bt2ywgclz3.api.krisp.ai
teams.krisp.ai
upld.krisp.ai
upld.prelive.krisp.ai
upload.krisp.ai
url5145.krisp.ai
webcdn.krisp.ai
whatsnew.krisp.ai
www.krisp.ai
