06a.r0.rulefullart4forum.devnterprise.email2.lazada.com.my
0leanalyseracking.i62053.staging.wire.communitsvc1m-adsense.lazada.com.my
18dww.prdstgtrenri.hassserver01-repay-action.webproxy.idc-blogexec01.uusdevice.email2.lazada.com.my
210zy.dz.webproxy.idc.cpanel-r-linminifix.lazada.com.my
210zy.dz.webproxy.idc.cpanel-r-linsas-reg.lazada.com.my
27f.redirectme.netneuroticorum.devnterprise.email2.lazada.com.my
2bd2d-rentals.webproxy.idcgfe.oauteloversityasyoveryounts-device.email2.lazada.com.my
2rqponmlkjih0.yajama6.r0.rulegodosoft-022facebookapp-xsrvjpinsys-staging.appoppofind.comsellercenter.lazada.com.my
7ace6f7297edaeb0.lazada.com.my
7find-3.wire.community4arab.tasks-major-oppofind.com-robot-device.email2.lazada.com.my
7t-8ty.wire.community.acronterprise.email2.lazada.com.my
7t-8ty.wire.community.uy.enterprise.email2.lazada.com.my
8wosnr3gk4.lazada.com.my
a.lazada.com.my
a1.pwr.a02.f4s01.logo-www.prdstgtrenri.hassserver01-repay-action.webproxy.idc-blogexec01.uusdevice.email2.lazada.com.my
ab.lazada.com.my
acs-m.lazada.com.my
acs-wapa.lazada.com.my
addnterprise-www.prdstgtrenri.hassserver01-repay-action.webproxy.idc-blogexec01.uusdevice.email2.lazada.com.my
admin-m.lazada.com.my
admin-p.lazada.com.my
admin-staging.education.lazada.com.my
admin.education.lazada.com.my
admin.lazada.com.my
admin.sellercenter.lazada.com.my
adsense.lazada.com.my
aers.com.my-qvutsrqponmlkjih0.yajama6.r0.rulegodosoft-022facebookapp-xsrvjpinsys-staging.appoppofind.com.2ft.lazada.com.my
affiliate.lazada.com.my
akb2000.r0.rulew4device.email2.lazada.com.my
ali.lazada.com.my
alice-staging.lazada.com.my
alimebot-crmbocanalyservicecenter-station.i62053.staging.wire.communitsvc1malimebot.lazada.com.my
alimebot.lazada.com.my
amore-naj5-btfs-v2-yunup-farxingcartnersityasyoversonateway.webproxy.idcenterprise.email2.lazada.com.my
api-pre.lazada.com.my
api-xspace.lazada.com.my
api.lazada.com.my
api.sellercenter.lazada.com.my
archive.force.www.uat.d43210zyxwvuts4-wire.lazada.com.my
archive.force.www.uat.s728ipmi.lazada.com.my
areation-tractions.wire.communitysas.lazada.com.my
asc-hub-old.lazada.com.my
asc-hub.lazada.com.my
asc-staging-api.sellercenter.lazada.com.my
asc-staging.sellercenter.lazada.com.my
asc-static.lazada.com.my
asc.sellercenter.lazada.com.my
autodiscover.lazada.com.my
ba-buyer-staging.lazada.com.my
ba-buyer.lazada.com.my
baproductions.users.dtcos0.r0.rulehooligan-oppofind.com210zyxwvutsrqponmlkjihgfedc-vpncloudevice.email2.lazada.com.my
bartdtcos0.r0.rulehooligan-oppofind.com210zyxwvutsrqponmlkjihgfedc-vpncloudevice.email2.lazada.com.my
basketballadminwebinterotoms-ftn718zyxwvuts4rqponmlkjihg.wire.communitysas78aevice.email2.lazada.com.my
beta.lazada.com.my
betelgeuse-webinterotoms-ftn718zyxwvuts4rqponmlkjihg.wire.communitysas78aevice.email2.lazada.com.my
bob-sc.lazada.com.my
bob.lazada.com.my
bp5.wire.communityg.auteloversityasyoversityasyoveryout-m-enterprise.email2.lazada.com.my
c.lazada.com.my
cal02.r0.ruleprogressiverockpre.aabstest.ppccuro.otafsc-wire-device.email2.lazada.com.my
campaign.lazada.com.my
cart-m.lazada.com.my
cart-p.lazada.com.my
cart.lazada.com.my
catalog-rendering-api.lazada.com.my
cb-customs.lazada.com.my
checkout-m.lazada.com.my
checkout-p.lazada.com.my
checkout.lazada.com.my
clwww.prdstgtrenri.hassserver01-repay-action.webproxy.idc-blog-skinmell2-device.email2.lazada.com.my
cn4-ea.staging.wire.communitsvc1m-autoconfig.ip.lazada.com.my
code.lazada.com.my
connected.lazada.com.my
conny.lazada.com.my
content.lazada.com.my
copyplus1ebinterotoms-ftn718zyxwvuts4rqponmlkjihg.wire.communitysas78aevice.email2.lazada.com.my
cp08dev17-ronjand-se.yajama6.r0.rulegodosoft-022facebookapp-xsrvjpinsys-staging.app-joy.rental.device.email2.lazada.com.my
cpanel-r-linwebqponmlk.wire.community-12gbasfset2.valhalla12.stagegr-mirrorwww.cmn.enterprise.email2.lazada.com.my
creative.lazada.com.my
crossborder.lazada.com.my
cs.lazada.com.my
daejinmat2ww.prdstgtrenri.hassserver01-repay-action.webproxy.idc-blogexec01.uusdevice.email2.lazada.com.my
datafeeds.lazada.com.my
dazzlingdaywww.prdstgtrenri.hassserver01-repay-action.webproxy.idc-blog-skinmell2-device.email2.lazada.com.my
der.lazada.com.my
dialin37-webinterotoms-ftn718zyxwvuts4rqponmlkjihg.wire.communitysas78aevice.email2.lazada.com.my
digital.lazada.com.my
dks8504www.prdstgtrenri.hassserver01-repay-action.webproxy.idc-blog-skinmell2-device.email2.lazada.com.my
dlv-ronjand-se.yajama6.r0.rulegodosoft-022facebookapp-xsrvjpinsys-staging.app-joy.rental.device.email2.lazada.com.my
dmtrace.support.lazada.com.my
dns1.webproxy.idc5nzdevice.email2.lazada.com.my
domainmanagement.qponmlk.wire.community-12gbasfset2.valhalla12.stagegr-mirrorwww.cmn.enterprise.email2.lazada.com.my
dtcos0.r0.rulehooligan-oppofind.com-webdisk.linksevice.email2.lazada.com.my
dtcos0.r0.rulehooligan-oppofind.com210zyxwvutsrqponmlkjihgfedc-vpncloudevice.email2.lazada.com.my
dtcos0.r0.rulehooligan-oppofind.comebdisk.linksevice.email2.lazada.com.my
ebthpgrjd3.lazada.com.my
eco-acc.lazada.com.my
eco-device.lazada.com.my
eco.lazada.com.my
editestprdstg-wwwsmtpxingyiacs.r0.rule-pod20.ww29.c9verkaufenwww.purpleas.enterprise.email2.lazada.com.my
educatalog-render.myproxy.cloud.lazada.com.my
education.lazada.com.my
email.lazada.com.my
enterpriseenrollment.lazada.com.my
enterpriseregistration.lazada.com.my
er-p.lazada.com.my
er-search.lazada.com.my
er.lazada.com.my
euwe-su7.qponmlk.wire.community-12gbasfset2.valhalla12.stagegr-mirrorwww.cmn.enterprise.email2.lazada.com.my
fatal-encount-com.rentals.webproxy.idcgfe.oauteloversityasyoveryounts-device.email2.lazada.com.my
feeds.lazada.com.my
filebroker-cdn.lazada.com.my
filebroker-staging.lazada.com.my
filebroker.lazada.com.my
fujigaoka.www.magrdstg-wwwsmtpxingyiacs.r0.rule-pod20.ww29.c9verkaufenwww.purpleas.enterprise.email2.lazada.com.my
fy5.r0.rule.hikakuichiran-com.enterprise.email2.lazada.com.my
gervice8.yajama6.r0.rulegodosoft-022facebookapp-xsrvjpinsys-staging.appppofind.com.lazada.com.my
gi342-www.prdstgtrenri.hassserver01-repay-action.webproxy.idc-blogexec01.uusdevice.email2.lazada.com.my
gmcp.lazada.com.my
goblin-staging.lazada.com.my
goblin.lazada.com.my
godosg-028tcos0.r0.rulehooligan-oppofind.com210zyxwvutsrqponmlkjihgfedc-vpncloudevice.email2.lazada.com.my
h30naj5-btfs-v2-yunup-farxingcartnersityasyoversonateway.webproxy.idcenterprise.email2.lazada.com.my
h5-alimebot.lazada.com.my
happv.r0.rulehooligan.wwwecojejuwork.lazada.com.my
helpcenter.lazada.com.my
ho.lazada.com.my
hohyunup-farxingcartnersityasyovers-api-docs.webproxy.idc2013ouzhoubeizuqiujingcai.lazada.com.my
homer-lel-my-stg.lazada.com.my
homer-staging.lazada.com.my
homer.lazada.com.my
i.lazada.com.my
i62053.staging.wire.community.chorale.vcs-126125a.roslin.lazada.com.my
iceworld99.r0.rulew4device.email2.lazada.com.my
idc.makoto2008aj5-btfs-v2-yunup-farxingcartnersityasyoversonateway.webproxy.idcenterprise.email2.lazada.com.my
ifs.lazada.com.my
ihg.r0.ruleus-east-2.prod.amux.support.awjuniperoy-r0enterprise.email2.lazada.com.my
ihg.r0.ruleus-east-2.prod.amux.support.awjuniperoy.randbadminevice.email2.lazada.com.my
ihg.r0.ruleus-east-2.prod.amux.support.awjuniperoys338ipmidevice.email2.lazada.com.my
iilnaj5-btfs-v2-yunup-farxingcartnersityasyoversonateway.webproxy.idcenterprise.email2.lazada.com.my
info.lazada.com.my
internal-stp.lazada.com.my
jejuscww.prdstgtrenri.hassserver01-repay-action.webproxy.idc-blogexec01.uusdevice.email2.lazada.com.my
jetnterprise10zy.dz.webproxy.idc.cpanel-r-lin.lazada.com.my
jmacs-m.lazada.com.my
jsotop-com.ihg.r0.ruleus-east-2.prod.amux.support.awjuniperoy-r0enterprise.email2.lazada.com.my
jstephanie.r0.rule-sgmania-enterprise.email2.lazada.com.my
ju.lazada.com.my
kns.r0.ruleprogressiverockpre.aabstest.ppccuro.otafsc-wire-device.email2.lazada.com.my
kotosangenkyousitu-comww.magrdstg-wwwsmtpxingyiacs.r0.rule-pod20.ww29.c9verkaufenwww.purpleas.enterprise.email2.lazada.com.my
kusa-qponmlk.wire.community-12gbasfset2.valhalla12.stagegr-mirrorwww.cmn.enterprise.email2.lazada.com.my
layout.lazada.com.my
lazada.com.my
least.lazada.com.my
least.r0.rule-sgmania-enterprise.email2.lazada.com.my
lighthouse.lazada.com.my
lms-api.lazada.com.my
lms.lazada.com.my
locker.lazada.com.my
login-staging.sellercenter.lazada.com.my
login.sellercenter.lazada.com.my
lsc-api.sellercenter.lazada.com.my
lsc.sellercenter.lazada.com.my
lyncdiscover.lazada.com.my
m.lazada.com.my
m.sellercenter.lazada.com.my
media.lazada.com.my
member-m.lazada.com.my
member-p.lazada.com.my
member.lazada.com.my
mismail.r0.rulefullart4forum.devnterprise.email2.lazada.com.my
mk3477.redirectme.netneuroticorum.devnterprise.email2.lazada.com.my
mlkji-proxy.wire.communityctjobbank.app.otafsg1.web5130ksu12device.email2.lazada.com.my
mlkji-redirector.wire.communityctjobbank.app.otafsg1.web5130ksu12device.email2.lazada.com.my
mlkji.wire.communityctjobbank.app.otafsg1.web5130flamboevice.email2.lazada.com.my
mlkji.wire.communityctjobbank.app.otafsg1.web5130ksu12device.email2.lazada.com.my
mlkjitwitch.wire.communityctjobbank.app.otafsg1.web5130ksu12device.email2.lazada.com.my
mobapi.lazada.com.my
modainmallnaj5-btfs-v2-yunup-farxingcartnersityasyoversonateway.webproxy.idcenterprise.email2.lazada.com.my
moderntc1.r0.rule.hikakuichiran-com.enterprise.email2.lazada.com.my
monitoring.lazada.com.my
ms.adsense.lazada.com.my
ms.lazada.com.my
ms.locker.lazada.com.my
msgacs-m.lazada.com.my
msgx-space.lazada.com.my
msoid.lazada.com.my
mvm-ri-d095098.roslin.r0.rulefullart4forum.devnterprise.email2.lazada.com.my
mvm-ri-m126043.roslin.r0.rule.hikakuichiran-com.enterprise.email2.lazada.com.my
my-m.lazada.com.my
my-p.lazada.com.my
my.lazada.com.my
mya000001ptn-ihg.r0.ruleus-east-2.prod.amux.support.awjuniperoys338ipmidevice.email2.lazada.com.my
naj5-btfs-v2-yunup-farxingcartnersityasyoversonateway.webproxy.idcenterprise.email2.lazada.com.my
nest.sellercenter.lazada.com.my
nismodns1.webproxy.idc5nzdevice.email2.lazada.com.my
notifications.lazada.com.my
ns.lazada.com.my
ns199-webinterotoms-ftn718zyxwvuts4rqponmlkjihg.wire.communitysas78aevice.email2.lazada.com.my
nsh42.r0.rulehooligan.wwwyonehouse-jp.lazada.com.my
ohms.lazada.com.my
ohms.test.lazada.com.my
oms-staging.lazada.com.my
oms.lazada.com.my
open.lazada.com.my
openapi.lazada.com.my
orderingcarlobao.staging.wire.community126.plutum.lazada.com.my
orders.lazada.com.my
p.kawasadnswildcardpromotificativeryountsq85bv.webproxy.idcotac.cider-ui.ptlogin2.lazada.com.my
p.lazada.com.my
p.wire.community-parkeronline.budget-oppofind.com.lazada.com.my.lazada.com.my
pages.lazada.com.my
partner-integ-p.lazada.com.my
pci-lazada.redirectme.netneuroticorum.devnterprise.email2.lazada.com.my
pdp-beta.lazada.com.my
pdp-p.lazada.com.my
pdp.lazada.com.my
pdpdesc-m.lazada.com.my
pdpdesc-p.lazada.com.my
pdpdesc.lazada.com.my
pe.lazada.com.my
pform.lazada.com.my
prdstg-wwwsmtpxingyiacs.r0.rule-pod20.ww29.c9verkaufenwww.purple-zminsdevice.email2.lazada.com.my
prdstg-wwwsmtpxingyiacs.r0.rule-pod20.ww29.c9verkaufenwww.purpleas.enterprise.email2.lazada.com.my
prdstgtrenri.hassserver01-repay-action.webproxy.idc-blogexec01.uusdevice.email2.lazada.com.my
pre-adsense.lazada.com.my
pre-c.lazada.com.my
pre-connected.lazada.com.my
pre-crossborder.lazada.com.my
pre-gmcp.lazada.com.my
pre-h5-alimebot.lazada.com.my
pre-login-openaccount-sg94.lazada.com.my
pre-psc-alimebot.lazada.com.my
pre-shop-alimebot.lazada.com.my
pre-station.lazada.com.my
pre-topup.lazada.com.my
pre-uapi-xspace.lazada.com.my
pre-wallet.lazada.com.my
pre-wormhole.lazada.com.my
pre-xservice.lazada.com.my
pre-xspace-social.lazada.com.my
pre-xspace.lazada.com.my
pre-xsuite.lazada.com.my
pre-xview.lazada.com.my
pre.lazada.com.my
promo2.qponmlk.wire.community-12gbasfset2.valhalla12.stagegr-mirrorwww.cmn.enterprise.email2.lazada.com.my
psc-alimebot.lazada.com.my
psc-pre.lazada.com.my
psc.lazada.com.my
puttyo-com-qponmlk.wire.community-12gbasfset2.valhalla12.stagegr-mirrorwww.cmn.enterprise.email2.lazada.com.my
pwaapi.lazada.com.my
q68-dns1.webproxy.idc5nzdevice.email2.lazada.com.my
qa.pe.lazada.com.my
qiyalimebotponmlk.wire.community-12gbasfset2.valhalla12.stagegr-mirrorwww.cmn.enterprise.email2.lazada.com.my
qns.lazada.com.my
qponmlk.wire.community-12gbasfset2.valhalla12.stagegr-mirrorwww.cmn.enterprise.email2.lazada.com.my
r0.rule-sgmania-enterprise.email2.idcenterprise.email2.lazada.com.my
r0.rule-sgmania-enterprise.email2.lazada.com.my
r0.rule.hikakuichiran-com.enterprise.email2.lazada.com.my
r0.rule.sebins7-eu6.web3145.ns241.lazada.com.my
r0.rule.sebins7-eu6.web3145it.loseit.lazada.com.my
r0.rule.sebins7-eu6.web3145pdu3.lazada.com.my
r0.rule.sebins7-eu6.web3145pdu3alimebot-crmbocanalyservicecenter-station.lazada.com.my
r0.rulefullart4web.dqr.enterprise.email2.lazada.com.my
r0.rulemoodledev-enterprise.email2.lazada.com.my
r0.ruleprogressiverockpre.aabstest.ppccuro.otafsc-wire-device.email2.lazada.com.my
r0.rulew4device.email2.lazada.com.my
r0.webproxy.idc093device.email2.lazada.com.my
r0.webproxy.idcita.lazada.com.my
rail.r0.rulefullart4forum.devnterprise.email2.lazada.com.my
rc.lazada.com.my
rc.wire.community.lazada.com.my
recommender.lazada.com.my
redirectme.net-hada114.lazada.com.my
redirectme.net9zl0.ruleprogressiverockpre.aabstest.ppccuro.otafsc-wire-device.email2.lazada.com.my
redirectme.netneuroticorum.devnterprise.email2.lazada.com.my
redirectme.nets1intextacy.lazada.com.my
redirectme.netwww.ediscovery.lazada.com.my
redmart.lazada.com.my
rentals.webproxy.idcgfe.oauteloversityasyoveryounts-device.email2.lazada.com.my
response.lazada.com.my
rest.lazada.com.my
ronjand-se.yajama6.r0.rulegodosoft-022facebookapp-xsrvjpinsys-staging.app-joy.rental.device.email2.lazada.com.my
rx0k8s7wqz.lazada.com.my
s.coxenge-health-follow-up-service.wire.communityhongo711.lazada.com.my
s.lazada.com.my
s.r0.rulehooligan.www.www.email2.lazada.com.my
s.r0.rulehooligan.wwwiwamoto-clinic-jp.lazada.com.my
s.r0.rulehooligan.wwwscontent-euc1.lazada.com.my
s1222bdtcos0.r0.rulehooligan-oppofind.com210zyxwvutsrqponmlkjihgfedc-vpncloudevice.email2.lazada.com.my
s1336ipmi-mlkjih.webproxy.idc.bnd-service9boardsauth-ns.lazada.com.my
s4216a.r0.rulew4device.email2.lazada.com.my
s818-dtcos0.r0.rulehooligan-oppofind.com210zyxwvutsrqponmlkjihgfedc-vpncloudevice.email2.lazada.com.my
saehan5340-webinterotoms-ftn718zyxwvuts4rqponmlkjihg.wire.communitysas78aevice.email2.lazada.com.my
sbm.lazada.com.my
search-p.lazada.com.my
selecoration-akamaion.ru.prdstg9876543210zy.r0.rulefullart4guru-device.email2.lazada.com.my
selercenter-api.lazada.com.my
seller-transparency-api.lazada.com.my
seller.sellercenter.lazada.com.my
sellercenter-api.lazada.com.my
sellercenter-global-staging.lazada.com.my
sellercenter-oau8teloveryounts.i62053.staging.wire.communitsvc1m.adsense.lazada.com.my
sellercenter-staging-api.lazada.com.my
sellercenter-staging-static.lazada.com.my
sellercenter-staging.lazada.com.my
sellercenter-static.lazada.com.my
sellercenter.lazada.com.my
serenaentals.webproxy.idcgfe.oauteloversityasyoveryounts-device.email2.lazada.com.my
servicecenteract.vpncloudponmlk.wire.community-12gbasfset2.valhalla12.stagegr-mirrorwww.cmn.enterprise.email2.lazada.com.my
shop-alimebot.lazada.com.my
shop-decoration-api.lazada.com.my
shop-global-staging.lazada.com.my
sip.lazada.com.my
social-xspace.lazada.com.my
solution.lazada.com.my
srv-live-01.lazada.com.my
srv-live-02.lazada.com.my
srv-live-03.lazada.com.my
srv-live.lazada.com.my
srv-staging-01.lazada.com.my
srv-staging.lazada.com.my
ssc-staging.lazada.com.my
ssc.lazada.com.my
ssl-2-qponmlk.wire.community-12gbasfset2.valhalla12.stagegr-mirrorwww.cmn.enterprise.email2.lazada.com.my
ssr-std.lazada.com.my
static-asc-upload.sellercenter.lazada.com.my
static-asc.sellercenter.lazada.com.my
static-file.lazada.com.my
static-origin.lazada.com.my
static-staging.lazada.com.my
static.lazada.com.my
station.lazada.com.my
store.lazada.com.my
stp.lazada.com.my
sug.lazada.com.my
suggest-lel-my-stg.lazada.com.my
suggest.lazada.com.my
superedire.r0.rulehooligan.www.www.mailweb.lazada.com.my
superedire.webproxy.idcdemoofix.lazada.com.my
superedire.webproxy.idcdemoofixmmagpie-035.lazada.com.my
supplier.lazada.com.my
support.lazada.com.my
survey.lazada.com.my
taobao.lazada.com.my
test1-mlkji.wire.communityctjobbank.app.otafsg1.web5130ksu12device.email2.lazada.com.my
theo061ive-interu.webproxy.idc-b9t.lazada.com.my
topup.lazada.com.my
tracker.lazada.com.my
tracking.lazada.com.my
tskym-jpwebinterotoms-ftn718zyxwvuts4rqponmlkjihg.wire.communitysas78aevice.email2.lazada.com.my
u.lazada.com.my
u2.lazada.com.my
uapi-xspace.lazada.com.my
uiponmlk.wire.community-12gbasfset2.valhalla12.stagegr-mirrorwww.cmn.enterprise.email2.lazada.com.my
union.lazada.com.my
university.lazada.com.my
voip.lazada.com.my
vpn.lazada.com.my
vpncloud-shopre-ihg.r0.ruleus-east-2.prod.amux.support.awjuniperoys338ipmidevice.email2.lazada.com.my
wallet.lazada.com.my
wallpaper.r0.rulefullart4forum.devnterprise.email2.lazada.com.my
web10119www.magrdstg-wwwsmtpxingyiacs.r0.rule-pod20.ww29.c9verkaufenwww.purpleas.enterprise.email2.lazada.com.my
web103.webproxy.idcotac.cider-ui.ptlogin2.s806b.lazada.com.my
web10983-dtcos0.r0.rulehooligan-oppofind.com210zyxwvutsrqponmlkjihgfedc-vpncloudevice.email2.lazada.com.my
web1307ponmlk.wire.community-12gbasfset2.valhalla12.stagegr-mirrorwww.cmn.enterprise.email2.lazada.com.my
web18345hg.r0.ruleus-east-2.prod.amux.support.awjuniperoys338ipmidevice.email2.lazada.com.my
web416-dtcos0.r0.rulehooligan-oppofind.com210zyxwvutsrqponmlkjihgfedc-vpncloudevice.email2.lazada.com.my
web6180-qponmlk.wire.community-12gbasfset2.valhalla12.stagegr-mirrorwww.cmn.enterprise.email2.lazada.com.my
web6407naj5-btfs-v2-yunup-farxingcartnersityasyoversonateway.webproxy.idcenterprise.email2.lazada.com.my
web7315.r0.ruleprogressiverockpre.aabstest.ppccuro.otafsc-wire-device.email2.lazada.com.my
webdbservicecent.wire.community-parkeronline.budgetpoof.device.email2.lazada.com.my
webim.lazada.com.my
webinterotoms-ftn718zyxwvuts4rqponmlkjihg.wire.communitysas78aevice.email2.lazada.com.my
webproxy.idc-blogexec01.uusdevice.email2.lazada.com.my
webproxy.idc-lorien10zyxwvutsrqponmlkjihgfedcb.ccyber-fuyo.ja.lazada.com.my
webproxy.idc-lorien10zyxwvutsrqponmlkjihgfedcb.ccyberdoctorphoto.lazada.com.my
webproxy.idc-oup-2eo.lazada.com.my
webproxy.idc-oup3m6.lazada.com.my
webproxy.idc-oupeesf.lazada.com.my
webproxy.idceinvoice-mta18.email2.lazada.com.my
webproxy.idceinvoiceellercenter-lds2007.lazada.com.my
webproxy.idceinvoiceellercenter-lds2007idcenterprise.email2.lazada.com.my
webproxy.idceinvoiceellercenter.6wedevice.email2.lazada.com.my
webproxy.idceinvoiceellercenter.mhplan-net.lazada.com.my
webproxy.idcgfe.oauteloversityasyoveryounts-device.email2.lazada.com.my
webproxy.idcotac.cider-ui.ptlogin2s1118.lazada.com.my
wire.community-dcl4-ncg0-iad3.na84-ia26kf.jq4found-money-admin-assets-staging.kns-comnetoungmoney-admin6.build.lazada.com.my
wire.community-pre-awww.blogtafsc2a18b0051.lazada.com.my
wire.community.chorale-qnaqna.lazada.com.my
wire.community.chorale.wonu23-web10214.lazada.com.my
wire.community.choralevote.lazada.com.my
wire.community.ipv4.hto.web4022.ds461sw4device.email2.lazada.com.my
wire.community126lgerianonterprise.email2.lazada.com.my
wire.community126lgerianonterprise.email2hyran031.enterprise.lazada.com.my
wire.communitycs12603-cnppsprimary.fujigaoka.trunks-enterprise.email2.lazada.com.my
wire.communitycs12603-cnppsprimary.fujigaokaflamboevice.email2-lightingadmin.lazada.com.my
wire.communitycs12603-cnppsprimary.fujigaokaflamboevice.email2.s311ipmi.lazada.com.my
wire.communitycs12603-cnppsprimary.fujigaokaflamboevice.email2.ypo.lazada.com.my
wire.communityg.auteloversityasyoversityasyoveryout-m-enterprise.email2.lazada.com.my
wire.communityguy.enterprise.email2.lazada.com.my
wire.communitymail001iphoneechatazada-whistlersupport-enterprise.email2.lazada.com.my
wire.communitymail001iphoneechatazada.anyone13device.email2.lazada.com.my
wire.communityphobos-nb.caxiang.urscorpdevice.email2.lazada.com.my
wire.communityphobos-nb.caxiangh3enterprise.email2.lazada.com.my
wire.communitysasandjean.lazada.com.my
wire.communitysaswebim.lazada.com.my
wkaxld003.r0.rule.hikakuichiran-com.enterprise.email2.lazada.com.my
wvutsrqponml.staging.wire.community.aljoker-admin-lazadaiat.lazada.com.my
ww.r0.rulefullart4forum.devnterprise.email2.lazada.com.my
www-heapactivitieshop11655150.r0.ruleus-east-2.prod.amux.support.aws.ksiegarnialingqcentral-es.lazada.com.my
www.beardeddragons.redirectme.netneuroticorum.devnterprise.email2.lazada.com.my
www.google.com-open-bleacherreport-cloud-computing-services-distribution.lazada.com.my
www.google.com-open-bteditor-cloud-computing-services-distribution.lazada.com.my
www.google.com-open-mobapi-cloud-computing-services-distribution.lazada.com.my
www.google.com-open-pp-farm5-cloud-computing-services-distribution.lazada.com.my
www.google.com-open-source-cloud-accept-services-distribution.lazada.com.my
www.google.com-open-source-cloud-accept-services-distribution.www.galaxy.lazada.com.my
www.google.com-open-source-cloud-asc-staging-services-distribution.lazada.com.my
www.google.com-open-source-cloud-computing-admin-m-distribution.lazada.com.my
www.google.com-open-source-cloud-computing-creative-distribution.lazada.com.my
www.google.com-open-source-cloud-computing-layout-distribution.lazada.com.my
www.google.com-open-source-cloud-computing-services-distribution.lazada.com.my
www.google.com-open-source-cloud-computing-services-lazmall.lazada.com.my
www.google.com-open-source-cloud-computing-services-lazmalllucasmall.lazada.com.my
www.google.com-open-source-cloud-computing-services-odnoklassniki.lazada.com.my
www.google.com-open-source-cloud-computing-services-schanze.lazada.com.my
www.google.com-open-source-cloud-computing-services-staging.lazada.com.my
www.google.com-open-source-cloud-computing-survey-distribution.lazada.com.my
www.google.com-open-source-cloud-notifications-services-distribution.lazada.com.my
www.google.com-open-source-cloud-preview-services-distribution.lazada.com.my
www.google.com-open-source-cloud-seller-services-distribution.lazada.com.my
www.google.com-open-source-cloud-twitter-services-distribution.lazada.com.my
www.google.com-open-source-cloud-wormhole-services-distribution.lazada.com.my
www.google.com-open-srv-live-cloud-computing-services-distribution.lazada.com.my
www.google.com-open-stage-cloud-computing-services-distribution.lazada.com.my
www.google.comaprilcsg-est-0243.csgwtiting5.mgmt.toronto.bkp3nterprise.email2.lazada.com.my
www.google.comjenkinsq39sbvavn4.p8.webhostingew8-mail.magento-design.loadtestenterprise.email2.lazada.com.my
www.google.comjenkinsq39sbvavn4.p8.webhostingew8.skinmell2-device.email2.e5.lazada.com.my
www.google.comjenkinsq39sbvavn4.p8.webhostingew8.skinmell2-device.email2.lazada.com.my
www.google.comjenkinuc3.w1m-ashishishishi-vpncloud.lazada.com.my
www.google.comjenkinuc3.w1m.a-plationsolessages.lazada.com.my
www.lazada.com.my
www.lead.redirectme.netneuroticorum.devnterprise.email2.lazada.com.my
www.locker.lazada.com.my
www.magrdstg-wwwsmtpxingyiacs.r0.rule-pod20.ww29.c9verkaufenwww.purpleas.enterprise.email2.lazada.com.my
www.maharashtraihg.r0.ruleus-east-2.prod.amux.support.awjuniperoys338ipmidevice.email2.lazada.com.my
www.ms.locker.lazada.com.my
www.nick.r0.rulefullart4forum.devnterprise.email2.lazada.com.my
www.prdstgtrenri.hassserver01-repay-action.webproxy.idc-blog-skinmell2-device.email2.lazada.com.my
www.prdstgtrenri.hassserver01-repay-action.webproxy.idc-blogexec01.uusdevice.email2.lazada.com.my
www.static.lazada.com.my
www.webapps.naj5-btfs-v2-yunup-farxingcartnersityasyoversonateway.webproxy.idcenterprise.email2.lazada.com.my
www.www.lazada.com.my
www2.lazada.com.my
wzenaj5-btfs-v2-yunup-farxingcartnersityasyoversonateway.webproxy.idcenterprise.email2.lazada.com.my
xform.lazada.com.my
xspace.lazada.com.my
xsuite.lazada.com.my
yhstop-004dtcos0.r0.rulehooligan-oppofind.com210zyxwvutsrqponmlkjihgfedc-vpncloudevice.email2.lazada.com.my
zvutsrqponml.wvutsrqponml.staging.wire.community.aljoker-admin-lazada.lazada.com.my
