api-id.lazada-seller.cn
api-my.lazada-seller.cn
api-ph.lazada-seller.cn
api-sg.lazada-seller.cn
api-th.lazada-seller.cn
api-vn.lazada-seller.cn
api.lazada-seller.cn
cn-pull-rts.lazada-seller.cn
cn-pull.lazada-seller.cn
gmcp-id.lazada-seller.cn
gmcp-my.lazada-seller.cn
gmcp-ph.lazada-seller.cn
gmcp-sg.lazada-seller.cn
gsp-alimebot.lazada-seller.cn
gsp-stg.lazada-seller.cn
gsp.lazada-seller.cn
id-pull-akamai.lazada-seller.cn
id-pull-rts.lazada-seller.cn
id-pull.lazada-seller.cn
id-replay.lazada-seller.cn
lazada-seller.cn
m-id-staging.lazada-seller.cn
m-id.lazada-seller.cn
m-my-staging.lazada-seller.cn
m-my.lazada-seller.cn
m-ph-staging.lazada-seller.cn
m-ph.lazada-seller.cn
m-sg-staging.lazada-seller.cn
m-sg.lazada-seller.cn
m-th-staging.lazada-seller.cn
m-th.lazada-seller.cn
m-vn-staging.lazada-seller.cn
m-vn.lazada-seller.cn
m.sellercenter-id-staging.lazada-seller.cn
m.sellercenter-ph-staging.lazada-seller.cn
m.sellercenter-sg-staging.lazada-seller.cn
m.sellercenter-th-staging.lazada-seller.cn
m.sellercenter-vn-staging.lazada-seller.cn
msgacs-m.lazada-seller.cn
pages.lazada-seller.cn
pre-id-pull-akamai.lazada-seller.cn
pre-sg-pull-akamai.lazada-seller.cn
pre-sg-pull.lazada-seller.cn
sellercenter-id-staging.lazada-seller.cn
sellercenter-id.lazada-seller.cn
sellercenter-my-staging.lazada-seller.cn
sellercenter-my.lazada-seller.cn
sellercenter-ph-staging.lazada-seller.cn
sellercenter-ph.lazada-seller.cn
sellercenter-sg-staging.lazada-seller.cn
sellercenter-sg.lazada-seller.cn
sellercenter-th-staging.lazada-seller.cn
sellercenter-th.lazada-seller.cn
sellercenter-vn-staging.lazada-seller.cn
sellercenter-vn.lazada-seller.cn
sg-pull-akamai.lazada-seller.cn
sg-pull-rts.lazada-seller.cn
sg-pull.lazada-seller.cn
sg-replay.lazada-seller.cn
uac.lazada-seller.cn
www.lazada-seller.cn
