02053701.lazada.vn
02061916.lazada.vn
09.r0.rule-marketingpi4.bob-sc.email2.lazada.vn
09.r0.rule.7007ebd9-bob-sc.email2.lazada.vn
09.r0.rule.bob-sc.email2.lazada.vn
09.r0.rule.bob-scy-dreamwk7.email2.lazada.vn
09.r0.rule.pptest6492.bob-sc.email2.lazada.vn
09.r0.rule.searpassworkplackstation.email2.lazada.vn
09web106.r0.rule.bob-sc-7-web106.email2.lazada.vn
09web106.r0.rule.bob-sc.email2.lazada.vn
0zyxwvutsrq.yajama6.r0.rulegodosoft-022facebookapp-xsrvjpinsys-staging.appppofind.com-oppofind.com.lazada.vn
0zyxwvutsrqponmlkjihgfedc-xher.wire.communitymail001olution9tyy.statictopupaland.lazada.vn
0zyxwvutsrqponmlkjihgfedc-xher.wire.communitymail001olution9tyy.statictopupiaomiaobao.lazada.vn
10inter-stagingcardpromotion.r0.rulefullart4.lazada.vn
10zyxwvutsrqp.myproxybestsellerchange-acs-m.wire.communitymail001olution.wkaxld002.lazada.vn
10zyxwvutsrqp.r0.ruleus-east-2.prod.amux.support.aws.adsensefarxipng1over-gmunion-xsrvjp.lazada.vn
14-web106.r0.rule.bob-sc.email2.lazada.vn
16906-shop11655150.r0.ruloo4.w7dgbo91.cdtest-2iaomisellercentern-5.lazada.vn
18.r0.rule.bob-sc.email2.lazada.vn
1iwwytcosgonmlkjihgfe.webproxy.idc-wwwdl.umas.lazada.vn
1iwwytcosgonmlkjihgfe.webproxy.idc-wwwdluc-webconf.lazada.vn
1q4collyiro-catic-file4collmenlashion.lkjihgfedcba9876543210.redirectme.nethaimajj.world.green-dental-me.lazada.vn
1www-xsampareaaller-stanshion.noviet1-pareaallerchangapush63.ki.ftp2.bo.webproxy.idc.lazada.vn
2010.wire.communityctjobbank.app.otafsg1.web5130api.lazada.vn
2fsr-rs.2fmn-mn.litebyrnedecom.layoutwww5ingyiacs.r0.rulefullart4.lazada.vn
2fwww.lazada.vn
2libs-hfarxingyiacs.webproxy.idc-campaign.leezipp.lazada.vn
2libs-hfarxingyiacs.webproxy.idc-campaignmail21.lazada.vn
2mhole.r0.ruloo4.w7dgbo91.cdtest-2iaomiaobaocompartnervices-akamateractionsierracharlie.users.lazada.vn
41-n.r0.rule.global.email2.lazada.vn
41.r0.rule.bob-sc.email2.lazada.vn
41.r0.rule.global.email2.lazada.vn
41.r0.ruleadministraction.bob-sc.email2.lazada.vn
510zyx.staging.wire.communitystaginpollyiromotions-ds-jer.email2.lazada.vn
7-web106.r0.rule.bob-sc.email2.lazada.vn
7-web106.r0.ruletracklessa.bob-sc.email2.lazada.vn
7007ebd9.lazada.vn
7b419d5093b9326c.lazada.vn
876543210zyxw.coxenge-health-follow-up-service.wire.community.mariweb-010cdn-test.lazada.vn
876543210zyxw.coxenge-health-follow-up-service.wire.community.mariweb-010storigitaloginpollment.lazada.vn
876543210zyxw.shakespeare.wire.community.mariweb-010cdn-test.lazada.vn
99zyxwvutsrqpon.ytcos.r0.ruleus-east-2.prod.amux.support.awssoid.lazada.vn
9cd4ca67.lazada.vn
9sdo.r0.rulehooligan.wwwoppofind.com.lazada.vn
a.lazada.vn
ab.lazada.vn
acs-m.lazada.vn
acs-wapa.lazada.vn
activitive-internal.wire.communityctjobbank.app.otafsg1oppofind.com.lazada.vn
admin-m.lazada.vn
admin-p.lazada.vn
admin-staging.education.lazada.vn
admin-webproxy.ru.gfedcba9876543210.wire.community4arab.tasks-majorppofind.com-dcl8-ord.na77-ord.my.lazada.vn
admin-webproxy.ruleus-east-2.prod.amux.support.aws-usnewspapersadmin-johnj213.lazada.vn
admin-webproxy.ruloo4.w7dgbo91.cdtest-2iaomiaobao.memoriginpollegecasetemperedgroutdoormhole.kf-akwjr.lazada.vn
admin.education.lazada.vn
admin.lazada.vn
admin.sellercentertrenri-sycm.r0.ruleus-east-2.prod.amux.support.awsww-ophelia915.lazada.vn
admining.r0.rule.sahand-education-vanah-nakatsu-com.lazada.vn
admining.r0.ruloo4.w7dgbo91.cdtest-2iaomisellercenter.ipayjunimall01.lazada.vn
admining.r0.ruloo4.w7dgbo91.cdtest-2iaomisellercenterbaudir.lazada.vn
admining.r0.ruloo4.w7dgbo91.cdtest-yumizclub-comnionsimpleesellercenter.ipayjunimall01.lazada.vn
administraction-aebridge.wire.communityctjobbank.app.otafsg1ppofind.com.lazada.vn
admizclub-commellerchang.r0.ruleus-east-2.prod.amux.support.awsducation.qwf.lazada.vn
adsenoolchang.wire.community-khb-papercup-areariservata-machine.cmn.lazada.vn
adsense-now-changapush63.wire.communityctjobbank.app.otafsg1.web5130asc-hub-fkj.dawanjiayulechengbocaizhuce.lazada.vn
adsense-now-changapush63.wire.communityctjobbank.app.otafsg1.web5130asc-hub-fkj.xinfo765-xsrvjp.lazada.vn
adsense-orderingsstyless.wire.community.lazada.vn
adsense-tectro.vnwechat-stage.webproxy.idc-mian-8ng.lazada.vn
adsense-tectro.vnwechat-stage.webproxy.idc-mian-hubcarols.lazada.vn
adsense-tectro.webproxy.idc-campaign-q137.lazada.vn
adsense-tectro.webproxy.idc-wwwdlvolk.lazada.vn
adsense-tectro.wire.communityctjobbank.app.otafsg1.staginweb5130asc-hub.tabi-17-infoengdenser.lazada.vn
adsense-tectro.wire.communityctjobbank.app.otafsg1.web5130asc-hub.tabi-17-infoengdenser.lazada.vn
adsense.lazada.vn
adserve.r0.rule.bob-sc-redirectme.email2.lazada.vn
adshop11655150.r0.ruleus-east-2.prod.amux.support.aws.adsensefarxipng1over.x-2.lazada.vn
adshop11655150.r0.ruloo4.w7dgbo91.cdtest-2iaomisellercenter-rentalshop.webgrace.lazada.vn
adshop11655150.r0.ruloo4.w7dgbo91.cdtest-stativitiverscardpromotionsellercenter-rentalshop.webgrace.lazada.vn
adshop11655150.vnwechat-stage.webproxy.idc-miandrq.lazada.vn
adshop11655150.wire.communitymail001olution9tyy.statictopupruleus-sellercenter-staging.lazada.vn
affiliate.lazada.vn
akamaion-landscapetaging.mbestsellerchange-acs-m.wire.communitymail001olution.lazada.vn
ali.lazada.vn
alice-staging.lazada.vn
almaty-metro.hg.wire.community-parkeronline.budget-host16confluence.blg.cdtest-2iaomisellercenter-topup.joyarleen.lazada.vn
almaty-metro.hg.wire.community-parkeronline.budget-host16confluence.disabled-blg.joyarleen.lazada.vn
api.lazada.vn
apimacs-mkamapp.landscapetaging.wire.community-12gdtv.uma-denebaajd.aws-chrome.lazada.vn
areaall-primage.r0.rule-k48.iforyhealthy.ja.lazada.vn
asc-alimebot.ytcos.r0.ruleus-east-2.prod.amux.support.aws.msoid.lazada.vn
asc-hub-old.lazada.vn
asc-hub.lazada.vn
asc-m.r0.ruloo4.w7dgbo91.cdtest-2iaomicn-northwest-1gh.lazada.vn
asc-static.lazada.vn
autodiscover.lazada.vn
autodiscover.trafficayoutwww5ingyiacs.r0.rulefullart4.lazada.vn
aws-chrome.r0.rule.bob-sc.email2.lazada.vn
awswindows2000admin-cyberzone.wire.communitymail001olution-mx3er.email2.lazada.vn
ayo-shop11655150.r0.ruloo4.w7dgbo91.cdtest-2iaomisellercenter.lazada.vn
ba-buyer-staging.lazada.vn
ba-staging-test.sellercenter-staging.lazada.vn
baberinaformhole.r0.ruloo4.w7dgbo91.cdtest-2iaomiaobao.lazada.vn
bahaa-jygola-servic.webproxy.idc-journalismadmin.lazada.vn
baveloperedglashiqiaocccrowlight-intseller-stativersiteadingsc.wire.communitydmin.baito-oppofind.com.lazada.vn
blog.lazada.vn
bo.webproxy.idcv4ecookingequipmentadminjer.lazada.vn
bo.webproxy.idcv4ecustrendyol-unive-intsellerchangapush63.lazada.vn
bob-sc.lazada.vn
bob-staging.lazada.vn
bob.lazada.vn
box-dreamwk51.r0.rule.sycmcollyiromotion.email2.lazada.vn
brand.adsense.lazada.vn
browlight-ints.sms-podzone.r0.ruleus-east-2.prod.amux.support.awsescom504my.lazada.vn
byrnedecom.layoutwww5ingyiacs.r0.rulefullart4idcv4e-2iaomiaobaoniv.lazada.vn
c.lazada.vn
campaign-yv8-blueskyucba9876543217zyxwvutsrqp.ytcos.r0.ruleus-east-2.prod.amux.support.awssoid.lazada.vn
campaign.lazada.vn
card.lazada.vn
cardpromotion-aebridge-acs-aebridge.wire.communityphoboskk446688.lazada.vn
cardpromotion-aebridge.wire.community-dcl4-ncg0-iad3.na84-ia26kf-rga.sellercenter-station.lazada.vn
cart-m.lazada.vn
cart-p.lazada.vn
cart.lazada.vn
cart.redirectme.netlx8.lazada.vn
catalog-rendering-api.lazada.vn
catic-filiate.r0.ruloo4.w7dgbo91.cdtest-2iaomiaobao.s140b.lazada.vn
cation-track.wire.communitygnpi.cprodctnxsf.lazada.vn
cb-customs.lazada.vn
cdtest-2iaomisellercenter-9bq.r0.rule.bob-sc.email2.lazada.vn
cdtest-2iaomisellercenter-9bqappeda.r0.rule.bob-sc.email2.lazada.vn
checkout-m.lazada.vn
checkout-p.lazada.vn
checkout.lazada.vn
cloudfront.mbestsellerchange-acs-m.wire.communitymail001olutionoybonlive.lazada.vn
clubchamp.www5ingyiacs.r0.rulefullart4pre-station.lazada.vn
cn-ru-acs.r0.ruleus-east-2.prod.amux.support.awsrdstg.lazada.vn
cndreamwk7.r0.rule.bob-sc-aws-weblogs.email2.lazada.vn
cndreamwk7.r0.rule.bob-sc.email2.lazada.vn
coachjoyheapa.webproxy.idc.lazada.vn
collment-mobaoi.yajama6.r0.rulegodosoft-022facebookapp-xsrvjpinsys-staging.appppofind.comoshobola.lazada.vn
com-z0393c-find.r0.rulehooligan.wwwopennms.lazada.vn
com.m23sycmcollyiroma.r0.ruleus-east-2.prod.amux.support.aws.edcba9876543210zydicsaddresponmlkjihgfedcb-nm.lazada.vn
com.m23sycmcollyiroma.r0.ruleus-east-2.prod.amux.support.awskiso-fenikkusu-com-web4104.lazada.vn
com.m23sycmcollyiroma.r0.ruleus-east-2.prod.amux.support.awskisocx-ph.communitymail001olutionoybvi-vn.prod.lazada.vn
com.m23sycmcollyiroma.r0.ruleus-east-2.prod.amux.support.awskisocx-ph.vi-vn.prod.lazada.vn
com.m23sycmcollyiroma.r0.ruleus-east-2.prod.amux.support.awskisozrver-com-et1-pareaallerchangapush63.lazada.vn
communitymail001raidpsc-station.wire.communitymail001.lazada.vn
confluence.staging.wire.community.s4330corepan.com8b.lazada.vn
confluence.www.5aledufa-5.r0.rule-world-cheleb.bob-sc.email2.lazada.vn
confluence.www.5aledufa-5.r0.rule.bob-sc.email2.lazada.vn
confluence.www.5aledufa-5.r0.rule.fashishishingbob-sc.email2.lazada.vn
confluence.www.5aledufa-5.r0.ruleidc-wwwdl-test6366.bob-sc.email2.lazada.vn
confluence.ydq-acs-m.yajama6.r0.rulegodosoft-022facebookapp-xsrvjpinsys-staging.app.lazada.vn
content.lazada.vn
contercenter-static.webproxy.idc-mian.sellercenter-staging.lazada.vn
contercenter-static.webproxy.idc-mian.sellercenter-stagingemail2.lazada.vn
contercenter-static.webproxy.idc-mian.wwwdljibasoft-sellercenter-staging.lazada.vn
corpams1.r0.rule.adsense-now-changapush63-bob-sc.email2.lazada.vn
corpams1.r0.rule.bob-sc.aws-usnewspapersadmin-johnj213.email2.lazada.vn
corpams1.r0.rule.idcv4eso-bob-sc.email2.lazada.vn
corpams1.r0.rule.productions.bob-sc.email2.lazada.vn
coxenge-health-follow-up-service.wire.community.localyoice-mariweb-010-waynesburg.lazada.vn
creaaller-startnersitepakeweallregions.wire.community-parkeronline.budget-host16confluence.blg.joy.lazada.vn
creaallercenter-stagingsc.wire.communityphoboskk446688ducation.lazada.vn
creationwechat-static-origing-api.webproxy.idc-mian.lazada.vn
creationwechat.redirectme.netas12ww63www.research-asc-staticmobilefwsl.dev.vpn.m.web6529-z3m.lazada.vn
creative.lazada.vn
credglashinush47.redirectme.net.lazada.vn
cs.lazada.vn
cweb106.r0.rule.bob-sc.email2.lazada.vn
d.lazada.vn
d210zy.r0.ruleus-east-2.prod.amux.support.aws-b7pjsreports-bob.eks-sandbox.lazada.vn
d210zy.r0.ruleus-east-2.prod.amux.support.aws-b7pmvm-ri-m115138.roslin.lazada.vn
d210zy.r0.ruleus-east-2.prod.amux.support.aws-b7pmvm-ri-m115138.tyumen.roslin.lazada.vn
datafeeds.lazada.vn
dce3.wire.community-parkeronline.budget.lazada.vn
ddosoyheapa.webproxy.idc.lazada.vn
deshittify.r0.rule.bob-sc.email2.lazada.vn
deshittify.r0.rule.mobapibob-sc.email2.lazada.vn
dev-my-formhole.r0.ruloo4.w7dgbo91.cdtest-2iaomiaobao.lazada.vn
devweb.astorigitalog-rendyol-univers-api.r0.ruleus-east-2.prod.amux.support.awjuniper-joylagoolcharge.lazada.vn
dicsaddreshishishishi-vpncloud-my-m.wire.community-parkeronline.budget-host16confluence.blg.joy.lazada.vn
dicsaddresponmlkjihgfedcb-nm.yajama6.r0.rulegodosoft-022facebookapp-xsrvjpinsys-staging.app-oppofind.com.lazada.vn
digingwechat-stationwechat-stative.r0.ruloo4.w7dgbo91.cdtest-2iaomiaobao.lazada.vn
digital.lazada.vn
dldyd11-web126-sellercenteracking-xwvutsrqponsong-xwvutsrqp.r0.ruleus-east-2.prod.amux.support.aws.butters.lazada.vn
dmtrace.support.lazada.vn
dreamwk51.r0.rule.bob-sc.email2.lazada.vn
dreamwk51.r0.rule.msgacs.email2.lazada.vn
dreamwk51.r0.rule.sycmcollyiromotion.email2.lazada.vn
dreamwk51.r0.ruleresearch-asc-static-f210z5yxwvutsrqpo-nebraska.bob-sc.email2.lazada.vn
dreamwk7-firewall.r0.rule.bob-sc.cydser.email2.lazada.vn
dreamwk7-firewall.r0.rule.bob-sc.email2.lazada.vn
dreamwk717.r0.rule.bob-sc.email2.lazada.vn
dreamwk717.r0.rule.repository.email2.lazada.vn
dreamwk717.r0.ruletransferpsc-station.bob-sc.email2.lazada.vn
dreamwk7eng.r0.rule.bob-sc.email2.lazada.vn
dreamwk7eng.r0.rule.communitymail001olution-esdirect-shop-com-showbizdhmaka.bob-sc.email2.lazada.vn
dreamwk7turkey.r0.rule.bob-sc.email2.lazada.vn
e-katana-bizwww-cueballgaemp5-ycgi-9est1-pareaallet-8ty.wire.community.ol7-mail.forum.lazada.vn
eco-acc.lazada.vn
eco-device.lazada.vn
eco-ueba.lazada.vn
eco.lazada.vn
educaticsadnswild-roslink.redirectme.netb40.lazada.vn
education-staging.lazada.vn
education.lazada.vn
educationsensefarxipng1overyounts.webproxy.idc-mianeducation.lazada.vn
educationwechat-staging-wechat-staging.vn.wire.community.lazada.vn
educationwechat-station-tectrolink.r0.ruloo4.w7dgbo91.cdtest-2iaomisellercenter-staging.lazada.vn
educativitiversitepakeweallerjeweals.yajama6.r0.rulegodosoft-022facebookapp-xsrvjpinsys-staging.app-oppofind.com.lazada.vn
elbweb106.r0.rule.bob-sc.email2.lazada.vn
email.lazada.vn
enstyletr.laocccrowlight-intsellerjeweals.r0.rule.sahand-educationrichardw.lazada.vn
enterpriseenrollment.lazada.vn
enterpriseregistration.lazada.vn
er-p.lazada.vn
er-search.lazada.vn
er.lazada.vn
er.r0.ruleus-east-2.prod.amux.support.awjuniper-joy.asocommunityares.lazada.vn
esfr2nalyservicecentlibsygola-servic.webproxy.idc-journalismadmin.lazada.vn
et1-pareaallerchangapush63.wire.community-parkeronline.budget.autodiscover.hotels.lazada.vn
ew543.r0.ruleus-east-2.prod.amux.support.aws.adsensefarxipng1over.nlkj.lazada.vn
ew543.r0.ruleus-east-2.prod.amux.support.aws.pretzelcharts-adsense-tectrohtion-aebridge.adsensefarxipng1over.nlkj.lazada.vn
fashishion-traction.wire.communitydmin.baito-oppofind.com.lazada.vn
fashishishing.r0.ruleus-east-2.prod.amux.support.awjuniper-joy.lazada.vn
fedcb.com.wire.comlkjih.lazada.vn
filebroker-cdn.lazada.vn
filebroker-staging.lazada.vn
filebroker.lazada.vn
finance.lazada.vn
formhole.r0.ruleusellercenterember-ruloo4.w7dgbo91.cdtest-2iaomiaobaodreamgirl.lazada.vn
formhole.r0.ruloo4-uma-denebaajd.w7dgbo91.cdtest-2iaomiaobao.eastoryadmin-web.lazada.vn
formhole.r0.ruloo4-xsampareaaller.w7dgbo91.cdtest-2iaomiaobao.eastoryadmin-web.lazada.vn
formhole.r0.ruloo4.w7dgbo91.cdtest-2iaomiaobao-s4devkhsmuasalebang.lazada.vn
formhole.r0.ruloo4.w7dgbo91.cdtest-2iaomiaobao.devkhs-station.lazada.vn
formhole.r0.ruloo4.w7dgbo91.cdtest-2iaomiaobao.eastoryadmin-web.lazada.vn
formhole.r0.ruloo4.w7dgbo91.cdtest-2iaomiaobaodreamgirl.lazada.vn
formhole.r0.ruloo4.w7dgbo91.cdtest-2iaomiaobaoksiegarnia-ipvmber.redirectme.lazada.vn
formhole.r0.ruloo4.w7dgbo91.web106-oceania2iaomiaobao.eastoryadmin-web.lazada.vn
forum.lazada.vn
fotoseller-stansimplee.wire.community.yenim.choihw21-qa.hr-www.archer.lazada.vn
fotosellerchang.r0.ruleus-east-2.prod.amux.support.awscomputersladmin.lazada.vn
fotosellerchang.r0.ruleus-east-2.subscribertaobaonoolchat.prod.amux.support.awscomputersladmin.lazada.vn
freight-intsellercenter-staginpollyiromotion-tracklessa.r0.ruleus-east-2.prod.amux.support.aws.lazada.vn.lazada.vn
freighthouseras123bestsellerchange-acs-m.wire.community-pre-awww.blogofcontercenter.com.lazada.vn
freighthouseras123bestsellerchange-acs-m.wire.community-pre-awww.blogofoppofind.com.lazada.vn
ftp2.bo.webproxy.idcv4e5storigitalog.lazada.vn
ftp2.r0.ruloo4.w7dgbo91.cdtest-2iaomisellercentern-5.d5d.lazada.vn
ftp2.wire.community-parkeronline.budget506.opusmobilea68.lazada.vn
ftp2.wire.community.yenim.choihw21forum.0qb.lazada.vn
fwweb106.r0.rule.bob-sc.email2.lazada.vn
g00.www.tractivities-univer.coxenge-health-follow-up-service.wire.communityruleusadmin.lazada.vn
g3v.tyumen-shop11655150.r0.ruloo4.w7dgbo91.cdtest-2iaomisellercenterescortformhole.lazada.vn
genzhi-ponsong-xwvutsrqp.yajama6.r0.rulegodosoft-022facebookapp-xsrvjpinsys-staging.app-kjk.cprodctnxsf-ericgolf.lazada.vn
gic-transferpsc-station.wire.communitymail001.lazada.vn
globao-serackless.wire.communityctjobbank.app.otafsg1ppofind.com-sellercenter-pythagras123bestselectivitiessage.lazada.vn
globao-serackless.wire.communityctjobbank.app.otafsg1ppofind.com.217-taobaooroanreb2.lazada.lazada.vn
globao-serackless.wire.communityctjobbank.app.otafsg1ppofind.com.217.lazada.lazada.vn
gmcp.lazada.vn
goblin.lazada.vn
gomppi1signal.r0.rule.sebins7-eu6-uae-ix-gw1.list-sip.gslb-danbi.lazada.vn
gomppi1signal.r0.rule.sebins7-eu6-uae-ix-gw1.list-sip.gslbkitashinchicon-com.lazada.vn
gppofind.com.m23sycmcollyiroma.r0.ruleus-east-2.prod.amux.support.aws-4mce5knbeo-acslkjihgfedcba9876543210.lazada.vn
gppofinicsprereaallregnancyadmin.webproxy.idc.c-sug-sc.lazada.vn
gtmoitrade1.wire.communityctjobbank.app.otafsg1.web5130mcl.lazada.vn
gycpwaapi.r0.ruleusellercenteremberxsampareaallregnanct2a.lazada.vn
h5-alimebot.lazada.vn
hcm.lazada.vn
helpcenter-pre.lazada.vn
helpcenter-staging-api.wire.communitymail001.lazada.vn
helpcenter.lazada.vn
ho.lazada.vn
ho.r0.ruleus-east-2.prod.amux.support.awsaguilas.lazada.vn
ho.wire.community.yenim.choihw21-qa.hrxn--w8j3k0bua1eyf0cz786bewa-com.lazada.vn
ho.yajama6.r0.rulegodosoft-022facebookapp-xsrvjpinsys-staging.appppofind.com-oppofind.com.ffforum.lazada.vn
ho.yajama6.r0.rulegodosoft-022facebookapp-xsrvjpinsys-staging.appppofind.com-oppofind.com.ffforum.mgmtintseller.lazada.vn
hoching.myproxybestsellerchange-acs-m.wire.communitymail001olutionutwwwstrendingwechang.lazada.vn
hochingyiacs-m.r0.ruloo4.w7dgbo91.cdtest-2iaomisellercenter-topup.partners.bestteam.lazada.vn
hochingyiacs-m.wire.communityctjobbank.app.otafsg1.web5130asc-hubhfarxingyiacs-birman.lazada.vn
homer-staging.lazada.vn
homer.lazada.vn
homercenter.r0.ruleus-east-2.prod.amux.support.aws.lazada.vn.lazada.vn
hotro.lazada.vn
hr.lazada.vn
hry11andrel.bo.webproxy.idcv4eseie5687.lazada.vn
hry11andscapetaging-apire.wire.community-parkeronline.budget.8d7.lazada.vn
hry11andscapetaging-xwvutsrqp.r0.ruleus-east-2.prod.amux.support.awjuniper-joy.aso-web1533.lazada.vn
hry11andscapetaging-xwvutsrqp.r0.ruloo4.w7dgbo91.cdtest-2iaomisellercenter-rentalshop.webmovil-vtk.lazada.vn
hry11andscapetaging-xwvutsrqp.redirectme.netas12ww63www.research-asc-staticpurekidsforside-dev-greenhopper.lazada.vn
hry11andscapetaging-xwvutsrqp.wire.community-12gdtv.php.point136-researchlocal02communityphoboskk.lazada.vn
hry11andscapetaging-xwvutsrqp.wire.community-12gdtv.uma-deneb.point136-researchlocal02communityphoboskk.lazada.vn
hry11andscapetaging-xwvutsrqp.wire.community.1q4collyiro-yenim.choihw21-qa.hrjc.wire.lazada.vn
hry11andscapetaging-xwvutsrqp.wire.community.yenim.choihw21-qa.hrjc.wire.lazada.vn
htion-aebridge.r0.ruloo4.w7dgbo91.cdtest-2iaomiaobaoneodsnjira-a1.lazada.vn
htion-aebridge.r0.ruloo4.w7dgbo91.cdtest-2iaomiaobaoneodsntion-orderstopup.lazada.vn
i.lazada.vn
ifs.lazada.vn
info.lazada.vn
internship.lazada.vn
intertorigitalog-rendyol-univers-api.r0.ruleus-east-2.prod.amux.support.awjuniper-joy-bocaitongouzhoubei.lazada.vn
ipv6.lazada.vn
itfactoryes-sycmcollyiromotionsolesalediarista.laocccrowlight-intsellerjeweals.r0.rule.sahand-education.lazada.vn
j210zyxwvutsrqp.wvutsrqponml.staging.wire.community.lazada.vn
jaiteadingapush16.wire.communitj4r.awskisocxbicycling.lazada.vn
jaiteadingapush16.wire.communitj4r.bicycling.lazada.vn
jenkins-dreamwk51.r0.rule.sycmcollyiromotion.email2.lazada.vn
jmacs-m.lazada.vn
jmacs-mkamapp.landscapetaging.wire.community-12gdtv.uma-deneb-wwwdl.lazada.vn
joyanp-rqp.wire.communityctjobbank.app.otafsg1.web5130asc-hubhfarxingyiacs.lazada.vn
ju.lazada.vn
jubzone.gppofind.com-edge.m23sycmcollyiroma.r0.ruleus-east-2.prod.amux.support.awsreturn.lazada.vn
jubzone.gppofind.com.m23sycmcollyiroma.r0.ruleus-east-2.prod.amux.community.support.awsbudget-test-xinfo.lazada.vn
jubzone.gppofind.com.m23sycmcollyiroma.r0.ruleus-east-2.prod.amux.support.aws.edcba9876543210zy.lazada.vn
juneweb106.r0.rule.bob-sc.email2.lazada.vn
juneweb106.r0.rule.rpcbob-sc.email2.lazada.vn
jwv1202--spee8i.yajama6.r0.rulegodosoft-022facebookapp-xsrvjpinsys-staging.appeda-tractivities-louloulayoutwww.lazada.vn
jygola-servic.webproxy.idc-journalismadmin.miyabi-est-com.lazada.vn
jygola-servic.webproxy.idc-journalismadminweb17040tatic.lazada.vn
jygola-servic.webproxy.idc-profilemodinghuangjinduchang.lazada.vn
k28-zg7g-5to.redirectme.nethaimajj.worldlyncdiscovercanoekayak.lazada.vn
kaging-traction-traction.wire.community-dcl4-ncg0-iad3.na84-ia26kfpage.es.lazada.vn
kamapp.landscapetaging.wire.community-12gdtv.uma-denebsc-staticmariko-cook-com.lazada.vn
kjb-sc.exh.prodre-cart-rendyo2l-univers-api.r0.ruloo4.w7dgbo91.cdtest-2iaomisellercenter-topup.elastic.lazada.vn
kjb-sc.exh.prodre-cart-rendyo2l-univers-api.r0.ruloo4.w7dgbo91.cdtest-2iaomisellercenter-topup.partners.lazada.vn
kjb-sc.myproxybestsellerchange-acs-m.wire.communitymail001olution.146.lazada.vn
kjb-sc.spotlightcatic-filiate.r0.ruloo4.w7dgbo91.cdtest-2iaomiaobaodec.lazada.vn
kknk.subscribertaobaonoolchat-static-asc.webproxy.idc-mianeducation.lazada.vn
korealkjihgfedcba9876543210.redirectme.nethaimajj.world.warehouse.www.kh.lazada.vn
landscapetagestsellercenteracking.webproxy.idc-wwwdl-test6366.lazada.vn
landscapetaging.r0.ruleus-east-2.prod.amux.support.aws.budgetfhg-sochijens.lazada.vn
landscapetaging.r0.ruleus-east-2.prod.amux.support.aws.jens.lazada.vn
landscapetaging.r0.ruleus-east-2.prod.amuxwarehousescreensaver.support.aws.jens.lazada.vn
landscapetaging.wire.community-12gdtv.uma-deneb-giydqobs.apicardproxy.lazada.vn
layout-staging.lazada.vn
layout.lazada.vn
lazada.vn
ledzeppelinww-cueballgaemp5-ycgi-9est1-pareaallet-8ty.wire.community.ol7-mail.forum.lazada.vn
lighthouse.lazada.vn
lkjihgfedcba9876543210.redirectme.nethaimajj.akamacs-world.green-dental-me.lazada.vn
lkjihgfedcba9876543210.redirectme.nethaimajj.pre-station-world.warehousescreensaver.br.lazada.vn
lkjihgfedcba9876543210.redirectme.nethaimajj.world.warehousescreensaver.br.lazada.vn
lkjihgfedcba9876543210.redirectme.nethaimajj.worldlyncdiscoverdigimon.lazada.vn
lkjihgfedcba9876543210z.wire.community4arab-laocccrowlight.tasks-major.autodiscoverdeportes-jer.email2.lazada.vn
lkjihgfedcba9876543210z.wire.community4arab.tasks-major-eliejeo.autodiscoverdeportes-jer.email2.lazada.vn
lkjihgfedcba9876543210z.wire.community4arab.tasks-major.admin-staging.email2.lazada.vn
lkjihgfedcba9876543210z.wire.community4arab.tasks-major.autodiscoverdeportes-jer.email2.lazada.vn
lkjihgfedcba9876543210z.wire.community4arab.tasks-major.educaticsadnswilddeportes-jer.email2.lazada.vn
lkjihgfedcba9876543210z.wire.community4arab.tasks-major.opusmobilea68autodiscoverdeportes-jer.email2.lazada.vn
lkjihgfedcba9876543210z.wire.community4arab.web106developer-tasks-major.autodiscoverdeportes-jer.email2.lazada.vn
llkmll-prome-ledgrouponmlkj.wire.communityctjobbank.app.otafsg1.web5130asc-hub.ppptest6492.lazada.vn
lms-api.lazada.vn
lms.lazada.vn
lmseducatic.wire.communityctjobbank.app.otafsg1.web5130tracking.lazada.vn
local.lazada.vn
local01.lazada.vn
local02.lazada.vn
log-rendyol-univers-alivers-api.webproxy.idc.lazada.vn
loging-wechat-stage.webproxy.idc-mian.sellercenter-staging.lazada.vn
loisemall.r0.rule-intertorigitalog-rendyol-univers-api.bob-sc.email2.lazada.vn
loisemall.r0.rule.bob-sc.email2.lazada.vn
lweb106.r0.rule.bob-sc.email2.lazada.vn
lweb106.r0.rule.bob-sc.platform177f9.email2.lazada.vn
lweb106.r0.rule.keihanbob-sc.email2.lazada.vn
lyncdiscover.lazada.vn
lyserv.redirectme.netas12ww63www.research-asc-static.oldintranet.lazada.vn
m.lazada.vn
m.sellercenter-staging.lazada.vn
m.webproxy.idc-mian.taobao.web4637.lazada.vn
m23sycmcollyiroma.r0.ruleus-east-2.prod.amux.support.awskisocx-ph.vi-vn.point136fmucban.prod.lazada.vn
m23sycmcollyiroma.r0.ruleus-east-2.prod.amux.support.green-dental-me-fenikkusu-com.lazada.vn
m23sycmcollyiroma.r0.ruleus-east-2.prod.amux.support.tasks-majorppofindawsdprakash.lazada.vn
m23sycmcollyiroma.r0.ruleus-east-2.prod.warehouse.amux.support.aws-4mce5knbeo-acs.lazada.vn
mail.forum.lazada.vn
mail.ru.prdstg9876543210zy.r0.rulefullart4stun.techops.lazada.vn
mbestsellerchange-acs-m.wire.communitymail001olutionoyb-burgerkingdsense.lazada.vn
mbestsellerchange-acs-m.wire.communitymail001olutionoybonlive.lazada.vn
mbestsellerchange-acs-m.wire.communitymail001olutionoybumps.lazada.vn
media.lazada.vn
mediablook.r0.ruleus-east-2.prod.amux.support.aws-t-swebsocket.lazada.vn
mehmet-qz5oyheapa.webproxy.idc.lazada.vn
member-m.lazada.vn
member-p.lazada.vn
member-stagin.webproxy.idc-mian.taobao.lazada.vn
member-staging-api.webproxy.idc-mian.taobao.lazada.vn
member.lazada.vn
messenger.dns1.webproxy.idc-s9r.lazada.vn
messenger.dns1.webproxy.idc.rindesu.lazada.vn
mesva-ios-para5dsense-tectro.vnwechat-stage.webproxy.idc-mian.lazada.vn
mgm.911.catalog-rendering-api.lazada.vn
mlb-mpiebmai-jp.wire.communityctjobbank.app.otafsg1.web5130asc-hub.tabi-17-info.app-1.lazada.vn
mlb-mpiebmai-jpmbestsellerchang.r0.rule.sahand-educationrichardwrockleejer.lazada.vn
mlb-mpiebmai-jpmbestsellerchang.webproxy.idc-wwwdlnewworld.lazada.vn
mlkjihgfedcba9876543210zyxwvutsrqponmlkjihgfedcba.r0.ruleus-sellercenter-stagingai.lazada.vn
mobaoworks-comcacommuniver.wire.community4arab.tasks-majorppofind.comidcyunqi.hebrew.lazada.vn
mobaoworks-comcacommuniver.wire.community4arab.tasks-majorppofind.comidcyunqi144jmacs.lazada.vn
mobapi-staging.lazada.vn
mobapi.lazada.vn
monitoring.lazada.vn
ms.adsense.lazada.vn
msgacs-m.lazada.vn
msoid.lazada.vn
mtwqylmfou15w-wel2t.gfedcba9876543210.wire.community4arab.tasks-majorppofind.com.asc-hubprospero.lazada.vn
muasalebang.lazada.vn
mvm-ri-lay-98-compages.com-taobao.m23sycmcollyiroma.r0.ruleus-east-2.prod.amux.support.awsdprakashgiraffe0439937.lazada.vn
mvm-ri-lay-98-compages.com.m23sycmcollyiroma.r0.ruleus-east-2-asonorbert.prod.amux.support.awsdprakashaccount.lazada.vn
mvm-ri-lay-98-compages.com.m23sycmcollyiroma.r0.ruleus-east-2.prod.amux.ol7-mail.support.awsdprakashaccount.lazada.vn
mvm-ri-lay-98-compages.com.m23sycmcollyiroma.r0.ruleus-east-2.prod.amux.support.awsdprakashautoconfig-marketing.lazada.vn
mvm-ri-lay-98-compages.com.m23sycmcollyiroma.r0.ruleus-east-2.prod.amux.support.awsdprakashgiraffe0439937.lazada.vn
my-m.lazada.vn
my-m.wire.community-parkeronline.budget-host16confluence.blg.joylalo.lazada.vn
my-p.lazada.vn
my-p.wire.community-parkeronline.budgetppofind.com.lazada.vn
my.lazada.vn
mypromotion-tration-trademaller-stagin-click.wire.communityctjobbank.app.otafsg1ppofind.com.lazada.vn
mypromotion-trativersitepakeweals.myproxy.cloud.lazada.vn
na84-ia26kf-bestsellectront-browlight-ints.sms-podzone.r0.ruleus-east-2.prod.amux.support.aws.lazada.vn
na84-ia26kf-psc-m.bo.webproxy.idcv4eso-so.2fpay.2fuk-ua.ha.lite.lazada.vn
newcms.r0.rule.bob-sc-syncovhwww.email2.lazada.vn
newcms.r0.rule.bob-sc.email2.lazada.vn
newcms.r0.rule.labbob-sc.email2.lazada.vn
newcms.r0.rule.sellercenterbob-sc.email2.lazada.vn
nfnsezip-com-www.ytcos.r0.ruleus-east-2.prod.amux.support.awssoid.lazada.vn
nhgfedzyxwvutsrqponmlkjihgfed.ytcos.r0.ruleus-east-2.prod.amux.support-europe.aws.msoid.lazada.vn
nhgfedzyxwvutsrqponmlkjihgfed.ytcos.r0.ruleus-east-2.prod.amux.support.aws.msoid.lazada.vn
nmlkjihg.webproxy.idc-mian.lazada.vn
notwantedonvoyagemmobaoworks-comcacommuniver.wire.community4arab.tasks-majorppofind.comidcyunqi.lazada.vn
nov-dreamwk7.r0.rule.bob-sc.email2.lazada.vn
noviet1-lkjihgfedcba9876543210z.wire.community4arab.tasks-major.autodiscoverdeportes-jer.email2.lazada.vn
nowcom-z0393c-find.r0.rulehooligan.www.lazada.vn
ns.lazada.vn
oe-sycmcollyiromotion-traction-aebridge.wire.community.lazada.vn
oms-staging.lazada.vn
oms.lazada.vn
onmlkjihgfed.coxenge-health-follow-up-service.wire.communityusponmlk.lazada.vn
open.lazada.vn
open.webproxy.idc-mian.taobao-khayam.lazada.vn
open.webproxy.idc-mian.taobao-niy1.g.lazada.vn
open.webproxy.idc-mian.taobao.h2l.lazada.vn
open.webproxy.idc-mian.taobaooroanreb2.lazada.vn
open2x9.mbestsellerchange-acs-m.wire.communitymail001olutionoyb.lazada.vn
openapi.lazada.vn
openfwweb106.webproxy.idc-mian.taobaooroanreb2.lazada.vn
opensertouch.devarxipng1over-mobaoworks-comcacommuniver.wire.community4arab.tasks-majorppofind.comidcyunqi.lazada.vn
operedglashion.wire.communityjunk-documenpeilvapi.apih1mb7api.build.j4e.lazada.vn
operedglashion.wire.communityjunk-documenpeilvapi.apih1mb7api.buildtprodsmsx.j4e.lazada.vn
orders.lazada.vn
ordersity.redirectme.nethaimajj.worldducation-staging.lazada.vn
origitalogingwechat.adshop11655150.wire.communitymail001olution9tyy.statictopupruleus-sellercenter-staging.lazada.vn
p-web106.r0.rule.bob-sc.stagingsc.email2.lazada.vn
page-acs.r0.rule-joy.lazada.vn
pages.lazada.vn
pareaallercent-mobaoi.r0.ruloo4.w7dgbo91.cdtest-2iaomiaobaorustyheartsape.lazada.vn
pcookieoperedglashion.myproxy.cloud.lazada.vn
pcw.ugmhd.byrnedecom.layoutwww5ingyiacs.r0.rulefullart4.lazada.vn
pdp-beta.lazada.vn
pdp-p.lazada.vn
pdp.lazada.vn
pdpdesc-globao-serackless.wire.communityctjobbank.app.otafsg1ppofind.com.lazada.vn
pdpdesc-m.lazada.vn
pdpdesc-p.lazada.vn
pdpdesc-stativeryounts.r0.ruloo4.w7dgbo91.cdtest-2iaomisellercenter-staging.lazada.vn
pdpdesc.lazada.vn
pe.lazada.vn
pez5oyheapa.webproxy.idc.lazada.vn
pform.lazada.vn
phoenix.lazada.vn
pldreamwk7.r0.rule.bob-sc.email2.lazada.vn
podzone.r0.ruleus-east-2.prod.amux.support.aws-guangdongshengnalikeyiwanbaijiale-urban-gorilla.lazada.vn
podzone.r0.ruleus-east-2.prod.amux.support.aws-weblogs.lazada.vn
ponmihggggggggggggggg.tau.webproxy.idcu0q.lazada.vn
prdstg10zyxwvutsrqponmlkj.wire.community-dcl4-ncg0-iad3.na84-ia26kf-ko.lazada.vn
pre-adsence.lazada.vn
pre-adsense.lazada.vn
pre-c.lazada.vn
pre-cartnervic.lkjihgfedcba9876543210.redirectme.nethaimajj.worldoriginmtaa.lazada.vn
pre-comgfedcba9.r0.rule.sahand-educationrichardwchoice1588.lazada.vn
pre-comgfedcba9.r0.ruleus-east-2.prod.amux.support.awswwagesakak54543.lazada.vn
pre-comgfedcba9.redirectme.netas12ww63www.checkoutlapps-xsrvjpwinserver.lazada.vn
pre-comgfedcba9.redirectme.netas12ww63www.research-asc-static-8yu.lazada.vn
pre-comgfedcba9.redirectme.netas12ww63www.research-asc-staticlapps-xsrvjpwinserver.lazada.vn
pre-creative.lazada.vn
pre-gmcp.lazada.vn
pre-h5-alimebot.lazada.vn
pre-psc-alimebot.lazada.vn
pre-shop-alimebot.lazada.vn
pre-solution.lazada.vn
pre-station.lazada.vn
pre-topup.lazada.vn
pre-u.lazada.vn
pre-uapi-xspace.lazada.vn
pre-wallet.lazada.vn
pre-workstanshiqiaoching-traction-track-originsycm.r0.rule.f.m2m.lazada.vn
pre-wormhole.lazada.vn
pre-wormholemvm-ri-lay-98-compages.com.m23sycmcollyiroma.r0.ruleus-east-2.prod.amux.support.awsdprakash.lazada.vn
pre.lazada.vn
pre.r0.ruleus-east-2.prod.amux.support.awsww-pages.lazada.vn
preaallercenter.r0.ruleus-east-2.prod.amux.support.aws.ob.lazada.vn
preaallercenter.wire.communitymail001olution-esdirect-shop-com-showbizdhmaka.lazada.vn
premium.lazada.vn
premium.redirectme.net-kjihgfed.com.lazada.vn
prendyol-universitepakeweals.wire.community-pre-awww.blogofoppofind.com.lazada.vn
pretzelcharts-adsense-tectrohtion-aebridge.r0.ruloo4.w7dgbo91.cdtest-2iaomiaobaoneodsn.lazada.vn
privatedreamwk51.r0.rule.sycmcollyiromotion.email2.lazada.vn
psc-alimebot.lazada.vn
psc-pre.lazada.vn
psc-station.wire.communitymail001fcor6w133211b31kuowehna-gmydiobxgmzdgnbq.snr.lazada.vn
psc-station.wire.communitymail001gitlab-qello.lazada.vn
psc-stationytcos.r0.ruleus-east-2.prod.amux.support.aws.ksiegarnia.lazada.vn
psc.lazada.vn
pts0.coxenge-health-follow-up-service.wire.communityw54384r9ca9cper.email2.lazada.vn
pts0.coxenge-health-follow-up-service.wire.communityw54384r9ca9cpertrackadsense-tectro.email2.lazada.vn
pub-dreamwk7.r0.rule.bob-sc.email2.lazada.vn
pwaapi.lazada.vn
pwaapi.origing.jmacs-mkamapp.landscapetaging.wire.community-12gdtv.uma-deneb-giydqobs.lazada.vn
pwaapi.origing.jmacs-mkamapp.landscapetaging.wire.community-12gdtv.uma-denebserapush.lazada.vn
q.lkjihgfedcba9876543210.redirectme.nethaimajj.world-cheleb.lazada.vn
q.r0.rule.bob-sc-cassiopee.lazada.vn
q.r0.rule.bob-sc.cfp.lazada.vn
q.r0.rule.bob-sc.localyoice.fr.lazada.vn
q.r0.rule.bob-sc.serverhosting243.lazada.vn
qa.hr.lazada.vn
qa.pe.lazada.vn
qns.lazada.vn
qoupon-s.r0.ruleus-east-2.prod.amux.support.awsducation.qwf.lazada.vn
qoupon-s.r0.ruleus-east-2.prod.amux.support.awsducationgerman.lazada.vn
r-dreamwk7.r0.rule-byrnedecom.bob-sc.email2.lazada.vn
r-dreamwk7.r0.rule.bob-sc.communitymail001gitlab-qello.email2.lazada.vn
r-dreamwk7.r0.rule.bob-sc.email2.lazada.vn
r-dreamwk7.r0.rule.nfnsezip-bob-sc.email2.lazada.vn
r0.rule-k4www-07.tech-budget.com.au.lazada.vn
r0.rule-k4www-07.tech-oppofind.com.au.lazada.vn
r0.rule-k4www-07.tech-oppofind.comaging.lazada.vn
r0.rule.bestsellectrontsebins7-eu6-uae-ix-gw1.list-sip.gslb-danbi.lazada.vn
r0.rule.bob-sc.email2.lazada.vn
r0.rule.bob-sc.email2.www.fw-newton.lazada.vn
r0.rule.bob-sc.email2.www.newton.lazada.vn
r0.rule.bob-sc.email2bobhgfedcba98.lazada.vn
r0.rule.bob-sc.er0.rule.bob-sc.d210zy.email2.lazada.vn
r0.rule.bob-sc.stagingsc.email2.lazada.vn
r0.rule.helpcenterchoice1588.lazada.vn
r0.rule.jubzonesahand-educationakamatest.lazada.vn
r0.rule.sahand-education.web1811s3freedevnj.lazada.vn
r0.rule.sahand-educationrichardwrockleejer.w8j3k0bua1eyf0cz786bewa.lazada.vn
r0.rule.sycmcollyiromotion.email2.lazada.vn
r0.rulefullart4web3bpjhgreers4e-servic.lazada.vn
r0.rulegodosoft-022facebookapp-xsrvjpinsys-staging.app.europewww.lazada.vn
r0.rulegodosoft-022facebookapp-xsrvjpinsys-staging.appapis.eng.sin1blade4.lazada.vn
r0.rulegodosoft-022facebookapp-xsrvjpinsys-staging.appppofind.com-clanak.lazada.vn
r0.rulegodosoftew54384r9ca9cper.email2.lazada.vn
r0.rulehooligan.parkeronline.wwwoppofind.comvoipa.lazada.vn
r0.rulehooligan.wwwoppofind.com-vv5.lazada.vn
r0.rulehooligan.wwwoppofind.com9tyyyyyyyyeyyyyeyyyyeyyyyyyyyyyyyyeyyyy.vpncloud.lazada.vn
r0.rulehooligan.wwwoppofind.comoperation.lazada.vn
r0.rulehooligan.wwwoppofind.comrk.lazada.vn
r0.rulehooligan.wwwoppofind.comvoipa.lazada.vn
r0.ruleprogressiverockpre.email2.lazada.vn
r0.ruleprogressiverockpre.storigitalog.email2.lazada.vn
r0.ruleus-east-2-sellet-9tyyyy.prod.amux.support.awskiso-fenikkusu-com.lazada.vn
r0.ruleus-east-2.analytics.prod.amux.support.awsww-ophelia915.lazada.vn
r0.ruleus-east-2.campaign-yv8-blueskyucba9876543217zyxwvutsrqp.prod.amux.support.aws.jens.lazada.vn
r0.ruleus-east-2.communitymail001raidpsc.amux.support.aws.ksiegarnia.lazada.vn
r0.ruleus-east-2.mobaoiprod.amux.support.aws.ksiegarnia.lazada.vn
r0.ruleus-east-2.prod-aelectkeyword.amux.support.aws-4mce5knbeo-acs.lazada.vn
r0.ruleus-east-2.prod.amux.rule-k48.support.awsdprakashaccount.lazada.vn
r0.ruleus-east-2.prod.amux.support-korealkjihgfedcba9876543210.aws-4mce5knbeo-acs.lazada.vn
r0.ruleus-east-2.prod.amux.support.admining.asocommunityares.lazada.vn
r0.ruleus-east-2.prod.amux.support.appedadevkhsellercenter-awjuniper-joy-bocaitongouzhoubei.lazada.vn
r0.ruleus-east-2.prod.amux.support.awjuniper-oshobola.lazada.vn
r0.ruleus-east-2.prod.amux.support.aws.adsensefarxipng1over.adsenoolchang-x-2.lazada.vn
r0.ruleus-east-2.prod.amux.support.aws.ksiegarnia-web4104.lazada.vn
r0.ruleus-east-2.prod.amux.support.aws.ksiegarnia.www.pokemon.lazada.vn
r0.ruleus-east-2.prod.amux.support.aws.ksiegarniajiv.lazada.vn
r0.ruleus-east-2.prod.amux.support.awsdprakashautoconfig-marketingpi4.lazada.vn
r0.ruleus-east-2.prod.amux.support.awswindows2000admin-cyberzone.lazada.vn
r0.ruleus-east-2.prod.amux.support.awswindows2000admin.www.yy.lazada.vn
r0.ruleus-east-2.prod.amux.support.sellercenter-staticawswwagesakak54543.lazada.vn
r0.ruleus-east-2.prod.amux.supportweb18307.awsbudget-test-xinfo.lazada.vn
r0.ruleus-east-2.prod.amuxeastoryadmin-web.support.awjuniper-joy.aso-web1533.lazada.vn
r0.ruleus-east-2.prod.prodre-amux.support.aws.edcba9876543210zy.lazada.vn
r0.ruleus-east-2.prod.uma-denebpsc-testpriest65691-amux.support.aws-4mce5knbeo-acs.lazada.vn
r0.ruleus-east-2.prod.webapp.amux.support.awswindows2000admin-cyberzone.lazada.vn
r0.ruleus-east-2.prod.worldoriginmtaa.amux.support.awskiso-fenikkusu-com.lazada.vn
r0.ruleus-east-2.prodmariweb-010minami-yasu-com.amux.support.awsaguilas.lazada.vn
r0.ruleus-east-2research-asc-staticlapps-xsrvjpwinserver.prod.amux.support.awsdprakash.lazada.vn
r0.ruleus-sellercenter-mariwebmailuzza-devkhs-university.lazada.vn
r0.ruleus-sellercenter-staging.apimacs.y5m.lazada.vn
r0.ruleus-sellercenter-staging.dev.evibra-1.dev.lazada.vn
r0.ruleus-sellercenter-staging.y5m.lazada.vn
r0.ruleus-sellercenter-stagingmailuzza-devkhs-university.lazada.vn
r0.ruleus-sellercenter-stagingmailuzzapdmin.lazada.vn
r0.ruleus-sellercenter-stagingmember.wire.lazada.vn
r0.ruleusellercenterember-web10791mn-mn.2fhy-am.2fml-in.idcv4eaws-th-th.prod.lazada.vn
r0.ruleusellercenterember-web10791mn-mn.2fhy-am.2fml-in.th-th.prod.lazada.vn
r0.rulewww.viktoria-jer.email2.lazada.vn
r0.rulewww.viktoria-jer.mlb-mpiebmai-jpmbestsellerchang-email2.lazada.vn
r0.ruloo4-xwvutsrqponmlkj.w7dgbo91.cdtest-2iaomiellercenteresm.tprodsmsx.lazada.vn
r0.ruloo4.application-w7dgbo91.cdtest-2iaomiellercenteresm.tprodsmsx.lazada.vn
r0.ruloo4.communitymail001olutionoybonlive.cdtest-2iaomiellercenter.lazada.vn
r0.ruloo4.forumeuwe.cdtest-2iaomiaobaoksiegarnia-ipvgotanda-mien-org.lazada.vn
r0.ruloo4.mkamappw7dgbo91.cdtest-2iaomisellercentern-5.d5d.lazada.vn
r0.ruloo4.w7dgbo91.awsdprakashcdtest-2iaomisellercenter-www.po.lazada.vn
r0.ruloo4.w7dgbo91.cdmtwqylmfou15w-wel2t-2iaomisellercentern-5rfj.lazada.vn
r0.ruloo4.w7dgbo91.cdtest-1iaomisellercenter-rentalshop.webgrace.lazada.vn
r0.ruloo4.w7dgbo91.cdtest-2iaomi-goodberg3littlerockadmin.lazada.vn
r0.ruloo4.w7dgbo91.cdtest-2iaomiaobaoneodsntion-tractiontopup.lazada.vn
r0.ruloo4.w7dgbo91.cdtest-2iaomicn-northwest-1taobao-gppofind.lazada.vn
r0.ruloo4.w7dgbo91.cdtest-2iaomicn-nortitfactoryesest-1gh.lazada.vn
r0.ruloo4.w7dgbo91.cdtest-2iaomiellercenter.qa-pe-rulewww.lazada.vn
r0.ruloo4.w7dgbo91.cdtest-2iaomisellercenter-rentalshop.elvisdecautodiscal.lazada.vn
r0.ruloo4.w7dgbo91.cdtest-2iaomisellercenter-rentalshopdevelopment.webmovil-vtk.lazada.vn
r0.ruloo4.w7dgbo91.cdtest-2iaomisellercenter-topupdreamwk7.partners.lazada.vn
r0.ruloo4.w7dgbo91.cdtest-2iaomisellercenter-y59.dwar.lazada.vn
r0.ruloo4.w7dgbo91.cdtest-2iaomisellercenter-y59.iaomisellercenterstatsasc.lazada.vn
r0.ruloo4.w7dgbo91.cdtest-2iaomisellercentern-5.printing.d5d.lazada.vn
r0.ruloo4.w7dgbo91.documenpeilvapi-2iaomisellercenter77w.lazada.vn
r0.ruloo4.w7dgbo91.eco-acc-2iaomisellercenter-www.po.lazada.vn
r0.ruloo4.w7dgbo91.pdpdesc-pcdtest-2iaomiellercenteresm.tprodsmsx.lazada.vn
r0.ruloo4.w7dgbo91.static-filecdtest-2iaomiaobaoneodsntion-orderstopup.lazada.vn
r0.ruloo4.w7dgbo91.xwvutsrqponsong-xwvutsrqpcdtest-2iaomisellercenter-topup.partners.bestteam.lazada.vn
r0.ruloo4research-asc-staticpurekidsforside-dev-greenhopper.w7dgbo91.cdtest-2iaomisellercenter.ipayjunimall01.lazada.vn
r0.ruloo4web106lan.w7dgbo91.cdtest-2iaomiaobao.eastoryadmin-web.lazada.vn
rc.lazada.vn
recommender.lazada.vn
recommenders.vnwechat-stage.webproxy.idc-mian.lazada.vn
redirectme.netas12ww63www.pythagras123bestselectivitiessagemobilefwsl.dev.vpn.m.web6529.ppp235.lazada.vn
redirectme.netas12ww63www.research-asc-staticlapps-xsrvjpwinserver.lazada.vn
redirectme.netas12ww63www.research-asc-staticmobilefwsl.dev.vpn.m.web6529-z3m.lazada.vn
redirectme.netas12ww63www.research-asc-staticmobilefwsl.dev.vpn.m.web6529.ppp235.lazada.vn
redirectme.netas12ww63www.research-asc-staticmobilefwsl.dev.vpn.m.web6529creaallerjeweals.lazada.vn
redirectme.netas12ww63www.research-budgetfhg-sochi.lazada.vn
redirectme.nethaimajj-vnetas12ww63www.world-cheleb.lazada.vn
redirectme.nethaimajj.rpcworld.warehousescreensaver.br.lazada.vn
redirectme.nethaimajj.stage-world.warehousescreensaver.br.lazada.vn
redirectme.nethaimajj.world-aopment.identity.web2800.lazada.vn
redirectme.nethaimajj.world-aopment.identitypaiso.lazada.vn
redirectme.nethaimajj.world2iaomiaobaoniv.green-dental-me.lazada.vn
redirectme.nethaimajj.worldoriginmtaa-dev.lazada.vn
redirectme.nethaimajj.worldoriginmtaa-unive-intsellercenter.lazada.vn
redirectme.nethl.eloi.eco-acc.lazada.vn
redirectme.netms.email2.lazada.vn
redmart.lazada.vn
reendentes.smobaoi.redirectme.netas12ww63www.research-asc-static-imgsignal.lazada.vn
response.lazada.vn
ress.redirectme.netbu.lazada.vn
rest.lazada.vn
restsellerchang.redirectme.netas12ww63www.research-asc-staticlapps-xsrvjp-2xm-jer.lazada.vn
rindesu2iaomisellercenter-9bq.r0.rule.bob-sc.email2.lazada.vn
rn-2c968globao-serackless.wire.communityctjobbank.app.otafsg1ppofind.com.lazada.vn
rqp.wire.communityctjobbank.app.otafsg1.web5130asc-hubhfarxingyiacs-utsrqponmlkjihgfedcba.lazada.vn
rrh.r0.ruloo4.w7dgbo91.cdtest-2iaomisellercentersales-3.lazada.vn
rsprere-worder.coxenge-health-follow-up-service.wire.community.prezenty043.lazada.vn
rulection.wire.communityctjobbank.app.otafsg1.web5130asc-hub.web18307-lazada.lms-apicardproxy.lazada.vn
rulection.wire.communityctjobbank.app.otafsg1.web5130asc-hub.web18307-lazada.lms-yumizclub-comnionsimplee.lazada.vn
s.lazada.vn
s30.r0.ruleus-east-2.prod.amux.support.aws.ksiegarnia.lazada.vn
sadler-www-cueballgaemp5-ycgi-9est1-pareaallet-8ty.wire.community.ol7-mail.forum.lazada.vn
sasg.gfedcba9876543210.wire.community4arab.tasks-majorppofind.comorderingsc.lazada.vn
sasg.gfedcba9876543210.wire.community4arabsellercenter-static.tasks-majorppofind.comorderingsc.lazada.vn
sbm.lazada.vn
sbm.sellercentercisic0.wire.community-parkeronline.budget.lazada.vn
search-beta.lazada.vn
search-p.lazada.vn
search-static-pl.webproxy.idc-mianeducation.datavision.lazada.vn
searpassworkplackstation-stomer-feedbackhawk.docs.r0.rule.bob-sc.email2.lazada.vn
searpassworkplackstation-stomer-feedbackhawk2fuk-ua.docs.r0.rule.bob-sc.email2.lazada.vn
seller-stativitiverscardpromotion.r0.ruleus-east-2.prod.amux.support.awjuniper-joy.lazada.vn
seller-transparency-api.lazada.vn
sellercdtest-2iaomisellercenter-9bq.r0.rule.bob-sc.email2.lazada.vn
sellercenter-api.lazada.vn
sellercenter-global-staging.lazada.vn
sellercenter-staging-api.lazada.vn
sellercenter-staging.lazada.vn
sellercenter-static.lazada.vn
sellercenter-stativer.r0.ruloo4.w7dgbo91.cdtest-2iaomiellercenter.lazada.vn
sellercenter-wechat-stations.wire.community-khb-papercup-areariservata-machine.cmn.lazada.vn
sellercenter-wechat-stationwechat-station.vn.wire.community.lazada.vn
sellercentern-lkjihgfedcba9876543210z.wire.community4arab.tasks-major.autodiscoverdeportes-jer.email2.lazada.vn
sellet-9tyyyy.wire.community-parkeronline.budget.lazada.vn
sense-now-chate.ru.gfedcba9876543210.wire.community4arab.tasks-majorppofind.comwardo.lazada.vn
sept-web106.r0.rule.bob-sc.email2.lazada.vn
sept-web1062iaomiellercenter.r0.rule.bob-sc.email2.lazada.vn
shakespeare.r0.rule.bob-sc.email2.lazada.vn
shop-alimebot.lazada.vn
shop-decoration-api.lazada.vn
shop-global-staging.lazada.vn
shop11655150.coxenge-health-follow-up-service.wire.community.mariweb-010minami-yasu-com.lazada.vn
shop11655150.lkjihgfedcba9876543210.redirectme.nethaimajj.worldweb18156.lazada.vn
shop11655150.r0.rulefullart4.yingcardpartnervanicolekimbs.lazada.vn
shop11655150.r0.ruloo4.w7dgbo91.cdtest-2iaomiaobaoksiegarnia-ipvgotanda-mien-org.lazada.vn
shop11655150.r0.ruloo4.w7dgbo91.cdtest-2iaomisellercenter-rentalshop.webautodiscal.lazada.vn
shop11655150.r0.ruloo4.w7dgbo91.cdtest-2iaomisellercenter-www.po.lazada.vn
shop11655150.r0.ruloo4.w7dgbo91.cdtest-2iaomisellercentern-5-podcasts.lazada.vn
shop11655150.r0.ruloo4.w7dgbo91.cdtest-2iaomisellercentern-5vps7.lazada.vn
sip.lazada.vn
skazka.r0.rule.bob-sc.email2.lazada.vn
smobaoworder.com.xwvutsr.wire.community-parkeronline.budget.lazada.vn
sms-podzone.r0.ruleus-east-2.web5130mclprod.amux.support.aws.awsjplay.lazada.vn
sole.wire.communityctjobbank.app.otafsg1.web5130.lazada.vn
solution.lazada.vn
solutionsense.wire.communitymail001.lazada.vn
srqp.gppofind.com-production.m23sycmcollyiroma.r0.ruleus-east-2.prod.amux.support.awslazada-adsense-now-changapush.lazada.vn
srqp.gppofind.com.m23sycmcollyiroma.r0.ruleus-east-2.prod.amux.support.awslazada-adsense-now-changapush.lazada.vn
srqp.gppofind.com.m23sycmcollyiroma.r0.ruleus-east-2.prod.amux.support.warenderinglazada-adsense-now-changapush.lazada.vn
srqp.r0.ruleus-east-2.prod.amux.support.aws-is-is.2fas-in.2fgn-py.fi-fi.prod.lazada.vn
srqp.r0.ruloo4.w7dgbo91.cdtest-2iaomiellercenter.qa-pe.lazada.vn
srv-live-01.lazada.vn
srv-live-02.lazada.vn
srv-live-03.lazada.vn
srv-live.lazada.vn
ssc-staging.lazada.vn
ssc.lazada.vn
ssr-std.lazada.vn
staff-korea.r0.rule.bob-sc.stagingsc.email2.lazada.vn
staff-web106-evelynn.r0.rule.bob-sc.stagingsc.email2.lazada.vn
staff-web106-preferences.r0.rule.bob-sc.stagingsc.email2.lazada.vn
staff-web106.r0.rule-k48rule.bob-sc.email2.lazada.vn
staff-web106.r0.rule.awsdprakashgiraffe0439937bob-sc.email2.lazada.vn
staff-web106.r0.rule.bob-sc-ducation.email2.lazada.vn
staff-web106.r0.rule.bob-sc.email2.lazada.vn
staff-web106.r0.rule.bob-sc.stagingsc.email2.lazada.vn
staff-web106.r0.rule.dldyd11.email2.lazada.vn
staff-web106.r0.rule.fashishion-tractionbob-sc.email2.lazada.vn
staff-web106b.r0.rule.bob-sc.stagingsc.email2.lazada.vn
staff-web106singed.r0.rule.bob-sc.stagingsc.email2.lazada.vn
staff-web106z.r0.rule.bob-sc.stagingsc.email2.lazada.vn
staff-web64.r0.rule.bob-sc.stagingsc.email2.lazada.vn
staging-tracklessa.wire.communityphobos.lazada.vn
staginget1-pareaallerchangapush63.wire.community-parkeronline.budget.ineed-jp.lazada.vn
staginget1-pareaallerchangapush63.wire.community-parkeronline.budget.na84-ia26kf-ftn718zyxwvuts.lazada.vn
static-01.lazada.vn
static-02.lazada.vn
static-03.lazada.vn
static-dreamwk7.educativitiversitepakeweallerjeweals.r0.rule.bob-sc.email2.lazada.vn
static-dreamwk7.r0.rule.bob-sc.email2.lazada.vn
static-file.lazada.vn
static-origin.lazada.vn
static-prod-02.lazada.vn
static-prod.lazada.vn
static-staging.lazada.vn
static.lazada.vn
station.lazada.vn
stativitivitivitivers-aebridge.redirectme.netlx8.lazada.vn
store.lazada.vn
storyadminu-akamacs-m.platform.yxw.wire.communityctjobbank.app.otafsg1.web5130asc-hub-sbarasee.lazada.vn
stp.lazada.vn
subscribertaobaonoolchat-static-asc.webproxy.idc-mianeducationrex19951.lazada.vn
subscribertaobaonoolchat-static-asc.webproxy.idc-mianeducationwiredmin.lazada.vn
subscribertaobaonoolchat-static-asc.webproxy.rule-pod20.idc-mianeducationbkml.m.lazada.vn
sug.lazada.vn
suggest.lazada.vn
support.lazada.vn
surger.docsapitrenri-sycm.r0.ruleus-east-2.prod.amux.support.awsww.createfreqtable.oshobola.lazada.vn
surger.r0.ruleusellercenterember-uc5c38d95a840bbd156c531ef9a5.previews.lazada.vn
surger.sellercentertrenri-sycm.r0.ruleus-east-2.prod.amux.support.awsww.createfreqtable.noviet1-oshobola.lazada.vn
surger.sellercentertrenri-sycm.r0.ruleus-east-2.prod.amux.support.awsww.createfreqtable.oshobola.lazada.vn
survey.lazada.vn
t1.r0.rule.global.email2.lazada.vn
tab2b3dta20zyxwvutsrqp.myproxybestsellerchange-acs-m.wire.communitymail001olution.wkaxld002.lazada.vn
tab2b3dta20zyxwvutsrqp.r0.ruleus-east-2.prod.amux.support.awjuniper-joy.asonorbert.lazada.vn
tab2b3dta20zyxwvutsrqp.r0.ruloo4.w7dgbo91.cdtest-2iaomiorderstopupcentern-5rfj.lazada.vn
tab2b3dta20zyxwvutsrqp.r0.ruloo4.w7dgbo91.cdtest-2iaomisellercentern-5rfj.lazada.vn
tab2b3dta20zyxwvutsrqp.r0.ruloo4.webmail.w7dgbo91.cdtest-2iaomisellercentern-5rfj.lazada.vn
tab2b3dta20zyxwvutsrqp.wire.community-parkeronline.budgetmonumente.lazada.vn
tab2b3dta20zyxwvutsrqp.wire.communityctjobbank.app.otafsg1.web5130asc-hubhfarxingyiacs-lunalunera.lazada.vn
taobao.lazada.vn
taobaonoolchat-static-asc.webproxy.idc-mianeducation.datavision.lazada.vn
taobaoytcosgonmlkj.ki.ftp2.bo.webproxy.idc.lazada.vn
taobaoytcosgonmlkjihgfedcbaadnswildcardpromotion.trackadsense-tectro.vnwechat-stage.webproxy.idc-mian.lazada.vn
telsis.r0.ruleus-east-2.prod.amux.support.awswindows2000admin.lazada.vn
testing1-dreamwk51.r0.rule.sycmcollyiromotion.email2.lazada.vn
testwp.911.catalog-rendering-api.lazada.vn
thanhly.lazada.vn
topup.lazada.vn
tracker.lazada.vn
tracking.lazada.vn
twosmediom-z0393c-find.r0.rulehooligan.www.lazada.vn
u.lazada.vn
uapi-xspace.lazada.vn
umas.web.formhole.r0.ruloo4.w7dgbo91.cdtest-2iaomiaobao.lazada.vn
union.lazada.vn
unionsimplee.r0.ruloo4.w7dgbo91.cdtest-2iaomiellercenter.dot.lazada.vn
unionsimplee.r0.ruloo4.w7dgbo91.cdtest-2iaomiellercenteresm.tprodsmsx.lazada.vn
unionwechat-stationwechat-stagingwechat-stage.webproxy.idc-mianeducation.lazada.vn
unive-intsellercenter.redirectme.nethl.eloi.lazada.vn
univers-api-docs.r0.rule.f.m2m.lazada.vn
univers-api.wire.communityctjobbank.app.otafsg1.web5130asc-hubtaobao-judokiss6876543210cgodel.lazada.vn
university.lazada.vn
users.r0.rule.bob-sc.web126email2.lazada.vn
users.r0.rule.bob-scdenebpenplustown.email2.lazada.vn
users.r0.rule.bob-scet1-pareaallerchangapush63.email2.lazada.vn
utsrqponmlk.r0.ruloo4.w7dgbo91.cdtest-2iaomisellercenter77w.lazada.vn
utwww6.yajama6.r0.rulegodosoft-022facebookapp-xsrvjpinsys-staging.appedacommunittjcss.lazada.vn
vpnclub.wire.communityaime.demo.lazada.vn
vue-rsprere-worder-q.r0.rule.bob-sc.localyoice.fr.lazada.vn
vutsrqponml.ipv6-shop11655150.r0.ruloo4.w7dgbo91.cdtest-2iaomiellercentersellercenter-rentalshop.web.lazada.vn
vutsrqponml.ipv6-shop11655150.r0.ruloo4.w7dgbo91.cdtest-2iaomisellercenter-rentalshop.web.lazada.vn
vutsrqponml.ipv6-shop11655150.r0.ruloo4.w7dgbo91.cdtest-2iaomisellercenter-rentalshop.web.rule-k4www-07.lazada.vn
vutsrqponml.ipv6-shop11655150.r0.ruloo4.w7dgbo91.cdtest-2iaomisellercenter-rentalshop.webhomercenter.lazada.vn
vutsrqponml.ru.gfedcba9876543210.wire.community4arab.tasks-majorppofind.com-fedcba9876543210zyxwv.lazada.vn
vutsrqponml.webproxy.idc-wwwdljibasoft.lazada.vn
w-aebridge-mobaoworks-comcacommuniver.wire.community4arab.tasks-majorppofind.comidcyunqi.lazada.vn
wall-prendyol-universiteadingsstylessa.r0.ruleus-east-2.prod.amux.roslin.support.awsducation.lazada.vn
wall-prendyol-universiteadingsstylessa.r0.ruleus-east-2.prod.amux.support.awsducation.lazada.vn
wallercenternoolchat-station.vnwechat-stage.webproxy.idc-mian.lazada.vn
wallet.lazada.vn
warehouse.lazada.vn
web.formhole.r0.ruloo4.vpn.cdtest-2iaomiaobao.lazada.vn
web106-fw.r0.rule.bob-sc.email2.lazada.vn
web106-oceania.r0.rule.admizclub.bob-sc.email2.lazada.vn
web106-oceania.r0.rule.bob-sc.email2.lazada.vn
web106-oceania.r0.rule.katana.bob-sc.email2.lazada.vn
web106-oceania.r0.rule.xsample58.email2.lazada.vn
web106-php.r0.rule.bob-sc.email2.lazada.vn
web106-stage1.r0.rule.bob-sc.email2.lazada.vn
web106-stage1.r0.rule.bob-sc.priv.email2.lazada.vn
web106admin1.r0.rule.bob-sc.email2.lazada.vn
web106boards.r0.rule.bob-sc.email2.lazada.vn
web106boards.r0.rule.bob-sc.static.email2.lazada.vn
web106developer.r0.rule.bob-sc.email2.lazada.vn
web106k.r0.rule.bob-sc.email2.lazada.vn
web106lan.r0.rule.bob-sc.communitymail001olutionwooyeong1.email2.lazada.vn
web106lan.r0.rule.bob-sc.email2.lazada.vn
web106lan.r0.rule.bob-scsearch-static-pl.email2.lazada.vn
web106lan.r0.rule.europe.email2.lazada.vn
web106lan.r0.ruleorderingsstyless.bob-sc.email2.lazada.vn
web1709.r0.rule.bob-sc.email2.lazada.vn
web31hgvtstationifeb.bo.webproxy.idcv4e.web10084.lazada.vn
web31hgvtstationifeb.coxenge-health-follow-up-service.wire.community.mariweb-010-waynesburg.lazada.vn
web31hgvtstationifeb.r0.ruleusellercenterember-www3.gimranovildar.lazada.vn
web31hgvtstationifeb.r0.ruloo4.w7dgbo91.cdtest-2iaomiaobaoksiegarnia-ipv.qponmlkjihgfedcba.lazada.vn
web31hgvtstationifeb.wire.community-12gdtv.uma-deneb-nnv-thirdwriteback01ete.lazada.vn
web31hgvtstationifeb.wire.community-12gdtv.uma-deneb.point136.s163.as.lazada.vn
web513adsenget1-pareaallercenteralhop11655150.smobaoi.redirectme.netas12ww63www.research-asc-static.lazada.vn
web513adsenget1-pareaallercenteralhop11655150.smobaoi.redirectme.netas12ww63www.xsrvjpwinserver.research-asc-static.lazada.vn
web513adsenget1-pareaallercenteralhop11655150.wire.community-12gdtv.uma-deneb.point136-gaia0369-com.lazada.vn
web513adshop11655150.bo.webproxy.idcv4e.impnic.lazada.vn
web513adshop11655150.r0.ruloo4.w7dgbo91.cdtest-2iaomiaobaoksiegarnia-ipvlocalyoices-aelectkeyword.lazada.vn
web513adshop11655150.redirectme.netas12ww63www.research-asc-staticlapps-xsrvjpwinserver.lazada.vn
web513adshop11655150.vnwechat-stage.webproxy.idc-mian-www.an-gist.admin.dev.lazada.vn
web513adshop11655150.wire.communityctjobbank.app.lazada.vn
web68.r0.rule.bob-sc.email2.lazada.vn
webmail.lazada.vn
webproxy.bo.webproxy.idcv4eaws-rulefullart.lazada.vn
webproxy.idc-campaign-q137-web5130mcl.lazada.vn
webproxy.idc-educationakamatest.miyabi-est-com.lazada.vn
webproxy.idc-engine.lazada.vn
webproxy.idc-mian.primage-taobao.web4637.lazada.vn
webproxy.idc-mian.taobao-niy1.g.apih1mb7api.lazada.vn
webproxy.idc-s9r-printing.lazada.vn
webproxy.idc-wwwdl.hss-ppls-0156.ppls.lazada.vn
webproxy.idce.cydser.email2.lazada.vn
webproxy.idce.support-cydser.email2.lazada.vn
webproxy.r0.rulefullart4.yingcardpartnerva-rayoer.lazada.vn
webproxy.wire.community.yenim.choihw21-qa.hr-m6f.lazada.vn
webproxy.wire.communitymail001olution-esdirect-shop-com.2iaomisellercentersnooze.lazada.vn
webproxy.wire.communitymail001olution-esdirect-shop-com024.lazada.vn
webvtstanshingbyrnedecom.layoutwww5ingyiacs.r0.rulefullart4.lazada.vn
wildcardpromotion-api-docs.webproxy.idc-wwwdl.lazada.vn
wire.community-12gdtv.awsbudget-uma-denebpsc-testvo6.lazada.vn
wire.community-12gdtv.cart-p7dg.lazada.vn
wire.community-12gdtv.uma-deneb-ruloo4.point136-gaia0369-com.lazada.vn
wire.community-12gdtv.uma-denebpsc-test-awsdesktopvideoadmin-lazada.lazada.vn
wire.community-12gdtv.uma-denebpsc-testpreview.equisearch.lazada.vn
wire.community-12gdtv.uma-denebpsc-testpriest65691.lazada.vn
wire.community-12gdtv.uma-denebpsc-testvo6.lazada.vn
wire.community-dcl4-ncg0-iad3.na84-ia26kf-f210z5yxwvutsrqpo-cocktail.lazada.vn
wire.community-dcl4-ncg0-iad3.na84-ia26kf-f210z5yxwvutsrqpo.noviet1xsample58-xsrvjp.lazada.vn
wire.community-dcl4-ncg0-iad3.na84-ia26kf-f210z5yxwvutsrqpo.xsample58-xsrvjp.lazada.vn
wire.community-khb-www.ac.fisoemhcm-sptest266.lazada.vn
wire.community-khb-www.ac.fisoemhcm-zuv.lazada.vn
wire.community-khb-www.ac.fisoemhcm.scifimoviesadmin.lazada.vn
wire.community-khb-www.ac.fisoemhcmase.lazada.vn
wire.community-khb-www.ac.fisoemhcmexch.lazada.vn
wire.community-khb-www.ac.fisoemhcmxgipodzone.lazada.vn
wire.community-parkeronline.budget-dreamwk51.blg.joy.lazada.vn
wire.community-parkeronline.budget-host16confluence.blg.2iaomicn.joyarleen.lazada.vn
wire.community-parkeronline.budget-host16confluence.blg.rulefullart4pre-stationcjy05131.lazada.vn
wire.community-parkeronline.budgetfhg-sochi.lazada.vn
wire.community-parkeronline.budgetfhglettingsportal01-media.lazada.vn
wire.community.jihgfedcbanewha.mgmtintseller-www.lazada.vn
wire.community.prezenty043na84-ia26kf-ftn718zyxwvuts.lazada.vn
wire.community.xsrvjpwinserver.lazada.vn
wire.community4arab-accounting.tasks-majoraifoursolution.net.lazada.vn
wire.community4arab.almaty-metrotasks-major.autodiscoverdeportes-jer.email2.lazada.vn
wire.community4arab.downloadtasks-majorppofind.com.asc-hubprospero.lazada.vn
wire.community4arab.tasks-majoraifoursolution.net-idc-wwwdlnewworld.lazada.vn
wire.community4arab.tasks-majorppofind.com.2iaomiaobaodec.lazada.vn
wire.community4arab.tasks-majorppofind.comcuda60qw.lazada.vn
wire.communityconfluence.lan.elvisdec.platform.awsducationprospero.lazada.vn
wire.communityconfluence.lan.elvisdec.platform177f9.lazada.vn
wire.communityctjobbank.app.otafsg1.awswindows2000adminasc-hub-sbarasee.lazada.vn
wire.communityctjobbank.app.otafsg1.chromemcl.lazada.vn
wire.communityctjobbank.app.otafsg1.web5130.solletr3301rrh.ups-sahand-educationm-z.lazada.vn
wire.communityctjobbank.app.otafsg1.web5130asc-hub-fkj.dawanjiayulechengbocaizhuce-static-origin.lazada.vn
wire.communityctjobbank.app.otafsg1.web5130viktoria.tabi-17-infoengdenser.lazada.vn
wire.communityctjobbank.app.otafsg1ppofind.com.cdtest-2iaomiellercenteresm-217.lazada.lazada.vn
wire.communitydmin.baito-oppofind.comtaobaoytcosgonmlkj.lazada.vn
wire.communityg.orthanc-embed.lazada.vn
wire.communityg.orthanc-ush61.lazada.vn
wire.communitymail001olution-mx3er.email2.lazada.vn
wire.communitymail001olution.146community-12gdtv.lazada.vn
wire.communitymail001olutionellercenterww-syncovhwww.patty.www-test.alumni.dev-161arw.ang-jer.email2.lazada.vn
wire.communitymail001olutionellercenterww.viktoria-jer.email2.lazada.vn
wire.communitymail001olutionviewland-cydser.email2.lazada.vn
wire.communitymail001olutionviewlandww.testqajer.email2.lazada.vn
wire.communitymail001oweb31hgvtstationifeboyb.mail.ucakbileti.lazada.vn
wire.communitytieshop-ruleus-sellercenter-stagingmailuzza.lazada.vn
wire.communitytieshop.254.lazada.vn
wire.communitytieshop.aby.lazada.vn
wvu.r0.rule-pod20.ww29.c9verkaufen-prdstgtwintersity-hss-ppls-0108.pplskoq.lazada.vn
www-cueballgaemp5-ycgi-9est1-pareaallet-8ty.wire.community.ol7-mail.forumeuwe.lazada.lazada.vn
www-dev.lazada.vn
www-prod.lazada.vn
www-src.lazada.vn
www.5aledufa-5.r0.rule.bob-sc-svc.email2.lazada.vn
www.5aledufa-5.r0.rule.bob-sc.credglashinush47.email2.lazada.vn
www.adserve.r0.rule.bizwww.bob-sc.email2.lazada.vn
www.adserve.r0.rule.bob-sc.email2.lazada.vn
www.ans.www.apimacs-mkamapp.landscapetaging.wire.community-11gdtv.uma-deneb.autodiscovers.lazada.vn
www.ans.www.apimacs-mkamapp.landscapetaging.wire.community-12gdtv.ayo-shop11655150-jm.lazada.vn
www.ans.www.apimacs-mkamapp.landscapetaging.wire.community-12gdtv.uma-deneb.autodiscovers.lazada.vn
www.ans.www.apimacs-mkamapp.landscapetaging.wire.community-12gdtv.uma-denebaajd.lazada.vn
www.google.com-juneufood.world.lazada.vn
www.google.com-juneufoodmuasalebang.world.lazada.vn
www.google.com-open-bob-sc-cloud-computing-services-distribution.lazada.vn
www.google.com-open-source-cloud-computing-acs-wapa-distribution.lazada.vn
www.google.com-open-source-cloud-computing-adsense-distribution.lazada.vn
www.google.com-open-source-cloud-computing-layout-staging-distribution.lazada.vn
www.google.com-open-source-cloud-computing-member-m-distribution.lazada.vn
www.google.com-open-source-cloud-computing-mobapi-distribution.lazada.vn
www.google.com-open-source-cloud-computing-phoenix-distribution.lazada.vn
www.google.com-open-source-cloud-computing-services-adsense.lazada.vn
www.google.com-open-source-cloud-computing-services-alice-staging.lazada.vn
www.google.com-open-source-cloud-computing-services-customer360.lazada.vn
www.google.com-open-source-cloud-computing-services-sellercenter-api.lazada.vn
www.google.com-open-source-cloud-computing-services-stg.lazada.vn
www.google.com-open-source-cloud-computing-services-taobao.lazada.vn
www.google.com-open-source-cloud-computing-services-warehouse.lazada.vn
www.google.com-open-source-cloud-computing-static-file-distribution.lazada.vn
www.google.com-open-source-cloud-computing-wormhole-distribution.lazada.vn
www.google.com-open-source-cloud-warehouse-services-distribution.lazada.vn
www.google.com-open-taobao-cloud-computing-services-distribution.lazada.vn
www.google.com.lazada.vn
www.google.comapri2.mof.lazada.vn
www.google.combucky-eliejeo-stylist-comjer.email2.lazada.vn
www.has.lazada.vn
www.ipv6.lazada.vn
www.lazada.vn
www.payobaoworks-comcacommuniver.wire.community4arab.tasks-majorppofind.comidcyunqi.lazada.vn
www.phillyskaters.www5ingyiacs.r0.rulefullart4pre-station.lazada.vn
www.www.lazada.vn
www1.lazada.vn
www5ingyiacs.r0.rulefullart4pre-stationcjy05131.lazada.vn
www5ingyiacs.r0.rulefullart4pre-stationgu3ogingwechat-station.lazada.vn
xform.lazada.vn
xinfo757.r0.rule.bob-sc.email2.lazada.vn
xinfo757.staginget1.r0.rule.bob-sc.email2.lazada.vn
xwvutsrqponmlkj.wire.communitygnpi.cprodctnxsf.lazada.vn
xwvutsrqponsolessa.wire.communityphoboskk446688ducation.lazada.vn
xwvutsrqponsong-xwvutsrqp.harmlaocccrowlight-intsellerjeweals.r0.rule.sahand-education.lazada.vn
xwvutsrqponsong-xwvutsrqp.r0.ruleus-east-2.prod.amux.support.awsi-07-resouth.lazada.vn
xwvutsrqponsong-xwvutsrqp.wire.community-12gdtv.uma-deneb.point136fmucban.lazada.vn
y-dreamwk7.r0.rule.bob-sc.email2.lazada.vn
y-dreamwk7.r0.rule.evibra-bob-sc.email2.lazada.vn
y-dreamwk7.r0.rule.freight-intsellercenter-staginpollyiromotion-tracklessa.bob-sc.email2.lazada.vn
yajama6.r0.rulegodosoft-022facebookapp-xsrvjpinsys-staging.appedadevkhsellercenter.lazada.vn
yakho.wire.communityctjobbank.app.otafsg1ppofind.com.lazada.vn
yfun2.redirectme.netas12ww63www.research-asc-static-f210z5yxwvutsrqpo-creaallet-ints.lazada.vn
yfun2.redirectme.netas12ww63www.research-asc-static-f210z5yxwvutsrqpo-nebraska.lazada.vn
ys.staging.wire.community.s4330corepan.com8b.lazada.vn
ys.staging.wire.community.s4330corepan.com8b.mypromotion.lazada.vn
yugiohtractivities.r0.rule.bob-sc.email2.lazada.vn
yumizclub-comnionifeb.r0.ruleus-east-2.prod.amux.support.aws.adsensefarxipng1overdoktr680r9ac0fn.r0.lazada.vn
yumizclub-comnionifeb.r0.ruleus-east-2.prod.amux.support.aws.cueballgaemp5farxipng1overdoktr680r9ac0fn.r0.lazada.vn
yumizclub-comnionifeb.r0.ruleus-east-2.prod.statsamux.support.aws.adsensefarxipng1overdoktr680r9ac0fn.r0.lazada.vn
yumizclub-comnionifeb.ru.gfedcba9876543210.wire.community4arab.tasks-majorppofind.com.download-game.lazada.vn
yumizclub-comnionsimplee.r0.ruloo4.w7dgbo91.cdtest-2iaomiellercenter.history1900s.lazada.vn
zave10.users-awsducationgerman.r0.rule.bob-sc.email2.lazada.vn
zave10.users.r0.rule.jygola.email2.lazada.vn
zave10.users.r0.rule.web106-fw.email2.lazada.vn
zave10.users.r0.rule.web106k.bob-sc.email2.lazada.vn
