0-lj3-acs-m.wire.community.www.pandadeli.lazada.sg
0-lj3-acs-m.wire.community.www.pandarule-videogames7.lazada.sg
04be1c8e.lazada.sg
0zyxwvutsrqponm.staging.wire.community.www-lazbothaohao-www.cheat.lazada.sg
0zyxwvutsrqponm.wire.community.sindo8710.lazada.sg
10203.sellercenteredcba987.staging.wire.community.www.finsys-stagingecs.parse.finsys.prod.files.lazada.sg
10203.sellercenteredcba987.staging.wire.community.www.finsys-stagingecs.parse.prod.files.lazada.sg
10203.sellercenteredcba987.staging.wire.community.www.finsys-stagingecs.parse.prod.idc-csg-saf-0021-files.lazada.sg
1390pre-staging.r0.rule-edas-gwkmall2.lazada.sg
143.ttt.catalog-rendering-api.lazada.sg
16persona52ch.infopenapi.email2.lazada.sg
18257pre-ifs.yajama6.r0.rule-shashbabashoworg.lazada.sg
184bb7dc.lazada.sg
1ff8fwjn.ci.davidson.ttt.catalog-rendering-api.lazada.sg
1hjfdk.hagesalongen.ttt.catalog-rendering-api.lazada.sg
201.staging.wire.community.www-lazbot.lazada.sg
2459a.wire.community-parkeronline.budget-oppofind.comovas.lazada.sg
257atal.r0.rule-edas-gw.lazada.sg
257atal.r0.rule-edas-gwacgh8-vpn.lazada.sg
2fredmart.lazada.sg
2fwww.lazada.sg
2pxz8-ps0ksnkr2be0gtu1.es-es.prodokerlandscapetaging.wire.community-12g.lazada.sg
2pxz8-ps0ksnkr2be0gtu1.es-es.prodokerlandscapetaging.wire.community-12gew54384r99vben.lazada.sg
2suggest-member-tracking.wire.community-parkeronline.budget-oppofind.com.www-test.admin.alumni.dev.lazada.sg
2suggest5n-h.webproxy.idc-www.songda.emodtechtrustpass.2j4.lazada.sg
2suggest5n-h.webproxy.idc-www.songda.trustpass.2j4.lazada.sg
31858.admin-stagin.r0.ruledmin.sellercenter-estem-group-com-admin-station.lazada.sg
3mkuf6i34y44.depositounicornio.ttt.catalog-rendering-api.lazada.sg
3redirect-staging.sellercenteredcba987.staging.wire.community.www.finsys-stagingecs.parse.prod.files.lazada.sg
44oker-mp6at-xinfo501-xservice.adsense.r0.rule.8afsearch-control.lazada.sg
44oker-mp6at-xinfo501-xservice.r0.rule-pod20.ww29.c9verkaufennab.saas.lazada.sg
44oker-mp6at-xinfo501-xservice.r0.rule-pod20.ww29.www-lazbot-4zn.c9verkaufennab.saas.lazada.sg
44oker-mp6at-xinfo501-xservice.wire.communitymail001raid.pam-mah1zu1.lazada.sg
44oker-mp6at-xinfo501-xservicecsp-staging-transparency.adsensedemo.r0.rule.8af.lazada.sg
46999.apps-drupal-admin-nginx.hgfe.dc.ssh.pc54.webproxy.idctbpage.lazada.sg
46999.apps-drupal-admin-nginx.hgfe.dc.ssh.pc54.webproxy.idctbpage.udb-bizest1-pareaallet-8ty.lazada.sg
46999.apps-drupal-admin.hgfe.dc.ssh.pc54.webproxy.idc.v3.lazada.sg
46999.drupal-helpcenter-pre-www-chameleon-pre-pin.hgfe.latindc.ssh.pc54.webproxy.idc.lazada.sg
46999.supportdrupal-admin.hgfe.dc.apachessh.pc54.webproxy.idc.reset.lazada.sg
46999.supportdrupal-admin.hgfe.prod-dc.apachessh.pc54.webproxy.idc.reset.lazada.sg
4kb4z96i41sbma-team.wire.community-parkeronline.budget-oppofind.com.jamestravel.stationcsg-est-0054.csg.lazada.sg
4kb4z96i41sbma-team.wire.community-parkeronline.budget-oppofind.com.stationcsg-est-0054.csg.lazada.sg
4m9bdjqur6.lazada.sg
4p6at-xinfoliermavpn.staging.wire.community.www-lazbot.enroll-stage-nat134.lazada.sg
5-btfs-preaallregion.webproxy.idcvos-comptes.landing.app.lazada.sg
5-builtin.webproxy.idc-lorien21swww.bl.ahabeauty1-linkpages.e.lazada.sg
5-builtin.webproxy.idc-lorien21swww.bl.ahabeauty1-linkpagespcelebstyle.e.lazada.sg
543210zyxw.wire.communityaime.demo-prdstglydrachat.lazada.sg
5iup4b8yt-26h.tanuvas.ttt.catalog-rendering-api.lazada.sg
5n-h.webproxy.idc-www.songda-asc-hub-staging.trustpass.2j4.lazada.sg
5n-h.webproxy.idc-www.songda.amore-x-lazada.trustpassmytrade.2j4.lazada.sg
5n-h.webproxy.idc-www.songda.assets-trustpass.2j4.lazada.sg
5n-h.webproxy.idc-wwwmarket.songda.trustenterpriseregistration.2j4.lazada.sg
5n26i0.konstanz.ttt.catalog-rendering-api.lazada.sg
64gno0ak9upd.ucalendar.ttt.catalog-rendering-api.lazada.sg
6543210zyxwvutsrqpon.wire.community-parkeronline.budget-www-otaniah-com.lazada.sg
6543210zyxwvutsrqpon.wire.community-parkeronline.prdstgsipproxy.budget-www-otaniah-com.lazada.sg
6543210zyxwvutsrqpon.wire.community-parkerwebresources.budget-www-otaniah-com.lazada.sg
6wm-jira.sjc.emeapersona52ch.infoksiegarniajoyi.lazada.sg
6wm-jira.sjc.persona52ch.info.secureweb.lazada.sg
6wm-jira.sjc.persona52ch.info.toronto-secureweb.lazada.sg
6wm-jira.sjc.persona52ch.infoksiegarniajoyi.lazada.sg
7aut8foln69jmmh.digi.ttt.catalog-rendering-api.lazada.sg
7aut8foln69jmmhwwwserenabalamoon.wire.community-khb-www.21-nb.lazada.sg
8tic.dz.webproxy.idccastroca.omgedu37.lazada.sg
9nywa.webproxy.idc-lorien21swww.bl.ahabeauty1-roslinember.lazada.sg
9nywa.webproxy.idccastromatusimanfo.lazada.sg
9tation.edcbaxwvutsrqp.r0.ruleus-east-2.prod.amux.support.aws.ksiegarniaoy.rule-edas-gwfree.sigam.lazada.sg
9tation.edcbaxwvutsrqp.r0.ruleus-east-2.prod.amux.support.aws.ksiegarniaoy.rule-edas-gwfree27137.lazada.sg
9tation.staging.wire.community.wwwdpdesc-mnips.lazada.sg
9tation.vivremaconstruction.fr.s.xn-kckj3dudb-bizest1-pareaallet-8ty.wire.communityfruit-garlic-com.lazada.sg
9tation.wire.community-parkeronline.budget-oppofind.como-l4k.lazada.sg
9tation.wire.community-parkeronline.budget-oppofind.disabled.lazada.sg
9tation.yajama6.r0.rulegodosoft-022facebookapp-xsrvjpinsys-staging.app.imdm.lazada.sg
ab.lazada.sg
abaustralians52ch.infohwangjiniwi205mta40.email2.lazada.sg
abpersona52ch.infohwangjiniwi205mta40.email2.lazada.sg
acs-m.admin-station.wire.community-parkeronline.budget-oppofind.como.lazada.sg
acs-m.lazada.sg
acs-wallbacket-delimfood-lazada.wire.community.www.pandaweb7279.lazada.sg
acs-wallbacket-delimfood-lazada.yajama6.r0.rulegodosoft-022facebookapp-xsrvjpinsys-staging.app-west.lazada.sg
acs-wallbacking-rendersona52ch.staging.wire.community.chienhua330.wwwdpdesc-m.lazada.sg
acs-wallbacking-rendersona52ch.staging.wire.community.wwwdpdesc-m.lazada.sg
acs-wallbacking-rendersona52ch.staging.wire.community.wwwdpdesc-m.tanizawa01-xsrvjp.lazada.sg
acs-wallbacking.sellercenteredcba987.staging.wire.community.www.finsys-staging.emails.lazada.sg
acs-wallbacking.sellercenteredcba987.staging.wire.community.www.finsys-staging.sellercenter-araon7mirrorwwwemails.lazada.sg
acs-wapa-rm-p.staging.wire.community.wwwdpdesc-meuwe-giydooby.lazada.sg
acs-wapa-rm-p.staging.wire.community.wwwdpdesc-mjmw.lazada.sg
acs-wapa-rm-p.staging.wire.community.wwwdpdesc-mrecipes.lazada.sg
acs-wapa-rm-p.staging.wire.community.wwwdpdesc-mweb5130-design-memo-net.lazada.sg
acs-wapa-rm.lazada.sg
acs-wapa.lazada.sg
acs-wapa.staging.wire.community.www-checkout-pffinion.enzoas.lazada.sg
acs-wapa.staging.wire.community.www-checkout-porkot.lazada.sg
admin-internal.edas.lazada.sg
admin-m.lazada.sg
admin-p.lazada.sg
admin-stagin.r0.ruledmin.baitooppofind-wormhole-zac.opusmobilea7dialup.70.lazada.sg
admin-stagin.r0.ruledmin.sellercenter-vitality.r-sun24-xsrvjp.lazada.sg
admin-stagin.r0.ruledmin.sellercenter-zac.opusmobilea7stela.lazada.sg
admin-stagin.r0.ruledmin.sellercenter.web17813-sensation-jp.lazada.sg
admin-stagin.r0.ruledmin.sellercenteraf.image.container.e.lazada.sg
admin-stagin.r0.ruledmin.sellercenteraf.image.e.lazada.sg
admin-stagin.r0.ruledmin.sellercenterbase05.lazada.sg
admin-stagin.wire.community-parkeronline.budget-oppofind.com.stationjlab-tv.lazada.sg
admin-staging.education.lazada.sg
admin-station.wire.cominotaka.community-parkeronline.budget-oppofind.como-pulchritude.esinfounitrust1.lazada.sg
admin-station.wire.community-netczy75z.budget-oppofind.comoans3-confluence.ftp0.web1.platform.lazada.sg
admin-station.wire.community-parkeronline.budget-oppofind.com.stationpethelper-tumugi-com.lazada.sg
admin-station.wire.community-parkeronline.budget-oppofind.como-pulchritude.es-u44.lazada.sg
admin-station.wire.community-parkeronline.budget-oppofind.como-pulchritude.esinfounitrust1.lazada.sg
admin-station.wire.community-parkeronline.budget-oppofind.como-pulchritude.lj3-a9876543210z.lazada.sg
admin-station.wire.community-parkeronline.budget-oppofind.como.air-upt-e-com.lazada.sg
admin-station.wire.community-parkeronline.budget-oppofind.comoans3-confluence.ftp0.web1.platform.lazada.sg
admin.education.lazada.sg
admin.lazada.sg
admin.wire.communitycommember001raid.pam-mah1-tv4.lazada.sg
admin.wire.communitymail001raid.pam-mah1-tv4.lazada.sg
admin.wire.communitymail001raid.pam-mah1-tv4.priv.lazada.sg
admin.wire.communityrule-edas-gwwebddcba001raid.pam-mah1-tv4.lazada.sg
adminye-station.r0.rule.apps-test-cursosdeelectricidad.lazada.sg
adminye-station.r0.rule.apps-test.info-web6545shopre.lazada.sg
adsence.staging.wire.community.www-registry.npm.lazada.sg
adsense.lazada.sg
affile-tracking.staging.wire.community.www-lazbot.lazada.sg
affiliate.lazada.sg
agenklgherbal.ttt.catalog-rendering-api.lazada.sg
agenklgherbal.ttt.catalog-rule-appy-api.lazada.sg
air-ual.lazada.sg
ali.lazada.sg
alice-staging.lazada.sg
alice-suppliexpre.wire.community-parkeronline.budjuns128-oppofind.como.lazada.sg
alice.lazada.sg
amore-supplier-static-staging.r0.rule-info.aws-st2.lazada.sg
amore-x-lazada.store.lazada.sg
anb.redirectme.netczy-bokding21.lazada.sg
anb.redirectme.netczy-nash-aomenxilashenhuayulecheng-njtfs-v2-yun.lazada.sg
anb.redirectme.netczy.web5262n-kckj3dudb-bizest1-pareaallet-8ty.lazada.sg
anbwwwdpdesc-mwww.redirectme.netczy-bokding21.lazada.sg
api-pre.lazada.sg
api-redmart-pre.lazada.sg
api-station-stativeup.staging.wire.community.www-lazbot.lazada.sg
api.lazada.sg
apiwww4.wire.communityctjobbank-catalog-rendering-api.app.otafsg1.web5130-evserver1.lazada.sg
apiwww4.wire.communityctjobbank.app.otafsg1.pdpdescweb5130-evserver1.lazada.sg
apiwww4.wire.communityctjobbank.app.otafsg1.web5130-evserver1.lazada.sg
apiwww4.wire.communityctjobbank.app.otafsg1.web5130-yusuke.lazada.sg
apiwww4.wire.communityctjobbank.app.otafsg1infotsuyamakoyou.web5130-yusuke.lazada.sg
apiwww4.wire.communityctjobbankdemo-prdstg-nasdebarraca-com.app.otafsg1.web5130-evserver1.lazada.sg
aplus-atm.lazada.sg
app96.ttt.catalog-rendering-api.lazada.sg
app96.ttt.catalog-rule-edas-gwfree-web1350yzq-api.lazada.sg
as0gonm.com-cnppsprimary-xcs.wire.community-parkeronline.budgetsendai.idcslideroppofind.www.prdstg.redirectme.lazada.sg
asc-checkout-mgyuu.wire.community-parkeronline.budget-oppofind.checkout-rm-p-como.lazada.sg
asc-checkout-mgyuu.wire.community-parkeronline.budget-oppofind.como.lazada.sg
asc-hub-old.lazada.sg
asc-hub-staging.lazada.sg
asc-hub.lazada.sg
asc-hubpersona52ch.infoub.digital.lazada.sg
asc-hubpersona52ch.infoub.lazada.sg
asc-static-staging-persona52ch.infonwfliptcreative.com.sstg.email2.lazada.sg
asc-static-staging.lazada.sg
asc-static.lazada.sg
autodiscover.lazada.sg
autodiscovermavenmihgfedcbaxwvutsrqp.r0.ruleus-east-2.prod.amux.support.aws.ksiegarniaoynterpriseenrollment.email2.lazada.sg
autodiscovermavenmihgfedcbaxwvutsrqp.r0.ruleus-east-2.prod.amux.support.aws.ksiegarniaoynterpriseenrollment.lazada.sg
autodiscovermavenmihgfedcbaxwvutsrqp.r0.ruleus-east-2.prod.amux.support.aws.medusanterpriseenrollment.lazada.sg
avira-free-antivirus.en.axweb.emodtechpersona52ch.info.lazada.sg
avira-free-antivirus.en.axweb.persona52ch.info.lazada.sg
avira-free-antivirus.th.cardinalfinancial.persona52ch.info.lazada.sg
b.i64-gmcp.staging.wire.community.www-checkout-p.lazada.sg
b137-vpn.dz.webproxy.idccastro-su-star.lazada.sg
b37lkjihgf.webproxy.idcslideroppofind.wwwdpdesc-jet10.csg.lazada.sg
ba-buyer-staging.lazada.sg
ba-buyer.lazada.sg
ba-staging-test.sellercenter-staging.lazada.sg
baidu_antivirus.th.homebanking.persona52ch.info.lazada.sg
barbarapcira.sjc.persona52ch.info-hss-hca-0002.shca.lazada.sg
bdkartnersity.wire.community-parkeronline.budget-oppofind.comadmin.lazada.sg
beebot-sg.lazada.sg
betulastaging.wire.community.www-lazbot.lazada.sg
bilgimipaylasiyorum.anb.redirectme.netczy-bokding21.lazada.sg
bilgimipaylasiyorum.ttt.catalog-rendering-api.cart-p-app.lazada.sg
bilgimipaylasiyorum.ttt.catalog-rendering-api.lazada.sg
blacket-8ty.edcbaxwvutsrqp.r0.ruleus-east-2.prod.amux.support.aws.ksiegarniaoy-com-api.lazada.sg
bloas0gonm.com-cnppsprimary-xcs.wire.community-parkeronline.budgetsendai.www.prdstg.lazada.sg
blockly.ttt.catalog-rendering-api.lazada.sg
bngintl-xformhole-topup.staging.wire.community.wwwdpdesc-m.lazada.sg
bo6bsigmlxmva6356dto6cj.shanpannobara.ttt.catalog-rendering-api.lazada.sg
boardstg.wire.community-pre-awww.blogy8b.lazada.sg
bob-local-staging.lazada.sg
bob-sc.lazada.sg
bob-scheckout-rm.r0.ruleus-east-2.prod.amux.support.aws.ksiegarniaoynterpriseenrollment.lazada.sg
bob.lazada.sg
bobapi-staging.lazada.sg
bonham.ttt.catalog-rendering-api.lazada.sg
brand.adsense.lazada.sg
bransion.69.murpnjexport.lazada.sg
bre-acs-wapa-rm-p.wire.community-parkeronline.budget-oppofind.com-a7s-pre.lazada.sg
bre-ifs-vihgfe.xformhole-topup.staging.wire.community.wwwdpdesc-m-inti-xn--eckyb5bg3k-com.lazada.sg
bre-ifs.wire.community-parkeronline.budget-oppofind.bonham.lazada.sg
bre-ifs.wire.community-parkeronline.budget-oppofind.comossl24inytottr-cart.lazada.sg
bre-ifs.wire.communityuniversityna-zqe.lazada.sg
bre-ifs.xformhole-topup.staging.wire.community-pbs9425.wwwdpdesc-m-inti-xn--eckyb5bg3k-com.lazada.sg
bre-ifs.xformhole-topup.staging.wire.community.wwwdpdesc-m-inti-xn--eckyb5bg3k-com.lazada.sg
brucelectme.wire.community-12g.941.ijnjdf78.lazada.sg
builtin.webproxy.idc-enterpriserio.bl.ahabeauty1-linkpages.e-csp.lazada.sg
builtin.webproxy.idc-lorien21swww.bl.ahabeauty1-linkpages.e-csp.lazada.sg
builtin.webproxy.idc-lorien21swww.bl.ahabeauty1-linkpages.e.euwecsg-fin-0033.lazada.sg
builtin.webproxy.idc-lorien21swww.bl.ahabeauty1-linkpages.e.leah.lazada.sg
builtin.webproxy.idc-lorien21swww.bl.ahabeauty1-linkpages.e.pnmadmin-stagineuwecsg-fin-0033.lazada.sg
builtin.webproxy.idc-lorien21swwwudb-bizestsellet-8ty.bl.ahabeauty1-linkpages.e-csp.lazada.sg
butler-front.edas.lazada.sg
butler.edas.lazada.sg
buyer.lazada.sg
bvmember-tracking.wire.community-parkeronline.budget-oppofind.com-originpollection.lazada.sg
c.lazada.sg
c.wire.community-parkeronline.budget-oppofind.como-pulchritude-idcslideroppofind.es-suppliexpers.lazada.sg
c.wire.community-parkeronline.budget-oppofind.como-pulchritude.es-suppliexpers.lazada.sg
c18zyxwvutsrqponmlkjihgfe-cnamerchat.fmucban76543210zyxwvuts4rqponmlk.r0.rule-k48.h5o0jr3.lazada.sg
cakelatte-edcba987.staging.wire.community.www-lazbot.lazada.sg
cart-m.lazada.sg
cart-p.lazada.sg
cart-rm-p.lazada.sg
cart-rm.lazada.sg
cart.lazada.sg
cartnersity.wire.community-parkeronline-proxy.budget-oppofind.comadminresourcespace.lazada.sg
cartnersity.wire.community-parkeronline.budget-oppofind.comadminresourcespace.lazada.sg
cartpre-topup.wire.community-parkeronline-antivirus.budget-oppofind.como.lazada.sg
cartpre-topup.wire.community-parkeronline.budget-oppofind.como.lazada.sg
catafeeds.r0.rule-edas-gw.lazada.sg
catalog-member-p-api.wire.community-khb-www.21-nb.lazada.sg
catalog-rendering-api-staging.lazada.sg
catalog-rendering-api.lazada.sg
cative.staging.wire.community.mobile-tracker-www-lazbotcsg-fin-0016.csg.lazada.sg
cative.staging.wire.community.www-lazbot.enroll-stage.lazada.sg
cauc06mjjafq.campania.ttt.catalog-rendering-api.lazada.sg
cb-customs.lazada.sg
ccb4rb5-scjmi.hsl.socsci.ttt.catalog-rendering-api.lazada.sg
ccleaner.ar.ttt.catalog-rendering-api.lazada.sg
chameleon-pre.lazada.sg
chameleon.lazada.sg
checkout-m.lazada.sg
checkout-p.lazada.sg
checkout-rm-p.lazada.sg
checkout-rm.lazada.sg
checkout.lazada.sg
chienhua330.ttt.catalog-rendering-api.lazada.sg
cimpress.ttt.catalog-rendering-api.lazada.sg
cleverskincareresourcing.wire.community-parkeronline.assetsbudget-oppofind.com.stationpowerize-ush.lazada.sg
cleverskincareresourcing.wire.community-parkeronline.budget-oppofind.com.lighthouservice-wire-ush.lazada.sg
cleverskincareresourcing.wire.community-parkeronline.budget-oppofind.com.stationpowerize-ushcienciapatodos.lazada.sg
clwyd.showpadaughter1vut.wire.communitymail001raid-demo-prdstglydrachat.pam-mah1.lazada.sg
clwyd.showpadaughter1vut.wire.communitymail001raid.pam-mah1.lazada.sg
cm8phg15dt.lazada.sg
cndatamainpollerchameleon.r0.rulelect-health-001.health.lazada.sg
codatal.r0.rule-edas-gw.lazada.sg
codatal.r0.rule-edas-gw.malagabici.lazada.sg
collect.lazada.sg
com2ac66staging.wire.communitafwd081028-xsrvjp.comnient011ms0.id410041cadamas.lazada.sg
com2ac66staging.wire.communitafwd081028-xsrvjp.ms0.id410041-euwer-ubz.lazada.sg
com2ac66staging.wire.communitafwd081028-xsrvjp.ms0.id410041cadamas.lazada.sg
com2ac66staging.wire.communitafwd081028-xsrvjp.ms0.peruanjiuapush42cadamas.lazada.sg
com2ac66staging.yajama6.r0.rulegodosoft-022facebookapp-xsrvjpinsys-staging.cart-p-appprdstgrichstg.lazada.sg
comadminbkpdmin-p.webproxy.idccastromatusima.lazada.sg
comadminbkpdmin-p.webproxy.idccastromatusimatracking-staging.lazada.sg
community-staging.lazada.sg
conductingmasterclass.ttt.catalog-rendering-api.lazada.sg
configcenter.edas.lazada.sg
console-stagingwire.sellercenteredcba987.staging.wire.community.www.csg-fin-0030.csg.lazada.sg
console.edas.lazada.sg
content-staging.lazada.sg
content.lazada.sg
conterpriseregistranspace.wire.community-parkeronline.060441.budget-oppofind.comowww.laurenmccombstatic-file.s.lazada.sg
conterpriseregistranspace.wire.community-parkeronline.budget-oppofind.comowww.laurenmccombstatic-file.s.lazada.sg
creatic-origital.webproxy.idccastromatusima.lazada.sg
creative.lazada.sg
cs.lazada.sg
csp-live.lazada.sg
csp-staging.lazada.sg
cursosdeelectricidad.ttt.catalog-rendering-api.lazada.sg
daelimfood-lazada.jira.sjc.persona52ch.infocpns.lazada.sg
daelimfood-lazada.jira.sjc.persona52ch.infocpns.postal-internal.lazada.sg
daelimfood-lazada.jirananamb.sjc.persona52ch.infocpns.lazada.sg
dance-5.sjc.persona52ch.infoksiegarniajoy-xn-kckj.lazada.sg
darksouls-german.wiki.ttt.catalog-rendering-api.lazada.sg
datafeeds.lazada.sg
dauth.edas.lazada.sg
dbmmf.ttt.catalog-rendering-api.lazada.sg
dcba9876543210zyxwv.r0.ruleus-east-2.prod.amux.support.aws.ksiegarniajoykarl2plusfm1.lazada.sg
dcbaand-service-5.wvutsrqponml.staging.wire.community.lazada.sg
delimfood-lazada.wire.community.www.panda.info-dill.lazada.sg
demo.wire.community-parkeronline.budget-oppofind.com.lazada.sg
demo.wire.community-parkeronline.budget-oppofind.int-com.lazada.sg
demo.wire.comogiresuncommunity-parkeronline.budget-oppofind.com.lazada.sg
dienbien.ttt.catalog-rendering-api.lazada.sg
digital.lazada.sg
dmtrace.support.lazada.sg
docs.edcbaxwvutsrqp.r0.ruleus-east-2.prod.amux.support.aws.ksiegarniaoy.rule-edas-gwfree-web1350yzq.lazada.sg
docs.wire.community-12g.941-molylove001ptn.lazada.sg
docs.wire.community-12g.941fwpeak10.lazada.sg
docs.wire.community-12gapi-pre.941fwpeak10.lazada.sg
doorico-net-vpn.dz.webproxy.idccastro-blacket.lazada.sg
doorico-net-vpn.dz.webproxy.idccastrocomjenkinedu50orwwwdpdesc.lazada.sg
dotiimunii.ttt.catalog-rendering-api.lazada.sg
dotiimunii.ttt.catalog-rendering-api.restricted.lazada.sg
dts.edas.lazada.sg
eco-acc.lazada.sg
eco-acc.sellercenteredcba987.staging.wire.community-comadmin-kp8.wwwrj.lazada.sg
eco-acc.sellercenteredcba987.staging.wire.community.wwwrutr.univeqa.lazada.sg
eco-acc.sellercenteredcba987.staging.wire.communityonline-banking.wwwedge2.lazada.sg
eco-device.lazada.sg
eco-ueba.lazada.sg
eco.lazada.sg
eco.sjc.persona52ch.info-www-checkout-pcelebstyle-japan-com.lazada.sg
eco.sjc.persona52ch.infoioxy-persona.lazada.sg
eco.sjcwww-checkout-ps1114a.persona52ch.info-www-checkout-pcelebstyle-japan-com.lazada.sg
eco.staging.wire.community.www-lazbot-4zn.155c.lazada.sg
eco.staging.wire.community.www-lazbot.pre-store.opt.loginprodx.lazada.sg
eco.staging.wire.community.www-lazbotfarmgw.lazada.sg
eco.wire.community-12g.941descrowdsourcingcheng.lazada.sg
edas-gw.lazada.sg
edcba987.staging.wire.community.wwwdpdesc-m-mail70.lazada.sg
educataloging-renders.edcba987.staging.wire.community.loginprodx-www.lazada.sg
education-staging.lazada.sg
education.lazada.sg
efg456amy.ttt.catalog-rendering-api.lazada.sg
eic.ttt.catalog-rendering-api.lazada.sg
eico.sjc.persona52ch.info-bpu.lazada.sg
eico.sjc.php52ch.info-bpu.lazada.sg
eico.staging.wire.community.www-lazbot.bananarepubliczvice.lazada.sg
eico.webproxy.idc-lorien21swww.bl.ahabeauty1-linkpages.e.mspark1.lazada.sg
eico.wire.community-parkeronline.budget-oppofind.comoew54391r98m0p5-cartnersity.lazada.sg
eico.wire.community-parkeronline.budget-stocktonspringsme-com.comoew54391r98m0p5-cartnersity.lazada.sg
eico.wire.communityaime.demo-prdstg-sive.lazada.sg
eico.wire.communityaime.rule-edas-gwdemo-prdstg-sive.lazada.sg
email.lazada.sg
email.wire.community-parkeronline.akamaionsole-oppofind.commah1ppls.sub.lazada.sg
email.wire.community-parkeronline.budget-oppofind.comnient011-erd.lazada.sg
email.wire.community-parkeronline.budget-oppofind.comnient011skykeep-lakeice.lazada.sg
email.wire.community-parkeronline.budget-oppofind.comnient011skykeep.lazada.sg
ember-tracking-auth-beebot-sg.wire.community-khb-www-control.adsence-21.lazada.sg
enterpriseenrollment.lazada.sg
enterpriseregistration.lazada.sg
er-p.lazada.sg
er-search.lazada.sg
er.lazada.sg
escribestseller-static.redirectme.net-twdvd.lazada.sg
esponmlk.wire.communityaime.support-staging-prdstg-sun99424.lazada.sg
esponmlk.wire.communityaime21-nb3e0.demo-prdstg-sun99424.lazada.sg
esponmlk.yajama6.r0.rule.iloveu-3347.mytrade-prod.surveys3-eglobal2.lazada.sg
esponmlk.yajama6.r0.rule.iloveu-3347.mytrade-prod.surveys3.lazada.sg
esponmlk.yajama6.r0.rule.sia2stngva1-jlink-iloveu-3347.mytrade-prod.surveys3.lazada.sg
eu1.dashboard.ttt.catalog-rendering-api.lazada.sg
ew543210zyxw.dz.webproxy.idccastroca.omg012.lazada.sg
ew543210zyxw.sjc.persona52ch.infoxinshijibaijialexianjinwang.lazada.sg
ew543210zyxw.staging.wire.community.www-checkout-pfgv.saas.ynhkm.lazada.sg
ew543210zyxw.staging.wire.community.www-checkout-pfgv.saas.ynhkmcomgreenmoa2.lazada.sg
ew543210zyxw.wire.community-parkeronline.budget-oppofind.com.nst.5-builtin-opusmobiled1web2310.lazada.sg
ew543210zyxw.wire.community-parkeronline.budget-oppofind.com.nst.auth-supersona52ch.lazada.sg
ew543210zyxw.wire.community-parkeronline.budget-oppofind.com.nst.opusmobiled1web2310.lazada.sg
ew543210zyxw.wire.community-parkeronline.budget-oppofind.comhd0.lazada.sg
fbcallercententernal.sellercenter.wire.communityphoboshihowwwbetaappswww.www.prdstg.lazada.sg
fc.lazada.sg
ffile.sg-web.ffinion-enzoas-efind.staging.wire.community-parkeronline.budget.ecoppofind.com-bngintl.lazada.sg
fichatecnicadm.msp.ttt.catalog-rendering-api.lazada.sg
filebroker-cdn.lazada.sg
filebroker-staging.lazada.sg
filebroker.lazada.sg
finixcart.cmownerps-www-cueballgaemp5-ycgi-9est1-pareaallet-8ty.wire.community.lazada.sg
fmipagmcp.staging.wire.community.www-checkout-p.lazada.sg
foodbeverageadmin.amore-supplier-static-staging.r0.rule-info.lazada.sg
fpkg36jb0hvqosj-l4k.of.ttt.catalog-rendering-api.lazada.sg
fpkg36jb0hvqosj-l4k.of.ttt.catalog-rendering-apicsg-checkout-p.lazada.sg
freedai-cytaty.r0.rule-pod20.ww29.c9verkaufen-zinfo.lazada.sg
freedai-cytaty.r0.rule-pod20.ww29.c9verkaufens1016ipmi.lazada.sg
freefunww.persona52ch.info-web6545shopre.lazada.sg
freefunww.staging.wire.community.www-checkout-pweb17611kw7.lazada.sg
frsycmcollyiromotionsolesale-mp6at-xinfo501-xservice.yajama6.r0.rule-web4963team5.lazada.sg
galihyogawahyukuncoro.ttt.catalog-rendering-api.lazada.sg
gcp-er.lazada.sg
gearadmin-station.wire.community-parkeronline.budget-oppofind.como.lazada.sg
gearadmin-station.wire.community-parkeronline.taobao.como.lazada.sg
gesthand-extraction.ttt.catalog-rendering-api.lazada.sg
gesthand.persona52ch.infonwfliptcreative.com.sstg.email2.lazada.sg
getavirus-com.efsane4.persona52ch.info.lazada.sg
ggn.webproxy.idcslideroppofind-develop.com.lazada.sg
gisele007.ttt.catalog-rendering-api.lazada.sg
gmcp.lazada.sg
gmcp.staging.wire.community.www-checkout-pmimmo.lazada.sg
goblin-staging.lazada.sg
goblin.lazada.sg
goldenrule.ttt.catalog-rendering-api.lazada.sg
googleshishishishishishiqian-coms-service.wire.community-cracked.lazada.sg
goorlandoadmart-rm.wire.communitydmin.baitochef.cmownerps-www-cueballgaemp5-ycgi-9est1-pareaallet-8ty-com.lazada.sg
gre-host-009vihgfedcba9.lists-gmcp.staging.wire.community.www-checkout-p-cbf1-ksiegarniajoy-xn-kckj.lazada.sg
gre-host-009vihgfedcba9.redirectme.netczy75z.lazada.sg
gre-host-009vihgfedcba9.sellercenteredcba987.staging.wire.community.www.finsys-staging.web5245.lazada.sg
h5-alimebot.lazada.sg
hardready4guruland.toronto-persona52ch.info-rule-infowarhammer.infotsuyamakoyou.lazada.sg
hasegawa-r-commember-tracking.wire.community-parkeronline.configcenter.budget-oppofind.com.lazada.sg
hasegawa-r-commember-tracking.wire.community-parkeronline.configcenter.wwwdpdesc-ms106.budget-oppofind.com.lazada.sg
healthyandhappy.ttt.catalog-rendering-api.lazada.sg
helpcenter-pre.lazada.sg
helpcenter.lazada.sg
hight-intsellerjointenter-stal.webproxy.idc-oppofind.com.lazada.sg
higumapanasi.blog.persona52ch.info.lazada.sg
ho.lazada.sg
homer-staging.lazada.sg
homer.lazada.sg
hyun.staging.wire.community.www-checkout-p-jbird.lazada.sg
hyuninter2reaallercharge.rule-edas-gw-habboretrostaging.wire.community.www-checkout-pbishishishishishiqian.lazada.sg
hyuninter2reaallercharge.yajama6.r0.rulegodosoft-022facebookapp-xsrvjpinsys-opusmobiled1g.app-www.hikiake3.lazada.sg
hyuninter2reaallercharge.yajama6.r0.rulegodosoft-022facebookapp-xsrvjpinsys-staging.app-www.hikiake3.lazada.sg
hyuninterjh10-service.fmucban76543210zyxwvuts4rqponmlk.r0.rule-k48-lavieduneprinces.blog.neurologyadmin.lazada.sg
i.lazada.sg
i.r0.rule-edas-gw.web12333.lazada.sg
i.vivremaconstruction.fr.s.xn-kckj3dudb-bizest1-pareaallet-8ty.wire.communitywww.guru.lazada.sg
i.wire.community-parkeronline.budget-oppofind.com.mah1baomaliaotianshistationlorien21swww-bl.lazada.sg
i.wire.community-parkeronline.budget-oppofind.com.stationshenyang.miri-admin.lazada.sg
i.wire.community-parkeronline.budget-oppofind.com.stationshenyang.ris-boxi.roslin.lazada.sg
i.wire.community-parkeronline.budget-oppofind.com.stationshenyangdepositounicornio.ris-boxi.roslin.lazada.sg
i.wire.community-parkeronline.budget-oppofind.comsyaken.stationlorien21swww-bl.lazada.sg
i.wire.community-parkeronline.wwwdpdesc-meuwe-giydooby-oppofind.com.stationshenyang.miri-admin.lazada.sg
i.wire.community-parkerrulefullart4.budget-oppofind.com.stationlorien21swww-bl.lazada.sg
i.wire.communityphoboshihowwwbetaappswww.budget-oppofind.com.stationlorien21swww-bl.lazada.sg
i32cb2p0p1.aeroporto.ttt.catalog-rendering-api.lazada.sg
i9kjtfs-v2-yun.lists-gmcp.staging.wire.community.www-checkout-p-cbf1-helpcenter.lazada.sg
i9kjtfs-v2-yun.sellercenteredcba987.staging.wire.community.www.finsys-stagingidents.lazada.sg
i9kjtfs-v2-yun.xformhole-topup.staging.wire.community.wwwdpdesc-m-inti.ns121.lazada.sg
if.r0.ruledmin.sellercenter-0il.lazada.sg
if.wire.community.www-lazbot.rankpeople.lazada.sg
if.wire.community.www-lazbotgw8-pre-shop-alimebot.lazada.sg
ifs.lazada.sg
ilogistics.2suggest.r0.rulei-oppofind.com.lazada.sg
ilogistics.ruleus-east-2.r0.rulei-oppofind.com.lazada.sg
ima.0earwww9.redirectme.net.connectedtv.lazada.sg
info-reportservices.abpersona52ch.infohwangjiniwi205mta40.email2.lazada.sg
info-rule-infowarhammer-persona52ch.infoimg20.lazada.sg
info.lazada.sg
internal-stp.lazada.sg
internal.edas.lazada.sg
ioxy-persona52ch.info.lazada.sg
ip2-adming.fmucban76543210zyxwvuts4rqponmlk.r0.rule-k48-lavieduneprinces.blog-rid-057020-repo.roslin.lazada.sg
ip2-adming.fmucban76543210zyxwvuts4rqponmlk.r0.rule-k48-lavieduneprinces.blog-rid-057020.roslin.lazada.sg
istanbultip.ttt.catalog-rendering-api.lazada.sg
jamestravel.ttt.catalog-rendering-api.lazada.sg
jappro.ttt.catalog-rendering-api.lazada.sg
jira-agenda.sjc.persona52ch.info.www.can.users.lazada.sg
jira-net.sjc.persona52ch.infobifenjiebao.lazada.sg
jira.netvoip2-leanalyservice-sjc.persona52ch.infobifenjiebao.lazada.sg
jira.sjc.persona52ch.info.lazada.sg
jira.sjc.persona52ch.info.www.can.users.lazada.sg
jira.sjc.persona52ch.infobifenjiebao.mobileappctmx.lazada.sg
jira.sjc.tracking52ch.info.www.can.users.lazada.sg
jisungjuember-tracking.wire.community-parkeronline.budget-oppofind.com.lazada.sg
jmac.r0.rule-pod20.ww29.c9verkaufen.spsdcba.lazada.sg
jmac.uspokerlandscapetaging.wire.community-12g-wwwq5850117.lazada.sg
jmacs-m.lazada.sg
jmacs-m.r0.ruleus-east-2.prod.amux.support.aws.ksiegarniajoykarl2plusoptimal.lazada.sg
jmacs-m.wire.community.www.panda2j4.lazada.sg
jmacs-wallbacket-8tyvldahf123n.sjc.persona52ch.infoweb18617.lazada.sg
jmacs-wallbacket-8tyvldahf123n.wire.communityaime.demo-prdstg.netmgr.lazada.sg
jmacs-wapa.lazada.sg
jnslife1-pre-ifs.wire.community-parkeronline.budget-oppofind.como.lazada.sg
jssofp.lap01.wire.community.wwwdpdesc-m.lazada.sg
jssofp.mgmt.toronto-admin-station.wire.community-parkeronline-wwwdpdesc-ms106.budget-oppofind.como.lazada.sg
jssofp.mgmt.toronto-admin-station.wire.community-parkeronline.budget-oppofind.como.lazada.sg
jssofp.mgmt.toronto-admin-station.wire.community-parkeronline.budget-oppofind.kubectl.como.lazada.sg
jssofp.mgmt.toronto-admin-station.wire.community-parkeronlinecommunity2a.budget-oppofind.como.lazada.sg
jssofp.wire.communityaime.demo-prdstg-web4650.lazada.sg
ju.lazada.sg
k-tcp8qp42icactl8lvdn.buk.ttt.catalog-rendering-api.lazada.sg
kaway.g-ups-www-cueballgaemp5-ycgi-9est1-pareaallet-8ty.wire.community.lazada.sg
kennny.ttt.catalog-rendering-api.lazada.sg
kennny.ttt.catalog-rendering-api.ruleqcxp.lazada.sg
keppel.ttt.catalog-rendering-api.lazada.sg
kkkpersona52ch.info.lazada.sg
kubectl.adm-sellercenteredcba987.helpsellers.wire.community.www.swag.canmei.ar.lazada.sg
lag-es-originalysis.lazada.resourcing.wire.community-parkeronline-www-redmart.budget-oppofind.com.station.lazada.sg
lag-es-originalysis.lazada.resourcing.wire.community-parkeronline.budget-oppofind.com.station-payment.lazada.sg
lag-es-originalysis.lazada.resourcing.wire.community-parkeronline.budget-oppofind.com.station.lazada.sg
lag-es-originalysis.lazada.resourcing.wire.community-parkeronlineveloxzone.budget-oppofind.com.station.lazada.sg
lag-es-originalysis.wire.community-agenda-infosas-intl-0039.lazada.sg
lakeice.ttt.catalog-rendering-api.lazada.sg
latfoliermazidc-staging.com.ytcos.r0.ruleus-east-2.prod.amux.support.awjuniper.mobileirondmin.lazada.sg
latfoliernalyssk.kaway-staging.staging.wire.community.w7p-community-tanuvas.sia2stngva1-jlink.lazada.sg
latfoliernalyssk.kaway-staging.staging.wire.community.w7p-community.sia2stngva1-jlink.lazada.sg
latfoliernalyssk.wire.community-parkeronline.budget-oppofind.com.hi-tenshokuknowhow.next.lazada.sg
laurdbayrone.ttt.catalog-rendering-api.lazada.sg
lavoraconforever.ttt.catalog-rendering-api.lazada.sg
lavoraconforever.ttt.catalog-rendering-apiwwwmarket.lazada.sg
layout-staging.lazada.sg
layout.lazada.sg
laz-postal.lazada.sg
lazada.sg
lazbot.lazada.sg
laznet-api-pre.lazada.sg
lect-health-006-checkout-p.persona52ch.info.04be1c8e.agus.lazada.sg
lect-health-006-checkout-p.persona52ch.info.agus.lazada.sg
lepis.r0.rule-pod20.ww29.c9verkaufen-zinfo.lazada.sg
lepis.r0.ruledmin.sellercenter-araon7mirrorwww.cmn-ctl.lazada.sg
lepis.r0.ruledmin.supportcenter-araon7mirrorwww.auth-supersona52ch.cmn.lazada.sg
lepisidc-lorien.r0.ruledmin.sellercenter-araon7mirrorwww.kubectl-cmn.lazada.sg
lighthouse.lazada.sg
liveup.lazada.sg
lj3-a9876543210z.webproxy.idc-lorien.bh-arppofind.com-v-cust-vps168.lazada.sg
local.lazada.sg
locker.lazada.sg
loging.wire-i.r0.rule-edas-gw.lazada.sg
lorienvpn.dz.webproxy.idccastro-su-star.lazada.sg
loveleighloops.ttt.catalog-rendering-api.lazada.sg
lyncdiscover.lazada.sg
lyncdiscoversona52ch.info.bob-sc.lazada.sg
lyncdiscoversona52ch.info.bob-scbackend.lazada.sg
m-staging.lazada.sg
m.lazada.sg
m.sellercenter-staging-redmart.lazada.sg
mac.vivremaconstruction.fr.s.xn-kckj3dudb-bizest1-pareaallet-8ty.wire.communityeuwe-habbonet.lazada.sg
mac.webproxy.idc-csg-saf-0021.csg-com-sas-reg-0093.lazada.sg
mac.yajama6.r0.rule-shash82k.lazada.sg
macs-wapa.yajama6.r0.rule-shash-perf.api.appconnect.lazada.sg
mahua.ttt.catalog-rendering-api.lazada.sg
maido-diy.ttt.catalog-rendering-api.lazada.sg
malagabici.ttt.catalog-rendering-api.lazada.sg
manamercenterpriseregistrandscapetaging.sjc.persona52ch.info-reportservices.12grule.lazada.sg
manamercenterpriseregistrandscapetaging.vpncloud.tbald.r0.rule-edas-gw.lazada.sg
mark-xn-kckj3dudb-bizest1-pareaallet-8ty.wire.community.lazada.sg
masagrant55.ttt.catalog-rendering-api.lazada.sg
media.lazada.sg
medusa-admin.edas.lazada.sg
medusa.edas.lazada.sg
member-m.lazada.sg
member-p.lazada.sg
member-rm-p.lazada.sg
member-rm.lazada.sg
member-staginalyservices-aliveryout-m.webproxy.idcoy.lazada.sg
member-tracking.redirectme.netczy.deathstar.servicediscovery.goshawk.aws.lazada.sg
member-tracking.wire.community-parkeronline.administrator.com.stocktonspringsme-com.lazada.sg
member-tracking.wire.community-parkeronline.budget-oppofind.com.devs.www-test.admin.alumniescribestseller.dev.lazada.sg
member-tracking.wire.community-parkeronline.budget-oppofind.com.nst.opusmobiled1-s4129a.lazada.sg
member-tracking.wire.community-parkeronline.budget-oppofind.com.nst.opusmobiled1-st4.lazada.sg
member-tracking.wire.community-parkeronline.budget-oppofind.com.pinnwand.lazada.sg
member-tracking.wire.community-parkeronline.budget-oppofind.com.stocktonspringsme-com.lazada.sg
member-tracking.wire.community-parkeronline.budget-xe6reedai-cytaty.com.nst.opusmobiled1-st4.lazada.sg
member-tracking.wire.community-parkeronline.jnslife1-pre-ifs-oppofind.com.pinnwand.lazada.sg
member-tracking.wire.community-parkeronline.openapi.budget-oppofind.com.nst.opusmobiled1-s4129a.lazada.sg
member-tracking.wire.communityaime.demo-prdstgdalao888.lazada.sg
member.lazada.sg
merces-union-akamatrixflux.wire.community-pre-awww.blog.lazada.sg
metacenter.edas.lazada.sg
metricssjc.persona52ch.infowww.minek.lazada.sg
mihgfed.vpncloudearwww9.redirectme.net.connectedtv.lazada.sg
milwaukeeairport.place.ttt.catalog-rendering-api.lazada.sg
mmf-email.wire.community-parkeronline.budget-oppofind.com.lazada.sg
mobapi-stagin.wire.community-parkeronline-hardready4guruland.budget-oppofind.com.lazada.sg
mobapi-stagin.wire.community-parkeronline.budget-oppofind.com.lazada.sg
mobapi-stagin.wire.community-parkeronline.finsys-budget-oppofind.com.lazada.sg
mobapi-staging.lazada.sg
mobapi.lazada.sg
mobile-tracker.lazada.sg
moneta.ttt.catalog-rendering-api.lazada.sg
motoclub-vpn.dz.webproxy.idccastroca.omg.lazada.sg
mp6at-xinfo501-xservice.nl.r0.rule-edas-gw.lazada.sg
mp6at-xinfo501-xservice.nl.r0.rule-edas-gw.mytrade-prod.lazada.sg
mp6at-xinfo501-xservice.yajama6.r0.rule-shash.health-mac003.health.lazada.sg
mp6at-xinfo501-xservice.yajama6.r0.rule-shash.resourcing-mac003.resourcing.lazada.sg
mp6at-xinfo501-xservice.yajama6.r0.rule-shashcajajubilaciones.lazada.sg
mp6at-xinfo501-xservice.yajama6.r0.rule-web3629.lazada.sg
mp6at-xinfo501-xservice.yajama6www-checkout-p-p5d.r0.rule-web3629.lazada.sg
mq-console.edas.lazada.sg
mq.edas.lazada.sg
ms-cl-ci-test-009vihgbuiltin.edcbaxwvutsrqp.pimport.r0.ruleus-east-2.prod.amux.support.aws.ksiegarniaoyssknit.lazada.sg
ms-cl-ci-test-009vihgbuiltin.edcbaxwvutsrqp.r0.ruleus-east-2.prod.amux.support.aws.ksiegarniaoyssknit.lazada.sg
ms-cl-ci-test-009vihgbuiltin.staging.wire.community.www-lazbot.enroll-stage.euwe-thaisrs.lazada.sg
ms-cl-ci-test-009vihgbuiltin.wire.community-khb-www.acgh8-vpn.lazada.sg
ms.adsense.lazada.sg
ms0jihgbuiltin.webproxy.idc-lorien21swww.bl.ahabeauty1highest999air.lazada.sg
msgacs-m.lazada.sg
msgacs-wapa.lazada.sg
msoid.lazada.sg
mt-mt.cg.beta-pokerlandscapetaging.wire.community-12g.lazada.sg
mutantleg.ttt.catalog-rendering-api.lazada.sg
my-m.lazada.sg
my-p.lazada.sg
my-pre.lazada.sg
my-rm-p.edcba987.staging-content-staging.wire.community.www.lazada.sg
my-rm-p.edcba987.staging.wire.communitysellercenter-apimachine.www-redmart.redirect.lazada.sg
my-rm-p.lazada.sg
my-rm.lazada.sg
my-rmsupersona52ch.r0.rulegodosoft.lazada.sg
my.lazada.sg
myaccoundwork.intlwww.financeartnersity.wire.community-parkeronline.budget-oppofind.comadminrad1.lazada.sg
myaccoundwork.intlwww.financeartnersity.wire.community-parkeronlinegetavirus-com.budget-oppofind.comadminrad1.lazada.sg
myaccoundwork52ch.infotbald.12glivehdcodecs-lazada.mta49.email2.lazada.sg
n-uschealthrmember-static.persona52ch.info-web6545.com-colibria-cba.lazada.sg
n-uschealthrmember-static.webproxy.idc-csg-saf-0021.csg.66k-showpadaughter1vut.lazada.sg
n-uschealthrmember-static.wire.community-12g.941-web11579.lazada.sg
n-uschool1as0gonm.jira.sjc.persona52ch.infolearnenglish.lazada.sg
n-uschool1as0gonm.staging.wire.community.www-checkout-pweb17611-host70ager.latfoliermazidc.lazada.sg
n-uschool1as0gonm.staging.wire.community.www-checkout-pweb17611-host70ager.lazada.sg
n16422.ttt.catalog-rendering-api.lazada.sg
nanamb.ttt.catalog-rendering-api.lazada.sg
nbg.ttt.catalog-rendering-api.lazada.sg
netfarm.r0.rule-pod20.ww29.c9verkaufen.alex3410.lazada.sg
netfarm.wire.community-parkeronline-stg.budget-oppofind.com-gwsatyrise.lazada.sg
netfarm.wire.community-parkeronline.budget-oppofind.com-gwsatyrise.lazada.sg
netfarm.wire.community-parkeronline.budget-oppofindleanalyservice.com-gwsatyrise.lazada.sg
nethlresourcing.abpersona52ch.infohwangjiniwi205mta40.email2.lazada.sg
newde19da911klhvj37c-gmcp.r0.rule-pod20.ww29.c9verkaufen.meteo.avatar.lazada.sg
newde19da911klhvj37c-persona52ch.infotbald.12glivehdcodecs-lazada.mta49.email2.lazada.sg
news.vet.ttt.catalog-rendering-api.lazada.sg
njtfs-v2-yun.wire.communityaime.demo-prdstg-enterpriserio-com.lazada.sg
njtfs-v2-yun.wire.communityaime.demo-prdstg-hatakeyama-dc-com.lazada.sg
njtfs-v2-yun.wire.communityaime.demo-prdstg.web1349.lazada.sg
njtfs-v2-yun.wire.communityaime.demo-prdstghiraki-frsycmcollyiromotionsolesale.lazada.sg
njtfs-v2-yun.wire.communityaime.demo-prdstghiraki.lazada.sg
njtfs-v2-yun.wire.communityaime.testdemo-prdstg.web1349.lazada.sg
notepadd.i42edcba987.staging.wire.community.wwwdpdesc-m.lazada.sg
notificatic-origingyuu.stagingbeta.wire.community.www.lazada.sg
npv-api.staging.wire.community.www-lazbotweb12632.lazada.sg
ns.lazada.sg
ns148-cbf1planeradmin.wire.communitykel.lazada.sg
ns148.r0.rule-edas-gw-acpt.faq.lazada.sg
nyrelay2.amore-supplier-static-staging.r0.rule-info727672.group22.sites.lazada.sg
nyrelay2.yajama6.r0.rulegodosoft-022facebookapp-xsrvjpinsys-staging.appinfokhs.lazada.sg
o93xa87bvwm7hfan4q.northcentralus.cloudapp.ttt.catalog-rendering-api.lazada.sg
oczynamode.ttt.catalog-rendering-api.lazada.sg
ofademo-pre-acs-wapa-rm-p.staging.wire.community.wwwdpdesc-mwww.habbomusic.lazada.sg
ofademo-pre-acs-wapa-rm-p.wire.community-pre-awww.blog-station-bonic-infoacs.lazada.sg
ofademo-pre-admin-stagin.webproxy.idcslideroppofind.com-prkdc2.lazada.sg
ofademo-pre-admin-stagin.wire.community-12g.941.homer-persona52ch.lazada.sg
ofademo-pre-admin-stagin.wire.community-12g.941badsan.app.lazada.sg
ofademo-pre-admin-stagin.wire.community-parkeronline.budget-oppofind.com.stationshenyangalgovitales.lazada.sg
ofademo-pre-admin-stagin.wire.community-parkeronline.budget-oppofind.dienbien.com.stationshenyangalgovitales.lazada.sg
oms-staging.lazada.sg
oms.lazada.sg
oms.wire.communityg.orthanc.lazada.sg
oms.wire.communityg.orthancsalinas.lazada.sg
oms.wire.communityggwsatyrise.orthancsalinas.lazada.sg
on.webproxy.idcslideroppofind-schoenbergnjtfs-v2-yun.com-pr.forms.lazada.sg
on.webproxy.idcslideroppofind.com-junsic.013.lazada.sg
on.webproxy.idcslideroppofind.com-pr.forms.lazada.sg
on.webproxy.idcslideroppofind.com-prexfron.lazada.sg
on.webproxy.idcslideroppofind.filecomcsg-est-0115.csg.lazada.sg
on.webproxy.idcslideroppofindcatversushuman.filecomcsg-est-0115.csg.lazada.sg
onsaddr-internal.edas.lazada.sg
onsdiamondaddr.edas.lazada.sg
open.lazada.sg
openapi-stagingbelectme.redirectme.netcustomerswww-checkout-pdhcp.lazada.sg
openapi.lazada.sg
orders.lazada.sg
otmbjc.cajajubilaciones.ttt.catalog-rendering-api.lazada.sg
ouexn-kckj3dudb-bizestudiocellet-xinfoliermavpn.r0.rule-edas-gwweb.r0b-com2ac66staging.lazada.sg
ouexn-kckj3dudb-bizestudiocellet-xinfoliermavpn.sjc.persona52ch.info.yxwvutsr.com.lazada.sg
ouexn-kckj3dudb-bizestudiocellet-xinfoliermavpn.wire.communityaime.demo-prdstg1jg.lazada.sg
oursite.ttt.catalog-rendering-api.lazada.sg
outlook.uspokerlandscapetaging.wire.community-12g-comersona52ch.lazada.sg
outlook.uspokerlandscapetaging.wire.community-12g-demons.lazada.sg
outlook.uswww-lazbothaohaodscapetaging.wire.community-12g-comersona52ch.lazada.sg
pages.lazada.sg
painel.antivirus.yuuharukosodate.persona52ch.info.lazada.sg
partners-p.lazada.sg
partners.lazada.sg
payment-ros.wire.community-parkeronline.budget-oppofind.com.nst.opusmobiled1.sunil-xformhole-topup.lazada.sg
pbx-8tyvldahf123.aana-4.wire.communitymail001.pearlkorea.externalweb1924.lazada.sg
pbx.aana-4.wire.communitymail001.pearlkorea.externalweb1924.lazada.sg
pcnf4f2pex9co3bda0ywqh.i.r0.rule-edas-gwh4ck.lazada.sg
pdp-beta.lazada.sg
pdp-p.lazada.sg
pdp-pre.lazada.sg
pdp.lazada.sg
pdpdesc-m.lazada.sg
pdpdesc-p.lazada.sg
pdpdesc.lazada.sg
persona52ch.info-repo.lazada.sg
persona52ch.info-rule-infowarhammer.4tc-b37lkjihgf.lazada.sg
persona52ch.info-rule-infowarhammer.4tc-region.lazada.sg
persona52ch.info-rule-infowarhammer.4tc.lazada.sg
persona52ch.info-web6545t3m.lazada.sg
persona52ch.info.9qf-acs-wapa-rm.lazada.sg
persona52ch.info.9qf.lazada.sg
persona52ch.infoetsosh.acgh8-vpnmta49.email2.lazada.sg
persona52ch.infoetsosh.mta49.email2.lazada.sg
persona52ch.infolgq-itf-stg.email2.lazada.sg
persona52ch.infolgq-itf-stg.escribestseller-email2.lazada.sg
persona52ch.infonwfliptbaitochef.com.sstg.email2.lazada.sg
persona52ch.infonwfliptcreative.com.sstg.email2-web4650.lazada.sg
persona52ch.infonwfliptcreative.com.sstg.email2.lazada.sg
persona52ch.infoppofinion.hpwcsw965e908d1kynynova-giydaojthaydeojygaztknbs.gm3dsmbrgy3daoby.cajajubilaciones.email2.lazada.sg
persona52ch.infoppofinion.hpwcsw965e908d1kynynova-giydaojthaydeojygaztknbs.gm3dsmbrgy3daoby.snrmta40.email2.lazada.sg
persona52ch.infoppofinion.hpwcsw965e908d1kynynova-giydaojthaydeojygaztknbs.gm3dsmbrgy3daoby.snrmta40.svcgateway2.lazada.sg
persona52ch.infoppofinion.hpwcsw965e908d1kynynova-giydaojthaydeojygaztknbs.infoubgm3dsmbrgy3daoby.snrmta40.email2.lazada.sg
persona52ch.infotbald.12glivehdcodecs-infoimg20.mta49.email2.lazada.sg
persona52ch.infotbald.12glivehdcodecs-lazada-admin-staging.mta49.email2.lazada.sg
persona52ch.infotbald.12glivehdcodecs-lazada.737oiamta49.email2.lazada.sg
persona52ch.infotbald.12glivehdcodecs-lazada.mta49-cbf1pebbles.email2.lazada.sg
persona52ch.infotbald.12glivehdcodecs-lazada.mta49.email2.lazada.sg
persona52ch.infotbald.12glivehdcodecs-lazada.mta49.host70ager.email2.lazada.sg
persona52ch.infotbald.12glivehdcodecs-lazada.mta49njtfs-v2-yun.email2.lazada.sg
persona52ch.infotbald.fpkg36jb0hvqosj-l4k.mta49.email2.lazada.sg
persona52ch.infotrackandfieldadmin.tracking2qa.budgetveloxzone.platform-mta40.email2.lazada.sg
persona52ch.infotrackandfieldadmin.tracking2qa.veloxzone.platform-mta40.email2.lazada.sg
persona52ch.infotrackandfieldadmin.tracking2qa.veloxzone.uschealthrmemberplatform-mta40.email2.lazada.sg
persona52ch.infotrackandfieldadmin.tracking2qa.veloxzonetanwlx.platform-mta40.email2.lazada.sg
persona52ch.infotrackandfieldconfigcenterpriseregistrademai.tracking2qa.veloxzone.platform-mta40.email2.lazada.sg
persona52ch.infoxinfo501.lazada.sg
peruanjiuapush42.dz.webproxy.idccastro-hexa.lazada.sg
peruanjiuapush42.wire.community-parkeronline.customs-budget-oppofind.comadmin-kp8.lazada.sg
peruanjiuapush42.wire.community2a.lazada.sg
peruanjiuapush42.wire.communitywww.modelo.lazada.sg
pform.lazada.sg
pickup-schedule.lazada.sg
pjo4422pre-ifs.wire.community-parkeronline.budget-oppofind.como.lazada.sg
planetofjunk.ttt.catalog-rendering-api.lazada.sg
play2.acs-wapa.staging.wire.community.www-checkout-p.izer.habboretro.pk9.lazada.sg
play2.acs-wapa.staging.wire.community.www-checkout-p.izer.pk9.lazada.sg
play2.wire.communitafwd081028-xsrvjp.ms0.id410041hygeiadore794.lazada.sg
pokerlan.r0.ruledmin.sellercenter-zac.opusmobilea7-catversushuman.lazada.sg
pokerlan.wire.community-parkeronline.budget-oppofind.comnient011dtel.lazada.sg
pokerlandscapetaging.proxy.wire.community-12g.941.ijnjdf78.lazada.sg
pokerlandscapetaging.wire.community-12g.941-s4171a.lazada.sg
pokerlandscapetaging.wire.community-12g.941.ijnjdf78.lazada.sg
pokerlandscapetaging.wire.community-12g.941xsample122-xsrvjp.lazada.sg
pokerlandscapetaging.wire.community-12gthedexter.lazada.sg
pokerlandscapetaging.wire.community-support.lazada.sg
pornstarbabylon.ttt.catalog-rendering-api.lazada.sg
postal-internal.lazada.sg
postal.lazada.sg
pq-eiut9h80jps6un.bei.ttt.catalog-rendering-api.lazada.sg
pravdaobaborte.ttt.catalog-rendering-api.lazada.sg
prdstgsher.lj3-a9876543210z.webproxy.idc-lorien.bh-arppofind.productionscom.lazada.sg
pre-ab.lazada.sg
pre-abpersona52ch.infohwangjiniwxsm.lazada.sg
pre-adsence.lazada.sg
pre-adsence.r0.rulegodosoft-kengyofx-biz3i.mta49.email2.lazada.sg
pre-adsense.lazada.sg
pre-affiliate.lazada.sg
pre-c.lazada.sg
pre-cb-customs.lazada.sg
pre-clickserver.lazada.sg
pre-creative.lazada.sg
pre-cs.lazada.sg
pre-gcp-er.lazada.sg
pre-global-shop.lazada.sg
pre-gmcp.lazada.sg
pre-h5-alimebot.lazada.sg
pre-host-009vihgbuiltin.amore-supplier-static-staging.r0.rule-infotest124ira.lazada.sg
pre-host-009vihgbuiltin.amore-supplier-static-staging.r0.rule-infotest124irateam.lazada.sg
pre-host-009vihgbuiltin.uspokerlandscapetaging.wire.community-12g-www.pro.glass.lazada.sg
pre-host-009vihgbuiltin.wire.community-parkeronline.budget-oppofind.como-pulchritude.es-euwerjeanfarmtr.lazada.sg
pre-host-009vihgbuiltin.wire.community-parkeronline.budget-www-app-2uwahara.mobileappctmx.lazada.sg
pre-ifs.lazada.sg
pre-ifs.r0.rule-edas-gwbaijialegaoshoutouzhufarulealstjd.lazada.sg
pre-ifs.wire.community-parkeronline.budget-oppofind.como-chel.lazada.sg
pre-ifs.wire.community-parkeronline.budget-oppofind.como-innermarket.lazada.sg
pre-ifs.wire.community-parkeronline.budget-oppofind.como-xoi-enterprisehowpadaughter.lazada.sg
pre-ifs.wire.community-parkeronline.budget-oppofind.comolb.www.lazada.sg
pre-ifs.wire.community-parkeronlineproductions.budget-oppofind.como-chel.lazada.sg
pre-lazbot.lazada.sg
pre-lazbothotproxy.r0.ruleus-east-2.prod.amux.support-mytrade.aws.ksiegarniaoy.lazada.sg
pre-lazbothotproxy.r0.ruleus-east-2.prod.amux.support.aws.ksiegarniaoy.lazada.sg
pre-lazgame-dashboard.lazada.sg
pre-lighthouse.lazada.sg
pre-ms.adsense.lazada.sg
pre-psc-alimebot.lazada.sg
pre-psc-alimebot.qnd-service-5.r0.ruleus-east-2.prod.amux.support.awjuniper-joy.k-tcp8qp42icactl8lvdnprofiles-at.lazada.sg
pre-psc-alimebot.qnd-service-5.r0.ruleus-east-2.prod.amux.support.awjuniper-joy.profiles-at.lazada.sg
pre-s.lazada.sg
pre-shop-alimebot.lazada.sg
pre-solution.lazada.sg
pre-static-filiate.staging.wire.community.www-lazbot-ew54384r99vben.lazada.sg
pre-static-filiate.staging.wire.community.www-lazbot-www.re.elderswebmail1.lazada.sg
pre-static-filiate.staging.wire.community.www-lazbot-www.re.lazada.sg
pre-static-filiate.staging.wire.community.www-lazbotalice.stagingyuu-latfoliermazidc.lazada.sg
pre-station.lazada.sg
pre-store.lazada.sg
pre-stp.lazada.sg
pre-topup.lazada.sg
pre-u.lazada.sg
pre-uapi-xspace.lazada.sg
pre-wallet.lazada.sg
pre-wormhole.lazada.sg
pre.lazada.sg
pressreleaseeco.staging.wire.community.prdstgchwang9805nggift3mirrorwww.cmn.lazada.sg
preview.secure-a9876543210z.webproxy.idc-lorien.bh-arppofind.com.lazada.sg
prolearnersadore.email.wire.community-parkeronline.budget-legacy.com.lazada.sg
proxy.wire.communityredirectme.nethlresourcing.lazada.sg
prtkvs.ttt.catalog-rendering-api.lazada.sg
psc-alimebot.lazada.sg
psc-alimebot.wire.community-b.i13.lazada.sg
psc-pre.lazada.sg
psc.lazada.sg
punzer-dcba.njtfs-v2-yun.wire.communityaime.demo-prdstg.lazada.sg
pwaapi-staging.lazada.sg
pwaapi.lazada.sg
pwantselle.wire.community-parkeronline.budget-oppofind.comadmin.gi362.lazada.sg
qkg7yl08hm.lazada.sg
qm5z4tl3f9yeifydub.cienciapatodos.ttt.catalog-rendering-api.lazada.sg
qnd-seradingcardproxy.webproxy.idcslideroppofind.cominotaka-xsrvjp.lazada.sg
qnd-service-5.r0.ruleus-east-2-app-www.prod.amux.support.awjuniper-joy.at.php.lazada.sg
qnd-service-5.r0.ruleus-east-2.prod.amux.support.awjuniper-joy.at-infoioxy.php.lazada.sg
qnd-service-5.r0.ruleus-east-2.prod.amux.support.awjuniper-joy.at.php.lazada.sg
qnd-service-5.r0.ruleus-east-2.prod.amux.support.awjuniper-joy.at.trainphp.lazada.sg
qnd-service-5.r0.ruleus-east-2suggest.prod.amux.apachesupport.awjuniper-joy.at.lazada.sg
qnd-service-5.r0.ruleus-east-2suggest.prod.amux.rulegjs2ya1.awjuniper-joy.at.lazada.sg
qns.lazada.sg
qoconne-acs-wapa-rm-p.sellercenteredcba987.staging.wire.community.www.finsys-stagingecs.parse.prod.files.lazada.sg
qoconne-acs-wapa-rm-p.staging.wire.community.www-checkout-pweb17611-roslinpresourcing.lazada.sg
qoconne-acs-wapa-rm-p.wire.community-pre-awww.blog-web17813.lazada.sg
qoconne-acs-wapa.sjc.persona52ch.infoline.lazada.sg
r0.pool.wire.community-parkeronline.budget-oppofind.como.lazada.sg
r0.pool.wire.community-parkeronline.pearlkoreabudget-oppofind.como.lazada.sg
r0.rule-edas-gw-1a86c-ew54384r99z1wf.lazada.sg
r0.rule-edas-gw-1a86c.lazada.sg
r0.rule-edas-gw-habboretro-app.lazada.sg
r0.rule-edas-gw-habboretro.lazada.sg
r0.rule-edas-gw.qg8ew.lazada.sg
r0.rule-edas-gwbaijialegaoshoutouzhufarulealstjd.lazada.sg
r0.rule-edas-gwpre-psc-alimebot.qg8ew.lazada.sg
r0.rule-edas-gwweb.r0b-com2ac66staging.lazada.sg
r0.rulefullart4-s1447awebhosting.bbwbeakerwx.gh8-uncbag.lazada.sg
r0.rulefullart4-s1447awebhosting.bbwbeakerwx.gh8r62.lazada.sg
r0.rulefullart4-s1447awebhosting.eventsbbwbeakerwx.gh8r62.lazada.sg
r0.rulegodosoft-kengyofx-biz3i.mta49.email2.lazada.sg
r0.rulegodosoft-kengyofx-biz3i.mta49.roslinember2.lazada.sg
r0.rulegodosoft-kengyofx-biz3i.mta49enroll-stage.email2.lazada.sg
r0.rulegodosoft-kengyofx-biz3i.qoconne-acs-wapa.mta49.email2.lazada.sg
r0.rulegodosoft-kengyofx-biz3ipwaapi.mta49.email2.lazada.sg
r0.rulegodosoftmemberstg-stationpethelper-tumugi-com.email2.lazada.sg
r0.rulegodosoftmemberstg.boardstg.email2.lazada.sg
r0.rulegodosoftmemberstg.email2.lazada.sg
r0.rulegodosoftmemberstgcheckout.email2.lazada.sg
r0.ruletheearth-production-737oia-dot-gov.appdcbabjiningtaiyangcheng-health-omq-027.health-xcb.ycgi.lazada.sg
r0.staging.wire.community.www-checkout-ps1114a.lazada.sg
rakugakinote.ttt.catalog-rendering-api.lazada.sg
rc.lazada.sg
re-ifspn.dz.webproxy.idccastro-su-star.lazada.sg
recommender.lazada.sg
redirection.com.ytcos.r0.ruleus-east-2.prod.amux.support.awjunipernmcredmart.lazada.sg
redirection.wire.communityaime.demo-prdstgchwang9805.lazada.sg
redirectionsole.r0.ruledmin.sellercenter-zac.opusmobilea7.funnkids1.lazada.sg
redirectme.net-awjunipernmcredmart.lune.lazada.sg
redirectme.net-sce.opusmobiled55.lazada.sg
redirectme.net.lazada.sg
redirectme.net.lune.lazada.sg
redirectme.netczy.communityfruitgcsd33008ptn-stg.email2.lazada.sg
redirectme.netczy.dmtrace.email2.lazada.sg
redirectme.netczy.externals1235ipmi-stg.email2.lazada.sg
redirectme.netczy.gcsd33008ptn-stg-www-checkout-p-infowww.email2.lazada.sg
redirectme.netczy.gcsd33008ptn-stg.email2.digital.lazada.sg
redirectme.netczy.gcsd33008ptn-stg.email2.lazada.sg
redirectme.netczy.gcsd33008ptn-stgwallet-xinfo-on.email2.lazada.sg
redirectme.netczy7kh.cristovive343.lazada.sg
redirectme.netczy7kh.cristovive343www-checkout-p-cbf1-ksiegarniajoy-xn-kckj.lazada.sg
redirectme.netczy7khgloer8-servicecentlibsadnswiwldcartronics.lazada.sg
redirectme.netsportsrocket-mvm-ccbs-060441.ccbs.lazada.sg
redirectme.netsportsrocket-mvm-ccbs-060441.web6545shopreccbs.lazada.sg
redirectme.netvoip2-leanalyservice.lazada.sg
redirectme.netvoip2kamensk-search-beta.lazada.sg
redirectme.netvoip2kamensk-uralskiy.lazada.sg
redirectme.wire.communityuniversityna-elegant.lazada.sg
redmart-delivery-schedule.lazada.sg
redmart-help.lazada.sg
redmart-pre.lazada.sg
redmart-rm.lazada.sg
redmart.lazada.sg
residency.resourcing.wire.community-parkeronline.budget-oppofind.alimebot-com.station-np.lazada.sg
resourcing.wire.community-parkeronline.budget-oppofind.com.stationbigbrother.lazada.sg
resourcing.wire.community-parkeronline.budget-oppofind.como.ew54384r99z1wf.lazada.sg
resourcing.wire.community-parkeronline.budget-oppofind.comogiresun.lazada.sg
response-staging.lazada.sg
response.lazada.sg
rest.lazada.sg
rm-p.lazada.sg
ros.r0.ruledmin.sellercenter-zac.opusmobilea7.comopam-mah1gemsballet.lazada.sg
ros.wire.community-parkeronline.budget-oppofind.com.nst.opusmobiled1.sunil-xformhole-topup.lazada.sg
ros.wire.community-parkeronline.budget-oppofind.como-wwwdpdesc-m-angel.lazada.sg
ros.yajama6.r0.rulegodosoft-022facebookapp-xsrvjpinsys-staging.cart-p-app.lazada.sg
ros.yajama6.r0.rulegodosoft-022facebookapp-xsrvjpinsys-staging.survey-app.lazada.sg
rqponmlkjihgfedcba9876543210zy-com2ac66staging.vpn.dz.webproxy.idccastro.lazada.sg
rtools.edas.lazada.sg
rulei-oppofind.qnd-service-5.r0.ruleus-east-2suggest.prod.amux.apachesupport.awjuniper-joy.at.lazada.sg
s.lazada.sg
s3skaway-staging.sellercenter-static-staging.wire.community.w7p-community.sia2stngva1.lazada.sg
s3skaway-staging.staging.wire.community.w7p-community.sia2stngva1.lazada.sg
s910.jira.sjc.persona52ch.info.shemale.lazada.sg
s910.jira.sjc.persona52ch.infovpn00129.lazada.sg
s910.wire.community-12g.941-contabil-mp.lazada.sg
s910.yajama6.r0.rulemia22.us1.lazada.sg
saejong0063.admin-stagin.wire.community-parkeronline.budget-oppofind.com.station.lazada.sg
salle-de-bain.ttt.catalog-rendering-api.lazada.sg
sandbox-71.layout-developer.member-tracking.wire.community-parkeronline.budget-oppofind.com.lazada.sg
sandbox-71.layout-developer.member-tracking.wire.community-parkeronline.budget-oppofind.sellercenter-zac-msgacs-com.lazada.sg
sangnguyencuchi.ttt.catalog-rendering-api.lazada.sg
sas-reg-0083.sasg.r0.rule-edas-gw.lazada.sg
sawneeco-acc.r0.ruleus-east-2.prod.amux.support.aws.ksiegarniajoymgn.lazada.sg
sbm.lazada.sg
schoenbergnjtfs-v2-yun.wire.communityaime.demo-prdstg.lazada.sg
search-beta.lazada.sg
search-p.lazada.sg
seller-pre-ab.staging.sipfederationtls.wire.community.www.webapp.lazada.sg
seller-transparency-api-staging.lazada.sg
seller-transparency-api.lazada.sg
sellercenter-api.lazada.sg
sellercenter-global-staging.lazada.sg
sellercenter-staging-api.lazada.sg
sellercenter-staging-redmart.lazada.sg
sellercenter-staging-static.lazada.sg
sellercenter-staging.lazada.sg
sellercenter-static.lazada.sg
sellercenter-station-akamaionsole.wire.community-pre-awww.bloggolden-charm.lazada.sg
sellercenter.r0.ruleus-east-2.prod.amux.support.awjuniper-joy.at.lazada.sg
sellercenter.r0.ruleus-east-2.prod.amux.support.awjuniper-joy.escribestseller.at.lazada.sg
sellers.lazada.sg
sellet-8tyvldahf123-xn-kckj3dudb-bizest-009vihgbuiltin.webproxy.idcslideroppofind.com-pr.euwe21euny.lazada.sg
sellet.r0.rule-info-showme.lazada.sg
service.yajama6.r0.rule-latindc-live.lazada.sg
service.yajama6.r0.rule-registration-live.lazada.sg
sgsgpostal.lazada.sg
shop-alimebot.lazada.sg
shop-decoration-api-staging.lazada.sg
shop-decoration-api.lazada.sg
shop-global-staging.lazada.sg
shoudabike.ttt.catalog-rendering-api.lazada.sg
showpadaughter1vut.wire.communitymail001raid.communitymail001lklkjihgfedcba-pam-mah1d4.sc.lazada.sg
showpadaughter1vut.wire.communitymail001raid.pam-mah1adad.lazada.sg
showpadaughter1vut.wire.communitymail001raid.pam-mah1wuyang-bl.lazada.sg
sip.lazada.sg
smartmov-persona52ch.info.lazada.sg
snr-njtfs-v2-yun.edcbaxwvutsrqp.r0.ruleus-east-2.prod.amux.support.aws.ksiegarniaoy.gi38admin.lazada.sg
snr-njtfs-v2-yun.sjc.persona52ch.infoccripss4312ipmi.lazada.sg
snr-njtfs-v2-yun.webproxy.idc-lorien21swww.bl.ahabeauty1.conraddictde.widget.lazada.sg
soctrud.ttt.catalog-rendering-api.lazada.sg
sofp.lazada.sg
solution.lazada.sg
space-australians.ttt.catalog-rendering-api.lazada.sg
srv-live-01.lazada.sg
srv-live-02.lazada.sg
srv-live-03.lazada.sg
srv-live.lazada.sg
srv-staging-01.lazada.sg
srv-staging-02.lazada.sg
srv-staging-03.lazada.sg
srv-staging.lazada.sg
ssc-staging.lazada.sg
ssc.lazada.sg
ssr-std.lazada.sg
staginalysis.wire.community-parkeronline.budget-oppofind.comadminimarketing036ptn-lazada.lazada.sg
staging-api-sellercenter-ali.lazada.sg
staging-sellercenter-ali.lazada.sg
staging-static-sellercenter-ali.lazada.sg
staging-udb-bizest1-pareaallet-8ty.wire.community-parkeronline.budget.ecoppofind.com.lazada.sg
staginginfohwangjiniwi205mta40.wire.community.www-checkout-p.lazada.sg
stanstedairport.ttt.catalog-rendering-api.lazada.sg
static-file.lazada.sg
static-origin.lazada.sg
static-staging.lazada.sg
static.lazada.sg
station-api.lazada.sg
station.lazada.sg
store.lazada.sg
strategyhowpadaughter1vut.wire.communitymail001raid.customshelpweb17039.lazada.sg
strategyhowpadaughter1vut.wire.communitymail001raid.pam-mah1web17039.lazada.sg
strategyhowpadaughter1vut.wire.communityqoconne001raid.pam-mah1web17039.lazada.sg
sug.lazada.sg
suggest-staging.lazada.sg
suggest.lazada.sg
sund.ttt.catalog-rendering-api.lazada.sg
supersityasyoversity.edcbaxwvutsrqp.r0.ruleus-east-2.prod.amux.support.aws.ksiegarniaoy.lazada.sg
supplier-staging.lazada.sg
supplier-trademaionsole.webproxy.idccastromatusima.lazada.sg
supplier.lazada.sg
suppliexpers-alimebot.wire.communitydmin.asc-hub-baitooppofind.com.lazada.sg
suppliexpers-alimebot.wire.communitydmin.baitooppofind.comgcp-er.asc-hub-staging.lazada.sg
support-staging.lazada.sg
support.lazada.sg
survey.lazada.sg
sweeps.clienton.webproxy.idcslideroppofind.com.lazada.sg
sysnetnotes.ttt.catalog-rendering-api.lazada.sg
t8ilqw3n9br5.euroshop.ttt.catalog-rendering-api.lazada.sg
tango.en.ttt.catalog-rendering-api.lazada.sg
tanizawa01-xsrvjp.r0.rulefullart4-s1447awebhosting-payment.bbwbeakerwx.gh8.lazada.sg
tanwlx.ismg.ttt.catalog-rendering-api.lazada.sg
tao.lazada.sg
taobao.lazada.sg
targetexplorer.ttt.catalog-rendering-api.lazada.sg
tbald.lazada.sg
tbaldb.lazada.sg
tbassets.lazada.sg
tbimg.abeta-wwwytcos.r0.rule.678yulechengkaihudizhisrg.lazada.sg
tbimg.abeta-wwwytcos.r0.rulewo3.lazada.sg
tbimg.abeta-wwwytcosdedopenvpn.r0.rule-appy.lazada.sg
tbimg.lazada.sg
tbpage.lazada.sg
tibor-admin-station.wire.community-parkeronline.budget-oppofind.como.lazada.sg
tibor-admin-station.wire.community-parkeronline.budget-oppofind.stantsellet.como.lazada.sg
tlog-internal.edas.lazada.sg
topup.lazada.sg
toutlet-8ty.jira.sjc.persona52ch.infoimg20.lazada.sg
toutlet-8ty.jira.sjc.persona52ch.infoimg20member-rm-p.lazada.sg
toutlet-8ty.sellercenteredcba987.staging.wire.community.www.finsys-staging.innovation.lazada.sg
toutlook.catalog-rendering-api-topup.staging.wire.community.wwwdpdesc-m-inti-milkman.lazada.sg
toutlook.sjc.persona52ch.info-rc.lazada.sg
toutlook.sjceco-device.persona52ch.info-rc.lazada.sg
toutlook.xformhole-topup.staging.wire.community.enroll-stage-nat134wwwdpdesc-m-inti-milkman.lazada.sg
toutlook.xformhole-topup.staging.wire.community.wwwdpdesc-m-inti-milkman.lazada.sg
tracker-api.wire.communityphoboshihowwwbetaappswww.www.prdstg.lazada.sg
tracker.lazada.sg
tracking-staging.lazada.sg
tracking.lazada.sg
trashboat.ttt.catalog-rendering-api.lazada.sg
ttt.catalog-locker-api.lazada.sg
ttt.catalog-member-api.lazada.sg
ttt.catalog-member-p-api.lazada.sg
ttt.catalog-my-pre-api.lazada.sg
ttt.catalog-persona52ch-api.lazada.sg
ttt.catalog-pickup-api.lazada.sg
ttt.catalog-prod-api.lazada.sg
ttt.catalog-rendering-api.lazada.sg
tutorial-senapann.ttt.catalog-rendering-api.lazada.sg
tvy-kaway-staging.staging.wire.community.w7p-community.sia2stngva1.lazada.sg
twinsaga.ttt.catalog-rendering-api.lazada.sg
tyvldahf123-xn-kckj3dudb-bizest1-pareaallet-8ty.wire.community-aoi.lazada.sg
tyvldahf123-xn-kckj3dudb-bizest1-pareaallet-8ty.wire.community-honeymoonspre.lazada.sg
tyvldahf123-xn-kckj3dudb-bizest1-pareaallet-8ty.wire.community-kanak.communitylowfatcooking.lazada.sg
tyvldahf123-xn-kckj3dudb-bizest1-pareaallet-8ty.wire.community-rzc.lazada.sg
tyvldahf123-xn-kckj3dudb-bizest1-pareaallet-8ty.wire.communitylowfatcooking.lazada.sg
tyvldahf123-xn-kckj3dudb-bizest1-pareaallet-8ty.wire.communityupsbetav2.lazada.sg
u.lazada.sg
uapi-xspace.lazada.sg
udb-bizest1-pareaallet-8ty.wire.community.gfxsso-dcm-eglobal2.grule-otafsg.lazada.sg
udb-bizest1-pareaallet-8ty.wire.community.gfxsso-dcm-eglobal2.oursite.lazada.sg
udb-bizest1-pareaallet-8ty.wire.comossl24inytottr.lazada.sg
udb-bizestsellet-8ty.staging.infoimg20.wire.community.wwwdpdesc-mnips.lazada.sg
udb-bizestsellet-8ty.staging.wire.community.community-khb-wwwbx-mnips.lazada.sg
udb-bizestudiocellet-xinfoliermavpn-drupalkaway-staging.wire.communityaime.demo-prdstg1jg.lazada.sg
udb-bizestudiocellet-xinfoliermavpn.sjcuni-wormhole.persona52ch.info.yxwvutsr.com.lazada.sg
ukraynaca-turkce.ttt.catalog-rendering-api.lazada.sg
ukraynaca-turkce.ttt.catalog-supersona52ch-api.lazada.sg
uncoveringflorence.axweb.persona52ch.info.lazada.sg
uni-wormhole-tracker.r0.rule-edas-gw.lazada.sg
uni-wormhole.lazada.sg
union.lazada.sg
university.lazada.sg
ups-www-cueballgaemp5-ycgi-9est1-pareaallet-8ty.wire.communityrm-p.lazada.sg
uschool1as0gonm.com-cnppsprimary-xcs.wire.community-parkeronline.budgetsendai.www.prdstgmasterersona52ch-info.lazada.sg
user68.sellet.r0.rule-info.21-nb.lazada.sg
uyama.ttt.catalog-rendering-api.lazada.sg
uzdmin-iea.webproxy.idc-lorien21swww.bl.ahabeauty1-linkpages.emodtech.lazada.sg
uzdmin-stagin.com-cnppsprimary-xcs.wire.community-kanak-community-parkeronline.budgetsendai.www.prdstgdl-debug.lazada.sg
uzdmin-stagin.com-cnppsprimary-xcs.wire.community-parkeronline.budgetsendai.www.prdstgdl-debug.lazada.sg
uzdmin-stagin.lists-gmcp.staging.wire.community.www-checkout-p-cbf1pebbles.lazada.sg
uzdmin-stagin.wire.community-kanak.lazada.sg
uzdmin-stagin.wire.communityuniversitynakor-test1.lazada.sg
uzdmin-stationsole.r0.rule-edas-gwweb.s1310ipmi.lazada.sg
uzdmin-stationsole.wire.community-parkeronline.budget-oppofind.com.ssl5.lazada.sg
uzdmin-stationsole.wire.community-parkeronline.budget-oppofind.com.stationshenyangczz.lazada.sg
uzdmin-stationsole.wire.community.pc09.lazada.sg
vihgfe-finlin18nzoasdmin-stagin.r0.ruledmin.sellercenterorthanc.lazada.sg
vihgfedcba9.dz.webproxy.idccastro.boribonoeuf-netaypalblog.fr.lazada.sg
vihgfedcba9.wire.community.euwe.lazada.sg
virus-kpop.onlyagame.persona52ch.info.lazada.sg
virus-kpop.slingpc.persona52ch.info.lazada.sg
voip2-admin-station.wire.community-parkeronline.budget-oppofind.communitydmin-como.app-otafsg.lazada.sg
voip2-admin-station.wire.community-parkeronline.budget-oppofind.como.app-otafsg.lazada.sg
voip2-admin-station.wire.community-parkeronline.budget-oppofind.como.lighthouservice-wire.lazada.sg
vpn.dz.webproxy.idccastro-hb9.lazada.sg
vpn.dz.webproxy.idccastroca.omgdemo.lazada.sg
vpn.dz.webproxy.idccastroca.omglel.lazada.sg
vpn.dz.webproxy.idccastroca.web1349-omgdemo.lazada.sg
vpn.dz.webproxy.idccastropre.store.netcustomerswww.lazada.sg
vpn.dzsecure-a9876543210z.webproxy.idccastroca.omgdemo.lazada.sg
vpn.snjtfs-v2-yun.wire.communityaime.demo-prdstg.lazada.sg
vpn.snjtfs-v2-yun.wire.communityaime.email-prdstg.lazada.sg
vpn.staging.wire.community.www-checkout-pweb17611.nyanya3232.lazada.sg
vpn.wire.community-12g.941.fresourcingcartrolinknana-refundle.lazada.sg
vpncloud.wire.communityaime.demo-prdstg.servi.lazada.sg
vpncloud.wx.gm.enterpriserio.tbimg.abeta-wwwytcos.r0.rule.lazada.sg
vzdialenost.ttt.catalog-rendering-api.lazada.sg
wallet-xinfo-on.webproxy.idc-lorien21swww.bl.ahabeauty12iaomilaosege68vvvhenhenwww.lazada.sg
wallet-xinfo-on.wire.community.www.budget.2fkmt-mt.es-es.c.lazada.sg
wallet-xinfo-on.wire.community.www.pandagu-in.2fkmt-mt.es-es.c.lazada.sg
wallet.lazada.sg
wap.vpncloud-sellercent-sg.wire.community-parkeronline.budget-oppofind.com.lazada.sg
wearitminiplants.ttt.catalog-rendering-api.lazada.sg
web10210zy.webproxy.idcoppofind.com.lazada.sg
web1616persona52ch.infonwfliptcreative.com.sstg.email2.lazada.sg
web2837.wire.community.wwwdpdesc-m.lazada.sg
web3320ember-tracking-auth-beebot-sg.wire.community-khb-www-control.21.lazada.sg
web3320ember-tracking-auth-beebot-sg.wire.community-khb-www.21.gisele007.shop-decoration-api.lazada.sg
web3320ember-tracking-auth-beebot-sg.wire.community-khb-www.21.shop-decoration-api.lazada.sg
web3320ember-tracking.wire.community-parkeronline.budget-oppofind.enterpriseregistration-com.lazada.sg
web3816.acs-wapa.staging.wire.community.www-checkout-p-tenshokuknowhow.izernuc.lazada.sg
web3816.acs-wapa.staging.wire.community.www-checkout-p.izernuc.lazada.sg
web3816.acs-wapa.staging.wire.community.www-lorien.izernuc.lazada.sg
web3816.r0.rule-edas-gwwebddcba.lazada.sg
web3816.yajama6.r0.rulegodosoft-022facebookapp-xsrvjpinsys-staging.appv8s.lazada.sg
web40.lazada.sg
web5010artnersity.wire.community-parkeronline.budget-oppofind.comadmin.lazada.sg
web6693pokerlandscapetaging.wire.community-12g.lazada.sg
web7312-on.staging.wire.community.www-lazbot011test10.lazada.sg
web7312-on.staging.wire.community.www-lazbot011test10.nagase.lazada.sg
web7312-on.webproxy.idc-csg-saf-0021.admin-p-csg-qnkresourcing.lazada.sg
web7312-on.webproxy.idc-csg-saf-0021.csg-qnkresourcing.lazada.sg
web7312-on.webproxy.idc-csg-saf-0021.restsellercenter-csg-qnkresourcing.lazada.sg
web7312-on.wire.community-parkeronline.budget-oppofind.com.nst.opusmobiled1.lazbothotproxy.nl.lazada.sg
web7312-on.wire.community-parkeronline.budget-oppofind.com.nst.opusmobiled1.nl.lazada.sg
web7312.r0.rule-edas-gw-habboretro.lazada.sg
webdisk.drupalkaway-staging.staging.wire.community.w7p-community.sia2stngva1.lazada.sg
webdisk.drupalkaway-staging.staging.wire.communitywebapp.w7p-community.sia2stngva1.lazada.sg
webpromotificativitiessage.r0.rulegodosoft.lazada.sg
webproxy.idc-lorien21swww.bl.ahabeauty1-s253ipmi.lazada.sg
webproxy.idc-lorien21swww.bl.ahabeauty1covers.lazada.sg
webproxy.idc-lorien21swww.bl.ahabeauty1kittypaw2.lazada.sg
webproxy.idc-lorien21swww.bl.ahabeauty1miki-mobi.web.lazada.sg
webproxy.idc-www.songda.trustpass.2j4web13191.lazada.sg
webproxy.idccastromatusimanfo9ulecher-ruapush42.lazada.sg
webproxy.idcpttcpconn5stg.email2.lazada.sg
webproxy.idcpttcpconn5stg.njtfs-v2-yun.email2.lazada.sg
webresources.i42edcba987.staging.wire.community.wwwdpdesc-m.lazada.sg
wind.com.ytcos.r0.ruleus-east-2.prod.amux.support.awjuniper-akamateracklessage.lazada.sg
wind.com.ytcos.r0.ruleus-east-2.prod.amux.support.vpncloudearwww9-akamateracklessage.lazada.sg
wind.com.ytcoscart-p.r0.ruleus-east-2.prod.amux.support.awjuniper-akamateracklessage.lazada.sg
wind.uspokerlandscapetaging.wire.community-12g.web18845.lazada.sg
wind.yajama6.r0.rule-shash.26568iveup.lazada.sg
wire-persona52ch.info.lazada.sg
wire.community-12g.941-contabil-mp.lazada.sg
wire.community-khb-www.21-nb-ip233.web1616.lazada.sg
wire.community-khb-www.21-nb3e0.lazada.sg
wire.community-khb-www.21-nb64a-com-s822b.lazada.sg
wire.community-khb-www.21-nb64a.lazada.sg
wire.community-khb-www.21-nbmtvice.lazada.sg
wire.community-khb-www.21-nbsaito-takao-comgreenmoa2.lazada.sg
wire.community-khb-www.21-nbsaito-takao-comhummel-web.lazada.sg
wire.community-khb-www.cnamerchatpre.21-nb64a.lazada.sg
wire.community-khb-www.sellercenter-staging-api21-nbsaito-takao-comgreenmoa2.lazada.sg
wire.community-khb-www.sensation.lazada.sg
wire.community-parkeronline.budget-oppofind.com.station-finion.enzoas.lazada.sg
wire.community-parkeronline.budget-oppofind.com.station.lazada.sg
wire.community-parkeronline.budget-oppofind.como-9qp.lazada.sg
wire.community-parkeronline.budget-oppofind.como-offprinter2.scifunpre-lazada.lazada.sg
wire.community-parkeronline.budget-oppofind.como.dkkj0518.lazada.sg
wire.community-parkeronline.budget-oppofindinfotbald.com.station-finion.enzoas.lazada.sg
wire.community-parkeronline.dautodiscoverbudget-oppofind.com.station-finion.enzoas.lazada.sg
wire.community-pre-awww.blog-prdstg-instagram-bmsc51-cardinalfinanciallklkjihgfedcba.ups.m.lazada.sg
wire.community-pre-awww.blog-prdstg-instagram-bmsc51-communityemodtech001lklkjihgfedcba.ups-kbl.lazada.sg
wire.community-pre-awww.blog-prdstg-instagram-bmsc51-communitymail001lklkjihgfedcba.ups-kbl-health-xcb.lazada.sg
wire.community-pre-awww.blog-prdstg-instagram-bmsc51-communitymail001lklkjihgfedcba.ups-kbl.lazada.sg
wire.community-pre-awww.blog-prdstg-instagram-bmsc51-communitymail001lklkjihgfedcba.ups.m.lazada.sg
wire.community-pre-awwwpre-gmcp.blog-prdstg-instagram-bmsc51-communitymail001lklkjihgfedcba.ups-kbl.lazada.sg
wire.community-stg.adminye-stationemail2.lazada.sg
wire.community-stg.email2.lazada.sg
wire.community.esinfounitrust1.sasg.lazada.sg
wire.community.gfxsso-dcm-eglobal2.gsrv-staging.lazada.sg
wire.community.wwwdpdesc-m-f113.lazada.sg
wire.community.wwwdpdesc-m-sas-dis-0018.sasg.lazada.sg
wire.community.wwwdpdesc-ms106.as.lazada.sg
wire.community.wwwdpdesc-ms1337.lazada.sg
wire.community.wwwdpdesc-mservi.lazada.sg
wire.communityaime.demo-prdstgkl1.lazada.sg
wire.communityctjobbank.app.gfxsso-dcm-eglobal2otafsg1.web5130augustagaadmin.allie.lazada.sg
wire.communityctjobbank.app.otafsg1.web5130.euwerjeanfarmtrstaging-my.lazada.sg
wire.communityctjobbank.app.otafsg1.web5130.staging-my.lazada.sg
wire.communityctjobbank.app.otafsg1.web5130augustagaadmin-srommel77.lazada.sg
wire.communityctjobbank.app.otafsg1.web5130augustagaadmin.allie.lazada.sg
wire.communityctjobbank.app.otafsg1.web5130augustagaadminemail2-gqponmlkjihgfedcba987654321.lazada.sg
wire.communityellercenter-stagingpc123.lazada.sg
wire.communityellercenters02qa004.on-kolabtg-eco-acc.email2.lazada.sg
wire.communityellercenters02qa004.on-kolabtg.comadminbkpdmin-p.email2.lazada.sg
wire.communityellercenters02qa004.on-kolabtg.email2.lazada.sg
wire.communitykou3-r.lazada.sg
wire.communitymail001.pearlkorea-servicediscovery.external-qhq.cprodx.lazada.sg
wire.communitymail001.pearlkorea.external-qhq.cprodx.lazada.sg
wire.communitymail001.pearlkorea.externals1235ipmi.lazada.sg
wire.communitymail001.pearlkorea.gwfree27137.cprodx.lazada.sg
wire.sellercenteredcba987.staging.wire.community.info-reportservices-www.csg-fin-0030.csg.lazada.sg
wire.sellercenteredcba987.staging.wire.community.www.csg-fin-0030.csg.lazada.sg
wire.sellercenteredcba987.staging.wire.community.wwwruleasonejkh1.csg-fin-0030.csg.lazada.sg
wire.sjc.persona52ch.info.yxwvutsr.com.lazada.sg
wire.sjc.persona52ch.infopc1463.lazada.sg
wire.uspokerlandscapetaging.wire.community-12grule-infofreehostingearwww-redirectme.lazada.sg
wire.wire.community-parkeronline.budget-oppofind.comosv1.lazada.sg
wire.wire.community-parkeronline.budget-www-app-2uwahara.comadmin-kp8.mobileapp6ptpre-zc-finion-enzoas-service.lazada.sg
wire.wire.community-parkeronline.budget-www-app-2uwahara.mobileapp6ptpre-zc-finion-enzoas-service.lazada.sg
wire.wire.community-parkeronline.budget-www-app-2uwaharastantsellet-8ty.mobileapp6ptpre-zc-finion-enzoas-service.lazada.sg
wirec-brucelectme.r0.rulegodosoft.lazada.sg
wlddy129oms.wire.communityg.orthanc.lazada.sg
wm5ohx-ar.gibraltar.ttt.catalog-rendering-api.lazada.sg
wmn7w4sle4rvywarmzff9.tyranny.ttt.catalog-rendering-api.lazada.sg
wormazi.helpcenter-pre-sellercenteredcba987.help.wire.community.www.rulegodosoft.canmei.ar.lazada.sg
wormazi.sellercenteredcba987.dashboard.help.wire.community.www.rulegodosoft.canmeiprolearnersadore.ar.lazada.sg
wormazi.sellercenteredcba987.help.suggest-staging.wire.community.www-iad.mac003-rulegodosoft.canmei.ar.lazada.sg
wormazi.sellercenteredcba987.help.suggest-staging.wire.community.www-iad.rulegodosoft.canmei.ar.lazada.sg
wormazi.sellercenteredcba987.help.suggest-staging.wire.communitycommunity.www-iad.rulegodosoft.canmei.ar.lazada.sg
wormazi.sellercenteredcba987.help.wire.community.www.logincanmei.aana-4-ar.lazada.sg
wormazi.sellercenteredcba987.openapi.staging.wire.community.www.canmeisupplier-staging.ar.lazada.sg
wormazi.sellercenteredcba987.pre-cb-customshelp.wire.community.www.fbcallbacking.pre-store-canmei.ar.lazada.sg
www-checkout-p-cbf1-ksiegarniajoy-xn-kckj.wire.community.www.panda.info-dill.lazada.sg
www-dev.lazada.sg
www-src.lazada.sg
www.dedopen44oker.web.dqr.enterprischronos.stg.wdiendan.r0.rulefullart4-s1447awebhosting.bbwbeakerwx.gh8-lazbot.lazada.sg
www.dedopenvpn.web.dqr.enterprischronos.redirect-staging.wdiendan.r0.rulefullart4-s1447awebhosting.station-api.gh8.lazada.sg
www.dedopenvpn.web.dqr.enterprischronos.stg-service.wdiendan.r0.rulefullart4-s1447awebhosting.bbwbeakerwx.gh8.lazada.sg
www.dedopenvpn.web.dqr.enterprischronos.stg.wdiendan.r0.rulefullart4-s1447awebhostingdemo.bbwbeakerwx.gh8-lazbot.lazada.sg
www.dlsh.ttt.catalog-rendering-api.lazada.sg
www.google.com.co23916.trustpass-ccleaner.lazada.sg
www.google.com.co23916.trustpass-lazadaservlet.lazada.sg
www.google.comaprilckfceb.saas-5b4.lazada.sg
www.google.comaprilckfceb.saas.2nm.lazada.sg
www.google.comaprilckfceb.saasslx.comopam-mah1gemsballet.lazada.sg
www.google.comaprilckfceb.saasslx.lazada.sg
www.google.comaprilckfceb.vpncloud-sellercent-sg-saas.2nm.lazada.sg
www.google.combucky-oucc21.lazada.sg
www.google.combucky-ouctaiyangchengzenmedaili.lazada.sg
www.google.combucky.33733.affile-areariservata-machine.cmnbaliya2.volunteers-mta49.email2.lazada.sg
www.google.combucky.33733.anissa-areariservata-communityfruit-garlic-com.cmnbaliya2.volunteers-mta49.email2.lazada.sg
www.google.combucky.33733.anissa-areariservata-machine.cmnbaliya2.panda2j4-volunteers-mta49.email2.lazada.sg
www.google.combucky.33733.anissa-areariservata-machine.cmnbaliya2.volunteers-mta49.email2.lazada.sg
www.google.combucky.33733.anissa-areariservata-machine.cmnbaliya2.volunteers-mta49.www-checkout-p-jbird.email2.lazada.sg
www.google.combucky.33733.anissa-areariservata-machine.cmnbaliya2.volunteers-mta49gwjini01227.email2.lazada.sg
www.google.combucky.33733.anissa-areariservata-machine.cmnbaliya2secureweb.volunteers-mta49.email2.lazada.sg
www.google.combucky.33733.anissa-prolearnersadore-machine.cmnbaliya2.volunteers-mta49.email2.lazada.sg
www.google.combucky.community-stg-33733.anissa-areariservata-machine.cmnbaliya2.volunteers-mta49.email2.lazada.sg
www.google.comjenkinedu5.elders-kbm77002.lazada.sg
www.google.comjenkinedu5.elders.infosas-intl-0039.lazada.sg
www.google.comjenkinedu5.eldersn06.lazada.sg
www.google.comjenkinedu5.elderswebmail1.lazada.sg
www.google.comjenkinedu5.elderswebmail1pre-solution.lazada.sg
www.google.comjenkinedu5.pre-global-shopelders-kbm77002.lazada.sg
www.google.comjenkinedu50ormah1adad-m-vm01.lazada.sg
www.google.comjenkinedu50orwwwdpdesc-m-vm01.lazada.sg
www.google.comjenkinedu5jpmc.lazada.sg
www.google.comjenkinedu5leaveno.lazada.sg
www.google.comjenkinedu5lgbt.lazada.sg
www.google.comjenkinedu5purba.lazada.sg
www.google.comptes.comjenkinedu5.elders-kbm77002.lazada.sg
www.idi.ttt.catalog-rendering-api.lazada.sg
www.jennifercouget.com.sre-ifs.r0.rule-edas-gw.lazada.sg
www.lazada.sg
www.lists-gmcp.staging.wire.community.www-checkout-p-cbf1.godoid.lazada.sg
www.lists-gmcp.staging.wire.community.www-checkout-p-cbf1planeradmin.lazada.sg
www.lists-gmcp.staging.wire.community.zyxwvutsrqponmlkjihgfe.lazada.sg
www.lists-gmcpsystem.staging.wire.community.www-checkout-p-cbf1.godoid.lazada.sg
www.locker.lazada.sg
www.nytbimg.abeta-wwwytcos.r0.rule.lazada.sg
www.nytbimg.abeta-wwwytcos.r0.rulenasdebarraca.lazada.sg
www.pda.sbor.ttt.catalog-rendering-api.lazada.sg
www.reproduction.ttt.catalog-rendering-api.lazada.sg
www.spoz.ttt.catalog-rendering-api.lazada.sg
www.taobao.lazada.sg
www.tuts.gmcp.staging.wire.community.www-checkout-p.lazada.sg
www.tuts.gmcp.staging.wire.community.www-checkout-p.profiles-at.lazada.sg
www.tuts.gmcp.stagingpre-nest-staging.wire.community.www-checkout-p.lazada.sg
www1.m.security.online-banking.redirectme.net.lazada.sg
xbtgyyyee40vrn3.nablwp.ttt.catalog-rendering-api.lazada.sg
xe6reedai-cytaty.r0.rule-pod20.ww29.c9verkaufenew54384r9bmbrg.lazada.sg
xe6reefunww.com.ytcos.r0.ruleus-east-2.prod.amux.support.awjuniper.hls.lazada.sg
xe6reefunww.r0.rule-edas-gwbaijialegaoshoutouzhufafacts.lazada.sg
xe6reefunww.uspokerlandscapetaging.wire.community-12g.yooyk1.lazada.sg
xeaallet-8ty.wire.community.lazada.sg
xform.lazada.sg
xformhole-topup.staging.wire.community.wwwdpdesc-mhu8.lazada.sg
xformhole-topup.staging.wire.community.wwwdpdesc-mhu8rule-edas-gwcomplaints.lazada.sg
xformhole-trand.wire.community-parkeronline.ahabeauty1-roslinember.budget-asc-static-staging.com.lazada.sg
xformhole-trand.wire.community-parkeronline.budget-asc-static-staging.elders-com.lazada.sg
xformhole-trand.wire.community-parkeronline.budsystem-oppofind.com-lorien.lazada.sg
xformhole-trand.wire.community-parkeronline.budsystem-oppofind.com.lazada.sg
xformhole.gridppdcba987.staging.wire.community.www-lazbot.lazada.sg
xformhole.staging.wire.community.wwwdpdesc-mfec.lazada.sg
xformhole.wire.communityaime.demo-prdstg.backend-zoojc.lazada.sg
xn-kckj3dudb-bizest.wire.community-khb-www.acmarket.lazada.sg
xn-kckj3dudb-bizest1-pareaallet-8ty.wire.community.gfxsso-dcm-eglobal2.gsrv-staging.lazada.sg
xn-kckj3dudb-bizest1-pareaallet-8ty.wire.communityaspen-demo-prdstg-snaring.lazada.sg
xn-kckj3dudb-bizest1-pareaallet-8ty.wire.communityuniversityna-1y0.lazada.sg
xn-kckj3dudb-bizestsellet-8ty.staging.wire.community.wwwdpdesc-mnips.lazada.sg
xn-kckj3dudb-bizestsellet-8ty.wire.community-pre-awww.blog-erq.lazada.sg
yajama6.r0.ruleasonejkh1.lazada.sg
yajama6.r0.rulegodosoft-022facebookapp-xsrvjpinsys-staging.app-www.lazada.sg
youxiwangqipaiyouxi.openapi-stagingbelectme.redirectme.netcustomers.lazada.sg
yxb2lp4.fields.ttt.catalog-rendering-api.lazada.sg
z14p.ttt.catalog-rendering-api.lazada.sg
zfxy.ttt.catalog-rendering-api.lazada.sg
zfxy.ttt.catalog-rendering-api.www-lazbot-4zn.lazada.sg
zging.wire.communitafwd081028-xsrvjp.ms0.id410041storefront.lazada.sg
zynga-poker.fr.ttt.catalog-rendering-api.lazada.sg
zyxwvutsrqponmlkjihgfe-cnamerchatpre-ifs.r0.rule-edas-gw.lazada.sg
