api-map.lel.asia
api.lel.asia
cert-tls.showroom.internal.lel.asia
docker-registry.lel.asia
email.lel.asia
grafana.monitoring.showroom.internal.lel.asia
grafana.monitoring.stfw.internal.lel.asia
hello-service.certs-manager.showroom.internal.lel.asia
ims.lel.asia
internal.lel.asia
lel.asia
lms-api.lel.asia
lms-bd.lel.asia
lms-lk.lel.asia
lms-mm.lel.asia
lms-np.lel.asia
lms-pk.lel.asia
map-id.lel.asia
map-my.lel.asia
map-ph.lel.asia
map-sg.lel.asia
map-th.lel.asia
map-vn.lel.asia
map.lel.asia
my.sofp.lel.asia
pickmee-bd.lel.asia
pickmee-mm.lel.asia
pickmee-np.lel.asia
pickmee-pk.lel.asia
pre-map-id.lel.asia
pre-map-my.lel.asia
pre-map-ph.lel.asia
pre-map-sg.lel.asia
pre-map-th.lel.asia
pre-map-vn.lel.asia
prometheus.monitoring.staging.internal.lel.asia
promises-ext.lel.asia
registry.lel.asia
rms-bd.lel.asia
rms-id.lel.asia
rms-lk.lel.asia
rms-mm.lel.asia
rms-my.lel.asia
rms-ph.lel.asia
rms-pk.lel.asia
rms-sg.lel.asia
rms-th.lel.asia
rms-vn.lel.asia
shipnet-api.lel.asia
shipnet.lel.asia
sinopia.internal.lel.asia
sofp-id.lel.asia
sofp-my.lel.asia
sofp-ph.lel.asia
sofp-sg.lel.asia
sofp-th.lel.asia
sofp-vn.lel.asia
sofp.lel.asia
teamcity.internal.lel.asia
tracker.lel.asia
www.lel.asia
www11.lel.asia
