0068-b76d0949-local.lieferando.at
007243.lieferando.at
02-express-nano.lieferando.at
08ex01.ivemsamxl.lieferando.at
10b.lieferando.at
12.lieferando.at
121018.lieferando.at
12covidien.lieferando.at
152.7.lieferando.at
16-49b1d41c.lieferando.at
16.lieferando.at
178.sbg.ovh.lieferando.at
1apporovaccine.lieferando.at
1www.lieferando.at
2.66.lieferando.at
20121018.lieferando.at
21-test.lieferando.at
21.lieferando.at
3.ppp.lieferando.at
38b65.avira-free-antivirus.lieferando.at
38b65losvirus.lieferando.at
4.lieferando.at
4e.lieferando.at
4testlav-essential-antivirus.en.lieferando.at
75.lieferando.at
827.lieferando.at
88.lieferando.at
_antivirus.en.lieferando.at
a.lieferando.at
a9a-local.lieferando.at
acc-shop-14016.lieferando.at
acc-shop-tour6.lieferando.at
acc-shop.lieferando.at
accounts-rtb-qydc.lieferando.at
acp.lieferando.at
admin.lieferando.at
admincomputer-virus-verwijderen.lieferando.at
aeevents.lieferando.at
afforda10levaccines.lieferando.at
affordablevaccines.lieferando.at
affordablevaccinespull-posapi.lieferando.at
affordablevaccinessecret.lieferando.at
ajax.quarter-virus-restaurant.lieferando.at
alpha-quarter-virus-restaurant.lieferando.at
anti-virus.lieferando.at
antivirus-38b65.cloud.lieferando.at
antivirus-38b65.lieferando.at
antivirus-38b6538b65.lieferando.at
antivirus-security-free.lieferando.at
antivirus.static.lieferando.at
antivirus1.lieferando.at
apache-zeroviruses.lieferando.at
apache-zerovirusescust119.lieferando.at
api.lieferando.at
app.frontend.computer-virus-verwijderen.clops.lieferando.at
app.frontend.prod.avgantiviruscustcust38ersupportnumber.clops.lieferando.at
app.frontend.prod.avgantiviruscustomersupportnumber.clops.lieferando.at
app.frontend.prod.avgantiviruscustomersupportnumops0er.clops.lieferando.at
app.frontend.prod.awww-02gantiwww-02iruscustomersupportnumber.clops.lieferando.at
app.frontend.prod.clops.lieferando.at
app.lieferando.at
apparel-de.almarket.demo.lieferando.at
authyellowfevervaccine.lieferando.at
avgantiviruscustomersupportnumber.clops.lieferando.at
avgantiviruscustomersupportnumber.lieferando.at
avira-free-antivirus-clops-demo.lieferando.at
avira-free-antivirus-clops.lieferando.at
avira-free-antivirus.fr.lieferando.at
avira-free-antivirus.lieferando.at
avira-free-antivirus.virus.lieferando.at
avivamiento.lieferando.at
avr-remote.lieferando.at
b084-local.lieferando.at
baidu.lieferando.at
beta-benl-shopstaging-hhsvaccines.lieferando.at
beta-quick-heal-anti-virus.lieferando.at
beta.lieferando.at
beta.mcafee-antivirus-plus.lieferando.at
bg-cdncomfluvaccines.lieferando.at
bip.lieferando.at
blog.lieferando.at
blogs.lieferando.at
bni-marcq.lieferando.at
bookmarks.lieferando.at
br.lieferando.at
carini.lieferando.at
chote.lieferando.at
cl215-097.lieferando.at
class.lieferando.at
click.update.lieferando.at
clops.lieferando.at
cloud.lieferando.at
cloud.update.lieferando.at
club.lieferando.at
cn.lieferando.at
co.uk.online.banking.nwolb.lieferando.at
coaffordablevaccinesideo.lieferando.at
col-xch-vpca1a.corp.lieferando.at
com-open-source-cloud-computing-services-distribution.lieferando.at
com.lieferando.at
comfluvaccines.lieferando.at
comfluvaccinescourier-app.lieferando.at
comfluvaccinesovid1996.lieferando.at
comfluvaccinespull-posapi.lieferando.at
comfluvaccinesscm.lieferando.at
companyadmin.lieferando.at
computer-virus-engineering.lieferando.at
computer-virus-verwijderen.clops.lieferando.at
computer-virus-verwijderen.freeantivirus.lieferando.at
computer-virus-verwijderen.lieferando.at
computer-virus-verwijderenavira.lieferando.at
computer-virus-verwijderencomputer-virus-verwijderen.lieferando.at
computer-virus-verwijderentv.lieferando.at
comune.lieferando.at
confluencequick-heal-anti-virus.lieferando.at
connect.lieferando.at
content.lieferando.at
coronanachrichten.lieferando.at
corp.lieferando.at
cos-us-ironman03.cos.lieferando.at
courier-app-affordablevaccines.lieferando.at
courier-appapporovaccine.lieferando.at
courier-appyellowfevervaccine.lieferando.at
covid19.clops.lieferando.at
covid19.lieferando.at
covid1996.lieferando.at
covideo.lieferando.at
covidhhsvaccines96.lieferando.at
covidien.lieferando.at
cp.lieferando.at
cpeb4-254.lieferando.at
cpg14x-computer-virus-verwijderencomputer-virus-verwijderen.lieferando.at
cs.lieferando.at
cw-api-losvirus.lieferando.at
cw-api.covid19.clops.lieferando.at
cw-api.prod.clops.lieferando.at
cw-quarter-virus.lieferando.at
darklady.lieferando.at
dd.lieferando.at
decoapp4.lieferando.at
delep.lieferando.at
depmail.dep.lieferando.at
designer.software.lieferando.at
dev.lieferando.at
device1154291-6b54cc56-local.lieferando.at
device1460461-69659ebe-local.lieferando.at
device1585474-8ee2ec7d.lieferando.at
device1606447-6967a9b0-local.lieferando.at
device1799377-f50f736b-local.lieferando.at
device1875782-e5dd392b-local.lieferando.at
device2119576-373fb1b7-local.lieferando.at
device2396589-e140b084-local.lieferando.at
device2616357-6bc2173b.lieferando.at
device2752716-49b1d41c.lieferando.at
device2783534-50dd224e.lieferando.at
device2936709-caf5bb3e-local.lieferando.at
device2986520-e003aa9a-local.lieferando.at
device3170979-27382af1-local.lieferando.at
device3220068-b76d0949-local.lieferando.at
digilander.lieferando.at
dns1.banking.nwolb.lieferando.at
dt-recs.lieferando.at
ducm.cloud.lieferando.at
e2010b.lieferando.at
ebscovideos-38b65.lieferando.at
ebscovideos.lieferando.at
ecovaccine-bc-huangda.lieferando.at
ecovida.lieferando.at
eicauat-cb-bas-1.lieferando.at
elevare.lieferando.at
emails.restaurants.lieferando.at
emkt-ip01.lieferando.at
en-prepageit.lieferando.at
en-vaccine.lieferando.at
en-vaccine.raspunde.lieferando.at
en-vaccine.zbin.lieferando.at
en-vacmyrabota.lieferando.at
en.lieferando.at
enoc.lieferando.at
ensgiweb.lieferando.at
eset-nod32-antivirus.en.lieferando.at
eset-nod32-antivirus.th.lieferando.at
eset-nod32-antivirus.tr.lieferando.at
euw-staging-hhsvaccines.lieferando.at
events.lieferando.at
evomela-splash-plain.com.lieferando.at
exampletwitter.lieferando.at
exchangecas.lucsus.lieferando.at
febrestaurant.lieferando.at
feedbackgrouphhsvaccines.lieferando.at
feeds.lieferando.at
files.lieferando.at
firewallcovidien.lieferando.at
fluvaccines-cloud.lieferando.at
fluvaccines-service.lieferando.at
fluvaccines.lieferando.at
flwyd.lieferando.at
fooxx.lieferando.at
forum.lieferando.at
forums.lieferando.at
foundation-2015-9-17.lieferando.at
fr.lieferando.at
freeantivirus.lieferando.at
freeofvirus.lieferando.at
frontend.office.prod.clops.lieferando.at
frontend.office.stacluster.avira-free-antivirus-clops.lieferando.at
frontend.office.stag.avira-free-antivirus-clops.lieferando.at
frontend.office.stag.avira-free-antivirus-clopsrepo.lieferando.at
frontend.office.stag.avira-free-fo-clops.lieferando.at
frontend.office.stag.clops.lieferando.at
futbol137.lieferando.at
games.lieferando.at
getavirus-com.lieferando.at
glencove.fooxx.lieferando.at
gothedistance.lieferando.at
grc2go.lieferando.at
groups.lieferando.at
guestportal-6.lieferando.at
h2.lieferando.at
h3.lieferando.at
h6.lieferando.at
ha3virus.lieferando.at
halifax-online.lieferando.at
help.lieferando.at
helponline-antivirus-38b65.lieferando.at
helpstopthevirus.lieferando.at
hh.lieferando.at
hhpull-posapivaccinepull-posapi.lieferando.at
hhsvaccines-beta.lieferando.at
hhsvaccines-betacmail.lieferando.at
hhsvaccines.cust39.hhsvaccines.lieferando.at
hhsvaccines.hhsvaccines.lieferando.at
hhsvaccines.lieferando.at
home.lieferando.at
homepage.lieferando.at
homepage1.lieferando.at
homepage2.lieferando.at
homepage3.lieferando.at
host.lieferando.at
i.lieferando.at
idc.lieferando.at
ilogwebpay-test-netstorage.lieferando.at
info.lieferando.at
informatik.lieferando.at
inst.lieferando.at
internal.quarter-virus.lieferando.at
internalquarter-virus.lieferando.at
ip-51-118.lieferando.at
ip-73-234.lieferando.at
ip12-239.lieferando.at
ip35-247.lieferando.at
iphoneapp.lieferando.at
k2.lieferando.at
k3.lieferando.at
k4.lieferando.at
k5.lieferando.at
kaspersky-anti-virus.en.lieferando.at
kaspersky-free-antivirus.en.lieferando.at
kemp.lieferando.at
kepek-totalav-essential-antivirus.en.lieferando.at
kk.lieferando.at
knowledge-base.en.lieferando.at
ku1720.lieferando.at
l.euw-staging-hhsvaccines.lieferando.at
lieferando.at
liveherpesvaccine.files.lieferando.at
local.lieferando.at
loncov5.lieferando.at
losvirus-server.lieferando.at
losvirus.clops.lieferando.at
losvirus.lieferando.at
losvirusrestaurant.lieferando.at
losvirusupdate.lieferando.at
loyaltyshop.lieferando.at
lynadmin.global.lieferando.at
lyncwebconf-il.lieferando.at
m.sapporovaccine.lieferando.at
m1-br9.lieferando.at
m48fofhb98zopyz.lieferando.at
mail-accounts.lieferando.at
mail.lieferando.at
mail.pharmacyaus.lieferando.at
mailgwex.lieferando.at
mailhub139a.lieferando.at
maskingbodysuits.lieferando.at
masteruniversitario.lieferando.at
maven.lieferando.at
mavgantiviruscustomersupportnumber.lieferando.at
mavgantiviruscustomeryellowfevervaccinenumber.lieferando.at
max1.lieferando.at
max2.lieferando.at
max3.lieferando.at
max4.lieferando.at
mcafee-antivirus-plus.antivirus-38b65.lieferando.at
mcafee-antivirus-plus.en.lieferando.at
mcafee-antivirus-plus.lieferando.at
mcafee.lieferando.at
mdsp-cmc-vip.lieferando.at
melhor-antivirus.br.lieferando.at
members.lieferando.at
mezhvencovij-uplotnitel.lieferando.at
mobile-help.lieferando.at
monitoryellowfevervaccine.lieferando.at
mta.covid19.lieferando.at
mta.update.lieferando.at
mtbaker.lieferando.at
music.lieferando.at
mvn.lieferando.at
my.lieferando.at
mygasservicesqa.lieferando.at
myhome.lieferando.at
nano-1.lieferando.at
nb-119.lieferando.at
new.lieferando.at
news.lieferando.at
newsletter.lieferando.at
newvaccineletter.lieferando.at
nn.lieferando.at
norton-antivirus.lieferando.at
norton_antivirus.en.lieferando.at
notesapporovaccine.lieferando.at
odincovo.lieferando.at
oe.totalav-essential-antivirus.en.lieferando.at
office.staclustermaint.avira-free-antivirus-clops.lieferando.at
office.stag.norton.clops.lieferando.at
office3.lieferando.at
oldstore.lieferando.at
orders.lieferando.at
origin-cw.lieferando.at
origin.lieferando.at
overlap-computer-virus-verwijderencomputer-virus-verwijderen.lieferando.at
oxley.lieferando.at
page.mobile-help.lieferando.at
panda-free-antivirus.lieferando.at
pandemic0105.blog.lieferando.at
partner.lieferando.at
passport.lieferando.at
payfluvaccines.lieferando.at
pc03106.lieferando.at
people.lieferando.at
perfectiohost.lieferando.at
perillat.lieferando.at
piesse.lieferando.at
piratecloud.lieferando.at
plus-computer-virus-verwijderen.lieferando.at
plus.fluvaccines.lieferando.at
pondokcerdaswarga.lieferando.at
portaldho.lieferando.at
pp.lieferando.at
praemienshop.lieferando.at
princetonresearch.lieferando.at
productdelivery.lieferando.at
productionapporovaccine.lieferando.at
provincia.lieferando.at
psql04.fish4brand.lieferando.at
pull-posapi-affordablevaccines.lieferando.at
pull-posapi-sapporovaccine.lieferando.at
pull-posapiaffordablevaccines.lieferando.at
pull-posapiaffordablevaccineseuw-staging-hhsvaccines.lieferando.at
pup.lieferando.at
quarter-antivirus-38b65.lieferando.at
quarter-antstaging-hhsvaccinesvstaging-hhsvaccinesrus-38b65.lieferando.at
quarter-virus-restaurant-pipex-gw.lieferando.at
quarter-virus-restaurant.lieferando.at
quarter-virus.lieferando.at
quarter-viruscomputer-virus-verwijderen.lieferando.at
quarter-viruswest-7.lieferando.at
quick-heal-anti-virus.en.lieferando.at
randallreillysalestool.lieferando.at
randomword.affordablevaccines.lieferando.at
refinancovani.lieferando.at
regione.lieferando.at
restaurant.lieferando.at
restaurants.lieferando.at
restricted-02.p05cd03.lieferando.at
runjtrekwindows.lieferando.at
s.lieferando.at
s4orovaccine.lieferando.at
sapporovaccine-de-cdn.lieferando.at
sapporovaccine.lieferando.at
sapporovaccineagentmail.lieferando.at
sapporovaccinecourier-app.lieferando.at
sapporovaccinemanager.lieferando.at
sc-enoc.lieferando.at
scisyd01.scitek.lieferando.at
scompanyorovaccine.lieferando.at
scotland.antivirus-38b65.lieferando.at
search.lieferando.at
secretapporovaccine.lieferando.at
secure.lieferando.at
securemailserviceprovider.lieferando.at
serveitnowusa.lieferando.at
server.lieferando.at
server1.dev3.apprentissagedelaproprete.fr.lieferando.at
server1.lieferando.at
shop.lieferando.at
shopcovidien.lieferando.at
shortcut-virus-remover.software.lieferando.at
sites.lieferando.at
sl-gaming.lieferando.at
slovari.lieferando.at
smartstate.lieferando.at
smezhvencovijorovaccine.lieferando.at
smtp-vircomfluvaccines.lieferando.at
smtp-virus-tv.lieferando.at
smtp-virus.lieferando.at
smtp-virusa.lieferando.at
smtp-viruseast-2-2.lieferando.at
smtp.topupzone-com-pl.lieferando.at
smtp2088.lieferando.at
so.prod.avgantiviruscustcust38ersupportnumber.clops.lieferando.at
software.lieferando.at
sotravo-demenagement.fr.lieferando.at
sprod-authorovaccine.lieferando.at
ssaporestefanodiaz.lieferando.at
ssecretorovaccine.lieferando.at
ssl122827.lieferando.at
ssl303215.lieferando.at
stag.avira-free-antivirus-clops.lieferando.at
staging-hhsvaccines.lieferando.at
staging.lieferando.at
static.lieferando.at
subfolder-proxy-awards.lieferando.at
subfolder-proxy-awards2021-test.lieferando.at
subfolder-proxy-awards2021.lieferando.at
subfolder-proxy-blog.lieferando.at
subfolder-proxy-cloud-update-lieferando-at.lieferando.at
subfolder-proxy-deals.lieferando.at
subfolder-proxy-drivers.lieferando.at
subfolder-proxy-foodwiki.lieferando.at
subfolder-proxy-interactive-data-at.lieferando.at
subfolder-proxy-lb.lieferando.at
subfolder-proxy-loyaltyshop-at.lieferando.at
subfolder-proxy-multisite-blog.lieferando.at
subfolder-proxy-partnerblog.lieferando.at
subfolder-proxy-signup.lieferando.at
subfolder-proxy-takeawaypay-blog.lieferando.at
subfolder-proxy-takeawaypay.lieferando.at
suna.lieferando.at
symposium.lieferando.at
sytthanhhoa.lieferando.at
tags.lieferando.at
tarim2.lieferando.at
tc.fo-currys.fo.test07.lieferando.at
test-shop.lieferando.at
th.lieferando.at
tkaji2012.lieferando.at
top100.lieferando.at
topchoicecentral.lieferando.at
totalav-essential-antivirus.en.lieferando.at
totalav-essential-antivirus.h-4en.lieferando.at
totalav-essential-antivirus.logonen.lieferando.at
tr.lieferando.at
tsmc1.lieferando.at
tv-smtp-virus.lieferando.at
tv.lieferando.at
u.lieferando.at
ualpassuat.lieferando.at
uatwindscreencover.lieferando.at
um.lieferando.at
uncovered.lieferando.at
uncovered.mcafee.lieferando.at
uncoveredincoming.mcafee.lieferando.at
union.lieferando.at
univ.lieferando.at
unknown-20-75.lieferando.at
update.lieferando.at
updateavgantiviruscustomersupportnumber.lieferando.at
updatekey-antivirus.lieferando.at
user.lieferando.at
users.lieferando.at
vaccine-bc-huang.lieferando.at
vaccines.lieferando.at
varnish.lieferando.at
verwijdertvirusspyware.lieferando.at
view.update.lieferando.at
view.virus-update.lieferando.at
virtuallearning-qualcomm-com.lieferando.at
virus-consola.lieferando.at
virus-design.lieferando.at
virus-update.lieferando.at
virus.lieferando.at
virusbot.lieferando.at
virusfacts.lieferando.at
virusinc.lieferando.at
viruslex.lieferando.at
virust.lieferando.at
viruswriter.lieferando.at
virusyellowfevervaccine.lieferando.at
vmail1.mail.lieferando.at
vw2008ex01.ivemsamxl.lieferando.at
w244203.ppp.lieferando.at
web.lieferando.at
webmail.lieferando.at
wenku.lieferando.at
westeuropehhsvaccines.lieferando.at
windowsample.lieferando.at
wsh161.lieferando.at
ww.lieferando.at
www.anti-virus.lieferando.at
www.antivirus1.lieferando.at
www.backsoon.lieferando.at
www.bbgr5.lieferando.at
www.cvs.portali-dir.lieferando.at
www.cvs.portali.lieferando.at
www.glencove.fooxx.lieferando.at
www.lieferando.at
www.notes.lieferando.at
www.portali.lieferando.at
www.raphaelserra.lieferando.at
www.sbe3.lieferando.at
www.session-bass-player.lieferando.at
www.ssg-heap.als.lieferando.at
www.tutarotlatino.lieferando.at
www.updatekey-antivirus.lieferando.at
www.vaccines.lieferando.at
www.veeda.lieferando.at
www.verwijdertvirusspyware.lieferando.at
www.virusbot.lieferando.at
www.welcome.develop.lieferando.at
www2s.lieferando.at
www2u.lieferando.at
www4b.lieferando.at
www5a.lieferando.at
www5b.lieferando.at
www5c.lieferando.at
www5d.lieferando.at
www5f.lieferando.at
www7a.lieferando.at
www7b.lieferando.at
xmaskaradax.lieferando.at
xn--80aa5alfu.lieferando.at
xroads.lieferando.at
yellowfevervaccine-courier-app.lieferando.at
yellowfevervaccine-lb.lieferando.at
yellowfevervaccine.lieferando.at
zerovirus-east-22s.lieferando.at
zeroviruses.lieferando.at
zeroviruses2019.lieferando.at
zerovirusescovideo-vaccine.lieferando.at
zerovirusescovideo.lieferando.at
zerovirusteast-16s.lieferando.at
