admintool-experimental-1.lime.bike
admintool-experimental-2.lime.bike
admintool-experimental.lime.bike
admintool-latest.lime.bike
admintool-staging.lime.bike
admintool.lime.bike
alation.lime.bike
api.lime.bike
assets-experimental.lime.bike
assets.lime.bike
cdn.lime.bike
cdn.ops.lime.bike
data.lime.bike
external-api.lime.bike
external-data.lime.bike
help.lime.bike
inbound.lime.bike
internal.lime.bike
iot-platform-core-eks-production-a.lime.bike
iot-platform-core-eks-production-b.lime.bike
iot-platform-core.lime.bike
iot-proxy-gen2-production-standby.lime.bike
iot-proxy-gen2-production.lime.bike
iot-proxy-gen2-staging.lime.bike
istio-test.lime.bike
juicer-test-nick.lime.bike
juicer.lime.bike
lime.bike
lp-staging.lime.bike
lp.lime.bike
ops-cdn-test-2.lime.bike
ops-cdn-test.lime.bike
ops.lime.bike
production-a-rider-ingress.lime.bike
production-b-rider-ingress.lime.bike
proxy-2.lime.bike
proxy-gen2-experimental.lime.bike
proxy-gen2-production-standby.lime.bike
proxy-gen2-production.lime.bike
proxy-production-3.lime.bike
proxy-production.lime.bike
rasserver-staging.lime.bike
rasserver.lime.bike
scooterlog-eks-production-b.lime.bike
scooterlog-staging-eks.lime.bike
scooterlog-staging.lime.bike
scooterlog.lime.bike
sensor-upload-eks-production-b.lime.bike
sensor-upload-staging.lime.bike
sensor-upload.lime.bike
staging-rider-ingress.lime.bike
superset.lime.bike
web-experimental-1.lime.bike
web-experimental-2.lime.bike
web-experimental.lime.bike
web-latest.lime.bike
web-production.lime.bike
web-staging-eks.lime.bike
web-staging.lime.bike
web.lime.bike
webviews-latest.lime.bike
webviews-staging.lime.bike
webviews.lime.bike
www.lime.bike
www.proxy-production.lime.bike
