_dmarc.login.gov
acmeqa.login.gov
app.brody.login.gov
app.dev.login.gov
app.dm.login.gov
app.int.login.gov
app.pt.login.gov
app.qa.login.gov
apps.brody.login.gov
apps.dev.login.gov
apps.dm.login.gov
apps.int.login.gov
apps.qa.login.gov
brody.login.gov
chef-dev-tf.login.gov
chef-tf.login.gov
chef.dev.login.gov
chef.login.gov
ci.login.gov
d240.pivcac.prod.login.gov
dashboard.brody.login.gov
dashboard.ci.login.gov
dashboard.demo.login.gov
dashboard.dev.login.gov
dashboard.dm.login.gov
dashboard.int.login.gov
dashboard.jjg.login.gov
dashboard.jp.login.gov
dashboard.pt.login.gov
dashboard.qa.login.gov
dashboard.staging.login.gov
dashboard.tf.login.gov
data.login.gov
demo-worker.login.gov
demo.login.gov
design.login.gov
dev-tf.login.gov
dev-worker.login.gov
dev.login.gov
developer.login.gov
developers.login.gov
dm.login.gov
dnesting.login.gov
ericmill.login.gov
gitlab.main.gitlab.login.gov
gitlab.prod.gitlab.login.gov
gitlab.production.gitlab.login.gov
handbook.login.gov
idp-demo.login.gov
idp-dev-tf.login.gov
idp-dev.login.gov
idp-i-06617b3a558388ddb.prod.login.gov
idp-qa.login.gov
idp.acmeqa.login.gov
idp.brody.login.gov
idp.ci.login.gov
idp.demo.login.gov
idp.dev.login.gov
idp.dm.login.gov
idp.dnesting.login.gov
idp.ericmill.login.gov
idp.int.login.gov
idp.jg.login.gov
idp.jjg.login.gov
idp.jp.login.gov
idp.mc.login.gov
idp.mz.login.gov
idp.prod.login.gov
idp.pt.login.gov
idp.qa.login.gov
idp.staging.login.gov
idp.sverch.login.gov
idp.tf.login.gov
idv-demo.login.gov
idv-dev-tf.login.gov
idv-dev.login.gov
idv-qa.login.gov
idv.demo.login.gov
idv.dev.login.gov
idv.qa.login.gov
idv.tf.login.gov
int.login.gov
jg.login.gov
jjg.login.gov
jp.login.gov
mc.login.gov
mta-sts.login.gov
mz.login.gov
pa11y.login.gov
partners.login.gov
pivcac.dm.login.gov
pivcac.prod.login.gov
pivcac.staging.login.gov
preview.login.gov
prod.login.gov
pt.login.gov
public-reporting-data.dm.login.gov
public-reporting-data.staging.login.gov
qa.login.gov
rp-demo.login.gov
rp-dev.login.gov
rp-qa.login.gov
rp.demo.login.gov
rp.dev.login.gov
rp.qa.login.gov
rp.tf.login.gov
sam-landing.login.gov
secure.login.gov
sp-demo.login.gov
sp-dev-tf.login.gov
sp-dev.login.gov
sp-oidc-sinatra.brody.login.gov
sp-oidc-sinatra.ci.login.gov
sp-oidc-sinatra.dev.login.gov
sp-oidc-sinatra.dm.login.gov
sp-oidc-sinatra.int.login.gov
sp-oidc-sinatra.jjg.login.gov
sp-oidc-sinatra.jp.login.gov
sp-oidc-sinatra.pt.login.gov
sp-oidc-sinatra.qa.login.gov
sp-oidc-sinatra.tf.login.gov
sp-python.demo.login.gov
sp-python.dev.login.gov
sp-qa.login.gov
sp-rails.brody.login.gov
sp-rails.ci.login.gov
sp-rails.demo.login.gov
sp-rails.dev.login.gov
sp-rails.dm.login.gov
sp-rails.int.login.gov
sp-rails.jjg.login.gov
sp-rails.jp.login.gov
sp-rails.pt.login.gov
sp-rails.qa.login.gov
sp-rails.staging.login.gov
sp-rails.tf.login.gov
sp-sinatra.brody.login.gov
sp-sinatra.ci.login.gov
sp-sinatra.demo.login.gov
sp-sinatra.dev.login.gov
sp-sinatra.dm.login.gov
sp-sinatra.int.login.gov
sp-sinatra.jjg.login.gov
sp-sinatra.jp.login.gov
sp-sinatra.pt.login.gov
sp-sinatra.qa.login.gov
sp-sinatra.staging.login.gov
sp-sinatra.tf.login.gov
sp.brody.login.gov
sp.ci.login.gov
sp.demo.login.gov
sp.dev.login.gov
sp.dm.login.gov
sp.int.login.gov
sp.jjg.login.gov
sp.jp.login.gov
sp.pt.login.gov
sp.qa.login.gov
sp.staging.login.gov
sp.tf.login.gov
staging.login.gov
static.idp.dm.login.gov
static.secure.login.gov
status.login.gov
sverch.login.gov
tf-worker.login.gov
tf.login.gov
worker.dev.login.gov
worker.tf.login.gov
www.login.gov
www.pivcac.prod.login.gov
www.pivcac.staging.login.gov
