134.81-166-62.customer.lyst.com
14.lyst.com
225.79-161-65.customer.lyst.com
6jxe1r0v3l.lyst.com
7sa1unz96j.lyst.com
api.lyst.com
b.lyst.com
blog.lyst.com
bnc3.lyst.com
boomerang.lyst.com
business.lyst.com
checkout.lyst.com
commonplaces.lyst.com
developers.lyst.com
email.lyst.com
gif.lyst.com
iazwzp.lyst.com
insights.lyst.com
internal.lyst.com
life.lyst.com
lyst.com
making.lyst.com
master.lyst.com
moderation.lyst.com
news-staging.lyst.com
news.lyst.com
newsitemaps.lyst.com
o2.email.lyst.com
origin-news.lyst.com
r.lyst.com
s.lyst.com
s1.send.lyst.com
s2.send.lyst.com
s3.send.lyst.com
s5.lyst.com
send.lyst.com
sitemaps-glue.lyst.com
sitemaps.lyst.com
w.lyst.com
winit.lyst.com
ww.lyst.com
www-alias.lyst.com
www.lyst.com
wwww.lyst.com
zendesk.lyst.com
