abacus.lystit.com
agif.lystit.com
alertmanager-internal.lystit.com
alertmanager.lystit.com
argocd.lystit.com
boomerang.lystit.com
bootstraptest-eks.srv.lystit.com
bork.lystit.com
branch-io-feed-web.lystit.com
braze-api.lystit.com
bridge.lystit.com
cdn.lystit.com
cdn1.lystit.com
cdn2.lystit.com
cdn3.lystit.com
cdn4.lystit.com
cdna.lystit.com
cdnb.lystit.com
cdnc.lystit.com
cdnd.lystit.com
cdni.lystit.com
cdnj.lystit.com
cdnk.lystit.com
cdnl.lystit.com
cdntest.lystit.com
checkout-admin.lystit.com
ci3-beta.lystit.com
circle.lystit.com
circleci.lystit.com
cloudflare-logs.lystit.com
cloudflare.eks-1-19.srv.lystit.com
cloudflare.eks-1-20-nr-prod-trial.srv.lystit.com
cloudflare.eks-1-20.srv.lystit.com
cloudflare.eks-ci.srv.lystit.com
cloudflare.eks-gha.srv.lystit.com
cloudflare.eks-tktest.srv.lystit.com
cloudflare.eks-tools-1-19.srv.lystit.com
cms.lystit.com
codecov.lystit.com
confluence-2020.lystit.com
confluence-internal.lystit.com
confluence-staging.lystit.com
confluence.lystit.com
connect-admin.lystit.com
connect.lystit.com
cornucopia.lystit.com
cron-eks.srv.lystit.com
data-dictionary.lystit.com
dbt-docs.lystit.com
designer-moderation.lystit.com
dex-test.srv.lystit.com
docs.lystit.com
dogs.lystit.com
drome.lystit.com
echo-aleph.cron-eks.srv.lystit.com
echo-bet.cron-eks.srv.lystit.com
eks-1-17-redux.srv.lystit.com
eks-1-17.srv.lystit.com
eks-1-18.srv.lystit.com
eks-1-18b.srv.lystit.com
eks-1-19.srv.lystit.com
eks-1-20-nr-prod-trial.srv.lystit.com
eks-1-20.srv.lystit.com
eks-20200522.srv.lystit.com
eks-ci.srv.lystit.com
eks-circle-1-18.srv.lystit.com
eks-gha.srv.lystit.com
eks-tktest.srv.lystit.com
eks-tools-1-18.srv.lystit.com
eks-tools-1-19.srv.lystit.com
engineering.lystit.com
feedfetcher.lystit.com
git.lystit.com
grafana.lystit.com
graphite.lystit.com
hamster-tunnel.lystit.com
hr-sync.lystit.com
images-eu-west-1.lystit.com
images-geo.lystit.com
images.lystit.com
intalb.eks-1-19.srv.lystit.com
intalb.eks-1-20-nr-prod-trial.srv.lystit.com
intalb.eks-1-20.srv.lystit.com
intalb.eks-ci.srv.lystit.com
intalb.eks-gha.srv.lystit.com
intalb.eks-tktest.srv.lystit.com
intalb.eks-tools-1-19.srv.lystit.com
intelb.eks-1-19.srv.lystit.com
intelb.eks-1-20-nr-prod-trial.srv.lystit.com
intelb.eks-1-20.srv.lystit.com
intelb.eks-ci.srv.lystit.com
intelb.eks-gha.srv.lystit.com
intelb.eks-tktest.srv.lystit.com
intelb.eks-tools-1-19.srv.lystit.com
internal.eks-1-18.srv.lystit.com
internal.eks-1-19.srv.lystit.com
internal.eks-1-20-nr-prod-trial.srv.lystit.com
internal.eks-1-20.srv.lystit.com
internal.eks-ci.srv.lystit.com
internal.eks-circle-1-18.srv.lystit.com
internal.eks-gha.srv.lystit.com
internal.eks-tktest.srv.lystit.com
internal.eks-tools-1-18.srv.lystit.com
internal.eks-tools-1-19.srv.lystit.com
intnlb.eks-1-19.srv.lystit.com
intnlb.eks-1-20-nr-prod-trial.srv.lystit.com
intnlb.eks-1-20.srv.lystit.com
intnlb.eks-ci.srv.lystit.com
intnlb.eks-gha.srv.lystit.com
intnlb.eks-tktest.srv.lystit.com
intnlb.eks-tools-1-19.srv.lystit.com
istio-eks.srv.lystit.com
jenkins-2019.lystit.com
jenkins-pr.lystit.com
jira-2020.lystit.com
jira-internal.lystit.com
jira-staging.lystit.com
jira.lystit.com
judy.lystit.com
logs-direct.lystit.com
logs.lystit.com
loki-internal.lystit.com
loki.lystit.com
lyst-analyst-test-2.lystit.com
lyst-analyst-test.lystit.com
lystit.com
mailchimp-gdpr.lystit.com
meryl.lystit.com
microservices-eks.srv.lystit.com
microservices-empire-internal.lystit.com
microservices-empire.lystit.com
mobileapi-swagger.lystit.com
mobileapi.lystit.com
monorepo-eks.srv.lystit.com
npm.lystit.com
openvas.lystit.com
openvpn-access.lystit.com
os.lystit.com
packages-internal.lystit.com
packages.lystit.com
pes.lystit.com
plasma-metabase.lystit.com
plasma.lystit.com
problemsets.lystit.com
public.eks-1-18.srv.lystit.com
public.eks-1-19.srv.lystit.com
public.eks-1-20-nr-prod-trial.srv.lystit.com
public.eks-1-20.srv.lystit.com
public.eks-ci.srv.lystit.com
public.eks-circle-1-18.srv.lystit.com
public.eks-gha.srv.lystit.com
public.eks-tktest.srv.lystit.com
public.eks-tools-1-18.srv.lystit.com
public.eks-tools-1-19.srv.lystit.com
quarantine-2019.lystit.com
quarantine.lystit.com
queen.lystit.com
reply.git.lystit.com
restricted-public.eks-1-18.srv.lystit.com
restricted-public.eks-1-19.srv.lystit.com
restricted-public.eks-1-20-nr-prod-trial.srv.lystit.com
restricted-public.eks-1-20.srv.lystit.com
restricted-public.eks-ci.srv.lystit.com
restricted-public.eks-circle-1-18.srv.lystit.com
restricted-public.eks-gha.srv.lystit.com
restricted-public.eks-tktest.srv.lystit.com
restricted-public.eks-tools-1-18.srv.lystit.com
restricted-public.eks-tools-1-19.srv.lystit.com
retailer-x-website-public.microservices.srv.lystit.com
retailer.lystit.com
rpubelb.eks-1-19.srv.lystit.com
rpubelb.eks-1-20-nr-prod-trial.srv.lystit.com
rpubelb.eks-1-20.srv.lystit.com
rpubelb.eks-ci.srv.lystit.com
rpubelb.eks-gha.srv.lystit.com
rpubelb.eks-tktest.srv.lystit.com
rpubelb.eks-tools-1-19.srv.lystit.com
saka.lystit.com
sentry.lystit.com
shipper-internal.lystit.com
shipper-preview.lystit.com
shipper.lystit.com
smart.lystit.com
srv.lystit.com
sso.website-eks.srv.lystit.com
static.lystit.com
sushi.lystit.com
tag.lystit.com
talks.lystit.com
test.hr-sync.hr-sync.lystit.com
testing-web-paid.lystit.com
testing-web-seo.lystit.com
testing-web-sitemaps.lystit.com
testing-web-user.lystit.com
testing-web.lystit.com
tools-eks.srv.lystit.com
user.lystit.com
watchtower.lystit.com
web.cornucopia-public.microservices.srv.lystit.com
web.designer-moderation-public.microservices.srv.lystit.com
web.dogs-public.microservices.srv.lystit.com
web.drome-public.microservices.srv.lystit.com
web.judy-public.microservices.srv.lystit.com
web.lyst-connect-admin-public.microservices.srv.lystit.com
web.lyst-connect-public.microservices.srv.lystit.com
web.meryl-public.microservices.srv.lystit.com
web.plasma-metabase-public.microservices.srv.lystit.com
web.plasma-public.microservices.srv.lystit.com
web.retailer-public.microservices.srv.lystit.com
web.retailer-x-website-public.microservices.srv.lystit.com
web.sushi-public.microservices.srv.lystit.com
web.user-public.microservices.srv.lystit.com
web.web-frontend-redirect-public.website-201710.srv.lystit.com
website-201710-empire-internal.lystit.com
website-201710-empire.lystit.com
website-eks.srv.lystit.com
website-empire-internal.lystit.com
website-empire.lystit.com
wormhole.lystit.com
www.alpha.lystit.com
www.cdnb.lystit.com
www.lystit.com
www.moderation.lystit.com
