account.mackeeper.com
account.sz.mackeeper.com
account.tz.mackeeper.com
accountstage.mackeeper.com
adblocking.mackeeper.com
adwareanalyzer.mackeeper.com
adwareanalyzerapp.mackeeper.com
affiliates.mackeeper.com
antitheft.mackeeper.com
antitheft.sz.mackeeper.com
antitheftstage.mackeeper.com
api-ne.mackeeper.com
api-ne.sz.mackeeper.com
api.account.mackeeper.com
api.account.sz.mackeeper.com
api.account.tz.mackeeper.com
api.mackeeper.com
app.ut.mackeeper.com
app1.account.eu.mackeeper.com
app1.account.us.mackeeper.com
app1.adwareanalyzer.mackeeper.com
app1.at.eu.mackeeper.com
app1.land.us.mackeeper.com
app1.land.us.sz.mackeeper.com
app1.site.eu.mackeeper.com
app1.site.sg.mackeeper.com
app1.site.us.mackeeper.com
app1.translate.mackeeper.com
app1.updater.mackeeper.com
app1.ut.mackeeper.com
app2.account.eu.mackeeper.com
app2.account.us.mackeeper.com
app2.at.eu.mackeeper.com
app2.land.us.mackeeper.com
app2.site.eu.mackeeper.com
app2.site.sg.mackeeper.com
app2.site.us.mackeeper.com
app3.account.us.mackeeper.com
app3.at.eu.mackeeper.com
app3.land.us.mackeeper.com
app4.at.eu.mackeeper.com
app4.land.us.mackeeper.com
assets.mackeeper.com
assets.sz.mackeeper.com
autocrash.mackeeper.com
avupdate.mackeeper.com
bn-cdn.mackeeper.com
call.mackeeper.com
cdn-ovh.mackeeper.com
cdn.mackeeper.com
cdn.sz.mackeeper.com
cdn1.mackeeper.com
cdn2.mackeeper.com
cf.mackeeper.com
chat-crm.account.mackeeper.com
chat-crm.account.sz.mackeeper.com
chat-crm.mackeeper.com
cn.mackeeper.com
crm.account.mackeeper.com
crm.mackeeper.com
dl.mackeeper.com
dl1.mackeeper.com
download-sz.mackeeper.com
download.mackeeper.com
download1.mackeeper.com
download2.mackeeper.com
e.mackeeper.com
event.mackeeper.com
generator.mackeeper.com
generator.sz.mackeeper.com
geo.mackeeper.com
get.mackeeper.com
h1.tz.mackeeper.com
h2.tz.mackeeper.com
help.mackeeper.com
help.sz.mackeeper.com
install.mackeeper.com
kbill-stage.mackeeper.com
kbill.mackeeper.com
land.mackeeper.com
land.sz.mackeeper.com
lb-api.account.mackeeper.com
lb-ldrapi.mackeeper.com
lb-mc.mackeeper.com
lb.account.mackeeper.com
lb.account.sz.mackeeper.com
lb.mackeeper.com
lb.site.sz.mackeeper.com
lb.sz.mackeeper.com
ldr.mackeeper.com
ldrapi.mackeeper.com
load.mackeeper.com
lp.mackeeper.com
mackeeper.com
mackeeperapp-cn.mackeeper.com
mackeeperapp.mackeeper.com
mackeeperapp.sz.mackeeper.com
mackeeperapp1.mackeeper.com
mackeeperapp2.mackeeper.com
mackeeperapp3.mackeeper.com
mackeeperapp4.mackeeper.com
mail.mackeeper.com
mail1.mackeeper.com
mail2.mackeeper.com
manual.mackeeper.com
manual.sz.mackeeper.com
mc.mackeeper.com
mk.mackeeper.com
mkapi.mackeeper.com
mkapi.sz.mackeeper.com
mkapistage.mackeeper.com
mx.mackeeper.com
mx1.mackeeper.com
mx2.mackeeper.com
new.mackeeper.com
noreply.mackeeper.com
pkg.mackeeper.com
postman.mackeeper.com
receive.mackeeper.com
rtprealtimeprotection.mackeeper.com
rz.mackeeper.com
safeweb.mackeeper.com
securecart.mackeeper.com
securestore.mackeeper.com
site.sz.mackeeper.com
stage-account.mackeeper.com
stage-app1.adwareanalyzer.mackeeper.com
stage-mkapi.mackeeper.com
stage-static-cdn.mackeeper.com
stage.account.mackeeper.com
stage.antitheft.mackeeper.com
stage.mkapi.mackeeper.com
start.ad.mackeeper.com
start.other.mackeeper.com
start.partners.mackeeper.com
static-account.mackeeper.com
static-cdn.mackeeper.com
static-cdn.sz.mackeeper.com
static-site.mackeeper.com
static.mackeeper.com
statistic.mackeeper.com
statistic.sz.mackeeper.com
support.mackeeper.com
sz.mackeeper.com
test-account.mackeeper.com
test-affiliates.mackeeper.com
test-cdn.mackeeper.com
test-updateav.mackeeper.com
test.sz.mackeeper.com
trackmymac.mackeeper.com
tz.mackeeper.com
update.mackeeper.com
updateav.mackeeper.com
updateav.sz.mackeeper.com
updater.mackeeper.com
updates-cdn.mackeeper.com
updatetracker.mackeeper.com
uxtest1.mackeeper.com
uxtest2.mackeeper.com
uxtest3.mackeeper.com
uxtest4.mackeeper.com
vpn-api.mackeeper.com
ws-antitheft.mackeeper.com
ws1-antitheft.mackeeper.com
ws1.at.eu.mackeeper.com
ws2-antitheft.mackeeper.com
ws2.at.eu.mackeeper.com
www.mackeeper.com
www.manual.mackeeper.com
www.static.mackeeper.com
www.statistic.mackeeper.com
yapi.mackeeper.com
zchat.account.mackeeper.com
