autodiscover.megatix.be
bookingapi-kinepolis.megatix.be
bookingapi.kinepolis.megatix.be
cera.megatix.be
cms-kinepolis.megatix.be
cms.kinepolis.megatix.be
db-staging.megatix.be
db01.megatix.be
db02.megatix.be
dc02.megatix.be
enterpriseenrollment.megatix.be
enterpriseregistration.megatix.be
es-kinepolis.megatix.be
full.megatix.be
gamingkinepolis.megatix.be
kinepolis.megatix.be
lb01.megatix.be
lb02.megatix.be
luxfilmfestfilms.megatix.be
luxfilmfestpass.megatix.be
luxfilmfestproducts.megatix.be
luxfilmfesttickets.megatix.be
lyncdiscover.megatix.be
mail.megatix.be
megatix.be
movieapi-kinepolis.megatix.be
movieapi.kinepolis.megatix.be
msoid.megatix.be
origin-twd7h7w5ac.megatix.be
prod-bookingapi-kinepolis.megatix.be
prod-kinepolis.megatix.be
prod-klub.megatix.be
prod-tmf.megatix.be
prod1-kinepolis.megatix.be
prod1.kinepolis.megatix.be
prod2-kinepolis.megatix.be
prod2.kinepolis.megatix.be
prod3.kinepolis.megatix.be
proddmz01.megatix.be
proddmz02.megatix.be
proximus.megatix.be
sip.megatix.be
stage-bookingapi-kinepolis.megatix.be
stage-kinepolis.megatix.be
stage-klub.megatix.be
stage-lmcmoviecard.megatix.be
stage-luxfilmfestfilms.megatix.be
stage-luxfilmfestproducts.megatix.be
stage-luxfilmfesttickets.megatix.be
stage-tmf.megatix.be
stage.bookingapi.megatix.be
stage.cms.megatix.be
stage.kinepolis.megatix.be
stage.movieapi.megatix.be
stage.umbracoapi.megatix.be
stageadyen.megatix.be
stagekineloyal.megatix.be
umbracoapi-kinepolis.megatix.be
umbracoapi.kinepolis.megatix.be
w.megatix.be
web-staging.megatix.be
web01.megatix.be
web02.megatix.be
web03.megatix.be
www.bookingapi.kinepolis.megatix.be
www.megatix.be
