123.miwifi.com
api.apm.miwifi.com
api.miwifi.com
api.network.apm.miwifi.com
api.speed.miwifi.com
api.staging.miwifi.com
api.test.miwifi.com
app.miwifi.com
bigota.miwifi.com
broker-global.miwifi.com
broker.miwifi.com
d.miwifi.com
device.miwifi.com
eu.api.miwifi.com
eu.broker.miwifi.com
guest.miwifi.com
htp.miwifi.com
in.api.miwifi.com
in.broker.miwifi.com
in.log.miwifi.com
log.miwifi.com
logout.miwifi.com
micard.sg.api.miwifi.com
miwifi.com
network.apm.miwifi.com
oauth2.miwifi.com
orig.bigota.miwifi.com
orig.s.miwifi.com
orig.www.miwifi.com
pc.api.miwifi.com
prefetch.miwifi.com
preview.api.miwifi.com
proxy.miwifi.com
router.miwifi.com
ru.api.miwifi.com
ru.broker.miwifi.com
s.miwifi.com
safe.miwifi.com
sg.api.miwifi.com
sg.broker.miwifi.com
smart.miwifi.com
stun.miwifi.com
test.miwifi.com
tw.api.miwifi.com
tw.bigota.miwifi.com
tw.log.miwifi.com
us.api.miwifi.com
us.log.miwifi.com
weixin.miwifi.com
www.api.miwifi.com
www.d.miwifi.com
www.log.miwifi.com
www.miwifi.com
www.oauth2.miwifi.com
www.router.miwifi.com
www.s.miwifi.com
www.staging.miwifi.com
www.us.api.miwifi.com
www.us.log.miwifi.com
www1.miwifi.com
