0-accounts.mjrtheatres.com
0-aleagamingltd.mjrtheatres.com
0-global.mjrtheatres.com
0.mjrtheatres.com
0www.mjrtheatres.com
2.mjrtheatres.com
222.mjrtheatres.com
35400www.mjrtheatres.com
3ww.mjrtheatres.com
booking.mjrtheatres.com
connect.mjrtheatres.com
denis114-ticketing.mjrtheatres.com
mjrtheatres.com
profile.mjrtheatres.com
strategyand.mjrtheatres.com
survey.mjrtheatres.com
ticketing.mjrtheatres.com
vasa.mjrtheatres.com
ww.mjrtheatres.com
www.connect.mjrtheatres.com
www.mjrtheatres.com
www.wwww.mjrtheatres.com
wwww.mjrtheatres.com
ypheq96.1.mjrtheatres.com
