4.sophosxl.netgwg.line.naver.jp
aax.amazon-adsystem.comgwg.line.naver.jp
account.official.line.naver.jp
admin.coupon.line.naver.jp
admin.feedback.line.naver.jp
admin.kids.line.naver.jp
admin.manga.line.naver.jp
admin.sale.line.naver.jp
admin.supporters.line.naver.jp
alpha-game.line.naver.jp
alpha-tauth.line.naver.jp
api.camera.line.naver.jp
api.freecoin.line.naver.jp
api.line.naver.jp
api.manga.line.naver.jp
apis.line.naver.jp
app.line.naver.jp
appresources.line.naver.jp
beta-cafeapi.line.naver.jp
beta-myhome.line.naver.jp
beta-noteapi.line.naver.jp
beta-poker.line.naver.jp
beta.api.camera.line.naver.jp
beta.camera.line.naver.jp
beta.dl.camimg.line.naver.jp
biz.line.naver.jp
bug.line.naver.jp
cafeapi.line.naver.jp
cafeobs.line.naver.jp
callback.line.naver.jp
callbacks-temp.genapicloud.comgwg.line.naver.jp
camera.line.naver.jp
camimg.line.naver.jp
ch.freecoin.line.naver.jp
channel-apis-beta.line.naver.jp
channel-apis-rc.line.naver.jp
channel-apis.line.naver.jp
channel-beta.line.naver.jp
channel-rc.line.naver.jp
channel.line.naver.jp
chgw.line.naver.jp
cloudgz-ecs.gravityzone.bitdefender.comga2g.line.naver.jp
coupon-img.line.naver.jp
coupon.line.naver.jp
d2g.line.naver.jp
developers.line.naver.jp
dl-channel.line.naver.jp
dl-hsp.profile.line.naver.jp
dl-obs.official.line.naver.jp
dl.app.line.naver.jp
dl.appresource.line.naver.jp
dl.camimg.line.naver.jp
dl.common.line.naver.jp
dl.desktop.line.naver.jp
dl.line.naver.jp
dl.official.line.naver.jp
dl.os.line.naver.jp
dl.osc.line.naver.jp
dl.profile.line.naver.jp
dl.shop.line.naver.jp
dl.stickershop.line.naver.jp
dl.vaccine.line.naver.jp
feedback.line.naver.jp
fortune.line.naver.jp
g.line.naver.jp
g2s.line.naver.jp
ga.line.naver.jp
ga2.line.naver.jp
ga2g.line.naver.jp
ga2i.line.naver.jp
ga2k.line.naver.jp
ga2s.line.naver.jp
ga2u.line.naver.jp
ga2v.line.naver.jp
ga2w.line.naver.jp
ga2x.line.naver.jp
game.line.naver.jp
gameapp.line.naver.jp
gb.line.naver.jp
gbg.line.naver.jp
gbs.line.naver.jp
gbu.line.naver.jp
gbv.line.naver.jp
gd2.line.naver.jp
gd2g.line.naver.jp
gd2i.line.naver.jp
gd2k.line.naver.jp
gd2s.line.naver.jp
gd2u-rc.line.naver.jp
gd2u.line.naver.jp
gd2v.line.naver.jp
gd2w.line.naver.jp
gd2x.line.naver.jp
gda2.line.naver.jp
gf.line.naver.jp
gfg.line.naver.jp
gfk.line.naver.jp
gfp.line.naver.jp
gfpg.line.naver.jp
gfpk-rc.line.naver.jp
gfpk.line.naver.jp
gfps-rc.line.naver.jp
gfps.line.naver.jp
gfpu.line.naver.jp
gfpv.line.naver.jp
gfpw.line.naver.jp
gfpz.line.naver.jp
gfs.line.naver.jp
gfu.line.naver.jp
gfv.line.naver.jp
gfw-rc3.line.naver.jp
gfw.line.naver.jp
gi.line.naver.jp
gig.line.naver.jp
gis.line.naver.jp
giu.line.naver.jp
gm.line.naver.jp
gm2.line.naver.jp
gm2z.line.naver.jp
gmg.line.naver.jp
gmk.line.naver.jp
gmp.line.naver.jp
gmpi-rc3.line.naver.jp
gmpi.line.naver.jp
gms.line.naver.jp
gmu.line.naver.jp
gmv.line.naver.jp
gmw.line.naver.jp
gsz.line.naver.jp
gw.line.naver.jp
gwg.line.naver.jp
gwi.line.naver.jp
gwk.line.naver.jp
gwpz.line.naver.jp
gws.line.naver.jp
gwu.line.naver.jp
gwv.line.naver.jp
gww.line.naver.jp
gwx.line.naver.jp
gwz.line.naver.jp
gxx.line.naver.jp
homeapi.line.naver.jp
httpga2v.line.naver.jp
kids.line.naver.jp
legy-backup.line.naver.jp
legy-de-addr.line.naver.jp
legy-de-long.line.naver.jp
legy-de-short.line.naver.jp
legy-gslb.line.naver.jp
legy-jp-addr-long.line.naver.jp
legy-jp-addr-short.line.naver.jp
legy-jp-addr.line.naver.jp
legy-jp-long.line.naver.jp
legy-jp-short.line.naver.jp
legy-jp.line.naver.jp
legy-kr-long.line.naver.jp
legy-kr-short.line.naver.jp
legy-sg-addr.line.naver.jp
legy-sg-long.line.naver.jp
legy-sg-short.line.naver.jp
legy-us-addr.line.naver.jp
legy-us-long.line.naver.jp
legy-us-short.line.naver.jp
legy-vn-long.line.naver.jp
legy-vn-short.line.naver.jp
line.naver.jp
lineat-navi.line.naver.jp
manga.line.naver.jp
mangan.line.naver.jp
media.line.naver.jp
myhome.line.naver.jp
news.line.naver.jp
obs-cn.rts.line.naver.jp
obs-de.rts.line.naver.jp
obs-jp.rts.line.naver.jp
obs-kr.rts.line.naver.jp
obs-sg.rts.line.naver.jp
obs-th.rts.line.naver.jp
obs-tw.rts.line.naver.jp
obs-us.rts.line.naver.jp
official.line.naver.jp
org.camimg.line.naver.jp
org.stickershop.line.naver.jp
os-pub.line.naver.jp
os-vn.line.naver.jp
os.line.naver.jp
osc.line.naver.jp
pdvsc1.rts.line.naver.jp
pdvsc2.rts.line.naver.jp
play.line.naver.jp
playos.line.naver.jp
poker.line.naver.jp
pr.line.naver.jp
qr.line.naver.jp
rc-cafeapi.line.naver.jp
rc-noteapi.line.naver.jp
rcv-accept-mail.line.naver.jp
rcvmail.line.naver.jp
rr.img.line.naver.jp
s.seedtag.comgwg.line.naver.jp
sale.line.naver.jp
schedule.line.naver.jp
sdl-shop.line.naver.jp
sdl-stickershop.line.naver.jp
service.line.naver.jp
shop.line.naver.jp
stage-myhome.line.naver.jp
static.line.naver.jp
stf.line.naver.jp
stickershop.line.naver.jp
streaming.line.naver.jp
supporters.line.naver.jp
sv.line.naver.jp
t.line.naver.jp
tauth.line.naver.jp
timeline.line.naver.jp
vaccine.line.naver.jp
vid.official.line.naver.jp
www.line.naver.jp
