17sonybravia.dev.network-auth.com
18tqawww-harrisbank.dev.network-auth.com
19-tqavgn-harrisbank.dev.network-auth.com
25252fn317.network-auth.com
271727.genapicloud.comn229.network-auth.com
272319.genapicloud.comn193.network-auth.com
2fn317.network-auth.com
account-staging.network-auth.com
account.network-auth.com
account.sandbox.network-auth.com
agsglobal.dev.network-auth.com
amex.dev.network-auth.com
aprilfcheung.dev.network-auth.com
arc.msn.comn229.network-auth.com
autoconfig.dev.network-auth.com
autodiscover.dev.network-auth.com
blms.dev2.network-auth.com
blogx.dev.network-auth.com
cbreset.dev.network-auth.com
cftqavgn-harrisbank21.dev.network-auth.com
cionbase.dev.network-auth.com
circuitb.dev.network-auth.com
config.edge.skype.comn229.network-auth.com
dev.network-auth.com
dev2.network-auth.com
elan.dev.network-auth.com
formsadmin.dev2.network-auth.com
ftp.dev.network-auth.com
internacc.dev.network-auth.com
itqavgn-bmo.dev.network-auth.com
jpmena-cdn.dev.network-auth.com
kchwcdn.dev.network-auth.com
kirby-update-mirror.dev.network-auth.com
loadbalancer-insignia.dev.network-auth.com
log-hwcdn.dev.network-auth.com
m.dev.network-auth.com
mail.network-auth.com
n1.network-auth.com
n10-spare.network-auth.com
n10.network-auth.com
n100.network-auth.com
n1001.network-auth.com
n1002.network-auth.com
n1003.network-auth.com
n101.network-auth.com
n102-spare.network-auth.com
n102.network-auth.com
n103.network-auth.com
n104-spare.network-auth.com
n104.network-auth.com
n105.network-auth.com
n106-spare.network-auth.com
n106.network-auth.com
n107-spare.network-auth.com
n107.network-auth.com
n108-spare.network-auth.com
n108.network-auth.com
n109.network-auth.com
n11.network-auth.com
n110-spare.network-auth.com
n110.network-auth.com
n111-spare.network-auth.com
n111.network-auth.com
n112-spare.network-auth.com
n112.network-auth.com
n113.network-auth.com
n114.network-auth.com
n115.network-auth.com
n116.network-auth.com
n117-spare.network-auth.com
n117.network-auth.com
n118-spare.network-auth.com
n118.network-auth.com
n119-spare.network-auth.com
n119.network-auth.com
n12-spare.network-auth.com
n12.network-auth.com
n120.network-auth.com
n121.network-auth.com
n122-spare.network-auth.com
n122.network-auth.com
n123.network-auth.com
n124-spare.network-auth.com
n124.network-auth.com
n125.network-auth.com
n126-spare.network-auth.com
n126.network-auth.com
n127-spare.network-auth.com
n127.network-auth.com
n128.network-auth.com
n129-spare.network-auth.com
n129.network-auth.com
n13.network-auth.com
n130.network-auth.com
n131-spare.network-auth.com
n131.network-auth.com
n132.network-auth.com
n133.network-auth.com
n134.network-auth.com
n135-spare.network-auth.com
n135.network-auth.com
n136-spare.network-auth.com
n136.network-auth.com
n137.network-auth.com
n138-spare.network-auth.com
n138.network-auth.com
n139.network-auth.com
n14-spare.network-auth.com
n14.network-auth.com
n140.network-auth.com
n141.network-auth.com
n142.network-auth.com
n143-spare.network-auth.com
n143.network-auth.com
n144-spare.network-auth.com
n144.network-auth.com
n145.network-auth.com
n146-spare.network-auth.com
n146.network-auth.com
n147.network-auth.com
n148.network-auth.com
n149.network-auth.com
n15-spare.network-auth.com
n15.network-auth.com
n150.network-auth.com
n151-spare.network-auth.com
n151.network-auth.com
n152.network-auth.com
n153-spare.network-auth.com
n153.network-auth.com
n154-spare.network-auth.com
n154.network-auth.com
n155-spare.network-auth.com
n155.network-auth.com
n156.network-auth.com
n157.network-auth.com
n158-spare.network-auth.com
n158.network-auth.com
n159-spare.network-auth.com
n159.network-auth.com
n16.network-auth.com
n160-spare.network-auth.com
n160.network-auth.com
n161.network-auth.com
n162.network-auth.com
n163.network-auth.com
n164-spare.network-auth.com
n164.network-auth.com
n165-spare.network-auth.com
n165.network-auth.com
n166.network-auth.com
n167.network-auth.com
n168.network-auth.com
n169-spare.network-auth.com
n169.network-auth.com
n17.network-auth.com
n170.network-auth.com
n171.network-auth.com
n172.network-auth.com
n173-spare.network-auth.com
n173.network-auth.com
n174-spare.network-auth.com
n174.network-auth.com
n175.network-auth.com
n176.network-auth.com
n177.network-auth.com
n178.network-auth.com
n179-spare.network-auth.com
n179.network-auth.com
n18.network-auth.com
n180.network-auth.com
n181.network-auth.com
n182.network-auth.com
n183.network-auth.com
n184.network-auth.com
n185-spare.network-auth.com
n185.network-auth.com
n186.network-auth.com
n187-spare.network-auth.com
n187.network-auth.com
n188.network-auth.com
n189-spare.network-auth.com
n189.network-auth.com
n19-spare.network-auth.com
n19.network-auth.com
n190.network-auth.com
n191.network-auth.com
n192.network-auth.com
n193.network-auth.com
n194.network-auth.com
n195-spare.network-auth.com
n195.network-auth.com
n196.network-auth.com
n197.network-auth.com
n198.network-auth.com
n199.network-auth.com
n2.network-auth.com
n20.network-auth.com
n200.network-auth.com
n201-spare.network-auth.com
n201.network-auth.com
n202.network-auth.com
n203.network-auth.com
n204-spare.network-auth.com
n204.network-auth.com
n205.network-auth.com
n206.network-auth.com
n207.network-auth.com
n208.network-auth.com
n209.network-auth.com
n21.network-auth.com
n210.network-auth.com
n211-spare.network-auth.com
n211.network-auth.com
n212.network-auth.com
n213.network-auth.com
n214-spare.network-auth.com
n214.network-auth.com
n215-spare.network-auth.com
n215.network-auth.com
n216.network-auth.com
n217.network-auth.com
n218.network-auth.com
n219-spare.network-auth.com
n219.network-auth.com
n22-spare.network-auth.com
n22.network-auth.com
n220-spare.network-auth.com
n220.network-auth.com
n221.network-auth.com
n222.network-auth.com
n223.network-auth.com
n224.network-auth.com
n225.network-auth.com
n226.network-auth.com
n227.network-auth.com
n228.network-auth.com
n229.network-auth.com
n23.network-auth.com
n230.network-auth.com
n231.network-auth.com
n232.network-auth.com
n233.network-auth.com
n234.network-auth.com
n235-spare.network-auth.com
n235.network-auth.com
n236-spare.network-auth.com
n236.network-auth.com
n237-spare.network-auth.com
n237.network-auth.com
n238-spare.network-auth.com
n238.network-auth.com
n239.network-auth.com
n24.network-auth.com
n240-spare.network-auth.com
n240.network-auth.com
n241-spare.network-auth.com
n241.network-auth.com
n242-spare.network-auth.com
n242.network-auth.com
n243-spare.network-auth.com
n243.network-auth.com
n244-spare.network-auth.com
n244.network-auth.com
n245-spare.network-auth.com
n245.network-auth.com
n246-spare.network-auth.com
n246.network-auth.com
n247-spare.network-auth.com
n247.network-auth.com
n248-spare.network-auth.com
n248.network-auth.com
n249-spare.network-auth.com
n249.network-auth.com
n25-spare.network-auth.com
n25.network-auth.com
n251-spare.network-auth.com
n251.network-auth.com
n252-spare.network-auth.com
n252.network-auth.com
n254.network-auth.com
n257.network-auth.com
n259.network-auth.com
n26-spare.network-auth.com
n26.network-auth.com
n262.network-auth.com
n263.network-auth.com
n264.network-auth.com
n265-spare.network-auth.com
n265.network-auth.com
n266-spare.network-auth.com
n266.network-auth.com
n267-spare.network-auth.com
n267.network-auth.com
n268-spare.network-auth.com
n268.network-auth.com
n269-spare.network-auth.com
n269.network-auth.com
n27-spare.network-auth.com
n27.network-auth.com
n270.network-auth.com
n271.network-auth.com
n272.network-auth.com
n273.network-auth.com
n274-spare.network-auth.com
n274.network-auth.com
n276-spare.network-auth.com
n276.network-auth.com
n277.network-auth.com
n278-spare.network-auth.com
n279.network-auth.com
n28-spare.network-auth.com
n28.network-auth.com
n280.network-auth.com
n281-spare.network-auth.com
n281.network-auth.com
n282-spare.network-auth.com
n282.network-auth.com
n283.network-auth.com
n284-spare.network-auth.com
n284.network-auth.com
n285.network-auth.com
n286.network-auth.com
n287.network-auth.com
n288.network-auth.com
n289.network-auth.com
n29.network-auth.com
n290-spare.network-auth.com
n290.network-auth.com
n292.network-auth.com
n294-spare.network-auth.com
n294.network-auth.com
n297-spare.network-auth.com
n297.network-auth.com
n298-spare.network-auth.com
n298.network-auth.com
n299-spare.network-auth.com
n299.network-auth.com
n3.network-auth.com
n30.network-auth.com
n301.network-auth.com
n302.network-auth.com
n304-spare.network-auth.com
n304.network-auth.com
n305-spare.network-auth.com
n305.network-auth.com
n306.network-auth.com
n307.network-auth.com
n308.network-auth.com
n309.network-auth.com
n31.network-auth.com
n311.network-auth.com
n312.network-auth.com
n313.network-auth.com
n314.network-auth.com
n315.network-auth.com
n317.network-auth.com
n318.network-auth.com
n319-spare.network-auth.com
n319.network-auth.com
n32.network-auth.com
n320-spare.network-auth.com
n320.network-auth.com
n321.network-auth.com
n322.network-auth.com
n323.network-auth.com
n324.network-auth.com
n325.network-auth.com
n326.network-auth.com
n327-spare.network-auth.com
n327.network-auth.com
n328.network-auth.com
n33.network-auth.com
n331.network-auth.com
n332.network-auth.com
n333.network-auth.com
n334.network-auth.com
n335-spare.network-auth.com
n335.network-auth.com
n337.network-auth.com
n339-spare.network-auth.com
n339.network-auth.com
n34-spare.network-auth.com
n34.network-auth.com
n340.network-auth.com
n341.network-auth.com
n342-spare.network-auth.com
n342.network-auth.com
n343-spare.network-auth.com
n343.network-auth.com
n344-spare.network-auth.com
n344.network-auth.com
n345.network-auth.com
n346.network-auth.com
n348-spare.network-auth.com
n348.network-auth.com
n349-spare.network-auth.com
n349.network-auth.com
n35.network-auth.com
n351-spare.network-auth.com
n351.network-auth.com
n353-spare.network-auth.com
n353.network-auth.com
n354.network-auth.com
n357-spare.network-auth.com
n358.network-auth.com
n359.network-auth.com
n36-spare.network-auth.com
n36.network-auth.com
n361-spare.network-auth.com
n361.network-auth.com
n363.network-auth.com
n364.network-auth.com
n365-spare.network-auth.com
n365.network-auth.com
n366-spare.network-auth.com
n366.network-auth.com
n367.network-auth.com
n368-spare.network-auth.com
n368.network-auth.com
n369.network-auth.com
n37.network-auth.com
n370.network-auth.com
n371.network-auth.com
n378.network-auth.com
n38-spare.network-auth.com
n38.network-auth.com
n380.network-auth.com
n384-spare.network-auth.com
n384.network-auth.com
n385.network-auth.com
n386-spare.network-auth.com
n386.network-auth.com
n388.network-auth.com
n389.network-auth.com
n39-spare.network-auth.com
n39.network-auth.com
n392.network-auth.com
n395-spare.network-auth.com
n395.network-auth.com
n397-spare.network-auth.com
n397.network-auth.com
n398.network-auth.com
n4.network-auth.com
n40-spare.network-auth.com
n40.network-auth.com
n400-spare.network-auth.com
n400.network-auth.com
n407.network-auth.com
n408.network-auth.com
n409-spare.network-auth.com
n409.network-auth.com
n41.network-auth.com
n414.network-auth.com
n417.network-auth.com
n42.network-auth.com
n421-spare.network-auth.com
n421.network-auth.com
n424.network-auth.com
n427.network-auth.com
n428.network-auth.com
n43.network-auth.com
n431.network-auth.com
n437-spare.network-auth.com
n437.network-auth.com
n438.network-auth.com
n44.network-auth.com
n443.network-auth.com
n444.network-auth.com
n448.network-auth.com
n449.network-auth.com
n45.network-auth.com
n451.network-auth.com
n459.network-auth.com
n46.network-auth.com
n461.network-auth.com
n47.network-auth.com
n48.network-auth.com
n49.network-auth.com
n5.network-auth.com
n50-spare.network-auth.com
n50.network-auth.com
n51-spare.network-auth.com
n51.network-auth.com
n52.network-auth.com
n53.network-auth.com
n54.network-auth.com
n55-spare.network-auth.com
n55.network-auth.com
n56-spare.network-auth.com
n56.network-auth.com
n57.network-auth.com
n58-spare.network-auth.com
n58.network-auth.com
n59.network-auth.com
n6-spare.network-auth.com
n6.network-auth.com
n60.network-auth.com
n61.network-auth.com
n62.network-auth.com
n63-spare.network-auth.com
n63.network-auth.com
n64.network-auth.com
n65.network-auth.com
n66-spare.network-auth.com
n66.network-auth.com
n67-spare.network-auth.com
n67.network-auth.com
n68.network-auth.com
n69.network-auth.com
n7.network-auth.com
n70-spare.network-auth.com
n70.network-auth.com
n71.network-auth.com
n72-spare-secure.dev.network-auth.com
n72.network-auth.com
n73.network-auth.com
n74-spare.network-auth.com
n74.network-auth.com
n75-spare.network-auth.com
n75.network-auth.com
n76.network-auth.com
n77-spare.network-auth.com
n77.network-auth.com
n78.network-auth.com
n79-spare.network-auth.com
n79.network-auth.com
n8.network-auth.com
n80.network-auth.com
n81.network-auth.com
n82.network-auth.com
n83-spare.network-auth.com
n83.network-auth.com
n84-spare.network-auth.com
n84.network-auth.com
n85.network-auth.com
n86.network-auth.com
n87-spare.network-auth.com
n87.network-auth.com
n88-spare.network-auth.com
n88.network-auth.com
n89.network-auth.com
n9.network-auth.com
n90.network-auth.com
n91.network-auth.com
n92.network-auth.com
n93-spare.network-auth.com
n93.network-auth.com
n94.network-auth.com
n95-spare.network-auth.com
n95.network-auth.com
n96.network-auth.com
n97.network-auth.com
n98-spare.network-auth.com
n98.network-auth.com
n99.network-auth.com
nathanb.dev.network-auth.com
network-auth.com
poc.network-auth.com
sandbox.network-auth.com
scout-las.dev.network-auth.com
secure.dev.network-auth.com
tqavgn-bmoharris21api-docs.dev.network-auth.com
tqavgn-bmoharris22b.dev.network-auth.com
tqavgn2-bmo-origin.dev.network-auth.com
webdisk.dev.network-auth.com
