.nr-data.net
917a5e8259d517e1.nr-data.net
affectionate-kowalevski.cell.us.nr-data.net
ar1a.cell.nr-data.net
ar2a.cell.us.nr-data.net
aware-piano.cell.us.nr-data.net
aws-ap-southeast-1.tracing.edge.nr-data.net
aws-ap-southeast-2.tracing.edge.nr-data.net
aws-eu-central-1.tracing.edge.eu.nr-data.net
aws-eu-west-1.tracing.edge.nr-data.net
aws-us-east-1.tracing.edge.nr-data.net
aws-us-east-2.tracing.edge.nr-data.net
aws-us-east-2.tracing.staging-edge.nr-data.net
aws-us-west-2.tracing.edge.nr-data.net
bam-1.nr-data.net
bam-2.nr-data.net
bam-3.nr-data.net
bam-4.nr-data.net
bam-5.nr-data.net
bam-6.nr-data.net
bam-7.nr-data.net
bam-8.nr-data.net
bam-9.nr-data.net
bam-cell.nr-data.net
bam-f10-i60-30.eu01.nr-data.net
bam.eu01.nr-data.net
bam.nr-data.net
beautiful-lovelace.cell.us.nr-data.net
c2.cell.us.nr-data.net
charming-khorana.cell.us.nr-data.net
chi-prod-cloud-collector.nr-data.net
chi-prod-collector.nr-data.net
chi-prod-infra-api.nr-data.net
chi-production-insights-collector.nr-data.net
chi-staging-cloud-collector.nr-data.net
chi-staging-collector.nr-data.net
chi-staging-infra-api.nr-data.net
chi-staging-insights-collector.nr-data.net
cjones-test.cell.nr-data.net
cloud-collector.eu01.nr-data.net
collector-001.eu01.nr-data.net
collector-pool.migration.cell.nr-data.net
com-bam.nr-data.net
cranky-leakey.cell.us.nr-data.net
dp1a.cell.us.nr-data.net
dp2a.cell.us.nr-data.net
dr01.nr-data.net
dr2a.cell.us.nr-data.net
dt2a.cell.us.nr-data.net
dy1a.cell.us.nr-data.net
elastic-ellis.cell.us.nr-data.net
eu-bitter-pack.cell.eu.nr-data.net
eu-brave-experience.cell.eu.nr-data.net
eu-flat-treat.cell.eu.nr-data.net
eu-fresh-motor.cell.eu.nr-data.net
eu-glass-king.cell.eu.nr-data.net
eu-jaded-stage.cell.eu.nr-data.net
eu-meek-maybe.cell.eu.nr-data.net
eu-proud-roof.cell.eu.nr-data.net
eu-rosy-actor.cell.eu.nr-data.net
eu-sane-exam.cell.eu.nr-data.net
eu-shady-hide.cell.eu.nr-data.net
eu-smol-name.cell.eu.nr-data.net
eu-vague-thing.cell.eu.nr-data.net
eu-white-tone.cell.eu.nr-data.net
eu.aws.otlp.nr-data.net
eu.otlp.nr-data.net
eu01.nr-data.net
every-tent.cell.us.nr-data.net
festive-pascal.cell.us.nr-data.net
foo.staging-otlp.nr-data.net
friendly-murdock.cell.us.nr-data.net
gallant-agnesi.cell.us.nr-data.net
gosling-dev.cell.us.nr-data.net
gov-bam.nr-data.net
gov-otlp.nr-data.net
gov-staging-bam.nr-data.net
gov-staging-otlp.nr-data.net
hl2a.cell.us.nr-data.net
infallible-wilbur.cell.us.nr-data.net
ingest-sandbox.cell.us.nr-data.net
ingest-test-api.eu01.nr-data.net
jd2b.cell.us.nr-data.net
keen-saha.cell.us.nr-data.net
keen-stallman.cell.us.nr-data.net
lefty-jeffrey.cell.us.nr-data.net
legal-egg.cell.us.nr-data.net
log-api-origin-chi.cell.nr-data.net
log-api-origin.cell.nr-data.net
log-api.eu01.nr-data.net
loggy-stashman.cell.us.nr-data.net
maas-dev.cell.us.nr-data.net
mad-egg.cell.us.nr-data.net
mb1a.cell.us.nr-data.net
md2a.cell.us.nr-data.net
mdennison-test-2.cell.us.nr-data.net
mdennison-test.cell.nr-data.net
mesh-int-blue.cell.us.nr-data.net
mesh-prd-blue.cell.us.nr-data.net
mesh-stg-blue.cell.us.nr-data.net
metric-api.eu01.nr-data.net
mn1a.cell.us.nr-data.net
mn2a.cell.us.nr-data.net
mobile-collector.eu01.nr-data.net
mobile-crash-origin.eu01.nr-data.net
modest-kare.cell.us.nr-data.net
mtb-test-01.cell.us.nr-data.net
mv2a.cell.us.nr-data.net
mytu-test.cell.nr-data.net
mytu-test.cell.us.nr-data.net
nice-kite.cell.us.nr-data.net
non-port-traffic.staging-otlp.nr-data.net
nr-data.net
ny1a.cell.us.nr-data.net
ny2a.cell.us.nr-data.net
objective-franklin.cell.us.nr-data.net
old.ingest-test-api.eu01.nr-data.net
optimistic-benz.cell.us.nr-data.net
origin.staging-otlp.nr-data.net
otlp.eu01.nr-data.net
otlp.nr-data.net
pedantic-hawking.cell.us.nr-data.net
quirky-vaughan.cell.us.nr-data.net
quizzical-edison.cell.us.nr-data.net
rt1a.cell.us.nr-data.net
rt2a.cell.us.nr-data.net
rt3a.cell.us.nr-data.net
service-mesh-dev.cell.us.nr-data.net
service.nr-data.net
silly-goldberg.cell.us.nr-data.net
sleepy-brown.cell.us.nr-data.net
spicy-flavortown.cell.us.nr-data.net
staging-bam-cell.nr-data.net
staging-bam.nr-data.net
staging-insights-collector-origin.nr-data.net
staging-otlp.nr-data.net
staging-service.nr-data.net
staging-synthetics-horde-admin-tmp.nr-data.net
staging-synthetics-horde.nr-data.net
staging-wayfinder.nr-data.net
staging.aws.otlp.nr-data.net
staging.otlp.nr-data.net
stg-agile-fishing.cell.us.nr-data.net
stg-ample-charge.cell.us.nr-data.net
stg-angry-pizza.cell.us.nr-data.net
stg-basic-jelly.cell.us.nr-data.net
stg-big-dog.cell.us.nr-data.net
stg-damaged-feed.cell.us.nr-data.net
stg-dark-city.cell.us.nr-data.net
stg-deep-soil.cell.us.nr-data.net
stg-deep-tree.cell.us.nr-data.net
stg-fancy-chicken.cell.us.nr-data.net
stg-fast-laptop.cell.us.nr-data.net
stg-flat-scheme.cell.us.nr-data.net
stg-frugal-watch.cell.us.nr-data.net
stg-glossy-wait.cell.us.nr-data.net
stg-harsh-mine.cell.us.nr-data.net
stg-hot-dog.cell.us.nr-data.net
stg-huge-sugar.cell.us.nr-data.net
stg-ideal-coach.cell.us.nr-data.net
stg-imaginary-error.cell.us.nr-data.net
stg-known-flag.cell.us.nr-data.net
stg-lefty-jeffrey.cell.us.nr-data.net
stg-lively-lift.cell.us.nr-data.net
stg-lucky-truck.cell.us.nr-data.net
stg-minor-wave.cell.us.nr-data.net
stg-other-implement.cell.us.nr-data.net
stg-peaceful-gauss.cell.us.nr-data.net
stg-popular-art.cell.us.nr-data.net
stg-purple-price.cell.us.nr-data.net
stg-quick-horse.cell.us.nr-data.net
stg-rigid-noise.cell.us.nr-data.net
stg-rosy-beach.cell.us.nr-data.net
stg-rude-reach.cell.us.nr-data.net
stg-sad-network.cell.us.nr-data.net
stg-safe-storm.cell.us.nr-data.net
stg-sea-dragon.cell.us.nr-data.net
stg-showy-brain.cell.us.nr-data.net
stg-slimy-week.cell.us.nr-data.net
stg-slow-save.cell.us.nr-data.net
stg-sneaky-zone.cell.us.nr-data.net
stg-steep-state.cell.us.nr-data.net
stg-tasty-file.cell.us.nr-data.net
stg-thin-clerk.cell.us.nr-data.net
stg-tubby-time.cell.us.nr-data.net
stg-unique-operation.cell.us.nr-data.net
stg-unusual-mixture.cell.us.nr-data.net
stg-used-animal.cell.us.nr-data.net
stg-vapid-switch.cell.us.nr-data.net
stg-warm-day.cell.us.nr-data.net
stg-wavy-music.cell.us.nr-data.net
stg-weak-rose.cell.us.nr-data.net
stg-wild-heart.cell.us.nr-data.net
stg-writhing-term.cell.us.nr-data.net
strong-spoon.cell.us.nr-data.net
sv.symcb.com-bam.nr-data.net
synthetics-horde.nr-data.net
syslog.eu.nr-data.net
syslog.nr-data.net
test-able-spoon.cell.us.nr-data.net
test-affectionate-kowalevski.cell.us.nr-data.net
test-air-ml.cell.us.nr-data.net
test-alive-van.cell.us.nr-data.net
test-angry-zebra.cell.us.nr-data.net
test-basic-boy.cell.us.nr-data.net
test-boring-wozniak.cell.us.nr-data.net
test-c2.cell.us.nr-data.net
test-civil-horse.cell.us.nr-data.net
test-cute-spoon.cell.us.nr-data.net
test-eu-delayed-mess.cell.eu.nr-data.net
test-happy-lion.cell.us.nr-data.net
test-happy-piano.cell.us.nr-data.net
test-huge-crowd.cell.us.nr-data.net
test-huge-night.cell.us.nr-data.net
test-idiotic-shot.cell.us.nr-data.net
test-legal-egg.cell.us.nr-data.net
test-mad-zoo.cell.us.nr-data.net
test-milky-novel.cell.us.nr-data.net
test-moist-depth.cell.us.nr-data.net
test-nifty-hermann.cell.us.nr-data.net
test-odd-wire.cell.us.nr-data.net
test-odd-wire.staging-otlp.nr-data.net
test-old-dog.cell.us.nr-data.net
test-old-whale.cell.us.nr-data.net
test-optimistic-benz.cell.us.nr-data.net
test-orange-winter.cell.us.nr-data.net
test-pesky-guitar.cell.us.nr-data.net
test-rare-quill.cell.us.nr-data.net
test-scary-orange.cell.us.nr-data.net
test-tan-spot.cell.us.nr-data.net
test-tiny-car.cell.us.nr-data.net
test-zealous-cray.cell.us.nr-data.net
tls10.eu01.nr-data.net
tls12.eu01.nr-data.net
us-able-vase.cell.us.nr-data.net
us-acrobatic-title.cell.us.nr-data.net
us-alive-tent.cell.us.nr-data.net
us-aromatic-bake.cell.us.nr-data.net
us-aware-stone.cell.us.nr-data.net
us-bay-bridge.cell.us.nr-data.net
us-big-motor.cell.us.nr-data.net
us-big-tension.cell.us.nr-data.net
us-black-coffee.cell.us.nr-data.net
us-boring-wozniak.cell.us.nr-data.net
us-brave-bath.cell.us.nr-data.net
us-calm-chain.cell.us.nr-data.net
us-caring-sail.cell.us.nr-data.net
us-civil-rain.cell.us.nr-data.net
us-classic-bell.cell.us.nr-data.net
us-clear-pane.cell.us.nr-data.net
us-cold-lunch.cell.us.nr-data.net
us-cute-wall.cell.us.nr-data.net
us-delicious-burn.cell.us.nr-data.net
us-dense-sale.cell.us.nr-data.net
us-discrete-memory.cell.us.nr-data.net
us-down-under.cell.us.nr-data.net
us-drab-recipe.cell.us.nr-data.net
us-drop-bear.cell.us.nr-data.net
us-eager-newton.cell.us.nr-data.net
us-east-2.aws.otlp.nr-data.net
us-elated-science.cell.us.nr-data.net
us-enchanting-data.cell.us.nr-data.net
us-every-rain.cell.us.nr-data.net
us-famous-house.cell.us.nr-data.net
us-fine-bill.cell.us.nr-data.net
us-flat-crack.cell.us.nr-data.net
us-fond-piano.cell.us.nr-data.net
us-gentle-brother.cell.us.nr-data.net
us-giant-card.cell.us.nr-data.net
us-glaring-post.cell.us.nr-data.net
us-glossy-year.cell.us.nr-data.net
us-good-wheel.cell.us.nr-data.net
us-great-idea.cell.us.nr-data.net
us-great-wu.cell.us.nr-data.net
us-guilty-leaf.cell.us.nr-data.net
us-hardcore-hopper.cell.us.nr-data.net
us-healthy-honey.cell.us.nr-data.net
us-hot-lunch.cell.us.nr-data.net
us-hungry-driscoll.cell.us.nr-data.net
us-hungry-menu.cell.us.nr-data.net
us-inner-beach.cell.us.nr-data.net
us-inner-gold.cell.us.nr-data.net
us-jolly-beard.cell.us.nr-data.net
us-juicy-class.cell.us.nr-data.net
us-junior-brick.cell.us.nr-data.net
us-keen-increase.cell.us.nr-data.net
us-kooky-move.cell.us.nr-data.net
us-large-piano.cell.us.nr-data.net
us-large-zoo.cell.us.nr-data.net
us-lavish-spend.cell.us.nr-data.net
us-legal-actor.cell.us.nr-data.net
us-loggy-stashman.cell.us.nr-data.net
us-lonely-nest.cell.us.nr-data.net
us-long-reach.cell.us.nr-data.net
us-loving-heart.cell.us.nr-data.net
us-lucid-lewin.cell.us.nr-data.net
us-lucky-river.cell.us.nr-data.net
us-mad-grass.cell.us.nr-data.net
us-mad-king.cell.us.nr-data.net
us-mixed-gate.cell.us.nr-data.net
us-motherly-team.cell.us.nr-data.net
us-musing-saha.cell.us.nr-data.net
us-needy-reading.cell.us.nr-data.net
us-nice-eye.cell.us.nr-data.net
us-noisy-lake.cell.us.nr-data.net
us-old-dream.cell.us.nr-data.net
us-pensive-borg.cell.us.nr-data.net
us-practical-shaw.cell.us.nr-data.net
us-pretty-pie.cell.us.nr-data.net
us-prime-gold.cell.us.nr-data.net
us-proper-meat.cell.us.nr-data.net
us-pure-night.cell.us.nr-data.net
us-quirky-deep.cell.us.nr-data.net
us-rare-lion.cell.us.nr-data.net
us-romantic-raman.cell.us.nr-data.net
us-safe-tell.cell.us.nr-data.net
us-salty-great.cell.us.nr-data.net
us-serene-lalande.cell.us.nr-data.net
us-shiny-fork.cell.us.nr-data.net
us-silly-maxwell.cell.us.nr-data.net
us-sleepy-drop.cell.us.nr-data.net
us-slushy-action.cell.us.nr-data.net
us-sour-main.cell.us.nr-data.net
us-sweet-edison.cell.us.nr-data.net
us-tall-flower.cell.us.nr-data.net
us-thin-pool.cell.us.nr-data.net
us-tiny-ghost.cell.us.nr-data.net
us-twin-effect.cell.us.nr-data.net
us-uneven-mood.cell.us.nr-data.net
us-used-gas.cell.us.nr-data.net
us-used-piece.cell.us.nr-data.net
us-vengeful-sock.cell.us.nr-data.net
us-warm-debt.cell.us.nr-data.net
us-wide-plane.cell.us.nr-data.net
us-wiggly-boat.cell.us.nr-data.net
us-windy-data.cell.us.nr-data.net
us-yummy-farm.cell.us.nr-data.net
us.aws.otlp.nr-data.net
vigilant-gauss.cell.us.nr-data.net
vortex-alb-2.test-boring-wozniak.cell.us.nr-data.net
vortex-alb.test-odd-wire.cell.us.nr-data.net.staging-otlp.nr-data.net
vortex-nlb-2.test-boring-wozniak.cell.us.nr-data.net
wayfinder-migration.nr-data.net
wayfinder.nr-data.net
wf.cell.eu.nr-data.net
wf.cell.nr-data.net
wfm.cell.eu.nr-data.net
wfm.cell.nr-data.net
wfm.nr-data.net
wonderful-lederberg.cell.us.nr-data.net
www.nr-data.net
xenodochial-feynman.cell.us.nr-data.net
zen-hellman.cell.us.nr-data.net
