10179.rpm-branch.nr-ops.net
11590.rpm-branch.nr-ops.net
11709.rpm-branch.nr-ops.net
11755.rpm-branch.nr-ops.net
11780.rpm-branch.nr-ops.net
11786.rpm-branch.nr-ops.net
11794.rpm-branch.nr-ops.net
11844.rpm-branch.nr-ops.net
11869.rpm-branch.nr-ops.net
11879.rpm-branch.nr-ops.net
11881.rpm-branch.nr-ops.net
11884.rpm-branch.nr-ops.net
account.nr-ops.net
ae0--100.br01.ord.us.nr-ops.net
ae0--100.br01.ord6.us.nr-ops.net
ae0--100.br02.ord.us.nr-ops.net
ae0--100.br02.ord6.us.nr-ops.net
ae0--101.br01.ord.us.nr-ops.net
ae0--101.br01.ord6.us.nr-ops.net
ae0--101.br02.ord.us.nr-ops.net
ae0--101.br02.ord6.us.nr-ops.net
ae0-0.br01.ord9.us.nr-ops.net
ae0-5.br01.ord1.us.nr-ops.net
ae0-5.br02.ord1.us.nr-ops.net
ae0.fw01.ord2.us.nr-ops.net
ae0.fw01.ord4.us.nr-ops.net
ae0.fw02.ord2.us.nr-ops.net
ae0.fw02.ord4.us.nr-ops.net
ae1-0.br01.ord1.us.nr-ops.net
ae1-0.br01.ord9.us.nr-ops.net
ae1-0.br02.ord1.us.nr-ops.net
affectionate-kowalevski.cell.us.nr-ops.net
alation.nr-ops.net
alerting.nr-ops.net
alerts.nr-ops.net
api.nr-ops.net
ar1a.cell.nr-ops.net
ar2a.cell.us.nr-ops.net
argocd.nr-ops.net
aware-piano.cell.us.nr-ops.net
awsdev.nr-ops.net
bal01.ord.us.nr-ops.net
bal01.ord6.us.nr-ops.net
bal02.ord.us.nr-ops.net
bal02.ord6.us.nr-ops.net
bal03.ord.us.nr-ops.net
bal03.ord6.us.nr-ops.net
bal04.ord.us.nr-ops.net
bal04.ord6.us.nr-ops.net
bal05.ord6.us.nr-ops.net
bal06.ord6.us.nr-ops.net
beautiful-lovelace.cell.us.nr-ops.net
bookinfo.ar2a.cell.us.nr-ops.net
bookinfo.mn2a.cell.us.nr-ops.net
bookinfo.mv2a.cell.us.nr-ops.net
br01.ord.us.nr-ops.net
br01.ord1.us.nr-ops.net
br01.ord6.us.nr-ops.net
br01.ord91.us.nr-ops.net
br02.ord.us.nr-ops.net
br02.ord1.us.nr-ops.net
br02.ord6.us.nr-ops.net
br02.ord91.us.nr-ops.net
c2.cell.us.nr-ops.net
cf-deployment-proxy.nr-ops.net
cf-registry-production.nr-ops.net
cf-registry.nr-ops.net
cf-traefik-prd2a.nr-ops.net
charming-khorana.cell.us.nr-ops.net
chi-ops-log-1.nr-ops.net
chi-staging-kafka-b.nr-ops.net
cjones-test.cell.nr-ops.net
cloudflare-test.nr-ops.net
cloudflare-test2.nr-ops.net
cobbler.nr-ops.net
cr01.ord6.us.nr-ops.net
cr02.ord6.us.nr-ops.net
cranky-leakey.cell.us.nr-ops.net
cxm.nr-ops.net
dal.sys.dr.nr-ops.net
dashboard.rpm-branch.nr-ops.net
datanerd-service.awsdev.nr-ops.net
dex.nr-ops.net
dirac.nr-ops.net
dp1a.cell.us.nr-ops.net
dp2a.cell.us.nr-ops.net
dr.nr-ops.net
dr2a.cell.us.nr-ops.net
dt2a.cell.us.nr-ops.net
dy1a.cell.us.nr-ops.net
elastic-ellis.cell.us.nr-ops.net
eu-bitter-pack.cell.eu.nr-ops.net
eu-brave-experience.cell.eu.nr-ops.net
eu-flat-treat.cell.eu.nr-ops.net
eu-fresh-motor.cell.eu.nr-ops.net
eu-glass-king.cell.eu.nr-ops.net
eu-jaded-stage.cell.eu.nr-ops.net
eu-meek-maybe.cell.eu.nr-ops.net
eu-proud-roof.cell.eu.nr-ops.net
eu-rosy-actor.cell.eu.nr-ops.net
eu-sane-exam.cell.eu.nr-ops.net
eu-shady-hide.cell.eu.nr-ops.net
eu-silly-club.cell.eu.nr-ops.net
eu-smol-name.cell.eu.nr-ops.net
eu-tough-sense.cell.eu.nr-ops.net
eu-vague-thing.cell.eu.nr-ops.net
eu-white-tone.cell.eu.nr-ops.net
eu.c2.nr-ops.net
every-tent.cell.us.nr-ops.net
example20200317.nr-ops.net
false.rpm-branch.nr-ops.net
festive-pascal.cell.us.nr-ops.net
fluxus.nr-ops.net
fra.sys.eu.nr-ops.net
frankfurt-replication-ldap-master.awsdev.nr-ops.net
friendly-murdock.cell.us.nr-ops.net
fw01.ord1.us.nr-ops.net
fw02.ord1.us.nr-ops.net
gallant-agnesi.cell.us.nr-ops.net
gatekeeper.nr-ops.net
gateway.ar2a.cell.us.nr-ops.net
global.c2.nr-ops.net
gosling-dev.cell.us.nr-ops.net
grandcentral-argo-test.ar2a.cell.us.nr-ops.net
hl2a.cell.us.nr-ops.net
iad.us.nr-ops.net
ignis.nr-ops.net
incubator.nr-ops.net
infallible-wilbur.cell.us.nr-ops.net
ingest-route-test.nr-ops.net
ingest-sandbox.cell.us.nr-ops.net
insights.nr-ops.net
ipam.nr-ops.net
jd2b.cell.us.nr-ops.net
keen-saha.cell.us.nr-ops.net
keen-stallman.cell.us.nr-ops.net
kibana-stg1a-es.cf-test.nr-ops.net
ldap-a.svc.us.nr-ops.net
ldap-b.svc.us.nr-ops.net
ldap-c.svc.us.nr-ops.net
ldap-d.svc.us.nr-ops.net
ldap-e.svc.us.nr-ops.net
ldap-f.svc.us.nr-ops.net
ldap-provider.svc.us.nr-ops.net
ldap.nr-ops.net
ldap.svc.eu.nr-ops.net
ldap.svc.us.nr-ops.net
lefty-jeffrey.cell.us.nr-ops.net
legal-egg.cell.us.nr-ops.net
lo0-0.br01.ord1.us.nr-ops.net
lo0-0.br01.ord2.us.nr-ops.net
lo0-0.br01.ord9.us.nr-ops.net
lo0-0.br01.ord90.us.nr-ops.net
lo0-0.br02.ord1.us.nr-ops.net
lo0-0.br02.ord90.us.nr-ops.net
lo0-100.fw01.ord1.us.nr-ops.net
lo0-100.fw01.ord2.us.nr-ops.net
lo0-100.fw01.ord4.us.nr-ops.net
lo0-100.fw02.ord1.us.nr-ops.net
lo0-100.fw02.ord2.us.nr-ops.net
lo0-100.fw02.ord4.us.nr-ops.net
logging.secops.nr-ops.net
logging.staging-secops.nr-ops.net
loggy-stashman.cell.us.nr-ops.net
logs.nr-ops.net
maas-dev.cell.us.nr-ops.net
mad-egg.cell.us.nr-ops.net
mb1a.cell.us.nr-ops.net
md2a.cell.us.nr-ops.net
mdennison-test-2.cell.us.nr-ops.net
mdennison-test.cell.nr-ops.net
mesh-int-blue.cell.us.nr-ops.net
mesh-prd-blue.cell.us.nr-ops.net
mesh-stg-blue.cell.us.nr-ops.net
mgi-dev.awsdev.nr-ops.net
mn1a.cell.us.nr-ops.net
mn2a.cell.us.nr-ops.net
modest-kare.cell.us.nr-ops.net
mtb-test-01.cell.us.nr-ops.net
mv2a.cell.us.nr-ops.net
mysql-agentdb-2-ro.nr-ops.net
mysql-agentdb-3-ro.nr-ops.net
mytu-test.cell.nr-ops.net
mytu-test.cell.us.nr-ops.net
nat.fw01.ord1.us.nr-ops.net
nat.fw01.ord2.us.nr-ops.net
nat.fw01.ord4.us.nr-ops.net
nat.fw02.ord1.us.nr-ops.net
nat.fw02.ord2.us.nr-ops.net
nat.fw02.ord4.us.nr-ops.net
nat.ord6.us.nr-ops.net
nexpose-insightvm.awsdev.nr-ops.net
nice-kite.cell.us.nr-ops.net
nms.nr-ops.net
nr-ops.net
nrge.nr-ops.net
ns1.nr-ops.net
ns2.nr-ops.net
ns3.nr-ops.net
ntp.nr-ops.net
nucleus-lb.nr-ops.net
ny1a.cell.us.nr-ops.net
ny2a.cell.us.nr-ops.net
objective-franklin.cell.us.nr-ops.net
observium.nr-ops.net
optimistic-benz.cell.us.nr-ops.net
ord.us.nr-ops.net
ord1.us.nr-ops.net
ord2.us.nr-ops.net
ord3.us.nr-ops.net
ord4.us.nr-ops.net
ord6.us.nr-ops.net
ord90.us.nr-ops.net
ord91.us.nr-ops.net
packagecloud.nr-ops.net
pedantic-hawking.cell.us.nr-ops.net
permissions.nr-ops.net
pivot.nr-ops.net
pr-10153.rpm-branch.nr-ops.net
pr-10179.rpm-branch.nr-ops.net
pr-10274.rpm-branch.nr-ops.net
pr-10313.rpm-branch.nr-ops.net
pr-10401.rpm-branch.nr-ops.net
pr-10563.rpm-branch.nr-ops.net
pr-10585.rpm-branch.nr-ops.net
pr-10657.rpm-branch.nr-ops.net
pr-10679.rpm-branch.nr-ops.net
pr-10748.rpm-branch.nr-ops.net
pr-10900.rpm-branch.nr-ops.net
pr-10908.rpm-branch.nr-ops.net
pr-10957.rpm-branch.nr-ops.net
pr-10973.rpm-branch.nr-ops.net
pr-10974.rpm-branch.nr-ops.net
pr-10975.rpm-branch.nr-ops.net
pr-10987.rpm-branch.nr-ops.net
pr-11030.rpm-branch.nr-ops.net
pr-11043.rpm-branch.nr-ops.net
pr-11065.rpm-branch.nr-ops.net
pr-11093.rpm-branch.nr-ops.net
pr-11101.rpm-branch.nr-ops.net
pr-11113.rpm-branch.nr-ops.net
pr-11138.rpm-branch.nr-ops.net
pr-11143.rpm-branch.nr-ops.net
pr-11160.rpm-branch.nr-ops.net
pr-11162.rpm-branch.nr-ops.net
pr-11176.rpm-branch.nr-ops.net
pr-11182.rpm-branch.nr-ops.net
pr-11249.rpm-branch.nr-ops.net
pr-11274.rpm-branch.nr-ops.net
pr-11304.rpm-branch.nr-ops.net
pr-11397.rpm-branch.nr-ops.net
pr-11429.rpm-branch.nr-ops.net
pr-11547.rpm-branch.nr-ops.net
pr-11597.rpm-branch.nr-ops.net
pr-11668.rpm-branch.nr-ops.net
pr-11678.rpm-branch.nr-ops.net
pr-11816.rpm-branch.nr-ops.net
pr-11825.rpm-branch.nr-ops.net
pr-11881.rpm-branch.nr-ops.net
pr-11888.rpm-branch.nr-ops.net
pr-11900.rpm-branch.nr-ops.net
pr-12000.rpm-branch.nr-ops.net
pr-12054.rpm-branch.nr-ops.net
pr-12056.rpm-branch.nr-ops.net
pr-12090.rpm-branch.nr-ops.net
pr-12104.rpm-branch.nr-ops.net
pr-12112.rpm-branch.nr-ops.net
pr-12113.rpm-branch.nr-ops.net
pr-12157.rpm-branch.nr-ops.net
pr-12235.rpm-branch.nr-ops.net
pr-12275.rpm-branch.nr-ops.net
pr-12280.rpm-branch.nr-ops.net
pr-12305.rpm-branch.nr-ops.net
pr-12307.rpm-branch.nr-ops.net
pr-12310.rpm-branch.nr-ops.net
pr-12313.rpm-branch.nr-ops.net
pr-12314.rpm-branch.nr-ops.net
pr-12315.rpm-branch.nr-ops.net
pr-12344.rpm-branch.nr-ops.net
pr-12360.rpm-branch.nr-ops.net
pr-12428.rpm-branch.nr-ops.net
pr-12429.rpm-branch.nr-ops.net
pr-12434.rpm-branch.nr-ops.net
pr-12435.rpm-branch.nr-ops.net
pr-12538.rpm-branch.nr-ops.net
pr-12542.rpm-branch.nr-ops.net
pr-12551.rpm-branch.nr-ops.net
pr-12565.rpm-branch.nr-ops.net
pr-12567.rpm-branch.nr-ops.net
pr-12571.rpm-branch.nr-ops.net
pr-12596.rpm-branch.nr-ops.net
pr-12621.rpm-branch.nr-ops.net
pr-12626.rpm-branch.nr-ops.net
pr-12663.rpm-branch.nr-ops.net
pr-12677.rpm-branch.nr-ops.net
pr-12698.rpm-branch.nr-ops.net
pr-12709.rpm-branch.nr-ops.net
pr-12714.rpm-branch.nr-ops.net
pr-12735.rpm-branch.nr-ops.net
pr-12756.rpm-branch.nr-ops.net
pr-12759.rpm-branch.nr-ops.net
pr-12788.rpm-branch.nr-ops.net
pr-12801.rpm-branch.nr-ops.net
pr-12834.rpm-branch.nr-ops.net
pr-12845.rpm-branch.nr-ops.net
pr-12849.rpm-branch.nr-ops.net
pr-12855.rpm-branch.nr-ops.net
pr-12884.rpm-branch.nr-ops.net
pr-12889.rpm-branch.nr-ops.net
pr-12895.rpm-branch.nr-ops.net
pr-12898.rpm-branch.nr-ops.net
pr-12906.rpm-branch.nr-ops.net
pr-12908.rpm-branch.nr-ops.net
pr-12911.rpm-branch.nr-ops.net
pr-12913.rpm-branch.nr-ops.net
pr-12919.rpm-branch.nr-ops.net
pr-12921.rpm-branch.nr-ops.net
pr-12922.rpm-branch.nr-ops.net
pr-12947.rpm-branch.nr-ops.net
pr-12963.rpm-branch.nr-ops.net
pr-12972.rpm-branch.nr-ops.net
pr-13002.rpm-branch.nr-ops.net
pr-13017.rpm-branch.nr-ops.net
pr-13026.rpm-branch.nr-ops.net
pr-13033.rpm-branch.nr-ops.net
pr-13049.rpm-branch.nr-ops.net
pr-13062.rpm-branch.nr-ops.net
pr-13066.rpm-branch.nr-ops.net
pr-13067.rpm-branch.nr-ops.net
pr-13090.rpm-branch.nr-ops.net
pr-13092.rpm-branch.nr-ops.net
pr-13105.rpm-branch.nr-ops.net
pr-13112.rpm-branch.nr-ops.net
pr-13116.rpm-branch.nr-ops.net
pr-13125.rpm-branch.nr-ops.net
pr-13126.rpm-branch.nr-ops.net
pr-13136.rpm-branch.nr-ops.net
pr-13163.rpm-branch.nr-ops.net
pr-13167.rpm-branch.nr-ops.net
pr-13170.rpm-branch.nr-ops.net
pr-13171.rpm-branch.nr-ops.net
pr-13184.rpm-branch.nr-ops.net
pr-13195.rpm-branch.nr-ops.net
pr-13219.rpm-branch.nr-ops.net
pr-13231.rpm-branch.nr-ops.net
pr-13242.rpm-branch.nr-ops.net
pr-13245.rpm-branch.nr-ops.net
pr-13249.rpm-branch.nr-ops.net
pr-13253.rpm-branch.nr-ops.net
pr-13261.rpm-branch.nr-ops.net
pr-13265.rpm-branch.nr-ops.net
pr-13271.rpm-branch.nr-ops.net
pr-13280.rpm-branch.nr-ops.net
pr-13283.rpm-branch.nr-ops.net
pr-13284.rpm-branch.nr-ops.net
pr-13285.rpm-branch.nr-ops.net
pr-13286.rpm-branch.nr-ops.net
pr-13288.rpm-branch.nr-ops.net
pr-13290.rpm-branch.nr-ops.net
pr-13314.rpm-branch.nr-ops.net
pr-13340.rpm-branch.nr-ops.net
pr-13361.rpm-branch.nr-ops.net
pr-13389.rpm-branch.nr-ops.net
pr-13394.rpm-branch.nr-ops.net
pr-13430.rpm-branch.nr-ops.net
pr-13452.rpm-branch.nr-ops.net
pr-13459.rpm-branch.nr-ops.net
pr-13462.rpm-branch.nr-ops.net
pr-13473.rpm-branch.nr-ops.net
pr-13538.rpm-branch.nr-ops.net
pr-13548.rpm-branch.nr-ops.net
pr-13561.rpm-branch.nr-ops.net
pr-13564.rpm-branch.nr-ops.net
pr-13572.rpm-branch.nr-ops.net
pr-13576.rpm-branch.nr-ops.net
pr-13585.rpm-branch.nr-ops.net
pr-13603.rpm-branch.nr-ops.net
pr-13608.rpm-branch.nr-ops.net
pr-13610.rpm-branch.nr-ops.net
pr-13611.rpm-branch.nr-ops.net
pr-13612.rpm-branch.nr-ops.net
pr-13613.rpm-branch.nr-ops.net
pr-13614.rpm-branch.nr-ops.net
pr-13615.rpm-branch.nr-ops.net
pr-13617.rpm-branch.nr-ops.net
pr-13620.rpm-branch.nr-ops.net
pr-13635.rpm-branch.nr-ops.net
pr-13703.rpm-branch.nr-ops.net
pr-13708.rpm-branch.nr-ops.net
pr-13718.rpm-branch.nr-ops.net
pr-13727.rpm-branch.nr-ops.net
pr-13736.rpm-branch.nr-ops.net
pr-13738.rpm-branch.nr-ops.net
pr-13752.rpm-branch.nr-ops.net
pr-13754.rpm-branch.nr-ops.net
pr-13755.rpm-branch.nr-ops.net
pr-13758.rpm-branch.nr-ops.net
pr-13760.rpm-branch.nr-ops.net
pr-13762.rpm-branch.nr-ops.net
pr-13763.rpm-branch.nr-ops.net
pr-13765.rpm-branch.nr-ops.net
pr-13766.rpm-branch.nr-ops.net
pr-13767.rpm-branch.nr-ops.net
pr-13768.rpm-branch.nr-ops.net
pr-13796.rpm-branch.nr-ops.net
pr-13824.rpm-branch.nr-ops.net
pr-13844.rpm-branch.nr-ops.net
pr-13857.rpm-branch.nr-ops.net
pr-13863.rpm-branch.nr-ops.net
pr-13886.rpm-branch.nr-ops.net
pr-13887.rpm-branch.nr-ops.net
pr-13895.rpm-branch.nr-ops.net
pr-13897.rpm-branch.nr-ops.net
pr-13899.rpm-branch.nr-ops.net
pr-13906.rpm-branch.nr-ops.net
pr-13907.rpm-branch.nr-ops.net
pr-13909.rpm-branch.nr-ops.net
pr-13911.rpm-branch.nr-ops.net
pr-13912.rpm-branch.nr-ops.net
pr-13913.rpm-branch.nr-ops.net
pr-13939.rpm-branch.nr-ops.net
pr-13981.rpm-branch.nr-ops.net
pr-13986.rpm-branch.nr-ops.net
pr-14009.rpm-branch.nr-ops.net
pr-14075.rpm-branch.nr-ops.net
pr-14079.rpm-branch.nr-ops.net
pr-14095.rpm-branch.nr-ops.net
pr-14096.rpm-branch.nr-ops.net
pr-14100.rpm-branch.nr-ops.net
pr-14114.rpm-branch.nr-ops.net
pr-14116.rpm-branch.nr-ops.net
pr-14117.rpm-branch.nr-ops.net
pr-14119.rpm-branch.nr-ops.net
pr-14123.rpm-branch.nr-ops.net
pr-14124.rpm-branch.nr-ops.net
pr-14126.rpm-branch.nr-ops.net
pr-14127.rpm-branch.nr-ops.net
pr-14129.rpm-branch.nr-ops.net
pr-14181.rpm-branch.nr-ops.net
pr-14242.rpm-branch.nr-ops.net
pr-14261.rpm-branch.nr-ops.net
pr-14269.rpm-branch.nr-ops.net
pr-14283.rpm-branch.nr-ops.net
pr-14284.rpm-branch.nr-ops.net
pr-14287.rpm-branch.nr-ops.net
pr-14290.rpm-branch.nr-ops.net
pr-14292.rpm-branch.nr-ops.net
pr-14299.rpm-branch.nr-ops.net
pr-14304.rpm-branch.nr-ops.net
pr-14305.rpm-branch.nr-ops.net
pr-14306.rpm-branch.nr-ops.net
pr-14307.rpm-branch.nr-ops.net
pr-14308.rpm-branch.nr-ops.net
pr-14309.rpm-branch.nr-ops.net
pr-14310.rpm-branch.nr-ops.net
pr-14312.rpm-branch.nr-ops.net
pr-14325.rpm-branch.nr-ops.net
pr-14347.rpm-branch.nr-ops.net
pr-14368.rpm-branch.nr-ops.net
pr-14384.rpm-branch.nr-ops.net
pr-14413.rpm-branch.nr-ops.net
pr-14416.rpm-branch.nr-ops.net
pr-14424.rpm-branch.nr-ops.net
pr-14430.rpm-branch.nr-ops.net
pr-14437.rpm-branch.nr-ops.net
pr-14441.rpm-branch.nr-ops.net
pr-14447.rpm-branch.nr-ops.net
pr-14450.rpm-branch.nr-ops.net
pr-14455.rpm-branch.nr-ops.net
pr-14459.rpm-branch.nr-ops.net
pr-14460.rpm-branch.nr-ops.net
pr-14465.rpm-branch.nr-ops.net
pr-14474.rpm-branch.nr-ops.net
pr-14484.rpm-branch.nr-ops.net
pr-14485.rpm-branch.nr-ops.net
pr-14488.rpm-branch.nr-ops.net
pr-14490.rpm-branch.nr-ops.net
pr-14491.rpm-branch.nr-ops.net
pr-14493.rpm-branch.nr-ops.net
pr-14494.rpm-branch.nr-ops.net
pr-14495.rpm-branch.nr-ops.net
pr-14540.rpm-branch.nr-ops.net
pr-14576.rpm-branch.nr-ops.net
pr-14581.rpm-branch.nr-ops.net
pr-14595.rpm-branch.nr-ops.net
pr-14600.rpm-branch.nr-ops.net
pr-14606.rpm-branch.nr-ops.net
pr-14618.rpm-branch.nr-ops.net
pr-14622.rpm-branch.nr-ops.net
pr-14625.rpm-branch.nr-ops.net
pr-14628.rpm-branch.nr-ops.net
pr-14634.rpm-branch.nr-ops.net
pr-14635.rpm-branch.nr-ops.net
pr-14641.rpm-branch.nr-ops.net
pr-14642.rpm-branch.nr-ops.net
pr-14644.rpm-branch.nr-ops.net
pr-14657.rpm-branch.nr-ops.net
pr-14748.rpm-branch.nr-ops.net
pr-14757.rpm-branch.nr-ops.net
pr-14762.rpm-branch.nr-ops.net
pr-14765.rpm-branch.nr-ops.net
pr-14766.rpm-branch.nr-ops.net
pr-14776.rpm-branch.nr-ops.net
pr-14779.rpm-branch.nr-ops.net
pr-14794.rpm-branch.nr-ops.net
pr-14810.rpm-branch.nr-ops.net
pr-14813.rpm-branch.nr-ops.net
pr-14814.rpm-branch.nr-ops.net
pr-14816.rpm-branch.nr-ops.net
pr-14818.rpm-branch.nr-ops.net
pr-14819.rpm-branch.nr-ops.net
pr-14821.rpm-branch.nr-ops.net
pr-14862.rpm-branch.nr-ops.net
pr-14887.rpm-branch.nr-ops.net
pr-14892.rpm-branch.nr-ops.net
pr-14926.rpm-branch.nr-ops.net
pr-14930.rpm-branch.nr-ops.net
pr-14937.rpm-branch.nr-ops.net
pr-14942.rpm-branch.nr-ops.net
pr-14952.rpm-branch.nr-ops.net
pr-15000.rpm-branch.nr-ops.net
pr-15020.rpm-branch.nr-ops.net
pr-15022.rpm-branch.nr-ops.net
pr-15070.rpm-branch.nr-ops.net
pr-15082.rpm-branch.nr-ops.net
pr-15133.rpm-branch.nr-ops.net
pr-15134.rpm-branch.nr-ops.net
pr-15146.rpm-branch.nr-ops.net
pr-15152.rpm-branch.nr-ops.net
pr-15174.rpm-branch.nr-ops.net
pr-15180.rpm-branch.nr-ops.net
pr-15191.rpm-branch.nr-ops.net
pr-15201.rpm-branch.nr-ops.net
pr-15230.rpm-branch.nr-ops.net
pr-15232.rpm-branch.nr-ops.net
pr-15235.rpm-branch.nr-ops.net
pr-15237.rpm-branch.nr-ops.net
pr-15238.rpm-branch.nr-ops.net
pr-15240.rpm-branch.nr-ops.net
pr-15255.rpm-branch.nr-ops.net
pr-15256.rpm-branch.nr-ops.net
pr-15261.rpm-branch.nr-ops.net
pr-15263.rpm-branch.nr-ops.net
pr-15264.rpm-branch.nr-ops.net
pr-15265.rpm-branch.nr-ops.net
pr-15270.rpm-branch.nr-ops.net
pr-15275.rpm-branch.nr-ops.net
pr-15277.rpm-branch.nr-ops.net
pr-15278.rpm-branch.nr-ops.net
pr-15285.rpm-branch.nr-ops.net
pr-15286.rpm-branch.nr-ops.net
pr-15288.rpm-branch.nr-ops.net
pr-15289.rpm-branch.nr-ops.net
pr-15291.rpm-branch.nr-ops.net
pr-15292.rpm-branch.nr-ops.net
pr-15338.rpm-branch.nr-ops.net
pr-15400.rpm-branch.nr-ops.net
pr-15406.rpm-branch.nr-ops.net
pr-15408.rpm-branch.nr-ops.net
pr-15445.rpm-branch.nr-ops.net
pr-15450.rpm-branch.nr-ops.net
pr-15452.rpm-branch.nr-ops.net
pr-15463.rpm-branch.nr-ops.net
pr-15468.rpm-branch.nr-ops.net
pr-15470.rpm-branch.nr-ops.net
pr-15475.rpm-branch.nr-ops.net
pr-15477.rpm-branch.nr-ops.net
pr-15483.rpm-branch.nr-ops.net
pr-15489.rpm-branch.nr-ops.net
pr-15490.rpm-branch.nr-ops.net
pr-15491.rpm-branch.nr-ops.net
pr-15492.rpm-branch.nr-ops.net
pr-15494.rpm-branch.nr-ops.net
pr-15496.rpm-branch.nr-ops.net
pr-15595.rpm-branch.nr-ops.net
pr-15631.rpm-branch.nr-ops.net
pr-15644.rpm-branch.nr-ops.net
pr-15647.rpm-branch.nr-ops.net
pr-15660.rpm-branch.nr-ops.net
pr-15664.rpm-branch.nr-ops.net
pr-15667.rpm-branch.nr-ops.net
pr-15675.rpm-branch.nr-ops.net
pr-15693.rpm-branch.nr-ops.net
pr-15695.rpm-branch.nr-ops.net
pr-15698.rpm-branch.nr-ops.net
pr-15704.rpm-branch.nr-ops.net
pr-15705.rpm-branch.nr-ops.net
pr-15710.rpm-branch.nr-ops.net
pr-15712.rpm-branch.nr-ops.net
pr-15713.rpm-branch.nr-ops.net
pr-15715.rpm-branch.nr-ops.net
pr-15716.rpm-branch.nr-ops.net
pr-15718.rpm-branch.nr-ops.net
pr-15720.rpm-branch.nr-ops.net
pr-15723.rpm-branch.nr-ops.net
pr-15725.rpm-branch.nr-ops.net
pr-15786.rpm-branch.nr-ops.net
pr-15789.rpm-branch.nr-ops.net
pr-15801.rpm-branch.nr-ops.net
pr-15804.rpm-branch.nr-ops.net
pr-15808.rpm-branch.nr-ops.net
pr-15819.rpm-branch.nr-ops.net
pr-15831.rpm-branch.nr-ops.net
pr-15854.rpm-branch.nr-ops.net
pr-15856.rpm-branch.nr-ops.net
pr-15857.rpm-branch.nr-ops.net
pr-15859.rpm-branch.nr-ops.net
pr-15863.rpm-branch.nr-ops.net
pr-15869.rpm-branch.nr-ops.net
pr-15874.rpm-branch.nr-ops.net
pr-15875.rpm-branch.nr-ops.net
pr-15888.rpm-branch.nr-ops.net
pr-15891.rpm-branch.nr-ops.net
pr-15921.rpm-branch.nr-ops.net
pr-15925.rpm-branch.nr-ops.net
pr-15927.rpm-branch.nr-ops.net
pr-15932.rpm-branch.nr-ops.net
pr-15933.rpm-branch.nr-ops.net
pr-15940.rpm-branch.nr-ops.net
pr-15943.rpm-branch.nr-ops.net
pr-15946.rpm-branch.nr-ops.net
pr-15948.rpm-branch.nr-ops.net
pr-15955.rpm-branch.nr-ops.net
pr-15960.rpm-branch.nr-ops.net
pr-15964.rpm-branch.nr-ops.net
pr-15965.rpm-branch.nr-ops.net
pr-15967.rpm-branch.nr-ops.net
pr-16033.rpm-branch.nr-ops.net
pr-16035.rpm-branch.nr-ops.net
pr-16053.rpm-branch.nr-ops.net
pr-16076.rpm-branch.nr-ops.net
pr-16077.rpm-branch.nr-ops.net
pr-16086.rpm-branch.nr-ops.net
pr-16111.rpm-branch.nr-ops.net
pr-16115.rpm-branch.nr-ops.net
pr-16117.rpm-branch.nr-ops.net
pr-16118.rpm-branch.nr-ops.net
pr-16119.rpm-branch.nr-ops.net
pr-16120.rpm-branch.nr-ops.net
pr-16122.rpm-branch.nr-ops.net
pr-16123.rpm-branch.nr-ops.net
pr-16124.rpm-branch.nr-ops.net
pr-16153.rpm-branch.nr-ops.net
pr-16163.rpm-branch.nr-ops.net
pr-16166.rpm-branch.nr-ops.net
pr-16188.rpm-branch.nr-ops.net
pr-16214.rpm-branch.nr-ops.net
pr-16215.rpm-branch.nr-ops.net
pr-16225.rpm-branch.nr-ops.net
pr-16228.rpm-branch.nr-ops.net
pr-16233.rpm-branch.nr-ops.net
pr-16236.rpm-branch.nr-ops.net
pr-16239.rpm-branch.nr-ops.net
pr-16243.rpm-branch.nr-ops.net
pr-16244.rpm-branch.nr-ops.net
pr-16245.rpm-branch.nr-ops.net
pr-16246.rpm-branch.nr-ops.net
pr-16248.rpm-branch.nr-ops.net
pr-16249.rpm-branch.nr-ops.net
pr-16250.rpm-branch.nr-ops.net
pr-16293.rpm-branch.nr-ops.net
pr-16295.rpm-branch.nr-ops.net
pr-16303.rpm-branch.nr-ops.net
pr-16318.rpm-branch.nr-ops.net
pr-16324.rpm-branch.nr-ops.net
pr-16332.rpm-branch.nr-ops.net
pr-16334.rpm-branch.nr-ops.net
pr-16336.rpm-branch.nr-ops.net
pr-16353.rpm-branch.nr-ops.net
pr-16354.rpm-branch.nr-ops.net
pr-16358.rpm-branch.nr-ops.net
pr-16359.rpm-branch.nr-ops.net
pr-16363.rpm-branch.nr-ops.net
pr-16364.rpm-branch.nr-ops.net
pr-16365.rpm-branch.nr-ops.net
pr-16366.rpm-branch.nr-ops.net
pr-16368.rpm-branch.nr-ops.net
pr-16369.rpm-branch.nr-ops.net
pr-16371.rpm-branch.nr-ops.net
pr-16375.rpm-branch.nr-ops.net
pr-16381.rpm-branch.nr-ops.net
pr-16385.rpm-branch.nr-ops.net
pr-16396.rpm-branch.nr-ops.net
pr-16413.rpm-branch.nr-ops.net
pr-16424.rpm-branch.nr-ops.net
pr-16430.rpm-branch.nr-ops.net
pr-16431.rpm-branch.nr-ops.net
pr-16446.rpm-branch.nr-ops.net
pr-16457.rpm-branch.nr-ops.net
pr-16462.rpm-branch.nr-ops.net
pr-16465.rpm-branch.nr-ops.net
pr-16467.rpm-branch.nr-ops.net
pr-16469.rpm-branch.nr-ops.net
pr-16474.rpm-branch.nr-ops.net
pr-16476.rpm-branch.nr-ops.net
pr-16484.rpm-branch.nr-ops.net
pr-16485.rpm-branch.nr-ops.net
pr-16486.rpm-branch.nr-ops.net
pr-16487.rpm-branch.nr-ops.net
pr-16488.rpm-branch.nr-ops.net
pr-16500.rpm-branch.nr-ops.net
pr-16506.rpm-branch.nr-ops.net
pr-16507.rpm-branch.nr-ops.net
pr-16517.rpm-branch.nr-ops.net
pr-16524.rpm-branch.nr-ops.net
pr-16527.rpm-branch.nr-ops.net
pr-16528.rpm-branch.nr-ops.net
pr-16539.rpm-branch.nr-ops.net
pr-16542.rpm-branch.nr-ops.net
pr-16546.rpm-branch.nr-ops.net
pr-16547.rpm-branch.nr-ops.net
pr-16548.rpm-branch.nr-ops.net
pr-16550.rpm-branch.nr-ops.net
pr-16551.rpm-branch.nr-ops.net
pr-16552.rpm-branch.nr-ops.net
pr-16553.rpm-branch.nr-ops.net
pr-16558.rpm-branch.nr-ops.net
pr-16570.rpm-branch.nr-ops.net
pr-16601.rpm-branch.nr-ops.net
pr-16604.rpm-branch.nr-ops.net
pr-16606.rpm-branch.nr-ops.net
pr-16608.rpm-branch.nr-ops.net
pr-16622.rpm-branch.nr-ops.net
pr-16626.rpm-branch.nr-ops.net
pr-16628.rpm-branch.nr-ops.net
pr-16637.rpm-branch.nr-ops.net
pr-16641.rpm-branch.nr-ops.net
pr-16642.rpm-branch.nr-ops.net
pr-16664.rpm-branch.nr-ops.net
pr-16671.rpm-branch.nr-ops.net
pr-16676.rpm-branch.nr-ops.net
pr-16677.rpm-branch.nr-ops.net
pr-16679.rpm-branch.nr-ops.net
pr-16680.rpm-branch.nr-ops.net
pr-16681.rpm-branch.nr-ops.net
pr-16682.rpm-branch.nr-ops.net
pr-16684.rpm-branch.nr-ops.net
pr-16685.rpm-branch.nr-ops.net
pr-16695.rpm-branch.nr-ops.net
pr-16718.rpm-branch.nr-ops.net
pr-16746.rpm-branch.nr-ops.net
pr-16759.rpm-branch.nr-ops.net
pr-16763.rpm-branch.nr-ops.net
pr-16766.rpm-branch.nr-ops.net
pr-16772.rpm-branch.nr-ops.net
pr-16775.rpm-branch.nr-ops.net
pr-16780.rpm-branch.nr-ops.net
pr-16783.rpm-branch.nr-ops.net
pr-16790.rpm-branch.nr-ops.net
pr-16793.rpm-branch.nr-ops.net
pr-16795.rpm-branch.nr-ops.net
pr-16798.rpm-branch.nr-ops.net
pr-16799.rpm-branch.nr-ops.net
pr-16801.rpm-branch.nr-ops.net
pr-16815.rpm-branch.nr-ops.net
pr-16873.rpm-branch.nr-ops.net
pr-16877.rpm-branch.nr-ops.net
pr-16884.rpm-branch.nr-ops.net
pr-16886.rpm-branch.nr-ops.net
pr-16901.rpm-branch.nr-ops.net
pr-16917.rpm-branch.nr-ops.net
pr-16923.rpm-branch.nr-ops.net
pr-16926.rpm-branch.nr-ops.net
pr-16932.rpm-branch.nr-ops.net
pr-16933.rpm-branch.nr-ops.net
pr-16934.rpm-branch.nr-ops.net
pr-16940.rpm-branch.nr-ops.net
pr-16942.rpm-branch.nr-ops.net
pr-16945.rpm-branch.nr-ops.net
pr-16948.rpm-branch.nr-ops.net
pr-16961.rpm-branch.nr-ops.net
pr-16976.rpm-branch.nr-ops.net
pr-16982.rpm-branch.nr-ops.net
pr-16989.rpm-branch.nr-ops.net
pr-16991.rpm-branch.nr-ops.net
pr-16992.rpm-branch.nr-ops.net
pr-16993.rpm-branch.nr-ops.net
pr-17013.rpm-branch.nr-ops.net
pr-17023.rpm-branch.nr-ops.net
pr-17038.rpm-branch.nr-ops.net
pr-17039.rpm-branch.nr-ops.net
pr-17058.rpm-branch.nr-ops.net
pr-17059.rpm-branch.nr-ops.net
pr-17103.rpm-branch.nr-ops.net
pr-17106.rpm-branch.nr-ops.net
pr-17120.rpm-branch.nr-ops.net
pr-17125.rpm-branch.nr-ops.net
pr-17136.rpm-branch.nr-ops.net
pr-17163.rpm-branch.nr-ops.net
pr-17176.rpm-branch.nr-ops.net
pr-17178.rpm-branch.nr-ops.net
pr-17184.rpm-branch.nr-ops.net
pr-17185.rpm-branch.nr-ops.net
pr-17186.rpm-branch.nr-ops.net
pr-17194.rpm-branch.nr-ops.net
pr-17206.rpm-branch.nr-ops.net
pr-17209.rpm-branch.nr-ops.net
pr-17210.rpm-branch.nr-ops.net
pr-17211.rpm-branch.nr-ops.net
pr-17212.rpm-branch.nr-ops.net
pr-17231.rpm-branch.nr-ops.net
pr-17253.rpm-branch.nr-ops.net
pr-17261.rpm-branch.nr-ops.net
pr-17272.rpm-branch.nr-ops.net
pr-17276.rpm-branch.nr-ops.net
pr-17299.rpm-branch.nr-ops.net
pr-17306.rpm-branch.nr-ops.net
pr-17308.rpm-branch.nr-ops.net
pr-17309.rpm-branch.nr-ops.net
pr-17322.rpm-branch.nr-ops.net
pr-17335.rpm-branch.nr-ops.net
pr-17336.rpm-branch.nr-ops.net
pr-17339.rpm-branch.nr-ops.net
pr-17342.rpm-branch.nr-ops.net
pr-17343.rpm-branch.nr-ops.net
pr-17344.rpm-branch.nr-ops.net
pr-17450.rpm-branch.nr-ops.net
pr-17523.rpm-branch.nr-ops.net
pr-17535.rpm-branch.nr-ops.net
pr-17541.rpm-branch.nr-ops.net
pr-17585.rpm-branch.nr-ops.net
pr-17595.rpm-branch.nr-ops.net
pr-17597.rpm-branch.nr-ops.net
pr-17599.rpm-branch.nr-ops.net
pr-17600.rpm-branch.nr-ops.net
pr-17608.rpm-branch.nr-ops.net
pr-17617.rpm-branch.nr-ops.net
pr-17704.rpm-branch.nr-ops.net
pr-17710.rpm-branch.nr-ops.net
pr-17725.rpm-branch.nr-ops.net
pr-17734.rpm-branch.nr-ops.net
pr-17735.rpm-branch.nr-ops.net
pr-17747.rpm-branch.nr-ops.net
pr-17764.rpm-branch.nr-ops.net
pr-17765.rpm-branch.nr-ops.net
pr-17772.rpm-branch.nr-ops.net
pr-17775.rpm-branch.nr-ops.net
pr-17777.rpm-branch.nr-ops.net
pr-17778.rpm-branch.nr-ops.net
pr-17782.rpm-branch.nr-ops.net
pr-17784.rpm-branch.nr-ops.net
pr-17786.rpm-branch.nr-ops.net
pr-17795.rpm-branch.nr-ops.net
pr-17799.rpm-branch.nr-ops.net
pr-17812.rpm-branch.nr-ops.net
pr-17818.rpm-branch.nr-ops.net
pr-17820.rpm-branch.nr-ops.net
pr-17821.rpm-branch.nr-ops.net
pr-17822.rpm-branch.nr-ops.net
pr-17823.rpm-branch.nr-ops.net
pr-17824.rpm-branch.nr-ops.net
pr-17826.rpm-branch.nr-ops.net
pr-17827.rpm-branch.nr-ops.net
pr-17829.rpm-branch.nr-ops.net
pr-17830.rpm-branch.nr-ops.net
pr-17831.rpm-branch.nr-ops.net
pr-17832.rpm-branch.nr-ops.net
pr-17835.rpm-branch.nr-ops.net
pr-17840.rpm-branch.nr-ops.net
pr-17854.rpm-branch.nr-ops.net
pr-17859.rpm-branch.nr-ops.net
pr-17877.rpm-branch.nr-ops.net
pr-17884.rpm-branch.nr-ops.net
pr-17893.rpm-branch.nr-ops.net
pr-17907.rpm-branch.nr-ops.net
pr-17910.rpm-branch.nr-ops.net
pr-17922.rpm-branch.nr-ops.net
pr-17928.rpm-branch.nr-ops.net
pr-17935.rpm-branch.nr-ops.net
pr-17938.rpm-branch.nr-ops.net
pr-17941.rpm-branch.nr-ops.net
pr-17945.rpm-branch.nr-ops.net
pr-17946.rpm-branch.nr-ops.net
pr-17950.rpm-branch.nr-ops.net
pr-17952.rpm-branch.nr-ops.net
pr-17954.rpm-branch.nr-ops.net
pr-17955.rpm-branch.nr-ops.net
pr-17965.rpm-branch.nr-ops.net
pr-17998.rpm-branch.nr-ops.net
pr-18023.rpm-branch.nr-ops.net
pr-18028.rpm-branch.nr-ops.net
pr-18059.rpm-branch.nr-ops.net
pr-18060.rpm-branch.nr-ops.net
pr-18063.rpm-branch.nr-ops.net
pr-18064.rpm-branch.nr-ops.net
pr-18069.rpm-branch.nr-ops.net
pr-18070.rpm-branch.nr-ops.net
pr-18077.rpm-branch.nr-ops.net
pr-18081.rpm-branch.nr-ops.net
pr-18083.rpm-branch.nr-ops.net
pr-18091.rpm-branch.nr-ops.net
pr-18095.rpm-branch.nr-ops.net
pr-18097.rpm-branch.nr-ops.net
pr-18099.rpm-branch.nr-ops.net
pr-18100.rpm-branch.nr-ops.net
pr-18101.rpm-branch.nr-ops.net
pr-18102.rpm-branch.nr-ops.net
pr-18106.rpm-branch.nr-ops.net
pr-18107.rpm-branch.nr-ops.net
pr-18121.rpm-branch.nr-ops.net
pr-18188.rpm-branch.nr-ops.net
pr-18190.rpm-branch.nr-ops.net
pr-18191.rpm-branch.nr-ops.net
pr-18203.rpm-branch.nr-ops.net
pr-18204.rpm-branch.nr-ops.net
pr-18208.rpm-branch.nr-ops.net
pr-18214.rpm-branch.nr-ops.net
pr-18228.rpm-branch.nr-ops.net
pr-18230.rpm-branch.nr-ops.net
pr-18238.rpm-branch.nr-ops.net
pr-18247.rpm-branch.nr-ops.net
pr-18248.rpm-branch.nr-ops.net
pr-18249.rpm-branch.nr-ops.net
pr-18252.rpm-branch.nr-ops.net
pr-18255.rpm-branch.nr-ops.net
pr-18256.rpm-branch.nr-ops.net
pr-18265.rpm-branch.nr-ops.net
pr-18303.rpm-branch.nr-ops.net
pr-18312.rpm-branch.nr-ops.net
pr-18328.rpm-branch.nr-ops.net
pr-18340.rpm-branch.nr-ops.net
pr-18349.rpm-branch.nr-ops.net
pr-18358.rpm-branch.nr-ops.net
pr-18364.rpm-branch.nr-ops.net
pr-18366.rpm-branch.nr-ops.net
pr-18370.rpm-branch.nr-ops.net
pr-18378.rpm-branch.nr-ops.net
pr-18385.rpm-branch.nr-ops.net
pr-18386.rpm-branch.nr-ops.net
pr-18394.rpm-branch.nr-ops.net
pr-18397.rpm-branch.nr-ops.net
pr-18408.rpm-branch.nr-ops.net
pr-18409.rpm-branch.nr-ops.net
pr-18410.rpm-branch.nr-ops.net
pr-18413.rpm-branch.nr-ops.net
pr-18440.rpm-branch.nr-ops.net
pr-18452.rpm-branch.nr-ops.net
pr-18456.rpm-branch.nr-ops.net
pr-18481.rpm-branch.nr-ops.net
pr-18484.rpm-branch.nr-ops.net
pr-18491.rpm-branch.nr-ops.net
pr-18516.rpm-branch.nr-ops.net
pr-18524.rpm-branch.nr-ops.net
pr-18532.rpm-branch.nr-ops.net
pr-18533.rpm-branch.nr-ops.net
pr-18537.rpm-branch.nr-ops.net
pr-18541.rpm-branch.nr-ops.net
pr-18542.rpm-branch.nr-ops.net
pr-18548.rpm-branch.nr-ops.net
pr-18549.rpm-branch.nr-ops.net
pr-18550.rpm-branch.nr-ops.net
pr-18567.rpm-branch.nr-ops.net
pr-18594.rpm-branch.nr-ops.net
pr-18595.rpm-branch.nr-ops.net
pr-18600.rpm-branch.nr-ops.net
pr-18602.rpm-branch.nr-ops.net
pr-18607.rpm-branch.nr-ops.net
pr-18614.rpm-branch.nr-ops.net
pr-18623.rpm-branch.nr-ops.net
pr-18628.rpm-branch.nr-ops.net
pr-18638.rpm-branch.nr-ops.net
pr-18654.rpm-branch.nr-ops.net
pr-18661.rpm-branch.nr-ops.net
pr-18662.rpm-branch.nr-ops.net
pr-18664.rpm-branch.nr-ops.net
pr-18668.rpm-branch.nr-ops.net
pr-18670.rpm-branch.nr-ops.net
pr-18728.rpm-branch.nr-ops.net
pr-18749.rpm-branch.nr-ops.net
pr-18772.rpm-branch.nr-ops.net
pr-18776.rpm-branch.nr-ops.net
pr-18778.rpm-branch.nr-ops.net
pr-18781.rpm-branch.nr-ops.net
pr-18782.rpm-branch.nr-ops.net
pr-18783.rpm-branch.nr-ops.net
pr-18785.rpm-branch.nr-ops.net
pr-18790.rpm-branch.nr-ops.net
pr-18793.rpm-branch.nr-ops.net
pr-18794.rpm-branch.nr-ops.net
pr-18795.rpm-branch.nr-ops.net
pr-18797.rpm-branch.nr-ops.net
pr-18798.rpm-branch.nr-ops.net
pr-18813.rpm-branch.nr-ops.net
pr-18824.rpm-branch.nr-ops.net
pr-18833.rpm-branch.nr-ops.net
pr-18874.rpm-branch.nr-ops.net
pr-18890.rpm-branch.nr-ops.net
pr-18892.rpm-branch.nr-ops.net
pr-18894.rpm-branch.nr-ops.net
pr-18910.rpm-branch.nr-ops.net
pr-18914.rpm-branch.nr-ops.net
pr-18923.rpm-branch.nr-ops.net
pr-18934.rpm-branch.nr-ops.net
pr-18936.rpm-branch.nr-ops.net
pr-18938.rpm-branch.nr-ops.net
pr-18940.rpm-branch.nr-ops.net
pr-18942.rpm-branch.nr-ops.net
pr-282-7ait69.rpm-branch.nr-ops.net
pr-3-3wpr5ty-.nr-ops.net
pr-30-5vfnkvq-lfzvfp4l64skw.eu-2.platformshpm-branch.nr-ops.net
pr-333.logs-search-receiver.ap.rpm-branch.nr-ops.net
pr-334-h3x5zpy-x2dovtlncfvty.eu-2.m-branch.nr-ops.net
pr-350-fypr57i-fvfta3jmqreom.eu.sensiosite.cloud185.rpm-branch.nr-ops.net
pr-7863.rpm-branch.nr-ops.net
pr-8613.rpm-branch.nr-ops.net
pr-8616.rpm-branch.nr-ops.net
pr-8689.rpm-branch.nr-ops.net
pr-8766.rpm-branch.nr-ops.net
pr-8869.rpm-branch.nr-ops.net
pr-9998.rpm-branch.nr-ops.net
prcltinfr-10975.rpm-branch.nr-ops.net
prd-pumpkins.wozart.rch.nr-ops.net
prod-synthetics.awsdev.nr-ops.net
production-nagios-external.nr-ops.net
quirky-vaughan.cell.us.nr-ops.net
quizzical-edison.cell.us.nr-ops.net
roadrunner.nr-ops.net
rpm-branch.nr-ops.net
rpm.nr-ops.net
rt1a.cell.us.nr-ops.net
rt2a.cell.us.nr-ops.net
rt3a.cell.us.nr-ops.net
sauron.nr-ops.net
service-mesh-dev.cell.us.nr-ops.net
service.awsdev.nr-ops.net
service.dr.nr-ops.net
service.eu.nr-ops.net
service.nr-ops.net
services.nr-ops.net
signum.nr-ops.net
silly-goldberg.cell.us.nr-ops.net
sleepy-brown.cell.us.nr-ops.net
spicy-flavortown.cell.us.nr-ops.net
staging-datanerd-service.awsdev.nr-ops.net
staging-nagios-external.nr-ops.net
staging-plugin-ui.awsdev.nr-ops.net
staging-service.awsdev.nr-ops.net
staging-service.nr-ops.net
stg-agile-fishing.cell.us.nr-ops.net
stg-ample-charge.cell.us.nr-ops.net
stg-angry-pizza.cell.us.nr-ops.net
stg-basic-jelly.cell.us.nr-ops.net
stg-big-dog.cell.us.nr-ops.net
stg-damaged-feed.cell.us.nr-ops.net
stg-dark-city.cell.us.nr-ops.net
stg-deep-soil.cell.us.nr-ops.net
stg-deep-tree.cell.us.nr-ops.net
stg-fancy-chicken.cell.us.nr-ops.net
stg-fast-laptop.cell.us.nr-ops.net
stg-flat-scheme.cell.us.nr-ops.net
stg-frugal-watch.cell.us.nr-ops.net
stg-glossy-wait.cell.us.nr-ops.net
stg-harsh-mine.cell.us.nr-ops.net
stg-hot-dog.cell.us.nr-ops.net
stg-huge-sugar.cell.us.nr-ops.net
stg-ideal-coach.cell.us.nr-ops.net
stg-imaginary-error.cell.us.nr-ops.net
stg-itchy-salt.cell.us.nr-ops.net
stg-known-flag.cell.us.nr-ops.net
stg-lefty-jeffrey.cell.us.nr-ops.net
stg-lively-lift.cell.us.nr-ops.net
stg-lucky-truck.cell.us.nr-ops.net
stg-minor-wave.cell.us.nr-ops.net
stg-other-implement.cell.us.nr-ops.net
stg-peaceful-gauss.cell.us.nr-ops.net
stg-popular-art.cell.us.nr-ops.net
stg-purple-price.cell.us.nr-ops.net
stg-quick-horse.cell.us.nr-ops.net
stg-rigid-noise.cell.us.nr-ops.net
stg-rosy-beach.cell.us.nr-ops.net
stg-rude-reach.cell.us.nr-ops.net
stg-sad-network.cell.us.nr-ops.net
stg-safe-storm.cell.us.nr-ops.net
stg-sea-dragon.cell.us.nr-ops.net
stg-showy-brain.cell.us.nr-ops.net
stg-slimy-week.cell.us.nr-ops.net
stg-slow-save.cell.us.nr-ops.net
stg-sneaky-zone.cell.us.nr-ops.net
stg-steep-state.cell.us.nr-ops.net
stg-tasty-file.cell.us.nr-ops.net
stg-thin-clerk.cell.us.nr-ops.net
stg-tubby-time.cell.us.nr-ops.net
stg-unique-operation.cell.us.nr-ops.net
stg-unusual-mixture.cell.us.nr-ops.net
stg-used-animal.cell.us.nr-ops.net
stg-vapid-switch.cell.us.nr-ops.net
stg-vapid-switch.nucleus-lb.nr-ops.net
stg-warm-day.cell.us.nr-ops.net
stg-wavy-music.cell.us.nr-ops.net
stg-weak-rose.cell.us.nr-ops.net
stg-wild-heart.cell.us.nr-ops.net
stg-writhing-term.cell.us.nr-ops.net
stg-writhing-term.nucleus-lb.nr-ops.net
strong-spoon.cell.us.nr-ops.net
svc.dr.nr-ops.net
svc.eu.nr-ops.net
test-able-spoon.cell.us.nr-ops.net
test-affectionate-kowalevski.cell.us.nr-ops.net
test-air-ml.cell.us.nr-ops.net
test-alive-van.cell.us.nr-ops.net
test-angry-zebra.cell.us.nr-ops.net
test-basic-boy.cell.us.nr-ops.net
test-blue-sky.cell.us.nr-ops.net
test-boring-wozniak.cell.us.nr-ops.net
test-c2.cell.us.nr-ops.net
test-civil-horse.cell.us.nr-ops.net
test-cute-spoon.cell.us.nr-ops.net
test-elb.elb.nr-ops.net
test-eu-delayed-mess.cell.eu.nr-ops.net
test-happy-lion.cell.us.nr-ops.net
test-happy-piano.cell.us.nr-ops.net
test-huge-crowd.cell.us.nr-ops.net
test-huge-night.cell.us.nr-ops.net
test-idiotic-shot.cell.us.nr-ops.net
test-legal-egg.cell.us.nr-ops.net
test-little-sunshine.cell.us.nr-ops.net
test-mad-zoo.cell.us.nr-ops.net
test-milky-novel.cell.us.nr-ops.net
test-moist-depth.cell.us.nr-ops.net
test-nifty-hermann.cell.us.nr-ops.net
test-odd-wire.cell.us.nr-ops.net
test-old-dog.cell.us.nr-ops.net
test-old-whale.cell.us.nr-ops.net
test-optimistic-benz.cell.us.nr-ops.net
test-orange-winter.cell.us.nr-ops.net
test-pesky-guitar.cell.us.nr-ops.net
test-rare-quill.cell.us.nr-ops.net
test-scary-orange.cell.us.nr-ops.net
test-tan-spot.cell.us.nr-ops.net
test-tiny-car.cell.us.nr-ops.net
test-zealous-cray.cell.us.nr-ops.net
test.ar2a.cell.us.nr-ops.net
testing-service.nr-ops.net
tg01.ord6.us.nr-ops.net
tg02.ord6.us.nr-ops.net
tg03.ord6.us.nr-ops.net
tg04.ord6.us.nr-ops.net
tg05.ord6.us.nr-ops.net
tg06.ord6.us.nr-ops.net
time.nr-ops.net
tls.nr-ops.net
us-able-vase.cell.us.nr-ops.net
us-acrobatic-title.cell.us.nr-ops.net
us-alive-tent.cell.us.nr-ops.net
us-aromatic-bake.cell.us.nr-ops.net
us-aware-stone.cell.us.nr-ops.net
us-bay-bridge.cell.us.nr-ops.net
us-big-motor.cell.us.nr-ops.net
us-big-tension.cell.us.nr-ops.net
us-black-coffee.cell.us.nr-ops.net
us-boring-wozniak.cell.us.nr-ops.net
us-brave-bath.cell.us.nr-ops.net
us-calm-chain.cell.us.nr-ops.net
us-caring-sail.cell.us.nr-ops.net
us-civil-rain.cell.us.nr-ops.net
us-classic-bell.cell.us.nr-ops.net
us-clear-pane.cell.us.nr-ops.net
us-cold-lunch.cell.us.nr-ops.net
us-cute-wall.cell.us.nr-ops.net
us-delicious-burn.cell.us.nr-ops.net
us-dense-sale.cell.us.nr-ops.net
us-discrete-memory.cell.us.nr-ops.net
us-down-under.cell.us.nr-ops.net
us-drab-recipe.cell.us.nr-ops.net
us-drop-bear.cell.us.nr-ops.net
us-eager-newton.cell.us.nr-ops.net
us-elated-science.cell.us.nr-ops.net
us-electric-car.cell.us.nr-ops.net
us-enchanting-data.cell.us.nr-ops.net
us-every-rain.cell.us.nr-ops.net
us-famous-house.cell.us.nr-ops.net
us-fine-bill.cell.us.nr-ops.net
us-flat-crack.cell.us.nr-ops.net
us-fond-piano.cell.us.nr-ops.net
us-fond-piano.nucleus-lb.nr-ops.net
us-gentle-brother.cell.us.nr-ops.net
us-giant-card.cell.us.nr-ops.net
us-glaring-post.cell.us.nr-ops.net
us-glossy-year.cell.us.nr-ops.net
us-good-wheel.cell.us.nr-ops.net
us-great-idea.cell.us.nr-ops.net
us-great-wu.cell.us.nr-ops.net
us-guilty-leaf.cell.us.nr-ops.net
us-hardcore-hopper.cell.us.nr-ops.net
us-healthy-honey.cell.us.nr-ops.net
us-hot-lunch.cell.us.nr-ops.net
us-hungry-driscoll.cell.us.nr-ops.net
us-hungry-menu.cell.us.nr-ops.net
us-inner-beach.cell.us.nr-ops.net
us-inner-gold.cell.us.nr-ops.net
us-jolly-beard.cell.us.nr-ops.net
us-juicy-class.cell.us.nr-ops.net
us-junior-brick.cell.us.nr-ops.net
us-keen-increase.cell.us.nr-ops.net
us-kooky-move.cell.us.nr-ops.net
us-large-piano.cell.us.nr-ops.net
us-large-zoo.cell.us.nr-ops.net
us-lavish-spend.cell.us.nr-ops.net
us-legal-actor.cell.us.nr-ops.net
us-loggy-stashman.cell.us.nr-ops.net
us-lonely-nest.cell.us.nr-ops.net
us-long-reach.cell.us.nr-ops.net
us-lovely-hire.cell.us.nr-ops.net
us-loving-heart.cell.us.nr-ops.net
us-lucid-lewin.cell.us.nr-ops.net
us-lucky-river.cell.us.nr-ops.net
us-mad-grass.cell.us.nr-ops.net
us-mad-king.cell.us.nr-ops.net
us-motherly-team.cell.us.nr-ops.net
us-musing-saha.cell.us.nr-ops.net
us-needy-reading.cell.us.nr-ops.net
us-nice-eye.cell.us.nr-ops.net
us-noisy-lake.cell.us.nr-ops.net
us-old-dream.cell.us.nr-ops.net
us-oval-flight.cell.us.nr-ops.net
us-pensive-borg.cell.us.nr-ops.net
us-practical-shaw.cell.us.nr-ops.net
us-pretty-pie.cell.us.nr-ops.net
us-prime-gold.cell.us.nr-ops.net
us-proper-meat.cell.us.nr-ops.net
us-proper-meat.nucleus-lb.nr-ops.net
us-pure-night.cell.us.nr-ops.net
us-quirky-deep.cell.us.nr-ops.net
us-rare-lion.cell.us.nr-ops.net
us-romantic-raman.cell.us.nr-ops.net
us-safe-tell.cell.us.nr-ops.net
us-salty-great.cell.us.nr-ops.net
us-serene-lalande.cell.us.nr-ops.net
us-shiny-fork.cell.us.nr-ops.net
us-silly-maxwell.cell.us.nr-ops.net
us-sleepy-drop.cell.us.nr-ops.net
us-slushy-action.cell.us.nr-ops.net
us-sour-main.cell.us.nr-ops.net
us-sweet-edison.cell.us.nr-ops.net
us-tall-flower.cell.us.nr-ops.net
us-thin-pool.cell.us.nr-ops.net
us-tiny-ghost.cell.us.nr-ops.net
us-tubby-hello.cell.us.nr-ops.net
us-twin-effect.cell.us.nr-ops.net
us-uneven-mood.cell.us.nr-ops.net
us-used-gas.cell.us.nr-ops.net
us-used-piece.cell.us.nr-ops.net
us-vacant-life.nucleus-lb.nr-ops.net
us-vengeful-sock.cell.us.nr-ops.net
us-warm-debt.cell.us.nr-ops.net
us-wide-plane.cell.us.nr-ops.net
us-wiggly-boat.cell.us.nr-ops.net
us-windy-data.cell.us.nr-ops.net
us-wrong-quote.nucleus-lb.nr-ops.net
us-yummy-farm.cell.us.nr-ops.net
us.c2.nr-ops.net
us.nr-ops.net
use1v-prod-secops-nexposeconsole.awsdev.nr-ops.net
user-service.nr-ops.net
vault-prd1a.nr-ops.net
vault.nr-ops.net
vcenter.nr-ops.net
vigilant-gauss.cell.us.nr-ops.net
vind.nr-ops.net
vip.cf.eu.nr-ops.net
vip.cf.nr-ops.net
vpn-nat.fw01.ord1.us.nr-ops.net
vpn-nat.fw01.ord2.us.nr-ops.net
vpn-nat.fw01.ord4.us.nr-ops.net
vpn-nat.fw02.ord1.us.nr-ops.net
vpn-nat.fw02.ord2.us.nr-ops.net
vpn-nat.fw02.ord4.us.nr-ops.net
vpn.fra.sys.eu.nr-ops.net
vpn01a.fra.sys.eu.nr-ops.net
vpn01b.fra.sys.eu.nr-ops.net
wildcard.rpm-branch.nr-ops.net
wonderful-lederberg.cell.us.nr-ops.net
worker.nrdb.nr-ops.net
www-staging.awsdev.nr-ops.net
www.ldap-provider.svc.us.nr-ops.net
www.rpm-branch.nr-ops.net
xe-0-0-2--5.br01.ord.us.nr-ops.net
xe-0-0-2--5.br01.ord6.us.nr-ops.net
xe-0-0-2--5.br02.ord.us.nr-ops.net
xe-0-0-2--5.br02.ord6.us.nr-ops.net
xe-0-0-2.br02.ord1.us.nr-ops.net
xe-0-1-2.br01.ord1.us.nr-ops.net
xe-0-1-2.br02.ord1.us.nr-ops.net
xe-1-0-2.br01.ord1.us.nr-ops.net
xe-1-0-2.br02.ord1.us.nr-ops.net
xe-1-1-0--0.br01.ord6.us.nr-ops.net
xe-1-1-0--0.br02.ord6.us.nr-ops.net
xe-2-0-0--0.br01.ord1.us.nr-ops.net
xe-2-0-1--0.br01.ord1.us.nr-ops.net
xenodochial-feynman.cell.us.nr-ops.net
zen-hellman.cell.us.nr-ops.net
