api.k8s.opensea.io
api.opensea.io
api2.opensea.io
argo.k8s.opensea.io
atlantis.k8s.opensea.io
blog.opensea.io
castle.opensea.io
cp.opensea.io
creatures-api.opensea.io
cryptofighters.opensea.io
cryptokitties.opensea.io
cryptosaga.opensea.io
csp.opensea.io
dev-storage.opensea.io
developers.opensea.io
docs.opensea.io
dworld.opensea.io
email.opensea.io
features-proxy.opensea.io
flower.k8s.opensea.io
hotpotato.opensea.io
ledgerlegends.opensea.io
matic.opensea.io
mythereum.opensea.io
opensea.io
previews.k8s.opensea.io
rinkeby-api.opensea.io
rinkeby-storage.opensea.io
rinkeby.opensea.io
static.opensea.io
status.opensea.io
storage.opensea.io
support.opensea.io
testnets-api.opensea.io
testnets.opensea.io
www.atlantis.k8s.opensea.io
www.opensea.io
