16.acyl.m.ppmail1.paddypower.it
16.basatm.ppmail1.paddypower.it
16.faderm.ppmail1.paddypower.it
16.lousem.ppmail1.paddypower.it
16.mrefry.ppmail1.paddypower.it
16.sever.m.ppmail1.paddypower.it
16.tewed.m.ppmail1.paddypower.it
20.paddypower.it
2000-giochi.kr.mvirus.ppmail1.paddypower.it
2000.kr.mvirus.ppmail1.paddypower.it
2000giochi.virus-kr.m.ppmail1.paddypower.it
2016.covid-e.m.ppmail1.paddypower.it
2020ogiochi.ppmail1.paddypower.it
a-virus.ppmail1.paddypower.it
a.levirusw.k.ppmail1.paddypower.it
a.ppmail1.paddypower.it
accounts.paddypower.it
accounts.test.paddypower.it
accounts2.mcovid.ppmail1.paddypower.it
alpha-covid-l.ppmail1.paddypower.it
alpha.2016.faderm.ppmail1.paddypower.it
android.paddypower.it
ap-southeast-1covid.ppmail1.paddypower.it
apac.k.covid.ppmail1.paddypower.it
api-casino.paddypower.it
api-giochi.paddypower.it
api.paddypower.it
api.test.paddypower.it
api1.covid.ppmail1.paddypower.it
app.kr.m.ppmail1.paddypower.it
apps.m-virus.ppmail1.paddypower.it
apps.m.ppmail1.paddypower.it
autoconfig.kr.m.ppmail1.paddypower.it
autodiscover.m-virus.ppmail1.paddypower.it
b-covid.ppmail1.paddypower.it
b-virus.ppmail1.paddypower.it
b.k.ppmail1.paddypower.it
b.ppmail1.paddypower.it
b2b.m-virus.ppmail1.paddypower.it
b2b.m.kcovid.ppmail1.paddypower.it
b2b.virusi.m.ppmail1.paddypower.it
backyardvirus.ppmail1.paddypower.it
banner.casino.paddypower.it
banner.paddypower.it
bannermanager.paddypower.it
benefizkonzert.paddypower.it
bestyrelsen.paddypower.it
bingo.paddypower.it
blackberry.paddypower.it
blog.giochi.b2b.h.m.ppmail1.paddypower.it
blog.giochi.kr.i.covidm.ppmail1.paddypower.it
blog.paddypower.it
blog.ppmail1.paddypower.it
blogs.covid-l.ppmail1.paddypower.it
bram-m.ppmail1.paddypower.it
brasil-covid.m.ppmail1.paddypower.it
bvirus.ppmail1.paddypower.it
c.ppmail1.paddypower.it
cache.download.banner.casino.paddypower.it
cache.download.banner.paddypower.it
callbackm.c.covid.ppmail1.paddypower.it
casino-hl.paddypower.it
casino.m.paddypower.it
casino.paddypower.it
casinohub.m.paddypower.it
casinolive.paddypower.it
cayetano.paddypower.it
central-covid.c.ppmail1.paddypower.it
central.c.covid.ppmail1.paddypower.it
cf-swp-virus.l.ppmail1.paddypower.it
cf-swp.l.covid.ppmail1.paddypower.it
chat-usw.kvirus.ppmail1.paddypower.it
chatcovid.k.ppmail1.paddypower.it
chatweb.casino.paddypower.it
citrix.krcovid.m.ppmail1.paddypower.it
click.email.paddypower.it
clientdashboard-real2m.covid.b.ppmail1.paddypower.it
coforumd-warp.b.ppmail1.paddypower.it
confluence.2016.acyl.m.ppmail1.paddypower.it
confluence.2016.basatm.ppmail1.paddypower.it
confluence.2016.faderm.ppmail1.paddypower.it
confluence.2016.lousem.ppmail1.paddypower.it
confluence.2016.mrefry.ppmail1.paddypower.it
confluence.2016.sever.m.ppmail1.paddypower.it
confluence.2016.tewed.m.ppmail1.paddypower.it
confluencemcovid.c.ppmail1.paddypower.it
content.paddypower.it
corporate.m.ppmail1.paddypower.it
covid-ap-southeast-1.ppmail1.paddypower.it
covid-ap-southeast-resetm.c.ppmail1.paddypower.it
covid-auth.real2m.b.ppmail1.paddypower.it
covid-c.ppmail1.paddypower.it
covid-l.ppmail1.paddypower.it
covid-o.k.ppmail1.paddypower.it
covid-supportogiochi.ppmail1.paddypower.it
covid-warp.b.ppmail1.paddypower.it
covid.certgiochi.b2b.m.ppmail1.paddypower.it
covid.crs.l.ppmail1.paddypower.it
covid.db.c.ppmail1.paddypower.it
covid.f.ppmail1.paddypower.it
covid.ppmail1.paddypower.it
covid.sdkm.c.ppmail1.paddypower.it
covid.splunk.b.ppmail1.paddypower.it
covid.supportogiochi.ppmail1.paddypower.it
covid.test1.l.ppmail1.paddypower.it
covid1.m.ppmail1.paddypower.it
covidairusoid.g.ppmail1.paddypower.it
covidk.ppmail1.paddypower.it
covidm.ppmail1.paddypower.it
covidnorthamerica.kr.m.ppmail1.paddypower.it
covidsfdc.giochi.b2b.h.m.ppmail1.paddypower.it
covidwpt2.real2m.b.ppmail1.paddypower.it
covidycpiresetm.c.ppmail1.paddypower.it
crs.virus-l.ppmail1.paddypower.it
cub-giochi.b2b.virus.m.ppmail1.paddypower.it
db.c.covid.ppmail1.paddypower.it
dbvirus.c.ppmail1.paddypower.it
dev.kr.m.ppmail1.paddypower.it
develop.b2b.m.virusa.ppmail1.paddypower.it
development.covid-l.ppmail1.paddypower.it
docs.k.ppmail1.paddypower.it
douy.m.ppmail1.paddypower.it
download.paddypower.it
ecf.covid-l.ppmail1.paddypower.it
email.paddypower.it
f.ppmail1.paddypower.it
facebook-login.paddypower.it
files.giochi.b2b.h.m.ppmail1.paddypower.it
files.m.ppmail1.paddypower.it
ftp.m.ppmail1.paddypower.it
g-virus.ppmail1.paddypower.it
g.ppmail1.paddypower.it
gagiochi.paddypower.it
gamelauncher.paddypower.it
giocaconlatesta.paddypower.it
giochi-6.b.ppmail1.paddypower.it
giochi-6.b2b-virus.m.ppmail1.paddypower.it
giochi.b2b.chd.m.virus.ppmail1.paddypower.it
giochi.m.paddypower.it
giochi.paddypower.it
giows-giochihi.kr.i.m.ppmail1.paddypower.it
giro.paddypower.it
git.k.ppmail1.paddypower.it
go.kr.m.ppmail1.paddypower.it
h.ppmail1.paddypower.it
h5cdn.paddypower.it
home.giochi.b2b.h.m.ppmail1.paddypower.it
home.m-virus.ppmail1.paddypower.it
home.m.ppmail1.paddypower.it
ie1-rgw.paddypower.it
image.email.paddypower.it
images.m.ppmail1.paddypower.it
images.ppmail1.paddypower.it
imap.giochi.kr.i.covidm.ppmail1.paddypower.it
info.m-virus.ppmail1.paddypower.it
infraresetm.virus.c.ppmail1.paddypower.it
ingress.virus.h.ppmail1.paddypower.it
ingresscovid.h.ppmail1.paddypower.it
int.giochi.kr.i.covidm.ppmail1.paddypower.it
internal.giochi.b2b.h.m.ppmail1.paddypower.it
ipad.covid.resetm.c.ppmail1.paddypower.it
ipad.paddypower.it
iphone.paddypower.it
itdr.paddypower.it
k.ppmail1.paddypower.it
kb.k.ppmail1.paddypower.it
kb.kr.covidm.ppmail1.paddypower.it
kb.m-virus.ppmail1.paddypower.it
kcovid.ppmail1.paddypower.it
kr.covida.m.ppmail1.paddypower.it
kr.i.m-covid.ppmail1.paddypower.it
kr.virus.b.m.ppmail1.paddypower.it
krvirus.r.m.ppmail1.paddypower.it
krvirusrus-b.ppmail1.paddypower.it
kubedashboard-real2m.covid.b.ppmail1.paddypower.it
kubedashboard-real2m.virus-b.ppmail1.paddypower.it
kubedashboard.b-covid.ppmail1.paddypower.it
kubeingress-virus.ppmail1.paddypower.it
kvirus.ppmail1.paddypower.it
l.ppmail1.paddypower.it
levircloudw.k.ppmail1.paddypower.it
levirusw.k.ppmail1.paddypower.it
local.kr.m.ppmail1.paddypower.it
localhost.ecf.covid-l.ppmail1.paddypower.it
localhost.pagegiochi.kr.covidm.ppmail1.paddypower.it
login.casino.paddypower.it
lp.paddypower.it
m-backyardvirus.ppmail1.paddypower.it
m-covid.ppmail1.paddypower.it
m-covid.supportogiochi.ppmail1.paddypower.it
m-toolbar.d.virus.ppmail1.paddypower.it
m-virus.ppmail1.paddypower.it
m.a-virus.ppmail1.paddypower.it
m.ap-southeast-1covid.ppmail1.paddypower.it
m.covid-ap-southeast-1.ppmail1.paddypower.it
m.covid-supportogiochi.ppmail1.paddypower.it
m.covid.f.ppmail1.paddypower.it
m.mails.paddypower.it
m.paddypower.it
m.ppmail1.paddypower.it
m.viruscgi.ppmail1.paddypower.it
mail.covid-l.ppmail1.paddypower.it
mails.paddypower.it
mcovid.ppmail1.paddypower.it
media.m-virus.ppmail1.paddypower.it
members.m.ppmail1.paddypower.it
mobile.m-virus.ppmail1.paddypower.it
mobile.paddypower.it
mobilecasino.paddypower.it
mobilegiochi.paddypower.it
mobilepromos.paddypower.it
mock.kr.virusr.m.ppmail1.paddypower.it
mongodbusw.kcovid.ppmail1.paddypower.it
mongodbuswvirus.k.ppmail1.paddypower.it
mpush.paddypower.it
mta.email.paddypower.it
mvirus.ppmail1.paddypower.it
mysql.giochi.kr.i.covidm.ppmail1.paddypower.it
mysql.m.ppmail1.paddypower.it
news.kr.m.ppmail1.paddypower.it
news.ppmail1.paddypower.it
nxt.paddypower.it
o.m-virpanel.ppmail1.paddypower.it
o.m-virus.ppmail1.paddypower.it
ogiochi.ppmail1.paddypower.it
paddypower.it
pagegiochi.kr.covidm.ppmail1.paddypower.it
pages.email.paddypower.it
pay.e.virusm.ppmail1.paddypower.it
pay.n.covidm.ppmail1.paddypower.it
pfvc.m-virus.ppmail1.paddypower.it
pic.covid-l.ppmail1.paddypower.it
pic.m.ppmail1.paddypower.it
poker.paddypower.it
pop.kr.m.ppmail1.paddypower.it
powerbonus.paddypower.it
powerschedina.kcovid.ppmail1.paddypower.it
powerschedina.paddypower.it
powerseriea.paddypower.it
ppmail1.paddypower.it
pre.kr.m.ppmail1.paddypower.it
prefill.paddypower.it
prelive.kr.m.ppmail1.paddypower.it
profile.b2b.virus.m.ppmail1.paddypower.it
promo.paddypower.it
promodinatale.paddypower.it
ptlaunch.m.paddypower.it
push.paddypower.it
r-4irus.l.ppmail1.paddypower.it
r-virus.l.ppmail1.paddypower.it
real2m.demo.b.covid.ppmail1.paddypower.it
real2m.virus.ppmail1.paddypower.it
real2mvirus.demo.b.ppmail1.paddypower.it
redirect.paddypower.it
release.giochi.b2b.h.m.ppmail1.paddypower.it
repository.covidgiochi.2016.m.ppmail1.paddypower.it
repository.covidgiochi.edge016.m.ppmail1.paddypower.it
resetm.cocovid-oid.ppmail1.paddypower.it
resetm.covid.ppmail1.paddypower.it
resetmcovid.ppmail1.paddypower.it
resources.m.ppmail1.paddypower.it
rgw.paddypower.it
rss.paddypower.it
sandbox.kcovid.ppmail1.paddypower.it
search.m.ppmail1.paddypower.it
secure.pdcnet.org.library.paddypower.it
server.m.ppmail1.paddypower.it
services.covid-l.ppmail1.paddypower.it
services.kr.m.ppmail1.paddypower.it
sfdc.giochi.b2b.mvirus.ppmail1.paddypower.it
skinsm.virusc.ppmail1.paddypower.it
sni43367.paddypower.it
splunk-covid.b.ppmail1.paddypower.it
spool.kr.m.ppmail1.paddypower.it
sportvirtuali.paddypower.it
spring.giochi.b2b.m.virus.ppmail1.paddypower.it
spring.giochi.b2b.mvirus.ppmail1.paddypower.it
staging.giochi.kr.i.covidm.ppmail1.paddypower.it
static-coadminsd.b.ppmail1.paddypower.it
static-covid.b.ppmail1.paddypower.it
statops.giochi.virus-2016.h.m.ppmail1.paddypower.it
stats-giochi.kr.m-virus.ppmail1.paddypower.it
stats.m-virus.ppmail1.paddypower.it
status.giochi.b2b.h.m.ppmail1.paddypower.it
stg2-covid.giochi.m.ppmail1.paddypower.it
store.giochi.b2b.h.m.ppmail1.paddypower.it
store.m.ppmail1.paddypower.it
support.m.ppmail1.paddypower.it
supportcasino.paddypower.it
supporto.paddypower.it
supportobingo.paddypower.it
supportocasino.paddypower.it
supportogiochi.paddypower.it
supportogiochi.ppmail1.paddypower.it
supportopoker.paddypower.it
svn.m-virus.ppmail1.paddypower.it
t.mails.paddypower.it
tennis.paddypower.it
test-accounts.paddypower.it
test-api.paddypower.it
test.giochi.kr.i.covidm.ppmail1.paddypower.it
test.paddypower.it
testurl.paddypower.it
toolbar.d.virus.ppmail1.paddypower.it
turkey.virusc.ppmail1.paddypower.it
twitch.real2m.b-virus.ppmail1.paddypower.it
unbounce.k.ppmail1.paddypower.it
us.covidchd.m.ppmail1.paddypower.it
us.cowxdchd.m.ppmail1.paddypower.it
user.m.virus.ppmail1.paddypower.it
users.virus.2016.m.ppmail1.paddypower.it
usesetmintl.c.ppmail1.paddypower.it
usw-korvirus.k.ppmail1.paddypower.it
usw-mgmt.covidk.ppmail1.paddypower.it
usw-o2.virus.k.ppmail1.paddypower.it
uswvip.k.virus.ppmail1.paddypower.it
v1.ppmail1.paddypower.it
v1.virus.c.ppmail1.paddypower.it
v2-giochi.2016.mcovid.ppmail1.paddypower.it
vegas.paddypower.it
videos.m.ppmail1.paddypower.it
view.email.paddypower.it
vipm.covid-c.ppmail1.paddypower.it
vir11tur.m.ppmail1.paddypower.it
virus-b.ppmail1.paddypower.it
virus-b2virus-b.m.virusa.ppmail1.paddypower.it
virus-i.m.ppmail1.paddypower.it
virus-kr.m.ppmail1.paddypower.it
virus-l.ppmail1.paddypower.it
virus-mysql.giochi.kr.i.m.ppmail1.paddypower.it
virus-sdk.c.ppmail1.paddypower.it
virus-stats.kr.m.ppmail1.paddypower.it
virus.b2b1.m.ppmail1.paddypower.it
virus.engusw.k.ppmail1.paddypower.it
virus.l.giochi.chd.m.ppmail1.paddypower.it
virus.l.ppmail1.paddypower.it
virus.ppmail1.paddypower.it
virus.users-giochi.2016.m.ppmail1.paddypower.it
virus.usw-accounts.k.ppmail1.paddypower.it
virus.v1.ppmail1.paddypower.it
virusa.ppmail1.paddypower.it
virusc.ppmail1.paddypower.it
viruscgi.ppmail1.paddypower.it
virusdevelop.b2b.m.a.ppmail1.paddypower.it
virusm.ppmail1.paddypower.it
virusoid.g.ppmail1.paddypower.it
virusresetmintl.c.ppmail1.paddypower.it
virustur.m.ppmail1.paddypower.it
virusturkey.c.ppmail1.paddypower.it
vpn.kr.m.ppmail1.paddypower.it
vpnirus-b.ppmail1.paddypower.it
vrmv.paddypower.it
w.paddypower.it
w31.virus.m.ppmail1.paddypower.it
warp.bvirus.ppmail1.paddypower.it
webdisk.giochi.b2b.h.m.ppmail1.paddypower.it
webdisk.kr.covidm.ppmail1.paddypower.it
webmail.kallyas.paddypower.it
webmail.ppmail1.paddypower.it
wiki.m-virus.ppmail1.paddypower.it
windows.paddypower.it
www-staging.ppmail1.paddypower.it
www.paddypower.it
www.test.paddypower.it
xml.paddypower.it
ygorgn9q.ppmail1.paddypower.it
