abonnement2.parool.nl
abonnementen.parool.nl
acc-mobilebackend.parool.nl
acc-webwinkel.parool.nl
acc.meer.parool.nl
acc.parool.nl
acc.secure.parool.nl
acc.webwinkel.parool.nl
accounts.parool.nl
actie.parool.nl
advertorial.parool.nl
archief.parool.nl
banen.parool.nl
beta.parool.nl
beta.verkiezingen.parool.nl
boekrecensies.parool.nl
brandedcontent.parool.nl
caps-acc.parool.nl
caps.parool.nl
cgi.parool.nl
cmp.parool.nl
conversietool.parool.nl
dagkrant.parool.nl
dev-service.parool.nl
digitalekrant.parool.nl
dreamteam.parool.nl
e.email.parool.nl
esales-test.parool.nl
esales.parool.nl
europa.verkiezingen.parool.nl
filmshop.parool.nl
fotovandedag.parool.nl
ftp.download.parool.nl
ftp.parool.nl
identificatie.parool.nl
ims.parool.nl
iphone.parool.nl
krant.parool.nl
landingpage.parool.nl
local.webwinkel.parool.nl
login.parool.nl
login2.parool.nl
m.parool.nl
magiclink.parool.nl
mail.parool.nl
marketingactie.parool.nl
meer.parool.nl
mijn.parool.nl
mijnomgeving-acc.parool.nl
mijnomgeving.parool.nl
mobiel.parool.nl
mobile-acc.parool.nl
mobile-beta.parool.nl
mobile.parool.nl
mobile2.parool.nl
mobilebackend.parool.nl
myaccount.parool.nl
new-www.parool.nl
nieuws.parool.nl
oidc.parool.nl
parool.nl
partnercontent.parool.nl
pexi.parool.nl
pmail.parool.nl
procesbouterse.parool.nl
proefabonnement.parool.nl
puzzels.parool.nl
s.parool.nl
secure-acc.parool.nl
secure.parool.nl
service.parool.nl
shop.parool.nl
social.parool.nl
ssocallback.parool.nl
static.iphone.parool.nl
static0.parool.nl
static1.parool.nl
static2.parool.nl
static3.parool.nl
staticshop.parool.nl
story.parool.nl
t.parool.nl
test-webwinkel.parool.nl
test.webwinkel.parool.nl
uts.parool.nl
video.parool.nl
wap.parool.nl
web.parool.nl
webmail.parool.nl
webwinkel.parool.nl
wedstrijd.parool.nl
winkel.parool.nl
wss.parool.nl
www.acceptance.parool.nl
www.actie.parool.nl
www.parool.nl
www.webwinkel.parool.nl
www.winkel.parool.nl
www2.parool.nl
