1.mailhost.paydiant.com
20.paydiant.com
53.paydiant.com
_lb.us-east-1.testing.core.paydiant.com
admin.storelocator.certification.paydiant.com
almabank.paydiant.com
amazon-demo.paydiant.com
amex.certification.paydiant.com
amex.paydiant.com
amex.qa.paydiant.com
amex.sandbox.paydiant.com
amex.staging.paydiant.com
apache1.eng.paydiant.com
api-b2b-demo.paydiant.com
api-b2b-dr.paydiant.com
api-b2b-extranet.paydiant.com
api-b2b-qa.paydiant.com
api-b2b.certification.paydiant.com
api-b2b.demo.paydiant.com
api-b2b.paydiant.com
api-b2b.qa.paydiant.com
api-b2b.sandbox.paydiant.com
api-b2b.staging.paydiant.com
api-b2b.testing.paydiant.com
atm-digi.certification.paydiant.com
atm.certification.paydiant.com
atm.paydiant.com
atmgateway-iso.certification.paydiant.com
atmgateway-iso.paydiant.com
atmgateway.certification.paydiant.com
atmgateway.paydiant.com
atmgateway.sandbox.paydiant.com
atmgateway.staging.paydiant.com
atmgatewayiso.certification.paydiant.com
atmgatewayiso.paydiant.com
auto-staging.paydiant.com
auto.certification.paydiant.com
auto.eng.paydiant.com
auto.qa.paydiant.com
auto.staging.paydiant.com
auto2.qa.paydiant.com
auto3.qa.paydiant.com
auto4.qa.paydiant.com
auto5.qa.paydiant.com
auto6.qa.paydiant.com
auto7.qa.paydiant.com
auto8.qa.paydiant.com
auto9.qa.paydiant.com
autodiscover.paydiant.com
avidiabank.paydiant.com
awsstaging-elb.external.skybridge.paydiant.com
awsstaging-elb.internal.skybridge.paydiant.com
awsstaging-simulator-elb.internal.skybridge.paydiant.com
awsstaging.external.skybridge.paydiant.com
awsstaging.internal.skybridge.paydiant.com
bancopopular.paydiant.com
bankofhawaiifis.paydiant.com
bankofthelakes.paydiant.com
barclays-rc.paydiant.com
barclays-staging.paydiant.com
barclays.paydiant.com
barclays.qa.paydiant.com
barclays.staging.paydiant.com
barringtonbank.paydiant.com
beta.paydiant.com
beverlybank.paydiant.com
bmoharris-b2b.paydiant.com
bmoharris.paydiant.com
bofa.paydiant.com
bofa.qa.paydiant.com
bp.certification.paydiant.com
bp.paydiant.com
capitalone.paydiant.com
cdn-demo.paydiant.com
cdn-qa.paydiant.com
cdn-staging.paydiant.com
cdn.paydiant.com
cert-elb.external.skybridge.paydiant.com
cert-elb.internal.skybridge.paydiant.com
cert-simulator-elb.internal.skybridge.paydiant.com
cert.internal.skybridge.paydiant.com
certaintyor-elb.internal.skybridge.paydiant.com
certification-extranet.paydiant.com
certification-sitestatus.external.skybridge.paydiant.com
certification.paydiant.com
client-vpn.us-east-1.infnonprod.hub.paydiant.com
client-vpn.us-east-1.infprod.hub.paydiant.com
cnb.paydiant.com
communitywallet.paydiant.com
con-synchrony.paydiant.com
connectors.addprocessing-chevron.certification.paydiant.com
connectors.addprocessing-chevron.paydiant.com
connectors.certification.paydiant.com
connectors.dvbraintree.production.paydiant.com
connectors.olsprod.paydiant.com
connectors.production.paydiant.com
connectors.synchronywallet-bpna.certification.paydiant.com
connectors.synchronywallet-bpna.production.paydiant.com
crystalbank.paydiant.com
currentc.paydiant.com
cuwallet.paydiant.com
cuwallet.sandbox.paydiant.com
cvs-pos.paydiant.com
dc6-sslvpn.paydiant.com
dc6.sslvpn.paydiant.com
dc6sslvpn.paydiant.com
demo.paydiant.com
dev.paydiant.com
devcenter.paydiant.com
development-sitestatus.external.skybridge.paydiant.com
development.sitestatus.external.skybridge.paydiant.com
dieboldcu.paydiant.com
docker-registry.paydiant.com
dr.paydiant.com
e.paydiant.com
email.paydiant.com
eng-simulator.internal.skybridge.paydiant.com
eng.external.skybridge.paydiant.com
eng.internal.paydiant.com
eng.internal.skybridge.paydiant.com
eng.paydiant.com
engineering-elb.external.skybridge.paydiant.com
engineering-elb.internal.skybridge.paydiant.com
engineering-simulator-elb.internal.skybridge.paydiant.com
engineering.external.skybridge.paydiant.com
engineering.internal.skybridge.paydiant.com
engineering.paydiant.com
engpki.paydiant.com
espressominute.paydiant.com
eurest.paydiant.com
external.skybridge.paydiant.com
external.us-east-1.testing.core.paydiant.com
external_lb.us-east-1.testing.core.paydiant.com
extranet.paydiant.com
failover.paydiant.com
fidelitybank.paydiant.com
fis-dc6.paydiant.com
fis-mb1.certification.paydiant.com
fis-mb1.paydiant.com
fis-mb1.sandbox.paydiant.com
fis-mb2.certification.paydiant.com
fis-mbbmo.paydiant.com
fis-test.paydiant.com
fis-unit.sandbox.paydiant.com
fis-west.sandbox.paydiant.com
fis.certification.paydiant.com
fis.demo.paydiant.com
fis.eng.paydiant.com
fis.paydiant.com
fis.qa.paydiant.com
fis.sandbox.paydiant.com
fis.staging.paydiant.com
fiveguys.paydiant.com
fiveguys.staging.paydiant.com
ftp.paydiant.com
gd256.sandbox.paydiant.com
global.paydiant.com
harristeeter.paydiant.com
heb.paydiant.com
hinsdalebank.paydiant.com
homestreet.paydiant.com
hub.paydiant.com
imap.paydiant.com
inet-posgateway1.paydiant.com
inet-posgw1-dr.paydiant.com
inet-posgw1.paydiant.com
inetposgateway1.paydiant.com
internal-lb.blue.us-east-1.testing.core.paydiant.com
internal-lb.green.us-east-1.testing.core.paydiant.com
internal.skybridge.paydiant.com
internal.us-east-1.testing.core.paydiant.com
internal_lb.us-east-1.testing.core.paydiant.com
jira.paydiant.com
jm-client-vpn.us-east-1.nonprod.hub.paydiant.com
lakecitybank.paydiant.com
lakeforestbank.paydiant.com
lb-blue.us-east-1.certification.core.paydiant.com
lb-blue.us-east-1.engineering.core.paydiant.com
lb-blue.us-east-1.production.core.paydiant.com
lb-blue.us-east-1.staging.core.paydiant.com
lb-blue.us-east-1.testing.core.paydiant.com
lb-green.us-east-1.certification.core.paydiant.com
lb-green.us-east-1.engineering.core.paydiant.com
lb-green.us-east-1.production.core.paydiant.com
lb-green.us-east-1.staging.core.paydiant.com
lb-green.us-east-1.testing.core.paydiant.com
lb-priv-atm-blue.us-east-1.engineering.core.paydiant.com
lb-priv-atm-green.us-east-1.engineering.core.paydiant.com
lb-priv-atm-sasi.us-east-1.engineering.core.paydiant.com
lb-sasi.us-east-1.certification.core.paydiant.com
lb-sasi.us-east-1.engineering.core.paydiant.com
lb-sasi.us-east-1.production.core.paydiant.com
lb-sasi.us-east-1.staging.core.paydiant.com
lb-sasi.us-east-1.testing.core.paydiant.com
lb.us-east-1.certification.core.paydiant.com
lb.us-east-1.engineering.core.paydiant.com
lb.us-east-1.production.core.paydiant.com
lb.us-east-1.staging.core.paydiant.com
lb.us-east-1.testing.core.paydiant.com
libertyvillebank.paydiant.com
macys.eng.paydiant.com
macys.qa.paydiant.com
macys.sandbox.paydiant.com
mail.paydiant.com
mailhost.paydiant.com
main.paydiant.com
mainapi-b2b.paydiant.com
mainatmgateway.paydiant.com
mainmobile.paydiant.com
mainpos.paydiant.com
marquettesavingsbank.paydiant.com
mcx.certification.paydiant.com
mcx.sandbox.paydiant.com
mcx.staging.paydiant.com
miamiheat-dr.paydiant.com
miamiheat.certification.paydiant.com
miamiheat.paydiant.com
midfirst.paydiant.com
mobile-dr.paydiant.com
mobile-eu-dr.paydiant.com
mobile-eu.paydiant.com
mobile-mb1.certification.paydiant.com
mobile-mb1.paydiant.com
mobile-mb2.certification.paydiant.com
mobile-mb2.paydiant.com
mobile-na.paydiant.com
mobile-sa.paydiant.com
mobile.certification.paydiant.com
mobile.demo.paydiant.com
mobile.paydiant.com
mobile.qa.paydiant.com
mobile.sandbox.paydiant.com
mobilemail.paydiant.com
neimanmarcus.paydiant.com
nmg.sandbox.paydiant.com
northbrookbank.paydiant.com
oldplanktrailcommunitybank.paydiant.com
onboarding.staging.paydiant.com
onenevada.paydiant.com
ops.demo.paydiant.com
ops.external.skybridge.paydiant.com
ops.internal.skybridge.paydiant.com
ops.main.paydiant.com
ops.qa.paydiant.com
ops.sandbox.paydiant.com
ops.sasi.paydiant.com
ops.us-east-1-testing.core.paydiant.com
orangeleafyogurt.certification.paydiant.com
orangeleafyogurt.paydiant.com
orangeleafyogurt.sandbox.paydiant.com
orientalbank.paydiant.com
origin-cdn-p.paydiant.com
origin-cdn.paydiant.com
payat-dc6.paydiant.com
payat-dr.paydiant.com
payat-test.paydiant.com
payat.paydiant.com
paydiant.com
paypal.certification.paydiant.com
paypalcafe.certification.paydiant.com
pda.paydiant.com
peoplesbankwa.paydiant.com
play-staging.paydiant.com
play.qa.paydiant.com
pop.paydiant.com
portal-dr.paydiant.com
portal.certification.paydiant.com
portal.paydiant.com
portal.sandbox.paydiant.com
pos-eu-dr.paydiant.com
pos-eu.paydiant.com
pos.paydiant.com
posgateway1.paydiant.com
posgw.certification.paydiant.com
posgw.qa.paydiant.com
posgw.sandbox.paydiant.com
posgw.staging.paydiant.com
posgw1.paydiant.com
prod-elb.external.skybridge.paydiant.com
prod-elb.internal.skybridge.paydiant.com
prod-simulator-elb.internal.skybridge.paydiant.com
prod-sitestatus.external.skybridge.paydiant.com
prod.internal.skybridge.paydiant.com
prodpki.paydiant.com
provisioning-demo.paydiant.com
provisioning-qa.paydiant.com
provisioning-staging.paydiant.com
provisioning.paydiant.com
provisioningdemo.paydiant.com
provisioningqa.paydiant.com
provisioningstaging.paydiant.com
qa.internal.paydiant.com
qa.paydiant.com
qa2.internal.paydiant.com
qa2.paydiant.com
qatest.paydiant.com
qse4.qa.paydiant.com
rc.paydiant.com
rebeccascafe-dr.paydiant.com
rebeccascafe.certification.paydiant.com
rebeccascafe.paydiant.com
reports.certification.paydiant.com
reports.demo.paydiant.com
reports.dev.paydiant.com
reports.paydiant.com
salemfive.paydiant.com
sales.paydiant.com
sandboskybridge.paydiant.com
sandbox-elb.external.skybridge.paydiant.com
sandbox-elb.internal.skybridge.paydiant.com
sandbox-simulator-elb.internal.skybridge.paydiant.com
sandbox.internal.skybridge.paydiant.com
sandbox.paydiant.com
sasi.paydiant.com
sasi.staging.paydiant.com
sasiapi-b2b.paydiant.com
sasiapi-b2b.staging.paydiant.com
sasiatmgateway.paydiant.com
sasiatmgateway.staging.paydiant.com
sasimobile.paydiant.com
sasimobile.staging.paydiant.com
sasipos.paydiant.com
savvis.certification.paydiant.com
savvis.sandbox.paydiant.com
savvis1.certification.paydiant.com
sb.certification.paydiant.com
schaumburgbank.paydiant.com
secure-test.paydiant.com
secureftp.paydiant.com
sefcu-dc6.paydiant.com
sefcu-demo.paydiant.com
sefcu-staging.paydiant.com
sefcu.paydiant.com
sefcu.qa.paydiant.com
smtp.paydiant.com
sslvpn-test.paydiant.com
sslvpn.paydiant.com
ssotest.qa.paydiant.com
staging-elb.external.skybridge.paydiant.com
staging-elb.internal.skybridge.paydiant.com
staging-recruit-fback-backend.thoughtworks-labs.net.herokudns.coternal.skybridge.paydiant.com
staging-simulator-elb.internal.skybridge.paydiant.com
staging-sitestatus.external.skybridge.paydiant.com
staging.internal.skybridge.paydiant.com
staging.paydiant.com
statefarm-staging.paydiant.com
statefarm.paydiant.com
stcharlesbank.paydiant.com
storelocator.paydiant.com
storelocator.sandbox.paydiant.com
subway-dr.sandbox.paydiant.com
subway.certification.paydiant.com
subway.eng.paydiant.com
subway.paydiant.com
subway.qa.paydiant.com
subway.sandbox.paydiant.com
subway.staging.paydiant.com
subway2.sandbox.paydiant.com
subwayssltest.paydiant.com
support.paydiant.com
svn.paydiant.com
tdbank.paydiant.com
testcorp.paydiant.com
testing-elb.external.skybridge.paydiant.com
testing-elb.internal.skybridge.paydiant.com
testing-simulator-elb.internal.skybridge.paydiant.com
testing.external.skybridge.paydiant.com
testing.internal.skybridge.paydiant.com
testing.paydiant.com
thebancorp.paydiant.com
thebancorp.staging.paydiant.com
townbank.paydiant.com
usaa.paydiant.com
vantiv-dc6.paydiant.com
vantiv-demo.paydiant.com
vantiv-staging.paydiant.com
vantiv.paydiant.com
vantiv.qa.paydiant.com
villagebt.paydiant.com
walmart-pos.paydiant.com
washingtonfinancialfis.paydiant.com
web378.sr101.paydiant.com
webmail.paydiant.com
webpos.paydiant.com
wendys-pos.paydiant.com
wendys.certification.paydiant.com
wendys.paydiant.com
westpan.paydiant.com
wheaton.paydiant.com
wifiguest.paydiant.com
wiki.paydiant.com
wintrust-b2b.sandbox.paydiant.com
wsfs.paydiant.com
wsfsbank.paydiant.com
www.barclays-staging.paydiant.com
www.barclays.qa.paydiant.com
www.barclays.staging.paydiant.com
www.certification.paydiant.com
www.connectors.synchronywallet-bpna.certification.paydiant.com
www.dev.paydiant.com
www.devcenter.paydiant.com
www.failover.paydiant.com
www.ops.external.skybridge.paydiant.com
www.ops.internal.skybridge.paydiant.com
www.paydiant.com
www.provisioning-demo.paydiant.com
www.provisioning-qa.paydiant.com
www.provisioning-staging.paydiant.com
www.sales.paydiant.com
www.sslvpn.paydiant.com
www.storelocator.sandbox.paydiant.com
www.subwayssltest.paydiant.com
