247.paylution.com
aco.paylution.com
alphay.paylution.com
alumiermd.paylution.com
amcglobal.paylution.com
amway.paylution.com
andorra.paylution.com
api.paylution.com
api.uat.paylution.com
aps.paylution.com
arogalife.paylution.com
avisae.paylution.com
bbtv.paylution.com
bemergroup.paylution.com
beta-amway.paylution.com
beta-api.paylution.com
beta-commissions.paylution.com
beta-dublixpress.paylution.com
beta-ecopower.paylution.com
beta-edn.paylution.com
beta-evolv.paylution.com
beta-hydroderm.paylution.com
beta-lhd.paylution.com
beta-liverich.paylution.com
beta-moveguides.paylution.com
beta-myhbn.paylution.com
beta-nucerity.paylution.com
beta-nutronix.paylution.com
beta-quantum.paylution.com
beta-textcheck.paylution.com
beta-trivita.paylution.com
beta-valitor.paylution.com
beta-vemma.paylution.com
beta-victory100.paylution.com
beta-zurvita.paylution.com
beta.paylution.com
bwl.paylution.com
claruspower.paylution.com
clincierge.paylution.com
commissions.paylution.com
criusenergy.paylution.com
dcc.paylution.com
demo.paylution.com
directselling.paylution.com
disrupt.paylution.com
divaderme.paylution.com
dlgworld.paylution.com
dorms.paylution.com
drivers.paylution.com
dublixpress.paylution.com
edn.paylution.com
empowerment.paylution.com
eniva.paylution.com
enzacta.paylution.com
foxx.paylution.com
freelife.paylution.com
globalmobility.paylution.com
handybook.paylution.com
hds.paylution.com
herbalife.paylution.com
hitrecord.paylution.com
hodo.paylution.com
hwmail-beta.paylution.com
hwmail-uat.paylution.com
hwmail.paylution.com
hydroderm.paylution.com
i-butler.paylution.com
idlife.paylution.com
imarketslive.paylution.com
internal-api.paylution.com
internal-api.qabeta.paylution.com
internal-api.qaload.paylution.com
internal-api.qamaster.paylution.com
internal-api.uat.paylution.com
internal-www.paylution.com
internal-www.qabeta.paylution.com
internal-www.qaload.paylution.com
internal-www.qamaster.paylution.com
internal-www.qarelease.paylution.com
internal-www.uat.paylution.com
ionicware.paylution.com
javita.paylution.com
jeunessepay.paylution.com
jewelscent.paylution.com
jusuru.paylution.com
karrot.paylution.com
keep-collective.paylution.com
kendal.paylution.com
keprea.paylution.com
l.rewards1.paylution.com
l4t.paylution.com
lagunablends.paylution.com
ldara.paylution.com
lhd.paylution.com
lifeplus.paylution.com
limelight.paylution.com
links.paylution.com
load.paylution.com
loadtest.paylution.com
m5.paylution.com
maelle.paylution.com
mail.paylution.com
mail2.paylution.com
makeuperaser.paylution.com
maskcarabeauty.paylution.com
maxicom.paylution.com
mayvenn.paylution.com
mazuglobal.paylution.com
mobileapi.paylution.com
mojilife.paylution.com
mojito.paylution.com
monat.paylution.com
mystream.paylution.com
nerium.paylution.com
nimblify.paylution.com
northwestern.paylution.com
nucerity.paylution.com
nutronix.paylution.com
nuviza.paylution.com
o1.hwmail.paylution.com
o3.hwmail-beta.paylution.com
o4.hwmail-uat.paylution.com
obs.paylution.com
ocs.paylution.com
onfrontiers.paylution.com
opskins.paylution.com
pangea.paylution.com
paylution.com
payouts.paylution.com
phcpayments.paylution.com
pl._spf.paylution.com
plannetmarketing.paylution.com
plexusworldwide.paylution.com
pm-international.paylution.com
powerleadsystem.paylution.com
priv.paylution.com
qa.paylution.com
qamaster-portal.paylution.com
qarelease-docs.paylution.com
qarelease-portal.paylution.com
qatrunk-portal.paylution.com
qiclub.paylution.com
qpay.paylution.com
quantum.paylution.com
quivers.paylution.com
rain.paylution.com
rbc.paylution.com
realtimepay.paylution.com
redcross.paylution.com
richway.paylution.com
robkellermd.paylution.com
royalprestige.paylution.com
scriptrelief.paylution.com
seacret.paylution.com
simply.paylution.com
sorvana.paylution.com
stanford.paylution.com
talkfusion.paylution.com
tcd.paylution.com
teameffort.paylution.com
textcheck.paylution.com
thinksmart.paylution.com
trivesta.paylution.com
trivita.paylution.com
truvisionhealth.paylution.com
tsfl.paylution.com
txp.paylution.com
uat-americanredcross.paylution.com
uat-api.paylution.com
uat-aps.paylution.com
uat-astonish.paylution.com
uat-bwl.paylution.com
uat-commissions.paylution.com
uat-dcc.paylution.com
uat-divaderme.paylution.com
uat-dorms.paylution.com
uat-drivers.paylution.com
uat-ecopower.paylution.com
uat-edn.paylution.com
uat-elken.paylution.com
uat-enzacta.paylution.com
uat-evolv.paylution.com
uat-expedia.paylution.com
uat-foxx.paylution.com
uat-globalmobility.paylution.com
uat-handybook.paylution.com
uat-hodo.paylution.com
uat-hydroderm.paylution.com
uat-kendal.paylution.com
uat-keprea.paylution.com
uat-l4t.paylution.com
uat-lifematters.paylution.com
uat-lifeplus.paylution.com
uat-liverich.paylution.com
uat-maxicom.paylution.com
uat-myhbn.paylution.com
uat-nutraease.paylution.com
uat-plexusworldwide.paylution.com
uat-qiclub.paylution.com
uat-quantum.paylution.com
uat-sakura.paylution.com
uat-trivita.paylution.com
uat-tsfl.paylution.com
uat-txp.paylution.com
uat-uncorked.paylution.com
uat-vemma.paylution.com
uat-vfinity.paylution.com
uat-victory100.paylution.com
uat-zurvita.paylution.com
uat.paylution.com
uncorked.paylution.com
unicity.paylution.com
valentus.paylution.com
valitor.paylution.com
vfinity.paylution.com
viaonehope.paylution.com
victory100.paylution.com
vida.paylution.com
vidadivina.paylution.com
viridian.paylution.com
visaluspay.paylution.com
visi.paylution.com
w.paylution.com
wellu.paylution.com
worldventures.paylution.com
wuonline.paylution.com
www.api.paylution.com
www.chandrannabima.paylution.com
www.demo.paylution.com
www.loadtest.paylution.com
www.paylution.com
www.streaming.paylution.com
www.wsg.paylution.com
ygyi.paylution.com
yleurope.paylution.com
youlabglobalpay.paylution.com
youngliving.paylution.com
zija.paylution.com
zilis.paylution.com
zurvita.paylution.com
zvi.paylution.com
