api.integration.paypal.cn
api.paypal.cn
api.post-production.paypal.cn
api.pre-production.paypal.cn
api.qa.paypal.cn
api.sandbox.paypal.cn
api.staging.paypal.cn
demo.paypal.cn
developer.paypal.cn
email.paypal.cn
email1.paypal.cn
email2.paypal.cn
information.paypal.cn
integration.paypal.cn
mail.paypal.cn
mschina.qa.paypal.cn
mschina1int.qa.paypal.cn
mschina2int.qa.paypal.cn
mx1.paypal.cn
post-production.paypal.cn
pre-production.paypal.cn
relevents-api.qa.paypal.cn
sandbox.paypal.cn
staging.paypal.cn
www.developer.paypal.cn
www.integration.paypal.cn
www.paypal.cn
www.post-production.paypal.cn
www.pre-production.paypal.cn
www.qa.paypal.cn
www.rchss.paypal.cn
www.sandbox.paypal.cn
www.staging.paypal.cn
