admin.periscope.tv
api.periscope.tv
assets.periscope.tv
canary-api.periscope.tv
canary-channels.periscope.tv
canary-guest.periscope.tv
canary-notification-service.periscope.tv
canary-payman.periscope.tv
canary-text-classification.periscope.tv
canary-transcode-proxy-us-east-1.periscope.tv
canary-transcode-us-east-1.periscope.tv
canary-web.periscope.tv
channels.periscope.tv
chatman-replay-us-east-1.periscope.tv
chatman-replay-us-west-2.periscope.tv
dev-admin.periscope.tv
dev-ap-southeast-1.periscope.tv
dev-ap-southeast-2.periscope.tv
dev-api.periscope.tv
dev-assets.periscope.tv
dev-audit-trail.periscope.tv
dev-channels.periscope.tv
dev-chatman-ancillary-eu-west-1.periscope.tv
dev-chatman-replay-eu-west-1.periscope.tv
dev-chatman-replay-us-west-2.periscope.tv
dev-email.periscope.tv
dev-embed.periscope.tv
dev-eu-west-1.periscope.tv
dev-m.periscope.tv
dev-masks.periscope.tv
dev-notification-service.periscope.tv
dev-payman.periscope.tv
dev-profile.periscope.tv
dev-public-api-assets.periscope.tv
dev-public-api.periscope.tv
dev-replay.periscope.tv
dev-signer-eu-west-1.periscope.tv
dev-signer-us-west-2.periscope.tv
dev-signer.periscope.tv
dev-text-classification.periscope.tv
dev-tn.periscope.tv
dev-transcode-eu-west-1.periscope.tv
dev-transcode-proxy-eu-west-1.periscope.tv
dev-transcode-proxy-us-west-2.periscope.tv
dev-transcode-us-west-2.periscope.tv
dev-video-us-west-2.periscope.tv
dev-vidman-eu-west-1.periscope.tv
dev-web-eu-west-1.periscope.tv
dev-web.periscope.tv
dev-www.periscope.tv
email-service.periscope.tv
email.periscope.tv
embed.periscope.tv
guest.periscope.tv
help.periscope.tv
hls.periscope.tv
lex-us-west-2.periscope.tv
mydcl.periscope.tv
notification-service.periscope.tv
payman.periscope.tv
periscope.tv
preflight-web.periscope.tv
prod-ap-northeast-1.periscope.tv
prod-ap-southeast-2.periscope.tv
prod-assets.periscope.tv
prod-chatman-ancillary-ap-northeast-1.periscope.tv
prod-chatman-ancillary-eu-central-1.periscope.tv
prod-chatman-ancillary-us-east-1.periscope.tv
prod-chatman-ancillary-us-west-2.periscope.tv
prod-ec-ap-northeast-1.video.periscope.tv
prod-ec-ap-southeast-1.video.periscope.tv
prod-ec-eu-central-1.video.periscope.tv
prod-ec-eu-west-1.video.periscope.tv
prod-ec-eu-west-3.video.periscope.tv
prod-ec-sa-east-1.video.periscope.tv
prod-ec-us-east-1.video.periscope.tv
prod-ec-us-west-1.video.periscope.tv
prod-eu-central-1.periscope.tv
prod-fastly-ap-northeast-1.video.periscope.tv
prod-fastly-ap-northeast-2.video.periscope.tv
prod-fastly-ap-south-1.video.periscope.tv
prod-fastly-ap-southeast-1.video.periscope.tv
prod-fastly-ap-southeast-2.video.periscope.tv
prod-fastly-eu-central-1.video.periscope.tv
prod-fastly-eu-west-1.video.periscope.tv
prod-fastly-eu-west-3.video.periscope.tv
prod-fastly-sa-east-1.video.periscope.tv
prod-fastly-us-east-1.video.periscope.tv
prod-fastly-us-west-1.video.periscope.tv
prod-fastly-us-west-2.video.periscope.tv
prod-masks.periscope.tv
prod-profile.periscope.tv
prod-public-api-assets.periscope.tv
prod-sa-east-1.periscope.tv
prod-text-classification.periscope.tv
prod-thumbnail-small.periscope.tv
prod-thumbnail.periscope.tv
prod-transcode-ap-northeast-2.periscope.tv
prod-transcode-ap-south-1.periscope.tv
prod-transcode-ap-southeast-1.periscope.tv
prod-transcode-ap-southeast-2.periscope.tv
prod-transcode-eu-central-1.periscope.tv
prod-transcode-eu-west-1.periscope.tv
prod-transcode-eu-west-3.periscope.tv
prod-transcode-proxy-ap-northeast-1.periscope.tv
prod-transcode-proxy-ap-south-1.periscope.tv
prod-transcode-proxy-ap-southeast-1.periscope.tv
prod-transcode-proxy-eu-west-3.periscope.tv
prod-transcode-proxy-us-east-1.periscope.tv
prod-transcode-sa-east-1.periscope.tv
prod-transcode-us-east-1.periscope.tv
prod-transcode-us-west-1.periscope.tv
prod-transcode-us-west-2.periscope.tv
prod-us-east-1.periscope.tv
prod-us-west-1.periscope.tv
prod-us-west-2.periscope.tv
prod-video-ap-northeast-1.periscope.tv
prod-video-ap-northeast-2.periscope.tv
prod-video-ap-south-1.periscope.tv
prod-video-ap-southeast-1.periscope.tv
prod-video-ap-southeast-2.periscope.tv
prod-video-eu-central-1.periscope.tv
prod-video-eu-west-1.periscope.tv
prod-video-eu-west-3.periscope.tv
prod-video-sa-east-1.periscope.tv
prod-video-us-east-1.periscope.tv
prod-video-us-west-1.periscope.tv
prod-video-us-west-2.periscope.tv
public-api-ws.periscope.tv
public-api.periscope.tv
replay.periscope.tv
safety.periscope.tv
signer-ap-northeast-1.periscope.tv
signer-ap-northeast-2.periscope.tv
signer-ap-south-1.periscope.tv
signer-ap-southeast-2.periscope.tv
signer-eu-central-1.periscope.tv
signer-eu-west-1.periscope.tv
signer-sa-east-1.periscope.tv
signer-us-west-2.periscope.tv
signer.periscope.tv
text-classification.periscope.tv
tn.periscope.tv
vault.periscope.tv
video.periscope.tv
vidman-ap-northeast-1.periscope.tv
vidman-ap-northeast-2.periscope.tv
vidman-ap-southeast-1.periscope.tv
vidman-ap-southeast-2.periscope.tv
vidman-eu-central-1.periscope.tv
vidman-eu-west-1.periscope.tv
vidman-sa-east-1.periscope.tv
vidman-us-east-1.periscope.tv
vidman-us-west-2.periscope.tv
web-ap-northeast-2.periscope.tv
web-ap-south-1.periscope.tv
web-ap-southeast-1.periscope.tv
web-ap-southeast-2.periscope.tv
web-eu-west-1.periscope.tv
web-sa-east-1.periscope.tv
web-us-east-1.periscope.tv
web-us-west-1.periscope.tv
web-us-west-2.periscope.tv
web.periscope.tv
www-l2ti.periscope.tv
www.abomeycalavi.periscope.tv
www.caption.periscope.tv
www.cashonline.periscope.tv
www.entwicklung.periscope.tv
www.gallifrey.periscope.tv
www.gathering.periscope.tv
www.gbmb.periscope.tv
www.geospatial.periscope.tv
www.interimsf.periscope.tv
www.jyotcar.periscope.tv
www.lunar.periscope.tv
www.maxnl.periscope.tv
www.periscope.tv
www.rivervenice.periscope.tv
www.tableronde.periscope.tv
www.usc1217.periscope.tv
www.vrm-license.periscope.tv
www.wcw.periscope.tv
wwwad.periscope.tv
