admin.dev.popjam.com
admin.popjam.com
admin2.popjam.com
admin2.staging.popjam.com
advertising.dev.popjam.com
advertising.popjam.com
advertising.staging.popjam.com
advertisingapi.dev.popjam.com
advertisingapi.popjam.com
advertisingapi.staging.popjam.com
apac.cdn.popjam.com
apac.popjam.com
api.apac.popjam.com
api.dev.popjam.com
api.eu-west-1.k8s.staging.popjam.com
api.popjam.com
api.staging.popjam.com
api2.popjam.com
app-reviews.popjam.com
app.dev.popjam.com
app.popjam.com
app.staging.popjam.com
autoconfig.dev.popjam.com
blog.popjam.com
blogx.dev.popjam.com
cdn.popjam.com
cloudsearch.dev.popjam.com
cms.apac.cdn.popjam.com
cms.au.cdn.popjam.com
dashboard.eu-west-1.k8s.popjam.com
dashboard.eu-west-1.k8s.staging.popjam.com
dashboard.us-east-1.k8s.popjam.com
dev.popjam.com
download.popjam.com
eu-west-1.api.popjam.com
events.dev.popjam.com
events.popjam.com
events.staging.popjam.com
feeditems.staging.popjam.com
forgot-password.popjam.com
gwm.popjam.com
gwm.staging.popjam.com
identity.dev.popjam.com
images.apac.cdn.popjam.com
images.au.cdn.popjam.com
kibana.ap-southeast-1.kubernetes.popjam.com
kibana.eu-west-1.kubernetes.popjam.com
kibana.eu-west-1.kubernetes.staging.popjam.com
kibana.kubernetes.popjam.com
kibana.popjam.com
kibana.staging.popjam.com
kibana.us-east-1.kubernetes.popjam.com
kibana.us-east-1.kubernetes.staging.popjam.com
legacy-app.dev.popjam.com
media.popjam.com
mobile.dev.popjam.com
new.popjam.com
origin-auth.popjam.com
origin-sdk.popjam.com
origin-video.popjam.com
parse.popjam.com
partners.dev.popjam.com
partners.popjam.com
partners.staging.popjam.com
partners2.popjam.com
popjam.com
post-renderer.dev.popjam.com
publishing-api.dev.popjam.com
publishing-api.popjam.com
publishing-api.staging.popjam.com
publishing.dev.popjam.com
publishing.popjam.com
publishing.staging.popjam.com
redash.popjam.com
richcontent.apac.cdn.popjam.com
richcontent.au.cdn.popjam.com
sdk.popjam.com
sdk.staging.popjam.com
search.dev.popjam.com
secure.dev.popjam.com
staging.popjam.com
test1.cdn.popjam.com
thrift.apac.popjam.com
trending-api.popjam.com
trending.popjam.com
us-east-1.api.popjam.com
video.popjam.com
videos.apac.cdn.popjam.com
videos.au.cdn.popjam.com
web-auth.popjam.com
web.dev.popjam.com
web.popjam.com
web.staging.popjam.com
webdisk.dev.popjam.com
work.popjam.com
www.dev.popjam.com
www.popjam.com
www.staging.popjam.com
