.protrade.com
alerts-qa-gq1.protrade.com
alerts-stage-gq1.protrade.com
alerts.protrade.com
beta.protrade.com
blog.protrade.com
bracket.protrade.com
exchange.protrade.com
fan.protrade.com
fbapps2.protrade.com
ffplayoffs.protrade.com
football.protrade.com
footy.protrade.com
futbol.protrade.com
hb.protrade.com
highschool.protrade.com
images.protrade.com
live.protrade.com
mail.protrade.com
mos10.protrade.com
mos2.protrade.com
mosfan.protrade.com
mrest-qa-gq1-test.protrade.com
mrest-qa-gq1.protrade.com
mrest-stage-gq1-test.protrade.com
mrest-stage-gq1.protrade.com
mrest-ycpi.protrade.com
mrest.protrade.com
msite.protrade.com
picks.protrade.com
protrade.com
resources.protrade.com
salarycap.protrade.com
salcap.protrade.com
secure1.protrade.com
smrest-ycpi.protrade.com
smrest.protrade.com
sportrest-qa-gq1.protrade.com
sportrest-stage-gq1.protrade.com
sportslife-alerts.protrade.com
sportslife.protrade.com
ssalarycap.protrade.com
ssportslife.protrade.com
www.protrade.com
yfootball.protrade.com
ymrest.protrade.com
