*.alvsce.pscp.tv
*.pudying.pscp.tv
10.72.180.60prod-fastly-us-west-1.video.pscp.tv
a.pscp.tv
api-ws.pscp.tv
api.pscp.tv
assets.pscp.tv
au.pscp.tv
audit-trail.pscp.tv
b.pscp.tv
br.pscp.tv
ca.pscp.tv
canary-channels.pscp.tv
canary-chatman-ancillary-us-west-2.pscp.tv
canary-exp-video-us-east-1.pscp.tv
canary-fleets-us-west-1.pscp.tv
canary-fleets-us-west-2.pscp.tv
canary-guest.pscp.tv
canary-proxsee.pscp.tv
canary-safety.pscp.tv
canary-text-classification.pscp.tv
canary-transcode-proxy-us-east-1.pscp.tv
canary-transcode-us-east-1.pscp.tv
canary-video-us-east-1.pscp.tv
canary-web.pscp.tv
channel-thumbnails-dev.pscp.tv
channel-thumbnails-live.pscp.tv
channels.pscp.tv
chatman-replay-ap-northeast-1.pscp.tv
chatman-replay-eu-central-1.pscp.tv
chatman-replay-us-east-1.pscp.tv
chatman-replay-us-west-2.pscp.tv
d.pscp.tv
dca.pscp.tv
de.pscp.tv
dev-api-ws.pscp.tv
dev-api.pscp.tv
dev-assets.pscp.tv
dev-audit-trail.pscp.tv
dev-channels-thumbnails.pscp.tv
dev-chatman-ancillary-us-west-2.pscp.tv
dev-chatman-replay-eu-west-1.pscp.tv
dev-chatman-replay-us-west-2.pscp.tv
dev-email.pscp.tv
dev-embed.pscp.tv
dev-exp-video-eu-west-1.pscp.tv
dev-exp-video-us-west-2.pscp.tv
dev-fleets-us-west-2.pscp.tv
dev-fleets.pscp.tv
dev-guest.pscp.tv
dev-hlspull.pscp.tv
dev-lex-us-east-1.pscp.tv
dev-masks.pscp.tv
dev-profile.pscp.tv
dev-proxsee.pscp.tv
dev-public-api-assets.pscp.tv
dev-safety.pscp.tv
dev-signer-eu-west-1.pscp.tv
dev-signer.pscp.tv
dev-text-classification.pscp.tv
dev-thumbnail.pscp.tv
dev-transcode-us-west-2.pscp.tv
dev-turn.pscp.tv
dev-video-eu-west-1.pscp.tv
dev-video-us-west-2.pscp.tv
dev-vidman-eu-west-1.pscp.tv
dev-vidman-us-west-2.pscp.tv
dev-web-eu-west-1.pscp.tv
dev-web.pscp.tv
dev-www.pscp.tv
die.pscp.tv
ec-dev-video-eu-west-1.pscp.tv
ec-dev-video-us-west-2.pscp.tv
ec-prod-video-ap-northeast-1.pscp.tv
ec-prod-video-ap-southeast-1.pscp.tv
ec-prod-video-ap-southeast-2.pscp.tv
ec-prod-video-eu-central-1.pscp.tv
ec-prod-video-eu-west-1.pscp.tv
ec-prod-video-sa-east-1.pscp.tv
ec-prod-video-us-east-1.pscp.tv
ec-prod-video-us-west-1.pscp.tv
ec-prod-video-us-west-2.pscp.tv
email.pscp.tv
embed.pscp.tv
fleets-us-west-2.pscp.tv
fleets.pscp.tv
fr.pscp.tv
guest.pscp.tv
gw-canary-hydra-us-east-1.pscp.tv
gw-dev-hydra-eu-west-1.pscp.tv
gw-dev-hydra-us-west-2.pscp.tv
gw-prod-hydra-ap-south-1.pscp.tv
gw-prod-hydra-eu-central-1.pscp.tv
gw-prod-hydra-eu-west-3.pscp.tv
gw-prod-hydra-us-west-1.pscp.tv
gw-prod-hydra-us-west-2.pscp.tv
help.pscp.tv
hls.pscp.tv
hlspull.pscp.tv
ie.pscp.tv
in.pscp.tv
jp.pscp.tv
kr.pscp.tv
lex-us-west-2.pscp.tv
metrics.pscp.tv
notification-service.pscp.tv
or.pscp.tv
other.pscp.tv
payman.pscp.tv
preflight-web.pscp.tv
prod-assets.pscp.tv
prod-channels-thumbnails.pscp.tv
prod-chatman-ancillary-ap-northeast-1.pscp.tv
prod-chatman-ancillary-eu-central-1.pscp.tv
prod-chatman-ancillary-us-east-1.pscp.tv
prod-chatman-ancillary-us-west-2.pscp.tv
prod-cloudfront-tn-ap-northeast-1-replay.video.pscp.tv
prod-cloudfront-tn-ap-southeast-1-replay.video.pscp.tv
prod-cloudfront-tn-eu-central-1-live.video.pscp.tv
prod-cloudfront-tn-eu-central-1-replay.video.pscp.tv
prod-cloudfront-tn-eu-west-1-live.video.pscp.tv
prod-cloudfront-tn-eu-west-1-replay.video.pscp.tv
prod-cloudfront-tn-eu-west-3-live.video.pscp.tv
prod-cloudfront-tn-eu-west-3-replay.video.pscp.tv
prod-cloudfront-tn-sa-east-1-live.video.pscp.tv
prod-cloudfront-tn-sa-east-1-replay.video.pscp.tv
prod-cloudfront-tn-us-east-1-live.video.pscp.tv
prod-cloudfront-tn-us-east-1-replay.video.pscp.tv
prod-cloudfront-tn-us-west-1-live.video.pscp.tv
prod-cloudfront-tn-us-west-1-replay.video.pscp.tv
prod-cloudfront-tn-us-west-2-live.video.pscp.tv
prod-cloudfront-tn-us-west-2-replay.video.pscp.tv
prod-ec-ap-northeast-1.video.pscp.tv
prod-ec-ap-northeast-2.video.pscp.tv
prod-ec-ap-south-1.video.pscp.tv
prod-ec-ap-southeast-1.video.pscp.tv
prod-ec-ap-southeast-2.video.pscp.tv
prod-ec-eu-central-1.video.pscp.tv
prod-ec-eu-west-1.video.pscp.tv
prod-ec-eu-west-3.video.pscp.tv
prod-ec-sa-east-1.video.pscp.tv
prod-ec-us-east-1.video.pscp.tv
prod-ec-us-west-1.video.pscp.tv
prod-ec-us-west-2.video.pscp.tv
prod-exp-video-ap-northeast-1.pscp.tv
prod-exp-video-ap-southeast-2.pscp.tv
prod-exp-video-eu-central-1.pscp.tv
prod-exp-video-eu-west-1.pscp.tv
prod-exp-video-sa-east-1.pscp.tv
prod-exp-video-us-east-1.pscp.tv
prod-fastly-ap-northeast-1.video.pscp.tv
prod-fastly-ap-northeast-2.video.pscp.tv
prod-fastly-ap-south-1.video.pscp.tv
prod-fastly-ap-southeast-1.video.pscp.tv
prod-fastly-ap-southeast-2.video.pscp.tv
prod-fastly-eu-central-1.video.pscp.tv
prod-fastly-eu-west-1.video.pscp.tv
prod-fastly-eu-west-3.video.pscp.tv
prod-fastly-sa-east-1.video.pscp.tv
prod-fastly-us-east-1.video.pscp.tv
prod-fastly-us-west-1.video.pscp.tv
prod-fastly-us-west-1.video.pscp.tvprod-fastly-us-west-1.video.pscp.tv
prod-fastly-us-west-2.video.pscp.tv
prod-masks.pscp.tv
prod-playback-ap-northeast-1.pscp.tv
prod-playback-ap-southeast-2.pscp.tv
prod-playback-eu-central-1.pscp.tv
prod-playback-eu-west-1.pscp.tv
prod-playback-sa-east-1.pscp.tv
prod-playback-us-east-1.pscp.tv
prod-playback-us-west-1.pscp.tv
prod-playback-us-west-2.pscp.tv
prod-profile.pscp.tv
prod-public-api-assets.pscp.tv
prod-text-classification.pscp.tv
prod-thumbnail-small.pscp.tv
prod-thumbnail.pscp.tv
prod-transcode-ap-northeast-2.pscp.tv
prod-transcode-ap-south-1.pscp.tv
prod-transcode-ap-southeast-1.pscp.tv
prod-transcode-ap-southeast-2.pscp.tv
prod-transcode-eu-central-1.pscp.tv
prod-transcode-eu-west-1.pscp.tv
prod-transcode-eu-west-3.pscp.tv
prod-transcode-proxy-ap-south-1.pscp.tv
prod-transcode-proxy-ap-southeast-2.pscp.tv
prod-transcode-proxy-eu-central-1.pscp.tv
prod-transcode-proxy-eu-west-1.pscp.tv
prod-transcode-proxy-eu-west-3.pscp.tv
prod-transcode-proxy-sa-east-1.pscp.tv
prod-transcode-proxy-us-east-1.pscp.tv
prod-transcode-sa-east-1.pscp.tv
prod-transcode-us-east-1.pscp.tv
prod-transcode-us-west-2.pscp.tv
prod-video-ap-northeast-1.pscp.tv
prod-video-ap-northeast-2.pscp.tv
prod-video-ap-south-1.pscp.tv
prod-video-ap-southeast-1.pscp.tv
prod-video-ap-southeast-2.pscp.tv
prod-video-eu-central-1.pscp.tv
prod-video-eu-west-1.pscp.tv
prod-video-eu-west-3.pscp.tv
prod-video-sa-east-1.pscp.tv
prod-video-us-east-1.pscp.tv
prod-video-us-west-1.pscp.tv
prod-video-us-west-2.pscp.tv
proxsee.pscp.tv
pscp.tv
safety.pscp.tv
sg.pscp.tv
signer-ap-northeast-1.pscp.tv
signer-ap-southeast-1.pscp.tv
signer-eu-west-1.pscp.tv
signer-sa-east-1.pscp.tv
signer-us-west-2.pscp.tv
signer.pscp.tv
test-help.pscp.tv
text-classification.pscp.tv
turn-ap-south-1.pscp.tv
turn-ap-southeast-1.pscp.tv
turn-sa-east-1.pscp.tv
turn-us-west-1.pscp.tv
turn.pscp.tv
va.pscp.tv
video.pscp.tv
vidman-ap-northeast-1.pscp.tv
vidman-ap-northeast-2.pscp.tv
vidman-ap-southeast-1.pscp.tv
vidman-ap-southeast-2.pscp.tv
vidman-eu-central-1.pscp.tv
vidman-eu-west-1.pscp.tv
vidman-eu-west-3.pscp.tv
vidman-sa-east-1.pscp.tv
vidman-us-east-1.pscp.tv
vidman-us-west-1.pscp.tv
vidman-us-west-2.pscp.tv
wb-sbs.pscp.tv
wclync.pscp.tv
web-ap-northeast-1.pscp.tv
web-ap-northeast-2.pscp.tv
web-ap-south-1.pscp.tv
web-ap-southeast-1.pscp.tv
web-ap-southeast-2.pscp.tv
web-eu-central-1.pscp.tv
web-eu-west-1.pscp.tv
web-us-east-1.pscp.tv
web-us-west-2.pscp.tv
web.pscp.tv
webdisk.acesso.pscp.tv
wf-exch2010.pscp.tv
www.client-services.pscp.tv
www.clubcafe.pscp.tv
www.donarsang.pscp.tv
www.doyanqq.pscp.tv
www.fapz.pscp.tv
www.gemcar.pscp.tv
www.loonlake.pscp.tv
www.oswietlenie.pscp.tv
www.plivo.pscp.tv
www.pscp.tv
www.seoln.pscp.tv
www.smsconsulting.pscp.tv
www.supertop.pscp.tv
www.techtoy.pscp.tv
www.willamonika.pscp.tv
zz.pscp.tv
