app.quantopian.com
blog.quantopian.com
calendar.quantopian.com
dataloader.quantopian.com
dns.quantopian.com
docs.quantopian.com
eks-proxy.quantopian.com
eks.quantopian.com
email.quantopian.com
email2.quantopian.com
email3.quantopian.com
factset-results-staging.quantopian.com
factset-results.quantopian.com
factset.quantopian.com
gwtest.prd.int.quantopian.com
image-proxy.prd.pub.quantopian.com
image-proxy.quantopian.com
internal.quantopian.com
jenkins.quantopian.com
mail.quantopian.com
media.quantopian.com
monitor.quantopian.com
notebooks-preview.prd.pub.quantopian.com
notebooks-preview.quantopian.com
o1.email.quantopian.com
o1.email2.quantopian.com
old.quantopian.com
ops.quantopian.com
prd.int.quantopian.com
prd.pub.quantopian.com
qf.quantopian.com
quantopian.com
smtprelay.quantopian.com
stg.int.quantopian.com
stg.pub.quantopian.com
testdrive.quantopian.com
the.quantopian.com
w.quantopian.com
webmaster.quantopian.com
www.internal.quantopian.com
www.quantopian.com
www.testdrive.quantopian.com
