accounts-epicgamedev.quixel.com
accounts-staging.quixel.com
accounts.quixel.com
admin-9am217.quixel.com
admin.quixel.com
adminstaging1-9am217.quixel.com
adminstaging1.quixel.com
adminstaging2-9am217.quixel.com
adminstaging2.quixel.com
analytics.quixel.com
assetdownloads.quixel.com
at.quixel.com
blog.quixel.com
cdn-assets.quixel.com
cdn.quixel.com
content-staging-dashboard-v2.quixel.com
content-staging-dashboard.quixel.com
content-staging.quixel.com
dashboard-staging.quixel.com
dashboard-staging2.quixel.com
dashboard.quixel.com
deploy.quixel.com
dev-staging-9am217.quixel.com
dev-staging-fb.quixel.com
dev-staging.quixel.com
dm-staging.quixel.com
dm.quixel.com
dmonitor.quixel.com
docs.quixel.com
downloadf.quixel.com
downloadp.quixel.com
e-unsubscribe-staging.quixel.com
e-unsubscribe.quixel.com
emails-staging.quixel.com
fe-staging.quixel.com
forum.quixel.com
help.quixel.com
image-resize-prod.quixel.com
image-resize-staging.quixel.com
imap.quixel.com
megaflix-ae84jb3q.quixel.com
meta.quixel.com
mhc-api-staging.quixel.com
mhc-api.quixel.com
pop.quixel.com
quixel.com
rp-staging.quixel.com
rp.quixel.com
rps-stage.quixel.com
rps.quixel.com
sftp.quixel.com
smtp.quixel.com
sso-stage.quixel.com
staging-9am217.quixel.com
staging1.quixel.com
stagingquixelrefactoring.quixel.com
stats.quixel.com
status.quixel.com
tm.quixel.com
webmail.quixel.com
workdayresults.quixel.com
www.quixel.com
zendesk1.quixel.com
zendesk2.quixel.com
zendesk3.quixel.com
zendesk4.quixel.com
