10.sm.roblox.com
100274-fw1.roblox.com
11.sm.roblox.com
12.sm.roblox.com
13.sm.roblox.com
208_185_116_57.ra.roblox.com
209_206_40_254.rp.roblox.com
64_124_125_10.sm.roblox.com
64_124_125_11.sm.roblox.com
64_124_125_12.sm.roblox.com
64_124_125_13.sm.roblox.com
64_124_125_14.sm.roblox.com
64_124_125_15.sm.roblox.com
64_124_125_16.sm.roblox.com
64_124_125_17.sm.roblox.com
64_124_125_18.sm.roblox.com
64_124_125_19.sm.roblox.com
64_124_125_2.sm.roblox.com
64_124_125_20.sm.roblox.com
64_124_125_21.sm.roblox.com
64_124_125_22.sm.roblox.com
64_124_125_23.sm.roblox.com
64_124_125_24.sm.roblox.com
64_124_125_25.sm.roblox.com
64_124_125_26.sm.roblox.com
64_124_125_27.sm.roblox.com
64_124_125_28.sm.roblox.com
64_124_125_29.sm.roblox.com
64_124_125_3.sm.roblox.com
64_124_125_30.sm.roblox.com
64_124_125_31.sm.roblox.com
64_124_125_32.sm.roblox.com
64_124_125_33.sm.roblox.com
64_124_125_34.sm.roblox.com
64_124_125_35.sm.roblox.com
64_124_125_36.sm.roblox.com
64_124_125_37.sm.roblox.com
64_124_125_38.sm.roblox.com
64_124_125_39.sm.roblox.com
64_124_125_4.sm.roblox.com
64_124_125_40.sm.roblox.com
64_124_125_41.sm.roblox.com
64_124_125_42.sm.roblox.com
64_124_125_43.sm.roblox.com
64_124_125_44.sm.roblox.com
64_124_125_45.sm.roblox.com
64_124_125_46.sm.roblox.com
64_124_125_47.sm.roblox.com
64_124_125_48.sm.roblox.com
64_124_125_49.sm.roblox.com
64_124_125_5.sm.roblox.com
64_124_125_50.sm.roblox.com
64_124_125_51.sm.roblox.com
64_124_125_52.sm.roblox.com
64_124_125_53.sm.roblox.com
64_124_125_54.sm.roblox.com
64_124_125_55.sm.roblox.com
64_124_125_56.sm.roblox.com
64_124_125_57.sm.roblox.com
64_124_125_58.sm.roblox.com
64_124_125_59.sm.roblox.com
64_124_125_6.sm.roblox.com
64_124_125_60.sm.roblox.com
64_124_125_61.sm.roblox.com
64_124_125_62.sm.roblox.com
64_124_125_63.sm.roblox.com
64_124_125_7.sm.roblox.com
64_124_125_8.sm.roblox.com
64_124_125_9.sm.roblox.com
64b53d83b5d6aab2c725_29.sm.roblox.com
64d4a7181158ba4e2dfa6bea6bac5bb3.cjb.comm.roblox.com
_spf_20190122.roblox.com
abtesting.roblox.com
abuse.roblox.com
abusesite.roblox.com
accountinformation.roblox.com
accountsettings.roblox.com
adconfiguration.roblox.com
admin.roblox.com
ads.roblox.com
affiliates.roblox.com
algorithmgamesearch.api.roblox.com
altdevforum.roblox.com
ams1-128-116-121-3.roblox.com
analytics.roblox.com
api.gametest1.roblox.com
api.gametest2.roblox.com
api.gametest3.roblox.com
api.gametest4.roblox.com
api.gametest5.roblox.com
api.roblox.com
api.sitetest1.roblox.com
api.sitetest2.roblox.com
api.sitetest3.roblox.com
api.sitetest4.roblox.com
apis.rcs.roblox.com
apis.roblox.com
app1.gg.roblox.com
app1.rp.roblox.com
app150.rp.roblox.com
app23.p1.roblox.com
app4.sm.roblox.com
app41.rp.roblox.com
app55.ra.roblox.com
appmail.gg.roblox.com
appmail.p1.roblox.com
appmail.ra.roblox.com
appmail.roblox.com
appmail.rp.roblox.com
appmail2.rp.roblox.com
ash1-128-116-114-3.roblox.com
assetdelivery.roblox.com
assetgame.roblox.com
assets.api.roblox.com
atl1-128-116-99-3.roblox.com
auth.roblox.com
authorize.roblox.com
authsite.roblox.com
autodiscover.cn.roblox.com
avatar.roblox.com
avatarsite.roblox.com
awsvpn.roblox.com
badges.roblox.com
billing.api.roblox.com
billing.roblox.com
blog.roblox.com
blogs.roblox.com
bloxcon.roblox.com
br1-sea1.roblox.com
br2-sea1.roblox.com
bronze.roblox.com
c0.roblox.com
c0ak.roblox.com
c1-cf.roblox.com
c1.roblox.com
c1ak.roblox.com
c2-cf.roblox.com
c2.roblox.com
c2ak.roblox.com
c3-cf.roblox.com
c3.roblox.com
c3ak.roblox.com
c4.roblox.com
c4ak.roblox.com
c5-cf.roblox.com
c5.roblox.com
c5ak.roblox.com
c6-cf.roblox.com
c6.roblox.com
c6ak.roblox.com
c7-cf.roblox.com
c7.roblox.com
c7ak.roblox.com
captcha.roblox.com
career.roblox.com
careers.roblox.com
catalog.roblox.com
catolog.roblox.com
cdg1-128-116-122-3.roblox.com
cdnproviders.roblox.com
chat.roblox.com
chatmoderation.roblox.com
chatsite.roblox.com
chi1-128-116-112-44.roblox.com
chi1-origin.roblox.com
christmas.roblox.com
client-telemetry.roblox.com
clientsettings.api.roblox.com
clientsettings.roblox.com
clientsettingscdn.roblox.com
community.roblox.com
confluence.roblox.com
consultants.roblox.com
contacts.api.roblox.com
contacts.roblox.com
content.roblox.com
contentstore.roblox.com
corp-origin.roblox.com
corp.roblox.com
create.roblox.com
creatorforum.roblox.com
css.roblox.com
cssak.roblox.com
data.roblox.com
db1.p1t.roblox.com
db109.ra.roblox.com
db6.gg.roblox.com
de-cix.br1.roblox.com
de-cix.br2.roblox.com
de.help.roblox.com
de.roblox.com
deploy.roblox.com
dev.roblox.com
develop.roblox.com
developer.roblox.com
developers.roblox.com
devforum.roblox.com
devrel.roblox.com
dfw1-128-116-125-3.roblox.com
diag.roblox.com
discussions.roblox.com
disscussions.api.roblox.com
dmp.roblox.com
docsiteassets.roblox.com
dosarrest.rp-web4.corp.roblox.com
dosarrest.rp-web5.wiki.roblox.com
dosarrest.rp-web6.blog.roblox.com
dosarrest.rp-web8.corp.roblox.com
dosarrest.rp-web9.blog.roblox.com
economy.roblox.com
economycreatorstats.roblox.com
ecsv2.roblox.com
edge.roblox.com
education.roblox.com
eduforum.roblox.com
email.roblox.com
en.help.roblox.com
engagementpayouts.roblox.com
ephemeralcounters.api.roblox.com
es.help.roblox.com
es.roblox.com
events.roblox.com
favorites.api.roblox.com
files.api.roblox.com
followings.roblox.com
fonts.roblox.com
forum.roblox.com
forums.roblox.com
fr.help.roblox.com
fr.roblox.com
fra1-128-116-123-3.roblox.com
friends.roblox.com
friendsite.roblox.com
gameinstances.api.roblox.com
gameinternationalization.roblox.com
gamejoin.roblox.com
gamepersistence.roblox.com
games.api.roblox.com
games.roblox.com
gamesearchuitreatments.api.roblox.com
gamesite.roblox.com
gametest.roblox.com
gametest1.roblox.com
gametest2.roblox.com
gametest3.roblox.com
gametest4.roblox.com
gametest5.roblox.com
gg.roblox.com
go.roblox.com
gold.roblox.com
golden.roblox.com
grabify.roblox.com
graph.roblox.com
groups.api.roblox.com
groups.roblox.com
groupsite.roblox.com
groupsmoderation.roblox.com
help.roblox.com
hkg1-128-116-118-3.roblox.com
iad4-128-116-102-3.roblox.com
images.roblox.com
imagesak.roblox.com
infrastructure.roblox.com
inventory.roblox.com
ir.roblox.com
itemconfiguration.roblox.com
jira.roblox.com
job.roblox.com
jobs.roblox.com
js.roblox.com
jsak.roblox.com
kalinux.roblox.com
lax1-128-116-116-3.roblox.com
lbaas-gold.roblox.com
lbaas-platinum.roblox.com
leif.roblox.com
lga1-128-116-126-3.roblox.com
lhr1-128-116-119-3.roblox.com
lhr2-128-116-119-3.roblox.com
lms.roblox.com
locale.roblox.com
localizationtables.roblox.com
logging.service.roblox.com
luobu-create.sitetest1.roblox.com
lweb10.ra.roblox.com
lweb11.ra.roblox.com
lweb2.p1t.roblox.com
lweb6.ra.roblox.com
lweb7.p1.roblox.com
lweb7.ra.roblox.com
lweb8.ra.roblox.com
lweb9.p1t.roblox.com
m.roblox.com
mail.roblox.com
marketplace.api.roblox.com
membershipsite.roblox.com
messagerouter.api.roblox.com
metrics.roblox.com
mia1-128-116-127-3.roblox.com
mia2-128-116-127-3.roblox.com
midas-android.roblox.com
midas-iap.roblox.com
midas-webpay.roblox.com
midas.roblox.com
misc.roblox.com
ncs.roblox.com
news.roblox.com
nl.roblox.com
notifications.roblox.com
notificationsite.roblox.com
nrt-gw.vpn.cn.roblox.com
nrt1-128-116-120-3.roblox.com
nrt2-128-116-120-3.roblox.com
o1.email.roblox.com
o3.email.roblox.com
o4.email.marketing.roblox.com
o5.em8221.devforum.roblox.com
o6.systemevents.roblox.com
opsmail.gg.roblox.com
opsmail.p1t.roblox.com
opsmail.roblox.com
opsmail.rp.roblox.com
ord2-128-116-101-3.roblox.com
p1.roblox.com
p1t.roblox.com
p4.roblox.com
p4d.roblox.com
partners.roblox.com
passwords.roblox.com
perforce.roblox.com
persist.roblox.com
platinum.roblox.com
points.roblox.com
polls.roblox.com
premiumfeatures.roblox.com
presence.roblox.com
privatemessages.roblox.com
prod.docsiteassets.roblox.com
pt.help.roblox.com
pt.roblox.com
public.ecs.roblox.com
publish.roblox.com
pulsar.roblox.com
punishments.roblox.com
qq.roblox.com
ra-fw11.roblox.com
rblxcdn.roblox.com
rbx4134.roblox.com
rbx4136.roblox.com
rbx4142.roblox.com
rbx4143.roblox.com
rbx4146.roblox.com
rbx4148.roblox.com
rbx4151.roblox.com
rbx4153.roblox.com
rbx4154.roblox.com
rbx4155.roblox.com
rbx4157.roblox.com
rbx4161.roblox.com
rbx4162.roblox.com
rbx4164.roblox.com
rbx4165.roblox.com
rbx4166.roblox.com
rbx4167.roblox.com
rbx4168.roblox.com
rbx4169.roblox.com
rbx4170.roblox.com
rbx4171.roblox.com
rbx4172.roblox.com
rbx4173.roblox.com
rbx4174.roblox.com
rbx4175.roblox.com
rbx4176.roblox.com
rbx4178.roblox.com
rbx4179.roblox.com
rbx4180.roblox.com
rbx4182.roblox.com
rbx4183.roblox.com
rbx4184.roblox.com
rbx4185.roblox.com
rbx4186.roblox.com
rbx4187.roblox.com
rbx4188.roblox.com
rbx4189.roblox.com
rbx4190.roblox.com
rbx4191.roblox.com
rbx4192.roblox.com
rbx4193.roblox.com
rbx4194.roblox.com
rbx4197.roblox.com
rbx4198.roblox.com
rbx4199.roblox.com
rbx4206.roblox.com
rbx4208.roblox.com
rbx4209.roblox.com
rbx4210.roblox.com
rbx4211.roblox.com
rbx4212.roblox.com
rbx4215.roblox.com
rbx4219.roblox.com
rbx4220.roblox.com
rbx4221.roblox.com
rbx4225.roblox.com
rbxphx190.roblox.com
rcs.roblox.com
realtime.roblox.com
realtime1.roblox.com
realtime2.roblox.com
realtime3.roblox.com
recommendations.api.roblox.com
reports.roblox.com
rjobs.roblox.com
rlb.roblox.com
roblox.com
rp.roblox.com
sales.roblox.com
sat.rbx4152.roblox.com
sat5520.rbx4158.roblox.com
sea1-128-116-100-3.roblox.com
sea1-128-116-99-3.roblox.com
search-comparison.roblox.com
search.api.roblox.com
search.roblox.com
segmentation.api.roblox.com
services.gametest.roblox.com
services.roblox.com
setup-ak.roblox.com
setup-cf.roblox.com
setup-gametest.roblox.com
setup-sitetest.roblox.com
setup-staging.roblox.com
setup.gametest1.roblox.com
setup.gametest2.roblox.com
setup.roblox.com
share.roblox.com
shop.roblox.com
silver.roblox.com
sin2-128-116-97-3.roblox.com
sitetest.roblox.com
sitetest1.roblox.com
sitetest2.roblox.com
sitetest3.roblox.com
sitetest4.roblox.com
sjc1-128-116-117-3.roblox.com
sm.roblox.com
sms.api.roblox.com
social.roblox.com
socialauth.roblox.com
staging.roblox.com
staging.wiki.roblox.com
static.roblox.com
status.roblox.com
survey.roblox.com
systemevents.api.roblox.com
t.email.roblox.com
t0-cf.roblox.com
t0.roblox.com
t0ak.roblox.com
t0bg.roblox.com
t1-cf.roblox.com
t1.roblox.com
t1ak.roblox.com
t1bg.roblox.com
t2-cf.roblox.com
t2.roblox.com
t2ak.roblox.com
t2bg.roblox.com
t3-cf.roblox.com
t3.roblox.com
t3ak.roblox.com
t3bg.roblox.com
t4-cf.roblox.com
t4.roblox.com
t4ak.roblox.com
t4bg.roblox.com
t5-cf.roblox.com
t5.roblox.com
t5ak.roblox.com
t5bg.roblox.com
t6-cf.roblox.com
t6.roblox.com
t6ak.roblox.com
t6bg.roblox.com
t7-cf.roblox.com
t7.roblox.com
t7ak.roblox.com
t7bg.roblox.com
talent.roblox.com
talenthub.roblox.com
test.public.ecs.roblox.com
test.roblox.com
textfilter.roblox.com
tfs.roblox.com
tgf.roblox.com
themes.roblox.com
thumbnails.roblox.com
thumbnailsresizer.roblox.com
token.api.roblox.com
trades.roblox.com
trak.roblox.com
translationroles.roblox.com
translations.roblox.com
twostepverification.roblox.com
uiblox.roblox.com
uk.roblox.com
upload.crashes.roblox.com
url1454.devforum.roblox.com
user.api.roblox.com
usermoderation.roblox.com
users.api.roblox.com
users.roblox.com
util1.sm.roblox.com
util38.sm.roblox.com
util4.ra.roblox.com
versioncompatibility.api.roblox.com
voice.api.roblox.com
voice.roblox.com
vpn.cn.roblox.com
vpn.roblox.com
vpn.sm.roblox.com
vpn2.roblox.com
vpn2.sm.roblox.com
waw1-128-116-124-3.roblox.com
web.roblox.com
web1.sm.roblox.com
web102.p1t.roblox.com
web103.p1t.roblox.com
web104.p1t.roblox.com
web105.p1t.roblox.com
web107.p1t.roblox.com
web108.p1t.roblox.com
web110.p1t.roblox.com
web111.p1t.roblox.com
web113.p1t.roblox.com
web114.p1t.roblox.com
web115.p1t.roblox.com
web116.p1t.roblox.com
web117.p1t.roblox.com
web119.p1t.roblox.com
web120.p1t.roblox.com
web121.p1t.roblox.com
web122.p1t.roblox.com
web123.p1t.roblox.com
web124.p1t.roblox.com
web125.p1t.roblox.com
web14.sm.roblox.com
web17.sm.roblox.com
web171.p1t.roblox.com
web2.sm.roblox.com
web202.ra.roblox.com
web204.ra.roblox.com
web206.ra.roblox.com
web208.ra.roblox.com
web209.ra.roblox.com
web211.ra.roblox.com
web212.ra.roblox.com
web213.ra.roblox.com
web229.ra.roblox.com
web230.ra.roblox.com
web240.ra.roblox.com
web242.ra.roblox.com
web244.ra.roblox.com
web247.ra.roblox.com
web254.ra.roblox.com
web256.ra.roblox.com
web261.p1.roblox.com
web288.ra.roblox.com
web290.ra.roblox.com
web308.ra.roblox.com
web326.ra.roblox.com
web332.ra.roblox.com
web9.sm.roblox.com
wiki-origin.roblox.com
wiki.roblox.com
wikiblog.roblox.com
wildcard.roblox.com
workflow.api.roblox.com
wwsw.roblox.com
www-gold.roblox.com
www.assetgame.roblox.com
www.confluence.roblox.com
www.corp.roblox.com
www.developer.roblox.com
www.en.help.roblox.com
www.events.roblox.com
www.games.api.roblox.com
www.help.roblox.com
www.jira.roblox.com
www.roblox.com
www.survey.roblox.com
www.tfs.roblox.com
www.vpn.cn.roblox.com
www.vpn.roblox.com
www.wiki.roblox.com
www1.roblox.com
www2.roblox.com
www3.roblox.com
www4.roblox.com
zendeskverification.roblox.com
