96yna1fw54.rockstargames.com
activate.rockstargames.com
admin.sc.rockstargames.com
ads.rockstargames.com
akapatch.rockstargames.com
alpha.scadmin.rockstargames.com
am0qz1fs5p.rockstargames.com
amspdc4-web2-rdr2-prod.ros.rockstargames.com
amssession1-rdr2-prod.ros.rockstargames.com
amssession2-rdr2-prod.ros.rockstargames.com
amssession3-rdr2-prod.ros.rockstargames.com
amssession4-rdr2-prod.ros.rockstargames.com
app-rgl-prod.ros.rockstargames.com
app.bugstar.rockstargames.com
approvals.rockstargames.com
attachments.bugstar.rockstargames.com
australian.rockstargames.com
auth-gta5-prod.ros.rockstargames.com
auth-prod.ros.rockstargames.com
auth-rdr2-prod.ros.rockstargames.com
auth-rgl-prod.ros.rockstargames.com
auth.perforce.rockstargames.com
auth.perrforce.rockstargames.com
autodiscover.level9.rockstargames.com
autodiscover.rockstargames.com
beaterator.rockstargames.com
beta.scadmin.rockstargames.com
biggie.rockstargames.com
bomgar.rockstargames.com
bugstar.rockstargames.com
cdn.sc.rockstargames.com
cert-catalog-cloud.rockstargames.com
cert-gamedownloads.rockstargames.com
cert-locator-cloud.rockstargames.com
cert.cloud.rockstargames.com
cert.hosted.cloud.rockstargames.com
cert.p01ewr.pod.rockstargames.com
cert.rgl.rockstargames.com
cert.rockstargames.com
cert.scadmin.rockstargames.com
cert.scapi.rockstargames.com
cert.scauth.rockstargames.com
cert.scui.rockstargames.com
cert.store.rockstargames.com
cfx-web-rdr2-prod.ros.rockstargames.com
challenges-rdr2-prod.ros.rockstargames.com
click.newsletter.rockstargames.com
cloud.newsletter.rockstargames.com
cloud.rockstargames.com
cmk.rockstargames.com
conductor-prod.ros.rockstargames.com
conductor-rdr2-prod.ros.rockstargames.com
connect.rockstargames.com
corp.rockstargames.com
crews-gta5-prod.ros.rockstargames.com
crews-rdr2-prod.ros.rockstargames.com
cs-gta4-prod.ros.rockstargames.com
cs-gta5-prod.ros.rockstargames.com
cs-rgl-prod.ros.rockstargames.com
dash.rockstargames.com
de.socialclub.rockstargames.com
dev-catalog-cloud.rockstargames.com
dev-gamedownloads.rockstargames.com
dev-int.rockstargames.com
dev-locator-cloud.rockstargames.com
dev-stage.rockstargames.com
dev.bp.rockstargames.com
dev.bugstar.rockstargames.com
dev.cloud.rockstargames.com
dev.employee.store.rockstargames.com
dev.graph.rockstargames.com
dev.hosted.cloud.rockstargames.com
dev.p01ewr.pod.rockstargames.com
dev.rgl.rockstargames.com
dev.rockstargames.com
dev.ros.rockstargames.com
dev.sc.rockstargames.com
dev.scadmin.rockstargames.com
dev.scapi.rockstargames.com
dev.scauth.rockstargames.com
dev.scui.rockstargames.com
dev.store.rockstargames.com
dev.stream.rockstargames.com
dev.telemetry.ros.rockstargames.com
dev2.bugstar.rockstargames.com
dev2.scadmin.rockstargames.com
devrws.rockstargames.com
devstar.rockstargames.com
discoverreceiver.rockstargames.com
downloads.rockstargames.com
downloads1.rockstargames.com
employee.rockstargames.com
es-mx.socialclub.rockstargames.com
es.socialclub.rockstargames.com
ewr-gtm.rockstargames.com
ewrsession1-rdr2-prod.ros.rockstargames.com
ewrsession2-rdr2-prod.ros.rockstargames.com
ewrsession3-rdr2-prod.ros.rockstargames.com
facebook.rockstargames.com
fastly.rockstargames.com
feed-rdr2-prod.ros.rockstargames.com
feed-rgl-prod.ros.rockstargames.com
fr.socialclub.rockstargames.com
ftp2.rockstargames.com
fw.rockstargames.com
gamedownloads.rockstargames.com
german.rockstargames.com
graph.rockstargames.com
gsa.rockstargames.com
gta4-prod.ros.rockstargames.com
gta5-prod.ros.rockstargames.com
gtm.rockstargames.com
gtmdev.rockstargames.com
houser.rockstargames.com
hub.rockstargames.com
i.rockstargames.com
image.newsletter.rockstargames.com
inbox-gta5-prod.ros.rockstargames.com
inbox-rdr2-prod.ros.rockstargames.com
int.employee.store.rockstargames.com
inventory.rockstargames.com
it.socialclub.rockstargames.com
italian.rockstargames.com
ja.socialclub.rockstargames.com
jira.rockstargames.com
jira2.rockstargames.com
jobs.rockstargames.com
jobs.staging.rockstargames.com
jobsadmin.rockstargames.com
jobsadmin2.rockstargames.com
jobstar.rockstargames.com
keys.rockstargames.com
ko.socialclub.rockstargames.com
level9.rockstargames.com
lists.rockstargames.com
listserv.rockstargames.com
load-catalog-cloud.rockstargames.com
load.hosted.cloud.rockstargames.com
load.rgl.rockstargames.com
load.scapi.rockstargames.com
load.scauth.rockstargames.com
load.scui.rockstargames.com
loc.rockstargames.com
lyncdiscover.rockstargames.com
m.rockstargames.com
mail.rockstargames.com
maildr.rockstargames.com
media-dev.rockstargames.com
media.rockstargames.com
messdistr1-rdr2-prod.ros.rockstargames.com
messdistr2-rdr2-prod.ros.rockstargames.com
mindlink.rockstargames.com
mindlinkmob.rockstargames.com
minigame1-rdr2-prod.ros.rockstargames.com
minigame2-rdr2-prod.ros.rockstargames.com
minigame3-rdr2-prod.ros.rockstargames.com
minigame4-rdr2-prod.ros.rockstargames.com
mls-dev.rockstargames.com
mls.rockstargames.com
mm-gta5-prod.ros.rockstargames.com
moon.rockstargames.com
mta.newsletter.rockstargames.com
mx1.rockstargames.com
mx2.rockstargames.com
mxout1.rockstargames.com
newsletter.rockstargames.com
ns.rockstargames.com
ns6.rockstargames.com
oaktree.rockstargames.com
online.rockstargames.com
onlinevpn-east.rockstargames.com
origin_videos.rockstargames.com
pages.newsletter.rockstargames.com
patches.rockstargames.com
patches.rockstargames.compatches.rockstargames.com
pl.socialclub.rockstargames.com
posse-rdr2-prod.ros.rockstargames.com
preprod.rgl.rockstargames.com
preprod.sc.rockstargames.com
preprod.scadmin.rockstargames.com
preprod.scapi.rockstargames.com
preprod.scui.rockstargames.com
pressftp.rockstargames.com
prod-catalog-cloud.rockstargames.com
prod-dev.rockstargames.com
prod-locator-cloud.rockstargames.com
prod.cloud.rockstargames.com
prod.conductor.ros.rockstargames.com
prod.cs.ros.rockstargames.com
prod.gamespy.rockstargames.com
prod.hosted.cloud.rockstargames.com
prod.p01ams.pod.rockstargames.com
prod.p01ewr.pod.rockstargames.com
prod.p01sjc.pod.rockstargames.com
prod.p02ams.pod.rockstargames.com
prod.p02ewr.pod.rockstargames.com
prod.p02sjc.pod.rockstargames.com
prod.realtimevc.ros.rockstargames.com
prod.ros.rockstargames.com
prod.telemetry.ros.rockstargames.com
prod1.bp.rockstargames.com
prod1.rockstargames.com
prod2.bp.rockstargames.com
prodbeta.scadmin.rockstargames.com
prodewractivate.ros.rockstargames.com
proget.rockstargames.com
prs-gta5-prod.ros.rockstargames.com
prs-rdr2-prod.ros.rockstargames.com
prs-rgl-prod.ros.rockstargames.com
prs55-prod.ros.rockstargames.com
prs57-prod.ros.rockstargames.com
ps-gta5-prod.ros.rockstargames.com
ps-rdr2-prod.ros.rockstargames.com
ps-rgl-prod.ros.rockstargames.com
pt.socialclub.rockstargames.com
rage-catalog-cloud.rockstargames.com
rage-locator-cloud.rockstargames.com
rage.hosted.cloud.rockstargames.com
rdr-dev-live.scadmin.rockstargames.com
redesign.rockstargames.com
relay.rockstargames.com
relay2.rockstargames.com
remote-int.rockstargames.com
repostar.rockstargames.com
rest.bugstar.rockstargames.com
restoreme.rockstargames.com
rewrrdg.rockstargames.com
rgl-prod.ros.rockstargames.com
rgl.rockstargames.com
rly1.rockstargames.com
rockstargames.com
ros.rockstargames.com
rsgedi-vpn.rockstargames.com
rsgedivpn.rockstargames.com
rsgnuget.rockstargames.com
rsgsan-vpn.rockstargames.com
rsgtor-vpn.rockstargames.com
rsoevpn-east.rockstargames.com
rsoevpn-emea.rockstargames.com
rsoevpn-west.rockstargames.com
rt.rockstargames.com
ru.socialclub.rockstargames.com
sc.rockstargames.com
scadmin.rockstargames.com
scapi.rockstargames.com
scauth.rockstargames.com
scui.rockstargames.com
sentryingest.rockstargames.com
services.bugstar.rockstargames.com
services.ros.rockstargames.com
signin.rockstargames.com
sip.rockstargames.com
sjc-gtm.rockstargames.com
sjcpdc1-web1-rdr2-prod.ros.rockstargames.com
sjcpdc1-web2-rdr2-prod.ros.rockstargames.com
sjcpdc1-web3-rdr2-prod.ros.rockstargames.com
sjcpdc1-web4-rdr2-prod.ros.rockstargames.com
sjcpdc2-web1-rdr2-prod.ros.rockstargames.com
sjcpdc2-web2-rdr2-prod.ros.rockstargames.com
sjcpdc2-web3-rdr2-prod.ros.rockstargames.com
sjcpdc3-web1-rdr2-prod.ros.rockstargames.com
sjcpdc3-web2-rdr2-prod.ros.rockstargames.com
sjcsession1-rdr2-prod.ros.rockstargames.com
sjcsession2-rdr2-prod.ros.rockstargames.com
smtp.rockstargames.com
smtp2.rockstargames.com
socialclub.dev.rockstargames.com
socialclub.rockstargames.com
socialclub.staging.rockstargames.com
sox.rockstargames.com
spap-rdr2-prod.ros.rockstargames.com
sso.perforce.rockstargames.com
stage-cert-catalog-cloud.rockstargames.com
stage-cert-gamedownloads.rockstargames.com
stage-cert-locator-cloud.rockstargames.com
stage-cert.hosted.cloud.rockstargames.com
stage-cert.rgl.rockstargames.com
stage-cert.rockstargames.com
stage-cert.scadmin.rockstargames.com
stage-cert.scapi.rockstargames.com
stage-cert.scauth.rockstargames.com
stage-cert.scui.rockstargames.com
stage-cert.store.rockstargames.com
stage-dev-catalog-cloud.rockstargames.com
stage-dev-catalog.rockstargames.com
stage-dev-gamedownloads.rockstargames.com
stage-dev-locator-cloud.rockstargames.com
stage-dev.hosted.cloud.rockstargames.com
stage-dev.rgl.rockstargames.com
stage-dev.scadmin.rockstargames.com
stage-dev.scapi.rockstargames.com
stage-dev.scauth.rockstargames.com
stage-dev.scui.rockstargames.com
stage-dev.store.rockstargames.com
stage-dev2.scadmin.rockstargames.com
stage-prod-catalog-cloud.rockstargames.com
stage-prod-gamedownloads.rockstargames.com
stage-prod-locator-cloud.rockstargames.com
stage-prod.hosted.cloud.rockstargames.com
stage-prod.rgl.rockstargames.com
stage-prod.sc.rockstargames.com
stage-prod.scadmin.rockstargames.com
stage-prod.scapi.rockstargames.com
stage-prod.scauth.rockstargames.com
stage-prod.scui.rockstargames.com
stage-prod.store.rockstargames.com
stage.atmosphereproximity.age-dev.scauth.rockstargames.com
stage.cloud.rockstargames.com
stage.rockstargames.com
staging.jobs.rockstargames.com
staging.rockstargames.com
store-develop.rockstargames.com
store-integration.rockstargames.com
store-preview.rockstargames.com
store-staging.rockstargames.com
store.rockstargames.com
stream.rockstargames.com
support.rockstargames.com
supportfiles.rockstargames.com
techsupport.rockstargames.com
testing.rockstargames.com
tm-rdr2-prod.ros.rockstargames.com
tm-rgl-prod.rockstargames.com
tm-rgl-prod.ros.rockstargames.com
trac.rockstargames.com
ts.rockstargames.com
tv-dev.rockstargames.com
tv.rockstargames.com
ugc-gta5-prod.ros.rockstargames.com
ugc-rdr2-prod.ros.rockstargames.com
updates.rockstargames.com
upload2005.rockstargames.com
urchin7.rockstargames.com
utils.rockstargames.com
videos.rockstargames.com
videos1.rockstargames.com
videos2.rockstargames.com
view-adm.rockstargames.com
view.newsletter.rockstargames.com
view.rockstargames.com
vpn.rockstargames.com
warehouse.rockstargames.com
watchtower.rockstargames.com
webmail.rockstargames.com
webmail2.rockstargames.com
wt.rockstargames.com
www-ftp.rockstargames.com
www.cert.p01ewr.pod.rockstargames.com
www.dev.p01ewr.pod.rockstargames.com
www.dev.scadmin.rockstargames.com
www.haley.rockstargames.com
www.ko.socialclub.rockstargames.com
www.loc.rockstargames.com
www.patches.rockstargames.com
www.prod.cloud.rockstargames.com
www.prod.p01ams.pod.rockstargames.com
www.prod.p01ewr.pod.rockstargames.com
www.prod.p01sjc.pod.rockstargames.com
www.prod.p02ams.pod.rockstargames.com
www.prod.p02ewr.pod.rockstargames.com
www.prod.p02sjc.pod.rockstargames.com
www.rockstargames.com
www.rockstargames.comwww.rockstargames.com
www.sentryingest.rockstargames.com
www.socialclub.rockstargames.com
www.staging.rockstargames.com
www.www.rockstargames.com
www1.rockstargames.com
www2.rockstargames.com
www3.rockstargames.com
www4.rockstargames.com
ykval.rockstargames.com
zh-cn.socialclub.rockstargames.com
zh.socialclub.rockstargames.com
