acc-web-proxy.s-bol.com
addressvalidation-acc2.s-bol.com
addressvalidation-test2.s-bol.com
addressvalidation.s-bol.com
assets-stg.s-bol.com
assets.s-bol.com
bltg-acc2.s-bol.com
bltg-test2.s-bol.com
bltg.s-bol.com
bm.s-bol.com
css-acc2.s-bol.com
css-test2.s-bol.com
css.s-bol.com
css2-acc2.s-bol.com
css2.s-bol.com
font-acc2.s-bol.com
font-test2.s-bol.com
font.s-bol.com
font2.s-bol.com
js-acc2.s-bol.com
js-test2.s-bol.com
js.s-bol.com
js2-acc2.s-bol.com
js2.s-bol.com
m-nonpro.s-bol.com
m.s-bol.com
mcc.s-bol.com
media-acc2.s-bol.com
media-stg.s-bol.com
media-test2.s-bol.com
media.s-bol.com
media2-acc2.s-bol.com
media2.s-bol.com
morenadacentral.s-bol.com
pro-web-proxy-vip.s-bol.com
productdatamodel.s-bol.com
s-acc2.s-bol.com
s-bol.com
s-test2.s-bol.com
s-xpr2.s-bol.com
s.s-bol.com
s2-acc2.s-bol.com
s2.s-bol.com
searchsuggestions-acc2.s-bol.com
searchsuggestions-test2.s-bol.com
searchsuggestions.s-bol.com
ss-acc2.s-bol.com
tst-ntt-web-proxy-vip.test2.s-bol.com
tst-web-proxy.s-bol.com
www.s-bol.com
xpr-web-proxy.s-bol.com
zoeksuggesties-acc2.s-bol.com
zoeksuggesties-test2.s-bol.com
zoeksuggesties.s-bol.com
