*.backend.semrushchina.cn
9-cb06966d-local.semrushchina.cn
assedio.semrushchina.cn
backend.semrushchina.cn
bl.backend.semrushchina.cn
brand.semrushchina.cn
cdn-cen.semrushchina.cn
cdn-company2.semrushchina.cn
cdn-features.semrushchina.cn
cdn-ipsec.semrushchina.cn
cdn.semrushchina.cn
dab.semrushchina.cn
de.semrushchina.cn
device2947229-cb06966d-local.semrushchina.cn
en.semrushchina.cn
es.semrushchina.cn
fr.semrushchina.cn
host215-230.semrushchina.cn
hunt.semrushchina.cn
ip136-42.semrushchina.cn
it.semrushchina.cn
ja.semrushchina.cn
pt.semrushchina.cn
rc.semrushchina.cn
ru.semrushchina.cn
secure.semrushchina.cn
semrushchina.cn
sso.semrushchina.cn
static.semrushchina.cn
stats.semrushchina.cn
suggestions.semrushchina.cn
ui-kit.semrushchina.cn
www.rc.semrushchina.cn
www.semrushchina.cn
yix.semrushchina.cn
zh.semrushchina.cn
