abandonment-pipeline-production.flink.shopifykloud.com
abandonment-pipeline-staging.flink.shopifykloud.com
ad-audience-staging.flink.shopifykloud.com
adhoc-test-coordinator.presto.shopifykloud.com
adhoc.presto-canada.presto.shopifykloud.com
affiliate-signal-trickle-production.flink.shopifykloud.com
affiliate-signal-trickle-staging.flink.shopifykloud.com
affiliate-signal-trickle-staging2.flink.shopifykloud.com
airflow-airflow-flower-ingress-airflow-dev-us-central1-1.dev.airflow.shopifykloud.com
airflow-airflow-flower-ingress-airflow-global-us-central1-1.global.airflow.shopifykloud.com
airflow-airflow-flower-ingress-airflow-na-ne1-1.canada.airflow.shopifykloud.com
airflow-airflow-flower-ingress-airflow-staging-us-central1-1.staging.airflow.shopifykloud.com
airflow-airflow-webserver-ingress-airflow-dev-us-central1-1.dev.airflow.shopifykloud.com
airflow-airflow-webserver-ingress-airflow-global-us-central1-1.global.airflow.shopifykloud.com
airflow-airflow-webserver-ingress-airflow-na-ne1-1.canada.airflow.shopifykloud.com
airflow-airflow-webserver-ingress-airflow-staging-us-central1-1.staging.airflow.shopifykloud.com
alan-azkaban-azkaban-web.azkaban.shopifykloud.com
alan-azkaban-web.azkaban.shopifykloud.com
alan-test-oozie-oozie.yarn.shopifykloud.com
alan-test-presto.presto.shopifykloud.com
alan-test.hive.shopifykloud.com
alumina-staging.shopifykloud.com
alysha-cos-ver.playground.shopifykloud.com
alysha-test-presto.playground.shopifykloud.com
alysha-test-presto.playground.yarn.shopifykloud.com
alysha-test-replicate.presto.shopifykloud.com
alysha-test-upgrade.playground.shopifykloud.com
alysha-test-upgrade.presto.shopifykloud.com
alysha-test.playground.shopifykloud.com
alysha-test.presto.shopifykloud.com
amplitude-production.flink.shopifykloud.com
andy-test-presto-2.presto.shopifykloud.com
andy-test-presto.presto.shopifykloud.com
andyhuetest.yarn-test.playground.yarn.shopifykloud.com
andys-presto-cluster.presto.shopifykloud.com
andytest-coordinator.presto.shopifykloud.com
andytest2-coordinator.presto.shopifykloud.com
api-druid.k8s-exp.shopifykloud.com
api.dev.druid.shopifykloud.com
api.druid-dev-us-central1-1.dev.druid.shopifykloud.com
api.druid-dev-us-east1-1.dev.druid.shopifykloud.com
api.druid-global-us-central1-2.global.druid.shopifykloud.com
api.druid-global-us-east1-2.global.druid.shopifykloud.com
api.druid-mdm-us-central1-1.mdm.druid.shopifykloud.com
api.druid-mdm-us-east1-1.mdm.druid.shopifykloud.com
api.druid-staging-us-central1-1.staging.druid.shopifykloud.com
api.druid-staging-us-east1-1.staging.druid.shopifykloud.com
api.general.dev.druid.shopifykloud.com
api.general.global.druid.shopifykloud.com
api.general.us-east1.dev.druid.shopifykloud.com
api.insights-sales.global.druid.shopifykloud.com
api.mdm.druid.shopifykloud.com
api.mdm.global.druid.shopifykloud.com
api.org-sales-model.global.druid.shopifykloud.com
api.staging.arma.k8s-exp.shopifykloud.com
api.staging.druid.shopifykloud.com
api.staging.global.druid.shopifykloud.com
archiva.playground.shopifykloud.com
austen-oauth-tmp.shopify-data-presto-global.shopifykloud.com
austen-test-tmp.shopify-data-presto-global.shopifykloud.com
autoscale-memory-coordinator.presto.shopifykloud.com
autoscale-memory.presto.shopifykloud.com
axels-test.shopify-data-presto-global.shopifykloud.com
azk-test-web.playground.shopifykloud.com
azkaban-muto-web.playground.shopifykloud.com
azkaban-test-4-web.data-acq.shopifykloud.com
azkaban-test-web.azkaban.shopifykloud.com
azkaban-test-web.playground.shopifykloud.com
azkaban-test-web.playground.yarn.shopifykloud.com
azkaban-test2-web.playground.shopifykloud.com
azkaban-web.playground.shopifykloud.com
benchmark-presto-upgrade.presto.shopifykloud.com
bfcm-globe-cricket-central.flink.shopifykloud.com
bfcm-globe-cricket-east.flink.shopifykloud.com
bfcm-globe-cricket-prod-backup.flink.shopifykloud.com
bfcm-globe-cricket-relay-central.flink.shopifykloud.com
bfcm-globe-cricket-relay-east.flink.shopifykloud.com
bfcm-globe-cricket-stg-sim.flink.shopifykloud.com
bfcm-globe-monorail-central.flink.shopifykloud.com
bfcm-globe-monorail-east.flink.shopifykloud.com
bfcm-globe-products-staging-central.flink.shopifykloud.com
bfcm-globe-products-staging-east.flink.shopifykloud.com
bfcm-globe-products-staging.flink.shopifykloud.com
bfcm-globe-sim-central.flink.shopifykloud.com
bfcm-globe-sim-east.flink.shopifykloud.com
bfcm-globe-trickle-cricket-staging.flink.shopifykloud.com
bfcm-products-east-production.flink.shopifykloud.com
binaries.shopifykloud.com
blake-c.debug.playground.shopifykloud.com
blake-cos.shopifykloud.com
blake-debug-c.debug.playground.shopifykloud.com
blake-presto1.presto-qa.shopifykloud.com
blaketest.shopifykloud.com
caching-alt-staging.shopify-data-presto-global.shopifykloud.com
canada-user.shopify-data-cloud-infra.shopifykloud.com
canada.vpnify.shopifykloud.com
capital-algo-streaming.flink.shopifykloud.com
cdp-orderaggs-experiment-1.flink.shopifykloud.com
cef-load-testdata-central-stg.flink.shopifykloud.com
cm-airflow-dev-us-central1-1-prod.dev.airflow.shopifykloud.com
cm-airflow-dev-us-central1-1.dev.airflow.shopifykloud.com
cm-airflow-global-us-central1-1.global.airflow.shopifykloud.com
cm-airflow-na-ne1-1-prod.canada.airflow.shopifykloud.com
cm-airflow-na-ne1-1.canada.airflow.shopifykloud.com
cm-data-exp-us-central1-1-prod.k8s-exp.shopifykloud.com
cm-data-exp-us-central1-1.k8s-exp.shopifykloud.com
cm-data-pepto-us-central1-1.shopify-data-pepto.shopifykloud.com
cm-druid-dev-us-central1-1-prod.dev.druid.shopifykloud.com
cm-druid-dev-us-central1-1.dev.druid.shopifykloud.com
cm-druid-dev-us-east1-1-prod.dev.druid.shopifykloud.com
cm-druid-dev-us-east1-1.dev.druid.shopifykloud.com
cm-druid-dev-us-east4-1-prod.dev.druid.shopifykloud.com
cm-druid-dev-us-east4-1.dev.druid.shopifykloud.com
cm-druid-global-us-central1-1-prod.global.druid.shopifykloud.com
cm-druid-global-us-central1-1.global.druid.shopifykloud.com
cm-druid-global-us-central1-2-prod.global.druid.shopifykloud.com
cm-druid-global-us-central1-2.global.druid.shopifykloud.com
cm-druid-global-us-east1-2-prod.global.druid.shopifykloud.com
cm-druid-global-us-east1-2.global.druid.shopifykloud.com
cm-druid-global-us-east4-2-prod.global.druid.shopifykloud.com
cm-druid-global-us-east4-2.global.druid.shopifykloud.com
cm-druid-mdm-us-central1-1-prod.mdm.druid.shopifykloud.com
cm-druid-mdm-us-central1-1.mdm.druid.shopifykloud.com
cm-druid-mdm-us-east1-1-prod.mdm.druid.shopifykloud.com
cm-druid-mdm-us-east1-1.mdm.druid.shopifykloud.com
cm-druid-mdm-us-east4-1-prod.mdm.druid.shopifykloud.com
cm-druid-mdm-us-east4-1.mdm.druid.shopifykloud.com
cm-druid-staging-us-east1-1-prod.staging.druid.shopifykloud.com
cm-druid-staging-us-east1-1.staging.druid.shopifykloud.com
cm-druid-staging-us-east4-1-prod.staging.druid.shopifykloud.com
cm-druid-staging-us-east4-1.staging.druid.shopifykloud.com
cm-longboat-apps-us-central1-1-prod.data-acq.shopifykloud.com
cm-longboat-apps-us-central1-1.data-acq.shopifykloud.com
cm-longboat-na-ne1-1-prod.data-acq-canada.shopifykloud.com
cm-longboat-na-ne1-1.data-acq-canada.shopifykloud.com
cm-longboat-na-ne1-2-prod.data-acq-canada.shopifykloud.com
cm-longboat-na-ne1-2.data-acq-canada.shopifykloud.com
cm-longboat-us-central1-1-prod.data-acq.shopifykloud.com
cm-longboat-us-central1-1.data-acq.shopifykloud.com
cm-longboat-us-central1-2-prod.data-acq.shopifykloud.com
cm-longboat-us-central1-2.data-acq.shopifykloud.com
cname-test-cname.shopifykloud.com
cname-test.presto.shopifykloud.com
commuter.notebooks.shopifykloud.com
conductor-apac.shopify-data-presto-global.shopifykloud.com
conductor-server.shopify-data-presto-canada.shopifykloud.com
conductor-server.shopify-data-presto-global.shopifykloud.com
conductor-staging-s.shopify-data-presto-global.shopifykloud.com
conductor-staging-server.k8s-exp.shopifykloud.com
conductor-staging.k8s-exp.shopifykloud.com
conductor-staging.shopify-data-presto-global.shopifykloud.com
conductor-stg-s.shopify-data-presto-global.shopifykloud.com
conductor.shopify-data-presto-canada.shopifykloud.com
conductor.shopify-data-presto-global.shopifykloud.com
conf-shs-j.playground.yarn.shopifykloud.com
console.alumina-staging.shopifykloud.com
console.alumina.shopifykloud.com
console.magnesia-adhoc.shopifykloud.com
console.magnesia-staging.shopifykloud.com
console.magnesia.shopifykloud.com
core-engage-forms-central-stg.flink.shopifykloud.com
customer-event-sessions-staging.flink.shopifykloud.com
customer-events-backfill-staging.flink.shopifykloud.com
customer-events-staging.flink.shopifykloud.com
data-acq.shopifykloud.com
data-slt-tmp.shopify-data-presto-global.shopifykloud.com
datagrip-license-server.apps.shopifykloud.com
db-sources-azkaban-web.data-acq.shopifykloud.com
deploy-test.shopify-data-presto-global.shopifykloud.com
dls-test.datagrip-license-server.playground.shopifykloud.com
dls.datagrip-license-server.playground.shopifykloud.com
dpe-cs-audience-gen-staging.flink.shopifykloud.com
druid-druid-router-api-ingress-data-exp-us-central1-1.k8s-exp.shopifykloud.com
druid-druid-router-api-ingress-druid-dev-us-central1-1.dev.druid.shopifykloud.com
druid-druid-router-api-ingress-druid-dev-us-east1-1.dev.druid.shopifykloud.com
druid-druid-router-api-ingress-druid-mdm-us-central1-1.mdm.druid.shopifykloud.com
druid-druid-router-api-ingress-druid-mdm-us-east1-1.mdm.druid.shopifykloud.com
druid-druid-router-ingress-data-exp-us-central1-1.k8s-exp.shopifykloud.com
druid-druid-router-ingress-druid-dev-us-central1-1.dev.druid.shopifykloud.com
druid-druid-router-ingress-druid-dev-us-east1-1.dev.druid.shopifykloud.com
druid-druid-router-ingress-druid-mdm-us-central1-1.mdm.druid.shopifykloud.com
druid-druid-router-ingress-druid-mdm-us-east1-1.mdm.druid.shopifykloud.com
druid-general-druid-router--oxtu23mu-druid-global-us-central1-2.global.druid.shopifykloud.com
druid-general-druid-router-api-ingress-druid-dev-us-central1-1.dev.druid.shopifykloud.com
druid-general-druid-router-api-ingress-druid-dev-us-east1-1.dev.druid.shopifykloud.com
druid-general-druid-router-api-ingress-druid-global-us-east1-2.global.druid.shopifykloud.com
druid-general-druid-router-ingress-druid-dev-us-central1-1.dev.druid.shopifykloud.com
druid-general-druid-router-ingress-druid-dev-us-east1-1.dev.druid.shopifykloud.com
druid-general-druid-router-ingress-druid-global-us-central1-2.global.druid.shopifykloud.com
druid-general-druid-router-ingress-druid-global-us-east1-2.global.druid.shopifykloud.com
druid.k8s-exp.shopifykloud.com
email-engagement-production.flink.shopifykloud.com
email-engagement-staging.flink.shopifykloud.com
email-engagement-v2-production.flink.shopifykloud.com
email-engagement-v2-staging.flink.shopifykloud.com
event-routing-service-staging.flink.shopifykloud.com
event-routing-subs-staging.flink.shopifykloud.com
exp-caching-staging.shopify-data-presto-global.shopifykloud.com
fast-monorail.shopify-data-presto-global.shopifykloud.com
fastapi.k8s-exp.shopifykloud.com
flink-deploy-sample-2.flink.shopifykloud.com
flink-deploy-sample.flink.shopifykloud.com
flower.canada.airflow.shopifykloud.com
flower.dev.airflow.shopifykloud.com
flower.global.airflow.shopifykloud.com
flower.staging.airflow.shopifykloud.com
fluentd-test.presto.shopifykloud.com
for-blake-coordinator.presto.shopifykloud.com
graceful.playground.shopifykloud.com
growth-conversion-signals-staging.flink.shopifykloud.com
hackdays-hpa.shopify-data-presto-global.shopifykloud.com
healthchecktest.playground.shopifykloud.com
hew.starscream.starscream-adhoc-canada.yarn.shopifykloud.com
history-ext.starscream-qa.starscream-qa.yarn.shopifykloud.com
history-ext.yarn-adhoc.starscream-adhoc.yarn.shopifykloud.com
history-ext.yarn-cluster.playground.yarn.shopifykloud.com
history-ext.yarn-production.playground.yarn.shopifykloud.com
history-ext.yarn-production.starscream.yarn.shopifykloud.com
history-ext.yarn-test.playground.yarn.shopifykloud.com
history.magnesia-adhoc.shopifykloud.com
history.magnesia.shopifykloud.com
history.yarn-oauth.yarn.shopifykloud.com
hive-auth-test-hive.shopifykloud.com
hive-canada-metastore.data-acq-canada.shopifykloud.com
hive-canada-metastore.hive.shopifykloud.com
hive-external-ro-patch.hive.shopifykloud.com
hive-for-datachi-hive.shopifykloud.com
hive-for-datachi.hive.shopifykloud.com
hive-for-magnesia-adhoc.hive.shopifykloud.com
hive-lb.shopifykloud.com
hive-m-test-hive.shopifykloud.com
hive-main-test-external.shopifykloud.com
hive-metastore-main.shopifykloud.com
hive-metastore-shared.data-acq.shopifykloud.com
hive-metastore.data-acq-canada.shopifykloud.com
hive-metastore.data-acq.shopifykloud.com
hive-metastore.magnesia-adhoc.shopifykloud.com
hive-metastore.magnesia-staging.shopifykloud.com
hive-metastore.magnesia.shopifykloud.com
hive-metastore.shopify-data-magnesia-adhoc.shopifykloud.com
hive-metastore.shopify-data-magnesia.shopifykloud.com
hive-ms-iceberg.shopify-data-starscream-qa.shopifykloud.com
hive-no-binlog-3.hive.shopifykloud.com
hive-qa.presto-qa.shopifykloud.com
hive-s-test-hive.shopifykloud.com
hive.data-accel.shopifykloud.com
hive.playground.shopifykloud.com
hivetest.hive.shopifykloud.com
honeybee-honeybee-ingress-data-exp-us-central1-1.k8s-exp.shopifykloud.com
honeybee-honeybee-ingress-data-presto-us-central1-2.shopify-data-presto-global.shopifykloud.com
honeybee-honeybee-ingress-data-presto-us-central1-3.shopify-data-presto-global.shopifykloud.com
honeybee-staging.shopify-data-presto-global.shopifykloud.com
honeybee.k8s-exp.shopifykloud.com
honeybee.shopify-data-presto-global.shopifykloud.com
hue-chets.dataproc-test.playground.yarn.shopifykloud.com
hue-dataproc.starscream.starscream-adhoc.yarn.shopifykloud.com
hue-dataproc.starscream.starscream.yarn.shopifykloud.com
hue-debug.yarn-production.starscream.yarn.shopifykloud.com
hue-derek.dataproc-test.playground.yarn.shopifykloud.com
hue-derek2.dataproc-test.playground.yarn.shopifykloud.com
hue-i.starscream-qa.starscream-qa.yarn.shopifykloud.com
hue-oauth.magnesia.shopifykloud.com
hue-qa.yarn-qa.playground.yarn.shopifykloud.com
hue-s.dataproc-test.playground.yarn.shopifykloud.com
hue-sam.yarn-adhoc.starscream-adhoc.yarn.shopifykloud.com
hue-starscream-qa-hue-starscream-qa-us-central1-1.shopify-data-starscream-qa.shopifykloud.com
hue-starscream-qa-hue-starscream-qa-us-central1-2.shopify-data-starscream-qa.shopifykloud.com
hue-test.starscream.starscream-canada.yarn.shopifykloud.com
hue-test.yarn-production.starscream.yarn.shopifykloud.com
hue.adhoc.starscream-adhoc-canada.yarn.shopifykloud.com
hue.alumina-production.starscream-adhoc.yarn.shopifykloud.com
hue.alumina-staging.shopifykloud.com
hue.alumina.shopifykloud.com
hue.dataproc-test.playground.shopifykloud.com
hue.dataproc-test.playground.yarn.shopifykloud.com
hue.longboat.starscream-adhoc.yarn.shopifykloud.com
hue.longboat.yarn-adhoc.starscream-adhoc.yarn.shopifykloud.com
hue.magnesia-adhoc.shopifykloud.com
hue.magnesia-production.starscream-adhoc.yarn.shopifykloud.com
hue.magnesia-staging.shopifykloud.com
hue.magnesia.shopifykloud.com
hue.playground.yarn.shopifykloud.com
hue.raw-kafka.playground.yarn.shopifykloud.com
hue.raw-kafka.starscream-adhoc.yarn.shopifykloud.com
hue.shopify-data-landfill.playground.yarn.shopifykloud.com
hue.shopify-data-starscream-qa.shopifykloud.com
hue.starscream-adhoc.starscream-adhoc-canada.yarn.shopifykloud.com
hue.starscream-qa.starscream-qa.yarn.shopifykloud.com
hue.starscream.playground.yarn.shopifykloud.com
hue.starscream.starscream-adhoc-canada.yarn.shopifykloud.com
hue.starscream.starscream-canada.yarn.shopifykloud.com
hue.starscream.starscream-pii.yarn.shopifykloud.com
hue.yarn-adhoc.starscream-adhoc.yarn.shopifykloud.com
hue.yarn-cluster.shopify-data-yap-experiment.shopifykloud.com
hue.yarn-le.playground.yarn.shopifykloud.com
hue.yarn-production.starscream.yarn.shopifykloud.com
hue.yarn-qa.playground.yarn.shopifykloud.com
hue.yarn-test.playground.yarn.shopifykloud.com
hue4.yarn-production.starscream.yarn.shopifykloud.com
identity-graph-staging.flink.shopifykloud.com
inbox-analytics-backfill-staging.flink.shopifykloud.com
inbox-analytics-staging.flink.shopifykloud.com
instance-2.playground.shopifykloud.com
instance-3.playground.shopifykloud.com
inventory-analytics-staging.flink.shopifykloud.com
j-azk-test-web.playground.shopifykloud.com
jason-test-tmp.shopify-data-presto-global.shopifykloud.com
jmx-stats-test.presto.shopifykloud.com
john-c.debug.playground.shopifykloud.com
john-dd-test.hive.shopifykloud.com
john-presto.playground.shopifykloud.com
john-presto.presto-qa.shopifykloud.com
john.playground.shopifykloud.com
jupyterhub-jupyterhub-data-notebooks-canada-na-ne-1.notebooks-canada.shopifykloud.com
jupyterhub-jupyterhub-data-notebooks-production.notebooks.shopifykloud.com
jupyterhub-jupyterhub-data-notebooks-staging.notebooks.shopifykloud.com
k8s-exp.shopifykloud.com
kafka-azkaban-web.data-acq-canada.shopifykloud.com
kafka-azkaban-web.data-acq.shopifykloud.com
kafka-speedboat-azkaban-web.data-acq.shopifykloud.com
kafka-yarn-oauth-proxy.data-acq.shopifykloud.com
kahg.shopifykloud.com
kernel-keepalive.presto.shopifykloud.com
lead-streaming-service-staging.flink.shopifykloud.com
local.shopifykloud.com
log-oauth.magnesia.shopifykloud.com
logs.alumina-staging.shopifykloud.com
logs.alumina.shopifykloud.com
logs.magnesia-adhoc.shopifykloud.com
logs.magnesia-staging.shopifykloud.com
logs.magnesia.shopifykloud.com
m-hue.dataproc-test.playground.yarn.shopifykloud.com
m-hue.yarn-adhoc.starscream-adhoc.yarn.shopifykloud.com
m-hue.yarn-production.starscream.yarn.shopifykloud.com
magnesia-staging.shopifykloud.com
magnesia.shopifykloud.com
main-hive-us-east1-b-data-148903.shopifykloud.com
marketing-event-sales-production.flink.shopifykloud.com
marketing-event-sales-staging-red.flink.shopifykloud.com
marketing-event-sales-staging.flink.shopifykloud.com
mbrucetest-coordinator.presto.shopifykloud.com
merchant-data-model-druid-r-f6yi5x62-druid-global-us-central1-1.global.druid.shopifykloud.com
merchant-data-model-druid-r-vzq4nz4r-druid-global-us-central1-1.global.druid.shopifykloud.com
metabase-test.playground.yarn.shopifykloud.com
metadata-a.shopify-data-presto-global.shopifykloud.com
metadata-b.shopify-data-presto-global.shopifykloud.com
metadata-staging.shopify-data-presto-global.shopifykloud.com
metastore-iceberg.shopify-data-starscream-qa.shopifykloud.com
mode-staging.shopify-data-presto-global.shopifykloud.com
moh.flink.shopifykloud.com
monorail-a.shopify-data-presto-global.shopifykloud.com
monorail-b.shopify-data-presto-global.shopifykloud.com
more-obvious-dns-test-metastore-main.shopifykloud.com
mrhs-tunnel.playground.shopifykloud.com
ms-presto.presto-qa.shopifykloud.com
mt-shop-domain-production.flink.shopifykloud.com
muto.presto.shopifykloud.com
my-cluster-tmp.shopify-data-presto-global.shopifykloud.com
nw-test-tmp.shopify-data-presto-global.shopifykloud.com
oauth-tunnel-yarn.shopify-data-starscream-qa.shopifykloud.com
oauth-tunnel-yarn.starscream-qa.yarn.shopifykloud.com
oozie-2.starscream-qa.yarn.shopifykloud.com
oozie-adhoc-oozie.yarn.shopifykloud.com
oozie-dataproc.starscream-adhoc.yarn.shopifykloud.com
oozie-dataproc.starscream.yarn.shopifykloud.com
oozie-oauth.playground.shopifykloud.com
oozie-oozie-test.dataproc-test.playground.shopifykloud.com
oozie-oozie-test.dataproc-test.playground.yarn.shopifykloud.com
oozie-oozie.starscream-qa.starscream-qa.yarn.shopifykloud.com
oozie-qa.playground.yarn.shopifykloud.com
oozie-starscream-qa-oozie-starscream-qa-us-central1-2.shopify-data-starscream-qa.shopifykloud.com
oozie-starscream-qa.shopify-data-starscream-qa.shopifykloud.com
oozie-starscream.playground.yarn.shopifykloud.com
oozie-test.playground.yarn.shopifykloud.com
oozie.magnesia.shopifykloud.com
oozie.shopify-data-starscream-qa.shopifykloud.com
oozie.shopify-data-yap-experiment.shopifykloud.com
oozie.starscream-adhoc-canada.yarn.shopifykloud.com
oozie.starscream-canada.yarn.shopifykloud.com
oozie.starscream-qa.yarn.shopifykloud.com
oozie.test-yarn-jm-dm.playground.yarn.shopifykloud.com
oozie.yarn-adhoc.starscream-adhoc.yarn.shopifykloud.com
oozie.yarn-le.playground.yarn.shopifykloud.com
oozie.yarn-production.starscream.yarn.shopifykloud.com
oozie.yarn-qa.playground.yarn.shopifykloud.com
oozie.yarn-test.playground.yarn.shopifykloud.com
panama-api.k8s-exp.shopifykloud.com
panama-data-exp-us-central1-1.k8s-exp.shopifykloud.com
panama.pansta-data-exp-us-central1-1.k8s-exp.shopifykloud.com
pano-on-trino-tmp.shopify-data-presto-global.shopifykloud.com
pepto-staging.shopify-data-presto-global.shopifykloud.com
perf-test.flink.shopifykloud.com
pior.magnesia-staging.shopifykloud.com
presto-1.playground.yarn.shopifykloud.com
presto-196.playground.shopifykloud.com
presto-2.playground.yarn.shopifykloud.com
presto-213.presto-qa.shopifykloud.com
presto-219.presto-qa.shopifykloud.com
presto-adhoc-a.shopify-data-presto-canada.shopifykloud.com
presto-adhoc-a.shopify-data-presto-global.shopifykloud.com
presto-adhoc-b.shopify-data-presto-canada.shopifykloud.com
presto-adhoc-b.shopify-data-presto-global.shopifykloud.com
presto-adhoc.shopify-data-magnesia-adhoc.shopifykloud.com
presto-adhoc.shopifykloud.com
presto-apac-adhoc-a-presto-data-presto-asia-southeast1-1.shopify-data-presto-global.shopifykloud.com
presto-apac-adhoc-a.shopify-data-presto-global.shopifykloud.com
presto-apac-adhoc-b-presto-data-presto-asia-southeast1-1.shopify-data-presto-global.shopifykloud.com
presto-apac-adhoc-b.shopify-data-presto-global.shopifykloud.com
presto-apac.shopify-data-presto-global.shopifykloud.com
presto-canada-ad-mkrdctma-data-presto-northamerica-northeast1-3.shopify-data-presto-canada.shopifykloud.com
presto-canada-ad-pz45xutr-data-presto-northamerica-northeast1-3.shopify-data-presto-canada.shopifykloud.com
presto-cluster-test.data-acq.shopifykloud.com
presto-cluster.playground.shopifykloud.com
presto-cluster.presto-qa.shopifykloud.com
presto-cname-test.playground.shopifykloud.com
presto-cname.shopifykloud.com
presto-conductor-apac-pr-w3aib7lp-data-presto-asia-southeast1-1.shopify-data-presto-global.shopifykloud.com
presto-conductor-avr5uesq-data-presto-northamerica-northeast1-3.shopify-data-presto-canada.shopifykloud.com
presto-conductor-production--rdceauky-data-presto-us-central1-3.shopify-data-presto-global.shopifykloud.com
presto-conductor-production--s377plie-data-presto-us-central1-2.shopify-data-presto-global.shopifykloud.com
presto-conductor-production--vjjkban7-data-presto-us-central1-3.shopify-data-presto-global.shopifykloud.com
presto-conductor-production--vp2qazd2-data-presto-us-central1-2.shopify-data-presto-global.shopifykloud.com
presto-conductor-staging-presto-h4vpnga7-data-exp-us-central1-1.k8s-exp.shopifykloud.com
presto-conductor-staging-presto-zyorw77y-data-exp-us-central1-1.k8s-exp.shopifykloud.com
presto-conductor-staging-server.k8s-exp.shopifykloud.com
presto-conductor-staging.k8s-exp.shopifykloud.com
presto-conductor-w7hfrc3y-data-presto-northamerica-northeast1-3.shopify-data-presto-canada.shopifykloud.com
presto-configurator-1.presto.shopifykloud.com
presto-configurator.presto.shopifykloud.com
presto-control.presto-qa.shopifykloud.com
presto-exp-load-a.shopify-data-presto-global.shopifykloud.com
presto-exp-load-b.shopify-data-presto-global.shopifykloud.com
presto-exp-load.shopify-data-presto-global.shopifykloud.com
presto-exper-a.shopify-data-presto-global.shopifykloud.com
presto-exper-b.shopify-data-presto-global.shopifykloud.com
presto-for-datachi-coordinator.presto.shopifykloud.com
presto-for-datachi.presto.shopifykloud.com
presto-for-datachi.presto.tunnel.shopifykloud.com
presto-for-hdfs-stats.presto.shopifykloud.com
presto-gateway-apac-prod-7qmoteea-data-presto-asia-southeast1-1.shopify-data-presto-global.shopifykloud.com
presto-gateway-apac.shopify-data-presto-global.shopifykloud.com
presto-gateway-old.shopify-data-presto-canada.shopifykloud.com
presto-gateway-old.shopify-data-presto-global.shopifykloud.com
presto-gateway-p-z5riloqp-data-presto-northamerica-northeast1-3.shopify-data-presto-canada.shopifykloud.com
presto-gateway-production-pr-cgork7r7-data-presto-us-central1-3.shopify-data-presto-global.shopifykloud.com
presto-gateway-production-rewrite-data-presto-us-central1-2.shopify-data-presto-global.shopifykloud.com
presto-gateway-production-rewrite-data-presto-us-central1-3.shopify-data-presto-global.shopifykloud.com
presto-gateway-rewrite-data-presto-northamerica-northeast1-3.shopify-data-presto-canada.shopifykloud.com
presto-gateway-testing-presto-gateway-data-exp-us-central1-1.k8s-exp.shopifykloud.com
presto-gateway-testing-test.k8s-exp.shopifykloud.com
presto-gateway-testing.k8s-exp.shopifykloud.com
presto-gateway.playground.shopifykloud.com
presto-gateway.playground.yarn.shopifykloud.com
presto-gateway.presto-qa.shopifykloud.com
presto-gateway.shopify-data-presto-canada.shopifykloud.com
presto-gateway.shopify-data-presto-global.shopifykloud.com
presto-jmx-test.playground.shopifykloud.com
presto-kb.shopify-data-presto-global.shopifykloud.com
presto-lb-test.shopifykloud.com
presto-lb.shopifykloud.com
presto-load-2.presto.shopifykloud.com
presto-load.presto.shopifykloud.com
presto-logging.shopify-data-presto-global.shopifykloud.com
presto-maestro-presto-maestro-data-exp-us-central1-1.k8s-exp.shopifykloud.com
presto-meastro-testing.k8s-exp.shopifykloud.com
presto-meastro.k8s-exp.shopifykloud.com
presto-mo.playground.shopifykloud.com
presto-mode-staging.shopify-data-presto-global.shopifykloud.com
presto-no-binlog.presto.shopifykloud.com
presto-no-keepalive.presto.shopifykloud.com
presto-no-position.presto.shopifykloud.com
presto-oauth-test.shopify-data-presto-global.shopifykloud.com
presto-patched-gcs.presto.shopifykloud.com
presto-patched.presto.shopifykloud.com
presto-production-adhoc-a-presto-data-presto-us-central1-2.shopify-data-presto-global.shopifykloud.com
presto-production-adhoc-a-presto-data-presto-us-central1-3.shopify-data-presto-global.shopifykloud.com
presto-production-adhoc-a.shopify-data-presto-global.shopifykloud.com
presto-production-adhoc-b-presto-data-presto-us-central1-2.shopify-data-presto-global.shopifykloud.com
presto-production-adhoc-b-presto-data-presto-us-central1-3.shopify-data-presto-global.shopifykloud.com
presto-production-adhoc-b.shopify-data-presto-global.shopifykloud.com
presto-production-exper-a.shopify-data-presto-global.shopifykloud.com
presto-production-exper-b.shopify-data-presto-global.shopifykloud.com
presto-production-experiment-me3oqgah-data-presto-us-central1-3.shopify-data-presto-global.shopifykloud.com
presto-production-experiment-yw5plzjg-data-presto-us-central1-3.shopify-data-presto-global.shopifykloud.com
presto-production-metadata-a-presto-data-presto-us-central1-3.shopify-data-presto-global.shopifykloud.com
presto-production-metadata-b-presto-data-presto-us-central1-3.shopify-data-presto-global.shopifykloud.com
presto-production-monorail-a.shopify-data-presto-global.shopifykloud.com
presto-production-monorail-b.shopify-data-presto-global.shopifykloud.com
presto-production-scheduled-a-presto-data-presto-us-central1-2.shopify-data-presto-global.shopifykloud.com
presto-production-scheduled-a-presto-data-presto-us-central1-3.shopify-data-presto-global.shopifykloud.com
presto-production-scheduled-a.shopify-data-presto-global.shopifykloud.com
presto-production-scheduled-b-presto-data-presto-us-central1-2.shopify-data-presto-global.shopifykloud.com
presto-production-scheduled-b-presto-data-presto-us-central1-3.shopify-data-presto-global.shopifykloud.com
presto-production-scheduled-b.shopify-data-presto-global.shopifykloud.com
presto-production-starscream-a-presto-data-presto-us-central1-2.shopify-data-presto-global.shopifykloud.com
presto-production-starscream-a-presto-data-presto-us-central1-3.shopify-data-presto-global.shopifykloud.com
presto-production-starscream-a.shopify-data-presto-global.shopifykloud.com
presto-production-starscream-b-presto-data-presto-us-central1-2.shopify-data-presto-global.shopifykloud.com
presto-production-starscream-b-presto-data-presto-us-central1-3.shopify-data-presto-global.shopifykloud.com
presto-production-starscream-b.shopify-data-presto-global.shopifykloud.com
presto-production-support-a.shopify-data-presto-global.shopifykloud.com
presto-production-support-b.shopify-data-presto-global.shopifykloud.com
presto-production.shopify-data-presto-global.shopifykloud.com
presto-qa-211.presto-qa.shopifykloud.com
presto-qa-214.presto-qa.shopifykloud.com
presto-qa.playground.shopifykloud.com
presto-qa.presto-qa.shopifykloud.com
presto-qa.starscream-qa.presto.shopifykloud.com
presto-sam-test.shopify-data-presto-global.shopifykloud.com
presto-scheduled-a.shopify-data-presto-global.shopifykloud.com
presto-scheduled-b.shopify-data-presto-global.shopifykloud.com
presto-scheduled.presto.shopifykloud.com
presto-seamster.shopify-data-presto-global.shopifykloud.com
presto-staging-exp-load-a.shopify-data-presto-global.shopifykloud.com
presto-staging-exp-load-b.shopify-data-presto-global.shopifykloud.com
presto-staging-exp-load.shopify-data-presto-global.shopifykloud.com
presto-staging-fast-monorail-presto-data-presto-us-central1-3.shopify-data-presto-global.shopifykloud.com
presto-staging-logging-plugin-presto-data-presto-us-central1-3.shopify-data-presto-global.shopifykloud.com
presto-staging-metadata-presto-data-presto-us-central1-3.shopify-data-presto-global.shopifykloud.com
presto-staging-seamster-presto-data-presto-us-central1-3.shopify-data-presto-global.shopifykloud.com
presto-starscream-a.shopify-data-presto-global.shopifykloud.com
presto-starscream-b.shopify-data-presto-global.shopifykloud.com
presto-starscream-qa-presto-starscream-qa-us-central1-2.shopify-data-starscream-qa.shopifykloud.com
presto-support-a.shopify-data-presto-global.shopifykloud.com
presto-support-b.shopify-data-presto-global.shopifykloud.com
presto-template.playground.shopifykloud.com
presto-test-210.playground.shopifykloud.com
presto-test-cluster-kb.shopify-data-presto-global.shopifykloud.com
presto-test-coordinator.presto.shopifykloud.com
presto-test-sp.presto-qa.shopifykloud.com
presto-test.presto-qa.shopifykloud.com
presto-test.presto.shopifykloud.com
presto-test.shopify-data-magnesia.shopifykloud.com
presto-testing-adhoc-a-presto-data-exp-us-central1-1.k8s-exp.shopifykloud.com
presto-testing-adhoc-a.k8s-exp.shopifykloud.com
presto-testing-adhoc-b-presto-data-exp-us-central1-1.k8s-exp.shopifykloud.com
presto-testing-adhoc-b.k8s-exp.shopifykloud.com
presto-testing-scheduled-a-presto-data-exp-us-central1-1.k8s-exp.shopifykloud.com
presto-testing-scheduled-a.k8s-exp.shopifykloud.com
presto-testing-scheduled-b-presto-data-exp-us-central1-1.k8s-exp.shopifykloud.com
presto-testing-scheduled-b.k8s-exp.shopifykloud.com
presto-testing.k8s-exp.shopifykloud.com
presto-timeout-test.presto.shopifykloud.com
presto-version-0-197.presto.shopifykloud.com
presto-version-update.presto.shopifykloud.com
presto-yandu-test.presto.shopifykloud.com
presto.data-accel.shopifykloud.com
presto.data-acq-canada.shopifykloud.com
presto.k8s-exp.shopifykloud.com
presto.magnesia-adhoc.shopifykloud.com
presto.magnesia-staging.shopifykloud.com
presto.magnesia.shopifykloud.com
presto.playground.shopifykloud.com
presto.playground.yarn.shopifykloud.com
presto.presto-perf-exp.presto.shopifykloud.com
presto.presto-qa.shopifykloud.com
presto.shopify-data-magnesia-adhoc.shopifykloud.com
presto.shopify-data-magnesia.shopifykloud.com
presto.shopify-data-presto-global.shopifykloud.com
presto.shopify-data-starscream-qa.shopifykloud.com
presto.starscream-adhoc.yarn.shopifykloud.com
presto.starscream-canada.presto.shopifykloud.com
presto.starscream-pii.presto.shopifykloud.com
presto.starscream.yarn.shopifykloud.com
prestonhydraulics.cesto.starscream.yarn.shopifykloud.com
production.notebooks-canada.shopifykloud.com
production.notebooks.shopifykloud.com
production.starscream-adhoc.yarn.shopifykloud.com
proxy-gcs-test.shopifykloud.com
prseto-cluster.presto-qa.shopifykloud.com
rai-ha.shopify-data-yap-experiment.shopifykloud.com
rai-le.shopify-data-yap-experiment.shopifykloud.com
rai-server-dev.shopify-data-yap-experiment.shopifykloud.com
rai-server-gin.shopify-data-yap-experiment.shopifykloud.com
rai-server-magic.shopify-data-yap-experiment.shopifykloud.com
rai-server-metrics.shopify-data-yap-experiment.shopifykloud.com
rai-server-noam.shopify-data-yap-experiment.shopifykloud.com
rai-server-statsd.shopify-data-yap-experiment.shopifykloud.com
rai-server.shopify-data-yap-experiment.shopifykloud.com
rai-server.starscream-adhoc-canada.shopifykloud.com
rai-server.starscream-adhoc.yarn.shopifykloud.com
random-presto-deployment.presto.shopifykloud.com
refinery-azkaban-1-web.data-acq.shopifykloud.com
refinery-azkaban-2-web.data-acq.shopifykloud.com
refinery-azkaban-web.azkaban.shopifykloud.com
refinery-azkaban-web.data-acq.shopifykloud.com
refinery-presto-cache.data-acq.shopifykloud.com
refinery-presto-shared.data-acq.shopifykloud.com
refinery-presto.data-acq.shopifykloud.com
refinery-presto.presto.shopifykloud.com
reporting-test-coordinator.presto.shopifykloud.com
rm1.mbruce.yarn.shopifykloud.com
rm1.yarn-adhoc.yarn.shopifykloud.com
rm1.yarn-redirect.yarn.shopifykloud.com
rm2.yarn-adhoc.yarn.shopifykloud.com
rm2.yarn-redirect.yarn.shopifykloud.com
russ-sp-reconciliation-staging.flink.shopifykloud.com
sam-hue-test.yarn-test.playground.yarn.shopifykloud.com
saml-oauth.playground.shopifykloud.com
saml-oauth.shopifykloud.com
sample-wc.flink.shopifykloud.com
scratch-auth-test-hive.shopifykloud.com
scratch-for-datachi-hive.shopifykloud.com
scratch-for-datachi.hive.shopifykloud.com
scratch-metastore-shared.data-acq.shopifykloud.com
scratch-metastore.data-acq-canada.shopifykloud.com
scratch-test.playground.shopifykloud.com
scrubbed-customer-info-staging.flink.shopifykloud.com
server.pansta-data-exp-us-central1-1.k8s-exp.shopifykloud.com
session-attribution-staging.flink.shopifykloud.com
sh-configur.starscream-adhoc.yarn.shopifykloud.com
shipping-insights-staging.flink.shopifykloud.com
shopify-audience-gen-staging.flink.shopifykloud.com
shopify-audience-gen-test.flink.shopifykloud.com
shopify-data-presto-qa.shopifykloud.com
shs-adhoc.starscream-adhoc.yarn.shopifykloud.com
shs-oauth.shopify-data-starscream-qa.shopifykloud.com
shs-production-dataproc.starscream.yarn.shopifykloud.com
shs-production.starscream.yarn.shopifykloud.com
shs-qa.playground.yarn.shopifykloud.com
shs-simple.starscream.yarn.shopifykloud.com
shs-starscream-qa-shs-starscream-qa-us-central1-2.shopify-data-starscream-qa.shopifykloud.com
shs-test.playground.yarn.shopifykloud.com
shs-test.starscream-adhoc.yarn.shopifykloud.com
shs-test.starscream.yarn.shopifykloud.com
shs-tunnel.playground.shopifykloud.com
shs-yarn-qa.playground.yarn.shopifykloud.com
shs.shopify-data-starscream-qa.shopifykloud.com
shs1.playground.yarn.shopifykloud.com
shs23.playground.yarn.shopifykloud.com
shs5.playground.yarn.shopifykloud.com
somesortaredirect.playground.shopifykloud.com
spark-history-server.k8s-exp.shopifykloud.com
spark-history.playground.yarn.shopifykloud.com
spark-history.shopify-data-starscream-qa.shopifykloud.com
spark-history.spark-adhoc.yarn.shopifykloud.com
spark-history.spark-test.yarn.shopifykloud.com
spark-history.yarn-adhoc.starscream-adhoc.yarn.shopifykloud.com
spark-history.yarn-production.starscream.yarn.shopifykloud.com
speedboat-azkaban-staging-web.data-acq.shopifykloud.com
speedboat-azkaban-web.data-acq-canada.shopifykloud.com
speedboat-azkaban-web.data-acq.shopifykloud.com
speedboat-presto.data-acq.shopifykloud.com
speedboat-yarn-oauth-proxy.data-acq.shopifykloud.com
staging-kafka-azkaban-web.data-acq-canada.shopifykloud.com
staging-kafka-azkaban-web.data-acq.shopifykloud.com
staging-refinery-azkaban-web.data-acq.shopifykloud.com
staging-speedboat-azkaban-web.data-acq.shopifykloud.com
staging.notebooks.shopifykloud.com
starscream-qa.shopify-data-presto-global.shopifykloud.com
streaming-personalization-staging.flink.shopifykloud.com
streaming-sales-model-backfill-json.flink.shopifykloud.com
streaming-sales-model-backfill-json2.flink.shopifykloud.com
streaming-sales-model-backfill.flink.shopifykloud.com
streaming-sales-model-bckfl1-staging.flink.shopifykloud.com
streaming-sales-model-kevin-deps.flink.shopifykloud.com
streaming-sales-model-kevin-dlog.flink.shopifykloud.com
streaming-sales-model-kevin-lib.flink.shopifykloud.com
streaming-sales-model-kevin-tloc.flink.shopifykloud.com
streaming-sales-model-kevin.flink.shopifykloud.com
streaming-sales-model-prod-bckfl.flink.shopifykloud.com
streaming-sales-model-prod-hailmary.flink.shopifykloud.com
streaming-sales-model-production.flink.shopifykloud.com
streaming-sales-model-slava-b.flink.shopifykloud.com
streaming-sales-model-slava-bckfl.flink.shopifykloud.com
streaming-sales-model-slava-d.flink.shopifykloud.com
streaming-sales-model-slava-e.flink.shopifykloud.com
streaming-sales-model-slava-l.flink.shopifykloud.com
streaming-sales-model-slava-w.flink.shopifykloud.com
streaming-sales-model-slava-x.flink.shopifykloud.com
streaming-sales-model-slava-y.flink.shopifykloud.com
streaming-sales-model-staging-gcs-sink.flink.shopifykloud.com
streaming-sales-model-staging-gilda.flink.shopifykloud.com
streaming-sales-model-staging-hailmary.flink.shopifykloud.com
streaming-sales-model-staging-jc.flink.shopifykloud.com
streaming-sales-model-staging-json-raf.flink.shopifykloud.com
streaming-sales-model-staging-kafkav.flink.shopifykloud.com
streaming-sales-model-staging-kevin.flink.shopifykloud.com
streaming-sales-model-staging-klam-jmap.flink.shopifykloud.com
streaming-sales-model-staging-klam-mini.flink.shopifykloud.com
streaming-sales-model-staging-klam-no-dc.flink.shopifykloud.com
streaming-sales-model-staging-lat.flink.shopifykloud.com
streaming-sales-model-staging-no-dync.flink.shopifykloud.com
streaming-sales-model-staging-one.flink.shopifykloud.com
streaming-sales-model-staging-pai.flink.shopifykloud.com
streaming-sales-model-staging-rcile.flink.shopifykloud.com
streaming-sales-model-staging-soak-test.flink.shopifykloud.com
streaming-sales-model-staging-sql.flink.shopifykloud.com
streaming-sales-model-staging-true.flink.shopifykloud.com
streaming-sales-model-staging-tuning.flink.shopifykloud.com
streaming-sales-model-staging.flink.shopifykloud.com
submarine-production-web-longboat-us-central1-1.data-acq.shopifykloud.com
submarine-production-web-longboat-us-central1-2.data-acq.shopifykloud.com
submarine-staging-web-longboat-us-central1-1.data-acq.shopifykloud.com
submarine-staging-web-longboat-us-central1-2.data-acq.shopifykloud.com
submarine-staging.data-acq.shopifykloud.com
submarine.data-acq.shopifykloud.com
tableau-oauth.tableau.shopifykloud.com
tableau-test-lb.tableau.shopifykloud.com
tableau.playground.shopifykloud.com
temp-hive-1-metastore-main.shopifykloud.com
temp-sa.flink.shopifykloud.com
template-test-2.presto.shopifykloud.com
template-test.presto.shopifykloud.com
test-azkaban-web.data-acq.shopifykloud.com
test-caching.shopify-data-presto-global.shopifykloud.com
test-email-engagement-staging.flink.shopifykloud.com
test-examples-staging.flink.shopifykloud.com
test-hive-zone.hive.shopifykloud.com
test-kafka-logs-web.data-acq.shopifykloud.com
test-metastore.data-acq.shopifykloud.com
test-migration-guide.flink.shopifykloud.com
test-nick-presto.playground.shopifykloud.com
test-nick-presto.presto.shopifykloud.com
test-presto-2.data-acq.shopifykloud.com
test-presto-202.presto.shopifykloud.com
test-presto-203.presto.shopifykloud.com
test-presto-204-benchmark.presto.shopifykloud.com
test-presto-204.playground.shopifykloud.com
test-presto-204.presto.shopifykloud.com
test-presto-208.playground.shopifykloud.com
test-presto-ip.playground.shopifykloud.com
test-presto-jmx.playground.shopifykloud.com
test-presto-upgrade.playground.shopifykloud.com
test-presto-upgrade.presto-qa.shopifykloud.com
test-presto-upgrade.presto.shopifykloud.com
test-presto.data-acq.shopifykloud.com
test-presto.playground.shopifykloud.com
test-saml-oauth.shopifykloud.com
test-sink-migration.flink.shopifykloud.com
test-speedboat-azkaban-web.data-acq.shopifykloud.com
test-speedboat-yarn.data-acq.shopifykloud.com
test-suite-tmp.shopify-data-presto-global.shopifykloud.com
test-up-2-azkaban-web.data-acq.shopifykloud.com
test-up-azkaban-web.data-acq.shopifykloud.com
test-web.data-acq.shopifykloud.com
test.datagrip-license-server.playground.shopifykloud.com
testing.k8s-exp.shopifykloud.com
third-party-impact-poc-staging.flink.shopifykloud.com
ti-test.playground.shopifykloud.com
trickle-v2-examples-invent-staging.flink.shopifykloud.com
trickle-v2-examples-klam.flink.shopifykloud.com
trickle-v2-examples-vend-production.flink.shopifykloud.com
trickle-v2-examples-vendors-staging.flink.shopifykloud.com
trickle-v2-third-party-demo-staging.flink.shopifykloud.com
tunnel-cache-test-hive.shopifykloud.com
turnilo.general.dev.druid.shopifykloud.com
turnilo.staging.global.druid.shopifykloud.com
vpnifi.playground.yarn.shopifykloud.com
vpnify-test.playground.shopifykloud.com
vpnify-test.playground.yarn.shopifykloud.com
vpnify-test.starscream-adhoc.yarn.shopifykloud.com
vpnify-test.starscream.yarn.shopifykloud.com
vpnify-test2.playground.yarn.shopifykloud.com
vpnify.data-acq-canada.shopifykloud.com
vpnify.playground.shopifykloud.com
vpnify.playground.yarn.shopifykloud.com
vpnify.presto-canada.presto.shopifykloud.com
vpnify.presto-qa.shopifykloud.com
vpnify.shopify-data-apps.shopifykloud.com
vpnify.shopify-data-cloud-infra.shopifykloud.com
vpnify.shopify-data-presto-canada.shopifykloud.com
vpnify.shopify-data-starscream-canada.shopifykloud.com
vpnify.shopify-data-yap-experiment.shopifykloud.com
vpnify.shopifykloud.com
vpnify.starscream-adhoc-canada.yarn.shopifykloud.com
vpnify.starscream-adhoc.yarn.shopifykloud.com
vpnify.starscream-canada.yarn.shopifykloud.com
vpnify.starscream-pii.yarn.shopifykloud.com
vpnify.starscream-qa.yarn.shopifykloud.com
vpnify.starscream.yarn.shopifykloud.com
vpnify.streamify-216112.shopifykloud.com
vpnify2.playground.shopifykloud.com
web.atlas.k8s-exp.shopifykloud.com
web.canada.airflow.shopifykloud.com
web.dev.airflow.shopifykloud.com
web.dev.druid.shopifykloud.com
web.druid-dev-us-central1-1.dev.druid.shopifykloud.com
web.druid-dev-us-east1-1.dev.druid.shopifykloud.com
web.druid-global-us-central1-2.global.druid.shopifykloud.com
web.druid-global-us-east1-2.global.druid.shopifykloud.com
web.druid-mdm-us-central1-1.mdm.druid.shopifykloud.com
web.druid-mdm-us-east1-1.mdm.druid.shopifykloud.com
web.druid-staging-us-central1-1.staging.druid.shopifykloud.com
web.druid-staging-us-east1-1.staging.druid.shopifykloud.com
web.general.dev.druid.shopifykloud.com
web.general.global.druid.shopifykloud.com
web.general.us-east1.dev.druid.shopifykloud.com
web.global.airflow.shopifykloud.com
web.insights-sales.global.druid.shopifykloud.com
web.mdm.druid.shopifykloud.com
web.mdm.global.druid.shopifykloud.com
web.org-sales-model.global.druid.shopifykloud.com
web.staging.airflow.shopifykloud.com
web.staging.arma.k8s-exp.shopifykloud.com
web.staging.druid.shopifykloud.com
web.staging.global.druid.shopifykloud.com
webui-rm1.yarn-adhoc.yarn.shopifykloud.com
webui-rm1.yarn-chroot.yarn.shopifykloud.com
webui-rm1.yarn-oauth.yarn.shopifykloud.com
webui-rm1.yarn-oauthtest.yarn.shopifykloud.com
webui-rm2.yarn-adhoc.yarn.shopifykloud.com
webui-rm2.yarn-chroot.yarn.shopifykloud.com
webui-rm2.yarn-oauth.yarn.shopifykloud.com
webui-rm2.yarn-oauthtest.yarn.shopifykloud.com
yarn-lb.shopifykloud.com
yarn-oauth-proxy-test.playground.shopifykloud.com
yarn-oauth-proxy-yarn-oauth-starscream-qa-us-central1-2.shopify-data-starscream-qa.shopifykloud.com
yarn-oauth-proxy.data-acq.shopifykloud.com
yarn-oauth.shopify-data-starscream-qa.shopifykloud.com
yarn-oauth.starscream-adhoc.yarn.shopifykloud.com
yarn-oauth.starscream.yarn.shopifykloud.com
