82.blog.sketchfab.com
api.sketchfab.com
apps.sketchfab.com
audio.sketchfab.com
blog.sketchfab.com
click.sketchfab.com
clients.sketchfab.com
demos.sketchfab.com
docs.sketchfab.com
e6f79c614c67.sketchfab.com
email.sketchfab.com
email1.sketchfab.com
email2.sketchfab.com
email3.sketchfab.com
forum.sketchfab.com
gltf.sketchfab.com
help.sketchfab.com
img.email1.sketchfab.com
img.email2.sketchfab.com
img.email3.sketchfab.com
jabber.sketchfab.com
labs.sketchfab.com
landings.sketchfab.com
mail.sketchfab.com
massive.sketchfab.com
media.sketchfab.com
pop3.sketchfab.com
r.email1.sketchfab.com
r.email2.sketchfab.com
r.email3.sketchfab.com
r.sketchfab.com
rpc1.blog.sketchfab.com
sketchfab.com
smtp.sketchfab.com
staging-enterprise.blog.sketchfab.com
staging-pay.blog.sketchfab.com
staging1.blog.sketchfab.com
staging2.blog.sketchfab.com
stagkubernetesng2.blog.sketchfab.com
static.sketchfab.com
stvging2.blog.sketchfab.com
tpe-www-march.staging1.blog.sketchfab.com
v2-enterprise.blog.sketchfab.com
virusswb.blog.sketchfab.com
www-marchweb.staging1.blog.sketchfab.com
www.blog.sketchfab.com
www.sketchfab.com
www.staging-enterprise.blog.sketchfab.com
www.staging1.blog.sketchfab.com
www.staging2.blog.sketchfab.com
www.stagnetng2.blog.sketchfab.com
www.stcgiging-enterprise.blog.sketchfab.com
www.tpe.blog.sketchfab.com
www.v2taging2.blog.sketchfab.com
zendesk1.sketchfab.com
zendesk2.sketchfab.com
zendesk3.sketchfab.com
zendesk4.sketchfab.com
