api-staging.sol-data.com
api.sol-data.com
dt-receiver.staging.sol-data.com
internal.sol-data.com
internal.staging.sol-data.com
js.sol-data.com
kinesis-poc.staging.sol-data.com
production.us-west-2.sol-data.com
sol-data.com
sol-http-1-production.sol-data.com
sol-http-1-staging.sol-data.com
sol-http-10-production.sol-data.com
sol-http-2-production.sol-data.com
sol-http-2-staging.sol-data.com
sol-http-3-production.sol-data.com
sol-http-4-production.sol-data.com
sol-http-5-production.sol-data.com
sol-http-6-production.sol-data.com
sol-http-7-production.sol-data.com
sol-http-8-production.sol-data.com
sol-http-9-production.sol-data.com
staging.sol-data.com
staging.us-west-2.sol-data.com
web-staging-cf2.sol-data.com
web-staging.sol-data.com
web.sol-data.com
www.sol-data.com
