.solarcity.com
100tong.api-test.sre.solarcity.com
360-security-antivirus-free.it.843977358.api-test.sre.scit.solarcity.com
360-security-antivirus-free.it.alik-morozov.api-training.sre.scit.solarcity.com
360-security-antivirus-free.it.arhitectsef.api-training.sre.solarcity.com
360-security-antivirus-free.it.fanshuyao.api-test.sre.scit.solarcity.com
360-security-antivirus-free.it.jetstarmine.api-test.sre.solarcity.com
360-security-antivirus-free.it.thcstoky.api-training.sre.scit.solarcity.com
360-security-antivirus-free.it.thetropicaldryforest14.api-test.sre.solarcity.com
365.solarcity.com
a-town-uncoverd.en.elitecaos.api-training.sre.solarcity.com
a-town-uncoverd.en.jina2013.api-test.sre.solarcity.com
a-town-uncoverd.en.kfmail.api-test.sre.solarcity.com
a-town-uncoverd.en.omeglesexting.api-test.sre.scit.solarcity.com
a-town-uncoverd.en.silkhat022.x.api-test.sre.scit.solarcity.com
action.solarcity.com
admin-legacy.billing.solarcity.com
admin-test.solarcity.com
admin.billing.solarcity.com
admin.solarcity.com
afamiliacatolicaoracoes.api-test.sre.solarcity.com
ahj.solarcity.com
airflow-qa.scfs.solarcity.com
al-plastik.api-test.sre.solarcity.com
alert.dev.scsg.solarcity.com
alert.qa.scsg.solarcity.com
ambassador-int.solarcity.com
ambassador-staging.solarcity.com
ambassador-test.solarcity.com
ambassador-training.solarcity.com
ambassador.solarcity.com
ambassadors.solarcity.com
amir-antivirus.charleroi.blogs.api-training.sre.scit.solarcity.com
amir-antivirus.ecf.ared.api-test.sre.solarcity.com
amir-antivirus.hindishayarismshub.api-training.sre.solarcity.com
amir-antivirus.mpog.api-test.sre.solarcity.com
amir-antivirus.puzzlehunt.research.api-training.sre.solarcity.com
amir-antivirus.tasik-cyber.api-training.sre.scit.solarcity.com
amir-antivirus.trauer.api-training.sre.scit.solarcity.com
analyticsapi.solarcity.com
antivirus-2018.arsipbudayanusantara.api-training.sre.scit.solarcity.com
antivirus-2018.kanmiq.api-test.sre.scit.solarcity.com
antivirus-2018.leeli428joy.api-training.sre.scit.solarcity.com
antivirus-2018.navi.city.api-training.sre.scit.solarcity.com
antivirus-2018.rccochin.api-test.sre.solarcity.com
antivirus-38b65.cerdikmatematika.api-training.sre.scit.solarcity.com
antivirus-38b65.complejoplaza.api-training.sre.solarcity.com
antivirus-38b65.dsoapp.oit.api-training.sre.scit.solarcity.com
antivirus-38b65.fr.greysanatomy.api-test.sre.solarcity.com
antivirus-38b65.gaisen.api-training.sre.scit.solarcity.com
antivirus-38b65.lendir21.api-test.sre.scit.solarcity.com
antivirus-38b65.pinkkiki665.api-test.sre.solarcity.com
antivirus-38b65.santa-lucia-di-piave.api-training.sre.scit.solarcity.com
antivirus-booster-and-cleaner.br.academicpages.api-training.sre.scit.solarcity.com
antivirus-booster-and-cleaner.br.arti-sebuahmimpi.api-test.sre.scit.solarcity.com
antivirus-booster-and-cleaner.br.bassethound.api-training.sre.scit.solarcity.com
antivirus-booster-and-cleaner.br.blogdoregii.api-training.sre.scit.solarcity.com
antivirus-booster-and-cleaner.br.etimologia.api-training.sre.scit.solarcity.com
antivirus-booster-and-cleaner.br.habo.api-training.sre.scit.solarcity.com
antivirus-booster-and-cleaner.br.redaktion.api-test.sre.solarcity.com
antivirus-booster-and-cleaner.br.shotasekai.api-test.sre.solarcity.com
antivirus-booster-and-cleaner.br.www.dewas.api-test.sre.scit.solarcity.com
antivirus-booster-and-cleaner.br.www.usarec.api-training.sre.scit.solarcity.com
antivirus-extension.krithidraws.api-test.sre.solarcity.com
antivirus-extension.mataro.api-training.sre.solarcity.com
antivirus-extension.pwdsvc.api-test.sre.solarcity.com
antivirus-extension.wunderbars-sammelsurium.api-training.sre.scit.solarcity.com
antivirus-for-all.car2.api-training.sre.scit.solarcity.com
antivirus-for-all.concursos-literarios.api-training.sre.scit.solarcity.com
antivirus-for-all.kazuooooo.api-training.sre.scit.solarcity.com
antivirus-for-all.mobile.discountlumber.api-test.sre.solarcity.com
antivirus-for-all.sportmaster.api-training.sre.scit.solarcity.com
antivirus-for-all.tubeclip.api-training.sre.solarcity.com
antivirus-for-all.yummies.api-test.sre.solarcity.com
antivirus-free.a6127079.api-test.sre.solarcity.com
antivirus-free.qnzs.api-training.sre.scit.solarcity.com
antivirus-free.seikasuisoubu.api-test.sre.solarcity.com
antivirus-free.vendasliv.sct.api-test.sre.solarcity.com
antivirus-security-free.a820-ecbticketfinder.api-training.sre.solarcity.com
antivirus-security-free.br.arti-sebuahmimpi.api-test.sre.scit.solarcity.com
antivirus-security-free.br.axweb.api-test.sre.solarcity.com
antivirus-security-free.br.haseohaseo.api-training.sre.solarcity.com
antivirus-security-free.br.irokaoneesan.blog.api-test.sre.scit.solarcity.com
antivirus-security-free.br.metal-slug-defense.api-training.sre.scit.solarcity.com
antivirus-security-free.br.rep-egg.api-training.sre.scit.solarcity.com
antivirus-security-free.br.st-hakky.api-test.sre.scit.solarcity.com
antivirus-security-free.cardfightvanguard62.api-training.sre.solarcity.com
antivirus-security-free.khabuka.api-test.sre.scit.solarcity.com
antivirus-security-free.kreach.api-training.sre.scit.solarcity.com
antivirus-security-free.teletech.api-training.sre.solarcity.com
antivirus-security-free.www.composition.api-test.sre.solarcity.com
antivirus-security-free.www.strongmanonlinemethod.api-test.sre.solarcity.com
antivirus-security-free.xlearn.api-training.sre.solarcity.com
antivirus-uk.grieb.api-test.sre.solarcity.com
antivirus-uk.pixproshouse.api-training.sre.scit.solarcity.com
antivirus-uk.vengadoresinfinitywar.api-training.sre.solarcity.com
antivirus-uk.www.doyou.api-training.sre.scit.solarcity.com
antivirus.6mirai.api-test.sre.scit.solarcity.com
antivirus.acer-quick-access.en.api-training.sre.solarcity.com
antivirus.awkumpk.api-test.sre.scit.solarcity.com
antivirus.bmwparts.api-test.sre.solarcity.com
antivirus.calasancio-ichdp-alicante.api-training.sre.solarcity.com
antivirus.chequeconvert.api-training.sre.scit.solarcity.com
antivirus.kepeslapneked.api-training.sre.solarcity.com
antivirus.lachsack.api-test.sre.scit.solarcity.com
antivirus.oracionesdesanaciones.api-training.sre.scit.solarcity.com
antivirus.ouijacat77.api-test.sre.scit.solarcity.com
antivirus.planner.college.api-test.sre.solarcity.com
antivirus.www.usarec.api-training.sre.scit.solarcity.com
anvelope-roti.api-test.sre.solarcity.com
anyacartoon.api-test.sre.solarcity.com
anythingunblocked.api-test.sre.solarcity.com
api-dev.solarcity.com
api-dev.sre.scit.solarcity.com
api-dev.sre.solarcity.com
api-dev2.solarcity.com
api-prod.sre.scit.solarcity.com
api-staging.sre.solarcity.com
api-test.solarcity.com
api-test.sre.scit.solarcity.com
api-test.sre.solarcity.com
api-training.solarcity.com
api-training.sre.scit.solarcity.com
api-training.sre.solarcity.com
api.billing.solarcity.com
api.internal.nc.solarcity.com
api.nc.solarcity.com
api.solarcity.com
api.solarcity.solarcity.com
api.sre.scit.solarcity.com
api.sre.solarcity.com
api2.billing.solarcity.com
app.api-test.sre.solarcity.com
apple614.api-test.sre.solarcity.com
archives.solarcity.com
artifacts-02.infra.scit.solarcity.com
artifacts.scit.solarcity.com
athena-stage-db.scfs.solarcity.com
audits.solarcity.com
autodiscover.solarcity.com
avast-premier-antivirus.en.anastasia.api-training.sre.solarcity.com
avast-premier-antivirus.en.arsipbudayanusantara.api-training.sre.scit.solarcity.com
avast-premier-antivirus.en.bollywoodstarkids.api-training.sre.scit.solarcity.com
avast-premier-antivirus.en.goanimate.api-training.sre.scit.solarcity.com
avast-premier-antivirus.en.powerdirector.en.api-test.sre.solarcity.com
avast-premier-antivirus.en.rooseveltlab.api-test.sre.solarcity.com
avast-premier-antivirus.en.sbscnbc.api-training.sre.scit.solarcity.com
avast-premier-antivirus.en.tv-besplatno.api-test.sre.solarcity.com
avg-anti-virus-free.it.3dconvert.api-test.sre.scit.solarcity.com
avg-anti-virus-free.it.autismpdc.fpg.api-training.sre.scit.solarcity.com
avg-anti-virus-free.it.ehsi3482-edgehs-pps.v2.api-training.sre.solarcity.com
avg-anti-virus-free.it.gazellebicycles.api-test.sre.scit.solarcity.com
avg-anti-virus-free.it.jamiejamiechen.api-training.sre.solarcity.com
avg-anti-virus-free.it.keidy.api-training.sre.scit.solarcity.com
avg-anti-virus-free.it.metal-slug-defense.api-training.sre.scit.solarcity.com
avg-anti-virus-free.it.silkhat022.x.api-test.sre.scit.solarcity.com
avg-anti-virus-free.it.tmobilegiftcard.api-training.sre.scit.solarcity.com
avg-anti-virus-free.it.www.dhist.api-test.sre.solarcity.com
avg-anti-virus-free.it.www.nfirs.api-test.sre.scit.solarcity.com
avg-antivirus-free.en.3dconvert.api-test.sre.scit.solarcity.com
avg-antivirus-free.en.iuclid6.echa.api-test.sre.scit.solarcity.com
avg-antivirus-free.en.m.amigospicudos.api-test.sre.solarcity.com
avg-antivirus-free.en.verynicepage.api-training.sre.scit.solarcity.com
avg-antivirus-free.en.ydyom.api-test.sre.solarcity.com
avg-antivirus-free.gvp.api-test.sre.scit.solarcity.com
avg-antivirus-free.laorejamedia.api-training.sre.scit.solarcity.com
avg-antivirus-free.rokuten.api-test.sre.solarcity.com
avg-antivirus-free.ultrapsp.en.api-test.sre.scit.solarcity.com
avg-antivirus-free.xrpcharts.api-test.sre.scit.solarcity.com
avg_antivirus_free.hu.goumai.api-test.sre.solarcity.com
avg_antivirus_free.hu.johnhenryhill.api-test.sre.scit.solarcity.com
avg_antivirus_free.hu.lalam.api-test.sre.solarcity.com
avg_antivirus_free.hu.musicforabetterlife.api-training.sre.scit.solarcity.com
avg_antivirus_free.hu.planner.college.api-test.sre.solarcity.com
avg_antivirus_free.hu.poignantboy.api-test.sre.solarcity.com
avg_antivirus_free.hu.prm-nsh.secure.api-test.sre.solarcity.com
avg_antivirus_free.hu.sf-ba.secure.api-training.sre.scit.solarcity.com
avg_antivirus_free.hu.verynicepage.api-training.sre.scit.solarcity.com
avira-free-antivirus.ar.anokacountyparks.api-test.sre.scit.solarcity.com
avira-free-antivirus.ar.dfw.place.api-training.sre.solarcity.com
avira-free-antivirus.ar.eatisourlife8.api-training.sre.scit.solarcity.com
avira-free-antivirus.ar.judicial.api-test.sre.scit.solarcity.com
avira-free-antivirus.ar.mega-filmesshd.br.api-training.sre.scit.solarcity.com
avira-free-antivirus.ar.prcarloselias.api-test.sre.scit.solarcity.com
avira-free-antivirus.ar.rep-egg.api-training.sre.scit.solarcity.com
avira-free-antivirus.bridgeton.api-test.sre.scit.solarcity.com
avira-free-antivirus.dbms.api-test.sre.scit.solarcity.com
avira-free-antivirus.en.7terjemah-kitab.api-test.sre.solarcity.com
avira-free-antivirus.en.business2.api-training.sre.solarcity.com
avira-free-antivirus.en.costco-izumi.api-test.sre.scit.solarcity.com
avira-free-antivirus.en.counsel.api-test.sre.scit.solarcity.com
avira-free-antivirus.en.irokaoneesan.blog.api-test.sre.scit.solarcity.com
avira-free-antivirus.en.logaritma-hesaplama.api-training.sre.scit.solarcity.com
avira-free-antivirus.en.scn.m.api-training.sre.solarcity.com
avira-free-antivirus.en.tasik-cyber.api-training.sre.scit.solarcity.com
avira-free-antivirus.en.teamnet.api-training.sre.scit.solarcity.com
avira-free-antivirus.en.unilabs.api-training.sre.scit.solarcity.com
avira-free-antivirus.fr.docotch.idc.api-training.sre.solarcity.com
avira-free-antivirus.fr.e-sr.api-training.sre.solarcity.com
avira-free-antivirus.fr.gims.mchs.api-training.sre.scit.solarcity.com
avira-free-antivirus.fr.publicrecordsaccess.api-test.sre.scit.solarcity.com
avira-free-antivirus.fr.serwismos.api-training.sre.scit.solarcity.com
avira-free-antivirus.fr.stolne-pocitace.api-training.sre.solarcity.com
avira-free-antivirus.fr.zdradzana.api-training.sre.solarcity.com
avira-free-antivirus.gerrit-documentation.storage.api-test.sre.solarcity.com
avira-free-antivirus.history.csghs.api-test.sre.scit.solarcity.com
avira-free-antivirus.it.gis.co.santa-cruz.api-training.sre.scit.solarcity.com
avira-free-antivirus.it.hirotanatsumi.api-test.sre.solarcity.com
avira-free-antivirus.it.jacksontennova-chs.api-test.sre.solarcity.com
avira-free-antivirus.it.noshumi.api-training.sre.solarcity.com
avira-free-antivirus.it.santa-lucia-di-piave.api-training.sre.scit.solarcity.com
avira-free-antivirus.ko.conferences.union.api-test.sre.scit.solarcity.com
avira-free-antivirus.ko.muravei.api-training.sre.scit.solarcity.com
avira-free-antivirus.ko.nocky.blog.api-test.sre.solarcity.com
avira-free-antivirus.ko.pittsburghsportsleague.api-test.sre.solarcity.com
avira-free-antivirus.ko.pl0.api-training.sre.scit.solarcity.com
avira-free-antivirus.ko.utlearn.api-test.sre.scit.solarcity.com
avira-free-antivirus.metal-slug-defense.api-training.sre.scit.solarcity.com
avira-free-antivirus.musicforabetterlife.api-training.sre.scit.solarcity.com
avira-free-antivirus.pintar-inggris.api-training.sre.scit.solarcity.com
avira-free-antivirus.prm-nsh.secure.api-test.sre.solarcity.com
avira-free-antivirus.stellio.api-test.sre.scit.solarcity.com
avira-free-antivirus.th.alacontra.api-test.sre.solarcity.com
avira-free-antivirus.th.forside.api-training.sre.scit.solarcity.com
avira-free-antivirus.th.iceams.api-test.sre.scit.solarcity.com
avira-free-antivirus.th.okuradesu.api-training.sre.scit.solarcity.com
avira-free-antivirus.th.sphoto.api-training.sre.scit.solarcity.com
avira-free-antivirus.th.www.ubytovanie.api-test.sre.scit.solarcity.com
avira-free-antivirus.toolkit.api-training.sre.scit.solarcity.com
avira-free-antivirus.vi.bittrex.api-training.sre.scit.solarcity.com
avira-free-antivirus.vi.business2.api-training.sre.solarcity.com
avira-free-antivirus.vi.cambridgelatincourse.api-training.sre.scit.solarcity.com
avira-free-antivirus.vi.goanimate.api-training.sre.scit.solarcity.com
avira-free-antivirus.vi.gokeroto.api-training.sre.solarcity.com
avira-free-antivirus.vi.handwerk.api-training.sre.scit.solarcity.com
avira-free-antivirus.vi.microsoft-outlook-2010.api-training.sre.scit.solarcity.com
avira-free-antivirus.vi.storybook.api-test.sre.solarcity.com
avira-free-antivirus.vi.www.bwsr.state.api-training.sre.scit.solarcity.com
avira-free-antivirus.vi.www.sismil11rm.api-training.sre.solarcity.com
backup-vpn.scfs.solarcity.com
badgesapp.api-test.sre.solarcity.com
baidu-antivirus.en.betterworkingworld.api-test.sre.solarcity.com
baidu-antivirus.en.coisasquegosto.api-test.sre.scit.solarcity.com
baidu-antivirus.en.contando-historinhas.api-training.sre.solarcity.com
baidu-antivirus.en.dimension.maps.api-training.sre.scit.solarcity.com
baidu-antivirus.en.greenfu.api-training.sre.scit.solarcity.com
baidu-antivirus.en.piyoco-craft-works.api-training.sre.scit.solarcity.com
baidu-antivirus.en.valuereport.api-training.sre.solarcity.com
baidu-antivirus.en.www.dewas.api-test.sre.scit.solarcity.com
baidu-antivirus.en.ysearch.api-training.sre.solarcity.com
baidu_antivirus.th.avlakharitalari.api-training.sre.scit.solarcity.com
baidu_antivirus.th.cosplus.api-training.sre.solarcity.com
baidu_antivirus.th.deolhonalua.api-training.sre.scit.solarcity.com
baidu_antivirus.th.dfw.place.api-training.sre.solarcity.com
baidu_antivirus.th.xrpcharts.api-test.sre.scit.solarcity.com
bastion.scfs.solarcity.com
benefits.solarcity.com
billing.solarcity.com
blog.100tong.api-test.sre.solarcity.com
blog.afamiliacatolicaoracoes.api-test.sre.solarcity.com
blog.al-plastik.api-test.sre.solarcity.com
blog.anvelope-roti.api-test.sre.solarcity.com
blog.anyacartoon.api-test.sre.solarcity.com
blog.anythingunblocked.api-test.sre.solarcity.com
blog.api-test.sre.solarcity.com
blog.apple614.api-test.sre.solarcity.com
blog.badgesapp.api-test.sre.solarcity.com
blog.borboletadosversos.api-test.sre.solarcity.com
blog.cindecor.api-test.sre.solarcity.com
blog.dapurkreatiff.api-test.sre.solarcity.com
blog.dbaddiction.api-test.sre.solarcity.com
blog.dimi.api-test.sre.solarcity.com
blog.dlznik.api-test.sre.solarcity.com
blog.eclass1.api-test.sre.solarcity.com
blog.es-file-explorer.en.api-test.sre.solarcity.com
blog.fjvsgarage.api-test.sre.solarcity.com
blog.gmgolem.api-test.sre.solarcity.com
blog.gr52.api-test.sre.solarcity.com
blog.hirotanatsumi.api-test.sre.solarcity.com
blog.hitori-no-shita-the-outcast.api-test.sre.solarcity.com
blog.honda-125-sl-xl-cbs.api-test.sre.solarcity.com
blog.hotelsanywhere.api-test.sre.solarcity.com
blog.jina2013.api-test.sre.solarcity.com
blog.jnpsd.api-test.sre.solarcity.com
blog.jugshitchingpost.api-test.sre.solarcity.com
blog.kianamaiart.api-test.sre.solarcity.com
blog.krazykarlselizabeth.api-test.sre.solarcity.com
blog.kuntoguru.api-test.sre.solarcity.com
blog.lainydays.api-test.sre.solarcity.com
blog.layerslider.api-test.sre.solarcity.com
blog.linx.en.api-test.sre.solarcity.com
blog.m.montpellier.api-test.sre.solarcity.com
blog.mdomsp.api-test.sre.solarcity.com
blog.melahatyilmaz.api-test.sre.solarcity.com
blog.mobile.discountlumber.api-test.sre.solarcity.com
blog.my5.api-test.sre.solarcity.com
blog.myworkplacelearning.api-test.sre.solarcity.com
blog.nerdeletrico.api-test.sre.solarcity.com
blog.nocky.blog.api-test.sre.solarcity.com
blog.persruimte.api-test.sre.solarcity.com
blog.pittsburghsportsleague.api-test.sre.solarcity.com
blog.planner.college.api-test.sre.solarcity.com
blog.prehrana-dieta.api-test.sre.solarcity.com
blog.prm-nsh.secure.api-test.sre.solarcity.com
blog.pwdsvc.api-test.sre.solarcity.com
blog.qeis-m.api-test.sre.solarcity.com
blog.rccochin.api-test.sre.solarcity.com
blog.rcjabalpur.api-test.sre.solarcity.com
blog.rokuten.api-test.sre.solarcity.com
blog.sadako1.api-test.sre.solarcity.com
blog.shafidaa.api-test.sre.solarcity.com
blog.shushia.api-test.sre.solarcity.com
blog.slwrig02.expressions.api-test.sre.solarcity.com
blog.smaruru.api-test.sre.solarcity.com
blog.solarcity.com
blog.swprog.api-test.sre.solarcity.com
blog.tx02205731.api-test.sre.solarcity.com
blog.usertools.api-test.sre.solarcity.com
blog.westflorida.fs.app.api-test.sre.solarcity.com
blog.www.dhist.api-test.sre.solarcity.com
blog.www.protegezvous.api-test.sre.solarcity.com
blog.www.strongmanonlinemethod.api-test.sre.solarcity.com
blog.www.tpd.api-test.sre.solarcity.com
blog.wy.tide.api-test.sre.solarcity.com
blog.za45214432.api-test.sre.solarcity.com
blogs.solarcity.com
bolt-staging.solarcity.com
bolt.solarcity.com
bootstrap-01.infra.scit.solarcity.com
bootstrap.scfs.solarcity.com
bootstrap.scit.solarcity.com
borboletadosversos.api-test.sre.solarcity.com
brightsign.solarcity.com
broncoville.borboletadosversos.api-test.sre.solarcity.com
broncoville.insuranceus21.api-test.sre.scit.solarcity.com
broncoville.logaritma-hesaplama.api-training.sre.scit.solarcity.com
broncoville.premiumfitnessandgym-gdansk.cms.api-test.sre.scit.solarcity.com
broncoville.tass.co.ramsey.api-training.sre.solarcity.com
broncoville.teacherwu.api-training.sre.solarcity.com
broncoville.www.dewas.api-test.sre.scit.solarcity.com
broncoville.za45214432.api-test.sre.solarcity.com
broncoville.zenfone.api-test.sre.solarcity.com
build-01.infra.scsg.solarcity.com
build-01.prod.scit.solarcity.com
build.infra.scsg.solarcity.com
buyonline.solarcity.com
cache-admin.scfs.solarcity.com
careers.solarcity.com
cassandra-01.dev.scsg.solarcity.com
cassandra-01.qa.scsg.solarcity.com
cassandra-02.dev.scsg.solarcity.com
cassandra-02.qa.scsg.solarcity.com
cassandra-03.dev.scsg.solarcity.com
cassandra-03.qa.scsg.solarcity.com
cassandra-04.dev.scsg.solarcity.com
cassandra-04.prod.scsg.solarcity.com
cassandra-06.prod.scsg.solarcity.com
cassandra-07.prod.scsg.solarcity.com
cassandra-08.prod.scsg.solarcity.com
cassandra-09.prod.scsg.solarcity.com
cassandra-10.prod.scsg.solarcity.com
cassandra-11.prod.scsg.solarcity.com
cassandra-11.qa.scsg.solarcity.com
cassandra-12.prod.scsg.solarcity.com
cassandra-13.prod.scsg.solarcity.com
cassandra-14.prod.scsg.solarcity.com
cassandra-15.prod.scsg.solarcity.com
cassandra-16.prod.scsg.solarcity.com
cassandra-17.prod.scsg.solarcity.com
cassandra-18.prod.scsg.solarcity.com
cassandra-19.prod.scsg.solarcity.com
cassandra.prod.scsg.solarcity.com
cassandra.qa.scsg.solarcity.com
cekvirus.africaheritages.api-training.sre.scit.solarcity.com
cekvirus.anythingunblocked.api-test.sre.solarcity.com
cekvirus.de24.api-test.sre.solarcity.com
cekvirus.pc-pasososo.api-test.sre.solarcity.com
cekvirus.pregacoesfn.api-training.sre.scit.solarcity.com
cekvirus.verynicepage.api-training.sre.scit.solarcity.com
cekvirus.www.maaref.api-training.sre.scit.solarcity.com
chef-01.infra.scit.solarcity.com
chef-01.infra.scsg.solarcity.com
chef.scfs.solarcity.com
chef.scit.solarcity.com
chronograf.web-staging.sre.solarcity.com
ci.scfs.solarcity.com
cindecor.api-test.sre.solarcity.com
click.e.solarcity.com
cocovida.al-plastik.api-test.sre.solarcity.com
cocovida.bigaircharlotte.api-training.sre.solarcity.com
cocovida.captiongoddess.api-training.sre.scit.solarcity.com
cocovida.etimologia.api-training.sre.scit.solarcity.com
cocovida.gims.mchs.api-training.sre.scit.solarcity.com
cocovida.hot-tags-pro-android.ar.api-test.sre.scit.solarcity.com
cocovida.iplay.api-training.sre.solarcity.com
cocovida.kraevoi.krd.api-test.sre.solarcity.com
cocovida.libweb.media.api-training.sre.scit.solarcity.com
cocovida.pregacoesfn.api-training.sre.scit.solarcity.com
cocovida.shopkick.api-test.sre.solarcity.com
cocovida.torki111.api-test.sre.scit.solarcity.com
college.api-test.sre.solarcity.com
commercial.solarcity.com
companystore.solarcity.com
conference.solarcity.com
configmgrenroll.solarcity.com
confluence-01.infra.scit.solarcity.com
confluence.ahc.dtag-dev-sec.api-test.sre.scit.solarcity.com
confluence.ahc.ess2.finance.api-training.sre.scit.solarcity.com
confluence.ahc.kyzyl.api-test.sre.scit.solarcity.com
confluence.ahc.trauer.api-training.sre.scit.solarcity.com
confluence.car2.api-training.sre.scit.solarcity.com
confluence.clx.api-test.sre.scit.solarcity.com
confluence.dev.24162.dynamo.api-training.sre.scit.solarcity.com
confluence.dev.caoamor.api-training.sre.scit.solarcity.com
confluence.dev.eatisourlife8.api-training.sre.scit.solarcity.com
confluence.dev.i3dadiaty-download.api-test.sre.scit.solarcity.com
confluence.dev.metumail.api-test.sre.scit.solarcity.com
confluence.dev.omac.api-training.sre.scit.solarcity.com
confluence.dev.www.doyou.api-training.sre.scit.solarcity.com
confluence.dev.yaresims.api-training.sre.scit.solarcity.com
confluence.dev.yscompany.api-training.sre.scit.solarcity.com
confluence.eits.api-test.sre.scit.solarcity.com
confluence.eits.bassethound.api-training.sre.scit.solarcity.com
confluence.eits.hikakintaiho.api-test.sre.scit.solarcity.com
confluence.eits.mega-filmesshd.br.api-training.sre.scit.solarcity.com
confluence.eits.st-hakky.api-test.sre.scit.solarcity.com
confluence.eits.thcstoky.api-training.sre.scit.solarcity.com
confluence.eits.travelrun.api-test.sre.scit.solarcity.com
confluence.eits.www262.api-training.sre.scit.solarcity.com
confluence.esss.completewebservices.api-test.sre.scit.solarcity.com
confluence.esss.dsoapp.oit.api-training.sre.scit.solarcity.com
confluence.esss.history.csghs.api-test.sre.scit.solarcity.com
confluence.esss.ho-soo.api-test.sre.scit.solarcity.com
confluence.esss.kaf-fiz-1586.api-test.sre.scit.solarcity.com
confluence.esss.welilin.api-training.sre.scit.solarcity.com
confluence.ets.backpage.com.belleville.api-test.sre.scit.solarcity.com
confluence.ets.cardboard.api-training.sre.scit.solarcity.com
confluence.ets.eigakantheater.blog68.api-training.sre.scit.solarcity.com
confluence.ets.geogebra.fi.api-test.sre.scit.solarcity.com
confluence.ets.google-play-services.th.api-test.sre.scit.solarcity.com
confluence.ets.handwerk.api-training.sre.scit.solarcity.com
confluence.ets.mplace.bbs.api-training.sre.scit.solarcity.com
confluence.ets.onlinelearninginsights.api-test.sre.scit.solarcity.com
confluence.ets.sibay.api-test.sre.scit.solarcity.com
confluence.ets.virginiabeachstore.api-test.sre.scit.solarcity.com
confluence.ets.www.ictan.api-training.sre.scit.solarcity.com
confluence.it.iva.k.api-test.sre.scit.solarcity.com
confluence.it.parques.api-training.sre.scit.solarcity.com
confluence.it.www-spokanecomedyclub-com.api-test.sre.scit.solarcity.com
confluence.it.yscompany.api-training.sre.scit.solarcity.com
confluence.scit.solarcity.com
contactswidget.solarcity.com
contracttools.solarcity.com
cp.api-training.sre.scit.solarcity.com
credit.solarcity.com
customercare.solarcity.com
customerreferral.solarcity.com
customerstore.solarcity.com
dapurkreatiff.api-test.sre.solarcity.com
dashboard-module.prod.sre.scit.solarcity.com
dashboard-module.solarcity.com
dbaddiction.api-test.sre.solarcity.com
deploy.dev.scsg.solarcity.com
deploy.qa.scsg.solarcity.com
deploy.solarcity.com
design.solarcity.com
designpro.solarcity.com
dev-athena.scfs.solarcity.com
dev-bi-01.scfs.solarcity.com
dev-ci.scit.solarcity.com
dev-docker-01.scfs.solarcity.com
dev-docker00.solarcity.com
dev-docker01.solarcity.com
dev-jenkins.scit.solarcity.com
dev-reporting-01.scfs.solarcity.com
dev-reporting.scfs.solarcity.com
dev.solarcity.com
dev2-webapi.solarcity.com
development-db-01.scfs.solarcity.com
devwas.solarcity.com
devwww.solarcity.com
dgms-01.prod.scsg.solarcity.com
dgms-dev.scsg.solarcity.com
dgms-prod.scsg.solarcity.com
dgms-test.dev.scsg.solarcity.com
dgms.dev.scsg.solarcity.com
dgms.prod.scsg.solarcity.com
dgms.qa.scsg.solarcity.com
dgms.solarcity.com
dhist.api-test.sre.solarcity.com
dialin.solarcity.com
dimi.api-test.sre.solarcity.com
dionysus-api.scfs.solarcity.com
directaccess-dc1.solarcity.com
directaccess-dc2.solarcity.com
discountlumber.api-test.sre.solarcity.com
discover.solarcity.com
dlznik.api-test.sre.solarcity.com
dm.solarcity.com
dmz-mail-01.scfs.solarcity.com
dncwidget-dev.solarcity.com
dncwidget-test.solarcity.com
dncwidget-training.solarcity.com
dncwidget.solarcity.com
docportal-dev2.solarcity.com
docportal2.solarcity.com
documentwebservice.solarcity.com
donvirus.3dconvert.api-test.sre.scit.solarcity.com
donvirus.comunitasorellemusulmane.api-training.sre.solarcity.com
donvirus.okuradesu.api-training.sre.scit.solarcity.com
donvirus.roxy5152275.api-test.sre.scit.solarcity.com
donvirus.sbscnbc.api-training.sre.scit.solarcity.com
donvirus.talca.api-training.sre.solarcity.com
dr-web-anti-virus-light-free.br.asiangames.api-training.sre.scit.solarcity.com
dr-web-anti-virus-light-free.br.bigreprp.api-test.sre.scit.solarcity.com
dr-web-anti-virus-light-free.br.caoamor.api-training.sre.scit.solarcity.com
dr-web-anti-virus-light-free.br.digital-memo.api-training.sre.scit.solarcity.com
dr-web-anti-virus-light-free.br.irokaoneesan.blog.api-test.sre.scit.solarcity.com
dr-web-anti-virus-light-free.br.sestosangiovanni.api-test.sre.scit.solarcity.com
dynamo-dev.solarcity.com
dynamo-test.solarcity.com
dynamo-training.solarcity.com
dynamo.api-dev.sre.scit.solarcity.com
dynamo.api-test.sre.scit.solarcity.com
dynamo.api-training.sre.scit.solarcity.com
dynamo.solarcity.com
e.solarcity.com
ebscovideos.careerone.api-training.sre.solarcity.com
ebscovideos.luwwlublinie.api-test.sre.scit.solarcity.com
ebscovideos.myssu.api-test.sre.scit.solarcity.com
ebscovideos.viralmp3.api-training.sre.solarcity.com
eclass1.api-test.sre.solarcity.com
edge.solarcity.com
edge2.solarcity.com
edge3.solarcity.com
edliter-dev.solarcity.com
email.solarcity.com
employeedocportal-dev2.solarcity.com
employeedocportal-training.solarcity.com
employeedocportal.solarcity.com
employeereferral.solarcity.com
en.100tong.api-test.sre.solarcity.com
en.api-test.sre.solarcity.com
en.badgesapp.api-test.sre.solarcity.com
en.borboletadosversos.api-test.sre.solarcity.com
en.dapurkreatiff.api-test.sre.solarcity.com
en.gmgolem.api-test.sre.solarcity.com
en.gr52.api-test.sre.solarcity.com
en.hitori-no-shita-the-outcast.api-test.sre.solarcity.com
en.honda-125-sl-xl-cbs.api-test.sre.solarcity.com
en.krazykarlselizabeth.api-test.sre.solarcity.com
en.layerslider.api-test.sre.solarcity.com
en.melahatyilmaz.api-test.sre.solarcity.com
en.nerdeletrico.api-test.sre.solarcity.com
en.nocky.blog.api-test.sre.solarcity.com
en.persruimte.api-test.sre.solarcity.com
en.pittsburghsportsleague.api-test.sre.solarcity.com
en.planner.college.api-test.sre.solarcity.com
en.prehrana-dieta.api-test.sre.solarcity.com
en.prm-nsh.secure.api-test.sre.solarcity.com
en.rcjabalpur.api-test.sre.solarcity.com
en.tx02205731.api-test.sre.solarcity.com
en.usertools.api-test.sre.solarcity.com
en.westflorida.fs.app.api-test.sre.solarcity.com
en.www.dhist.api-test.sre.solarcity.com
en.www.protegezvous.api-test.sre.solarcity.com
en.za45214432.api-test.sre.solarcity.com
encasesafe-01.prod.scit.solarcity.com
energyqueue.solarcity.com
energystorage-test.solarcity.com
es-file-explorer.en.api-test.sre.solarcity.com
escan-anti-virus.en.beranna232.api-training.sre.solarcity.com
escan-anti-virus.en.dfw.place.api-training.sre.solarcity.com
escan-anti-virus.en.dkk.it.api-training.sre.scit.solarcity.com
escan-anti-virus.en.mygiant.api-test.sre.scit.solarcity.com
eset-nod32-antivirus.en.akb48.api-test.sre.scit.solarcity.com
eset-nod32-antivirus.en.arhiv.api-training.sre.scit.solarcity.com
eset-nod32-antivirus.en.bestel.api-test.sre.scit.solarcity.com
eset-nod32-antivirus.en.hon.links.api-test.sre.solarcity.com
eset-nod32-antivirus.en.laorejamedia.api-training.sre.scit.solarcity.com
eset-nod32-antivirus.en.makeupbysedef.api-training.sre.solarcity.com
eset-nod32-antivirus.en.qeis-m.api-test.sre.solarcity.com
eset-nod32-antivirus.en.seokk.api-test.sre.scit.solarcity.com
eset-nod32-antivirus.en.sibay.api-test.sre.scit.solarcity.com
eset-nod32-antivirus.en.www.candidaturas.porto.api-training.sre.scit.solarcity.com
eset-nod32-antivirus.greenfu.api-training.sre.scit.solarcity.com
eset-nod32-antivirus.it.freesimsshit.api-test.sre.scit.solarcity.com
eset-nod32-antivirus.it.torki111.api-test.sre.scit.solarcity.com
eset-nod32-antivirus.it.whiteberry1228.blog36.api-test.sre.scit.solarcity.com
eset-nod32-antivirus.nadjamayr.api-training.sre.scit.solarcity.com
eset-nod32-antivirus.th.gerrit-documentation.storage.api-test.sre.solarcity.com
eset-nod32-antivirus.th.maliste.coupedumonde.sports.api-training.sre.solarcity.com
eset-nod32-antivirus.th.mrlippoldt.api-training.sre.solarcity.com
eset-nod32-antivirus.th.tasik-cyber.api-training.sre.scit.solarcity.com
eset-nod32-antivirus.tr.gramps.1791082.n4.api-training.sre.scit.solarcity.com
eset-nod32-antivirus.tr.japanese-kanji-web.api-test.sre.scit.solarcity.com
eset-nod32-antivirus.tr.m.montpellier.api-test.sre.solarcity.com
eset-nod32-antivirus.tr.samutprakanschoolstudentcouncil.api-test.sre.scit.solarcity.com
eset-nod32-antivirus.tr.tanmoy.api-training.sre.scit.solarcity.com
eset-nod32-antivirus.tr.terumimaru.api-training.sre.solarcity.com
eset-nod32-antivirus.unblogdelocas.api-test.sre.solarcity.com
eset-nod32-antivirus.unote.api-test.sre.solarcity.com
eset-nod32-antivirus.xrpcharts.api-test.sre.scit.solarcity.com
eset_nod32_antivirus.hu.asi09.api-test.sre.solarcity.com
eset_nod32_antivirus.hu.siic.api-training.sre.solarcity.com
eset_nod32_antivirus.hu.valuereport.api-training.sre.solarcity.com
eset_nod32_antivirus.tr.bambangxp.api-test.sre.scit.solarcity.com
eset_nod32_antivirus.tr.brainerdlowell.ss12.api-training.sre.scit.solarcity.com
eset_nod32_antivirus.tr.ktgusa.api-test.sre.scit.solarcity.com
eset_nod32_antivirus.tr.r19970607.api-test.sre.scit.solarcity.com
eset_nod32_antivirus.tr.rokuten.api-test.sre.solarcity.com
eset_nod32_antivirus.tr.teachnajafi.api-test.sre.scit.solarcity.com
eset_nod32_antivirus.tr.www.usarec.api-training.sre.scit.solarcity.com
expense.solarcity.com
expressions.api-test.sre.solarcity.com
ext-source.scit.solarcity.com
facilities.solarcity.com
fde.solarcity.com
fieldbinder.solarcity.com
fjvsgarage.api-test.sre.solarcity.com
flannel.solarcity.com
foodvaccine.cheese89.api-test.sre.solarcity.com
foodvaccine.darumagakorogarumiti.blog102.api-training.sre.scit.solarcity.com
foodvaccine.fishfish.api-test.sre.scit.solarcity.com
foodvaccine.harvesty.api-test.sre.solarcity.com
foodvaccine.josiechanghua.api-test.sre.solarcity.com
foodvaccine.toolkit.api-training.sre.scit.solarcity.com
foodvaccine.vengadoresinfinitywar.api-training.sre.solarcity.com
foodvaccine.wy.tide.api-test.sre.solarcity.com
forecast.qa.scsg.solarcity.com
forsakencove.arhiv.api-training.sre.scit.solarcity.com
forsakencove.gbf-ao.api-training.sre.solarcity.com
forsakencove.lautasella.api-test.sre.solarcity.com
forsakencove.tmobilegiftcard.api-training.sre.scit.solarcity.com
forsakencove.zutton.juno.api-test.sre.scit.solarcity.com
fremont-bms.solarcity.com
friends-int.solarcity.com
friends-qa.solarcity.com
friends.solarcity.com
fs.app.api-test.sre.solarcity.com
ftp.solarcity.com
fulfillment-data-access.api.sre.scit.solarcity.com
funds-test.solarcity.com
funds.solarcity.com
fw-01.dmz.scit.solarcity.com
fw-01.wan.scit.solarcity.com
gapps.solarcity.com
getavirus-com.agnl.api-training.sre.solarcity.com
getavirus-com.educacionyeducadores.api-training.sre.solarcity.com
getavirus-com.embeddedaroma.api-training.sre.solarcity.com
getavirus-com.metal-slug-defense.api-training.sre.scit.solarcity.com
getavirus-com.sensedia.api-test.sre.scit.solarcity.com
getavirus-com.wxu942125.api-training.sre.scit.solarcity.com
git.scit.solarcity.com
gmgolem.api-test.sre.solarcity.com
gmp-dev.scsg.solarcity.com
gmp-prod.scsg.solarcity.com
gmp-qa.scsg.solarcity.com
gmp-stage.scsg.solarcity.com
go-int.solarcity.com
go-test.solarcity.com
go-training.solarcity.com
go.solarcity.com
gr52.api-test.sre.solarcity.com
grafana.infra.scsg.solarcity.com
grafana.web-staging.sre.solarcity.com
graylog.scfs.solarcity.com
grid.scit.solarcity.com
gridlogic-stage.solarcity.com
gridlogic.scsg.solarcity.com
gridlogic.solarcity.com
gridsystems-beta.solarcity.com
grudge-pandemic.auchanetmoi.api-training.sre.scit.solarcity.com
grudge-pandemic.cosplus.api-training.sre.solarcity.com
grudge-pandemic.engenhariaeetc.api-training.sre.scit.solarcity.com
grudge-pandemic.intisari.api-training.sre.scit.solarcity.com
grudge-pandemic.myvideohotgirlporn.api-training.sre.scit.solarcity.com
grudge-pandemic.obchudekuradky.api-training.sre.solarcity.com
grudge-pandemic.uwtransservices.api-test.sre.scit.solarcity.com
grudge-pandemic.vr-theater.api-test.sre.solarcity.com
gsa-test.solarcity.com
gsa.solarcity.com
gsds-01.dev.scsg.solarcity.com
gsds-01.prod.scsg.solarcity.com
gsds-01.qa.scsg.solarcity.com
gsds.dev.scsg.solarcity.com
gsds.prod.scsg.solarcity.com
gsds.qa.scsg.solarcity.com
gw-aws.solarcity.com
gw-aws2.solarcity.com
gw-dev.solarcity.com
gw-test-a.scsg.solarcity.com
gw-test.scsg.solarcity.com
gw-test.solarcity.com
gw.scsg.solarcity.com
gw.solarcity.com
hamilton-admin.scfs.solarcity.com
hamilton-api.scfs.solarcity.com
hamilton-edge.scfs.solarcity.com
hamilton.scfs.solarcity.com
helios-admin.scfs.solarcity.com
helios-api.scfs.solarcity.com
helium.solarcity.com
helium.sre.solarcity.com
helpstopthevirus.10086.api-test.sre.scit.solarcity.com
helpstopthevirus.kockvin.api-test.sre.scit.solarcity.com
helpstopthevirus.svenlin.api-training.sre.scit.solarcity.com
helpstopthevirus.trauer.api-training.sre.scit.solarcity.com
helpstopthevirus.www.polomusealetoscana.api-training.sre.scit.solarcity.com
hirotanatsumi.api-test.sre.solarcity.com
hitori-no-shita-the-outcast.api-test.sre.solarcity.com
hives.solarcity.com
honda-125-sl-xl-cbs.api-test.sre.solarcity.com
hotelsanywhere.api-test.sre.solarcity.com
hotline.solarcity.com
hpp.solarcity.com
hqvpn.solarcity.com
hr.solarcity.com
idsvr-test.solarcity.com
image.e.solarcity.com
incapsula.solarcity.com
influxdb-01.infra.scsg.solarcity.com
influxdb-01.prod.scsg.solarcity.com
influxdb-02.prod.scsg.solarcity.com
influxdb-test.dev.scsg.solarcity.com
influxdb.dev.scsg.solarcity.com
influxdb.prod.scsg.solarcity.com
influxdb.qa.scsg.solarcity.com
info.solarcity.com
infra-bootstrap-02.scfs.solarcity.com
infra-cache-01.scfs.solarcity.com
infra-cache-02.scfs.solarcity.com
infra-cache-admin-01.scfs.solarcity.com
infra-cache-admin.scfs.solarcity.com
infra-chef-01.scfs.solarcity.com
infra-chef-test-01.scfs.solarcity.com
infra-ci-01.scfs.solarcity.com
infra-ci-02.scfs.solarcity.com
infra-graylog-01.scfs.solarcity.com
infra-logging-01.scfs.solarcity.com
infra-monitoring-01.scfs.solarcity.com
infra-ns-01.scfs.solarcity.com
infra-ns-02.scfs.solarcity.com
infra-ns-03.scfs.solarcity.com
infra-ns-a.scfs.solarcity.com
infra-ns-c.scfs.solarcity.com
infra-redirect-01.scfs.solarcity.com
infra-redis-01.scfs.solarcity.com
infra-scheduler-01.scfs.solarcity.com
infra-secrets-01.scfs.solarcity.com
insideenergy.solarcity.com
internal-mail.scfs.solarcity.com
invest.solarcity.com
investors.solarcity.com
is-qa.solarcity.com
is.solarcity.com
isapi.solarcity.com
it-colo.solarcity.com
it-las.solarcity.com
itsupport.solarcity.com
jc0-dev.solarcity.com
jco-test.solarcity.com
jco.solarcity.com
jenkins-01.dev.scit.solarcity.com
jenkins-01.prod.scit.solarcity.com
jina2013.api-test.sre.solarcity.com
jira-01.infra.scit.solarcity.com
jira.atl.akbg48.blog.api-test.sre.scit.solarcity.com
jira.atl.feiticosdesereia.api-training.sre.scit.solarcity.com
jira.atl.iptvistlinks.api-test.sre.scit.solarcity.com
jira.atl.leeli428joy.api-training.sre.scit.solarcity.com
jira.atl.logements.api-training.sre.scit.solarcity.com
jira.atl.os-bkasica-zadar.api-test.sre.scit.solarcity.com
jira.atl.pl0.api-training.sre.scit.solarcity.com
jira.atl.printcenter.api-test.sre.scit.solarcity.com
jira.atl.quicktime-alternative.en.api-test.sre.scit.solarcity.com
jira.car2.api-training.sre.scit.solarcity.com
jira.clx.api-test.sre.scit.solarcity.com
jira.dev.3dconvert.api-test.sre.scit.solarcity.com
jira.dev.6mirai.api-test.sre.scit.solarcity.com
jira.dev.api-test.sre.scit.solarcity.com
jira.dev.barrier.api-test.sre.scit.solarcity.com
jira.dev.dynamo.api-test.sre.scit.solarcity.com
jira.dev.dynamo.api-training.sre.scit.solarcity.com
jira.dev.joanketodiet.api-test.sre.scit.solarcity.com
jira.dev.orthosphere.api-test.sre.scit.solarcity.com
jira.dev.pl0.api-training.sre.scit.solarcity.com
jira.iais.becky1730.api-training.sre.scit.solarcity.com
jira.iais.dokumentika.api-training.sre.scit.solarcity.com
jira.iais.dsoapp.oit.api-training.sre.scit.solarcity.com
jira.iais.hakam48.api-test.sre.scit.solarcity.com
jira.iais.vt.portal.api-training.sre.scit.solarcity.com
jira.isic.api-training.sre.scit.solarcity.com
jira.itc.bapitzemburg.api-test.sre.scit.solarcity.com
jira.itc.google-earth.nl.api-test.sre.scit.solarcity.com
jira.itc.hypnospirals.api-test.sre.scit.solarcity.com
jira.itc.jacky.wallet.api-test.sre.scit.solarcity.com
jira.itc.public-cpd.api-test.sre.scit.solarcity.com
jira.itsm.goanimate.api-training.sre.scit.solarcity.com
jira.itsm.lasereyesurgery.api-test.sre.scit.solarcity.com
jira.itsm.unilabs.api-training.sre.scit.solarcity.com
jira.itsm.vietsi.api-training.sre.scit.solarcity.com
jira.itsm.yokobori.api-training.sre.scit.solarcity.com
jira.sdlc.10086.api-test.sre.scit.solarcity.com
jira.sdlc.abdurrahmanakbilmez.api-training.sre.scit.solarcity.com
jira.sdlc.akb48.api-test.sre.scit.solarcity.com
jira.sdlc.haj.api-test.sre.scit.solarcity.com
jira.sdlc.oposicionesguardiacivilsierradehuelva.api-training.sre.scit.solarcity.com
jira.sdlc.rctid.api-test.sre.scit.solarcity.com
jira.sdlc.tero-cheat.api-training.sre.scit.solarcity.com
jira.sdlc.tylko-love.api-test.sre.scit.solarcity.com
jira.sdlc.whiteberry1228.blog36.api-test.sre.scit.solarcity.com
jira.sjc.akusetohurugi.api-test.sre.scit.solarcity.com
jira.sjc.onigirifordaisensei.blog.api-test.sre.scit.solarcity.com
jira.sjc.orthosphere.api-test.sre.scit.solarcity.com
jira.sjc.pieluszkomania.api-test.sre.scit.solarcity.com
jira.sjc.readingplusanswers.api-test.sre.scit.solarcity.com
jira.sjc.www.ifkw.api-training.sre.scit.solarcity.com
jira.sjc.www.maaref.api-training.sre.scit.solarcity.com
jira.www.morelia.api-training.sre.scit.solarcity.com
jnpsd.api-test.sre.solarcity.com
jobs.solarcity.com
jogjauncover.2030.api-training.sre.solarcity.com
jogjauncover.anderson0128.api-training.sre.scit.solarcity.com
jogjauncover.bollywoodstarkids.api-training.sre.scit.solarcity.com
jogjauncover.chevening.api-test.sre.scit.solarcity.com
jogjauncover.fap.api-training.sre.scit.solarcity.com
jogjauncover.ho-soo.api-test.sre.scit.solarcity.com
jogjauncover.jnpsd.api-test.sre.solarcity.com
jogjauncover.msnki.api-test.sre.solarcity.com
jogjauncover.public-cpd.api-test.sre.scit.solarcity.com
jogjauncover.scoutshonor.api-test.sre.scit.solarcity.com
jogjauncover.serwismos.api-training.sre.scit.solarcity.com
jogjauncover.www.netpro348.api-training.sre.solarcity.com
jogjauncover.wxu942125.api-training.sre.scit.solarcity.com
jugshitchingpost.api-test.sre.solarcity.com
kaspersky-01.prod.scit.solarcity.com
kaspersky-anti-virus.en.chequeconvert.api-training.sre.scit.solarcity.com
kaspersky-anti-virus.en.feiticosdesereia.api-training.sre.scit.solarcity.com
kaspersky-anti-virus.en.hot-tags-pro-android.ar.api-test.sre.scit.solarcity.com
kaspersky-anti-virus.en.keidy.api-training.sre.scit.solarcity.com
kaspersky-anti-virus.en.leeli428joy.api-training.sre.scit.solarcity.com
kaspersky-anti-virus.en.loligirl10.api-training.sre.scit.solarcity.com
kaspersky-anti-virus.en.miami.marlins.api-test.sre.scit.solarcity.com
kaspersky-anti-virus.en.microsoft-outlook-2010.api-training.sre.scit.solarcity.com
kaspersky-anti-virus.en.prehrana-dieta.api-test.sre.solarcity.com
kaspersky-anti-virus.en.tarota.api-test.sre.solarcity.com
kaspersky-free-antivirus.en.chomskychomsky.api-test.sre.solarcity.com
kaspersky-free-antivirus.en.completewebservices.api-test.sre.scit.solarcity.com
kaspersky-free-antivirus.en.lolibinyunana.api-test.sre.scit.solarcity.com
kav.solarcity.com
kianamaiart.api-test.sre.solarcity.com
krazykarlselizabeth.api-test.sre.solarcity.com
kuntoguru.api-test.sre.solarcity.com
lainydays.api-test.sre.solarcity.com
las5lyncsip.solarcity.com
las5lyncwc.solarcity.com
las5lyncwebext.solarcity.com
las5owas.solarcity.com
launchpad-dev.solarcity.com
launchpad-dev2.solarcity.com
launchpad-int.solarcity.com
launchpad-sandbox.solarcity.com
launchpad-staging.solarcity.com
launchpad-test.solarcity.com
launchpad-training.solarcity.com
launchpad.solarcity.com
layerslider.api-test.sre.solarcity.com
ldap.scfs.solarcity.com
ldap.scit.solarcity.com
ldap.solarcity.com
leadcapture-dev.solarcity.com
leadcapture-test.solarcity.com
leadcapture-training.solarcity.com
leadcapture.prod.sre.scit.solarcity.com
leadcapture.solarcity.com
leadgen.solarcity.com
leadschedule-api-dev.solarcity.com
leadschedule-api-test.solarcity.com
leadschedule-api-training.solarcity.com
leadschedule-api.solarcity.com
legacy-login.solarcity.com
legacy.solarcity.com
legalhub.solarcity.com
link.solarcity.com
linx.en.api-test.sre.solarcity.com
live.solarcity.com
logging-01.infra.scit.solarcity.com
logging.scfs.solarcity.com
logging.scit.solarcity.com
login-dev.solarcity.com
login-dev2.solarcity.com
login-int.solarcity.com
login-staging.solarcity.com
login-test.solarcity.com
login-training.solarcity.com
login.solarcity.com
lot.solarcity.com
lyncdiscover.solarcity.com
m.montpellier.api-test.sre.solarcity.com
m.sapporovaccine.acer-quick-access.en.api-training.sre.solarcity.com
m.sapporovaccine.blogdoinhare.api-training.sre.scit.solarcity.com
m.sapporovaccine.caliecuisine.api-training.sre.solarcity.com
m.sapporovaccine.forside.api-training.sre.scit.solarcity.com
m.sapporovaccine.history.csghs.api-test.sre.scit.solarcity.com
m.sapporovaccine.tx02205731.api-test.sre.solarcity.com
m.sapporovaccine.www.ecology.api-test.sre.solarcity.com
m.solarcity.com
mail.scfs.solarcity.com
mail.scit.solarcity.com
mail.solarcity.com
mail1.solarcity.com
mail2.solarcity.com
mail3.solarcity.com
mailserver1.solarcity.com
mailserver2.solarcity.com
mailserver3.solarcity.com
mailserver4.solarcity.com
maintenance.solarcity.com
mca.solarcity.com
mcafee-antivirus-plus.arkhangelsk.api-training.sre.solarcity.com
mcafee-antivirus-plus.brainerdlowell.ss12.api-training.sre.scit.solarcity.com
mcafee-antivirus-plus.en.gaynamakoubi9love.blog.api-test.sre.scit.solarcity.com
mcafee-antivirus-plus.en.johnhenryhill.api-test.sre.scit.solarcity.com
mcafee-antivirus-plus.en.m.montpellier.api-test.sre.solarcity.com
mcafee-antivirus-plus.en.mechanical-ascension.api-test.sre.scit.solarcity.com
mcafee-antivirus-plus.en.mikelove.api-test.sre.scit.solarcity.com
mcafee-antivirus-plus.en.pintar-inggris.api-training.sre.scit.solarcity.com
mcafee-antivirus-plus.en.st-hakky.api-test.sre.scit.solarcity.com
mcafee-antivirus-plus.en.www.practitioners.api-test.sre.solarcity.com
mcafee-antivirus-plus.habo.api-training.sre.scit.solarcity.com
mcafee-antivirus-plus.sirepub.api-test.sre.scit.solarcity.com
mdomsp.api-test.sre.solarcity.com
meet.solarcity.com
melahatyilmaz.api-test.sre.solarcity.com
melhor-antivirus.br.deolhonalua.api-training.sre.scit.solarcity.com
melhor-antivirus.br.faizahmadchishti.api-test.sre.scit.solarcity.com
melhor-antivirus.br.kazuooooo.api-training.sre.scit.solarcity.com
melhor-antivirus.br.toolkit.api-training.sre.scit.solarcity.com
memory-alpha.api-test.sre.solarcity.com
mi2.solarcity.com
mktftp.solarcity.com
mobile.discountlumber.api-test.sre.solarcity.com
monitoring.scfs.solarcity.com
montpellier.api-test.sre.solarcity.com
ms.solarcity.com
mta.e.solarcity.com
mta2.e.solarcity.com
my5.api-test.sre.solarcity.com
mysolarcity-staging.solarcity.com
mysolarcity-test.solarcity.com
mysolarcity-training.solarcity.com
mysolarcity2.solarcity.com
myworkplacelearning.api-test.sre.solarcity.com
namp.solarcity.com
namp1.solarcity.com
namp2.solarcity.com
nearme-test.solarcity.com
nearme-training.solarcity.com
nearme.solarcity.com
nerdeletrico.api-test.sre.solarcity.com
net.solarcity.com
network-int.solarcity.com
network-qa.solarcity.com
network.solarcity.com
new-login.solarcity.com
nginx-private.web-staging.sre.solarcity.com
nginx-public.web-staging.sre.solarcity.com
nicovideo.fairmontschools.api-test.sre.solarcity.com
nicovideo.hikakintaiho.api-test.sre.scit.solarcity.com
nicovideo.tanmoy.api-training.sre.scit.solarcity.com
nicovideo.whiteberry1228.blog36.api-test.sre.scit.solarcity.com
niva.api-test.sre.solarcity.com
nocky.blog.api-test.sre.solarcity.com
norovirus.claret-claretianos-badajoz.api-training.sre.solarcity.com
norovirus.deolhonalua.api-training.sre.scit.solarcity.com
norovirus.hot-tags-pro-android.ar.api-test.sre.scit.solarcity.com
norovirus.isic.api-training.sre.scit.solarcity.com
norovirus.jonaschen.api-test.sre.solarcity.com
norovirus.kotorifumachan.api-training.sre.scit.solarcity.com
norovirus.malaysia.api-test.sre.scit.solarcity.com
norovirus.medeltiden.api-test.sre.scit.solarcity.com
norovirus.mygiant.api-test.sre.scit.solarcity.com
norovirus.planner.college.api-test.sre.solarcity.com
norovirus.premiumfitnessandgym-gdansk.cms.api-test.sre.scit.solarcity.com
norovirus.tsuyugroup.api-training.sre.scit.solarcity.com
norovirus.tv-besplatno.api-test.sre.solarcity.com
norovirus.unilabs.api-training.sre.scit.solarcity.com
norton-antivirus.akbg48.blog.api-test.sre.scit.solarcity.com
norton-antivirus.amst-lp-1.api-training.sre.solarcity.com
norton-antivirus.blogdoinhare.api-training.sre.scit.solarcity.com
norton-antivirus.bokircs.api-training.sre.solarcity.com
norton-antivirus.en.blackstraycat.api-training.sre.scit.solarcity.com
norton-antivirus.en.charleroi.blogs.api-training.sre.scit.solarcity.com
norton-antivirus.en.laorejamedia.api-training.sre.scit.solarcity.com
norton-antivirus.en.sovr.api-training.sre.solarcity.com
norton-antivirus.hahopihe.api-training.sre.scit.solarcity.com
norton-antivirus.m.langl.api-training.sre.scit.solarcity.com
norton-antivirus.osakicom.api-test.sre.scit.solarcity.com
norton-antivirus.printcenter.api-test.sre.scit.solarcity.com
norton-antivirus.torki111.api-test.sre.scit.solarcity.com
norton_antivirus.en.6gdp.api-test.sre.scit.solarcity.com
norton_antivirus.en.clasicos.api-training.sre.solarcity.com
norton_antivirus.en.geogebra.fi.api-test.sre.scit.solarcity.com
norton_antivirus.en.icampus.dimeg.api-test.sre.scit.solarcity.com
norton_antivirus.en.shampoopenumbuhrambut.api-training.sre.scit.solarcity.com
notification-center-dev.sre.scit.solarcity.com
notification-center-test.sre.scit.solarcity.com
notification-center.sre.scit.solarcity.com
notify.infra.scsg.solarcity.com
now-test.solarcity.com
now.solarcity.com
ns1.scfs.solarcity.com
ns2.scfs.solarcity.com
ns3.scfs.solarcity.com
nsr.solarcity.com
odincovo.10086.api-test.sre.scit.solarcity.com
odincovo.e-sr.api-training.sre.solarcity.com
odincovo.first-fedmidwest.api-training.sre.solarcity.com
odincovo.krithidraws.api-test.sre.solarcity.com
odincovo.m.gruma.api-training.sre.scit.solarcity.com
odincovo.redaktion.api-test.sre.solarcity.com
odincovo.www.pc.api-test.sre.scit.solarcity.com
omankovideofree.blog.al-plastik.api-test.sre.solarcity.com
omankovideofree.blog.digital-memo.api-training.sre.scit.solarcity.com
omankovideofree.blog.investorsreport.api-test.sre.solarcity.com
omankovideofree.blog.jamiejamiechen.api-training.sre.solarcity.com
omankovideofree.blog.modailustrada.api-training.sre.scit.solarcity.com
omankovideofree.blog.os-bkasica-zadar.api-test.sre.scit.solarcity.com
omankovideofree.blog.ro2.api-test.sre.scit.solarcity.com
omankovideofree.blog.tsuyugroup.api-training.sre.scit.solarcity.com
one-training.solarcity.com
one.solarcity.com
openvpn.dev.scsg.solarcity.com
orientdb-01.prod.scsg.solarcity.com
orientdb-02.dev.scsg.solarcity.com
orientdb-02.qa.scsg.solarcity.com
orientdb.dev.scsg.solarcity.com
orientdb.prod.scsg.solarcity.com
orientdb.qa.scsg.solarcity.com
origin-api.solarcity.com
origin-gsa.solarcity.com
origin-isapi.solarcity.com
origin-login.solarcity.com
origin-secure.solarcity.com
origin-sg-1.solarcity.com
origin-sg.solarcity.com
origin-solarguard.solarcity.com
pages.solarcity.com
painel.antivirus.claret-claretianos-badajoz.api-training.sre.solarcity.com
painel.antivirus.conferences.union.api-test.sre.scit.solarcity.com
painel.antivirus.darumagakorogarumiti.blog102.api-training.sre.scit.solarcity.com
painel.antivirus.digital-memo.api-training.sre.scit.solarcity.com
painel.antivirus.myvideohotgirlporn.api-training.sre.scit.solarcity.com
painel.antivirus.torki111.api-test.sre.scit.solarcity.com
panda-free-antivirus.akbg48.blog.api-test.sre.scit.solarcity.com
panda-free-antivirus.beranna232.api-training.sre.solarcity.com
panda-free-antivirus.en.akunaki.blog.api-test.sre.solarcity.com
panda-free-antivirus.en.gaisen.api-training.sre.scit.solarcity.com
panda-free-antivirus.en.m.montpellier.api-test.sre.solarcity.com
panda-free-antivirus.en.pedagogiaonlineead.api-test.sre.scit.solarcity.com
panda-free-antivirus.en.pixproshouse.api-training.sre.scit.solarcity.com
panda-free-antivirus.en.wy.tide.api-test.sre.solarcity.com
panda-free-antivirus.it.chuchuya0103.api-test.sre.solarcity.com
panda-free-antivirus.it.cleartrack.api-test.sre.scit.solarcity.com
panda-free-antivirus.it.darumagakorogarumiti.blog102.api-training.sre.scit.solarcity.com
panda-free-antivirus.it.infobox.rettorato.api-test.sre.solarcity.com
panda-free-antivirus.it.kefir.gulas.api-test.sre.solarcity.com
panda-free-antivirus.it.lave-linge.api-test.sre.solarcity.com
panda-free-antivirus.it.makeupbysedef.api-training.sre.solarcity.com
panda-free-antivirus.it.markochjonaspodd.api-test.sre.scit.solarcity.com
panda-free-antivirus.it.seur.api-training.sre.solarcity.com
panda-free-antivirus.it.utlearn.api-test.sre.scit.solarcity.com
panda-free-antivirus.libweb.media.api-training.sre.scit.solarcity.com
panda-free-antivirus.peepingworld.blog.api-training.sre.scit.solarcity.com
panda-free-antivirus.seikasuisoubu.api-test.sre.solarcity.com
panda-free-antivirus.starapoczta.api-training.sre.scit.solarcity.com
panda-free-antivirus.supraweb.api-test.sre.solarcity.com
panda-free-antivirus.vefa.api-training.sre.scit.solarcity.com
pandemic0105.blog.dersimiztarihin.api-training.sre.solarcity.com
pandemic0105.blog.engenhariaeetc.api-training.sre.scit.solarcity.com
pandemic0105.blog.www.bwsr.state.api-training.sre.scit.solarcity.com
pandemic0105.blog.www.pc.api-test.sre.scit.solarcity.com
parser-test.solarcity.com
parser.solarcity.com
partners.solarcity.com
partnerssso.solarcity.com
partnersstaging.solarcity.com
password.solarcity.com
passwords.solarcity.com
payment.billing.solarcity.com
payment.solarcity.com
payments.billing.solarcity.com
payments.solarcity.com
pbx.solarcity.com
pe-qa.solarcity.com
pe.solarcity.com
pentest-hamilton-cust.scfs.solarcity.com
pentest-hamilton.scfs.solarcity.com
peopleworks.solarcity.com
persruimte.api-test.sre.solarcity.com
phone.solarcity.com
pi.dev.scsg.solarcity.com
pipeline-dev2.solarcity.com
pittsburghsportsleague.api-test.sre.solarcity.com
planner.college.api-test.sre.solarcity.com
pom-terminal.solarcity.com
portal.api.sre.solarcity.com
pre-athena-db-01.scfs.solarcity.com
pre-athena.scfs.solarcity.com
pre-hamilton.scfs.solarcity.com
pre-helios.scfs.solarcity.com
prehrana-dieta.api-test.sre.solarcity.com
prerelease-db-01.scfs.solarcity.com
prm-nsh.secure.api-test.sre.solarcity.com
prod-athena-admin.scfs.solarcity.com
prod-athena-api.scfs.solarcity.com
prod-athena-cust-alb.scfs.solarcity.com
prod-bastion.scfs.solarcity.com
prod-cache-01.scfs.solarcity.com
prod-cache-02.scfs.solarcity.com
prod-cache-03.scfs.solarcity.com
prod-cache-04.scfs.solarcity.com
prod-cache-05.scfs.solarcity.com
prod-cache-06.scfs.solarcity.com
prod-cache-admin-01.scfs.solarcity.com
prod-cache-admin.scfs.solarcity.com
prod-ci.scit.solarcity.com
prod-db-01.scfs.solarcity.com
prod-db-02.scfs.solarcity.com
prod-db-helios.scfs.solarcity.com
prod-dionysus-api.scfs.solarcity.com
prod-external-lb.sre.scit.solarcity.com
prod-external-lb.sre.solarcity.com
prod-gw.scsg.solarcity.com
prod-ham-cust-test.scfs.solarcity.com
prod-hamilton-admin.scfs.solarcity.com
prod-hamilton-api.scfs.solarcity.com
prod-hamilton-cache.scfs.solarcity.com
prod-hamilton-cust.scfs.solarcity.com
prod-hamilton.scfs.solarcity.com
prod-helios-admin.scfs.solarcity.com
prod-helios-api.scfs.solarcity.com
prod-helios-cust-alb.scfs.solarcity.com
prod-helios-db-01.scfs.solarcity.com
prod-helios-db-02.scfs.solarcity.com
prod-internal-lb.sre.scit.solarcity.com
prod-jco.scsg.solarcity.com
prod-jenkins.scit.solarcity.com
prod-lb.sre.scit.solarcity.com
prod-lb.sre.solarcity.com
prod-mygw.scsg.solarcity.com
prod-service.scsg.solarcity.com
prod-tasks-01.scfs.solarcity.com
prod-utility-jobs.scfs.solarcity.com
prod-wildcard-external-lb.sre.solarcity.com
production.solarcity.com
proposal-test.solarcity.com
proposal.solarcity.com
protegezvous.api-test.sre.solarcity.com
pub.e.solarcity.com
pwdsvc.api-test.sre.solarcity.com
qeis-m.api-test.sre.solarcity.com
quarter-virus.apple614.api-test.sre.solarcity.com
quarter-virus.bambangxp.api-test.sre.scit.solarcity.com
quarter-virus.gazellebicycles.api-test.sre.scit.solarcity.com
quarter-virus.lendir21.api-test.sre.scit.solarcity.com
quarter-virus.livedoor-tachan.api-training.sre.scit.solarcity.com
quarter-virus.modailustrada.api-training.sre.scit.solarcity.com
quarter-virus.qeis-m.api-test.sre.solarcity.com
quarter-virus.ucdavis.account.api-test.sre.solarcity.com
quarter-virus.virginiabeachstore.api-test.sre.scit.solarcity.com
quarter-virus.yaresims.api-training.sre.scit.solarcity.com
quick-heal-anti-virus.en.36860.lql.a.api-test.sre.solarcity.com
quick-heal-anti-virus.en.bestel.api-test.sre.scit.solarcity.com
quick-heal-anti-virus.en.gr.women.api-test.sre.scit.solarcity.com
quick-heal-anti-virus.en.metal-slug-defense.api-training.sre.scit.solarcity.com
quick-heal-anti-virus.en.microsoft-outlook-2010.api-training.sre.scit.solarcity.com
quick-heal-anti-virus.en.printcenter.api-test.sre.scit.solarcity.com
quick-heal-anti-virus.en.rockalley.api-training.sre.scit.solarcity.com
quick-heal-anti-virus.en.shorehelpcenter.api-test.sre.scit.solarcity.com
quick-heal-antivirus-pro-16.en.bluesid.api-training.sre.solarcity.com
quick-heal-antivirus-pro-16.en.kutaihulu.api-test.sre.scit.solarcity.com
quick-heal-antivirus-pro-16.en.lendir21.api-test.sre.scit.solarcity.com
quick-heal-antivirus-pro-16.en.mikelove.api-test.sre.scit.solarcity.com
quick-heal-antivirus-pro-16.en.presentlygifted.api-test.sre.solarcity.com
quick-heal-antivirus-pro-16.en.rokuten.api-test.sre.solarcity.com
quick-heal-antivirus-pro-16.en.soundchannel.api-test.sre.solarcity.com
quick-heal-antivirus-pro-16.en.swampshop.api-test.sre.scit.solarcity.com
quick-heal-antivirus-pro-16.en.usertools.api-test.sre.solarcity.com
quick-heal-antivirus-pro-16.en.www.students.api-training.sre.scit.solarcity.com
rabbitmq-test-03.dev.scsg.solarcity.com
rac.solarcity.com
rac2.solarcity.com
rccochin.api-test.sre.solarcity.com
rcjabalpur.api-test.sre.solarcity.com
redirect.scfs.solarcity.com
redirect.solarcity.com
referrals.solarcity.com
removeviruswithease.adb-lifestyle.api-test.sre.solarcity.com
removeviruswithease.conferences.union.api-test.sre.scit.solarcity.com
removeviruswithease.hahopihe.api-training.sre.scit.solarcity.com
removeviruswithease.kakuyasu.api-training.sre.scit.solarcity.com
removeviruswithease.kepeslapneked.api-training.sre.solarcity.com
removeviruswithease.omnius.api-training.sre.scit.solarcity.com
removeviruswithease.pinkkiki665.api-test.sre.solarcity.com
removeviruswithease.sibay.api-test.sre.scit.solarcity.com
removeviruswithease.www.pc.api-test.sre.scit.solarcity.com
reporting-athena-db-01.scfs.solarcity.com
reporting-bi-01.scfs.solarcity.com
reporting-db-01-old.scfs.solarcity.com
reporting-db-01.scfs.solarcity.com
reporting.scfs.solarcity.com
reportingdb.solarcity.com
reportsdev.solarcity.com
request.solarcity.com
rokuten.api-test.sre.solarcity.com
routing-api-dev.solarcity.com
routing-api-test.solarcity.com
routing-api-training.solarcity.com
rtdb-settings.dev.scsg.solarcity.com
rtdb-settings.prod.scsg.solarcity.com
rtdb-settings.qa.scsg.solarcity.com
ru.memory-alpha.api-test.sre.solarcity.com
sadako1.api-test.sre.solarcity.com
salesforce.solarcity.com
salesforcepartners.solarcity.com
salesforcetraining-gb.solarcity.com
salesforcetraining.solarcity.com
salestraining.solarcity.com
sccmibcm.solarcity.com
scexchange.solarcity.com
scfs.solarcity.com
scftp.solarcity.com
scheduler.scfs.solarcity.com
scis.solarcity.com
scit.solarcity.com
scm-01.infra.scit.solarcity.com
scm.scit.solarcity.com
scsg.solarcity.com
sctv.solarcity.com
scu.solarcity.com
secrets.scfs.solarcity.com
secure-int.solarcity.com
secure-test.solarcity.com
secure-training.solarcity.com
secure.api-test.sre.solarcity.com
secure.solarcity.com
sendit.solarcity.com
sep2.prod.scsg.solarcity.com
sfdc-api-dev.solarcity.com
sfdc-api-test.solarcity.com
sfdc-api-training.solarcity.com
sfdc-api.prod.sre.scit.solarcity.com
sfdc-api.solarcity.com
sftp.solarcity.com
sftp2.solarcity.com
sg-1-test.solarcity.com
sg-1.solarcity.com
sg-test.solarcity.com
sg.solarcity.com
sg.sub.solarcity.com
sgdns.solarcity.com
sgmp.solarcity.com
shafidaa.api-test.sre.solarcity.com
share.solarcity.com
shared-external-lb.sre.scit.solarcity.com
shared-external-lb.sre.solarcity.com
shared-internal-lb.sre.scit.solarcity.com
shared-lb.sre.scit.solarcity.com
shared-lb.sre.solarcity.com
shared-wildcard-external-lb.sre.solarcity.com
shortcut-virus-remover.software.judicial.api-test.sre.scit.solarcity.com
shortcut-virus-remover.software.krazykarlselizabeth.api-test.sre.solarcity.com
shortcut-virus-remover.software.m.amigospicudos.api-test.sre.solarcity.com
shortcut-virus-remover.software.netspeed-osaka.api-training.sre.solarcity.com
shortcut-virus-remover.software.pittsburghsportsleague.api-test.sre.solarcity.com
shortcut-virus-remover.software.sovr.api-training.sre.solarcity.com
shortcut-virus-remover.software.traithangvn.api-training.sre.solarcity.com
shortcut-virus-remover.software.trump.tian.api-training.sre.solarcity.com
shortcut-virus-remover.software.ucdavis.account.api-test.sre.solarcity.com
shortcut-virus-remover.software.www.netpro348.api-training.sre.solarcity.com
shushia.api-test.sre.solarcity.com
sip.solarcity.com
slc0nfp01.solarcity.com
slc5fwl00.solarcity.com
slc5lyncsip.solarcity.com
slc5lyncwc.solarcity.com
slc5lyncwebext.solarcity.com
slcsql.dev.scit.solarcity.com
slcsql.solarcity.com
slcwrp01.solarcity.com
slwrig02.expressions.api-test.sre.solarcity.com
sm.solarcity.com
smadav-antivirus-2016.en.filmekapolcrol.api-training.sre.scit.solarcity.com
smadav-antivirus-2016.en.lolibinyunana.api-test.sre.scit.solarcity.com
smadav-antivirus-2016.en.m.ssk.api-test.sre.scit.solarcity.com
smadav-antivirus-2016.en.navi.city.api-training.sre.scit.solarcity.com
smadav-antivirus-2016.en.pittsburghsportsleague.api-test.sre.solarcity.com
smadav-antivirus-2016.en.quantum.api-training.sre.scit.solarcity.com
smadav-antivirus-2016.en.unilabs.api-training.sre.scit.solarcity.com
smadav-antivirus-2016.en.verynicepage.api-training.sre.scit.solarcity.com
smaruru.api-test.sre.solarcity.com
sol3.solarcity.com
sol4.solarcity.com
sol5.solarcity.com
sol6.solarcity.com
solar.solarcity.com
solarbid-dev2.solarcity.com
solarbid-int.solarcity.com
solarbid-staging.solarcity.com
solarbid-test.solarcity.com
solarbid-training.solarcity.com
solarbid.solarcity.com
solarbid1.solarcity.com
solarbid19.solarcity.com
solarbid2.solarcity.com
solarbid4.solarcity.com
solarbidapi.solarcity.com
solarbonds.solarcity.com
solarbondsblog.solarcity.com
solarcity.com
solarcity0.solarcity.com
solarcity1.solarcity.com
solarcity10.solarcity.com
solarcity11.solarcity.com
solarcity12.solarcity.com
solarcity13.solarcity.com
solarcity14.solarcity.com
solarcity15.solarcity.com
solarcity16.solarcity.com
solarcity17.solarcity.com
solarcity18.solarcity.com
solarcity19.solarcity.com
solarcity20.solarcity.com
solarcity26.solarcity.com
solarcity36.solarcity.com
solarcity37.solarcity.com
solarcity38.solarcity.com
solarcity40.solarcity.com
solarcity41.solarcity.com
solarcity42.solarcity.com
solarcity43.solarcity.com
solarcity44.solarcity.com
solarcity45.solarcity.com
solarcity46.solarcity.com
solarcity47.solarcity.com
solarcity48.solarcity.com
solarcity49.solarcity.com
solarcity5.solarcity.com
solarcity50.solarcity.com
solarcity51.solarcity.com
solarcity52.solarcity.com
solarcity53.solarcity.com
solarcity54.solarcity.com
solarcity55.solarcity.com
solarcity56.solarcity.com
solarcity57.solarcity.com
solarcity58.solarcity.com
solarcity59.solarcity.com
solarcity6.solarcity.com
solarcity63.solarcity.com
solarcity8.solarcity.com
solarcity9.solarcity.com
solarguard.solarcity.com
solarlease.solarcity.com
solarstrongftp.solarcity.com
solarworks-dev.solarcity.com
solarworks-dev2.solarcity.com
solarworks-int.solarcity.com
solarworks-staging.solarcity.com
solarworks-test.solarcity.com
solarworks-training.solarcity.com
solarworks.solarcity.com
solarworks2.solarcity.com
solarworksapi-dev2.solarcity.com
solarworksapi-staging.solarcity.com
solarworksapi-test.solarcity.com
solarworksapi-training.solarcity.com
solarworksapi.solarcity.com
solarworkstools-test.solarcity.com
solarworkstools-training.solarcity.com
solarworkstools.solarcity.com
soleo.solarcity.com
source.scit.solarcity.com
spa-test.solarcity.com
spa.solarcity.com
spreadtheword.solarcity.com
sre.scit.solarcity.com
sre.solarcity.com
sso.solarcity.com
stage-athena-admin.scfs.solarcity.com
stage-athena-api.scfs.solarcity.com
stage-athena-cust.scfs.solarcity.com
stage-athena-legacy.scfs.solarcity.com
stage-athena.scfs.solarcity.com
stage-db-01.scfs.solarcity.com
stage-hamilton-admin.scfs.solarcity.com
stage-hamilton-api.scfs.solarcity.com
stage-hamilton-cust.scfs.solarcity.com
stage-hamilton.scfs.solarcity.com
stage-helios-admin.scfs.solarcity.com
stage-helios-api.scfs.solarcity.com
stage-helios-cust.scfs.solarcity.com
stage-helios.scfs.solarcity.com
staging.solarcity.com
staging2.solarcity.com
staginglegalhub.solarcity.com
stagingsolar.solarcity.com
stg-warpsc.solarcity.com
store.solarcity.com
strongmanonlinemethod.api-test.sre.solarcity.com
style.solarcity.com
suppliers.solarcity.com
support-test.solarcity.com
support.solarbonds.solarcity.com
support.solarcity.com
swprog.api-test.sre.solarcity.com
tasks.scfs.solarcity.com
teamchat.scfs.solarcity.com
territorymanagement-api-dev.solarcity.com
territorymanagement-api-test.solarcity.com
territorymanagement-api-training.solarcity.com
territorymanagement-api-v2.prod.sre.scit.solarcity.com
territorymanagement-api-v2.solarcity.com
territorymanagement-api.prod.sre.scit.solarcity.com
territorymanagement-api.solarcity.com
territorymanager.prod.sre.scit.solarcity.com
territorymanager.solarcity.com
tesla.solarcity.com
test-01.prod.scit.solarcity.com
test-ci-01.scfs.solarcity.com
test-logging-01.scfs.solarcity.com
test.solarcity.com
thegrid.solarcity.com
thevaccinesuk.6gdp.api-test.sre.scit.solarcity.com
thevaccinesuk.davina-loves-heels.api-training.sre.scit.solarcity.com
thevaccinesuk.ellen168.api-test.sre.scit.solarcity.com
thevaccinesuk.historiainte.api-training.sre.solarcity.com
thevaccinesuk.internethelp.api-training.sre.scit.solarcity.com
thevaccinesuk.leeli428joy.api-training.sre.scit.solarcity.com
thevaccinesuk.lootanime.api-training.sre.solarcity.com
thevaccinesuk.pengin.api-training.sre.scit.solarcity.com
thevaccinesuk.ru.memory-alpha.api-test.sre.solarcity.com
thevaccinesuk.s297.api-training.sre.scit.solarcity.com
thevaccinesuk.seokk.api-test.sre.scit.solarcity.com
ticket.scit.solarcity.com
tickets.scit.solarcity.com
tide.api-test.sre.solarcity.com
timeseries-01.dev.scsg.solarcity.com
timeseries-api-01.dev.scsg.solarcity.com
timeseries-api-01.qa.scsg.solarcity.com
timeseries-api-02.prod.scsg.solarcity.com
timeseries-api-02.qa.scsg.solarcity.com
timeseries-api-03.prod.scsg.solarcity.com
timeseries-api-03.qa.scsg.solarcity.com
timeseries-api-04.prod.scsg.solarcity.com
timeseries-api-04.qa.scsg.solarcity.com
timeseries-api-05.prod.scsg.solarcity.com
timeseries-api-05.qa.scsg.solarcity.com
timeseries-api-06.prod.scsg.solarcity.com
timeseries-api-07.prod.scsg.solarcity.com
timeseries-api-08.prod.scsg.solarcity.com
timeseries-api-09.prod.scsg.solarcity.com
timeseries-api.dev.scsg.solarcity.com
timeseries-api.prod.scsg.solarcity.com
timeseries-api.qa.scsg.solarcity.com
todayisnew.scis.solarcity.com
tolakviruss.bcn.api-test.sre.scit.solarcity.com
tolakviruss.bmwparts.api-test.sre.solarcity.com
tolakviruss.bonniecute0322.api-training.sre.scit.solarcity.com
tolakviruss.careers-symbria.api-test.sre.scit.solarcity.com
tolakviruss.counsel.api-test.sre.scit.solarcity.com
tolakviruss.creatorsdiary.api-test.sre.solarcity.com
tolakviruss.csumb-community.api-test.sre.scit.solarcity.com
tolakviruss.hic.ws.api-training.sre.scit.solarcity.com
tolakviruss.www.comunicacionfi.api-test.sre.scit.solarcity.com
totalav-essential-antivirus.dynamo.api-test.sre.scit.solarcity.com
totalav-essential-antivirus.en.arhiv.api-training.sre.scit.solarcity.com
totalav-essential-antivirus.en.betterworkingworld.api-test.sre.solarcity.com
totalav-essential-antivirus.en.prasheila.api-training.sre.scit.solarcity.com
totalav-essential-antivirus.en.ravenloft.api-training.sre.solarcity.com
totalav-essential-antivirus.en.seg.api-training.sre.scit.solarcity.com
totalav-essential-antivirus.en.serwismos.api-training.sre.scit.solarcity.com
totalav-essential-antivirus.en.sphoto.api-training.sre.scit.solarcity.com
totalav-essential-antivirus.en.swampshop.api-test.sre.scit.solarcity.com
totalav-essential-antivirus.fr.jacky.wallet.api-test.sre.scit.solarcity.com
totalav-essential-antivirus.fr.m-freemail.api-test.sre.scit.solarcity.com
totalav-essential-antivirus.fr.os-bkasica-zadar.api-test.sre.scit.solarcity.com
totalav-essential-antivirus.fr.vsh.ko.api-training.sre.solarcity.com
totalav-essential-antivirus.geogebra.fi.api-test.sre.scit.solarcity.com
totalav-essential-antivirus.hautsgrades.api-training.sre.scit.solarcity.com
totalav-essential-antivirus.r19970607.api-test.sre.scit.solarcity.com
totalav-essential-antivirus.seur.api-training.sre.solarcity.com
totalav-essential-antivirus.shotasekai.api-test.sre.solarcity.com
totalav-essential-antivirus.vtmr.api-training.sre.scit.solarcity.com
totalav-essential-antivirus.webss.api-test.sre.solarcity.com
townhall.solarcity.com
tpd.api-test.sre.solarcity.com
tv.solarcity.com
tx02205731.api-test.sre.solarcity.com
uk.solarcity.com
uncovercolombia.applicantid.api-test.sre.scit.solarcity.com
uncovercolombia.beranna232.api-training.sre.solarcity.com
uncovercolombia.darumagakorogarumiti.blog102.api-training.sre.scit.solarcity.com
uncovercolombia.eotc.api-test.sre.solarcity.com
uncovercolombia.miami.marlins.api-test.sre.scit.solarcity.com
uncovercolombia.nndc.api-test.sre.scit.solarcity.com
uncovercolombia.ravenloft.api-training.sre.solarcity.com
uncovercolombia.reflejosdeluz11.api-training.sre.solarcity.com
uncovercolombia.www.strongmanonlinemethod.api-test.sre.solarcity.com
uncovering-cicada.b3.prod.api-test.sre.solarcity.com
uncovering-cicada.dmitrysotnikov.api-training.sre.scit.solarcity.com
uncovering-cicada.docotch.idc.api-training.sre.solarcity.com
uncovering-cicada.judicial.api-test.sre.scit.solarcity.com
uncovering-cicada.optimiz.api-test.sre.solarcity.com
uncovering-cicada.prm-nsh.secure.api-test.sre.solarcity.com
uncovering-cicada.sakhalin.api-test.sre.solarcity.com
uncovering-cicada.samutprakanschoolstudentcouncil.api-test.sre.scit.solarcity.com
uncovering-cicada.secure10.api-training.sre.scit.solarcity.com
uncovering-cicada.wesleyfg.api-test.sre.solarcity.com
uncoveringflorence.aragorn.api-test.sre.solarcity.com
uncoveringflorence.faizahmadchishti.api-test.sre.scit.solarcity.com
uncoveringflorence.icampus.dimeg.api-test.sre.scit.solarcity.com
uncoveringflorence.omac.api-training.sre.scit.solarcity.com
uncoveringflorence.premiumfitnessandgym-gdansk.cms.api-test.sre.scit.solarcity.com
uncoveringflorence.rokuten.api-test.sre.solarcity.com
uncoveringflorence.www.candidaturas.porto.api-training.sre.scit.solarcity.com
uncoveringtheworld.17372717.api-test.sre.scit.solarcity.com
uncoveringtheworld.internethelp.api-training.sre.scit.solarcity.com
uncoveringtheworld.leokongwq.api-training.sre.solarcity.com
uncoveringtheworld.omnius.api-training.sre.scit.solarcity.com
update.solarcity.com
usb-shortcut-virus-remover.en.dtccareers.api-training.sre.scit.solarcity.com
usb-shortcut-virus-remover.en.elfsack.api-training.sre.scit.solarcity.com
usb-shortcut-virus-remover.en.handpicked.api-test.sre.scit.solarcity.com
usb-shortcut-virus-remover.en.history.csghs.api-test.sre.scit.solarcity.com
usb-shortcut-virus-remover.en.lolibinyunana.api-test.sre.scit.solarcity.com
usb-shortcut-virus-remover.en.lovesick69.api-test.sre.scit.solarcity.com
usb-shortcut-virus-remover.en.sakhalin.api-test.sre.solarcity.com
usb-shortcut-virus-remover.en.www.doyou.api-training.sre.scit.solarcity.com
user-vpn-01.dmz.scit.solarcity.com
usertools.api-test.sre.solarcity.com
util.infra.scsg.solarcity.com
util.prod.scsg.solarcity.com
utility-module-dev.solarcity.com
utility-module-test.solarcity.com
utility-module-training.solarcity.com
vaccine-bc-huang.hikakintaiho.api-test.sre.scit.solarcity.com
vaccine-bc-huang.megadriveclassics.api-training.sre.scit.solarcity.com
vaccine-bc-huang.miamponpon.api-training.sre.solarcity.com
vaccine-bc-huang.pablogarciafortes.api-test.sre.scit.solarcity.com
vaccine-bc-huang.pedagogiaonlineead.api-test.sre.scit.solarcity.com
vaccine-bc-huang.qeis-m.api-test.sre.solarcity.com
vaccine-schedule.ecdc.a820-ecbticketfinder.api-training.sre.solarcity.com
vaccine-schedule.ecdc.ahv.api-test.sre.scit.solarcity.com
vaccine-schedule.ecdc.androidtoios.api-training.sre.solarcity.com
vaccine-schedule.ecdc.kepeslapneked.api-training.sre.solarcity.com
vaccine-schedule.ecdc.lahdenhierojakoulu.api-test.sre.scit.solarcity.com
vaccine-schedule.ecdc.lmlxhwd.api-training.sre.solarcity.com
vaccine-schedule.ecdc.www.prppg.api-test.sre.solarcity.com
vaccine.0-eds.a.ebscohost.com.oasis.api-training.sre.scit.solarcity.com
vaccine.fishoil.api-test.sre.scit.solarcity.com
vaccine.injuryfacts.api-training.sre.solarcity.com
vaccine.latinomallorca.api-test.sre.solarcity.com
vaccine.ryo642.blog.api-training.sre.solarcity.com
vaccines.applicantid.api-test.sre.scit.solarcity.com
vaccines.aragorn.api-test.sre.solarcity.com
vaccines.cafr-keepexploring.api-test.sre.scit.solarcity.com
vaccines.dodines.api-training.sre.scit.solarcity.com
vaccines.kazuooooo.api-training.sre.scit.solarcity.com
vaccines.kilo-vermediyeti.api-training.sre.scit.solarcity.com
vaccines.scbos.api-test.sre.scit.solarcity.com
vaccines.ulkan.api-test.sre.solarcity.com
vaccines.www.cabonne.api-training.sre.solarcity.com
vault-db.scfs.solarcity.com
vault.scfs.solarcity.com
view.e.solarcity.com
vip-api-prod.solarcity.com
vip-login.solarcity.com
vip-my.solarcity.com
vip-redirect.solarcity.com
vip-webclstr-dev.solarcity.com
vip-webclstr-test.solarcity.com
vip-webclstr-training.solarcity.com
virus-20.cepeg.api-test.sre.scit.solarcity.com
virus-20.creepypastaturkce.api-training.sre.solarcity.com
virus-20.iom.api-training.sre.scit.solarcity.com
virus-20.lic1799.api-test.sre.scit.solarcity.com
virus-20.omac.api-training.sre.scit.solarcity.com
virus-20.wxu942125.api-training.sre.scit.solarcity.com
virus-kpop.ardapedia.api-training.sre.solarcity.com
virus-kpop.bpm.lcs.api-test.sre.scit.solarcity.com
virus-kpop.car2.api-training.sre.scit.solarcity.com
virus-kpop.hahopihe.api-training.sre.scit.solarcity.com
virus-kpop.pwdsvc.api-test.sre.solarcity.com
virus.africaheritages.api-training.sre.scit.solarcity.com
virus.cambridgelatincourse.api-training.sre.scit.solarcity.com
virus.jetstarmine.api-test.sre.solarcity.com
virus.plumbing-leaks-faucets.api-test.sre.scit.solarcity.com
virus.sokeolay.api-test.sre.solarcity.com
virus.www.doyou.api-training.sre.scit.solarcity.com
virus0826.kockvin.api-test.sre.scit.solarcity.com
virus0826.metumail.api-test.sre.scit.solarcity.com
virus0826.sf-ba.secure.api-training.sre.scit.solarcity.com
virus0826.tmobilegiftcard.api-training.sre.scit.solarcity.com
virus0826.tsuyugroup.api-training.sre.scit.solarcity.com
virus0826.vt.portal.api-training.sre.scit.solarcity.com
virusdesk.17372717.api-test.sre.scit.solarcity.com
virusdesk.bassethound.api-training.sre.scit.solarcity.com
virusdesk.onlineberitaklik.api-training.sre.scit.solarcity.com
virusdesk.pssp.api-training.sre.scit.solarcity.com
virusdesk.www.cabonne.api-training.sre.solarcity.com
virusirto.bestel.api-test.sre.scit.solarcity.com
virusirto.creepypastaturkce.api-training.sre.solarcity.com
virusirto.lic1799.api-test.sre.scit.solarcity.com
virusirto.omnius.api-training.sre.scit.solarcity.com
virusirto.portal-irkutsk.api-test.sre.scit.solarcity.com
virusirto.sarangpantun.api-training.sre.scit.solarcity.com
virusirto.spormerkezi.api-training.sre.scit.solarcity.com
viruslex.chelseaterrace.api-test.sre.scit.solarcity.com
virusscan.arhiv.api-training.sre.scit.solarcity.com
virusscan.edms.api-test.sre.solarcity.com
virusscan.josiechanghua.api-test.sre.solarcity.com
virusscan.nekonaga.api-test.sre.solarcity.com
virusscan.nkrazeer.api-test.sre.scit.solarcity.com
virusscan.oileduppornstars.api-test.sre.solarcity.com
virusscan.oneclay.api-training.sre.solarcity.com
virusscan.pedagogiaonlineead.api-test.sre.scit.solarcity.com
virusscan.www.pc.api-test.sre.scit.solarcity.com
virusscan.www.ztz.api-training.sre.solarcity.com
viruswriter.acaleno.api-test.sre.scit.solarcity.com
viruswriter.api-test.sre.scit.solarcity.com
viruswriter.chequeconvert.api-training.sre.scit.solarcity.com
viruswriter.eatisourlife8.api-training.sre.scit.solarcity.com
viruswriter.rockalley.api-training.sre.scit.solarcity.com
viruswriter.st-hakky.api-test.sre.scit.solarcity.com
viruswriter.tmobilegiftcard.api-training.sre.scit.solarcity.com
vpn-admin.scfs.solarcity.com
vpn-admin.scit.solarcity.com
vpn.au.dynamo.api-training.sre.scit.solarcity.com
vpn.cc.arsipbudayanusantara.api-training.sre.scit.solarcity.com
vpn.cc.gaipm.api-test.sre.scit.solarcity.com
vpn.cc.miho-tabi.api-test.sre.scit.solarcity.com
vpn.cc.new-future.api-test.sre.scit.solarcity.com
vpn.cc.plumbing-leaks-faucets.api-test.sre.scit.solarcity.com
vpn.cc.rctid.api-test.sre.scit.solarcity.com
vpn.cc.sportmaster.api-training.sre.scit.solarcity.com
vpn.cc.watpo.myweb.api-training.sre.scit.solarcity.com
vpn.cc.www.knowva.ebenefits.api-test.sre.scit.solarcity.com
vpn.scfs.solarcity.com
vpn.scit.solarcity.com
vpn.solarcity.com
vpn2.scfs.solarcity.com
w.solarcity.com
wan-user-vpn-02.scfs.solarcity.com
warp-test.solarcity.com
warp.solarcity.com
warpsc-dev.solarcity.com
warpsc-staging.solarcity.com
web-dev.sre.solarcity.com
web-staging.sre.solarcity.com
web-test.sre.solarcity.com
web-training.sre.solarcity.com
web.sre.solarcity.com
webapi-dev.solarcity.com
webapi-dev2.solarcity.com
webapi-test.solarcity.com
webapi-test2.solarcity.com
webapi-training.solarcity.com
webapi.solarcity.com
webclstr-dev.solarcity.com
webclstr-dev2.solarcity.com
webclstr-test.solarcity.com
webclstr-training.solarcity.com
webclstr.solarcity.com
webmail.api.sre.scit.solarcity.com
webmail.solarcity.com
websocket-gw-test.scsg.solarcity.com
websocket-prod.scsg.solarcity.com
westflorida.fs.app.api-test.sre.solarcity.com
wiki.scit.solarcity.com
witwit.api.sre.solarcity.com
womeninpower.solarcity.com
workday.solarcity.com
wrpsc-stg.solarcity.com
ws-01.dev.scsg.solarcity.com
ws-02.dev.scsg.solarcity.com
ws-03.dev.scsg.solarcity.com
ws-04.dev.scsg.solarcity.com
ws-04.qa.scsg.solarcity.com
ws-05.dev.scsg.solarcity.com
ws-05.qa.scsg.solarcity.com
ws-06.dev.scsg.solarcity.com
ws-06.qa.scsg.solarcity.com
ws-07.dev.scsg.solarcity.com
ws-07.qa.scsg.solarcity.com
ws-08.dev.scsg.solarcity.com
ws-08.qa.scsg.solarcity.com
ws-09.dev.scsg.solarcity.com
ws-09.qa.scsg.solarcity.com
ws-10.dev.scsg.solarcity.com
ws-11.dev.scsg.solarcity.com
ws-12.dev.scsg.solarcity.com
ws-13.dev.scsg.solarcity.com
ws-13.prod.scsg.solarcity.com
ws-14.dev.scsg.solarcity.com
ws-14.prod.scsg.solarcity.com
ws-15.dev.scsg.solarcity.com
ws-15.prod.scsg.solarcity.com
ws-16.dev.scsg.solarcity.com
ws-16.prod.scsg.solarcity.com
ws-17.dev.scsg.solarcity.com
ws-17.prod.scsg.solarcity.com
ws-18.dev.scsg.solarcity.com
ws-18.prod.scsg.solarcity.com
ws-19.prod.scsg.solarcity.com
ws-20.prod.scsg.solarcity.com
ws-21.prod.scsg.solarcity.com
ws-22.prod.scsg.solarcity.com
ws-23.prod.scsg.solarcity.com
ws-24.prod.scsg.solarcity.com
ws-25.prod.scsg.solarcity.com
ws-26.prod.scsg.solarcity.com
ws-27.prod.scsg.solarcity.com
ws-28.prod.scsg.solarcity.com
ws-29.prod.scsg.solarcity.com
ws-30.prod.scsg.solarcity.com
ws-31.prod.scsg.solarcity.com
ws-32.prod.scsg.solarcity.com
ws-33.prod.scsg.solarcity.com
ws-34.prod.scsg.solarcity.com
ws-35.prod.scsg.solarcity.com
ws-36.prod.scsg.solarcity.com
ws-37.prod.scsg.solarcity.com
ws-38.prod.scsg.solarcity.com
ws-39.prod.scsg.solarcity.com
ws-40.prod.scsg.solarcity.com
ws-41.prod.scsg.solarcity.com
ws-42.prod.scsg.solarcity.com
ws-43.prod.scsg.solarcity.com
ws-44.prod.scsg.solarcity.com
ws-45.prod.scsg.solarcity.com
ws-46.prod.scsg.solarcity.com
ws-47.prod.scsg.solarcity.com
ws-48.prod.scsg.solarcity.com
ws-49.prod.scsg.solarcity.com
ws-gw-dev-lb.scsg.solarcity.com
ws-gw-dev.scsg.solarcity.com
ws-gw-lb-03.qa.scsg.solarcity.com
ws-gw-lb-32.prod.scsg.solarcity.com
ws-gw-qa-lb-v.scsg.solarcity.com
ws-gw-qa-lb.scsg.solarcity.com
ws-gw-qa.scsg.solarcity.com
ws-gw.scsg.solarcity.com
www.protegezvous.api-test.sre.solarcity.com
www.solarbonds.solarcity.com
www.solarcity.com
www.solarguard.solarcity.com
www.strongmanonlinemethod.api-test.sre.solarcity.com
www.tpd.api-test.sre.solarcity.com
www12.solarcity.com
www2.solarcity.com
wy.tide.api-test.sre.solarcity.com
yellowfevervaccine.coisasquegosto.api-test.sre.scit.solarcity.com
yellowfevervaccine.gr.women.api-test.sre.scit.solarcity.com
yellowfevervaccine.gramps.1791082.n4.api-training.sre.scit.solarcity.com
yellowfevervaccine.klingspor.api-test.sre.scit.solarcity.com
yellowfevervaccine.lmlxhwd.api-training.sre.solarcity.com
yellowfevervaccine.prodefensadelaeducacion.api-test.sre.scit.solarcity.com
yellowfevervaccine.scrapitsimply.api-training.sre.solarcity.com
yellowfevervaccine.stolne-pocitace.api-training.sre.solarcity.com
yellowfevervaccine.www.nfirs.api-test.sre.scit.solarcity.com
za45214432.api-test.sre.solarcity.com
zabbix.infra.scsg.solarcity.com
zepdemo.solarcity.com
zipline.solarcity.com
zoom.solarcity.com
