4kmp-dev.sonyentertainmentnetwork.com
4kmp-qa.sonyentertainmentnetwork.com
4kmp-test.sonyentertainmentnetwork.com
4kmp.sonyentertainmentnetwork.com
4kmpadm-dev.sonyentertainmentnetwork.com
4kmpadm-qa.sonyentertainmentnetwork.com
4kmpadm.sonyentertainmentnetwork.com
4kuhd-cdn.sonyentertainmentnetwork.com
4kuhd-qa.sonyentertainmentnetwork.com
4kuhd.sonyentertainmentnetwork.com
4kuhdresource.sonyentertainmentnetwork.com
4kuhdtest.sonyentertainmentnetwork.com
a.mx.m.email.sonyentertainmentnetwork.com
a.ns.email.sonyentertainmentnetwork.com
account-aws.q1-np.sonyentertainmentnetwork.com
account-origin-lva.sonyentertainmentnetwork.com
account-origin-lvb.sonyentertainmentnetwork.com
account-origin.d1-np.sonyentertainmentnetwork.com
account-origin.d2-np.sonyentertainmentnetwork.com
account-origin.e1-pmgt.sonyentertainmentnetwork.com
account-origin.q1-np.sonyentertainmentnetwork.com
account-origin.q2-np.sonyentertainmentnetwork.com
account-origin.sonyentertainmentnetwork.com
account.c1-np.sonyentertainmentnetwork.com
account.c1-pmgt.sonyentertainmentnetwork.com
account.c1-pqa.sonyentertainmentnetwork.com
account.c1-spint.sonyentertainmentnetwork.com
account.d1-np.sonyentertainmentnetwork.com
account.d1-pmgt.sonyentertainmentnetwork.com
account.d1-pqa.sonyentertainmentnetwork.com
account.d1-spint.sonyentertainmentnetwork.com
account.d2-np.sonyentertainmentnetwork.com
account.d2-pmgt.sonyentertainmentnetwork.com
account.d2-pqa.sonyentertainmentnetwork.com
account.d2-spint.sonyentertainmentnetwork.com
account.d3-np.sonyentertainmentnetwork.com
account.d3-pmgt.sonyentertainmentnetwork.com
account.d3-pqa.sonyentertainmentnetwork.com
account.d3-spint.sonyentertainmentnetwork.com
account.e1-np.sonyentertainmentnetwork.com
account.e1-pmgt.sonyentertainmentnetwork.com
account.e1-pqa.sonyentertainmentnetwork.com
account.e1-spint.sonyentertainmentnetwork.com
account.e2-np.sonyentertainmentnetwork.com
account.e2-pmgt.sonyentertainmentnetwork.com
account.e2-pqa.sonyentertainmentnetwork.com
account.e2-spint.sonyentertainmentnetwork.com
account.h0-np.sonyentertainmentnetwork.com
account.h0-pmgt.sonyentertainmentnetwork.com
account.h0-pqa.sonyentertainmentnetwork.com
account.h0-spint.sonyentertainmentnetwork.com
account.h1-np.sonyentertainmentnetwork.com
account.h1-pmgt.sonyentertainmentnetwork.com
account.h1-pqa.sonyentertainmentnetwork.com
account.h1-spint.sonyentertainmentnetwork.com
account.h2-np.sonyentertainmentnetwork.com
account.h2-pmgt.sonyentertainmentnetwork.com
account.h2-pqa.sonyentertainmentnetwork.com
account.h2-spint.sonyentertainmentnetwork.com
account.l1-np.sonyentertainmentnetwork.com
account.l1-pmgt.sonyentertainmentnetwork.com
account.l1-pqa.sonyentertainmentnetwork.com
account.l1-spint.sonyentertainmentnetwork.com
account.mgmt.sonyentertainmentnetwork.com
account.p1-np.sonyentertainmentnetwork.com
account.p1-pmgt.sonyentertainmentnetwork.com
account.p1-pqa.sonyentertainmentnetwork.com
account.p1-spint.sonyentertainmentnetwork.com
account.p2-np.sonyentertainmentnetwork.com
account.p2-pmgt.sonyentertainmentnetwork.com
account.p2-pqa.sonyentertainmentnetwork.com
account.p2-spint.sonyentertainmentnetwork.com
account.prod-qa.sonyentertainmentnetwork.com
account.q1-np.sonyentertainmentnetwork.com
account.q1-pmgt.sonyentertainmentnetwork.com
account.q1-pqa.sonyentertainmentnetwork.com
account.q1-spint.sonyentertainmentnetwork.com
account.q2-np.sonyentertainmentnetwork.com
account.q2-pmgt.sonyentertainmentnetwork.com
account.q2-pqa.sonyentertainmentnetwork.com
account.q2-spint.sonyentertainmentnetwork.com
account.r1-np.sonyentertainmentnetwork.com
account.r1-pmgt.sonyentertainmentnetwork.com
account.r1-pqa.sonyentertainmentnetwork.com
account.r1-spint.sonyentertainmentnetwork.com
account.sonyentertainmentnetwork.com
account.sp-int.sonyentertainmentnetwork.com
account.v0-np.sonyentertainmentnetwork.com
account.v0-pmgt.sonyentertainmentnetwork.com
account.v0-pqa.sonyentertainmentnetwork.com
account.v0-spint.sonyentertainmentnetwork.com
account.x0-np.sonyentertainmentnetwork.com
account.x0-pmgt.sonyentertainmentnetwork.com
account.x0-pqa.sonyentertainmentnetwork.com
account.x0-spint.sonyentertainmentnetwork.com
accountanalysis.stifel.ce2-spint.sonyentertainmentnetwork.com
acnp.sonyentertainmentnetwork.com
admin-dev.sonyentertainmentnetwork.com
admin-legacy-dev.sonyentertainmentnetwork.com
admin-legacy-stage.sonyentertainmentnetwork.com
admin-legacy.sonyentertainmentnetwork.com
admin-stage.sonyentertainmentnetwork.com
admin.sonyentertainmentnetwork.com
api-aws.c1-np.sonyentertainmentnetwork.com
api-origin-lva.sonyentertainmentnetwork.com
api-origin-lvb.sonyentertainmentnetwork.com
api-origin.c1-np.sonyentertainmentnetwork.com
api-origin.d1-np.sonyentertainmentnetwork.com
api-origin.d1-pmgt.sonyentertainmentnetwork.com
api-origin.d1-pqa.sonyentertainmentnetwork.com
api-origin.d1-spint.sonyentertainmentnetwork.com
api-origin.d2-np.sonyentertainmentnetwork.com
api-origin.d2-pmgt.sonyentertainmentnetwork.com
api-origin.d2-pqa.sonyentertainmentnetwork.com
api-origin.d2-spint.sonyentertainmentnetwork.com
api-origin.d3-np.sonyentertainmentnetwork.com
api-origin.e1-np.sonyentertainmentnetwork.com
api-origin.e2-np.sonyentertainmentnetwork.com
api-origin.h0-np.sonyentertainmentnetwork.com
api-origin.h2-np.sonyentertainmentnetwork.com
api-origin.l1-np.sonyentertainmentnetwork.com
api-origin.p1-np.sonyentertainmentnetwork.com
api-origin.p2-np.sonyentertainmentnetwork.com
api-origin.q1-np.sonyentertainmentnetwork.com
api-origin.q2-np.sonyentertainmentnetwork.com
api-origin.r1-np.sonyentertainmentnetwork.com
api-origin.sonyentertainmentnetwork.com
api.c1-np.sonyentertainmentnetwork.com
api.c1-pmgt.sonyentertainmentnetwork.com
api.c1-pqa.sonyentertainmentnetwork.com
api.c1-spint.sonyentertainmentnetwork.com
api.d1-np.sonyentertainmentnetwork.com
api.d1-pmgt.sonyentertainmentnetwork.com
api.d1-pqa.sonyentertainmentnetwork.com
api.d1-spint.sonyentertainmentnetwork.com
api.d2-np.sonyentertainmentnetwork.com
api.d2-pmgt.sonyentertainmentnetwork.com
api.d2-pqa.sonyentertainmentnetwork.com
api.d2-spint.sonyentertainmentnetwork.com
api.d3-np.sonyentertainmentnetwork.com
api.d3-pmgt.sonyentertainmentnetwork.com
api.d3-pqa.sonyentertainmentnetwork.com
api.d3-spint.sonyentertainmentnetwork.com
api.d5-np.sonyentertainmentnetwork.com
api.d5-pmgt.sonyentertainmentnetwork.com
api.d5-pqa.sonyentertainmentnetwork.com
api.d5-spint.sonyentertainmentnetwork.com
api.e1-np.sonyentertainmentnetwork.com
api.e1-pmgt.sonyentertainmentnetwork.com
api.e1-pqa.sonyentertainmentnetwork.com
api.e1-spint.sonyentertainmentnetwork.com
api.e2-np.sonyentertainmentnetwork.com
api.e2-pmgt.sonyentertainmentnetwork.com
api.e2-pqa.sonyentertainmentnetwork.com
api.e2-spint.sonyentertainmentnetwork.com
api.h0-np.sonyentertainmentnetwork.com
api.h0-pmgt.sonyentertainmentnetwork.com
api.h0-pqa.sonyentertainmentnetwork.com
api.h0-spint.sonyentertainmentnetwork.com
api.h1-np.sonyentertainmentnetwork.com
api.h1-pmgt.sonyentertainmentnetwork.com
api.h1-pqa.sonyentertainmentnetwork.com
api.h1-spint.sonyentertainmentnetwork.com
api.h2-np.sonyentertainmentnetwork.com
api.h2-pmgt.sonyentertainmentnetwork.com
api.h2-pqa.sonyentertainmentnetwork.com
api.h2-spint.sonyentertainmentnetwork.com
api.l1-np.sonyentertainmentnetwork.com
api.l1-pmgt.sonyentertainmentnetwork.com
api.l1-pqa.sonyentertainmentnetwork.com
api.l1-spint.sonyentertainmentnetwork.com
api.mgmt.sonyentertainmentnetwork.com
api.p1-np.sonyentertainmentnetwork.com
api.p1-pmgt.sonyentertainmentnetwork.com
api.p1-pqa.sonyentertainmentnetwork.com
api.p1-spint.sonyentertainmentnetwork.com
api.p2-np.sonyentertainmentnetwork.com
api.p2-pmgt.sonyentertainmentnetwork.com
api.p2-pqa.sonyentertainmentnetwork.com
api.p2-spint.sonyentertainmentnetwork.com
api.prod-qa.sonyentertainmentnetwork.com
api.q1-np.sonyentertainmentnetwork.com
api.q1-pmgt.sonyentertainmentnetwork.com
api.q1-pqa.sonyentertainmentnetwork.com
api.q1-spint.sonyentertainmentnetwork.com
api.q2-np.sonyentertainmentnetwork.com
api.q2-pmgt.sonyentertainmentnetwork.com
api.q2-pqa.sonyentertainmentnetwork.com
api.q2-spint.sonyentertainmentnetwork.com
api.r1-np.sonyentertainmentnetwork.com
api.r1-pmgt.sonyentertainmentnetwork.com
api.r1-pqa.sonyentertainmentnetwork.com
api.r1-spint.sonyentertainmentnetwork.com
api.sonyentertainmentnetwork.com
api.sp-int.sonyentertainmentnetwork.com
api.x0-np.sonyentertainmentnetwork.com
api.x0-pmgt.sonyentertainmentnetwork.com
api.x0-pqa.sonyentertainmentnetwork.com
api.x0-spint.sonyentertainmentnetwork.com
auth.api.c1-np.sonyentertainmentnetwork.com
auth.api.c1-pmgt.sonyentertainmentnetwork.com
auth.api.c1-pqa.sonyentertainmentnetwork.com
auth.api.c1-spint.sonyentertainmentnetwork.com
auth.api.d1-np.sonyentertainmentnetwork.com
auth.api.d1-pmgt.sonyentertainmentnetwork.com
auth.api.d1-pqa.sonyentertainmentnetwork.com
auth.api.d1-spint.sonyentertainmentnetwork.com
auth.api.d2-np.sonyentertainmentnetwork.com
auth.api.d2-pmgt.sonyentertainmentnetwork.com
auth.api.d2-pqa.sonyentertainmentnetwork.com
auth.api.d2-spint.sonyentertainmentnetwork.com
auth.api.d3-np.sonyentertainmentnetwork.com
auth.api.d3-pmgt.sonyentertainmentnetwork.com
auth.api.d3-pqa.sonyentertainmentnetwork.com
auth.api.d3-spint.sonyentertainmentnetwork.com
auth.api.e1-np.sonyentertainmentnetwork.com
auth.api.e1-pmgt.sonyentertainmentnetwork.com
auth.api.e1-pqa.sonyentertainmentnetwork.com
auth.api.e1-spint.sonyentertainmentnetwork.com
auth.api.e2-np.sonyentertainmentnetwork.com
auth.api.e2-pmgt.sonyentertainmentnetwork.com
auth.api.e2-pqa.sonyentertainmentnetwork.com
auth.api.e2-spint.sonyentertainmentnetwork.com
auth.api.h0-np.sonyentertainmentnetwork.com
auth.api.h0-pmgt.sonyentertainmentnetwork.com
auth.api.h0-pqa.sonyentertainmentnetwork.com
auth.api.h0-spint.sonyentertainmentnetwork.com
auth.api.h1-np.sonyentertainmentnetwork.com
auth.api.h1-pmgt.sonyentertainmentnetwork.com
auth.api.h1-pqa.sonyentertainmentnetwork.com
auth.api.h1-spint.sonyentertainmentnetwork.com
auth.api.h2-np.sonyentertainmentnetwork.com
auth.api.h2-pmgt.sonyentertainmentnetwork.com
auth.api.h2-pqa.sonyentertainmentnetwork.com
auth.api.h2-spint.sonyentertainmentnetwork.com
auth.api.l1-np.sonyentertainmentnetwork.com
auth.api.l1-pmgt.sonyentertainmentnetwork.com
auth.api.l1-pqa.sonyentertainmentnetwork.com
auth.api.l1-spint.sonyentertainmentnetwork.com
auth.api.mgmt.sonyentertainmentnetwork.com
auth.api.p1-np.sonyentertainmentnetwork.com
auth.api.p1-pmgt.sonyentertainmentnetwork.com
auth.api.p1-pqa.sonyentertainmentnetwork.com
auth.api.p1-spint.sonyentertainmentnetwork.com
auth.api.p2-np.sonyentertainmentnetwork.com
auth.api.p2-pmgt.sonyentertainmentnetwork.com
auth.api.p2-pqa.sonyentertainmentnetwork.com
auth.api.p2-spint.sonyentertainmentnetwork.com
auth.api.prod-qa.sonyentertainmentnetwork.com
auth.api.q1-np.sonyentertainmentnetwork.com
auth.api.q1-pmgt.sonyentertainmentnetwork.com
auth.api.q1-pqa.sonyentertainmentnetwork.com
auth.api.q1-spint.sonyentertainmentnetwork.com
auth.api.q2-np.sonyentertainmentnetwork.com
auth.api.q2-pmgt.sonyentertainmentnetwork.com
auth.api.q2-pqa.sonyentertainmentnetwork.com
auth.api.q2-spint.sonyentertainmentnetwork.com
auth.api.r1-pmgt.sonyentertainmentnetwork.com
auth.api.r1-pqa.sonyentertainmentnetwork.com
auth.api.r1-spint.sonyentertainmentnetwork.com
auth.api.sonyentertainmentnetwork.com
auth.api.sp-int.sonyentertainmentnetwork.com
auth.api.x0-np.sonyentertainmentnetwork.com
auth.api.x0-pmgt.sonyentertainmentnetwork.com
auth.api.x0-pqa.sonyentertainmentnetwork.com
auth.api.x0-spint.sonyentertainmentnetwork.com
auth.mobiluth.api.q1-pqa.sonyentertainmentnetwork.com
b.email.sonyentertainmentnetwork.com
b.mx.m.email.sonyentertainmentnetwork.com
b.ns.email.sonyentertainmentnetwork.com
blog-lv.sonyentertainmentnetwork.com
blog.sonyentertainmentnetwork.com
br.support.sonyentertainmentnetwork.com
c.mx.email.sonyentertainmentnetwork.com
c.mx.m.email.sonyentertainmentnetwork.com
c.ns.email.sonyentertainmentnetwork.com
c1-np.sonyentertainmentnetwork.com
c1-pmgt.sonyentertainmentnetwork.com
c1-pqa.sonyentertainmentnetwork.com
c1-spint.sonyentertainmentnetwork.com
ca.support.sonyentertainmentnetwork.com
camblocks.api.d1-np.sonyentertainmentnetwork.com
camblocks.api.d3-np.sonyentertainmentnetwork.com
camblocks.sdk.d1-np.sonyentertainmentnetwork.com
camblocks.sdk.d3-np.sonyentertainmentnetwork.com
cdn-a-origin-lva.sonyentertainmentnetwork.com
cdn-a-origin-lvb.sonyentertainmentnetwork.com
cdn-a-origin.c1-np.sonyentertainmentnetwork.com
cdn-a-origin.d1-np.sonyentertainmentnetwork.com
cdn-a-origin.d2-np.sonyentertainmentnetwork.com
cdn-a-origin.d3-np.sonyentertainmentnetwork.com
cdn-a-origin.e1-np.sonyentertainmentnetwork.com
cdn-a-origin.e2-np.sonyentertainmentnetwork.com
cdn-a-origin.h0-np.sonyentertainmentnetwork.com
cdn-a-origin.h1-np.sonyentertainmentnetwork.com
cdn-a-origin.h2-np.sonyentertainmentnetwork.com
cdn-a-origin.l1-np.sonyentertainmentnetwork.com
cdn-a-origin.p1-np.sonyentertainmentnetwork.com
cdn-a-origin.p2-np.sonyentertainmentnetwork.com
cdn-a-origin.q1-np.sonyentertainmentnetwork.com
cdn-a-origin.q2-np.sonyentertainmentnetwork.com
cdn-a-origin.r1-np.sonyentertainmentnetwork.com
cdn-a-origin.sonyentertainmentnetwork.com
cdn-a-origin.x0-np.sonyentertainmentnetwork.com
cdn-a.c1-np.sonyentertainmentnetwork.com
cdn-a.d1-np.sonyentertainmentnetwork.com
cdn-a.d2-np.sonyentertainmentnetwork.com
cdn-a.d3-np.sonyentertainmentnetwork.com
cdn-a.e1-np.sonyentertainmentnetwork.com
cdn-a.e2-np.sonyentertainmentnetwork.com
cdn-a.h0-np.sonyentertainmentnetwork.com
cdn-a.l1-np.sonyentertainmentnetwork.com
cdn-a.q1-np.sonyentertainmentnetwork.com
cdn-a.q2-np.sonyentertainmentnetwork.com
cdn-a.r1-np.sonyentertainmentnetwork.com
cdn-a.sonyentertainmentnetwork.com
cdn-a.x0-np.sonyentertainmentnetwork.com
cdn-dev.sonyentertainmentnetwork.com
cdn-stage.sonyentertainmentnetwork.com
cdn.sonyentertainmentnetwork.com
cdn2.sonyentertainmentnetwork.com
client-office365-tas.msedge.nethh.prod.sonyentertainmentnetwork.com
csx-al001.dl.sonyentertainmentnetwork.com
csx-sl001.dl.sonyentertainmentnetwork.com
csx-tl001.dl.sonyentertainmentnetwork.com
d.mx.email.sonyentertainmentnetwork.com
d.mx.m.email.sonyentertainmentnetwork.com
d.ns.email.sonyentertainmentnetwork.com
d1-np.sonyentertainmentnetwork.com
d1-pmgt.sonyentertainmentnetwork.com
d1-pqa.sonyentertainmentnetwork.com
d1-spint.sonyentertainmentnetwork.com
d2-np.sonyentertainmentnetwork.com
d2-pmgt.sonyentertainmentnetwork.com
d2-pqa.sonyentertainmentnetwork.com
d2-spint.sonyentertainmentnetwork.com
d3-np.sonyentertainmentnetwork.com
d3-pmgt.sonyentertainmentnetwork.com
d3-pqa.sonyentertainmentnetwork.com
d3-spint.sonyentertainmentnetwork.com
d5-np.sonyentertainmentnetwork.com
d5-pmgt.sonyentertainmentnetwork.com
d5-pqa.sonyentertainmentnetwork.com
d5-spint.sonyentertainmentnetwork.com
de.support.sonyentertainmentnetwork.com
devices-dev.sonyentertainmentnetwork.com
devices-stage.sonyentertainmentnetwork.com
devices.sonyentertainmentnetwork.com
dialup-4.221.22.133.dial1.dallas1.leveail.sonyentertainmentnetwork.com
dl.sonyentertainmentnetwork.com
e.ns.email.sonyentertainmentnetwork.com
e1-np.portal.store.sonyentertainmentnetwork.com
e1-np.sonyentertainmentnetwork.com
e1-pmgt.sonyentertainmentnetwork.com
e1-pqa.sonyentertainmentnetwork.com
e1-spint.sonyentertainmentnetwork.com
e2-np.sonyentertainmentnetwork.com
e2-pmgt.sonyentertainmentnetwork.com
e2-pqa.sonyentertainmentnetwork.com
e2-spint.sonyentertainmentnetwork.com
ebm.email.sonyentertainmentnetwork.com
ebmtest.email.sonyentertainmentnetwork.com
elb-fra-amz.nimbus.bitdefender.nethh.prod.sonyentertainmentnetwork.com
email.sonyentertainmentnetwork.com
en.support.sonyentertainmentnetwork.com
es.support.sonyentertainmentnetwork.com
f.email.sonyentertainmentnetwork.com
f.ns.email.sonyentertainmentnetwork.com
fr.support.sonyentertainmentnetwork.com
friendme.e1-np.sonyentertainmentnetwork.com
friendme.sonyentertainmentnetwork.com
friendme.sp-int.sonyentertainmentnetwork.com
h0-np.sonyentertainmentnetwork.com
h0-pmgt.sonyentertainmentnetwork.com
h0-pqa.sonyentertainmentnetwork.com
h0-spint.sonyentertainmentnetwork.com
h1-np.sonyentertainmentnetwork.com
h1-pmgt.sonyentertainmentnetwork.com
h1-pqa.sonyentertainmentnetwork.com
h1-spint.sonyentertainmentnetwork.com
h2-np.sonyentertainmentnetwork.com
h2-pmgt.sonyentertainmentnetwork.com
h2-pqa.sonyentertainmentnetwork.com
h2-spint.sonyentertainmentnetwork.com
hbs.sonyentertainmentnetwork.com
hh-lv.prod.sonyentertainmentnetwork.com
hh.e1-np.sonyentertainmentnetwork.com
hh.mgmt.sonyentertainmentnetwork.com
hh.prod.sonyentertainmentnetwork.com
hhgames.prod.sonyentertainmentnetwork.com
hostmaster.email.sonyentertainmentnetwork.com
husky.d1-np.sonyentertainmentnetwork.com
husky.e1-np.sonyentertainmentnetwork.com
husky.q1-np.sonyentertainmentnetwork.com
husky.sonyentertainmentnetwork.com
husky01.sonyentertainmentnetwork.com
husky02.sonyentertainmentnetwork.com
id.e1-np.sonyentertainmentnetwork.com
id.mgmt.sonyentertainmentnetwork.com
id.q1-np.sonyentertainmentnetwork.com
id.q1-pqa.sonyentertainmentnetwork.com
id.sonyentertainmentnetwork.com
id.sp-int.sonyentertainmentnetwork.com
id2.sonyentertainmentnetwork.com
il.sonyentertainmentnetwork.com
it.support.sonyentertainmentnetwork.com
jp.support.sonyentertainmentnetwork.com
l1-np.sonyentertainmentnetwork.com
l1-pmgt.sonyentertainmentnetwork.com
l1-pqa.sonyentertainmentnetwork.com
l1-spint.sonyentertainmentnetwork.com
l13017pqa.sonyentertainmentnetwork.com
la3pebmpriv01.email.sonyentertainmentnetwork.com
la3pebmpriv02.email.sonyentertainmentnetwork.com
la3pebmpriv03.email.sonyentertainmentnetwork.com
la3pebmpriv04.email.sonyentertainmentnetwork.com
la3pebmpriv05.email.sonyentertainmentnetwork.com
la3pebmpriv06.email.sonyentertainmentnetwork.com
la3pebmpriv07.email.sonyentertainmentnetwork.com
la3pebmpriv08.email.sonyentertainmentnetwork.com
legacy-cdn-dev.sonyentertainmentnetwork.com
legacy-cdn-stage.sonyentertainmentnetwork.com
legacy-cdn.sonyentertainmentnetwork.com
ltip.account.sonyentertainmentnetwork.com
m-dev.sonyentertainmentnetwork.com
m-stage.sonyentertainmentnetwork.com
m.email.sonyentertainmentnetwork.com
m.sonyentertainmentnetwork.com
mail.account.sonyentertainmentnetwork.com
mail.sonyentertainmentnetwork.com
mgmt.sonyentertainmentnetwork.com
mgmt.store.sonyentertainmentnetwork.com
mgmtbackend.sonyentertainmentnetwork.com
mta246.email.sonyentertainmentnetwork.com
mta626.email.sonyentertainmentnetwork.com
mta627.email.sonyentertainmentnetwork.com
mta863.email.sonyentertainmentnetwork.com
mta864.email.sonyentertainmentnetwork.com
mta876.email.sonyentertainmentnetwork.com
mta877.email.sonyentertainmentnetwork.com
mta926.email.sonyentertainmentnetwork.com
mta963.email.sonyentertainmentnetwork.com
mta964.email.sonyentertainmentnetwork.com
mta976.email.sonyentertainmentnetwork.com
mta977.email.sonyentertainmentnetwork.com
mta987.email.sonyentertainmentnetwork.com
mta997.email.sonyentertainmentnetwork.com
music.e1-np.sonyentertainmentnetwork.com
music.e2-np.sonyentertainmentnetwork.com
music.sonyentertainmentnetwork.com
mx.email.sonyentertainmentnetwork.com
mx.m.email.sonyentertainmentnetwork.com
mx.support.sonyentertainmentnetwork.com
native.c1-np.sonyentertainmentnetwork.com
native.c1-pmgt.sonyentertainmentnetwork.com
native.d1-np.sonyentertainmentnetwork.com
native.d1-pmgt.sonyentertainmentnetwork.com
native.d2-np.sonyentertainmentnetwork.com
native.d2-pmgt.sonyentertainmentnetwork.com
native.d3-np.sonyentertainmentnetwork.com
native.d3-pmgt.sonyentertainmentnetwork.com
native.e1-np.sonyentertainmentnetwork.com
native.e1-pmgt.sonyentertainmentnetwork.com
native.e2-np.sonyentertainmentnetwork.com
native.e2-pmgt.sonyentertainmentnetwork.com
native.h0-np.sonyentertainmentnetwork.com
native.h0-pmgt.sonyentertainmentnetwork.com
native.h1-np.sonyentertainmentnetwork.com
native.h1-pmgt.sonyentertainmentnetwork.com
native.h2-np.sonyentertainmentnetwork.com
native.h2-pmgt.sonyentertainmentnetwork.com
native.l1-np.sonyentertainmentnetwork.com
native.l1-pmgt.sonyentertainmentnetwork.com
native.mgmt.sonyentertainmentnetwork.com
native.p1-np.sonyentertainmentnetwork.com
native.p1-pmgt.sonyentertainmentnetwork.com
native.p2-np.sonyentertainmentnetwork.com
native.p2-pmgt.sonyentertainmentnetwork.com
native.q1-np.sonyentertainmentnetwork.com
native.q1-pmgt.sonyentertainmentnetwork.com
native.q2-np.sonyentertainmentnetwork.com
native.q2-pmgt.sonyentertainmentnetwork.com
native.r1-np.sonyentertainmentnetwork.com
native.r1-pmgt.sonyentertainmentnetwork.com
native.sonyentertainmentnetwork.com
native.v0-np.sonyentertainmentnetwork.com
native.v0-pmgt.sonyentertainmentnetwork.com
native.x0-np.sonyentertainmentnetwork.com
native.x0-pmgt.sonyentertainmentnetwork.com
nativecreatives.ore.e1-np.sonyentertainmentnetwork.com
nj5pebmpriv01.email.sonyentertainmentnetwork.com
nj5pebmpriv02.email.sonyentertainmentnetwork.com
nj5pebmpriv03.email.sonyentertainmentnetwork.com
nj5pebmpriv04.email.sonyentertainmentnetwork.com
nj5pebmpriv05.email.sonyentertainmentnetwork.com
nj5pebmpriv06.email.sonyentertainmentnetwork.com
nj5pebmpriv07.email.sonyentertainmentnetwork.com
nj5pebmpriv08.email.sonyentertainmentnetwork.com
nj5pebmpriv09.email.sonyentertainmentnetwork.com
nj5pebmpriv10.email.sonyentertainmentnetwork.com
nl.support.sonyentertainmentnetwork.com
ns.email.sonyentertainmentnetwork.com
ns.sonyentertainmentnetwork.com
ns00.dl.sonyentertainmentnetwork.com
ns01.dl.sonyentertainmentnetwork.com
ns02.dl.sonyentertainmentnetwork.com
ns03.dl.sonyentertainmentnetwork.com
ns21.dl.sonyentertainmentnetwork.com
ns21.muwebapi.sonyentertainmentnetwork.com
ns22.dl.sonyentertainmentnetwork.com
ns23.dl.sonyentertainmentnetwork.com
ns24.dl.sonyentertainmentnetwork.com
ns25.dl.sonyentertainmentnetwork.com
ns31.dl.sonyentertainmentnetwork.com
ns32.dl.sonyentertainmentnetwork.com
ns32.muwebapi.sonyentertainmentnetwork.com
ns33.dl.sonyentertainmentnetwork.com
ns34.dl.sonyentertainmentnetwork.com
ns35.dl.sonyentertainmentnetwork.com
ns35.muwebapi.sonyentertainmentnetwork.com
ns36.dl.sonyentertainmentnetwork.com
ns41.dl.sonyentertainmentnetwork.com
ns42.dl.sonyentertainmentnetwork.com
ns43.dl.sonyentertainmentnetwork.com
ns44.dl.sonyentertainmentnetwork.com
ny7p01lpebmd206.email.sonyentertainmentnetwork.com
ny7p01lpmtax203.email.sonyentertainmentnetwork.com
ny7p01lpmtax204.email.sonyentertainmentnetwork.com
ny7p01lppmta271.email.sonyentertainmentnetwork.com
ny7p01lppmta272.email.sonyentertainmentnetwork.com
origin-cdn.sonyentertainmentnetwork.com
origin-legacy-cdn.sonyentertainmentnetwork.com
outlook.office365.comhh.prod.sonyentertainmentnetwork.com
p1-np.sonyentertainmentnetwork.com
p1-pmgt.sonyentertainmentnetwork.com
p1-pqa.sonyentertainmentnetwork.com
p1-spint.sonyentertainmentnetwork.com
p2-np.sonyentertainmentnetwork.com
p2-pmgt.sonyentertainmentnetwork.com
p2-pqa.sonyentertainmentnetwork.com
p2-spint.sonyentertainmentnetwork.com
padmin-stage.sonyentertainmentnetwork.com
pdr-srlc.api.sonyentertainmentnetwork.com
portal.store.sonyentertainmentnetwork.com
prod-qa.sonyentertainmentnetwork.com
prod.sonyentertainmentnetwork.com
prodbackend.sonyentertainmentnetwork.com
promo-stage.sonyentertainmentnetwork.com
promo.sonyentertainmentnetwork.com
psnow.mgmt.sonyentertainmentnetwork.com
psnow.prod.sonyentertainmentnetwork.com
pt.support.sonyentertainmentnetwork.com
q1-np.sonyentertainmentnetwork.com
q1-pmgt.sonyentertainmentnetwork.com
q1-pqa.sonyentertainmentnetwork.com
q1-spint.sonyentertainmentnetwork.com
q2-np.sonyentertainmentnetwork.com
q2-pmgt.sonyentertainmentnetwork.com
q2-pqa.sonyentertainmentnetwork.com
q2-spint.sonyentertainmentnetwork.com
r1-np.sonyentertainmentnetwork.com
r1-pmgt.sonyentertainmentnetwork.com
r1-pqa.sonyentertainmentnetwork.com
r1-spint.sonyentertainmentnetwork.com
raf.email.sonyentertainmentnetwork.com
reg.email.sonyentertainmentnetwork.com
secure-origin-lva.api.sonyentertainmentnetwork.com
secure-origin.api.h0-spint.sonyentertainmentnetwork.com
secure-origin.api.mgmt.sonyentertainmentnetwork.com
secure-origin.api.prod-qa.sonyentertainmentnetwork.com
secure-origin.api.q2-np.sonyentertainmentnetwork.com
secure-origin.api.sp-int.sonyentertainmentnetwork.com
secure.api.c1-np.sonyentertainmentnetwork.com
secure.api.c1-pmgt.sonyentertainmentnetwork.com
secure.api.c1-pqa.sonyentertainmentnetwork.com
secure.api.c1-spint.sonyentertainmentnetwork.com
secure.api.d1-np.sonyentertainmentnetwork.com
secure.api.d1-pmgt.sonyentertainmentnetwork.com
secure.api.d1-pqa.sonyentertainmentnetwork.com
secure.api.d1-spint.sonyentertainmentnetwork.com
secure.api.d2-np.sonyentertainmentnetwork.com
secure.api.d2-pmgt.sonyentertainmentnetwork.com
secure.api.d2-pqa.sonyentertainmentnetwork.com
secure.api.d2-spint.sonyentertainmentnetwork.com
secure.api.d3-np.sonyentertainmentnetwork.com
secure.api.d3-pmgt.sonyentertainmentnetwork.com
secure.api.d3-pqa.sonyentertainmentnetwork.com
secure.api.d3-spint.sonyentertainmentnetwork.com
secure.api.e1-np.sonyentertainmentnetwork.com
secure.api.e1-pmgt.sonyentertainmentnetwork.com
secure.api.e1-pqa.sonyentertainmentnetwork.com
secure.api.e1-spint.sonyentertainmentnetwork.com
secure.api.e2-np.sonyentertainmentnetwork.com
secure.api.e2-pmgt.sonyentertainmentnetwork.com
secure.api.e2-pqa.sonyentertainmentnetwork.com
secure.api.e2-spint.sonyentertainmentnetwork.com
secure.api.h0-np.sonyentertainmentnetwork.com
secure.api.h0-pmgt.sonyentertainmentnetwork.com
secure.api.h0-pqa.sonyentertainmentnetwork.com
secure.api.h0-spint.sonyentertainmentnetwork.com
secure.api.h1-np.sonyentertainmentnetwork.com
secure.api.h1-pmgt.sonyentertainmentnetwork.com
secure.api.h1-pqa.sonyentertainmentnetwork.com
secure.api.h1-spint.sonyentertainmentnetwork.com
secure.api.h2-np.sonyentertainmentnetwork.com
secure.api.h2-pmgt.sonyentertainmentnetwork.com
secure.api.h2-pqa.sonyentertainmentnetwork.com
secure.api.h2-spint.sonyentertainmentnetwork.com
secure.api.l1-np.sonyentertainmentnetwork.com
secure.api.l1-pmgt.sonyentertainmentnetwork.com
secure.api.l1-pqa.sonyentertainmentnetwork.com
secure.api.l1-spint.sonyentertainmentnetwork.com
secure.api.mgmt.sonyentertainmentnetwork.com
secure.api.p1-np.sonyentertainmentnetwork.com
secure.api.p1-pmgt.sonyentertainmentnetwork.com
secure.api.p1-pqa.sonyentertainmentnetwork.com
secure.api.p1-spint.sonyentertainmentnetwork.com
secure.api.p2-np.sonyentertainmentnetwork.com
secure.api.p2-pmgt.sonyentertainmentnetwork.com
secure.api.p2-pqa.sonyentertainmentnetwork.com
secure.api.p2-spint.sonyentertainmentnetwork.com
secure.api.prod-qa.sonyentertainmentnetwork.com
secure.api.q1-np.sonyentertainmentnetwork.com
secure.api.q1-pmgt.sonyentertainmentnetwork.com
secure.api.q1-pqa.sonyentertainmentnetwork.com
secure.api.q1-spint.sonyentertainmentnetwork.com
secure.api.q2-np.sonyentertainmentnetwork.com
secure.api.q2-pmgt.sonyentertainmentnetwork.com
secure.api.q2-pqa.sonyentertainmentnetwork.com
secure.api.q2-spint.sonyentertainmentnetwork.com
secure.api.r1-np.sonyentertainmentnetwork.com
secure.api.r1-pmgt.sonyentertainmentnetwork.com
secure.api.r1-pqa.sonyentertainmentnetwork.com
secure.api.r1-spint.sonyentertainmentnetwork.com
secure.api.sonyentertainmentnetwork.com
secure.api.sp-int.sonyentertainmentnetwork.com
secure.api.x0-np.sonyentertainmentnetwork.com
secure.api.x0-pmgt.sonyentertainmentnetwork.com
secure.api.x0-pqa.sonyentertainmentnetwork.com
secure.api.x0-spint.sonyentertainmentnetwork.com
self.events.data.microsoft.comhh.prod.sonyentertainmentnetwork.com
sf-lv.prod.sonyentertainmentnetwork.com
sf-lv.stress.sonyentertainmentnetwork.com
sf.e1-np.sonyentertainmentnetwork.com
sf.mgmt.sonyentertainmentnetwork.com
sf.prod.sonyentertainmentnetwork.com
sf.q1-np.sonyentertainmentnetwork.com
smtp.id.sonyentertainmentnetwork.com
sni-test-origin.d1-np.sonyentertainmentnetwork.com
sonyentertainmentnetwork.com
sp-int.sonyentertainmentnetwork.com
static-asm.secure.skypeassets.comhh.prod.sonyentertainmentnetwork.com
store-lv.sonyentertainmentnetwork.com
store-lv.stress.sonyentertainmentnetwork.com
store-lv2.sonyentertainmentnetwork.com
store.sonyentertainmentnetwork.com
stress.sonyentertainmentnetwork.com
support-ca.sonyentertainmentnetwork.com
support-de.sonyentertainmentnetwork.com
support-en.sonyentertainmentnetwork.com
support-es.sonyentertainmentnetwork.com
support-fr.sonyentertainmentnetwork.com
support-it.sonyentertainmentnetwork.com
support-jp.sonyentertainmentnetwork.com
support-us.sonyentertainmentnetwork.com
support.sonyentertainmentnetwork.com
test-origin-cdn.sonyentertainmentnetwork.com
trig.email.sonyentertainmentnetwork.com
try.sonyentertainmentnetwork.com
unifiedassets.sonyentertainmentnetwork.com
us.support.sonyentertainmentnetwork.com
v0-np.sonyentertainmentnetwork.com
v0-pmgt.sonyentertainmentnetwork.com
v0-pqa.sonyentertainmentnetwork.com
v0-spint.sonyentertainmentnetwork.com
vupreview-stage.sonyentertainmentnetwork.com
vupreview.sonyentertainmentnetwork.com
webstore.e1-np.sonyentertainmentnetwork.com
wf.e2-np.muwebapi.sonyentertainmentnetwork.com
wf.muwebapi.sonyentertainmentnetwork.com
wildcard.api.sonyentertainmentnetwork.com
wildcard.sonyentertainmentnetwork.com
www-dev.sonyentertainmentnetwork.com
www-legacy-dev.sonyentertainmentnetwork.com
www-legacy-stage.sonyentertainmentnetwork.com
www-legacy.sonyentertainmentnetwork.com
www-stage.sonyentertainmentnetwork.com
www-stage2.sonyentertainmentnetwork.com
www.4kmp.sonyentertainmentnetwork.com
www.4kuhd.sonyentertainmentnetwork.com
www.account.e1-np.sonyentertainmentnetwork.com
www.account.sonyentertainmentnetwork.com
www.auth.api.d1-spint.sonyentertainmentnetwork.com
www.auth.api.d2-np.sonyentertainmentnetwork.com
www.auth.api.e1-np.sonyentertainmentnetwork.com
www.auth.api.sonyentertainmentnetwork.com
www.blog.sonyentertainmentnetwork.com
www.c1-pmgt.sonyentertainmentnetwork.com
www.cdn-a.sonyentertainmentnetwork.com
www.d2-pmgt.sonyentertainmentnetwork.com
www.d2-pqa.sonyentertainmentnetwork.com
www.d2-spint.sonyentertainmentnetwork.com
www.devices.sonyentertainmentnetwork.com
www.e1-np.portal.store.sonyentertainmentnetwork.com
www.friendme.e1-np.sonyentertainmentnetwork.com
www.friendme.sonyentertainmentnetwork.com
www.friendme.sp-int.sonyentertainmentnetwork.com
www.hbs.sonyentertainmentnetwork.com
www.id.sp-int.sonyentertainmentnetwork.com
www.l1-pqa.sonyentertainmentnetwork.com
www.ltip.account.sonyentertainmentnetwork.com
www.mgmt.store.sonyentertainmentnetwork.com
www.mgmtbackend.sonyentertainmentnetwork.com
www.music.sonyentertainmentnetwork.com
www.native.sonyentertainmentnetwork.com
www.prodbackend.sonyentertainmentnetwork.com
www.promo.sonyentertainmentnetwork.com
www.psnow.mgmt.sonyentertainmentnetwork.com
www.q2-pmgt.sonyentertainmentnetwork.com
www.secure.api.sonyentertainmentnetwork.com
www.sf.q1-np.sonyentertainmentnetwork.com
www.sonyentertainmentnetwork.com
www.store.sonyentertainmentnetwork.com
www.trig.email.sonyentertainmentnetwork.com
www.vupreview.sonyentertainmentnetwork.com
www.webstore.e1-np.sonyentertainmentnetwork.com
www.wf.muwebapi.sonyentertainmentnetwork.com
www2.sonyentertainmentnetwork.com
x0-np.sonyentertainmentnetwork.com
x0-pmgt.sonyentertainmentnetwork.com
x0-pqa.sonyentertainmentnetwork.com
x0-spint.sonyentertainmentnetwork.com
