at.takeawayriders.com
be.takeawayriders.com
bg.takeawayriders.com
ch.takeawayriders.com
cpanel.takeawayriders.com
cpcalendars.takeawayriders.com
cpcontacts.takeawayriders.com
de.takeawayriders.com
dk.takeawayriders.com
es.takeawayriders.com
fr.takeawayriders.com
he.takeawayriders.com
ie.takeawayriders.com
il.takeawayriders.com
it.takeawayriders.com
mail.takeawayriders.com
nl.takeawayriders.com
no.takeawayriders.com
pl.takeawayriders.com
pt.takeawayriders.com
ro.takeawayriders.com
takeawayriders.com
uk.takeawayriders.com
webdisk.takeawayriders.com
webmail.takeawayriders.com
www.takeawayriders.com
