700doc02c.tapio001.tapiola.fi
700doc03-new.tapio001.tapiola.fi
700doc03-new.tapiola.fi
ahma.tapiola.fi
ahven.tapiola.fi
analytics.tapiola.fi
ankka.tapiola.fi
as.cwa.tapiola.fi
asiointi.tapiola.fi
asiointi2.tapiola.fi
authenticate.tapiola.fi
authmigrate.tapiola.fi
autodiscover.tapiola.fi
bl.tapiola.fi
c107s1053vm079.tapio001.tapiola.fi
c107s1053vm080.tapio001.tapiola.fi
c107s1239vm017.tapio001.tapiola.fi
c107s1418vm018.tapio001.tapiola.fi
c107s1418vm019.tapio001.tapiola.fi
c107s1418vm020.tapio001.tapiola.fi
c107s1418vm021.tapio001.tapiola.fi
c107s1418vm022.tapio001.tapiola.fi
c107s1418vm023.tapio001.tapiola.fi
c107s949vm017.tapio001.tapiola.fi
c107s949vm019.tapio001.tapiola.fi
c107s982vm011.tapio001.tapiola.fi
c107s982vm014.tapio001.tapiola.fi
crl.tapiola.fi
cwa.tapiola.fi
download.cwa.tapiola.fi
hanhi.tapiola.fi
hauki.tapiola.fi
haukka.tapiola.fi
huolto.tapiola.fi
imaplb.tapiola.fi
info.tapiola.fi
kaktus.tapiola.fi
kampanjat.tapiola.fi
kettu.tapiola.fi
kharon.tapiola.fi
kirje.tapiola.fi
kissa.tapiola.fi
kuha.tapiola.fi
lhtcibp1.tapio001.tapiola.fi
lhtcibq1.tapio001.tapiola.fi
lhtcibs1.tapio001.tapiola.fi
lhtcigd1.tapio001.tapiola.fi
lhtcigp1.tapio001.tapiola.fi
lhtcigt1.tapio001.tapiola.fi
lhtcipd1.tapio001.tapiola.fi
lhtcipdj.tapio001.tapiola.fi
lhtcisj3.tapio001.tapiola.fi
lohi.tapiola.fi
lyncdiscover.tapiola.fi
made.tapiola.fi
mail.tapiola.fi
mail2.tapiola.fi
mars.tapiola.fi
midas.tapiola.fi
midas2.tapiola.fi
mmail.tapiola.fi
mmail2.tapiola.fi
motorfnol.tapiola.fi
mposti.tapiola.fi
mposti1.tapiola.fi
mposti2.tapiola.fi
netso.tapiola.fi
ns.tapiola.fi
ns2.tapiola.fi
oa.tapiola.fi
oma.tapiola.fi
omatalous.tapiola.fi
palvelu.tapiola.fi
palvelu2.tapiola.fi
pankki.tapiola.fi
pft.tapiola.fi
pluto.tapiola.fi
poro.tapiola.fi
resurssit.tapiola.fi
rs.tapiola.fi
ruusu.tapiola.fi
s00145.tapio001.tapiola.fi
s00207.tapio001.tapiola.fi
s00208.tapio001.tapiola.fi
s17334.tapiola.fi
satellite.tapiola.fi
siili.tapiola.fi
sip.tapiola.fi
sitaksauthmigrate.tapiola.fi
sitauthmigrate.tapiola.fi
smtp2010lb.tapiola.fi
sonerar.tapiola.fi
sovellukset01.tapiola.fi
splunk.tapiola.fi
st-extranet.tapiola.fi
st-mars.tapiola.fi
st-netso.tapiola.fi
st-verkkopalvelu.tapiola.fi
st-verkkopalvelu2.tapiola.fi
st-webservices.tapiola.fi
st-yrityspalvelu.tapiola.fi
stage.tapiola.fi
stagepft.tapiola.fi
stsovellukset01.tapiola.fi
taimen.tapiola.fi
talous.tapiola.fi
tapahtumat.tapiola.fi
tapiola.fi
tasku.tapiola.fi
telwww.tapiola.fi
test-crl.tapiola.fi
testiverkkopalvelu.tapiola.fi
tuot-tfim2020.tapiola.fi
turvallisuus.tapiola.fi
u003everkkopalvelu.tapiola.fi
u003ewww.tapiola.fi
u003eyrityspalvelu.tapiola.fi
u2588.tapiola.fi
uataksauthmigrate.tapiola.fi
uatauthenticate.tapiola.fi
uatauthmigrate.tapiola.fi
uatmotorfnol.tapiola.fi
uatselfservice.tapiola.fi
uatwinsuredetails.tapiola.fi
uranus.tapiola.fi
users.tapiola.fi
verkkopalvelu.tapiola.fi
verkkopalvelu2.tapiola.fi
verkkopalvelut.tapiola.fi
viestinta.tapiola.fi
viestinta4.tapiola.fi
vuosiraportti.tapiola.fi
w3.tapiola.fi
webmail.tapiola.fi
webservices.tapiola.fi
www.galleria.tapiola.fi
www.palvelut.tapiola.fi
www.tapahtumat.tapiola.fi
www.tapiola.fi
www.teema.tapiola.fi
www.vuosiraportti.tapiola.fi
www.yritys.tapiola.fi
www2.tapiola.fi
wwww.tapiola.fi
yrityspalvelu.tapiola.fi
zeus.tapiola.fi
