alpha.login.techcrunch.com
ampmetrics.techcrunch.com
api.login.techcrunch.com
apply.techcrunch.com
assets.techcrunch.com
aws.techcrunch.com
b-aws.techcrunch.com
b.techcrunch.com
battlefieldafrica.techcrunch.com
battlefieldaustralia.techcrunch.com
beta.techcrunch.com
cache0.techcrunch.com
camcorders.techcrunch.com
cloudstaging.techcrunch.com
cn.disrupt.techcrunch.com
community.techcrunch.com
crunchies.techcrunch.com
crunchies2007.techcrunch.com
crunchies2008.techcrunch.com
crunchies2009.techcrunch.com
crunchies2010.techcrunch.com
crunchies2011.techcrunch.com
crunchies2012.techcrunch.com
crunchies2013.techcrunch.com
crunchies2014.techcrunch.com
d.techcrunch.com
dev.search.techcrunch.com
develop.techcrunch.com
digital-cameras.techcrunch.com
disrupt.techcrunch.com
eu.techcrunch.com
evaluate-optin.techcrunch.com
fr.techcrunch.com
future.techcrunch.com
gillmorgang.techcrunch.com
giveaways.techcrunch.com
gps-navigation.techcrunch.com
groups.techcrunch.com
guce.login.techcrunch.com
guce.techcrunch.com
hardware.techcrunch.com
hardwarebattlefield.techcrunch.com
hardwarebattlefield16.techcrunch.com
hdtv.techcrunch.com
headphones.techcrunch.com
horizon.techcrunch.com
i.techcrunch.com
info.techcrunch.com
jobs.techcrunch.com
jp-preprod.techcrunch.com
jp.techcrunch.com
laptops.techcrunch.com
link.techcrunch.com
liveintent.techcrunch.com
localcontent.techcrunch.com
login.techcrunch.com
loopt.techcrunch.com
m.jp.techcrunch.com
m.techcrunch.com
madison.techcrunch.com
mail.techcrunch.com
mailing.techcrunch.com
networking.techcrunch.com
nfl.techcrunch.com
nik.techcrunch.com
ns1.techcrunch.com
ns2.techcrunch.com
ns3.techcrunch.com
ns4.techcrunch.com
oa.techcrunch.com
oidc.techcrunch.com
on.techcrunch.com
pitches.techcrunch.com
pixel.techcrunch.com
podcast.techcrunch.com
pr.login.techcrunch.com
preprod.techcrunch.com
profiles-int.techcrunch.com
profiles.techcrunch.com
projectors.techcrunch.com
qa.search.techcrunch.com
ryot.techcrunch.com
search.techcrunch.com
sites.techcrunch.com
smartphones.techcrunch.com
social.techcrunch.com
spy.techcrunch.com
st.techcrunch.com
stage.api.login.techcrunch.com
stage.guce.login.techcrunch.com
stage.guce.techcrunch.com
stage.login.techcrunch.com
stage.oidc.techcrunch.com
staging.techcrunch.com
startupalley.techcrunch.com
startupalleyeu15.techcrunch.com
startupalleyeu2014.techcrunch.com
startupalleylon16.techcrunch.com
startupalleyny15.techcrunch.com
startupalleyny17.techcrunch.com
startupalleyny2014.techcrunch.com
startupalleysf15.techcrunch.com
startupalleysf16.techcrunch.com
startupalleysf17.techcrunch.com
static.techcrunch.com
tablets.techcrunch.com
tc50tweets.techcrunch.com
techcrunch.com
trends.techcrunch.com
trunk.api.login.techcrunch.com
trunk.guce.login.techcrunch.com
trunk.guce.techcrunch.com
trunk.login.techcrunch.com
trunk.oidc.techcrunch.com
uk.techcrunch.com
unitag.techcrunch.com
universal-remotes.techcrunch.com
up.techcrunch.com
video.techcrunch.com
vote.crunchies.techcrunch.com
vote.crunchies2008.techcrunch.com
webappsurvey2009.techcrunch.com
webmail.techcrunch.com
wiki.techcrunch.com
www.develop.techcrunch.com
www.techcrunch.com
