3.tesla.cn
api-stg.shop.tesla.cn
api.shop.tesla.cn
api.tesla.cn
apm.tesla.cn
app.tesla.cn
arfpvg16s1.tesla.cn
artifactory-public.it.cloud.tesla.cn
auth-stage.tesla.cn
auth.tesla.cn
autodiscover.tesla.cn
cas-grafana-prod.cas.tesla.cn
community.tesla.cn
digitalassets-shop.tesla.cn
eng.chen.cloud.tesla.cn
enterpriseenrollment.tesla.cn
enterpriseregistration.tesla.cn
events.tesla.cn
githubmirror.tesla.cn
inside.tesla.cn
insurance.tesla.cn
livestream.tesla.cn
livestreamapi.tesla.cn
location-services-prd.tesla.cn
location.tesla.cn
lyncdiscover.tesla.cn
media-server-me.tesla.cn
mfs-supplier-eng.mo.tesla.cn
mfs-supplier.mo.tesla.cn
monitoring.tesla.cn
msoid.tesla.cn
my.tesla.cn
nav-prd-maps.tesla.cn
notifytest.tesla.cn
onboarding-pre-delivery.tesla.cn
origin-profile.tesla.cn
origin-static-assets.tesla.cn
ownership.tesla.cn
partners.tesla.cn
profile.tesla.cn
qa.tesla.cn
sales-prd.tesla.cn
service.tesla.cn
servicegateway.tesla.cn
shop.tesla.cn
sip.tesla.cn
sso.tesla.cn
stage.tesla.cn
static-assets-pay.tesla.cn
static-assets.tesla.cn
tesla.cn
tutorial.vn.cloud.tesla.cn
wechat-stg.tesla.cn
wechat.tesla.cn
www.tesla.cn
