--www.teslamotors.com
.internalsite.teslamotors.com
.internalsiteapp.teslamotors.com
.shop.uk.teslamotors.com
01016.teslamotors.com
20.teslamotors.com
20www.teslamotors.com
72-34dbalancer.teslamotors.com
_domainkey.teslamotors.com
_sip._tls.teslamotors.com
_sipfederationtls._tcp.teslamotors.com
_spf.teslamotors.com
_spfsn.teslamotors.com
_tcp.teslamotors.com
_tls.teslamotors.com
a.mx.news.teslamotors.com
aads.teslamotors.com
academy.teslamotors.com
acm1.teslamotors.com
acm2.teslamotors.com
adfs.teslamotors.com
adhocportalapi.teslamotors.com
akamai-apigateway-stg-teslaotpapi.teslamotors.com
akamai-apigateway-teslaotpapi.teslamotors.com
alignment.apigateway-stg.teslamotors.com
ams10-cpi-cppm1.teslamotors.com
ams10-radius1.teslamotors.com
ams10-radius2.teslamotors.com
ams10ztagw-ext.teslamotors.com
ap-ex.teslamotors.com
ap.vpn.teslamotors.com
api-toolbox-external-stg.teslamotors.com
apigateway-stg.teslamotors.com
apigateway-stg2.teslamotors.com
apigateway.teslamotors.com
apmobility.teslamotors.com
apps.teslamotors.com
apvpn-ex.teslamotors.com
apvpn.teslamotors.com
arfsck01-edge.teslamotors.com
argocd.private.multitenantqts.prod.k8s.teslamotors.com
artifactory.dev.teslamotors.com
artifactory.teslamotors.com
attwsproxy-stg.teslamotors.com
attwsproxy.teslamotors.com
autapp01.pvg01.teslamotors.com
autdb01.pvg01.teslamotors.com
autdb02.pvg01.teslamotors.com
auth-playground.teslamotors.com
auth-stage.teslamotors.com
autodiscover.teslamotors.com
aweis.teslamotors.com
axremote.teslamotors.com
b2b-sftp.teslamotors.com
back85.teslamotors.com
base1wfodcs.teslamotors.com
base1wfofns.teslamotors.com
bem-gw-dev.teslamotors.com
bem-gw-stg.teslamotors.com
bem-gw.teslamotors.com
bem-processapi-dev.teslamotors.com
bem-processapi.teslamotors.com
bemapi-stg.teslamotors.com
bemapi-tst.teslamotors.com
bemapi.teslamotors.com
beta.teslamotors.com
bi.teslamotors.com
bitlocker.teslamotors.com
bouncer.dev.teslamotors.com
bouncer.vn.teslamotors.com
captive-underwriting-service-dev.teslamotors.com
captive-underwriting-service-qa.teslamotors.com
captive-underwriting-service-stg.teslamotors.com
captive-underwriting-service-stg2.teslamotors.com
captive-underwriting-service.teslamotors.com
cartalk.teslamotors.com
channel.dev.teslamotors.com
check.teslamotors.com
clearpass.teslamotors.com
click.e.teslamotors.com
cn-ex.vpn.teslamotors.com
cn-origin.teslamotors.com
cn.auth.teslamotors.com
cn.teslamotors.com
cnvmanage.teslamotors.com
cnvpn-ex.teslamotors.com
cnvpn.dev.teslamotors.com
cnvpn.teslamotors.com
cnvpn.vn.teslamotors.com
compensation.teslamotors.com
conferencing.teslamotors.com
confluence.teslamotors.com
connect.teslamotors.com
creditauction.teslamotors.com
crl.teslamotors.com
csp.teslamotors.com
delivery-apigateway.teslamotors.com
delivery-stg-apigateway.teslamotors.com
delivery-stg2-apigateway.teslamotors.com
deliveryops.teslamotors.com
dev.teslamotors.com
dialin.teslamotors.com
dns.teslamotors.com
domino.teslamotors.com
drupal8-prod.teslamotors.com
drupal8-stage.teslamotors.com
dtoolbox.teslamotors.com
dummy.teslamotors.com
dzito.teslamotors.com
e.teslamotors.com
eaa-setup.teslamotors.com
ec.teslamotors.com
email1.teslamotors.com
energy-gw-stg.teslamotors.com
energy-gw-stg2.teslamotors.com
energy-gw.teslamotors.com
energystorage.teslamotors.com
envoy-commerce.teslamotors.com
envoy-financepartner.teslamotors.com
envoy-logisticsportal.teslamotors.com
envoy-partnerleadsharing.teslamotors.com
envoy-supplierprofile.teslamotors.com
epc.teslamotors.com
epcapi.teslamotors.com
eu-mobility.teslamotors.com
eu-vpn.vn.teslamotors.com
eumirror.teslamotors.com
eumobility.teslamotors.com
euvpn-ex.teslamotors.com
euvpn.teslamotors.com
euvpn1.teslamotors.com
evprd.teslamotors.com
exec.teslamotors.com
extconfl.teslamotors.com
extconfluence.teslamotors.com
external-smtp.teslamotors.com
external-ssl.teslamotors.com
external.teslamotors.com
extgit.teslamotors.com
extissues.teslamotors.com
extsvn.teslamotors.com
factory-k8s-dev.teslamotors.com
factory-k8s-prd.teslamotors.com
factory-k8s-prod.teslamotors.com
factory-k8s.teslamotors.com
fastcharge.teslamotors.com
files.teslamotors.com
financial-gw-stg.teslamotors.com
financial-gw.teslamotors.com
firmware-ota.vn.teslamotors.com
firmware.teslamotors.com
firmware.vn.teslamotors.com
fleet-api.teslamotors.com
fleetview.teslamotors.com
forums.teslamotors.com
frontapp.teslamotors.com
fs.teslamotors.com
ftp.teslamotors.com
ftp1.teslamotors.com
fvcarriers.teslamotors.com
fw.teslamotors.com
garage.dev.teslamotors.com
garage.vn.teslamotors.com
gf-modeling-mpp.teslamotors.com
gitmirror.teslamotors.com
guestportal.teslamotors.com
helpdesk.teslamotors.com
hkvpn-ex.teslamotors.com
hkvpn.teslamotors.com
hrosapi-origin.teslamotors.com
hrosapi.teslamotors.com
httponly_portal.vn.teslamotors.com
https-www-test03.teslamotors.com
hvswitchform.teslamotors.com
i18nprod-jp.teslamotors.com
ibabushkin-cube.teslamotors.com
ignition-bp-preprod.teslamotors.com
ignitionapp.teslamotors.com
ilt.teslamotors.com
imail.teslamotors.com
infra-tunnel-app.teslamotors.com
infra-tunnel-app1.teslamotors.com
internal.teslamotors.com
internalsite.teslamotors.com
internalsiteapp.teslamotors.com
inventory.teslamotors.com
ipad-docs.teslamotors.com
ipv6-wildcard.teslamotors.com
issues.teslamotors.com
japan.teslamotors.com
jss-retail.teslamotors.com
jss.teslamotors.com
jupytersvn.teslamotors.com
kronos.teslamotors.com
kronos7.teslamotors.com
kt.teslamotors.com
la-origin.teslamotors.com
leadgen.teslamotors.com
leaseapp-test.teslamotors.com
leaseapp.teslamotors.com
leaseappde.teslamotors.com
legacy.teslamotors.com
loadbalancer.teslamotors.com
location.teslamotors.com
lockit.teslamotors.com
lockpay.teslamotors.com
logcollection.teslamotors.com
lsrp.teslamotors.com
lus-haywh-07.teslamotors.com
lync.teslamotors.com
lyncadmin.teslamotors.com
lyncdiscover.teslamotors.com
lyncdiscoverinternal.teslamotors.com
lyndir.teslamotors.com
m3location.teslamotors.com
mail.teslamotors.com
mail2.teslamotors.com
marketing.teslamotors.com
mbam.teslamotors.com
mbamprdams1.teslamotors.com
mbamprddb1.teslamotors.com
meet.teslamotors.com
messagecenter-external-api-stage.teslamotors.com
mfgcnpwdrstrdp.teslamotors.com
mirror.teslamotors.com
mobileapps-tst.teslamotors.com
mobileapps.teslamotors.com
mobility.teslamotors.com
mta.e.teslamotors.com
mx.news.teslamotors.com
my-dev-origin.teslamotors.com
my-dev.teslamotors.com
my-origin.teslamotors.com
my.teslamotors.com
my45-origin.teslamotors.com
my45.teslamotors.com
mycn-origin.teslamotors.com
mysite.teslamotors.com
mytadmin.teslamotors.com
mytcore-prdsvc.teslamotors.com
mytcore-stgsvc.teslamotors.com
mytesla-aem.teslamotors.com
mytesla-stg.teslamotors.com
myteslawd-uat.teslamotors.com
neovi-vpn.teslamotors.com
neovi.teslamotors.com
neovi3.teslamotors.com
new-dev-origin.teslamotors.com
new-dev.teslamotors.com
new-my-origin.teslamotors.com
new-my.teslamotors.com
new-origin.teslamotors.com
new.teslamotors.com
nmap.autodiscover.teslamotors.com
nmap.csp.teslamotors.com
noc.teslamotors.com
nwww.teslamotors.com
ocsp.teslamotors.com
onboarding-pre-delivery-prod-cn.teslamotors.com
onboarding-pre-delivery-prod.teslamotors.com
origin-apigateway.teslamotors.com
origin-apigatewaycn.teslamotors.com
origin-auth-stage.teslamotors.com
origin-cn-suppliers.teslamotors.com
origin-cn.teslamotors.com
origin-extconfluence.teslamotors.com
origin-extgit.teslamotors.com
origin-extissues.teslamotors.com
origin-geoip-na01.teslamotors.com
origin-jss.teslamotors.com
origin-messagecenter-external-api-stage.teslamotors.com
origin-mobileapps.teslamotors.com
origin-my45.teslamotors.com
origin-mytesla-stg.teslamotors.com
origin-na-suppliers.teslamotors.com
origin-onboarding-pre-delivery-prod.teslamotors.com
origin-payment-gateway-stg.teslamotors.com
origin-payment-gateway.teslamotors.com
origin-proto.teslamotors.com
origin-service.teslamotors.com
origin-slingsdlc.teslamotors.com
origin-smartling-apigateway-stg.teslamotors.com
origin-smartling-gateway.teslamotors.com
origin-stg-suppliers.teslamotors.com
origin-stg2-my.teslamotors.com
origin-stg2.teslamotors.com
origin-tesla-account-app-prd.teslamotors.com
origin-toolbox.teslamotors.com
origin-trt.teslamotors.com
origin-tst-mobileapps.teslamotors.com
origin-wd-stg.teslamotors.com
origin-wte.teslamotors.com
origin-www-uat2-my.teslamotors.com
origin-www-uat2.teslamotors.com
origin-www45.teslamotors.com
origin.teslamotors.com
origintest.teslamotors.com
osquery-dev-fleet.teslamotors.com
osquery-fleet.teslamotors.com
ovpn-test.dev.teslamotors.com
ovpn-test.vn.teslamotors.com
owner-api-new.dev.teslamotors.com
owner-api.dev.teslamotors.com
owner-api.teslamotors.com
owner-api.vn.teslamotors.com
owner-api2.dev.teslamotors.com
packaging-v2-api-stg.teslamotors.com
packaging-v2-api.teslamotors.com
packaging-v2-ui.teslamotors.com
partners.teslamotors.com
payment-gateway-stg.teslamotors.com
payment-gateway.teslamotors.com
periscope.teslamotors.com
phx03-cpi-cppm1.teslamotors.com
plcvpn.teslamotors.com
portal.dev.teslamotors.com
portal.vn.teslamotors.com
proxysvc-referral-prod-cn.teslamotors.com
proxysvc-referral-prod.teslamotors.com
pvg01-cpi-cppm.teslamotors.com
pvg01-radius01.teslamotors.com
pvg01-radius02.teslamotors.com
pxy01-www.teslamotors.com
pxy02-www.teslamotors.com
pxy03-www.teslamotors.com
pxy04-www.teslamotors.com
qa.teslamotors.com
qts-pe-dev-vault.teslamotors.com
qts-pe-prod-vault.teslamotors.com
quickbase.teslamotors.com
radius.teslamotors.com
rav4garage.teslamotors.com
rdate.teslamotors.com
redacted.teslamotors.com
redmine.teslamotors.com
referral.teslamotors.com
resources.teslamotors.com
retailconnect.teslamotors.com
roadstergarage.teslamotors.com
rsa-dev.teslamotors.com
rsa-selfservice.teslamotors.com
rumcollector.teslamotors.com
rumipv6.teslamotors.com
sales-stg.teslamotors.com
san.teslamotors.com
sdlcvpn.teslamotors.com
securelogin.teslamotors.com
securemail.teslamotors.com
seg.teslamotors.com
service-3pl-gw-stg.teslamotors.com
service-3pl-gw-stg2.teslamotors.com
service-3pl-gw.teslamotors.com
service-api.teslamotors.com
service-stg-api.teslamotors.com
service.teslamotors.com
sfdc-bem-gw-stg.teslamotors.com
sfdc-bem-gw.teslamotors.com
sfdc-gw-stg.teslamotors.com
sfdc-gw-stg2.teslamotors.com
sfdc-gw.teslamotors.com
sfdc-sdlc.teslamotors.com
sfdc-stg2.teslamotors.com
sfdc-stg3.teslamotors.com
sftp.teslamotors.com
sgvpn.teslamotors.com
share.teslamotors.com
shipping01.sjc05.teslamotors.com
shop.ca.teslamotors.com
shop.ch.teslamotors.com
shop.dk.teslamotors.com
shop.europe.teslamotors.com
shop.no.teslamotors.com
shop.se.teslamotors.com
shop.teslamotors.com
shop.uk.teslamotors.com
signaling.dev.teslamotors.com
signaling.vn.teslamotors.com
sip.teslamotors.com
siprw2.teslamotors.com
siputil2.teslamotors.com
sjc01-cas3.teslamotors.com
sjc01-cas4.teslamotors.com
sjc01-plmfcs01.teslamotors.com
sjc02p1purfs103.teslamotors.com
sjc02ztagwvendor.teslamotors.com
sjc04-cmpprdwb1.teslamotors.com
sjc04-cpi-cppm1.teslamotors.com
sjc04-django.teslamotors.com
sjc04-eggbasket.teslamotors.com
sjc04-eisrprd01.teslamotors.com
sjc04-evprd.teslamotors.com
sjc04-lynprddp1.teslamotors.com
sjc04-lynprdds1.teslamotors.com
sjc04-lynprdds2.teslamotors.com
sjc04-lynprdfm1.teslamotors.com
sjc04-lynprdfm2.teslamotors.com
sjc04-lynprdfm3.teslamotors.com
sjc04-lynprdpl1.teslamotors.com
sjc04-ssradius1.teslamotors.com
sjc04-ssradius2.teslamotors.com
sjc04d1autap01.teslamotors.com
sjc04p1autap01.teslamotors.com
sjc04p1autdb1.teslamotors.com
sjc04p1autdb2.teslamotors.com
sjc04p1infrd01.teslamotors.com
sjc04p1infrd02.teslamotors.com
sjc04p1infrd03.teslamotors.com
sjc04p1infrd04.teslamotors.com
sjc04p1infrd10.teslamotors.com
sjc04p1infrd11.teslamotors.com
sjc04p1sples01.teslamotors.com
sjc04p1sples02.teslamotors.com
sjc04p1tciap01.teslamotors.com
sjc04p1wwwvr11.sjc05.teslamotors.com
sjc04p1wwwvr21.sjc05.teslamotors.com
sjc04p2autap1.teslamotors.com
sjc04p2autdb1.teslamotors.com
sjc04p2autdb2.teslamotors.com
sjc04p2staap04.teslamotors.com
sjc04s1gipap01.teslamotors.com
sjc04z1splap01.teslamotors.com
sjc04ztagw-ext.teslamotors.com
sjc04ztatsdba-ext.teslamotors.com
sjc18-rpi-wlc-lab.teslamotors.com
sjc18-rpi-wlc1.teslamotors.com
sjc18-rpi-wlc2.teslamotors.com
sling.teslamotors.com
smartling-apigateway.teslamotors.com
smswsproxy.teslamotors.com
smtp-gw.teslamotors.com
sourcing.teslamotors.com
sp.teslamotors.com
specs.teslamotors.com
sso-dec.teslamotors.com
sso-sig.teslamotors.com
sso.teslamotors.com
stage.teslamotors.com
stage2-my.teslamotors.com
stage2-tp-api.teslamotors.com
stage2-tp-incentives.teslamotors.com
stage2.teslamotors.com
staging.teslamotors.com
stash.teslamotors.com
static01.www.teslamotors.com
static01.wwwi.teslamotors.com
static02.www.teslamotors.com
static02.wwwi.teslamotors.com
static03.www.teslamotors.com
static03.wwwi.teslamotors.com
static04.www.teslamotors.com
static04.wwwi.teslamotors.com
stationarybat.teslamotors.com
stg-partners.teslamotors.com
stg-suppliers.teslamotors.com
storagesim.teslamotors.com
store-test5.teslamotors.com
str01.vn.teslamotors.com
str02.vn.teslamotors.com
str03.vn.teslamotors.com
str04.vn.teslamotors.com
streaming-new.dev.teslamotors.com
streaming.dev.teslamotors.com
streaming.vn.teslamotors.com
supercharger.teslamotors.com
supplier-gw-stg.teslamotors.com
suppliers-backup.teslamotors.com
suppliers-new.teslamotors.com
suppliers.teslamotors.com
svn.teslamotors.com
tel.vn.teslamotors.com
tesla-account-app-prd.teslamotors.com
tesla3dx.teslamotors.com
teslamotors.com
teslaplm-external.teslamotors.com
teslaplm-sjcfcs.teslamotors.com
test.owner-api.teslamotors.com
testimail.teslamotors.com
tls.teslamotors.com
toolbox-energy-stg.teslamotors.com
toolbox-energy.teslamotors.com
toolbox-external-stg.teslamotors.com
toolbox-messagecenter-external-api-stage.teslamotors.com
toolbox-prd.teslamotors.com
toolbox.teslamotors.com
tp-api.teslamotors.com
tp-incentives.teslamotors.com
trac.teslamotors.com
training.teslamotors.com
transport-vendor-gw.teslamotors.com
trt.teslamotors.com
tss.teslamotors.com
tssapi-stg.teslamotors.com
tssapi-stg2.teslamotors.com
tssapi.teslamotors.com
tsscn.teslamotors.com
uk.teslamotors.com
ukmail.teslamotors.com
upload.teslamotors.com
us.auth.teslamotors.com
userpics.teslamotors.com
usvpn.dev.teslamotors.com
usvpn.vn.teslamotors.com
util1.teslamotors.com
va.teslamotors.com
varnish11a.pvg01.teslamotors.com
vehicle-files.teslamotors.com
vendor-mfgcnrdpgw-443.teslamotors.com
vendor-validation.teslamotors.com
vendorvpn.teslamotors.com
viewsvn.teslamotors.com
vitals.dev.teslamotors.com
vn.teslamotors.com
voltage-pp-0000.teslamotors.com
vpn-ex.teslamotors.com
vpn-node0.teslamotors.com
vpn-test.dev.teslamotors.com
vpn-test.vn.teslamotors.com
vpn.dev.teslamotors.com
vpn.teslamotors.com
vpn.vn.teslamotors.com
vus-w10tax-001.teslamotors.com
vus-w10tax-002.teslamotors.com
w242.teslamotors.com
warpdrive.teslamotors.com
wd-deliveryopsapi.teslamotors.com
wd-dev-warptmsapiserver.teslamotors.com
wd-einvoicingapi.teslamotors.com
wd-ftaapi.teslamotors.com
wd-prd.teslamotors.com
wd-stg-deliveryopsapi.teslamotors.com
wd-stg-einvoicingapi.teslamotors.com
wd-stg-ftaapi.teslamotors.com
wd-stg-teslaotpapi.teslamotors.com
wd-stg-vendorpartsapi.teslamotors.com
wd-stg-warpassetapi.teslamotors.com
wd-stg-warpdashboardapi.teslamotors.com
wd-stg-warpediapi.teslamotors.com
wd-stg-warptmsapiserver.teslamotors.com
wd-stg2.teslamotors.com
wd-teslaotpapi.teslamotors.com
wd-vendorpartsapi.teslamotors.com
wd-warpassetapi.teslamotors.com
wd-warpcxmlinterfaceapi.teslamotors.com
wd-warpdashboardapi.teslamotors.com
wd-warpediapi.teslamotors.com
wd-warptmsapiserver.teslamotors.com
wd.s3.teslamotors.com
web1.teslamotors.com
web11a.pvg01.teslamotors.com
web2.teslamotors.com
web3.teslamotors.com
webarchive.teslamotors.com
websvn.teslamotors.com
wechat.teslamotors.com
westream.teslamotors.com
winnell.teslamotors.com
wsext-test.teslamotors.com
wsext.teslamotors.com
wsproxy-cn.teslamotors.com
wsproxy-cntst.teslamotors.com
wsproxy-sdlc.teslamotors.com
wsproxy.teslamotors.com
wsproxy2.teslamotors.com
wwe-stg.teslamotors.com
www-0-lax.teslamotors.com
www-dev.teslamotors.com
www-origin.teslamotors.com
www-test.teslamotors.com
www-test03.teslamotors.com
www-test05.teslamotors.com
www-test07.teslamotors.com
www-uat.teslamotors.com
www-uat2-my.teslamotors.com
www-uat2.teslamotors.com
www.autapp01.pvg01.teslamotors.com
www.base1wfodcs.teslamotors.com
www.base1wfofns.teslamotors.com
www.clearpass.teslamotors.com
www.euvpn1.teslamotors.com
www.garage.vn.teslamotors.com
www.jss.teslamotors.com
www.news.teslamotors.com
www.owner-api.teslamotors.com
www.sftp.teslamotors.com
www.sjc04p2autap1.teslamotors.com
www.teslamotors.com
www.toolbox-external-stg.teslamotors.com
www.toolbox.teslamotors.com
www.wd.s3.teslamotors.com
www03.sjc05.teslamotors.com
www45.teslamotors.com
wwwa.teslamotors.com
wwwb.teslamotors.com
x.teslamotors.com
xmail.teslamotors.com
xmailcn.teslamotors.com
ztawebapps.teslamotors.com
