-prod.tesla.com
-test.tesla.com
-www.tesla.com
20.tesla.com
3.tesla.com
47.tesla.com
NA-SSO.tesla.com
SimpleOrigin.tesla.com
_sip._tls.tesla.com
_sipfederationtls._tcp.tesla.com
_tcp.tesla.com
_tls.tesla.com
academiawashingtonribeiraopreto.tesla.com
akamai-apigateway-automation.tesla.com
akamai-apigateway-bender.tesla.com
akamai-apigateway-captiveunderwriting.tesla.com
akamai-apigateway-crawford-prd.tesla.com
akamai-apigateway-crawford-stg.tesla.com
akamai-apigateway-deliveryopsapi.tesla.com
akamai-apigateway-deliveryopsapi1.tesla.com
akamai-apigateway-deliveryopsvitu.tesla.com
akamai-apigateway-dev-captiveunderwriting.tesla.com
akamai-apigateway-dev-warptmsapiserver-upgrade.tesla.com
akamai-apigateway-dev-warptmsapiserver.tesla.com
akamai-apigateway-ehs-stg.tesla.com
akamai-apigateway-ehs.tesla.com
akamai-apigateway-einvoicing.tesla.com
akamai-apigateway-finplat-prd.tesla.com
akamai-apigateway-finplat-stg.tesla.com
akamai-apigateway-finplateng-defi.tesla.com
akamai-apigateway-finplateng-routeone.tesla.com
akamai-apigateway-finplateng.tesla.com
akamai-apigateway-fta.tesla.com
akamai-apigateway-inventorytxnextapi.tesla.com
akamai-apigateway-logisticsratesapi.tesla.com
akamai-apigateway-materials.tesla.com
akamai-apigateway-mfs-gfb-stg.tesla.com
akamai-apigateway-mfs-supplier-uat.tesla.com
akamai-apigateway-mfs-supplier.tesla.com
akamai-apigateway-ops-warp3pl.tesla.com
akamai-apigateway-packaging2.tesla.com
akamai-apigateway-payment.tesla.com
akamai-apigateway-prd-global-deliveryopsapi.tesla.com
akamai-apigateway-procuretopayapi.tesla.com
akamai-apigateway-profileapi.tesla.com
akamai-apigateway-qa-captiveunderwriting.tesla.com
akamai-apigateway-scraprecycle.tesla.com
akamai-apigateway-shipmentplanningapi.tesla.com
akamai-apigateway-stg-bender.tesla.com
akamai-apigateway-stg-captiveunderwriting.tesla.com
akamai-apigateway-stg-deliveryopsapi.tesla.com
akamai-apigateway-stg-deliveryopsapi1.tesla.com
akamai-apigateway-stg-deliveryopsvitu.tesla.com
akamai-apigateway-stg-einvoicing.tesla.com
akamai-apigateway-stg-finplateng-defi.tesla.com
akamai-apigateway-stg-finplateng-routeone.tesla.com
akamai-apigateway-stg-finplateng.tesla.com
akamai-apigateway-stg-fta.tesla.com
akamai-apigateway-stg-global-deliveryopsapi.tesla.com
akamai-apigateway-stg-inventorytxnextapi.tesla.com
akamai-apigateway-stg-materials.tesla.com
akamai-apigateway-stg-ops-warp3pl.tesla.com
akamai-apigateway-stg-packaging2.tesla.com
akamai-apigateway-stg-payment.tesla.com
akamai-apigateway-stg-procuretopayapi.tesla.com
akamai-apigateway-stg-profileapi.tesla.com
akamai-apigateway-stg-sandbox-automation.tesla.com
akamai-apigateway-stg-shipmentplanningapi.tesla.com
akamai-apigateway-stg-teslarpsapi.tesla.com
akamai-apigateway-stg-translationpipeline.tesla.com
akamai-apigateway-stg-vendorpartsapi.tesla.com
akamai-apigateway-stg-warp3pl.tesla.com
akamai-apigateway-stg-warpassetapi.tesla.com
akamai-apigateway-stg-warpcxml.tesla.com
akamai-apigateway-stg-warpdashboardapi.tesla.com
akamai-apigateway-stg-warpedi.tesla.com
akamai-apigateway-stg-warptmsapiserver-upgrade.tesla.com
akamai-apigateway-stg-warptmsapiserver.tesla.com
akamai-apigateway-stg-warptqpapi.tesla.com
akamai-apigateway-stg2-deliveryopsapi.tesla.com
akamai-apigateway-stg2-global-deliveryopsapi.tesla.com
akamai-apigateway-teslarpsapi.tesla.com
akamai-apigateway-translationpipeline.tesla.com
akamai-apigateway-uat-materials.tesla.com
akamai-apigateway-vendorpartsapi.tesla.com
akamai-apigateway-warp3pl.tesla.com
akamai-apigateway-warpassetapi.tesla.com
akamai-apigateway-warpcxml.tesla.com
akamai-apigateway-warpdashboardapi.tesla.com
akamai-apigateway-warpedi.tesla.com
akamai-apigateway-warptmsapiserver-upgrade.tesla.com
akamai-apigateway-warptmsapiserver.tesla.com
akamai-apigateway-warptqpapi.tesla.com
akamai-apigateway-zip3-suppliersequence.tesla.com
apac-sso.tesla.com
apacvpn1.tesla.com
api-account-master.tesla.com
api-firebolt-dev.tesla.com
api-firebolt-stage.tesla.com
api-firebolt.tesla.com
api-toolbox.tesla.com
appplayer.tesla.com
apps.tesla.com
assets.github-ap.tesla.com
assets.github-fw.tesla.com
assets.github-it.tesla.com
assets.github.tesla.com
aurora-ordering-ext-qa.tesla.com
aurora-ordering-ext-stg.tesla.com
aurora-ordering-ext.tesla.com
auth-global-stage.tesla.com
auth-global.tesla.com
auth.tesla.com
autobidder-eng.powerhub.energy.tesla.com
autobidder-preprd.powerhub.energy.tesla.com
autobidder.powerhub.energy.tesla.com
autodiscover.contractors.contractors.tesla.com
autodiscover.tesla.com
avatars.github-ap.tesla.com
avatars.github-fw.tesla.com
avatars.github-it.tesla.com
avatars.github.tesla.com
awsbtest.tesla.com
bcl.tesla.com
bctpay.tesla.com
bender-auth.tesla.com
beta-fvcarriers.tesla.com
beta-partners.tesla.com
beta-suppliers.tesla.com
bi.tesla.com
billing.tesla.com
blog.tesla.com
bolt.tesla.com
bounce.emails.tesla.com
business-ui-ownership.tesla.com
ca.tesla.com
cdn-design.tesla.com
cdns-content.tesla.com
checkout-ui-assets.tesla.com
cicerone.tesla.com
ciscoguest.tesla.com
cld-ec.tesla.com
click.email.tesla.com
click.emails.tesla.com
cloudprotect.tesla.com
cn.tesla.com
cnvpn.tesla.com
codeload.github-ap.tesla.com
codeload.github-fw.tesla.com
codeload.github-it.tesla.com
codeload.github.tesla.com
com.tesla.com
comparison.tesla.com
courses.tesla.com
crpt.tesla.com
cryptopay.tesla.com
cryptopay2.tesla.com
cryptopay3.tesla.com
cryptopay4.tesla.com
darkfield.tesla.com
dataviz.tesla.com
de.tesla.com
dev.tesla.com
digitalassets-energy.tesla.com
digitalassets-learning.tesla.com
digitalassets-shop.tesla.com
digitalassets.tesla.com
docker.github-ap.tesla.com
docker.github-fw.tesla.com
docker.github-it.tesla.com
docker.github.tesla.com
eaa-setup.tesla.com
edgedns.tesla.com
edr.tesla.com
ehs.tesla.com
einvoicing.tesla.com
em1.tesla.com
em1488.tesla.com
em1962.tesla.com
em3490.tesla.com
em5886.tesla.com
em7799.tesla.com
email.tesla.com
email.vms.tesla.com
email1.tesla.com
emails.tesla.com
employee-teslatequila.tesla.com
energy.tesla.com
energydesk.tesla.com
enterpriseregistration.c.tesla.com
enterpriseregistration.contractors.contractors.tesla.com
enterpriseregistration.tesla.com
envoy-finplat-stg.tesla.com
envoy-finplat-sunlight.tesla.com
envoy-partnerleadsharing.tesla.com
envoy-partnertasks.tesla.com
epc.tesla.com
epcapi.tesla.com
errlog-stage.tesla.com
errlog.tesla.com
eu.tesla.com
eua-origin.tesla.com
eumirror.tesla.com
events.tesla.com
excluded.tesla.com
external-3pl-prd.tesla.com
external-3pl-stg.tesla.com
external-automation.tesla.com
external-sandbox-automation.tesla.com
factory-berlin.tesla.com
financeplatform.tesla.com
financial-gw-stg.tesla.com
financial-gw.tesla.com
finops.tesla.com
forums.tesla.com
gantry.tesla.com
gf-modeling-mpp.tesla.com
gist.github-ap.tesla.com
gist.github-fw.tesla.com
gist.github-it.tesla.com
gist.github.tesla.com
github-ap.tesla.com
github-fw.tesla.com
github-it.tesla.com
github.tesla.com
githubmirror.tesla.com
githubmirroraus08.tesla.com
githubmirrorber02.tesla.com
grid.tesla.com
gridlogic-eng.energy.tesla.com
gridlogic-eng.powerhub.energy.tesla.com
gridlogic-qa.energy.tesla.com
gridlogic.energy.tesla.com
gridlogic.powerhub.energy.tesla.com
group301.tesla.com
image-emails.tesla.com
image.email.tesla.com
image.emails.tesla.com
imap.tesla.com
inside-stg.tesla.com
inside.tesla.com
installations-ext-api.tesla.com
integration.kronos.tesla.com
inventory-assets.tesla.com
invest.tesla.com
itanswers.tesla.com
kpai7ycr7jxqkilp.tesla.com
kronos-dev.tesla.com
kronos.tesla.com
link.qa.tesla.com
link.tesla.com
links.tesla.com
lionpayshare.tesla.com
lionpaytest.tesla.com
lionshare.tesla.com
livestream.tesla.com
livestreamapi-test.tesla.com
livestreamapi.tesla.com
location-services-prd.tesla.com
logcollection.tesla.com
lyncdiscover.c.tesla.com
lyncdiscover.contractors.contractors.tesla.com
lyncdiscover.tesla.com
mail.tesla.com
manager.courses.tesla.com
marketing.tesla.com
maven.github-ap.tesla.com
maven.github-fw.tesla.com
maven.github-it.tesla.com
maven.github.tesla.com
media.github-ap.tesla.com
media.github-fw.tesla.com
media.github-it.tesla.com
media.github.tesla.com
meet.tesla.com
mfa-dev.tesla.com
mfa-reset.tesla.com
mfa-stage.tesla.com
mfa.tesla.com
mfamobile-dev.tesla.com
mfauser-dev.tesla.com
mfg.tesla.com
mfs-supplier-uat.tesla.com
mfs-supplier.tesla.com
mirror.tesla.com
mobile.kronos.tesla.com
mobile.tesla.com
model3.tesla.com
monitoring.tesla.com
mrsproxy06.tesla.com
msoid.contractors.contractors.tesla.com
mta.email.tesla.com
mta.emails.tesla.com
mta2.email.tesla.com
mta2.emails.tesla.com
mta2gh.emails.tesla.com
mta3.emails.tesla.com
mta4.emails.tesla.com
mta5.emails.tesla.com
my.tesla.com
myapps.tesla.com
na-1-sso.tesla.com
na-2-sso.tesla.com
na-eq-sso.tesla.com
na-sso.tesla.com
naa-origin.tesla.com
nas-origin.tesla.com
new-dev.tesla.com
new.tesla.com
noservice.tesla.com
npm.github-ap.tesla.com
npm.github-fw.tesla.com
npm.github-it.tesla.com
npm.github.tesla.com
nuget.github-ap.tesla.com
nuget.github-fw.tesla.com
nuget.github-it.tesla.com
nuget.github.tesla.com
nv.tesla.com
ny.tesla.com
o2.ptr556.tesla.com
o3.ptr1444.tesla.com
o4.ptr1867.tesla.com
o5.ptr8466.tesla.com
o6.ptr9437.tesla.com
o7.ptr6980.tesla.com
onboard.tesla.com
oneteam.tesla.com
origin-apps.tesla.com
origin-aurora-ordering-ext.tesla.com
origin-auth.tesla.com
origin-bolt.tesla.com
origin-courses.tesla.com
origin-edr.tesla.com
origin-ehs-stg.tesla.com
origin-ehs.tesla.com
origin-einvoicing.tesla.com
origin-financialgateway-stg.tesla.com
origin-financialgateway.tesla.com
origin-finplat-prd.tesla.com
origin-finplat-stg.tesla.com
origin-grid.tesla.com
origin-inside-stg.tesla.com
origin-inside.tesla.com
origin-installations-ext-api.tesla.com
origin-itanswers.tesla.com
origin-mfa.tesla.com
origin-mobile.tesla.com
origin-ownership.tesla.com
origin-pilotbpay.tesla.com
origin-profile.tesla.com
origin-profileapi.tesla.com
origin-ranger-api.tesla.com
origin-referral-app.tesla.com
origin-slingsdlc.tesla.com
origin-sspr.tesla.com
origin-tcc-gw-stg.tesla.com
origin-tcc-gw.tesla.com
origin-toolbox-beta.tesla.com
origin-warp-stg.tesla.com
origin-warp.tesla.com
origin-www-auth.tesla.com
origin-www.tesla.com
origin-wwwcdn.tesla.com
os.tesla.com
other.tesla.com
ownership.tesla.com
pages.email.tesla.com
pages.emails.tesla.com
pages.github-ap.tesla.com
pages.github-fw.tesla.com
pages.github-it.tesla.com
pages.github.tesla.com
partnerleadsharing.tesla.com
partners.tesla.com
payment-public-stg.tesla.com
phototravel.tesla.com
pilot-bpay.tesla.com
pm-bounces.tesla.com
pop.tesla.com
powerhub.energy.tesla.com
powerwall.tesla.com
productinfo.tesla.com
profile.tesla.com
pub.email.tesla.com
q1haoturxk.tesla.com
qa.tesla.com
ranger-api.tesla.com
raw.github-ap.tesla.com
raw.github-fw.tesla.com
raw.github-it.tesla.com
raw.github.tesla.com
referral-app.tesla.com
referral.tesla.com
render.github-ap.tesla.com
render.github-fw.tesla.com
render.github-it.tesla.com
render.github.tesla.com
repair.tesla.com
reply.github-ap.tesla.com
reply.github-fw.tesla.com
reply.github-it.tesla.com
reply.github.tesla.com
resources.tesla.com
rioolbuizens.tesla.com
roadsideinvoice.tesla.com
rubygems.github-ap.tesla.com
rubygems.github-fw.tesla.com
rubygems.github-it.tesla.com
rubygems.github.tesla.com
rumipv6.tesla.com
sales-prd.tesla.com
sandbox-manager.courses.tesla.com
sandbox-studio.courses.tesla.com
sca.tesla.com
schedule.tesla.com
secure-static-assets.tesla.com
secureguest.tesla.com
secureguestcn.tesla.com
secureguesteu.tesla.com
sentry.app.tesla.com
server.tesla.com
serviceapi-stg.tesla.com
serviceapi.tesla.com
serviceapp.tesla.com
share.tesla.com
shop.eu.tesla.com
shop.tesla.com
simpleorigin.tesla.com
sip.contractors.contractors.tesla.com
sip.tesla.com
sjc04d1rsaap02.tesla.com
sling.tesla.com
smarttax.tesla.com
smtp.tesla.com
solarbonds.tesla.com
sso-dec.tesla.com
sso-dev-origin.tesla.com
sso-dev.tesla.com
sso-na.tesla.com
sso-sandbox.tesla.com
sso-sig.tesla.com
sso.tesla.com
sspr.tesla.com
stage-traffic-flow-test.tesla.com
stage.tesla.com
static-assets-pay.tesla.com
static-assets.tesla.com
static-event-dev.tesla.com
static-map.tesla.com
static.tesla.com
staticpay-origin-wwwcdn.tesla.com
stg-uc-twilio-bpm-webhook.tesla.com
studio.courses.tesla.com
studio.sandbox-courses.tesla.com
surveys.tesla.com
svopn.tesla.com
tcc-graph-stg.tesla.com
tcc-graph.tesla.com
tcc-gw-stg.tesla.com
tcc-gw.tesla.com
teamchat.tesla.com
teamchatcn.tesla.com
teamchatgl.tesla.com
tesla.com
teslacdpna0.tesla.com
teslacis.tesla.com
teslacmgus0.tesla.com
teslaquila.tesla.com
teslatequila.tesla.com
testnotify.tesla.com
three.tesla.com
toolbox-beta.tesla.com
toolbox.tesla.com
tradein.tesla.com
tradepartnertickets.tesla.com
trt.tesla.com
tssapi-aem-stg.tesla.com
tssapi-aem.tesla.com
tssapi-stg.tesla.com
tssapi.tesla.com
tweventhook.tesla.com
tx.tesla.com
ug.tesla.com
uploads.github-ap.tesla.com
uploads.github-fw.tesla.com
uploads.github-it.tesla.com
uploads.github.tesla.com
url1894.tesla.com
url2547.tesla.com
url4104.tesla.com
url4211.tesla.com
url4857.tesla.com
url5196.tesla.com
url5347.tesla.com
url6661.tesla.com
url7051.tesla.com
url8833.tesla.com
us-west-2-prd-it.k8s.tesla.com
view.email.tesla.com
view.emails.tesla.com
vmanage-alerts.tesla.com
vpn1.tesla.com
w3-akamai-apigateway-procuretopayapi.tesla.com
warehouse-stg.tesla.com
warehouse.tesla.com
warpbilling.tesla.com
wdm.kronos.tesla.com
webmail.tesla.com
wim.kronos.tesla.com
ww.tesla.com
www-dev.tesla.com
www-static-dev.tesla.com
www-static-prod.tesla.com
www-static-qa.tesla.com
www-static-stage.tesla.com
www-stg2.tesla.com
www-test.tesla.com
www-uat.tesla.com
www-uat2.tesla.com
www.gridlogic.energy.tesla.com
www.powerhub.energy.tesla.com
www.sandbox-studio.courses.tesla.com
www.tesla.com
www.teslaquila.tesla.com
www.teslatequila.tesla.com
www.toolbox.tesla.com
www.ug.tesla.com
www.vpn1.tesla.com
www45.tesla.com
wwwmta3-emailbjenkins.emails.tesla.com
wy7vtk21un.tesla.com
xapps.tesla.com
xmail.tesla.com
zta-setup.tesla.com
