account.tiktok.com
activity.tiktok.com
ads-service.tiktok.com
ads-sg.tiktok.com
ads-va.tiktok.com
ads.tiktok.com
adsinsightslab.tiktok.com
aff-id.tiktok.com
aff.tiktok.com
affiliate-id.tiktok.com
affiliate.tiktok.com
analytics-sg.tiktok.com
analytics.tiktok.com
api-m.tiktok.com
api-t.tiktok.com
api.tiktok.com
artist.tiktok.com
artists.tiktok.com
autodiscover.tiktok.com
banhang.tiktok.com
business-sso.tiktok.com
business-useast2a.tiktok.com
business.tiktok.com
careers.tiktok.com
carrierflow-sg.tiktok.com
carrierflow-va.tiktok.com
cc-test.tiktok.com
cc.tiktok.com
creatormarketplace-va-useast2a.tiktok.com
creatormarketplace-va.tiktok.com
creatormarketplace.tiktok.com
datahub.tiktok.com
datahubops.tiktok.com
dev.tiktok.com
developer-sg.tiktok.com
developer.tiktok.com
developers.tiktok.com
e.tiktok.com
effect-api-sg.tiktok.com
effect-api-va-useast2a.tiktok.com
effect-api-va.tiktok.com
effect.tiktok.com
experiment.tiktok.com
feelgood-api.tiktok.com
getstarted.tiktok.com
gma.tiktok.com
h1-16.tiktok.com
h2-16.tiktok.com
i.account.tiktok.com
i.service.tiktok.com
im-ws-sg.tiktok.com
im-ws-va.tiktok.com
image-sg.tiktok.com
image-va.tiktok.com
in.tiktok.com
link.e.tiktok.com
login.tiktok.com
m.tiktok.com
m1-16.tiktok.com
m2-16.tiktok.com
media.tiktok.com
meteor.tiktok.com
mg.tiktok.com
musician.tiktok.com
newsroom.tiktok.com
notifications.tiktok.com
o13.ptr2902.service.tiktok.com
o14.ptr1445.account.tiktok.com
o15.ptr425.account.tiktok.com
o16.ptr9230.service.tiktok.com
o17.ptr1147.service.tiktok.com
o18.ptr8067.service.tiktok.com
o19.ptr4023.service.tiktok.com
o2.ptr4323.i.account.tiktok.com
o20.ptr6684.service.tiktok.com
o23.ptr4260.service.tiktok.com
o24.ptr8276.service.tiktok.com
o25.ptr4821.service.tiktok.com
o26.ptr7957.service.tiktok.com
o27.ptr1078.service.tiktok.com
o3.ptr1888.i.service.tiktok.com
o4.ptr4598.i.service.tiktok.com
o5.ptr197.i.service.tiktok.com
open-api-useast1a.tiktok.com
open-api.tiktok.com
promotion-useast2a.tiktok.com
s16-ies-useast2a.tiktok.com
s16-ies.tiktok.com
seller-id.tiktok.com
seller-uk.tiktok.com
seller.tiktok.com
service.tiktok.com
shop-id.tiktok.com
shop-uk.tiktok.com
shop.tiktok.com
spotlight.tiktok.com
suggestions.tiktok.com
support.tiktok.com
survey.tiktok.com
t.tiktok.com
test-business-useast2a.tiktok.com
tiktok.com
trending.tiktok.com
tv.tiktok.com
url4077.ads-service.tiktok.com
url4153.service.tiktok.com
url7709.account.tiktok.com
us.tiktok.com
v.tiktok.com
v16-web-tv.tiktok.com
v16-web.tiktok.com
vm.tiktok.com
vt.tiktok.com
webapp-cn.tiktok.com
webapp-sg.tiktok.com
webapp-va.tiktok.com
webcast-m.tiktok.com
webcast-t.tiktok.com
webcast.tiktok.com
webform.tiktok.com
ww.tiktok.com
www-useast1a.tiktok.com
www.tiktok.com
www.trending.tiktok.com
www.vm.tiktok.com
www1.tiktok.com
zendesk1.tiktok.com
zendesk2.tiktok.com
zendesk3.tiktok.com
zendesk4.tiktok.com
