airflow-prod.datadev1.tinderops.net
airflow-staging.datadev1.tinderops.net
airflow.security.k8s.tinderops.net
airflowflower.ue1.tinderops.net
airflowflower.ue1az.tinderops.net
airflowwebserver.ue1.tinderops.net
airflowwebserver.ue1az.tinderops.net
amsflower.ue1az.tinderops.net
api.prodv2-b.k8s.tinderops.net
api.prodv2-c.k8s.tinderops.net
api.prodv2.k8s.tinderops.net
api.staging.k8s.tinderops.net
apisecondary.prodv2-c.k8s.tinderops.net
aqua.staging7.k8s.tinderops.net
archive.prometheus.tinderops.net
as1.tinderops.net
auth.prometheus.tinderops.net
auth.staging.k8s.tinderops.net
axonius.security.k8s.tinderops.net
bastion.as1.tinderops.net
bastion.ase1.tinderops.net
bastion.legacy.prod.tinderops.net
bastion.prodv2.k8s.tinderops.net
bastion.ue1.ops.tinderops.net
bastion.ue1.prdmon.tinderops.net
bastion.ue1az.tinderops.net
bastion.uw2.tinderops.net
cauldronloader-alb.ue1az.tinderops.net
cequence.ue1az.tinderops.net
cerebro.ase1.tinderops.net
cerebro.ec1.tinderops.net
cerebro.prodv2.k8s.tinderops.net
cerebro.staging.k8s.tinderops.net
cerebro.staging2.k8s.tinderops.net
cerebro.staging3.k8s.tinderops.net
cerebro.staging4.k8s.tinderops.net
cerebro.staging5.k8s.tinderops.net
cerebro.staging6.k8s.tinderops.net
cerebro.staging7.k8s.tinderops.net
cerebro.staging8.k8s.tinderops.net
cerebro.ue1az.tinderops.net
cerebro.uw2.tinderops.net
clamav.security.k8s.tinderops.net
content.prometheus.tinderops.net
dasera.security.k8s.tinderops.net
dasera.ue1az.tinderops.net
data-infra-alb.ue1az.tinderops.net
data-infra-c-alb.ue1az.tinderops.net
data-infra.ue1.tinderops.net
db.datadev1.tinderops.net
defender.security.k8s.tinderops.net
demisto.security.k8s.tinderops.net
dev-airflow.datadev1.tinderops.net
dev-redis.datadev1.tinderops.net
dev-rundeck.datadev1.tinderops.net
dev.datadev1.tinderops.net
dynamic-config.staging.k8s.tinderops.net
ec1.tinderops.net
elasticsearch.prometheus.tinderops.net
emrtest-alb.ue1az.tinderops.net
flinkmgr.prodv2.k8s.tinderops.net
flinkui-a.ue1az.tinderops.net
flinkui-b.ue1az.tinderops.net
flinkui-c.ue1az.tinderops.net
flinkui-d.ue1az.tinderops.net
flinkui.ue1az.tinderops.net
gcauldronloader.ue1az.tinderops.net
gcrm.ue1.tinderops.net
gcrossfire-data.ue1.tinderops.net
gcrossfire-ml.ue1.tinderops.net
gdata-crossfire.ue1.tinderops.net
gdata-infra-b.ue1az.tinderops.net
gdata-infra-c.ue1az.tinderops.net
gdata-infra.ue1.tinderops.net
gdata-infra.ue1az.tinderops.net
gdata-ml.ue1.tinderops.net
gdpr-alb.ue1az.tinderops.net
gemrtest.ue1az.tinderops.net
ggdpr.ue1az.tinderops.net
ghiggsloader.ue1az.tinderops.net
gml-development.ue1.tinderops.net
gml-infra.ue1az.tinderops.net
gml.ue1.tinderops.net
gmlrecs-prod.ue1az.tinderops.net
gmlrecsprodapps-prod.ue1az.tinderops.net
gmlrevenue.ue1az.tinderops.net
gmlrevenueapplication.ue1az.tinderops.net
gmlrevenueplatform.ue1az.tinderops.net
goperations-v2.ue1.tinderops.net
goperations.ue1az.tinderops.net
gprod-crossfire-data.ue1az.tinderops.net
gprod-qt.ue1.tinderops.net
gprod-qt.ue1az.tinderops.net
gqt.ue1.tinderops.net
grafana.as1.tinderops.net
grafana.ase1.tinderops.net
grafana.ec1.tinderops.net
grafana.prodv2-c.k8s.tinderops.net
grafana.staging.k8s.tinderops.net
grafana.staging2.k8s.tinderops.net
grafana.staging3.k8s.tinderops.net
grafana.staging4.k8s.tinderops.net
grafana.staging5.k8s.tinderops.net
grafana.staging6.k8s.tinderops.net
grafana.staging7.k8s.tinderops.net
grafana.staging8.k8s.tinderops.net
grafana.ue1az.tinderops.net
grafana.uw2.tinderops.net
grafanaelb.prodv2-b.k8s.tinderops.net
grapidfire-hop1.ue1.tinderops.net
grapidfire-hop2.ue1.tinderops.net
grapidfirehop2.ue1az.tinderops.net
grapidfirehop2a.ue1az.tinderops.net
grapidfirehop2b.ue1az.tinderops.net
grecs-prod.ue1az.tinderops.net
guardrails.security.k8s.tinderops.net
hcrm.ue1.tinderops.net
hcrossfire-data.ue1.tinderops.net
hcrossfire-ml.ue1.tinderops.net
hdata-crossfire.ue1.tinderops.net
hdata-infra-b.ue1az.tinderops.net
hdata-infra-c.ue1az.tinderops.net
hdata-infra.ue1.tinderops.net
hdata-infra.ue1az.tinderops.net
hdata-ml.ue1.tinderops.net
hemrtest.ue1az.tinderops.net
hgdpr.ue1az.tinderops.net
hml-development.ue1.tinderops.net
hml.ue1.tinderops.net
hmlrecs-prod.ue1az.tinderops.net
hmlrecsprodapps-prod.ue1az.tinderops.net
hmlrevenue.ue1az.tinderops.net
hmlrevenueapplication.ue1az.tinderops.net
hmlrevenueplatform.ue1az.tinderops.net
hoperations-v2.ue1.tinderops.net
hoperations.ue1az.tinderops.net
hprod-crossfire-data.ue1az.tinderops.net
hprod-qt.ue1.tinderops.net
hprod-qt.ue1az.tinderops.net
hqt.ue1.tinderops.net
hrapidfire-hop1.ue1.tinderops.net
hrapidfire-hop2.ue1.tinderops.net
hrapidfirehop2.ue1az.tinderops.net
hrapidfirehop2a.ue1az.tinderops.net
hrapidfirehop2b.ue1az.tinderops.net
hrecs-prod.ue1az.tinderops.net
ignis.tinderops.net
infosec.k8s.tinderops.net
infra-api.prodv2.k8s.tinderops.net
infra-api.staging.k8s.tinderops.net
ingestion.staging8.k8s.tinderops.net
internal-k8s.prod.tinderops.net
jaeger.ue1.tinderops.net
jaeger.ue1az.tinderops.net
jaegerui.ue1.tinderops.net
jenkins-deployer-production.prodv2-b.k8s.tinderops.net
jenkins.ci.tinderops.net
jenkins.staging.tinderops.net
jenkins.tinderops.net
k8s.prod.tinderops.net
kafka-dev.datadev1.tinderops.net
kafka.prometheus.tinderops.net
kafkamgr.ase1.tinderops.net
kafkamgr.ec1.tinderops.net
kafkamgr.prodv2.k8s.tinderops.net
kafkamgr.staging.k8s.tinderops.net
kafkamgr.staging4.k8s.tinderops.net
kafkamgr.staging8.k8s.tinderops.net
kafkamgr.ue1az.tinderops.net
kafkamgr.uw2.tinderops.net
kibana-metrics.prodv2.k8s.tinderops.net
kibana.ase1.tinderops.net
kibana.ec1.tinderops.net
kibana.prodv2.k8s.tinderops.net
kibana.security.k8s.tinderops.net
kibana.staging.k8s.tinderops.net
kibana.staging2.k8s.tinderops.net
kibana.staging3.k8s.tinderops.net
kibana.staging4.k8s.tinderops.net
kibana.staging5.k8s.tinderops.net
kibana.staging6.k8s.tinderops.net
kibana.staging7.k8s.tinderops.net
kibana.staging8.k8s.tinderops.net
kibana.ue1az.tinderops.net
kibana.ue1new.tinderops.net
kibana.uw2.tinderops.net
kibanadatainf.ue1az.tinderops.net
kibanadatainfra.prodv2.k8s.tinderops.net
kibanadatainfra.staging8.k8s.tinderops.net
kibanadatainfra.ue1az.tinderops.net
kibanalogs.as1.tinderops.net
kibanalogs.ue1az.tinderops.net
kibanaml.staging8.k8s.tinderops.net
kibanatracing.prodv2.k8s.tinderops.net
kibanatracing7.ue1az.tinderops.net
kielerwock8s.tinderops.net
lcauldronloader.ue1az.tinderops.net
lcrm.ue1.tinderops.net
lcrossfire-data.ue1.tinderops.net
lcrossfire-ml.ue1.tinderops.net
ldata-infra-b.ue1az.tinderops.net
ldata-infra-c.ue1az.tinderops.net
ldata-infra.ue1.tinderops.net
ldata-infra.ue1az.tinderops.net
ldata-ml.ue1.tinderops.net
lemrtest.ue1az.tinderops.net
lgdpr.ue1az.tinderops.net
lml-development.ue1.tinderops.net
lml.ue1.tinderops.net
lmlrecs-prod.ue1az.tinderops.net
lmlrecsprodapps-prod.ue1az.tinderops.net
lmlrevenue.ue1az.tinderops.net
lmlrevenueapplication.ue1az.tinderops.net
lmlrevenueplatform.ue1az.tinderops.net
login.staging.k8s.tinderops.net
logs.staging.k8s.tinderops.net
logstash-jenkins.security.k8s.tinderops.net
logstash.security.k8s.tinderops.net
loperations-v2.ue1.tinderops.net
loperations.ue1az.tinderops.net
lprod-crossfire-data.ue1az.tinderops.net
lprod-qt.ue1.tinderops.net
lprod-qt.ue1az.tinderops.net
lqt.ue1.tinderops.net
lrapidfire-hop1.ue1.tinderops.net
lrapidfire-hop2.ue1.tinderops.net
lrapidfirehop2.ue1az.tinderops.net
lrapidfirehop2a.ue1az.tinderops.net
lrapidfirehop2b.ue1az.tinderops.net
lrecs-prod.ue1az.tinderops.net
marauders-map.security.k8s.tinderops.net
mlfeatobsvgrafana.ue1az.tinderops.net
mlrecs-prod-alb.ue1az.tinderops.net
mlrecsprodapps-prod-alb.ue1az.tinderops.net
mlrevenueapplication-alb.ue1az.tinderops.net
mlrevenueplatform-alb.ue1az.tinderops.net
monitor.prdmon.tinderops.net
ncauldronloader.ue1az.tinderops.net
ndata-infra-c.ue1az.tinderops.net
ndata-infra.ue1az.tinderops.net
nemrtest.ue1az.tinderops.net
ngdpr.ue1az.tinderops.net
nmlrecs-prod.ue1az.tinderops.net
nmlrevenueapplication.ue1az.tinderops.net
nmlrevenueplatform.ue1az.tinderops.net
noncust-tools-crossfire.ue1.tinderops.net
noncust-tools.ase1.tinderops.net
noncust-tools.ue1.tinderops.net
noncust-tools.ue1az.tinderops.net
noncust-tools.uw2.tinderops.net
nprod-crossfire-data.ue1az.tinderops.net
nprod-qt.ue1az.tinderops.net
nrapidfirehop2.ue1az.tinderops.net
nrapidfirehop2a.ue1az.tinderops.net
nrapidfirehop2b.ue1az.tinderops.net
nrecs-prod.ue1az.tinderops.net
opsecctf.security.k8s.tinderops.net
prod-airflow.datadev1.tinderops.net
prod-crossfire-data-alb.ue1az.tinderops.net
prod-higgsdb.datadev1.tinderops.net
prod-qt-alb.ue1az.tinderops.net
prod-redis.datadev1.tinderops.net
prod.datadev1.tinderops.net
prodv2.k8s.tinderops.net
prometheus-archive.prodv2.k8s.tinderops.net
prometheus-archive.staging.k8s.tinderops.net
puppet.prodv2.k8s.tinderops.net
puppet.staging.k8s.tinderops.net
puppetexplorer.prodv2.k8s.tinderops.net
rapidfirehop2-alb.ue1az.tinderops.net
rapidfirehop2a-alb.ue1az.tinderops.net
rapidfirehop2b-alb.ue1az.tinderops.net
ratings.prometheus.tinderops.net
recs-prod-alb.ue1az.tinderops.net
recs.prometheus.tinderops.net
redis.prometheus.tinderops.net
repo.staging.k8s.tinderops.net
reporting.datadev1.tinderops.net
robotor.tinderops.net
robut.tinderops.net
rundeck-analytics.ue1.tinderops.net
rundeck-dataeng.ue1.tinderops.net
rundeck-db.datadev1.tinderops.net
rundeck-dev.datadev1.tinderops.net
rundeck-ops-db.ue1az.tinderops.net
rundeck-ops.ue1.tinderops.net
rundeck-ops.ue1az.tinderops.net
rundeck-reporting-db.ue1.tinderops.net
rundeck-reporting.ue1.tinderops.net
rundeck.datadev1.tinderops.net
security.jenkins.ci.tinderops.net
security.k8s.tinderops.net
sm.datadev1.tinderops.net
spinnaker.tinderops.net
spinnaker.ue1az.tinderops.net
splunk-cm.security.k8s.tinderops.net
splunk-dmc.security.k8s.tinderops.net
splunk-ds.security.k8s.tinderops.net
splunk-hec-test.security.k8s.tinderops.net
splunk-hec.private.security.k8s.tinderops.net
splunk-hec.security.k8s.tinderops.net
splunk-hf1.security.k8s.tinderops.net
splunk-hf2.security.k8s.tinderops.net
splunk-hf3.security.k8s.tinderops.net
splunk-shc.security.k8s.tinderops.net
ssh.k8s.prod.tinderops.net
ssh.prodv2-b.k8s.tinderops.net
ssh.prodv2-c.k8s.tinderops.net
ssh.staging.k8s.tinderops.net
ssh.staging2.k8s.tinderops.net
ssh.staging3.k8s.tinderops.net
ssh.staging4.k8s.tinderops.net
ssh.staging5.k8s.tinderops.net
ssh.staging6.k8s.tinderops.net
ssh.staging7.k8s.tinderops.net
ssh.staging8.k8s.tinderops.net
ssh.upgrade-test.k8s.tinderops.net
stacks.prometheus.tinderops.net
staging.datadev1.tinderops.net
staging8.k8s.tinderops.net
temporalweb.ue1az.tinderops.net
tindersecurityops.tinderops.net
ue1.tinderops.net
ue1az.tinderops.net
updates.prometheus.tinderops.net
user-service.prometheus.tinderops.net
uw2.tinderops.net
vault.as1.tinderops.net
vault.ase1.tinderops.net
vault.ec1.tinderops.net
vault.prodv2-b.k8s.tinderops.net
vault.prodv2-c.k8s.tinderops.net
vault.staging.k8s.tinderops.net
vault.staging1-vault.staging.k8s.tinderops.net
vault.staging2.k8s.tinderops.net
vault.staging3.k8s.tinderops.net
vault.staging4.k8s.tinderops.net
vault.staging5.k8s.tinderops.net
vault.staging6.k8s.tinderops.net
vault.staging7.k8s.tinderops.net
vault.staging8.k8s.tinderops.net
vault.uw2.tinderops.net
www.tinderops.net
ycauldronloader.ue1az.tinderops.net
ycrm.ue1.tinderops.net
ycrossfire-data.ue1.tinderops.net
ycrossfire-ml.ue1.tinderops.net
ydata-crossfire.ue1.tinderops.net
ydata-infra-b.ue1az.tinderops.net
ydata-infra-c.ue1az.tinderops.net
ydata-infra-insendio.ue1az.tinderops.net
ydata-infra.ue1.tinderops.net
ydata-infra.ue1az.tinderops.net
ydata-ml.ue1.tinderops.net
yemrtest.ue1az.tinderops.net
ygdpr.ue1az.tinderops.net
yml-development.ue1.tinderops.net
yml.ue1.tinderops.net
ymlrecs-prod.ue1az.tinderops.net
ymlrecsprodapps-prod.ue1az.tinderops.net
ymlrevenue.ue1az.tinderops.net
ymlrevenueapplication.ue1az.tinderops.net
ymlrevenueplatform.ue1az.tinderops.net
yoperations-v2.ue1.tinderops.net
yoperations.ue1az.tinderops.net
yprod-crossfire-data.ue1az.tinderops.net
yprod-qt.ue1.tinderops.net
yprod-qt.ue1az.tinderops.net
yqt.ue1.tinderops.net
yrapidfire-hop1.ue1.tinderops.net
yrapidfire-hop2.ue1.tinderops.net
yrapidfirehop1.ue1az.tinderops.net
yrapidfirehop2.ue1az.tinderops.net
yrapidfirehop2a.ue1az.tinderops.net
yrapidfirehop2b.ue1az.tinderops.net
yrecs-prod.ue1az.tinderops.net
