cmp.tinderwebstaging.com
data.tinderwebstaging.com
designsystem.tinderwebstaging.com
engagement.tinderwebstaging.com
identity.tinderwebstaging.com
lite.tinderwebstaging.com
liteqa.tinderwebstaging.com
netlify-eval.tinderwebstaging.com
policies.tinderwebstaging.com
qa.tinderwebstaging.com
revenue.tinderwebstaging.com
rod.tinderwebstaging.com
swipelife.tinderwebstaging.com
swipenight.tinderwebstaging.com
taz.tinderwebstaging.com
tinderwebstaging.com
trust.tinderwebstaging.com
ux.tinderwebstaging.com
www.swipenight.tinderwebstaging.com
www.tinderwebstaging.com
