2076032.alerts.tinder.com
2076032.alerts.tinder.com.tinder.com
2076032.newsletter.tinder.com
2076032.notifications.tinder.com
2076032.welcome.tinder.com
2116317.welcome.tinder.com
2116321.notifications.tinder.com
2116324.newsletter.tinder.com
2fwww.tinder.com
4123565.mail.tinder.com
4123565.tinder.com
4r3dtq7pwm.tinder.com
abmail.tinder.com
blog.tinder.com
em.mail.tinder.com
em.tinder.com
em.updates.tinder.com
email.alerts.tinder.com
email.newsletter.tinder.com
email.notifications.tinder.com
email.welcome.tinder.com
emoji.tinder.com
go.tinder.com
go97m.jz6t.tgo.tinder.com
help.tinder.com
hgpimxqf3u.tinder.com
inks.alerts.tinder.com
invite.tinder.com
link.mail.tinder.com
link.tinder.com
link.updates.tinder.com
links.alerts.tinder.com
links.newsletter.tinder.com
links.notifications.tinder.com
links.welcome.tinder.com
lite.tinder.com
luara.tinder.com
newsletter.tinder.com
notifications.tinder.com
o1.email.welcome.tinder.com
o185.em.mail.tinder.com
o186.em.mail.tinder.com
o187.em.mail.tinder.com
o188.em.mail.tinder.com
o189.em.mail.tinder.com
o190.em.updates.tinder.com
o191.em.updates.tinder.com
o192.em.updates.tinder.com
o193.em.updates.tinder.com
o194.em.updates.tinder.com
o195.em.mail.tinder.com
o2.email.welcome.tinder.com
o28.abmail.tinder.com
o29.abmail.tinder.com
o3.email.welcome.tinder.com
o30.abmail.tinder.com
o31.abmail.tinder.com
o32.abmail.tinder.com
o33.abmail.tinder.com
o34.abmail.tinder.com
o35.abmail.tinder.com
o36.abmail.tinder.com
o37.em.tinder.com
o38.em.tinder.com
o39.em.tinder.com
o4.email.notifications.tinder.com
o40.em.tinder.com
o41.em.tinder.com
o42.em.tinder.com
o43.em.tinder.com
o44.em.tinder.com
o45.em.tinder.com
o46.em.tinder.com
o5.email.notifications.tinder.com
o6.email.newsletter.tinder.com
o7.email.newsletter.tinder.com
o8.email.alerts.tinder.com
o8.email.alerts.tinder.com.tinder.com
o9.email.alerts.tinder.com
o9.email.alerts.tinder.com.tinder.com
open.tinder.com
policies.tinder.com
polls.tinder.com
sp.tinder.com
staging.int.tinder.com
staging.tinder.com
swipelife.tinder.com
swipenight.tinder.com
tech.tinder.com
testrail.tinder.com
tinder.com
web.tinder.com
welcome.tinder.com
www.help.tinder.com
www.swipenight.tinder.com
www.tinder.com
y5tbxg8c2u.tinder.com
