194-107-116-201.tochka.com
1c-start.tochka.com
2019.tochka.com
allo-special.tochka.com
allo.tochka.com
analytics.tochka.com
api-pro-dev.tochka.com
api.tochka.com
arms.tochka.com
autodiscover.tochka.com
bigdemo.tochka.com
bitrix.tochka.com
bot.tochka.com
bsm.tochka.com
bz.tochka.com
card-payment.tochka.com
card.tochka.com
cardcheck.tochka.com
chat-ext.tochka.com
chronos.tochka.com
cloud.tochka.com
cluster.tochka.com
comeback.tochka.com
confluence.tochka.com
crm-dws.tochka.com
crm-stage.tochka.com
crm-ws.tochka.com
crm.tochka.com
cs-seahorse-stage.tochka.com
ddos-test.tochka.com
dialin.tochka.com
digital-hr.tochka.com
dm.tochka.com
do.tochka.com
docs-moneybox.tochka.com
docs.tochka.com
drop.tochka.com
echo.tochka.com
edik-pre.tochka.com
edik-stage.tochka.com
edu.tochka.com
elba.tochka.com
email.tochka.com
enter.tochka.com
events.tochka.com
ex13.tochka.com
ext-test-stage.tochka.com
ext-test.tochka.com
extendedday.pest.tochka.com
extranet.tochka.com
finance.tochka.com
fintech.tochka.com
games.tochka.com
gate-mail.tochka.com
gate-ur.tochka.com
glamurchik.tochka.com
greetings.tochka.com
happy.tochka.com
heart.tochka.com
hi.tochka.com
home.tochka.com
hr.tochka.com
i.tochka.com
iam.tochka.com
idiotku.v.kajdii.dom.na.idiotka.tochka.com
im13.tochka.com
in4sec.tochka.com
jabber.tochka.com
jira.tochka.com
job.tochka.com
ksc-mobile.tochka.com
l13.tochka.com
lampa.tochka.com
love.tochka.com
lync13.tochka.com
lyncdiscover.tochka.com
lyncdiscoverinternal.tochka.com
mail.tochka.com
meet.tochka.com
meeting.tochka.com
montenegrodancefestival.tochka.com
my.tochka.com
nerabota.tochka.com
network.tochka.com
next.tochka.com
nexus.tochka.com
ns1.tochka.com
ns2.tochka.com
ns3.tochka.com
ns4.tochka.com
old.tochka.com
online-consultant.tochka.com
onlyoffice.tochka.com
open.tochka.com
openapi.tochka.com
ors-secretary.tochka.com
p2p-corporative.tochka.com
p2p.tochka.com
partner.tochka.com
paylock.tochka.com
possbp.tochka.com
pre.tochka.com
ps-test.tochka.com
ps.tochka.com
punk-bank.tochka.com
push.shop.tochka.com
push.tochka.com
pwd.tochka.com
qiwi-payout-gateway.tochka.com
radio.tochka.com
reg.tochka.com
reklama.tochka.com
rel.tochka.com
relay.tochka.com
rk.tochka.com
rko.tochka.com
salute.tochka.com
service.tochka.com
shifr.tochka.com
shop.tochka.com
sirena.tochka.com
skrepka-mobile.tochka.com
sks.tochka.com
sm.tochka.com
sm1.tochka.com
sm2.tochka.com
sme.tochka.com
snort.tochka.com
ssl-test.tochka.com
sso-dev.tochka.com
sso.tochka.com
staff.tochka.com
stage-digital-hr.tochka.com
stage-p2p.tochka.com
stage-paylock.tochka.com
stage-qiwi-payout-gateway.tochka.com
stage-uapi.tochka.com
stage.tochka.com
t2api-stage.tochka.com
t2api.tochka.com
telegram-dev.tochka.com
telegram.tochka.com
tn.tochka.com
tochka.com
turn1.tochka.com
vindovs.tochka.com
virtual-card.tochka.com
vpn-devops.tochka.com
vpn-mobile.tochka.com
vpn-new.tochka.com
vpn-test.tochka.com
vpn.tochka.com
web-view-mobile-front.tochka.com
welcome.tochka.com
wiki.tochka.com
work.tochka.com
www.2019.tochka.com
www.allo-special.tochka.com
www.allo.tochka.com
www.api.tochka.com
www.bigdemo.tochka.com
www.bitrix.tochka.com
www.bot.tochka.com
www.card-payment.tochka.com
www.card.tochka.com
www.cardcheck.tochka.com
www.crm-ws.tochka.com
www.crm.tochka.com
www.ddos-test.tochka.com
www.do.tochka.com
www.docs.tochka.com
www.drop.tochka.com
www.echo.tochka.com
www.enter.tochka.com
www.events.tochka.com
www.ex13.tochka.com
www.greetings.tochka.com
www.happy.tochka.com
www.hi.tochka.com
www.i.tochka.com
www.iam.tochka.com
www.jira.tochka.com
www.job.tochka.com
www.ksc-mobile.tochka.com
www.lampa.tochka.com
www.my.tochka.com
www.next.tochka.com
www.old.tochka.com
www.online-consultant.tochka.com
www.open.tochka.com
www.p2p-corporative.tochka.com
www.p2p.tochka.com
www.partner.tochka.com
www.ps.tochka.com
www.push.shop.tochka.com
www.reg.tochka.com
www.rel.tochka.com
www.rko.tochka.com
www.salute.tochka.com
www.service.tochka.com
www.skrepka-mobile.tochka.com
www.sm.tochka.com
www.sme.tochka.com
www.sso.tochka.com
www.tn.tochka.com
www.tochka.com
www.vpn-new.tochka.com
www.vpn-test.tochka.com
www.vpn.tochka.com
www.welcome.tochka.com
www.x.tochka.com
www.xs.tochka.com
www.ya.tochka.com
www.z.tochka.com
x.tochka.com
xs.tochka.com
ya.tochka.com
z.tochka.com
zhuck.tochka.com
