171.33.52.7poll.touchtechpayments.com
171.33.52.7verifiedbyvisa.acs.touchtechpayments.com
acs.dev.touchtechpayments.com
acs.salpinx.touchtechpayments.com
acs.staging.touchtechpayments.com
acs.touchtechpayments.com
app.demo.touchtechpayments.com
app.dev.touchtechpayments.com
app.pushdemo.touchtechpayments.com
app.touchtechpayments.com
applogin.dev.touchtechpayments.com
applogin.test.touchtechpayments.com
applogin.touchtechpayments.com
billsplit.dev.touchtechpayments.com
blog.touchtechpayments.com
bunq-ice-internal.staging.touchtechpayments.com
bunq-ice-public.staging.touchtechpayments.com
calendar.touchtechpayments.com
carta-ice-internal.staging.touchtechpayments.com
carta-ice-public.staging.touchtechpayments.com
demo.touchtechpayments.com
dev.touchtechpayments.com
docs.touchtechpayments.com
idcheck.acs.touchtechpayments.com
lendable-ice-internal.staging.touchtechpayments.com
lendable-ice-public.staging.touchtechpayments.com
login.dev.touchtechpayments.com
login.touchtechpayments.com
m2-ice-internal.staging.touchtechpayments.com
m2-ice-public.staging.touchtechpayments.com
macs.dev.touchtechpayments.com
macs.staging.touchtechpayments.com
macs.touchtechpayments.com
macs.touchtechpayments.commacs.touchtechpayments.com
mail.touchtechpayments.com
n26-ice.dev.touchtechpayments.com
n26-ice.test.touchtechpayments.com
n26-ice.touchtechpayments.com
otc.staging.touchtechpayments.com
otc.test.touchtechpayments.com
partners.gateway.staging.touchtechpayments.com
password.touchtechpayments.com
perfectcard-ice-internal.staging.touchtechpayments.com
perfectcard-ice-public.staging.touchtechpayments.com
polkadots-ice-internal.staging.touchtechpayments.com
polkadots-ice-public.staging.touchtechpayments.com
poll.staging.touchtechpayments.com
poll.touchtechpayments.com
poll.touchtechpayments.compoll.touchtechpayments.com
psd2.touchtechpayments.com
public.transferwise-ice.touchtechpayments.com
pushdemo.touchtechpayments.com
resources.touchtechpayments.com
retry.touchtechpayments.com
revolut-ice.staging.touchtechpayments.com
revolut-ice.test.touchtechpayments.com
revolut-ice.touchtechpayments.com
salpinx.touchtechpayments.com
sandbox.acs.touchtechpayments.com
solaris-ice-ice-internal.staging.touchtechpayments.com
solaris-ice-ice-public.staging.touchtechpayments.com
solaris-ice-internal.staging.touchtechpayments.com
solaris-ice-public.staging.touchtechpayments.com
solaris-ice.staging.touchtechpayments.com
staging.touchtechpayments.com
start.touchtechpayments.com
test.touchtechpayments.com
touchtechpayments.com
transferwise-ice-internal.staging.touchtechpayments.com
transferwise-ice-public.staging.touchtechpayments.com
transferwise-ice.staging.touchtechpayments.com
transferwise-ice.test.touchtechpayments.com
transferwise-ice.touchtechpayments.com
verifiedbyvisa.acs.touchtechpayments.com
vpn.touchtechpayments.com
www.app.dev.touchtechpayments.com
www.app.touchtechpayments.com
www.blog.touchtechpayments.com
www.touchtechpayments.com
