1ztlpsgvqfzk3twba2pp.trello.com
admin.trello.com
api-gateway.trello.com
api.trello.com
blog.trello.com
boards.trello.com
br.blog.trello.com
brtest.blog.trello.com
c.trello.com
delivery.trello.com
design.trello.com
developers.trello.com
dnstest.trello.com
e.trello.com
em.trello.com
email.trello.com
go.trello.com
help.trello.com
info.trello.com
internal.trello.com
itemail.trello.com
mail.trello.com
mclick.trello.com
mgo.trello.com
o1.email.trello.com
o10.sgemail.trello.com
o11.sgemail.trello.com
o12.sgemail.trello.com
o9.sgemail.trello.com
pegasus-spiele-conspiracywww.trello.com
r53.trello.com
spemail.trello.com
sptrack.trello.com
staging.trello.com
static.trello.com
status.trello.com
support.trello.com
tech.trello.com
temp-test-aklf390785sjfkl.trello.com
timezone.trello.com
trello.com
w.trello.com
ww.trello.com
www.api-gateway.trello.com
www.trello.com
wwww.trello.com
x.trello.com
