.ubnt.com
1-costa.dev-go.ubnt.com
20-www.ubnt.com
38857019.go.ubnt.com
account-cn-prod.ec2-ap-northeast-1.ap1.svc.ubnt.com
account-cn.ubnt.com
account-global.ubnt.com
account-prod.ec2-us-east-1.us1.svc.ubnt.com
account-prod.ec2-us-west-1.us1.svc.ubnt.com
account-ss.ubnt.com
account-stage.ec2-us-east-1.us1.svc.ubnt.com
account-stage.ubnt.com
account.ubnt.com
aircontrol.ubnt.com
aircrm-stage.ubnt.com
aircrm.ubnt.com
airlink-be.ubnt.com
airlink-stage.ubnt.com
airlink.ubnt.com
airmax.ubnt.com
airos-api.ubnt.com
airos-demo.ubnt.com
airos-dev.ec2-us-east-1.us1.svc.ubnt.com
airos-dev.ubnt.com
airos-prod.ec2-us-west-1.us1.svc.ubnt.com
airos-stage.ec2-us-east-1.us1.svc.ubnt.com
airos-stage.ubnt.com
airos.ubnt.com
antivirus.dev-go.ubnt.com
api.ubnt.com
app-store.ubnt.com
app-switcher.ubnt.com
apt.ubnt.com
arenanobeamsdfsapprovedyet.ubnt.com
assets.github.ubnt.com
atl.corp.ubnt.com
august-gem-tqijiwhpure5hatiy4fmo4hqwu.go.ubnt.com
autoconfig.go.ubnt.com
avatars.github.ubnt.com
awsforum.ubnt.com
awsforum4.ubnt.com
awswiki.ubnt.com
barinas.stg-go.ubnt.com
billing-assets-prod.ec2-us-west-1.us1.svc.ubnt.com
billing-stats.ubnt.com
blog.ubnt.com
blossom-vane-qiawv4nz25bzpbiws2hgqn7ee4.go.ubnt.com
bpa.go.ubnt.com
brother-grill-uznvnlo53rdtdi6kyxq7lyskya.go.ubnt.com
buffer-broom-trfpj76k2jd63h6k3zclh2pufm.go.ubnt.com
bunch-smelting-r3n3dnvm6fcihpjlq3bugtnuui.go.ubnt.com
calendar.ubnt.com
careers.ubnt.com
chalk-parable-arfs4ttfxfehtf32roown7igzm.go.ubnt.com
cloudaccess.svc.ubnt.com
cloudfront.ubnt.com
cob-epoxy-gzp7fapj4zd57bvzugtuqgxnba.go.ubnt.com
codeload.github.ubnt.com
comm-cdn.ubnt.com
comm-pulse.ubnt.com
comm-stage-cdn.ubnt.com
comm2-dev.ubnt.com
comm2-stage-cdn.ubnt.com
comm2-stage-es.ubnt.com
comm2-stage.ubnt.com
community-archive.ubnt.com
community-experiment-staging.ubnt.com
community-experiment.ubnt.com
community-stage-cdn.ubnt.com
community-stage.ubnt.com
community.status.ubnt.com
community.ubnt.com
compliance.ubnt.com
conference.ubnt.com
config.ubnt.com
corp.ubnt.com
costa.dev-go.ubnt.com
crm.ubnt.com
crook-lizard-rca2xvpymja4zjo2vpqoywv3tu.go.ubnt.com
cutover-tendency-e767oihxivglzh4g6tzwfid66i.go.ubnt.com
cyberlink-power2go.dev-go.ubnt.com
daybed-wallaby-pgpvh6bl65e2naxwzpxsgwvtzi.go.ubnt.com
dc01-store-san0.inf.ubnt.com
def.ubnt.com
demo-as.ubnt.com
demo-cn.ubnt.com
demo-eu.ubnt.com
demo-na.ubnt.com
demo.ubnt.com
design.ubnt.com
dev-account.ubnt.com
dev-airlink.ubnt.com
dev-build.ubnt.com
dev-community.ubnt.com
dev-config.ubnt.com
dev-demo.ubnt.com
dev-direct.ubnt.com
dev-elite-billing.ubnt.com
dev-experts.ubnt.com
dev-feedback.ubnt.com
dev-forum-fr.ubnt.com
dev-fw-update.ubnt.com
dev-fw-update2.ubnt.com
dev-go.ubnt.com
dev-graphite.ubnt.com
dev-home.ubnt.com
dev-link.ubnt.com
dev-manage-experts.ubnt.com
dev-nightly.ubnt.com
dev-organizations.ubnt.com
dev-pypi.ubnt.com
dev-regional-community-es.ubnt.com
dev-regional-community-pt.ubnt.com
dev-rollout.ubnt.com
dev-scores.ubnt.com
dev-sso.ubnt.com
dev-static.ubnt.com
dev-store.ubnt.com
dev-support-survey.ubnt.com
dev-training.ubnt.com
dev-ubnt-redirect.ubnt.com
dev-ucrm-billing-demo.ubnt.com
dev-unifi-ethermagic-micro.ubnt.com
dev-unifi-go.ubnt.com
dev-unifi-mesh-micro.ubnt.com
dev-unifi-micro.ubnt.com
dev-unifi.ubnt.com
dev-unms-demo.ubnt.com
dev-unms-micro.ubnt.com
dev-www.ubnt.com
dev.account.ubnt.com
dev.ubnt.com
dev.unifi.ubnt.com
device-034574b0-8a21-4b93-88a3-64af61a0c3de.remotewd.coate2.ubnt.com
device-adopt.svc.ubnt.com
device-airos-prod.ec2-us-west-1.us1.svc.ubnt.com
device-airos-stage.ec2-us-east-1.us1.svc.ubnt.com
device-airos.svc.ubnt.com
device-prod.ec2-us-west-1.us1.svc.ubnt.com
device.svc.ubnt.com
direct.ubnt.com
directory.corp.ubnt.com
district-dog-psu435xnrzaovcuq7opkzj5rvy.go.ubnt.com
dl-origin.ubnt.com
dl.ubnt.com
dl.ubnt.com.dl.ubnt.com
docs.ubnt.com
documentation.ubnt.com
download.ubnt.com
downloads.ubnt.com
driver-espalier-t23bcedafvb4bflonyemomrcpi.go.ubnt.com
ec2-ap-northeast-1.ap1.svc.ubnt.com
ec2-us-east-1.us1.svc-dev.ubnt.com
ec2-us-east-1.us1.svc.ubnt.com
ec2-us-west-1.us1.svc.ubnt.com
edc.pox-gale-7nrjnwuzobcendthmasijpaxaa.go.ubnt.com
ee-staging-store.ubnt.com
elevation-link.ubnt.com
elite-billing.ubnt.com
elite-device.svc.ubnt.com
elite.ubnt.com
ethermagic.ubnt.com
eu.ubnt.com
exams.ubnt.com
examsnew.ubnt.com
experts.ubnt.com
ext.ubnt.com
feedback.ubnt.com
fiber.ubnt.com
financing.ubnt.com
forum-es.ubnt.com
forum-pt-cdn.ubnt.com
forum-pt.ubnt.com
forum-reg-cdn.ubnt.com
forum.ubnt.com
freeipa-stage-us-east-1b.svc.ubnt.com
fs.corp.ubnt.com
fw-download.ubnt.com
fw-update.ubnt.com
g0512802.iavs5x.u.avast.comcloudaccess.svc.ubnt.com
gist.github.ubnt.com
github.ubnt.com
go.ubnt.com
goo5uqkigjgczchxzpqubv6sqq-prd.go.ubnt.com
grafana.svc.ubnt.com
graphite.ubnt.com
help-center-assets.ubnt.com
help.ubnt.com
history-shoulder-xps5b3qrxbdvbarwebyya3pwci.go.ubnt.com
home2159.ubnt.com
homemadebyjill.ubnt.com
inf.ubnt.com
inform.unifi.ubnt.com
inwall-hd.ubnt.com
inwall.ubnt.com
ir.ubnt.com
irc.corp.ubnt.com
kai.ubnt.com
kb.ubnt.com
kibana.svc.ubnt.com
krk.svc.ubnt.com
lasagna-cursor-crpajfjiyjannd5wgk5nwn73zy.go.ubnt.com
ldap.corp.ubnt.com
link.ubnt.com
linkator.link.ubnt.com
lt.corp.ubnt.com
lte.svc.ubnt.com
ltu.ubnt.com
mail.ubnt.com
manage-experts.ubnt.com
mechanic-chime-6awxmdb2wjainmmnps6izdnxqu.go.ubnt.com
media.github.ubnt.com
mfi.corp.ubnt.com
mfi.ubnt.com
moderator.ubnt.com
monitor.ubnt.com
moodle.ubnt.com
mysql6.ubnt.com
nanohd.ubnt.com
netsuite.ubnt.com
nightly.ubnt.com
nodebb.ubnt.com
nsolid.svc.ubnt.com
nutty.ubnt.com
nvideo.ubnt.com
ny.ubnt.com
o17.recurly.ubnt.com
openvpn.svc.ubnt.com
organizations.ubnt.com
ox-gale-7nrjnwuzobcendthmasijpaxaa.go.ubnt.com
p-august-gem-tqijiwhpure5hatiy4fmo4hqwu.go.ubnt.com
p-blossom-vane-qiawv4nz25bzpbiws2hgqn7ee4.go.ubnt.com
p-brother-grill-uznvnlo53rdtdi6kyxq7lyskya.go.ubnt.com
p-buffer-broom-trfpj76k2jd63h6k3zclh2pufm.go.ubnt.com
p-bunch-smelting-r3n3dnvm6fcihpjlq3bugtnuui.go.ubnt.com
p-chalk-parable-arfs4ttfxfehtf32roown7igzm.go.ubnt.com
p-cob-epoxy-gzp7fapj4zd57bvzugtuqgxnba.go.ubnt.com
p-crook-lizard-rca2xvpymja4zjo2vpqoywv3tu.go.ubnt.com
p-cutover-tendency-e767oihxivglzh4g6tzwfid66i.go.ubnt.com
p-daybed-wallaby-pgpvh6bl65e2naxwzpxsgwvtzi.go.ubnt.com
p-district-dog-psu435xnrzaovcuq7opkzj5rvy.go.ubnt.com
p-driver-espalier-t23bcedafvb4bflonyemomrcpi.go.ubnt.com
p-goo5uqkigjgczchxzpqubv6sqq-prd.go.ubnt.com
p-history-shoulder-xps5b3qrxbdvbarwebyya3pwci.go.ubnt.com
p-lasagna-cursor-crpajfjiyjannd5wgk5nwn73zy.go.ubnt.com
p-mechanic-chime-6awxmdb2wjainmmnps6izdnxqu.go.ubnt.com
p-ox-gale-7nrjnwuzobcendthmasijpaxaa.go.ubnt.com
p-pavement-strike-i2crtqpqtbav7phyfvaelbesoe.go.ubnt.com
p-princess-method-wtlk2lud2fhvzhzukaclysvf44.go.ubnt.com
p-scow-mambo-evnb7y4b45dn3b3hzxd3e7ouj4.go.ubnt.com
p-strategy-great-34fwvl3fpjcunpbleaxhnzz2oe.go.ubnt.com
p-temper-plover-swv6jxqmjzfkhmabuobenapz5q.go.ubnt.com
p-writer-roadway-xortscj5hjbc5ahs4rnowpe7qe.go.ubnt.com
pages.github.ubnt.com
partners.ubnt.com
paugust-gem-tqijiwhpure5hatiy4fmo4hqwu.go.ubnt.com
pavement-strike-i2crtqpqtbav7phyfvaelbesoe.go.ubnt.com
pbx.ubnt.com
pgoo5uqkigjgczchxzpqubv6sqq-prd.go.ubnt.com
ping.ubnt.com
portal.corp.ubnt.com
portal.lte.ubnt.com
pox-gale-7nrjnwuzobcendthmasijpaxaa.go.ubnt.com
prd-dev.ubnt.com
prd-regional-community-es.ubnt.com
prd-stun.unifi.go.ubnt.com
prd-ufv-updates.ubnt.com
prd-unifi-ethermagic-micro.ubnt.com
prd-unifi.ubnt.com
prd-unms-micro.ubnt.com
prd-www-cdn.ubnt.com
prd-www.ubnt.com
princess-method-wtlk2lud2fhvzhzukaclysvf44.go.ubnt.com
protect.ubnt.com
rad.ubnt.com
raw.github.ubnt.com
redirect.ubnt.com
remote-access.ubnt.com
render.github.ubnt.com
repo.svc.ubnt.com
repo.ubnt.com
rf1.ubnt.com
rf2.ubnt.com
riga.corp.ubnt.com
rix-hive.corp.ubnt.com
rma.ubnt.com
rollout.ubnt.com
sc.ext.ubnt.com
scores.ubnt.com
scow-mambo-evnb7y4b45dn3b3hzxd3e7ouj4.go.ubnt.com
sdn-dev.ubnt.com
sdn.ubnt.com
security.ubnt.com
shutdown.ubnt.com
sj.corp.ubnt.com
smtp-sso.ubnt.com
solar.ubnt.com
spear-lip-q25wsw6gercvzf2ozcmlskgdkm.go.ubnt.com
speed.ubnt.com
sso-cn.ubnt.com
sso-stage.ubnt.com
sso.ubnt.com
stage.ubnt.com
staging-account.ubnt.com
staging-buyamplifi.ubnt.com
staging-store.ubnt.com
staging.store.ubnt.com
static.cdc-net.comdl.ubnt.com
static.ubnt.com
stats.ubnt.com
stats.unifi-video-dev.ubnt.com
status.ubnt.com
status.unifi.ubnt.com
stg-airlink.ubnt.com
stg-airos-rma.ubnt.com
stg-community.ubnt.com
stg-config.ubnt.com
stg-demo.ubnt.com
stg-dev.ubnt.com
stg-elevation-link.ubnt.com
stg-elite-billing.ubnt.com
stg-experts.ubnt.com
stg-fw-update.ubnt.com
stg-go.ubnt.com
stg-home.ubnt.com
stg-link.ubnt.com
stg-lte.svc.ubnt.com
stg-manage-experts.ubnt.com
stg-munity.ubnt.com
stg-nightly.ubnt.com
stg-organizations.ubnt.com
stg-regional-community-es.ubnt.com
stg-regional-community-pt.ubnt.com
stg-rollout.ubnt.com
stg-sso.ubnt.com
stg-static.ubnt.com
stg-support-survey.ubnt.com
stg-ubnt-careers.ubnt.com
stg-unifi-mesh-micro.ubnt.com
stg-unifi-micro.ubnt.com
stg-unifi.ubnt.com
stg-unms-demo.ubnt.com
stg-unms-micro.ubnt.com
stg-www-cdn.ubnt.com
stg-www.ubnt.com
store.ubnt.com
style-guide.ubnt.com
subscriber-portal-prod.ec2-us-west-1.us1.svc.ubnt.com
subscriber-portal-stage.ec2-us-east-1.us1.svc.ubnt.com
sundesign.ubnt.com
sunlink-dev.ec2-us-east-1.us1.svc.ubnt.com
sunlink-dev.ubnt.com
sunlink-prod.ec2-us-west-1.us1.svc.ubnt.com
sunlink-stage.ec2-us-east-1.us1.svc.ubnt.com
sunlink-stage.ubnt.com
sunlink.ubnt.com
sunmax-backend-prod.ec2-us-west-1.us1.svc.ubnt.com
sunmax-dev.ubnt.com
sunmax-nginx-dev.ec2-us-east-1.us1.svc.ubnt.com
sunmax-nginx-prod.ec2-us-west-1.us1.svc.ubnt.com
sunmax-nginx-stage.ec2-us-east-1.us1.svc.ubnt.com
sunmax-stage.ubnt.com
sunmax.ubnt.com
support-survey.ubnt.com
support.ubnt.com
survey.ubnt.com
suspendportal-proxy-stage.ec2-us-east-1.us1.svc-dev.ubnt.com
suspendportal-proxy-stage.ec2-us-east-1.us1.svc.ubnt.com
svc-dev.ubnt.com
svc.ubnt.com
switch.ubnt.com
test-cloud.ubnt.com
test.ubnt.com
testing-demo.ubnt.com
tr.ubnt.com
training.ubnt.com
training3.ubnt.com
trainingdev.ubnt.com
trainingv3.ubnt.com
translate.ubnt.com
turn.ubnt.com
tw.corp.ubnt.com
ubic-stabilizer-prod.svc.ubnt.com
ubnt.com
ubntcom-dev.ec2-us-east-1.us1.svc.ubnt.com
ubntcom-prod.ec2-us-west-1.us1.svc.ubnt.com
ubntcom-stage.ec2-us-east-1.us1.svc.ubnt.com
ucrm-billing-stats.ubnt.com
ucrm-demo.ubnt.com
ucrm.ubnt.com
ufv4.ubnt.com
ulabs.ubnt.com
unicam-dev.ubnt.com
unifi-elite.ubnt.com
unifi-go.ubnt.com
unifi-hd.ubnt.com
unifi-led.ubnt.com
unifi-mesh-contest.ubnt.com
unifi-mesh.ubnt.com
unifi-nanohd.ubnt.com
unifi-planner.ubnt.com
unifi-protect.ubnt.com
unifi-report.ubnt.com
unifi-sdn.ubnt.com
unifi-shd.ubnt.com
unifi-stage.ubnt.com
unifi-video-dev.ubnt.com
unifi-video.ubnt.com
unifi-xg.ubnt.com
unifi.ubnt.com
unms-demo.ubnt.com
unms-go.ubnt.com
unms.ubnt.com
unstable-demo.ubnt.com
uploads.github.ubnt.com
us.corp.ubnt.com
us1.svc-dev.ubnt.com
us1.svc.ubnt.com
uservpn-stage.ec2-eu-west-1.us1.svc.ubnt.com
uwncom-stage.ec2-us-east-1.us1.svc.ubnt.com
vault.svc.ubnt.com
video-dev.ubnt.com
video-stage.ubnt.com
video.ubnt.com
viviancovpn.1-costa.dev-go.ubnt.com
voip.ubnt.com
vpn.corp.ubnt.com
vpn.svc.ubnt.com
web.test.ubnt.com
web1.ubnt.com
web2.ubnt.com
webdisk.go.ubnt.com
wiki.ubnt.com
writer-roadway-xortscj5hjbc5ahs4rnowpe7qe.go.ubnt.com
www.account.ubnt.com
www.config.ubnt.com
www.dl-origin.ubnt.com
www.dl.ubnt.com
www.fw-download.ubnt.com
www.fw-update.ubnt.com
www.go.ubnt.com
www.lt.corp.ubnt.com
www.ping.ubnt.com
www.portal.lte.ubnt.com
www.rix-hive.corp.ubnt.com
www.satnavi.ubnt.com
www.sc.ext.ubnt.com
www.sdn-dev.ubnt.com
www.ubnt.com
www.unifi.ubnt.com
zzzz.ubnt.com
