0.connect.unibet.com
2-standalonecluster71281.connect.unibet.com
2.standalonecluster71281.connect.unibet.com
75.unibet.com
_1.bel1.unibet.com
_1.gib1.unibet.com
_ar1.esp1.unibet.com
_ar1.gib1.unibet.com
_ar1.gib2.unibet.com
a1s-cdn.unibet.com
access1.si.connect.unibet.com
access2.si.connect.unibet.com
access3.si.connect.unibet.com
ad.connect.unibet.com
adc.connect.unibet.com
adfs.unibet.com
adfs2.connect.unibet.com
admin.il.unibet.com
adobe.connect.unibet.com
adobedtm.unibet.com
affiliateadmin-stage.unibet.com
affiliateadmin-test.unibet.com
affiliateadmin.unibet.com
affiliates-stage.unibet.com
affiliates-test.unibet.com
affiliates-tmp.unibet.com
affiliates.unibet.com
ah.connect.unibet.com
alb.connect.unibet.com
alma.connect.unibet.com
amo-bds.aws.unibet.com
amo-cds.aws.unibet.com
amo-dba.aws.unibet.com
amo-pe.aws.unibet.com
ams.aws.unibet.com
antivirus-connex2.connect.unibet.com
antivirus-qa.ie.connect.unibet.com
antivirus.mail03.connect.unibet.com
antivirusrdg.connect.unibet.com
ap2.connect.unibet.com
apc.connect.unibet.com
api-qa1.unibet.com
api-si1.unibet.com
api-si2.unibet.com
api.dev.connect.unibet.com
api.il.unibet.com
api.unibet.com
aposta.unibet.com
app.dicegames.unibet.com
applicant-qat.connect.unibet.com
applicant.connect.unibet.com
applicationsph.connect.unibet.com
apps.connect.unibet.com
apps.qat.connect.unibet.com
apps.uat.connect.unibet.com
ar0.deu1.unibet.com
ar0.esp1.unibet.com
ar0.gib1.unibet.com
ar0.gib2.unibet.com
ar0.gib3.unibet.com
ar0.swe2.unibet.com
ar1.deu1.unibet.com
ar1.esp1.unibet.com
ar1.gib1.unibet.com
ar1.gib2.unibet.com
ar1.gib3.unibet.com
ar1.swe2.unibet.com
arch.aws.unibet.com
artisan.connect.unibet.com
as.cwa.unibet.com
as2.connect.unibet.com
asia.connect.unibet.com
asia1.connect.unibet.com
asn.connect.unibet.com
aspera.connect.unibet.com
async.connect.unibet.com
at.unibet.com
audio.unibet.com
australia1.connect.unibet.com
australia2.connect.unibet.com
autest.unibet.com
auth-qa1.unibet.com
auth-si1.unibet.com
auth.connect.unibet.com
auth.unibet.com
authnidp.connect.unibet.com
autodiscover.unibet.com
b1.unibet.com
b2.unibet.com
b3.unibet.com
banner.casino.unibet.com
banners.unibet.com
bd.connect.unibet.com
be-fr.unibet.com
be-nl.unibet.com
be.unibet.com
bel1.unibet.com
belambra.connect.unibet.com
bet.unibet.com
beta.connect.unibet.com
betapf.connect.unibet.com
bg.connect.unibet.com
bg.unibet.com
bgc-ssl.unibet.com
bi.aws.unibet.com
big.aws.unibet.com
bingo1.unibet.com
bingo2.unibet.com
bingo4.unibet.com
blog.unibet.com
blogs.unibet.com
bls.aws.unibet.com
bng.connect.unibet.com
bobo.connect.unibet.com
bos.aws.unibet.com
br.unibet.com
brand.unibet.com
build.connect.unibet.com
ca-en.unibet.com
ca-fr.unibet.com
ca-qa1.unibet.com
ca-si1.unibet.com
ca.unibet.com
calcio.it.unibet.com
callista-training.connect.unibet.com
callista.training.connect.unibet.com
callistahelp-training.connect.unibet.com
callistahelp.training.connect.unibet.com
callistaonline-qat.connect.unibet.com
callistaws-qat.connect.unibet.com
callistaws.qat.connect.unibet.com
capa.connect.unibet.com
carp180.pf0-1.gib1.unibet.com
carp180.pf0_1.gib1.unibet.com
carp59.pf0-1.bel1.unibet.com
carp59.pf0_1.bel1.unibet.com
cas-qa1.unibet.com
cas.unibet.com
casarray.unibet.com
casino-poker.unibet.com
casino.unibet.com
cc.connect.unibet.com
cc2.connect.unibet.com
cc3.connect.unibet.com
cdn-js-qa1.unibet.com
cdn.il.unibet.com
cdn.img.connect.unibet.com
cdn.unibet.com
cdn3.unibet.com
central-apps2.connect.unibet.com
central-mysite.connect.unibet.com
central-office.connect.unibet.com
central.apps1.connect.unibet.com
central.apps2.connect.unibet.com
central.connect.unibet.com
central.mysite.connect.unibet.com
central.sts.connect.unibet.com
central.tc.connect.unibet.com
cep.qat.connect.unibet.com
cf.connect.unibet.com
ch-de.unibet.com
ch-fr.unibet.com
cha.connect.unibet.com
chat.unibet.com
chd.connect.unibet.com
chi2.connect.unibet.com
ci.connect.unibet.com
ci1.us1.unibet.com
cin.connect.unibet.com
click.connect.unibet.com
client.connect.unibet.com
clientstaging.connect.unibet.com
cloudwork.connect.unibet.com
clt.vendor.connect.unibet.com
cms-bo.unibet.com
cms-cdn.unibet.com
collab-edge.connect.unibet.com
collab.edge.connect.unibet.com
conference-2-standalonecluster71281.connect.unibet.com
conference.2.standalonecluster71281.connect.unibet.com
conference.unibet.com
connect.bel1.unibet.com
connect.swe1.unibet.com
connect.unibet.com
connex2.connect.unibet.com
connex3.connect.unibet.com
connex4.connect.unibet.com
connexch1.connect.unibet.com
connexch2.connect.unibet.com
connexch3.connect.unibet.com
connexch4.connect.unibet.com
connexch5.connect.unibet.com
connexch7.connect.unibet.com
connexch8.connect.unibet.com
connfe1.connect.unibet.com
connfe3.connect.unibet.com
connfe4.connect.unibet.com
connhub1.connect.unibet.com
connhub2.connect.unibet.com
connhub3.connect.unibet.com
connhub4.connect.unibet.com
connum1.connect.unibet.com
connum2.connect.unibet.com
content.unibet.com
contentservlet-qat.connect.unibet.com
contentservlet.qat.connect.unibet.com
conversion.unibet.com
core.aws.unibet.com
corporate.connect.unibet.com
cs.unibet.com
cs2.lab.connect.unibet.com
csvapplicationsph.connect.unibet.com
customer.connect.unibet.com
customerauthoring.connect.unibet.com
cwa.unibet.com
cxm.connect.unibet.com
cz.unibet.com
d.connect.unibet.com
d2-dev.aws.unibet.com
d2-prod.aws.unibet.com
d2-pt.aws.unibet.com
d2-qa.aws.unibet.com
dar.connect.unibet.com
das.aws.unibet.com
dcs.aws.unibet.com
de-qa1.unibet.com
de-si1.unibet.com
de.connect.unibet.com
de.unibet.com
demo.api.connect.unibet.com
dev-bgc-ssl.unibet.com
dev-restricted.unibet.com
dev.api.connect.unibet.com
dev.aws.unibet.com
dev.connect.unibet.com
dev.us1.unibet.com
devapps.connect.unibet.com
developer.unibet.com
diabeticconnect.api.connect.unibet.com
dialin.unibet.com
dicegames.unibet.com
directory-test.unibet.com
directory.unibet.com
dirweb.connect.unibet.com
dk.connect.unibet.com
dk.unibet.com
dmd.aws.unibet.com
docave.connect.unibet.com
docker.connect.unibet.com
docs.connect.unibet.com
download.casino.unibet.com
download.connect.unibet.com
download.cwa.unibet.com
download.unibet.com
dw-http1.mlt.unibet.com
e.connect.unibet.com
e.unibet.com
e1-3.ar0.mlto.unibet.com
e1-3.ar1.mlto.unibet.com
e1-4.ar0.bel1.unibet.com
e1-4.ar1.bel1.unibet.com
e1-4.ar1.swe1.unibet.com
ech.connect.unibet.com
edge.connect.unibet.com
ee.unibet.com
eishockey.de.unibet.com
eld-traffic1.connect.unibet.com
eld.traffic1.connect.unibet.com
email.connect.unibet.com
emv.connect.unibet.com
en.unibet.com
enterpriseenrollment.unibet.com
enterpriseregistration.unibet.com
er0.deu1.unibet.com
er0.esp1.unibet.com
er0.gbr1.unibet.com
er0.ita2.unibet.com
er0.mlt.unibet.com
er0.swe3.unibet.com
er1.esp1.unibet.com
er1.mlt.unibet.com
es.unibet.com
et.unibet.com
etl.aws.unibet.com
eu.unibet.com
eu1.connect.unibet.com
eum.unibet.com
eur1.connect.unibet.com
euro2008.uk.unibet.com
euroblogs.unibet.com
europe1.connect.unibet.com
events.livescore.unibet.com
evolivecasino.unibet.com
ewa.connect.unibet.com
examservices-qat.connect.unibet.com
ext.unibet.com
external.connect.unibet.com
external.unibet.com
external2test.connect.unibet.com
external3.connect.unibet.com
external4.connect.unibet.com
external5.connect.unibet.com
extra.unibet.com
extwebfarm.unibet.com
fam.aws.unibet.com
feeds.unibet.com
ferme.unibet.com
fi-qa1.unibet.com
fi-si1.unibet.com
fi.connect.unibet.com
fi.unibet.com
fodbold.dk.unibet.com
fogadas.unibet.com
football.fr.unibet.com
football.uk.unibet.com
formula1.uk.unibet.com
fotbal.cz.unibet.com
fotbold.no.unibet.com
fotboll.se.unibet.com
fr.connect.unibet.com
fr.unibet.com
fr0.deu2.unibet.com
fr0.ita3.unibet.com
fr1.deu2.unibet.com
fr1.ita3.unibet.com
frontend.aws.unibet.com
fs.unibet.com
ftp.e.unibet.com
ftp1.pio.unibet.com
fun.unibet.com
futbol.es.unibet.com
futsal.pl.unibet.com
get.connect.unibet.com
gf.unibet.com
ghostbusters.unibet.com
glb.connect.unibet.com
gmod.connect.unibet.com
go.connect.unibet.com
gov.auto.connect.unibet.com
gp.unibet.com
gr-1.unibet.com
gr.unibet.com
grid.connect.unibet.com
gs.aws.unibet.com
help.unibet.com
hipchat.unibet.com
hockey-sur-glace.fr.unibet.com
hokej-na-lodzie.pl.unibet.com
hostedapps.connect.unibet.com
hr.unibet.com
hu.unibet.com
hu1.unibet.com
i.connect.unibet.com
i.unibet.com
iamqa.connect.unibet.com
identityfederation.connect.unibet.com
identitysrvauth.connect.unibet.com
ie.connect.unibet.com
il.unibet.com
image.connect.unibet.com
inf5059.mlt.unibet.com
inf5060.mlt.unibet.com
inf5067.mlt.unibet.com
inf5068.mlt.unibet.com
inf5075.mlt.unibet.com
inf5076.mlt.unibet.com
inf5083.mlt.unibet.com
inf5090.mlt.unibet.com
inf5098.mlt.unibet.com
inf5106.mlt.unibet.com
inf5114.mlt.unibet.com
integration.connect.unibet.com
internal-api.bel1.unibet.com
internal-api.unibet.com
internal-innovation.unibet.com
intouch.connect.unibet.com
intranet.unibet.com
ipa.aws.unibet.com
ipad.connect.unibet.com
ishockey.dk.unibet.com
ishockey.fi.unibet.com
ishockey.no.unibet.com
ishockey.se.unibet.com
it-redirect.unibet.com
it.unibet.com
ita.unibet.com
italia1.unibet.com
italy.unibet.com
italy1.unibet.com
ithelp.unibet.com
jabber-ext.unibet.com
jalkapallo.fi.unibet.com
jira.unibet.com
jugandovoy.unibet.com
k8s-sandbox.k8s.aws.unibet.com
k8s.aws.unibet.com
kolmikpanus.unibet.com
lb2.connect.unibet.com
ledni-hokej.cz.unibet.com
link.e.unibet.com
link.email.unibet.com
link.notifications.unibet.com
links.unibet.com
livecasino-sw.unibet.com
livecasino.unibet.com
liverpool.unibet.com
livescore.unibet.com
lo-9.ar0.deu2.unibet.com
lo-9.ar1.deu2.unibet.com
lo9.er1.deu1.unibet.com
login.connect.unibet.com
login.sp.connect.unibet.com
loncas01.unibet.com
loncas02.unibet.com
loncas03.unibet.com
lsweb.connect.unibet.com
lt.unibet.com
lu.unibet.com
lv.unibet.com
lync.unibet.com
lyncadmin.unibet.com
lyncdiscover.unibet.com
lyncdiscoverinternal.unibet.com
lyncpool2013.unibet.com
m.links.unibet.com
m.unibet.com
m1.connect.unibet.com
m3.connect.unibet.com
m5.connect.unibet.com
m6.connect.unibet.com
machinedstage.connect.unibet.com
mail.connect.unibet.com
mail.unibet.com
mail01.connect.unibet.com
mail02.connect.unibet.com
mail03.connect.unibet.com
mail2.connect.unibet.com
mail2.unibet.com
mailgw1-be.unibet.com
mailgw1-mt.unibet.com
mailgw1-se.unibet.com
mailgw1-uk.unibet.com
mailgw2-se.unibet.com
mailgw2-uk.unibet.com
manager.unibet.com
maria.aws.unibet.com
master2.connect.unibet.com
mc.connect.unibet.com
medusa.connect.unibet.com
meet.unibet.com
midwest1.connect.unibet.com
midwest2.connect.unibet.com
ml01.connect.unibet.com
ml02.connect.unibet.com
ml03.connect.unibet.com
mmo.unibet.com
mobenga-stage.unibet.com
mobil.unibet.com
mobile-api-qa1.unibet.com
mobile-api-si1.unibet.com
mobile-scratch.unibet.com
mobile.connect.unibet.com
mobile.unibet.com
mobile2.unibet.com
mobilecasino.unibet.com
mobilityauth.connect.unibet.com
mq.unibet.com
mre.connect.unibet.com
msds.connect.unibet.com
mta.connect.unibet.com
multiplayer.unibet.com
mx1-be.unibet.com
mx1-se.unibet.com
mx1.connect.unibet.com
mx2-se.unibet.com
mx2.connect.unibet.com
mx3.connect.unibet.com
mx4.connect.unibet.com
mysites.connect.unibet.com
na.connect.unibet.com
na2.connect.unibet.com
na3.connect.unibet.com
na4.connect.unibet.com
names.unibet.com
nc.unibet.com
ndc.connect.unibet.com
njevolivecasino.unibet.com
nl.unibet.com
no-qa1.unibet.com
no-si1.unibet.com
no.unibet.com
northwest1-pre.connect.unibet.com
northwest1-tmp.connect.unibet.com
northwest1.connect.unibet.com
northwest1.pre.connect.unibet.com
northwest2.connect.unibet.com
notifyapi.il.unibet.com
ns.unibet.com
ns2.unibet.com
ns3.unibet.com
ntp1.kwk.unibet.com
ntp1.mlt.unibet.com
ntp1.pio.unibet.com
nz.connect.unibet.com
o13.sg.email.unibet.com
o14.sg.email.unibet.com
o15.sg.email.unibet.com
o3.sg.notifications.unibet.com
o4.sg.notifications.unibet.com
oa.connect.unibet.com
ocrcard.staging.connect.unibet.com
oma.unibet.com
omp.connect.unibet.com
owa.connect.unibet.com
owa.unibet.com
palab.connect.unibet.com
pariuri.unibet.com
pas.aws.unibet.com
pay.aws.unibet.com
payment-qa1.unibet.com
payment-quick.unibet.com
payment-si1.unibet.com
payment.unibet.com
paymocks-qa1.unibet.com
paymocks-si1.unibet.com
payp.aws.unibet.com
pbs.si.connect.unibet.com
pe.unibet.com
pf.unibet.com
pf0.bel1.unibet.com
pf0.bel3.unibet.com
pf0.dar1.unibet.com
pf0.deu1.unibet.com
pf0.esp1.unibet.com
pf0.gib1.unibet.com
pf0.gib2.unibet.com
pf0.gib3.unibet.com
pf0.ita3.unibet.com
pf0.mlt.unibet.com
pf0.swe2.unibet.com
pf1.bel1.unibet.com
pf1.bel3.unibet.com
pf1.dar1.unibet.com
pf1.deu1.unibet.com
pf1.esp1.unibet.com
pf1.gib1.unibet.com
pf1.gib2.unibet.com
pf1.gib3.unibet.com
pf1.ita3.unibet.com
pf1.mlt.unibet.com
pf1.swe2.unibet.com
pf2.bel1.unibet.com
pf3.bel1.unibet.com
pf4.bel1.unibet.com
pf5.bel1.unibet.com
pf6.bel1.unibet.com
pf7.bel1.unibet.com
pf8.bel1.unibet.com
pf9.bel1.unibet.com
pl.unibet.com
play.il.unibet.com
ploiirudydemji.unibet.com
point.ext.connect.unibet.com
poker.fr.unibet.com
poker.uk.unibet.com
poker.unibet.com
pokerblog.cz.unibet.com
pokerblog.fr.unibet.com
pokerblog.lt.unibet.com
pokerforum.unibet.com
pokerihaaste.unibet.com
pool2013.unibet.com
prd.connect.unibet.com
pre.connect.unibet.com
premierleague.livescore.unibet.com
prod1.us1.unibet.com
profile.connect.unibet.com
psn.connect.unibet.com
pss.aws.unibet.com
pt.unibet.com
pt1.us1.unibet.com
published.connect.unibet.com
pusher.unibet.com
pvpn0.mlt.unibet.com
pvpn0.swe1.unibet.com
qa-ie.connect.unibet.com
qa.connect.unibet.com
qa.ie.connect.unibet.com
qa1.us1.unibet.com
qc.connect.unibet.com
rcs.aws.unibet.com
rdg.connect.unibet.com
re.connect.unibet.com
re.unibet.com
redirect.unibet.com
redsocial.unibet.com
relaxcdn.unibet.com
relay.unibet.com
reports.connect.unibet.com
resources-stage.unibet.com
resources-test.unibet.com
resources.unibet.com
restricted.unibet.com
rfe.aws.unibet.com
ro.unibet.com
rp.unibet.com
ru.unibet.com
ru1.unibet.com
ru10.unibet.com
ru11.unibet.com
ru12.unibet.com
ru13.unibet.com
ru14.unibet.com
ru15.unibet.com
ru16.unibet.com
ru17.unibet.com
ru18.unibet.com
ru19.unibet.com
ru2.unibet.com
ru20.unibet.com
ru21.unibet.com
ru22.unibet.com
ru23.unibet.com
ru24.unibet.com
ru25.unibet.com
ru29.unibet.com
ru3.unibet.com
ru30.unibet.com
ru4.unibet.com
ru5.unibet.com
ru6.unibet.com
ru7.unibet.com
ru8.unibet.com
ru9.unibet.com
rugby.fr.unibet.com
rugbyworldcup.uk.unibet.com
rwa.connect.unibet.com
rwb.connect.unibet.com
rwc.connect.unibet.com
rwd.connect.unibet.com
safari.unibet.com
sazeni.unibet.com
sc-goldengoal.unibet.com
sc-goldensport.unibet.com
sc-question.unibet.com
sc-streakr.unibet.com
scommesse.unibet.com
se-qa1.unibet.com
se-si1.unibet.com
se.unibet.com
search.connect.unibet.com
seast-apps1.connect.unibet.com
seast-apps2.connect.unibet.com
seast-office.connect.unibet.com
seast-tc.connect.unibet.com
seast.apps1.connect.unibet.com
seast.apps2.connect.unibet.com
seast.mysite.connect.unibet.com
seast.office.connect.unibet.com
seast.tc.connect.unibet.com
seast.ulitsi.connect.unibet.com
sec-prod.aws.unibet.com
sec.aws.unibet.com
security.unibet.com
service.connect.unibet.com
servicesauth.connect.unibet.com
sftp0.unibet.com
sftp1.unibet.com
sg.connect.unibet.com
si.connect.unibet.com
si1.us1.unibet.com
sip.unibet.com
sipexternal.unibet.com
skillgames.unibet.com
skype.connect.unibet.com
smtp05.e.unibet.com
smtp243.e.unibet.com
smtp244.e.unibet.com
smtp245.e.unibet.com
snd.unibet.com
social.unibet.com
softgames.unibet.com
southwest1-pre.connect.unibet.com
southwest1.connect.unibet.com
sp.unibet.com
spd.aws.unibet.com
spel.unibet.com
spill.unibet.com
sportscompetition.unibet.com
spr.unibet.com
ssl.connect.unibet.com
stage.connect.unibet.com
stage2.connect.unibet.com
staging.connect.unibet.com
standalonecluster71281.connect.unibet.com
static.unibet.com
statscentre.unibet.com
stg1.connect.unibet.com
sthhrweb01.unibet.com
sthlypo03.unibet.com
sthlypo04.unibet.com
sthlypo05.unibet.com
sthlypo06.unibet.com
sup.connect.unibet.com
supertips.unibet.com
supplier.connect.unibet.com
support.connect.unibet.com
supportagent.unibet.com
sync.connect.unibet.com
t.links.unibet.com
tal.aws.unibet.com
taut.aws.unibet.com
team.unibet.com
test-restricted.unibet.com
test.aws.unibet.com
test1-mobile.unibet.com
test2.connect.unibet.com
testftwabp.connect.unibet.com
tf.unibet.com
thieme.connect.unibet.com
tm1web.connect.unibet.com
touch.unibet.com
tourdefrance.unibet.com
tr.unibet.com
tracking-stage.unibet.com
tracking-test.unibet.com
tracking.unibet.com
treqs.unibet.com
trg.connect.unibet.com
ts.aws.unibet.com
tunits.connect.unibet.com
tvguide.unibet.com
uatmeeting.connect.unibet.com
ubpokergate.unibet.com
uni.unibet.com
unibet.com
unimalwe.unibet.com
us.unibet.com
usa.connect.unibet.com
uyi.connect.unibet.com
veikkaa.unibet.com
veikkaus.unibet.com
vf.unibet.com
vip.idm.connect.unibet.com
vlan180.pf0.gib1.unibet.com
vlan180.pf1.gib1.unibet.com
vlan59.pf0.bel1.unibet.com
vlan59.pf1.bel1.unibet.com
vlanif100.fr0.ita3.unibet.com
vlanif103.fr1.ita3.unibet.com
vlanif106.fr0.ita3.unibet.com
vlanif106.fr1.ita3.unibet.com
vm.connect.unibet.com
voice.connect.unibet.com
vpn-se.unibet.com
vpn.connect.unibet.com
vpn0-rad-test.unibet.com
vpn0.aus1.unibet.com
vpn0.bel1.unibet.com
vpn0.brh.unibet.com
vpn0.gbr1.unibet.com
vpn0.mlt.unibet.com
vpn0.swe1.unibet.com
vpn0.syd2.unibet.com
vpn0.unibet.com
vpn1.bel1.unibet.com
vpn1.connect.unibet.com
vpn1.gbr1.unibet.com
vpn1.unibet.com
vpn2.connect.unibet.com
vrrp.ar0-ar1.esp1.unibet.com
vrrp.ar0-ar1.gib1.unibet.com
vrrp.ar0-ar1.gib2.unibet.com
vrrp.ar0_ar1.esp1.unibet.com
vrrp.ar0_ar1.gib1.unibet.com
vrrp.ar0_ar1.gib2.unibet.com
w.unibet.com
w1.unibet.com
w54.unibet.com
w6.unibet.com
w75.unibet.com
wacprodr4.connect.unibet.com
wacprodr6.connect.unibet.com
wacprodr7.connect.unibet.com
wacprodr8.connect.unibet.com
wacprodr9.connect.unibet.com
wacsan-giorgio-su-legnanor6.connect.unibet.com
wap.unibet.com
web.connect.unibet.com
webconf.connect.unibet.com
webconf.unibet.com
webservices.il.unibet.com
wedden.unibet.com
welcome.unibet.com
west-apps1.connect.unibet.com
west-apps2.connect.unibet.com
west-mysite.connect.unibet.com
west-office.connect.unibet.com
west-sts-ext.connect.unibet.com
west.apps1.connect.unibet.com
west.apps2.connect.unibet.com
west.connect.unibet.com
west.mysite.connect.unibet.com
west.sts.connect.unibet.com
west.tc.connect.unibet.com
wildcard01.unibet.com
workflow.connect.unibet.com
workfolders.unibet.com
world-cup-football.unibet.com
worldcuppredictor.unibet.com
ww.unibet.com
www-d.connect.unibet.com
www-dstage.connect.unibet.com
www-pte.unibet.com
www-qa1.unibet.com
www-si1.unibet.com
www.cas.unibet.com
www.cwa.unibet.com
www.d.connect.unibet.com
www.dstage.connect.unibet.com
www.e.unibet.com
www.i.unibet.com
www.lrh.unibet.com
www.m.unibet.com
www.michaelkorspursesale.unibet.com
www.mobil.unibet.com
www.mobile.unibet.com
www.obatpembesarvimax.unibet.com
www.ssl.connect.unibet.com
www.telena.unibet.com
www.test.connect.unibet.com
www.tl.connect.unibet.com
www.unibet.com
www.videocity.unibet.com
www.wap.unibet.com
www.yupy.unibet.com
www1.unibet.com
www10.unibet.com
www11.unibet.com
www13.unibet.com
www17.unibet.com
www2.unibet.com
www25.unibet.com
www3.unibet.com
www41.unibet.com
www5.unibet.com
www6.unibet.com
www7.unibet.com
www75.unibet.com
www8.unibet.com
www9.unibet.com
xns.unibet.com
yoda.unibet.com
zaidejams.unibet.com
zaklady.unibet.com
