1.1 proxy1.us-east-1.prod.infr.search.usa.gov
47593d2fa.sites.infr.search.usa.gov
_all.sites.infr.search.usa.gov
_dmarc.search.usa.gov
_stategov.sites.infr.search.usa.gov
_usembassy.sites.infr.search.usa.gov
achp-gov.sites.infr.search.usa.gov
ada-gov.sites.infr.search.usa.gov
adr-gov.sites.infr.search.usa.gov
aflink.sites.infr.search.usa.gov
all-marines.sites.infr.search.usa.gov
all.sites.infr.search.usa.gov
anthozoa.staging.infr.search.usa.gov
anthozoa.staging.search.usa.gov
antivirusadmin.foreclosuresd-gov.sites.infr.search.usa.gov
api.search.usa.gov
api1.coyote.staging.infr.search.usa.gov
api1.geobacter.staging.infr.search.usa.gov
api1.halophile.staging.infr.search.usa.gov
api1.jackalope.staging.infr.search.usa.gov
api1.lemonade.staging.infr.search.usa.gov
api1.litoralis.staging.infr.search.usa.gov
api1.mcttest.staging.infr.search.usa.gov
api1.osprey.staging.infr.search.usa.gov
api1.pusheen.staging.infr.search.usa.gov
api1.radiodurans.staging.infr.search.usa.gov
api1.sandpiper.staging.infr.search.usa.gov
api1.seagull.staging.infr.search.usa.gov
api1.snowflake.staging.infr.search.usa.gov
api1.toothpick.staging.infr.search.usa.gov
api1.us-east-1.prod.infr.search.usa.gov
api1.warthog.staging.infr.search.usa.gov
api2.sandpiper.staging.infr.search.usa.gov
api2.us-east-1.prod.infr.search.usa.gov
api3.us-east-1.prod.infr.search.usa.gov
apocrita.staging.search.usa.gov
app1.cheetah.staging.infr.search.usa.gov
app1.coyote.staging.infr.search.usa.gov
app1.elegans.staging.infr.search.usa.gov
app1.enchinda.staging.infr.search.usa.gov
app1.geobacter.staging.infr.search.usa.gov
app1.halophile.staging.infr.search.usa.gov
app1.jackalope.staging.infr.search.usa.gov
app1.lemonade.staging.infr.search.usa.gov
app1.litoralis.staging.infr.search.usa.gov
app1.mcttest.staging.infr.search.usa.gov
app1.osprey.staging.infr.search.usa.gov
app1.pusheen.staging.infr.search.usa.gov
app1.pylori.staging.infr.search.usa.gov
app1.radiodurans.staging.infr.search.usa.gov
app1.sandpiper.staging.infr.search.usa.gov
app1.seagull.staging.infr.search.usa.gov
app1.snowflake.staging.infr.search.usa.gov
app1.tardigrade.staging.infr.search.usa.gov
app1.toothpick.staging.infr.search.usa.gov
app1.us-east-1.prod.infr.search.usa.gov
app1.warthog.staging.infr.search.usa.gov
app10.us-east-1.prod.infr.search.usa.gov
app11.us-east-1.prod.infr.search.usa.gov
app12.us-east-1.prod.infr.search.usa.gov
app2.us-east-1.prod.infr.search.usa.gov
app3.us-east-1.prod.infr.search.usa.gov
app4.us-east-1.prod.infr.search.usa.gov
app5.us-east-1.prod.infr.search.usa.gov
app6.us-east-1.prod.infr.search.usa.gov
app7.us-east-1.prod.infr.search.usa.gov
app8.us-east-1.prod.infr.search.usa.gov
app9.us-east-1.prod.infr.search.usa.gov
archaea.staging.search.usa.gov
asis.anthozoa.staging.infr.search.usa.gov
asis.anthozoa.staging.search.usa.gov
asis.apocrita.staging.search.usa.gov
asis.archaea.staging.search.usa.gov
asis.cheetah.staging.infr.search.usa.gov
asis.cheetah.staging.search.usa.gov
asis.coyote.staging.infr.search.usa.gov
asis.coyote.staging.search.usa.gov
asis.cronjobs2006.staging.infr.search.usa.gov
asis.cronjobs2006.staging.search.usa.gov
asis.dachshund.staging.search.usa.gov
asis.demo1.search.usa.gov
asis.elegans.staging.search.usa.gov
asis.enchinda.staging.infr.search.usa.gov
asis.enchinda.staging.search.usa.gov
asis.geobacter.staging.infr.search.usa.gov
asis.geobacter.staging.search.usa.gov
asis.giraffe.staging.infr.search.usa.gov
asis.giraffe.staging.search.usa.gov
asis.guineapig.staging.search.usa.gov
asis.halophile.staging.infr.search.usa.gov
asis.halophile.staging.search.usa.gov
asis.hardcoded2177.staging.infr.search.usa.gov
asis.hardcoded2177.staging.search.usa.gov
asis.hedgehog.staging.search.usa.gov
asis.jackalope.staging.infr.search.usa.gov
asis.jackalope.staging.search.usa.gov
asis.jumpy.staging.infr.search.usa.gov
asis.jumpy.staging.search.usa.gov
asis.lemonade.staging.infr.search.usa.gov
asis.lemonade.staging.search.usa.gov
asis.lemonade79.staging.infr.search.usa.gov
asis.lemonade79.staging.search.usa.gov
asis.litoralis.staging.infr.search.usa.gov
asis.litoralis.staging.search.usa.gov
asis.luke.staging.infr.search.usa.gov
asis.luke.staging.search.usa.gov
asis.mcttest.staging.infr.search.usa.gov
asis.mcttest.staging.search.usa.gov
asis.monit-testing.staging.search.usa.gov
asis.monkey.staging.search.usa.gov
asis.osprey.staging.infr.search.usa.gov
asis.osprey.staging.search.usa.gov
asis.pelomyxa.staging.search.usa.gov
asis.porifera.staging.search.usa.gov
asis.pusheen.staging.infr.search.usa.gov
asis.pusheen.staging.search.usa.gov
asis.pylori.staging.infr.search.usa.gov
asis.pylori.staging.search.usa.gov
asis.radiodurans.staging.infr.search.usa.gov
asis.radiodurans.staging.search.usa.gov
asis.raphus.staging.search.usa.gov
asis.riftia.staging.search.usa.gov
asis.robs-halophile.staging.search.usa.gov
asis.rubrobacter.staging.search.usa.gov
asis.sandpiper.staging.infr.search.usa.gov
asis.sandpiper.staging.search.usa.gov
asis.sanitycheck.staging.search.usa.gov
asis.seagull.staging.infr.search.usa.gov
asis.seagull.staging.search.usa.gov
asis.search.usa.gov
asis.snowflake.staging.infr.search.usa.gov
asis.snowflake.staging.search.usa.gov
asis.sparrow1786.staging.search.usa.gov
asis.sparrow1844.staging.search.usa.gov
asis.srch1883.staging.search.usa.gov
asis.tardigrade.staging.infr.search.usa.gov
asis.tardigrade.staging.search.usa.gov
asis.toothpick.staging.infr.search.usa.gov
asis.toothpick.staging.search.usa.gov
asis.warthog.staging.infr.search.usa.gov
asis.warthog.staging.search.usa.gov
asis.willet.staging.search.usa.gov
asis.ypestis.staging.search.usa.gov
atf.sites.infr.search.usa.gov
aws.search.usa.gov
benefits_gov.sites.infr.search.usa.gov
benefits_gov_es.sites.infr.search.usa.gov
bestmediafileincov.acp-dos_stategov.sites.infr.search.usa.gov
bestmediafileincov.gniland1isic.sites.infr.search.usa.gov
bestmediafileincov11711hec.sites.infr.search.usa.gov
blackstars.copyright.sites.infr.search.usa.gov
broadband.sites.infr.search.usa.gov
bsoq.sites.infr.search.usa.gov
bureauofeconomicanalysis.sites.infr.search.usa.gov
buscador.sites.infr.search.usa.gov
buyusa-gov.sites.infr.search.usa.gov
cdc-main.sites.infr.search.usa.gov
census.sites.infr.search.usa.gov
cfpb.sites.infr.search.usa.gov
cheetah.staging.infr.search.usa.gov
cheetah.staging.search.usa.gov
cio-gov.sites.infr.search.usa.gov
cit.sites.infr.search.usa.gov
clerkpbc.sites.infr.search.usa.gov
cms-new.sites.infr.search.usa.gov
commerce-gov.sites.infr.search.usa.gov
copyright.sites.infr.search.usa.gov
coyote.staging.infr.search.usa.gov
coyote.staging.search.usa.gov
crawl1.geobacter.staging.infr.search.usa.gov
crawl1.halophile.staging.infr.search.usa.gov
crawl1.lemonade.staging.infr.search.usa.gov
crawl1.osprey.staging.infr.search.usa.gov
crawl1.radiodurans.staging.infr.search.usa.gov
crawl1.seagull.staging.infr.search.usa.gov
crawl1.snowflake.staging.infr.search.usa.gov
crawl1.toothpick.staging.infr.search.usa.gov
crawl1.us-east-1.prod.infr.search.usa.gov
crawl2.us-east-1.prod.infr.search.usa.gov
cron1.geobacter.staging.infr.search.usa.gov
cron1.halophile.staging.infr.search.usa.gov
cron1.radiodurans.staging.infr.search.usa.gov
cron1.seagull.staging.infr.search.usa.gov
cron1.snowflake.staging.infr.search.usa.gov
cron1.us-east-1.prod.infr.search.usa.gov
cron2.us-east-1.prod.infr.search.usa.gov
cronjobs2006.staging.infr.search.usa.gov
cronjobs2006.staging.search.usa.gov
dachshund.staging.search.usa.gov
dea-gov.sites.infr.search.usa.gov
defense-logistics-agency.sites.infr.search.usa.gov
demo1.search.usa.gov
demo1.staging.infr.search.usa.gov
demo2.search.usa.gov
demo2.staging.infr.search.usa.gov
demo3.search.usa.gov
demo3.staging.infr.search.usa.gov
demo4.search.usa.gov
demo4.staging.infr.search.usa.gov
demo5.search.usa.gov
demo5.staging.infr.search.usa.gov
dfi.sites.infr.search.usa.gov
dgsearch.sites.infr.search.usa.gov
dgsearchsite.infr.search.usa.gov
dhs.sites.infr.search.usa.gov
digitalgov.sites.infr.search.usa.gov
dod-search.sites.infr.search.usa.gov
doi-gov.sites.infr.search.usa.gov
dos_emb_wha_usembassy.sites.infr.search.usa.gov
dos_stategov.sites.infr.search.usa.gov
ed-gov.sites.infr.search.usa.gov
eda.sites.infr.search.usa.gov
elegans.staging.infr.search.usa.gov
elegans.staging.search.usa.gov
enchinda.staging.infr.search.usa.gov
enchinda.staging.search.usa.gov
ers.sites.infr.search.usa.gov
esa.sites.infr.search.usa.gov
everify.sites.infr.search.usa.gov
exim.sites.infr.search.usa.gov
fara-gov.sites.infr.search.usa.gov
farmers-gov.sites.infr.search.usa.gov
fda1.sites.infr.search.usa.gov
foia-gov.sites.infr.search.usa.gov
frtib.sites.infr.search.usa.gov
geobacter.staging.infr.search.usa.gov
geobacter.staging.search.usa.gov
giraffe.staging.infr.search.usa.gov
giraffe.staging.search.usa.gov
girlshealth.sites.infr.search.usa.gov
goarmy.sites.infr.search.usa.gov
gov.sites.infr.search.usa.gov
govt-urls.infr.search.usa.gov
gsa-gov.sites.infr.search.usa.gov
guineapig.staging.search.usa.gov
halophile.staging.infr.search.usa.gov
halophile.staging.search.usa.gov
hardcoded2177.staging.infr.search.usa.gov
hardcoded2177.staging.search.usa.gov
hec.sites.infr.search.usa.gov
hedgehog.staging.search.usa.gov
i14y.anthozoa.staging.infr.search.usa.gov
i14y.anthozoa.staging.search.usa.gov
i14y.apocrita.staging.search.usa.gov
i14y.archaea.staging.search.usa.gov
i14y.cheetah.staging.infr.search.usa.gov
i14y.cheetah.staging.search.usa.gov
i14y.coyote.staging.infr.search.usa.gov
i14y.coyote.staging.search.usa.gov
i14y.cronjobs2006.staging.infr.search.usa.gov
i14y.cronjobs2006.staging.search.usa.gov
i14y.dachshund.staging.search.usa.gov
i14y.demo1.search.usa.gov
i14y.elegans.staging.infr.search.usa.gov
i14y.elegans.staging.search.usa.gov
i14y.enchinda.staging.infr.search.usa.gov
i14y.enchinda.staging.search.usa.gov
i14y.geobacter.staging.infr.search.usa.gov
i14y.geobacter.staging.search.usa.gov
i14y.giraffe.staging.infr.search.usa.gov
i14y.giraffe.staging.search.usa.gov
i14y.guineapig.staging.search.usa.gov
i14y.halophile.staging.infr.search.usa.gov
i14y.halophile.staging.search.usa.gov
i14y.hardcoded2177.staging.infr.search.usa.gov
i14y.hardcoded2177.staging.search.usa.gov
i14y.hedgehog.staging.search.usa.gov
i14y.jackalope.staging.infr.search.usa.gov
i14y.jackalope.staging.search.usa.gov
i14y.jumpy.staging.infr.search.usa.gov
i14y.jumpy.staging.search.usa.gov
i14y.lemonade.staging.infr.search.usa.gov
i14y.lemonade.staging.search.usa.gov
i14y.lemonade79.staging.infr.search.usa.gov
i14y.lemonade79.staging.search.usa.gov
i14y.litoralis.staging.infr.search.usa.gov
i14y.litoralis.staging.search.usa.gov
i14y.luke.staging.infr.search.usa.gov
i14y.luke.staging.search.usa.gov
i14y.mcttest.staging.infr.search.usa.gov
i14y.mcttest.staging.search.usa.gov
i14y.monit-testing.staging.search.usa.gov
i14y.monkey.staging.search.usa.gov
i14y.osprey.staging.infr.search.usa.gov
i14y.osprey.staging.search.usa.gov
i14y.pelomyxa.staging.search.usa.gov
i14y.porifera.staging.search.usa.gov
i14y.pusheen.staging.infr.search.usa.gov
i14y.pusheen.staging.search.usa.gov
i14y.pylori.staging.infr.search.usa.gov
i14y.pylori.staging.search.usa.gov
i14y.radiodurans.staging.infr.search.usa.gov
i14y.radiodurans.staging.search.usa.gov
i14y.raphus.staging.search.usa.gov
i14y.riftia.staging.search.usa.gov
i14y.robs-halophile.staging.search.usa.gov
i14y.rubrobacter.staging.search.usa.gov
i14y.sandpiper.staging.infr.search.usa.gov
i14y.sandpiper.staging.search.usa.gov
i14y.sanitycheck.staging.search.usa.gov
i14y.seagull.staging.infr.search.usa.gov
i14y.seagull.staging.search.usa.gov
i14y.search.usa.gov
i14y.snowflake.staging.infr.search.usa.gov
i14y.snowflake.staging.search.usa.gov
i14y.sparrow1786.staging.search.usa.gov
i14y.sparrow1844.staging.search.usa.gov
i14y.srch1883.staging.search.usa.gov
i14y.tardigrade.staging.infr.search.usa.gov
i14y.tardigrade.staging.search.usa.gov
i14y.toothpick.staging.infr.search.usa.gov
i14y.toothpick.staging.search.usa.gov
i14y.warthog.staging.infr.search.usa.gov
i14y.warthog.staging.search.usa.gov
i14y.willet.staging.search.usa.gov
i14y.ypestis.staging.search.usa.gov
iaf.sites.infr.search.usa.gov
imd.ada-gov.sites.infr.search.usa.gov
imls.sites.infr.search.usa.gov
indianaffairs.sites.infr.search.usa.gov
infr.search.usa.gov
irs-taxmap.sites.infr.search.usa.gov
irs.sites.infr.search.usa.gov
italy.cfpb.sites.infr.search.usa.gov
italy1.buscador.sites.infr.search.usa.gov
jackalope.staging.infr.search.usa.gov
jackalope.staging.search.usa.gov
jumphost.geobacter.staging.search.usa.gov
jumphost.lemonade.staging.search.usa.gov
jumphost.radiodurans.staging.search.usa.gov
jumphost.sandpiper.staging.search.usa.gov
jumphost.seagull.staging.search.usa.gov
jumphost.snowflake.staging.search.usa.gov
jumphost.toothpick.staging.search.usa.gov
jumphost.us-east-1.infr.search.usa.gov
jumphost.us-west-2.infr.search.usa.gov
jumphost1.geobacter.staging.infr.search.usa.gov
jumphost1.lemonade.staging.infr.search.usa.gov
jumphost1.seagull.staging.infr.search.usa.gov
jumphost1.snowflake.staging.infr.search.usa.gov
jumphost1.toothpick.staging.infr.search.usa.gov
jumphost1.us-east-1.prod.infr.search.usa.gov
jumpy.staging.search.usa.gov
justice.sites.infr.search.usa.gov
kansas-gov.sites.infr.search.usa.gov
kaztas-com.iaf.sites.infr.search.usa.gov
kibana.anthozoa.staging.search.usa.gov
kibana.apocrita.staging.search.usa.gov
kibana.archaea.staging.search.usa.gov
kibana.coyote.staging.search.usa.gov
kibana.cronjobs2006.staging.search.usa.gov
kibana.dachshund.staging.search.usa.gov
kibana.demo1.search.usa.gov
kibana.demo2.search.usa.gov
kibana.demo3.search.usa.gov
kibana.demo4.search.usa.gov
kibana.demo5.search.usa.gov
kibana.elegans.staging.search.usa.gov
kibana.enchinda.staging.search.usa.gov
kibana.geobacter.staging.search.usa.gov
kibana.guineapig.staging.search.usa.gov
kibana.halophile.staging.search.usa.gov
kibana.hardcoded2177.staging.search.usa.gov
kibana.hedgehog.staging.search.usa.gov
kibana.jackalope.staging.search.usa.gov
kibana.jumpy.staging.search.usa.gov
kibana.lemonade.staging.search.usa.gov
kibana.lemonade79.staging.search.usa.gov
kibana.litoralis.staging.search.usa.gov
kibana.luke.staging.search.usa.gov
kibana.mcttest.staging.search.usa.gov
kibana.mimivirus.staging.search.usa.gov
kibana.monit-testing.staging.search.usa.gov
kibana.monkey.staging.search.usa.gov
kibana.osprey.staging.search.usa.gov
kibana.pelomyxa.staging.search.usa.gov
kibana.porifera.staging.search.usa.gov
kibana.pusheen.staging.search.usa.gov
kibana.pylori.staging.search.usa.gov
kibana.radiodurans.staging.search.usa.gov
kibana.raphus.staging.search.usa.gov
kibana.riftia.staging.search.usa.gov
kibana.robs-halophile.staging.search.usa.gov
kibana.rubrobacter.staging.search.usa.gov
kibana.sandpiper.staging.search.usa.gov
kibana.sanitycheck.staging.search.usa.gov
kibana.seagull.staging.search.usa.gov
kibana.search.usa.gov
kibana.snowflake.staging.search.usa.gov
kibana.sparrow1786.staging.search.usa.gov
kibana.sparrow1844.staging.search.usa.gov
kibana.srch1883.staging.search.usa.gov
kibana.tardigrade.staging.search.usa.gov
kibana.toothpick.staging.search.usa.gov
kibana.totoro.staging.search.usa.gov
kibana.warthog.staging.search.usa.gov
kibana.willet.staging.search.usa.gov
kibana.ypestis.staging.search.usa.gov
kibana1.coyote.staging.infr.search.usa.gov
kibana1.elegans.staging.infr.search.usa.gov
kibana1.enchinda.staging.infr.search.usa.gov
kibana1.halophile.staging.infr.search.usa.gov
kibana1.jackalope.staging.infr.search.usa.gov
kibana1.litoralis.staging.infr.search.usa.gov
kibana1.luke.staging.infr.search.usa.gov
kibana1.osprey.staging.infr.search.usa.gov
kibana1.pusheen.staging.infr.search.usa.gov
kibana1.pylori.staging.infr.search.usa.gov
kibana1.radiodurans.staging.infr.search.usa.gov
kibana1.sandpiper.staging.infr.search.usa.gov
kibana1.seagull.staging.infr.search.usa.gov
kibana1.snowflake.staging.infr.search.usa.gov
kibana1.tardigrade.staging.infr.search.usa.gov
kibana1.toothpick.staging.infr.search.usa.gov
kibana1.us-east-1.prod.infr.search.usa.gov
kibana1.warthog.staging.infr.search.usa.gov
kibana5.demo1.search.usa.gov
kibana5.demo2.search.usa.gov
kibana5.demo3.search.usa.gov
kibana5.demo4.search.usa.gov
kibana5.search.usa.gov
kibana6.search.usa.gov
lemonade.staging.infr.search.usa.gov
lemonade.staging.search.usa.gov
lemonade79.staging.infr.search.usa.gov
lemonade79.staging.search.usa.gov
lep-gov.sites.infr.search.usa.gov
lets-encrypt.infr.search.usa.gov
letsencrypt1.us-east-1.prod.infr.search.usa.gov
litoralis.staging.infr.search.usa.gov
litoralis.staging.search.usa.gov
luke.staging.search.usa.gov
mcttest.staging.infr.search.usa.gov
mcttest.staging.search.usa.gov
medicaregov.sites.infr.search.usa.gov
mi-som.sites.infr.search.usa.gov
mimivirus.staging.search.usa.gov
monit-testing.staging.search.usa.gov
monkey.staging.search.usa.gov
mshagov.sites.infr.search.usa.gov
nasa.sites.infr.search.usa.gov
national-archives.sites.infr.search.usa.gov
national-institute-of-justice.sites.infr.search.usa.gov
navy_all.sites.infr.search.usa.gov
nccih.sites.infr.search.usa.gov
nih.sites.infr.search.usa.gov
nisic.sites.infr.search.usa.gov
nist-search.sites.infr.search.usa.gov
nnlm.sites.infr.search.usa.gov
noaa-gov.sites.infr.search.usa.gov
npdb.sites.infr.search.usa.gov
nps.sites.infr.search.usa.gov
ns1.my-dnssec-domain.staging.infr.search.usa.gov
ns1.us-east-1.prod.infr.search.usa.gov
ns2.my-dnssec-domain.staging.infr.search.usa.gov
ns2.us-east-1.prod.infr.search.usa.gov
ns3.us-east-1.prod.infr.search.usa.gov
nsf.sites.infr.search.usa.gov
nsmaster.us-east-1.prod.infr.search.usa.gov
obamalibrary.sites.infr.search.usa.gov
osprey.staging.infr.search.usa.gov
osprey.staging.search.usa.gov
pelomyxa.staging.search.usa.gov
porifera.staging.search.usa.gov
proxy1.geobacter.staging.infr.search.usa.gov
proxy1.halophile.staging.infr.search.usa.gov
proxy1.lemonade.staging.infr.search.usa.gov
proxy1.osprey.staging.infr.search.usa.gov
proxy1.seagull.staging.infr.search.usa.gov
proxy1.snowflake.staging.infr.search.usa.gov
proxy1.toothpick.staging.infr.search.usa.gov
proxy1.us-east-1.prod.infr.search.usa.gov
proxy10.us-east-1.prod.infr.search.usa.gov
proxy11.us-east-1.prod.infr.search.usa.gov
proxy120.us-east-1.prod.infr.search.usa.gov
proxy2.us-east-1.prod.infr.search.usa.gov
proxy3.us-east-1.prod.infr.search.usa.gov
proxy4.us-east-1.prod.infr.search.usa.gov
proxy5.us-east-1.prod.infr.search.usa.gov
proxy6.us-east-1.prod.infr.search.usa.gov
proxy7.us-east-1.prod.infr.search.usa.gov
proxy8.us-east-1.prod.infr.search.usa.gov
proxy9.us-east-1.prod.infr.search.usa.gov
proxylb.us-east-1.infr.search.usa.gov
proxylb.us-west-2.infr.search.usa.gov
purple.search.usa.gov
pusheen.staging.infr.search.usa.gov
pusheen.staging.search.usa.gov
pylori.staging.infr.search.usa.gov
pylori.staging.search.usa.gov
quarantine-secsearch.sites.infr.search.usa.gov
radiodurans.staging.infr.search.usa.gov
radiodurans.staging.search.usa.gov
raphus.staging.search.usa.gov
resque.anthozoa.staging.search.usa.gov
resque.apocrita.staging.search.usa.gov
resque.archaea.staging.search.usa.gov
resque.coyote.staging.search.usa.gov
resque.cronjobs2006.staging.search.usa.gov
resque.demo1.search.usa.gov
resque.demo2.search.usa.gov
resque.demo3.search.usa.gov
resque.demo4.search.usa.gov
resque.demo5.search.usa.gov
resque.elegans.staging.search.usa.gov
resque.enchinda.staging.search.usa.gov
resque.geobacter.staging.search.usa.gov
resque.halophile.staging.search.usa.gov
resque.hardcoded2177.staging.search.usa.gov
resque.jackalope.staging.search.usa.gov
resque.jumpy.staging.search.usa.gov
resque.lemonade.staging.search.usa.gov
resque.lemonade79.staging.search.usa.gov
resque.litoralis.staging.search.usa.gov
resque.luke.staging.search.usa.gov
resque.mcttest.staging.search.usa.gov
resque.mimivirus.staging.search.usa.gov
resque.monit-testing.staging.search.usa.gov
resque.monkey.staging.search.usa.gov
resque.osprey.staging.search.usa.gov
resque.pelomyxa.staging.search.usa.gov
resque.porifera.staging.search.usa.gov
resque.pusheen.staging.search.usa.gov
resque.pylori.staging.search.usa.gov
resque.radiodurans.staging.search.usa.gov
resque.raphus.staging.search.usa.gov
resque.riftia.staging.search.usa.gov
resque.robs-halophile.staging.search.usa.gov
resque.rubrobacter.staging.search.usa.gov
resque.sandpiper.staging.search.usa.gov
resque.sanitycheck.staging.search.usa.gov
resque.seagull.staging.search.usa.gov
resque.search.usa.gov
resque.snowflake.staging.search.usa.gov
resque.sparrow1786.staging.search.usa.gov
resque.sparrow1844.staging.search.usa.gov
resque.srch1883.staging.search.usa.gov
resque.tardigrade.staging.search.usa.gov
resque.toothpick.staging.search.usa.gov
resque.totoro.staging.search.usa.gov
resque.warthog.staging.search.usa.gov
resque.willet.staging.search.usa.gov
resque.ypestis.staging.search.usa.gov
riftia.staging.search.usa.gov
robs-halophile.staging.infr.search.usa.gov
robs-halophile.staging.search.usa.gov
rubrobacter.staging.search.usa.gov
sandpiper.proxy.staging.search.usa.gov
sandpiper.staging.infr.search.usa.gov
sandpiper.staging.search.usa.gov
sanitycheck.staging.search.usa.gov
scdhec-gov.sites.infr.search.usa.gov
sde.sites.infr.search.usa.gov
seagull.staging.infr.search.usa.gov
seagull.staging.search.usa.gov
search.usa.gov
searchstats.infr.search.usa.gov
secsearch.sites.infr.search.usa.gov
sites.infr.search.usa.gov
snowflake.staging.infr.search.usa.gov
snowflake.staging.search.usa.gov
sparrow1786.staging.search.usa.gov
sparrow1844.staging.search.usa.gov
srch1883.staging.search.usa.gov
ssa.sites.infr.search.usa.gov
staging.infr.search.usa.gov
stateofnevada.sites.infr.search.usa.gov
stats.search.usa.gov
stopfraud-gov.sites.infr.search.usa.gov
stopsmokingplease.ctes.infr.search.usa.gov
tardigrade.staging.infr.search.usa.gov
tardigrade.staging.search.usa.gov
tematres.demo1.search.usa.gov
tematres.demo2.search.usa.gov
tematres.demo3.search.usa.gov
tematres.demo4.search.usa.gov
tematres.demo5.search.usa.gov
test.search.usa.gov
toothpick.staging.infr.search.usa.gov
toothpick.staging.search.usa.gov
totoro.staging.search.usa.gov
tpwd.sites.infr.search.usa.gov
trade-gov.sites.infr.search.usa.gov
treasury.sites.infr.search.usa.gov
ttb.sites.infr.search.usa.gov
txsos.sites.infr.search.usa.gov
u-s-bureauofeconomicanalysis.sites.infr.search.usa.gov
us-cert.sites.infr.search.usa.gov
us-east-1.prod.infr.search.usa.gov
uscg.sites.infr.search.usa.gov
uscis-gov.sites.infr.search.usa.gov
uscourts-gov.sites.infr.search.usa.gov
usda.sites.infr.search.usa.gov
usdoloshapublicwebsite.sites.infr.search.usa.gov
usmarshals-gov.sites.infr.search.usa.gov
usmint-gov.sites.infr.search.usa.gov
vcf-gov.sites.infr.search.usa.gov
vets-gov-search.sites.infr.search.usa.gov
virus.bdb1farmers-gov.sites.infr.search.usa.gov
virus0316.richinnydd-gov.sites.infr.search.usa.gov
virus0316ichinnydd-gov.sites.infr.search.usa.gov
virus0316nisic-025usticec-domain__target-everify.sites.infr.search.usa.gov
virus0316nisic.siteshastaneciyizoia-gov.sites.infr.search.usa.gov
virus0316nisicibk-tpwd.sites.infr.search.usa.gov
virus0316nisicsb-domain__target-sde.sites.infr.search.usa.gov
virus8yulechengbaijiale-nisic.sites.infr.search.usa.gov
warthog.staging.infr.search.usa.gov
warthog.staging.search.usa.gov
web-sdmg-uspto-gov.sites.infr.search.usa.gov
weighted-proxy.sites.infr.search.usa.gov
wh.sites.infr.search.usa.gov
willet.staging.search.usa.gov
womenshealth.sites.infr.search.usa.gov
www.search.usa.gov
ypestis.staging.search.usa.gov
