13.vine.co
27.prd.vine.co
admin.vine.co
alexnb.vine.co
api-neonza.vine.co
ar.help.vine.co
archive.vine.co
atla.vine.co
be-neonza1.vine.co
be-neonza2.vine.co
blog.vine.co
bonnienb.vine.co
brand.vine.co
camelot.vine.co
candicenb.vine.co
caren.vine.co
cdn.vine.co
chef-ironfan.test.vine.co
chenel.vine.co
claret.vine.co
cliffvaio.vine.co
db-neonza.vine.co
debbienb.vine.co
dev-svc.vine.co
devel.vine.co
drake.vine.co
edelrood.vine.co
elnino.vine.co
engineering.vine.co
es.help.vine.co
exporter.vine.co
fire-hub.vine.co
fire-sw2.vine.co
fr.help.vine.co
furmint.vine.co
get.vine.co
grape.vine.co
guinness.vine.co
gviapp.vine.co
gvidb2.vine.co
gvidb3.vine.co
gvimail.vine.co
gviswitch1.vine.co
gviswitch2.vine.co
gviswitch3.vine.co
gvivoice.vine.co
gviweb.vine.co
gvmail.vine.co
gvrhapp.vine.co
gvrhapp0.vine.co
gvrhapp4.vine.co
gvrhapp5.vine.co
gvrhapp6.vine.co
gvrhblk.vine.co
gvrhcmp.vine.co
gvrhtst1.vine.co
gvrhtst11.vine.co
help.vine.co
hp1320nw.vine.co
hp2600n.vine.co
iloop1.vine.co
iloop2.vine.co
invalert.vine.co
invodr.vine.co
ja.help.vine.co
jknotebook.vine.co
jknotebooks.vine.co
jms-neonza.vine.co
jobs.vine.co
kalimdor.vine.co
kerner.vine.co
laureat.vine.co
malbec.vine.co
malcolmnb.vine.co
malcolmnb2.vine.co
mbs-04.vine.co
mbs-05.vine.co
meda.vine.co
media.vine.co
merlot.vine.co
mk.prd.vine.co
mm.prd.vine.co
mm03.prd.vine.co
mtc-0.cdn.vine.co
mtc.cdn.vine.co
music.vine.co
nadinenb.vine.co
neophytenbook.vine.co
new.vine.co
nicknb.vine.co
ops02.prd.vine.co
oracle.vine.co
palomino.vine.co
patrick1.vine.co
pinotage.vine.co
plant.vine.co
platform.vine.co
prd.vine.co
pt.help.vine.co
pypicloud.svc.vine.co
reisling.vine.co
semillon.vine.co
senior.vine.co
sirius.vine.co
sonnet2.vine.co
stacey.vine.co
svc.vine.co
test.vine.co
tk.help.vine.co
touriga.vine.co
ui-neonza.vine.co
v.cdn.vine.co
vanburen.vine.co
videobeta.vine.co
vine.co
wildcard.cdn.vine.co
www.blog.vine.co
www.brand.vine.co
www.videobeta.vine.co
www.vine.co
www.zagacom.vine.co
year3.vine.co
yearonvine.vine.co
yoda.vine.co
