abonnement2.volkskrant.nl
abonnementen.volkskrant.nl
acc-webwinkel.volkskrant.nl
acc.inclusief.volkskrant.nl
acc.secure.volkskrant.nl
acc.webwinkel.volkskrant.nl
accounts.volkskrant.nl
actie.volkskrant.nl
acties.volkskrant.nl
advertorial.volkskrant.nl
advertorials.volkskrant.nl
aka.volkskrant.nl
app.volkskrant.nl
archief.volkskrant.nl
attach.volkskrant.nl
beta.volkskrant.nl
beta.www.volkskrant.nl
blog.volkskrant.nl
blogs.volkskrant.nl
brandedcontent.volkskrant.nl
caps-acc.volkskrant.nl
caps.volkskrant.nl
capspong.cocaps-acc.volkskrant.nl
cgi.volkskrant.nl
cmp.volkskrant.nl
content.volkskrant.nl
conversietool.volkskrant.nl
cultuur.volkskrant.nl
dagkrant.volkskrant.nl
deals.volkskrant.nl
dechocolaraaktop.volkskrant.nl
dev-service.volkskrant.nl
digitalekrant.volkskrant.nl
e.email.volkskrant.nl
editionbackend-acc.volkskrant.nl
editionbackend-alpha.volkskrant.nl
editionbackend.volkskrant.nl
email.volkskrant.nl
esales-test.volkskrant.nl
esales.volkskrant.nl
extra.volkskrant.nl
feeds.volkskrant.nl
filmvanhetjaar.volkskrant.nl
forum.volkskrant.nl
foto.volkskrant.nl
grotefotografen.volkskrant.nl
historischevoorpagina.volkskrant.nl
identificatie.volkskrant.nl
ims.volkskrant.nl
inclusief.volkskrant.nl
krant.volkskrant.nl
kunst-boeken.volkskrant.nl
kunst.volkskrant.nl
labs-old.volkskrant.nl
labs.volkskrant.nl
labs2.volkskrant.nl
lancering.volkskrant.nl
landingpage.volkskrant.nl
lekkersingle.volkskrant.nl
lezersreizen.volkskrant.nl
light.m.volkskrant.nl
ll.volkskrant.nl
local.webwinkel.volkskrant.nl
login.volkskrant.nl
login2.volkskrant.nl
m.volkskrant.nl
magiclink.volkskrant.nl
mail.volkskrant.nl
marketingactie.volkskrant.nl
messagent.volkskrant.nl
mf.volkskrant.nl
mijn.volkskrant.nl
mijnomgeving-acc.volkskrant.nl
mijnomgeving.volkskrant.nl
mobiel.volkskrant.nl
mobile-vkgo-acc.volkskrant.nl
mobile.volkskrant.nl
myaccount.volkskrant.nl
nieuwsquizgadget.volkskrant.nl
observatorium.volkskrant.nl
oidc.volkskrant.nl
onderwijsagenda.volkskrant.nl
openredactie.volkskrant.nl
opinie.volkskrant.nl
optizen.volkskrant.nl
parship.volkskrant.nl
partnercontent.volkskrant.nl
patientinbeeld.volkskrant.nl
pdf-archive.volkskrant.nl
pexi.volkskrant.nl
photo.volkskrant.nl
pmail.volkskrant.nl
prod.volkskrant.nl
proefabonnement.volkskrant.nl
puzzels.volkskrant.nl
reisblog.volkskrant.nl
reisblogs.volkskrant.nl
secure-acc.volkskrant.nl
secure.volkskrant.nl
service.volkskrant.nl
shop.volkskrant.nl
sigmund.volkskrant.nl
social.volkskrant.nl
socialize.volkskrant.nl
ssocallback.volkskrant.nl
staging.volkskrant.nl
static.m.volkskrant.nl
static0.volkskrant.nl
static1.volkskrant.nl
static2.volkskrant.nl
static3.volkskrant.nl
story.volkskrant.nl
studenten.volkskrant.nl
t.volkskrant.nl
temptation.volkskrant.nl
test-openredactie.volkskrant.nl
test-webwinkel.volkskrant.nl
test.webwinkel.volkskrant.nl
top200.volkskrant.nl
topsalaris.volkskrant.nl
tvseries.volkskrant.nl
uts.volkskrant.nl
verhalen.volkskrant.nl
verkeer.volkskrant.nl
verkiezingen.volkskrant.nl
verkooppunt.volkskrant.nl
video.volkskrant.nl
vkgo-acc.volkskrant.nl
volkskrant.nl
vrij.volkskrant.nl
web.volkskrant.nl
weblog.volkskrant.nl
webshop.volkskrant.nl
webwinkel.volkskrant.nl
weer.volkskrant.nl
welkom.staging.volkskrant.nl
welkom.volkskrant.nl
wereldarchitecten.volkskrant.nl
wereldkeuken.volkskrant.nl
werkenleven.volkskrant.nl
wijnen.volkskrant.nl
wiki.volkskrant.nl
winkel.volkskrant.nl
www.acceptance.volkskrant.nl
www.actie.volkskrant.nl
www.m.volkskrant.nl
www.mobiel.volkskrant.nl
www.photo.volkskrant.nl
www.socialize.volkskrant.nl
www.volkskrant.nl
www.webwinkel.volkskrant.nl
www.winkel.volkskrant.nl
zoek.volkskrant.nl
