1024.dev.api.vtm.be
2008.vtm.be
actie.vtm.be
admin.auditie.thevoice.vtm.be
admin.degrotesprong.vtm.be
adops.vtm.be
akamai.vtm.be
akamaitest.vtm.be
api.vtm.be
assets.vtm.be
auditie.thevoice.vtm.be
autodiscover.vtm.be
b2b.vtm.be
beat.vtm.be
beleving-assets-dev.vtm.be
beleving-assets-stag.vtm.be
beleving-assets.vtm.be
beleving-stag.vtm.be
beleving.vtm.be
belgiums-got-talent.vtm.be
breakingnews.vtm.be
c.vtm.be
campingcoppens.vtm.be
cmp.vtm.be
cms-beat.vtm.be
cms-dev-test.vtm.be
cms-nieuws-test.vtm.be
cms-stag.vtm.be
cms.vtm.be
code-van-coppens.vtm.be
codevancoppens.vtm.be
communicatie.vtm.be
customerservice.vtm.be
customerservicekoken.vtm.be
customerservicenieuws.vtm.be
cvc.vtm.be
degrotesprong.vtm.be
destemvanvlaanderen.vtm.be
destip.vtm.be
dev-errorpages.vtm.be
dev-libs.vtm.be
dev-vcs.vtm.be
dev.api.vtm.be
dev.assets.vtm.be
dev.auditie.thevoice.vtm.be
dev.beleving-assets.vtm.be
dev.cms.vtm.be
dev.degrotesprong.vtm.be
dev.koken.vtm.be
dev.libs.vtm.be
dev.new.nieuws.vtm.be
dev.new.vtm.be
dev.nieuws.vtm.be
dev.nieuws18.vtm.be
dev.stadion.vtm.be
dev.stem.vtm.be
dev.video.auditie.thevoice.vtm.be
dev.vtm.be
dev.vtm18.vtm.be
dev.www.vtm.be
dev.zenderapp.vtm.be
deverraders-staging.vtm.be
deverraders.vtm.be
domino.vtm.be
errnetstorage.vtm.be
errorpages.vtm.be
flvpd.vtm.be
fms.domino.vtm.be
goal.vtm.be
grannyprix.vtm.be
icsyv-staging.vtm.be
icsyv.vtm.be
idool.vtm.be
image.vtm.be
ims.vtm.be
iphone.vtm.be
k2zoektk3-assets.vtm.be
k2zoektk3.vtm.be
k3zoektk3.vtm.be
koken.vtm.be
l3.stadion.vtm.be
l3.static.degrotesprong.vtm.be
l3.static.stadion.vtm.be
l3.static.thevoice.vtm.be
l3.static.vtm.be
l3.streaming.vtm.be
l3.zenderapp.vtm.be
lb.vtm.be
libs.vtm.be
list.vtm.be
login.vtm.be
login2.vtm.be
m.vtm.be
mail.vtm.be
maintenance.vtm.be
mijn.vtm.be
mijnpopuprestaurant.vtm.be
mobile.thevoice.vtm.be
moments.vtm.be
myaccount.vtm.be
new.nieuws.vtm.be
new.vtm.be
nieuws.vtm.be
nieuws18.vtm.be
node.degrotesprong.vtm.be
node.sytycd.vtm.be
node.thevoice.vtm.be
old.vtm.be
oldwww.vtm.be
poc.vtm.be
prikbordfamilie.vtm.be
qualifio.koken.vtm.be
qualifio.nieuws.vtm.be
qualifio.vtm.be
realtimemail.vtm.be
seymour-acc.vtm.be
seymour-test.vtm.be
seymour.vtm.be
sf.vtm.be
sso.vtm.be
sst.vtm.be
stadion.vtm.be
stag.admin.degrotesprong.vtm.be
stag.api.vtm.be
stag.assets.vtm.be
stag.cms.vtm.be
stag.d7.koken.vtm.be
stag.koken.vtm.be
stag.libs.vtm.be
stag.new.nieuws.vtm.be
stag.nieuws.vtm.be
stag.nieuws18.vtm.be
stag.stadion.vtm.be
stag.vtm.be
stag.vtm18.vtm.be
stag.zenderapp.vtm.be
stag2.vtm.be
staging.www.vtm.be
static-koken.vtm.be
static-vtm.vtm.be
static.nieuws.vtm.be
static.stadion.vtm.be
static.thevoice.vtm.be
static.vtm.be
static1.degrotesprong.vtm.be
static1.koken.vtm.be
static1.nieuws.vtm.be
static1.stadion.vtm.be
static1.stag.vtm.be
static1.vtm.be
static2.koken.vtm.be
static2.nieuws.vtm.be
static2.stadion.vtm.be
static2.stag.vtm.be
static2.vtm.be
static3.degrotesprong.vtm.be
static3.koken.vtm.be
static3.nieuws.vtm.be
static3.stadion.vtm.be
static3.stag.vtm.be
static3.vtm.be
static4.degrotesprong.vtm.be
static4.koken.vtm.be
static4.nieuws.vtm.be
static4.stadion.vtm.be
static4.stag.vtm.be
static4.vtm.be
staticssl.vtm.be
stem-dev.vtm.be
stem-stag.vtm.be
stem.vtm.be
stem2.vtm.be
stemvanvlaanderen.vtm.be
streaming.vtm.be
syndicationfiles.vtm.be
sytycd.vtm.be
sytycdcompetition.vtm.be
test.koken.vtm.be
test.nieuws.vtm.be
test.stadion.vtm.be
test.vtm.be
theband.vtm.be
themaskedsinger-demo.vtm.be
themaskedsinger-staging.vtm.be
themaskedsinger.vtm.be
thevoice-auditieruimte.vtm.be
thevoice.vtm.be
thevoicevanvlaanderen.vtm.be
tickets.vtm.be
tms.vtm.be
up2u.vtm.be
video.auditie.thevoice.vtm.be
vlaamswoningfonds.vtm.be
voorjaar2019.vtm.be
vtm.be
vtm18.vtm.be
wildcard.vtm.be
www.moments.vtm.be
www.realtimemail.vtm.be
www.staticssl.vtm.be
www.thevoice-auditieruimte.vtm.be
www.vtm.be
www2.vtm.be
zenderapp.vtm.be
zendesk1.vtm.be
zendesk2.vtm.be
zendesk3.vtm.be
zendesk4.vtm.be
