174-64.worki.ru
19356.worki.ru
232-237.worki.ru
2k13bifenpaixiaoshi.worki.ru
3627a.worki.ru
3m.worki.ru
abakan.worki.ru
access.worki.ru
achinsk.worki.ru
allhotmovie.worki.ru
almetevsk.worki.ru
anapa.worki.ru
antivirus.worki.ru
aomenduchangshipin.worki.ru
arhangelsk.worki.ru
artem.worki.ru
arzamas.worki.ru
astrahan.worki.ru
autodiscover.worki.ru
avg-anti-virus-free.it.worki.ru
avira-free-antivirus.en.worki.ru
baijialedelutu.worki.ru
balashiha.worki.ru
baoboyulechengzhuce.worki.ru
barnaul.worki.ru
batajsk.worki.ru
belgorod.worki.ru
berdsk.worki.ru
berezniki.worki.ru
blagoveschensk.worki.ru
blog.worki.ru
bryansk.worki.ru
bryanskaya-oblast.worki.ru
chelyabinsk.worki.ru
cherepovets.worki.ru
chita.worki.ru
clickstream.worki.ru
cn-achinsk.worki.ru
dc.worki.ru
dialin.worki.ru
dmitrov.worki.ru
dolgoprudnyj.worki.ru
domodedovo.worki.ru
dzerzhinsk.worki.ru
ecovidrio.worki.ru
eip.worki.ru
ekaterinburg.worki.ru
elista.worki.ru
en.worki.ru
engels.worki.ru
exchange.worki.ru
filmclub.worki.ru
franklincovey.worki.ru
freeofvirus.worki.ru
g.worki.ru
ge-1-2.worki.ru
ghbatajsk.worki.ru
glazov.worki.ru
habarovsk.worki.ru
hanty-mansijsk.worki.ru
help.worki.ru
himki.worki.ru
hostmaster.worki.ru
hr.worki.ru
huanleguxianshangyule.worki.ru
ii.worki.ru
imarketing024ptn.worki.ru
intranet.worki.ru
irkutsk.worki.ru
irkutskaya-oblast.worki.ru
it.worki.ru
ivanovo.worki.ru
izhevsk.worki.ru
j.worki.ru
joshkar-ola.worki.ru
kaliningrad.worki.ru
kaluga.worki.ru
kaluzhskaya-oblast.worki.ru
kamensk-uralskij.worki.ru
kazan.worki.ru
kemerovskaya-oblast.worki.ru
kirov.worki.ru
kirovskaya-oblast.worki.ru
kolomna.worki.ru
kostroma.worki.ru
krasnodar.worki.ru
krasnogorsk.worki.ru
krasnoyarsk.worki.ru
krasnoyarskij-kraj.worki.ru
kursk.worki.ru
kurskaya-oblast.worki.ru
kz.worki.ru
latidosdecuba.worki.ru
lipetsk.worki.ru
lobnya.worki.ru
lp.worki.ru
luxury.worki.ru
lync.worki.ru
lyncaccess.worki.ru
lyncaccess01.worki.ru
lyncdiscover.worki.ru
lyncdiscoverinternal.worki.ru
lyncext.worki.ru
lyncweb.worki.ru
lyubertsy.worki.ru
magnitogorsk.worki.ru
mail.worki.ru
meet.worki.ru
menomalesongolosa.worki.ru
moskovskaya-oblast.worki.ru
murmansk.worki.ru
murmanskaya-oblast.worki.ru
myapi.worki.ru
neftekamsk.worki.ru
nefteyugansk.worki.ru
nizhegorodskaya-oblast.worki.ru
nizhnekamsk.worki.ru
nizhnij-tagil.worki.ru
nn.worki.ru
nobarrier.worki.ru
noginsk.worki.ru
novgorod.worki.ru
novocheboksarsk.worki.ru
novocherkassk.worki.ru
novokuznetsk.worki.ru
novosibirsk.worki.ru
novosibirskaya-oblast.worki.ru
novyj-urengoj.worki.ru
omoyeni-disu.worki.ru
orenburgskaya-oblast.worki.ru
orlovskaya-oblast.worki.ru
orsk.worki.ru
owa.worki.ru
penza.worki.ru
perm.worki.ru
petropavlovsk-kamchatskij.worki.ru
petrozavodsk.worki.ru
ppp188.worki.ru
pskovskaya-oblast.worki.ru
puntaream.worki.ru
pushkino.worki.ru
pyatigorsk.worki.ru
respublika-buryatiya.worki.ru
respublika-dagestan.worki.ru
respublika-kareliya.worki.ru
rnd.worki.ru
roger.worki.ru
ryazan.worki.ru
rybinsk.worki.ru
sahalinskaya-oblast.worki.ru
salavat.worki.ru
samara.worki.ru
sanhak.worki.ru
saratov.worki.ru
scheduler.worki.ru
schelkovo.worki.ru
serpuhov.worki.ru
sevastopol.worki.ru
severodvinsk.worki.ru
shahty.worki.ru
sharepoint.worki.ru
simferopol.worki.ru
sip.worki.ru
sipexternal.worki.ru
sipinternal.worki.ru
smolensk.worki.ru
sochi.worki.ru
spb.worki.ru
srf-subic-bay.worki.ru
stavropol.worki.ru
stavropolskij-kraj.worki.ru
sterlitamak.worki.ru
sugarpopribbons.worki.ru
support.worki.ru
surgut.worki.ru
sverdlovskaya-oblast.worki.ru
syktyvkar.worki.ru
taganrog.worki.ru
tambov.worki.ru
tobolsk.worki.ru
tomsk.worki.ru
tomskaya-oblast.worki.ru
tula.worki.ru
tulskaya-oblast.worki.ru
tver.worki.ru
tyumen.worki.ru
tyumenskaya-oblast.worki.ru
uat.worki.ru
ufa.worki.ru
ulan-ude.worki.ru
ussurijsk.worki.ru
vladimir.worki.ru
vladimirskaya-oblast.worki.ru
volgodonsk.worki.ru
volgogradskaya-oblast.worki.ru
vologda.worki.ru
vologodskaya-oblast.worki.ru
voronezh.worki.ru
voskresensk.worki.ru
vsu.worki.ru
web10235.worki.ru
wiwi.worki.ru
worki.ru
ww.worki.ru
www.dc.worki.ru
www.lp.worki.ru
www.worki.ru
xsample333-xsrvjp.worki.ru
yakutsk.worki.ru
yaroslavl.worki.ru
yuzhno-sahalinsk.worki.ru
zaixiandezhoupukepingtai.worki.ru
zengdaoren.worki.ru
