.yahooapis.com
171.33.52.7query.yahooapis.com
250acsync.yahooapis.com
a.bp.yahooapis.com
a.yui.yahooapis.com
address.yahooapis.com
ads.yahooapis.com
alpha.address.yahooapis.com
alpha.jweb.voice.yahooapis.com
alpha.yql.yahooapis.com
amp.yahooapis.com
analyze.yahooapis.com
answers.yahooapis.com
answers.yql.yahooapis.com
ap-northeast-1.prod.vespa.yahooapis.com
ap-northeast-2.prod.vespa.yahooapis.com
ap-southeast-1.prod.vespa.yahooapis.com
apac.smsgw.mobile.yahooapis.com
apple-mobile.query.yahooapis.com
appstore.apps.yahooapis.com
apt.yahooapis.com
backyardsearch.yql.yahooapis.com
bat.yahooapis.com
beta.address.yahooapis.com
beta.legophotos.yql.yahooapis.com
beta.query.yahooapis.com
beta.rush.yql.yahooapis.com
beta.yahooapis.com
beta.yql.yahooapis.com
beta1.blog.yahooapis.com
bid.yahooapis.com
blog.yahooapis.com
boapi.yahooapis.com
boss.yahooapis.com
bp.yahooapis.com
br.mypop.yahooapis.com
businesschat.yahooapis.com
ca.ford.yahooapis.com
calendar.yahooapis.com
catalog.store.yahooapis.com
cd-us-central-1.dev.vespa.yahooapis.com
cd-us-central-1.prod.vespa.yahooapis.com
cd-us-central-1.staging.vespa.yahooapis.com
cd-us-central-1.test.vespa.yahooapis.com
cd-us-central-2.prod.vespa.yahooapis.com
cd-us-west-1.dev.vespa.yahooapis.com
cd-us-west-1.prod.vespa.yahooapis.com
cdn.yahooapis.com
checkout.store.yahooapis.com
cn.yui.yahooapis.com
collections.local.yahooapis.com
combo-proxy.yahooapis.com
commerce.yahooapis.com
contentindexing--partner-publishing.global.vespa.yahooapis.com
corp-us-east-1.dev.vespa.yahooapis.com
corp-us-east-1.prod.vespa.yahooapis.com
cricket.yql.yahooapis.com
cricketmobile.yql.yahooapis.com
csync.yahooapis.com
ctv.yql.yahooapis.com
cyc.yql.yahooapis.com
data.vsearch.boss.yahooapis.com
datax-ycpi.yahooapis.com
datax.yahooapis.com
dataxonline.yahooapis.com
developer.messenger.yahooapis.com
developer.yahooapis.com
displayimage.messenger.yahooapis.com
docs.apt.yahooapis.com
dr.hj.yahooapis.com
ecp.checkout.store.yahooapis.com
ecrec.yql.yahooapis.com
eu-west-1.prod.vespa.yahooapis.com
eurotravel.yahooapis.com
ews.mall.yahooapis.com
ews11.marketing.ews.yahooapis.com
fantasysports.yahooapis.com
feeds.soln-stage.yahooapis.com
feeds.stage.yahooapis.com
feeds.yahooapis.com
finance.yahooapis.com
fireeagle.yahooapis.com
games.yahooapis.com
gamma.blog.yahooapis.com
gamma.query.yahooapis.com
gamma.rush.yql.yahooapis.com
gamma.yql.yahooapis.com
github.catalog.store.yahooapis.com
global.apt.yahooapis.com
global.marketing.ews.yahooapis.com
global.vespa.yahooapis.com
globalmedia.yql.yahooapis.com
hj.yahooapis.com
ic1.apps.yahooapis.com
ic2.apps.yahooapis.com
ic3.apps.yahooapis.com
ic4.apps.yahooapis.com
imagesearch.mediasearch.global.vespa.yahooapis.com
in.movies.yahooapis.com
in.order.store.yahooapis.com
intonow.yql.yahooapis.com
iphone-cricket-mobile.query.yahooapis.com
iphone-cricket-mobile.yql.yahooapis.com
iws.apt.yahooapis.com
jweb.yahooapis.com
knowledge.yahooapis.com
kr.internal.campaign.yahooapis.com
kr.local.search.yahooapis.com
kr.local.yahooapis.com
kr.partner.campaign.yahooapis.com
lax.catalog.store.yahooapis.com
le.yahooapis.com
legophotos.yql.yahooapis.com
lg-mobile.query.yahooapis.com
live.yahooapis.com
livechat.yahooapis.com
loader.yahooapis.com
local.yahooapis.com
login.checkout.store.yahooapis.com
login.order.store.yahooapis.com
login.yahooapis.com
lrd.order.store.yahooapis.com
lrd.yahooapis.com
lsbe-yql.yahooapis.com
mail.yahooapis.com
maps.yahooapis.com
marketing.ews.yahooapis.com
measurement-sandbox.yahooapis.com
measurement.yahooapis.com
media.query.yahooapis.com
media.yql.yahooapis.com
messenger.yql.yahooapis.com
mh2-canary.query.yahooapis.com
mobileposse.yql.yahooapis.com
mobileweather.yql.yahooapis.com
msapp.yahooapis.com
mtk-mobile.query.yahooapis.com
mybloglog.yahooapis.com
n.login.yahooapis.com
ne1stgiws.apt.yahooapis.com
nowon-cricket-mobile.query.yahooapis.com
oneecsearch.yql.yahooapis.com
onlinequeryrewrite.by-bergum.us-east-1.dev.vespa.yahooapis.com
open.login.yahooapis.com
order.store.yahooapis.com
orderapi.int.sbs.yahooapis.com
orderapi.sbs.yahooapis.com
origin.feeds.soln-stage.yahooapis.com
payment.store.yahooapis.com
pgws.yahooapis.com
pipes.yahooapis.com
pipesdb.yql.yahooapis.com
polyfills.yahooapis.com
prodbf1.query.yahooapis.com
qa.fireeagle.yahooapis.com
queries.yahooapis.com
query.yahooapis.com
query.yahooapis.comquery.yahooapis.com
rcore3.messenger.yahooapis.com
rcore4.messenger.yahooapis.com
re3.apps.yahooapis.com
real-weather.yahooapis.com
real.businesschat.yahooapis.com
real.open.login.yahooapis.com
real.sandbox.datax.yahooapis.com
real1.hk.search.yahooapis.com
reputation.yql.yahooapis.com
research.yahooapis.com
rproxy3.messenger.yahooapis.com
rproxy4.messenger.yahooapis.com
rush.yql.yahooapis.com
samsung-mobile.query.yahooapis.com
sandbox.ads.yahooapis.com
sandbox.apt.yahooapis.com
sandbox.datax.yahooapis.com
sandbox.marketing.ews.yahooapis.com
scm.yahooapis.com
search.yahooapis.com
self.apps.yahooapis.com
self.bf1.apps.yahooapis.com
self.ch1.apps.yahooapis.com
self.mud.apps.yahooapis.com
self.preview.apps.yahooapis.com
self.re3.apps.yahooapis.com
self.sg1.apps.yahooapis.com
self.sg3.apps.yahooapis.com
self.sp1.apps.yahooapis.com
self.tw1.apps.yahooapis.com
self.yosbeta.apps.yahooapis.com
shopping.yahooapis.com
shortcuts.yahooapis.com
slink-search.yahooapis.com
smsgw.mobile.yahooapis.com
social.yahooapis.com
social.yql.yahooapis.com
someservice.yahooapis.com
sportsmobile.yql.yahooapis.com
stage-commerce.yahooapis.com
stage.fireeagle.yahooapis.com
stage.hj.yahooapis.com
stage.yboss.yahooapis.com
staging.blog.yahooapis.com
staging.cdt.yql.yahooapis.com
staging.connect.yql.yahooapis.com
staging.datax.yahooapis.com
staging.pipes.yql.yahooapis.com
staging.pipesdb.yql.yahooapis.com
staging.polyfills.yahooapis.com
staging.query.yahooapis.com
staging.rush.yql.yahooapis.com
staging.social.yql.yahooapis.com
staging.yql.yahooapis.com
staging.yts.yql.yahooapis.com
stg-yql.yahooapis.com
tackle.payment.store.yahooapis.com
test-mail.yahooapis.com
test.data.vsearch.boss.yahooapis.com
test.mh2-staging.analytics.query.yahooapis.com
test.vsearch.boss.yahooapis.com
testdatax.yahooapis.com
theta.query.yahooapis.com
theta.yql.yahooapis.com
tns.yahooapis.com
training-api5120.amp.yahooapis.com
training-global.amp.yahooapis.com
transliteration.order.store.yahooapis.com
transliteration.yahooapis.com
travel.yahooapis.com
tsp.yahooapis.com
tw.3ws.mall.yahooapis.com
tw.assessrisk.yahooapis.com
tw.b-bat.yahooapis.com
tw.b-pgws.yahooapis.com
tw.b-ws.yahooapis.com
tw.b-yccapi.yahooapis.com
tw.bat.yahooapis.com
tw.batch.mall.yahooapis.com
tw.beta-assessrisk.yahooapis.com
tw.beta.openapi.serviceplus.yahooapis.com
tw.bid.yahooapis.com
tw.boapi.yahooapis.com
tw.cmsws.mall.yahooapis.com
tw.erpbat.yahooapis.com
tw.ews.mall.yahooapis.com
tw.knowledge.yahooapis.com
tw.lifestyle.yahooapis.com
tw.livechat.yahooapis.com
tw.mapi.mall.yahooapis.com
tw.openapi.serviceplus.yahooapis.com
tw.pgws.yahooapis.com
tw.pp-assessrisk.yahooapis.com
tw.pp-bat.yahooapis.com
tw.pp-boapi.yahooapis.com
tw.pp-pgws.yahooapis.com
tw.pp-ws.yahooapis.com
tw.pp-yccapi.yahooapis.com
tw.pp-ymq.yahooapis.com
tw.resource.yahooapis.com
tw.scm.yahooapis.com
tw.scmpm.yahooapis.com
tw.smapi.mall.yahooapis.com
tw.tsp.yahooapis.com
tw.vault.b-ymq.yahooapis.com
tw.vault.b-ysim.yahooapis.com
tw.vault.pp-ymq.yahooapis.com
tw.vault.pp-ysim.yahooapis.com
tw.vault.ymq.yahooapis.com
tw.vault.ysim.yahooapis.com
tw.wh.yahooapis.com
tw.ws.yahooapis.com
tw.ybfs.yahooapis.com
tw.yccapi.yahooapis.com
tw.ymq.yahooapis.com
tw.ypauth.ec.yahooapis.com
tw.ypauth.mall.yahooapis.com
tw.ysim.yahooapis.com
uat-measurement.yahooapis.com
upcoming.yahooapis.com
us-central-1.prod.vespa.yahooapis.com
us-east-1.dev.vespa.yahooapis.com
us-east-1.test.vespa.yahooapis.com
us-east-3.perf.vespa.yahooapis.com
us-east-3.prod.vespa.yahooapis.com
us-east-3.staging.vespa.yahooapis.com
us-west-1.prod.vespa.yahooapis.com
us.music.yahooapis.com
v2-polyfills.yahooapis.com
v2.polyfills.yahooapis.com
vault.marketing.ews.yahooapis.com
vespa.yahooapis.com
vip.cd-us-west-1.prod.vespa.yahooapis.com
vsearch.boss.yahooapis.com
weather.yahooapis.com
webplayer.yahooapis.com
wh.yahooapis.com
where.yahooapis.com
wretch.yahooapis.com
wws.geotech.yahooapis.com
www.yahooapis.com
y.bp.yahooapis.com
y.yui.yahooapis.com
yahooapis.com
yapapp.yql.yahooapis.com
yboss.yahooapis.com
yccapi.yahooapis.com
yql.checkout.store.yahooapis.com
yql.yahooapis.com
ysbsqa-skotha-mudperf1.order.store.yahooapis.com
ysim.yahooapis.com
ysp.yahooapis.com
yub.yahooapis.com
yui-s.yahooapis.com
yui.yahooapis.com
zeta.query.yahooapis.com
zeta.yql.yahooapis.com
