0-antivirus.yelo.be
01-antivirus.yelo.be
02-antivirus.yelo.be
111-viruswall.yelo.be
114.viruswall.yelo.be
12-corona.yelo.be
13-distance.yelo.be
17.viruswall.yelo.be
1www.yelo.be
20.yelo.be
2013-corona.yelo.be
52.yelo.be
a.yelo.be
aalborgmaskinudlejning.yelo.be
ac.yelo.be
acp.yelo.be
admin.yelo.be
alumni.dev.yelo.be
antivirus-mail499.na2.yelo.be
antivirus.tracking.yelo.be
antivirus.yelo.be
antivirusadmin.yelo.be
antiviruskfb.yelo.be
baidu.yelo.be
bewww.yelo.be
bip.yelo.be
blackvirus.yelo.be
blog.yelo.be
blogs.yelo.be
bookmarks.yelo.be
checker.yelo.be
class.yelo.be
club.yelo.be
cn.yelo.be
codeigniter-google-maps-v3-api-library-master.yelo.be
com.yelo.be
comune.yelo.be
content.yelo.be
corona-m.yelo.be
corona-pad2.yelo.be
corona-spending.yelo.be
corona-www.yelo.be
corona23.yelo.be
coronaangelica.yelo.be
coronac28.yelo.be
coronaca.yelo.be
coronawww.yelo.be
coronax.yelo.be
corp.yelo.be
covideo-isus.yelo.be
cp.yelo.be
cs.yelo.be
cse.yelo.be
csg.yelo.be
de.yelo.be
demo.yelo.be
dev.yelo.be
digilander.yelo.be
direttore.yelo.be
distance.yelo.be
distancelearn.yelo.be
distancelearnpre.yelo.be
e.yelo.be
ecovidrio.yelo.be
es.yelo.be
fanwoodregister.yelo.be
feeds.yelo.be
ff.yelo.be
forum.yelo.be
forums.yelo.be
fr.yelo.be
games.yelo.be
golden-mask.yelo.be
grc2go.yelo.be
h3.yelo.be
h6.yelo.be
h7.yelo.be
helityponeocovidevdealerwaress.sa.yelo.be
help.yelo.be
hh.yelo.be
home.yelo.be
homepage.yelo.be
homepage2.yelo.be
homepage3.yelo.be
host.yelo.be
host191-174.yelo.be
hostedquarantine-corp.yelo.be
i.yelo.be
i2v-lsfe-002.i04.yelo.be
iimahd.yelo.be
img-corona.yelo.be
img.yelo.be
imgcorona-spending.yelo.be
imgcorona.yelo.be
info.yelo.be
infolab.yelo.be
inst.yelo.be
k2.yelo.be
k3.yelo.be
k4.yelo.be
k5.yelo.be
kk.yelo.be
local.yelo.be
lockdown.yelo.be
m.yelo.be
mail.yelo.be
majorasmask.yelo.be
manager.yelo.be
mascara1.yelo.be
mask.yelo.be
mask10.yelo.be
mask2.yelo.be
mask4.yelo.be
maskatel.yelo.be
maskedfp.yelo.be
maskedsig.yelo.be
maskerade-rwd.yelo.be
maskme.yelo.be
masky.yelo.be
math.yelo.be
maven.yelo.be
mirrorschooplacestilityponeocovidev.yelo.be
moneocovid19.sa.yelo.be
mpk.yelo.be
mudmask.yelo.be
music.yelo.be
myhome.yelo.be
na2.yelo.be
new.yelo.be
news.yelo.be
ng-systems.yelo.be
nn.yelo.be
no.yelo.be
passport.yelo.be
pay.yelo.be
people.yelo.be
postentryquarantine.yelo.be
pp.yelo.be
prod.yelo.be
prof.yelo.be
provincia.yelo.be
publicstaticvoid.yelo.be
qadiscovid19.sa.yelo.be
quarantine-a.yelo.be
quarantine2.yelo.be
regione.yelo.be
respirators.yelo.be
respiratory-care-sleep-medicine.yelo.be
resume.yelo.be
rnavirus.yelo.be
rootsweb.yelo.be
s.yelo.be
sa.yelo.be
scheduledlocationservicetests.yelo.be
sdcw.virus1.yelo.be
search.yelo.be
server1.yelo.be
sitestaginstagilediscovidev.sa.yelo.be
slovari.yelo.be
staging.yelo.be
static.yelo.be
stimulusreporting.yelo.be
support.yelo.be
symposium.yelo.be
telenet.yelo.be
thekittencovers-ns1.yelo.be
thomaskna.yelo.be
torimaskepp.yelo.be
tracking.yelo.be
treatwellationsdevdiscovid19.sa.yelo.be
tribunale.yelo.be
u.yelo.be
um.yelo.be
unauthorized.yelo.be
union.yelo.be
univ.yelo.be
up.yelo.be
user.yelo.be
users.yelo.be
vaccinatie.yelo.be
vaccinations.yelo.be
vaccine-bc-huang.yelo.be
vaccinetstodh.yelo.be
varnish.yelo.be
virus.yelo.be
virus1.yelo.be
viruspolku.yelo.be
viruswall.yelo.be
virusxescape.yelo.be
vpn.yelo.be
w.yelo.be
web.yelo.be
webmail.yelo.be
wireless.yelo.be
ww.w.yelo.be
www-corona.yelo.be
www.antivirus.www-dev.admin.alumni.dev.yelo.be
www.antivirus.www-test.alumni.dev.yelo.be
www.google.bewww.yelo.be
www.yelo.be
www.yelo.bewww.yelo.be
www2u.yelo.be
www5a.yelo.be
www5b.yelo.be
www5c.yelo.be
www5d.yelo.be
www5f.yelo.be
www7a.yelo.be
www7b.yelo.be
x016103.ppp.yelo.be
xovide.yelo.be
xroads.yelo.be
yelo.be
yelo.yelo.be
zwww.antiviruskfb.yelo.be
