access01.yoyogames.com
access02.yoyogames.com
account.yoyogames.com
accounts-cdn.yoyogames.com
accounts-stage-cdn.yoyogames.com
accounts.yoyogames.com
accountsstage-cdn.yoyogames.com
admin-cdn.yoyogames.com
admin-stage-cdn.yoyogames.com
admin.yoyogames.com
adminstage.yoyogames.com
ads.yoyogames.com
api.yoyogames.com
apps.yoyogames.com
appstore.yoyogames.com
appstorestaging.yoyogames.com
armitage.yoyogames.com
asset-bundles.yoyogames.com
assets.yoyogames.com
assetstag.yoyogames.com
assetstag2.yoyogames.com
autodiscover.yoyogames.com
bacon.yoyogames.com
beta-manual-br.yoyogames.com
beta-manual-de.yoyogames.com
beta-manual-en.yoyogames.com
beta-manual-es.yoyogames.com
beta-manual-fr.yoyogames.com
beta-manual-ru.yoyogames.com
beta-manual-zh.yoyogames.com
beta-manual.yoyogames.com
beta.yoyogames.com
blog.yoyogames.com
bootstage.yoyogames.com
bootstrap.yoyogames.com
bug.yoyogames.com
cdn.yoyogames.com
cloud.yoyogames.com
coal.yoyogames.com
competition.yoyogames.com
confluence.yoyogames.com
contests.yoyogames.com
demos.yoyogames.com
devastator.yoyogames.com
docs.yoyogames.com
docs2.yoyogames.com
download.yoyogames.com
ecommerce-cdn.yoyogames.com
edgecastdownload.yoyogames.com
enterpriseenrollment.yoyogames.com
enterpriseregistration.yoyogames.com
exitad.yoyogames.com
experimental.yoyogames.com
fom.yoyogames.com
forum-assets.yoyogames.com
forum-storage.yoyogames.com
forum.yoyogames.com
forums.yoyogames.com
glog.yoyogames.com
gm.yoyogames.com
gm2016.yoyogames.com
gm4mac.yoyogames.com
gm8.yoyogames.com
gmapi.yoyogames.com
gmc.yoyogames.com
gminstall.yoyogames.com
gms-test.yoyogames.com
gms.yoyogames.com
html5.yoyogames.com
identity.yoyogames.com
img.yoyogames.com
inapp.yoyogames.com
kickstart.yoyogames.com
labs.yoyogames.com
legacy.yoyogames.com
licenses.yoyogames.com
lyncdiscover.yoyogames.com
m.yoyogames.com
mail.yoyogames.com
manual-br.yoyogames.com
manual-de.yoyogames.com
manual-en.yoyogames.com
manual-es.yoyogames.com
manual-fr.yoyogames.com
manual-ru.yoyogames.com
manual-zh.yoyogames.com
manual.yoyogames.com
mark.glog.yoyogames.com
marketplace-cdn-stage.yoyogames.com
marketplace-stage-cdn.yoyogames.com
marketplace.yoyogames.com
marketplacecdn.yoyogames.com
moregames.yoyogames.com
msoid.yoyogames.com
mx01.yoyogames.com
nextstep.yoyogames.com
nm.yoyogames.com
ping.yoyogames.com
pingback.yoyogames.com
player.yoyogames.com
playercdn.yoyogames.com
playerstag.yoyogames.com
press.yoyogames.com
sandbox.yoyogames.com
secure.yoyogames.com
services.yoyogames.com
sip.yoyogames.com
staff.yoyogames.com
stage-identity.yoyogames.com
stage-marketplace.yoyogames.com
staging.yoyogames.com
static-marketplace-assets.yoyogames.com
steam-connector.yoyogames.com
steam-kickstart.yoyogames.com
store.yoyogames.com
straylight.yoyogames.com
tech-blog-assets.yoyogames.com
test-marketplace-cdn.yoyogames.com
testgmc.yoyogames.com
update2.yoyogames.com
updatecdn.yoyogames.com
updater.yoyogames.com
updateraws.yoyogames.com
updatercdn.yoyogames.com
vod.yoyogames.com
wagon-wheel.yoyogames.com
wiki.yoyogames.com
wordsearch.yoyogames.com
ww2.yoyogames.com
www-assets.yoyogames.com
www.appstore.yoyogames.com
www.forum.yoyogames.com
www.forums.yoyogames.com
www.gmc.yoyogames.com
www.m.yoyogames.com
www.mark.glog.yoyogames.com
www.sandbox.yoyogames.com
www.yoyogames.com
yourworld.yoyogames.com
yoyo-www.yoyogames.com
yoyogames.com
zendesk1.yoyogames.com
zeus.yoyogames.com
