a.zomans.com
access.zomans.com
acdlite.zomans.com
adhoc-presto.zomans.com
admin-fw.zomans.com
admin.zomans.com
airflow-hpanalytics.zomans.com
airflow.zomans.com
alert-manager.zomans.com
alertmanager.zomans.com
ameyo.zomans.com
amundsen.zomans.com
android-jenkins.zomans.com
api.zomans.com
artifacts.zomans.com
assets.zomans.com
atlantis.zomans.com
aws.zomans.com
build.zomans.com
cafe-fw.zomans.com
cafe-stag-fw.zomans.com
cert-stag.zomans.com
chef-stag-fw.zomans.com
chronos.zomans.com
cloudm.zomans.com
cloudpath.zomans.com
consul.internal.zomans.com
consul.zomans.com
crawler.secretx.zomans.com
cserver.zomans.com
cupcakebeta.zomans.com
d1.zomans.com
dashboards.zomans.com
dbanalytics.zomans.com
dee.zomans.com
dev-metabase-hpanalytics-ext.zomans.com
dev-metabase-hpanalytics.zomans.com
devhpadmin.zomans.com
dkron.zomans.com
doc.zomans.com
dominos-external.zomans.com
dominos.zomans.com
e2z-stag-fw.zomans.com
eaa-client.zomans.com
explore-fw.zomans.com
external-access.zomans.com
external.zomans.com
feedback.zomans.com
feedingindia.zomans.com
fi-admin.zomans.com
fin-stag-fw.zomans.com
finance-fw.zomans.com
fw-stag-fw.zomans.com
grafana-int.zomans.com
grafana-test.zomans.com
grafana.zomans.com
graylog.zomans.com
haproxy.zomans.com
hp-access.zomans.com
hpadmin-ext.zomans.com
hpadmin.zomans.com
hpadminpod-ext.zomans.com
hpadminpod.zomans.com
hpdd.zomans.com
hpwms.zomans.com
hpwmsz.zomans.com
hr.zomans.com
hrms.zomans.com
in1.vpn.zomans.com
in2.vpn.zomans.com
ingest.zomans.com
janus-dev.zomans.com
jenkins.zomans.com
jupyterlab.zomans.com
kibana.zomans.com
knowledgegraph.zomans.com
log.zomans.com
logs-fw.zomans.com
logs-kafka-2.infra.internal.zomans.com
logs-kafka-3.infra.internal.zomans.com
logs-kafka-4.infra.internal.zomans.com
logs-kafka-5.infra.internal.zomans.com
logs.zomans.com
manage.zomans.com
marketo.zomans.com
metabase-hpanalytics-ext.zomans.com
metabase-hpanalytics.zomans.com
mfin.zomans.com
mfinmis.zomans.com
ml.zomans.com
monkey.zomans.com
mraph.zomans.com
observability.zomans.com
ops.zomans.com
order-stag-fw.zomans.com
pg-explore-fw.zomans.com
phab.zomans.com
prodhpadmin-ext.zomans.com
prodhpadmin.zomans.com
prometheus.zomans.com
promo.internal.zomans.com
pwastaging.zomans.com
quicksilver.zomans.com
rancher.zomans.com
rap-access.zomans.com
redash.zomans.com
reporting-presto.zomans.com
rserver.zomans.com
rstudio.zomans.com
sapdev.zomans.com
sapprd.zomans.com
sapqas.zomans.com
secretx.zomans.com
securitywebhook.zomans.com
send.zomans.com
sentry.zomans.com
sentryinternal.zomans.com
sentrytest.zomans.com
sharing.zomans.com
slackbot.zomans.com
sng-dd3.zomans.com
solro2cluster.zomans.com
stag-airflow.zomans.com
staging.zomans.com
stg-kibana.zomans.com
stream.zomans.com
tableau-admin-fw.zomans.com
tableau-fw.zomans.com
tableau.zomans.com
tableauapi.zomans.com
testauth.zomans.com
thanos-int.zomans.com
thanos-prod-int.zomans.com
thanos-prod.zomans.com
thanos.zomans.com
vpn-api.zomans.com
vpn.zomans.com
webhook.zomans.com
weblate.zomans.com
webuikit.zomans.com
wiki.vpn.zomans.com
wiki.zomans.com
ww2.zomans.com
www.ameyo.zomans.com
www.cloudpath.zomans.com
www.cserver.zomans.com
www.rserver.zomans.com
www.zomans.com
yfin.zomans.com
zbuild.zomans.com
zdev.zomans.com
ziger.zomans.com
znetwork.zomans.com
zomans.com
